./esbmc-wrapper.py -p ../sv-benchmarks/c/properties/unreach-call.prp -s kinduction --arch 32 ../sv-benchmarks/c/weaver/chl-nzb-file-subst.wvr.c


--------------------------------------------------------------------------------


Found pthread benchmark!
Verifying with ESBMC
Command: ./esbmc --no-div-by-zero-check --force-malloc-success --state-hashing --add-symex-value-sets --no-align-check --k-step 5 --floatbv --unlimited-k-steps ../sv-benchmarks/c/weaver/chl-nzb-file-subst.wvr.c --32  --no-por --context-bound 2 --no-goto-merge --witness-output chl-nzb-file-subst.wvr.c.graphml --no-pointer-check --no-bounds-check --goto-unwind --unlimited-goto-unwind --incremental-bmc 
ESBMC version 6.8.0 64-bit x86_64 linux
Target: 32-bit little-endian x86_64-unknown-linux with esbmc libc
file ../sv-benchmarks/c/weaver/chl-nzb-file-subst.wvr.c: Parsing
Converting
Generating GOTO Program
GOTO program creation time: 0.160s
GOTO program processing time: 0.001s
*** Checking base case, k = 1
Starting Bounded Model Checking
Not unwinding 
Symex completed in: 0.002s (70 assignments)
Slicing time: 0.000s (removed 68 assignments)
Generated 0 VCC(s), 0 remaining after simplification (2 assignments)
BMC program time: 0.002s
No bug has been found in the base case
*** Checking forward condition, k = 1
Starting Bounded Model Checking
Not unwinding 
Symex completed in: 0.002s (70 assignments)
Slicing time: 0.000s (removed 68 assignments)
Generated 1 VCC(s), 1 remaining after simplification (2 assignments)
No solver specified; defaulting to Boolector
Encoding remaining VCC(s) using bit-vector/floating-point arithmetic
Encoding to solver time: 0.000s
Solving with solver Boolector 3.2.2
Encoding to solver time: 0.000s
Runtime decision procedure: 0.000s
The forward condition is unable to prove the property
*** Checking base case, k = 6
Starting Bounded Model Checking
Unwinding loop 4  iteration  1   file chl-nzb-file-subst.wvr.c line 174 function create_fresh_bool_array
Unwinding loop 4  iteration  2   file chl-nzb-file-subst.wvr.c line 174 function create_fresh_bool_array
Unwinding loop 4  iteration  3   file chl-nzb-file-subst.wvr.c line 174 function create_fresh_bool_array
Unwinding loop 4  iteration  4   file chl-nzb-file-subst.wvr.c line 174 function create_fresh_bool_array
Unwinding loop 4  iteration  5   file chl-nzb-file-subst.wvr.c line 174 function create_fresh_bool_array
Unwinding loop 4  iteration  1   file chl-nzb-file-subst.wvr.c line 174 function create_fresh_bool_array
Unwinding loop 4  iteration  2   file chl-nzb-file-subst.wvr.c line 174 function create_fresh_bool_array
Unwinding loop 4  iteration  3   file chl-nzb-file-subst.wvr.c line 174 function create_fresh_bool_array
Unwinding loop 4  iteration  4   file chl-nzb-file-subst.wvr.c line 174 function create_fresh_bool_array
Unwinding loop 4  iteration  5   file chl-nzb-file-subst.wvr.c line 174 function create_fresh_bool_array
Unwinding loop 4  iteration  1   file chl-nzb-file-subst.wvr.c line 174 function create_fresh_bool_array
Unwinding loop 4  iteration  2   file chl-nzb-file-subst.wvr.c line 174 function create_fresh_bool_array
Unwinding loop 4  iteration  3   file chl-nzb-file-subst.wvr.c line 174 function create_fresh_bool_array
Unwinding loop 4  iteration  4   file chl-nzb-file-subst.wvr.c line 174 function create_fresh_bool_array
Unwinding loop 4  iteration  5   file chl-nzb-file-subst.wvr.c line 174 function create_fresh_bool_array
Unwinding loop 1  iteration  1   file chl-nzb-file-subst.wvr.c line 54 function thread1
Unwinding loop 1  iteration  2   file chl-nzb-file-subst.wvr.c line 54 function thread1
Unwinding loop 1  iteration  3   file chl-nzb-file-subst.wvr.c line 54 function thread1
Unwinding loop 1  iteration  4   file chl-nzb-file-subst.wvr.c line 54 function thread1
Unwinding loop 1  iteration  5   file chl-nzb-file-subst.wvr.c line 54 function thread1
Unwinding loop 2  iteration  1   file chl-nzb-file-subst.wvr.c line 81 function thread2
Unwinding loop 2  iteration  2   file chl-nzb-file-subst.wvr.c line 81 function thread2
Unwinding loop 2  iteration  3   file chl-nzb-file-subst.wvr.c line 81 function thread2
Unwinding loop 2  iteration  4   file chl-nzb-file-subst.wvr.c line 81 function thread2
Unwinding loop 2  iteration  5   file chl-nzb-file-subst.wvr.c line 81 function thread2
Unwinding loop 3  iteration  1   file chl-nzb-file-subst.wvr.c line 108 function thread3
Unwinding loop 3  iteration  2   file chl-nzb-file-subst.wvr.c line 108 function thread3
Unwinding loop 3  iteration  3   file chl-nzb-file-subst.wvr.c line 108 function thread3
Unwinding loop 3  iteration  4   file chl-nzb-file-subst.wvr.c line 108 function thread3
Unwinding loop 3  iteration  5   file chl-nzb-file-subst.wvr.c line 108 function thread3
Symex completed in: 0.248s (644 assignments)
Slicing time: 0.004s (removed 318 assignments)
Generated 1 VCC(s), 1 remaining after simplification (326 assignments)
No solver specified; defaulting to Boolector
Encoding remaining VCC(s) using bit-vector/floating-point arithmetic
Encoding to solver time: 0.006s
Solving with solver Boolector 3.2.2
Encoding to solver time: 0.006s
Runtime decision procedure: 0.005s
BMC program time: 0.263s
*** Thread interleavings 2 ***
Unwinding loop 3  iteration  1   file chl-nzb-file-subst.wvr.c line 108 function thread3
Unwinding loop 3  iteration  2   file chl-nzb-file-subst.wvr.c line 108 function thread3
Unwinding loop 3  iteration  3   file chl-nzb-file-subst.wvr.c line 108 function thread3
Unwinding loop 3  iteration  4   file chl-nzb-file-subst.wvr.c line 108 function thread3
Unwinding loop 3  iteration  5   file chl-nzb-file-subst.wvr.c line 108 function thread3
Unwinding loop 2  iteration  1   file chl-nzb-file-subst.wvr.c line 81 function thread2
Unwinding loop 2  iteration  2   file chl-nzb-file-subst.wvr.c line 81 function thread2
Unwinding loop 2  iteration  3   file chl-nzb-file-subst.wvr.c line 81 function thread2
Unwinding loop 2  iteration  4   file chl-nzb-file-subst.wvr.c line 81 function thread2
Unwinding loop 2  iteration  5   file chl-nzb-file-subst.wvr.c line 81 function thread2
Symex completed in: 0.109s (643 assignments)
Slicing time: 0.003s (removed 318 assignments)
Generated 0 VCC(s), 0 remaining after simplification (325 assignments)
BMC program time: 0.113s
*** Thread interleavings 3 ***
Unwinding loop 2  iteration  1   file chl-nzb-file-subst.wvr.c line 81 function thread2
Unwinding loop 2  iteration  2   file chl-nzb-file-subst.wvr.c line 81 function thread2
Unwinding loop 2  iteration  3   file chl-nzb-file-subst.wvr.c line 81 function thread2
Unwinding loop 2  iteration  4   file chl-nzb-file-subst.wvr.c line 81 function thread2
Unwinding loop 2  iteration  5   file chl-nzb-file-subst.wvr.c line 81 function thread2
Unwinding loop 3  iteration  1   file chl-nzb-file-subst.wvr.c line 108 function thread3
Unwinding loop 3  iteration  2   file chl-nzb-file-subst.wvr.c line 108 function thread3
Unwinding loop 3  iteration  3   file chl-nzb-file-subst.wvr.c line 108 function thread3
Unwinding loop 3  iteration  4   file chl-nzb-file-subst.wvr.c line 108 function thread3
Unwinding loop 3  iteration  5   file chl-nzb-file-subst.wvr.c line 108 function thread3
Symex completed in: 0.115s (643 assignments)
Slicing time: 0.003s (removed 318 assignments)
Generated 0 VCC(s), 0 remaining after simplification (325 assignments)
BMC program time: 0.119s
*** Thread interleavings 4 ***
Unwinding loop 3  iteration  1   file chl-nzb-file-subst.wvr.c line 108 function thread3
Unwinding loop 3  iteration  2   file chl-nzb-file-subst.wvr.c line 108 function thread3
Unwinding loop 3  iteration  3   file chl-nzb-file-subst.wvr.c line 108 function thread3
Unwinding loop 3  iteration  4   file chl-nzb-file-subst.wvr.c line 108 function thread3
Unwinding loop 3  iteration  5   file chl-nzb-file-subst.wvr.c line 108 function thread3
Symex completed in: 0.058s (643 assignments)
Slicing time: 0.003s (removed 318 assignments)
Generated 0 VCC(s), 0 remaining after simplification (325 assignments)
BMC program time: 0.062s
*** Thread interleavings 5 ***
Unwinding loop 3  iteration  1   file chl-nzb-file-subst.wvr.c line 108 function thread3
Unwinding loop 3  iteration  2   file chl-nzb-file-subst.wvr.c line 108 function thread3
Unwinding loop 3  iteration  3   file chl-nzb-file-subst.wvr.c line 108 function thread3
Unwinding loop 3  iteration  4   file chl-nzb-file-subst.wvr.c line 108 function thread3
Unwinding loop 3  iteration  5   file chl-nzb-file-subst.wvr.c line 108 function thread3
Unwinding loop 2  iteration  1   file chl-nzb-file-subst.wvr.c line 81 function thread2
Unwinding loop 2  iteration  2   file chl-nzb-file-subst.wvr.c line 81 function thread2
Unwinding loop 2  iteration  3   file chl-nzb-file-subst.wvr.c line 81 function thread2
Unwinding loop 2  iteration  4   file chl-nzb-file-subst
There are goto statements that shouldn't be merged at this point

Unknown
