./esbmc-wrapper.py -p ../sv-benchmarks/c/properties/unreach-call.prp -s kinduction --arch 32 ../sv-benchmarks/c/seq-pthread/cs_read_write_lock-1.i


--------------------------------------------------------------------------------


Found pthread benchmark!
Verifying with ESBMC
Command: ./esbmc --no-div-by-zero-check --force-malloc-success --state-hashing --add-symex-value-sets --no-align-check --k-step 5 --floatbv --unlimited-k-steps ../sv-benchmarks/c/seq-pthread/cs_read_write_lock-1.i --32  --no-por --context-bound 2 --no-goto-merge --witness-output cs_read_write_lock-1.i.graphml --no-pointer-check --no-bounds-check --goto-unwind --unlimited-goto-unwind --incremental-bmc 
ESBMC version 6.8.0 64-bit x86_64 linux
Target: 32-bit little-endian x86_64-unknown-linux with esbmc libc
file ../sv-benchmarks/c/seq-pthread/cs_read_write_lock-1.i: Parsing
Converting
Generating GOTO Program
GOTO program creation time: 0.207s
GOTO program processing time: 0.002s
*** Checking base case, k = 1
Starting Bounded Model Checking
Symex completed in: 0.502s (2711 assignments)
Slicing time: 0.036s (removed 510 assignments)
Generated 1 VCC(s), 1 remaining after simplification (2201 assignments)
No solver specified; defaulting to Boolector
Encoding remaining VCC(s) using bit-vector/floating-point arithmetic
Encoding to solver time: 0.175s
Solving with solver Boolector 3.2.2
Encoding to solver time: 0.175s
Runtime decision procedure: 6.550s
BMC program time: 7.264s
No bug has been found in the base case
*** Checking forward condition, k = 1
Starting Bounded Model Checking
Symex completed in: 0.557s (2710 assignments)
Slicing time: 0.036s (removed 510 assignments)
Generated 0 VCC(s), 0 remaining after simplification (2200 assignments)
BMC program time: 0.593s
Building successful trace

VERIFICATION SUCCESSFUL

Solution found by the forward condition; all states are reachable (k = 1

../sv-benchmarks/c/seq-pthread/cs_read_write_lock-1.i:716:1: warning: non-void function does not return a value in all control paths [-Wreturn-type]
}
^
../sv-benchmarks/c/seq-pthread/cs_read_write_lock-1.i:741:1: warning: non-void function does not return a value in all control paths [-Wreturn-type]
}
^
../sv-benchmarks/c/seq-pthread/cs_read_write_lock-1.i:765:2: warning: non-void function does not return a value in all control paths [-Wreturn-type]
 }
 ^

TRUE
