./esbmc-wrapper.py -p ../sv-benchmarks/c/properties/unreach-call.prp -s kinduction --arch 32 ../sv-benchmarks/c/product-lines/elevator_spec14_product23.cil.c


--------------------------------------------------------------------------------


Verifying with ESBMC
Command: ./esbmc --no-div-by-zero-check --force-malloc-success --state-hashing --add-symex-value-sets --no-align-check --k-step 5 --floatbv --unlimited-k-steps ../sv-benchmarks/c/product-lines/elevator_spec14_product23.cil.c --32 --witness-output elevator_spec14_product23.cil.c.graphml --no-pointer-check --no-bounds-check --interval-analysis --goto-unwind --unlimited-goto-unwind --k-induction --max-inductive-step 3 
ESBMC version 6.8.0 64-bit x86_64 linux
Target: 32-bit little-endian x86_64-unknown-linux with esbmc libc
file ../sv-benchmarks/c/product-lines/elevator_spec14_product23.cil.c: Parsing
Converting
Generating GOTO Program
GOTO program creation time: 0.190s
GOTO program processing time: 0.418s
*** Checking base case, k = 1
Starting Bounded Model Checking
Not unwinding 
Symex completed in: 0.070s (905 assignments)
Slicing time: 0.000s (removed 903 assignments)
Generated 0 VCC(s), 0 remaining after simplification (2 assignments)
BMC program time: 0.070s
No bug has been found in the base case
*** Checking forward condition, k = 1
Starting Bounded Model Checking
Not unwinding 
Symex completed in: 0.070s (905 assignments)
Slicing time: 0.001s (removed 903 assignments)
Generated 1 VCC(s), 1 remaining after simplification (2 assignments)
No solver specified; defaulting to Boolector
Encoding remaining VCC(s) using bit-vector/floating-point arithmetic
Encoding to solver time: 0.000s
Solving with solver Boolector 3.2.2
Encoding to solver time: 0.000s
Runtime decision procedure: 0.001s
The forward condition is unable to prove the property
*** Checking base case, k = 6
Starting Bounded Model Checking
Unwinding loop 1  iteration  1   file elevator_spec14_product23.cil.c line 198 function cleanup
Unwinding loop 1  iteration  2   file elevator_spec14_product23.cil.c line 198 function cleanup
Unwinding loop 1  iteration  3   file elevator_spec14_product23.cil.c line 198 function cleanup
Unwinding loop 1  iteration  4   file elevator_spec14_product23.cil.c line 198 function cleanup
Unwinding loop 1  iteration  5   file elevator_spec14_product23.cil.c line 198 function cleanup
Not unwinding 
Symex completed in: 0.133s (1783 assignments)
Slicing time: 0.001s (removed 1781 assignments)
Generated 0 VCC(s), 0 remaining after simplification (2 assignments)
BMC program time: 0.134s
No bug has been found in the base case
*** Checking forward condition, k = 6
Starting Bounded Model Checking
Unwinding loop 1  iteration  1   file elevator_spec14_product23.cil.c line 198 function cleanup
Unwinding loop 1  iteration  2   file elevator_spec14_product23.cil.c line 198 function cleanup
Unwinding loop 1  iteration  3   file elevator_spec14_product23.cil.c line 198 function cleanup
Unwinding loop 1  iteration  4   file elevator_spec14_product23.cil.c line 198 function cleanup
Unwinding loop 1  iteration  5   file elevator_spec14_product23.cil.c line 198 function cleanup
Not unwinding 
Symex completed in: 0.133s (1783 assignments)
Slicing time: 0.001s (removed 1781 assignments)
Generated 1 VCC(s), 1 remaining after simplification (2 assignments)
No solver specified; defaulting to Boolector
Encoding remaining VCC(s) using bit-vector/floating-point arithmetic
Encoding to solver time: 0.000s
Solving with solver Boolector 3.2.2
Encoding to solver time: 0.000s
Runtime decision procedure: 0.000s
The forward condition is unable to prove the property
*** Checking base case, k = 11
Starting Bounded Model Checking
Unwinding loop 1  iteration  1   file elevator_spec14_product23.cil.c line 198 function cleanup
Unwinding loop 1  iteration  2   file elevator_spec14_product23.cil.c line 198 function cleanup
Unwinding loop 1  iteration  3   file elevator_spec14_product23.cil.c line 198 function cleanup
Unwinding loop 1  iteration  4   file elevator_spec14_product23.cil.c line 198 function cleanup
Unwinding loop 1  iteration  5   file elevator_spec14_product23.cil.c line 198 function cleanup
Unwinding loop 1  iteration  6   file elevator_spec14_product23.cil.c line 198 function cleanup
Unwinding loop 1  iteration  7   file elevator_spec14_product23.cil.c line 198 function cleanup
Unwinding loop 1  iteration  8   file elevator_spec14_product23.cil.c line 198 function cleanup
Unwinding loop 1  iteration  9   file elevator_spec14_product23.cil.c line 198 function cleanup
Unwinding loop 1  iteration  10   file elevator_spec14_product23.cil.c line 198 function cleanup
Not unwinding 
Symex completed in: 0.198s (2645 assignments)
Slicing time: 0.003s (removed 2643 assignments)
Generated 0 VCC(s), 0 remaining after simplification (2 assignments)
BMC program time: 0.201s
No bug has been found in the base case
*** Checking forward condition, k = 11
Starting Bounded Model Checking
Unwinding loop 1  iteration  1   file elevator_spec14_product23.cil.c line 198 function cleanup
Unwinding loop 1  iteration  2   file elevator_spec14_product23.cil.c line 198 function cleanup
Unwinding loop 1  iteration  3   file elevator_spec14_product23.cil.c line 198 function cleanup
Unwinding loop 1  iteration  4   file elevator_spec14_product23.cil.c line 198 function cleanup
Unwinding loop 1  iteration  5   file elevator_spec14_product23.cil.c line 198 function cleanup
Unwinding loop 1  iteration  6   file elevator_spec14_product23.cil.c line 198 function cleanup
Unwinding loop 1  iteration  7   file elevator_spec14_product23.cil.c line 198 function cleanup
Unwinding loop 1  iteration  8   file elevator_spec14_product23.cil.c line 198 function cleanup
Unwinding loop 1  iteration  9   file elevator_spec14_product23.cil.c line 198 function cleanup
Unwinding loop 1  iteration  10   file elevator_spec14_product23.cil.c line 198 function cleanup
Not unwinding 
Symex completed in: 0.204s (2645 assignments)
Slicing time: 0.002s (removed 2643 assignments)
Generated 1 VCC(s), 1 remaining after simplification (2 assignments)
No solver specified; defaulting to Boolector
Encoding remaining VCC(s) using bit-vector/floating-point arithmetic
Encoding to solver time: 0.001s
Solving with solver Boolector 3.2.2
Encoding to solver time: 0.001s
Runtime decision procedure: 0.000s
The forward condition is unable to prove the property
*** Checking base case, k = 16
Starting Bounded Model Checking
Unwinding loop 1  iteration  1   file elevator_spec14_product23.cil.c line 198 function cleanup
Unwinding loop 1  iteration  2   file elevator_spec14_product23.cil.c line 198 function cleanup
Unwinding loop 1  iteration  3   file elevator_spec14_product23.cil.c line 198 function cleanup
Unwinding loop 1  iteration  4   file elevator_spec14_product23.cil.c line 198 function cleanup
Unwinding loop 1  iteration  5   file elevator_spec14_product23.cil.c line 198 function cleanup
Unwinding loop 1  iteration  6   file elevator_spec14_product23.cil.c line 198 function cleanup
Unwinding loop 1  iteration  7   file elevator_spec14_product23.cil.c line 198 function cleanup
Unwinding loop 1  iteration  8   file elevator_spec14_product23.cil.c line 198 function cleanup
Unwinding loop 1  iteration  9   file elevator_spec14_product23.cil.c line 198 function cleanup
Unwinding loop 1  iteration  10   file elevator_spec14_product23.cil.c line 198 function cleanup
Unwinding loop 1  iteration  11   file elevator_spec14_product23.cil.c line 198 function cleanup
Symex completed in: 0.213s (2646 assignments)
Slicing time: 0.002s (removed 2645 assignments)
Generated 0 VCC(s), 0 remaining after simplification (1 assignments)
BMC program time: 0.215s
No bug has been found in the base case
*** Checking forward condition, k = 16
Starting Bounded Model Checking
Unwinding loop 1  iteration  1   file elevator_spec14_product23.cil.c line 198 function cleanup
Unwinding loop 1  iteration  2   file elevator_spec14_product23.cil.c line 198 function cleanup
Unwinding loop 1  iteration  3   file elevator_spec14_product23.cil.c line 198 function cleanup
Unwinding loop 1  iteration  4   file elevator_spec14_product23.cil.c line 198 function cleanup
Unwinding loop 1  iteration  5   file elevator_spec14_product23.cil.c line 198 function cleanup
Unwinding loop 1  iteration  6   file elevator_spec14_product23.cil.c line 198 function cleanup
Unwinding loop 1  iteration  7   file elevator_spec14_product23.cil.c line 198 function cleanup
Unwinding loop 1  iteration  8   file elevator_spec14_product23.cil.c line 198 function cleanup
Unwinding loop 1  iteration  9   file elevator_spec14_product23.cil.c line 198 function cleanup
Unwinding loop 1  iteration  10   file elevator_spec14_product23.cil.c line 198 function cleanup
Unwinding loop 1  iteration  11   file elevator_spec14_product23.cil.c line 198 function cleanup
Symex completed in: 0.206s (2646 assignments)
Slicing time: 0.002s (removed 2645 assignments)
Generated 0 VCC(s), 0 remaining after simplification (1 assignments)
BMC program time: 0.208s
Building successful trace

VERIFICATION SUCCESSFUL

Solution found by the forward condition; all states are reachable (k = 16

../sv-benchmarks/c/product-lines/elevator_spec14_product23.cil.c:2858:10: warning: format string is not a string literal (potentially insecure) [-Wformat-security]
  printf(__cil_tmp6);
         ^~~~~~~~~~
../sv-benchmarks/c/product-lines/elevator_spec14_product23.cil.c:2858:10: note: treat the string as an argument to avoid this
  printf(__cil_tmp6);
         ^
         "%s", 
../sv-benchmarks/c/product-lines/elevator_spec14_product23.cil.c:2863:12: warning: format string is not a string literal (potentially insecure) [-Wformat-security]
    printf(__cil_tmp7);
           ^~~~~~~~~~
../sv-benchmarks/c/product-lines/elevator_spec14_product23.cil.c:2863:12: note: treat the string as an argument to avoid this
    printf(__cil_tmp7);
           ^
           "%s", 
../sv-benchmarks/c/product-lines/elevator_spec14_product23.cil.c:2868:12: warning: format string is not a string literal (potentially insecure) [-Wformat-security]
    printf(__cil_tmp8);
           ^~~~~~~~~~
../sv-benchmarks/c/product-lines/elevator_spec14_product23.cil.c:2868:12: note: treat the string as an argument to avoid this
    printf(__cil_tmp8);
           ^
           "%s", 
../sv-benchmarks/c/product-lines/elevator_spec14_product23.cil.c:2873:10: warning: format string is not a string literal (potentially insecure) [-Wformat-security]
  printf(__cil_tmp9);
         ^~~~~~~~~~
../sv-benchmarks/c/product-lines/elevator_spec14_product23.cil.c:2873:10: note: treat the string as an argument to avoid this
  printf(__cil_tmp9);
         ^
         "%s", 
../sv-benchmarks/c/product-lines/elevator_spec14_product23.cil.c:2877:10: warning: format string is not a string literal (potentially insecure) [-Wformat-security]
  printf(__cil_tmp11);
         ^~~~~~~~~~~
../sv-benchmarks/c/product-lines/elevator_spec14_product23.cil.c:2877:10: note: treat the string as an argument to avoid this
  printf(__cil_tmp11);
         ^
         "%s", 
../sv-benchmarks/c/product-lines/elevator_spec14_product23.cil.c:2882:12: warning: format string is not a string literal (potentially insecure) [-Wformat-security]
    printf(__cil_tmp12);
           ^~~~~~~~~~~
../sv-benchmarks/c/product-lines/elevator_spec14_product23.cil.c:2882:12: note: treat the string as an argument to avoid this
    printf(__cil_tmp12);
           ^
           "%s", 
../sv-benchmarks/c/product-lines/elevator_spec14_product23.cil.c:2887:12: warning: format string is not a string literal (potentially insecure) [-Wformat-security]
    printf(__cil_tmp13);
           ^~~~~~~~~~~
../sv-benchmarks/c/product-lines/elevator_spec14_product23.cil.c:2887:12: note: treat the string as an argument to avoid this
    printf(__cil_tmp13);
           ^
           "%s", 
../sv-benchmarks/c/product-lines/elevator_spec14_product23.cil.c:2892:10: warning: format string is not a string literal (potentially insecure) [-Wformat-security]
  printf(__cil_tmp14);
         ^~~~~~~~~~~
../sv-benchmarks/c/product-lines/elevator_spec14_product23.cil.c:2892:10: note: treat the string as an argument to avoid this
  printf(__cil_tmp14);
         ^
         "%s", 
../sv-benchmarks/c/product-lines/elevator_spec14_product23.cil.c:2936:10: warning: format string is not a string literal (potentially insecure) [-Wformat-security]
  printf(__cil_tmp20);
         ^~~~~~~~~~~
../sv-benchmarks/c/product-lines/elevator_spec14_product23.cil.c:2936:10: note: treat the string as an argument to avoid this
  printf(__cil_tmp20);
         ^
         "%s", 
../sv-benchmarks/c/product-lines/elevator_spec14_product23.cil.c:2993:10: warning: format string is not a string literal (potentially insecure) [-Wformat-security]
  printf(__cil_tmp26);
         ^~~~~~~~~~~
../sv-benchmarks/c/product-lines/elevator_spec14_product23.cil.c:2993:10: note: treat the string as an argument to avoid this
  printf(__cil_tmp26);
         ^
         "%s", 

TRUE
