./esbmc-wrapper.py -p ../sv-benchmarks/c/properties/unreach-call.prp -s kinduction --arch 32 ../sv-benchmarks/c/combinations/pals_lcr.5.ufo.BOUNDED-10.pals+Problem12_label07.c


--------------------------------------------------------------------------------


Verifying with ESBMC
Command: ./esbmc --no-div-by-zero-check --force-malloc-success --state-hashing --add-symex-value-sets --no-align-check --k-step 5 --floatbv --unlimited-k-steps ../sv-benchmarks/c/combinations/pals_lcr.5.ufo.BOUNDED-10.pals+Problem12_label07.c --32 --witness-output pals_lcr.5.ufo.BOUNDED-10.pals+Problem12_label07.c.graphml --no-pointer-check --no-bounds-check --interval-analysis --goto-unwind --unlimited-goto-unwind --k-induction --max-inductive-step 3 
ESBMC version 6.8.0 64-bit x86_64 linux
Target: 32-bit little-endian x86_64-unknown-linux with esbmc libc
file ../sv-benchmarks/c/combinations/pals_lcr.5.ufo.BOUNDED-10.pals+Problem12_label07.c: Parsing
Converting
Generating GOTO Program
GOTO program creation time: 0.773s
GOTO program processing time: 0.297s
*** Checking base case, k = 1
Starting Bounded Model Checking
Not unwinding 
Symex completed in: 0.172s (3346 assignments)
Slicing time: 0.005s (removed 2293 assignments)
Generated 10 VCC(s), 10 remaining after simplification (1053 assignments)
No solver specified; defaulting to Boolector
Encoding remaining VCC(s) using bit-vector/floating-point arithmetic
Encoding to solver time: 0.015s
Solving with solver Boolector 3.2.2
Encoding to solver time: 0.015s
Runtime decision procedure: 1.969s
BMC program time: 2.178s
No bug has been found in the base case
*** Checking forward condition, k = 1
Starting Bounded Model Checking
Not unwinding 
Symex completed in: 0.198s (3336 assignments)
Slicing time: 0.006s (removed 2293 assignments)
Generated 1 VCC(s), 1 remaining after simplification (1043 assignments)
No solver specified; defaulting to Boolector
Encoding remaining VCC(s) using bit-vector/floating-point arithmetic
Encoding to solver time: 0.018s
Solving with solver Boolector 3.2.2
Encoding to solver time: 0.018s
Runtime decision procedure: 0.037s
The forward condition is unable to prove the property
*** Checking base case, k = 6
Starting Bounded Model Checking
Unwinding loop 2  iteration  1   file pals_lcr.5.ufo.BOUNDED-10.pals+Problem12_label07.c line 5259 function main2
Unwinding loop 2  iteration  2   file pals_lcr.5.ufo.BOUNDED-10.pals+Problem12_label07.c line 5259 function main2
Unwinding loop 2  iteration  3   file pals_lcr.5.ufo.BOUNDED-10.pals+Problem12_label07.c line 5259 function main2
Unwinding loop 2  iteration  4   file pals_lcr.5.ufo.BOUNDED-10.pals+Problem12_label07.c line 5259 function main2
Unwinding loop 2  iteration  5   file pals_lcr.5.ufo.BOUNDED-10.pals+Problem12_label07.c line 5259 function main2
Not unwinding 
Symex completed in: 3.171s (54880 assignments)
Slicing time: 1.179s (removed 27335 assignments)
Generated 15 VCC(s), 15 remaining after simplification (27545 assignments)
No solver specified; defaulting to Boolector
Encoding remaining VCC(s) using bit-vector/floating-point arithmetic
Encoding to solver time: 0.663s
Solving with solver Boolector 3.2.2
Encoding to solver time: 0.663s
Runtime decision procedure: 32.121s
Building error trace

Counterexample:

State 1 file pals_lcr.5.ufo.BOUNDED-10.pals+Problem12_label07.c line 5263 function main2 thread 0
----------------------------------------------------
  input = 3 (00000000 00000000 00000000 00000011)

State 2 file pals_lcr.5.ufo.BOUNDED-10.pals+Problem12_label07.c line 5263 function main2 thread 0
----------------------------------------------------
  input = 4 (00000000 00000000 00000000 00000100)

State 3 file pals_lcr.5.ufo.BOUNDED-10.pals+Problem12_label07.c line 3035 function calculate_output2 thread 0
----------------------------------------------------
  a17 = 173 (00000000 00000000 00000000 10101101)

State 4 file pals_lcr.5.ufo.BOUNDED-10.pals+Problem12_label07.c line 5263 function main2 thread 0
----------------------------------------------------
  input = 1 (00000000 00000000 00000000 00000001)

State 5 file pals_lcr.5.ufo.BOUNDED-10.pals+Problem12_label07.c line 4236 function calculate_output3 thread 0
----------------------------------------------------
  a2 = 257 (00000000 00000000 00000001 00000001)

State 6 file pals_lcr.5.ufo.BOUNDED-10.pals+Problem12_label07.c line 4237 function calculate_output3 thread 0
----------------------------------------------------
  a17 = -15 (11111111 11111111 11111111 11110001)

State 7 file pals_lcr.5.ufo.BOUNDED-10.pals+Problem12_label07.c line 5263 function main2 thread 0
----------------------------------------------------
  input = 6 (00000000 00000000 00000000 00000110)

State 8 file pals_lcr.5.ufo.BOUNDED-10.pals+Problem12_label07.c line 3579 function calculate_output2 thread 0
----------------------------------------------------
  a17 = 41 (00000000 00000000 00000000 00101001)

State 9 file pals_lcr.5.ufo.BOUNDED-10.pals+Problem12_label07.c line 5263 function main2 thread 0
----------------------------------------------------
  input = 2 (00000000 00000000 00000000 00000010)

State 10 file pals_lcr.5.ufo.BOUNDED-10.pals+Problem12_label07.c line 3649 function calculate_output3 thread 0
----------------------------------------------------
  a2 = -560968 (11111111 11110111 01110000 10111000)

State 11 file pals_lcr.5.ufo.BOUNDED-10.pals+Problem12_label07.c line 3650 function calculate_output3 thread 0
----------------------------------------------------
  a17 = 133 (00000000 00000000 00000000 10000101)

State 12 file pals_lcr.5.ufo.BOUNDED-10.pals+Problem12_label07.c line 5263 function main2 thread 0
----------------------------------------------------
  input = 4 (00000000 00000000 00000000 00000100)

State 13 file pals_lcr.5.ufo.BOUNDED-10.pals+Problem12_label07.c line 20 function reach_error thread 0
----------------------------------------------------
Violated property:
  file pals_lcr.5.ufo.BOUNDED-10.pals+Problem12_label07.c line 20 function reach_error
  assertion 0
  0


VERIFICATION FAILED

Bug found (k = 6)


FALSE_REACH
