./esbmc-wrapper.py -p ../sv-benchmarks/c/properties/unreach-call.prp -s kinduction --arch 32 ../sv-benchmarks/c/weaver/parallel-bakery-2.wvr.c


--------------------------------------------------------------------------------


Found pthread benchmark!
Verifying with ESBMC
Command: ./esbmc --no-div-by-zero-check --force-malloc-success --state-hashing --add-symex-value-sets --no-align-check --k-step 5 --floatbv --unlimited-k-steps ../sv-benchmarks/c/weaver/parallel-bakery-2.wvr.c --32  --no-por --context-bound 2 --no-goto-merge --witness-output parallel-bakery-2.wvr.c.graphml --no-pointer-check --no-bounds-check --goto-unwind --unlimited-goto-unwind --incremental-bmc 
ESBMC version 6.8.0 64-bit x86_64 linux
Target: 32-bit little-endian x86_64-unknown-linux with esbmc libc
file ../sv-benchmarks/c/weaver/parallel-bakery-2.wvr.c: Parsing
Converting
Generating GOTO Program
GOTO program creation time: 0.153s
GOTO program processing time: 0.001s
*** Checking base case, k = 1
Starting Bounded Model Checking
Symex completed in: 0.013s (144 assignments)
Slicing time: 0.000s (removed 94 assignments)
Generated 1 VCC(s), 1 remaining after simplification (50 assignments)
No solver specified; defaulting to Boolector
Encoding remaining VCC(s) using bit-vector/floating-point arithmetic
Encoding to solver time: 0.001s
Solving with solver Boolector 3.2.2
Encoding to solver time: 0.001s
Runtime decision procedure: 0.000s
BMC program time: 0.015s
*** Thread interleavings 2 ***
Symex completed in: 0.002s (143 assignments)
Slicing time: 0.000s (removed 94 assignments)
Generated 0 VCC(s), 0 remaining after simplification (49 assignments)
BMC program time: 0.002s
*** Thread interleavings 3 ***
Symex completed in: 0.003s (144 assignments)
Slicing time: 0.000s (removed 91 assignments)
Generated 0 VCC(s), 0 remaining after simplification (53 assignments)
BMC program time: 0.003s
*** Thread interleavings 4 ***
Symex completed in: 0.002s (143 assignments)
Slicing time: 0.000s (removed 91 assignments)
Generated 0 VCC(s), 0 remaining after simplification (52 assignments)
BMC program time: 0.002s
*** Thread interleavings 5 ***
Symex completed in: 0.003s (142 assignments)
Slicing time: 0.000s (removed 91 assignments)
Generated 0 VCC(s), 0 remaining after simplification (51 assignments)
BMC program time: 0.003s
*** Thread interleavings 6 ***
Symex completed in: 0.002s (141 assignments)
Slicing time: 0.001s (removed 91 assignments)
Generated 0 VCC(s), 0 remaining after simplification (50 assignments)
BMC program time: 0.003s
*** Thread interleavings 7 ***
Symex completed in: 0.003s (140 assignments)
Slicing time: 0.000s (removed 91 assignments)
Generated 0 VCC(s), 0 remaining after simplification (49 assignments)
BMC program time: 0.003s
*** Thread interleavings 8 ***
Symex completed in: 0.002s (137 assignments)
Slicing time: 0.000s (removed 92 assignments)
Generated 0 VCC(s), 0 remaining after simplification (45 assignments)
BMC program time: 0.003s
*** Thread interleavings 9 ***
Symex completed in: 0.003s (136 assignments)
Slicing time: 0.000s (removed 92 assignments)
Generated 0 VCC(s), 0 remaining after simplification (44 assignments)
BMC program time: 0.003s
*** Thread interleavings 10 ***
Symex completed in: 0.003s (133 assignments)
Slicing time: 0.000s (removed 93 assignments)
Generated 0 VCC(s), 0 remaining after simplification (40 assignments)
BMC program time: 0.003s
*** Thread interleavings 11 ***
Symex completed in: 0.002s (124 assignments)
Slicing time: 0.000s (removed 84 assignments)
Generated 0 VCC(s), 0 remaining after simplification (40 assignments)
BMC program time: 0.002s
*** Thread interleavings 12 ***
Symex completed in: 0.002s (123 assignments)
Slicing time: 0.001s (removed 84 assignments)
Generated 0 VCC(s), 0 remaining after simplification (39 assignments)
BMC program time: 0.003s
*** Thread interleavings 13 ***
Symex completed in: 0.002s (122 assignments)
Slicing time: 0.000s (removed 84 assignments)
Generated 0 VCC(s), 0 remaining after simplification (38 assignments)
BMC program time: 0.003s
*** Thread interleavings 14 ***
Symex completed in: 0.002s (121 assignments)
Slicing time: 0.001s (removed 84 assignments)
Generated 0 VCC(s), 0 remaining after simplification (37 assignments)
BMC program time: 0.003s
*** Thread interleavings 15 ***
Symex completed in: 0.002s (120 assignments)
Slicing time: 0.001s (removed 84 assignments)
Generated 0 VCC(s), 0 remaining after simplification (36 assignments)
BMC program time: 0.003s
*** Thread interleavings 16 ***
Symex completed in: 0.003s (129 assignments)
Slicing time: 0.001s (removed 94 assignments)
Generated 0 VCC(s), 0 remaining after simplification (35 assignments)
BMC program time: 0.004s
*** Thread interleavings 17 ***
Symex completed in: 0.004s (129 assignments)
Slicing time: 0.000s (removed 94 assignments)
Generated 0 VCC(s), 0 remaining after simplification (35 assignments)
BMC program time: 0.004s
*** Thread interleavings 18 ***
Symex completed in: 0.002s (120 assignments)
Slicing time: 0.001s (removed 84 assignments)
Generated 0 VCC(s), 0 remaining after simplification (36 assignments)
BMC program time: 0.003s
*** Thread interleavings 19 ***
Symex completed in: 0.002s (121 assignments)
Slicing time: 0.000s (removed 84 assignments)
Generated 0 VCC(s), 0 remaining after simplification (37 assignments)
BMC program time: 0.003s
*** Thread interleavings 20 ***
Symex completed in: 0.003s (122 assignments)
Slicing time: 0.000s (removed 84 assignments)
Generated 0 VCC(s), 0 remaining after simplification (38 assignments)
BMC program time: 0.003s
*** Thread interleavings 21 ***
Symex completed in: 0.003s (123 assignments)
Slicing time: 0.000s (removed 84 assignments)
Generated 0 VCC(s), 0 remaining after simplification (39 assignments)
BMC program time: 0.003s
*** Thread interleavings 22 ***
Symex completed in: 0.002s (124 assignments)
Slicing time: 0.000s (removed 84 assignments)
Generated 0 VCC(s), 0 remaining after simplification (40 assignments)
BMC program time: 0.002s
*** Thread interleavings 23 ***
Symex completed in: 0.003s (133 assignments)
Slicing time: 0.000s (removed 93 assignments)
Generated 0 VCC(s), 0 remaining after simplification (40 assignments)
BMC program time: 0.003s
*** Thread interleavings 24 ***
Symex completed in: 0.003s (136 assignments)
Slicing time: 0.001s (removed 92 assignments)
Generated 0 VCC(s), 0 remaining after simplification (44 assignments)
BMC program time: 0.004s
*** Thread interleavings 25 ***
Symex completed in: 0.003s (137 assignments)
Slicing time: 0.000s (removed 92 assignments)
Generated 0 VCC(s), 0 remaining after simplification (45 assignments)
BMC program time: 0.003s
*** Thread interleavings 26 ***
Symex completed in: 0.003s (140 assignments)
Slicing time: 0.000s (removed 91 assignments)
Generated 0 VCC(s), 0 remaining after simplification (49 assignments)
BMC program time: 0.003s
*** Thread interleavings 27 ***
Symex completed in: 0.003s (141 assignments)
Slicing time: 0.000s (removed 91 assignments)
Generated 0 VCC(s), 0 remaining after simplification (50 assignments)
BMC program time: 0.003s
*** Thread interleavings 28 ***
Symex completed in: 0.003s (142 assignments)
Slicing time: 0.000s (removed 91 assignments)
Generated 0 VCC(s), 0 remaining after simplification (51 assignments)
BMC program time: 0.003s
*** Thread interleavings 29 ***
Symex completed in: 0.003s (143 assignments)
Slicing time: 0.001s (removed 91 assignments)
Generated 0 VCC(s), 0 remaining after simplification (52 assignments)
BMC program time: 0.004s
*** Thread interleavings 30 ***
Symex completed in: 0.003s (144 assignments)
Slicing time: 0.000s (removed 91 assignments)
Generated 0 VCC(s), 0 remaining after simplification (53 assignments)
BMC program time: 0.003s
*** Thread interleavings 31 ***
Symex completed in: 0.003s (145 assignments)
Slicing time: 0.000s (removed 91 assignments)
Generated 0 VCC(s), 0 remaining after simplification (54 assignments)
BMC program time: 0.003s
*** Thread interleavings 32 ***
Symex completed in: 0.003s (144 assignments)
Slicing time: 0.001s (removed 94 assignments)
Generated 0 VCC(s), 0 remaining after simplification (50 assignments)
BMC program time: 0.004s
*** Thread interleavings 33 ***
Symex completed in: 0.003s (145 assignments)
Slicing time: 0.000s (removed 94 assignments)
Generated 0 VCC(s), 0 remaining after simplification (51 assignments)
BMC program time: 0.003s
*** Thread interleavings 34 ***
Symex completed in: 0.003s (145 assignments)
Slicing time: 0.000s (removed 94 assignments)
Generated 0 VCC(s), 0 remaining after simplification (51 assignments)
BMC program time: 0.003s
*** Thread interleavings 35 ***
Symex completed in: 0.004s (130 assignments)
Slicing time: 0.001s (removed 94 assignments)
Generated 1 VCC(s), 1 remaining after simplification (36 assignments)
No solver specified; defaulting to Boolector
Encoding remaining VCC(s) using bit-vector/floating-point arithmetic
Encoding to solver time: 0.000s
Solving with solver Boolector 3.2.2
Encoding to solver time: 0.000s
Runtime decision procedure: 0.001s
BMC program time: 0.007s
*** Thread interleavings 36 ***
Symex completed in: 0.003s (129 assignments)
Slicing time: 0.000s (removed 94 assignments)
Generated 0 VCC(s), 0 remaining after simplification (35 assignments)
BMC program time: 0.003s
*** Thread interleavings 37 ***
Symex completed in: 0.004s (131 assignments)
Slicing time: 0.001s (removed 94 assignments)
Generated 1 VCC(s), 1 remaining after simplification (37 assignments)
No solver specified; defaulting to Boolector
Encoding remaining VCC(s) using bit-vector/floating-point arithmetic
Encoding to solver time: 0.001s
Solving with solver Boolector 3.2.2
Encoding to solver time: 0.001s
Runtime decision procedure: 0.000s
BMC program time: 0.006s
*** Thread interleavings 38 ***
Symex completed in: 0.002s (120 assignments)
Slicing time: 0.000s (removed 84 assignments)
Generated 0 VCC(s), 0 remaining after simplification (36 assignments)
BMC program time: 0.002s
*** Thread interleavings 39 ***
Symex completed in: 0.004s (132 assignments)
Slicing time: 0.000s (removed 94 assignments)
Generated 1 VCC(s), 1 remaining after simplification (38 assignments)
No solver specified; defaulting to Boolector
Encoding remaining VCC(s) using bit-vector/floating-point arithmetic
Encoding to solver time: 0.000s
Solving with solver Boolector 3.2.2
Encoding to solver time: 0.000s
Runtime decision procedure: 0.001s
BMC program time: 0.006s
*** Thread interleavings 40 ***
Symex completed in: 0.002s (121 assignments)
Slicing time: 0.000s (removed 84 assignments)
Generated 0 VCC(s), 0 remaining after simplification (37 assignments)
BMC program time: 0.003s
*** Thread interleavings 41 ***
Symex completed in: 0.004s (133 assignments)
Slicing time: 0.001s (removed 94 assignments)
Generated 1 VCC(s), 1 remaining after simplification (39 assignments)
No solver specified; defaulting to Boolector
Encoding remaining VCC(s) using bit-vector/floating-point arithmetic
Encoding to solver time: 0.001s
Solving with solver Boolector 3.2.2
Encoding to solver time: 0.001s
Runtime decision procedure: 0.000s
BMC program time: 0.006s
*** Thread interleavings 42 ***
Symex completed in: 0.002s (122 assignments)
Slicing time: 0.000s (removed 84 assignments)
Generated 0 VCC(s), 0 remaining after simplification (38 assignments)
BMC program time: 0.002s
*** Thread interleavings 43 ***
Symex completed in: 0.004s (134 assignments)
Slicing time: 0.000s (removed 94 assignments)
Generated 1 VCC(s), 1 remaining after simplification (40 assignments)
No solver specified; defaulting to Boolector
Encoding remaining VCC(s) using bit-vector/floating-point arithmetic
Encoding to solver time: 0.001s
Solving with solver Boolector 3.2.2
Encoding to solver time: 0.001s
Runtime decision procedure: 0.000s
BMC program time: 0.006s
*** Thread interleavings 44 ***
Symex completed in: 0.002s (123 assignments)
Slicing time: 0.000s (removed 84 assignments)
Generated 0 VCC(s), 0 remaining after simplification (39 assignments)
BMC program time: 0.002s
*** Thread interleavings 45 ***
Symex completed in: 0.003s (135 assignments)
Slicing time: 0.001s (removed 94 assignments)
Generated 1 VCC(s), 1 remaining after simplification (41 assignments)
No solver specified; defaulting to Boolector
Encoding remaining VCC(s) using bit-vector/floating-point arithmetic
Encoding to solver time: 0.001s
Solving with solver Boolector 3.2.2
Encoding to solver time: 0.001s
Runtime decision procedure: 0.000s
BMC program time: 0.005s
*** Thread interleavings 46 ***
Symex completed in: 0.002s (124 assignments)
Slicing time: 0.000s (removed 84 assignments)
Generated 0 VCC(s), 0 remaining after simplification (40 assignments)
BMC program time: 0.002s
*** Thread interleavings 47 ***
Symex completed in: 0.004s (136 assignments)
Slicing time: 0.000s (removed 94 assignments)
Generated 1 VCC(s), 1 remaining after simplification (42 assignments)
No solver specified; defaulting to Boolector
Encoding remaining VCC(s) using bit-vector/floating-point arithmetic
Encoding to solver time: 0.001s
Solving with solver Boolector 3.2.2
Encoding to solver time: 0.001s
Runtime decision procedure: 0.000s
BMC program time: 0.006s
*** Thread interleavings 48 ***
Symex completed in: 0.003s (133 assignments)
Slicing time: 0.001s (removed 93 assignments)
Generated 0 VCC(s), 0 remaining after simplification (40 assignments)
BMC program time: 0.004s
*** Thread interleavings 49 ***
Symex completed in: 0.004s (137 assignments)
Slicing time: 0.001s (removed 94 assignments)
Generated 1 VCC(s), 1 remaining after simplification (43 assignments)
No solver specified; defaulting to Boolector
Encoding remaining VCC(s) using bit-vector/floating-point arithmetic
Encoding to solver time: 0.001s
Solving with solver Boolector 3.2.2
Encoding to solver time: 0.001s
Runtime decision procedure: 0.000s
BMC program time: 0.006s
*** Thread interleavings 50 ***
Symex completed in: 0.003s (136 assignments)
Slicing time: 0.000s (removed 92 assignments)
Generated 0 VCC(s), 0 remaining after simplification (44 assignments)
BMC program time: 0.003s
*** Thread interleavings 51 ***
Symex completed in: 0.003s (138 assignments)
Slicing time: 0.001s (removed 94 assignments)
Generated 1 VCC(s), 1 remaining after simplification (44 assignments)
No solver specified; defaulting to Boolector
Encoding remaining VCC(s) using bit-vector/floating-point arithmetic
Encoding to solver time: 0.001s
Solving with solver Boolector 3.2.2
Encoding to solver time: 0.001s
Runtime decision procedure: 0.001s
BMC program time: 0.006s
*** Thread interleavings 52 ***
Symex completed in: 0.003s (137 assignments)
Slicing time: 0.000s (removed 92 assignments)
Generated 0 VCC(s), 0 remaining after simplification (45 assignments)
BMC program time: 0.003s
*** Thread interleavings 53 ***
Symex completed in: 0.004s (139 assignments)
Slicing time: 0.000s (removed 94 assignments)
Generated 1 VCC(s), 1 remaining after simplification (45 assignments)
No solver specified; defaulting to Boolector
Encoding remaining VCC(s) using bit-vector/floating-point arithmetic
Encoding to solver time: 0.000s
Solving with solver Boolector 3.2.2
Encoding to solver time: 0.000s
Runtime decision procedure: 0.001s
BMC program time: 0.006s
*** Thread interleavings 54 ***
Symex completed in: 0.003s (140 assignments)
Slicing time: 0.000s (removed 91 assignments)
Generated 0 VCC(s), 0 remaining after simplification (49 assignments)
BMC program time: 0.003s
*** Thread interleavings 55 ***
Symex completed in: 0.003s (140 assignments)
Slicing time: 0.000s (removed 94 assignments)
Generated 1 VCC(s), 1 remaining after simplification (46 assignments)
No solver specified; defaulting to Boolector
Encoding remaining VCC(s) using bit-vector/floating-point arithmetic
Encoding to solver time: 0.001s
Solving with solver Boolector 3.2.2
Encoding to solver time: 0.001s
Runtime decision procedure: 0.000s
BMC program time: 0.005s
*** Thread interleavings 56 ***
Symex completed in: 0.002s (141 assignments)
Slicing time: 0.001s (removed 91 assignments)
Generated 0 VCC(s), 0 remaining after simplification (50 assignments)
BMC program time: 0.003s
*** Thread interleavings 57 ***
Symex completed in: 0.004s (141 assignments)
Slicing time: 0.000s (removed 94 assignments)
Generated 1 VCC(s), 1 remaining after simplification (47 assignments)
No solver specified; defaulting to Boolector
Encoding remaining VCC(s) using bit-vector/floating-point arithmetic
Encoding to solver time: 0.000s
Solving with solver Boolector 3.2.2
Encoding to solver time: 0.000s
Runtime decision procedure: 0.001s
BMC program time: 0.006s
*** Thread interleavings 58 ***
Symex completed in: 0.003s (142 assignments)
Slicing time: 0.000s (removed 91 assignments)
Generated 0 VCC(s), 0 remaining after simplification (51 assignments)
BMC program time: 0.003s
*** Thread interleavings 59 ***
Symex completed in: 0.003s (142 assignments)
Slicing time: 0.001s (removed 94 assignments)
Generated 1 VCC(s), 1 remaining after simplification (48 assignments)
No solver s
There are goto statements that shouldn't be merged at this point

Unknown
