./esbmc-wrapper.py -p ../sv-benchmarks/c/properties/unreach-call.prp -s kinduction --arch 32 ../sv-benchmarks/c/nla-digbench-scaling/ps2-ll_valuebound5.c


--------------------------------------------------------------------------------


Verifying with ESBMC
Command: ./esbmc --no-div-by-zero-check --force-malloc-success --state-hashing --add-symex-value-sets --no-align-check --k-step 5 --floatbv --unlimited-k-steps ../sv-benchmarks/c/nla-digbench-scaling/ps2-ll_valuebound5.c --32 --witness-output ps2-ll_valuebound5.c.graphml --no-pointer-check --no-bounds-check --interval-analysis --goto-unwind --unlimited-goto-unwind --k-induction --max-inductive-step 3 
ESBMC version 6.8.0 64-bit x86_64 linux
Target: 32-bit little-endian x86_64-unknown-linux with esbmc libc
file ../sv-benchmarks/c/nla-digbench-scaling/ps2-ll_valuebound5.c: Parsing
Converting
Generating GOTO Program
GOTO program creation time: 0.085s
GOTO program processing time: 0.001s
*** Checking base case, k = 1
Starting Bounded Model Checking
Not unwinding 
Symex completed in: 0.001s (27 assignments)
Slicing time: 0.000s (removed 20 assignments)
Generated 0 VCC(s), 0 remaining after simplification (7 assignments)
BMC program time: 0.001s
No bug has been found in the base case
*** Checking forward condition, k = 1
Starting Bounded Model Checking
Not unwinding 
Symex completed in: 0.000s (27 assignments)
Slicing time: 0.000s (removed 20 assignments)
Generated 1 VCC(s), 1 remaining after simplification (7 assignments)
No solver specified; defaulting to Boolector
Encoding remaining VCC(s) using bit-vector/floating-point arithmetic
Encoding to solver time: 0.000s
Solving with solver Boolector 3.2.2
Encoding to solver time: 0.000s
Runtime decision procedure: 0.001s
The forward condition is unable to prove the property
*** Checking base case, k = 6
Starting Bounded Model Checking
Unwinding loop 1  iteration  1   file ps2-ll_valuebound5.c line 27 function main
Unwinding loop 1  iteration  2   file ps2-ll_valuebound5.c line 27 function main
Unwinding loop 1  iteration  3   file ps2-ll_valuebound5.c line 27 function main
Unwinding loop 1  iteration  4   file ps2-ll_valuebound5.c line 27 function main
Unwinding loop 1  iteration  5   file ps2-ll_valuebound5.c line 27 function main
Not unwinding 
Symex completed in: 0.001s (69 assignments)
Slicing time: 0.001s (removed 44 assignments)
Generated 1 VCC(s), 1 remaining after simplification (25 assignments)
No solver specified; defaulting to Boolector
Encoding remaining VCC(s) using bit-vector/floating-point arithmetic
Encoding to solver time: 0.000s
Solving with solver Boolector 3.2.2
Encoding to solver time: 0.000s
Runtime decision procedure: 0.006s
BMC program time: 0.008s
No bug has been found in the base case
*** Checking forward condition, k = 6
Starting Bounded Model Checking
Unwinding loop 1  iteration  1   file ps2-ll_valuebound5.c line 27 function main
Unwinding loop 1  iteration  2   file ps2-ll_valuebound5.c line 27 function main
Unwinding loop 1  iteration  3   file ps2-ll_valuebound5.c line 27 function main
Unwinding loop 1  iteration  4   file ps2-ll_valuebound5.c line 27 function main
Unwinding loop 1  iteration  5   file ps2-ll_valuebound5.c line 27 function main
Not unwinding 
Symex completed in: 0.002s (68 assignments)
Slicing time: 0.000s (removed 56 assignments)
Generated 1 VCC(s), 1 remaining after simplification (12 assignments)
No solver specified; defaulting to Boolector
Encoding remaining VCC(s) using bit-vector/floating-point arithmetic
Encoding to solver time: 0.000s
Solving with solver Boolector 3.2.2
Encoding to solver time: 0.000s
Runtime decision procedure: 0.000s
BMC program time: 0.003s
Building successful trace

VERIFICATION SUCCESSFUL

Solution found by the forward condition; all states are reachable (k = 6


TRUE
