./esbmc-wrapper.py -p ../sv-benchmarks/c/properties/unreach-call.prp -s kinduction --arch 32 ../sv-benchmarks/c/openssl-simplified/s3_clnt_1.cil-1.c


--------------------------------------------------------------------------------


Verifying with ESBMC
Command: ./esbmc --no-div-by-zero-check --force-malloc-success --state-hashing --add-symex-value-sets --no-align-check --k-step 5 --floatbv --unlimited-k-steps ../sv-benchmarks/c/openssl-simplified/s3_clnt_1.cil-1.c --32 --witness-output s3_clnt_1.cil-1.c.graphml --no-pointer-check --no-bounds-check --interval-analysis --goto-unwind --unlimited-goto-unwind --k-induction --max-inductive-step 3 
ESBMC version 6.8.0 64-bit x86_64 linux
Target: 32-bit little-endian x86_64-unknown-linux with esbmc libc
file ../sv-benchmarks/c/openssl-simplified/s3_clnt_1.cil-1.c: Parsing
Converting
Generating GOTO Program
GOTO program creation time: 0.164s
GOTO program processing time: 0.068s
*** Checking base case, k = 1
Starting Bounded Model Checking
Not unwinding 
Symex completed in: 0.008s (140 assignments)
Slicing time: 0.000s (removed 120 assignments)
Generated 0 VCC(s), 0 remaining after simplification (20 assignments)
BMC program time: 0.008s
No bug has been found in the base case
*** Checking forward condition, k = 1
Starting Bounded Model Checking
Not unwinding 
Symex completed in: 0.008s (140 assignments)
Slicing time: 0.000s (removed 120 assignments)
Generated 1 VCC(s), 1 remaining after simplification (20 assignments)
No solver specified; defaulting to Boolector
Encoding remaining VCC(s) using bit-vector/floating-point arithmetic
Encoding to solver time: 0.000s
Solving with solver Boolector 3.2.2
Encoding to solver time: 0.000s
Runtime decision procedure: 0.005s
The forward condition is unable to prove the property
*** Checking base case, k = 6
Starting Bounded Model Checking
Unwinding loop 1  iteration  1   file s3_clnt_1.cil-1.c line 108 function ssl3_connect
Unwinding loop 1  iteration  2   file s3_clnt_1.cil-1.c line 108 function ssl3_connect
Unwinding loop 1  iteration  3   file s3_clnt_1.cil-1.c line 108 function ssl3_connect
Unwinding loop 1  iteration  4   file s3_clnt_1.cil-1.c line 108 function ssl3_connect
Unwinding loop 1  iteration  5   file s3_clnt_1.cil-1.c line 108 function ssl3_connect
Not unwinding 
Symex completed in: 0.811s (5510 assignments)
Slicing time: 0.036s (removed 5008 assignments)
Generated 1 VCC(s), 1 remaining after simplification (502 assignments)
No solver specified; defaulting to Boolector
Encoding remaining VCC(s) using bit-vector/floating-point arithmetic
Encoding to solver time: 0.011s
Solving with solver Boolector 3.2.2
Encoding to solver time: 0.011s
Runtime decision procedure: 0.019s
BMC program time: 0.878s
No bug has been found in the base case
*** Checking forward condition, k = 6
Starting Bounded Model Checking
Unwinding loop 1  iteration  1   file s3_clnt_1.cil-1.c line 108 function ssl3_connect
Unwinding loop 1  iteration  2   file s3_clnt_1.cil-1.c line 108 function ssl3_connect
Unwinding loop 1  iteration  3   file s3_clnt_1.cil-1.c line 108 function ssl3_connect
Unwinding loop 1  iteration  4   file s3_clnt_1.cil-1.c line 108 function ssl3_connect
Unwinding loop 1  iteration  5   file s3_clnt_1.cil-1.c line 108 function ssl3_connect
Not unwinding 
Symex completed in: 0.824s (5509 assignments)
Slicing time: 0.036s (removed 5008 assignments)
Generated 1 VCC(s), 1 remaining after simplification (501 assignments)
No solver specified; defaulting to Boolector
Encoding remaining VCC(s) using bit-vector/floating-point arithmetic
Encoding to solver time: 0.012s
Solving with solver Boolector 3.2.2
Encoding to solver time: 0.012s
Runtime decision procedure: 0.059s
The forward condition is unable to prove the property
*** Checking base case, k = 11
Starting Bounded Model Checking
Unwinding loop 1  iteration  1   file s3_clnt_1.cil-1.c line 108 function ssl3_connect
Unwinding loop 1  iteration  2   file s3_clnt_1.cil-1.c line 108 function ssl3_connect
Unwinding loop 1  iteration  3   file s3_clnt_1.cil-1.c line 108 function ssl3_connect
Unwinding loop 1  iteration  4   file s3_clnt_1.cil-1.c line 108 function ssl3_connect
Unwinding loop 1  iteration  5   file s3_clnt_1.cil-1.c line 108 function ssl3_connect
Unwinding loop 1  iteration  6   file s3_clnt_1.cil-1.c line 108 function ssl3_connect
Unwinding loop 1  iteration  7   file s3_clnt_1.cil-1.c line 108 function ssl3_connect
Unwinding loop 1  iteration  8   file s3_clnt_1.cil-1.c line 108 function ssl3_connect
Unwinding loop 1  iteration  9   file s3_clnt_1.cil-1.c line 108 function ssl3_connect
Unwinding loop 1  iteration  10   file s3_clnt_1.cil-1.c line 108 function ssl3_connect
Not unwinding 
Symex completed in: 2.345s (15250 assignments)
Slicing time: 0.203s (removed 13618 assignments)
Generated 1 VCC(s), 1 remaining after simplification (1632 assignments)
No solver specified; defaulting to Boolector
Encoding remaining VCC(s) using bit-vector/floating-point arithmetic
Encoding to solver time: 0.039s
Solving with solver Boolector 3.2.2
Encoding to solver time: 0.039s
Runtime decision procedure: 0.197s
BMC program time: 2.785s
No bug has been found in the base case
*** Checking forward condition, k = 11
Starting Bounded Model Checking
Unwinding loop 1  iteration  1   file s3_clnt_1.cil-1.c line 108 function ssl3_connect
Unwinding loop 1  iteration  2   file s3_clnt_1.cil-1.c line 108 function ssl3_connect
Unwinding loop 1  iteration  3   file s3_clnt_1.cil-1.c line 108 function ssl3_connect
Unwinding loop 1  iteration  4   file s3_clnt_1.cil-1.c line 108 function ssl3_connect
Unwinding loop 1  iteration  5   file s3_clnt_1.cil-1.c line 108 function ssl3_connect
Unwinding loop 1  iteration  6   file s3_clnt_1.cil-1.c line 108 function ssl3_connect
Unwinding loop 1  iteration  7   file s3_clnt_1.cil-1.c line 108 function ssl3_connect
Unwinding loop 1  iteration  8   file s3_clnt_1.cil-1.c line 108 function ssl3_connect
Unwinding loop 1  iteration  9   file s3_clnt_1.cil-1.c line 108 function ssl3_connect
Unwinding loop 1  iteration  10   file s3_clnt_1.cil-1.c line 108 function ssl3_connect
Not unwinding 
Symex completed in: 2.368s (15249 assignments)
Slicing time: 0.203s (removed 13618 assignments)
Generated 1 VCC(s), 1 remaining after simplification (1631 assignments)
No solver specified; defaulting to Boolector
Encoding remaining VCC(s) using bit-vector/floating-point arithmetic
Encoding to solver time: 0.038s
Solving with solver Boolector 3.2.2
Encoding to solver time: 0.038s
Runtime decision procedure: 0.253s
The forward condition is unable to prove the property
*** Checking base case, k = 16
Starting Bounded Model Checking
Unwinding loop 1  iteration  1   file s3_clnt_1.cil-1.c line 108 function ssl3_connect
Unwinding loop 1  iteration  2   file s3_clnt_1.cil-1.c line 108 function ssl3_connect
Unwinding loop 1  iteration  3   file s3_clnt_1.cil-1.c line 108 function ssl3_connect
Unwinding loop 1  iteration  4   file s3_clnt_1.cil-1.c line 108 function ssl3_connect
Unwinding loop 1  iteration  5   file s3_clnt_1.cil-1.c line 108 function ssl3_connect
Unwinding loop 1  iteration  6   file s3_clnt_1.cil-1.c line 108 function ssl3_connect
Unwinding loop 1  iteration  7   file s3_clnt_1.cil-1.c line 108 function ssl3_connect
Unwinding loop 1  iteration  8   file s3_clnt_1.cil-1.c line 108 function ssl3_connect
Unwinding loop 1  iteration  9   file s3_clnt_1.cil-1.c line 108 function ssl3_connect
Unwinding loop 1  iteration  10   file s3_clnt_1.cil-1.c line 108 function ssl3_connect
Unwinding loop 1  iteration  11   file s3_clnt_1.cil-1.c line 108 function ssl3_connect
Unwinding loop 1  iteration  12   file s3_clnt_1.cil-1.c line 108 function ssl3_connect
Unwinding loop 1  iteration  13   file s3_clnt_1.cil-1.c line 108 function ssl3_connect
Unwinding loop 1  iteration  14   file s3_clnt_1.cil-1.c line 108 function ssl3_connect
Unwinding loop 1  iteration  15   file s3_clnt_1.cil-1.c line 108 function ssl3_connect
Not unwinding 
Symex completed in: 3.893s (24990 assignments)
Slicing time: 0.503s (removed 22228 assignments)
Generated 1 VCC(s), 1 remaining after simplification (2762 assignments)
No solver specified; defaulting to Boolector
Encoding remaining VCC(s) using bit-vector/floating-point arithmetic
Encoding to solver time: 0.062s
Solving with solver Boolector 3.2.2
Encoding to solver time: 0.062s
Runtime decision procedure: 0.514s
BMC program time: 4.973s
No bug has been found in the base case
*** Checking forward condition, k = 16
Starting Bounded Model Checking
Unwinding loop 1  iteration  1   file s3_clnt_1.cil-1.c line 108 function ssl3_connect
Unwinding loop 1  iteration  2   file s3_clnt_1.cil-1.c line 108 function ssl3_connect
Unwinding loop 1  iteration  3   file s3_clnt_1.cil-1.c line 108 function ssl3_connect
Unwinding loop 1  iteration  4   file s3_clnt_1.cil-1.c line 108 function ssl3_connect
Unwinding loop 1  iteration  5   file s3_clnt_1.cil-1.c line 108 function ssl3_connect
Unwinding loop 1  iteration  6   file s3_clnt_1.cil-1.c line 108 function ssl3_connect
Unwinding loop 1  iteration  7   file s3_clnt_1.cil-1.c line 108 function ssl3_connect
Unwinding loop 1  iteration  8   file s3_clnt_1.cil-1.c line 108 function ssl3_connect
Unwinding loop 1  iteration  9   file s3_clnt_1.cil-1.c line 108 function ssl3_connect
Unwinding loop 1  iteration  10   file s3_clnt_1.cil-1.c line 108 function ssl3_connect
Unwinding loop 1  iteration  11   file s3_clnt_1.cil-1.c line 108 function ssl3_connect
Unwinding loop 1  iteration  12   file s3_clnt_1.cil-1.c line 108 function ssl3_connect
Unwinding loop 1  iteration  13   file s3_clnt_1.cil-1.c line 108 function ssl3_connect
Unwinding loop 1  iteration  14   file s3_clnt_1.cil-1.c line 108 function ssl3_connect
Unwinding loop 1  iteration  15   file s3_clnt_1.cil-1.c line 108 function ssl3_connect
Not unwinding 
Symex completed in: 3.956s (24989 assignments)
Slicing time: 0.509s (removed 22228 assignments)
Generated 1 VCC(s), 1 remaining after simplification (2761 assignments)
No solver specified; defaulting to Boolector
Encoding remaining VCC(s) using bit-vector/floating-point arithmetic
Encoding to solver time: 0.070s
Solving with solver Boolector 3.2.2
Encoding to solver time: 0.070s
Runtime decision procedure: 0.506s
BMC program time: 5.042s
Building successful trace

VERIFICATION SUCCESSFUL

Solution found by the forward condition; all states are reachable (k = 16


TRUE
