./esbmc-wrapper.py -p ../sv-benchmarks/c/properties/unreach-call.prp -s kinduction --arch 32 ../sv-benchmarks/c/float-newlib/float_req_bl_0881.c


--------------------------------------------------------------------------------


Verifying with ESBMC
Command: ./esbmc --no-div-by-zero-check --force-malloc-success --state-hashing --add-symex-value-sets --no-align-check --k-step 5 --floatbv --unlimited-k-steps ../sv-benchmarks/c/float-newlib/float_req_bl_0881.c --32 --witness-output float_req_bl_0881.c.graphml --no-pointer-check --no-bounds-check --interval-analysis --goto-unwind --unlimited-goto-unwind --k-induction --max-inductive-step 3 
ESBMC version 6.8.0 64-bit x86_64 linux
Target: 32-bit little-endian x86_64-unknown-linux with esbmc libc
file ../sv-benchmarks/c/float-newlib/float_req_bl_0881.c: Parsing
Converting
Generating GOTO Program
GOTO program creation time: 0.292s
GOTO program processing time: 0.014s
*** Checking base case, k = 1
Starting Bounded Model Checking
Not unwinding 
Not unwinding 
Not unwinding 
Not unwinding 
Not unwinding 
Not unwinding 
Symex completed in: 0.063s (736 assignments)
Slicing time: 0.010s (removed 327 assignments)
Generated 1 VCC(s), 1 remaining after simplification (409 assignments)
No solver specified; defaulting to Boolector
Encoding remaining VCC(s) using bit-vector/floating-point arithmetic
Encoding to solver time: 0.204s
Solving with solver Boolector 3.2.2
Encoding to solver time: 0.204s
Runtime decision procedure: 0.449s
BMC program time: 0.727s
No bug has been found in the base case
*** Checking forward condition, k = 1
Starting Bounded Model Checking
Not unwinding 
Not unwinding 
Not unwinding 
Not unwinding 
Not unwinding 
Not unwinding 
Symex completed in: 0.077s (735 assignments)
Slicing time: 0.009s (removed 327 assignments)
Generated 6 VCC(s), 6 remaining after simplification (408 assignments)
No solver specified; defaulting to Boolector
Encoding remaining VCC(s) using bit-vector/floating-point arithmetic
Encoding to solver time: 0.216s
Solving with solver Boolector 3.2.2
Encoding to solver time: 0.216s
Runtime decision procedure: 0.582s
The forward condition is unable to prove the property
*** Checking base case, k = 6
Starting Bounded Model Checking
Unwinding loop 1  iteration  1   file float_req_bl_0881.c line 43 function fmod_float
Unwinding loop 1  iteration  2   file float_req_bl_0881.c line 43 function fmod_float
Unwinding loop 1  iteration  3   file float_req_bl_0881.c line 43 function fmod_float
Unwinding loop 1  iteration  4   file float_req_bl_0881.c line 43 function fmod_float
Unwinding loop 1  iteration  5   file float_req_bl_0881.c line 43 function fmod_float
Not unwinding 
Unwinding loop 2  iteration  1   file float_req_bl_0881.c line 49 function fmod_float
Unwinding loop 2  iteration  2   file float_req_bl_0881.c line 49 function fmod_float
Unwinding loop 2  iteration  3   file float_req_bl_0881.c line 49 function fmod_float
Unwinding loop 2  iteration  4   file float_req_bl_0881.c line 49 function fmod_float
Unwinding loop 2  iteration  5   file float_req_bl_0881.c line 49 function fmod_float
Not unwinding 
Unwinding loop 3  iteration  1   file float_req_bl_0881.c line 67 function fmod_float
Unwinding loop 3  iteration  2   file float_req_bl_0881.c line 67 function fmod_float
Unwinding loop 3  iteration  3   file float_req_bl_0881.c line 67 function fmod_float
Unwinding loop 3  iteration  4   file float_req_bl_0881.c line 67 function fmod_float
Unwinding loop 3  iteration  5   file float_req_bl_0881.c line 67 function fmod_float
Not unwinding 
Unwinding loop 4  iteration  1   file float_req_bl_0881.c line 84 function fmod_float
Unwinding loop 4  iteration  2   file float_req_bl_0881.c line 84 function fmod_float
Unwinding loop 4  iteration  3   file float_req_bl_0881.c line 84 function fmod_float
Unwinding loop 4  iteration  4   file float_req_bl_0881.c line 84 function fmod_float
Unwinding loop 4  iteration  5   file float_req_bl_0881.c line 84 function fmod_float
Not unwinding 
Unwinding loop 5  iteration  1   file float_req_bl_0881.c line 133 function __ieee754_sqrtf
Unwinding loop 5  iteration  2   file float_req_bl_0881.c line 133 function __ieee754_sqrtf
Unwinding loop 5  iteration  3   file float_req_bl_0881.c line 133 function __ieee754_sqrtf
Unwinding loop 5  iteration  4   file float_req_bl_0881.c line 133 function __ieee754_sqrtf
Unwinding loop 5  iteration  5   file float_req_bl_0881.c line 133 function __ieee754_sqrtf
Not unwinding 
Unwinding loop 6  iteration  1   file float_req_bl_0881.c line 147 function __ieee754_sqrtf
Unwinding loop 6  iteration  2   file float_req_bl_0881.c line 147 function __ieee754_sqrtf
Unwinding loop 6  iteration  3   file float_req_bl_0881.c line 147 function __ieee754_sqrtf
Unwinding loop 6  iteration  4   file float_req_bl_0881.c line 147 function __ieee754_sqrtf
Unwinding loop 6  iteration  5   file float_req_bl_0881.c line 147 function __ieee754_sqrtf
Not unwinding 
Symex completed in: 0.111s (1012 assignments)
Slicing time: 0.017s (removed 478 assignments)
Generated 1 VCC(s), 1 remaining after simplification (534 assignments)
No solver specified; defaulting to Boolector
Encoding remaining VCC(s) using bit-vector/floating-point arithmetic
Encoding to solver time: 0.233s
Solving with solver Boolector 3.2.2
Encoding to solver time: 0.233s
Runtime decision procedure: 0.462s
BMC program time: 0.824s
No bug has been found in the base case
*** Checking forward condition, k = 6
Starting Bounded Model Checking
Unwinding loop 1  iteration  1   file float_req_bl_0881.c line 43 function fmod_float
Unwinding loop 1  iteration  2   file float_req_bl_0881.c line 43 function fmod_float
Unwinding loop 1  iteration  3   file float_req_bl_0881.c line 43 function fmod_float
Unwinding loop 1  iteration  4   file float_req_bl_0881.c line 43 function fmod_float
Unwinding loop 1  iteration  5   file float_req_bl_0881.c line 43 function fmod_float
Not unwinding 
Unwinding loop 2  iteration  1   file float_req_bl_0881.c line 49 function fmod_float
Unwinding loop 2  iteration  2   file float_req_bl_0881.c line 49 function fmod_float
Unwinding loop 2  iteration  3   file float_req_bl_0881.c line 49 function fmod_float
Unwinding loop 2  iteration  4   file float_req_bl_0881.c line 49 function fmod_float
Unwinding loop 2  iteration  5   file float_req_bl_0881.c line 49 function fmod_float
Not unwinding 
Unwinding loop 3  iteration  1   file float_req_bl_0881.c line 67 function fmod_float
Unwinding loop 3  iteration  2   file float_req_bl_0881.c line 67 function fmod_float
Unwinding loop 3  iteration  3   file float_req_bl_0881.c line 67 function fmod_float
Unwinding loop 3  iteration  4   file float_req_bl_0881.c line 67 function fmod_float
Unwinding loop 3  iteration  5   file float_req_bl_0881.c line 67 function fmod_float
Not unwinding 
Unwinding loop 4  iteration  1   file float_req_bl_0881.c line 84 function fmod_float
Unwinding loop 4  iteration  2   file float_req_bl_0881.c line 84 function fmod_float
Unwinding loop 4  iteration  3   file float_req_bl_0881.c line 84 function fmod_float
Unwinding loop 4  iteration  4   file float_req_bl_0881.c line 84 function fmod_float
Unwinding loop 4  iteration  5   file float_req_bl_0881.c line 84 function fmod_float
Not unwinding 
Unwinding loop 5  iteration  1   file float_req_bl_0881.c line 133 function __ieee754_sqrtf
Unwinding loop 5  iteration  2   file float_req_bl_0881.c line 133 function __ieee754_sqrtf
Unwinding loop 5  iteration  3   file float_req_bl_0881.c line 133 function __ieee754_sqrtf
Unwinding loop 5  iteration  4   file float_req_bl_0881.c line 133 function __ieee754_sqrtf
Unwinding loop 5  iteration  5   file float_req_bl_0881.c line 133 function __ieee754_sqrtf
Not unwinding 
Unwinding loop 6  iteration  1   file float_req_bl_0881.c line 147 function __ieee754_sqrtf
Unwinding loop 6  iteration  2   file float_req_bl_0881.c line 147 function __ieee754_sqrtf
Unwinding loop 6  iteration  3   file float_req_bl_0881.c line 147 function __ieee754_sqrtf
Unwinding loop 6  iteration  4   file float_req_bl_0881.c line 147 function __ieee754_sqrtf
Unwinding loop 6  iteration  5   file float_req_bl_0881.c line 147 function __ieee754_sqrtf
Not unwinding 
Symex completed in: 0.110s (1011 assignments)
Slicing time: 0.015s (removed 478 assignments)
Generated 6 VCC(s), 6 remaining after simplification (533 assignments)
No solver specified; defaulting to Boolector
Encoding remaining VCC(s) using bit-vector/floating-point arithmetic
Encoding to solver time: 0.216s
Solving with solver Boolector 3.2.2
Encoding to solver time: 0.216s
Runtime decision procedure: 0.579s
The forward condition is unable to prove the property
*** Checking base case, k = 11
Starting Bounded Model Checking
Unwinding loop 1  iteration  1   file float_req_bl_0881.c line 43 function fmod_float
Unwinding loop 1  iteration  2   file float_req_bl_0881.c line 43 function fmod_float
Unwinding loop 1  iteration  3   file float_req_bl_0881.c line 43 function fmod_float
Unwinding loop 1  iteration  4   file float_req_bl_0881.c line 43 function fmod_float
Unwinding loop 1  iteration  5   file float_req_bl_0881.c line 43 function fmod_float
Unwinding loop 1  iteration  6   file float_req_bl_0881.c line 43 function fmod_float
Unwinding loop 1  iteration  7   file float_req_bl_0881.c line 43 function fmod_float
Unwinding loop 1  iteration  8   file float_req_bl_0881.c line 43 function fmod_float
Unwinding loop 1  iteration  9   file float_req_bl_0881.c line 43 function fmod_float
Unwinding loop 1  iteration  10   file float_req_bl_0881.c line 43 function fmod_float
Not unwinding 
Unwinding loop 2  iteration  1   file float_req_bl_0881.c line 49 function fmod_float
Unwinding loop 2  iteration  2   file float_req_bl_0881.c line 49 function fmod_float
Unwinding loop 2  iteration  3   file float_req_bl_0881.c line 49 function fmod_float
Unwinding loop 2  iteration  4   file float_req_bl_0881.c line 49 function fmod_float
Unwinding loop 2  iteration  5   file float_req_bl_0881.c line 49 function fmod_float
Unwinding loop 2  iteration  6   file float_req_bl_0881.c line 49 function fmod_float
Unwinding loop 2  iteration  7   file float_req_bl_0881.c line 49 function fmod_float
Unwinding loop 2  iteration  8   file float_req_bl_0881.c line 49 function fmod_float
Unwinding loop 2  iteration  9   file float_req_bl_0881.c line 49 function fmod_float
Unwinding loop 2  iteration  10   file float_req_bl_0881.c line 49 function fmod_float
Not unwinding 
Unwinding loop 3  iteration  1   file float_req_bl_0881.c line 67 function fmod_float
Unwinding loop 3  iteration  2   file float_req_bl_0881.c line 67 function fmod_float
Unwinding loop 3  iteration  3   file float_req_bl_0881.c line 67 function fmod_float
Unwinding loop 3  iteration  4   file float_req_bl_0881.c line 67 function fmod_float
Unwinding loop 3  iteration  5   file float_req_bl_0881.c line 67 function fmod_float
Unwinding loop 3  iteration  6   file float_req_bl_0881.c line 67 function fmod_float
Unwinding loop 3  iteration  7   file float_req_bl_0881.c line 67 function fmod_float
Unwinding loop 3  iteration  8   file float_req_bl_0881.c line 67 function fmod_float
Unwinding loop 3  iteration  9   file float_req_bl_0881.c line 67 function fmod_float
Unwinding loop 3  iteration  10   file float_req_bl_0881.c line 67 function fmod_float
Not unwinding 
Unwinding loop 4  iteration  1   file float_req_bl_0881.c line 84 function fmod_float
Unwinding loop 4  iteration  2   file float_req_bl_0881.c line 84 function fmod_float
Unwinding loop 4  iteration  3   file float_req_bl_0881.c line 84 function fmod_float
Unwinding loop 4  iteration  4   file float_req_bl_0881.c line 84 function fmod_float
Unwinding loop 4  iteration  5   file float_req_bl_0881.c line 84 function fmod_float
Unwinding loop 4  iteration  6   file float_req_bl_0881.c line 84 function fmod_float
Unwinding loop 4  iteration  7   file float_req_bl_0881.c line 84 function fmod_float
Unwinding loop 4  iteration  8   file float_req_bl_0881.c line 84 function fmod_float
Unwinding loop 4  iteration  9   file float_req_bl_0881.c line 84 function fmod_float
Unwinding loop 4  iteration  10   file float_req_bl_0881.c line 84 function fmod_float
Not unwinding 
Unwinding loop 5  iteration  1   file float_req_bl_0881.c line 133 function __ieee754_sqrtf
Unwinding loop 5  iteration  2   file float_req_bl_0881.c line 133 function __ieee754_sqrtf
Unwinding loop 5  iteration  3   file float_req_bl_0881.c line 133 function __ieee754_sqrtf
Unwinding loop 5  iteration  4   file float_req_bl_0881.c line 133 function __ieee754_sqrtf
Unwinding loop 5  iteration  5   file float_req_bl_0881.c line 133 function __ieee754_sqrtf
Unwinding loop 5  iteration  6   file float_req_bl_0881.c line 133 function __ieee754_sqrtf
Unwinding loop 5  iteration  7   file float_req_bl_0881.c line 133 function __ieee754_sqrtf
Unwinding loop 5  iteration  8   file float_req_bl_0881.c line 133 function __ieee754_sqrtf
Unwinding loop 5  iteration  9   file float_req_bl_0881.c line 133 function __ieee754_sqrtf
Unwinding loop 5  iteration  10   file float_req_bl_0881.c line 133 function __ieee754_sqrtf
Not unwinding 
Unwinding loop 6  iteration  1   file float_req_bl_0881.c line 147 function __ieee754_sqrtf
Unwinding loop 6  iteration  2   file float_req_bl_0881.c line 147 function __ieee754_sqrtf
Unwinding loop 6  iteration  3   file float_req_bl_0881.c line 147 function __ieee754_sqrtf
Unwinding loop 6  iteration  4   file float_req_bl_0881.c line 147 function __ieee754_sqrtf
Unwinding loop 6  iteration  5   file float_req_bl_0881.c line 147 function __ieee754_sqrtf
Unwinding loop 6  iteration  6   file float_req_bl_0881.c line 147 function __ieee754_sqrtf
Unwinding loop 6  iteration  7   file float_req_bl_0881.c line 147 function __ieee754_sqrtf
Unwinding loop 6  iteration  8   file float_req_bl_0881.c line 147 function __ieee754_sqrtf
Unwinding loop 6  iteration  9   file float_req_bl_0881.c line 147 function __ieee754_sqrtf
Unwinding loop 6  iteration  10   file float_req_bl_0881.c line 147 function __ieee754_sqrtf
Not unwinding 
Symex completed in: 0.177s (1287 assignments)
Slicing time: 0.027s (removed 628 assignments)
Generated 1 VCC(s), 1 remaining after simplification (659 assignments)
No solver specified; defaulting to Boolector
Encoding remaining VCC(s) using bit-vector/floating-point arithmetic
Encoding to solver time: 0.239s
Solving with solver Boolector 3.2.2
Encoding to solver time: 0.239s
Runtime decision procedure: 0.498s
BMC program time: 0.941s
No bug has been found in the base case
*** Checking forward condition, k = 11
Starting Bounded Model Checking
Unwinding loop 1  iteration  1   file float_req_bl_0881.c line 43 function fmod_float
Unwinding loop 1  iteration  2   file float_req_bl_0881.c line 43 function fmod_float
Unwinding loop 1  iteration  3   file float_req_bl_0881.c line 43 function fmod_float
Unwinding loop 1  iteration  4   file float_req_bl_0881.c line 43 function fmod_float
Unwinding loop 1  iteration  5   file float_req_bl_0881.c line 43 function fmod_float
Unwinding loop 1  iteration  6   file float_req_bl_0881.c line 43 function fmod_float
Unwinding loop 1  iteration  7   file float_req_bl_0881.c line 43 function fmod_float
Unwinding loop 1  iteration  8   file float_req_bl_0881.c line 43 function fmod_float
Unwinding loop 1  iteration  9   file float_req_bl_0881.c line 43 function fmod_float
Unwinding loop 1  iteration  10   file float_req_bl_0881.c line 43 function fmod_float
Not unwinding 
Unwinding loop 2  iteration  1   file float_req_bl_0881.c line 49 function fmod_float
Unwinding loop 2  iteration  2   file float_req_bl_0881.c line 49 function fmod_float
Unwinding loop 2  iteration  3   file float_req_bl_0881.c line 49 function fmod_float
Unwinding loop 2  iteration  4   file float_req_bl_0881.c line 49 function fmod_float
Unwinding loop 2  iteration  5   file float_req_bl_0881.c line 49 function fmod_float
Unwinding loop 2  iteration  6   file float_req_bl_0881.c line 49 function fmod_float
Unwinding loop 2  iteration  7   file float_req_bl_0881.c line 49 function fmod_float
Unwinding loop 2  iteration  8   file float_req_bl_0881.c line 49 function fmod_float
Unwinding loop 2  iteration  9   file float_req_bl_0881.c line 49 function fmod_float
Unwinding loop 2  iteration  10   file float_req_bl_0881.c line 49 function fmod_float
Not unwinding 
Unwinding loop 3  iteration  1   file float_req_bl_0881.c line 67 function fmod_float
Unwinding loop 3  iteration  2   file float_req_bl_0881.c line 67 function fmod_float
Unwinding loop 3  iteration  3   file float_req_bl_0881.c line 67 function fmod_float
Unwinding loop 3  iteration  4   file float_req_bl_0881.c line 67 function fmod_float
Unwinding loop 3  iteration  5   file float_req_bl_0881.c line 67 function fmod_float
Unwinding loop 3  iteration  6   file float_req_bl_0881.c line 67 function fmod_float
Unwinding loop 3  iteration  7   file float_req_bl_0881.c line 67 function fmod_float
Unwinding loop 3  iteration  8   file float_req_bl_0881.c line 67 function fmod_float
Unwinding loop 3  iteration  9   file float_req_bl_0881.c line 67 function fmod_float
Unwinding loop 3  iteration  10   file float_req_bl_0881.c line 67 function fmod_float
Not unwinding 
Unwinding loop 4  iteration  1   file float_req_bl_0881.c line 84 function fmod_float
Unwinding loop 4  iteration  2   file float_req_bl_0881.c line 84 function fmod_float
Unwinding loop 4  iteration  3   file float_req_bl_0881.c line 84 function fmod_float
Unwinding loop 4  iteration  4   file float_req_bl_0881.c line 84 function fmod_float
Unwinding loop 4  iteration  5   file float_req_bl_0881.c line 84 function fmod_float
Unwinding loop 4  iteration  6   file float_req_bl_0881.c line 84 function fmod_float
Unwinding loop 4  iteration  7   file float_req_bl_0881.c line 84 function fmod_float
Unwinding loop 4  iteration  8   file float_req_bl_0881.c line 84 function fmod_float
Unwinding loop 4  iteration  9   file float_req_bl_0881.c line 84 function fmod_float
Unwinding loop 4  iteration  10   file float_req_bl_0881.c line 84 function fmod_float
Not unwinding 
Unwinding loop 5  iteration  1   file float_req_bl_0881.c line 133 function __ieee754_sqrtf
Unwinding loop 5  iteration  2   file float_req_bl_0881.c line 133 function __ieee754_sqrtf
Unwinding loop 5  iteration  3   file float_req_bl_0881.c line 133 function __ieee754_sqrtf
Unwinding loop 5  iteration  4   file float_req_bl_0881.c line 133 function __ieee754_sqrtf
Unwinding loop 5  iteration  5   file float_req_bl_0881.c line 133 function __ieee754_sqrtf
Unwinding loop 5  iteration  6   file float_req_bl_0881.c line 133 function __ieee754_sqrtf
Unwinding loop 5  iteration  7   file float_req_bl_0881.c line 133 function __ieee754_sqrtf
Unwinding loop 5  iteration  8   file float_req_bl_0881.c line 133 function __ieee754_sqrtf
Unwinding loop 5  iteration  9   file float_req_bl_0881.c line 133 function __ieee754_sqrtf
Unwinding loop 5  iteration  10   file float_req_bl_0881.c line 133 function __ieee754_sqrtf
Not unwinding 
Unwinding loop 6  iteration  1   file float_req_bl_0881.c line 147 function __ieee754_sqrtf
Unwinding loop 6  iteration  2   file float_req_bl_0881.c line 147 function __ieee754_sqrtf
Unwinding loop 6  iteration  3   file float_req_bl_0881.c line 147 function __ieee754_sqrtf
Unwinding loop 6  iteration  4   file float_req_bl_0881.c line 147 function __ieee754_sqrtf
Unwinding loop 6  iteration  5   file float_req_bl_0881.c line 147 function __ieee754_sqrtf
Unwinding loop 6  iteration  6   file float_req_bl_0881.c line 147 function __ieee754_sqrtf
Unwinding loop 6  iteration  7   file float_req_bl_0881.c line 147 function __ieee754_sqrtf
Unwinding loop 6  iteration  8   file float_req_bl_0881.c line 147 function __ieee754_sqrtf
Unwinding loop 6  iteration  9   file float_req_bl_0881.c line 147 function __ieee754_sqrtf
Unwinding loop 6  iteration  10   file float_req_bl_0881.c line 147 function __ieee754_sqrtf
Not unwinding 
Symex completed in: 0.154s (1286 assignments)
Slicing time: 0.026s (removed 628 assignments)
Generated 6 VCC(s), 6 remaining after simplification (658 assignments)
No solver specified; defaulting to Boolector
Encoding remaining VCC(s) using bit-vector/floating-point arithmetic
Encoding to solver time: 0.235s
Solving with solver Boolector 3.2.2
Encoding to solver time: 0.235s
Runtime decision procedure: 0.617s
The forward condition is unable to prove the property
*** Checking base case, k = 16
Starting Bounded Model Checking
Unwinding loop 1  iteration  1   file float_req_bl_0881.c line 43 function fmod_float
Unwinding loop 1  iteration  2   file float_req_bl_0881.c line 43 function fmod_float
Unwinding loop 1  iteration  3   file float_req_bl_0881.c line 43 function fmod_float
Unwinding loop 1  iteration  4   file float_req_bl_0881.c line 43 function fmod_float
Unwinding loop 1  iteration  5   file float_req_bl_0881.c line 43 function fmod_float
Unwinding loop 1  iteration  6   file float_req_bl_0881.c line 43 function fmod_float
Unwinding loop 1  iteration  7   file float_req_bl_0881.c line 43 function fmod_float
Unwinding loop 1  iteration  8   file float_req_bl_0881.c line 43 function fmod_float
Unwinding loop 1  iteration  9   file float_req_bl_0881.c line 43 function fmod_float
Unwinding loop 1  iteration  10   file float_req_bl_0881.c line 43 function fmod_float
Unwinding loop 1  iteration  11   file float_req_bl_0881.c line 43 function fmod_float
Unwinding loop 1  iteration  12   file float_req_bl_0881.c line 43 function fmod_float
Unwinding loop 1  iteration  13   file float_req_bl_0881.c line 43 function fmod_float
Unwinding loop 1  iteration  14   file float_req_bl_0881.c line 43 function fmod_float
Unwinding loop 1  iteration  15   file float_req_bl_0881.c line 43 function fmod_float
Not unwinding 
Unwinding loop 2  iteration  1   file float_req_bl_0881.c line 49 function fmod_float
Unwinding loop 2  iteration  2   file float_req_bl_0881.c line 49 function fmod_float
Unwinding loop 2  iteration  3   file float_req_bl_0881.c line 49 function fmod_float
Unwinding loop 2  iteration  4   file float_req_bl_0881.c line 49 function fmod_float
Unwinding loop 2  iteration  5   file float_req_bl_0881.c line 49 function fmod_float
Unwinding loop 2  iteration  6   file float_req_bl_0881.c line 49 function fmod_float
Unwinding loop 2  iteration  7   file float_req_bl_0881.c line 49 function fmod_float
Unwinding loop 2  iteration  8   file float_req_bl_0881.c line 49 function fmod_float
Unwinding loop 2  iteration  9   file float_req_bl_0881.c line 49 function fmod_float
Unwinding loop 2  iteration  10   file float_req_bl_0881.c line 49 function fmod_float
Unwinding loop 2  iteration  11   file float_req_bl_0881.c line 49 function fmod_float
Unwinding loop 2  iteration  12   file float_req_bl_0881.c line 49 function fmod_float
Unwinding loop 2  iteration  13   file float_req_bl_0881.c line 49 function fmod_float
Unwinding loop 2  iteration  14   file float_req_bl_0881.c line 49 function fmod_float
Unwinding loop 2  iteration  15   file float_req_bl_0881.c line 49 function fmod_float
Not unwinding 
Unwinding loop 3  iteration  1   file float_req_bl_0881.c line 67 function fmod_float
Unwinding loop 3  iteration  2   file float_req_bl_0881.c line 67 function fmod_float
Unwinding loop 3  iteration  3   file float_req_bl_0881.c line 67 function fmod_float
Unwinding loop 3  iteration  4   file float_req_bl_0881.c line 67 function fmod_float
Unwinding loop 3  iteration  5   file float_req_bl_0881.c line 67 function fmod_float
Unwinding loop 3  iteration  6   file float_req_bl_0881.c line 67 function fmod_float
Unwinding loop 3  iteration  7   file float_req_bl_0881.c line 67 function fmod_float
Unwinding loop 3  iteration  8   file float_req_bl_0881.c line 67 function fmod_float
Unwinding loop 3  iteration  9   file float_req_bl_0881.c line 67 function fmod_float
Unwinding loop 3  iteration  10   file float_req_bl_0881.c line 67 function fmod_float
Unwinding loop 3  iteration  11   file float_req_bl_0881.c line 67 function fmod_float
Unwinding loop 3  iteration  12   file float_req_bl_0881.c line 67 function fmod_float
Unwinding loop 3  iteration  13   file float_req_bl_0881.c line 67 function fmod_float
Unwinding loop 3  iteration  14   file float_req_bl_0881.c line 67 function fmod_float
Unwinding loop 3  iteration  15   file float_req_bl_0881.c line 67 function fmod_float
Not unwinding 
Unwinding loop 4  iteration  1   file float_req_bl_0881.c line 84 function fmod_float
Unwinding loop 4  iteration  2   file float_req_bl_0881.c line 84 function fmod_float
Unwinding loop 4  iteration  3   file float_req_bl_0881.c line 84 function fmod_float
Unwinding loop 4  iteration  4   file float_req_bl_0881.c line 84 function fmod_float
Unwinding loop 4  iteration  5   file float_req_bl_0881.c line 84 function fmod_float
Unwinding loop 4  iteration  6   file float_req_bl_0881.c line 84 function fmod_float
Unwinding loop 4  iteration  7   file float_req_bl_0881.c line 84 function fmod_float
Unwinding loop 4  iteration  8   file float_req_bl_0881.c line 84 function fmod_float
Unwinding loop 4  iteration  9   file float_req_bl_0881.c line 84 function fmod_float
Unwinding loop 4  iteration  10   file float_req_bl_0881.c line 84 function fmod_float
Unwinding loop 4  iteration  11   file float_req_bl_0881.c line 84 function fmod_float
Unwinding loop 4  iteration  12   file float_req_bl_0881.c line 84 function fmod_float
Unwinding loop 4  iteration  13   file float_req_bl_0881.c line 84 function fmod_float
Unwinding loop 4  iteration  14   file float_req_bl_0881.c line 84 function fmod_float
Unwinding loop 4  iteration  15   file float_req_bl_0881.c line 84 function fmod_float
Not unwinding 
Unwinding loop 5  iteration  1   file float_req_bl_0881.c line 133 function __ieee754_sqrtf
Unwinding loop 5  iteration  2   file float_req_bl_0881.c line 133 function __ieee754_sqrtf
Unwinding loop 5  iteration  3   file float_req_bl_0881.c line 133 function __ieee754_sqrtf
Unwinding loop 5  iteration  4   file float_req_bl_0881.c line 133 function __ieee754_sqrtf
Unwinding loop 5  iteration  5   file float_req_bl_0881.c line 133 function __ieee754_sqrtf
Unwinding loop 5  iteration  6   file float_req_bl_0881.c line 133 function __ieee754_sqrtf
Unwinding loop 5  iteration  7   file float_req_bl_0881.c line 133 function __ieee754_sqrtf
Unwinding loop 5  iteration  8   file float_req_bl_0881.c line 133 function __ieee754_sqrtf
Unwinding loop 5  iteration  9   file float_req_bl_0881.c line 133 function __ieee754_sqrtf
Unwinding loop 5  iteration  10   file float_req_bl_0881.c line 133 function __ieee754_sqrtf
Unwinding loop 5  iteration  11   file float_req_bl_0881.c line 133 function __ieee754_sqrtf
Unwinding loop 5  iteration  12   file float_req_bl_0881.c line 133 function __ieee754_sqrtf
Unwinding loop 5  iteration  13   file float_req_bl_0881.c line 133 function __ieee754_sqrtf
Unwinding loop 5  iteration  14   file float_req_bl_0881.c line 133 function __ieee754_sqrtf
Unwinding loop 5  iteration  15   file float_req_bl_0881.c line 133 function __ieee754_sqrtf
Not unwinding 
Unwinding loop 6  iteration  1   file float_req_bl_0881.c line 147 function __ieee754_sqrtf
Unwinding loop 6  iteration  2   file float_req_bl_0881.c line 147 function __ieee754_sqrtf
Unwinding loop 6  iteration  3   file float_req_bl_0881.c line 147 function __ieee754_sqrtf
Unwinding loop 6  iteration  4   file float_req_bl_0881.c line 147 function __ieee754_sqrtf
Unwinding loop 6  iteration  5   file float_req_bl_0881.c line 147 function __ieee754_sqrtf
Unwinding loop 6  iteration  6   file float_req_bl_0881.c line 147 function __ieee754_sqrtf
Unwinding loop 6  iteration  7   file float_req_bl_0881.c line 147 function __ieee754_sqrtf
Unwinding loop 6  iteration  8   file float_req_bl_0881.c line 147 function __ieee754_sqrtf
Unwinding loop 6  iteration  9   file float_req_bl_0881.c line 147 function __ieee754_sqrtf
Unwinding loop 6  iteration  10   file float_req_bl_0881.c line 147 function __ieee754_sqrtf
Unwinding loop 6  iteration  11   file float_req_bl_0881.c line 147 function __ieee754_sqrtf
Unwinding loop 6  iteration  12   file float_req_bl_0881.c line 147 function __ieee754_sqrtf
Unwinding loop 6  iteration  13   file float_req_bl_0881.c line 147 function __ieee754_sqrtf
Unwinding loop 6  iteration  14   file float_req_bl_0881.c line 147 function __ieee754_sqrtf
Unwinding loop 6  iteration  15   file float_req_bl_0881.c line 147 function __ieee754_sqrtf
Not unwinding 
Symex completed in: 0.213s (1562 assignments)
Slicing time: 0.039s (removed 778 assignments)
Generated 1 VCC(s), 1 remaining after simplification (784 assignments)
No solver specified; defaulting to Boolector
Encoding remaining VCC(s) using bit-vector/floating-point arithmetic
Encoding to solver time: 0.226s
Solving with solver Boolector 3.2.2
Encoding to solver time: 0.226s
Runtime decision procedure: 0.503s
BMC program time: 0.982s
No bug has been found in the base case
*** Checking forward condition, k = 16
Starting Bounded Model Checking
Unwinding loop 1  iteration  1   file float_req_bl_0881.c line 43 function fmod_float
Unwinding loop 1  iteration  2   file float_req_bl_0881.c line 43 function fmod_float
Unwinding loop 1  iteration  3   file float_req_bl_0881.c line 43 function fmod_float
Unwinding loop 1  iteration  4   file float_req_bl_0881.c line 43 function fmod_float
Unwinding loop 1  iteration  5   file float_req_bl_0881.c line 43 function fmod_float
Unwinding loop 1  iteration  6   file float_req_bl_0881.c line 43 function fmod_float
Unwinding loop 1  iteration  7   file float_req_bl_0881.c line 43 function fmod_float
Unwinding loop 1  iteration  8   file float_req_bl_0881.c line 43 function fmod_float
Unwinding loop 1  iteration  9   file float_req_bl_0881.c line 43 function fmod_float
Unwinding loop 1  iteration  10   file float_req_bl_0881.c line 43 function fmod_float
Unwinding loop 1  iteration  11   file float_req_bl_0881.c line 43 function fmod_float
Unwinding loop 1  iteration  12   file float_req_bl_0881.c line 43 function fmod_float
Unwinding loop 1  iteration  13   file float_req_bl_0881.c line 43 function fmod_float
Unwinding loop 1  iteration  14   file float_req_bl_0881.c line 43 function fmod_float
Unwinding loop 1  iteration  15   file float_req_bl_0881.c line 43 function fmod_float
Not unwinding 
Unwinding loop 2  iteration  1   file float_req_bl_0881.c line 49 function fmod_float
Unwinding loop 2  iteration  2   file float_req_bl_0881.c line 49 function fmod_float
Unwinding loop 2  iteration  3   file float_req_bl_0881.c line 49 function fmod_float
Unwinding loop 2  iteration  4   file float_req_bl_0881.c line 49 function fmod_float
Unwinding loop 2  iteration  5   file float_req_bl_0881.c line 49 function fmod_float
Unwinding loop 2  iteration  6   file float_req_bl_0881.c line 49 function fmod_float
Unwinding loop 2  iteration  7   file float_req_bl_0881.c line 49 function fmod_float
Unwinding loop 2  iteration  8   file float_req_bl_0881.c line 49 function fmod_float
Unwinding loop 2  iteration  9   file float_req_bl_0881.c line 49 function fmod_float
Unwinding loop 2  iteration  10   file float_req_bl_0881.c line 49 function fmod_float
Unwinding loop 2  iteration  11   file float_req_bl_0881.c line 49 function fmod_float
Unwinding loop 2  iteration  12   file float_req_bl_0881.c line 49 function fmod_float
Unwinding loop 2  iteration  13   file float_req_bl_0881.c line 49 function fmod_float
Unwinding loop 2  iteration  14   file float_req_bl_0881.c line 49 function fmod_float
Unwinding loop 2  iteration  15   file float_req_bl_0881.c line 49 function fmod_float
Not unwinding 
Unwinding loop 3  iteration  1   file float_req_bl_0881.c line 67 function fmod_float
Unwinding loop 3  iteration  2   file float_req_bl_0881.c line 67 function fmod_float
Unwinding loop 3  iteration  3   file float_req_bl_0881.c line 67 function fmod_float
Unwinding loop 3  iteration  4   file float_req_bl_0881.c line 67 function fmod_float
Unwinding loop 3  iteration  5   file float_req_bl_0881.c line 67 function fmod_float
Unwinding loop 3  iteration  6   file float_req_bl_0881.c line 67 function fmod_float
Unwinding loop 3  iteration  7   file float_req_bl_0881.c line 67 function fmod_float
Unwinding loop 3  iteration  8   file float_req_bl_0881.c line 67 function fmod_float
Unwinding loop 3  iteration  9   file float_req_bl_0881.c line 67 function fmod_float
Unwinding loop 3  iteration  10   file float_req_bl_0881.c line 67 function fmod_float
Unwinding loop 3  iteration  11   file float_req_bl_0881.c line 67 function fmod_float
Unwinding loop 3  iteration  12   file float_req_bl_0881.c line 67 function fmod_float
Unwinding loop 3  iteration  13   file float_req_bl_0881.c line 67 function fmod_float
Unwinding loop 3  iteration  14   file float_req_bl_0881.c line 67 function fmod_float
Unwinding loop 3  iteration  15   file float_req_bl_0881.c line 67 function fmod_float
Not unwinding 
Unwinding loop 4  iteration  1   file float_req_bl_0881.c line 84 function fmod_float
Unwinding loop 4  iteration  2   file float_req_bl_0881.c line 84 function fmod_float
Unwinding loop 4  iteration  3   file float_req_bl_0881.c line 84 function fmod_float
Unwinding loop 4  iteration  4   file float_req_bl_0881.c line 84 function fmod_float
Unwinding loop 4  iteration  5   file float_req_bl_0881.c line 84 function fmod_float
Unwinding loop 4  iteration  6   file float_req_bl_0881.c line 84 function fmod_float
Unwinding loop 4  iteration  7   file float_req_bl_0881.c line 84 function fmod_float
Unwinding loop 4  iteration  8   file float_req_bl_0881.c line 84 function fmod_float
Unwinding loop 4  iteration  9   file float_req_bl_0881.c line 84 function fmod_float
Unwinding loop 4  iteration  10   file float_req_bl_0881.c line 84 function fmod_float
Unwinding loop 4  iteration  11   file float_req_bl_0881.c line 84 function fmod_float
Unwinding loop 4  iteration  12   file float_req_bl_0881.c line 84 function fmod_float
Unwinding loop 4  iteration  13   file float_req_bl_0881.c line 84 function fmod_float
Unwinding loop 4  iteration  14   file float_req_bl_0881.c line 84 function fmod_float
Unwinding loop 4  iteration  15   file float_req_bl_0881.c line 84 function fmod_float
Not unwinding 
Unwinding loop 5  iteration  1   file float_req_bl_0881.c line 133 function __ieee754_sqrtf
Unwinding loop 5  iteration  2   file float_req_bl_0881.c line 133 function __ieee754_sqrtf
Unwinding loop 5  iteration  3   file float_req_bl_0881.c line 133 function __ieee754_sqrtf
Unwinding loop 5  iteration  4   file float_req_bl_0881.c line 133 function __ieee754_sqrtf
Unwinding loop 5  iteration  5   file float_req_bl_0881.c line 133 function __ieee754_sqrtf
Unwinding loop 5  iteration  6   file float_req_bl_0881.c line 133 function __ieee754_sqrtf
Unwinding loop 5  iteration  7   file float_req_bl_0881.c line 133 function __ieee754_sqrtf
Unwinding loop 5  iteration  8   file float_req_bl_0881.c line 133 function __ieee754_sqrtf
Unwinding loop 5  iteration  9   file float_req_bl_0881.c line 133 function __ieee754_sqrtf
Unwinding loop 5  iteration  10   file float_req_bl_0881.c line 133 function __ieee754_sqrtf
Unwinding loop 5  iteration  11   file float_req_bl_0881.c line 133 function __ieee754_sqrtf
Unwinding loop 5  iteration  12   file float_req_bl_0881.c line 133 function __ieee754_sqrtf
Unwinding loop 5  iteration  13   file float_req_bl_0881.c line 133 function __ieee754_sqrtf
Unwinding loop 5  iteration  14   file float_req_bl_0881.c line 133 function __ieee754_sqrtf
Unwinding loop 5  iteration  15   file float_req_bl_0881.c line 133 function __ieee754_sqrtf
Not unwinding 
Unwinding loop 6  iteration  1   file float_req_bl_0881.c line 147 function __ieee754_sqrtf
Unwinding loop 6  iteration  2   file float_req_bl_0881.c line 147 function __ieee754_sqrtf
Unwinding loop 6  iteration  3   file float_req_bl_0881.c line 147 function __ieee754_sqrtf
Unwinding loop 6  iteration  4   file float_req_bl_0881.c line 147 function __ieee754_sqrtf
Unwinding loop 6  iteration  5   file float_req_bl_0881.c line 147 function __ieee754_sqrtf
Unwinding loop 6  iteration  6   file float_req_bl_0881.c line 147 function __ieee754_sqrtf
Unwinding loop 6  iteration  7   file float_req_bl_0881.c line 147 function __ieee754_sqrtf
Unwinding loop 6  iteration  8   file float_req_bl_0881.c line 147 function __ieee754_sqrtf
Unwinding loop 6  iteration  9   file float_req_bl_0881.c line 147 function __ieee754_sqrtf
Unwinding loop 6  iteration  10   file float_req_bl_0881.c line 147 function __ieee754_sqrtf
Unwinding loop 6  iteration  11   file float_req_bl_0881.c line 147 function __ieee754_sqrtf
Unwinding loop 6  iteration  12   file float_req_bl_0881.c line 147 function __ieee754_sqrtf
Unwinding loop 6  iteration  13   file float_req_bl_0881.c line 147 function __ieee754_sqrtf
Unwinding loop 6  iteration  14   file float_req_bl_0881.c line 147 function __ieee754_sqrtf
Unwinding loop 6  iteration  15   file float_req_bl_0881.c line 147 function __ieee754_sqrtf
Not unwinding 
Symex completed in: 0.277s (1561 assignments)
Slicing time: 0.041s (removed 778 assignments)
Generated 6 VCC(s), 6 remaining after simplification (783 assignments)
No solver specified; defaulting to Boolector
Encoding remaining VCC(s) using bit-vector/floating-point arithmetic
Encoding to solver time: 0.253s
Solving with solver Boolector 3.2.2
Encoding to solver time: 0.253s
Runtime decision procedure: 0.678s
The forward condition is unable to prove the property
*** Checking base case, k = 21
Starting Bounded Model Checking
Unwinding loop 1  iteration  1   file float_req_bl_0881.c line 43 function fmod_float
Unwinding loop 1  iteration  2   file float_req_bl_0881.c line 43 function fmod_float
Unwinding loop 1  iteration  3   file float_req_bl_0881.c line 43 function fmod_float
Unwinding loop 1  iteration  4   file float_req_bl_0881.c line 43 function fmod_float
Unwinding loop 1  iteration  5   file float_req_bl_0881.c line 43 function fmod_float
Unwinding loop 1  iteration  6   file float_req_bl_0881.c line 43 function fmod_float
Unwinding loop 1  iteration  7   file float_req_bl_0881.c line 43 function fmod_float
Unwinding loop 1  iteration  8   file float_req_bl_0881.c line 43 function fmod_float
Unwinding loop 1  iteration  9   file float_req_bl_0881.c line 43 function fmod_float
Unwinding loop 1  iteration  10   file float_req_bl_0881.c line 43 function fmod_float
Unwinding loop 1  iteration  11   file float_req_bl_0881.c line 43 function fmod_float
Unwinding loop 1  iteration  12   file float_req_bl_0881.c line 43 function fmod_float
Unwinding loop 1  iteration  13   file float_req_bl_0881.c line 43 function fmod_float
Unwinding loop 1  iteration  14   file float_req_bl_0881.c line 43 function fmod_float
Unwinding loop 1  iteration  15   file float_req_bl_0881.c line 43 function fmod_float
Unwinding loop 1  iteration  16   file float_req_bl_0881.c line 43 function fmod_float
Unwinding loop 1  iteration  17   file float_req_bl_0881.c line 43 function fmod_float
Unwinding loop 1  iteration  18   file float_req_bl_0881.c line 43 function fmod_float
Unwinding loop 1  iteration  19   file float_req_bl_0881.c line 43 function fmod_float
Unwinding loop 1  iteration  20   file float_req_bl_0881.c line 43 function fmod_float
Not unwinding 
Unwinding loop 2  iteration  1   file float_req_bl_0881.c line 49 function fmod_float
Unwinding loop 2  iteration  2   file float_req_bl_0881.c line 49 function fmod_float
Unwinding loop 2  iteration  3   file float_req_bl_0881.c line 49 function fmod_float
Unwinding loop 2  iteration  4   file float_req_bl_0881.c line 49 function fmod_float
Unwinding loop 2  iteration  5   file float_req_bl_0881.c line 49 function fmod_float
Unwinding loop 2  iteration  6   file float_req_bl_0881.c line 49 function fmod_float
Unwinding loop 2  iteration  7   file float_req_bl_0881.c line 49 function fmod_float
Unwinding loop 2  iteration  8   file float_req_bl_0881.c line 49 function fmod_float
Unwinding loop 2  iteration  9   file float_req_bl_0881.c line 49 function fmod_float
Unwinding loop 2  iteration  10   file float_req_bl_0881.c line 49 function fmod_float
Unwinding loop 2  iteration  11   file float_req_bl_0881.c line 49 function fmod_float
Unwinding loop 2  iteration  12   file float_req_bl_0881.c line 49 function fmod_float
Unwinding loop 2  iteration  13   file float_req_bl_0881.c line 49 function fmod_float
Unwinding loop 2  iteration  14   file float_req_bl_0881.c line 49 function fmod_float
Unwinding loop 2  iteration  15   file float_req_bl_0881.c line 49 function fmod_float
Unwinding loop 2  iteration  16   file float_req_bl_0881.c line 49 function fmod_float
Unwinding loop 2  iteration  17   file float_req_bl_0881.c line 49 function fmod_float
Unwinding loop 2  iteration  18   file float_req_bl_0881.c line 49 function fmod_float
Unwinding loop 2  iteration  19   file float_req_bl_0881.c line 49 function fmod_float
Unwinding loop 2  iteration  20   file float_req_bl_0881.c line 49 function fmod_float
Not unwinding 
Unwinding loop 3  iteration  1   file float_req_bl_0881.c line 67 function fmod_float
Unwinding loop 3  iteration  2   file float_req_bl_0881.c line 67 function fmod_float
Unwinding loop 3  iteration  3   file float_req_bl_0881.c line 67 function fmod_float
Unwinding loop 3  iteration  4   file float_req_bl_0881.c line 67 function fmod_float
Unwinding loop 3  iteration  5   file float_req_bl_0881.c line 67 function fmod_float
Unwinding loop 3  iteration  6   file float_req_bl_0881.c line 67 function fmod_float
Unwinding loop 3  iteration  7   file float_req_bl_0881.c line 67 function fmod_float
Unwinding loop 3  iteration  8   file float_req_bl_0881.c line 67 function fmod_float
Unwinding loop 3  iteration  9   file float_req_bl_0881.c line 67 function fmod_float
Unwinding loop 3  iteration  10   file float_req_bl_0881.c line 67 function fmod_float
Unwinding loop 3  iteration  11   file float_req_bl_0881.c line 67 function fmod_float
Unwinding loop 3  iteration  12   file float_req_bl_0881.c line 67 function fmod_float
Unwinding loop 3  iteration  13   file float_req_bl_0881.c line 67 function fmod_float
Unwinding loop 3  iteration  14   file float_req_bl_0881.c line 67 function fmod_float
Unwinding loop 3  iteration  15   file float_req_bl_0881.c line 67 function fmod_float
Unwinding loop 3  iteration  16   file float_req_bl_0881.c line 67 function fmod_float
Unwinding loop 3  iteration  17   file float_req_bl_0881.c line 67 function fmod_float
Unwinding loop 3  iteration  18   file float_req_bl_0881.c line 67 function fmod_float
Unwinding loop 3  iteration  19   file float_req_bl_0881.c line 67 function fmod_float
Unwinding loop 3  iteration  20   file float_req_bl_0881.c line 67 function fmod_float
Not unwinding 
Unwinding loop 4  iteration  1   file float_req_bl_0881.c line 84 function fmod_float
Unwinding loop 4  iteration  2   file float_req_bl_0881.c line 84 function fmod_float
Unwinding loop 4  iteration  3   file float_req_bl_0881.c line 84 function fmod_float
Unwinding loop 4  iteration  4   file float_req_bl_0881.c line 84 function fmod_float
Unwinding loop 4  iteration  5   file float_req_bl_0881.c line 84 function fmod_float
Unwinding loop 4  iteration  6   file float_req_bl_0881.c line 84 function fmod_float
Unwinding loop 4  iteration  7   file float_req_bl_0881.c line 84 function fmod_float
Unwinding loop 4  iteration  8   file float_req_bl_0881.c line 84 function fmod_float
Unwinding loop 4  iteration  9   file float_req_bl_0881.c line 84 function fmod_float
Unwinding loop 4  iteration  10   file float_req_bl_0881.c line 84 function fmod_float
Unwinding loop 4  iteration  11   file float_req_bl_0881.c line 84 function fmod_float
Unwinding loop 4  iteration  12   file float_req_bl_0881.c line 84 function fmod_float
Unwinding loop 4  iteration  13   file float_req_bl_0881.c line 84 function fmod_float
Unwinding loop 4  iteration  14   file float_req_bl_0881.c line 84 function fmod_float
Unwinding loop 4  iteration  15   file float_req_bl_0881.c line 84 function fmod_float
Unwinding loop 4  iteration  16   file float_req_bl_0881.c line 84 function fmod_float
Unwinding loop 4  iteration  17   file float_req_bl_0881.c line 84 function fmod_float
Unwinding loop 4  iteration  18   file float_req_bl_0881.c line 84 function fmod_float
Unwinding loop 4  iteration  19   file float_req_bl_0881.c line 84 function fmod_float
Unwinding loop 4  iteration  20   file float_req_bl_0881.c line 84 function fmod_float
Not unwinding 
Unwinding loop 5  iteration  1   file float_req_bl_0881.c line 133 function __ieee754_sqrtf
Unwinding loop 5  iteration  2   file float_req_bl_0881.c line 133 function __ieee754_sqrtf
Unwinding loop 5  iteration  3   file float_req_bl_0881.c line 133 function __ieee754_sqrtf
Unwinding loop 5  iteration  4   file float_req_bl_0881.c line 133 function __ieee754_sqrtf
Unwinding loop 5  iteration  5   file float_req_bl_0881.c line 133 function __ieee754_sqrtf
Unwinding loop 5  iteration  6   file float_req_bl_0881.c line 133 function __ieee754_sqrtf
Unwinding loop 5  iteration  7   file float_req_bl_0881.c line 133 function __ieee754_sqrtf
Unwinding loop 5  iteration  8   file float_req_bl_0881.c line 133 function __ieee754_sqrtf
Unwinding loop 5  iteration  9   file float_req_bl_0881.c line 133 function __ieee754_sqrtf
Unwinding loop 5  iteration  10   file float_req_bl_0881.c line 133 function __ieee754_sqrtf
Unwinding loop 5  iteration  11   file float_req_bl_0881.c line 133 function __ieee754_sqrtf
Unwinding loop 5  iteration  12   file float_req_bl_0881.c line 133 function __ieee754_sqrtf
Unwinding loop 5  iteration  13   file float_req_bl_0881.c line 133 function __ieee754_sqrtf
Unwinding loop 5  iteration  14   file float_req_bl_0881.c line 133 function __ieee754_sqrtf
Unwinding loop 5  iteration  15   file float_req_bl_0881.c line 133 function __ieee754_sqrtf
Unwinding loop 5  iteration  16   file float_req_bl_0881.c line 133 function __ieee754_sqrtf
Unwinding loop 5  iteration  17   file float_req_bl_0881.c line 133 function __ieee754_sqrtf
Unwinding loop 5  iteration  18   file float_req_bl_0881.c line 133 function __ieee754_sqrtf
Unwinding loop 5  iteration  19   file float_req_bl_0881.c line 133 function __ieee754_sqrtf
Unwinding loop 5  iteration  20   file float_req_bl_0881.c line 133 function __ieee754_sqrtf
Not unwinding 
Unwinding loop 6  iteration  1   file float_req_bl_0881.c line 147 function __ieee754_sqrtf
Unwinding loop 6  iteration  2   file float_req_bl_0881.c line 147 function __ieee754_sqrtf
Unwinding loop 6  iteration  3   file float_req_bl_0881.c line 147 function __ieee754_sqrtf
Unwinding loop 6  iteration  4   file float_req_bl_0881.c line 147 function __ieee754_sqrtf
Unwinding loop 6  iteration  5   file float_req_bl_0881.c line 147 function __ieee754_sqrtf
Unwinding loop 6  iteration  6   file float_req_bl_0881.c line 147 function __ieee754_sqrtf
Unwinding loop 6  iteration  7   file float_req_bl_0881.c line 147 function __ieee754_sqrtf
Unwinding loop 6  iteration  8   file float_req_bl_0881.c line 147 function __ieee754_sqrtf
Unwinding loop 6  iteration  9   file float_req_bl_0881.c line 147 function __ieee754_sqrtf
Unwinding loop 6  iteration  10   file float_req_bl_0881.c line 147 function __ieee754_sqrtf
Unwinding loop 6  iteration  11   file float_req_bl_0881.c line 147 function __ieee754_sqrtf
Unwinding loop 6  iteration  12   file float_req_bl_0881.c line 147 function __ieee754_sqrtf
Unwinding loop 6  iteration  13   file float_req_bl_0881.c line 147 function __ieee754_sqrtf
Unwinding loop 6  iteration  14   file float_req_bl_0881.c line 147 function __ieee754_sqrtf
Unwinding loop 6  iteration  15   file float_req_bl_0881.c line 147 function __ieee754_sqrtf
Unwinding loop 6  iteration  16   file float_req_bl_0881.c line 147 function __ieee754_sqrtf
Unwinding loop 6  iteration  17   file float_req_bl_0881.c line 147 function __ieee754_sqrtf
Unwinding loop 6  iteration  18   file float_req_bl_0881.c line 147 function __ieee754_sqrtf
Unwinding loop 6  iteration  19   file float_req_bl_0881.c line 147 function __ieee754_sqrtf
Unwinding loop 6  iteration  20   file float_req_bl_0881.c line 147 function __ieee754_sqrtf
Not unwinding 
Symex completed in: 0.321s (1837 assignments)
Slicing time: 0.064s (removed 928 assignments)
Generated 1 VCC(s), 1 remaining after simplification (909 assignments)
No solver specified; defaulting to Boolector
Encoding remaining VCC(s) using bit-vector/floating-point arithmetic
Encoding to solver time: 0.249s
Solving with solver Boolector 3.2.2
Encoding to solver time: 0.249s
Runtime decision procedure: 0.535s
BMC program time: 1.169s
No bug has been found in the base case
*** Checking forward condition, k = 21
Starting Bounded Model Checking
Unwinding loop 1  iteration  1   file float_req_bl_0881.c line 43 function fmod_float
Unwinding loop 1  iteration  2   file float_req_bl_0881.c line 43 function fmod_float
Unwinding loop 1  iteration  3   file float_req_bl_0881.c line 43 function fmod_float
Unwinding loop 1  iteration  4   file float_req_bl_0881.c line 43 function fmod_float
Unwinding loop 1  iteration  5   file float_req_bl_0881.c line 43 function fmod_float
Unwinding loop 1  iteration  6   file float_req_bl_0881.c line 43 function fmod_float
Unwinding loop 1  iteration  7   file float_req_bl_0881.c line 43 function fmod_float
Unwinding loop 1  iteration  8   file float_req_bl_0881.c line 43 function fmod_float
Unwinding loop 1  iteration  9   file float_req_bl_0881.c line 43 function fmod_float
Unwinding loop 1  iteration  10   file float_req_bl_0881.c line 43 function fmod_float
Unwinding loop 1  iteration  11   file float_req_bl_0881.c line 43 function fmod_float
Unwinding loop 1  iteration  12   file float_req_bl_0881.c line 43 function fmod_float
Unwinding loop 1  iteration  13   file float_req_bl_0881.c line 43 function fmod_float
Unwinding loop 1  iteration  14   file float_req_bl_0881.c line 43 function fmod_float
Unwinding loop 1  iteration  15   file float_req_bl_0881.c line 43 function fmod_float
Unwinding loop 1  iteration  16   file float_req_bl_0881.c line 43 function fmod_float
Unwinding loop 1  iteration  17   file float_req_bl_0881.c line 43 function fmod_float
Unwinding loop 1  iteration  18   file float_req_bl_0881.c line 43 function fmod_float
Unwinding loop 1  iteration  19   file float_req_bl_0881.c line 43 function fmod_float
Unwinding loop 1  iteration  20   file float_req_bl_0881.c line 43 function fmod_float
Not unwinding 
Unwinding loop 2  iteration  1   file float_req_bl_0881.c line 49 function fmod_float
Unwinding loop 2  iteration  2   file float_req_bl_0881.c line 49 function fmod_float
Unwinding loop 2  iteration  3   file float_req_bl_0881.c line 49 function fmod_float
Unwinding loop 2  iteration  4   file float_req_bl_0881.c line 49 function fmod_float
Unwinding loop 2  iteration  5   file float_req_bl_0881.c line 49 function fmod_float
Unwinding loop 2  iteration  6   file float_req_bl_0881.c line 49 function fmod_float
Unwinding loop 2  iteration  7   file float_req_bl_0881.c line 49 function fmod_float
Unwinding loop 2  iteration  8   file float_req_bl_0881.c line 49 function fmod_float
Unwinding loop 2  iteration  9   file float_req_bl_0881.c line 49 function fmod_float
Unwinding loop 2  iteration  10   file float_req_bl_0881.c line 49 function fmod_float
Unwinding loop 2  iteration  11   file float_req_bl_0881.c line 49 function fmod_float
Unwinding loop 2  iteration  12   file float_req_bl_0881.c line 49 function fmod_float
Unwinding loop 2  iteration  13   file float_req_bl_0881.c line 49 function fmod_float
Unwinding loop 2  iteration  14   file float_req_bl_0881.c line 49 function fmod_float
Unwinding loop 2  iteration  15   file float_req_bl_0881.c line 49 function fmod_float
Unwinding loop 2  iteration  16   file float_req_bl_0881.c line 49 function fmod_float
Unwinding loop 2  iteration  17   file float_req_bl_0881.c line 49 function fmod_float
Unwinding loop 2  iteration  18   file float_req_bl_0881.c line 49 function fmod_float
Unwinding loop 2  iteration  19   file float_req_bl_0881.c line 49 function fmod_float
Unwinding loop 2  iteration  20   file float_req_bl_0881.c line 49 function fmod_float
Not unwinding 
Unwinding loop 3  iteration  1   file float_req_bl_0881.c line 67 function fmod_float
Unwinding loop 3  iteration  2   file float_req_bl_0881.c line 67 function fmod_float
Unwinding loop 3  iteration  3   file float_req_bl_0881.c line 67 function fmod_float
Unwinding loop 3  iteration  4   file float_req_bl_0881.c line 67 function fmod_float
Unwinding loop 3  iteration  5   file float_req_bl_0881.c line 67 function fmod_float
Unwinding loop 3  iteration  6   file float_req_bl_0881.c line 67 function fmod_float
Unwinding loop 3  iteration  7   file float_req_bl_0881.c line 67 function fmod_float
Unwinding loop 3  iteration  8   file float_req_bl_0881.c line 67 function fmod_float
Unwinding loop 3  iteration  9   file float_req_bl_0881.c line 67 function fmod_float
Unwinding loop 3  iteration  10   file float_req_bl_0881.c line 67 function fmod_float
Unwinding loop 3  iteration  11   file float_req_bl_0881.c line 67 function fmod_float
Unwinding loop 3  iteration  12   file float_req_bl_0881.c line 67 function fmod_float
Unwinding loop 3  iteration  13   file float_req_bl_0881.c line 67 function fmod_float
Unwinding loop 3  iteration  14   file float_req_bl_0881.c line 67 function fmod_float
Unwinding loop 3  iteration  15   file float_req_bl_0881.c line 67 function fmod_float
Unwinding loop 3  iteration  16   file float_req_bl_0881.c line 67 function fmod_float
Unwinding loop 3  iteration  17   file float_req_bl_0881.c line 67 function fmod_float
Unwinding loop 3  iteration  18   file float_req_bl_0881.c line 67 function fmod_float
Unwinding loop 3  iteration  19   file float_req_bl_0881.c line 67 function fmod_float
Unwinding loop 3  iteration  20   file float_req_bl_0881.c line 67 function fmod_float
Not unwinding 
Unwinding loop 4  iteration  1   file float_req_bl_0881.c line 84 function fmod_float
Unwinding loop 4  iteration  2   file float_req_bl_0881.c line 84 function fmod_float
Unwinding loop 4  iteration  3   file float_req_bl_0881.c line 84 function fmod_float
Unwinding loop 4  iteration  4   file float_req_bl_0881.c line 84 function fmod_float
Unwinding loop 4  iteration  5   file float_req_bl_0881.c line 84 function fmod_float
Unwinding loop 4  iteration  6   file float_req_bl_0881.c line 84 function fmod_float
Unwinding loop 4  iteration  7   file float_req_bl_0881.c line 84 function fmod_float
Unwinding loop 4  iteration  8   file float_req_bl_0881.c line 84 function fmod_float
Unwinding loop 4  iteration  9   file float_req_bl_0881.c line 84 function fmod_float
Unwinding loop 4  iteration  10   file float_req_bl_0881.c line 84 function fmod_float
Unwinding loop 4  iteration  11   file float_req_bl_0881.c line 84 function fmod_float
Unwinding loop 4  iteration  12   file float_req_bl_0881.c line 84 function fmod_float
Unwinding loop 4  iteration  13   file float_req_bl_0881.c line 84 function fmod_float
Unwinding loop 4  iteration  14   file float_req_bl_0881.c line 84 function fmod_float
Unwinding loop 4  iteration  15   file float_req_bl_0881.c line 84 function fmod_float
Unwinding loop 4  iteration  16   file float_req_bl_0881.c line 84 function fmod_float
Unwinding loop 4  iteration  17   file float_req_bl_0881.c line 84 function fmod_float
Unwinding loop 4  iteration  18   file float_req_bl_0881.c line 84 function fmod_float
Unwinding loop 4  iteration  19   file float_req_bl_0881.c line 84 function fmod_float
Unwinding loop 4  iteration  20   file float_req_bl_0881.c line 84 function fmod_float
Not unwinding 
Unwinding loop 5  iteration  1   file float_req_bl_0881.c line 133 function __ieee754_sqrtf
Unwinding loop 5  iteration  2   file float_req_bl_0881.c line 133 function __ieee754_sqrtf
Unwinding loop 5  iteration  3   file float_req_bl_0881.c line 133 function __ieee754_sqrtf
Unwinding loop 5  iteration  4   file float_req_bl_0881.c line 133 function __ieee754_sqrtf
Unwinding loop 5  iteration  5   file float_req_bl_0881.c line 133 function __ieee754_sqrtf
Unwinding loop 5  iteration  6   file float_req_bl_0881.c line 133 function __ieee754_sqrtf
Unwinding loop 5  iteration  7   file float_req_bl_0881.c line 133 function __ieee754_sqrtf
Unwinding loop 5  iteration  8   file float_req_bl_0881.c line 133 function __ieee754_sqrtf
Unwinding loop 5  iteration  9   file float_req_bl_0881.c line 133 function __ieee754_sqrtf
Unwinding loop 5  iteration  10   file float_req_bl_0881.c line 133 function __ieee754_sqrtf
Unwinding loop 5  iteration  11   file float_req_bl_0881.c line 133 function __ieee754_sqrtf
Unwinding loop 5  iteration  12   file float_req_bl_0881.c line 133 function __ieee754_sqrtf
Unwinding loop 5  iteration  13   file float_req_bl_0881.c line 133 function __ieee754_sqrtf
Unwinding loop 5  iteration  14   file float_req_bl_0881.c line 133 function __ieee754_sqrtf
Unwinding loop 5  iteration  15   file float_req_bl_0881.c line 133 function __ieee754_sqrtf
Unwinding loop 5  iteration  16   file float_req_bl_0881.c line 133 function __ieee754_sqrtf
Unwinding loop 5  iteration  17   file float_req_bl_0881.c line 133 function __ieee754_sqrtf
Unwinding loop 5  iteration  18   file float_req_bl_0881.c line 133 function __ieee754_sqrtf
Unwinding loop 5  iteration  19   file float_req_bl_0881.c line 133 function __ieee754_sqrtf
Unwinding loop 5  iteration  20   file float_req_bl_0881.c line 133 function __ieee754_sqrtf
Not unwinding 
Unwinding loop 6  iteration  1   file float_req_bl_0881.c line 147 function __ieee754_sqrtf
Unwinding loop 6  iteration  2   file float_req_bl_0881.c line 147 function __ieee754_sqrtf
Unwinding loop 6  iteration  3   file float_req_bl_0881.c line 147 function __ieee754_sqrtf
Unwinding loop 6  iteration  4   file float_req_bl_0881.c line 147 function __ieee754_sqrtf
Unwinding loop 6  iteration  5   file float_req_bl_0881.c line 147 function __ieee754_sqrtf
Unwinding loop 6  iteration  6   file float_req_bl_0881.c line 147 function __ieee754_sqrtf
Unwinding loop 6  iteration  7   file float_req_bl_0881.c line 147 function __ieee754_sqrtf
Unwinding loop 6  iteration  8   file float_req_bl_0881.c line 147 function __ieee754_sqrtf
Unwinding loop 6  iteration  9   file float_req_bl_0881.c line 147 function __ieee754_sqrtf
Unwinding loop 6  iteration  10   file float_req_bl_0881.c line 147 function __ieee754_sqrtf
Unwinding loop 6  iteration  11   file float_req_bl_0881.c line 147 function __ieee754_sqrtf
Unwinding loop 6  iteration  12   file float_req_bl_0881.c line 147 function __ieee754_sqrtf
Unwinding loop 6  iteration  13   file float_req_bl_0881.c line 147 function __ieee754_sqrtf
Unwinding loop 6  iteration  14   file float_req_bl_0881.c line 147 function __ieee754_sqrtf
Unwinding loop 6  iteration  15   file float_req_bl_0881.c line 147 function __ieee754_sqrtf
Unwinding loop 6  iteration  16   file float_req_bl_0881.c line 147 function __ieee754_sqrtf
Unwinding loop 6  iteration  17   file float_req_bl_0881.c line 147 function __ieee754_sqrtf
Unwinding loop 6  iteration  18   file float_req_bl_0881.c line 147 function __ieee754_sqrtf
Unwinding loop 6  iteration  19   file float_req_bl_0881.c line 147 function __ieee754_sqrtf
Unwinding loop 6  iteration  20   file float_req_bl_0881.c line 147 function __ieee754_sqrtf
Not unwinding 
Symex completed in: 0.341s (1836 assignments)
Slicing time: 0.065s (removed 928 assignments)
Generated 6 VCC(s), 6 remaining after simplification (908 assignments)
No solver specified; defaulting to Boolector
Encoding remaining VCC(s) using bit-vector/floating-point arithmetic
Encoding to solver time: 0.287s
Solving with solver Boolector 3.2.2
Encoding to solver time: 0.287s
Runtime decision procedure: 0.700s
The forward condition is unable to prove the property
*** Checking base case, k = 26
Starting Bounded Model Checking
Unwinding loop 1  iteration  1   file float_req_bl_0881.c line 43 function fmod_float
Unwinding loop 1  iteration  2   file float_req_bl_0881.c line 43 function fmod_float
Unwinding loop 1  iteration  3   file float_req_bl_0881.c line 43 function fmod_float
Unwinding loop 1  iteration  4   file float_req_bl_0881.c line 43 function fmod_float
Unwinding loop 1  iteration  5   file float_req_bl_0881.c line 43 function fmod_float
Unwinding loop 1  iteration  6   file float_req_bl_0881.c line 43 function fmod_float
Unwinding loop 1  iteration  7   file float_req_bl_0881.c line 43 function fmod_float
Unwinding loop 1  iteration  8   file float_req_bl_0881.c line 43 function fmod_float
Unwinding loop 1  iteration  9   file float_req_bl_0881.c line 43 function fmod_float
Unwinding loop 1  iteration  10   file float_req_bl_0881.c line 43 function fmod_float
Unwinding loop 1  iteration  11   file float_req_bl_0881.c line 43 function fmod_float
Unwinding loop 1  iteration  12   file float_req_bl_0881.c line 43 function fmod_float
Unwinding loop 1  iteration  13   file float_req_bl_0881.c line 43 function fmod_float
Unwinding loop 1  iteration  14   file float_req_bl_0881.c line 43 function fmod_float
Unwinding loop 1  iteration  15   file float_req_bl_0881.c line 43 function fmod_float
Unwinding loop 1  iteration  16   file float_req_bl_0881.c line 43 function fmod_float
Unwinding loop 1  iteration  17   file float_req_bl_0881.c line 43 function fmod_float
Unwinding loop 1  iteration  18   file float_req_bl_0881.c line 43 function fmod_float
Unwinding loop 1  iteration  19   file float_req_bl_0881.c line 43 function fmod_float
Unwinding loop 1  iteration  20   file float_req_bl_0881.c line 43 function fmod_float
Unwinding loop 1  iteration  21   file float_req_bl_0881.c line 43 function fmod_float
Unwinding loop 1  iteration  22   file float_req_bl_0881.c line 43 function fmod_float
Unwinding loop 1  iteration  23   file float_req_bl_0881.c line 43 function fmod_float
Unwinding loop 1  iteration  24   file float_req_bl_0881.c line 43 function fmod_float
Unwinding loop 1  iteration  25   file float_req_bl_0881.c line 43 function fmod_float
Not unwinding 
Unwinding loop 2  iteration  1   file float_req_bl_0881.c line 49 function fmod_float
Unwinding loop 2  iteration  2   file float_req_bl_0881.c line 49 function fmod_float
Unwinding loop 2  iteration  3   file float_req_bl_0881.c line 49 function fmod_float
Unwinding loop 2  iteration  4   file float_req_bl_0881.c line 49 function fmod_float
Unwinding loop 2  iteration  5   file float_req_bl_0881.c line 49 function fmod_float
Unwinding loop 2  iteration  6   file float_req_bl_0881.c line 49 function fmod_float
Unwinding loop 2  iteration  7   file float_req_bl_0881.c line 49 function fmod_float
Unwinding loop 2  iteration  8   file float_req_bl_0881.c line 49 function fmod_float
Unwinding loop 2  iteration  9   file float_req_bl_0881.c line 49 function fmod_float
Unwinding loop 2  iteration  10   file float_req_bl_0881.c line 49 function fmod_float
Unwinding loop 2  iteration  11   file float_req_bl_0881.c line 49 function fmod_float
Unwinding loop 2  iteration  12   file float_req_bl_0881.c line 49 function fmod_float
Unwinding loop 2  iteration  13   file float_req_bl_0881.c line 49 function fmod_float
Unwinding loop 2  iteration  14   file float_req_bl_0881.c line 49 function fmod_float
Unwinding loop 2  iteration  15   file float_req_bl_0881.c line 49 function fmod_float
Unwinding loop 2  iteration  16   file float_req_bl_0881.c line 49 function fmod_float
Unwinding loop 2  iteration  17   file float_req_bl_0881.c line 49 function fmod_float
Unwinding loop 2  iteration  18   file float_req_bl_0881.c line 49 function fmod_float
Unwinding loop 2  iteration  19   file float_req_bl_0881.c line 49 function fmod_float
Unwinding loop 2  iteration  20   file float_req_bl_0881.c line 49 function fmod_float
Unwinding loop 2  iteration  21   file float_req_bl_0881.c line 49 function fmod_float
Unwinding loop 2  iteration  22   file float_req_bl_0881.c line 49 function fmod_float
Unwinding loop 2  iteration  23   file float_req_bl_0881.c line 49 function fmod_float
Unwinding loop 2  iteration  24   file float_req_bl_0881.c line 49 function fmod_float
Unwinding loop 2  iteration  25   file float_req_bl_0881.c line 49 function fmod_float
Not unwinding 
Unwinding loop 3  iteration  1   file float_req_bl_0881.c line 67 function fmod_float
Unwinding loop 3  iteration  2   file float_req_bl_0881.c line 67 function fmod_float
Unwinding loop 3  iteration  3   file float_req_bl_0881.c line 67 function fmod_float
Unwinding loop 3  iteration  4   file float_req_bl_0881.c line 67 function fmod_float
Unwinding loop 3  iteration  5   file float_req_bl_0881.c line 67 function fmod_float
Unwinding loop 3  iteration  6   file float_req_bl_0881.c line 67 function fmod_float
Unwinding loop 3  iteration  7   file float_req_bl_0881.c line 67 function fmod_float
Unwinding loop 3  iteration  8   file float_req_bl_0881.c line 67 function fmod_float
Unwinding loop 3  iteration  9   file float_req_bl_0881.c line 67 function fmod_float
Unwinding loop 3  iteration  10   file float_req_bl_0881.c line 67 function fmod_float
Unwinding loop 3  iteration  11   file float_req_bl_0881.c line 67 function fmod_float
Unwinding loop 3  iteration  12   file float_req_bl_0881.c line 67 function fmod_float
Unwinding loop 3  iteration  13   file float_req_bl_0881.c line 67 function fmod_float
Unwinding loop 3  iteration  14   file float_req_bl_0881.c line 67 function fmod_float
Unwinding loop 3  iteration  15   file float_req_bl_0881.c line 67 function fmod_float
Unwinding loop 3  iteration  16   file float_req_bl_0881.c line 67 function fmod_float
Unwinding loop 3  iteration  17   file float_req_bl_0881.c line 67 function fmod_float
Unwinding loop 3  iteration  18   file float_req_bl_0881.c line 67 function fmod_float
Unwinding loop 3  iteration  19   file float_req_bl_0881.c line 67 function fmod_float
Unwinding loop 3  iteration  20   file float_req_bl_0881.c line 67 function fmod_float
Unwinding loop 3  iteration  21   file float_req_bl_0881.c line 67 function fmod_float
Unwinding loop 3  iteration  22   file float_req_bl_0881.c line 67 function fmod_float
Unwinding loop 3  iteration  23   file float_req_bl_0881.c line 67 function fmod_float
Unwinding loop 3  iteration  24   file float_req_bl_0881.c line 67 function fmod_float
Unwinding loop 3  iteration  25   file float_req_bl_0881.c line 67 function fmod_float
Not unwinding 
Unwinding loop 4  iteration  1   file float_req_bl_0881.c line 84 function fmod_float
Unwinding loop 4  iteration  2   file float_req_bl_0881.c line 84 function fmod_float
Unwinding loop 4  iteration  3   file float_req_bl_0881.c line 84 function fmod_float
Unwinding loop 4  iteration  4   file float_req_bl_0881.c line 84 function fmod_float
Unwinding loop 4  iteration  5   file float_req_bl_0881.c line 84 function fmod_float
Unwinding loop 4  iteration  6   file float_req_bl_0881.c line 84 function fmod_float
Unwinding loop 4  iteration  7   file float_req_bl_0881.c line 84 function fmod_float
Unwinding loop 4  iteration  8   file float_req_bl_0881.c line 84 function fmod_float
Unwinding loop 4  iteration  9   file float_req_bl_0881.c line 84 function fmod_float
Unwinding loop 4  iteration  10   file float_req_bl_0881.c line 84 function fmod_float
Unwinding loop 4  iteration  11   file float_req_bl_0881.c line 84 function fmod_float
Unwinding loop 4  iteration  12   file float_req_bl_0881.c line 84 function fmod_float
Unwinding loop 4  iteration  13   file float_req_bl_0881.c line 84 function fmod_float
Unwinding loop 4  iteration  14   file float_req_bl_0881.c line 84 function fmod_float
Unwinding loop 4  iteration  15   file float_req_bl_0881.c line 84 function fmod_float
Unwinding loop 4  iteration  16   file float_req_bl_0881.c line 84 function fmod_float
Unwinding loop 4  iteration  17   file float_req_bl_0881.c line 84 function fmod_float
Unwinding loop 4  iteration  18   file float_req_bl_0881.c line 84 function fmod_float
Unwinding loop 4  iteration  19   file float_req_bl_0881.c line 84 function fmod_float
Unwinding loop 4  iteration  20   file float_req_bl_0881.c line 84 function fmod_float
Unwinding loop 4  iteration  21   file float_req_bl_0881.c line 84 function fmod_float
Unwinding loop 4  iteration  22   file float_req_bl_0881.c line 84 function fmod_float
Unwinding loop 4  iteration  23   file float_req_bl_0881.c line 84 function fmod_float
Unwinding loop 4  iteration  24   file float_req_bl_0881.c line 84 function fmod_float
Unwinding loop 4  iteration  25   file float_req_bl_0881.c line 84 function fmod_float
Not unwinding 
Unwinding loop 5  iteration  1   file float_req_bl_0881.c line 133 function __ieee754_sqrtf
Unwinding loop 5  iteration  2   file float_req_bl_0881.c line 133 function __ieee754_sqrtf
Unwinding loop 5  iteration  3   file float_req_bl_0881.c line 133 function __ieee754_sqrtf
Unwinding loop 5  iteration  4   file float_req_bl_0881.c line 133 function __ieee754_sqrtf
Unwinding loop 5  iteration  5   file float_req_bl_0881.c line 133 function __ieee754_sqrtf
Unwinding loop 5  iteration  6   file float_req_bl_0881.c line 133 function __ieee754_sqrtf
Unwinding loop 5  iteration  7   file float_req_bl_0881.c line 133 function __ieee754_sqrtf
Unwinding loop 5  iteration  8   file float_req_bl_0881.c line 133 function __ieee754_sqrtf
Unwinding loop 5  iteration  9   file float_req_bl_0881.c line 133 function __ieee754_sqrtf
Unwinding loop 5  iteration  10   file float_req_bl_0881.c line 133 function __ieee754_sqrtf
Unwinding loop 5  iteration  11   file float_req_bl_0881.c line 133 function __ieee754_sqrtf
Unwinding loop 5  iteration  12   file float_req_bl_0881.c line 133 function __ieee754_sqrtf
Unwinding loop 5  iteration  13   file float_req_bl_0881.c line 133 function __ieee754_sqrtf
Unwinding loop 5  iteration  14   file float_req_bl_0881.c line 133 function __ieee754_sqrtf
Unwinding loop 5  iteration  15   file float_req_bl_0881.c line 133 function __ieee754_sqrtf
Unwinding loop 5  iteration  16   file float_req_bl_0881.c line 133 function __ieee754_sqrtf
Unwinding loop 5  iteration  17   file float_req_bl_0881.c line 133 function __ieee754_sqrtf
Unwinding loop 5  iteration  18   file float_req_bl_0881.c line 133 function __ieee754_sqrtf
Unwinding loop 5  iteration  19   file float_req_bl_0881.c line 133 function __ieee754_sqrtf
Unwinding loop 5  iteration  20   file float_req_bl_0881.c line 133 function __ieee754_sqrtf
Unwinding loop 5  iteration  21   file float_req_bl_0881.c line 133 function __ieee754_sqrtf
Unwinding loop 5  iteration  22   file float_req_bl_0881.c line 133 function __ieee754_sqrtf
Unwinding loop 5  iteration  23   file float_req_bl_0881.c line 133 function __ieee754_sqrtf
Unwinding loop 5  iteration  24   file float_req_bl_0881.c line 133 function __ieee754_sqrtf
Unwinding loop 5  iteration  25   file float_req_bl_0881.c line 133 function __ieee754_sqrtf
Not unwinding 
Unwinding loop 6  iteration  1   file float_req_bl_0881.c line 147 function __ieee754_sqrtf
Unwinding loop 6  iteration  2   file float_req_bl_0881.c line 147 function __ieee754_sqrtf
Unwinding loop 6  iteration  3   file float_req_bl_0881.c line 147 function __ieee754_sqrtf
Unwinding loop 6  iteration  4   file float_req_bl_0881.c line 147 function __ieee754_sqrtf
Unwinding loop 6  iteration  5   file float_req_bl_0881.c line 147 function __ieee754_sqrtf
Unwinding loop 6  iteration  6   file float_req_bl_0881.c line 147 function __ieee754_sqrtf
Unwinding loop 6  iteration  7   file float_req_bl_0881.c line 147 function __ieee754_sqrtf
Unwinding loop 6  iteration  8   file float_req_bl_0881.c line 147 function __ieee754_sqrtf
Unwinding loop 6  iteration  9   file float_req_bl_0881.c line 147 function __ieee754_sqrtf
Unwinding loop 6  iteration  10   file float_req_bl_0881.c line 147 function __ieee754_sqrtf
Unwinding loop 6  iteration  11   file float_req_bl_0881.c line 147 function __ieee754_sqrtf
Unwinding loop 6  iteration  12   file float_req_bl_0881.c line 147 function __ieee754_sqrtf
Unwinding loop 6  iteration  13   file float_req_bl_0881.c line 147 function __ieee754_sqrtf
Unwinding loop 6  iteration  14   file float_req_bl_0881.c line 147 function __ieee754_sqrtf
Unwinding loop 6  iteration  15   file float_req_bl_0881.c line 147 function __ieee754_sqrtf
Unwinding loop 6  iteration  16   file float_req_bl_0881.c line 147 function __ieee754_sqrtf
Unwinding loop 6  iteration  17   file float_req_bl_0881.c line 147 function __ieee754_sqrtf
Unwinding loop 6  iteration  18   file float_req_bl_0881.c line 147 function __ieee754_sqrtf
Unwinding loop 6  iteration  19   file float_req_bl_0881.c line 147 function __ieee754_sqrtf
Unwinding loop 6  iteration  20   file float_req_bl_0881.c line 147 function __ieee754_sqrtf
Unwinding loop 6  iteration  21   file float_req_bl_0881.c line 147 function __ieee754_sqrtf
Unwinding loop 6  iteration  22   file float_req_bl_0881.c line 147 function __ieee754_sqrtf
Unwinding loop 6  iteration  23   file float_req_bl_0881.c line 147 function __ieee754_sqrtf
Unwinding loop 6  iteration  24   file float_req_bl_0881.c line 147 function __ieee754_sqrtf
Unwinding loop 6  iteration  25   file float_req_bl_0881.c line 147 function __ieee754_sqrtf
Symex completed in: 0.464s (2110 assignments)
Slicing time: 0.102s (removed 786 assignments)
Generated 1 VCC(s), 1 remaining after simplification (1324 assignments)
No solver specified; defaulting to Boolector
Encoding remaining VCC(s) using bit-vector/floating-point arithmetic
Encoding to solver time: 0.247s
Solving with solver Boolector 3.2.2
Encoding to solver time: 0.247s
Runtime decision procedure: 0.547s
BMC program time: 1.360s
No bug has been found in the base case
*** Checking forward condition, k = 26
Starting Bounded Model Checking
Unwinding loop 1  iteration  1   file float_req_bl_0881.c line 43 function fmod_float
Unwinding loop 1  iteration  2   file float_req_bl_0881.c line 43 function fmod_float
Unwinding loop 1  iteration  3   file float_req_bl_0881.c line 43 function fmod_float
Unwinding loop 1  iteration  4   file float_req_bl_0881.c line 43 function fmod_float
Unwinding loop 1  iteration  5   file float_req_bl_0881.c line 43 function fmod_float
Unwinding loop 1  iteration  6   file float_req_bl_0881.c line 43 function fmod_float
Unwinding loop 1  iteration  7   file float_req_bl_0881.c line 43 function fmod_float
Unwinding loop 1  iteration  8   file float_req_bl_0881.c line 43 function fmod_float
Unwinding loop 1  iteration  9   file float_req_bl_0881.c line 43 function fmod_float
Unwinding loop 1  iteration  10   file float_req_bl_0881.c line 43 function fmod_float
Unwinding loop 1  iteration  11   file float_req_bl_0881.c line 43 function fmod_float
Unwinding loop 1  iteration  12   file float_req_bl_0881.c line 43 function fmod_float
Unwinding loop 1  iteration  13   file float_req_bl_0881.c line 43 function fmod_float
Unwinding loop 1  iteration  14   file float_req_bl_0881.c line 43 function fmod_float
Unwinding loop 1  iteration  15   file float_req_bl_0881.c line 43 function fmod_float
Unwinding loop 1  iteration  16   file float_req_bl_0881.c line 43 function fmod_float
Unwinding loop 1  iteration  17   file float_req_bl_0881.c line 43 function fmod_float
Unwinding loop 1  iteration  18   file float_req_bl_0881.c line 43 function fmod_float
Unwinding loop 1  iteration  19   file float_req_bl_0881.c line 43 function fmod_float
Unwinding loop 1  iteration  20   file float_req_bl_0881.c line 43 function fmod_float
Unwinding loop 1  iteration  21   file float_req_bl_0881.c line 43 function fmod_float
Unwinding loop 1  iteration  22   file float_req_bl_0881.c line 43 function fmod_float
Unwinding loop 1  iteration  23   file float_req_bl_0881.c line 43 function fmod_float
Unwinding loop 1  iteration  24   file float_req_bl_0881.c line 43 function fmod_float
Unwinding loop 1  iteration  25   file float_req_bl_0881.c line 43 function fmod_float
Not unwinding 
Unwinding loop 2  iteration  1   file float_req_bl_0881.c line 49 function fmod_float
Unwinding loop 2  iteration  2   file float_req_bl_0881.c line 49 function fmod_float
Unwinding loop 2  iteration  3   file float_req_bl_0881.c line 49 function fmod_float
Unwinding loop 2  iteration  4   file float_req_bl_0881.c line 49 function fmod_float
Unwinding loop 2  iteration  5   file float_req_bl_0881.c line 49 function fmod_float
Unwinding loop 2  iteration  6   file float_req_bl_0881.c line 49 function fmod_float
Unwinding loop 2  iteration  7   file float_req_bl_0881.c line 49 function fmod_float
Unwinding loop 2  iteration  8   file float_req_bl_0881.c line 49 function fmod_float
Unwinding loop 2  iteration  9   file float_req_bl_0881.c line 49 function fmod_float
Unwinding loop 2  iteration  10   file float_req_bl_0881.c line 49 function fmod_float
Unwinding loop 2  iteration  11   file float_req_bl_0881.c line 49 function fmod_float
Unwinding loop 2  iteration  12   file float_req_bl_0881.c line 49 function fmod_float
Unwinding loop 2  iteration  13   file float_req_bl_0881.c line 49 function fmod_float
Unwinding loop 2  iteration  14   file float_req_bl_0881.c line 49 function fmod_float
Unwinding loop 2  iteration  15   file float_req_bl_0881.c line 49 function fmod_float
Unwinding loop 2  iteration  16   file float_req_bl_0881.c line 49 function fmod_float
Unwinding loop 2  iteration  17   file float_req_bl_0881.c line 49 function fmod_float
Unwinding loop 2  iteration  18   file float_req_bl_0881.c line 49 function fmod_float
Unwinding loop 2  iteration  19   file float_req_bl_0881.c line 49 function fmod_float
Unwinding loop 2  iteration  20   file float_req_bl_0881.c line 49 function fmod_float
Unwinding loop 2  iteration  21   file float_req_bl_0881.c line 49 function fmod_float
Unwinding loop 2  iteration  22   file float_req_bl_0881.c line 49 function fmod_float
Unwinding loop 2  iteration  23   file float_req_bl_0881.c line 49 function fmod_float
Unwinding loop 2  iteration  24   file float_req_bl_0881.c line 49 function fmod_float
Unwinding loop 2  iteration  25   file float_req_bl_0881.c line 49 function fmod_float
Not unwinding 
Unwinding loop 3  iteration  1   file float_req_bl_0881.c line 67 function fmod_float
Unwinding loop 3  iteration  2   file float_req_bl_0881.c line 67 function fmod_float
Unwinding loop 3  iteration  3   file float_req_bl_0881.c line 67 function fmod_float
Unwinding loop 3  iteration  4   file float_req_bl_0881.c line 67 function fmod_float
Unwinding loop 3  iteration  5   file float_req_bl_0881.c line 67 function fmod_float
Unwinding loop 3  iteration  6   file float_req_bl_0881.c line 67 function fmod_float
Unwinding loop 3  iteration  7   file float_req_bl_0881.c line 67 function fmod_float
Unwinding loop 3  iteration  8   file float_req_bl_0881.c line 67 function fmod_float
Unwinding loop 3  iteration  9   file float_req_bl_0881.c line 67 function fmod_float
Unwinding loop 3  iteration  10   file float_req_bl_0881.c line 67 function fmod_float
Unwinding loop 3  iteration  11   file float_req_bl_0881.c line 67 function fmod_float
Unwinding loop 3  iteration  12   file float_req_bl_0881.c line 67 function fmod_float
Unwinding loop 3  iteration  13   file float_req_bl_0881.c line 67 function fmod_float
Unwinding loop 3  iteration  14   file float_req_bl_0881.c line 67 function fmod_float
Unwinding loop 3  iteration  15   file float_req_bl_0881.c line 67 function fmod_float
Unwinding loop 3  iteration  16   file float_req_bl_0881.c line 67 function fmod_float
Unwinding loop 3  iteration  17   file float_req_bl_0881.c line 67 function fmod_float
Unwinding loop 3  iteration  18   file float_req_bl_0881.c line 67 function fmod_float
Unwinding loop 3  iteration  19   file float_req_bl_0881.c line 67 function fmod_float
Unwinding loop 3  iteration  20   file float_req_bl_0881.c line 67 function fmod_float
Unwinding loop 3  iteration  21   file float_req_bl_0881.c line 67 function fmod_float
Unwinding loop 3  iteration  22   file float_req_bl_0881.c line 67 function fmod_float
Unwinding loop 3  iteration  23   file float_req_bl_0881.c line 67 function fmod_float
Unwinding loop 3  iteration  24   file float_req_bl_0881.c line 67 function fmod_float
Unwinding loop 3  iteration  25   file float_req_bl_0881.c line 67 function fmod_float
Not unwinding 
Unwinding loop 4  iteration  1   file float_req_bl_0881.c line 84 function fmod_float
Unwinding loop 4  iteration  2   file float_req_bl_0881.c line 84 function fmod_float
Unwinding loop 4  iteration  3   file float_req_bl_0881.c line 84 function fmod_float
Unwinding loop 4  iteration  4   file float_req_bl_0881.c line 84 function fmod_float
Unwinding loop 4  iteration  5   file float_req_bl_0881.c line 84 function fmod_float
Unwinding loop 4  iteration  6   file float_req_bl_0881.c line 84 function fmod_float
Unwinding loop 4  iteration  7   file float_req_bl_0881.c line 84 function fmod_float
Unwinding loop 4  iteration  8   file float_req_bl_0881.c line 84 function fmod_float
Unwinding loop 4  iteration  9   file float_req_bl_0881.c line 84 function fmod_float
Unwinding loop 4  iteration  10   file float_req_bl_0881.c line 84 function fmod_float
Unwinding loop 4  iteration  11   file float_req_bl_0881.c line 84 function fmod_float
Unwinding loop 4  iteration  12   file float_req_bl_0881.c line 84 function fmod_float
Unwinding loop 4  iteration  13   file float_req_bl_0881.c line 84 function fmod_float
Unwinding loop 4  iteration  14   file float_req_bl_0881.c line 84 function fmod_float
Unwinding loop 4  iteration  15   file float_req_bl_0881.c line 84 function fmod_float
Unwinding loop 4  iteration  16   file float_req_bl_0881.c line 84 function fmod_float
Unwinding loop 4  iteration  17   file float_req_bl_0881.c line 84 function fmod_float
Unwinding loop 4  iteration  18   file float_req_bl_0881.c line 84 function fmod_float
Unwinding loop 4  iteration  19   file float_req_bl_0881.c line 84 function fmod_float
Unwinding loop 4  iteration  20   file float_req_bl_0881.c line 84 function fmod_float
Unwinding loop 4  iteration  21   file float_req_bl_0881.c line 84 function fmod_float
Unwinding loop 4  iteration  22   file float_req_bl_0881.c line 84 function fmod_float
Unwinding loop 4  iteration  23   file float_req_bl_0881.c line 84 function fmod_float
Unwinding loop 4  iteration  24   file float_req_bl_0881.c line 84 function fmod_float
Unwinding loop 4  iteration  25   file float_req_bl_0881.c line 84 function fmod_float
Not unwinding 
Unwinding loop 5  iteration  1   file float_req_bl_0881.c line 133 function __ieee754_sqrtf
Unwinding loop 5  iteration  2   file float_req_bl_0881.c line 133 function __ieee754_sqrtf
Unwinding loop 5  iteration  3   file float_req_bl_0881.c line 133 function __ieee754_sqrtf
Unwinding loop 5  iteration  4   file float_req_bl_0881.c line 133 function __ieee754_sqrtf
Unwinding loop 5  iteration  5   file float_req_bl_0881.c line 133 function __ieee754_sqrtf
Unwinding loop 5  iteration  6   file float_req_bl_0881.c line 133 function __ieee754_sqrtf
Unwinding loop 5  iteration  7   file float_req_bl_0881.c line 133 function __ieee754_sqrtf
Unwinding loop 5  iteration  8   file float_req_bl_0881.c line 133 function __ieee754_sqrtf
Unwinding loop 5  iteration  9   file float_req_bl_0881.c line 133 function __ieee754_sqrtf
Unwinding loop 5  iteration  10   file float_req_bl_0881.c line 133 function __ieee754_sqrtf
Unwinding loop 5  iteration  11   file float_req_bl_0881.c line 133 function __ieee754_sqrtf
Unwinding loop 5  iteration  12   file float_req_bl_0881.c line 133 function __ieee754_sqrtf
Unwinding loop 5  iteration  13   file float_req_bl_0881.c line 133 function __ieee754_sqrtf
Unwinding loop 5  iteration  14   file float_req_bl_0881.c line 133 function __ieee754_sqrtf
Unwinding loop 5  iteration  15   file float_req_bl_0881.c line 133 function __ieee754_sqrtf
Unwinding loop 5  iteration  16   file float_req_bl_0881.c line 133 function __ieee754_sqrtf
Unwinding loop 5  iteration  17   file float_req_bl_0881.c line 133 function __ieee754_sqrtf
Unwinding loop 5  iteration  18   file float_req_bl_0881.c line 133 function __ieee754_sqrtf
Unwinding loop 5  iteration  19   file float_req_bl_0881.c line 133 function __ieee754_sqrtf
Unwinding loop 5  iteration  20   file float_req_bl_0881.c line 133 function __ieee754_sqrtf
Unwinding loop 5  iteration  21   file float_req_bl_0881.c line 133 function __ieee754_sqrtf
Unwinding loop 5  iteration  22   file float_req_bl_0881.c line 133 function __ieee754_sqrtf
Unwinding loop 5  iteration  23   file float_req_bl_0881.c line 133 function __ieee754_sqrtf
Unwinding loop 5  iteration  24   file float_req_bl_0881.c line 133 function __ieee754_sqrtf
Unwinding loop 5  iteration  25   file float_req_bl_0881.c line 133 function __ieee754_sqrtf
Not unwinding 
Unwinding loop 6  iteration  1   file float_req_bl_0881.c line 147 function __ieee754_sqrtf
Unwinding loop 6  iteration  2   file float_req_bl_0881.c line 147 function __ieee754_sqrtf
Unwinding loop 6  iteration  3   file float_req_bl_0881.c line 147 function __ieee754_sqrtf
Unwinding loop 6  iteration  4   file float_req_bl_0881.c line 147 function __ieee754_sqrtf
Unwinding loop 6  iteration  5   file float_req_bl_0881.c line 147 function __ieee754_sqrtf
Unwinding loop 6  iteration  6   file float_req_bl_0881.c line 147 function __ieee754_sqrtf
Unwinding loop 6  iteration  7   file float_req_bl_0881.c line 147 function __ieee754_sqrtf
Unwinding loop 6  iteration  8   file float_req_bl_0881.c line 147 function __ieee754_sqrtf
Unwinding loop 6  iteration  9   file float_req_bl_0881.c line 147 function __ieee754_sqrtf
Unwinding loop 6  iteration  10   file float_req_bl_0881.c line 147 function __ieee754_sqrtf
Unwinding loop 6  iteration  11   file float_req_bl_0881.c line 147 function __ieee754_sqrtf
Unwinding loop 6  iteration  12   file float_req_bl_0881.c line 147 function __ieee754_sqrtf
Unwinding loop 6  iteration  13   file float_req_bl_0881.c line 147 function __ieee754_sqrtf
Unwinding loop 6  iteration  14   file float_req_bl_0881.c line 147 function __ieee754_sqrtf
Unwinding loop 6  iteration  15   file float_req_bl_0881.c line 147 function __ieee754_sqrtf
Unwinding loop 6  iteration  16   file float_req_bl_0881.c line 147 function __ieee754_sqrtf
Unwinding loop 6  iteration  17   file float_req_bl_0881.c line 147 function __ieee754_sqrtf
Unwinding loop 6  iteration  18   file float_req_bl_0881.c line 147 function __ieee754_sqrtf
Unwinding loop 6  iteration  19   file float_req_bl_0881.c line 147 function __ieee754_sqrtf
Unwinding loop 6  iteration  20   file float_req_bl_0881.c line 147 function __ieee754_sqrtf
Unwinding loop 6  iteration  21   file float_req_bl_0881.c line 147 function __ieee754_sqrtf
Unwinding loop 6  iteration  22   file float_req_bl_0881.c line 147 function __ieee754_sqrtf
Unwinding loop 6  iteration  23   file float_req_bl_0881.c line 147 function __ieee754_sqrtf
Unwinding loop 6  iteration  24   file float_req_bl_0881.c line 147 function __ieee754_sqrtf
Unwinding loop 6  iteration  25   file float_req_bl_0881.c line 147 function __ieee754_sqrtf
Symex completed in: 0.485s (2109 assignments)
Slicing time: 0.102s (removed 786 assignments)
Generated 5 VCC(s), 5 remaining after simplification (1323 assignments)
No solver specified; defaulting to Boolector
Encoding remaining VCC(s) using bit-vector/floating-point arithmetic
Encoding to solver time: 0.281s
Solving with solver Boolector 3.2.2
Encoding to solver time: 0.281s
Runtime decision procedure: 0.620s
BMC program time: 1.489s
Building successful trace

VERIFICATION SUCCESSFUL

Solution found by the forward condition; all states are reachable (k = 26

../sv-benchmarks/c/float-newlib/float_req_bl_0881.c:126:13: warning: equality comparison with extraneous parentheses [-Wparentheses-equality]
  if (((hx) == 0))
       ~~~~~^~~~
../sv-benchmarks/c/float-newlib/float_req_bl_0881.c:126:13: note: remove extraneous parentheses around the comparison to silence this warning
  if (((hx) == 0))
      ~     ^   ~
../sv-benchmarks/c/float-newlib/float_req_bl_0881.c:126:13: note: use '=' to turn this equality comparison into an assignment
  if (((hx) == 0))
            ^~
            =
../sv-benchmarks/c/float-newlib/float_req_bl_0881.c:212:13: warning: equality comparison with extraneous parentheses [-Wparentheses-equality]
  if (((hx) == 0))
       ~~~~~^~~~
../sv-benchmarks/c/float-newlib/float_req_bl_0881.c:212:13: note: remove extraneous parentheses around the comparison to silence this warning
  if (((hx) == 0))
      ~     ^   ~
../sv-benchmarks/c/float-newlib/float_req_bl_0881.c:212:13: note: use '=' to turn this equality comparison into an assignment
  if (((hx) == 0))
            ^~
            =
../sv-benchmarks/c/float-newlib/float_req_bl_0881.c:316:13: warning: equality comparison with extraneous parentheses [-Wparentheses-equality]
  if (((iy) == 0))
       ~~~~~^~~~
../sv-benchmarks/c/float-newlib/float_req_bl_0881.c:316:13: note: remove extraneous parentheses around the comparison to silence this warning
  if (((iy) == 0))
      ~     ^   ~
../sv-benchmarks/c/float-newlib/float_req_bl_0881.c:316:13: note: use '=' to turn this equality comparison into an assignment
  if (((iy) == 0))
            ^~
            =
../sv-benchmarks/c/float-newlib/float_req_bl_0881.c:337:13: warning: equality comparison with extraneous parentheses [-Wparentheses-equality]
  if (((iy) == 0x7f800000L)) {
       ~~~~~^~~~~~~~~~~~~~
../sv-benchmarks/c/float-newlib/float_req_bl_0881.c:337:13: note: remove extraneous parentheses around the comparison to silence this warning
  if (((iy) == 0x7f800000L)) {
      ~     ^             ~
../sv-benchmarks/c/float-newlib/float_req_bl_0881.c:337:13: note: use '=' to turn this equality comparison into an assignment
  if (((iy) == 0x7f800000L)) {
            ^~
            =

TRUE
