./esbmc-wrapper.py -p ../sv-benchmarks/c/properties/unreach-call.prp -s kinduction --arch 32 ../sv-benchmarks/c/combinations/pc_sfifo_3.cil+token_ring.11.cil-1.c


--------------------------------------------------------------------------------


Verifying with ESBMC
Command: ./esbmc --no-div-by-zero-check --force-malloc-success --state-hashing --add-symex-value-sets --no-align-check --k-step 5 --floatbv --unlimited-k-steps ../sv-benchmarks/c/combinations/pc_sfifo_3.cil+token_ring.11.cil-1.c --32 --witness-output pc_sfifo_3.cil+token_ring.11.cil-1.c.graphml --no-pointer-check --no-bounds-check --interval-analysis --goto-unwind --unlimited-goto-unwind --k-induction --max-inductive-step 3 
ESBMC version 6.8.0 64-bit x86_64 linux
Target: 32-bit little-endian x86_64-unknown-linux with esbmc libc
file ../sv-benchmarks/c/combinations/pc_sfifo_3.cil+token_ring.11.cil-1.c: Parsing
Converting
Generating GOTO Program
GOTO program creation time: 0.135s
GOTO program processing time: 0.474s
*** Checking base case, k = 1
Starting Bounded Model Checking
Not unwinding 
Not unwinding 
Symex completed in: 0.037s (316 assignments)
Slicing time: 0.001s (removed 311 assignments)
Generated 0 VCC(s), 0 remaining after simplification (5 assignments)
BMC program time: 0.038s
No bug has been found in the base case
*** Checking forward condition, k = 1
Starting Bounded Model Checking
Not unwinding 
Not unwinding 
Symex completed in: 0.023s (316 assignments)
Slicing time: 0.000s (removed 311 assignments)
Generated 2 VCC(s), 2 remaining after simplification (5 assignments)
No solver specified; defaulting to Boolector
Encoding remaining VCC(s) using bit-vector/floating-point arithmetic
Encoding to solver time: 0.000s
Solving with solver Boolector 3.2.2
Encoding to solver time: 0.000s
Runtime decision procedure: 0.001s
The forward condition is unable to prove the property
*** Checking base case, k = 6
Starting Bounded Model Checking
Unwinding loop 3  iteration  1   file pc_sfifo_3.cil+token_ring.11.cil-1.c line 418 function eval1
Unwinding loop 1  iteration  1   file pc_sfifo_3.cil+token_ring.11.cil-1.c line 172 function do_write_p
Unwinding loop 2  iteration  1   file pc_sfifo_3.cil+token_ring.11.cil-1.c line 218 function do_read_c
Unwinding loop 3  iteration  2   file pc_sfifo_3.cil+token_ring.11.cil-1.c line 418 function eval1
Unwinding loop 1  iteration  1   file pc_sfifo_3.cil+token_ring.11.cil-1.c line 172 function do_write_p
Unwinding loop 2  iteration  1   file pc_sfifo_3.cil+token_ring.11.cil-1.c line 218 function do_read_c
Unwinding loop 3  iteration  3   file pc_sfifo_3.cil+token_ring.11.cil-1.c line 418 function eval1
Unwinding loop 1  iteration  1   file pc_sfifo_3.cil+token_ring.11.cil-1.c line 172 function do_write_p
Unwinding loop 2  iteration  1   file pc_sfifo_3.cil+token_ring.11.cil-1.c line 218 function do_read_c
Unwinding loop 3  iteration  4   file pc_sfifo_3.cil+token_ring.11.cil-1.c line 418 function eval1
Unwinding loop 1  iteration  1   file pc_sfifo_3.cil+token_ring.11.cil-1.c line 172 function do_write_p
Unwinding loop 2  iteration  1   file pc_sfifo_3.cil+token_ring.11.cil-1.c line 218 function do_read_c
Unwinding loop 3  iteration  5   file pc_sfifo_3.cil+token_ring.11.cil-1.c line 418 function eval1
Unwinding loop 1  iteration  1   file pc_sfifo_3.cil+token_ring.11.cil-1.c line 172 function do_write_p
Unwinding loop 2  iteration  1   file pc_sfifo_3.cil+token_ring.11.cil-1.c line 218 function do_read_c
Not unwinding 
Unwinding loop 4  iteration  1   file pc_sfifo_3.cil+token_ring.11.cil-1.c line 499 function start_simulation1
Unwinding loop 1  iteration  1   file pc_sfifo_3.cil+token_ring.11.cil-1.c line 172 function do_write_p
Unwinding loop 2  iteration  1   file pc_sfifo_3.cil+token_ring.11.cil-1.c line 218 function do_read_c
Unwinding loop 3  iteration  1   file pc_sfifo_3.cil+token_ring.11.cil-1.c line 418 function eval1
Unwinding loop 1  iteration  1   file pc_sfifo_3.cil+token_ring.11.cil-1.c line 172 function do_write_p
Unwinding loop 2  iteration  1   file pc_sfifo_3.cil+token_ring.11.cil-1.c line 218 function do_read_c
Unwinding loop 3  iteration  2   file pc_sfifo_3.cil+token_ring.11.cil-1.c line 418 function eval1
Unwinding loop 1  iteration  1   file pc_sfifo_3.cil+token_ring.11.cil-1.c line 172 function do_write_p
Unwinding loop 2  iteration  1   file pc_sfifo_3.cil+token_ring.11.cil-1.c line 218 function do_read_c
Unwinding loop 3  iteration  3   file pc_sfifo_3.cil+token_ring.11.cil-1.c line 418 function eval1
Unwinding loop 1  iteration  1   file pc_sfifo_3.cil+token_ring.11.cil-1.c line 172 function do_write_p
Unwinding loop 2  iteration  1   file pc_sfifo_3.cil+token_ring.11.cil-1.c line 218 function do_read_c
Unwinding loop 3  iteration  4   file pc_sfifo_3.cil+token_ring.11.cil-1.c line 418 function eval1
Unwinding loop 1  iteration  1   file pc_sfifo_3.cil+token_ring.11.cil-1.c line 172 function do_write_p
Unwinding loop 2  iteration  1   file pc_sfifo_3.cil+token_ring.11.cil-1.c line 218 function do_read_c
Unwinding loop 3  iteration  5   file pc_sfifo_3.cil+token_ring.11.cil-1.c line 418 function eval1
Unwinding loop 1  iteration  1   file pc_sfifo_3.cil+token_ring.11.cil-1.c line 172 function do_write_p
Unwinding loop 2  iteration  1   file pc_sfifo_3.cil+token_ring.11.cil-1.c line 218 function do_read_c
Not unwinding 
Unwinding loop 4  iteration  2   file pc_sfifo_3.cil+token_ring.11.cil-1.c line 499 function start_simulation1
Unwinding loop 1  iteration  1   file pc_sfifo_3.cil+token_ring.11.cil-1.c line 172 function do_write_p
Unwinding loop 2  iteration  1   file pc_sfifo_3.cil+token_ring.11.cil-1.c line 218 function do_read_c
Unwinding loop 3  iteration  1   file pc_sfifo_3.cil+token_ring.11.cil-1.c line 418 function eval1
Unwinding loop 1  iteration  1   file pc_sfifo_3.cil+token_ring.11.cil-1.c line 172 function do_write_p
Unwinding loop 2  iteration  1   file pc_sfifo_3.cil+token_ring.11.cil-1.c line 218 function do_read_c
Unwinding loop 3  iteration  2   file pc_sfifo_3.cil+token_ring.11.cil-1.c line 418 function eval1
Unwinding loop 1  iteration  1   file pc_sfifo_3.cil+token_ring.11.cil-1.c line 172 function do_write_p
Unwinding loop 2  iteration  1   file pc_sfifo_3.cil+token_ring.11.cil-1.c line 218 function do_read_c
Unwinding loop 3  iteration  3   file pc_sfifo_3.cil+token_ring.11.cil-1.c line 418 function eval1
Unwinding loop 1  iteration  1   file pc_sfifo_3.cil+token_ring.11.cil-1.c line 172 function do_write_p
Unwinding loop 2  iteration  1   file pc_sfifo_3.cil+token_ring.11.cil-1.c line 218 function do_read_c
Unwinding loop 3  iteration  4   file pc_sfifo_3.cil+token_ring.11.cil-1.c line 418 function eval1
Unwinding loop 1  iteration  1   file pc_sfifo_3.cil+token_ring.11.cil-1.c line 172 function do_write_p
Unwinding loop 2  iteration  1   file pc_sfifo_3.cil+token_ring.11.cil-1.c line 218 function do_read_c
Unwinding loop 3  iteration  5   file pc_sfifo_3.cil+token_ring.11.cil-1.c line 418 function eval1
Unwinding loop 1  iteration  1   file pc_sfifo_3.cil+token_ring.11.cil-1.c line 172 function do_write_p
Unwinding loop 2  iteration  1   file pc_sfifo_3.cil+token_ring.11.cil-1.c line 218 function do_read_c
Not unwinding 
Unwinding loop 4  iteration  3   file pc_sfifo_3.cil+token_ring.11.cil-1.c line 499 function start_simulation1
Unwinding loop 1  iteration  1   file pc_sfifo_3.cil+token_ring.11.cil-1.c line 172 function do_write_p
Unwinding loop 2  iteration  1   file pc_sfifo_3.cil+token_ring.11.cil-1.c line 218 function do_read_c
Unwinding loop 3  iteration  1   file pc_sfifo_3.cil+token_ring.11.cil-1.c line 418 function eval1
Unwinding loop 1  iteration  1   file pc_sfifo_3.cil+token_ring.11.cil-1.c line 172 function do_write_p
Unwinding loop 2  iteration  1   file pc_sfifo_3.cil+token_ring.11.cil-1.c line 218 function do_read_c
Unwinding loop 3  iteration  2   file pc_sfifo_3.cil+token_ring.11.cil-1.c line 418 function eval1
Unwinding loop 1  iteration  1   file pc_sfifo_3.cil+token_ring.11.cil-1.c line 172 function do_write_p
Unwinding loop 2  iteration  1   file pc_sfifo_3.cil+token_ring.11.cil-1.c line 218 function do_read_c
Unwinding loop 3  iteration  3   file pc_sfifo_3.cil+token_ring.11.cil-1.c line 418 function eval1
Unwinding loop 1  iteration  1   file pc_sfifo_3.cil+token_ring.11.cil-1.c line 172 function do_write_p
Unwinding loop 2  iteration  1   file pc_sfifo_3.cil+token_ring.11.cil-1.c line 218 function do_read_c
Unwinding loop 3  iteration  4   file pc_sfifo_3.cil+token_ring.11.cil-1.c line 418 function eval1
Unwinding loop 1  iteration  1   file pc_sfifo_3.cil+token_ring.11.cil-1.c line 172 function do_write_p
Unwinding loop 2  iteration  1   file pc_sfifo_3.cil+token_ring.11.cil-1.c line 218 function do_read_c
Unwinding loop 3  iteration  5   file pc_sfifo_3.cil+token_ring.11.cil-1.c line 418 function eval1
Unwinding loop 1  iteration  1   file pc_sfifo_3.cil+token_ring.11.cil-1.c line 172 function do_write_p
Unwinding loop 2  iteration  1   file pc_sfifo_3.cil+token_ring.11.cil-1.c line 218 function do_read_c
Not unwinding 
Unwinding loop 4  iteration  4   file pc_sfifo_3.cil+token_ring.11.cil-1.c line 499 function start_simulation1
Unwinding loop 1  iteration  1   file pc_sfifo_3.cil+token_ring.11.cil-1.c line 172 function do_write_p
Unwinding loop 2  iteration  1   file pc_sfifo_3.cil+token_ring.11.cil-1.c line 218 function do_read_c
Unwinding loop 3  iteration  1   file pc_sfifo_3.cil+token_ring.11.cil-1.c line 418 function eval1
Unwinding loop 1  iteration  1   file pc_sfifo_3.cil+token_ring.11.cil-1.c line 172 function do_write_p
Unwinding loop 2  iteration  1   file pc_sfifo_3.cil+token_ring.11.cil-1.c line 218 function do_read_c
Unwinding loop 3  iteration  2   file pc_sfifo_3.cil+token_ring.11.cil-1.c line 418 function eval1
Unwinding loop 1  iteration  1   file pc_sfifo_3.cil+token_ring.11.cil-1.c line 172 function do_write_p
Unwinding loop 2  iteration  1   file pc_sfifo_3.cil+token_ring.11.cil-1.c line 218 function do_read_c
Unwinding loop 3  iteration  3   file pc_sfifo_3.cil+token_ring.11.cil-1.c line 418 function eval1
Unwinding loop 1  iteration  1   file pc_sfifo_3.cil+token_ring.11.cil-1.c line 172 function do_write_p
Unwinding loop 2  iteration  1   file pc_sfifo_3.cil+token_ring.11.cil-1.c line 218 function do_read_c
Unwinding loop 3  iteration  4   file pc_sfifo_3.cil+token_ring.11.cil-1.c line 418 function eval1
Unwinding loop 1  iteration  1   file pc_sfifo_3.cil+token_ring.11.cil-1.c line 172 function do_write_p
Unwinding loop 2  iteration  1   file pc_sfifo_3.cil+token_ring.11.cil-1.c line 218 function do_read_c
Unwinding loop 3  iteration  5   file pc_sfifo_3.cil+token_ring.11.cil-1.c line 418 function eval1
Unwinding loop 1  iteration  1   file pc_sfifo_3.cil+token_ring.11.cil-1.c line 172 function do_write_p
Unwinding loop 2  iteration  1   file pc_sfifo_3.cil+token_ring.11.cil-1.c line 218 function do_read_c
Not unwinding 
Unwinding loop 4  iteration  5   file pc_sfifo_3.cil+token_ring.11.cil-1.c line 499 function start_simulation1
Unwinding loop 1  iteration  1   file pc_sfifo_3.cil+token_ring.11.cil-1.c line 172 function do_write_p
Unwinding loop 2  iteration  1   file pc_sfifo_3.cil+token_ring.11.cil-1.c line 218 function do_read_c
Unwinding loop 3  iteration  1   file pc_sfifo_3.cil+token_ring.11.cil-1.c line 418 function eval1
Unwinding loop 1  iteration  1   file pc_sfifo_3.cil+token_ring.11.cil-1.c line 172 function do_write_p
Unwinding loop 2  iteration  1   file pc_sfifo_3.cil+token_ring.11.cil-1.c line 218 function do_read_c
Unwinding loop 3  iteration  2   file pc_sfifo_3.cil+token_ring.11.cil-1.c line 418 function eval1
Unwinding loop 1  iteration  1   file pc_sfifo_3.cil+token_ring.11.cil-1.c line 172 function do_write_p
Unwinding loop 2  iteration  1   file pc_sfifo_3.cil+token_ring.11.cil-1.c line 218 function do_read_c
Unwinding loop 3  iteration  3   file pc_sfifo_3.cil+token_ring.11.cil-1.c line 418 function eval1
Unwinding loop 1  iteration  1   file pc_sfifo_3.cil+token_ring.11.cil-1.c line 172 function do_write_p
Unwinding loop 2  iteration  1   file pc_sfifo_3.cil+token_ring.11.cil-1.c line 218 function do_read_c
Unwinding loop 3  iteration  4   file pc_sfifo_3.cil+token_ring.11.cil-1.c line 418 function eval1
Unwinding loop 1  iteration  1   file pc_sfifo_3.cil+token_ring.11.cil-1.c line 172 function do_write_p
Unwinding loop 2  iteration  1   file pc_sfifo_3.cil+token_ring.11.cil-1.c line 218 function do_read_c
Unwinding loop 3  iteration  5   file pc_sfifo_3.cil+token_ring.11.cil-1.c line 418 function eval1
Unwinding loop 1  iteration  1   file pc_sfifo_3.cil+token_ring.11.cil-1.c line 172 function do_write_p
Unwinding loop 2  iteration  1   file pc_sfifo_3.cil+token_ring.11.cil-1.c line 218 function do_read_c
Not unwinding 
Not unwinding 
Unwinding loop 17  iteration  1   file pc_sfifo_3.cil+token_ring.11.cil-1.c line 1511 function eval2
Unwinding loop 5  iteration  1   file pc_sfifo_3.cil+token_ring.11.cil-1.c line 694 function master
Unwinding loop 6  iteration  1   file pc_sfifo_3.cil+token_ring.11.cil-1.c line 750 function transmit1
Unwinding loop 7  iteration  1   file pc_sfifo_3.cil+token_ring.11.cil-1.c line 786 function transmit2
Unwinding loop 8  iteration  1   file pc_sfifo_3.cil+token_ring.11.cil-1.c line 822 function transmit3
Unwinding loop 9  iteration  1   file pc_sfifo_3.cil+token_ring.11.cil-1.c line 858 function transmit4
Unwinding loop 10  iteration  1   file pc_sfifo_3.cil+token_ring.11.cil-1.c line 894 function transmit5
Unwinding loop 11  iteration  1   file pc_sfifo_3.cil+token_ring.11.cil-1.c line 930 function transmit6
Unwinding loop 12  iteration  1   file pc_sfifo_3.cil+token_ring.11.cil-1.c line 966 function transmit7
Unwinding loop 13  iteration  1   file pc_sfifo_3.cil+token_ring.11.cil-1.c line 1002 function transmit8
Unwinding loop 14  iteration  1   file pc_sfifo_3.cil+token_ring.11.cil-1.c line 1038 function transmit9
Unwinding loop 15  iteration  1   file pc_sfifo_3.cil+token_ring.11.cil-1.c line 1074 function transmit10
Unwinding loop 16  iteration  1   file pc_sfifo_3.cil+token_ring.11.cil-1.c line 1110 function transmit11
Unwinding loop 17  iteration  2   file pc_sfifo_3.cil+token_ring.11.cil-1.c line 1511 function eval2
Unwinding loop 5  iteration  1   file pc_sfifo_3.cil+token_ring.11.cil-1.c line 694 function master
Unwinding loop 6  iteration  1   file pc_sfifo_3.cil+token_ring.11.cil-1.c line 750 function transmit1
Unwinding loop 7  iteration  1   file pc_sfifo_3.cil+token_ring.11.cil-1.c line 786 function transmit2
Unwinding loop 8  iteration  1   file pc_sfifo_3.cil+token_ring.11.cil-1.c line 822 function transmit3
Unwinding loop 9  iteration  1   file pc_sfifo_3.cil+token_ring.11.cil-1.c line 858 function transmit4
Unwinding loop 10  iteration  1   file pc_sfifo_3.cil+token_ring.11.cil-1.c line 894 function transmit5
Unwinding loop 11  iteration  1   file pc_sfifo_3.cil+token_ring.11.cil-1.c line 930 function transmit6
Unwinding loop 12  iteration  1   file pc_sfifo_3.cil+token_ring.11.cil-1.c line 966 function transmit7
Unwinding loop 13  iteration  1   file pc_sfifo_3.cil+token_ring.11.cil-1.c line 1002 function transmit8
Unwinding loop 14  iteration  1   file pc_sfifo_3.cil+token_ring.11.cil-1.c line 1038 function transmit9
Unwinding loop 15  iteration  1   file pc_sfifo_3.cil+token_ring.11.cil-1.c line 1074 function transmit10
Unwinding loop 16  iteration  1   file pc_sfifo_3.cil+token_ring.11.cil-1.c line 1110 function transmit11
Unwinding loop 17  iteration  3   file pc_sfifo_3.cil+token_ring.11.cil-1.c line 1511 function eval2
Unwinding loop 5  iteration  1   file pc_sfifo_3.cil+token_ring.11.cil-1.c line 694 function master
Unwinding loop 6  iteration  1   file pc_sfifo_3.cil+token_ring.11.cil-1.c line 750 function transmit1
Unwinding loop 7  iteration  1   file pc_sfifo_3.cil+token_ring.11.cil-1.c line 786 function transmit2
Unwinding loop 8  iteration  1   file pc_sfifo_3.cil+token_ring.11.cil-1.c line 822 function transmit3
Unwinding loop 9  iteration  1   file pc_sfifo_3.cil+token_ring.11.cil-1.c line 858 function transmit4
Unwinding loop 10  iteration  1   file pc_sfifo_3.cil+token_ring.11.cil-1.c line 894 function transmit5
Unwinding loop 11  iteration  1   file pc_sfifo_3.cil+token_ring.11.cil-1.c line 930 function transmit6
Unwinding loop 12  iteration  1   file pc_sfifo_3.cil+token_ring.11.cil-1.c line 966 function transmit7
Unwinding loop 13  iteration  1   file pc_sfifo_3.cil+token_ring.11.cil-1.c line 1002 function transmit8
Unwinding loop 14  iteration  1   file pc_sfifo_3.cil+token_ring.11.cil-1.c line 1038 function transmit9
Unwinding loop 15  iteration  1   file pc_sfifo_3.cil+token_ring.11.cil-1.c line 1074 function transmit10
Unwinding loop 16  iteration  1   file pc_sfifo_3.cil+token_ring.11.cil-1.c line 1110 function transmit11
Unwinding loop 17  iteration  4   file pc_sfifo_3.cil+token_ring.11.cil-1.c line 1511 function eval2
Unwinding loop 5  iteration  1   file pc_sfifo_3.cil+token_ring.11.cil-1.c line 694 function master
Unwinding loop 6  iteration  1   file pc_sfifo_3.cil+token_ring.11.cil-1.c line 750 function transmit1
Unwinding loop 7  iteration  1   file pc_sfifo_3.cil+token_ring.11.cil-1.c line 786 function transmit2
Unwinding loop 8  iteration  1   file pc_sfifo_3.cil+token_ring.11.cil-1.c line 822 function transmit3
Unwinding loop 9  iteration  1   file pc_sfifo_3.cil+token_ring.11.cil-1.c line 858 function transmit4
Unwinding loop 10  iteration  1   file pc_sfifo_3.cil+token_ring.11.cil-1.c line 894 function transmit5
Unwinding loop 11  iteration  1   file pc_sfifo_3.cil+token_ring.11.cil-1.c line 930 function transmit6
Unwinding loop 12  iteration  1   file pc_sfifo_3.cil+token_ring.11.cil-1.c line 966 function transmit7
Unwinding loop 13  iteration  1   file pc_sfifo_3.cil+token_ring.11.cil-1.c line 1002 function transmit8
Unwinding loop 14  iteration  1   file pc_sfifo_3.cil+token_ring.11.cil-1.c line 1038 function transmit9
Unwinding loop 15  iteration  1   file pc_sfifo_3.cil+token_ring.11.cil-1.c line 1074 function transmit10
Unwinding loop 16  iteration  1   file pc_sfifo_3.cil+token_ring.11.cil-1.c line 1110 function transmit11
Unwinding loop 17  iteration  5   file pc_sfifo_3.cil+token_ring.11.cil-1.c line 1511 function eval2
Unwinding loop 5  iteration  1   file pc_sfifo_3.cil+token_ring.11.cil-1.c line 694 function master
Unwinding loop 6  iteration  1   file pc_sfifo_3.cil+token_ring.11.cil-1.c line 750 function transmit1
Unwinding loop 7  iteration  1   file pc_sfifo_3.cil+token_ring.11.cil-1.c line 786 function transmit2
Unwinding loop 8  iteration  1   file pc_sfifo_3.cil+token_ring.11.cil-1.c line 822 function transmit3
Unwinding loop 9  iteration  1   file pc_sfifo_3.cil+token_ring.11.cil-1.c line 858 function transmit4
Unwinding loop 10  iteration  1   file pc_sfifo_3.cil+token_ring.11.cil-1.c line 894 function transmit5
Unwinding loop 11  iteration  1   file pc_sfifo_3.cil+token_ring.11.cil-1.c line 930 function transmit6
Unwinding loop 12  iteration  1   file pc_sfifo_3.cil+token_ring.11.cil-1.c line 966 function transmit7
Unwinding loop 13  iteration  1   file pc_sfifo_3.cil+token_ring.11.cil-1.c line 1002 function transmit8
Unwinding loop 14  iteration  1   file pc_sfifo_3.cil+token_ring.11.cil-1.c line 1038 function transmit9
Unwinding loop 15  iteration  1   file pc_sfifo_3.cil+token_ring.11.cil-1.c line 1074 function transmit10
Unwinding loop 16  iteration  1   file pc_sfifo_3.cil+token_ring.11.cil-1.c line 1110 function transmit11
Not unwinding 
Unwinding loop 18  iteration  1   file pc_sfifo_3.cil+token_ring.11.cil-1.c line 2269 function start_simulation2
Unwinding loop 5  iteration  1   file pc_sfifo_3.cil+token_ring.11.cil-1.c line 694 function master
Unwinding loop 6  iteration  1   file pc_sfifo_3.cil+token_ring.11.cil-1.c line 750 function transmit1
Unwinding loop 7  iteration  1   file pc_sfifo_3.cil+token_ring.11.cil-1.c line 786 function transmit2
Unwinding loop 8  iteration  1   file pc_sfifo_3.cil+token_ring.11.cil-1.c line 822 function transmit3
Unwinding loop 9  iteration  1   file pc_sfifo_3.cil+token_ring.11.cil-1.c line 858 function transmit4
Unwinding loop 10  iteration  1   file pc_sfifo_3.cil+token_ring.11.cil-1.c line 894 function transmit5
Unwinding loop 11  iteration  1   file pc_sfifo_3.cil+token_ring.11.cil-1.c line 930 function transmit6
Unwinding loop 12  iteration  1   file pc_sfifo_3.cil+token_ring.11.cil-1.c line 966 function transmit7
Unwinding loop 13  iteration  1   file pc_sfifo_3.cil+token_ring.11.cil-1.c line 1002 function transmit8
Unwinding loop 14  iteration  1   file pc_sfifo_3.cil+token_ring.11.cil-1.c line 1038 function transmit9
Unwinding loop 15  iteration  1   file pc_sfifo_3.cil+token_ring.11.cil-1.c line 1074 function transmit10
Unwinding loop 16  iteration  1   file pc_sfifo_3.cil+token_ring.11.cil-1.c line 1110 function transmit11
Unwinding loop 17  iteration  1   file pc_sfifo_3.cil+token_ring.11.cil-1.c line 1511 function eval2
Unwinding loop 5  iteration  1   file pc_sfifo_3.cil+token_ring.11.cil-1.c line 694 function master
Unwinding loop 6  iteration  1   file pc_sfifo_3.cil+token_ring.11.cil-1.c line 750 function transmit1
Unwinding loop 7  iteration  1   file pc_sfifo_3.cil+token_ring.11.cil-1.c line 786 function transmit2
Unwinding loop 8  iteration  1   file pc_sfifo_3.cil+token_ring.11.cil-1.c line 822 function transmit3
Unwinding loop 9  iteration  1   file pc_sfifo_3.cil+token_ring.11.cil-1.c line 858 function transmit4
Unwinding loop 10  iteration  1   file pc_sfifo_3.cil+token_ring.11.cil-1.c line 894 function transmit5
Unwinding loop 11  iteration  1   file pc_sfifo_3.cil+token_ring.11.cil-1.c line 930 function transmit6
Unwinding loop 12  iteration  1   file pc_sfifo_3.cil+token_ring.11.cil-1.c line 966 function transmit7
Unwinding loop 13  iteration  1   file pc_sfifo_3.cil+token_ring.11.cil-1.c line 1002 function transmit8
Unwinding loop 14  iteration  1   file pc_sfifo_3.cil+token_ring.11.cil-1.c line 1038 function transmit9
Unwinding loop 15  iteration  1   file pc_sfifo_3.cil+token_ring.11.cil-1.c line 1074 function transmit10
Unwinding loop 16  iteration  1   file pc_sfifo_3.cil+token_ring.11.cil-1.c line 1110 function transmit11
Unwinding loop 17  iteration  2   file pc_sfifo_3.cil+token_ring.11.cil-1.c line 1511 function eval2
Unwinding loop 5  iteration  1   file pc_sfifo_3.cil+token_ring.11.cil-1.c line 694 function master
Unwinding loop 6  iteration  1   file pc_sfifo_3.cil+token_ring.11.cil-1.c line 750 function transmit1
Unwinding loop 7  iteration  1   file pc_sfifo_3.cil+token_ring.11.cil-1.c line 786 function transmit2
Unwinding loop 8  iteration  1   file pc_sfifo_3.cil+token_ring.11.cil-1.c line 822 function transmit3
Unwinding loop 9  iteration  1   file pc_sfifo_3.cil+token_ring.11.cil-1.c line 858 function transmit4
Unwinding loop 10  iteration  1   file pc_sfifo_3.cil+token_ring.11.cil-1.c line 894 function transmit5
Unwinding loop 11  iteration  1   file pc_sfifo_3.cil+token_ring.11.cil-1.c line 930 function transmit6
Unwinding loop 12  iteration  1   file pc_sfifo_3.cil+token_ring.11.cil-1.c line 966 function transmit7
Unwinding loop 13  iteration  1   file pc_sfifo_3.cil+token_ring.11.cil-1.c line 1002 function transmit8
Unwinding loop 14  iteration  1   file pc_sfifo_3.cil+token_ring.11.cil-1.c line 1038 function transmit9
Unwinding loop 15  iteration  1   file pc_sfifo_3.cil+token_ring.11.cil-1.c line 1074 function transmit10
Unwinding loop 16  iteration  1   file pc_sfifo_3.cil+token_ring.11.cil-1.c line 1110 function transmit11
Unwinding loop 17  iteration  3   file pc_sfifo_3.cil+token_ring.11.cil-1.c line 1511 function eval2
Unwinding loop 5  iteration  1   file pc_sfifo_3.cil+token_ring.11.cil-1.c line 694 function master
Unwinding loop 6  iteration  1   file pc_sfifo_3.cil+token_ring.11.cil-1.c line 750 function transmit1
Unwinding loop 7  iteration  1   file pc_sfifo_3.cil+token_ring.11.cil-1.c line 786 function transmit2
Unwinding loop 8  iteration  1   file pc_sfifo_3.cil+token_ring.11.cil-1.c line 822 function transmit3
Unwinding loop 9  iteration  1   file pc_sfifo_3.cil+token_ring.11.cil-1.c line 858 function transmit4
Unwinding loop 10  iteration  1   file pc_sfifo_3.cil+token_ring.11.cil-1.c line 894 function transmit5
Unwinding loop 11  iteration  1   file pc_sfifo_3.cil+token_ring.11.cil-1.c line 930 function transmit6
Unwinding loop 12  iteration  1   file pc_sfifo_3.cil+token_ring.11.cil-1.c line 966 function transmit7
Unwinding loop 13  iteration  1   file pc_sfifo_3.cil+token_ring.11.cil-1.c line 1002 function transmit8
Unwinding loop 14  iteration  1   file pc_sfifo_3.cil+token_ring.11.cil-1.c line 1038 function transmit9
Unwinding loop 15  iteration  1   file pc_sfifo_3.cil+token_ring.11.cil-1.c line 1074 function transmit10
Unwinding loop 16  iteration  1   file pc_sfifo_3.cil+token_ring.11.cil-1.c line 1110 function transmit11
Unwinding loop 17  iteration  4   file pc_sfifo_3.cil+token_ring.11.cil-1.c line 1511 function eval2
Unwinding loop 5  iteration  1   file pc_sfifo_3.cil+token_ring.11.cil-1.c line 694 function master
Unwinding loop 6  iteration  1   file pc_sfifo_3.cil+token_ring.11.cil-1.c line 750 function transmit1
Unwinding loop 7  iteration  1   file pc_sfifo_3.cil+token_ring.11.cil-1.c line 786 function transmit2
Unwinding loop 8  iteration  1   file pc_sfifo_3.cil+token_ring.11.cil-1.c line 822 function transmit3
Unwinding loop 9  iteration  1   file pc_sfifo_3.cil+token_ring.11.cil-1.c line 858 function transmit4
Unwinding loop 10  iteration  1   file pc_sfifo_3.cil+token_ring.11.cil-1.c line 894 function transmit5
Unwinding loop 11  iteration  1   file pc_sfifo_3.cil+token_ring.11.cil-1.c line 930 function transmit6
Unwinding loop 12  iteration  1   file pc_sfifo_3.cil+token_ring.11.cil-1.c line 966 function transmit7
Unwinding loop 13  iteration  1   file pc_sfifo_3.cil+token_ring.11.cil-1.c line 1002 function transmit8
Unwinding loop 14  iteration  1   file pc_sfifo_3.cil+token_ring.11.cil-1.c line 1038 function transmit9
Unwinding loop 15  iteration  1   file pc_sfifo_3.cil+token_ring.11.cil-1.c line 1074 function transmit10
Unwinding loop 16  iteration  1   file pc_sfifo_3.cil+token_ring.11.cil-1.c line 1110 function transmit11
Unwinding loop 17  iteration  5   file pc_sfifo_3.cil+token_ring.11.cil-1.c line 1511 function eval2
Unwinding loop 5  iteration  1   file pc_sfifo_3.cil+token_ring.11.cil-1.c line 694 function master
Unwinding loop 6  iteration  1   file pc_sfifo_3.cil+token_ring.11.cil-1.c line 750 function transmit1
Unwinding loop 7  iteration  1   file pc_sfifo_3.cil+token_ring.11.cil-1.c line 786 function transmit2
Unwinding loop 8  iteration  1   file pc_sfifo_3.cil+token_ring.11.cil-1.c line 822 function transmit3
Unwinding loop 9  iteration  1   file pc_sfifo_3.cil+token_ring.11.cil-1.c line 858 function transmit4
Unwinding loop 10  iteration  1   file pc_sfifo_3.cil+token_ring.11.cil-1.c line 894 function transmit5
Unwinding loop 11  iteration  1   file pc_sfifo_3.cil+token_ring.11.cil-1.c line 930 function transmit6
Unwinding loop 12  iteration  1   file pc_sfifo_3.cil+token_ring.11.cil-1.c line 966 function transmit7
Unwinding loop 13  iteration  1   file pc_sfifo_3.cil+token_ring.11.cil-1.c line 1002 function transmit8
Unwinding loop 14  iteration  1   file pc_sfifo_3.cil+token_ring.11.cil-1.c line 1038 function transmit9
Unwinding loop 15  iteration  1   file pc_sfifo_3.cil+token_ring.11.cil-1.c line 1074 function transmit10
Unwinding loop 16  iteration  1   file pc_sfifo_3.cil+token_ring.11.cil-1.c line 1110 function transmit11
Not unwinding 
Unwinding loop 18  iteration  2   file pc_sfifo_3.cil+token_ring.11.cil-1.c line 2269 function start_simulation2
Unwinding loop 5  iteration  1   file pc_sfifo_3.cil+token_ring.11.cil-1.c line 694 function master
Unwinding loop 6  iteration  1   file pc_sfifo_3.cil+token_ring.11.cil-1.c line 750 function transmit1
Unwinding loop 7  iteration  1   file pc_sfifo_3.cil+token_ring.11.cil-1.c line 786 function transmit2
Unwinding loop 8  iteration  1   file pc_sfifo_3.cil+token_ring.11.cil-1.c line 822 function transmit3
Unwinding loop 9  iteration  1   file pc_sfifo_3.cil+token_ring.11.cil-1.c line 858 function transmit4
Unwinding loop 10  iteration  1   file pc_sfifo_3.cil+token_ring.11.cil-1.c line 894 function transmit5
Unwinding loop 11  iteration  1   file pc_sfifo_3.cil+token_ring.11.cil-1.c line 930 function transmit6
Unwinding loop 12  iteration  1   file pc_sfifo_3.cil+token_ring.11.cil-1.c line 966 function transmit7
Unwinding loop 13  iteration  1   file pc_sfifo_3.cil+token_ring.11.cil-1.c line 1002 function transmit8
Unwinding loop 14  iteration  1   file pc_sfifo_3.cil+token_ring.11.cil-1.c line 1038 function transmit9
Unwinding loop 15  iteration  1   file pc_sfifo_3.cil+token_ring.11.cil-1.c line 1074 function transmit10
Unwinding loop 16  iteration  1   file pc_sfifo_3.cil+token_ring.11.cil-1.c line 1110 function transmit11
Unwinding loop 17  iteration  1   file pc_sfifo_3.cil+token_ring.11.cil-1.c line 1511 function eval2
Unwinding loop 5  iteration  1   file pc_sfifo_3.cil+token_ring.11.cil-1.c line 694 function master
Unwinding loop 6  iteration  1   file pc_sfifo_3.cil+token_ring.11.cil-1.c line 750 function transmit1
Unwinding loop 7  iteration  1   file pc_sfifo_3.cil+token_ring.11.cil-1.c line 786 function transmit2
Unwinding loop 8  iteration  1   file pc_sfifo_3.cil+token_ring.11.cil-1.c line 822 function transmit3
Unwinding loop 9  iteration  1   file pc_sfifo_3.cil+token_ring.11.cil-1.c line 858 function transmit4
Unwinding loop 10  iteration  1   file pc_sfifo_3.cil+token_ring.11.cil-1.c line 894 function transmit5
Unwinding loop 11  iteration  1   file pc_sfifo_3.cil+token_ring.11.cil-1.c line 930 function transmit6
Unwinding loop 12  iteration  1   file pc_sfifo_3.cil+token_ring.11.cil-1.c line 966 function transmit7
Unwinding loop 13  iteration  1   file pc_sfifo_3.cil+token_ring.11.cil-1.c line 1002 function transmit8
Unwinding loop 14  iteration  1   file pc_sfifo_3.cil+token_ring.11.cil-1.c line 1038 function transmit9
Unwinding loop 15  iteration  1   file pc_sfifo_3.cil+token_ring.11.cil-1.c line 1074 function transmit10
Unwinding loop 16  iteration  1   file pc_sfifo_3.cil+token_ring.11.cil-1.c line 1110 function transmit11
Unwinding loop 17  iteration  2   file pc_sfifo_3.cil+token_ring.11.cil-1.c line 1511 function eval2
Unwinding loop 5  iteration  1   file pc_sfifo_3.cil+token_ring.11.cil-1.c line 694 function master
Unwinding loop 6  iteration  1   file pc_sfifo_3.cil+token_ring.11.cil-1.c line 750 function transmit1
Unwinding loop 7  iteration  1   file pc_sfifo_3.cil+token_ring.11.cil-1.c line 786 function transmit2
Unwinding loop 8  iteration  1   file pc_sfifo_3.cil+token_ring.11.cil-1.c line 822 function transmit3
Unwinding loop 9  iteration  1   file pc_sfifo_3.cil+token_ring.11.cil-1.c line 858 function transmit4
Unwinding loop 10  iteration  1   file pc_sfifo_3.cil+token_ring.11.cil-1.c line 894 function transmit5
Unwinding loop 11  iteration  1   file pc_sfifo_3.cil+token_ring.11.cil-1.c line 930 function transmit6
Unwinding loop 12  iteration  1   file pc_sfifo_3.cil+token_ring.11.cil-1.c line 966 function transmit7
Unwinding loop 13  iteration  1   file pc_sfifo_3.cil+token_ring.11.cil-1.c line 1002 function transmit8
Unwinding loop 14  iteration  1   file pc_sfifo_3.cil+token_ring.11.cil-1.c line 1038 function transmit9
Unwinding loop 15  iteration  1   file pc_sfifo_3.cil+token_ring.11.cil-1.c line 1074 function transmit10
Unwinding loop 16  iteration  1   file pc_sfifo_3.cil+token_ring.11.cil-1.c line 1110 function transmit11
Unwinding loop 17  iteration  3   file pc_sfifo_3.cil+token_ring.11.cil-1.c line 1511 function eval2
Unwinding loop 5  iteration  1   file pc_sfifo_3.cil+token_ring.11.cil-1.c line 694 function master
Unwinding loop 6  iteration  1   file pc_sfifo_3.cil+token_ring.11.cil-1.c line 750 function transmit1
Unwinding loop 7  iteration  1   file pc_sfifo_3.cil+token_ring.11.cil-1.c line 786 function transmit2
Unwinding loop 8  iteration  1   file pc_sfifo_3.cil+token_ring.11.cil-1.c line 822 function transmit3
Unwinding loop 9  iteration  1   file pc_sfifo_3.cil+token_ring.11.cil-1.c line 858 function transmit4
Unwinding loop 10  iteration  1   file pc_sfifo_3.cil+token_ring.11.cil-1.c line 894 function transmit5
Unwinding loop 11  iteration  1   file pc_sfifo_3.cil+token_ring.11.cil-1.c line 930 function transmit6
Unwinding loop 12  iteration  1   file pc_sfifo_3.cil+token_ring.11.cil-1.c line 966 function transmit7
Unwinding loop 13  iteration  1   file pc_sfifo_3.cil+token_ring.11.cil-1.c line 1002 function transmit8
Unwinding loop 14  iteration  1   file pc_sfifo_3.cil+token_ring.11.cil-1.c line 1038 function transmit9
Unwinding loop 15  iteration  1   file pc_sfifo_3.cil+token_ring.11.cil-1.c line 1074 function transmit10
Unwinding loop 16  iteration  1   file pc_sfifo_3.cil+token_ring.11.cil-1.c line 1110 function transmit11
Unwinding loop 17  iteration  4   file pc_sfifo_3.cil+token_ring.11.cil-1.c line 1511 function eval2
Unwinding loop 5  iteration  1   file pc_sfifo_3.cil+token_ring.11.cil-1.c line 694 function master
Unwinding loop 6  iteration  1   file pc_sfifo_3.cil+token_ring.11.cil-1.c line 750 function transmit1
Unwinding loop 7  iteration  1   file pc_sfifo_3.cil+token_ring.11.cil-1.c line 786 function transmit2
Unwinding loop 8  iteration  1   file pc_sfifo_3.cil+token_ring.11.cil-1.c line 822 function transmit3
Unwinding loop 9  iteration  1   file pc_sfifo_3.cil+token_ring.11.cil-1.c line 858 function transmit4
Unwinding loop 10  iteration  1   file pc_sfifo_3.cil+token_ring.11.cil-1.c line 894 function transmit5
Unwinding loop 11  iteration  1   file pc_sfifo_3.cil+token_ring.11.cil-1.c line 930 function transmit6
Unwinding loop 12  iteration  1   file pc_sfifo_3.cil+token_ring.11.cil-1.c line 966 function transmit7
Unwinding loop 13  iteration  1   file pc_sfifo_3.cil+token_ring.11.cil-1.c line 1002 function transmit8
Unwinding loop 14  iteration  1   file pc_sfifo_3.cil+token_ring.11.cil-1.c line 1038 function transmit9
Unwinding loop 15  iteration  1   file pc_sfifo_3.cil+token_ring.11.cil-1.c line 1074 function transmit10
Unwinding loop 16  iteration  1   file pc_sfifo_3.cil+token_ring.11.cil-1.c line 1110 function transmit11
Unwinding loop 17  iteration  5   file pc_sfifo_3.cil+token_ring.11.cil-1.c line 1511 function eval2
Unwinding loop 5  iteration  1   file pc_sfifo_3.cil+token_ring.11.cil-1.c line 694 function master
Unwinding loop 6  iteration  1   file pc_sfifo_3.cil+token_ring.11.cil-1.c line 750 function transmit1
Unwinding loop 7  iteration  1   file pc_sfifo_3.cil+token_ring.11.cil-1.c line 786 function transmit2
Unwinding loop 8  iteration  1   file pc_sfifo_3.cil+token_ring.11.cil-1.c line 822 function transmit3
Unwinding loop 9  iteration  1   file pc_sfifo_3.cil+token_ring.11.cil-1.c line 858 function transmit4
Unwinding loop 10  iteration  1   file pc_sfifo_3.cil+token_ring.11.cil-1.c line 894 function transmit5
Unwinding loop 11  iteration  1   file pc_sfifo_3.cil+token_ring.11.cil-1.c line 930 function transmit6
Unwinding loop 12  iteration  1   file pc_sfifo_3.cil+token_ring.11.cil-1.c line 966 function transmit7
Unwinding loop 13  iteration  1   file pc_sfifo_3.cil+token_ring.11.cil-1.c line 1002 function transmit8
Unwinding loop 14  iteration  1   file pc_sfifo_3.cil+token_ring.11.cil-1.c line 1038 function transmit9
Unwinding loop 15  iteration  1   file pc_sfifo_3.cil+token_ring.11.cil-1.c line 1074 function transmit10
Unwinding loop 16  iteration  1   file pc_sfifo_3.cil+token_ring.11.cil-1.c line 1110 function transmit11
Not unwinding 
Unwinding loop 18  iteration  3   file pc_sfifo_3.cil+token_ring.11.cil-1.c line 2269 function start_simulation2
Unwinding loop 5  iteration  1   file pc_sfifo_3.cil+token_ring.11.cil-1.c line 694 function master
Unwinding loop 6  iteration  1   file pc_sfifo_3.cil+token_ring.11.cil-1.c line 750 function transmit1
Unwinding loop 7  iteration  1   file pc_sfifo_3.cil+token_ring.11.cil-1.c line 786 function transmit2
Unwinding loop 8  iteration  1   file pc_sfifo_3.cil+token_ring.11.cil-1.c line 822 function transmit3
Unwinding loop 9  iteration  1   file pc_sfifo_3.cil+token_ring.11.cil-1.c line 858 function transmit4
Unwinding loop 10  iteration  1   file pc_sfifo_3.cil+token_ring.11.cil-1.c line 894 function transmit5
Unwinding loop 11  iteration  1   file pc_sfifo_3.cil+token_ring.11.cil-1.c line 930 function transmit6
Unwinding loop 12  iteration  1   file pc_sfifo_3.cil+token_ring.11.cil-1.c line 966 function transmit7
Unwinding loop 13  iteration  1   file pc_sfifo_3.cil+token_ring.11.cil-1.c line 1002 function transmit8
Unwinding loop 14  iteration  1   file pc_sfifo_3.cil+token_ring.11.cil-1.c line 1038 function transmit9
Unwinding loop 15  iteration  1   file pc_sfifo_3.cil+token_ring.11.cil-1.c line 1074 function transmit10
Unwinding loop 16  iteration  1   file pc_sfifo_3.cil+token_ring.11.cil-1.c line 1110 function transmit11
Unwinding loop 17  iteration  1   file pc_sfifo_3.cil+token_ring.11.cil-1.c line 1511 function eval2
Unwinding loop 5  iteration  1   file pc_sfifo_3.cil+token_ring.11.cil-1.c line 694 function master
Unwinding loop 6  iteration  1   file pc_sfifo_3.cil+token_ring.11.cil-1.c line 750 function transmit1
Unwinding loop 7  iteration  1   file pc_sfifo_3.cil+token_ring.11.cil-1.c line 786 function transmit2
Unwinding loop 8  iteration  1   file pc_sfifo_3.cil+token_ring.11.cil-1.c line 822 function transmit3
Unwinding loop 9  iteration  1   file pc_sfifo_3.cil+token_ring.11.cil-1.c line 858 function transmit4
Unwinding loop 10  iteration  1   file pc_sfifo_3.cil+token_ring.11.cil-1.c line 894 function transmit5
Unwinding loop 11  iteration  1   file pc_sfifo_3.cil+token_ring.11.cil-1.c line 930 function transmit6
Unwinding loop 12  iteration  1   file pc_sfifo_3.cil+token_ring.11.cil-1.c line 966 function transmit7
Unwinding loop 13  iteration  1   file pc_sfifo_3.cil+token_ring.11.cil-1.c line 1002 function transmit8
Unwinding loop 14  iteration  1   file pc_sfifo_3.cil+token_ring.11.cil-1.c line 1038 function transmit9
Unwinding loop 15  iteration  1   file pc_sfifo_3.cil+token_ring.11.cil-1.c line 1074 function transmit10
Unwinding loop 16  iteration  1   file pc_sfifo_3.cil+token_ring.11.cil-1.c line 1110 function transmit11
Unwinding loop 17  iteration  2   file pc_sfifo_3.cil+token_ring.11.cil-1.c line 1511 function eval2
Unwinding loop 5  iteration  1   file pc_sfifo_3.cil+token_ring.11.cil-1.c line 694 function master
Unwinding loop 6  iteration  1   file pc_sfifo_3.cil+token_ring.11.cil-1.c line 750 function transmit1
Unwinding loop 7  iteration  1   file pc_sfifo_3.cil+token_ring.11.cil-1.c line 786 function transmit2
Unwinding loop 8  iteration  1   file pc_sfifo_3.cil+token_ring.11.cil-1.c line 822 function transmit3
Unwinding loop 9  iteration  1   file pc_sfifo_3.cil+token_ring.11.cil-1.c line 858 function transmit4
Unwinding loop 10  iteration  1   file pc_sfifo_3.cil+token_ring.11.cil-1.c line 894 function transmit5
Unwinding loop 11  iteration  1   file pc_sfifo_3.cil+token_ring.11.cil-1.c line 930 function transmit6
Unwinding loop 12  iteration  1   file pc_sfifo_3.cil+token_ring.11.cil-1.c line 966 function transmit7
Unwinding loop 13  iteration  1   file pc_sfifo_3.cil+token_ring.11.cil-1.c line 1002 function transmit8
Unwinding loop 14  iteration  1   file pc_sfifo_3.cil+token_ring.11.cil-1.c line 1038 function transmit9
Unwinding loop 15  iteration  1   file pc_sfifo_3.cil+token_ring.11.cil-1.c line 1074 function transmit10
Unwinding loop 16  iteration  1   file pc_sfifo_3.cil+token_ring.11.cil-1.c line 1110 function transmit11
Unwinding loop 17  iteration  3   file pc_sfifo_3.cil+token_ring.11.cil-1.c line 1511 function eval2
Unwinding loop 5  iteration  1   file pc_sfifo_3.cil+token_ring.11.cil-1.c line 694 function master
Unwinding loop 6  iteration  1   file pc_sfifo_3.cil+token_ring.11.cil-1.c line 750 function transmit1
Unwinding loop 7  iteration  1   file pc_sfifo_3.cil+token_ring.11.cil-1.c line 786 function transmit2
Unwinding loop 8  iteration  1   file pc_sfifo_3.cil+token_ring.11.cil-1.c line 822 function transmit3
Unwinding loop 9  iteration  1   file pc_sfifo_3.cil+token_ring.11.cil-1.c line 858 function transmit4
Unwinding loop 10  iteration  1   file pc_sfifo_3.cil+token_ring.11.cil-1.c line 894 function transmit5
Unwinding loop 11  iteration  1   file pc_sfifo_3.cil+token_ring.11.cil-1.c line 930 function transmit6
Unwinding loop 12  iteration  1   file pc_sfifo_3.cil+token_ring.11.cil-1.c line 966 function transmit7
Unwinding loop 13  iteration  1   file pc_sfifo_3.cil+token_ring.11.cil-1.c line 1002 function transmit8
Unwinding loop 14  iteration  1   file pc_sfifo_3.cil+token_ring.11.cil-1.c line 1038 function transmit9
Unwinding loop 15  iteration  1   file pc_sfifo_3.cil+token_ring.11.cil-1.c line 1074 function transmit10
Unwinding loop 16  iteration  1   file pc_sfifo_3.cil+token_ring.11.cil-1.c line 1110 function transmit11
Unwinding loop 17  iteration  4   file pc_sfifo_3.cil+token_ring.11.cil-1.c line 1511 function eval2
Unwinding loop 5  iteration  1   file pc_sfifo_3.cil+token_ring.11.cil-1.c line 694 function master
Unwinding loop 6  iteration  1   file pc_sfifo_3.cil+token_ring.11.cil-1.c line 750 function transmit1
Unwinding loop 7  iteration  1   file pc_sfifo_3.cil+token_ring.11.cil-1.c line 786 function transmit2
Unwinding loop 8  iteration  1   file pc_sfifo_3.cil+token_ring.11.cil-1.c line 822 function transmit3
Unwinding loop 9  iteration  1   file pc_sfifo_3.cil+token_ring.11.cil-1.c line 858 function transmit4
Unwinding loop 10  iteration  1   file pc_sfifo_3.cil+token_ring.11.cil-1.c line 894 function transmit5
Unwinding loop 11  iteration  1   file pc_sfifo_3.cil+token_ring.11.cil-1.c line 930 function transmit6
Unwinding loop 12  iteration  1   file pc_sfifo_3.cil+token_ring.11.cil-1.c line 966 function transmit7
Unwinding loop 13  iteration  1   file pc_sfifo_3.cil+token_ring.11.cil-1.c line 1002 function transmit8
Unwinding loop 14  iteration  1   file pc_sfifo_3.cil+token_ring.11.cil-1.c line 1038 function transmit9
Unwinding loop 15  iteration  1   file pc_sfifo_3.cil+token_ring.11.cil-1.c line 1074 function transmit10
Unwinding loop 16  iteration  1   file pc_sfifo_3.cil+token_ring.11.cil-1.c line 1110 function transmit11
Unwinding loop 17  iteration  5   file pc_sfifo_3.cil+token_ring.11.cil-1.c line 1511 function eval2
Unwinding loop 5  iteration  1   file pc_sfifo_3.cil+token_ring.11.cil-1.c line 694 function master
Unwinding loop 6  iteration  1   file pc_sfifo_3.cil+token_ring.11.cil-1.c line 750 function transmit1
Unwinding loop 7  iteration  1   file pc_sfifo_3.cil+token_ring.11.cil-1.c line 786 function transmit2
Unwinding loop 8  iteration  1   file pc_sfifo_3.cil+token_ring.11.cil-1.c line 822 function transmit3
Unwinding loop 9  iteration  1   file pc_sfifo_3.cil+token_ring.11.cil-1.c line 858 function transmit4
Unwinding loop 10  iteration  1   file pc_sfifo_3.cil+token_ring.11.cil-1.c line 894 function transmit5
Unwinding loop 11  iteration  1   file pc_sfifo_3.cil+token_ring.11.cil-1.c line 930 function transmit6
Unwinding loop 12  iteration  1   file pc_sfifo_3.cil+token_ring.11.cil-1.c line 966 function transmit7
Unwinding loop 13  iteration  1   file pc_sfifo_3.cil+token_ring.11.cil-1.c line 1002 function transmit8
Unwinding loop 14  iteration  1   file pc_sfifo_3.cil+token_ring.11.cil-1.c line 1038 function transmit9
Unwinding loop 15  iteration  1   file pc_sfifo_3.cil+token_ring.11.cil-1.c line 1074 function transmit10
Unwinding loop 16  iteration  1   file pc_sfifo_3.cil+token_ring.11.cil-1.c line 1110 function transmit11
Not unwinding 
Unwinding loop 18  iteration  4   file pc_sfifo_3.cil+token_ring.11.cil-1.c line 2269 function start_simulation2
Unwinding loop 5  iteration  1   file pc_sfifo_3.cil+token_ring.11.cil-1.c line 694 function master
Unwinding loop 6  iteration  1   file pc_sfifo_3.cil+token_ring.11.cil-1.c line 750 function transmit1
Unwinding loop 7  iteration  1   file pc_sfifo_3.cil+token_ring.11.cil-1.c line 786 function transmit2
Unwinding loop 8  iteration  1   file pc_sfifo_3.cil+token_ring.11.cil-1.c line 822 function transmit3
Unwinding loop 9  iteration  1   file pc_sfifo_3.cil+token_ring.11.cil-1.c line 858 function transmit4
Unwinding loop 10  iteration  1   file pc_sfifo_3.cil+token_ring.11.cil-1.c line 894 function transmit5
Unwinding loop 11  iteration  1   file pc_sfifo_3.cil+token_ring.11.cil-1.c line 930 function transmit6
Unwinding loop 12  iteration  1   file pc_sfifo_3.cil+token_ring.11.cil-1.c line 966 function transmit7
Unwinding loop 13  iteration  1   file pc_sfifo_3.cil+token_ring.11.cil-1.c line 1002 function transmit8
Unwinding loop 14  iteration  1   file pc_sfifo_3.cil+token_ring.11.cil-1.c line 1038 function transmit9
Unwinding loop 15  iteration  1   file pc_sfifo_3.cil+token_ring.11.cil-1.c line 1074 function transmit10
Unwinding loop 16  iteration  1   file pc_sfifo_3.cil+token_ring.11.cil-1.c line 1110 function transmit11
Unwinding loop 17  iteration  1   file pc_sfifo_3.cil+token_ring.11.cil-1.c line 1511 function eval2
Unwinding loop 5  iteration  1   file pc_sfifo_3.cil+token_ring.11.cil-1.c line 694 function master
Unwinding loop 6  iteration  1   file pc_sfifo_3.cil+token_ring.11.cil-1.c line 750 function transmit1
Unwinding loop 7  iteration  1   file pc_sfifo_3.cil+token_ring.11.cil-1.c line 786 function transmit2
Unwinding loop 8  iteration  1   file pc_sfifo_3.cil+token_ring.11.cil-1.c line 822 function transmit3
Unwinding loop 9  iteration  1   file pc_sfifo_3.cil+token_ring.11.cil-1.c line 858 function transmit4
Unwinding loop 10  iteration  1   file pc_sfifo_3.cil+token_ring.11.cil-1.c line 894 function transmit5
Unwinding loop 11  iteration  1   file pc_sfifo_3.cil+token_ring.11.cil-1.c line 930 function transmit6
Unwinding loop 12  iteration  1   file pc_sfifo_3.cil+token_ring.11.cil-1.c line 966 function transmit7
Unwinding loop 13  iteration  1   file pc_sfifo_3.cil+token_ring.11.cil-1.c line 1002 function transmit8
Unwinding loop 14  iteration  1   file pc_sfifo_3.cil+token_ring.11.cil-1.c line 1038 function transmit9
Unwinding loop 15  iteration  1   file pc_sfifo_3.cil+token_ring.11.cil-1.c line 1074 function transmit10
Unwinding loop 16  iteration  1   file pc_sfifo_3.cil+token_ring.11.cil-1.c line 1110 function transmit11
Unwinding loop 17  iteration  2   file pc_sfifo_3.cil+token_ring.11.cil-1.c line 1511 function eval2
Unwinding loop 5  iteration  1   file pc_sfifo_3.cil+token_ring.11.cil-1.c line 694 function master
Unwinding loop 6  iteration  1   file pc_sfifo_3.cil+token_ring.11.cil-1.c line 750 function transmit1
Unwinding loop 7  iteration  1   file pc_sfifo_3.cil+token_ring.11.cil-1.c line 786 function transmit2
Unwinding loop 8  iteration  1   file pc_sfifo_3.cil+token_ring.11.cil-1.c line 822 function transmit3
Unwinding loop 9  iteration  1   file pc_sfifo_3.cil+token_ring.11.cil-1.c line 858 function transmit4
Unwinding loop 10  iteration  1   file pc_sfifo_3.cil+token_ring.11.cil-1.c line 894 function transmit5
Unwinding loop 11  iteration  1   file pc_sfifo_3.cil+token_ring.11.cil-1.c line 930 function transmit6
Unwinding loop 12  iteration  1   file pc_sfifo_3.cil+token_ring.11.cil-1.c line 966 function transmit7
Unwinding loop 13  iteration  1   file pc_sfifo_3.cil+token_ring.11.cil-1.c line 1002 function transmit8
Unwinding loop 14  iteration  1   file pc_sfifo_3.cil+token_ring.11.cil-1.c line 1038 function transmit9
Unwinding loop 15  iteration  1   file pc_sfifo_3.cil+token_ring.11.cil-1.c line 1074 function transmit10
Unwinding loop 16  iteration  1   file pc_sfifo_3.cil+token_ring.11.cil-1.c line 1110 function transmit11
Unwinding loop 17  iteration  3   file pc_sfifo_3.cil+token_ring.11.cil-1.c line 1511 function eval2
Unwinding loop 5  iteration  1   file pc_sfifo_3.cil+token_ring.11.cil-1.c line 694 function master
Unwinding loop 6  iteration  1   file pc_sfifo_3.cil+token_ring.11.cil-1.c line 750 function transmit1
Unwinding loop 7  iteration  1   file pc_sfifo_3.cil+token_ring.11.cil-1.c line 786 function transmit2
Unwinding loop 8  iteration  1   file pc_sfifo_3.cil+token_ring.11.cil-1.c line 822 function transmit3
Unwinding loop 9  iteration  1   file pc_sfifo_3.cil+token_ring.11.cil-1.c line 858 function transmit4
Unwinding loop 10  iteration  1   file pc_sfifo_3.cil+token_ring.11.cil-1.c line 894 function transmit5
Unwinding loop 11  iteration  1   file pc_sfifo_3.cil+token_ring.11.cil-1.c line 930 function transmit6
Unwinding loop 12  iteration  1   file pc_sfifo_3.cil+token_ring.11.cil-1.c line 966 function transmit7
Unwinding loop 13  iteration  1   file pc_sfifo_3.cil+token_ring.11.cil-1.c line 1002 function transmit8
Unwinding loop 14  iteration  1   file pc_sfifo_3.cil+token_ring.11.cil-1.c line 1038 function transmit9
Unwinding loop 15  iteration  1   file pc_sfifo_3.cil+token_ring.11.cil-1.c line 1074 function transmit10
Unwinding loop 16  iteration  1   file pc_sfifo_3.cil+token_ring.11.cil-1.c line 1110 function transmit11
Unwinding loop 17  iteration  4   file pc_sfifo_3.cil+token_ring.11.cil-1.c line 1511 function eval2
Unwinding loop 5  iteration  1   file pc_sfifo_3.cil+token_ring.11.cil-1.c line 694 function master
Unwinding loop 6  iteration  1   file pc_sfifo_3.cil+token_ring.11.cil-1.c line 750 function transmit1
Unwinding loop 7  iteration  1   file pc_sfifo_3.cil+token_ring.11.cil-1.c line 786 function transmit2
Unwinding loop 8  iteration  1   file pc_sfifo_3.cil+token_ring.11.cil-1.c line 822 function transmit3
Unwinding loop 9  iteration  1   file pc_sfifo_3.cil+token_ring.11.cil-1.c line 858 function transmit4
Unwinding loop 10  iteration  1   file pc_sfifo_3.cil+token_ring.11.cil-1.c line 894 function transmit5
Unwinding loop 11  iteration  1   file pc_sfifo_3.cil+token_ring.11.cil-1.c line 930 function transmit6
Unwinding loop 12  iteration  1   file pc_sfifo_3.cil+token_ring.11.cil-1.c line 966 function transmit7
Unwinding loop 13  iteration  1   file pc_sfifo_3.cil+token_ring.11.cil-1.c line 1002 function transmit8
Unwinding loop 14  iteration  1   file pc_sfifo_3.cil+token_ring.11.cil-1.c line 1038 function transmit9
Unwinding loop 15  iteration  1   file pc_sfifo_3.cil+token_ring.11.cil-1.c line 1074 function transmit10
Unwinding loop 16  iteration  1   file pc_sfifo_3.cil+token_ring.11.cil-1.c line 1110 function transmit11
Unwinding loop 17  iteration  5   file pc_sfifo_3.cil+token_ring.11.cil-1.c line 1511 function eval2
Unwinding loop 5  iteration  1   file pc_sfifo_3.cil+token_ring.11.cil-1.c line 694 function master
Unwinding loop 6  iteration  1   file pc_sfifo_3.cil+token_ring.11.cil-1.c line 750 function transmit1
Unwinding loop 7  iteration  1   file pc_sfifo_3.cil+token_ring.11.cil-1.c line 786 function transmit2
Unwinding loop 8  iteration  1   file pc_sfifo_3.cil+token_ring.11.cil-1.c line 822 function transmit3
Unwinding loop 9  iteration  1   file pc_sfifo_3.cil+token_ring.11.cil-1.c line 858 function transmit4
Unwinding loop 10  iteration  1   file pc_sfifo_3.cil+token_ring.11.cil-1.c line 894 function transmit5
Unwinding loop 11  iteration  1   file pc_sfifo_3.cil+token_ring.11.cil-1.c line 930 function transmit6
Unwinding loop 12  iteration  1   file pc_sfifo_3.cil+token_ring.11.cil-1.c line 966 function transmit7
Unwinding loop 13  iteration  1   file pc_sfifo_3.cil+token_ring.11.cil-1.c line 1002 function transmit8
Unwinding loop 14  iteration  1   file pc_sfifo_3.cil+token_ring.11.cil-1.c line 1038 function transmit9
Unwinding loop 15  iteration  1   file pc_sfifo_3.cil+token_ring.11.cil-1.c line 1074 function transmit10
Unwinding loop 16  iteration  1   file pc_sfifo_3.cil+token_ring.11.cil-1.c line 1110 function transmit11
Not unwinding 
Unwinding loop 18  iteration  5   file pc_sfifo_3.cil+token_ring.11.cil-1.c line 2269 function start_simulation2
Unwinding loop 5  iteration  1   file pc_sfifo_3.cil+token_ring.11.cil-1.c line 694 function master
Unwinding loop 6  iteration  1   file pc_sfifo_3.cil+token_ring.11.cil-1.c line 750 function transmit1
Unwinding loop 7  iteration  1   file pc_sfifo_3.cil+token_ring.11.cil-1.c line 786 function transmit2
Unwinding loop 8  iteration  1   file pc_sfifo_3.cil+token_ring.11.cil-1.c line 822 function transmit3
Unwinding loop 9  iteration  1   file pc_sfifo_3.cil+token_ring.11.cil-1.c line 858 function transmit4
Unwinding loop 10  iteration  1   file pc_sfifo_3.cil+token_ring.11.cil-1.c line 894 function transmit5
Unwinding loop 11  iteration  1   file pc_sfifo_3.cil+token_ring.11.cil-1.c line 930 function transmit6
Unwinding loop 12  iteration  1   file pc_sfifo_3.cil+token_ring.11.cil-1.c line 966 function transmit7
Unwinding loop 13  iteration  1   file pc_sfifo_3.cil+token_ring.11.cil-1.c line 1002 function transmit8
Unwinding loop 14  iteration  1   file pc_sfifo_3.cil+token_ring.11.cil-1.c line 1038 function transmit9
Unwinding loop 15  iteration  1   file pc_sfifo_3.cil+token_ring.11.cil-1.c line 1074 function transmit10
Unwinding loop 16  iteration  1   file pc_sfifo_3.cil+token_ring.11.cil-1.c line 1110 function transmit11
Unwinding loop 17  iteration  1   file pc_sfifo_3.cil+token_ring.11.cil-1.c line 1511 function eval2
Unwinding loop 5  iteration  1   file pc_sfifo_3.cil+token_ring.11.cil-1.c line 694 function master
Unwinding loop 6  iteration  1   file pc_sfifo_3.cil+token_ring.11.cil-1.c line 750 function transmit1
Unwinding loop 7  iteration  1   file pc_sfifo_3.cil+token_ring.11.cil-1.c line 786 function transmit2
Unwinding loop 8  iteration  1   file pc_sfifo_3.cil+token_ring.11.cil-1.c line 822 function transmit3
Unwinding loop 9  iteration  1   file pc_sfifo_3.cil+token_ring.11.cil-1.c line 858 function transmit4
Unwinding loop 10  iteration  1   file pc_sfifo_3.cil+token_ring.11.cil-1.c line 894 function transmit5
Unwinding loop 11  iteration  1   file pc_sfifo_3.cil+token_ring.11.cil-1.c line 930 function transmit6
Unwinding loop 12  iteration  1   file pc_sfifo_3.cil+token_ring.11.cil-1.c line 966 function transmit7
Unwinding loop 13  iteration  1   file pc_sfifo_3.cil+token_ring.11.cil-1.c line 1002 function transmit8
Unwinding loop 14  iteration  1   file pc_sfifo_3.cil+token_ring.11.cil-1.c line 1038 function transmit9
Unwinding loop 15  iteration  1   file pc_sfifo_3.cil+token_ring.11.cil-1.c line 1074 function transmit10
Unwinding loop 16  iteration  1   file pc_sfifo_3.cil+token_ring.11.cil-1.c line 1110 function transmit11
Unwinding loop 17  iteration  2   file pc_sfifo_3.cil+token_ring.11.cil-1.c line 1511 function eval2
Unwinding loop 5  iteration  1   file pc_sfifo_3.cil+token_ring.11.cil-1.c line 694 function master
Unwinding loop 6  iteration  1   file pc_sfifo_3.cil+token_ring.11.cil-1.c line 750 function transmit1
Unwinding loop 7  iteration  1   file pc_sfifo_3.cil+token_ring.11.cil-1.c line 786 function transmit2
Unwinding loop 8  iteration  1   file pc_sfifo_3.cil+token_ring.11.cil-1.c line 822 function transmit3
Unwinding loop 9  iteration  1   file pc_sfifo_3.cil+token_ring.11.cil-1.c line 858 function transmit4
Unwinding loop 10  iteration  1   file pc_sfifo_3.cil+token_ring.11.cil-1.c line 894 function transmit5
Unwinding loop 11  iteration  1   file pc_sfifo_3.cil+token_ring.11.cil-1.c line 930 function transmit6
Unwinding loop 12  iteration  1   file pc_sfifo_3.cil+token_ring.11.cil-1.c line 966 function transmit7
Unwinding loop 13  iteration  1   file pc_sfifo_3.cil+token_ring.11.cil-1.c line 1002 function transmit8
Unwinding loop 14  iteration  1   file pc_sfifo_3.cil+token_ring.11.cil-1.c line 1038 function transmit9
Unwinding loop 15  iteration  1   file pc_sfifo_3.cil+token_ring.11.cil-1.c line 1074 function transmit10
Unwinding loop 16  iteration  1   file pc_sfifo_3.cil+token_ring.11.cil-1.c line 1110 function transmit11
Unwinding loop 17  iteration  3   file pc_sfifo_3.cil+token_ring.11.cil-1.c line 1511 function eval2
Unwinding loop 5  iteration  1   file pc_sfifo_3.cil+token_ring.11.cil-1.c line 694 function master
Unwinding loop 6  iteration  1   file pc_sfifo_3.cil+token_ring.11.cil-1.c line 750 function transmit1
Unwinding loop 7  iteration  1   file pc_sfifo_3.cil+token_ring.11.cil-1.c line 786 function transmit2
Unwinding loop 8  iteration  1   file pc_sfifo_3.cil+token_ring.11.cil-1.c line 822 function transmit3
Unwinding loop 9  iteration  1   file pc_sfifo_3.cil+token_ring.11.cil-1.c line 858 function transmit4
Unwinding loop 10  iteration  1   file pc_sfifo_3.cil+token_ring.11.cil-1.c line 894 function transmit5
Unwinding loop 11  iteration  1   file pc_sfifo_3.cil+token_ring.11.cil-1.c line 930 function transmit6
Unwinding loop 12  iteration  1   file pc_sfifo_3.cil+token_ring.11.cil-1.c line 966 function transmit7
Unwinding loop 13  iteration  1   file pc_sfifo_3.cil+token_ring.11.cil-1.c line 1002 function transmit8
Unwinding loop 14  iteration  1   file pc_sfifo_3.cil+token_ring.11.cil-1.c line 1038 function transmit9
Unwinding loop 15  iteration  1   file pc_sfifo_3.cil+token_ring.11.cil-1.c line 1074 function transmit10
Unwinding loop 16  iteration  1   file pc_sfifo_3.cil+token_ring.11.cil-1.c line 1110 function transmit11
Unwinding loop 17  iteration  4   file pc_sfifo_3.cil+token_ring.11.cil-1.c line 1511 function eval2
Unwinding loop 5  iteration  1   file pc_sfifo_3.cil+token_ring.11.cil-1.c line 694 function master
Unwinding loop 6  iteration  1   file pc_sfifo_3.cil+token_ring.11.cil-1.c line 750 function transmit1
Unwinding loop 7  iteration  1   file pc_sfifo_3.cil+token_ring.11.cil-1.c line 786 function transmit2
Unwinding loop 8  iteration  1   file pc_sfifo_3.cil+token_ring.11.cil-1.c line 822 function transmit3
Unwinding loop 9  iteration  1   file pc_sfifo_3.cil+token_ring.11.cil-1.c line 858 function transmit4
Unwinding loop 10  iteration  1   file pc_sfifo_3.cil+token_ring.11.cil-1.c line 894 function transmit5
Unwinding loop 11  iteration  1   file pc_sfifo_3.cil+token_ring.11.cil-1.c line 930 function transmit6
Unwinding loop 12  iteration  1   file pc_sfifo_3.cil+token_ring.11.cil-1.c line 966 function transmit7
Unwinding loop 13  iteration  1   file pc_sfifo_3.cil+token_ring.11.cil-1.c line 1002 function transmit8
Unwinding loop 14  iteration  1   file pc_sfifo_3.cil+token_ring.11.cil-1.c line 1038 function transmit9
Unwinding loop 15  iteration  1   file pc_sfifo_3.cil+token_ring.11.cil-1.c line 1074 function transmit10
Unwinding loop 16  iteration  1   file pc_sfifo_3.cil+token_ring.11.cil-1.c line 1110 function transmit11
Unwinding loop 17  iteration  5   file pc_sfifo_3.cil+token_ring.11.cil-1.c line 1511 function eval2
Unwinding loop 5  iteration  1   file pc_sfifo_3.cil+token_ring.11.cil-1.c line 694 function master
Unwinding loop 6  iteration  1   file pc_sfifo_3.cil+token_ring.11.cil-1.c line 750 function transmit1
Unwinding loop 7  iteration  1   file pc_sfifo_3.cil+token_ring.11.cil-1.c line 786 function transmit2
Unwinding loop 8  iteration  1   file pc_sfifo_3.cil+token_ring.11.cil-1.c line 822 function transmit3
Unwinding loop 9  iteration  1   file pc_sfifo_3.cil+token_ring.11.cil-1.c line 858 function transmit4
Unwinding loop 10  iteration  1   file pc_sfifo_3.cil+token_ring.11.cil-1.c line 894 function transmit5
Unwinding loop 11  iteration  1   file pc_sfifo_3.cil+token_ring.11.cil-1.c line 930 function transmit6
Unwinding loop 12  iteration  1   file pc_sfifo_3.cil+token_ring.11.cil-1.c line 966 function transmit7
Unwinding loop 13  iteration  1   file pc_sfifo_3.cil+token_ring.11.cil-1.c line 1002 function transmit8
Unwinding loop 14  iteration  1   file pc_sfifo_3.cil+token_ring.11.cil-1.c line 1038 function transmit9
Unwinding loop 15  iteration  1   file pc_sfifo_3.cil+token_ring.11.cil-1.c line 1074 function transmit10
Unwinding loop 16  iteration  1   file pc_sfifo_3.cil+token_ring.11.cil-1.c line 1110 function transmit11
Not unwinding 
Not unwinding 
Symex completed in: 11.228s (42350 assignments)
Slicing time: 0.082s (removed 29257 assignments)
Generated 140 VCC(s), 140 remaining after simplification (13093 assignments)
No solver specified; defaulting to Boolector
Encoding remaining VCC(s) using bit-vector/floating-point arithmetic
Encoding to solver time: 0.146s
Solving with solver Boolector 3.2.2
Encoding to solver time: 0.146s
Runtime decision procedure: 5.773s
Building error trace

Counterexample:

State 1 file pc_sfifo_3.cil+token_ring.11.cil-1.c line 1523 function eval2 thread 0
----------------------------------------------------
  tmp_ndt_1 = 0 (00000000 00000000 00000000 00000000)

State 2 file pc_sfifo_3.cil+token_ring.11.cil-1.c line 1537 function eval2 thread 0
----------------------------------------------------
  tmp_ndt_2 = 0 (00000000 00000000 00000000 00000000)

State 3 file pc_sfifo_3.cil+token_ring.11.cil-1.c line 1551 function eval2 thread 0
----------------------------------------------------
  tmp_ndt_3 = 0 (00000000 00000000 00000000 00000000)

State 4 file pc_sfifo_3.cil+token_ring.11.cil-1.c line 1565 function eval2 thread 0
----------------------------------------------------
  tmp_ndt_4 = 0 (00000000 00000000 00000000 00000000)

State 5 file pc_sfifo_3.cil+token_ring.11.cil-1.c line 1579 function eval2 thread 0
----------------------------------------------------
  tmp_ndt_5 = 0 (00000000 00000000 00000000 00000000)

State 6 file pc_sfifo_3.cil+token_ring.11.cil-1.c line 1593 function eval2 thread 0
----------------------------------------------------
  tmp_ndt_6 = 0 (00000000 00000000 00000000 00000000)

State 7 file pc_sfifo_3.cil+token_ring.11.cil-1.c line 1607 function eval2 thread 0
----------------------------------------------------
  tmp_ndt_7 = 0 (00000000 00000000 00000000 00000000)

State 8 file pc_sfifo_3.cil+token_ring.11.cil-1.c line 1621 function eval2 thread 0
----------------------------------------------------
  tmp_ndt_8 = 0 (00000000 00000000 00000000 00000000)

State 9 file pc_sfifo_3.cil+token_ring.11.cil-1.c line 1635 function eval2 thread 0
----------------------------------------------------
  tmp_ndt_9 = 1 (00000000 00000000 00000000 00000001)

State 10 file pc_sfifo_3.cil+token_ring.11.cil-1.c line 1649 function eval2 thread 0
----------------------------------------------------
  tmp_ndt_10 = 0 (00000000 00000000 00000000 00000000)

State 11 file pc_sfifo_3.cil+token_ring.11.cil-1.c line 1663 function eval2 thread 0
----------------------------------------------------
  tmp_ndt_11 = 0 (00000000 00000000 00000000 00000000)

State 12 file pc_sfifo_3.cil+token_ring.11.cil-1.c line 1677 function eval2 thread 0
----------------------------------------------------
  tmp_ndt_12 = 0 (00000000 00000000 00000000 00000000)

State 13 file pc_sfifo_3.cil+token_ring.11.cil-1.c line 1523 function eval2 thread 0
----------------------------------------------------
  tmp_ndt_1 = 0 (00000000 00000000 00000000 00000000)

State 14 file pc_sfifo_3.cil+token_ring.11.cil-1.c line 1537 function eval2 thread 0
----------------------------------------------------
  tmp_ndt_2 = 2 (00000000 00000000 00000000 00000010)

State 15 file pc_sfifo_3.cil+token_ring.11.cil-1.c line 1551 function eval2 thread 0
----------------------------------------------------
  tmp_ndt_3 = 0 (00000000 00000000 00000000 00000000)

State 16 file pc_sfifo_3.cil+token_ring.11.cil-1.c line 1565 function eval2 thread 0
----------------------------------------------------
  tmp_ndt_4 = 0 (00000000 00000000 00000000 00000000)

State 17 file pc_sfifo_3.cil+token_ring.11.cil-1.c line 1579 function eval2 thread 0
----------------------------------------------------
  tmp_ndt_5 = 1 (00000000 00000000 00000000 00000001)

State 18 file pc_sfifo_3.cil+token_ring.11.cil-1.c line 1593 function eval2 thread 0
----------------------------------------------------
  tmp_ndt_6 = 2 (00000000 00000000 00000000 00000010)

State 19 file pc_sfifo_3.cil+token_ring.11.cil-1.c line 1607 function eval2 thread 0
----------------------------------------------------
  tmp_ndt_7 = 0 (00000000 00000000 00000000 00000000)

State 20 file pc_sfifo_3.cil+token_ring.11.cil-1.c line 1621 function eval2 thread 0
----------------------------------------------------
  tmp_ndt_8 = 0 (00000000 00000000 00000000 00000000)

State 21 file pc_sfifo_3.cil+token_ring.11.cil-1.c line 1649 function eval2 thread 0
----------------------------------------------------
  tmp_ndt_10 = 0 (00000000 00000000 00000000 00000000)

State 22 file pc_sfifo_3.cil+token_ring.11.cil-1.c line 1663 function eval2 thread 0
----------------------------------------------------
  tmp_ndt_11 = 0 (00000000 00000000 00000000 00000000)

State 23 file pc_sfifo_3.cil+token_ring.11.cil-1.c line 1677 function eval2 thread 0
----------------------------------------------------
  tmp_ndt_12 = 0 (00000000 00000000 00000000 00000000)

State 24 file pc_sfifo_3.cil+token_ring.11.cil-1.c line 1523 function eval2 thread 0
----------------------------------------------------
  tmp_ndt_1 = 0 (00000000 00000000 00000000 00000000)

State 25 file pc_sfifo_3.cil+token_ring.11.cil-1.c line 1551 function eval2 thread 0
----------------------------------------------------
  tmp_ndt_3 = 0 (00000000 00000000 00000000 00000000)

State 26 file pc_sfifo_3.cil+token_ring.11.cil-1.c line 1565 function eval2 thread 0
----------------------------------------------------
  tmp_ndt_4 = 0 (00000000 00000000 00000000 00000000)

State 27 file pc_sfifo_3.cil+token_ring.11.cil-1.c line 1607 function eval2 thread 0
----------------------------------------------------
  tmp_ndt_7 = 1 (00000000 00000000 00000000 00000001)

State 28 file pc_sfifo_3.cil+token_ring.11.cil-1.c line 1621 function eval2 thread 0
----------------------------------------------------
  tmp_ndt_8 = 0 (00000000 00000000 00000000 00000000)

State 29 file pc_sfifo_3.cil+token_ring.11.cil-1.c line 1649 function eval2 thread 0
----------------------------------------------------
  tmp_ndt_10 = 0 (00000000 00000000 00000000 00000000)

State 30 file pc_sfifo_3.cil+token_ring.11.cil-1.c line 1663 function eval2 thread 0
----------------------------------------------------
  tmp_ndt_11 = 0 (00000000 00000000 00000000 00000000)

State 31 file pc_sfifo_3.cil+token_ring.11.cil-1.c line 1677 function eval2 thread 0
----------------------------------------------------
  tmp_ndt_12 = 1 (00000000 00000000 00000000 00000001)

State 32 file pc_sfifo_3.cil+token_ring.11.cil-1.c line 1523 function eval2 thread 0
----------------------------------------------------
  tmp_ndt_1 = 0 (00000000 00000000 00000000 00000000)

State 33 file pc_sfifo_3.cil+token_ring.11.cil-1.c line 1551 function eval2 thread 0
----------------------------------------------------
  tmp_ndt_3 = 2 (00000000 00000000 00000000 00000010)

State 34 file pc_sfifo_3.cil+token_ring.11.cil-1.c line 1565 function eval2 thread 0
----------------------------------------------------
  tmp_ndt_4 = 1 (00000000 00000000 00000000 00000001)

State 35 file pc_sfifo_3.cil+token_ring.11.cil-1.c line 1621 function eval2 thread 0
----------------------------------------------------
  tmp_ndt_8 = 1 (00000000 00000000 00000000 00000001)

State 36 file pc_sfifo_3.cil+token_ring.11.cil-1.c line 1649 function eval2 thread 0
----------------------------------------------------
  tmp_ndt_10 = 1 (00000000 00000000 00000000 00000001)

State 37 file pc_sfifo_3.cil+token_ring.11.cil-1.c line 1663 function eval2 thread 0
----------------------------------------------------
  tmp_ndt_11 = 1 (00000000 00000000 00000000 00000001)

State 38 file pc_sfifo_3.cil+token_ring.11.cil-1.c line 1523 function eval2 thread 0
----------------------------------------------------
  tmp_ndt_1 = 4 (00000000 00000000 00000000 00000100)

State 39 file pc_sfifo_3.cil+token_ring.11.cil-1.c line 681 function master thread 0
----------------------------------------------------
  tmp_var = -2147483643 (10000000 00000000 00000000 00000101)

State 40 file pc_sfifo_3.cil+token_ring.11.cil-1.c line 697 function master thread 0
----------------------------------------------------
  token = 451901259 (00011010 11101111 01110111 01001011)

State 41 file pc_sfifo_3.cil+token_ring.11.cil-1.c line 698 function master thread 0
----------------------------------------------------
  local = 451901259 (00011010 11101111 01110111 01001011)

State 42 file pc_sfifo_3.cil+token_ring.11.cil-1.c line 1537 function eval2 thread 0
----------------------------------------------------
  tmp_ndt_2 = 1 (00000000 00000000 00000000 00000001)

State 43 file pc_sfifo_3.cil+token_ring.11.cil-1.c line 758 function transmit1 thread 0
----------------------------------------------------
  token = 451901260 (00011010 11101111 01110111 01001100)

State 44 file pc_sfifo_3.cil+token_ring.11.cil-1.c line 1551 function eval2 thread 0
----------------------------------------------------
  tmp_ndt_3 = 1 (00000000 00000000 00000000 00000001)

State 45 file pc_sfifo_3.cil+token_ring.11.cil-1.c line 794 function transmit2 thread 0
----------------------------------------------------
  token = 451901261 (00011010 11101111 01110111 01001101)

State 46 file pc_sfifo_3.cil+token_ring.11.cil-1.c line 1565 function eval2 thread 0
----------------------------------------------------
  tmp_ndt_4 = 1 (00000000 00000000 00000000 00000001)

State 47 file pc_sfifo_3.cil+token_ring.11.cil-1.c line 830 function transmit3 thread 0
----------------------------------------------------
  token = 451901262 (00011010 11101111 01110111 01001110)

State 48 file pc_sfifo_3.cil+token_ring.11.cil-1.c line 1579 function eval2 thread 0
----------------------------------------------------
  tmp_ndt_5 = 1 (00000000 00000000 00000000 00000001)

State 49 file pc_sfifo_3.cil+token_ring.11.cil-1.c line 866 function transmit4 thread 0
----------------------------------------------------
  token = 451901263 (00011010 11101111 01110111 01001111)

State 50 file pc_sfifo_3.cil+token_ring.11.cil-1.c line 1593 function eval2 thread 0
----------------------------------------------------
  tmp_ndt_6 = 1 (00000000 00000000 00000000 00000001)

State 51 file pc_sfifo_3.cil+token_ring.11.cil-1.c line 902 function transmit5 thread 0
----------------------------------------------------
  token = 451901264 (00011010 11101111 01110111 01010000)

State 52 file pc_sfifo_3.cil+token_ring.11.cil-1.c line 1607 function eval2 thread 0
----------------------------------------------------
  tmp_ndt_7 = 1 (00000000 00000000 00000000 00000001)

State 53 file pc_sfifo_3.cil+token_ring.11.cil-1.c line 938 function transmit6 thread 0
----------------------------------------------------
  token = 451901265 (00011010 11101111 01110111 01010001)

State 54 file pc_sfifo_3.cil+token_ring.11.cil-1.c line 1621 function eval2 thread 0
----------------------------------------------------
  tmp_ndt_8 = 1 (00000000 00000000 00000000 00000001)

State 55 file pc_sfifo_3.cil+token_ring.11.cil-1.c line 974 function transmit7 thread 0
----------------------------------------------------
  token = 451901266 (00011010 11101111 01110111 01010010)

State 56 file pc_sfifo_3.cil+token_ring.11.cil-1.c line 1635 function eval2 thread 0
----------------------------------------------------
  tmp_ndt_9 = 1 (00000000 00000000 00000000 00000001)

State 57 file pc_sfifo_3.cil+token_ring.11.cil-1.c line 1010 function transmit8 thread 0
----------------------------------------------------
  token = 451901267 (00011010 11101111 01110111 01010011)

State 58 file pc_sfifo_3.cil+token_ring.11.cil-1.c line 1649 function eval2 thread 0
----------------------------------------------------
  tmp_ndt_10 = 1 (00000000 00000000 00000000 00000001)

State 59 file pc_sfifo_3.cil+token_ring.11.cil-1.c line 1046 function transmit9 thread 0
----------------------------------------------------
  token = 451901268 (00011010 11101111 01110111 01010100)

State 60 file pc_sfifo_3.cil+token_ring.11.cil-1.c line 1663 function eval2 thread 0
----------------------------------------------------
  tmp_ndt_11 = 1 (00000000 00000000 00000000 00000001)

State 61 file pc_sfifo_3.cil+token_ring.11.cil-1.c line 1082 function transmit10 thread 0
----------------------------------------------------
  token = 451901269 (00011010 11101111 01110111 01010101)

State 62 file pc_sfifo_3.cil+token_ring.11.cil-1.c line 1677 function eval2 thread 0
----------------------------------------------------
  tmp_ndt_12 = 2 (00000000 00000000 00000000 00000010)

State 63 file pc_sfifo_3.cil+token_ring.11.cil-1.c line 1118 function transmit11 thread 0
----------------------------------------------------
  token = 451901270 (00011010 11101111 01110111 01010110)

State 64 file pc_sfifo_3.cil+token_ring.11.cil-1.c line 1523 function eval2 thread 0
----------------------------------------------------
  tmp_ndt_1 = 32 (00000000 00000000 00000000 00100000)

State 65 file pc_sfifo_3.cil+token_ring.11.cil-1.c line 681 function master thread 0
----------------------------------------------------
  tmp_var = 5 (00000000 00000000 00000000 00000101)

State 66 file pc_sfifo_3.cil+token_ring.11.cil-1.c line 19 function reach_error thread 0
----------------------------------------------------
Violated property:
  file pc_sfifo_3.cil+token_ring.11.cil-1.c line 19 function reach_error
  assertion 0
  0


VERIFICATION FAILED

Bug found (k = 6)


FALSE_REACH
