./esbmc-wrapper.py -p ../sv-benchmarks/c/properties/unreach-call.prp -s kinduction --arch 64 ../sv-benchmarks/c/aws-c-common/aws_string_compare_harness.i


--------------------------------------------------------------------------------


Verifying with ESBMC
Command: ./esbmc --no-div-by-zero-check --force-malloc-success --state-hashing --add-symex-value-sets --no-align-check --k-step 5 --floatbv --unlimited-k-steps ../sv-benchmarks/c/aws-c-common/aws_string_compare_harness.i --64 --witness-output aws_string_compare_harness.i.graphml --no-pointer-check --no-bounds-check --interval-analysis --goto-unwind --unlimited-goto-unwind --k-induction --max-inductive-step 3 
ESBMC version 6.8.0 64-bit x86_64 linux
Target: 64-bit little-endian x86_64-unknown-linux with esbmc libc
file ../sv-benchmarks/c/aws-c-common/aws_string_compare_harness.i: Parsing
Converting
Generating GOTO Program
GOTO program creation time: 0.390s
GOTO program processing time: 0.024s
*** Checking base case, k = 1
Starting Bounded Model Checking
Not unwinding 
Symex completed in: 0.084s (267 assignments)
Slicing time: 0.001s (removed 97 assignments)
Generated 6 VCC(s), 6 remaining after simplification (170 assignments)
No solver specified; defaulting to Boolector
Encoding remaining VCC(s) using bit-vector/floating-point arithmetic
Encoding to solver time: 0.004s
Solving with solver Boolector 3.2.2
Encoding to solver time: 0.004s
Runtime decision procedure: 0.340s
BMC program time: 0.430s
No bug has been found in the base case
*** Checking forward condition, k = 1
Starting Bounded Model Checking
Not unwinding 
Symex completed in: 0.028s (261 assignments)
Slicing time: 0.001s (removed 97 assignments)
Generated 1 VCC(s), 1 remaining after simplification (164 assignments)
No solver specified; defaulting to Boolector
Encoding remaining VCC(s) using bit-vector/floating-point arithmetic
Encoding to solver time: 0.005s
Solving with solver Boolector 3.2.2
Encoding to solver time: 0.005s
Runtime decision procedure: 0.236s
The forward condition is unable to prove the property
*** Checking base case, k = 6
Starting Bounded Model Checking
Unwinding loop 6  iteration  1   file string.c line 308 function memcmp
Unwinding loop 6  iteration  2   file string.c line 308 function memcmp
Unwinding loop 6  iteration  3   file string.c line 308 function memcmp
Unwinding loop 6  iteration  4   file string.c line 308 function memcmp
Unwinding loop 6  iteration  5   file string.c line 308 function memcmp
Not unwinding 
Symex completed in: 0.035s (389 assignments)
Slicing time: 0.001s (removed 172 assignments)
Generated 6 VCC(s), 6 remaining after simplification (217 assignments)
No solver specified; defaulting to Boolector
Encoding remaining VCC(s) using bit-vector/floating-point arithmetic
Encoding to solver time: 0.005s
Solving with solver Boolector 3.2.2
Encoding to solver time: 0.005s
Runtime decision procedure: 0.375s
BMC program time: 0.417s
No bug has been found in the base case
*** Checking forward condition, k = 6
Starting Bounded Model Checking
Unwinding loop 6  iteration  1   file string.c line 308 function memcmp
Unwinding loop 6  iteration  2   file string.c line 308 function memcmp
Unwinding loop 6  iteration  3   file string.c line 308 function memcmp
Unwinding loop 6  iteration  4   file string.c line 308 function memcmp
Unwinding loop 6  iteration  5   file string.c line 308 function memcmp
Not unwinding 
Symex completed in: 0.034s (383 assignments)
Slicing time: 0.002s (removed 172 assignments)
Generated 1 VCC(s), 1 remaining after simplification (211 assignments)
No solver specified; defaulting to Boolector
Encoding remaining VCC(s) using bit-vector/floating-point arithmetic
Encoding to solver time: 0.005s
Solving with solver Boolector 3.2.2
Encoding to solver time: 0.005s
Runtime decision procedure: 0.254s
The forward condition is unable to prove the property
*** Checking base case, k = 11
Starting Bounded Model Checking
Unwinding loop 6  iteration  1   file string.c line 308 function memcmp
Unwinding loop 6  iteration  2   file string.c line 308 function memcmp
Unwinding loop 6  iteration  3   file string.c line 308 function memcmp
Unwinding loop 6  iteration  4   file string.c line 308 function memcmp
Unwinding loop 6  iteration  5   file string.c line 308 function memcmp
Unwinding loop 6  iteration  6   file string.c line 308 function memcmp
Unwinding loop 6  iteration  7   file string.c line 308 function memcmp
Unwinding loop 6  iteration  8   file string.c line 308 function memcmp
Unwinding loop 6  iteration  9   file string.c line 308 function memcmp
Unwinding loop 6  iteration  10   file string.c line 308 function memcmp
Not unwinding 
Symex completed in: 0.043s (509 assignments)
Slicing time: 0.002s (removed 247 assignments)
Generated 6 VCC(s), 6 remaining after simplification (262 assignments)
No solver specified; defaulting to Boolector
Encoding remaining VCC(s) using bit-vector/floating-point arithmetic
Encoding to solver time: 0.006s
Solving with solver Boolector 3.2.2
Encoding to solver time: 0.006s
Runtime decision procedure: 0.447s
BMC program time: 0.500s
No bug has been found in the base case
*** Checking forward condition, k = 11
Starting Bounded Model Checking
Unwinding loop 6  iteration  1   file string.c line 308 function memcmp
Unwinding loop 6  iteration  2   file string.c line 308 function memcmp
Unwinding loop 6  iteration  3   file string.c line 308 function memcmp
Unwinding loop 6  iteration  4   file string.c line 308 function memcmp
Unwinding loop 6  iteration  5   file string.c line 308 function memcmp
Unwinding loop 6  iteration  6   file string.c line 308 function memcmp
Unwinding loop 6  iteration  7   file string.c line 308 function memcmp
Unwinding loop 6  iteration  8   file string.c line 308 function memcmp
Unwinding loop 6  iteration  9   file string.c line 308 function memcmp
Unwinding loop 6  iteration  10   file string.c line 308 function memcmp
Not unwinding 
Symex completed in: 0.047s (503 assignments)
Slicing time: 0.002s (removed 247 assignments)
Generated 1 VCC(s), 1 remaining after simplification (256 assignments)
No solver specified; defaulting to Boolector
Encoding remaining VCC(s) using bit-vector/floating-point arithmetic
Encoding to solver time: 0.007s
Solving with solver Boolector 3.2.2
Encoding to solver time: 0.007s
Runtime decision procedure: 0.267s
The forward condition is unable to prove the property
*** Checking base case, k = 16
Starting Bounded Model Checking
Unwinding loop 6  iteration  1   file string.c line 308 function memcmp
Unwinding loop 6  iteration  2   file string.c line 308 function memcmp
Unwinding loop 6  iteration  3   file string.c line 308 function memcmp
Unwinding loop 6  iteration  4   file string.c line 308 function memcmp
Unwinding loop 6  iteration  5   file string.c line 308 function memcmp
Unwinding loop 6  iteration  6   file string.c line 308 function memcmp
Unwinding loop 6  iteration  7   file string.c line 308 function memcmp
Unwinding loop 6  iteration  8   file string.c line 308 function memcmp
Unwinding loop 6  iteration  9   file string.c line 308 function memcmp
Unwinding loop 6  iteration  10   file string.c line 308 function memcmp
Unwinding loop 6  iteration  11   file string.c line 308 function memcmp
Unwinding loop 6  iteration  12   file string.c line 308 function memcmp
Unwinding loop 6  iteration  13   file string.c line 308 function memcmp
Unwinding loop 6  iteration  14   file string.c line 308 function memcmp
Unwinding loop 6  iteration  15   file string.c line 308 function memcmp
Not unwinding 
Symex completed in: 0.058s (629 assignments)
Slicing time: 0.003s (removed 322 assignments)
Generated 6 VCC(s), 6 remaining after simplification (307 assignments)
No solver specified; defaulting to Boolector
Encoding remaining VCC(s) using bit-vector/floating-point arithmetic
Encoding to solver time: 0.007s
Solving with solver Boolector 3.2.2
Encoding to solver time: 0.007s
Runtime decision procedure: 0.883s
BMC program time: 0.953s
No bug has been found in the base case
*** Checking forward condition, k = 16
Starting Bounded Model Checking
Unwinding loop 6  iteration  1   file string.c line 308 function memcmp
Unwinding loop 6  iteration  2   file string.c line 308 function memcmp
Unwinding loop 6  iteration  3   file string.c line 308 function memcmp
Unwinding loop 6  iteration  4   file string.c line 308 function memcmp
Unwinding loop 6  iteration  5   file string.c line 308 function memcmp
Unwinding loop 6  iteration  6   file string.c line 308 function memcmp
Unwinding loop 6  iteration  7   file string.c line 308 function memcmp
Unwinding loop 6  iteration  8   file string.c line 308 function memcmp
Unwinding loop 6  iteration  9   file string.c line 308 function memcmp
Unwinding loop 6  iteration  10   file string.c line 308 function memcmp
Unwinding loop 6  iteration  11   file string.c line 308 function memcmp
Unwinding loop 6  iteration  12   file string.c line 308 function memcmp
Unwinding loop 6  iteration  13   file string.c line 308 function memcmp
Unwinding loop 6  iteration  14   file string.c line 308 function memcmp
Unwinding loop 6  iteration  15   file string.c line 308 function memcmp
Not unwinding 
Symex completed in: 0.065s (623 assignments)
Slicing time: 0.003s (removed 322 assignments)
Generated 1 VCC(s), 1 remaining after simplification (301 assignments)
No solver specified; defaulting to Boolector
Encoding remaining VCC(s) using bit-vector/floating-point arithmetic
Encoding to solver time: 0.007s
Solving with solver Boolector 3.2.2
Encoding to solver time: 0.007s
Runtime decision procedure: 0.264s
BMC program time: 0.340s
Building successful trace

VERIFICATION SUCCESSFUL

Solution found by the forward condition; all states are reachable (k = 16

../sv-benchmarks/c/aws-c-common/aws_string_compare_harness.i:1632:45: warning: attribute declaration must precede definition [-Wignored-attributes]
extern void my_abort (void) __attribute__ ((__nothrow__ , __leaf__)) __attribute__ ((__noreturn__));
                                            ^
../sv-benchmarks/c/aws-c-common/aws_string_compare_harness.i:232:6: note: previous definition is here
void my_abort(void) {
     ^
../sv-benchmarks/c/aws-c-common/aws_string_compare_harness.i:5785:12: warning: implicit declaration of function '__ESBMC_atomic_load' is invalid in C99 [-Wimplicit-function-declaration]
    return __atomic_load_n(&(*(aws_atomic_impl_int_t *)(var)), aws_atomic_priv_xlate_order(memory_order));
           ^
esbmc_intrinsics.h:103:5: note: expanded from here
    __ESBMC_atomic_load(__atomic_load_ptr, &__atomic_load_tmp, (MO));          \
    ^
../sv-benchmarks/c/aws-c-common/aws_string_compare_harness.i:5793:12: warning: implicit declaration of function '__ESBMC_atomic_load' is invalid in C99 [-Wimplicit-function-declaration]
    return __atomic_load_n(&((var)->value), aws_atomic_priv_xlate_order(memory_order));
           ^
esbmc_intrinsics.h:103:5: note: expanded from here
    __ESBMC_atomic_load(__atomic_load_ptr, &__atomic_load_tmp, (MO));          \
    ^
../sv-benchmarks/c/aws-c-common/aws_string_compare_harness.i:5801:5: warning: implicit declaration of function '__ESBMC_atomic_store' is invalid in C99 [-Wimplicit-function-declaration]
    __atomic_store_n(&(*(aws_atomic_impl_int_t *)(var)), n, aws_atomic_priv_xlate_order(memory_order));
    ^
esbmc_intrinsics.h:111:5: note: expanded from here
    __ESBMC_atomic_store(__atomic_store_ptr, &__atomic_store_tmp, (MO));       \
    ^
../sv-benchmarks/c/aws-c-common/aws_string_compare_harness.i:5809:5: warning: implicit declaration of function '__ESBMC_atomic_store' is invalid in C99 [-Wimplicit-function-declaration]
    __atomic_store_n(&((var)->value), p, aws_atomic_priv_xlate_order(memory_order));
    ^
esbmc_intrinsics.h:111:5: note: expanded from here
    __ESBMC_atomic_store(__atomic_store_ptr, &__atomic_store_tmp, (MO));       \
    ^

TRUE
