./esbmc-wrapper.py -p ../sv-benchmarks/c/properties/unreach-call.prp -s kinduction --arch 32 ../sv-benchmarks/c/combinations/pc_sfifo_3.cil+token_ring.07.cil-2.c


--------------------------------------------------------------------------------


Verifying with ESBMC
Command: ./esbmc --no-div-by-zero-check --force-malloc-success --state-hashing --add-symex-value-sets --no-align-check --k-step 5 --floatbv --unlimited-k-steps ../sv-benchmarks/c/combinations/pc_sfifo_3.cil+token_ring.07.cil-2.c --32 --witness-output pc_sfifo_3.cil+token_ring.07.cil-2.c.graphml --no-pointer-check --no-bounds-check --interval-analysis --goto-unwind --unlimited-goto-unwind --k-induction --max-inductive-step 3 
ESBMC version 6.8.0 64-bit x86_64 linux
Target: 32-bit little-endian x86_64-unknown-linux with esbmc libc
file ../sv-benchmarks/c/combinations/pc_sfifo_3.cil+token_ring.07.cil-2.c: Parsing
Converting
Generating GOTO Program
GOTO program creation time: 0.117s
GOTO program processing time: 0.218s
*** Checking base case, k = 1
Starting Bounded Model Checking
Not unwinding 
Not unwinding 
Symex completed in: 0.022s (244 assignments)
Slicing time: 0.000s (removed 239 assignments)
Generated 0 VCC(s), 0 remaining after simplification (5 assignments)
BMC program time: 0.022s
No bug has been found in the base case
*** Checking forward condition, k = 1
Starting Bounded Model Checking
Not unwinding 
Not unwinding 
Symex completed in: 0.014s (244 assignments)
Slicing time: 0.000s (removed 239 assignments)
Generated 2 VCC(s), 2 remaining after simplification (5 assignments)
No solver specified; defaulting to Boolector
Encoding remaining VCC(s) using bit-vector/floating-point arithmetic
Encoding to solver time: 0.000s
Solving with solver Boolector 3.2.2
Encoding to solver time: 0.000s
Runtime decision procedure: 0.000s
The forward condition is unable to prove the property
*** Checking base case, k = 6
Starting Bounded Model Checking
Unwinding loop 3  iteration  1   file pc_sfifo_3.cil+token_ring.07.cil-2.c line 418 function eval1
Unwinding loop 1  iteration  1   file pc_sfifo_3.cil+token_ring.07.cil-2.c line 172 function do_write_p
Unwinding loop 2  iteration  1   file pc_sfifo_3.cil+token_ring.07.cil-2.c line 218 function do_read_c
Unwinding loop 3  iteration  2   file pc_sfifo_3.cil+token_ring.07.cil-2.c line 418 function eval1
Unwinding loop 1  iteration  1   file pc_sfifo_3.cil+token_ring.07.cil-2.c line 172 function do_write_p
Unwinding loop 2  iteration  1   file pc_sfifo_3.cil+token_ring.07.cil-2.c line 218 function do_read_c
Unwinding loop 3  iteration  3   file pc_sfifo_3.cil+token_ring.07.cil-2.c line 418 function eval1
Unwinding loop 1  iteration  1   file pc_sfifo_3.cil+token_ring.07.cil-2.c line 172 function do_write_p
Unwinding loop 2  iteration  1   file pc_sfifo_3.cil+token_ring.07.cil-2.c line 218 function do_read_c
Unwinding loop 3  iteration  4   file pc_sfifo_3.cil+token_ring.07.cil-2.c line 418 function eval1
Unwinding loop 1  iteration  1   file pc_sfifo_3.cil+token_ring.07.cil-2.c line 172 function do_write_p
Unwinding loop 2  iteration  1   file pc_sfifo_3.cil+token_ring.07.cil-2.c line 218 function do_read_c
Unwinding loop 3  iteration  5   file pc_sfifo_3.cil+token_ring.07.cil-2.c line 418 function eval1
Unwinding loop 1  iteration  1   file pc_sfifo_3.cil+token_ring.07.cil-2.c line 172 function do_write_p
Unwinding loop 2  iteration  1   file pc_sfifo_3.cil+token_ring.07.cil-2.c line 218 function do_read_c
Not unwinding 
Unwinding loop 4  iteration  1   file pc_sfifo_3.cil+token_ring.07.cil-2.c line 499 function start_simulation1
Unwinding loop 1  iteration  1   file pc_sfifo_3.cil+token_ring.07.cil-2.c line 172 function do_write_p
Unwinding loop 2  iteration  1   file pc_sfifo_3.cil+token_ring.07.cil-2.c line 218 function do_read_c
Unwinding loop 3  iteration  1   file pc_sfifo_3.cil+token_ring.07.cil-2.c line 418 function eval1
Unwinding loop 1  iteration  1   file pc_sfifo_3.cil+token_ring.07.cil-2.c line 172 function do_write_p
Unwinding loop 2  iteration  1   file pc_sfifo_3.cil+token_ring.07.cil-2.c line 218 function do_read_c
Unwinding loop 3  iteration  2   file pc_sfifo_3.cil+token_ring.07.cil-2.c line 418 function eval1
Unwinding loop 1  iteration  1   file pc_sfifo_3.cil+token_ring.07.cil-2.c line 172 function do_write_p
Unwinding loop 2  iteration  1   file pc_sfifo_3.cil+token_ring.07.cil-2.c line 218 function do_read_c
Unwinding loop 3  iteration  3   file pc_sfifo_3.cil+token_ring.07.cil-2.c line 418 function eval1
Unwinding loop 1  iteration  1   file pc_sfifo_3.cil+token_ring.07.cil-2.c line 172 function do_write_p
Unwinding loop 2  iteration  1   file pc_sfifo_3.cil+token_ring.07.cil-2.c line 218 function do_read_c
Unwinding loop 3  iteration  4   file pc_sfifo_3.cil+token_ring.07.cil-2.c line 418 function eval1
Unwinding loop 1  iteration  1   file pc_sfifo_3.cil+token_ring.07.cil-2.c line 172 function do_write_p
Unwinding loop 2  iteration  1   file pc_sfifo_3.cil+token_ring.07.cil-2.c line 218 function do_read_c
Unwinding loop 3  iteration  5   file pc_sfifo_3.cil+token_ring.07.cil-2.c line 418 function eval1
Unwinding loop 1  iteration  1   file pc_sfifo_3.cil+token_ring.07.cil-2.c line 172 function do_write_p
Unwinding loop 2  iteration  1   file pc_sfifo_3.cil+token_ring.07.cil-2.c line 218 function do_read_c
Not unwinding 
Unwinding loop 4  iteration  2   file pc_sfifo_3.cil+token_ring.07.cil-2.c line 499 function start_simulation1
Unwinding loop 1  iteration  1   file pc_sfifo_3.cil+token_ring.07.cil-2.c line 172 function do_write_p
Unwinding loop 2  iteration  1   file pc_sfifo_3.cil+token_ring.07.cil-2.c line 218 function do_read_c
Unwinding loop 3  iteration  1   file pc_sfifo_3.cil+token_ring.07.cil-2.c line 418 function eval1
Unwinding loop 1  iteration  1   file pc_sfifo_3.cil+token_ring.07.cil-2.c line 172 function do_write_p
Unwinding loop 2  iteration  1   file pc_sfifo_3.cil+token_ring.07.cil-2.c line 218 function do_read_c
Unwinding loop 3  iteration  2   file pc_sfifo_3.cil+token_ring.07.cil-2.c line 418 function eval1
Unwinding loop 1  iteration  1   file pc_sfifo_3.cil+token_ring.07.cil-2.c line 172 function do_write_p
Unwinding loop 2  iteration  1   file pc_sfifo_3.cil+token_ring.07.cil-2.c line 218 function do_read_c
Unwinding loop 3  iteration  3   file pc_sfifo_3.cil+token_ring.07.cil-2.c line 418 function eval1
Unwinding loop 1  iteration  1   file pc_sfifo_3.cil+token_ring.07.cil-2.c line 172 function do_write_p
Unwinding loop 2  iteration  1   file pc_sfifo_3.cil+token_ring.07.cil-2.c line 218 function do_read_c
Unwinding loop 3  iteration  4   file pc_sfifo_3.cil+token_ring.07.cil-2.c line 418 function eval1
Unwinding loop 1  iteration  1   file pc_sfifo_3.cil+token_ring.07.cil-2.c line 172 function do_write_p
Unwinding loop 2  iteration  1   file pc_sfifo_3.cil+token_ring.07.cil-2.c line 218 function do_read_c
Unwinding loop 3  iteration  5   file pc_sfifo_3.cil+token_ring.07.cil-2.c line 418 function eval1
Unwinding loop 1  iteration  1   file pc_sfifo_3.cil+token_ring.07.cil-2.c line 172 function do_write_p
Unwinding loop 2  iteration  1   file pc_sfifo_3.cil+token_ring.07.cil-2.c line 218 function do_read_c
Not unwinding 
Unwinding loop 4  iteration  3   file pc_sfifo_3.cil+token_ring.07.cil-2.c line 499 function start_simulation1
Unwinding loop 1  iteration  1   file pc_sfifo_3.cil+token_ring.07.cil-2.c line 172 function do_write_p
Unwinding loop 2  iteration  1   file pc_sfifo_3.cil+token_ring.07.cil-2.c line 218 function do_read_c
Unwinding loop 3  iteration  1   file pc_sfifo_3.cil+token_ring.07.cil-2.c line 418 function eval1
Unwinding loop 1  iteration  1   file pc_sfifo_3.cil+token_ring.07.cil-2.c line 172 function do_write_p
Unwinding loop 2  iteration  1   file pc_sfifo_3.cil+token_ring.07.cil-2.c line 218 function do_read_c
Unwinding loop 3  iteration  2   file pc_sfifo_3.cil+token_ring.07.cil-2.c line 418 function eval1
Unwinding loop 1  iteration  1   file pc_sfifo_3.cil+token_ring.07.cil-2.c line 172 function do_write_p
Unwinding loop 2  iteration  1   file pc_sfifo_3.cil+token_ring.07.cil-2.c line 218 function do_read_c
Unwinding loop 3  iteration  3   file pc_sfifo_3.cil+token_ring.07.cil-2.c line 418 function eval1
Unwinding loop 1  iteration  1   file pc_sfifo_3.cil+token_ring.07.cil-2.c line 172 function do_write_p
Unwinding loop 2  iteration  1   file pc_sfifo_3.cil+token_ring.07.cil-2.c line 218 function do_read_c
Unwinding loop 3  iteration  4   file pc_sfifo_3.cil+token_ring.07.cil-2.c line 418 function eval1
Unwinding loop 1  iteration  1   file pc_sfifo_3.cil+token_ring.07.cil-2.c line 172 function do_write_p
Unwinding loop 2  iteration  1   file pc_sfifo_3.cil+token_ring.07.cil-2.c line 218 function do_read_c
Unwinding loop 3  iteration  5   file pc_sfifo_3.cil+token_ring.07.cil-2.c line 418 function eval1
Unwinding loop 1  iteration  1   file pc_sfifo_3.cil+token_ring.07.cil-2.c line 172 function do_write_p
Unwinding loop 2  iteration  1   file pc_sfifo_3.cil+token_ring.07.cil-2.c line 218 function do_read_c
Not unwinding 
Unwinding loop 4  iteration  4   file pc_sfifo_3.cil+token_ring.07.cil-2.c line 499 function start_simulation1
Unwinding loop 1  iteration  1   file pc_sfifo_3.cil+token_ring.07.cil-2.c line 172 function do_write_p
Unwinding loop 2  iteration  1   file pc_sfifo_3.cil+token_ring.07.cil-2.c line 218 function do_read_c
Unwinding loop 3  iteration  1   file pc_sfifo_3.cil+token_ring.07.cil-2.c line 418 function eval1
Unwinding loop 1  iteration  1   file pc_sfifo_3.cil+token_ring.07.cil-2.c line 172 function do_write_p
Unwinding loop 2  iteration  1   file pc_sfifo_3.cil+token_ring.07.cil-2.c line 218 function do_read_c
Unwinding loop 3  iteration  2   file pc_sfifo_3.cil+token_ring.07.cil-2.c line 418 function eval1
Unwinding loop 1  iteration  1   file pc_sfifo_3.cil+token_ring.07.cil-2.c line 172 function do_write_p
Unwinding loop 2  iteration  1   file pc_sfifo_3.cil+token_ring.07.cil-2.c line 218 function do_read_c
Unwinding loop 3  iteration  3   file pc_sfifo_3.cil+token_ring.07.cil-2.c line 418 function eval1
Unwinding loop 1  iteration  1   file pc_sfifo_3.cil+token_ring.07.cil-2.c line 172 function do_write_p
Unwinding loop 2  iteration  1   file pc_sfifo_3.cil+token_ring.07.cil-2.c line 218 function do_read_c
Unwinding loop 3  iteration  4   file pc_sfifo_3.cil+token_ring.07.cil-2.c line 418 function eval1
Unwinding loop 1  iteration  1   file pc_sfifo_3.cil+token_ring.07.cil-2.c line 172 function do_write_p
Unwinding loop 2  iteration  1   file pc_sfifo_3.cil+token_ring.07.cil-2.c line 218 function do_read_c
Unwinding loop 3  iteration  5   file pc_sfifo_3.cil+token_ring.07.cil-2.c line 418 function eval1
Unwinding loop 1  iteration  1   file pc_sfifo_3.cil+token_ring.07.cil-2.c line 172 function do_write_p
Unwinding loop 2  iteration  1   file pc_sfifo_3.cil+token_ring.07.cil-2.c line 218 function do_read_c
Not unwinding 
Unwinding loop 4  iteration  5   file pc_sfifo_3.cil+token_ring.07.cil-2.c line 499 function start_simulation1
Unwinding loop 1  iteration  1   file pc_sfifo_3.cil+token_ring.07.cil-2.c line 172 function do_write_p
Unwinding loop 2  iteration  1   file pc_sfifo_3.cil+token_ring.07.cil-2.c line 218 function do_read_c
Unwinding loop 3  iteration  1   file pc_sfifo_3.cil+token_ring.07.cil-2.c line 418 function eval1
Unwinding loop 1  iteration  1   file pc_sfifo_3.cil+token_ring.07.cil-2.c line 172 function do_write_p
Unwinding loop 2  iteration  1   file pc_sfifo_3.cil+token_ring.07.cil-2.c line 218 function do_read_c
Unwinding loop 3  iteration  2   file pc_sfifo_3.cil+token_ring.07.cil-2.c line 418 function eval1
Unwinding loop 1  iteration  1   file pc_sfifo_3.cil+token_ring.07.cil-2.c line 172 function do_write_p
Unwinding loop 2  iteration  1   file pc_sfifo_3.cil+token_ring.07.cil-2.c line 218 function do_read_c
Unwinding loop 3  iteration  3   file pc_sfifo_3.cil+token_ring.07.cil-2.c line 418 function eval1
Unwinding loop 1  iteration  1   file pc_sfifo_3.cil+token_ring.07.cil-2.c line 172 function do_write_p
Unwinding loop 2  iteration  1   file pc_sfifo_3.cil+token_ring.07.cil-2.c line 218 function do_read_c
Unwinding loop 3  iteration  4   file pc_sfifo_3.cil+token_ring.07.cil-2.c line 418 function eval1
Unwinding loop 1  iteration  1   file pc_sfifo_3.cil+token_ring.07.cil-2.c line 172 function do_write_p
Unwinding loop 2  iteration  1   file pc_sfifo_3.cil+token_ring.07.cil-2.c line 218 function do_read_c
Unwinding loop 3  iteration  5   file pc_sfifo_3.cil+token_ring.07.cil-2.c line 418 function eval1
Unwinding loop 1  iteration  1   file pc_sfifo_3.cil+token_ring.07.cil-2.c line 172 function do_write_p
Unwinding loop 2  iteration  1   file pc_sfifo_3.cil+token_ring.07.cil-2.c line 218 function do_read_c
Not unwinding 
Not unwinding 
Unwinding loop 13  iteration  1   file pc_sfifo_3.cil+token_ring.07.cil-2.c line 1227 function eval2
Unwinding loop 5  iteration  1   file pc_sfifo_3.cil+token_ring.07.cil-2.c line 670 function master
Unwinding loop 6  iteration  1   file pc_sfifo_3.cil+token_ring.07.cil-2.c line 726 function transmit1
Unwinding loop 7  iteration  1   file pc_sfifo_3.cil+token_ring.07.cil-2.c line 762 function transmit2
Unwinding loop 8  iteration  1   file pc_sfifo_3.cil+token_ring.07.cil-2.c line 798 function transmit3
Unwinding loop 9  iteration  1   file pc_sfifo_3.cil+token_ring.07.cil-2.c line 834 function transmit4
Unwinding loop 10  iteration  1   file pc_sfifo_3.cil+token_ring.07.cil-2.c line 870 function transmit5
Unwinding loop 11  iteration  1   file pc_sfifo_3.cil+token_ring.07.cil-2.c line 906 function transmit6
Unwinding loop 12  iteration  1   file pc_sfifo_3.cil+token_ring.07.cil-2.c line 942 function transmit7
Unwinding loop 13  iteration  2   file pc_sfifo_3.cil+token_ring.07.cil-2.c line 1227 function eval2
Unwinding loop 5  iteration  1   file pc_sfifo_3.cil+token_ring.07.cil-2.c line 670 function master
Unwinding loop 6  iteration  1   file pc_sfifo_3.cil+token_ring.07.cil-2.c line 726 function transmit1
Unwinding loop 7  iteration  1   file pc_sfifo_3.cil+token_ring.07.cil-2.c line 762 function transmit2
Unwinding loop 8  iteration  1   file pc_sfifo_3.cil+token_ring.07.cil-2.c line 798 function transmit3
Unwinding loop 9  iteration  1   file pc_sfifo_3.cil+token_ring.07.cil-2.c line 834 function transmit4
Unwinding loop 10  iteration  1   file pc_sfifo_3.cil+token_ring.07.cil-2.c line 870 function transmit5
Unwinding loop 11  iteration  1   file pc_sfifo_3.cil+token_ring.07.cil-2.c line 906 function transmit6
Unwinding loop 12  iteration  1   file pc_sfifo_3.cil+token_ring.07.cil-2.c line 942 function transmit7
Unwinding loop 13  iteration  3   file pc_sfifo_3.cil+token_ring.07.cil-2.c line 1227 function eval2
Unwinding loop 5  iteration  1   file pc_sfifo_3.cil+token_ring.07.cil-2.c line 670 function master
Unwinding loop 6  iteration  1   file pc_sfifo_3.cil+token_ring.07.cil-2.c line 726 function transmit1
Unwinding loop 7  iteration  1   file pc_sfifo_3.cil+token_ring.07.cil-2.c line 762 function transmit2
Unwinding loop 8  iteration  1   file pc_sfifo_3.cil+token_ring.07.cil-2.c line 798 function transmit3
Unwinding loop 9  iteration  1   file pc_sfifo_3.cil+token_ring.07.cil-2.c line 834 function transmit4
Unwinding loop 10  iteration  1   file pc_sfifo_3.cil+token_ring.07.cil-2.c line 870 function transmit5
Unwinding loop 11  iteration  1   file pc_sfifo_3.cil+token_ring.07.cil-2.c line 906 function transmit6
Unwinding loop 12  iteration  1   file pc_sfifo_3.cil+token_ring.07.cil-2.c line 942 function transmit7
Unwinding loop 13  iteration  4   file pc_sfifo_3.cil+token_ring.07.cil-2.c line 1227 function eval2
Unwinding loop 5  iteration  1   file pc_sfifo_3.cil+token_ring.07.cil-2.c line 670 function master
Unwinding loop 6  iteration  1   file pc_sfifo_3.cil+token_ring.07.cil-2.c line 726 function transmit1
Unwinding loop 7  iteration  1   file pc_sfifo_3.cil+token_ring.07.cil-2.c line 762 function transmit2
Unwinding loop 8  iteration  1   file pc_sfifo_3.cil+token_ring.07.cil-2.c line 798 function transmit3
Unwinding loop 9  iteration  1   file pc_sfifo_3.cil+token_ring.07.cil-2.c line 834 function transmit4
Unwinding loop 10  iteration  1   file pc_sfifo_3.cil+token_ring.07.cil-2.c line 870 function transmit5
Unwinding loop 11  iteration  1   file pc_sfifo_3.cil+token_ring.07.cil-2.c line 906 function transmit6
Unwinding loop 12  iteration  1   file pc_sfifo_3.cil+token_ring.07.cil-2.c line 942 function transmit7
Unwinding loop 13  iteration  5   file pc_sfifo_3.cil+token_ring.07.cil-2.c line 1227 function eval2
Unwinding loop 5  iteration  1   file pc_sfifo_3.cil+token_ring.07.cil-2.c line 670 function master
Unwinding loop 6  iteration  1   file pc_sfifo_3.cil+token_ring.07.cil-2.c line 726 function transmit1
Unwinding loop 7  iteration  1   file pc_sfifo_3.cil+token_ring.07.cil-2.c line 762 function transmit2
Unwinding loop 8  iteration  1   file pc_sfifo_3.cil+token_ring.07.cil-2.c line 798 function transmit3
Unwinding loop 9  iteration  1   file pc_sfifo_3.cil+token_ring.07.cil-2.c line 834 function transmit4
Unwinding loop 10  iteration  1   file pc_sfifo_3.cil+token_ring.07.cil-2.c line 870 function transmit5
Unwinding loop 11  iteration  1   file pc_sfifo_3.cil+token_ring.07.cil-2.c line 906 function transmit6
Unwinding loop 12  iteration  1   file pc_sfifo_3.cil+token_ring.07.cil-2.c line 942 function transmit7
Not unwinding 
Unwinding loop 14  iteration  1   file pc_sfifo_3.cil+token_ring.07.cil-2.c line 1769 function start_simulation2
Unwinding loop 5  iteration  1   file pc_sfifo_3.cil+token_ring.07.cil-2.c line 670 function master
Unwinding loop 6  iteration  1   file pc_sfifo_3.cil+token_ring.07.cil-2.c line 726 function transmit1
Unwinding loop 7  iteration  1   file pc_sfifo_3.cil+token_ring.07.cil-2.c line 762 function transmit2
Unwinding loop 8  iteration  1   file pc_sfifo_3.cil+token_ring.07.cil-2.c line 798 function transmit3
Unwinding loop 9  iteration  1   file pc_sfifo_3.cil+token_ring.07.cil-2.c line 834 function transmit4
Unwinding loop 10  iteration  1   file pc_sfifo_3.cil+token_ring.07.cil-2.c line 870 function transmit5
Unwinding loop 11  iteration  1   file pc_sfifo_3.cil+token_ring.07.cil-2.c line 906 function transmit6
Unwinding loop 12  iteration  1   file pc_sfifo_3.cil+token_ring.07.cil-2.c line 942 function transmit7
Unwinding loop 13  iteration  1   file pc_sfifo_3.cil+token_ring.07.cil-2.c line 1227 function eval2
Unwinding loop 5  iteration  1   file pc_sfifo_3.cil+token_ring.07.cil-2.c line 670 function master
Unwinding loop 6  iteration  1   file pc_sfifo_3.cil+token_ring.07.cil-2.c line 726 function transmit1
Unwinding loop 7  iteration  1   file pc_sfifo_3.cil+token_ring.07.cil-2.c line 762 function transmit2
Unwinding loop 8  iteration  1   file pc_sfifo_3.cil+token_ring.07.cil-2.c line 798 function transmit3
Unwinding loop 9  iteration  1   file pc_sfifo_3.cil+token_ring.07.cil-2.c line 834 function transmit4
Unwinding loop 10  iteration  1   file pc_sfifo_3.cil+token_ring.07.cil-2.c line 870 function transmit5
Unwinding loop 11  iteration  1   file pc_sfifo_3.cil+token_ring.07.cil-2.c line 906 function transmit6
Unwinding loop 12  iteration  1   file pc_sfifo_3.cil+token_ring.07.cil-2.c line 942 function transmit7
Unwinding loop 13  iteration  2   file pc_sfifo_3.cil+token_ring.07.cil-2.c line 1227 function eval2
Unwinding loop 5  iteration  1   file pc_sfifo_3.cil+token_ring.07.cil-2.c line 670 function master
Unwinding loop 6  iteration  1   file pc_sfifo_3.cil+token_ring.07.cil-2.c line 726 function transmit1
Unwinding loop 7  iteration  1   file pc_sfifo_3.cil+token_ring.07.cil-2.c line 762 function transmit2
Unwinding loop 8  iteration  1   file pc_sfifo_3.cil+token_ring.07.cil-2.c line 798 function transmit3
Unwinding loop 9  iteration  1   file pc_sfifo_3.cil+token_ring.07.cil-2.c line 834 function transmit4
Unwinding loop 10  iteration  1   file pc_sfifo_3.cil+token_ring.07.cil-2.c line 870 function transmit5
Unwinding loop 11  iteration  1   file pc_sfifo_3.cil+token_ring.07.cil-2.c line 906 function transmit6
Unwinding loop 12  iteration  1   file pc_sfifo_3.cil+token_ring.07.cil-2.c line 942 function transmit7
Unwinding loop 13  iteration  3   file pc_sfifo_3.cil+token_ring.07.cil-2.c line 1227 function eval2
Unwinding loop 5  iteration  1   file pc_sfifo_3.cil+token_ring.07.cil-2.c line 670 function master
Unwinding loop 6  iteration  1   file pc_sfifo_3.cil+token_ring.07.cil-2.c line 726 function transmit1
Unwinding loop 7  iteration  1   file pc_sfifo_3.cil+token_ring.07.cil-2.c line 762 function transmit2
Unwinding loop 8  iteration  1   file pc_sfifo_3.cil+token_ring.07.cil-2.c line 798 function transmit3
Unwinding loop 9  iteration  1   file pc_sfifo_3.cil+token_ring.07.cil-2.c line 834 function transmit4
Unwinding loop 10  iteration  1   file pc_sfifo_3.cil+token_ring.07.cil-2.c line 870 function transmit5
Unwinding loop 11  iteration  1   file pc_sfifo_3.cil+token_ring.07.cil-2.c line 906 function transmit6
Unwinding loop 12  iteration  1   file pc_sfifo_3.cil+token_ring.07.cil-2.c line 942 function transmit7
Unwinding loop 13  iteration  4   file pc_sfifo_3.cil+token_ring.07.cil-2.c line 1227 function eval2
Unwinding loop 5  iteration  1   file pc_sfifo_3.cil+token_ring.07.cil-2.c line 670 function master
Unwinding loop 6  iteration  1   file pc_sfifo_3.cil+token_ring.07.cil-2.c line 726 function transmit1
Unwinding loop 7  iteration  1   file pc_sfifo_3.cil+token_ring.07.cil-2.c line 762 function transmit2
Unwinding loop 8  iteration  1   file pc_sfifo_3.cil+token_ring.07.cil-2.c line 798 function transmit3
Unwinding loop 9  iteration  1   file pc_sfifo_3.cil+token_ring.07.cil-2.c line 834 function transmit4
Unwinding loop 10  iteration  1   file pc_sfifo_3.cil+token_ring.07.cil-2.c line 870 function transmit5
Unwinding loop 11  iteration  1   file pc_sfifo_3.cil+token_ring.07.cil-2.c line 906 function transmit6
Unwinding loop 12  iteration  1   file pc_sfifo_3.cil+token_ring.07.cil-2.c line 942 function transmit7
Unwinding loop 13  iteration  5   file pc_sfifo_3.cil+token_ring.07.cil-2.c line 1227 function eval2
Unwinding loop 5  iteration  1   file pc_sfifo_3.cil+token_ring.07.cil-2.c line 670 function master
Unwinding loop 6  iteration  1   file pc_sfifo_3.cil+token_ring.07.cil-2.c line 726 function transmit1
Unwinding loop 7  iteration  1   file pc_sfifo_3.cil+token_ring.07.cil-2.c line 762 function transmit2
Unwinding loop 8  iteration  1   file pc_sfifo_3.cil+token_ring.07.cil-2.c line 798 function transmit3
Unwinding loop 9  iteration  1   file pc_sfifo_3.cil+token_ring.07.cil-2.c line 834 function transmit4
Unwinding loop 10  iteration  1   file pc_sfifo_3.cil+token_ring.07.cil-2.c line 870 function transmit5
Unwinding loop 11  iteration  1   file pc_sfifo_3.cil+token_ring.07.cil-2.c line 906 function transmit6
Unwinding loop 12  iteration  1   file pc_sfifo_3.cil+token_ring.07.cil-2.c line 942 function transmit7
Not unwinding 
Unwinding loop 14  iteration  2   file pc_sfifo_3.cil+token_ring.07.cil-2.c line 1769 function start_simulation2
Unwinding loop 5  iteration  1   file pc_sfifo_3.cil+token_ring.07.cil-2.c line 670 function master
Unwinding loop 6  iteration  1   file pc_sfifo_3.cil+token_ring.07.cil-2.c line 726 function transmit1
Unwinding loop 7  iteration  1   file pc_sfifo_3.cil+token_ring.07.cil-2.c line 762 function transmit2
Unwinding loop 8  iteration  1   file pc_sfifo_3.cil+token_ring.07.cil-2.c line 798 function transmit3
Unwinding loop 9  iteration  1   file pc_sfifo_3.cil+token_ring.07.cil-2.c line 834 function transmit4
Unwinding loop 10  iteration  1   file pc_sfifo_3.cil+token_ring.07.cil-2.c line 870 function transmit5
Unwinding loop 11  iteration  1   file pc_sfifo_3.cil+token_ring.07.cil-2.c line 906 function transmit6
Unwinding loop 12  iteration  1   file pc_sfifo_3.cil+token_ring.07.cil-2.c line 942 function transmit7
Unwinding loop 13  iteration  1   file pc_sfifo_3.cil+token_ring.07.cil-2.c line 1227 function eval2
Unwinding loop 5  iteration  1   file pc_sfifo_3.cil+token_ring.07.cil-2.c line 670 function master
Unwinding loop 6  iteration  1   file pc_sfifo_3.cil+token_ring.07.cil-2.c line 726 function transmit1
Unwinding loop 7  iteration  1   file pc_sfifo_3.cil+token_ring.07.cil-2.c line 762 function transmit2
Unwinding loop 8  iteration  1   file pc_sfifo_3.cil+token_ring.07.cil-2.c line 798 function transmit3
Unwinding loop 9  iteration  1   file pc_sfifo_3.cil+token_ring.07.cil-2.c line 834 function transmit4
Unwinding loop 10  iteration  1   file pc_sfifo_3.cil+token_ring.07.cil-2.c line 870 function transmit5
Unwinding loop 11  iteration  1   file pc_sfifo_3.cil+token_ring.07.cil-2.c line 906 function transmit6
Unwinding loop 12  iteration  1   file pc_sfifo_3.cil+token_ring.07.cil-2.c line 942 function transmit7
Unwinding loop 13  iteration  2   file pc_sfifo_3.cil+token_ring.07.cil-2.c line 1227 function eval2
Unwinding loop 5  iteration  1   file pc_sfifo_3.cil+token_ring.07.cil-2.c line 670 function master
Unwinding loop 6  iteration  1   file pc_sfifo_3.cil+token_ring.07.cil-2.c line 726 function transmit1
Unwinding loop 7  iteration  1   file pc_sfifo_3.cil+token_ring.07.cil-2.c line 762 function transmit2
Unwinding loop 8  iteration  1   file pc_sfifo_3.cil+token_ring.07.cil-2.c line 798 function transmit3
Unwinding loop 9  iteration  1   file pc_sfifo_3.cil+token_ring.07.cil-2.c line 834 function transmit4
Unwinding loop 10  iteration  1   file pc_sfifo_3.cil+token_ring.07.cil-2.c line 870 function transmit5
Unwinding loop 11  iteration  1   file pc_sfifo_3.cil+token_ring.07.cil-2.c line 906 function transmit6
Unwinding loop 12  iteration  1   file pc_sfifo_3.cil+token_ring.07.cil-2.c line 942 function transmit7
Unwinding loop 13  iteration  3   file pc_sfifo_3.cil+token_ring.07.cil-2.c line 1227 function eval2
Unwinding loop 5  iteration  1   file pc_sfifo_3.cil+token_ring.07.cil-2.c line 670 function master
Unwinding loop 6  iteration  1   file pc_sfifo_3.cil+token_ring.07.cil-2.c line 726 function transmit1
Unwinding loop 7  iteration  1   file pc_sfifo_3.cil+token_ring.07.cil-2.c line 762 function transmit2
Unwinding loop 8  iteration  1   file pc_sfifo_3.cil+token_ring.07.cil-2.c line 798 function transmit3
Unwinding loop 9  iteration  1   file pc_sfifo_3.cil+token_ring.07.cil-2.c line 834 function transmit4
Unwinding loop 10  iteration  1   file pc_sfifo_3.cil+token_ring.07.cil-2.c line 870 function transmit5
Unwinding loop 11  iteration  1   file pc_sfifo_3.cil+token_ring.07.cil-2.c line 906 function transmit6
Unwinding loop 12  iteration  1   file pc_sfifo_3.cil+token_ring.07.cil-2.c line 942 function transmit7
Unwinding loop 13  iteration  4   file pc_sfifo_3.cil+token_ring.07.cil-2.c line 1227 function eval2
Unwinding loop 5  iteration  1   file pc_sfifo_3.cil+token_ring.07.cil-2.c line 670 function master
Unwinding loop 6  iteration  1   file pc_sfifo_3.cil+token_ring.07.cil-2.c line 726 function transmit1
Unwinding loop 7  iteration  1   file pc_sfifo_3.cil+token_ring.07.cil-2.c line 762 function transmit2
Unwinding loop 8  iteration  1   file pc_sfifo_3.cil+token_ring.07.cil-2.c line 798 function transmit3
Unwinding loop 9  iteration  1   file pc_sfifo_3.cil+token_ring.07.cil-2.c line 834 function transmit4
Unwinding loop 10  iteration  1   file pc_sfifo_3.cil+token_ring.07.cil-2.c line 870 function transmit5
Unwinding loop 11  iteration  1   file pc_sfifo_3.cil+token_ring.07.cil-2.c line 906 function transmit6
Unwinding loop 12  iteration  1   file pc_sfifo_3.cil+token_ring.07.cil-2.c line 942 function transmit7
Unwinding loop 13  iteration  5   file pc_sfifo_3.cil+token_ring.07.cil-2.c line 1227 function eval2
Unwinding loop 5  iteration  1   file pc_sfifo_3.cil+token_ring.07.cil-2.c line 670 function master
Unwinding loop 6  iteration  1   file pc_sfifo_3.cil+token_ring.07.cil-2.c line 726 function transmit1
Unwinding loop 7  iteration  1   file pc_sfifo_3.cil+token_ring.07.cil-2.c line 762 function transmit2
Unwinding loop 8  iteration  1   file pc_sfifo_3.cil+token_ring.07.cil-2.c line 798 function transmit3
Unwinding loop 9  iteration  1   file pc_sfifo_3.cil+token_ring.07.cil-2.c line 834 function transmit4
Unwinding loop 10  iteration  1   file pc_sfifo_3.cil+token_ring.07.cil-2.c line 870 function transmit5
Unwinding loop 11  iteration  1   file pc_sfifo_3.cil+token_ring.07.cil-2.c line 906 function transmit6
Unwinding loop 12  iteration  1   file pc_sfifo_3.cil+token_ring.07.cil-2.c line 942 function transmit7
Not unwinding 
Unwinding loop 14  iteration  3   file pc_sfifo_3.cil+token_ring.07.cil-2.c line 1769 function start_simulation2
Unwinding loop 5  iteration  1   file pc_sfifo_3.cil+token_ring.07.cil-2.c line 670 function master
Unwinding loop 6  iteration  1   file pc_sfifo_3.cil+token_ring.07.cil-2.c line 726 function transmit1
Unwinding loop 7  iteration  1   file pc_sfifo_3.cil+token_ring.07.cil-2.c line 762 function transmit2
Unwinding loop 8  iteration  1   file pc_sfifo_3.cil+token_ring.07.cil-2.c line 798 function transmit3
Unwinding loop 9  iteration  1   file pc_sfifo_3.cil+token_ring.07.cil-2.c line 834 function transmit4
Unwinding loop 10  iteration  1   file pc_sfifo_3.cil+token_ring.07.cil-2.c line 870 function transmit5
Unwinding loop 11  iteration  1   file pc_sfifo_3.cil+token_ring.07.cil-2.c line 906 function transmit6
Unwinding loop 12  iteration  1   file pc_sfifo_3.cil+token_ring.07.cil-2.c line 942 function transmit7
Unwinding loop 13  iteration  1   file pc_sfifo_3.cil+token_ring.07.cil-2.c line 1227 function eval2
Unwinding loop 5  iteration  1   file pc_sfifo_3.cil+token_ring.07.cil-2.c line 670 function master
Unwinding loop 6  iteration  1   file pc_sfifo_3.cil+token_ring.07.cil-2.c line 726 function transmit1
Unwinding loop 7  iteration  1   file pc_sfifo_3.cil+token_ring.07.cil-2.c line 762 function transmit2
Unwinding loop 8  iteration  1   file pc_sfifo_3.cil+token_ring.07.cil-2.c line 798 function transmit3
Unwinding loop 9  iteration  1   file pc_sfifo_3.cil+token_ring.07.cil-2.c line 834 function transmit4
Unwinding loop 10  iteration  1   file pc_sfifo_3.cil+token_ring.07.cil-2.c line 870 function transmit5
Unwinding loop 11  iteration  1   file pc_sfifo_3.cil+token_ring.07.cil-2.c line 906 function transmit6
Unwinding loop 12  iteration  1   file pc_sfifo_3.cil+token_ring.07.cil-2.c line 942 function transmit7
Unwinding loop 13  iteration  2   file pc_sfifo_3.cil+token_ring.07.cil-2.c line 1227 function eval2
Unwinding loop 5  iteration  1   file pc_sfifo_3.cil+token_ring.07.cil-2.c line 670 function master
Unwinding loop 6  iteration  1   file pc_sfifo_3.cil+token_ring.07.cil-2.c line 726 function transmit1
Unwinding loop 7  iteration  1   file pc_sfifo_3.cil+token_ring.07.cil-2.c line 762 function transmit2
Unwinding loop 8  iteration  1   file pc_sfifo_3.cil+token_ring.07.cil-2.c line 798 function transmit3
Unwinding loop 9  iteration  1   file pc_sfifo_3.cil+token_ring.07.cil-2.c line 834 function transmit4
Unwinding loop 10  iteration  1   file pc_sfifo_3.cil+token_ring.07.cil-2.c line 870 function transmit5
Unwinding loop 11  iteration  1   file pc_sfifo_3.cil+token_ring.07.cil-2.c line 906 function transmit6
Unwinding loop 12  iteration  1   file pc_sfifo_3.cil+token_ring.07.cil-2.c line 942 function transmit7
Unwinding loop 13  iteration  3   file pc_sfifo_3.cil+token_ring.07.cil-2.c line 1227 function eval2
Unwinding loop 5  iteration  1   file pc_sfifo_3.cil+token_ring.07.cil-2.c line 670 function master
Unwinding loop 6  iteration  1   file pc_sfifo_3.cil+token_ring.07.cil-2.c line 726 function transmit1
Unwinding loop 7  iteration  1   file pc_sfifo_3.cil+token_ring.07.cil-2.c line 762 function transmit2
Unwinding loop 8  iteration  1   file pc_sfifo_3.cil+token_ring.07.cil-2.c line 798 function transmit3
Unwinding loop 9  iteration  1   file pc_sfifo_3.cil+token_ring.07.cil-2.c line 834 function transmit4
Unwinding loop 10  iteration  1   file pc_sfifo_3.cil+token_ring.07.cil-2.c line 870 function transmit5
Unwinding loop 11  iteration  1   file pc_sfifo_3.cil+token_ring.07.cil-2.c line 906 function transmit6
Unwinding loop 12  iteration  1   file pc_sfifo_3.cil+token_ring.07.cil-2.c line 942 function transmit7
Unwinding loop 13  iteration  4   file pc_sfifo_3.cil+token_ring.07.cil-2.c line 1227 function eval2
Unwinding loop 5  iteration  1   file pc_sfifo_3.cil+token_ring.07.cil-2.c line 670 function master
Unwinding loop 6  iteration  1   file pc_sfifo_3.cil+token_ring.07.cil-2.c line 726 function transmit1
Unwinding loop 7  iteration  1   file pc_sfifo_3.cil+token_ring.07.cil-2.c line 762 function transmit2
Unwinding loop 8  iteration  1   file pc_sfifo_3.cil+token_ring.07.cil-2.c line 798 function transmit3
Unwinding loop 9  iteration  1   file pc_sfifo_3.cil+token_ring.07.cil-2.c line 834 function transmit4
Unwinding loop 10  iteration  1   file pc_sfifo_3.cil+token_ring.07.cil-2.c line 870 function transmit5
Unwinding loop 11  iteration  1   file pc_sfifo_3.cil+token_ring.07.cil-2.c line 906 function transmit6
Unwinding loop 12  iteration  1   file pc_sfifo_3.cil+token_ring.07.cil-2.c line 942 function transmit7
Unwinding loop 13  iteration  5   file pc_sfifo_3.cil+token_ring.07.cil-2.c line 1227 function eval2
Unwinding loop 5  iteration  1   file pc_sfifo_3.cil+token_ring.07.cil-2.c line 670 function master
Unwinding loop 6  iteration  1   file pc_sfifo_3.cil+token_ring.07.cil-2.c line 726 function transmit1
Unwinding loop 7  iteration  1   file pc_sfifo_3.cil+token_ring.07.cil-2.c line 762 function transmit2
Unwinding loop 8  iteration  1   file pc_sfifo_3.cil+token_ring.07.cil-2.c line 798 function transmit3
Unwinding loop 9  iteration  1   file pc_sfifo_3.cil+token_ring.07.cil-2.c line 834 function transmit4
Unwinding loop 10  iteration  1   file pc_sfifo_3.cil+token_ring.07.cil-2.c line 870 function transmit5
Unwinding loop 11  iteration  1   file pc_sfifo_3.cil+token_ring.07.cil-2.c line 906 function transmit6
Unwinding loop 12  iteration  1   file pc_sfifo_3.cil+token_ring.07.cil-2.c line 942 function transmit7
Not unwinding 
Unwinding loop 14  iteration  4   file pc_sfifo_3.cil+token_ring.07.cil-2.c line 1769 function start_simulation2
Unwinding loop 5  iteration  1   file pc_sfifo_3.cil+token_ring.07.cil-2.c line 670 function master
Unwinding loop 6  iteration  1   file pc_sfifo_3.cil+token_ring.07.cil-2.c line 726 function transmit1
Unwinding loop 7  iteration  1   file pc_sfifo_3.cil+token_ring.07.cil-2.c line 762 function transmit2
Unwinding loop 8  iteration  1   file pc_sfifo_3.cil+token_ring.07.cil-2.c line 798 function transmit3
Unwinding loop 9  iteration  1   file pc_sfifo_3.cil+token_ring.07.cil-2.c line 834 function transmit4
Unwinding loop 10  iteration  1   file pc_sfifo_3.cil+token_ring.07.cil-2.c line 870 function transmit5
Unwinding loop 11  iteration  1   file pc_sfifo_3.cil+token_ring.07.cil-2.c line 906 function transmit6
Unwinding loop 12  iteration  1   file pc_sfifo_3.cil+token_ring.07.cil-2.c line 942 function transmit7
Unwinding loop 13  iteration  1   file pc_sfifo_3.cil+token_ring.07.cil-2.c line 1227 function eval2
Unwinding loop 5  iteration  1   file pc_sfifo_3.cil+token_ring.07.cil-2.c line 670 function master
Unwinding loop 6  iteration  1   file pc_sfifo_3.cil+token_ring.07.cil-2.c line 726 function transmit1
Unwinding loop 7  iteration  1   file pc_sfifo_3.cil+token_ring.07.cil-2.c line 762 function transmit2
Unwinding loop 8  iteration  1   file pc_sfifo_3.cil+token_ring.07.cil-2.c line 798 function transmit3
Unwinding loop 9  iteration  1   file pc_sfifo_3.cil+token_ring.07.cil-2.c line 834 function transmit4
Unwinding loop 10  iteration  1   file pc_sfifo_3.cil+token_ring.07.cil-2.c line 870 function transmit5
Unwinding loop 11  iteration  1   file pc_sfifo_3.cil+token_ring.07.cil-2.c line 906 function transmit6
Unwinding loop 12  iteration  1   file pc_sfifo_3.cil+token_ring.07.cil-2.c line 942 function transmit7
Unwinding loop 13  iteration  2   file pc_sfifo_3.cil+token_ring.07.cil-2.c line 1227 function eval2
Unwinding loop 5  iteration  1   file pc_sfifo_3.cil+token_ring.07.cil-2.c line 670 function master
Unwinding loop 6  iteration  1   file pc_sfifo_3.cil+token_ring.07.cil-2.c line 726 function transmit1
Unwinding loop 7  iteration  1   file pc_sfifo_3.cil+token_ring.07.cil-2.c line 762 function transmit2
Unwinding loop 8  iteration  1   file pc_sfifo_3.cil+token_ring.07.cil-2.c line 798 function transmit3
Unwinding loop 9  iteration  1   file pc_sfifo_3.cil+token_ring.07.cil-2.c line 834 function transmit4
Unwinding loop 10  iteration  1   file pc_sfifo_3.cil+token_ring.07.cil-2.c line 870 function transmit5
Unwinding loop 11  iteration  1   file pc_sfifo_3.cil+token_ring.07.cil-2.c line 906 function transmit6
Unwinding loop 12  iteration  1   file pc_sfifo_3.cil+token_ring.07.cil-2.c line 942 function transmit7
Unwinding loop 13  iteration  3   file pc_sfifo_3.cil+token_ring.07.cil-2.c line 1227 function eval2
Unwinding loop 5  iteration  1   file pc_sfifo_3.cil+token_ring.07.cil-2.c line 670 function master
Unwinding loop 6  iteration  1   file pc_sfifo_3.cil+token_ring.07.cil-2.c line 726 function transmit1
Unwinding loop 7  iteration  1   file pc_sfifo_3.cil+token_ring.07.cil-2.c line 762 function transmit2
Unwinding loop 8  iteration  1   file pc_sfifo_3.cil+token_ring.07.cil-2.c line 798 function transmit3
Unwinding loop 9  iteration  1   file pc_sfifo_3.cil+token_ring.07.cil-2.c line 834 function transmit4
Unwinding loop 10  iteration  1   file pc_sfifo_3.cil+token_ring.07.cil-2.c line 870 function transmit5
Unwinding loop 11  iteration  1   file pc_sfifo_3.cil+token_ring.07.cil-2.c line 906 function transmit6
Unwinding loop 12  iteration  1   file pc_sfifo_3.cil+token_ring.07.cil-2.c line 942 function transmit7
Unwinding loop 13  iteration  4   file pc_sfifo_3.cil+token_ring.07.cil-2.c line 1227 function eval2
Unwinding loop 5  iteration  1   file pc_sfifo_3.cil+token_ring.07.cil-2.c line 670 function master
Unwinding loop 6  iteration  1   file pc_sfifo_3.cil+token_ring.07.cil-2.c line 726 function transmit1
Unwinding loop 7  iteration  1   file pc_sfifo_3.cil+token_ring.07.cil-2.c line 762 function transmit2
Unwinding loop 8  iteration  1   file pc_sfifo_3.cil+token_ring.07.cil-2.c line 798 function transmit3
Unwinding loop 9  iteration  1   file pc_sfifo_3.cil+token_ring.07.cil-2.c line 834 function transmit4
Unwinding loop 10  iteration  1   file pc_sfifo_3.cil+token_ring.07.cil-2.c line 870 function transmit5
Unwinding loop 11  iteration  1   file pc_sfifo_3.cil+token_ring.07.cil-2.c line 906 function transmit6
Unwinding loop 12  iteration  1   file pc_sfifo_3.cil+token_ring.07.cil-2.c line 942 function transmit7
Unwinding loop 13  iteration  5   file pc_sfifo_3.cil+token_ring.07.cil-2.c line 1227 function eval2
Unwinding loop 5  iteration  1   file pc_sfifo_3.cil+token_ring.07.cil-2.c line 670 function master
Unwinding loop 6  iteration  1   file pc_sfifo_3.cil+token_ring.07.cil-2.c line 726 function transmit1
Unwinding loop 7  iteration  1   file pc_sfifo_3.cil+token_ring.07.cil-2.c line 762 function transmit2
Unwinding loop 8  iteration  1   file pc_sfifo_3.cil+token_ring.07.cil-2.c line 798 function transmit3
Unwinding loop 9  iteration  1   file pc_sfifo_3.cil+token_ring.07.cil-2.c line 834 function transmit4
Unwinding loop 10  iteration  1   file pc_sfifo_3.cil+token_ring.07.cil-2.c line 870 function transmit5
Unwinding loop 11  iteration  1   file pc_sfifo_3.cil+token_ring.07.cil-2.c line 906 function transmit6
Unwinding loop 12  iteration  1   file pc_sfifo_3.cil+token_ring.07.cil-2.c line 942 function transmit7
Not unwinding 
Unwinding loop 14  iteration  5   file pc_sfifo_3.cil+token_ring.07.cil-2.c line 1769 function start_simulation2
Unwinding loop 5  iteration  1   file pc_sfifo_3.cil+token_ring.07.cil-2.c line 670 function master
Unwinding loop 6  iteration  1   file pc_sfifo_3.cil+token_ring.07.cil-2.c line 726 function transmit1
Unwinding loop 7  iteration  1   file pc_sfifo_3.cil+token_ring.07.cil-2.c line 762 function transmit2
Unwinding loop 8  iteration  1   file pc_sfifo_3.cil+token_ring.07.cil-2.c line 798 function transmit3
Unwinding loop 9  iteration  1   file pc_sfifo_3.cil+token_ring.07.cil-2.c line 834 function transmit4
Unwinding loop 10  iteration  1   file pc_sfifo_3.cil+token_ring.07.cil-2.c line 870 function transmit5
Unwinding loop 11  iteration  1   file pc_sfifo_3.cil+token_ring.07.cil-2.c line 906 function transmit6
Unwinding loop 12  iteration  1   file pc_sfifo_3.cil+token_ring.07.cil-2.c line 942 function transmit7
Unwinding loop 13  iteration  1   file pc_sfifo_3.cil+token_ring.07.cil-2.c line 1227 function eval2
Unwinding loop 5  iteration  1   file pc_sfifo_3.cil+token_ring.07.cil-2.c line 670 function master
Unwinding loop 6  iteration  1   file pc_sfifo_3.cil+token_ring.07.cil-2.c line 726 function transmit1
Unwinding loop 7  iteration  1   file pc_sfifo_3.cil+token_ring.07.cil-2.c line 762 function transmit2
Unwinding loop 8  iteration  1   file pc_sfifo_3.cil+token_ring.07.cil-2.c line 798 function transmit3
Unwinding loop 9  iteration  1   file pc_sfifo_3.cil+token_ring.07.cil-2.c line 834 function transmit4
Unwinding loop 10  iteration  1   file pc_sfifo_3.cil+token_ring.07.cil-2.c line 870 function transmit5
Unwinding loop 11  iteration  1   file pc_sfifo_3.cil+token_ring.07.cil-2.c line 906 function transmit6
Unwinding loop 12  iteration  1   file pc_sfifo_3.cil+token_ring.07.cil-2.c line 942 function transmit7
Unwinding loop 13  iteration  2   file pc_sfifo_3.cil+token_ring.07.cil-2.c line 1227 function eval2
Unwinding loop 5  iteration  1   file pc_sfifo_3.cil+token_ring.07.cil-2.c line 670 function master
Unwinding loop 6  iteration  1   file pc_sfifo_3.cil+token_ring.07.cil-2.c line 726 function transmit1
Unwinding loop 7  iteration  1   file pc_sfifo_3.cil+token_ring.07.cil-2.c line 762 function transmit2
Unwinding loop 8  iteration  1   file pc_sfifo_3.cil+token_ring.07.cil-2.c line 798 function transmit3
Unwinding loop 9  iteration  1   file pc_sfifo_3.cil+token_ring.07.cil-2.c line 834 function transmit4
Unwinding loop 10  iteration  1   file pc_sfifo_3.cil+token_ring.07.cil-2.c line 870 function transmit5
Unwinding loop 11  iteration  1   file pc_sfifo_3.cil+token_ring.07.cil-2.c line 906 function transmit6
Unwinding loop 12  iteration  1   file pc_sfifo_3.cil+token_ring.07.cil-2.c line 942 function transmit7
Unwinding loop 13  iteration  3   file pc_sfifo_3.cil+token_ring.07.cil-2.c line 1227 function eval2
Unwinding loop 5  iteration  1   file pc_sfifo_3.cil+token_ring.07.cil-2.c line 670 function master
Unwinding loop 6  iteration  1   file pc_sfifo_3.cil+token_ring.07.cil-2.c line 726 function transmit1
Unwinding loop 7  iteration  1   file pc_sfifo_3.cil+token_ring.07.cil-2.c line 762 function transmit2
Unwinding loop 8  iteration  1   file pc_sfifo_3.cil+token_ring.07.cil-2.c line 798 function transmit3
Unwinding loop 9  iteration  1   file pc_sfifo_3.cil+token_ring.07.cil-2.c line 834 function transmit4
Unwinding loop 10  iteration  1   file pc_sfifo_3.cil+token_ring.07.cil-2.c line 870 function transmit5
Unwinding loop 11  iteration  1   file pc_sfifo_3.cil+token_ring.07.cil-2.c line 906 function transmit6
Unwinding loop 12  iteration  1   file pc_sfifo_3.cil+token_ring.07.cil-2.c line 942 function transmit7
Unwinding loop 13  iteration  4   file pc_sfifo_3.cil+token_ring.07.cil-2.c line 1227 function eval2
Unwinding loop 5  iteration  1   file pc_sfifo_3.cil+token_ring.07.cil-2.c line 670 function master
Unwinding loop 6  iteration  1   file pc_sfifo_3.cil+token_ring.07.cil-2.c line 726 function transmit1
Unwinding loop 7  iteration  1   file pc_sfifo_3.cil+token_ring.07.cil-2.c line 762 function transmit2
Unwinding loop 8  iteration  1   file pc_sfifo_3.cil+token_ring.07.cil-2.c line 798 function transmit3
Unwinding loop 9  iteration  1   file pc_sfifo_3.cil+token_ring.07.cil-2.c line 834 function transmit4
Unwinding loop 10  iteration  1   file pc_sfifo_3.cil+token_ring.07.cil-2.c line 870 function transmit5
Unwinding loop 11  iteration  1   file pc_sfifo_3.cil+token_ring.07.cil-2.c line 906 function transmit6
Unwinding loop 12  iteration  1   file pc_sfifo_3.cil+token_ring.07.cil-2.c line 942 function transmit7
Unwinding loop 13  iteration  5   file pc_sfifo_3.cil+token_ring.07.cil-2.c line 1227 function eval2
Unwinding loop 5  iteration  1   file pc_sfifo_3.cil+token_ring.07.cil-2.c line 670 function master
Unwinding loop 6  iteration  1   file pc_sfifo_3.cil+token_ring.07.cil-2.c line 726 function transmit1
Unwinding loop 7  iteration  1   file pc_sfifo_3.cil+token_ring.07.cil-2.c line 762 function transmit2
Unwinding loop 8  iteration  1   file pc_sfifo_3.cil+token_ring.07.cil-2.c line 798 function transmit3
Unwinding loop 9  iteration  1   file pc_sfifo_3.cil+token_ring.07.cil-2.c line 834 function transmit4
Unwinding loop 10  iteration  1   file pc_sfifo_3.cil+token_ring.07.cil-2.c line 870 function transmit5
Unwinding loop 11  iteration  1   file pc_sfifo_3.cil+token_ring.07.cil-2.c line 906 function transmit6
Unwinding loop 12  iteration  1   file pc_sfifo_3.cil+token_ring.07.cil-2.c line 942 function transmit7
Not unwinding 
Not unwinding 
Symex completed in: 4.079s (27166 assignments)
Slicing time: 0.063s (removed 17101 assignments)
Generated 140 VCC(s), 140 remaining after simplification (10065 assignments)
No solver specified; defaulting to Boolector
Encoding remaining VCC(s) using bit-vector/floating-point arithmetic
Encoding to solver time: 0.120s
Solving with solver Boolector 3.2.2
Encoding to solver time: 0.120s
Runtime decision procedure: 4.254s
Building error trace

Counterexample:

State 1 file pc_sfifo_3.cil+token_ring.07.cil-2.c line 1239 function eval2 thread 0
----------------------------------------------------
  tmp_ndt_1 = 0 (00000000 00000000 00000000 00000000)

State 2 file pc_sfifo_3.cil+token_ring.07.cil-2.c line 1253 function eval2 thread 0
----------------------------------------------------
  tmp_ndt_2 = 1 (00000000 00000000 00000000 00000001)

State 3 file pc_sfifo_3.cil+token_ring.07.cil-2.c line 1267 function eval2 thread 0
----------------------------------------------------
  tmp_ndt_3 = 1 (00000000 00000000 00000000 00000001)

State 4 file pc_sfifo_3.cil+token_ring.07.cil-2.c line 1281 function eval2 thread 0
----------------------------------------------------
  tmp_ndt_4 = 0 (00000000 00000000 00000000 00000000)

State 5 file pc_sfifo_3.cil+token_ring.07.cil-2.c line 1295 function eval2 thread 0
----------------------------------------------------
  tmp_ndt_5 = 0 (00000000 00000000 00000000 00000000)

State 6 file pc_sfifo_3.cil+token_ring.07.cil-2.c line 1309 function eval2 thread 0
----------------------------------------------------
  tmp_ndt_6 = 0 (00000000 00000000 00000000 00000000)

State 7 file pc_sfifo_3.cil+token_ring.07.cil-2.c line 1323 function eval2 thread 0
----------------------------------------------------
  tmp_ndt_7 = 2 (00000000 00000000 00000000 00000010)

State 8 file pc_sfifo_3.cil+token_ring.07.cil-2.c line 1337 function eval2 thread 0
----------------------------------------------------
  tmp_ndt_8 = 1 (00000000 00000000 00000000 00000001)

State 9 file pc_sfifo_3.cil+token_ring.07.cil-2.c line 1239 function eval2 thread 0
----------------------------------------------------
  tmp_ndt_1 = 0 (00000000 00000000 00000000 00000000)

State 10 file pc_sfifo_3.cil+token_ring.07.cil-2.c line 1281 function eval2 thread 0
----------------------------------------------------
  tmp_ndt_4 = 1 (00000000 00000000 00000000 00000001)

State 11 file pc_sfifo_3.cil+token_ring.07.cil-2.c line 1295 function eval2 thread 0
----------------------------------------------------
  tmp_ndt_5 = 0 (00000000 00000000 00000000 00000000)

State 12 file pc_sfifo_3.cil+token_ring.07.cil-2.c line 1309 function eval2 thread 0
----------------------------------------------------
  tmp_ndt_6 = 4 (00000000 00000000 00000000 00000100)

State 13 file pc_sfifo_3.cil+token_ring.07.cil-2.c line 1239 function eval2 thread 0
----------------------------------------------------
  tmp_ndt_1 = 0 (00000000 00000000 00000000 00000000)

State 14 file pc_sfifo_3.cil+token_ring.07.cil-2.c line 1295 function eval2 thread 0
----------------------------------------------------
  tmp_ndt_5 = 1 (00000000 00000000 00000000 00000001)

State 15 file pc_sfifo_3.cil+token_ring.07.cil-2.c line 1239 function eval2 thread 0
----------------------------------------------------
  tmp_ndt_1 = 4 (00000000 00000000 00000000 00000100)

State 16 file pc_sfifo_3.cil+token_ring.07.cil-2.c line 657 function master thread 0
----------------------------------------------------
  tmp_var = 28165 (00000000 00000000 01101110 00000101)

State 17 file pc_sfifo_3.cil+token_ring.07.cil-2.c line 673 function master thread 0
----------------------------------------------------
  token = 1138753524 (01000011 11011111 11111111 11110100)

State 18 file pc_sfifo_3.cil+token_ring.07.cil-2.c line 674 function master thread 0
----------------------------------------------------
  local = 1138753524 (01000011 11011111 11111111 11110100)

State 19 file pc_sfifo_3.cil+token_ring.07.cil-2.c line 1253 function eval2 thread 0
----------------------------------------------------
  tmp_ndt_2 = 1 (00000000 00000000 00000000 00000001)

State 20 file pc_sfifo_3.cil+token_ring.07.cil-2.c line 734 function transmit1 thread 0
----------------------------------------------------
  token = 1138753525 (01000011 11011111 11111111 11110101)

State 21 file pc_sfifo_3.cil+token_ring.07.cil-2.c line 1267 function eval2 thread 0
----------------------------------------------------
  tmp_ndt_3 = 1 (00000000 00000000 00000000 00000001)

State 22 file pc_sfifo_3.cil+token_ring.07.cil-2.c line 770 function transmit2 thread 0
----------------------------------------------------
  token = 1138753526 (01000011 11011111 11111111 11110110)

State 23 file pc_sfifo_3.cil+token_ring.07.cil-2.c line 1281 function eval2 thread 0
----------------------------------------------------
  tmp_ndt_4 = 1 (00000000 00000000 00000000 00000001)

State 24 file pc_sfifo_3.cil+token_ring.07.cil-2.c line 806 function transmit3 thread 0
----------------------------------------------------
  token = 1138753527 (01000011 11011111 11111111 11110111)

State 25 file pc_sfifo_3.cil+token_ring.07.cil-2.c line 1295 function eval2 thread 0
----------------------------------------------------
  tmp_ndt_5 = 1 (00000000 00000000 00000000 00000001)

State 26 file pc_sfifo_3.cil+token_ring.07.cil-2.c line 842 function transmit4 thread 0
----------------------------------------------------
  token = 1138753528 (01000011 11011111 11111111 11111000)

State 27 file pc_sfifo_3.cil+token_ring.07.cil-2.c line 1309 function eval2 thread 0
----------------------------------------------------
  tmp_ndt_6 = 1 (00000000 00000000 00000000 00000001)

State 28 file pc_sfifo_3.cil+token_ring.07.cil-2.c line 878 function transmit5 thread 0
----------------------------------------------------
  token = 1138753529 (01000011 11011111 11111111 11111001)

State 29 file pc_sfifo_3.cil+token_ring.07.cil-2.c line 1323 function eval2 thread 0
----------------------------------------------------
  tmp_ndt_7 = 1 (00000000 00000000 00000000 00000001)

State 30 file pc_sfifo_3.cil+token_ring.07.cil-2.c line 914 function transmit6 thread 0
----------------------------------------------------
  token = 1138753530 (01000011 11011111 11111111 11111010)

State 31 file pc_sfifo_3.cil+token_ring.07.cil-2.c line 1337 function eval2 thread 0
----------------------------------------------------
  tmp_ndt_8 = 2 (00000000 00000000 00000000 00000010)

State 32 file pc_sfifo_3.cil+token_ring.07.cil-2.c line 950 function transmit7 thread 0
----------------------------------------------------
  token = 1138753531 (01000011 11011111 11111111 11111011)

State 33 file pc_sfifo_3.cil+token_ring.07.cil-2.c line 1239 function eval2 thread 0
----------------------------------------------------
  tmp_ndt_1 = 0 (00000000 00000000 00000000 00000000)

State 34 file pc_sfifo_3.cil+token_ring.07.cil-2.c line 1239 function eval2 thread 0
----------------------------------------------------
  tmp_ndt_1 = 4 (00000000 00000000 00000000 00000100)

State 35 file pc_sfifo_3.cil+token_ring.07.cil-2.c line 657 function master thread 0
----------------------------------------------------
  tmp_var = 5 (00000000 00000000 00000000 00000101)

State 36 file pc_sfifo_3.cil+token_ring.07.cil-2.c line 19 function reach_error thread 0
----------------------------------------------------
Violated property:
  file pc_sfifo_3.cil+token_ring.07.cil-2.c line 19 function reach_error
  assertion 0
  0


VERIFICATION FAILED

Bug found (k = 6)


FALSE_REACH
