./esbmc-wrapper.py -p ../sv-benchmarks/c/properties/unreach-call.prp -s kinduction --arch 64 ../sv-benchmarks/c/ldv-linux-4.0-rc1-mav/linux-4.0-rc1---drivers--atm--fore_200e.ko.cil.i


--------------------------------------------------------------------------------


Verifying with ESBMC
Command: ./esbmc --no-div-by-zero-check --force-malloc-success --state-hashing --add-symex-value-sets --no-align-check --k-step 5 --floatbv --unlimited-k-steps ../sv-benchmarks/c/ldv-linux-4.0-rc1-mav/linux-4.0-rc1---drivers--atm--fore_200e.ko.cil.i --64 --witness-output linux-4.0-rc1---drivers--atm--fore_200e.ko.cil.i.graphml --no-pointer-check --no-bounds-check --interval-analysis --goto-unwind --unlimited-goto-unwind --k-induction --max-inductive-step 3 
ESBMC version 6.8.0 64-bit x86_64 linux
Target: 64-bit little-endian x86_64-unknown-linux with esbmc libc
file ../sv-benchmarks/c/ldv-linux-4.0-rc1-mav/linux-4.0-rc1---drivers--atm--fore_200e.ko.cil.i: Parsing
Converting
Generating GOTO Program
GOTO program creation time: 0.846s
GOTO program processing time: 0.299s
*** Checking base case, k = 1
Starting Bounded Model Checking
Not unwinding 
Not unwinding 
No target candidate for function call *fore200e->bus->write
No target candidate for function call *fore200e->bus->write
No target candidate for function call *fore200e->bus->write
Not unwinding 
Not unwinding 
No target candidate for function call *fore200e->bus->write
No target candidate for function call *fore200e->bus->write
Not unwinding 
Not unwinding 
No target candidate for function call *vcc->pop
Not unwinding 
Not unwinding 
No target candidate for function call *fore200e->bus->dma_unmap
No target candidate for function call *vcc->pop
Not unwinding 
Not unwinding 
No target candidate for function call *fore200e->bus->dma_map
No target candidate for function call *fore200e->bus->write
Not unwinding 
No target candidate for function call *fore200e->bus->dma_map
No target candidate for function call *fore200e->bus->write
No target candidate for function call *fore200e->bus->write
Not unwinding 
No target candidate for function call *fore200e->bus->dma_unmap
No target candidate for function call *fore200e->bus->proc_read
No target candidate for function call *fore200e->bus->read
No target candidate for function call *fore200e->bus->read
No target candidate for function call *fore200e->bus->read
No target candidate for function call *fore200e->bus->read
No target candidate for function call *fore200e->bus->read
No target candidate for function call *fore200e->bus->read
No target candidate for function call *fore200e->bus->read
Not unwinding 
Not unwinding 
No target candidate for function call *fore200e->bus->dma_map
No target candidate for function call *fore200e->bus->write
No target candidate for function call *fore200e->bus->write
Not unwinding 
No target candidate for function call *fore200e->bus->dma_unmap
No target candidate for function call *fore200e->bus->write
No target candidate for function call *fore200e->bus->write
Not unwinding 
Not unwinding 
Not unwinding 
No target candidate for function call *fore200e->bus->configure
No target candidate for function call *fore200e->bus->map
No target candidate for function call *fore200e->bus->write
No target candidate for function call *fore200e->bus->reset
No target candidate for function call *fore200e->bus->read
Not unwinding 
No target candidate for function call *fore200e->bus->read
Not unwinding 
Not unwinding 
Not unwinding 
Not unwinding 
No target candidate for function call *fore200e->bus->read
Not unwinding 
No target candidate for function call *fore200e->bus->read
No target candidate for function call *fore200e->bus->write
No target candidate for function call *fore200e->bus->irq_enable
No target candidate for function call *fore200e->bus->write
No target candidate for function call *fore200e->bus->write
No target candidate for function call *fore200e->bus->write
No target candidate for function call *fore200e->bus->write
No target candidate for function call *fore200e->bus->write
No target candidate for function call *fore200e->bus->write
Not unwinding 
No target candidate for function call *fore200e->bus->write
No target candidate for function call *fore200e->bus->reset
Not unwinding 
Not unwinding 
No target candidate for function call *fore200e->bus->dma_chunk_free
No target candidate for function call *fore200e->bus->dma_chunk_free
No target candidate for function call *fore200e->bus->dma_chunk_free
No target candidate for function call *fore200e->bus->dma_chunk_free
No target candidate for function call *fore200e->bus->dma_chunk_free
No target candidate for function call *fore200e->bus->unmap
Not unwinding 
Not unwinding 
Not unwinding 
Not unwinding 
Not unwinding 
Not unwinding 
Not unwinding 
No target candidate for function call *fore200e->bus->dma_map
No target candidate for function call *fore200e->bus->write
No target candidate for function call *fore200e->bus->write
Not unwinding 
No target candidate for function call *fore200e->bus->dma_unmap
Not unwinding 
Not unwinding 
Not unwinding 
Not unwinding 
Not unwinding 
No target candidate for function call *ops->unmap_page
Not unwinding 
No target candidate for function call *ops->sync_single_for_device
Not unwinding 
No target candidate for function call *ops->sync_single_for_cpu
Not unwinding 
No target candidate for function call *ops->map_page
Not unwinding 
No target candidate for function call *ops->free
Not unwinding 
No target candidate for function call *ops->alloc
Not unwinding 
Not unwinding 
Symex completed in: 1.218s (3414 assignments)
Slicing time: 0.009s (removed 2693 assignments)
Generated 6 VCC(s), 6 remaining after simplification (721 assignments)
No solver specified; defaulting to Boolector
Encoding remaining VCC(s) using bit-vector/floating-point arithmetic
Encoding to solver time: 0.102s
Solving with solver Boolector 3.2.2
Encoding to solver time: 0.102s
Runtime decision procedure: 235.154s
Building error trace

Counterexample:

State 1 file linux-4.0-rc1---drivers--atm--fore_200e.ko.cil.i line 13098 function ldv___pci_register_driver_151 thread 0
----------------------------------------------------
  ldv_func_res = 0 (00000000 00000000 00000000 00000000)

State 2 file linux-4.0-rc1---drivers--atm--fore_200e.ko.cil.i line 14972 function ldv_undef_int thread 0
----------------------------------------------------
  tmp = -1 (11111111 11111111 11111111 11111111)

State 3 file linux-4.0-rc1---drivers--atm--fore_200e.ko.cil.i line 14972 function ldv_undef_int thread 0
----------------------------------------------------
  tmp = 0 (00000000 00000000 00000000 00000000)

State 4 file linux-4.0-rc1---drivers--atm--fore_200e.ko.cil.i line 14972 function ldv_undef_int thread 0
----------------------------------------------------
  tmp = 0 (00000000 00000000 00000000 00000000)

State 5 file linux-4.0-rc1---drivers--atm--fore_200e.ko.cil.i line 14972 function ldv_undef_int thread 0
----------------------------------------------------
  tmp = -1 (11111111 11111111 11111111 11111111)

State 6 file linux-4.0-rc1---drivers--atm--fore_200e.ko.cil.i line 14972 function ldv_undef_int thread 0
----------------------------------------------------
  tmp = 13 (00000000 00000000 00000000 00001101)

State 7 file linux-4.0-rc1---drivers--atm--fore_200e.ko.cil.i line 7611 function dma_map_single_attrs thread 0
----------------------------------------------------
Violated property:
  file linux-4.0-rc1---drivers--atm--fore_200e.ko.cil.i line 7611 function dma_map_single_attrs
  assertion
  0


VERIFICATION FAILED

Bug found (k = 1)

../sv-benchmarks/c/ldv-linux-4.0-rc1-mav/linux-4.0-rc1---drivers--atm--fore_200e.ko.cil.i:8064:22: warning: address of stack memory associated with local variable 'str' returned [-Wreturn-stack-address]
  return ((char *)(& str));
                     ^~~

FALSE_REACH
