./esbmc-wrapper.py -p ../sv-benchmarks/c/properties/unreach-call.prp -s kinduction --arch 32 ../sv-benchmarks/c/combinations/square_7+soft_float_1-3a.c.cil.c


--------------------------------------------------------------------------------


Verifying with ESBMC
Command: ./esbmc --no-div-by-zero-check --force-malloc-success --state-hashing --add-symex-value-sets --no-align-check --k-step 5 --floatbv --unlimited-k-steps ../sv-benchmarks/c/combinations/square_7+soft_float_1-3a.c.cil.c --32 --witness-output square_7+soft_float_1-3a.c.cil.c.graphml --no-pointer-check --no-bounds-check --interval-analysis --goto-unwind --unlimited-goto-unwind --k-induction --max-inductive-step 3 
ESBMC version 6.8.0 64-bit x86_64 linux
Target: 32-bit little-endian x86_64-unknown-linux with esbmc libc
file ../sv-benchmarks/c/combinations/square_7+soft_float_1-3a.c.cil.c: Parsing
Converting
Generating GOTO Program
GOTO program creation time: 0.155s
GOTO program processing time: 0.005s
*** Checking base case, k = 1
Starting Bounded Model Checking
Not unwinding 
Not unwinding 
Not unwinding 
Not unwinding 
Symex completed in: 0.012s (242 assignments)
Slicing time: 0.001s (removed 76 assignments)
Generated 7 VCC(s), 7 remaining after simplification (166 assignments)
No solver specified; defaulting to Boolector
Encoding remaining VCC(s) using bit-vector/floating-point arithmetic
Encoding to solver time: 0.024s
Solving with solver Boolector 3.2.2
Encoding to solver time: 0.024s
Runtime decision procedure: 6.456s
Building error trace

Counterexample:

State 1 file square_7+soft_float_1-3a.c.cil.c line 270 function main2 thread 0
----------------------------------------------------
  ma = 16777216 (00000001 00000000 00000000 00000000)

State 2 file square_7+soft_float_1-3a.c.cil.c line 271 function main2 thread 0
----------------------------------------------------
  ea = -64 (11000000)

State 3 file square_7+soft_float_1-3a.c.cil.c line 273 function main2 thread 0
----------------------------------------------------
  mb = 16777217 (00000001 00000000 00000000 00000001)

State 4 file square_7+soft_float_1-3a.c.cil.c line 274 function main2 thread 0
----------------------------------------------------
  eb = -128 (10000000)

State 5 file square_7+soft_float_1-3a.c.cil.c line 119 function base2flt thread 0
----------------------------------------------------
  m = 0 (00000000 00000000 00000000 00000000)

State 6 file square_7+soft_float_1-3a.c.cil.c line 120 function base2flt thread 0
----------------------------------------------------
  res = 1073741824 (01000000 00000000 00000000 00000000)

State 7 file square_7+soft_float_1-3a.c.cil.c line 121 function base2flt thread 0
----------------------------------------------------
  __retres4 = 1073741824 (01000000 00000000 00000000 00000000)

State 8 file square_7+soft_float_1-3a.c.cil.c line 119 function base2flt thread 0
----------------------------------------------------
  m = 1 (00000000 00000000 00000000 00000001)

State 9 file square_7+soft_float_1-3a.c.cil.c line 120 function base2flt thread 0
----------------------------------------------------
  res = 1 (00000000 00000000 00000000 00000001)

State 10 file square_7+soft_float_1-3a.c.cil.c line 121 function base2flt thread 0
----------------------------------------------------
  __retres4 = 1 (00000000 00000000 00000000 00000001)

State 11 file square_7+soft_float_1-3a.c.cil.c line 306 function main2 thread 0
----------------------------------------------------
  sa = 1 (00000000 00000000 00000000 00000001)

State 12 file square_7+soft_float_1-3a.c.cil.c line 316 function main2 thread 0
----------------------------------------------------
  sb = 1 (00000000 00000000 00000000 00000001)

State 13 file square_7+soft_float_1-3a.c.cil.c line 151 function addflt thread 0
----------------------------------------------------
  ma = 0 (00000000 00000000 00000000 00000000)

State 14 file square_7+soft_float_1-3a.c.cil.c line 152 function addflt thread 0
----------------------------------------------------
  ea = -64 (11111111 11111111 11111111 11000000)

State 15 file square_7+soft_float_1-3a.c.cil.c line 153 function addflt thread 0
----------------------------------------------------
  ma = 16777216 (00000001 00000000 00000000 00000000)

State 16 file square_7+soft_float_1-3a.c.cil.c line 154 function addflt thread 0
----------------------------------------------------
  mb = 1 (00000000 00000000 00000000 00000001)

State 17 file square_7+soft_float_1-3a.c.cil.c line 155 function addflt thread 0
----------------------------------------------------
  eb = -128 (11111111 11111111 11111111 10000000)

State 18 file square_7+soft_float_1-3a.c.cil.c line 156 function addflt thread 0
----------------------------------------------------
  mb = 16777217 (00000001 00000000 00000000 00000001)

State 19 file square_7+soft_float_1-3a.c.cil.c line 158 function addflt thread 0
----------------------------------------------------
  delta = 64 (00000000 00000000 00000000 01000000)

State 20 file square_7+soft_float_1-3a.c.cil.c line 31 function reach_error thread 0
----------------------------------------------------
Violated property:
  file square_7+soft_float_1-3a.c.cil.c line 31 function reach_error
  assertion 0
  0


VERIFICATION FAILED

Bug found (k = 1)


FALSE_REACH
