./esbmc-wrapper.py -p ../sv-benchmarks/c/properties/unreach-call.prp -s kinduction --arch 32 ../sv-benchmarks/c/weaver/popl20-bad-dot-product.wvr.c


--------------------------------------------------------------------------------


Found pthread benchmark!
Verifying with ESBMC
Command: ./esbmc --no-div-by-zero-check --force-malloc-success --state-hashing --add-symex-value-sets --no-align-check --k-step 5 --floatbv --unlimited-k-steps ../sv-benchmarks/c/weaver/popl20-bad-dot-product.wvr.c --32  --no-por --context-bound 2 --no-goto-merge --witness-output popl20-bad-dot-product.wvr.c.graphml --no-pointer-check --no-bounds-check --goto-unwind --unlimited-goto-unwind --incremental-bmc 
ESBMC version 6.8.0 64-bit x86_64 linux
Target: 32-bit little-endian x86_64-unknown-linux with esbmc libc
file ../sv-benchmarks/c/weaver/popl20-bad-dot-product.wvr.c: Parsing
Converting
Generating GOTO Program
GOTO program creation time: 0.115s
GOTO program processing time: 0.001s
*** Checking base case, k = 1
Starting Bounded Model Checking
Not unwinding 
Not unwinding 
Not unwinding 
Not unwinding 
Not unwinding 
Not unwinding 
Not unwinding 
Not unwinding 
Symex completed in: 0.080s (259 assignments)
Slicing time: 0.001s (removed 156 assignments)
Generated 0 VCC(s), 0 remaining after simplification (103 assignments)
BMC program time: 0.081s
*** Thread interleavings 2 ***
Not unwinding 
Not unwinding 
Not unwinding 
Not unwinding 
Symex completed in: 0.006s (259 assignments)
Slicing time: 0.001s (removed 156 assignments)
Generated 0 VCC(s), 0 remaining after simplification (103 assignments)
BMC program time: 0.007s
*** Thread interleavings 3 ***
Not unwinding 
Not unwinding 
Not unwinding 
Not unwinding 
Symex completed in: 0.007s (259 assignments)
Slicing time: 0.001s (removed 156 assignments)
Generated 0 VCC(s), 0 remaining after simplification (103 assignments)
BMC program time: 0.008s
*** Thread interleavings 4 ***
Not unwinding 
Not unwinding 
Symex completed in: 0.004s (259 assignments)
Slicing time: 0.000s (removed 156 assignments)
Generated 0 VCC(s), 0 remaining after simplification (103 assignments)
BMC program time: 0.004s
*** Thread interleavings 5 ***
Not unwinding 
Not unwinding 
Not unwinding 
Not unwinding 
Symex completed in: 0.007s (259 assignments)
Slicing time: 0.000s (removed 156 assignments)
Generated 0 VCC(s), 0 remaining after simplification (103 assignments)
BMC program time: 0.007s
*** Thread interleavings 6 ***
Not unwinding 
Not unwinding 
Symex completed in: 0.003s (259 assignments)
Slicing time: 0.001s (removed 156 assignments)
Generated 0 VCC(s), 0 remaining after simplification (103 assignments)
BMC program time: 0.004s
*** Thread interleavings 7 ***
Not unwinding 
Not unwinding 
Not unwinding 
Not unwinding 
Not unwinding 
Not unwinding 
Symex completed in: 0.007s (266 assignments)
Slicing time: 0.000s (removed 164 assignments)
Generated 0 VCC(s), 0 remaining after simplification (102 assignments)
BMC program time: 0.007s
*** Thread interleavings 8 ***
Not unwinding 
Not unwinding 
Not unwinding 
Not unwinding 
Symex completed in: 0.004s (266 assignments)
Slicing time: 0.001s (removed 164 assignments)
Generated 0 VCC(s), 0 remaining after simplification (102 assignments)
BMC program time: 0.005s
*** Thread interleavings 9 ***
Not unwinding 
Not unwinding 
Not unwinding 
Not unwinding 
Not unwinding 
Not unwinding 
Symex completed in: 0.007s (266 assignments)
Slicing time: 0.001s (removed 164 assignments)
Generated 0 VCC(s), 0 remaining after simplification (102 assignments)
BMC program time: 0.008s
*** Thread interleavings 10 ***
Not unwinding 
Not unwinding 
Not unwinding 
Not unwinding 
Symex completed in: 0.004s (266 assignments)
Slicing time: 0.001s (removed 164 assignments)
Generated 0 VCC(s), 0 remaining after simplification (102 assignments)
BMC program time: 0.005s
*** Thread interleavings 11 ***
Not unwinding 
Not unwinding 
Not unwinding 
Not unwinding 
Not unwinding 
Not unwinding 
Symex completed in: 0.008s (265 assignments)
Slicing time: 0.001s (removed 164 assignments)
Generated 0 VCC(s), 0 remaining after simplification (101 assignments)
BMC program time: 0.009s
*** Thread interleavings 12 ***
Not unwinding 
Not unwinding 
Not unwinding 
Not unwinding 
Symex completed in: 0.005s (265 assignments)
Slicing time: 0.001s (removed 164 assignments)
Generated 0 VCC(s), 0 remaining after simplification (101 assignments)
BMC program time: 0.006s
*** Thread interleavings 13 ***
Not unwinding 
Not unwinding 
Not unwinding 
Not unwinding 
Not unwinding 
Not unwinding 
Symex completed in: 0.008s (265 assignments)
Slicing time: 0.000s (removed 164 assignments)
Generated 0 VCC(s), 0 remaining after simplification (101 assignments)
BMC program time: 0.008s
*** Thread interleavings 14 ***

There are goto statements that shouldn't be merged at this point

Unknown
