./esbmc-wrapper.py -p ../sv-benchmarks/c/properties/termination.prp -s kinduction --arch 32 ../sv-benchmarks/c/seq-mthreaded/pals_floodmax.3.ufo.BOUNDED-6.pals.c


--------------------------------------------------------------------------------


Verifying with ESBMC
Command: ./esbmc --no-div-by-zero-check --force-malloc-success --state-hashing --add-symex-value-sets --no-align-check --k-step 5 --floatbv --unlimited-k-steps ../sv-benchmarks/c/seq-mthreaded/pals_floodmax.3.ufo.BOUNDED-6.pals.c --32 --witness-output pals_floodmax.3.ufo.BOUNDED-6.pals.c.graphml --no-pointer-check --no-bounds-check --no-assertions --termination --max-inductive-step 3 
ESBMC version 6.8.0 64-bit x86_64 linux
Target: 32-bit little-endian x86_64-unknown-linux with esbmc libc
file ../sv-benchmarks/c/seq-mthreaded/pals_floodmax.3.ufo.BOUNDED-6.pals.c: Parsing
Converting
Generating GOTO Program
GOTO program creation time: 0.169s
GOTO program processing time: 0.002s
*** Checking forward condition, k = 1
Starting Bounded Model Checking
Not unwinding 
Symex completed in: 0.030s (450 assignments)
Slicing time: 0.002s (removed 263 assignments)
Generated 1 VCC(s), 1 remaining after simplification (187 assignments)
No solver specified; defaulting to Boolector
Encoding remaining VCC(s) using bit-vector/floating-point arithmetic
Encoding to solver time: 0.003s
Solving with solver Boolector 3.2.2
Encoding to solver time: 0.003s
Runtime decision procedure: 0.007s
The forward condition is unable to prove the property
*** Checking forward condition, k = 6
Starting Bounded Model Checking
Unwinding loop 2  iteration  1   file pals_floodmax.3.ufo.BOUNDED-6.pals.c line 523 function main
Unwinding loop 2  iteration  2   file pals_floodmax.3.ufo.BOUNDED-6.pals.c line 523 function main
Unwinding loop 2  iteration  3   file pals_floodmax.3.ufo.BOUNDED-6.pals.c line 523 function main
Unwinding loop 2  iteration  4   file pals_floodmax.3.ufo.BOUNDED-6.pals.c line 523 function main
Unwinding loop 2  iteration  5   file pals_floodmax.3.ufo.BOUNDED-6.pals.c line 523 function main
Not unwinding 
Symex completed in: 0.096s (1485 assignments)
Slicing time: 0.006s (removed 608 assignments)
Generated 1 VCC(s), 1 remaining after simplification (877 assignments)
No solver specified; defaulting to Boolector
Encoding remaining VCC(s) using bit-vector/floating-point arithmetic
Encoding to solver time: 0.016s
Solving with solver Boolector 3.2.2
Encoding to solver time: 0.016s
Runtime decision procedure: 0.115s
The forward condition is unable to prove the property
*** Checking forward condition, k = 11
Starting Bounded Model Checking
Unwinding loop 2  iteration  1   file pals_floodmax.3.ufo.BOUNDED-6.pals.c line 523 function main
Unwinding loop 2  iteration  2   file pals_floodmax.3.ufo.BOUNDED-6.pals.c line 523 function main
Unwinding loop 2  iteration  3   file pals_floodmax.3.ufo.BOUNDED-6.pals.c line 523 function main
Unwinding loop 2  iteration  4   file pals_floodmax.3.ufo.BOUNDED-6.pals.c line 523 function main
Unwinding loop 2  iteration  5   file pals_floodmax.3.ufo.BOUNDED-6.pals.c line 523 function main
Unwinding loop 2  iteration  6   file pals_floodmax.3.ufo.BOUNDED-6.pals.c line 523 function main
Symex completed in: 0.101s (1484 assignments)
Slicing time: 0.006s (removed 608 assignments)
Generated 0 VCC(s), 0 remaining after simplification (876 assignments)
BMC program time: 0.107s
Building successful trace

VERIFICATION SUCCESSFUL

Solution found by the forward condition; all states are reachable (k = 11


TRUE
