./esbmc-wrapper.py -p ../sv-benchmarks/c/properties/unreach-call.prp -s kinduction --arch 32 ../sv-benchmarks/c/product-lines/email_spec27_product27.cil.c


--------------------------------------------------------------------------------


Verifying with ESBMC
Command: ./esbmc --no-div-by-zero-check --force-malloc-success --state-hashing --add-symex-value-sets --no-align-check --k-step 5 --floatbv --unlimited-k-steps ../sv-benchmarks/c/product-lines/email_spec27_product27.cil.c --32 --witness-output email_spec27_product27.cil.c.graphml --no-pointer-check --no-bounds-check --interval-analysis --goto-unwind --unlimited-goto-unwind --k-induction --max-inductive-step 3 
ESBMC version 6.8.0 64-bit x86_64 linux
Target: 32-bit little-endian x86_64-unknown-linux with esbmc libc
file ../sv-benchmarks/c/product-lines/email_spec27_product27.cil.c: Parsing
Converting
Generating GOTO Program
GOTO program creation time: 0.181s
GOTO program processing time: 0.119s
*** Checking base case, k = 1
Starting Bounded Model Checking
Not unwinding 
Symex completed in: 0.071s (822 assignments)
Slicing time: 0.001s (removed 783 assignments)
Generated 0 VCC(s), 0 remaining after simplification (39 assignments)
BMC program time: 0.072s
No bug has been found in the base case
*** Checking forward condition, k = 1
Starting Bounded Model Checking
Not unwinding 
Symex completed in: 0.061s (822 assignments)
Slicing time: 0.001s (removed 783 assignments)
Generated 1 VCC(s), 1 remaining after simplification (39 assignments)
No solver specified; defaulting to Boolector
Encoding remaining VCC(s) using bit-vector/floating-point arithmetic
Encoding to solver time: 0.002s
Solving with solver Boolector 3.2.2
Encoding to solver time: 0.002s
Runtime decision procedure: 0.191s
The forward condition is unable to prove the property
*** Checking base case, k = 6
Starting Bounded Model Checking
Unwinding loop 4  iteration  1   file email_spec27_product27.cil.c line 988 function test
Unwinding loop 4  iteration  2   file email_spec27_product27.cil.c line 988 function test
Unwinding loop 4  iteration  3   file email_spec27_product27.cil.c line 988 function test
Unwinding loop 4  iteration  4   file email_spec27_product27.cil.c line 988 function test
Symex completed in: 0.576s (5817 assignments)
Slicing time: 0.163s (removed 3765 assignments)
Generated 6 VCC(s), 6 remaining after simplification (2052 assignments)
No solver specified; defaulting to Boolector
Encoding remaining VCC(s) using bit-vector/floating-point arithmetic
Encoding to solver time: 0.027s
Solving with solver Boolector 3.2.2
Encoding to solver time: 0.027s
Runtime decision procedure: 0.631s
Building error trace

Counterexample:
bob: 1

rjh: 2

chuck: 3


State 4 file email_spec27_product27.cil.c line 998 function test thread 0
----------------------------------------------------
  tmp___9 = -2147483648 (10000000 00000000 00000000 00000000)
bob added rjhs key

2

456


State 8 file email_spec27_product27.cil.c line 1012 function test thread 0
----------------------------------------------------
  tmp___8 = 0 (00000000 00000000 00000000 00000000)

State 9 file email_spec27_product27.cil.c line 1026 function test thread 0
----------------------------------------------------
  tmp___7 = 0 (00000000 00000000 00000000 00000000)

State 10 file email_spec27_product27.cil.c line 1040 function test thread 0
----------------------------------------------------
  tmp___6 = 0 (00000000 00000000 00000000 00000000)

State 11 file email_spec27_product27.cil.c line 1054 function test thread 0
----------------------------------------------------
  tmp___5 = 0 (00000000 00000000 00000000 00000000)

State 12 file email_spec27_product27.cil.c line 1068 function test thread 0
----------------------------------------------------
  tmp___4 = 0 (00000000 00000000 00000000 00000000)

State 13 file email_spec27_product27.cil.c line 1082 function test thread 0
----------------------------------------------------
  tmp___3 = 0 (00000000 00000000 00000000 00000000)

State 14 file email_spec27_product27.cil.c line 1096 function test thread 0
----------------------------------------------------
  tmp___2 = -2147483648 (10000000 00000000 00000000 00000000)

State 15 file email_spec27_product27.cil.c line 1012 function test thread 0
----------------------------------------------------
  tmp___8 = 0 (00000000 00000000 00000000 00000000)

State 16 file email_spec27_product27.cil.c line 1026 function test thread 0
----------------------------------------------------
  tmp___7 = 0 (00000000 00000000 00000000 00000000)

State 17 file email_spec27_product27.cil.c line 1040 function test thread 0
----------------------------------------------------
  tmp___6 = 0 (00000000 00000000 00000000 00000000)

State 18 file email_spec27_product27.cil.c line 1054 function test thread 0
----------------------------------------------------
  tmp___5 = 0 (00000000 00000000 00000000 00000000)

State 19 file email_spec27_product27.cil.c line 1068 function test thread 0
----------------------------------------------------
  tmp___4 = 0 (00000000 00000000 00000000 00000000)

State 20 file email_spec27_product27.cil.c line 1082 function test thread 0
----------------------------------------------------
  tmp___3 = 0 (00000000 00000000 00000000 00000000)

State 21 file email_spec27_product27.cil.c line 1110 function test thread 0
----------------------------------------------------
  tmp___1 = 0 (00000000 00000000 00000000 00000000)

State 22 file email_spec27_product27.cil.c line 1124 function test thread 0
----------------------------------------------------
  tmp___0 = 0 (00000000 00000000 00000000 00000000)

State 23 file email_spec27_product27.cil.c line 1138 function test thread 0
----------------------------------------------------
  tmp = -2147483648 (10000000 00000000 00000000 00000000)

State 24 file email_spec27_product27.cil.c line 1012 function test thread 0
----------------------------------------------------
  tmp___8 = -2147483648 (10000000 00000000 00000000 00000000)
Please enter a subject and a message body.



State 26 file email_spec27_product27.cil.c line 1776 function getClientPrivateKey thread 0
----------------------------------------------------
  retValue_acc = 123 (00000000 00000000 00000000 01111011)

State 27 file email_spec27_product27.cil.c line 2940 function sign thread 0
----------------------------------------------------
  privkey = 123 (00000000 00000000 00000000 01111011)

State 28 file email_spec27_product27.cil.c line 889 function setEmailSignKey thread 0
----------------------------------------------------
  __ste_email_signKey0 = 123 (00000000 00000000 00000000 01111011)

State 29 file email_spec27_product27.cil.c line 1320 function getClientAddressBookSize thread 0
----------------------------------------------------
  retValue_acc = 1 (00000000 00000000 00000000 00000001)

State 30 file email_spec27_product27.cil.c line 2701 function outgoing__wrappee__AddressBook thread 0
----------------------------------------------------
  size = 1 (00000000 00000000 00000000 00000001)
sending to alias in address book


sending to second receipient



State 33 file email_spec27_product27.cil.c line 1606 function getClientAddressBookAddress thread 0
----------------------------------------------------
  retValue_acc = 3 (00000000 00000000 00000000 00000011)

State 34 file email_spec27_product27.cil.c line 2711 function outgoing__wrappee__AddressBook thread 0
----------------------------------------------------
  second = 3 (00000000 00000000 00000000 00000011)

State 35 file email_spec27_product27.cil.c line 663 function setEmailTo thread 0
----------------------------------------------------
  __ste_email_to0 = 3 (00000000 00000000 00000000 00000011)
mail sent


State 37 file email_spec27_product27.cil.c line 644 function getEmailTo thread 0
----------------------------------------------------
  retValue_acc = 3 (00000000 00000000 00000000 00000011)

State 38 file email_spec27_product27.cil.c line 833 function isSigned thread 0
----------------------------------------------------
  retValue_acc = 1 (00000000 00000000 00000000 00000001)

State 39 file email_spec27_product27.cil.c line 2091 function findPublicKey thread 0
----------------------------------------------------
  retValue_acc = 123 (00000000 00000000 00000000 01111011)

State 40 file email_spec27_product27.cil.c line 2994 function verify thread 0
----------------------------------------------------
  pubkey = 123 (00000000 00000000 00000000 01111011)

State 41 file email_spec27_product27.cil.c line 870 function getEmailSignKey thread 0
----------------------------------------------------
  retValue_acc = 123 (00000000 00000000 00000000 01111011)
keypair valid 123 123

State 43 file email_spec27_product27.cil.c line 2896 function isKeyPairValid thread 0
----------------------------------------------------
  retValue_acc = 1 (00000000 00000000 00000000 00000001)

State 44 file email_spec27_product27.cil.c line 2743 function deliver thread 0
----------------------------------------------------
  __utac__ad__arg1 = 3 (00000000 00000000 00000000 00000011)
before deliver



State 46 file email_spec27_product27.cil.c line 907 function isVerified thread 0
----------------------------------------------------
  retValue_acc = 1 (00000000 00000000 00000000 00000001)

State 47 file email_spec27_product27.cil.c line 2091 function findPublicKey thread 0
----------------------------------------------------
  retValue_acc = 123 (00000000 00000000 00000000 01111011)

State 48 file email_spec27_product27.cil.c line 2618 function __utac_acc__VerifyForward_spec__1 thread 0
----------------------------------------------------
  pubkey = 123 (00000000 00000000 00000000 01111011)
mail delivered



State 50 file email_spec27_product27.cil.c line 2787 function incoming__wrappee__Forward thread 0
----------------------------------------------------
  fwreceiver = 0 (00000000 00000000 00000000 00000000)

State 51 file email_spec27_product27.cil.c line 1602 function getClientAddressBookAddress thread 0
----------------------------------------------------
  retValue_acc = 2 (00000000 00000000 00000000 00000010)

State 52 file email_spec27_product27.cil.c line 663 function setEmailTo thread 0
----------------------------------------------------
  __ste_email_to0 = 2 (00000000 00000000 00000000 00000010)
mail sent


State 54 file email_spec27_product27.cil.c line 644 function getEmailTo thread 0
----------------------------------------------------
  retValue_acc = 2 (00000000 00000000 00000000 00000010)

State 55 file email_spec27_product27.cil.c line 833 function isSigned thread 0
----------------------------------------------------
  retValue_acc = 1 (00000000 00000000 00000000 00000001)

State 56 file email_spec27_product27.cil.c line 2994 function verify thread 0
----------------------------------------------------
  pubkey = 0 (00000000 00000000 00000000 00000000)

State 57 file email_spec27_product27.cil.c line 2743 function deliver thread 0
----------------------------------------------------
  __utac__ad__arg1 = 2 (00000000 00000000 00000000 00000010)
before deliver



State 59 file email_spec27_product27.cil.c line 907 function isVerified thread 0
----------------------------------------------------
  retValue_acc = 1 (00000000 00000000 00000000 00000001)

State 60 file email_spec27_product27.cil.c line 2618 function __utac_acc__VerifyForward_spec__1 thread 0
----------------------------------------------------
  pubkey = 0 (00000000 00000000 00000000 00000000)

State 61 file email_spec27_product27.cil.c line 11 function reach_error thread 0
----------------------------------------------------
Violated property:
  file email_spec27_product27.cil.c line 11 function reach_error
  assertion 0
  0


VERIFICATION FAILED

Bug found (k = 6)


FALSE_REACH
