./esbmc-wrapper.py -p ../sv-benchmarks/c/properties/unreach-call.prp -s kinduction --arch 32 ../sv-benchmarks/c/nla-digbench-scaling/egcd-ll_valuebound10.c


--------------------------------------------------------------------------------


Verifying with ESBMC
Command: ./esbmc --no-div-by-zero-check --force-malloc-success --state-hashing --add-symex-value-sets --no-align-check --k-step 5 --floatbv --unlimited-k-steps ../sv-benchmarks/c/nla-digbench-scaling/egcd-ll_valuebound10.c --32 --witness-output egcd-ll_valuebound10.c.graphml --no-pointer-check --no-bounds-check --interval-analysis --goto-unwind --unlimited-goto-unwind --k-induction --max-inductive-step 3 
ESBMC version 6.8.0 64-bit x86_64 linux
Target: 32-bit little-endian x86_64-unknown-linux with esbmc libc
file ../sv-benchmarks/c/nla-digbench-scaling/egcd-ll_valuebound10.c: Parsing
Converting
Generating GOTO Program
GOTO program creation time: 0.135s
GOTO program processing time: 0.001s
*** Checking base case, k = 1
Starting Bounded Model Checking
Not unwinding 
Symex completed in: 0.003s (71 assignments)
Slicing time: 0.000s (removed 35 assignments)
Generated 5 VCC(s), 5 remaining after simplification (36 assignments)
No solver specified; defaulting to Boolector
Encoding remaining VCC(s) using bit-vector/floating-point arithmetic
Encoding to solver time: 0.001s
Solving with solver Boolector 3.2.2
Encoding to solver time: 0.001s
Runtime decision procedure: 0.000s
BMC program time: 0.005s
No bug has been found in the base case
*** Checking forward condition, k = 1
Starting Bounded Model Checking
Not unwinding 
Symex completed in: 0.003s (66 assignments)
Slicing time: 0.000s (removed 47 assignments)
Generated 1 VCC(s), 1 remaining after simplification (19 assignments)
No solver specified; defaulting to Boolector
Encoding remaining VCC(s) using bit-vector/floating-point arithmetic
Encoding to solver time: 0.000s
Solving with solver Boolector 3.2.2
Encoding to solver time: 0.000s
Runtime decision procedure: 0.002s
The forward condition is unable to prove the property
*** Checking base case, k = 6
Starting Bounded Model Checking
Unwinding loop 1  iteration  1   file egcd-ll_valuebound10.c line 35 function main
Unwinding loop 1  iteration  2   file egcd-ll_valuebound10.c line 35 function main
Unwinding loop 1  iteration  3   file egcd-ll_valuebound10.c line 35 function main
Unwinding loop 1  iteration  4   file egcd-ll_valuebound10.c line 35 function main
Unwinding loop 1  iteration  5   file egcd-ll_valuebound10.c line 35 function main
Not unwinding 
Symex completed in: 0.008s (233 assignments)
Slicing time: 0.002s (removed 39 assignments)
Generated 21 VCC(s), 21 remaining after simplification (194 assignments)
No solver specified; defaulting to Boolector
Encoding remaining VCC(s) using bit-vector/floating-point arithmetic
Encoding to solver time: 0.003s
Solving with solver Boolector 3.2.2
Encoding to solver time: 0.003s
Runtime decision procedure: 17.678s
BMC program time: 17.692s
No bug has been found in the base case
*** Checking forward condition, k = 6
Starting Bounded Model Checking
Unwinding loop 1  iteration  1   file egcd-ll_valuebound10.c line 35 function main
Unwinding loop 1  iteration  2   file egcd-ll_valuebound10.c line 35 function main
Unwinding loop 1  iteration  3   file egcd-ll_valuebound10.c line 35 function main
Unwinding loop 1  iteration  4   file egcd-ll_valuebound10.c line 35 function main
Unwinding loop 1  iteration  5   file egcd-ll_valuebound10.c line 35 function main
Not unwinding 
Symex completed in: 0.009s (212 assignments)
Slicing time: 0.001s (removed 158 assignments)
Generated 1 VCC(s), 1 remaining after simplification (54 assignments)
No solver specified; defaulting to Boolector
Encoding remaining VCC(s) using bit-vector/floating-point arithmetic
Encoding to solver time: 0.001s
Solving with solver Boolector 3.2.2
Encoding to solver time: 0.001s
Runtime decision procedure: 0.273s
The forward condition is unable to prove the property
*** Checking base case, k = 11
Starting Bounded Model Checking
Unwinding loop 1  iteration  1   file egcd-ll_valuebound10.c line 35 function main
Unwinding loop 1  iteration  2   file egcd-ll_valuebound10.c line 35 function main
Unwinding loop 1  iteration  3   file egcd-ll_valuebound10.c line 35 function main
Unwinding loop 1  iteration  4   file egcd-ll_valuebound10.c line 35 function main
Unwinding loop 1  iteration  5   file egcd-ll_valuebound10.c line 35 function main
Unwinding loop 1  iteration  6   file egcd-ll_valuebound10.c line 35 function main
Unwinding loop 1  iteration  7   file egcd-ll_valuebound10.c line 35 function main
Unwinding loop 1  iteration  8   file egcd-ll_valuebound10.c line 35 function main
Unwinding loop 1  iteration  9   file egcd-ll_valuebound10.c line 35 function main
Unwinding loop 1  iteration  10   file egcd-ll_valuebound10.c line 35 function main
Not unwinding 
Symex completed in: 0.015s (393 assignments)
Slicing time: 0.004s (removed 39 assignments)
Generated 36 VCC(s), 36 remaining after simplification (354 assignments)
No solver specified; defaulting to Boolector
Encoding remaining VCC(s) using bit-vector/floating-point arithmetic
Encoding to solver time: 0.006s
Solving with solver Boolector 3.2.2
Encoding to solver time: 0.006s
Runtime decision procedure: 24.715s
BMC program time: 24.740s
No bug has been found in the base case
*** Checking forward condition, k = 11
Starting Bounded Model Checking
Unwinding loop 1  iteration  1   file egcd-ll_valuebound10.c line 35 function main
Unwinding loop 1  iteration  2   file egcd-ll_valuebound10.c line 35 function main
Unwinding loop 1  iteration  3   file egcd-ll_valuebound10.c line 35 function main
Unwinding loop 1  iteration  4   file egcd-ll_valuebound10.c line 35 function main
Unwinding loop 1  iteration  5   file egcd-ll_valuebound10.c line 35 function main
Unwinding loop 1  iteration  6   file egcd-ll_valuebound10.c line 35 function main
Unwinding loop 1  iteration  7   file egcd-ll_valuebound10.c line 35 function main
Unwinding loop 1  iteration  8   file egcd-ll_valuebound10.c line 35 function main
Unwinding loop 1  iteration  9   file egcd-ll_valuebound10.c line 35 function main
Unwinding loop 1  iteration  10   file egcd-ll_valuebound10.c line 35 function main
Not unwinding 
Symex completed in: 0.015s (357 assignments)
Slicing time: 0.001s (removed 268 assignments)
Generated 1 VCC(s), 1 remaining after simplification (89 assignments)
No solver specified; defaulting to Boolector
Encoding remaining VCC(s) using bit-vector/floating-point arithmetic
Encoding to solver time: 0.002s
Solving with solver Boolector 3.2.2
Encoding to solver time: 0.002s
Runtime decision procedure: 0.733s
BMC program time: 0.752s
Building successful trace

VERIFICATION SUCCESSFUL

Solution found by the forward condition; all states are reachable (k = 11


TRUE
