./esbmc-wrapper.py -p ../sv-benchmarks/c/properties/unreach-call.prp -s kinduction --arch 32 ../sv-benchmarks/c/eca-rers2012/Problem04_label27.c


--------------------------------------------------------------------------------


Verifying with ESBMC
Command: ./esbmc --no-div-by-zero-check --force-malloc-success --state-hashing --add-symex-value-sets --no-align-check --k-step 5 --floatbv --unlimited-k-steps ../sv-benchmarks/c/eca-rers2012/Problem04_label27.c --32 --witness-output Problem04_label27.c.graphml --no-pointer-check --no-bounds-check --interval-analysis --goto-unwind --unlimited-goto-unwind --k-induction --max-inductive-step 3 
ESBMC version 6.8.0 64-bit x86_64 linux
Target: 32-bit little-endian x86_64-unknown-linux with esbmc libc
file ../sv-benchmarks/c/eca-rers2012/Problem04_label27.c: Parsing
Converting
Generating GOTO Program
GOTO program creation time: 0.773s
GOTO program processing time: 0.306s
*** Checking base case, k = 1
Starting Bounded Model Checking
Not unwinding 
Symex completed in: 0.099s (1600 assignments)
Slicing time: 0.001s (removed 1596 assignments)
Generated 0 VCC(s), 0 remaining after simplification (4 assignments)
BMC program time: 0.100s
No bug has been found in the base case
*** Checking forward condition, k = 1
Starting Bounded Model Checking
Not unwinding 
Symex completed in: 0.107s (1600 assignments)
Slicing time: 0.001s (removed 1596 assignments)
Generated 1 VCC(s), 1 remaining after simplification (4 assignments)
No solver specified; defaulting to Boolector
Encoding remaining VCC(s) using bit-vector/floating-point arithmetic
Encoding to solver time: 0.001s
Solving with solver Boolector 3.2.2
Encoding to solver time: 0.001s
Runtime decision procedure: 0.002s
The forward condition is unable to prove the property
*** Checking base case, k = 6
Starting Bounded Model Checking
Unwinding loop 1  iteration  1   file Problem04_label27.c line 4826 function main
Unwinding loop 1  iteration  2   file Problem04_label27.c line 4826 function main
Unwinding loop 1  iteration  3   file Problem04_label27.c line 4826 function main
Unwinding loop 1  iteration  4   file Problem04_label27.c line 4826 function main
Unwinding loop 1  iteration  5   file Problem04_label27.c line 4826 function main
Not unwinding 
Symex completed in: 2.836s (60120 assignments)
Slicing time: 0.483s (removed 29677 assignments)
Generated 4 VCC(s), 4 remaining after simplification (30443 assignments)
No solver specified; defaulting to Boolector
Encoding remaining VCC(s) using bit-vector/floating-point arithmetic
Encoding to solver time: 0.516s
Solving with solver Boolector 3.2.2
Encoding to solver time: 0.516s
Runtime decision procedure: 2.338s
BMC program time: 6.174s
No bug has been found in the base case
*** Checking forward condition, k = 6
Starting Bounded Model Checking
Unwinding loop 1  iteration  1   file Problem04_label27.c line 4826 function main
Unwinding loop 1  iteration  2   file Problem04_label27.c line 4826 function main
Unwinding loop 1  iteration  3   file Problem04_label27.c line 4826 function main
Unwinding loop 1  iteration  4   file Problem04_label27.c line 4826 function main
Unwinding loop 1  iteration  5   file Problem04_label27.c line 4826 function main
Not unwinding 
Symex completed in: 3.278s (60116 assignments)
Slicing time: 0.482s (removed 29677 assignments)
Generated 1 VCC(s), 1 remaining after simplification (30439 assignments)
No solver specified; defaulting to Boolector
Encoding remaining VCC(s) using bit-vector/floating-point arithmetic
Encoding to solver time: 0.511s
Solving with solver Boolector 3.2.2
Encoding to solver time: 0.511s
Runtime decision procedure: 2.344s
The forward condition is unable to prove the property
*** Checking base case, k = 11
Starting Bounded Model Checking
Unwinding loop 1  iteration  1   file Problem04_label27.c line 4826 function main
Unwinding loop 1  iteration  2   file Problem04_label27.c line 4826 function main
Unwinding loop 1  iteration  3   file Problem04_label27.c line 4826 function main
Unwinding loop 1  iteration  4   file Problem04_label27.c line 4826 function main
Unwinding loop 1  iteration  5   file Problem04_label27.c line 4826 function main
Unwinding loop 1  iteration  6   file Problem04_label27.c line 4826 function main
Unwinding loop 1  iteration  7   file Problem04_label27.c line 4826 function main
Unwinding loop 1  iteration  8   file Problem04_label27.c line 4826 function main
Unwinding loop 1  iteration  9   file Problem04_label27.c line 4826 function main
Unwinding loop 1  iteration  10   file Problem04_label27.c line 4826 function main
Not unwinding 
Symex completed in: 6.837s (129300 assignments)
Slicing time: 1.354s (removed 56622 assignments)
Generated 9 VCC(s), 9 remaining after simplification (72678 assignments)
No solver specified; defaulting to Boolector
Encoding remaining VCC(s) using bit-vector/floating-point arithmetic
Encoding to solver time: 1.310s
Solving with solver Boolector 3.2.2
Encoding to solver time: 1.310s
Runtime decision procedure: 13.826s
BMC program time: 23.329s
No bug has been found in the base case
*** Checking forward condition, k = 11
Starting Bounded Model Checking
Unwinding loop 1  iteration  1   file Problem04_label27.c line 4826 function main
Unwinding loop 1  iteration  2   file Problem04_label27.c line 4826 function main
Unwinding loop 1  iteration  3   file Problem04_label27.c line 4826 function main
Unwinding loop 1  iteration  4   file Problem04_label27.c line 4826 function main
Unwinding loop 1  iteration  5   file Problem04_label27.c line 4826 function main
Unwinding loop 1  iteration  6   file Problem04_label27.c line 4826 function main
Unwinding loop 1  iteration  7   file Problem04_label27.c line 4826 function main
Unwinding loop 1  iteration  8   file Problem04_label27.c line 4826 function main
Unwinding loop 1  iteration  9   file Problem04_label27.c line 4826 function main
Unwinding loop 1  iteration  10   file Problem04_label27.c line 4826 function main
Not unwinding 
Symex completed in: 7.791s (129291 assignments)
Slicing time: 1.124s (removed 56622 assignments)
Generated 1 VCC(s), 1 remaining after simplification (72669 assignments)
No solver specified; defaulting to Boolector
Encoding remaining VCC(s) using bit-vector/floating-point arithmetic
Encoding to solver time: 1.464s
Solving with solver Boolector 3.2.2
Encoding to solver time: 1.464s
Runtime decision procedure: 7.305s
The forward condition is unable to prove the property
*** Checking base case, k = 16
Starting Bounded Model Checking
Unwinding loop 1  iteration  1   file Problem04_label27.c line 4826 function main
Unwinding loop 1  iteration  2   file Problem04_label27.c line 4826 function main
Unwinding loop 1  iteration  3   file Problem04_label27.c line 4826 function main
Unwinding loop 1  iteration  4   file Problem04_label27.c line 4826 function main
Unwinding loop 1  iteration  5   file Problem04_label27.c line 4826 function main
Unwinding loop 1  iteration  6   file Problem04_label27.c line 4826 function main
Unwinding loop 1  iteration  7   file Problem04_label27.c line 4826 function main
Unwinding loop 1  iteration  8   file Problem04_label27.c line 4826 function main
Unwinding loop 1  iteration  9   file Problem04_label27.c line 4826 function main
Unwinding loop 1  iteration  10   file Problem04_label27.c line 4826 function main
Unwinding loop 1  iteration  11   file Problem04_label27.c line 4826 function main
Unwinding loop 1  iteration  12   file Problem04_label27.c line 4826 function main
Unwinding loop 1  iteration  13   file Problem04_label27.c line 4826 function main
Unwinding loop 1  iteration  14   file Problem04_label27.c line 4826 function main
Unwinding loop 1  iteration  15   file Problem04_label27.c line 4826 function main
Not unwinding 
Symex completed in: 11.571s (198480 assignments)
Slicing time: 1.762s (removed 83567 assignments)
Generated 14 VCC(s), 14 remaining after simplification (114913 assignments)
No solver specified; defaulting to Boolector
Encoding remaining VCC(s) using bit-vector/floating-point arithmetic
Encoding to solver time: 2.045s
Solving with solver Boolector 3.2.2
Encoding to solver time: 2.045s
Runtime decision procedure: 21.312s
BMC program time: 36.691s
No bug has been found in the base case
*** Checking forward condition, k = 16
Starting Bounded Model Checking
Unwinding loop 1  iteration  1   file Problem04_label27.c line 4826 function main
Unwinding loop 1  iteration  2   file Problem04_label27.c line 4826 function main
Unwinding loop 1  iteration  3   file Problem04_label27.c line 4826 function main
Unwinding loop 1  iteration  4   file Problem04_label27.c line 4826 function main
Unwinding loop 1  iteration  5   file Problem04_label27.c line 4826 function main
Unwinding loop 1  iteration  6   file Problem04_label27.c line 4826 function main
Unwinding loop 1  iteration  7   file Problem04_label27.c line 4826 function main
Unwinding loop 1  iteration  8   file Problem04_label27.c line 4826 function main
Unwinding loop 1  iteration  9   file Problem04_label27.c line 4826 function main
Unwinding loop 1  iteration  10   file Problem04_label27.c line 4826 function main
Unwinding loop 1  iteration  11   file Problem04_label27.c line 4826 function main
Unwinding loop 1  iteration  12   file Problem04_label27.c line 4826 function main
Unwinding loop 1  iteration  13   file Problem04_label27.c line 4826 function main
Unwinding loop 1  iteration  14   file Problem04_label27.c line 4826 function main
Unwinding loop 1  iteration  15   file Problem04_label27.c line 4826 function main
Not unwinding 
Symex completed in: 12.531s (198466 assignments)
Slicing time: 1.828s (removed 83567 assignments)
Generated 1 VCC(s), 1 remaining after simplification (114899 assignments)
No solver specified; defaulting to Boolector
Encoding remaining VCC(s) using bit-vector/floating-point arithmetic
Encoding to solver time: 2.245s
Solving with solver Boolector 3.2.2
Encoding to solver time: 2.245s
Runtime decision procedure: 11.610s
The forward condition is unable to prove the property
*** Checking base case, k = 21
Starting Bounded Model Checking
Unwinding loop 1  iteration  1   file Problem04_label27.c line 4826 function main
Unwinding loop 1  iteration  2   file Problem04_label27.c line 4826 function main
Unwinding loop 1  iteration  3   file Problem04_label27.c line 4826 function main
Unwinding loop 1  iteration  4   file Problem04_label27.c line 4826 function main
Unwinding loop 1  iteration  5   file Problem04_label27.c line 4826 function main
Unwinding loop 1  iteration  6   file Problem04_label27.c line 4826 function main
Unwinding loop 1  iteration  7   file Problem04_label27.c line 4826 function main
Unwinding loop 1  iteration  8   file Problem04_label27.c line 4826 function main
Unwinding loop 1  iteration  9   file Problem04_label27.c line 4826 function main
Unwinding loop 1  iteration  10   file Problem04_label27.c line 4826 function main
Unwinding loop 1  iteration  11   file Problem04_label27.c line 4826 function main
Unwinding loop 1  iteration  12   file Problem04_label27.c line 4826 function main
Unwinding loop 1  iteration  13   file Problem04_label27.c line 4826 function main
Unwinding loop 1  iteration  14   file Problem04_label27.c line 4826 function main
Unwinding loop 1  iteration  15   file Problem04_label27.c line 4826 function main
Unwinding loop 1  iteration  16   file Problem04_label27.c line 4826 function main
Unwinding loop 1  iteration  17   file Problem04_label27.c line 4826 function main
Unwinding loop 1  iteration  18   file Problem04_label27.c line 4826 function main
Unwinding loop 1  iteration  19   file Problem04_label27.c line 4826 function main
Unwinding loop 1  iteration  20   file Problem04_label27.c line 4826 function main
Not unwinding 
Symex completed in: 17.060s (267660 assignments)
Slicing time: 2.494s (removed 110512 assignments)
Generated 19 VCC(s), 19 remaining after simplification (157148 assignments)
No solver specified; defaulting to Boolector
Encoding remaining VCC(s) using bit-vector/floating-point arithmetic
Encoding to solver time: 3.280s
Solving with solver Boolector 3.2.2
Encoding to solver time: 3.280s
Runtime decision procedure: 50.708s
Building error trace

Counterexample:

State 1 file Problem04_label27.c line 4830 function main thread 0
----------------------------------------------------
  input = 2 (00000000 00000000 00000000 00000010)

State 2 file Problem04_label27.c line 4830 function main thread 0
----------------------------------------------------
  input = 4 (00000000 00000000 00000000 00000100)

State 3 file Problem04_label27.c line 4830 function main thread 0
----------------------------------------------------
  input = 4 (00000000 00000000 00000000 00000100)

State 4 file Problem04_label27.c line 4830 function main thread 0
----------------------------------------------------
  input = 2 (00000000 00000000 00000000 00000010)

State 5 file Problem04_label27.c line 4830 function main thread 0
----------------------------------------------------
  input = 3 (00000000 00000000 00000000 00000011)

State 6 file Problem04_label27.c line 4830 function main thread 0
----------------------------------------------------
  input = 4 (00000000 00000000 00000000 00000100)

State 7 file Problem04_label27.c line 4830 function main thread 0
----------------------------------------------------
  input = 4 (00000000 00000000 00000000 00000100)

State 8 file Problem04_label27.c line 4830 function main thread 0
----------------------------------------------------
  input = 2 (00000000 00000000 00000000 00000010)

State 9 file Problem04_label27.c line 4830 function main thread 0
----------------------------------------------------
  input = 4 (00000000 00000000 00000000 00000100)

State 10 file Problem04_label27.c line 4830 function main thread 0
----------------------------------------------------
  input = 1 (00000000 00000000 00000000 00000001)

State 11 file Problem04_label27.c line 4830 function main thread 0
----------------------------------------------------
  input = 5 (00000000 00000000 00000000 00000101)

State 12 file Problem04_label27.c line 4830 function main thread 0
----------------------------------------------------
  input = 4 (00000000 00000000 00000000 00000100)

State 13 file Problem04_label27.c line 4830 function main thread 0
----------------------------------------------------
  input = 3 (00000000 00000000 00000000 00000011)

State 14 file Problem04_label27.c line 4830 function main thread 0
----------------------------------------------------
  input = 6 (00000000 00000000 00000000 00000110)

State 15 file Problem04_label27.c line 4830 function main thread 0
----------------------------------------------------
  input = 1 (00000000 00000000 00000000 00000001)

State 16 file Problem04_label27.c line 4830 function main thread 0
----------------------------------------------------
  input = 2 (00000000 00000000 00000000 00000010)

State 17 file Problem04_label27.c line 4830 function main thread 0
----------------------------------------------------
  input = 1 (00000000 00000000 00000000 00000001)

State 18 file Problem04_label27.c line 15 function reach_error thread 0
----------------------------------------------------
Violated property:
  file Problem04_label27.c line 15 function reach_error
  assertion 0
  0


VERIFICATION FAILED

Bug found (k = 21)


FALSE_REACH
