./esbmc-wrapper.py -p ../sv-benchmarks/c/properties/unreach-call.prp -s kinduction --arch 32 ../sv-benchmarks/c/pthread-divine/barrier_2t.i


--------------------------------------------------------------------------------


Found pthread benchmark!
Verifying with ESBMC
Command: ./esbmc --no-div-by-zero-check --force-malloc-success --state-hashing --add-symex-value-sets --no-align-check --k-step 5 --floatbv --unlimited-k-steps ../sv-benchmarks/c/pthread-divine/barrier_2t.i --32  --no-por --context-bound 2 --no-goto-merge --witness-output barrier_2t.i.graphml --no-pointer-check --no-bounds-check --goto-unwind --unlimited-goto-unwind --incremental-bmc 
ESBMC version 6.8.0 64-bit x86_64 linux
Target: 32-bit little-endian x86_64-unknown-linux with esbmc libc
file ../sv-benchmarks/c/pthread-divine/barrier_2t.i: Parsing
Converting
Generating GOTO Program
GOTO program creation time: 0.132s
GOTO program processing time: 0.007s
*** Checking base case, k = 1
Starting Bounded Model Checking
Not unwinding 
Not unwinding 
Not unwinding 
Not unwinding 
Not unwinding 
Symex completed in: 0.265s (379 assignments)
Slicing time: 0.002s (removed 169 assignments)
Generated 9 VCC(s), 9 remaining after simplification (210 assignments)
No solver specified; defaulting to Boolector
Encoding remaining VCC(s) using bit-vector/floating-point arithmetic
Encoding to solver time: 0.029s
Solving with solver Boolector 3.2.2
Encoding to solver time: 0.029s
Runtime decision procedure: 0.000s
BMC program time: 0.297s
*** Thread interleavings 2 ***
Not unwinding 
Not unwinding 
Not unwinding 
Not unwinding 
Not unwinding 
Symex completed in: 0.186s (341 assignments)
Slicing time: 0.001s (removed 172 assignments)
Generated 9 VCC(s), 9 remaining after simplification (169 assignments)
No solver specified; defaulting to Boolector
Encoding remaining VCC(s) using bit-vector/floating-point arithmetic
Encoding to solver time: 0.020s
Solving with solver Boolector 3.2.2
Encoding to solver time: 0.020s
Runtime decision procedure: 0.000s
BMC program time: 0.211s
*** Thread interleavings 3 ***
Not unwinding 
Not unwinding 
Not unwinding 
Not unwinding 
Not unwinding 
Symex completed in: 0.117s (342 assignments)
Slicing time: 0.001s (removed 172 assignments)
Generated 9 VCC(s), 9 remaining after simplification (170 assignments)
No solver specified; defaulting to Boolector
Encoding remaining VCC(s) using bit-vector/floating-point arithmetic
Encoding to solver time: 0.029s
Solving with solver Boolector 3.2.2
Encoding to solver time: 0.029s
Runtime decision procedure: 0.000s
BMC program time: 0.155s
*** Thread interleavings 4 ***
Not unwinding 
Not unwinding 
Not unwinding 
Not unwinding 
Not unwinding 
Symex completed in: 0.185s (344 assignments)
Slicing time: 0.002s (removed 173 assignments)
Generated 9 VCC(s), 9 remaining after simplification (171 assignments)
No solver specified; defaulting to Boolector
Encoding remaining VCC(s) using bit-vector/floating-point arithmetic
Encoding to solver time: 0.030s
Solving with solver Boolector 3.2.2
Encoding to solver time: 0.030s
Runtime decision procedure: 0.000s
BMC program time: 0.224s
*** Thread interleavings 5 ***
Not unwinding 
Not unwinding 
Not unwinding 
Not unwinding 
Not unwinding 
Symex completed in: 0.180s (345 assignments)
Slicing time: 0.001s (removed 173 assignments)
Generated 9 VCC(s), 9 remaining after simplification (172 assignments)
No solver specified; defaulting to Boolector
Encoding remaining VCC(s) using bit-vector/floating-point arithmetic
Encoding to solver time: 0.032s
Solving with solver Boolector 3.2.2
Encoding to solver time: 0.032s
Runtime decision procedure: 0.000s
BMC program time: 0.221s
*** Thread interleavings 6 ***
Not unwinding 
Not unwinding 
Not unwinding 
Not unwinding 
Not unwinding 
Symex completed in: 0.172s (346 assignments)
Slicing time: 0.002s (removed 173 assignments)
Generated 9 VCC(s), 9 remaining after simplification (173 assignments)
No solver specified; defaulting to Boolector
Encoding remaining VCC(s) using bit-vector/floating-point arithmetic
Encoding to solver time: 0.033s
Solving with solver Boolector 3.2.2
Encoding to solver time: 0.033s
Runtime decision procedure: 0.000s
BMC program time: 0.214s
*** Thread interleavings 7 ***
Not unwinding 
Not unwinding 
Not unwinding 
Not unwinding 
Not unwinding 
Symex completed in: 0.171s (347 assignments)
Slicing time: 0.002s (removed 173 assignments)
Generated 9 VCC(s), 9 remaining after simplification (174 assignments)
No solver specified; defaulting to Boolector
Encoding remaining VCC(s) using bit-vector/floating-point arithmetic
Encoding to solver time: 0.033s
Solving with solver Boolector 3.2.2
Encoding to solver time: 0.033s
Runtime decision procedure: 0.000s
BMC program time: 0.213s
*** Thread interleavings 8 ***
Not unwinding 
Not unwinding 
Not unwinding 
Not unwinding 
Not unwinding 
Symex completed in: 0.172s (348 assignments)
Slicing time: 0.002s (removed 173 assignments)
Generated 9 VCC(s), 9 remaining after simplification (175 assignments)
No solver specified; defaulting to Boolector
Encoding remaining VCC(s) using bit-vector/floating-point arithmetic
Encoding to solver time: 0.033s
Solving with solver Boolector 3.2.2
Encoding to solver time: 0.033s
Runtime decision procedure: 0.000s
BMC program time: 0.214s
*** Thread interleavings 9 ***
Not unwinding 
Not unwinding 
Not unwinding 
Not unwinding 
Not unwinding 
Symex completed in: 0.169s (350 assignments)
Slicing time: 0.002s (removed 174 assignments)
Generated 9 VCC(s), 9 remaining after simplification (176 assignments)
No solver specified; defaulting to Boolector
Encoding remaining VCC(s) using bit-vector/floating-point arithmetic
Encoding to solver time: 0.032s
Solving with solver Boolector 3.2.2
Encoding to solver time: 0.032s
Runtime decision procedure: 0.000s
BMC program time: 0.212s
*** Thread interleavings 10 ***
Not unwinding 
Not unwinding 
Not unwinding 
Not unwinding 
Symex completed in: 0.157s (351 assignments)
Slicing time: 0.001s (removed 174 assignments)
Generated 9 VCC(s), 9 remaining after simplification (177 assignments)
No solver specified; defaulting to Boolector
Encoding remaining VCC(s) using bit-vector/floating-point arithmetic
Encoding to solver time: 0.034s
Solving with solver Boolector 3.2.2
Encoding to solver time: 0.034s
Runtime decision procedure: 0.000s
BMC program time: 0.200s
*** Thread interleavings 11 ***
Not unwinding 
Not unwinding 
Not unwinding 
Not unwinding 
Symex completed in: 0.148s (352 assignments)
Slicing time: 0.002s (removed 174 assignments)
Generated 9 VCC(s), 9 remaining after simplification (178 assignments)
No solver specified; defaulting to Boolector
Encoding remaining VCC(s) using bit-vector/floating-point arithmetic
Encoding to solver time: 0.034s
Solving with solver Boolector 3.2.2
Encoding to solver time: 0.034s
Runtime decision procedure: 0.000s
BMC program time: 0.191s
*** Thread interleavings 12 ***
Not unwinding 
Not unwinding 
Not unwinding 
Not unwinding 
Symex completed in: 0.138s (353 assignments)
Slicing time: 0.002s (removed 174 assignments)
Generated 9 VCC(s), 9 remaining after simplification (179 assignments)
No solver specified; defaulting to Boolector
Encoding remaining VCC(s) using bit-vector/floating-point arithmetic
Encoding to solver time: 0.033s
Solving with solver Boolector 3.2.2
Encoding to solver time: 0.033s
Runtime decision procedure: 0.000s
BMC program time: 0.180s
*** Thread interleavings 13 ***
Not unwinding 
Not unwinding 
Not unwinding 
Not unwinding 
Symex completed in: 0.136s (354 assignments)
Slicing time: 0.001s (removed 174 assignments)
Generated 9 VCC(s), 9 remaining after simplification (180 assignments)
No solver specified; defaulting to Boolector
Encoding remaining VCC(s) using bit-vector/floating-point arithmetic
Encoding to solver time: 0.032s
Solving with solver Boolector 3.2.2
Encoding to solver time: 0.032s
Runtime decision procedure: 0.000s
BMC program time: 0.177s
*** Thread interleavings 14 ***
Not unwinding 
Not unwinding 
Not unwinding 
Not unwinding 
Symex completed in: 0.136s (355 assignments)
Slicing time: 0.002s (removed 174 assignments)
Generated 9 VCC(s), 9 remaining after simplification (181 assignments)
No solver specified; defaulting to Boolector
Encoding remaining VCC(s) using bit-vector/floating-point arithmetic
Encoding to solver time: 0.033s
Solving with solver Boolector 3.2.2
Encoding to solver time: 0.033s
Runtime decision procedure: 0.000s
BMC program time: 0.177s
*** Thread interleavings 15 ***
Not unwinding 
Not unwinding 
Not unwinding 
Not unwinding 
Symex completed in: 0.127s (356 assignments)
Slicing time: 0.002s (removed 174 assignments)
Generated 9 VCC(s), 9 remaining after simplification (182 assignments)
No solver specified; defaulting to Boolector
Encoding remaining VCC(s) using bit-vector/floating-point arithmetic
Encoding to solver time: 0.031s
Solving with solver Boolector 3.2.2
Encoding to solver time: 0.031s
Runtime decision procedure: 0.000s
BMC program time: 0.169s
*** Thread interleavings 16 ***
Not unwinding 
Not unwinding 
Not unwinding 
Symex completed in: 0.122s (355 assignments)
Slicing time: 0.002s (removed 172 assignments)
Generated 9 VCC(s), 9 remaining after simplification (183 assignments)
No solver specified; defaulting to Boolector
Encoding remaining VCC(s) using bit-vector/floating-point arithmetic
Encoding to solver time: 0.032s
Solving with solver Boolector 3.2.2
Encoding to solver time: 0.032s
Runtime decision procedure: 0.000s
BMC program time: 0.162s
*** Thread interleavings 17 ***
Not unwinding 
Not unwinding 
Not unwinding 
Symex completed in: 0.107s (355 assignments)
Slicing time: 0.002s (removed 173 assignments)
Generated 8 VCC(s), 8 remaining after simplification (182 assignments)
No solver specified; defaulting to Boolector
Encoding remaining VCC(s) using bit-vector/floating-point arithmetic
Encoding to solver time: 0.033s
Solving with solver Boolector 3.2.2
Encoding to solver time: 0.033s
Runtime decision procedure: 0.000s
BMC program time: 0.149s
*** Thread interleavings 18 ***
Not unwinding 
Not unwinding 
Not unwinding 
Symex completed in: 0.107s (355 assignments)
Slicing time: 0.002s (removed 174 assignments)
Generated 7 VCC(s), 7 remaining after simplification (181 assignments)
No solver specified; defaulting to Boolector
Encoding remaining VCC(s) using bit-vector/floating-point arithmetic
Encoding to solver time: 0.031s
Solving with solver Boolector 3.2.2
Encoding to solver time: 0.031s
Runtime decision procedure: 0.000s
BMC program time: 0.149s
*** Thread interleavings 19 ***
Not unwinding 
Not unwinding 
Not unwinding 
Symex completed in: 0.104s (355 assignments)
Slicing time: 0.002s (removed 177 assignments)
Generated 6 VCC(s), 6 remaining after simplification (178 assignments)
No solver specified; defaulting to Boolector
Encoding remaining VCC(s) using bit-vector/floating-point arithmetic
Encoding to solver time: 0.032s
Solving with solver Boolector 3.2.2
Encoding to solver time: 0.032s
Runtime decision procedure: 0.000s
BMC program time: 0.145s
*** Thread interleavings 20 ***
Not unwinding 
Not unwinding 
Not unwinding 
Symex completed in: 0.098s (357 assignments)
Slicing time: 0.002s (removed 178 assignments)
Generated 6 VCC(s), 6 remaining after simplification (179 assignments)
No solver specified; defaulting to Boolector
Encoding remaining VCC(s) using bit-vector/floating-point arithmetic
Encoding to solver time: 0.036s
Solving with solver Boolector 3.2.2
Encoding to solver time: 0.036s
Runtime decision procedure: 0.000s
BMC program time: 0.143s
*** Thread interleavings 21 ***
Not unwinding 
Not unwinding 
Not unwinding 
Symex completed in: 0.099s (358 assignments)
Slicing time: 0.002s (removed 178 assignments)
Generated 6 VCC(s), 6 remaining after simplification (180 assignments)
No solver specified; defaulting to Boolector
Encoding remaining VCC(s) using bit-vector/floating-point arithmetic
Encoding to solver time: 0.031s
Solving with solver Boolector 3.2.2
Encoding to solver time: 0.031s
Runtime decision procedure: 0.000s
BMC program time: 0.143s
*** Thread interleavings 22 ***
Not unwinding 
Not unwinding 
Not unwinding 
Symex completed in: 0.081s (359 assignments)
Slicing time: 0.002s (removed 178 assignments)
Generated 6 VCC(s), 6 remaining after simplification (181 assignments)
No solver specified; defaulting to Boolector
Encoding remaining VCC(s) using bit-vector/floating-point arithmetic
Encoding to solver time: 0.031s
Solving with solver Boolector 3.2.2
Encoding to solver time: 0.031s
Runtime decision procedure: 0.000s
BMC program time: 0.121s
*** Thread interleavings 23 ***
Not unwinding 
Not unwinding 
Not unwinding 
Symex completed in: 0.082s (360 assignments)
Slicing time: 0.002s (removed 178 assignments)
Generated 6 VCC(s), 6 remaining after simplification (182 assignments)
No solver specified; defaulting to Boolector
Encoding remaining VCC(s) using bit-vector/floating-point arithmetic
Encoding to solver time: 0.031s
Solving with solver Boolector 3.2.2
Encoding to solver time: 0.031s
Runtime decision procedure: 0.000s
BMC program time: 0.124s
*** Thread interleavings 24 ***
Not unwinding 
Not unwinding 
Not unwinding 
Symex completed in: 0.089s (361 assignments)
Slicing time: 0.001s (removed 178 assignments)
Generated 6 VCC(s), 6 remaining after simplification (183 assignments)
No solver specified; defaulting to Boolector
Encoding remaining VCC(s) using bit-vector/floating-point arithmetic
Encoding to solver time: 0.033s
Solving with solver Boolector 3.2.2
Encoding to solver time: 0.033s
Runtime decision procedure: 0.000s
BMC program time: 0.130s
*** Thread interleavings 25 ***
Not unwinding 
Not unwinding 
Not unwinding 
Symex completed in: 0.078s (363 assignments)
Slicing time: 0.002s (removed 179 assignments)
Generated 6 VCC(s), 6 remaining after simplification (184 assignments)
No solver specified; defaulting to Boolector
Encoding remaining VCC(s) using bit-vector/floating-point arithmetic
Encoding to solver time: 0.032s
Solving with solver Boolector 3.2.2
Encoding to solver time: 0.032s
Runtime decision procedure: 0.000s
BMC program time: 0.119s
*** Thread interleavings 26 ***
Not unwinding 
Not unwinding 
Symex completed in: 0.072s (364 assignments)
Slicing time: 0.002s (removed 179 assignments)
Generated 6 VCC(s), 6 remaining after simplification (185 assignments)
No solver specified; defaulting to Boolector
Encoding remaining VCC(s) using bit-vector/floating-point arithmetic
Encoding to solver time: 0.033s
Solving with solver Boolector 3.2.2
Encoding to solver time: 0.033s
Runtime decision procedure: 0.000s
BMC program time: 0.114s
*** Thread interleavings 27 ***
Not unwinding 
Not unwinding 
Symex completed in: 0.061s (365 assignments)
Slicing time: 0.002s (removed 179 assignments)
Generated 6 VCC(s), 6 remaining after simplification (186 assignments)
No solver specified; defaulting to Boolector
Encoding remaining VCC(s) using bit-vector/floating-point arithmetic
Encoding to solver time: 0.033s
Solving with solver Boolector 3.2.2
Encoding to solver time: 0.033s
Runtime decision procedure: 0.000s
BMC program time: 0.102s
*** Thread interleavings 28 ***
Not unwinding 
Not unwinding 
Symex completed in: 0.051s (366 assignments)
Slicing time: 0.002s (removed 179 assignments)
Generated 6 VCC(s), 6 remaining after simplification (187 assignments)
No solver specified; defaulting to Boolector
Encoding remaining VCC(s) using bit-vector/floating-point arithmetic
Encoding to solver time: 0.033s
Solving with solver Boolector 3.2.2
Encoding to solver time: 0.033s
Runtime decision procedure: 0.000s
BMC program time: 0.092s
*** Thread interleavings 29 ***
Not unwinding 
Not unwinding 
Symex completed in: 0.050s (367 assignments)
Slicing time: 0.002s (removed 179 assignments)
Generated 6 VCC(s), 6 remaining after simplification (188 assignments)
No solver specified; defaulting to Boolector
Encoding remaining VCC(s) using bit-vector/floating-point arithmetic
Encoding to solver time: 0.034s
Solving with solver Boolector 3.2.2
Encoding to solver time: 0.034s
Runtime decision procedure: 0.000s
BMC program time: 0.092s
*** Thread interleavings 30 ***
Not unwinding 
Not unwinding 
Symex completed in: 0.052s (368 assignments)
Slicing time: 0.002s (removed 179 assignments)
Generated 6 VCC(s), 6 remaining after simplification (189 assignments)
No solver specified; defaulting to Boolector
Encoding remaining VCC(s) using bit-vector/floating-point arithmetic
Encoding to solver time: 0.033s
Solving with solver Boolector 3.2.2
Encoding to solver time: 0.033s
Runtime decision procedure: 0.000s
BMC program time: 0.093s
*** Thread interleavings 31 ***
Not unwinding 
Not unwinding 
Symex completed in: 0.039s (369 assignments)
Slicing time: 0.002s (removed 176 assignments)
Generated 6 VCC(s), 6 remaining after simplification (193 assignments)
No solver specified; defaulting to Boolector
Encoding remaining VCC(s) using bit-vector/floating-point arithmetic
Encoding to solver time: 0.032s
Solving with solver Boolector 3.2.2
Encoding to solver time: 0.032s
Runtime decision procedure: 0.000s
BMC program time: 0.079s
*** Thread interleavings 32 ***
Not unwinding 
Symex completed in: 0.031s (368 assignments)
Slicing time: 0.002s (removed 174 assignments)
Generated 6 VCC(s), 6 remaining after simplification (194 assignments)
No solver specified; defaulting to Boolector
Encoding remaining VCC(s) using bit-vector/floating-point arithmetic
Encoding to solver time: 0.032s
Solving with solver Boolector 3.2.2
Encoding to solver time: 0.032s
Runtime decision procedure: 0.000s
BMC program time: 0.070s
*** Thread interleavings 33 ***
Not unwinding 
Symex completed in: 0.013s (367 assignments)
Slicing time: 0.002s (removed 176 assignments)
Generated 4 VCC(s), 4 remaining after simplification (191 assignments)
No solver specified; defaulting to Boolector
Encoding remaining VCC(s) using bit-vector/floating-point arithmetic
Encoding to solver time: 0.031s
Solving with solver Boolector 3.2.2
Encoding to solver time: 0.031s
Runtime decision procedure: 0.000s
BMC program time: 0.052s
*** Thread interleavings 34 ***
Not unwinding 
Symex completed in: 0.011s (366 assignments)
Slicing time: 0.002s (removed 180 assignments)
Generated 2 VCC(s), 2 remaining after simplification (186 assignments)
No solver specified; defaulting to Boolector
Encoding remaining VCC(s) using bit-vector/floating-point arithmetic
Encoding to solver time: 0.032s
Solving with solver Boolector 3.2.2
Encoding to solver time: 0.032s
Runtime decision procedure: 0.000s
BMC program time: 0.050s
*** Thread interleavings 35 ***
Not unwinding 
Symex completed in: 0.009s (366 assignments)
Slicing time: 0.002s (removed 185 assignments)
Generated 1 VCC(s), 1 remaining after simplification (181 assignments)
No solver specified; defaulting to Boolector
Encoding remaining VCC(s) using bit-vector/floating-point arithmetic
Encoding to solver time: 0.031s
Solving with solver Boolector 3.2.2
Encoding to solver time: 0.031s
Runtime decision procedure: 0.000s
BMC program time: 0.048s
*** Thread interleavings 36 ***
Not unwinding 
Symex completed in: 0.009s (367 assignments)
Slicing time: 0.002s (removed 185 assignments)
Generated 1 VCC(s), 1 remaining after simplification (182 assignments)
No solver specified; defaulting to Boolector
Encoding remaining VCC(s) using bit-vector/floating-point arithmetic
Encoding to solver time: 0.032s
Solving with solver Boolector 3.2.2
Encoding to solver time: 0.032s
Runtime decision procedure: 0.000s
BMC program time: 0.048s
*** Thread interleavings 37 ***
Not unwinding 
Symex completed in: 0.004s (366 assignments)
Slicing time: 0.001s (removed 197 assignments)
Generated 0 VCC(s), 0 remaining after simplification (169 assignments)
BMC program time: 0.006s
No bug has been found in the base case
*** Checking forward condition, k = 1
Starting Bounded Model Checking
Not unwinding 
Not unwinding 
Not unwinding 
Not unwinding 
Not unwinding 
Symex completed in: 0.323s (370 assignments)
Slicing time: 0.002s (removed 188 assignments)
Generated 5 VCC(s), 5 remaining after simplification (182 assignments)
No solver specified; defaulting to Boolector
Encoding remaining VCC(s) using bit-vector/floating-point arithmetic
Encoding to solver time: 0.026s
Solving with solver Boolector 3.2.2
Encoding to solver time: 0.026s
Runtime decision procedure: 0.016s
The forward condition is unable to prove the property
*** Checking base case, k = 6
Starting Bounded Model Checking
Unwinding loop 3  iteration  1   file barrier_2t.i line 794 function main
Unwinding loop 1  iteration  1   file barrier_2t.i line 722 function barrier_wait
Unwinding loop 1  iteration  2   file barrier_2t.i line 722 function barrier_wait
Unwinding loop 1  iteration  3   file barrier_2t.i line 722 function barrier_wait
Unwinding loop 1  iteration  4   file barrier_2t.i line 722 function barrier_wait
Unwinding loop 1  iteration  5   file barrier_2t.i line 722 function barrier_wait
Not unwinding 
Unwinding loop 2  iteration  1   file barrier_2t.i line 734 function barrier_wait
Unwinding loop 2  iteration  2   file barrier_2t.i line 734 function barrier_wait
Unwinding loop 2  iteration  3   file barrier_2t.i line 734 function barrier_wait
Unwinding loop 2  iteration  4   file barrier_2t.i line 734 function barrier_wait
Unwinding loop 2  iteration  5   file barrier_2t.i line 734 function barrier_wait
Not unwinding 
Unwinding loop 1  iteration  1   file barrier_2t.i line 722 function barrier_wait
Unwinding loop 1  iteration  2   file barrier_2t.i line 722 function barrier_wait
Unwinding loop 1  iteration  3   file barrier_2t.i line 722 function barrier_wait
Unwinding loop 1  iteration  4   file barrier_2t.i line 722 function barrier_wait
Unwinding loop 1  iteration  5   file barrier_2t.i line 722 function barrier_wait
Not unwinding 
Unwinding loop 2  iteration  1   file barrier_2t.i line 734 function barrier_wait
Unwinding loop 2  iteration  2   file barrier_2t.i line 734 function barrier_wait
Unwinding loop 2  iteration  3   file barrier_2t.i line 734 function barrier_wait
Unwinding loop 2  iteration  4   file barrier_2t.i line 734 function barrier_wait
Unwinding loop 2  iteration  5   file barrier_2t.i line 734 function barrier_wait
Not unwinding 
Unwinding loop 4  iteration  1   file barrier_2t.i line 797 function main
Unwinding loop 1  iteration  1   file barrier_2t.i line 722 function barrier_wait
Unwinding loop 1  iteration  2   file barrier_2t.i line 722 function barrier_wait
Unwinding loop 1  iteration  3   file barrier_2t.i line 722 function barrier_wait
Unwinding loop 1  iteration  4   file barrier_2t.i line 722 function barrier_wait
Unwinding loop 1  iteration  5   file barrier_2t.i line 722 function barrier_wait
Not unwinding 
Unwinding loop 2  iteration  1   file barrier_2t.i line 734 function barrier_wait
Unwinding loop 2  iteration  2   file barrier_2t.i line 734 function barrier_wait
Unwinding loop 2  iteration  3   file barrier_2t.i line 734 function barrier_wait
Unwinding loop 2  iteration  4   file barrier_2t.i line 734 function barrier_wait
Unwinding loop 2  iteration  5   file barrier_2t.i line 734 function barrier_wait
Not unwinding 
Unwinding loop 1  iteration  1   file barrier_2t.i line 722 function barrier_wait
Unwinding loop 1  iteration  2   file barrier_2t.i line 722 function barrier_wait
Unwinding loop 1  iteration  3   file barrier_2t.i line 722 function barrier_wait
Unwinding loop 1  iteration  4   file barrier_2t.i line 722 function barrier_wait
Unwinding loop 1  iteration  5   file barrier_2t.i line 722 function barrier_wait
Not unwinding 
Unwinding loop 2  iteration  1   file barrier_2t.i line 734 function barrier_wait
Unwinding loop 2  iteration  2   file barrier_2t.i line 734 function barrier_wait
Unwinding loop 2  iteration  3   file barrier_2t.i line 734 function barrier_wait
Unwinding loop 2  iteration  4   file barrier_2t.i line 734 function barrier_wait
Unwinding loop 2  iteration  5   file barrier_2t.i line 734 function barrier_wait
Not unwinding 
Symex completed in: 9.025s (2129 assignments)
Slicing time: 0.030s (removed 744 assignments)
Generated 27 VCC(s), 27 remaining after simplification (1385 assignments)
No solver specified; defaulting to Boolector
Encoding remaining VCC(s) using bit-vector/floating-point arithmetic
Encoding to solver time: 0.209s
Solving with solver Boolector 3.2.2
Encoding to solver time: 0.209s
Runtime decision procedure: 0.000s
BMC program time: 9.265s
*** Thread interleavings 2 ***
Unwinding loop 4  iteration  1   file barrier_2t.i line 797 function main
Unwinding loop 1  iteration  1   file barrier_2t.i line 722 function barrier_wait
Unwinding loop 1  iteration  2   file barrier_2t.i line 722 function barrier_wait
Unwinding loop 1  iteration  3   file barrier_2t.i line 722 function barrier_wait
Unwinding loop 1  iteration  4   file barrier_2t.i line 722 function barrier_wait
Unwinding loop 1  iteration  5   file barrier_2t.i line 722 function barrier_wait
Not unwinding 
Unwinding loop 2  iteration  1   file barrier_2t.i line 734 function barrier_wait
Unwinding loop 2  iteration  2   file barrier_2t.i line 734 function barrier_wait
Unwinding loop 2  iteratio
../sv-benchmarks/c/pthread-divine/barrier_2t.i:510:12: warning: declaration of built-in function '__sigsetjmp' requires the declaration of the 'jmp_buf' type, commonly provided in the header <setjmp.h>. [-Wincomplete-setjmp-declaration]
extern int __sigsetjmp (struct __jmp_buf_tag *__env, int __savemask) __attribute__ ((__nothrow__));
           ^
There are goto statements that shouldn't be merged at this point

Unknown
