./esbmc-wrapper.py -p ../sv-benchmarks/c/properties/unreach-call.prp -s kinduction --arch 32 ../sv-benchmarks/c/eca-rers2012/Problem04_label55.c


--------------------------------------------------------------------------------


Verifying with ESBMC
Command: ./esbmc --no-div-by-zero-check --force-malloc-success --state-hashing --add-symex-value-sets --no-align-check --k-step 5 --floatbv --unlimited-k-steps ../sv-benchmarks/c/eca-rers2012/Problem04_label55.c --32 --witness-output Problem04_label55.c.graphml --no-pointer-check --no-bounds-check --interval-analysis --goto-unwind --unlimited-goto-unwind --k-induction --max-inductive-step 3 
ESBMC version 6.8.0 64-bit x86_64 linux
Target: 32-bit little-endian x86_64-unknown-linux with esbmc libc
file ../sv-benchmarks/c/eca-rers2012/Problem04_label55.c: Parsing
Converting
Generating GOTO Program
GOTO program creation time: 1.239s
GOTO program processing time: 0.540s
*** Checking base case, k = 1
Starting Bounded Model Checking
Not unwinding 
Symex completed in: 0.162s (1600 assignments)
Slicing time: 0.003s (removed 1596 assignments)
Generated 0 VCC(s), 0 remaining after simplification (4 assignments)
BMC program time: 0.165s
No bug has been found in the base case
*** Checking forward condition, k = 1
Starting Bounded Model Checking
Not unwinding 
Symex completed in: 0.187s (1600 assignments)
Slicing time: 0.003s (removed 1596 assignments)
Generated 1 VCC(s), 1 remaining after simplification (4 assignments)
No solver specified; defaulting to Boolector
Encoding remaining VCC(s) using bit-vector/floating-point arithmetic
Encoding to solver time: 0.000s
Solving with solver Boolector 3.2.2
Encoding to solver time: 0.000s
Runtime decision procedure: 0.004s
The forward condition is unable to prove the property
*** Checking base case, k = 6
Starting Bounded Model Checking
Unwinding loop 1  iteration  1   file Problem04_label55.c line 4826 function main
Unwinding loop 1  iteration  2   file Problem04_label55.c line 4826 function main
Unwinding loop 1  iteration  3   file Problem04_label55.c line 4826 function main
Unwinding loop 1  iteration  4   file Problem04_label55.c line 4826 function main
Unwinding loop 1  iteration  5   file Problem04_label55.c line 4826 function main
Not unwinding 
Symex completed in: 4.196s (60120 assignments)
Slicing time: 0.727s (removed 29676 assignments)
Generated 5 VCC(s), 5 remaining after simplification (30444 assignments)
No solver specified; defaulting to Boolector
Encoding remaining VCC(s) using bit-vector/floating-point arithmetic
Encoding to solver time: 0.811s
Solving with solver Boolector 3.2.2
Encoding to solver time: 0.811s
Runtime decision procedure: 3.662s
BMC program time: 9.397s
No bug has been found in the base case
*** Checking forward condition, k = 6
Starting Bounded Model Checking
Unwinding loop 1  iteration  1   file Problem04_label55.c line 4826 function main
Unwinding loop 1  iteration  2   file Problem04_label55.c line 4826 function main
Unwinding loop 1  iteration  3   file Problem04_label55.c line 4826 function main
Unwinding loop 1  iteration  4   file Problem04_label55.c line 4826 function main
Unwinding loop 1  iteration  5   file Problem04_label55.c line 4826 function main
Not unwinding 
Symex completed in: 5.350s (60115 assignments)
Slicing time: 0.815s (removed 29676 assignments)
Generated 1 VCC(s), 1 remaining after simplification (30439 assignments)
No solver specified; defaulting to Boolector
Encoding remaining VCC(s) using bit-vector/floating-point arithmetic
Encoding to solver time: 0.777s
Solving with solver Boolector 3.2.2
Encoding to solver time: 0.777s
Runtime decision procedure: 3.736s
The forward condition is unable to prove the property
*** Checking base case, k = 11
Starting Bounded Model Checking
Unwinding loop 1  iteration  1   file Problem04_label55.c line 4826 function main
Unwinding loop 1  iteration  2   file Problem04_label55.c line 4826 function main
Unwinding loop 1  iteration  3   file Problem04_label55.c line 4826 function main
Unwinding loop 1  iteration  4   file Problem04_label55.c line 4826 function main
Unwinding loop 1  iteration  5   file Problem04_label55.c line 4826 function main
Unwinding loop 1  iteration  6   file Problem04_label55.c line 4826 function main
Unwinding loop 1  iteration  7   file Problem04_label55.c line 4826 function main
Unwinding loop 1  iteration  8   file Problem04_label55.c line 4826 function main
Unwinding loop 1  iteration  9   file Problem04_label55.c line 4826 function main
Unwinding loop 1  iteration  10   file Problem04_label55.c line 4826 function main
Not unwinding 
Symex completed in: 10.792s (129300 assignments)
Slicing time: 1.917s (removed 56621 assignments)
Generated 10 VCC(s), 10 remaining after simplification (72679 assignments)
No solver specified; defaulting to Boolector
Encoding remaining VCC(s) using bit-vector/floating-point arithmetic
Encoding to solver time: 1.858s
Solving with solver Boolector 3.2.2
Encoding to solver time: 1.858s
Runtime decision procedure: 14.797s
BMC program time: 29.365s
No bug has been found in the base case
*** Checking forward condition, k = 11
Starting Bounded Model Checking
Unwinding loop 1  iteration  1   file Problem04_label55.c line 4826 function main
Unwinding loop 1  iteration  2   file Problem04_label55.c line 4826 function main
Unwinding loop 1  iteration  3   file Problem04_label55.c line 4826 function main
Unwinding loop 1  iteration  4   file Problem04_label55.c line 4826 function main
Unwinding loop 1  iteration  5   file Problem04_label55.c line 4826 function main
Unwinding loop 1  iteration  6   file Problem04_label55.c line 4826 function main
Unwinding loop 1  iteration  7   file Problem04_label55.c line 4826 function main
Unwinding loop 1  iteration  8   file Problem04_label55.c line 4826 function main
Unwinding loop 1  iteration  9   file Problem04_label55.c line 4826 function main
Unwinding loop 1  iteration  10   file Problem04_label55.c line 4826 function main
Not unwinding 
Symex completed in: 11.511s (129290 assignments)
Slicing time: 1.891s (removed 56621 assignments)
Generated 1 VCC(s), 1 remaining after simplification (72669 assignments)
No solver specified; defaulting to Boolector
Encoding remaining VCC(s) using bit-vector/floating-point arithmetic
Encoding to solver time: 1.988s
Solving with solver Boolector 3.2.2
Encoding to solver time: 1.988s
Runtime decision procedure: 11.354s
The forward condition is unable to prove the property
*** Checking base case, k = 16
Starting Bounded Model Checking
Unwinding loop 1  iteration  1   file Problem04_label55.c line 4826 function main
Unwinding loop 1  iteration  2   file Problem04_label55.c line 4826 function main
Unwinding loop 1  iteration  3   file Problem04_label55.c line 4826 function main
Unwinding loop 1  iteration  4   file Problem04_label55.c line 4826 function main
Unwinding loop 1  iteration  5   file Problem04_label55.c line 4826 function main
Unwinding loop 1  iteration  6   file Problem04_label55.c line 4826 function main
Unwinding loop 1  iteration  7   file Problem04_label55.c line 4826 function main
Unwinding loop 1  iteration  8   file Problem04_label55.c line 4826 function main
Unwinding loop 1  iteration  9   file Problem04_label55.c line 4826 function main
Unwinding loop 1  iteration  10   file Problem04_label55.c line 4826 function main
Unwinding loop 1  iteration  11   file Problem04_label55.c line 4826 function main
Unwinding loop 1  iteration  12   file Problem04_label55.c line 4826 function main
Unwinding loop 1  iteration  13   file Problem04_label55.c line 4826 function main
Unwinding loop 1  iteration  14   file Problem04_label55.c line 4826 function main
Unwinding loop 1  iteration  15   file Problem04_label55.c line 4826 function main
Not unwinding 
Symex completed in: 17.331s (198480 assignments)
Slicing time: 2.668s (removed 83566 assignments)
Generated 15 VCC(s), 15 remaining after simplification (114914 assignments)
No solver specified; defaulting to Boolector
Encoding remaining VCC(s) using bit-vector/floating-point arithmetic
Encoding to solver time: 2.573s
Solving with solver Boolector 3.2.2
Encoding to solver time: 2.573s
Runtime decision procedure: 32.502s
BMC program time: 55.075s
No bug has been found in the base case
*** Checking forward condition, k = 16
Starting Bounded Model Checking
Unwinding loop 1  iteration  1   file Problem04_label55.c line 4826 function main
Unwinding loop 1  iteration  2   file Problem04_label55.c line 4826 function main
Unwinding loop 1  iteration  3   file Problem04_label55.c line 4826 function main
Unwinding loop 1  iteration  4   file Problem04_label55.c line 4826 function main
Unwinding loop 1  iteration  5   file Problem04_label55.c line 4826 function main
Unwinding loop 1  iteration  6   file Problem04_label55.c line 4826 function main
Unwinding loop 1  iteration  7   file Problem04_label55.c line 4826 function main
Unwinding loop 1  iteration  8   file Problem04_label55.c line 4826 function main
Unwinding loop 1  iteration  9   file Problem04_label55.c line 4826 function main
Unwinding loop 1  iteration  10   file Problem04_label55.c line 4826 function main
Unwinding loop 1  iteration  11   file Problem04_label55.c line 4826 function main
Unwinding loop 1  iteration  12   file Problem04_label55.c line 4826 function main
Unwinding loop 1  iteration  13   file Problem04_label55.c line 4826 function main
Unwinding loop 1  iteration  14   file Problem04_label55.c line 4826 function main
Unwinding loop 1  iteration  15   file Problem04_label55.c line 4826 function main
Not unwinding 
Symex completed in: 19.025s (198465 assignments)
Slicing time: 3.166s (removed 83566 assignments)
Generated 1 VCC(s), 1 remaining after simplification (114899 assignments)
No solver specified; defaulting to Boolector
Encoding remaining VCC(s) using bit-vector/floating-point arithmetic
Encoding to solver time: 3.005s
Solving with solver Boolector 3.2.2
Encoding to solver time: 3.005s
Runtime decision procedure: 17.744s
The forward condition is unable to prove the property
*** Checking base case, k = 21
Starting Bounded Model Checking
Unwinding loop 1  iteration  1   file Problem04_label55.c line 4826 function main
Unwinding loop 1  iteration  2   file Problem04_label55.c line 4826 function main
Unwinding loop 1  iteration  3   file Problem04_label55.c line 4826 function main
Unwinding loop 1  iteration  4   file Problem04_label55.c line 4826 function main
Unwinding loop 1  iteration  5   file Problem04_label55.c line 4826 function main
Unwinding loop 1  iteration  6   file Problem04_label55.c line 4826 function main
Unwinding loop 1  iteration  7   file Problem04_label55.c line 4826 function main
Unwinding loop 1  iteration  8   file Problem04_label55.c line 4826 function main
Unwinding loop 1  iteration  9   file Problem04_label55.c line 4826 function main
Unwinding loop 1  iteration  10   file Problem04_label55.c line 4826 function main
Unwinding loop 1  iteration  11   file Problem04_label55.c line 4826 function main
Unwinding loop 1  iteration  12   file Problem04_label55.c line 4826 function main
Unwinding loop 1  iteration  13   file Problem04_label55.c line 4826 function main
Unwinding loop 1  iteration  14   file Problem04_label55.c line 4826 function main
Unwinding loop 1  iteration  15   file Problem04_label55.c line 4826 function main
Unwinding loop 1  iteration  16   file Problem04_label55.c line 4826 function main
Unwinding loop 1  iteration  17   file Problem04_label55.c line 4826 function main
Unwinding loop 1  iteration  18   file Problem04_label55.c line 4826 function main
Unwinding loop 1  iteration  19   file Problem04_label55.c line 4826 function main
Unwinding loop 1  iteration  20   file Problem04_label55.c line 4826 function main
Not unwinding 
Symex completed in: 25.604s (267660 assignments)
Slicing time: 3.990s (removed 110511 assignments)
Generated 20 VCC(s), 20 remaining after simplification (157149 assignments)
No solver specified; defaulting to Boolector
Encoding remaining VCC(s) using bit-vector/floating-point arithmetic
Encoding to solver time: 3.896s
Solving with solver Boolector 3.2.2
Encoding to solver time: 3.896s
Runtime decision procedure: 65.520s
Building error trace

Counterexample:

State 1 file Problem04_label55.c line 4830 function main thread 0
----------------------------------------------------
  input = 2 (00000000 00000000 00000000 00000010)

State 2 file Problem04_label55.c line 4830 function main thread 0
----------------------------------------------------
  input = 6 (00000000 00000000 00000000 00000110)

State 3 file Problem04_label55.c line 4830 function main thread 0
----------------------------------------------------
  input = 4 (00000000 00000000 00000000 00000100)

State 4 file Problem04_label55.c line 4830 function main thread 0
----------------------------------------------------
  input = 5 (00000000 00000000 00000000 00000101)

State 5 file Problem04_label55.c line 4830 function main thread 0
----------------------------------------------------
  input = 2 (00000000 00000000 00000000 00000010)

State 6 file Problem04_label55.c line 4830 function main thread 0
----------------------------------------------------
  input = 3 (00000000 00000000 00000000 00000011)

State 7 file Problem04_label55.c line 4830 function main thread 0
----------------------------------------------------
  input = 6 (00000000 00000000 00000000 00000110)

State 8 file Problem04_label55.c line 4830 function main thread 0
----------------------------------------------------
  input = 4 (00000000 00000000 00000000 00000100)

State 9 file Problem04_label55.c line 4830 function main thread 0
----------------------------------------------------
  input = 1 (00000000 00000000 00000000 00000001)

State 10 file Problem04_label55.c line 4830 function main thread 0
----------------------------------------------------
  input = 1 (00000000 00000000 00000000 00000001)

State 11 file Problem04_label55.c line 4830 function main thread 0
----------------------------------------------------
  input = 4 (00000000 00000000 00000000 00000100)

State 12 file Problem04_label55.c line 4830 function main thread 0
----------------------------------------------------
  input = 1 (00000000 00000000 00000000 00000001)

State 13 file Problem04_label55.c line 4830 function main thread 0
----------------------------------------------------
  input = 1 (00000000 00000000 00000000 00000001)

State 14 file Problem04_label55.c line 4830 function main thread 0
----------------------------------------------------
  input = 3 (00000000 00000000 00000000 00000011)

State 15 file Problem04_label55.c line 4830 function main thread 0
----------------------------------------------------
  input = 2 (00000000 00000000 00000000 00000010)

State 16 file Problem04_label55.c line 4830 function main thread 0
----------------------------------------------------
  input = 1 (00000000 00000000 00000000 00000001)

State 17 file Problem04_label55.c line 4830 function main thread 0
----------------------------------------------------
  input = 3 (00000000 00000000 00000000 00000011)

State 18 file Problem04_label55.c line 15 function reach_error thread 0
----------------------------------------------------
Violated property:
  file Problem04_label55.c line 15 function reach_error
  assertion 0
  0


VERIFICATION FAILED

Bug found (k = 21)


FALSE_REACH
