./esbmc-wrapper.py -p ../sv-benchmarks/c/properties/unreach-call.prp -s kinduction --arch 32 ../sv-benchmarks/c/product-lines/email_spec1_product16.cil.c


--------------------------------------------------------------------------------


Verifying with ESBMC
Command: ./esbmc --no-div-by-zero-check --force-malloc-success --state-hashing --add-symex-value-sets --no-align-check --k-step 5 --floatbv --unlimited-k-steps ../sv-benchmarks/c/product-lines/email_spec1_product16.cil.c --32 --witness-output email_spec1_product16.cil.c.graphml --no-pointer-check --no-bounds-check --interval-analysis --goto-unwind --unlimited-goto-unwind --k-induction --max-inductive-step 3 
ESBMC version 6.8.0 64-bit x86_64 linux
Target: 32-bit little-endian x86_64-unknown-linux with esbmc libc
file ../sv-benchmarks/c/product-lines/email_spec1_product16.cil.c: Parsing
Converting
Generating GOTO Program
GOTO program creation time: 0.167s
GOTO program processing time: 0.090s
*** Checking base case, k = 1
Starting Bounded Model Checking
Not unwinding 
Symex completed in: 0.060s (719 assignments)
Slicing time: 0.001s (removed 680 assignments)
Generated 0 VCC(s), 0 remaining after simplification (39 assignments)
BMC program time: 0.061s
No bug has been found in the base case
*** Checking forward condition, k = 1
Starting Bounded Model Checking
Not unwinding 
Symex completed in: 0.052s (719 assignments)
Slicing time: 0.001s (removed 680 assignments)
Generated 1 VCC(s), 1 remaining after simplification (39 assignments)
No solver specified; defaulting to Boolector
Encoding remaining VCC(s) using bit-vector/floating-point arithmetic
Encoding to solver time: 0.002s
Solving with solver Boolector 3.2.2
Encoding to solver time: 0.002s
Runtime decision procedure: 0.190s
The forward condition is unable to prove the property
*** Checking base case, k = 6
Starting Bounded Model Checking
Unwinding loop 4  iteration  1   file email_spec1_product16.cil.c line 2031 function test
Unwinding loop 4  iteration  2   file email_spec1_product16.cil.c line 2031 function test
Unwinding loop 4  iteration  3   file email_spec1_product16.cil.c line 2031 function test
Unwinding loop 4  iteration  4   file email_spec1_product16.cil.c line 2031 function test
Symex completed in: 0.284s (3270 assignments)
Slicing time: 0.031s (removed 2372 assignments)
Generated 1 VCC(s), 1 remaining after simplification (898 assignments)
No solver specified; defaulting to Boolector
Encoding remaining VCC(s) using bit-vector/floating-point arithmetic
Encoding to solver time: 0.010s
Solving with solver Boolector 3.2.2
Encoding to solver time: 0.010s
Runtime decision procedure: 0.329s
Building error trace

Counterexample:
bob: 1

rjh: 2

chuck: 3


State 4 file email_spec1_product16.cil.c line 2041 function test thread 0
----------------------------------------------------
  tmp___9 = -2147483648 (10000000 00000000 00000000 00000000)
bob added rjhs key

2

456


State 8 file email_spec1_product16.cil.c line 2055 function test thread 0
----------------------------------------------------
  tmp___8 = 0 (00000000 00000000 00000000 00000000)

State 9 file email_spec1_product16.cil.c line 2066 function test thread 0
----------------------------------------------------
  tmp___7 = 0 (00000000 00000000 00000000 00000000)

State 10 file email_spec1_product16.cil.c line 2080 function test thread 0
----------------------------------------------------
  tmp___6 = 0 (00000000 00000000 00000000 00000000)

State 11 file email_spec1_product16.cil.c line 2094 function test thread 0
----------------------------------------------------
  tmp___5 = 0 (00000000 00000000 00000000 00000000)

State 12 file email_spec1_product16.cil.c line 2108 function test thread 0
----------------------------------------------------
  tmp___4 = -2147483648 (10000000 00000000 00000000 00000000)

State 13 file email_spec1_product16.cil.c line 2055 function test thread 0
----------------------------------------------------
  tmp___8 = 0 (00000000 00000000 00000000 00000000)

State 14 file email_spec1_product16.cil.c line 2066 function test thread 0
----------------------------------------------------
  tmp___7 = 0 (00000000 00000000 00000000 00000000)

State 15 file email_spec1_product16.cil.c line 2080 function test thread 0
----------------------------------------------------
  tmp___6 = 0 (00000000 00000000 00000000 00000000)

State 16 file email_spec1_product16.cil.c line 2094 function test thread 0
----------------------------------------------------
  tmp___5 = 0 (00000000 00000000 00000000 00000000)

State 17 file email_spec1_product16.cil.c line 2122 function test thread 0
----------------------------------------------------
  tmp___3 = 0 (00000000 00000000 00000000 00000000)

State 18 file email_spec1_product16.cil.c line 2136 function test thread 0
----------------------------------------------------
  tmp___2 = 0 (00000000 00000000 00000000 00000000)

State 19 file email_spec1_product16.cil.c line 2147 function test thread 0
----------------------------------------------------
  tmp___1 = 0 (00000000 00000000 00000000 00000000)

State 20 file email_spec1_product16.cil.c line 2161 function test thread 0
----------------------------------------------------
  tmp___0 = 0 (00000000 00000000 00000000 00000000)

State 21 file email_spec1_product16.cil.c line 2175 function test thread 0
----------------------------------------------------
  tmp = 0 (00000000 00000000 00000000 00000000)
Please enter a subject and a message body.



State 23 file email_spec1_product16.cil.c line 1420 function findPublicKey thread 0
----------------------------------------------------
  retValue_acc = 456 (00000000 00000000 00000001 11001000)

State 24 file email_spec1_product16.cil.c line 2673 function outgoing thread 0
----------------------------------------------------
  pubkey = 456 (00000000 00000000 00000001 11001000)

State 25 file email_spec1_product16.cil.c line 356 function setEmailEncryptionKey thread 0
----------------------------------------------------
  __ste_email_encryptionKey0 = 456 (00000000 00000000 00000001 11001000)
before mail



State 27 file email_spec1_product16.cil.c line 300 function isEncrypted thread 0
----------------------------------------------------
  retValue_acc = 1 (00000000 00000000 00000000 00000001)
mail sent


State 29 file email_spec1_product16.cil.c line 1137 function getClientPrivateKey thread 0
----------------------------------------------------
  retValue_acc = 456 (00000000 00000000 00000001 11001000)

State 30 file email_spec1_product16.cil.c line 2740 function incoming thread 0
----------------------------------------------------
  privkey = 456 (00000000 00000000 00000001 11001000)

State 31 file email_spec1_product16.cil.c line 300 function isEncrypted thread 0
----------------------------------------------------
  retValue_acc = 1 (00000000 00000000 00000000 00000001)

State 32 file email_spec1_product16.cil.c line 337 function getEmailEncryptionKey thread 0
----------------------------------------------------
  retValue_acc = 456 (00000000 00000000 00000001 11001000)
keypair valid 456 456

State 34 file email_spec1_product16.cil.c line 2856 function isKeyPairValid thread 0
----------------------------------------------------
  retValue_acc = 1 (00000000 00000000 00000000 00000001)
mail delivered



State 36 file email_spec1_product16.cil.c line 1525 function getClientForwardReceiver thread 0
----------------------------------------------------
  retValue_acc = 3 (00000000 00000000 00000000 00000011)

State 37 file email_spec1_product16.cil.c line 2717 function incoming__wrappee__Forward thread 0
----------------------------------------------------
  fwreceiver = 3 (00000000 00000000 00000000 00000011)

State 38 file email_spec1_product16.cil.c line 204 function setEmailTo thread 0
----------------------------------------------------
  __ste_email_to0 = 3 (00000000 00000000 00000000 00000011)
Forwarding message.


ID:
  0

FROM:
  1

TO:
  0

IS_READABLE
  0

ENCRYPTED
  0

ENCRYPTION KEY
  0


State 46 file email_spec1_product16.cil.c line 2813 function is_queue_empty thread 0
----------------------------------------------------
  retValue_acc = 0 (00000000 00000000 00000000 00000000)

State 47 file email_spec1_product16.cil.c line 2831 function get_queued_email thread 0
----------------------------------------------------
  retValue_acc = 1 (00000000 00000000 00000000 00000001)

State 48 file email_spec1_product16.cil.c line 2822 function get_queued_client thread 0
----------------------------------------------------
  retValue_acc = 2 (00000000 00000000 00000000 00000010)

State 49 file email_spec1_product16.cil.c line 185 function getEmailTo thread 0
----------------------------------------------------
  retValue_acc = 3 (00000000 00000000 00000000 00000011)

State 50 file email_spec1_product16.cil.c line 2671 function outgoing thread 0
----------------------------------------------------
  receiver = 3 (00000000 00000000 00000000 00000011)

State 51 file email_spec1_product16.cil.c line 2673 function outgoing thread 0
----------------------------------------------------
  pubkey = 0 (00000000 00000000 00000000 00000000)

State 52 file email_spec1_product16.cil.c line 2641 function mail thread 0
----------------------------------------------------
  __utac__ad__arg2 = 1 (00000000 00000000 00000000 00000001)
before mail



State 54 file email_spec1_product16.cil.c line 300 function isEncrypted thread 0
----------------------------------------------------
  retValue_acc = 0 (00000000 00000000 00000000 00000000)

State 55 file email_spec1_product16.cil.c line 11 function reach_error thread 0
----------------------------------------------------
Violated property:
  file email_spec1_product16.cil.c line 11 function reach_error
  assertion 0
  0


VERIFICATION FAILED

Bug found (k = 6)


FALSE_REACH
