./esbmc-wrapper.py -p ../sv-benchmarks/c/properties/unreach-call.prp -s kinduction --arch 32 ../sv-benchmarks/c/pthread-divine/one_time_barrier_3t.i


--------------------------------------------------------------------------------


Found pthread benchmark!
Verifying with ESBMC
Command: ./esbmc --no-div-by-zero-check --force-malloc-success --state-hashing --add-symex-value-sets --no-align-check --k-step 5 --floatbv --unlimited-k-steps ../sv-benchmarks/c/pthread-divine/one_time_barrier_3t.i --32  --no-por --context-bound 2 --no-goto-merge --witness-output one_time_barrier_3t.i.graphml --no-pointer-check --no-bounds-check --goto-unwind --unlimited-goto-unwind --incremental-bmc 
ESBMC version 6.8.0 64-bit x86_64 linux
Target: 32-bit little-endian x86_64-unknown-linux with esbmc libc
file ../sv-benchmarks/c/pthread-divine/one_time_barrier_3t.i: Parsing
Converting
Generating GOTO Program
GOTO program creation time: 0.186s
GOTO program processing time: 0.004s
*** Checking base case, k = 1
Starting Bounded Model Checking
Not unwinding 
Not unwinding 
Not unwinding 
Symex completed in: 0.114s (295 assignments)
Slicing time: 0.001s (removed 136 assignments)
Generated 14 VCC(s), 14 remaining after simplification (159 assignments)
No solver specified; defaulting to Boolector
Encoding remaining VCC(s) using bit-vector/floating-point arithmetic
Encoding to solver time: 0.016s
Solving with solver Boolector 3.2.2
Encoding to solver time: 0.016s
Runtime decision procedure: 0.000s
BMC program time: 0.132s
*** Thread interleavings 2 ***
Not unwinding 
Not unwinding 
Not unwinding 
Symex completed in: 0.079s (266 assignments)
Slicing time: 0.002s (removed 136 assignments)
Generated 14 VCC(s), 14 remaining after simplification (130 assignments)
No solver specified; defaulting to Boolector
Encoding remaining VCC(s) using bit-vector/floating-point arithmetic
Encoding to solver time: 0.017s
Solving with solver Boolector 3.2.2
Encoding to solver time: 0.017s
Runtime decision procedure: 0.000s
BMC program time: 0.102s
*** Thread interleavings 3 ***
Not unwinding 
Not unwinding 
Not unwinding 
Symex completed in: 0.075s (266 assignments)
Slicing time: 0.001s (removed 137 assignments)
Generated 13 VCC(s), 13 remaining after simplification (129 assignments)
No solver specified; defaulting to Boolector
Encoding remaining VCC(s) using bit-vector/floating-point arithmetic
Encoding to solver time: 0.018s
Solving with solver Boolector 3.2.2
Encoding to solver time: 0.018s
Runtime decision procedure: 0.000s
BMC program time: 0.098s
*** Thread interleavings 4 ***
Not unwinding 
Not unwinding 
Not unwinding 
Symex completed in: 0.071s (269 assignments)
Slicing time: 0.001s (removed 139 assignments)
Generated 13 VCC(s), 13 remaining after simplification (130 assignments)
No solver specified; defaulting to Boolector
Encoding remaining VCC(s) using bit-vector/floating-point arithmetic
Encoding to solver time: 0.017s
Solving with solver Boolector 3.2.2
Encoding to solver time: 0.017s
Runtime decision procedure: 0.000s
BMC program time: 0.093s
*** Thread interleavings 5 ***
Not unwinding 
Not unwinding 
Not unwinding 
Symex completed in: 0.069s (270 assignments)
Slicing time: 0.001s (removed 139 assignments)
Generated 13 VCC(s), 13 remaining after simplification (131 assignments)
No solver specified; defaulting to Boolector
Encoding remaining VCC(s) using bit-vector/floating-point arithmetic
Encoding to solver time: 0.018s
Solving with solver Boolector 3.2.2
Encoding to solver time: 0.018s
Runtime decision procedure: 0.000s
BMC program time: 0.092s
*** Thread interleavings 6 ***
Not unwinding 
Not unwinding 
Not unwinding 
Symex completed in: 0.063s (271 assignments)
Slicing time: 0.001s (removed 139 assignments)
Generated 13 VCC(s), 13 remaining after simplification (132 assignments)
No solver specified; defaulting to Boolector
Encoding remaining VCC(s) using bit-vector/floating-point arithmetic
Encoding to solver time: 0.018s
Solving with solver Boolector 3.2.2
Encoding to solver time: 0.018s
Runtime decision procedure: 0.000s
BMC program time: 0.086s
*** Thread interleavings 7 ***
Not unwinding 
Not unwinding 
Not unwinding 
Symex completed in: 0.057s (272 assignments)
Slicing time: 0.001s (removed 139 assignments)
Generated 13 VCC(s), 13 remaining after simplification (133 assignments)
No solver specified; defaulting to Boolector
Encoding remaining VCC(s) using bit-vector/floating-point arithmetic
Encoding to solver time: 0.018s
Solving with solver Boolector 3.2.2
Encoding to solver time: 0.018s
Runtime decision procedure: 0.000s
BMC program time: 0.080s
*** Thread interleavings 8 ***
Not unwinding 
Not unwinding 
Not unwinding 
Symex completed in: 0.055s (273 assignments)
Slicing time: 0.001s (removed 139 assignments)
Generated 13 VCC(s), 13 remaining after simplification (134 assignments)
No solver specified; defaulting to Boolector
Encoding remaining VCC(s) using bit-vector/floating-point arithmetic
Encoding to solver time: 0.018s
Solving with solver Boolector 3.2.2
Encoding to solver time: 0.018s
Runtime decision procedure: 0.000s
BMC program time: 0.078s
*** Thread interleavings 9 ***
Not unwinding 
Not unwinding 
Not unwinding 
Symex completed in: 0.054s (274 assignments)
Slicing time: 0.001s (removed 139 assignments)
Generated 13 VCC(s), 13 remaining after simplification (135 assignments)
No solver specified; defaulting to Boolector
Encoding remaining VCC(s) using bit-vector/floating-point arithmetic
Encoding to solver time: 0.018s
Solving with solver Boolector 3.2.2
Encoding to solver time: 0.018s
Runtime decision procedure: 0.000s
BMC program time: 0.077s
*** Thread interleavings 10 ***
Not unwinding 
Not unwinding 
Not unwinding 
Symex completed in: 0.048s (273 assignments)
Slicing time: 0.001s (removed 137 assignments)
Generated 13 VCC(s), 13 remaining after simplification (136 assignments)
No solver specified; defaulting to Boolector
Encoding remaining VCC(s) using bit-vector/floating-point arithmetic
Encoding to solver time: 0.019s
Solving with solver Boolector 3.2.2
Encoding to solver time: 0.019s
Runtime decision procedure: 0.000s
BMC program time: 0.072s
*** Thread interleavings 11 ***
Not unwinding 
Not unwinding 
Symex completed in: 0.042s (273 assignments)
Slicing time: 0.002s (removed 138 assignments)
Generated 12 VCC(s), 12 remaining after simplification (135 assignments)
No solver specified; defaulting to Boolector
Encoding remaining VCC(s) using bit-vector/floating-point arithmetic
Encoding to solver time: 0.018s
Solving with solver Boolector 3.2.2
Encoding to solver time: 0.018s
Runtime decision procedure: 0.000s
BMC program time: 0.065s
*** Thread interleavings 12 ***
Not unwinding 
Not unwinding 
Symex completed in: 0.042s (273 assignments)
Slicing time: 0.001s (removed 139 assignments)
Generated 11 VCC(s), 11 remaining after simplification (134 assignments)
No solver specified; defaulting to Boolector
Encoding remaining VCC(s) using bit-vector/floating-point arithmetic
Encoding to solver time: 0.019s
Solving with solver Boolector 3.2.2
Encoding to solver time: 0.019s
Runtime decision procedure: 0.000s
BMC program time: 0.066s
*** Thread interleavings 13 ***
Not unwinding 
Not unwinding 
Symex completed in: 0.045s (273 assignments)
Slicing time: 0.001s (removed 140 assignments)
Generated 10 VCC(s), 10 remaining after simplification (133 assignments)
No solver specified; defaulting to Boolector
Encoding remaining VCC(s) using bit-vector/floating-point arithmetic
Encoding to solver time: 0.020s
Solving with solver Boolector 3.2.2
Encoding to solver time: 0.020s
Runtime decision procedure: 0.000s
BMC program time: 0.070s
*** Thread interleavings 14 ***
Not unwinding 
Not unwinding 
Symex completed in: 0.042s (272 assignments)
Slicing time: 0.002s (removed 145 assignments)
Generated 8 VCC(s), 8 remaining after simplification (127 assignments)
No solver specified; defaulting to Boolector
Encoding remaining VCC(s) using bit-vector/floating-point arithmetic
Encoding to solver time: 0.019s
Solving with solver Boolector 3.2.2
Encoding to solver time: 0.019s
Runtime decision procedure: 0.000s
BMC program time: 0.066s
*** Thread interleavings 15 ***
Not unwinding 
Not unwinding 
Symex completed in: 0.039s (275 assignments)
Slicing time: 0.001s (removed 147 assignments)
Generated 8 VCC(s), 8 remaining after simplification (128 assignments)
No solver specified; defaulting to Boolector
Encoding remaining VCC(s) using bit-vector/floating-point arithmetic
Encoding to solver time: 0.018s
Solving with solver Boolector 3.2.2
Encoding to solver time: 0.018s
Runtime decision procedure: 0.000s
BMC program time: 0.061s
*** Thread interleavings 16 ***
Not unwinding 
Not unwinding 
Symex completed in: 0.037s (276 assignments)
Slicing time: 0.001s (removed 147 assignments)
Generated 8 VCC(s), 8 remaining after simplification (129 assignments)
No solver specified; defaulting to Boolector
Encoding remaining VCC(s) using bit-vector/floating-point arithmetic
Encoding to solver time: 0.018s
Solving with solver Boolector 3.2.2
Encoding to solver time: 0.018s
Runtime decision procedure: 0.000s
BMC program time: 0.060s
*** Thread interleavings 17 ***
Not unwinding 
Not unwinding 
Symex completed in: 0.030s (277 assignments)
Slicing time: 0.001s (removed 147 assignments)
Generated 8 VCC(s), 8 remaining after simplification (130 assignments)
No solver specified; defaulting to Boolector
Encoding remaining VCC(s) using bit-vector/floating-point arithmetic
Encoding to solver time: 0.018s
Solving with solver Boolector 3.2.2
Encoding to solver time: 0.018s
Runtime decision procedure: 0.000s
BMC program time: 0.053s
*** Thread interleavings 18 ***
Not unwinding 
Not unwinding 
Symex completed in: 0.023s (278 assignments)
Slicing time: 0.001s (removed 147 assignments)
Generated 8 VCC(s), 8 remaining after simplification (131 assignments)
No solver specified; defaulting to Boolector
Encoding remaining VCC(s) using bit-vector/floating-point arithmetic
Encoding to solver time: 0.017s
Solving with solver Boolector 3.2.2
Encoding to solver time: 0.017s
Runtime decision procedure: 0.000s
BMC program time: 0.046s
*** Thread interleavings 19 ***
Not unwinding 
Not unwinding 
Symex completed in: 0.022s (279 assignments)
Slicing time: 0.001s (removed 147 assignments)
Generated 8 VCC(s), 8 remaining after simplification (132 assignments)
No solver specified; defaulting to Boolector
Encoding remaining VCC(s) using bit-vector/floating-point arithmetic
Encoding to solver time: 0.018s
Solving with solver Boolector 3.2.2
Encoding to solver time: 0.018s
Runtime decision procedure: 0.000s
BMC program time: 0.045s
*** Thread interleavings 20 ***
Not unwinding 
Not unwinding 
Symex completed in: 0.023s (280 assignments)
Slicing time: 0.001s (removed 147 assignments)
Generated 8 VCC(s), 8 remaining after simplification (133 assignments)
No solver specified; defaulting to Boolector
Encoding remaining VCC(s) using bit-vector/floating-point arithmetic
Encoding to solver time: 0.018s
Solving with solver Boolector 3.2.2
Encoding to solver time: 0.018s
Runtime decision procedure: 0.000s
BMC program time: 0.046s
*** Thread interleavings 21 ***
Not unwinding 
Not unwinding 
Symex completed in: 0.015s (279 assignments)
Slicing time: 0.002s (removed 145 assignments)
Generated 8 VCC(s), 8 remaining after simplification (134 assignments)
No solver specified; defaulting to Boolector
Encoding remaining VCC(s) using bit-vector/floating-point arithmetic
Encoding to solver time: 0.018s
Solving with solver Boolector 3.2.2
Encoding to solver time: 0.018s
Runtime decision procedure: 0.000s
BMC program time: 0.038s
*** Thread interleavings 22 ***
Not unwinding 
Symex completed in: 0.009s (278 assignments)
Slicing time: 0.001s (removed 147 assignments)
Generated 6 VCC(s), 6 remaining after simplification (131 assignments)
No solver specified; defaulting to Boolector
Encoding remaining VCC(s) using bit-vector/floating-point arithmetic
Encoding to solver time: 0.016s
Solving with solver Boolector 3.2.2
Encoding to solver time: 0.016s
Runtime decision procedure: 0.000s
BMC program time: 0.031s
*** Thread interleavings 23 ***
Not unwinding 
Symex completed in: 0.008s (277 assignments)
Slicing time: 0.001s (removed 149 assignments)
Generated 4 VCC(s), 4 remaining after simplification (128 assignments)
No solver specified; defaulting to Boolector
Encoding remaining VCC(s) using bit-vector/floating-point arithmetic
Encoding to solver time: 0.017s
Solving with solver Boolector 3.2.2
Encoding to solver time: 0.017s
Runtime decision procedure: 0.000s
BMC program time: 0.030s
*** Thread interleavings 24 ***
Not unwinding 
Symex completed in: 0.007s (276 assignments)
Slicing time: 0.001s (removed 153 assignments)
Generated 2 VCC(s), 2 remaining after simplification (123 assignments)
No solver specified; defaulting to Boolector
Encoding remaining VCC(s) using bit-vector/floating-point arithmetic
Encoding to solver time: 0.017s
Solving with solver Boolector 3.2.2
Encoding to solver time: 0.017s
Runtime decision procedure: 0.000s
BMC program time: 0.028s
*** Thread interleavings 25 ***
Not unwinding 
Symex completed in: 0.006s (276 assignments)
Slicing time: 0.001s (removed 159 assignments)
Generated 1 VCC(s), 1 remaining after simplification (117 assignments)
No solver specified; defaulting to Boolector
Encoding remaining VCC(s) using bit-vector/floating-point arithmetic
Encoding to solver time: 0.017s
Solving with solver Boolector 3.2.2
Encoding to solver time: 0.017s
Runtime decision procedure: 0.000s
BMC program time: 0.027s
*** Thread interleavings 26 ***
Not unwinding 
Symex completed in: 0.005s (277 assignments)
Slicing time: 0.001s (removed 159 assignments)
Generated 1 VCC(s), 1 remaining after simplification (118 assignments)
No solver specified; defaulting to Boolector
Encoding remaining VCC(s) using bit-vector/floating-point arithmetic
Encoding to solver time: 0.017s
Solving with solver Boolector 3.2.2
Encoding to solver time: 0.017s
Runtime decision procedure: 0.000s
BMC program time: 0.026s
*** Thread interleavings 27 ***
Not unwinding 
Symex completed in: 0.006s (278 assignments)
Slicing time: 0.001s (removed 159 assignments)
Generated 1 VCC(s), 1 remaining after simplification (119 assignments)
No solver specified; defaulting to Boolector
Encoding remaining VCC(s) using bit-vector/floating-point arithmetic
Encoding to solver time: 0.017s
Solving with solver Boolector 3.2.2
Encoding to solver time: 0.017s
Runtime decision procedure: 0.000s
BMC program time: 0.027s
*** Thread interleavings 28 ***
Not unwinding 
Symex completed in: 0.002s (277 assignments)
Slicing time: 0.001s (removed 175 assignments)
Generated 0 VCC(s), 0 remaining after simplification (102 assignments)
BMC program time: 0.003s
No bug has been found in the base case
*** Checking forward condition, k = 1
Starting Bounded Model Checking
Not unwinding 
Not unwinding 
Not unwinding 
Symex completed in: 0.144s (281 assignments)
Slicing time: 0.001s (removed 163 assignments)
Generated 3 VCC(s), 3 remaining after simplification (118 assignments)
No solver specified; defaulting to Boolector
Encoding remaining VCC(s) using bit-vector/floating-point arithmetic
Encoding to solver time: 0.015s
Solving with solver Boolector 3.2.2
Encoding to solver time: 0.015s
Runtime decision procedure: 0.015s
The forward condition is unable to prove the property
*** Checking base case, k = 6
Starting Bounded Model Checking
Unwinding loop 2  iteration  1   file one_time_barrier_3t.i line 779 function main
Unwinding loop 2  iteration  2   file one_time_barrier_3t.i line 779 function main
Unwinding loop 1  iteration  1   file one_time_barrier_3t.i line 723 function barrier_wait
Unwinding loop 1  iteration  2   file one_time_barrier_3t.i line 723 function barrier_wait
Unwinding loop 1  iteration  3   file one_time_barrier_3t.i line 723 function barrier_wait
Unwinding loop 1  iteration  4   file one_time_barrier_3t.i line 723 function barrier_wait
Unwinding loop 1  iteration  5   file one_time_barrier_3t.i line 723 function barrier_wait
Not unwinding 
Unwinding loop 1  iteration  1   file one_time_barrier_3t.i line 723 function barrier_wait
Unwinding loop 1  iteration  2   file one_time_barrier_3t.i line 723 function barrier_wait
Unwinding loop 1  iteration  3   file one_time_barrier_3t.i line 723 function barrier_wait
Unwinding loop 1  iteration  4   file one_time_barrier_3t.i line 723 function barrier_wait
Unwinding loop 1  iteration  5   file one_time_barrier_3t.i line 723 function barrier_wait
Not unwinding 
Unwinding loop 3  iteration  1   file one_time_barrier_3t.i line 782 function main
Unwinding loop 3  iteration  2   file one_time_barrier_3t.i line 782 function main
Unwinding loop 1  iteration  1   file one_time_barrier_3t.i line 723 function barrier_wait
Unwinding loop 1  iteration  2   file one_time_barrier_3t.i line 723 function barrier_wait
Unwinding loop 1  iteration  3   file one_time_barrier_3t.i line 723 function barrier_wait
Unwinding loop 1  iteration  4   file one_time_barrier_3t.i line 723 function barrier_wait
Unwinding loop 1  iteration  5   file one_time_barrier_3t.i line 723 function barrier_wait
Not unwinding 
Unwinding loop 1  iteration  1   file one_time_barrier_3t.i line 723 function barrier_wait
Unwinding loop 1  iteration  2   file one_time_barrier_3t.i line 723 function barrier_wait
Unwinding loop 1  iteration  3   file one_time_barrier_3t.i line 723 function barrier_wait
Unwinding loop 1  iteration  4   file one_time_barrier_3t.i line 723 function barrier_wait
Unwinding loop 1  iteration  5   file one_time_barrier_3t.i line 723 function barrier_wait
Not unwinding 
Unwinding loop 1  iteration  1   file one_time_barrier_3t.i line 723 function barrier_wait
Unwinding loop 1  iteration  2   file one_time_barrier_3t.i line 723 function barrier_wait
Unwinding loop 1  iteration  3   file one_time_barrier_3t.i line 723 function barrier_wait
Unwinding loop 1  iteration  4   file one_time_barrier_3t.i line 723 function barrier_wait
Unwinding loop 1  iteration  5   file one_time_barrier_3t.i line 723 function barrier_wait
Not unwinding 
Unwinding loop 1  iteration  1   file one_time_barrier_3t.i line 723 function barrier_wait
Unwinding loop 1  iteration  2   file one_time_barrier_3t.i line 723 function barrier_wait
Unwinding loop 1  iteration  3   file one_time_barrier_3t.i line 723 function barrier_wait
Unwinding loop 1  iteration  4   file one_time_barrier_3t.i line 723 function barrier_wait
Unwinding loop 1  iteration  5   file one_time_barrier_3t.i line 723 function barrier_wait
Not unwinding 
Symex completed in: 2.661s (1814 assignments)
Slicing time: 0.019s (removed 665 assignments)
Generated 62 VCC(s), 62 remaining after simplification (1149 assignments)
No solver specified; defaulting to Boolector
Encoding remaining VCC(s) using bit-vector/floating-point arithmetic
Encoding to solver time: 0.160s
Solving with solver Boolector 3.2.2
Encoding to solver time: 0.160s
Runtime decision procedure: 0.000s
BMC program time: 2.841s
*** Thread interleavings 2 ***
Unwinding loop 1  iteration  1   file one_time_barrier_3t.i line 723 function barrier_wait
Unwinding loop 1  iteration  2   file one_time_barrier_3t.i line 723 function barrier_wait
Unwinding loop 1  iteration  3   file one_time_barrier_3t.i line 723 function barrier_wait
Unwinding loop 1  iteration  4   file one_time_barrier_3t.i line 723 function barrier_wait
Unwinding loop 1  iteration  5   file one_time_barrier_3t.i line 723 function barrier_wait
Not unwinding 
Unwinding loop 1  iteration  1   file one_time_barrier_3t.i line 723 function barrier_wait
Unwinding loop 1  iteration  2   file one_time_barrier_3t.i line 723 function barrier_wait
Unwinding loop 1  iteration  3   file one_time_barrier_3t.i line 723 function barrier_wait
Unwinding loop 1  iteration  4   file one_time_barrier_3t.i line 723 function barrier_wait
Unwinding loop 1  iteration  5   file one_time_barrier_3t.i line 723 function barrier_wait
Not unwinding 
Symex completed in: 0.648s (1774 assignments)
Slicing time: 0.014s (removed 708 assignments)
Generated 22 VCC(s), 22 remaining after simplification (1066 assignments)
No solver specified; defaulting to Boolector
Encoding remaining VCC(s) using bit-vector/floating-point arithmetic
Encoding to solver time: 0.176s
Solving with solver Boolector 3.2.2
Encoding to solver time: 0.176s
Runtime decision procedure: 0.000s
BMC program time: 0.863s
*** Thread interleavings 3 ***
Unwinding loop 1  iteration  1   file one_time_barrier_3t.i line 723 function barrier_wait
Unwinding loop 1  iteration  2   file one_time_barrier_3t.i line 723 function barrier_wait
Unwinding loop 1  iteration  3   file one_time_barrier_3t.i line 723 function barrier_wait
Unwinding loop 1  iteration  4   file one_time_barrier_3t.i line 723 function barrier_wait
Unwinding loop 1  iteration  5   file one_time_barrier_3t.i line 723 function barrier_wait
Not unwinding 
Unwinding loop 1  iteration  1   file one_time_barrier_3t.i line 723 function barrier_wait
Unwinding loop 1  iteration  2   file one_time_barrier_3t.i line 723 function barrier_wait
Unwinding loop 1  iteration  3   file one_time_barrier_3t.i line 723 function barrier_wait
Unwinding loop 1  iteration  4   file one_time_barrier_3t.i line 723 function barrier_wait
Unwinding loop 1  iteration  5   file one_time_barrier_3t.i line 723 function barrier_wait
Not unwinding 
Symex completed in: 0.768s (1774 assignments)
Slicing time: 0.015s (removed 704 assignments)
Generated 23 VCC(s), 23 remaining after simplification (1070 assignments)
No solver specified; defaulting to Boolector
Encoding remaining VCC(s) using bit-vector/floating-point arithmetic
Encoding to solver time: 0.166s
Solving with solver Boolector 3.2.2
Encoding to solver time: 0.166s
Runtime decision procedure: 0.000s
BMC program time: 0.999s
*** Thread interleavings 4 ***
Unwinding loop 1  iteration  1   file one_time_barrier_3t.i line 723 function barrier_wait
Unwinding loop 1  iteration  2   file one_time_barrier_3t.i line 723 function barrier_wait
Unwinding loop 1  iteration  3   file one_time_barrier_3t.i line 723 function barrier_wait
Unwinding loop 1  iteration  4   file one_time_barrier_3t.i line 723 function barrier_wait
Unwinding loop 1  iteration  5   file one_time_barrier_3t.i line 723 function barrier_wait
Not unwinding 
Unwinding loop 1  iteration  1   file one_time_barrier_3t.i line 723 function barrier_wait
Unwinding loop 1  iteration  2   file one_time_barrier_3t.i line 723 function barrier_wait
Unwinding loop 1  iteration  3   file one_time_barrier_3t.i line 723 function barrier_wait
Unwinding loop 1  iteration  4   file one_time_barrier_3t.i line 723 function barrier_wait
Unwinding loop 1  iteration  5   file one_time_barrier_3t.i line 723 function barrier_wait
Not unwinding 
Symex completed in: 0.817s (1773 assignments)
Slicing time: 0.015s (removed 704 assignments)
Generated 23 VCC(s), 23 remaining after simplification (1069 assignments)
No solver specified; defaulting to Boolector
Encoding remaining VCC(s) using bit-vector/floating-point arithmetic
Encoding to solver time: 0.174s
Solving with solver Boolector 3.2.2
Encoding to solver time: 0.174s
Runtime decision procedure: 0.000s
BMC program time: 1.056s
*** Thread interleavings 5 ***
Unwinding loop 1  iteration  1   file one_time_barrier_3t.i line 723 function barrier_wait
Unwinding loop 1  iteration  2   file one_time_barrier_3t.i line 723 function barrier_wait
Unwinding loop 1  iteration  3   file one_time_barrier_3t.i line 723 function barrier_wait
Unwinding loop 1  iteration  4   file one_time_barrier_3t.i line 723 function barrier_wait
Unwinding loop 1  iteration  5   file one_time_barrier_3t.i line 723 function barrier_wait
Not unwinding 
Unwinding loop 1  iteration  1   file one_time_barrier_3t.i line 723 function barrier_wait
Unwinding loop 1  iteration  2   file one_time_barrier_3t.i line 723 function barrier_wait
Unwinding loop 1  iteration  3   file one_time_barrier_3t.i line 723 function barrier_wait
Unwinding loop 1  iteration  4   file one_time_barrier_3t.i line 723 function barrier_wait
Unwinding loop 1  iteration  5   file one_time_barrier_3t.i line 723 function barrier_wait
Not unwinding 
Symex completed in: 0.897s (1772 assignments)
Slicing time: 0.015s (removed 704 assignments)
Generated 23 VCC(s), 23 remaining after simplification (1068 assignments)
No solver specified; defaulting to Boolector
Encoding remaining VCC(s) using bit-vector/floating-point arithmetic
Encoding to solver time: 0.169s
Solving with solver Boolector 3.2.2
Encoding to solver time: 0.169s
Runtime decision procedure: 0.000s
BMC program time: 1.133s
*** Thread interleavings 6 ***
Unwinding loop 1  iteration  1   file one_time_barrier_3t.i line 723 function barrier_wait
Unwinding loop 1  iteration  2   file one_time_barrier_3t.i line 723 function barrier_wait
Unwinding loop 1  iteration  3   file one_time_barrier_3t.i line 723 function barrier_wait
Unwinding loop 1  iteration  4   file one_time_barrier_3t.i line 723 function barrier_wait
Unwinding loop 1  iteration  5   file one_time_barrier_3t.i line 723 function barrier_wait
Not unwinding 
Unwinding loop 1  iteration  1   file one_time_barrie
../sv-benchmarks/c/pthread-divine/one_time_barrier_3t.i:510:12: warning: declaration of built-in function '__sigsetjmp' requires the declaration of the 'jmp_buf' type, commonly provided in the header <setjmp.h>. [-Wincomplete-setjmp-declaration]
extern int __sigsetjmp (struct __jmp_buf_tag *__env, int __savemask) __attribute__ ((__nothrow__));
           ^
There are goto statements that shouldn't be merged at this point

Unknown
