./esbmc-wrapper.py -p ../sv-benchmarks/c/properties/unreach-call.prp -s kinduction --arch 32 ../sv-benchmarks/c/float-newlib/float_req_bl_0660b.c


--------------------------------------------------------------------------------


Verifying with ESBMC
Command: ./esbmc --no-div-by-zero-check --force-malloc-success --state-hashing --add-symex-value-sets --no-align-check --k-step 5 --floatbv --unlimited-k-steps ../sv-benchmarks/c/float-newlib/float_req_bl_0660b.c --32 --witness-output float_req_bl_0660b.c.graphml --no-pointer-check --no-bounds-check --interval-analysis --goto-unwind --unlimited-goto-unwind --k-induction --max-inductive-step 3 
ESBMC version 6.8.0 64-bit x86_64 linux
Target: 32-bit little-endian x86_64-unknown-linux with esbmc libc
file ../sv-benchmarks/c/float-newlib/float_req_bl_0660b.c: Parsing
Converting
Generating GOTO Program
GOTO program creation time: 0.184s
GOTO program processing time: 0.004s
*** Checking base case, k = 1
Starting Bounded Model Checking
Symex completed in: 0.021s (279 assignments)
Slicing time: 0.003s (removed 107 assignments)
Generated 1 VCC(s), 1 remaining after simplification (172 assignments)
No solver specified; defaulting to Boolector
Encoding remaining VCC(s) using bit-vector/floating-point arithmetic
Encoding to solver time: 0.143s
Solving with solver Boolector 3.2.2
Encoding to solver time: 0.143s
Runtime decision procedure: 0.210s
BMC program time: 0.378s
No bug has been found in the base case
*** Checking forward condition, k = 1
Starting Bounded Model Checking
Symex completed in: 0.027s (278 assignments)
Slicing time: 0.003s (removed 107 assignments)
Generated 0 VCC(s), 0 remaining after simplification (171 assignments)
BMC program time: 0.030s
Building successful trace

VERIFICATION SUCCESSFUL

Solution found by the forward condition; all states are reachable (k = 1

../sv-benchmarks/c/float-newlib/float_req_bl_0660b.c:142:13: warning: equality comparison with extraneous parentheses [-Wparentheses-equality]
  if (((iy) == 0)) {
       ~~~~~^~~~
../sv-benchmarks/c/float-newlib/float_req_bl_0660b.c:142:13: note: remove extraneous parentheses around the comparison to silence this warning
  if (((iy) == 0)) {
      ~     ^   ~
../sv-benchmarks/c/float-newlib/float_req_bl_0660b.c:142:13: note: use '=' to turn this equality comparison into an assignment
  if (((iy) == 0)) {
            ^~
            =
../sv-benchmarks/c/float-newlib/float_req_bl_0660b.c:154:13: warning: equality comparison with extraneous parentheses [-Wparentheses-equality]
  if (((ix) == 0))
       ~~~~~^~~~
../sv-benchmarks/c/float-newlib/float_req_bl_0660b.c:154:13: note: remove extraneous parentheses around the comparison to silence this warning
  if (((ix) == 0))
      ~     ^   ~
../sv-benchmarks/c/float-newlib/float_req_bl_0660b.c:154:13: note: use '=' to turn this equality comparison into an assignment
  if (((ix) == 0))
            ^~
            =
../sv-benchmarks/c/float-newlib/float_req_bl_0660b.c:157:13: warning: equality comparison with extraneous parentheses [-Wparentheses-equality]
  if (((ix) == 0x7f800000L)) {
       ~~~~~^~~~~~~~~~~~~~
../sv-benchmarks/c/float-newlib/float_req_bl_0660b.c:157:13: note: remove extraneous parentheses around the comparison to silence this warning
  if (((ix) == 0x7f800000L)) {
      ~     ^             ~
../sv-benchmarks/c/float-newlib/float_req_bl_0660b.c:157:13: note: use '=' to turn this equality comparison into an assignment
  if (((ix) == 0x7f800000L)) {
            ^~
            =
../sv-benchmarks/c/float-newlib/float_req_bl_0660b.c:158:15: warning: equality comparison with extraneous parentheses [-Wparentheses-equality]
    if (((iy) == 0x7f800000L)) {
         ~~~~~^~~~~~~~~~~~~~
../sv-benchmarks/c/float-newlib/float_req_bl_0660b.c:158:15: note: remove extraneous parentheses around the comparison to silence this warning
    if (((iy) == 0x7f800000L)) {
        ~     ^             ~
../sv-benchmarks/c/float-newlib/float_req_bl_0660b.c:158:15: note: use '=' to turn this equality comparison into an assignment
    if (((iy) == 0x7f800000L)) {
              ^~
              =
../sv-benchmarks/c/float-newlib/float_req_bl_0660b.c:183:13: warning: equality comparison with extraneous parentheses [-Wparentheses-equality]
  if (((iy) == 0x7f800000L))
       ~~~~~^~~~~~~~~~~~~~
../sv-benchmarks/c/float-newlib/float_req_bl_0660b.c:183:13: note: remove extraneous parentheses around the comparison to silence this warning
  if (((iy) == 0x7f800000L))
      ~     ^             ~
../sv-benchmarks/c/float-newlib/float_req_bl_0660b.c:183:13: note: use '=' to turn this equality comparison into an assignment
  if (((iy) == 0x7f800000L))
            ^~
            =

TRUE
