./esbmc-wrapper.py -p ../sv-benchmarks/c/properties/unreach-call.prp -s kinduction --arch 32 ../sv-benchmarks/c/pthread-driver-races/char_generic_nvram_nvram_llseek_nvram_unlocked_ioctl.i


--------------------------------------------------------------------------------


Found pthread benchmark!
Verifying with ESBMC
Command: ./esbmc --no-div-by-zero-check --force-malloc-success --state-hashing --add-symex-value-sets --no-align-check --k-step 5 --floatbv --unlimited-k-steps ../sv-benchmarks/c/pthread-driver-races/char_generic_nvram_nvram_llseek_nvram_unlocked_ioctl.i --32  --no-por --context-bound 2 --no-goto-merge --witness-output char_generic_nvram_nvram_llseek_nvram_unlocked_ioctl.i.graphml --no-pointer-check --no-bounds-check --goto-unwind --unlimited-goto-unwind --incremental-bmc 
ESBMC version 6.8.0 64-bit x86_64 linux
Target: 32-bit little-endian x86_64-unknown-linux with esbmc libc
file ../sv-benchmarks/c/pthread-driver-races/char_generic_nvram_nvram_llseek_nvram_unlocked_ioctl.i: Parsing
Converting
Generating GOTO Program
GOTO program creation time: 0.617s
GOTO program processing time: 0.019s
*** Checking base case, k = 1
Starting Bounded Model Checking
Symex completed in: 0.029s (273 assignments)
Slicing time: 0.000s (removed 225 assignments)
Generated 1 VCC(s), 1 remaining after simplification (48 assignments)
No solver specified; defaulting to Boolector
Encoding remaining VCC(s) using bit-vector/floating-point arithmetic
Encoding to solver time: 0.001s
Solving with solver Boolector 3.2.2
Encoding to solver time: 0.001s
Runtime decision procedure: 0.000s
BMC program time: 0.031s
*** Thread interleavings 2 ***
Symex completed in: 0.006s (273 assignments)
Slicing time: 0.000s (removed 225 assignments)
Generated 1 VCC(s), 1 remaining after simplification (48 assignments)
No solver specified; defaulting to Boolector
Encoding remaining VCC(s) using bit-vector/floating-point arithmetic
Encoding to solver time: 0.001s
Solving with solver Boolector 3.2.2
Encoding to solver time: 0.001s
Runtime decision procedure: 0.000s
BMC program time: 0.008s
*** Thread interleavings 3 ***
Symex completed in: 0.006s (272 assignments)
Slicing time: 0.000s (removed 225 assignments)
Generated 1 VCC(s), 1 remaining after simplification (47 assignments)
No solver specified; defaulting to Boolector
Encoding remaining VCC(s) using bit-vector/floating-point arithmetic
Encoding to solver time: 0.001s
Solving with solver Boolector 3.2.2
Encoding to solver time: 0.001s
Runtime decision procedure: 0.000s
BMC program time: 0.009s
*** Thread interleavings 4 ***
Symex completed in: 0.007s (271 assignments)
Slicing time: 0.000s (removed 225 assignments)
Generated 1 VCC(s), 1 remaining after simplification (46 assignments)
No solver specified; defaulting to Boolector
Encoding remaining VCC(s) using bit-vector/floating-point arithmetic
Encoding to solver time: 0.001s
Solving with solver Boolector 3.2.2
Encoding to solver time: 0.001s
Runtime decision procedure: 0.000s
BMC program time: 0.010s
*** Thread interleavings 5 ***
Symex completed in: 0.008s (270 assignments)
Slicing time: 0.000s (removed 225 assignments)
Generated 1 VCC(s), 1 remaining after simplification (45 assignments)
No solver specified; defaulting to Boolector
Encoding remaining VCC(s) using bit-vector/floating-point arithmetic
Encoding to solver time: 0.001s
Solving with solver Boolector 3.2.2
Encoding to solver time: 0.001s
Runtime decision procedure: 0.000s
BMC program time: 0.010s
*** Thread interleavings 6 ***
Symex completed in: 0.008s (269 assignments)
Slicing time: 0.001s (removed 225 assignments)
Generated 1 VCC(s), 1 remaining after simplification (44 assignments)
No solver specified; defaulting to Boolector
Encoding remaining VCC(s) using bit-vector/floating-point arithmetic
Encoding to solver time: 0.000s
Solving with solver Boolector 3.2.2
Encoding to solver time: 0.000s
Runtime decision procedure: 0.000s
BMC program time: 0.010s
*** Thread interleavings 7 ***
Symex completed in: 0.009s (269 assignments)
Slicing time: 0.000s (removed 225 assignments)
Generated 1 VCC(s), 1 remaining after simplification (44 assignments)
No solver specified; defaulting to Boolector
Encoding remaining VCC(s) using bit-vector/floating-point arithmetic
Encoding to solver time: 0.001s
Solving with solver Boolector 3.2.2
Encoding to solver time: 0.001s
Runtime decision procedure: 0.000s
BMC program time: 0.012s
*** Thread interleavings 8 ***
Symex completed in: 0.011s (286 assignments)
Slicing time: 0.000s (removed 241 assignments)
Generated 1 VCC(s), 1 remaining after simplification (45 assignments)
No solver specified; defaulting to Boolector
Encoding remaining VCC(s) using bit-vector/floating-point arithmetic
Encoding to solver time: 0.001s
Solving with solver Boolector 3.2.2
Encoding to solver time: 0.001s
Runtime decision procedure: 0.000s
BMC program time: 0.013s
*** Thr
There are goto statements that shouldn't be merged at this point

Unknown
