./esbmc-wrapper.py -p ../sv-benchmarks/c/properties/unreach-call.prp -s kinduction --arch 32 ../sv-benchmarks/c/nla-digbench-scaling/hard2_valuebound1.c


--------------------------------------------------------------------------------


Verifying with ESBMC
Command: ./esbmc --no-div-by-zero-check --force-malloc-success --state-hashing --add-symex-value-sets --no-align-check --k-step 5 --floatbv --unlimited-k-steps ../sv-benchmarks/c/nla-digbench-scaling/hard2_valuebound1.c --32 --witness-output hard2_valuebound1.c.graphml --no-pointer-check --no-bounds-check --interval-analysis --goto-unwind --unlimited-goto-unwind --k-induction --max-inductive-step 3 
ESBMC version 6.8.0 64-bit x86_64 linux
Target: 32-bit little-endian x86_64-unknown-linux with esbmc libc
file ../sv-benchmarks/c/nla-digbench-scaling/hard2_valuebound1.c: Parsing
Converting
Generating GOTO Program
GOTO program creation time: 0.137s
GOTO program processing time: 0.002s
*** Checking base case, k = 1
Starting Bounded Model Checking
Not unwinding 
Symex completed in: 0.001s (38 assignments)
Slicing time: 0.001s (removed 21 assignments)
Generated 3 VCC(s), 3 remaining after simplification (17 assignments)
No solver specified; defaulting to Boolector
Encoding remaining VCC(s) using bit-vector/floating-point arithmetic
Encoding to solver time: 0.001s
Solving with solver Boolector 3.2.2
Encoding to solver time: 0.001s
Runtime decision procedure: 0.000s
BMC program time: 0.003s
No bug has been found in the base case
*** Checking forward condition, k = 1
Starting Bounded Model Checking
Not unwinding 
Symex completed in: 0.002s (35 assignments)
Slicing time: 0.000s (removed 27 assignments)
Generated 1 VCC(s), 1 remaining after simplification (8 assignments)
No solver specified; defaulting to Boolector
Encoding remaining VCC(s) using bit-vector/floating-point arithmetic
Encoding to solver time: 0.000s
Solving with solver Boolector 3.2.2
Encoding to solver time: 0.000s
Runtime decision procedure: 0.001s
The forward condition is unable to prove the property
*** Checking base case, k = 6
Starting Bounded Model Checking
Unwinding loop 1  iteration  1   file hard2_valuebound1.c line 34 function main
Unwinding loop 1  iteration  2   file hard2_valuebound1.c line 34 function main
Unwinding loop 1  iteration  3   file hard2_valuebound1.c line 34 function main
Unwinding loop 1  iteration  4   file hard2_valuebound1.c line 34 function main
Unwinding loop 1  iteration  5   file hard2_valuebound1.c line 34 function main
Not unwinding 
Unwinding loop 2  iteration  1   file hard2_valuebound1.c line 44 function main
Unwinding loop 2  iteration  2   file hard2_valuebound1.c line 44 function main
Unwinding loop 2  iteration  3   file hard2_valuebound1.c line 44 function main
Unwinding loop 2  iteration  4   file hard2_valuebound1.c line 44 function main
Unwinding loop 2  iteration  5   file hard2_valuebound1.c line 44 function main
Not unwinding 
Symex completed in: 0.007s (195 assignments)
Slicing time: 0.002s (removed 52 assignments)
Generated 20 VCC(s), 20 remaining after simplification (143 assignments)
No solver specified; defaulting to Boolector
Encoding remaining VCC(s) using bit-vector/floating-point arithmetic
Encoding to solver time: 0.003s
Solving with solver Boolector 3.2.2
Encoding to solver time: 0.003s
Runtime decision procedure: 0.031s
BMC program time: 0.044s
No bug has been found in the base case
*** Checking forward condition, k = 6
Starting Bounded Model Checking
Unwinding loop 1  iteration  1   file hard2_valuebound1.c line 34 function main
Unwinding loop 1  iteration  2   file hard2_valuebound1.c line 34 function main
Unwinding loop 1  iteration  3   file hard2_valuebound1.c line 34 function main
Unwinding loop 1  iteration  4   file hard2_valuebound1.c line 34 function main
Unwinding loop 1  iteration  5   file hard2_valuebound1.c line 34 function main
Not unwinding 
Unwinding loop 2  iteration  1   file hard2_valuebound1.c line 44 function main
Unwinding loop 2  iteration  2   file hard2_valuebound1.c line 44 function main
Unwinding loop 2  iteration  3   file hard2_valuebound1.c line 44 function main
Unwinding loop 2  iteration  4   file hard2_valuebound1.c line 44 function main
Unwinding loop 2  iteration  5   file hard2_valuebound1.c line 44 function main
Not unwinding 
Symex completed in: 0.007s (175 assignments)
Slicing time: 0.001s (removed 145 assignments)
Generated 2 VCC(s), 2 remaining after simplification (30 assignments)
No solver specified; defaulting to Boolector
Encoding remaining VCC(s) using bit-vector/floating-point arithmetic
Encoding to solver time: 0.000s
Solving with solver Boolector 3.2.2
Encoding to solver time: 0.000s
Runtime decision procedure: 0.002s
BMC program time: 0.011s
Building successful trace

VERIFICATION SUCCESSFUL

Solution found by the forward condition; all states are reachable (k = 6


TRUE
