./esbmc-wrapper.py -p ../sv-benchmarks/c/properties/unreach-call.prp -s kinduction --arch 32 ../sv-benchmarks/c/nla-digbench-scaling/fermat1-ll_valuebound10.c


--------------------------------------------------------------------------------


Verifying with ESBMC
Command: ./esbmc --no-div-by-zero-check --force-malloc-success --state-hashing --add-symex-value-sets --no-align-check --k-step 5 --floatbv --unlimited-k-steps ../sv-benchmarks/c/nla-digbench-scaling/fermat1-ll_valuebound10.c --32 --witness-output fermat1-ll_valuebound10.c.graphml --no-pointer-check --no-bounds-check --interval-analysis --goto-unwind --unlimited-goto-unwind --k-induction --max-inductive-step 3 
ESBMC version 6.8.0 64-bit x86_64 linux
Target: 32-bit little-endian x86_64-unknown-linux with esbmc libc
file ../sv-benchmarks/c/nla-digbench-scaling/fermat1-ll_valuebound10.c: Parsing
Converting
Generating GOTO Program
GOTO program creation time: 0.089s
GOTO program processing time: 0.001s
*** Checking base case, k = 1
Starting Bounded Model Checking
Not unwinding 
Not unwinding 
Not unwinding 
Symex completed in: 0.002s (56 assignments)
Slicing time: 0.000s (removed 19 assignments)
Generated 4 VCC(s), 4 remaining after simplification (37 assignments)
No solver specified; defaulting to Boolector
Encoding remaining VCC(s) using bit-vector/floating-point arithmetic
Encoding to solver time: 0.001s
Solving with solver Boolector 3.2.2
Encoding to solver time: 0.001s
Runtime decision procedure: 2.354s
BMC program time: 2.357s
No bug has been found in the base case
*** Checking forward condition, k = 1
Starting Bounded Model Checking
Not unwinding 
Not unwinding 
Not unwinding 
Symex completed in: 0.002s (52 assignments)
Slicing time: 0.000s (removed 29 assignments)
Generated 3 VCC(s), 3 remaining after simplification (23 assignments)
No solver specified; defaulting to Boolector
Encoding remaining VCC(s) using bit-vector/floating-point arithmetic
Encoding to solver time: 0.001s
Solving with solver Boolector 3.2.2
Encoding to solver time: 0.001s
Runtime decision procedure: 0.156s
The forward condition is unable to prove the property
*** Checking base case, k = 6
Starting Bounded Model Checking
Unwinding loop 1  iteration  1   file fermat1-ll_valuebound10.c line 40 function main
Unwinding loop 1  iteration  2   file fermat1-ll_valuebound10.c line 40 function main
Unwinding loop 1  iteration  3   file fermat1-ll_valuebound10.c line 40 function main
Unwinding loop 1  iteration  4   file fermat1-ll_valuebound10.c line 40 function main
Unwinding loop 1  iteration  5   file fermat1-ll_valuebound10.c line 40 function main
Not unwinding 
Unwinding loop 2  iteration  1   file fermat1-ll_valuebound10.c line 48 function main
Unwinding loop 2  iteration  2   file fermat1-ll_valuebound10.c line 48 function main
Unwinding loop 2  iteration  3   file fermat1-ll_valuebound10.c line 48 function main
Unwinding loop 2  iteration  4   file fermat1-ll_valuebound10.c line 48 function main
Unwinding loop 2  iteration  5   file fermat1-ll_valuebound10.c line 48 function main
Not unwinding 
Unwinding loop 3  iteration  1   file fermat1-ll_valuebound10.c line 35 function main
Unwinding loop 1  iteration  1   file fermat1-ll_valuebound10.c line 40 function main
Unwinding loop 1  iteration  2   file fermat1-ll_valuebound10.c line 40 function main
Unwinding loop 1  iteration  3   file fermat1-ll_valuebound10.c line 40 function main
Unwinding loop 1  iteration  4   file fermat1-ll_valuebound10.c line 40 function main
Unwinding loop 1  iteration  5   file fermat1-ll_valuebound10.c line 40 function main
Not unwinding 
Unwinding loop 2  iteration  1   file fermat1-ll_valuebound10.c line 48 function main
Unwinding loop 2  iteration  2   file fermat1-ll_valuebound10.c line 48 function main
Unwinding loop 2  iteration  3   file fermat1-ll_valuebound10.c line 48 function main
Unwinding loop 2  iteration  4   file fermat1-ll_valuebound10.c line 48 function main
Unwinding loop 2  iteration  5   file fermat1-ll_valuebound10.c line 48 function main
Not unwinding 
Unwinding loop 3  iteration  2   file fermat1-ll_valuebound10.c line 35 function main
Unwinding loop 1  iteration  1   file fermat1-ll_valuebound10.c line 40 function main
Unwinding loop 1  iteration  2   file fermat1-ll_valuebound10.c line 40 function main
Unwinding loop 1  iteration  3   file fermat1-ll_valuebound10.c line 40 function main
Unwinding loop 1  iteration  4   file fermat1-ll_valuebound10.c line 40 function main
Unwinding loop 1  iteration  5   file fermat1-ll_valuebound10.c line 40 function main
Not unwinding 
Unwinding loop 2  iteration  1   file fermat1-ll_valuebound10.c line 48 function main
Unwinding loop 2  iteration  2   file fermat1-ll_valuebound10.c line 48 function main
Unwinding loop 2  iteration  3   file fermat1-ll_valuebound10.c line 48 function main
Unwinding loop 2  iteration  4   file fermat1-ll_valuebound10.c line 48 function main
Unwinding loop 2  iteration  5   file fermat1-ll_valuebound10.c line 48 function main
Not unwinding 
Unwinding loop 3  iteration  3   file fermat1-ll_valuebound10.c line 35 function main
Unwinding loop 1  iteration  1   file fermat1-ll_valuebound10.c line 40 function main
Unwinding loop 1  iteration  2   file fermat1-ll_valuebound10.c line 40 function main
Unwinding loop 1  iteration  3   file fermat1-ll_valuebound10.c line 40 function main
Unwinding loop 1  iteration  4   file fermat1-ll_valuebound10.c line 40 function main
Unwinding loop 1  iteration  5   file fermat1-ll_valuebound10.c line 40 function main
Not unwinding 
Unwinding loop 2  iteration  1   file fermat1-ll_valuebound10.c line 48 function main
Unwinding loop 2  iteration  2   file fermat1-ll_valuebound10.c line 48 function main
Unwinding loop 2  iteration  3   file fermat1-ll_valuebound10.c line 48 function main
Unwinding loop 2  iteration  4   file fermat1-ll_valuebound10.c line 48 function main
Unwinding loop 2  iteration  5   file fermat1-ll_valuebound10.c line 48 function main
Not unwinding 
Unwinding loop 3  iteration  4   file fermat1-ll_valuebound10.c line 35 function main
Unwinding loop 1  iteration  1   file fermat1-ll_valuebound10.c line 40 function main
Unwinding loop 1  iteration  2   file fermat1-ll_valuebound10.c line 40 function main
Unwinding loop 1  iteration  3   file fermat1-ll_valuebound10.c line 40 function main
Unwinding loop 1  iteration  4   file fermat1-ll_valuebound10.c line 40 function main
Unwinding loop 1  iteration  5   file fermat1-ll_valuebound10.c line 40 function main
Not unwinding 
Unwinding loop 2  iteration  1   file fermat1-ll_valuebound10.c line 48 function main
Unwinding loop 2  iteration  2   file fermat1-ll_valuebound10.c line 48 function main
Unwinding loop 2  iteration  3   file fermat1-ll_valuebound10.c line 48 function main
Unwinding loop 2  iteration  4   file fermat1-ll_valuebound10.c line 48 function main
Unwinding loop 2  iteration  5   file fermat1-ll_valuebound10.c line 48 function main
Not unwinding 
Unwinding loop 3  iteration  5   file fermat1-ll_valuebound10.c line 35 function main
Unwinding loop 1  iteration  1   file fermat1-ll_valuebound10.c line 40 function main
Unwinding loop 1  iteration  2   file fermat1-ll_valuebound10.c line 40 function main
Unwinding loop 1  iteration  3   file fermat1-ll_valuebound10.c line 40 function main
Unwinding loop 1  iteration  4   file fermat1-ll_valuebound10.c line 40 function main
Unwinding loop 1  iteration  5   file fermat1-ll_valuebound10.c line 40 function main
Not unwinding 
Unwinding loop 2  iteration  1   file fermat1-ll_valuebound10.c line 48 function main
Unwinding loop 2  iteration  2   file fermat1-ll_valuebound10.c line 48 function main
Unwinding loop 2  iteration  3   file fermat1-ll_valuebound10.c line 48 function main
Unwinding loop 2  iteration  4   file fermat1-ll_valuebound10.c line 48 function main
Unwinding loop 2  iteration  5   file fermat1-ll_valuebound10.c line 48 function main
Not unwinding 
Not unwinding 
Symex completed in: 0.020s (661 assignments)
Slicing time: 0.022s (removed 58 assignments)
Generated 79 VCC(s), 79 remaining after simplification (603 assignments)
No solver specified; defaulting to Boolector
Encoding remaining VCC(s) using bit-vector/floating-point arithmetic
Encoding to solver time: 0.009s
Solving with solver Boolector 3.2.2
Encoding to solver time: 0.009s
Runtime decision procedure: 9.934s
BMC program time: 9.985s
No bug has been found in the base case
*** Checking forward condition, k = 6
Starting Bounded Model Checking
Unwinding loop 1  iteration  1   file fermat1-ll_valuebound10.c line 40 function main
Unwinding loop 1  iteration  2   file fermat1-ll_valuebound10.c line 40 function main
Unwinding loop 1  iteration  3   file fermat1-ll_valuebound10.c line 40 function main
Unwinding loop 1  iteration  4   file fermat1-ll_valuebound10.c line 40 function main
Unwinding loop 1  iteration  5   file fermat1-ll_valuebound10.c line 40 function main
Not unwinding 
Unwinding loop 2  iteration  1   file fermat1-ll_valuebound10.c line 48 function main
Unwinding loop 2  iteration  2   file fermat1-ll_valuebound10.c line 48 function main
Unwinding loop 2  iteration  3   file fermat1-ll_valuebound10.c line 48 function main
Unwinding loop 2  iteration  4   file fermat1-ll_valuebound10.c line 48 function main
Unwinding loop 2  iteration  5   file fermat1-ll_valuebound10.c line 48 function main
Not unwinding 
Unwinding loop 3  iteration  1   file fermat1-ll_valuebound10.c line 35 function main
Unwinding loop 1  iteration  1   file fermat1-ll_valuebound10.c line 40 function main
Unwinding loop 1  iteration  2   file fermat1-ll_valuebound10.c line 40 function main
Unwinding loop 1  iteration  3   file fermat1-ll_valuebound10.c line 40 function main
Unwinding loop 1  iteration  4   file fermat1-ll_valuebound10.c line 40 function main
Unwinding loop 1  iteration  5   file fermat1-ll_valuebound10.c line 40 function main
Not unwinding 
Unwinding loop 2  iteration  1   file fermat1-ll_valuebound10.c line 48 function main
Unwinding loop 2  iteration  2   file fermat1-ll_valuebound10.c line 48 function main
Unwinding loop 2  iteration  3   file fermat1-ll_valuebound10.c line 48 function main
Unwinding loop 2  iteration  4   file fermat1-ll_valuebound10.c line 48 function main
Unwinding loop 2  iteration  5   file fermat1-ll_valuebound10.c line 48 function main
Not unwinding 
Unwinding loop 3  iteration  2   file fermat1-ll_valuebound10.c line 35 function main
Unwinding loop 1  iteration  1   file fermat1-ll_valuebound10.c line 40 function main
Unwinding loop 1  iteration  2   file fermat1-ll_valuebound10.c line 40 function main
Unwinding loop 1  iteration  3   file fermat1-ll_valuebound10.c line 40 function main
Unwinding loop 1  iteration  4   file fermat1-ll_valuebound10.c line 40 function main
Unwinding loop 1  iteration  5   file fermat1-ll_valuebound10.c line 40 function main
Not unwinding 
Unwinding loop 2  iteration  1   file fermat1-ll_valuebound10.c line 48 function main
Unwinding loop 2  iteration  2   file fermat1-ll_valuebound10.c line 48 function main
Unwinding loop 2  iteration  3   file fermat1-ll_valuebound10.c line 48 function main
Unwinding loop 2  iteration  4   file fermat1-ll_valuebound10.c line 48 function main
Unwinding loop 2  iteration  5   file fermat1-ll_valuebound10.c line 48 function main
Not unwinding 
Unwinding loop 3  iteration  3   file fermat1-ll_valuebound10.c line 35 function main
Unwinding loop 1  iteration  1   file fermat1-ll_valuebound10.c line 40 function main
Unwinding loop 1  iteration  2   file fermat1-ll_valuebound10.c line 40 function main
Unwinding loop 1  iteration  3   file fermat1-ll_valuebound10.c line 40 function main
Unwinding loop 1  iteration  4   file fermat1-ll_valuebound10.c line 40 function main
Unwinding loop 1  iteration  5   file fermat1-ll_valuebound10.c line 40 function main
Not unwinding 
Unwinding loop 2  iteration  1   file fermat1-ll_valuebound10.c line 48 function main
Unwinding loop 2  iteration  2   file fermat1-ll_valuebound10.c line 48 function main
Unwinding loop 2  iteration  3   file fermat1-ll_valuebound10.c line 48 function main
Unwinding loop 2  iteration  4   file fermat1-ll_valuebound10.c line 48 function main
Unwinding loop 2  iteration  5   file fermat1-ll_valuebound10.c line 48 function main
Not unwinding 
Unwinding loop 3  iteration  4   file fermat1-ll_valuebound10.c line 35 function main
Unwinding loop 1  iteration  1   file fermat1-ll_valuebound10.c line 40 function main
Unwinding loop 1  iteration  2   file fermat1-ll_valuebound10.c line 40 function main
Unwinding loop 1  iteration  3   file fermat1-ll_valuebound10.c line 40 function main
Unwinding loop 1  iteration  4   file fermat1-ll_valuebound10.c line 40 function main
Unwinding loop 1  iteration  5   file fermat1-ll_valuebound10.c line 40 function main
Not unwinding 
Unwinding loop 2  iteration  1   file fermat1-ll_valuebound10.c line 48 function main
Unwinding loop 2  iteration  2   file fermat1-ll_valuebound10.c line 48 function main
Unwinding loop 2  iteration  3   file fermat1-ll_valuebound10.c line 48 function main
Unwinding loop 2  iteration  4   file fermat1-ll_valuebound10.c line 48 function main
Unwinding loop 2  iteration  5   file fermat1-ll_valuebound10.c line 48 function main
Not unwinding 
Unwinding loop 3  iteration  5   file fermat1-ll_valuebound10.c line 35 function main
Unwinding loop 1  iteration  1   file fermat1-ll_valuebound10.c line 40 function main
Unwinding loop 1  iteration  2   file fermat1-ll_valuebound10.c line 40 function main
Unwinding loop 1  iteration  3   file fermat1-ll_valuebound10.c line 40 function main
Unwinding loop 1  iteration  4   file fermat1-ll_valuebound10.c line 40 function main
Unwinding loop 1  iteration  5   file fermat1-ll_valuebound10.c line 40 function main
Not unwinding 
Unwinding loop 2  iteration  1   file fermat1-ll_valuebound10.c line 48 function main
Unwinding loop 2  iteration  2   file fermat1-ll_valuebound10.c line 48 function main
Unwinding loop 2  iteration  3   file fermat1-ll_valuebound10.c line 48 function main
Unwinding loop 2  iteration  4   file fermat1-ll_valuebound10.c line 48 function main
Unwinding loop 2  iteration  5   file fermat1-ll_valuebound10.c line 48 function main
Not unwinding 
Not unwinding 
Symex completed in: 0.022s (582 assignments)
Slicing time: 0.008s (removed 236 assignments)
Generated 13 VCC(s), 13 remaining after simplification (346 assignments)
No solver specified; defaulting to Boolector
Encoding remaining VCC(s) using bit-vector/floating-point arithmetic
Encoding to solver time: 0.004s
Solving with solver Boolector 3.2.2
Encoding to solver time: 0.004s
Runtime decision procedure: 1.001s
BMC program time: 1.036s
Building successful trace

VERIFICATION SUCCESSFUL

Solution found by the forward condition; all states are reachable (k = 6


TRUE
