./esbmc-wrapper.py -p ../sv-benchmarks/c/properties/unreach-call.prp -s kinduction --arch 32 ../sv-benchmarks/c/goblint-regression/36-apron_21-traces-cluster-based_true.i


--------------------------------------------------------------------------------


Found pthread benchmark!
Verifying with ESBMC
Command: ./esbmc --no-div-by-zero-check --force-malloc-success --state-hashing --add-symex-value-sets --no-align-check --k-step 5 --floatbv --unlimited-k-steps ../sv-benchmarks/c/goblint-regression/36-apron_21-traces-cluster-based_true.i --32  --no-por --context-bound 2 --no-goto-merge --witness-output 36-apron_21-traces-cluster-based_true.i.graphml --no-pointer-check --no-bounds-check --goto-unwind --unlimited-goto-unwind --incremental-bmc 
ESBMC version 6.8.0 64-bit x86_64 linux
Target: 32-bit little-endian x86_64-unknown-linux with esbmc libc
file ../sv-benchmarks/c/goblint-regression/36-apron_21-traces-cluster-based_true.i: Parsing
Converting
Generating GOTO Program
GOTO program creation time: 0.128s
GOTO program processing time: 0.002s
*** Checking base case, k = 1
Starting Bounded Model Checking
Symex completed in: 0.025s (236 assignments)
Slicing time: 0.000s (removed 195 assignments)
Generated 2 VCC(s), 2 remaining after simplification (41 assignments)
No solver specified; defaulting to Boolector
Encoding remaining VCC(s) using bit-vector/floating-point arithmetic
Encoding to solver time: 0.000s
Solving with solver Boolector 3.2.2
Encoding to solver time: 0.000s
Runtime decision procedure: 0.000s
BMC program time: 0.026s
*** Thread interleavings 2 ***
Symex completed in: 0.006s (236 assignments)
Slicing time: 0.000s (removed 195 assignments)
Generated 2 VCC(s), 2 remaining after simplification (41 assignments)
No solver specified; defaulting to Boolector
Encoding remaining VCC(s) using bit-vector/floating-point arithmetic
Encoding to solver time: 0.001s
Solving with solver Boolector 3.2.2
Encoding to solver time: 0.001s
Runtime decision procedure: 0.000s
BMC program time: 0.008s
*** Thread interleavings 3 ***
Symex completed in: 0.008s (236 assignments)
Slicing time: 0.000s (removed 195 assignments)
Generated 2 VCC(s), 2 remaining after simplification (41 assignments)
No solver specified; defaulting to Boolector
Encoding remaining VCC(s) using bit-vector/floating-point arithmetic
Encoding to solver time: 0.000s
Solving with solver Boolector 3.2.2
Encoding to solver time: 0.000s
Runtime decision procedure: 0.000s
BMC program time: 0.009s
*** Thread interleavings 4 ***
Symex completed in: 0.005s (235 assignments)
Slicing time: 0.001s (removed 195 assignments)
Generated 1 VCC(s), 1 remaining after simplification (40 assignments)
No solver specified; defaulting to Boolector
Encoding remaining VCC(s) using bit-vector/floating-point arithmetic
Encoding to solver time: 0.000s
Solving with solver Boolector 3.2.2
Encoding to solver time: 0.000s
Runtime decision procedure: 0.000s
BMC program time: 0.006s
*** Thread interleavings 5 ***
Symex completed in: 0.008s (236 assignments)
Slicing time: 0.000s (removed 195 assignments)
Generated 2 VCC(s), 2 remaining after simplification (41 assignments)
No solver specified; defaulting to Boolector
Encoding remaining VCC(s) using bit-vector/floating-point arithmetic
Encoding to solver time: 0.000s
Solving with solver Boolector 3.2.2
Encoding to solver time: 0.000s
Runtime decision procedure: 0.000s
BMC program time: 0.009s
*** Thread interleavings 6 ***
Symex completed in: 0.004s (235 assignments)
Slicing time: 0.000s (removed 195 assignments)
Generated 1 VCC(s), 1 remaining after simplification (40 assignments)
No solver specified; defaulting to Boolector
Encoding remaining VCC(s) using bit-vector/floating-point arithmetic
Encoding to solver time: 0.001s
Solving with solver Boolector 3.2.2
Encoding to solver time: 0.001s
Runtime decision procedure: 0.000s
BMC program time: 0.005s
*** Thread interleavings 7 ***
Symex completed in: 0.008s (234 assignments)
Slicing time: 0.000s (removed 193 assignments)
Generated 2 VCC(s), 2 remaining after simplification (41 assignments)
No solver specified; defaulting to Boolector
Encoding remaining VCC(s) using bit-vector/floating-point arithmetic
Encoding to solver time: 0.000s
Solving with solver Boolector 3.2.2
Encoding to solver time: 0.000s
Runtime decision procedure: 0.000s
BMC program time: 0.009s
*** Thread interleavings 8 ***
Symex completed in: 0.006s (229 assignments)
Slicing time: 0.000s (removed 190 assignments)
Generated 1 VCC(s), 1 remaining after simplification (39 assignments)
No solver specified; defaulting to Boolector
Encoding remaining VCC(s) using bit-vector/floating-point arithmetic
Encoding to solver time: 0.001s
Solving with solver Boolector 3.2.2
Encoding to solver time: 0.001s
Runtime decision procedure: 0.000s
BMC program time: 0.007s
*** Thread interleavings 9 ***
Symex completed in: 0.008s (230 assignments)
Slicing time: 0.000s (removed 188 assignments)
Generated 2 VCC(s), 2 remaining after simplification (42 assignments)
No solver specified; defaulting to Boolector
Encoding remaining VCC(s) using bit-vector/floating-point arithmetic
Encoding to solver time: 0.000s
Solving with solver Boolector 3.2.2
Encoding to solver time: 0.000s
Runtime decision procedure: 0.000s
BMC program time: 0.009s
*** Thread interleavings 10 ***
Symex completed in: 0.005s (229 assignments)
Slicing time: 0.000s (removed 190 assignments)
Generated 1 VCC(s), 1 remaining after simplification (39 assignments)
No solver specified; defaulting to Boolector
Encoding remaining VCC(s) using bit-vector/floating-point arithmetic
Encoding to solver time: 0.000s
Solving with solver Boolector 3.2.2
Encoding to solver time: 0.000s
Runtime decision procedure: 0.000s
BMC program time: 0.006s
*** Thread interleavings 11 ***
Symex completed in: 0.009s (233 assignments)
Slicing time: 0.000s (removed 192 assignments)
Generated 2 VCC(s), 2 remaining after simplification (41 assignments)
No solver specified; defaulting to Boolector
Encoding remaining VCC(s) using bit-vector/floating-point arithmetic
Encoding to solver time: 0.000s
Solving with solver Boolector 3.2.2
Encoding to solver time: 0.000s
Runtime decision procedure: 0.000s
BMC program time: 0.010s
*** Thread interleavings 12 ***
Symex completed in: 0.006s (228 assignments)
Slicing time: 0.001s (removed 190 assignments)
Generated 1 VCC(s), 1 remaining after simplification (38 assignments)
No solver specified; defaulting to Boolector
Encoding remaining VCC(s) using bit-vector/floating-point arithmetic
Encoding to solver time: 0.000s
Solving with solver Boolector 3.2.2
Encoding to solver time: 0.000s
Runtime decision procedure: 0.000s
BMC program time: 0.007s
*** Thread interleavings 13 ***
Symex completed in: 0.008s (229 assignments)
Slicing time: 0.001s (removed 187 assignments)
Generated 2 VCC(s), 2 remaining after simplification (42 assignments)
No solver specified; defaulting to Boolector
Encoding remaining VCC(s) using bit-vector/floating-point arithmetic
Encoding to solver time: 0.001s
Solving with solver Boolector 3.2.2
Encoding to solver time: 0.001s
Runtime decision procedure: 0.000s
BMC program time: 0.010s
*** Thread interleavings 14 ***
Symex completed in: 0.005s (228 assignments)
Slicing time: 0.000s (removed 190 assignments)
Generated 1 VCC(s), 1 remaining after simplification (38 assignments)
No solver specified; defaulting to Boolector
Encoding remaining VCC(s) using bit-vector/floating-point arithmetic
Encoding to solver time: 0.000s
Solving with solver Boolector 3.2.2
Encoding to solver time: 0.000s
Runtime decision procedure: 0.000s
BMC program time: 0.006s
*** Thread interleavings 15 ***
Symex completed in: 0.011s (236 assignments)
Slicing time: 0.000s (removed 197 assignments)
Generated 2 VCC(s), 2 remaining after simplification (39 assignments)
No solver specified; defaulting to Boolector
Encoding remaining VCC(s) using bit-vector/floating-point arithmetic
Encoding to solver time: 0.000s
Solving with solver Boolector 3.2.2
Encoding to solver time: 0.000s
Runtime decision procedure: 0.000s
BMC program time: 0.012s
*** Thread interleavings 16 ***
Symex completed in: 0.007s (231 assignments)
Slicing time: 0.000s (removed 195 assignments)
Generated 1 VCC(s), 1 remaining after simplification (36 assignments)
No solver specified; defaulting to Boolector
Encoding remaining VCC(s) using bit-vector/floating-point arithmetic
Encoding to solver time: 0.000s
Solving with solver Boolector 3.2.2
Encoding to solver time: 0.000s
Runtime decision procedure: 0.000s
BMC program time: 0.008s
*** Thread interleavings 17 ***
Symex completed in: 0.009s (232 assignments)
Slicing time: 0.000s (removed 192 assignments)
Generated 2 VCC(s), 2 remaining after simplification (40 assignments)
No solver specified; defaulting to Boolector
Encoding remaining VCC(s) using bit-vector/floating-point arithmetic
Encoding to solver time: 0.001s
Solving with solver Boolector 3.2.2
Encoding to solver time: 0.001s
Runtime decision procedure: 0.000s
BMC program time: 0.011s
*** Thread interleavings 18 ***
Symex completed in: 0.006s (231 assignments)
Slicing time: 0.001s (removed 195 assignments)
Generated 1 VCC(s), 1 remaining after simplification (36 assignments)
No solver specified; defaulting to Boolector
Encoding remaining VCC(s) using bit-vector/floating-point arithmetic
Encoding to solver time: 0.000s
Solving with solver Boolector 3.2.2
Encoding to solver time: 0.000s
Runtime decision procedure: 0.000s
BMC program time: 0.007s
*** Thread interleavings 19 ***
Symex completed in: 0.009s (231 assignments)
Slicing time: 0.000s (removed 192 assignments)
Generated 2 VCC(s), 2 remaining after simplification (39 assignments)
No solver specified; defaulting to Boolector
Encoding remaining VCC(s) using bit-vector/floating-point arithmetic
Encoding to solver time: 0.001s
Solving with solver Boolector 3.2.2
Encoding to solver time: 0.001s
Runtime decision procedure: 0.000s
BMC program time: 0.011s
*** Thread interleavings 20 ***
Symex completed in: 0.008s (226 assignments)
Slicing time: 0.000s (removed 190 assignments)
Generated 1 VCC(s), 1 remaining after simplification (36 assignments)
No solver specified; defaulting to Boolector
Encoding remaining VCC(s) using bit-vector/floating-point arithmetic
Encoding to solver time: 0.000s
Solving with solver Boolector 3.2.2
Encoding to solver time: 0.000s
Runtime decision procedure: 0.000s
BMC program time: 0.009s
*** Thread interleavings 21 ***
Symex completed in: 0.009s (227 assignments)
Slicing time: 0.001s (removed 187 assignments)
Generated 2 VCC(s), 2 remaining after simplification (40 assignments)
No solver specified; defaulting to Boolector
Encoding remaining VCC(s) using bit-vector/floating-point arithmetic
Encoding to solver time: 0.000s
Solving with solver Boolector 3.2.2
Encoding to solver time: 0.000s
Runtime decision procedure: 0.000s
BMC program time: 0.010s
*** Thread interleavings 22 ***
Symex completed in: 0.006s (226 assignments)
Slicing time: 0.001s (removed 190 assignments)
Generated 1 VCC(s), 1 remaining after simplification (36 assignments)
No solver specified; defaulting to Boolector
Encoding remaining VCC(s) using bit-vector/floating-point arithmetic
Encoding to solver time: 0.000s
Solving with solver Boolector 3.2.2
Encoding to solver time: 0.000s
Runtime decision procedure: 0.000s
BMC program time: 0.007s
*** Thread interleavings 23 ***
Symex completed in: 0.010s (230 assignments)
Slicing time: 0.000s (removed 194 assignments)
Generated 2 VCC(s), 2 remaining after simplification (36 assignments)
No solver specified; defaulting to Boolector
Encoding remaining VCC(s) using bit-vector/floating-point arithmetic
Encoding to solver time: 0.001s
Solving with solver Boolector 3.2.2
Encoding to solver time: 0.001s
Runtime decision procedure: 0.000s
BMC program time: 0.011s
*** Thread interleavings 24 ***
Symex completed in: 0.008s (225 assignments)
Slicing time: 0.000s (removed 193 assignments)
Generated 1 VCC(s), 1 remaining after simplification (32 assignments)
No solver specified; defaulting to Boolector
Encoding remaining VCC(s) using bit-vector/floating-point arithmetic
Encoding to solver time: 0.000s
Solving with solver Boolector 3.2.2
Encoding to solver time: 0.000s
Runtime decision procedure: 0.000s
BMC program time: 0.009s
*** Thread interleavings 25 ***
Symex completed in: 0.010s (226 assignments)
Slicing time: 0.000s (removed 189 assignments)
Generated 2 VCC(s), 2 remaining after simplification (37 assignments)
No solver specified; defaulting to Boolector
Encoding remaining VCC(s) using bit-vector/floating-point arithmetic
Encoding to solver time: 0.001s
Solving with solver Boolector 3.2.2
Encoding to solver time: 0.001s
Runtime decision procedure: 0.000s
BMC program time: 0.011s
*** Thread interleavings 26 ***
Symex completed in: 0.007s (225 assignments)
Slicing time: 0.000s (removed 193 assignments)
Generated 1 VCC(s), 1 remaining after simplification (32 assignments)
No solver specified; defaulting to Boolector
Encoding remaining VCC(s) using bit-vector/floating-point arithmetic
Encoding to solver time: 0.000s
Solving with solver Boolector 3.2.2
Encoding to solver time: 0.000s
Runtime decision procedure: 0.000s
BMC program time: 0.008s
*** Thread interleavings 27 ***
Symex completed in: 0.010s (226 assignments)
Slicing time: 0.001s (removed 196 assignments)
Generated 1 VCC(s), 1 remaining after simplification (30 assignments)
No solver specified; defaulting to Boolector
Encoding remaining VCC(s) using bit-vector/floating-point arithmetic
Encoding to solver time: 0.000s
Solving with solver Boolector 3.2.2
Encoding to solver time: 0.000s
Runtime decision procedure: 0.000s
BMC program time: 0.011s
*** Thread interleavings 28 ***
Symex completed in: 0.007s (219 assignments)
Slicing time: 0.000s (removed 198 assignments)
Generated 0 VCC(s), 0 remaining after simplification (21 assignments)
BMC program time: 0.008s
*** Thread interleavings 29 ***
Symex completed in: 0.009s (222 assignments)
Slicing time: 0.000s (removed 191 assignments)
Generated 1 VCC(s), 1 remaining after simplification (31 assignments)
No solver specified; defaulting to Boolector
Encoding remaining VCC(s) using bit-vector/floating-point arithmetic
Encoding to solver time: 0.001s
Solving with solver Boolector 3.2.2
Encoding to solver time: 0.001s
Runtime decision procedure: 0.000s
BMC program time: 0.011s
*** Thread interleavings 30 ***
Symex completed in: 0.007s (219 assignments)
Slicing time: 0.000s (removed 198 assignments)
Generated 0 VCC(s), 0 remaining after simplification (21 assignments)
BMC program time: 0.007s
*** Thread interleavings 31 ***
Symex completed in: 0.012s (229 assignments)
Slicing time: 0.000s (removed 201 assignments)
Generated 1 VCC(s), 1 remaining after simplification (28 assignments)
No solver specified; defaulting to Boolector
Encoding remaining VCC(s) using bit-vector/floating-point arithmetic
Encoding to solver time: 0.000s
Solving with solver Boolector 3.2.2
Encoding to solver time: 0.000s
Runtime decision procedure: 0.000s
BMC program time: 0.013s
*** Thread interleavings 32 ***
Symex completed in: 0.008s (222 assignments)
Slicing time: 0.000s (removed 203 assignments)
Generated 0 VCC(s), 0 remaining after simplification (19 assignments)
BMC program time: 0.009s
*** Thread interleavings 33 ***
Symex completed in: 0.011s (225 assignments)
Slicing time: 0.000s (removed 196 assignments)
Generated 1 VCC(s), 1 remaining after simplification (29 assignments)
No solver specified; defaulting to Boolector
Encoding remaining VCC(s) using bit-vector/floating-point arithmetic
Encoding to solver time: 0.000s
Solving with solver Boolector 3.2.2
Encoding to solver time: 0.000s
Runtime decision procedure: 0.000s
BMC program time: 0.012s
*** Thread interleavings 34 ***
Symex completed in: 0.007s (222 assignments)
Slicing time: 0.000s (removed 203 assignments)
Generated 0 VCC(s), 0 remaining after simplification (19 assignments)
BMC program time: 0.007s
*** Thread interleavings 35 ***
Symex completed in: 0.012s (228 assignments)
Slicing time: 0.000s (removed 201 assignments)
Generated 1 VCC(s), 1 remaining after simplification (27 assignments)
No solver specified; defaulting to Boolector
Encoding remaining VCC(s) using bit-vector/floating-point arithmetic
Encoding to solver time: 0.000s
Solving with solver Boolector 3.2.2
Encoding to solver time: 0.000s
Runtime decision procedure: 0.000s
BMC program time: 0.013s
*** Thread interleavings 36 ***
Symex completed in: 0.008s (221 assignments)
Slicing time: 0.001s (removed 203 assignments)
Generated 0 VCC(s), 0 remaining after simplification (18 assignments)
BMC program time: 0.009s
*** Thread interleavings 37 ***
Symex completed in: 0.011s (224 assignments)
Slicing time: 0.000s (removed 196 assignments)
Generated 1 VCC(s), 1 remaining after simplification (28 assignments)
No solver specified; defaulting to Boolector
Encoding remaining VCC(s) using bit-vector/floating-point arithmetic
Encoding to solver time: 0.000s
Solving with solver Boolector 3.2.2
Encoding to solver time: 0.000s
Runtime decision procedure: 0.000s
BMC program time: 0.012s
*** Thread interleavings 38 ***
Symex completed in: 0.008s (221 assignments)
Slicing time: 0.000s (removed 203 assignments)
Generated 0 VCC(s), 0 remaining after simplification (18 assignments)
BMC program time: 0.008s
*** Thread interleavings 39 ***
Symex completed in: 0.012s (227 assignments)
Slicing time: 0.001s (removed 201 assignments)
Generated 1 VCC(s), 1 remaining after simplification (26 assignments)
No solver specified; defaulting to Boolector
Encoding remaining VCC(s) using bit-vector/floating-point arithmetic
Encoding to solver time: 0.000s
Solving with solver Boolector 3.2.2
Encoding to solver time: 0.000s
Runtime decision procedure: 0.000s
BMC program time: 0.013s
*** Thread interleavings 40 ***
Symex completed in: 0.010s (224 assignments)
Slicing time: 0.000s (removed 208 assignments)
Generated 0 VCC(s), 0 remaining after simplification (16 assignments)
BMC program time: 0.010s
*** Thread interleavings 41 ***
Symex completed in: 0.013s (227 assignments)
Slicing time: 0.000s (removed 201 assignments)
Generated 1 VCC(s), 1 remaining after simplification (26 assignments)
No solver specified; defaulting to Boolector
Encoding remaining VCC(s) using bit-vector/floating-point arithmetic
Encoding to solver time: 0.000s
Solving with solver Boolector 3.2.2
Encoding to solver time: 0.000s
Runtime decision procedure: 0.000s
BMC program time: 0.014s
*** Thread interleavings 42 ***
Symex completed in: 0.008s (224 assignments)
Slicing time: 0.001s (removed 208 assignments)
Generated 0 VCC(s), 0 remaining after simplification (16 assignments)
BMC program time: 0.009s
*** Thread interleavings 43 ***
Symex completed in: 0.013s (227 assignments)
Slicing time: 0.000s (removed 195 assignments)
Generated 2 VCC(s), 2 remaining after simplification (32 assignments)
No solver specified; defaulting to Boolector
Encoding remaining VCC(s) using bit-vector/floating-point arithmetic
Encoding to solver time: 0.000s
Solving with solver Boolector 3.2.2
Encoding to solver time: 0.000s
Runtime decision procedure: 0.000s
BMC program time: 0.014s
*** Thread interleavings 44 ***
Symex completed in: 0.006s (227 assignments)
Slicing time: 0.000s (removed 195 assignments)
Generated 2 VCC(s), 2 remaining after simplification (32 assignments)
No solver specified; defaulting to Boolector
Encoding remaining VCC(s) using bit-vector/floating-point arithmetic
Encoding to solver time: 0.001s
Solving with solver Boolector 3.2.2
Encoding to solver time: 0.001s
Runtime decision procedure: 0.000s
BMC program time: 0.008s
*** Thread interleavings 45 ***
Symex completed in: 0.014s (227 assignments)
Slicing time: 0.000s (removed 185 assignments)
Generated 2 VCC(s), 2 remaining after simplification (42 assignments)
No solver specified; defaulting to Boolector
Encoding remaining VCC(s) using bit-vector/floating-point arithmetic
Encoding to solver time: 0.001s
Solving with solver Boolector 3.2.2
Encoding to solver time: 0.001s
Runtime decision procedure: 0.000s
BMC program time: 0.016s
*** Thread interleavings 46 ***
Symex completed in: 0.007s (227 assignments)
Slicing time: 0.000s (removed 186 assignments)
Generated 2 VCC(s), 2 remaining after simplification (41 assignments)
No solver specified; defaulting to Boolector
Encoding remaining VCC(s) using bit-vector/floating-point arithmetic
Encoding to solver time: 0.001s
Solving with solver Boolector 3.2.2
Encoding to solver time: 0.001s
Runtime decision procedure: 0.000s
BMC program time: 0.009s
*** Thread interleavings 47 ***
Symex completed in: 0.012s (228 assignments)
Slicing time: 0.000s (removed 186 assignments)
Generated 2 VCC(s), 2 remaining after simplification (42 assignments)
No solver specified; defaulting to Boolector
Encoding remaining VCC(s) using bit-vector/floating-point arithmetic
Encoding to solver time: 0.001s
Solving with solver Boolector 3.2.2
Encoding to solver time: 0.001s
Runtime decision procedure: 0.000s
BMC program time: 0.014s
*** Thread interleavings 48 ***
Symex completed in: 0.006s (228 assignments)
Slicing time: 0.000s (removed 187 assignments)
Generated 2 VCC(s), 2 rem
../sv-benchmarks/c/goblint-regression/36-apron_21-traces-cluster-based_true.i:507:12: warning: declaration of built-in function '__sigsetjmp' requires the declaration of the 'jmp_buf' type, commonly provided in the header <setjmp.h>. [-Wincomplete-setjmp-declaration]
extern int __sigsetjmp (struct __jmp_buf_tag *__env, int __savemask) __attribute__ ((__nothrow__));
           ^
There are goto statements that shouldn't be merged at this point

Unknown
