./esbmc-wrapper.py -p ../sv-benchmarks/c/properties/unreach-call.prp -s kinduction --arch 32 ../sv-benchmarks/c/seq-mthreaded/rekcba_nxt.2.M1-1.c


--------------------------------------------------------------------------------


Verifying with ESBMC
Command: ./esbmc --no-div-by-zero-check --force-malloc-success --state-hashing --add-symex-value-sets --no-align-check --k-step 5 --floatbv --unlimited-k-steps ../sv-benchmarks/c/seq-mthreaded/rekcba_nxt.2.M1-1.c --32 --witness-output rekcba_nxt.2.M1-1.c.graphml --no-pointer-check --no-bounds-check --interval-analysis --goto-unwind --unlimited-goto-unwind --k-induction --max-inductive-step 3 
ESBMC version 6.8.0 64-bit x86_64 linux
Target: 32-bit little-endian x86_64-unknown-linux with esbmc libc
file ../sv-benchmarks/c/seq-mthreaded/rekcba_nxt.2.M1-1.c: Parsing
Converting
Generating GOTO Program
GOTO program creation time: 0.392s
GOTO program processing time: 0.234s
*** Checking base case, k = 1
Starting Bounded Model Checking
Symex completed in: 0.954s (7962 assignments)
Slicing time: 0.029s (removed 4523 assignments)
Generated 24 VCC(s), 24 remaining after simplification (3439 assignments)
No solver specified; defaulting to Boolector
Encoding remaining VCC(s) using bit-vector/floating-point arithmetic
Encoding to solver time: 0.067s
Solving with solver Boolector 3.2.2
Encoding to solver time: 0.067s
Runtime decision procedure: 44.639s
Building error trace

Counterexample:

State 1 file rekcba_nxt.2.M1-1.c line 420 function __startrek_schedule_jobs thread 0
----------------------------------------------------
  __startrek_start_t0[0] = 2 (00000010)

State 2 file rekcba_nxt.2.M1-1.c line 421 function __startrek_schedule_jobs thread 0
----------------------------------------------------
  __startrek_end_t0[0] = 6 (00000110)

State 3 file rekcba_nxt.2.M1-1.c line 425 function __startrek_schedule_jobs thread 0
----------------------------------------------------
  __startrek_start_t1[0] = 2 (00000010)

State 4 file rekcba_nxt.2.M1-1.c line 426 function __startrek_schedule_jobs thread 0
----------------------------------------------------
  __startrek_end_t1[0] = 3 (00000011)

State 5 file rekcba_nxt.2.M1-1.c line 427 function __startrek_schedule_jobs thread 0
----------------------------------------------------
  __startrek_start_t1[1] = 9 (00001001)

State 6 file rekcba_nxt.2.M1-1.c line 428 function __startrek_schedule_jobs thread 0
----------------------------------------------------
  __startrek_end_t1[1] = 9 (00001001)

State 7 file rekcba_nxt.2.M1-1.c line 451 function __startrek_schedule_jobs thread 0
----------------------------------------------------
  __startrek_start_t2[0] = 0 (00000000)

State 8 file rekcba_nxt.2.M1-1.c line 452 function __startrek_schedule_jobs thread 0
----------------------------------------------------
  __startrek_end_t2[0] = 0 (00000000)

State 9 file rekcba_nxt.2.M1-1.c line 453 function __startrek_schedule_jobs thread 0
----------------------------------------------------
  __startrek_start_t2[1] = 1 (00000001)

State 10 file rekcba_nxt.2.M1-1.c line 454 function __startrek_schedule_jobs thread 0
----------------------------------------------------
  __startrek_end_t2[1] = 1 (00000001)

State 11 file rekcba_nxt.2.M1-1.c line 455 function __startrek_schedule_jobs thread 0
----------------------------------------------------
  __startrek_start_t2[2] = 2 (00000010)

State 12 file rekcba_nxt.2.M1-1.c line 456 function __startrek_schedule_jobs thread 0
----------------------------------------------------
  __startrek_end_t2[2] = 2 (00000010)

State 13 file rekcba_nxt.2.M1-1.c line 457 function __startrek_schedule_jobs thread 0
----------------------------------------------------
  __startrek_start_t2[3] = 4 (00000100)

State 14 file rekcba_nxt.2.M1-1.c line 458 function __startrek_schedule_jobs thread 0
----------------------------------------------------
  __startrek_end_t2[3] = 4 (00000100)

State 15 file rekcba_nxt.2.M1-1.c line 459 function __startrek_schedule_jobs thread 0
----------------------------------------------------
  __startrek_start_t2[4] = 5 (00000101)

State 16 file rekcba_nxt.2.M1-1.c line 460 function __startrek_schedule_jobs thread 0
----------------------------------------------------
  __startrek_end_t2[4] = 5 (00000101)

State 17 file rekcba_nxt.2.M1-1.c line 461 function __startrek_schedule_jobs thread 0
----------------------------------------------------
  __startrek_start_t2[5] = 7 (00000111)

State 18 file rekcba_nxt.2.M1-1.c line 462 function __startrek_schedule_jobs thread 0
----------------------------------------------------
  __startrek_end_t2[5] = 7 (00000111)

State 19 file rekcba_nxt.2.M1-1.c line 463 function __startrek_schedule_jobs thread 0
----------------------------------------------------
  __startrek_start_t2[6] = 8 (00001000)

State 20 file rekcba_nxt.2.M1-1.c line 464 function __startrek_schedule_jobs thread 0
----------------------------------------------------
  __startrek_end_t2[6] = 8 (00001000)

State 21 file rekcba_nxt.2.M1-1.c line 465 function __startrek_schedule_jobs thread 0
----------------------------------------------------
  __startrek_start_t2[7] = 10 (00001010)

State 22 file rekcba_nxt.2.M1-1.c line 466 function __startrek_schedule_jobs thread 0
----------------------------------------------------
  __startrek_end_t2[7] = 10 (00001010)

State 23 file rekcba_nxt.2.M1-1.c line 467 function __startrek_schedule_jobs thread 0
----------------------------------------------------
  __startrek_start_t2[8] = 11 (00001011)

State 24 file rekcba_nxt.2.M1-1.c line 468 function __startrek_schedule_jobs thread 0
----------------------------------------------------
  __startrek_end_t2[8] = 11 (00001011)

State 25 file rekcba_nxt.2.M1-1.c line 469 function __startrek_schedule_jobs thread 0
----------------------------------------------------
  __startrek_start_t2[9] = 12 (00001100)

State 26 file rekcba_nxt.2.M1-1.c line 470 function __startrek_schedule_jobs thread 0
----------------------------------------------------
  __startrek_end_t2[9] = 12 (00001100)

State 27 file rekcba_nxt.2.M1-1.c line 471 function __startrek_schedule_jobs thread 0
----------------------------------------------------
  __startrek_start_t2[10] = 13 (00001101)

State 28 file rekcba_nxt.2.M1-1.c line 472 function __startrek_schedule_jobs thread 0
----------------------------------------------------
  __startrek_end_t2[10] = 13 (00001101)

State 29 file rekcba_nxt.2.M1-1.c line 473 function __startrek_schedule_jobs thread 0
----------------------------------------------------
  __startrek_start_t2[11] = 14 (00001110)

State 30 file rekcba_nxt.2.M1-1.c line 474 function __startrek_schedule_jobs thread 0
----------------------------------------------------
  __startrek_end_t2[11] = 14 (00001110)

State 31 file rekcba_nxt.2.M1-1.c line 475 function __startrek_schedule_jobs thread 0
----------------------------------------------------
  __startrek_start_t2[12] = 15 (00001111)

State 32 file rekcba_nxt.2.M1-1.c line 476 function __startrek_schedule_jobs thread 0
----------------------------------------------------
  __startrek_end_t2[12] = 15 (00001111)

State 33 file rekcba_nxt.2.M1-1.c line 477 function __startrek_schedule_jobs thread 0
----------------------------------------------------
  __startrek_start_t2[13] = 16 (00010000)

State 34 file rekcba_nxt.2.M1-1.c line 478 function __startrek_schedule_jobs thread 0
----------------------------------------------------
  __startrek_end_t2[13] = 16 (00010000)

State 35 file rekcba_nxt.2.M1-1.c line 479 function __startrek_schedule_jobs thread 0
----------------------------------------------------
  __startrek_start_t2[14] = 17 (00010001)

State 36 file rekcba_nxt.2.M1-1.c line 480 function __startrek_schedule_jobs thread 0
----------------------------------------------------
  __startrek_end_t2[14] = 17 (00010001)

State 37 file rekcba_nxt.2.M1-1.c line 481 function __startrek_schedule_jobs thread 0
----------------------------------------------------
  __startrek_start_t2[15] = 18 (00010010)

State 38 file rekcba_nxt.2.M1-1.c line 482 function __startrek_schedule_jobs thread 0
----------------------------------------------------
  __startrek_end_t2[15] = 18 (00010010)

State 39 file rekcba_nxt.2.M1-1.c line 483 function __startrek_schedule_jobs thread 0
----------------------------------------------------
  __startrek_start_t2[16] = 19 (00010011)

State 40 file rekcba_nxt.2.M1-1.c line 484 function __startrek_schedule_jobs thread 0
----------------------------------------------------
  __startrek_end_t2[16] = 19 (00010011)

State 41 file rekcba_nxt.2.M1-1.c line 485 function __startrek_schedule_jobs thread 0
----------------------------------------------------
  __startrek_start_t2[17] = 20 (00010100)

State 42 file rekcba_nxt.2.M1-1.c line 486 function __startrek_schedule_jobs thread 0
----------------------------------------------------
  __startrek_end_t2[17] = 20 (00010100)

State 43 file rekcba_nxt.2.M1-1.c line 487 function __startrek_schedule_jobs thread 0
----------------------------------------------------
  __startrek_start_t2[18] = 21 (00010101)

State 44 file rekcba_nxt.2.M1-1.c line 488 function __startrek_schedule_jobs thread 0
----------------------------------------------------
  __startrek_end_t2[18] = 21 (00010101)

State 45 file rekcba_nxt.2.M1-1.c line 489 function __startrek_schedule_jobs thread 0
----------------------------------------------------
  __startrek_start_t2[19] = 22 (00010110)

State 46 file rekcba_nxt.2.M1-1.c line 490 function __startrek_schedule_jobs thread 0
----------------------------------------------------
  __startrek_end_t2[19] = 22 (00010110)

State 47 file rekcba_nxt.2.M1-1.c line 491 function __startrek_schedule_jobs thread 0
----------------------------------------------------
  __startrek_start_t2[20] = 23 (00010111)

State 48 file rekcba_nxt.2.M1-1.c line 492 function __startrek_schedule_jobs thread 0
----------------------------------------------------
  __startrek_end_t2[20] = 23 (00010111)

State 49 file rekcba_nxt.2.M1-1.c line 493 function __startrek_schedule_jobs thread 0
----------------------------------------------------
  __startrek_start_t2[21] = 24 (00011000)

State 50 file rekcba_nxt.2.M1-1.c line 494 function __startrek_schedule_jobs thread 0
----------------------------------------------------
  __startrek_end_t2[21] = 24 (00011000)

State 51 file rekcba_nxt.2.M1-1.c line 495 function __startrek_schedule_jobs thread 0
----------------------------------------------------
  __startrek_start_t2[22] = 25 (00011001)

State 52 file rekcba_nxt.2.M1-1.c line 496 function __startrek_schedule_jobs thread 0
----------------------------------------------------
  __startrek_end_t2[22] = 25 (00011001)

State 53 file rekcba_nxt.2.M1-1.c line 497 function __startrek_schedule_jobs thread 0
----------------------------------------------------
  __startrek_start_t2[23] = 26 (00011010)

State 54 file rekcba_nxt.2.M1-1.c line 498 function __startrek_schedule_jobs thread 0
----------------------------------------------------
  __startrek_end_t2[23] = 26 (00011010)

State 55 file rekcba_nxt.2.M1-1.c line 1172 function __startrek_init_globals thread 0
----------------------------------------------------
  _i_observer_obstacle_flag_[1] = 0

State 56 file rekcba_nxt.2.M1-1.c line 1173 function __startrek_init_globals thread 0
----------------------------------------------------
  _observer_obstacle_flag_[1] = 0

State 57 file rekcba_nxt.2.M1-1.c line 1174 function __startrek_init_globals thread 0
----------------------------------------------------
  _i_observer_obstacle_flag_[2] = 0

State 58 file rekcba_nxt.2.M1-1.c line 1175 function __startrek_init_globals thread 0
----------------------------------------------------
  _observer_obstacle_flag_[2] = 0

State 59 file rekcba_nxt.2.M1-1.c line 1176 function __startrek_init_globals thread 0
----------------------------------------------------
  _i_observer_obstacle_flag_[3] = 1

State 60 file rekcba_nxt.2.M1-1.c line 1177 function __startrek_init_globals thread 0
----------------------------------------------------
  _observer_obstacle_flag_[3] = 1

State 61 file rekcba_nxt.2.M1-1.c line 1178 function __startrek_init_globals thread 0
----------------------------------------------------
  _i_observer_obstacle_flag_[4] = 1

State 62 file rekcba_nxt.2.M1-1.c line 1179 function __startrek_init_globals thread 0
----------------------------------------------------
  _observer_obstacle_flag_[4] = 1

State 63 file rekcba_nxt.2.M1-1.c line 1180 function __startrek_init_globals thread 0
----------------------------------------------------
  _i_observer_obstacle_flag_[5] = 1

State 64 file rekcba_nxt.2.M1-1.c line 1181 function __startrek_init_globals thread 0
----------------------------------------------------
  _observer_obstacle_flag_[5] = 1

State 65 file rekcba_nxt.2.M1-1.c line 1182 function __startrek_init_globals thread 0
----------------------------------------------------
  _i_observer_obstacle_flag_[6] = 1

State 66 file rekcba_nxt.2.M1-1.c line 1183 function __startrek_init_globals thread 0
----------------------------------------------------
  _observer_obstacle_flag_[6] = 1

State 67 file rekcba_nxt.2.M1-1.c line 1184 function __startrek_init_globals thread 0
----------------------------------------------------
  _i_observer_obstacle_flag_[7] = 1

State 68 file rekcba_nxt.2.M1-1.c line 1185 function __startrek_init_globals thread 0
----------------------------------------------------
  _observer_obstacle_flag_[7] = 1

State 69 file rekcba_nxt.2.M1-1.c line 1186 function __startrek_init_globals thread 0
----------------------------------------------------
  _i_observer_obstacle_flag_[8] = 1

State 70 file rekcba_nxt.2.M1-1.c line 1187 function __startrek_init_globals thread 0
----------------------------------------------------
  _observer_obstacle_flag_[8] = 1

State 71 file rekcba_nxt.2.M1-1.c line 1188 function __startrek_init_globals thread 0
----------------------------------------------------
  _i_observer_obstacle_flag_[9] = 1

State 72 file rekcba_nxt.2.M1-1.c line 1189 function __startrek_init_globals thread 0
----------------------------------------------------
  _observer_obstacle_flag_[9] = 1

State 73 file rekcba_nxt.2.M1-1.c line 1190 function __startrek_init_globals thread 0
----------------------------------------------------
  _i_observer_obstacle_flag_[10] = 1

State 74 file rekcba_nxt.2.M1-1.c line 1191 function __startrek_init_globals thread 0
----------------------------------------------------
  _observer_obstacle_flag_[10] = 1

State 75 file rekcba_nxt.2.M1-1.c line 1192 function __startrek_init_globals thread 0
----------------------------------------------------
  _i_observer_obstacle_flag_[11] = 1

State 76 file rekcba_nxt.2.M1-1.c line 1193 function __startrek_init_globals thread 0
----------------------------------------------------
  _observer_obstacle_flag_[11] = 1

State 77 file rekcba_nxt.2.M1-1.c line 1194 function __startrek_init_globals thread 0
----------------------------------------------------
  _i_observer_obstacle_flag_[12] = 1

State 78 file rekcba_nxt.2.M1-1.c line 1195 function __startrek_init_globals thread 0
----------------------------------------------------
  _observer_obstacle_flag_[12] = 1

State 79 file rekcba_nxt.2.M1-1.c line 1196 function __startrek_init_globals thread 0
----------------------------------------------------
  _i_observer_obstacle_flag_[13] = 1

State 80 file rekcba_nxt.2.M1-1.c line 1197 function __startrek_init_globals thread 0
----------------------------------------------------
  _observer_obstacle_flag_[13] = 1

State 81 file rekcba_nxt.2.M1-1.c line 1198 function __startrek_init_globals thread 0
----------------------------------------------------
  _i_observer_obstacle_flag_[14] = 1

State 82 file rekcba_nxt.2.M1-1.c line 1199 function __startrek_init_globals thread 0
----------------------------------------------------
  _observer_obstacle_flag_[14] = 1

State 83 file rekcba_nxt.2.M1-1.c line 1200 function __startrek_init_globals thread 0
----------------------------------------------------
  _i_observer_obstacle_flag_[15] = 1

State 84 file rekcba_nxt.2.M1-1.c line 1201 function __startrek_init_globals thread 0
----------------------------------------------------
  _observer_obstacle_flag_[15] = 1

State 85 file rekcba_nxt.2.M1-1.c line 1202 function __startrek_init_globals thread 0
----------------------------------------------------
  _i_observer_obstacle_flag_[16] = 1

State 86 file rekcba_nxt.2.M1-1.c line 1203 function __startrek_init_globals thread 0
----------------------------------------------------
  _observer_obstacle_flag_[16] = 1

State 87 file rekcba_nxt.2.M1-1.c line 1204 function __startrek_init_globals thread 0
----------------------------------------------------
  _i_observer_obstacle_flag_[17] = 1

State 88 file rekcba_nxt.2.M1-1.c line 1205 function __startrek_init_globals thread 0
----------------------------------------------------
  _observer_obstacle_flag_[17] = 1

State 89 file rekcba_nxt.2.M1-1.c line 1206 function __startrek_init_globals thread 0
----------------------------------------------------
  _i_observer_obstacle_flag_[18] = 1

State 90 file rekcba_nxt.2.M1-1.c line 1207 function __startrek_init_globals thread 0
----------------------------------------------------
  _observer_obstacle_flag_[18] = 1

State 91 file rekcba_nxt.2.M1-1.c line 1208 function __startrek_init_globals thread 0
----------------------------------------------------
  _i_observer_obstacle_flag_[19] = 1

State 92 file rekcba_nxt.2.M1-1.c line 1209 function __startrek_init_globals thread 0
----------------------------------------------------
  _observer_obstacle_flag_[19] = 1

State 93 file rekcba_nxt.2.M1-1.c line 1210 function __startrek_init_globals thread 0
----------------------------------------------------
  _i_observer_obstacle_flag_[20] = 1

State 94 file rekcba_nxt.2.M1-1.c line 1211 function __startrek_init_globals thread 0
----------------------------------------------------
  _observer_obstacle_flag_[20] = 1

State 95 file rekcba_nxt.2.M1-1.c line 1212 function __startrek_init_globals thread 0
----------------------------------------------------
  _i_observer_obstacle_flag_[21] = 1

State 96 file rekcba_nxt.2.M1-1.c line 1213 function __startrek_init_globals thread 0
----------------------------------------------------
  _observer_obstacle_flag_[21] = 1

State 97 file rekcba_nxt.2.M1-1.c line 1214 function __startrek_init_globals thread 0
----------------------------------------------------
  _i_observer_obstacle_flag_[22] = 1

State 98 file rekcba_nxt.2.M1-1.c line 1215 function __startrek_init_globals thread 0
----------------------------------------------------
  _observer_obstacle_flag_[22] = 1

State 99 file rekcba_nxt.2.M1-1.c line 1216 function __startrek_init_globals thread 0
----------------------------------------------------
  _i_observer_obstacle_flag_[23] = 1

State 100 file rekcba_nxt.2.M1-1.c line 1217 function __startrek_init_globals thread 0
----------------------------------------------------
  _observer_obstacle_flag_[23] = 1

State 101 file rekcba_nxt.2.M1-1.c line 1218 function __startrek_init_globals thread 0
----------------------------------------------------
  _i_observer_obstacle_flag_[24] = 1

State 102 file rekcba_nxt.2.M1-1.c line 1219 function __startrek_init_globals thread 0
----------------------------------------------------
  _observer_obstacle_flag_[24] = 1

State 103 file rekcba_nxt.2.M1-1.c line 1220 function __startrek_init_globals thread 0
----------------------------------------------------
  _i_observer_obstacle_flag_[25] = 1

State 104 file rekcba_nxt.2.M1-1.c line 1221 function __startrek_init_globals thread 0
----------------------------------------------------
  _observer_obstacle_flag_[25] = 1

State 105 file rekcba_nxt.2.M1-1.c line 1222 function __startrek_init_globals thread 0
----------------------------------------------------
  _i_observer_obstacle_flag_[26] = 1

State 106 file rekcba_nxt.2.M1-1.c line 1223 function __startrek_init_globals thread 0
----------------------------------------------------
  _observer_obstacle_flag_[26] = 1

State 107 file rekcba_nxt.2.M1-1.c line 1224 function __startrek_init_globals thread 0
----------------------------------------------------
  _i_obstacle_flag_[1] = 0

State 108 file rekcba_nxt.2.M1-1.c line 1225 function __startrek_init_globals thread 0
----------------------------------------------------
  _obstacle_flag_[1] = 0

State 109 file rekcba_nxt.2.M1-1.c line 1226 function __startrek_init_globals thread 0
----------------------------------------------------
  _i_obstacle_flag_[2] = 0

State 110 file rekcba_nxt.2.M1-1.c line 1227 function __startrek_init_globals thread 0
----------------------------------------------------
  _obstacle_flag_[2] = 0

State 111 file rekcba_nxt.2.M1-1.c line 1228 function __startrek_init_globals thread 0
----------------------------------------------------
  _i_obstacle_flag_[3] = 0

State 112 file rekcba_nxt.2.M1-1.c line 1229 function __startrek_init_globals thread 0
----------------------------------------------------
  _obstacle_flag_[3] = 0

State 113 file rekcba_nxt.2.M1-1.c line 1230 function __startrek_init_globals thread 0
----------------------------------------------------
  _i_obstacle_flag_[4] = 1

State 114 file rekcba_nxt.2.M1-1.c line 1231 function __startrek_init_globals thread 0
----------------------------------------------------
  _obstacle_flag_[4] = 1

State 115 file rekcba_nxt.2.M1-1.c line 1232 function __startrek_init_globals thread 0
----------------------------------------------------
  _i_obstacle_flag_[5] = 1

State 116 file rekcba_nxt.2.M1-1.c line 1233 function __startrek_init_globals thread 0
----------------------------------------------------
  _obstacle_flag_[5] = 1

State 117 file rekcba_nxt.2.M1-1.c line 1234 function __startrek_init_globals thread 0
----------------------------------------------------
  _i_obstacle_flag_[6] = 1

State 118 file rekcba_nxt.2.M1-1.c line 1235 function __startrek_init_globals thread 0
----------------------------------------------------
  _obstacle_flag_[6] = 1

State 119 file rekcba_nxt.2.M1-1.c line 1236 function __startrek_init_globals thread 0
----------------------------------------------------
  _i_obstacle_flag_[7] = 1

State 120 file rekcba_nxt.2.M1-1.c line 1237 function __startrek_init_globals thread 0
----------------------------------------------------
  _obstacle_flag_[7] = 1

State 121 file rekcba_nxt.2.M1-1.c line 1238 function __startrek_init_globals thread 0
----------------------------------------------------
  _i_obstacle_flag_[8] = 1

State 122 file rekcba_nxt.2.M1-1.c line 1239 function __startrek_init_globals thread 0
----------------------------------------------------
  _obstacle_flag_[8] = 1

State 123 file rekcba_nxt.2.M1-1.c line 1240 function __startrek_init_globals thread 0
----------------------------------------------------
  _i_obstacle_flag_[9] = 1

State 124 file rekcba_nxt.2.M1-1.c line 1241 function __startrek_init_globals thread 0
----------------------------------------------------
  _obstacle_flag_[9] = 1

State 125 file rekcba_nxt.2.M1-1.c line 1242 function __startrek_init_globals thread 0
----------------------------------------------------
  _i_obstacle_flag_[10] = 1

State 126 file rekcba_nxt.2.M1-1.c line 1243 function __startrek_init_globals thread 0
----------------------------------------------------
  _obstacle_flag_[10] = 1

State 127 file rekcba_nxt.2.M1-1.c line 1244 function __startrek_init_globals thread 0
----------------------------------------------------
  _i_obstacle_flag_[11] = 1

State 128 file rekcba_nxt.2.M1-1.c line 1245 function __startrek_init_globals thread 0
----------------------------------------------------
  _obstacle_flag_[11] = 1

State 129 file rekcba_nxt.2.M1-1.c line 1246 function __startrek_init_globals thread 0
----------------------------------------------------
  _i_obstacle_flag_[12] = 1

State 130 file rekcba_nxt.2.M1-1.c line 1247 function __startrek_init_globals thread 0
----------------------------------------------------
  _obstacle_flag_[12] = 1

State 131 file rekcba_nxt.2.M1-1.c line 1248 function __startrek_init_globals thread 0
----------------------------------------------------
  _i_obstacle_flag_[13] = 1

State 132 file rekcba_nxt.2.M1-1.c line 1249 function __startrek_init_globals thread 0
----------------------------------------------------
  _obstacle_flag_[13] = 1

State 133 file rekcba_nxt.2.M1-1.c line 1250 function __startrek_init_globals thread 0
----------------------------------------------------
  _i_obstacle_flag_[14] = 1

State 134 file rekcba_nxt.2.M1-1.c line 1251 function __startrek_init_globals thread 0
----------------------------------------------------
  _obstacle_flag_[14] = 1

State 135 file rekcba_nxt.2.M1-1.c line 1252 function __startrek_init_globals thread 0
----------------------------------------------------
  _i_obstacle_flag_[15] = 1

State 136 file rekcba_nxt.2.M1-1.c line 1253 function __startrek_init_globals thread 0
----------------------------------------------------
  _obstacle_flag_[15] = 1

State 137 file rekcba_nxt.2.M1-1.c line 1254 function __startrek_init_globals thread 0
----------------------------------------------------
  _i_obstacle_flag_[16] = 1

State 138 file rekcba_nxt.2.M1-1.c line 1255 function __startrek_init_globals thread 0
----------------------------------------------------
  _obstacle_flag_[16] = 1

State 139 file rekcba_nxt.2.M1-1.c line 1256 function __startrek_init_globals thread 0
----------------------------------------------------
  _i_obstacle_flag_[17] = 1

State 140 file rekcba_nxt.2.M1-1.c line 1257 function __startrek_init_globals thread 0
----------------------------------------------------
  _obstacle_flag_[17] = 1

State 141 file rekcba_nxt.2.M1-1.c line 1258 function __startrek_init_globals thread 0
----------------------------------------------------
  _i_obstacle_flag_[18] = 1

State 142 file rekcba_nxt.2.M1-1.c line 1259 function __startrek_init_globals thread 0
----------------------------------------------------
  _obstacle_flag_[18] = 1

State 143 file rekcba_nxt.2.M1-1.c line 1260 function __startrek_init_globals thread 0
----------------------------------------------------
  _i_obstacle_flag_[19] = 1

State 144 file rekcba_nxt.2.M1-1.c line 1261 function __startrek_init_globals thread 0
----------------------------------------------------
  _obstacle_flag_[19] = 1

State 145 file rekcba_nxt.2.M1-1.c line 1262 function __startrek_init_globals thread 0
----------------------------------------------------
  _i_obstacle_flag_[20] = 1

State 146 file rekcba_nxt.2.M1-1.c line 1263 function __startrek_init_globals thread 0
----------------------------------------------------
  _obstacle_flag_[20] = 1

State 147 file rekcba_nxt.2.M1-1.c line 1264 function __startrek_init_globals thread 0
----------------------------------------------------
  _i_obstacle_flag_[21] = 1

State 148 file rekcba_nxt.2.M1-1.c line 1265 function __startrek_init_globals thread 0
----------------------------------------------------
  _obstacle_flag_[21] = 1

State 149 file rekcba_nxt.2.M1-1.c line 1266 function __startrek_init_globals thread 0
----------------------------------------------------
  _i_obstacle_flag_[22] = 1

State 150 file rekcba_nxt.2.M1-1.c line 1267 function __startrek_init_globals thread 0
----------------------------------------------------
  _obstacle_flag_[22] = 1

State 151 file rekcba_nxt.2.M1-1.c line 1268 function __startrek_init_globals thread 0
----------------------------------------------------
  _i_obstacle_flag_[23] = 1

State 152 file rekcba_nxt.2.M1-1.c line 1269 function __startrek_init_globals thread 0
----------------------------------------------------
  _obstacle_flag_[23] = 1

State 153 file rekcba_nxt.2.M1-1.c line 1270 function __startrek_init_globals thread 0
----------------------------------------------------
  _i_obstacle_flag_[24] = 1

State 154 file rekcba_nxt.2.M1-1.c line 1271 function __startrek_init_globals thread 0
----------------------------------------------------
  _obstacle_flag_[24] = 1

State 155 file rekcba_nxt.2.M1-1.c line 1272 function __startrek_init_globals thread 0
----------------------------------------------------
  _i_obstacle_flag_[25] = 1

State 156 file rekcba_nxt.2.M1-1.c line 1273 function __startrek_init_globals thread 0
----------------------------------------------------
  _obstacle_flag_[25] = 1

State 157 file rekcba_nxt.2.M1-1.c line 1274 function __startrek_init_globals thread 0
----------------------------------------------------
  _i_obstacle_flag_[26] = 1

State 158 file rekcba_nxt.2.M1-1.c line 1275 function __startrek_init_globals thread 0
----------------------------------------------------
  _obstacle_flag_[26] = 1

State 159 file rekcba_nxt.2.M1-1.c line 1276 function __startrek_init_globals thread 0
----------------------------------------------------
  _i_nxtway_gs_mode_[1] = 1 (00000001)

State 160 file rekcba_nxt.2.M1-1.c line 1277 function __startrek_init_globals thread 0
----------------------------------------------------
  _nxtway_gs_mode_[1] = 1 (00000001)

State 161 file rekcba_nxt.2.M1-1.c line 1278 function __startrek_init_globals thread 0
----------------------------------------------------
  _i_nxtway_gs_mode_[2] = 2 (00000010)

State 162 file rekcba_nxt.2.M1-1.c line 1279 function __startrek_init_globals thread 0
----------------------------------------------------
  _nxtway_gs_mode_[2] = 2 (00000010)

State 163 file rekcba_nxt.2.M1-1.c line 1280 function __startrek_init_globals thread 0
----------------------------------------------------
  _i_nxtway_gs_mode_[3] = 2 (00000010)

State 164 file rekcba_nxt.2.M1-1.c line 1281 function __startrek_init_globals thread 0
----------------------------------------------------
  _nxtway_gs_mode_[3] = 2 (00000010)

State 165 file rekcba_nxt.2.M1-1.c line 1282 function __startrek_init_globals thread 0
----------------------------------------------------
  _i_nxtway_gs_mode_[4] = 2 (00000010)

State 166 file rekcba_nxt.2.M1-1.c line 1283 function __startrek_init_globals thread 0
----------------------------------------------------
  _nxtway_gs_mode_[4] = 2 (00000010)

State 167 file rekcba_nxt.2.M1-1.c line 1284 function __startrek_init_globals thread 0
----------------------------------------------------
  _i_nxtway_gs_mode_[5] = 2 (00000010)

State 168 file rekcba_nxt.2.M1-1.c line 1285 function __startrek_init_globals thread 0
----------------------------------------------------
  _nxtway_gs_mode_[5] = 2 (00000010)

State 169 file rekcba_nxt.2.M1-1.c line 1286 function __startrek_init_globals thread 0
----------------------------------------------------
  _i_nxtway_gs_mode_[6] = 2 (00000010)

State 170 file rekcba_nxt.2.M1-1.c line 1287 function __startrek_init_globals thread 0
----------------------------------------------------
  _nxtway_gs_mode_[6] = 2 (00000010)

State 171 file rekcba_nxt.2.M1-1.c line 1288 function __startrek_init_globals thread 0
----------------------------------------------------
  _i_nxtway_gs_mode_[7] = 2 (00000010)

State 172 file rekcba_nxt.2.M1-1.c line 1289 function __startrek_init_globals thread 0
----------------------------------------------------
  _nxtway_gs_mode_[7] = 2 (00000010)

State 173 file rekcba_nxt.2.M1-1.c line 1290 function __startrek_init_globals thread 0
----------------------------------------------------
  _i_nxtway_gs_mode_[8] = 2 (00000010)

State 174 file rekcba_nxt.2.M1-1.c line 1291 function __startrek_init_globals thread 0
----------------------------------------------------
  _nxtway_gs_mode_[8] = 2 (00000010)

State 175 file rekcba_nxt.2.M1-1.c line 1292 function __startrek_init_globals thread 0
----------------------------------------------------
  _i_nxtway_gs_mode_[9] = 2 (00000010)

State 176 file rekcba_nxt.2.M1-1.c line 1293 function __startrek_init_globals thread 0
----------------------------------------------------
  _nxtway_gs_mode_[9] = 2 (00000010)

State 177 file rekcba_nxt.2.M1-1.c line 1294 function __startrek_init_globals thread 0
----------------------------------------------------
  _i_nxtway_gs_mode_[10] = 2 (00000010)

State 178 file rekcba_nxt.2.M1-1.c line 1295 function __startrek_init_globals thread 0
----------------------------------------------------
  _nxtway_gs_mode_[10] = 2 (00000010)

State 179 file rekcba_nxt.2.M1-1.c line 1296 function __startrek_init_globals thread 0
----------------------------------------------------
  _i_nxtway_gs_mode_[11] = 2 (00000010)

State 180 file rekcba_nxt.2.M1-1.c line 1297 function __startrek_init_globals thread 0
----------------------------------------------------
  _nxtway_gs_mode_[11] = 2 (00000010)

State 181 file rekcba_nxt.2.M1-1.c line 1298 function __startrek_init_globals thread 0
----------------------------------------------------
  _i_nxtway_gs_mode_[12] = 2 (00000010)

State 182 file rekcba_nxt.2.M1-1.c line 1299 function __startrek_init_globals thread 0
----------------------------------------------------
  _nxtway_gs_mode_[12] = 2 (00000010)

State 183 file rekcba_nxt.2.M1-1.c line 1300 function __startrek_init_globals thread 0
----------------------------------------------------
  _i_nxtway_gs_mode_[13] = 2 (00000010)

State 184 file rekcba_nxt.2.M1-1.c line 1301 function __startrek_init_globals thread 0
----------------------------------------------------
  _nxtway_gs_mode_[13] = 2 (00000010)

State 185 file rekcba_nxt.2.M1-1.c line 1302 function __startrek_init_globals thread 0
----------------------------------------------------
  _i_nxtway_gs_mode_[14] = 2 (00000010)

State 186 file rekcba_nxt.2.M1-1.c line 1303 function __startrek_init_globals thread 0
----------------------------------------------------
  _nxtway_gs_mode_[14] = 2 (00000010)

State 187 file rekcba_nxt.2.M1-1.c line 1304 function __startrek_init_globals thread 0
----------------------------------------------------
  _i_nxtway_gs_mode_[15] = 2 (00000010)

State 188 file rekcba_nxt.2.M1-1.c line 1305 function __startrek_init_globals thread 0
----------------------------------------------------
  _nxtway_gs_mode_[15] = 2 (00000010)

State 189 file rekcba_nxt.2.M1-1.c line 1306 function __startrek_init_globals thread 0
----------------------------------------------------
  _i_nxtway_gs_mode_[16] = 2 (00000010)

State 190 file rekcba_nxt.2.M1-1.c line 1307 function __startrek_init_globals thread 0
----------------------------------------------------
  _nxtway_gs_mode_[16] = 2 (00000010)

State 191 file rekcba_nxt.2.M1-1.c line 1308 function __startrek_init_globals thread 0
----------------------------------------------------
  _i_nxtway_gs_mode_[17] = 2 (00000010)

State 192 file rekcba_nxt.2.M1-1.c line 1309 function __startrek_init_globals thread 0
----------------------------------------------------
  _nxtway_gs_mode_[17] = 2 (00000010)

State 193 file rekcba_nxt.2.M1-1.c line 1310 function __startrek_init_globals thread 0
----------------------------------------------------
  _i_nxtway_gs_mode_[18] = 2 (00000010)

State 194 file rekcba_nxt.2.M1-1.c line 1311 function __startrek_init_globals thread 0
----------------------------------------------------
  _nxtway_gs_mode_[18] = 2 (00000010)

State 195 file rekcba_nxt.2.M1-1.c line 1312 function __startrek_init_globals thread 0
----------------------------------------------------
  _i_nxtway_gs_mode_[19] = 2 (00000010)

State 196 file rekcba_nxt.2.M1-1.c line 1313 function __startrek_init_globals thread 0
----------------------------------------------------
  _nxtway_gs_mode_[19] = 2 (00000010)

State 197 file rekcba_nxt.2.M1-1.c line 1314 function __startrek_init_globals thread 0
----------------------------------------------------
  _i_nxtway_gs_mode_[20] = 2 (00000010)

State 198 file rekcba_nxt.2.M1-1.c line 1315 function __startrek_init_globals thread 0
----------------------------------------------------
  _nxtway_gs_mode_[20] = 2 (00000010)

State 199 file rekcba_nxt.2.M1-1.c line 1316 function __startrek_init_globals thread 0
----------------------------------------------------
  _i_nxtway_gs_mode_[21] = 2 (00000010)

State 200 file rekcba_nxt.2.M1-1.c line 1317 function __startrek_init_globals thread 0
----------------------------------------------------
  _nxtway_gs_mode_[21] = 2 (00000010)

State 201 file rekcba_nxt.2.M1-1.c line 1318 function __startrek_init_globals thread 0
----------------------------------------------------
  _i_nxtway_gs_mode_[22] = 2 (00000010)

State 202 file rekcba_nxt.2.M1-1.c line 1319 function __startrek_init_globals thread 0
----------------------------------------------------
  _nxtway_gs_mode_[22] = 2 (00000010)

State 203 file rekcba_nxt.2.M1-1.c line 1320 function __startrek_init_globals thread 0
----------------------------------------------------
  _i_nxtway_gs_mode_[23] = 2 (00000010)

State 204 file rekcba_nxt.2.M1-1.c line 1321 function __startrek_init_globals thread 0
----------------------------------------------------
  _nxtway_gs_mode_[23] = 2 (00000010)

State 205 file rekcba_nxt.2.M1-1.c line 1322 function __startrek_init_globals thread 0
----------------------------------------------------
  _i_nxtway_gs_mode_[24] = 2 (00000010)

State 206 file rekcba_nxt.2.M1-1.c line 1323 function __startrek_init_globals thread 0
----------------------------------------------------
  _nxtway_gs_mode_[24] = 2 (00000010)

State 207 file rekcba_nxt.2.M1-1.c line 1324 function __startrek_init_globals thread 0
----------------------------------------------------
  _i_nxtway_gs_mode_[25] = 2 (00000010)

State 208 file rekcba_nxt.2.M1-1.c line 1325 function __startrek_init_globals thread 0
----------------------------------------------------
  _nxtway_gs_mode_[25] = 2 (00000010)

State 209 file rekcba_nxt.2.M1-1.c line 1326 function __startrek_init_globals thread 0
----------------------------------------------------
  _i_nxtway_gs_mode_[26] = 2 (00000010)

State 210 file rekcba_nxt.2.M1-1.c line 1327 function __startrek_init_globals thread 0
----------------------------------------------------
  _nxtway_gs_mode_[26] = 2 (00000010)

State 211 file rekcba_nxt.2.M1-1.c line 1578 function __main thread 0
----------------------------------------------------
  __startrek_round = 2 (00000010)

State 212 file rekcba_nxt.2.M1-1.c line 1581 function __main thread 0
----------------------------------------------------
  __startrek_job_end = 6 (00000110)

State 213 file rekcba_nxt.2.M1-1.c line 1344 function __startrek_cs_t0 thread 0
----------------------------------------------------
  c1 = 0

State 214 file rekcba_nxt.2.M1-1.c line 1348 function __startrek_cs_t0 thread 0
----------------------------------------------------
  o2 = 2 (00000010)

State 215 file rekcba_nxt.2.M1-1.c line 1349 function __startrek_cs_t0 thread 0
----------------------------------------------------
  __startrek_round = 6 (00000110)

State 216 file rekcba_nxt.2.M1-1.c line 1592 function __main thread 0
----------------------------------------------------
  __startrek_round = 2 (00000010)

State 217 file rekcba_nxt.2.M1-1.c line 1595 function __main thread 0
----------------------------------------------------
  __startrek_job_end = 3 (00000011)

State 218 file rekcba_nxt.2.M1-1.c line 2134 function __startrek_write_observer_obstacle_flag thread 0
----------------------------------------------------
  _observer_obstacle_flag_[2] = 0

State 219 file rekcba_nxt.2.M1-1.c line 1379 function __startrek_cs_t1 thread 0
----------------------------------------------------
  c1 = 1

State 220 file rekcba_nxt.2.M1-1.c line 2096 function __startrek_write_obstacle_flag thread 0
----------------------------------------------------
  _obstacle_flag_[2] = 0

State 221 file rekcba_nxt.2.M1-1.c line 1379 function __startrek_cs_t1 thread 0
----------------------------------------------------
  c1 = 1

State 222 file rekcba_nxt.2.M1-1.c line 1939 function __startrek_read_nxtway_gs_mode thread 0
----------------------------------------------------
  r1 = 2 (00000010)

State 223 file rekcba_nxt.2.M1-1.c line 301 function ecrobot_get_sonar_sensor thread 0
----------------------------------------------------
  tmp = 24 (00011000)

State 224 file rekcba_nxt.2.M1-1.c line 2134 function __startrek_write_observer_obstacle_flag thread 0
----------------------------------------------------
  _observer_obstacle_flag_[2] = 1

State 225 file rekcba_nxt.2.M1-1.c line 1379 function __startrek_cs_t1 thread 0
----------------------------------------------------
  c1 = 0

State 226 file rekcba_nxt.2.M1-1.c line 1383 function __startrek_cs_t1 thread 0
----------------------------------------------------
  o2 = 2 (00000010)

State 227 file rekcba_nxt.2.M1-1.c line 1384 function __startrek_cs_t1 thread 0
----------------------------------------------------
  __startrek_round = 3 (00000011)

State 228 file rekcba_nxt.2.M1-1.c line 2096 function __startrek_write_obstacle_flag thread 0
----------------------------------------------------
  _obstacle_flag_[3] = 1

State 229 file rekcba_nxt.2.M1-1.c line 1603 function __main thread 0
----------------------------------------------------
  __startrek_round = 9 (00001001)

State 230 file rekcba_nxt.2.M1-1.c line 1606 function __main thread 0
----------------------------------------------------
  __startrek_job_end = 9 (00001001)

State 231 file rekcba_nxt.2.M1-1.c line 2134 function __startrek_write_observer_obstacle_flag thread 0
----------------------------------------------------
  _observer_obstacle_flag_[9] = 0

State 232 file rekcba_nxt.2.M1-1.c line 1379 function __startrek_cs_t1 thread 0
----------------------------------------------------
  c1 = 1

State 233 file rekcba_nxt.2.M1-1.c line 2096 function __startrek_write_obstacle_flag thread 0
----------------------------------------------------
  _obstacle_flag_[9] = 0

State 234 file rekcba_nxt.2.M1-1.c line 1379 function __startrek_cs_t1 thread 0
----------------------------------------------------
  c1 = 1

State 235 file rekcba_nxt.2.M1-1.c line 1939 function __startrek_read_nxtway_gs_mode thread 0
----------------------------------------------------
  r1 = 2 (00000010)

State 236 file rekcba_nxt.2.M1-1.c line 301 function ecrobot_get_sonar_sensor thread 0
----------------------------------------------------
  tmp = 24 (00011000)

State 237 file rekcba_nxt.2.M1-1.c line 2134 function __startrek_write_observer_obstacle_flag thread 0
----------------------------------------------------
  _observer_obstacle_flag_[9] = 1

State 238 file rekcba_nxt.2.M1-1.c line 1379 function __startrek_cs_t1 thread 0
----------------------------------------------------
  c1 = 1

State 239 file rekcba_nxt.2.M1-1.c line 2096 function __startrek_write_obstacle_flag thread 0
----------------------------------------------------
  _obstacle_flag_[9] = 1

State 240 file rekcba_nxt.2.M1-1.c line 1617 function __main thread 0
----------------------------------------------------
  __startrek_round = 0 (00000000)

State 241 file rekcba_nxt.2.M1-1.c line 1620 function __main thread 0
----------------------------------------------------
  __startrek_job_end = 0 (00000000)

State 242 file rekcba_nxt.2.M1-1.c line 1939 function __startrek_read_nxtway_gs_mode thread 0
----------------------------------------------------
  r1 = 0 (00000000)

State 243 file rekcba_nxt.2.M1-1.c line 2058 function __startrek_write_nxtway_gs_mode thread 0
----------------------------------------------------
  _nxtway_gs_mode_[0] = 1 (00000001)

State 244 file rekcba_nxt.2.M1-1.c line 1628 function __main thread 0
----------------------------------------------------
  __startrek_round = 1 (00000001)

State 245 file rekcba_nxt.2.M1-1.c line 1631 function __main thread 0
----------------------------------------------------
  __startrek_job_end = 1 (00000001)

State 246 file rekcba_nxt.2.M1-1.c line 1939 function __startrek_read_nxtway_gs_mode thread 0
----------------------------------------------------
  r1 = 1 (00000001)

State 247 file rekcba_nxt.2.M1-1.c line 254 function OSEK_Task_ts1 thread 0
----------------------------------------------------
  avg_cnt = 1 (00000000 00000000 00000000 00000001)

State 248 file rekcba_nxt.2.M1-1.c line 175 function ecrobot_get_systick_ms thread 0
----------------------------------------------------
  r = 1000 (00000000 00000000 00000011 11101000)

State 249 file rekcba_nxt.2.M1-1.c line 176 function ecrobot_get_systick_ms thread 0
----------------------------------------------------
  timer = 2000 (00000000 00000000 00000111 11010000)

State 250 file rekcba_nxt.2.M1-1.c line 2058 function __startrek_write_nxtway_gs_mode thread 0
----------------------------------------------------
  _nxtway_gs_mode_[1] = 2 (00000010)

State 251 file rekcba_nxt.2.M1-1.c line 1639 function __main thread 0
----------------------------------------------------
  __startrek_round = 2 (00000010)

State 252 file rekcba_nxt.2.M1-1.c line 1642 function __main thread 0
----------------------------------------------------
  __startrek_job_end = 2 (00000010)

State 253 file rekcba_nxt.2.M1-1.c line 1939 function __startrek_read_nxtway_gs_mode thread 0
----------------------------------------------------
  r1 = 2 (00000010)

State 254 file rekcba_nxt.2.M1-1.c line 2019 function __startrek_read_observer_obstacle_flag thread 0
----------------------------------------------------
  r1 = 1

State 255 file rekcba_nxt.2.M1-1.c line 1979 function __startrek_read_obstacle_flag thread 0
----------------------------------------------------
  r1 = 0

State 256 file rekcba_nxt.2.M1-1.c line 1415 function __startrek_assert_i0 thread 0
----------------------------------------------------
  __startrek_error_round = 2 (00000010)

State 257 file rekcba_nxt.2.M1-1.c line 1425 function __startrek_assert_i0 thread 0
----------------------------------------------------
  __startrek_Assert_t2_i0[2] = 0

State 258 file rekcba_nxt.2.M1-1.c line 206 function ecrobot_get_battery_voltage thread 0
----------------------------------------------------
  tmp = 0 (00000000 00000000 00000000 00000000)

State 259 file rekcba_nxt.2.M1-1.c line 1650 function __main thread 0
----------------------------------------------------
  __startrek_round = 4 (00000100)

State 260 file rekcba_nxt.2.M1-1.c line 1661 function __main thread 0
----------------------------------------------------
  __startrek_round = 5 (00000101)

State 261 file rekcba_nxt.2.M1-1.c line 1672 function __main thread 0
----------------------------------------------------
  __startrek_round = 7 (00000111)

State 262 file rekcba_nxt.2.M1-1.c line 1683 function __main thread 0
----------------------------------------------------
  __startrek_round = 8 (00001000)

State 263 file rekcba_nxt.2.M1-1.c line 1694 function __main thread 0
----------------------------------------------------
  __startrek_round = 10 (00001010)

State 264 file rekcba_nxt.2.M1-1.c line 1705 function __main thread 0
----------------------------------------------------
  __startrek_round = 11 (00001011)

State 265 file rekcba_nxt.2.M1-1.c line 1716 function __main thread 0
----------------------------------------------------
  __startrek_round = 12 (00001100)

State 266 file rekcba_nxt.2.M1-1.c line 1727 function __main thread 0
----------------------------------------------------
  __startrek_round = 13 (00001101)

State 267 file rekcba_nxt.2.M1-1.c line 1738 function __main thread 0
----------------------------------------------------
  __startrek_round = 14 (00001110)

State 268 file rekcba_nxt.2.M1-1.c line 1749 function __main thread 0
----------------------------------------------------
  __startrek_round = 15 (00001111)

State 269 file rekcba_nxt.2.M1-1.c line 1760 function __main thread 0
----------------------------------------------------
  __startrek_round = 16 (00010000)

State 270 file rekcba_nxt.2.M1-1.c line 1771 function __main thread 0
----------------------------------------------------
  __startrek_round = 17 (00010001)

State 271 file rekcba_nxt.2.M1-1.c line 1782 function __main thread 0
----------------------------------------------------
  __startrek_round = 18 (00010010)

State 272 file rekcba_nxt.2.M1-1.c line 1793 function __main thread 0
----------------------------------------------------
  __startrek_round = 19 (00010011)

State 273 file rekcba_nxt.2.M1-1.c line 1804 function __main thread 0
----------------------------------------------------
  __startrek_round = 20 (00010100)

State 274 file rekcba_nxt.2.M1-1.c line 1815 function __main thread 0
----------------------------------------------------
  __startrek_round = 21 (00010101)

State 275 file rekcba_nxt.2.M1-1.c line 1826 function __main thread 0
----------------------------------------------------
  __startrek_round = 22 (00010110)

State 276 file rekcba_nxt.2.M1-1.c line 1837 function __main thread 0
----------------------------------------------------
  __startrek_round = 23 (00010111)

State 277 file rekcba_nxt.2.M1-1.c line 1848 function __main thread 0
----------------------------------------------------
  __startrek_round = 24 (00011000)

State 278 file rekcba_nxt.2.M1-1.c line 1859 function __main thread 0
----------------------------------------------------
  __startrek_round = 25 (00011001)

State 279 file rekcba_nxt.2.M1-1.c line 1870 function __main thread 0
----------------------------------------------------
  __startrek_round = 26 (00011010)

State 280 file rekcba_nxt.2.M1-1.c line 3 function reach_error thread 0
----------------------------------------------------
Violated property:
  file rekcba_nxt.2.M1-1.c line 3 function reach_error
  assertion 0
  0


VERIFICATION FAILED

Bug found (k = 1)


FALSE_REACH
