./esbmc-wrapper.py -p ../sv-benchmarks/c/properties/unreach-call.prp -s kinduction --arch 32 ../sv-benchmarks/c/nla-digbench-scaling/divbin2_unwindbound5.i


--------------------------------------------------------------------------------


Verifying with ESBMC
Command: ./esbmc --no-div-by-zero-check --force-malloc-success --state-hashing --no-align-check --k-step 2 --floatbv --unlimited-k-steps ../sv-benchmarks/c/nla-digbench-scaling/divbin2_unwindbound5.i --32 --witness-output divbin2_unwindbound5.i.graphml --no-pointer-check --no-bounds-check --interval-analysis --k-induction --max-inductive-step 3 
ESBMC version 6.8.0 64-bit x86_64 linux
Target: 32-bit little-endian x86_64-unknown-linux with esbmc libc
file ../sv-benchmarks/c/nla-digbench-scaling/divbin2_unwindbound5.i: Parsing
Converting
Generating GOTO Program
GOTO program creation time: 0.138s
GOTO program processing time: 0.002s
*** Checking base case, k = 1
Starting Bounded Model Checking
Not unwinding 
Symex completed in: 0.001s (30 assignments)
Slicing time: 0.000s (removed 19 assignments)
Generated 2 VCC(s), 2 remaining after simplification (11 assignments)
No solver specified; defaulting to Boolector
Encoding remaining VCC(s) using bit-vector/floating-point arithmetic
Encoding to solver time: 0.000s
Solving with solver Boolector 3.2.1
Encoding to solver time: 0.000s
Runtime decision procedure: 0.001s
BMC program time: 0.003s
No bug has been found in the base case
*** Checking forward condition, k = 1
Starting Bounded Model Checking
Not unwinding 
Symex completed in: 0.001s (28 assignments)
Slicing time: 0.000s (removed 23 assignments)
Generated 1 VCC(s), 1 remaining after simplification (5 assignments)
No solver specified; defaulting to Boolector
Encoding remaining VCC(s) using bit-vector/floating-point arithmetic
Encoding to solver time: 0.000s
Solving with solver Boolector 3.2.1
Encoding to solver time: 0.000s
Runtime decision procedure: 0.002s
The forward condition is unable to prove the property
*** Checking base case, k = 3
Starting Bounded Model Checking
Unwinding loop 1  iteration  1   file divbin2_unwindbound5.i line 34 function main
Unwinding loop 1  iteration  2   file divbin2_unwindbound5.i line 34 function main
Not unwinding 
Unwinding loop 2  iteration  1   file divbin2_unwindbound5.i line 38 function main
Unwinding loop 2  iteration  2   file divbin2_unwindbound5.i line 38 function main
Not unwinding 
Symex completed in: 0.004s (108 assignments)
Slicing time: 0.001s (removed 43 assignments)
Generated 4 VCC(s), 4 remaining after simplification (65 assignments)
No solver specified; defaulting to Boolector
Encoding remaining VCC(s) using bit-vector/floating-point arithmetic
Encoding to solver time: 0.001s
Solving with solver Boolector 3.2.1
Encoding to solver time: 0.001s
Runtime decision procedure: 0.066s
BMC program time: 0.073s
No bug has been found in the base case
*** Checking forward condition, k = 3
Starting Bounded Model Checking
Unwinding loop 1  iteration  1   file divbin2_unwindbound5.i line 34 function main
Unwinding loop 1  iteration  2   file divbin2_unwindbound5.i line 34 function main
Not unwinding 
Unwinding loop 2  iteration  1   file divbin2_unwindbound5.i line 38 function main
Unwinding loop 2  iteration  2   file divbin2_unwindbound5.i line 38 function main
Not unwinding 
Symex completed in: 0.004s (104 assignments)
Slicing time: 0.000s (removed 79 assignments)
Generated 2 VCC(s), 2 remaining after simplification (25 assignments)
No solver specified; defaulting to Boolector
Encoding remaining VCC(s) using bit-vector/floating-point arithmetic
Encoding to solver time: 0.000s
Solving with solver Boolector 3.2.1
Encoding to solver time: 0.000s
Runtime decision procedure: 0.004s
The forward condition is unable to prove the property
*** Checking inductive step, k = 3
Starting Bounded Model Checking
Unwinding loop 1  iteration  1   file divbin2_unwindbound5.i line 34 function main
Unwinding loop 1  iteration  2   file divbin2_unwindbound5.i line 34 function main
Not unwinding 
Unwinding loop 2  iteration  1   file divbin2_unwindbound5.i line 38 function main
Unwinding loop 2  iteration  2   file divbin2_unwindbound5.i line 38 function main
Not unwinding 
Symex completed in: 0.004s (150 assignments)
Slicing time: 0.001s (removed 38 assignments)
Generated 2 VCC(s), 2 remaining after simplification (112 assignments)
No solver specified; defaulting to Boolector
Encoding remaining VCC(s) using bit-vector/floating-point arithmetic
Encoding to solver time: 0.002s
Solving with solver Boolector 3.2.1
Encoding to solver time: 0.002s
Runtime decision procedure: 1.938s
The inductive step is unable to prove the property
*** Checking base case, k = 5
Starting Bounded Model Checking
Unwinding loop 1  iteration  1   file divbin2_unwindbound5.i line 34 function main
Unwinding loop 1  iteration  2   file divbin2_unwindbound5.i line 34 function main
Unwinding loop 1  iteration  3   file divbin2_unwindbound5.i line 34 function main
Unwinding loop 1  iteration  4   file divbin2_unwindbound5.i line 34 function main
Not unwinding 
Unwinding loop 2  iteration  1   file divbin2_unwindbound5.i line 38 function main
Unwinding loop 2  iteration  2   file divbin2_unwindbound5.i line 38 function main
Unwinding loop 2  iteration  3   file divbin2_unwindbound5.i line 38 function main
Unwinding loop 2  iteration  4   file divbin2_unwindbound5.i line 38 function main
Not unwinding 
Symex completed in: 0.007s (170 assignments)
Slicing time: 0.001s (removed 59 assignments)
Generated 6 VCC(s), 6 remaining after simplification (111 assignments)
No solver specified; defaulting to Boolector
Encoding remaining VCC(s) using bit-vector/floating-point arithmetic
Encoding to solver time: 0.002s
Solving with solver Boolector 3.2.1
Encoding to solver time: 0.002s
Runtime decision procedure: 0.225s
BMC program time: 0.236s
No bug has been found in the base case
*** Checking forward condition, k = 5
Starting Bounded Model Checking
Unwinding loop 1  iteration  1   file divbin2_unwindbound5.i line 34 function main
Unwinding loop 1  iteration  2   file divbin2_unwindbound5.i line 34 function main
Unwinding loop 1  iteration  3   file divbin2_unwindbound5.i line 34 function main
Unwinding loop 1  iteration  4   file divbin2_unwindbound5.i line 34 function main
Not unwinding 
Unwinding loop 2  iteration  1   file divbin2_unwindbound5.i line 38 function main
Unwinding loop 2  iteration  2   file divbin2_unwindbound5.i line 38 function main
Unwinding loop 2  iteration  3   file divbin2_unwindbound5.i line 38 function main
Unwinding loop 2  iteration  4   file divbin2_unwindbound5.i line 38 function main
Not unwinding 
Symex completed in: 0.006s (164 assignments)
Slicing time: 0.000s (removed 123 assignments)
Generated 2 VCC(s), 2 remaining after simplification (41 assignments)
No solver specified; defaulting to Boolector
Encoding remaining VCC(s) using bit-vector/floating-point arithmetic
Encoding to solver time: 0.001s
Solving with solver Boolector 3.2.1
Encoding to solver time: 0.001s
Runtime decision procedure: 0.007s
The forward condition is unable to prove the property
*** Checking base case, k = 7
Starting Bounded Model Checking
Unwinding loop 1  iteration  1   file divbin2_unwindbound5.i line 34 function main
Unwinding loop 1  iteration  2   file divbin2_unwindbound5.i line 34 function main
Unwinding loop 1  iteration  3   file divbin2_unwindbound5.i line 34 function main
Unwinding loop 1  iteration  4   file divbin2_unwindbound5.i line 34 function main
Unwinding loop 1  iteration  5   file divbin2_unwindbound5.i line 34 function main
Unwinding loop 2  iteration  1   file divbin2_unwindbound5.i line 38 function main
Unwinding loop 2  iteration  2   file divbin2_unwindbound5.i line 38 function main
Unwinding loop 2  iteration  3   file divbin2_unwindbound5.i line 38 function main
Unwinding loop 2  iteration  4   file divbin2_unwindbound5.i line 38 function main
Unwinding loop 2  iteration  5   file divbin2_unwindbound5.i line 38 function main
Unwinding loop 2  iteration  6   file divbin2_unwindbound5.i line 38 function main
Not unwinding 
Symex completed in: 0.008s (221 assignments)
Slicing time: 0.002s (removed 69 assignments)
Generated 8 VCC(s), 8 remaining after simplification (152 assignments)
No solver specified; defaulting to Boolector
Encoding remaining VCC(s) using bit-vector/floating-point arithmetic
Encoding to solver time: 0.002s
Solving with solver Boolector 3.2.1
Encoding to solver time: 0.002s
Runtime decision procedure: 0.392s
BMC program time: 0.405s
No bug has been found in the base case
*** Checking forward condition, k = 7
Starting Bounded Model Checking
Unwinding loop 1  iteration  1   file divbin2_unwindbound5.i line 34 function main
Unwinding loop 1  iteration  2   file divbin2_unwindbound5.i line 34 function main
Unwinding loop 1  iteration  3   file divbin2_unwindbound5.i line 34 function main
Unwinding loop 1  iteration  4   file divbin2_unwindbound5.i line 34 function main
Unwinding loop 1  iteration  5   file divbin2_unwindbound5.i line 34 function main
Unwinding loop 2  iteration  1   file divbin2_unwindbound5.i line 38 function main
Unwinding loop 2  iteration  2   file divbin2_unwindbound5.i line 38 function main
Unwinding loop 2  iteration  3   file divbin2_unwindbound5.i line 38 function main
Unwinding loop 2  iteration  4   file divbin2_unwindbound5.i line 38 function main
Unwinding loop 2  iteration  5   file divbin2_unwindbound5.i line 38 function main
Unwinding loop 2  iteration  6   file divbin2_unwindbound5.i line 38 function main
Not unwinding 
Symex completed in: 0.008s (213 assignments)
Slicing time: 0.001s (removed 161 assignments)
Generated 1 VCC(s), 1 remaining after simplification (52 assignments)
No solver specified; defaulting to Boolector
Encoding remaining VCC(s) using bit-vector/floating-point arithmetic
Encoding to solver time: 0.001s
Solving with solver Boolector 3.2.1
Encoding to solver time: 0.001s
Runtime decision procedure: 0.002s
BMC program time: 0.013s
Building successful trace

VERIFICATION SUCCESSFUL

Solution found by the forward condition; all states are reachable (k = 7


TRUE
