./esbmc-wrapper.py -p ../sv-benchmarks/c/properties/unreach-call.prp -s kinduction --arch 32 ../sv-benchmarks/c/nla-digbench-scaling/prod4br-ll_valuebound20.c


--------------------------------------------------------------------------------


Verifying with ESBMC
Command: ./esbmc --no-div-by-zero-check --force-malloc-success --state-hashing --no-align-check --k-step 2 --floatbv --unlimited-k-steps ../sv-benchmarks/c/nla-digbench-scaling/prod4br-ll_valuebound20.c --32 --witness-output prod4br-ll_valuebound20.c.graphml --no-pointer-check --no-bounds-check --interval-analysis --k-induction --max-inductive-step 3 
ESBMC version 6.8.0 64-bit x86_64 linux
Target: 32-bit little-endian x86_64-unknown-linux with esbmc libc
file ../sv-benchmarks/c/nla-digbench-scaling/prod4br-ll_valuebound20.c: Parsing
Converting
Generating GOTO Program
GOTO program creation time: 0.086s
GOTO program processing time: 0.001s
*** Checking base case, k = 1
Starting Bounded Model Checking
Not unwinding 
Symex completed in: 0.002s (70 assignments)
Slicing time: 0.000s (removed 43 assignments)
Generated 3 VCC(s), 3 remaining after simplification (27 assignments)
No solver specified; defaulting to Boolector
Encoding remaining VCC(s) using bit-vector/floating-point arithmetic
Encoding to solver time: 0.000s
Solving with solver Boolector 3.2.1
Encoding to solver time: 0.000s
Runtime decision procedure: 0.001s
BMC program time: 0.004s
No bug has been found in the base case
*** Checking forward condition, k = 1
Starting Bounded Model Checking
Not unwinding 
Symex completed in: 0.001s (67 assignments)
Slicing time: 0.000s (removed 51 assignments)
Generated 1 VCC(s), 1 remaining after simplification (16 assignments)
No solver specified; defaulting to Boolector
Encoding remaining VCC(s) using bit-vector/floating-point arithmetic
Encoding to solver time: 0.000s
Solving with solver Boolector 3.2.1
Encoding to solver time: 0.000s
Runtime decision procedure: 0.001s
The forward condition is unable to prove the property
*** Checking base case, k = 3
Starting Bounded Model Checking
Unwinding loop 1  iteration  1   file prod4br-ll_valuebound20.c line 34 function main
Unwinding loop 1  iteration  2   file prod4br-ll_valuebound20.c line 34 function main
Not unwinding 
Symex completed in: 0.003s (146 assignments)
Slicing time: 0.001s (removed 48 assignments)
Generated 5 VCC(s), 5 remaining after simplification (98 assignments)
No solver specified; defaulting to Boolector
Encoding remaining VCC(s) using bit-vector/floating-point arithmetic
Encoding to solver time: 0.001s
Solving with solver Boolector 3.2.1
Encoding to solver time: 0.001s
Runtime decision procedure: 0.799s
BMC program time: 0.804s
No bug has been found in the base case
*** Checking forward condition, k = 3
Starting Bounded Model Checking
Unwinding loop 1  iteration  1   file prod4br-ll_valuebound20.c line 34 function main
Unwinding loop 1  iteration  2   file prod4br-ll_valuebound20.c line 34 function main
Not unwinding 
Symex completed in: 0.004s (141 assignments)
Slicing time: 0.000s (removed 85 assignments)
Generated 1 VCC(s), 1 remaining after simplification (56 assignments)
No solver specified; defaulting to Boolector
Encoding remaining VCC(s) using bit-vector/floating-point arithmetic
Encoding to solver time: 0.001s
Solving with solver Boolector 3.2.1
Encoding to solver time: 0.001s
Runtime decision procedure: 0.020s
The forward condition is unable to prove the property
*** Checking inductive step, k = 3
Starting Bounded Model Checking
Unwinding loop 1  iteration  1   file prod4br-ll_valuebound20.c line 34 function main
Unwinding loop 1  iteration  2   file prod4br-ll_valuebound20.c line 34 function main
Not unwinding 
Symex completed in: 0.004s (160 assignments)
Slicing time: 0.000s (removed 18 assignments)
Generated 3 VCC(s), 3 remaining after simplification (142 assignments)
No solver specified; defaulting to Boolector
Encoding remaining VCC(s) using bit-vector/floating-point arithmetic
Encoding to solver time: 0.001s
Solving with solver Boolector 3.2.1
Encoding to solver time: 0.001s
Runtime decision procedure: 76.736s
The inductive step is unable to prove the property
*** Checking base case, k = 5
Starting Bounded Model Checking
Unwinding loop 1  iteration  1   file prod4br-ll_valuebound20.c line 34 function main
Unwinding loop 1  iteration  2   file prod4br-ll_valuebound20.c line 34 function main
Unwinding loop 1  iteration  3   file prod4br-ll_valuebound20.c line 34 function main
Unwinding loop 1  iteration  4   file prod4br-ll_valuebound20.c line 34 function main
Not unwinding 
Symex completed in: 0.005s (222 assignments)
Slicing time: 0.001s (removed 50 assignments)
Generated 7 VCC(s), 7 remaining after simplification (172 assignments)
No solver specified; defaulting to Boolector
Encoding remaining VCC(s) using bit-vector/floating-point arithmetic
Encoding to solver time: 0.003s
Solving with solver Boolector 3.2.1
Encoding to solver time: 0.003s
Runtime decision procedure: 14.561s
BMC program time: 14.570s
No bug has been found in the base case
*** Checking forward condition, k = 5
Starting Bounded Model Checking
Unwinding loop 1  iteration  1   file prod4br-ll_valuebound20.c line 34 function main
Unwinding loop 1  iteration  2   file prod4br-ll_valuebound20.c line 34 function main
Unwinding loop 1  iteration  3   file prod4br-ll_valuebound20.c line 34 function main
Unwinding loop 1  iteration  4   file prod4br-ll_valuebound20.c line 34 function main
Not unwinding 
Symex completed in: 0.005s (215 assignments)
Slicing time: 0.000s (removed 119 assignments)
Generated 1 VCC(s), 1 remaining after simplification (96 assignments)
No solver specified; defaulting to Boolector
Encoding remaining VCC(s) using bit-vector/floating-point arithmetic
Encoding to solver time: 0.001s
Solving with solver Boolector 3.2.1
Encoding to solver time: 0.001s
Runtime decision procedure: 0.052s
The forward condition is unable to prove the property
*** Checking base case, k = 7
Starting Bounded Model Checking
Unwinding loop 1  iteration  1   file prod4br-ll_valuebound20.c line 34 function main
Unwinding loop 1  iteration  2   file prod4br-ll_valuebound20.c line 34 function main
Unwinding loop 1  iteration  3   file prod4br-ll_valuebound20.c line 34 function main
Unwinding loop 1  iteration  4   file prod4br-ll_valuebound20.c line 34 function main
Unwinding loop 1  iteration  5   file prod4br-ll_valuebound20.c line 34 function main
Unwinding loop 1  iteration  6   file prod4br-ll_valuebound20.c line 34 function main
Not unwinding 
Symex completed in: 0.007s (298 assignments)
Slicing time: 0.001s (removed 52 assignments)
Generated 9 VCC(s), 9 remaining after simplification (246 assignments)
No solver specified; defaulting to Boolector
Encoding remaining VCC(s) using bit-vector/floating-point arithmetic
Encoding to solver time: 0.003s
Solving with solver Boolector 3.2.1
Encoding to solver time: 0.003s
Runtime decision procedure: 18.449s
BMC program time: 18.461s
No bug has been found in the base case
*** Checking forward condition, k = 7
Starting Bounded Model Checking
Unwinding loop 1  iteration  1   file prod4br-ll_valuebound20.c line 34 function main
Unwinding loop 1  iteration  2   file prod4br-ll_valuebound20.c line 34 function main
Unwinding loop 1  iteration  3   file prod4br-ll_valuebound20.c line 34 function main
Unwinding loop 1  iteration  4   file prod4br-ll_valuebound20.c line 34 function main
Unwinding loop 1  iteration  5   file prod4br-ll_valuebound20.c line 34 function main
Unwinding loop 1  iteration  6   file prod4br-ll_valuebound20.c line 34 function main
Not unwinding 
Symex completed in: 0.007s (289 assignments)
Slicing time: 0.001s (removed 153 assignments)
Generated 1 VCC(s), 1 remaining after simplification (136 assignments)
No solver specified; defaulting to Boolector
Encoding remaining VCC(s) using bit-vector/floating-point arithmetic
Encoding to solver time: 0.002s
Solving with solver Boolector 3.2.1
Encoding to solver time: 0.002s
Runtime decision procedure: 0.088s
The forward condition is unable to prove the property
*** Checking base case, k = 9
Starting Bounded Model Checking
Unwinding loop 1  iteration  1   file prod4br-ll_valuebound20.c line 34 function main
Unwinding loop 1  iteration  2   file prod4br-ll_valuebound20.c line 34 function main
Unwinding loop 1  iteration  3   file prod4br-ll_valuebound20.c line 34 function main
Unwinding loop 1  iteration  4   file prod4br-ll_valuebound20.c line 34 function main
Unwinding loop 1  iteration  5   file prod4br-ll_valuebound20.c line 34 function main
Unwinding loop 1  iteration  6   file prod4br-ll_valuebound20.c line 34 function main
Unwinding loop 1  iteration  7   file prod4br-ll_valuebound20.c line 34 function main
Unwinding loop 1  iteration  8   file prod4br-ll_valuebound20.c line 34 function main
Not unwinding 
Symex completed in: 0.008s (374 assignments)
Slicing time: 0.001s (removed 54 assignments)
Generated 11 VCC(s), 11 remaining after simplification (320 assignments)
No solver specified; defaulting to Boolector
Encoding remaining VCC(s) using bit-vector/floating-point arithmetic
Encoding to solver time: 0.004s
Solving with solver Boolector 3.2.1
Encoding to solver time: 0.004s
Runtime decision procedure: 30.215s
BMC program time: 30.229s
No bug has been found in the base case
*** Checking forward condition, k = 9
Starting Bounded Model Checking
Unwinding loop 1  iteration  1   file prod4br-ll_valuebound20.c line 34 function main
Unwinding loop 1  iteration  2   file prod4br-ll_valuebound20.c line 34 function main
Unwinding loop 1  iteration  3   file prod4br-ll_valuebound20.c line 34 function main
Unwinding loop 1  iteration  4   file prod4br-ll_valuebound20.c line 34 function main
Unwinding loop 1  iteration  5   file prod4br-ll_valuebound20.c line 34 function main
Unwinding loop 1  iteration  6   file prod4br-ll_valuebound20.c line 34 function main
Unwinding loop 1  iteration  7   file prod4br-ll_valuebound20.c line 34 function main
Unwinding loop 1  iteration  8   file prod4br-ll_valuebound20.c line 34 function main
Not unwinding 
Symex completed in: 0.009s (363 assignments)
Slicing time: 0.001s (removed 187 assignments)
Generated 1 VCC(s), 1 remaining after simplification (176 assignments)
No solver specified; defaulting to Boolector
Encoding remaining VCC(s) using bit-vector/floating-point arithmetic
Encoding to solver time: 0.003s
Solving with solver Boolector 3.2.1
Encoding to solver time: 0.003s
Runtime decision procedure: 0.135s
BMC program time: 0.148s
Building successful trace

VERIFICATION SUCCESSFUL

Solution found by the forward condition; all states are reachable (k = 9


TRUE
