./esbmc-wrapper.py -p ../sv-benchmarks/c/properties/unreach-call.prp -s kinduction --arch 32 ../sv-benchmarks/c/nla-digbench-scaling/ps5-ll_unwindbound10.c


--------------------------------------------------------------------------------


Verifying with ESBMC
Command: ./esbmc --no-div-by-zero-check --force-malloc-success --state-hashing --no-align-check --k-step 2 --floatbv --unlimited-k-steps ../sv-benchmarks/c/nla-digbench-scaling/ps5-ll_unwindbound10.c --32 --witness-output ps5-ll_unwindbound10.c.graphml --no-pointer-check --no-bounds-check --interval-analysis --k-induction --max-inductive-step 3 
ESBMC version 6.8.0 64-bit x86_64 linux
Target: 32-bit little-endian x86_64-unknown-linux with esbmc libc
file ../sv-benchmarks/c/nla-digbench-scaling/ps5-ll_unwindbound10.c: Parsing
Converting
Generating GOTO Program
GOTO program creation time: 0.137s
GOTO program processing time: 0.002s
*** Checking base case, k = 1
Starting Bounded Model Checking
Not unwinding 
Symex completed in: 0.001s (31 assignments)
Slicing time: 0.001s (removed 24 assignments)
Generated 0 VCC(s), 0 remaining after simplification (7 assignments)
BMC program time: 0.002s
No bug has been found in the base case
*** Checking forward condition, k = 1
Starting Bounded Model Checking
Not unwinding 
Symex completed in: 0.001s (31 assignments)
Slicing time: 0.000s (removed 24 assignments)
Generated 1 VCC(s), 1 remaining after simplification (7 assignments)
No solver specified; defaulting to Boolector
Encoding remaining VCC(s) using bit-vector/floating-point arithmetic
Encoding to solver time: 0.000s
Solving with solver Boolector 3.2.1
Encoding to solver time: 0.000s
Runtime decision procedure: 0.002s
The forward condition is unable to prove the property
*** Checking base case, k = 3
Starting Bounded Model Checking
Unwinding loop 1  iteration  1   file ps5-ll_unwindbound10.c line 28 function main
Unwinding loop 1  iteration  2   file ps5-ll_unwindbound10.c line 28 function main
Not unwinding 
Symex completed in: 0.003s (59 assignments)
Slicing time: 0.000s (removed 40 assignments)
Generated 2 VCC(s), 2 remaining after simplification (19 assignments)
No solver specified; defaulting to Boolector
Encoding remaining VCC(s) using bit-vector/floating-point arithmetic
Encoding to solver time: 0.000s
Solving with solver Boolector 3.2.1
Encoding to solver time: 0.000s
Runtime decision procedure: 0.007s
BMC program time: 0.011s
No bug has been found in the base case
*** Checking forward condition, k = 3
Starting Bounded Model Checking
Unwinding loop 1  iteration  1   file ps5-ll_unwindbound10.c line 28 function main
Unwinding loop 1  iteration  2   file ps5-ll_unwindbound10.c line 28 function main
Not unwinding 
Symex completed in: 0.003s (57 assignments)
Slicing time: 0.000s (removed 48 assignments)
Generated 1 VCC(s), 1 remaining after simplification (9 assignments)
No solver specified; defaulting to Boolector
Encoding remaining VCC(s) using bit-vector/floating-point arithmetic
Encoding to solver time: 0.000s
Solving with solver Boolector 3.2.1
Encoding to solver time: 0.000s
Runtime decision procedure: 0.002s
The forward condition is unable to prove the property
*** Checking inductive step, k = 3
Starting Bounded Model Checking
Unwinding loop 1  iteration  1   file ps5-ll_unwindbound10.c line 28 function main
Unwinding loop 1  iteration  2   file ps5-ll_unwindbound10.c line 28 function main
Not unwinding 
Symex completed in: 0.005s (99 assignments)
Slicing time: 0.000s (removed 29 assignments)
Generated 3 VCC(s), 3 remaining after simplification (70 assignments)
No solver specified; defaulting to Boolector
Encoding remaining VCC(s) using bit-vector/floating-point arithmetic
Encoding to solver time: 0.002s
Solving with solver Boolector 3.2.1
Encoding to solver time: 0.002s
Runtime decision procedure: 16.759s
The inductive step is unable to prove the property
*** Checking base case, k = 5
Starting Bounded Model Checking
Unwinding loop 1  iteration  1   file ps5-ll_unwindbound10.c line 28 function main
Unwinding loop 1  iteration  2   file ps5-ll_unwindbound10.c line 28 function main
Unwinding loop 1  iteration  3   file ps5-ll_unwindbound10.c line 28 function main
Unwinding loop 1  iteration  4   file ps5-ll_unwindbound10.c line 28 function main
Not unwinding 
Symex completed in: 0.004s (83 assignments)
Slicing time: 0.001s (removed 58 assignments)
Generated 2 VCC(s), 2 remaining after simplification (25 assignments)
No solver specified; defaulting to Boolector
Encoding remaining VCC(s) using bit-vector/floating-point arithmetic
Encoding to solver time: 0.001s
Solving with solver Boolector 3.2.1
Encoding to solver time: 0.001s
Runtime decision procedure: 0.229s
BMC program time: 0.235s
No bug has been found in the base case
*** Checking forward condition, k = 5
Starting Bounded Model Checking
Unwinding loop 1  iteration  1   file ps5-ll_unwindbound10.c line 28 function main
Unwinding loop 1  iteration  2   file ps5-ll_unwindbound10.c line 28 function main
Unwinding loop 1  iteration  3   file ps5-ll_unwindbound10.c line 28 function main
Unwinding loop 1  iteration  4   file ps5-ll_unwindbound10.c line 28 function main
Not unwinding 
Symex completed in: 0.004s (81 assignments)
Slicing time: 0.001s (removed 70 assignments)
Generated 1 VCC(s), 1 remaining after simplification (11 assignments)
No solver specified; defaulting to Boolector
Encoding remaining VCC(s) using bit-vector/floating-point arithmetic
Encoding to solver time: 0.001s
Solving with solver Boolector 3.2.1
Encoding to solver time: 0.001s
Runtime decision procedure: 0.002s
The forward condition is unable to prove the property
*** Checking base case, k = 7
Starting Bounded Model Checking
Unwinding loop 1  iteration  1   file ps5-ll_unwindbound10.c line 28 function main
Unwinding loop 1  iteration  2   file ps5-ll_unwindbound10.c line 28 function main
Unwinding loop 1  iteration  3   file ps5-ll_unwindbound10.c line 28 function main
Unwinding loop 1  iteration  4   file ps5-ll_unwindbound10.c line 28 function main
Unwinding loop 1  iteration  5   file ps5-ll_unwindbound10.c line 28 function main
Unwinding loop 1  iteration  6   file ps5-ll_unwindbound10.c line 28 function main
Not unwinding 
Symex completed in: 0.005s (107 assignments)
Slicing time: 0.001s (removed 76 assignments)
Generated 2 VCC(s), 2 remaining after simplification (31 assignments)
No solver specified; defaulting to Boolector
Encoding remaining VCC(s) using bit-vector/floating-point arithmetic
Encoding to solver time: 0.001s
Solving with solver Boolector 3.2.1
Encoding to solver time: 0.001s
Runtime decision procedure: 0.305s
BMC program time: 0.312s
No bug has been found in the base case
*** Checking forward condition, k = 7
Starting Bounded Model Checking
Unwinding loop 1  iteration  1   file ps5-ll_unwindbound10.c line 28 function main
Unwinding loop 1  iteration  2   file ps5-ll_unwindbound10.c line 28 function main
Unwinding loop 1  iteration  3   file ps5-ll_unwindbound10.c line 28 function main
Unwinding loop 1  iteration  4   file ps5-ll_unwindbound10.c line 28 function main
Unwinding loop 1  iteration  5   file ps5-ll_unwindbound10.c line 28 function main
Unwinding loop 1  iteration  6   file ps5-ll_unwindbound10.c line 28 function main
Not unwinding 
Symex completed in: 0.006s (105 assignments)
Slicing time: 0.000s (removed 92 assignments)
Generated 1 VCC(s), 1 remaining after simplification (13 assignments)
No solver specified; defaulting to Boolector
Encoding remaining VCC(s) using bit-vector/floating-point arithmetic
Encoding to solver time: 0.000s
Solving with solver Boolector 3.2.1
Encoding to solver time: 0.000s
Runtime decision procedure: 0.004s
The forward condition is unable to prove the property
*** Checking base case, k = 9
Starting Bounded Model Checking
Unwinding loop 1  iteration  1   file ps5-ll_unwindbound10.c line 28 function main
Unwinding loop 1  iteration  2   file ps5-ll_unwindbound10.c line 28 function main
Unwinding loop 1  iteration  3   file ps5-ll_unwindbound10.c line 28 function main
Unwinding loop 1  iteration  4   file ps5-ll_unwindbound10.c line 28 function main
Unwinding loop 1  iteration  5   file ps5-ll_unwindbound10.c line 28 function main
Unwinding loop 1  iteration  6   file ps5-ll_unwindbound10.c line 28 function main
Unwinding loop 1  iteration  7   file ps5-ll_unwindbound10.c line 28 function main
Unwinding loop 1  iteration  8   file ps5-ll_unwindbound10.c line 28 function main
Not unwinding 
Symex completed in: 0.007s (131 assignments)
Slicing time: 0.001s (removed 94 assignments)
Generated 2 VCC(s), 2 remaining after simplification (37 assignments)
No solver specified; defaulting to Boolector
Encoding remaining VCC(s) using bit-vector/floating-point arithmetic
Encoding to solver time: 0.001s
Solving with solver Boolector 3.2.1
Encoding to solver time: 0.001s
Runtime decision procedure: 0.490s
BMC program time: 0.500s
No bug has been found in the base case
*** Checking forward condition, k = 9
Starting Bounded Model Checking
Unwinding loop 1  iteration  1   file ps5-ll_unwindbound10.c line 28 function main
Unwinding loop 1  iteration  2   file ps5-ll_unwindbound10.c line 28 function main
Unwinding loop 1  iteration  3   file ps5-ll_unwindbound10.c line 28 function main
Unwinding loop 1  iteration  4   file ps5-ll_unwindbound10.c line 28 function main
Unwinding loop 1  iteration  5   file ps5-ll_unwindbound10.c line 28 function main
Unwinding loop 1  iteration  6   file ps5-ll_unwindbound10.c line 28 function main
Unwinding loop 1  iteration  7   file ps5-ll_unwindbound10.c line 28 function main
Unwinding loop 1  iteration  8   file ps5-ll_unwindbound10.c line 28 function main
Not unwinding 
Symex completed in: 0.007s (129 assignments)
Slicing time: 0.001s (removed 114 assignments)
Generated 1 VCC(s), 1 remaining after simplification (15 assignments)
No solver specified; defaulting to Boolector
Encoding remaining VCC(s) using bit-vector/floating-point arithmetic
Encoding to solver time: 0.001s
Solving with solver Boolector 3.2.1
Encoding to solver time: 0.001s
Runtime decision procedure: 0.004s
The forward condition is unable to prove the property
*** Checking base case, k = 11
Starting Bounded Model Checking
Unwinding loop 1  iteration  1   file ps5-ll_unwindbound10.c line 28 function main
Unwinding loop 1  iteration  2   file ps5-ll_unwindbound10.c line 28 function main
Unwinding loop 1  iteration  3   file ps5-ll_unwindbound10.c line 28 function main
Unwinding loop 1  iteration  4   file ps5-ll_unwindbound10.c line 28 function main
Unwinding loop 1  iteration  5   file ps5-ll_unwindbound10.c line 28 function main
Unwinding loop 1  iteration  6   file ps5-ll_unwindbound10.c line 28 function main
Unwinding loop 1  iteration  7   file ps5-ll_unwindbound10.c line 28 function main
Unwinding loop 1  iteration  8   file ps5-ll_unwindbound10.c line 28 function main
Unwinding loop 1  iteration  9   file ps5-ll_unwindbound10.c line 28 function main
Unwinding loop 1  iteration  10   file ps5-ll_unwindbound10.c line 28 function main
Symex completed in: 0.008s (146 assignments)
Slicing time: 0.000s (removed 105 assignments)
Generated 2 VCC(s), 2 remaining after simplification (41 assignments)
No solver specified; defaulting to Boolector
Encoding remaining VCC(s) using bit-vector/floating-point arithmetic
Encoding to solver time: 0.001s
Solving with solver Boolector 3.2.1
Encoding to solver time: 0.001s
Runtime decision procedure: 0.503s
Building error trace

Counterexample:

State 1 file ps5-ll_unwindbound10.c line 21 function main thread 0
----------------------------------------------------
  k = 12 (00000000 00001100)

State 2 file ps5-ll_unwindbound10.c line 3 function reach_error thread 0
----------------------------------------------------
Violated property:
  file ps5-ll_unwindbound10.c line 3 function reach_error
  assertion 0
  0


VERIFICATION FAILED

Bug found (k = 11)


FALSE_REACH
