./esbmc-wrapper.py -p ../sv-benchmarks/c/properties/unreach-call.prp -s kinduction --arch 64 ../sv-benchmarks/c/ldv-linux-3.4-simple/32_1_cilled_ok_nondet_linux-3.4-32_1-drivers--mtd--maps--intel_vr_nor.ko-ldv_main0_sequence_infinite_withcheck_stateful.cil.out.i


--------------------------------------------------------------------------------


Verifying with ESBMC
Command: ./esbmc --no-div-by-zero-check --force-malloc-success --state-hashing --no-align-check --k-step 2 --floatbv --unlimited-k-steps ../sv-benchmarks/c/ldv-linux-3.4-simple/32_1_cilled_ok_nondet_linux-3.4-32_1-drivers--mtd--maps--intel_vr_nor.ko-ldv_main0_sequence_infinite_withcheck_stateful.cil.out.i --64 --witness-output 32_1_cilled_ok_nondet_linux-3.4-32_1-drivers--mtd--maps--intel_vr_nor.ko-ldv_main0_sequence_infinite_withcheck_stateful.cil.out.i.graphml --no-pointer-check --no-bounds-check --interval-analysis --k-induction --max-inductive-step 3 
ESBMC version 6.8.0 64-bit x86_64 linux
Target: 64-bit little-endian x86_64-unknown-linux with esbmc libc
file ../sv-benchmarks/c/ldv-linux-3.4-simple/32_1_cilled_ok_nondet_linux-3.4-32_1-drivers--mtd--maps--intel_vr_nor.ko-ldv_main0_sequence_infinite_withcheck_stateful.cil.out.i: Parsing
Converting
Generating GOTO Program
GOTO program creation time: 0.321s
GOTO program processing time: 0.017s
*** Checking base case, k = 1
Starting Bounded Model Checking
Not unwinding 
Not unwinding 
Symex completed in: 0.086s (752 assignments)
Slicing time: 0.003s (removed 554 assignments)
Generated 0 VCC(s), 0 remaining after simplification (198 assignments)
BMC program time: 0.089s
No bug has been found in the base case
*** Checking forward condition, k = 1
Starting Bounded Model Checking
Not unwinding 
Not unwinding 
Symex completed in: 0.089s (752 assignments)
Slicing time: 0.003s (removed 554 assignments)
Generated 2 VCC(s), 2 remaining after simplification (198 assignments)
No solver specified; defaulting to Boolector
Encoding remaining VCC(s) using bit-vector/floating-point arithmetic
Encoding to solver time: 0.013s
Solving with solver Boolector 3.2.1
Encoding to solver time: 0.013s
Runtime decision procedure: 2.646s
The forward condition is unable to prove the property
*** Checking base case, k = 3
Starting Bounded Model Checking
Unwinding loop 1  iteration  1   file 32_1_cilled_ok_nondet_linux-3.4-32_1-drivers--mtd--maps--intel_vr_nor.ko-ldv_main0_sequence_infinite_withcheck_stateful.cil.out.i line 2599 function vr_nor_mtd_setup
Unwinding loop 1  iteration  2   file 32_1_cilled_ok_nondet_linux-3.4-32_1-drivers--mtd--maps--intel_vr_nor.ko-ldv_main0_sequence_infinite_withcheck_stateful.cil.out.i line 2599 function vr_nor_mtd_setup
Not unwinding 
Unwinding loop 2  iteration  1   file 32_1_cilled_ok_nondet_linux-3.4-32_1-drivers--mtd--maps--intel_vr_nor.ko-ldv_main0_sequence_infinite_withcheck_stateful.cil.out.i line 3486 function main
Unwinding loop 1  iteration  1   file 32_1_cilled_ok_nondet_linux-3.4-32_1-drivers--mtd--maps--intel_vr_nor.ko-ldv_main0_sequence_infinite_withcheck_stateful.cil.out.i line 2599 function vr_nor_mtd_setup
Unwinding loop 1  iteration  2   file 32_1_cilled_ok_nondet_linux-3.4-32_1-drivers--mtd--maps--intel_vr_nor.ko-ldv_main0_sequence_infinite_withcheck_stateful.cil.out.i line 2599 function vr_nor_mtd_setup
Not unwinding 
Unwinding loop 2  iteration  2   file 32_1_cilled_ok_nondet_linux-3.4-32_1-drivers--mtd--maps--intel_vr_nor.ko-ldv_main0_sequence_infinite_withcheck_stateful.cil.out.i line 3486 function main
Unwinding loop 1  iteration  1   file 32_1_cilled_ok_nondet_linux-3.4-32_1-drivers--mtd--maps--intel_vr_nor.ko-ldv_main0_sequence_infinite_withcheck_stateful.cil.out.i line 2599 function vr_nor_mtd_setup
Unwinding loop 1  iteration  2   file 32_1_cilled_ok_nondet_linux-3.4-32_1-drivers--mtd--maps--intel_vr_nor.ko-ldv_main0_sequence_infinite_withcheck_stateful.cil.out.i line 2599 function vr_nor_mtd_setup
Not unwinding 
Not unwinding 
Symex completed in: 0.430s (2711 assignments)
Slicing time: 0.014s (removed 2009 assignments)
Generated 0 VCC(s), 0 remaining after simplification (702 assignments)
BMC program time: 0.444s
No bug has been found in the base case
*** Checking forward condition, k = 3
Starting Bounded Model Checking
Unwinding loop 1  iteration  1   file 32_1_cilled_ok_nondet_linux-3.4-32_1-drivers--mtd--maps--intel_vr_nor.ko-ldv_main0_sequence_infinite_withcheck_stateful.cil.out.i line 2599 function vr_nor_mtd_setup
Unwinding loop 1  iteration  2   file 32_1_cilled_ok_nondet_linux-3.4-32_1-drivers--mtd--maps--intel_vr_nor.ko-ldv_main0_sequence_infinite_withcheck_stateful.cil.out.i line 2599 function vr_nor_mtd_setup
Not unwinding 
Unwinding loop 2  iteration  1   file 32_1_cilled_ok_nondet_linux-3.4-32_1-drivers--mtd--maps--intel_vr_nor.ko-ldv_main0_sequence_infinite_withcheck_stateful.cil.out.i line 3486 function main
Unwinding loop 1  iteration  1   file 32_1_cilled_ok_nondet_linux-3.4-32_1-drivers--mtd--maps--intel_vr_nor.ko-ldv_main0_sequence_infinite_withcheck_stateful.cil.out.i line 2599 function vr_nor_mtd_setup
Unwinding loop 1  iteration  2   file 32_1_cilled_ok_nondet_linux-3.4-32_1-drivers--mtd--maps--intel_vr_nor.ko-ldv_main0_sequence_infinite_withcheck_stateful.cil.out.i line 2599 function vr_nor_mtd_setup
Not unwinding 
Unwinding loop 2  iteration  2   file 32_1_cilled_ok_nondet_linux-3.4-32_1-drivers--mtd--maps--intel_vr_nor.ko-ldv_main0_sequence_infinite_withcheck_stateful.cil.out.i line 3486 function main
Unwinding loop 1  iteration  1   file 32_1_cilled_ok_nondet_linux-3.4-32_1-drivers--mtd--maps--intel_vr_nor.ko-ldv_main0_sequence_infinite_withcheck_stateful.cil.out.i line 2599 function vr_nor_mtd_setup
Unwinding loop 1  iteration  2   file 32_1_cilled_ok_nondet_linux-3.4-32_1-drivers--mtd--maps--intel_vr_nor.ko-ldv_main0_sequence_infinite_withcheck_stateful.cil.out.i line 2599 function vr_nor_mtd_setup
Not unwinding 
Not unwinding 
Symex completed in: 0.453s (2711 assignments)
Slicing time: 0.016s (removed 2009 assignments)
Generated 4 VCC(s), 4 remaining after simplification (702 assignments)
No solver specified; defaulting to Boolector
Encoding remaining VCC(s) using bit-vector/floating-point arithmetic
Encoding to solver time: 0.108s
Solving with solver Boolector 3.2.1
Encoding to solver time: 0.108s
Runtime decision procedure: 16.215s
The forward condition is unable to prove the property
*** Checking inductive step, k = 3
Starting Bounded Model Checking
Unwinding loop 1  iteration  1   file 32_1_cilled_ok_nondet_linux-3.4-32_1-drivers--mtd--maps--intel_vr_nor.ko-ldv_main0_sequence_infinite_withcheck_stateful.cil.out.i line 2599 function vr_nor_mtd_setup
Unwinding loop 1  iteration  2   file 32_1_cilled_ok_nondet_linux-3.4-32_1-drivers--mtd--maps--intel_vr_nor.ko-ldv_main0_sequence_infinite_withcheck_stateful.cil.out.i line 2599 function vr_nor_mtd_setup
Not unwinding 
Unwinding loop 2  iteration  1   file 32_1_cilled_ok_nondet_linux-3.4-32_1-drivers--mtd--maps--intel_vr_nor.ko-ldv_main0_sequence_infinite_withcheck_stateful.cil.out.i line 3486 function main
Unwinding loop 1  iteration  1   file 32_1_cilled_ok_nondet_linux-3.4-32_1-drivers--mtd--maps--intel_vr_nor.ko-ldv_main0_sequence_infinite_withcheck_stateful.cil.out.i line 2599 function vr_nor_mtd_setup
Unwinding loop 1  iteration  2   file 32_1_cilled_ok_nondet_linux-3.4-32_1-drivers--mtd--maps--intel_vr_nor.ko-ldv_main0_sequence_infinite_withcheck_stateful.cil.out.i line 2599 function vr_nor_mtd_setup
Not unwinding 
Unwinding loop 2  iteration  2   file 32_1_cilled_ok_nondet_linux-3.4-32_1-drivers--mtd--maps--intel_vr_nor.ko-ldv_main0_sequence_infinite_withcheck_stateful.cil.out.i line 3486 function main
Unwinding loop 1  iteration  1   file 32_1_cilled_ok_nondet_linux-3.4-32_1-drivers--mtd--maps--intel_vr_nor.ko-ldv_main0_sequence_infinite_withcheck_stateful.cil.out.i line 2599 function vr_nor_mtd_setup
Unwinding loop 1  iteration  2   file 32_1_cilled_ok_nondet_linux-3.4-32_1-drivers--mtd--maps--intel_vr_nor.ko-ldv_main0_sequence_infinite_withcheck_stateful.cil.out.i line 2599 function vr_nor_mtd_setup
Not unwinding 
Not unwinding 
Symex completed in: 0.955s (3226 assignments)
Slicing time: 0.032s (removed 2364 assignments)
Generated 0 VCC(s), 0 remaining after simplification (862 assignments)
BMC program time: 0.987s
Building successful trace

VERIFICATION SUCCESSFUL

Solution found by the inductive step (k = 3)

../sv-benchmarks/c/ldv-linux-3.4-simple/32_1_cilled_ok_nondet_linux-3.4-32_1-drivers--mtd--maps--intel_vr_nor.ko-ldv_main0_sequence_infinite_withcheck_stateful.cil.out.i:3466:1: warning: return type of 'main' is not 'int' [-Wmain-return-type]
void main(void)
^
../sv-benchmarks/c/ldv-linux-3.4-simple/32_1_cilled_ok_nondet_linux-3.4-32_1-drivers--mtd--maps--intel_vr_nor.ko-ldv_main0_sequence_infinite_withcheck_stateful.cil.out.i:3466:1: note: change return type to 'int'
void main(void)
^~~~
int

TRUE
