./esbmc-wrapper.py -p ../sv-benchmarks/c/properties/unreach-call.prp -s kinduction --arch 64 ../sv-benchmarks/c/ldv-linux-3.16-rc1/43_2a_bitvector_linux-3.16-rc1.tar.xz-43_2a-drivers--media--platform--timblogiw.ko-entry_point.cil.out.i


--------------------------------------------------------------------------------


Verifying with ESBMC
Command: ./esbmc --no-div-by-zero-check --force-malloc-success --state-hashing --no-align-check --k-step 2 --floatbv --unlimited-k-steps ../sv-benchmarks/c/ldv-linux-3.16-rc1/43_2a_bitvector_linux-3.16-rc1.tar.xz-43_2a-drivers--media--platform--timblogiw.ko-entry_point.cil.out.i --64 --witness-output 43_2a_bitvector_linux-3.16-rc1.tar.xz-43_2a-drivers--media--platform--timblogiw.ko-entry_point.cil.out.i.graphml --no-pointer-check --no-bounds-check --interval-analysis --k-induction --max-inductive-step 3 
ESBMC version 6.8.0 64-bit x86_64 linux
Target: 64-bit little-endian x86_64-unknown-linux with esbmc libc
file ../sv-benchmarks/c/ldv-linux-3.16-rc1/43_2a_bitvector_linux-3.16-rc1.tar.xz-43_2a-drivers--media--platform--timblogiw.ko-entry_point.cil.out.i: Parsing
Converting
Generating GOTO Program
GOTO program creation time: 1.288s
GOTO program processing time: 0.191s
*** Checking base case, k = 1
Starting Bounded Model Checking
Not unwinding 
Not unwinding 
Not unwinding 
Not unwinding 
Not unwinding 
Not unwinding 
Not unwinding 
Not unwinding 
Not unwinding 
Not unwinding 
Not unwinding 
Not unwinding 
Not unwinding 
Not unwinding 
Not unwinding 
Not unwinding 
Not unwinding 
Not unwinding 
Not unwinding 
Not unwinding 
Not unwinding 
Not unwinding 
Not unwinding 
Not unwinding 
Not unwinding 
Not unwinding 
Not unwinding 
Not unwinding 
Not unwinding 
Not unwinding 
Not unwinding 
Not unwinding 
Not unwinding 
Not unwinding 
Not unwinding 
Not unwinding 
Symex completed in: 0.314s (1421 assignments)
Slicing time: 0.003s (removed 1174 assignments)
Generated 0 VCC(s), 0 remaining after simplification (247 assignments)
BMC program time: 0.317s
No bug has been found in the base case
*** Checking forward condition, k = 1
Starting Bounded Model Checking
Not unwinding 
Not unwinding 
Not unwinding 
Not unwinding 
Not unwinding 
Not unwinding 
Not unwinding 
Not unwinding 
Not unwinding 
Not unwinding 
Not unwinding 
Not unwinding 
Not unwinding 
Not unwinding 
Not unwinding 
Not unwinding 
Not unwinding 
Not unwinding 
Not unwinding 
Not unwinding 
Not unwinding 
Not unwinding 
Not unwinding 
Not unwinding 
Not unwinding 
Not unwinding 
Not unwinding 
Not unwinding 
Not unwinding 
Not unwinding 
Not unwinding 
Not unwinding 
Not unwinding 
Not unwinding 
Not unwinding 
Not unwinding 
Symex completed in: 0.319s (1421 assignments)
Slicing time: 0.003s (removed 1174 assignments)
Generated 36 VCC(s), 36 remaining after simplification (247 assignments)
No solver specified; defaulting to Boolector
Encoding remaining VCC(s) using bit-vector/floating-point arithmetic
Encoding to solver time: 0.167s
Solving with solver Boolector 3.2.1
Encoding to solver time: 0.167s
Runtime decision procedure: 13.571s
The forward condition is unable to prove the property
*** Checking base case, k = 3
Starting Bounded Model Checking
Unwinding loop 10  iteration  1   file string.c line 272 function __memset_impl
Unwinding loop 10  iteration  1   file string.c line 272 function __memset_impl
Unwinding loop 10  iteration  1   file string.c line 272 function __memset_impl
Unwinding loop 10  iteration  1   file string.c line 272 function __memset_impl
Unwinding loop 10  iteration  1   file string.c line 272 function __memset_impl
Unwinding loop 10  iteration  2   file string.c line 272 function __memset_impl
Not unwinding 
Unwinding loop 10  iteration  1   file string.c line 272 function __memset_impl
Unwinding loop 10  iteration  1   file string.c line 272 function __memset_impl
Unwinding loop 10  iteration  1   file string.c line 272 function __memset_impl
Unwinding loop 10  iteration  1   file string.c line 272 function __memset_impl
Unwinding loop 10  iteration  1   file string.c line 272 function __memset_impl
Unwinding loop 10  iteration  1   file string.c line 272 function __memset_impl
Unwinding loop 10  iteration  2   file string.c line 272 function __memset_impl
Not unwinding 
Unwinding loop 10  iteration  1   file string.c line 272 function __memset_impl
Unwinding loop 10  iteration  2   file string.c line 272 function __memset_impl
Not unwinding 
Unwinding loop 10  iteration  1   file string.c line 272 function __memset_impl
Unwinding loop 10  iteration  1   file string.c line 272 function __memset_impl
Unwinding loop 10  iteration  1   file string.c line 272 function __memset_impl
Unwinding loop 10  iteration  1   file string.c line 272 function __memset_impl
Unwinding loop 10  iteration  1   file string.c line 272 function __memset_impl
Unwinding loop 10  iteration  1   file string.c line 272 function __memset_impl
Unwinding loop 10  iteration  2   file string.c line 272 function __memset_impl
Not unwinding 
Unwinding loop 10  iteration  1   file string.c line 272 function __memset_impl
Unwinding loop 10  iteration  1   file string.c line 272 function __memset_impl
Unwinding loop 10  iteration  2   file string.c line 272 function __memset_impl
Not unwinding 
Unwinding loop 10  iteration  1   file string.c line 272 function __memset_impl
Unwinding loop 10  iteration  1   file string.c line 272 function __memset_impl
Unwinding loop 10  iteration  1   file string.c line 272 function __memset_impl
Unwinding loop 10  iteration  2   file string.c line 272 function __memset_impl
Not unwinding 
Unwinding loop 10  iteration  1   file string.c line 272 function __memset_impl
Unwinding loop 10  iteration  2   file string.c line 272 function __memset_impl
Not unwinding 
Unwinding loop 10  iteration  1   file string.c line 272 function __memset_impl
Unwinding loop 10  iteration  2   file string.c line 272 function __memset_impl
Not unwinding 
Unwinding loop 10  iteration  1   file string.c line 272 function __memset_impl
Unwinding loop 10  iteration  1   file string.c line 272 function __memset_impl
Unwinding loop 10  iteration  1   file string.c line 272 function __memset_impl
Unwinding loop 10  iteration  2   file string.c line 272 function __memset_impl
Not unwinding 
Unwinding loop 10  iteration  1   file string.c line 272 function __memset_impl
Unwinding loop 10  iteration  1   file string.c line 272 function __memset_impl
Unwinding loop 10  iteration  2   file string.c line 272 function __memset_impl
Not unwinding 
Unwinding loop 10  iteration  1   file string.c line 272 function __memset_impl
Unwinding loop 10  iteration  2   file string.c line 272 function __memset_impl
Not unwinding 
Unwinding loop 10  iteration  1   file string.c line 272 function __memset_impl
Unwinding loop 10  iteration  2   file string.c line 272 function __memset_impl
Not unwinding 
Unwinding loop 10  iteration  1   file string.c line 272 function __memset_impl
Unwinding loop 10  iteration  2   file string.c line 272 function __memset_impl
Not unwinding 
Unwinding loop 10  iteration  1   file string.c line 272 function __memset_impl
Unwinding loop 10  iteration  2   file string.c line 272 function __memset_impl
Not unwinding 
Unwinding loop 10  iteration  1   file string.c line 272 function __memset_impl
Unwinding loop 10  iteration  2   file string.c line 272 function __memset_impl
Not unwinding 
Unwinding loop 10  iteration  1   file string.c line 272 function __memset_impl
Unwinding loop 10  iteration  2   file string.c line 272 function __memset_impl
Not unwinding 
Symex completed in: 0.570s (1515 assignments)
Slicing time: 0.003s (removed 1308 assignments)
Generated 0 VCC(s), 0 remaining after simplification (207 assignments)
BMC program time: 0.573s
No bug has been found in the base case
*** Checking forward condition, k = 3
Starting Bounded Model Checking
Unwinding loop 10  iteration  1   file string.c line 272 function __memset_impl
Unwinding loop 10  iteration  1   file string.c line 272 function __memset_impl
Unwinding loop 10  iteration  1   file string.c line 272 function __memset_impl
Unwinding loop 10  iteration  1   file string.c line 272 function __memset_impl
Unwinding loop 10  iteration  1   file string.c line 272 function __memset_impl
Unwinding loop 10  iteration  2   file string.c line 272 function __memset_impl
Not unwinding 
Unwinding loop 10  iteration  1   file string.c line 272 function __memset_impl
Unwinding loop 10  iteration  1   file string.c line 272 function __memset_impl
Unwinding loop 10  iteration  1   file string.c line 272 function __memset_impl
Unwinding loop 10  iteration  1   file string.c line 272 function __memset_impl
Unwinding loop 10  iteration  1   file string.c line 272 function __memset_impl
Unwinding loop 10  iteration  1   file string.c line 272 function __memset_impl
Unwinding loop 10  iteration  2   file string.c line 272 function __memset_impl
Not unwinding 
Unwinding loop 10  iteration  1   file string.c line 272 function __memset_impl
Unwinding loop 10  iteration  2   file string.c line 272 function __memset_impl
Not unwinding 
Unwinding loop 10  iteration  1   file string.c line 272 function __memset_impl
Unwinding loop 10  iteration  1   file string.c line 272 function __memset_impl
Unwinding loop 10  iteration  1   file string.c line 272 function __memset_impl
Unwinding loop 10  iteration  1   file string.c line 272 function __memset_impl
Unwinding loop 10  iteration  1   file string.c line 272 function __memset_impl
Unwinding loop 10  iteration  1   file string.c line 272 function __memset_impl
Unwinding loop 10  iteration  2   file string.c line 272 function __memset_impl
Not unwinding 
Unwinding loop 10  iteration  1   file string.c line 272 function __memset_impl
Unwinding loop 10  iteration  1   file string.c line 272 function __memset_impl
Unwinding loop 10  iteration  2   file string.c line 272 function __memset_impl
Not unwinding 
Unwinding loop 10  iteration  1   file string.c line 272 function __memset_impl
Unwinding loop 10  iteration  1   file string.c line 272 function __memset_impl
Unwinding loop 10  iteration  1   file string.c line 272 function __memset_impl
Unwinding loop 10  iteration  2   file string.c line 272 function __memset_impl
Not unwinding 
Unwinding loop 10  iteration  1   file string.c line 272 function __memset_impl
Unwinding loop 10  iteration  2   file string.c line 272 function __memset_impl
Not unwinding 
Unwinding loop 10  iteration  1   file string.c line 272 function __memset_impl
Unwinding loop 10  iteration  2   file string.c line 272 function __memset_impl
Not unwinding 
Unwinding loop 10  iteration  1   file string.c line 272 function __memset_impl
Unwinding loop 10  iteration  1   file string.c line 272 function __memset_impl
Unwinding loop 10  iteration  1   file string.c line 272 function __memset_impl
Unwinding loop 10  iteration  2   file string.c line 272 function __memset_impl
Not unwinding 
Unwinding loop 10  iteration  1   file string.c line 272 function __memset_impl
Unwinding loop 10  iteration  1   file string.c line 272 function __memset_impl
Unwinding loop 10  iteration  2   file string.c line 272 function __memset_impl
Not unwinding 
Unwinding loop 10  iteration  1   file string.c line 272 function __memset_impl
Unwinding loop 10  iteration  2   file string.c line 272 function __memset_impl
Not unwinding 
Unwinding loop 10  iteration  1   file string.c line 272 function __memset_impl
Unwinding loop 10  iteration  2   file string.c line 272 function __memset_impl
Not unwinding 
Unwinding loop 10  iteration  1   file string.c line 272 function __memset_impl
Unwinding loop 10  iteration  2   file string.c line 272 function __memset_impl
Not unwinding 
Unwinding loop 10  iteration  1   file string.c line 272 function __memset_impl
Unwinding loop 10  iteration  2   file string.c line 272 function __memset_impl
Not unwinding 
Unwinding loop 10  iteration  1   file string.c line 272 function __memset_impl
Unwinding loop 10  iteration  2   file string.c line 272 function __memset_impl
Not unwinding 
Unwinding loop 10  iteration  1   file string.c line 272 function __memset_impl
Unwinding loop 10  iteration  2   file string.c line 272 function __memset_impl
Not unwinding 
Symex completed in: 0.547s (1515 assignments)
Slicing time: 0.003s (removed 1308 assignments)
Generated 16 VCC(s), 16 remaining after simplification (207 assignments)
No solver specified; defaulting to Boolector
Encoding remaining VCC(s) using bit-vector/floating-point arithmetic
Encoding to solver time: 0.182s
Solving with solver Boolector 3.2.1
Encoding to solver time: 0.182s
Runtime decision procedure: 13.490s
The forward condition is unable to prove the property
*** Checking inductive step, k = 3
Starting Bounded Model Checking
Unwinding loop 10  iteration  1   file string.c line 272 function __memset_impl
Unwinding loop 10  iteration  2   file string.c line 272 function __memset_impl
Not unwinding 
Unwinding loop 10  iteration  1   file string.c line 272 function __memset_impl
Unwinding loop 10  iteration  2   file string.c line 272 function __memset_impl
Not unwinding 
Unwinding loop 10  iteration  1   file string.c line 272 function __memset_impl
Unwinding loop 10  iteration  2   file string.c line 272 function __memset_impl
Not unwinding 
Unwinding loop 10  iteration  1   file string.c line 272 function __memset_impl
Unwinding loop 10  iteration  2   file string.c line 272 function __memset_impl
Not unwinding 
Unwinding loop 10  iteration  1   file string.c line 272 function __memset_impl
Unwinding loop 10  iteration  2   file string.c line 272 function __memset_impl
Not unwinding 
Unwinding loop 10  iteration  1   file string.c line 272 function __memset_impl
Unwinding loop 10  iteration  2   file string.c line 272 function __memset_impl
Not unwinding 
Unwinding loop 10  iteration  1   file string.c line 272 function __memset_impl
Unwinding loop 10  iteration  2   file string.c line 272 function __memset_impl
Not unwinding 
Unwinding loop 10  iteration  1   file string.c line 272 function __memset_impl
Unwinding loop 10  iteration  2   file string.c line 272 function __memset_impl
Not unwinding 
Unwinding loop 10  iteration  1   file string.c line 272 function __memset_impl
Unwinding loop 10  iteration  2   file string.c line 272 function __memset_impl
Not unwinding 
Unwinding loop 10  iteration  1   file string.c line 272 function __memset_impl
Unwinding loop 10  iteration  2   file string.c line 272 function __memset_impl
Not unwinding 
Unwinding loop 10  iteration  1   file string.c line 272 function __memset_impl
Unwinding loop 10  iteration  2   file string.c line 272 function __memset_impl
Not unwinding 
Unwinding loop 10  iteration  1   file string.c line 272 function __memset_impl
Unwinding loop 10  iteration  2   file string.c line 272 function __memset_impl
Not unwinding 
Unwinding loop 10  iteration  1   file string.c line 272 function __memset_impl
Unwinding loop 10  iteration  2   file string.c line 272 function __memset_impl
Not unwinding 
Unwinding loop 10  iteration  1   file string.c line 272 function __memset_impl
Unwinding loop 10  iteration  2   file string.c line 272 function __memset_impl
Not unwinding 
Unwinding loop 10  iteration  1   file string.c line 272 function __memset_impl
Unwinding loop 10  iteration  2   file string.c line 272 function __memset_impl
Not unwinding 
Unwinding loop 10  iteration  1   file string.c line 272 function __memset_impl
Unwinding loop 10  iteration  2   file string.c line 272 function __memset_impl
Not unwinding 
Unwinding loop 10  iteration  1   file string.c line 272 function __memset_impl
Unwinding loop 10  iteration  2   file string.c line 272 function __memset_impl
Not unwinding 
Unwinding loop 10  iteration  1   file string.c line 272 function __memset_impl
Unwinding loop 10  iteration  2   file string.c line 272 function __memset_impl
Not unwinding 
Unwinding loop 10  iteration  1   file string.c line 272 function __memset_impl
Unwinding loop 10  iteration  2   file string.c line 272 function __memset_impl
Not unwinding 
Unwinding loop 10  iteration  1   file string.c line 272 function __memset_impl
Unwinding loop 10  iteration  2   file string.c line 272 function __memset_impl
Not unwinding 
Unwinding loop 10  iteration  1   file string.c line 272 function __memset_impl
Unwinding loop 10  iteration  2   file string.c line 272 function __memset_impl
Not unwinding 
Unwinding loop 10  iteration  1   file string.c line 272 function __memset_impl
Unwinding loop 10  iteration  2   file string.c line 272 function __memset_impl
Not unwinding 
Unwinding loop 10  iteration  1   file string.c line 272 function __memset_impl
Unwinding loop 10  iteration  2   file string.c line 272 function __memset_impl
Not unwinding 
Unwinding loop 10  iteration  1   file string.c line 272 function __memset_impl
Unwinding loop 10  iteration  2   file string.c line 272 function __memset_impl
Not unwinding 
Unwinding loop 10  iteration  1   file string.c line 272 function __memset_impl
Unwinding loop 10  iteration  2   file string.c line 272 function __memset_impl
Not unwinding 
Unwinding loop 10  iteration  1   file string.c line 272 function __memset_impl
Unwinding loop 10  iteration  2   file string.c line 272 function __memset_impl
Not unwinding 
Unwinding loop 10  iteration  1   file string.c line 272 function __memset_impl
Unwinding loop 10  iteration  2   file string.c line 272 function __memset_impl
Not unwinding 
Unwinding loop 10  iteration  1   file string.c line 272 function __memset_impl
Unwinding loop 10  iteration  2   file string.c line 272 function __memset_impl
Not unwinding 
Unwinding loop 10  iteration  1   file string.c line 272 function __memset_impl
Unwinding loop 10  iteration  2   file string.c line 272 function __memset_impl
Not unwinding 
Unwinding loop 10  iteration  1   file string.c line 272 function __memset_impl
Unwinding loop 10  iteration  2   file string.c line 272 function __memset_impl
Not unwinding 
Unwinding loop 10  iteration  1   file string.c line 272 function __memset_impl
Unwinding loop 10  iteration  2   file string.c line 272 function __memset_impl
Not unwinding 
Unwinding loop 10  iteration  1   file string.c line 272 function __memset_impl
Unwinding loop 10  iteration  2   file string.c line 272 function __memset_impl
Not unwinding 
Unwinding loop 10  iteration  1   file string.c line 272 function __memset_impl
Unwinding loop 10  iteration  2   file string.c line 272 function __memset_impl
Not unwinding 
Unwinding loop 10  iteration  1   file string.c line 272 function __memset_impl
Unwinding loop 10  iteration  2   file string.c line 272 function __memset_impl
Not unwinding 
Unwinding loop 10  iteration  1   file string.c line 272 function __memset_impl
Unwinding loop 10  iteration  2   file string.c line 272 function __memset_impl
Not unwinding 
Unwinding loop 10  iteration  1   file string.c line 272 function __memset_impl
Unwinding loop 10  iteration  2   file string.c line 272 function __memset_impl
Not unwinding 
Unwinding loop 10  iteration  1   file string.c line 272 function __memset_impl
Unwinding loop 10  iteration  2   file string.c line 272 function __memset_impl
Not unwinding 
Unwinding loop 10  iteration  1   file string.c line 272 function __memset_impl
Unwinding loop 10  iteration  2   file string.c line 272 function __memset_impl
Not unwinding 
Unwinding loop 10  iteration  1   file string.c line 272 function __memset_impl
Unwinding loop 10  iteration  2   file string.c line 272 function __memset_impl
Not unwinding 
No target candidate for function call *lw->sd_enc->ops->video->s_std
Unwinding loop 5  iteration  1   file 43_2a_bitvector_linux-3.16-rc1.tar.xz-43_2a-drivers--media--platform--timblogiw.ko-entry_point.cil.out.i line 5278 function timblogiw_get_norm
Unwinding loop 5  iteration  2   file 43_2a_bitvector_linux-3.16-rc1.tar.xz-43_2a-drivers--media--platform--timblogiw.ko-entry_point.cil.out.i line 5278 function timblogiw_get_norm
No target candidate for function call *lw->sd_enc->ops->video->querystd
Unwinding loop 10  iteration  1   file string.c line 272 function __memset_impl
Unwinding loop 10  iteration  2   file string.c line 272 function __memset_impl
Not unwinding 
Unwinding loop 2  iteration  1   file string.c line 40 function strncpy
Unwinding loop 2  iteration  2   file string.c line 40 function strncpy
Not unwinding 
Unwinding loop 3  iteration  1   file string.c line 44 function strncpy
Unwinding loop 3  iteration  2   file string.c line 44 function strncpy
Not unwinding 
Unwinding loop 2  iteration  1   file string.c line 40 function strncpy
Unwinding loop 2  iteration  2   file string.c line 40 function strncpy
Not unwinding 
Unwinding loop 3  iteration  1   file string.c line 44 function strncpy
Unwinding loop 3  iteration  2   file string.c line 44 function strncpy
Not unwinding 
Unwinding loop 2  iteration  1   file string.c line 40 function strncpy
Unwinding loop 2  iteration  2   file string.c line 40 function strncpy
Not unwinding 
Unwinding loop 3  iteration  1   file string.c line 44 function strncpy
Unwinding loop 3  iteration  2   file string.c line 44 function strncpy
Not unwinding 
Unwinding loop 2  iteration  1   file stri
../sv-benchmarks/c/ldv-linux-3.16-rc1/43_2a_bitvector_linux-3.16-rc1.tar.xz-43_2a-drivers--media--platform--timblogiw.ko-entry_point.cil.out.i:4300:43: warning: declaration of 'struct v4l2_async_subdev' will not be visible outside of this function [-Wvisibility]
   bool (*match)(struct device * , struct v4l2_async_subdev * ) ;
                                          ^
../sv-benchmarks/c/ldv-linux-3.16-rc1/43_2a_bitvector_linux-3.16-rc1.tar.xz-43_2a-drivers--media--platform--timblogiw.ko-entry_point.cil.out.i:4822:27: warning: declaration of 'struct kobject___0' will not be visible outside of this function [-Wvisibility]
   ssize_t (*show)(struct kobject___0 * , struct attribute___0 * , char * ) ;
                          ^
../sv-benchmarks/c/ldv-linux-3.16-rc1/43_2a_bitvector_linux-3.16-rc1.tar.xz-43_2a-drivers--media--platform--timblogiw.ko-entry_point.cil.out.i:4823:28: warning: declaration of 'struct kobject___0' will not be visible outside of this function [-Wvisibility]
   ssize_t (*store)(struct kobject___0 * , struct attribute___0 * , char const * ,
                           ^
Can't construct rvalue reference to array type during dereference
(It isn't allowed by C anyway)


Unknown
