./esbmc-wrapper.py -p ../sv-benchmarks/c/properties/unreach-call.prp -s kinduction --arch 32 ../sv-benchmarks/c/seq-pthread/cs_peterson.i


--------------------------------------------------------------------------------


Verifying with ESBMC
Command: ./esbmc --no-div-by-zero-check --force-malloc-success --state-hashing --no-align-check --k-step 2 --floatbv --unlimited-k-steps ../sv-benchmarks/c/seq-pthread/cs_peterson.i --32 --witness-output cs_peterson.i.graphml --no-pointer-check --no-bounds-check --interval-analysis --k-induction --max-inductive-step 3 
ESBMC version 6.8.0 64-bit x86_64 linux
Target: 32-bit little-endian x86_64-unknown-linux with esbmc libc
file ../sv-benchmarks/c/seq-pthread/cs_peterson.i: Parsing
Converting
Generating GOTO Program
GOTO program creation time: 0.130s
GOTO program processing time: 0.005s
*** Checking base case, k = 1
Starting Bounded Model Checking
Not unwinding 
Symex completed in: 0.001s (41 assignments)
Slicing time: 0.000s (removed 39 assignments)
Generated 0 VCC(s), 0 remaining after simplification (2 assignments)
BMC program time: 0.001s
No bug has been found in the base case
*** Checking forward condition, k = 1
Starting Bounded Model Checking
Not unwinding 
Symex completed in: 0.001s (41 assignments)
Slicing time: 0.000s (removed 39 assignments)
Generated 1 VCC(s), 1 remaining after simplification (2 assignments)
No solver specified; defaulting to Boolector
Encoding remaining VCC(s) using bit-vector/floating-point arithmetic
Encoding to solver time: 0.000s
Solving with solver Boolector 3.2.1
Encoding to solver time: 0.000s
Runtime decision procedure: 0.000s
The forward condition is unable to prove the property
*** Checking base case, k = 3
Starting Bounded Model Checking
Unwinding loop 5  iteration  1   file cs_peterson.i line 775 function main
Unwinding loop 5  iteration  2   file cs_peterson.i line 775 function main
Not unwinding 
Symex completed in: 0.001s (49 assignments)
Slicing time: 0.000s (removed 47 assignments)
Generated 0 VCC(s), 0 remaining after simplification (2 assignments)
BMC program time: 0.001s
No bug has been found in the base case
*** Checking forward condition, k = 3
Starting Bounded Model Checking
Unwinding loop 5  iteration  1   file cs_peterson.i line 775 function main
Unwinding loop 5  iteration  2   file cs_peterson.i line 775 function main
Not unwinding 
Symex completed in: 0.002s (49 assignments)
Slicing time: 0.000s (removed 47 assignments)
Generated 1 VCC(s), 1 remaining after simplification (2 assignments)
No solver specified; defaulting to Boolector
Encoding remaining VCC(s) using bit-vector/floating-point arithmetic
Encoding to solver time: 0.000s
Solving with solver Boolector 3.2.1
Encoding to solver time: 0.000s
Runtime decision procedure: 0.000s
The forward condition is unable to prove the property
*** Checking inductive step, k = 3
Starting Bounded Model Checking
Unwinding loop 5  iteration  1   file cs_peterson.i line 775 function main
Unwinding loop 5  iteration  2   file cs_peterson.i line 775 function main
Not unwinding 
Unwinding loop 6  iteration  1   file cs_peterson.i line 770 function main
Unwinding loop 5  iteration  1   file cs_peterson.i line 775 function main
Unwinding loop 5  iteration  2   file cs_peterson.i line 775 function main
Not unwinding 
Unwinding loop 6  iteration  2   file cs_peterson.i line 770 function main
Unwinding loop 5  iteration  1   file cs_peterson.i line 775 function main
Unwinding loop 5  iteration  2   file cs_peterson.i line 775 function main
Not unwinding 
Not unwinding 
Unwinding loop 4  iteration  1   file cs_peterson.i line 725 function thr2
Unwinding loop 4  iteration  2   file cs_peterson.i line 725 function thr2
Not unwinding 
Unwinding loop 3  iteration  1   file cs_peterson.i line 696 function thr1
Unwinding loop 3  iteration  2   file cs_peterson.i line 696 function thr1
Not unwinding 
Unwinding loop 4  iteration  1   file cs_peterson.i line 725 function thr2
Unwinding loop 4  iteration  2   file cs_peterson.i line 725 function thr2
Not unwinding 
Unwinding loop 3  iteration  1   file cs_peterson.i line 696 function thr1
Unwinding loop 3  iteration  2   file cs_peterson.i line 696 function thr1
Not unwinding 
Symex completed in: 0.134s (1863 assignments)
Slicing time: 0.015s (removed 270 assignments)
Generated 0 VCC(s), 0 remaining after simplification (1593 assignments)
BMC program time: 0.149s
Building successful trace

VERIFICATION SUCCESSFUL

Solution found by the inductive step (k = 3)

../sv-benchmarks/c/seq-pthread/cs_peterson.i:717:1: warning: non-void function does not return a value in all control paths [-Wreturn-type]
}
^
../sv-benchmarks/c/seq-pthread/cs_peterson.i:746:1: warning: non-void function does not return a value in all control paths [-Wreturn-type]
}
^
../sv-benchmarks/c/seq-pthread/cs_peterson.i:760:2: warning: non-void function does not return a value in all control paths [-Wreturn-type]
 }
 ^

TRUE
