./esbmc-wrapper.py -p ../sv-benchmarks/c/properties/unreach-call.prp -s kinduction --arch 64 ../sv-benchmarks/c/ldv-linux-4.2-rc1/linux-4.2-rc1.tar.xz-32_7a-drivers--staging--unisys--visorbus--visorbus.ko-entry_point.cil.out.i


--------------------------------------------------------------------------------


Verifying with ESBMC
Command: ./esbmc --no-div-by-zero-check --force-malloc-success --state-hashing --no-align-check --k-step 2 --floatbv --unlimited-k-steps ../sv-benchmarks/c/ldv-linux-4.2-rc1/linux-4.2-rc1.tar.xz-32_7a-drivers--staging--unisys--visorbus--visorbus.ko-entry_point.cil.out.i --64 --witness-output linux-4.2-rc1.tar.xz-32_7a-drivers--staging--unisys--visorbus--visorbus.ko-entry_point.cil.out.i.graphml --no-pointer-check --no-bounds-check --interval-analysis --k-induction --max-inductive-step 3 
ESBMC version 6.8.0 64-bit x86_64 linux
Target: 64-bit little-endian x86_64-unknown-linux with esbmc libc
file ../sv-benchmarks/c/ldv-linux-4.2-rc1/linux-4.2-rc1.tar.xz-32_7a-drivers--staging--unisys--visorbus--visorbus.ko-entry_point.cil.out.i: Parsing
Converting
Generating GOTO Program
GOTO program creation time: 2.397s
GOTO program processing time: 1.950s
*** Checking base case, k = 1
Starting Bounded Model Checking
Not unwinding 
Not unwinding 
Not unwinding 
Not unwinding 
Not unwinding 
Not unwinding 
Not unwinding 
Not unwinding 
Not unwinding 
Not unwinding 
Not unwinding 
Not unwinding 
Not unwinding 
Not unwinding 
Not unwinding 
Not unwinding 
Not unwinding 
Not unwinding 
Not unwinding 
Not unwinding 
Not unwinding 
Not unwinding 
Symex completed in: 0.270s (914 assignments)
Slicing time: 0.002s (removed 807 assignments)
Generated 0 VCC(s), 0 remaining after simplification (107 assignments)
BMC program time: 0.272s
No bug has been found in the base case
*** Checking forward condition, k = 1
Starting Bounded Model Checking
Not unwinding 
Not unwinding 
Not unwinding 
Not unwinding 
Not unwinding 
Not unwinding 
Not unwinding 
Not unwinding 
Not unwinding 
Not unwinding 
Not unwinding 
Not unwinding 
Not unwinding 
Not unwinding 
Not unwinding 
Not unwinding 
Not unwinding 
Not unwinding 
Not unwinding 
Not unwinding 
Not unwinding 
Not unwinding 
Symex completed in: 0.319s (914 assignments)
Slicing time: 0.003s (removed 807 assignments)
Generated 22 VCC(s), 22 remaining after simplification (107 assignments)
No solver specified; defaulting to Boolector
Encoding remaining VCC(s) using bit-vector/floating-point arithmetic
Encoding to solver time: 0.064s
Solving with solver Boolector 3.2.1
Encoding to solver time: 0.064s
Runtime decision procedure: 10.271s
The forward condition is unable to prove the property
*** Checking base case, k = 3
Starting Bounded Model Checking
Unwinding loop 32  iteration  1   file string.c line 272 function __memset_impl
Unwinding loop 32  iteration  2   file string.c line 272 function __memset_impl
Not unwinding 
Unwinding loop 32  iteration  1   file string.c line 272 function __memset_impl
Unwinding loop 32  iteration  1   file string.c line 272 function __memset_impl
Unwinding loop 32  iteration  2   file string.c line 272 function __memset_impl
Not unwinding 
Unwinding loop 32  iteration  1   file string.c line 272 function __memset_impl
Unwinding loop 32  iteration  1   file string.c line 272 function __memset_impl
Unwinding loop 32  iteration  1   file string.c line 272 function __memset_impl
Unwinding loop 32  iteration  1   file string.c line 272 function __memset_impl
Unwinding loop 32  iteration  1   file string.c line 272 function __memset_impl
Unwinding loop 32  iteration  1   file string.c line 272 function __memset_impl
Unwinding loop 32  iteration  1   file string.c line 272 function __memset_impl
Unwinding loop 32  iteration  1   file string.c line 272 function __memset_impl
Unwinding loop 32  iteration  1   file string.c line 272 function __memset_impl
Unwinding loop 32  iteration  2   file string.c line 272 function __memset_impl
Not unwinding 
Unwinding loop 32  iteration  1   file string.c line 272 function __memset_impl
Unwinding loop 32  iteration  2   file string.c line 272 function __memset_impl
Not unwinding 
Unwinding loop 32  iteration  1   file string.c line 272 function __memset_impl
Unwinding loop 32  iteration  2   file string.c line 272 function __memset_impl
Not unwinding 
Unwinding loop 32  iteration  1   file string.c line 272 function __memset_impl
Unwinding loop 32  iteration  1   file string.c line 272 function __memset_impl
Unwinding loop 32  iteration  1   file string.c line 272 function __memset_impl
Unwinding loop 32  iteration  1   file string.c line 272 function __memset_impl
Unwinding loop 32  iteration  2   file string.c line 272 function __memset_impl
Not unwinding 
Unwinding loop 32  iteration  1   file string.c line 272 function __memset_impl
Unwinding loop 32  iteration  2   file string.c line 272 function __memset_impl
Not unwinding 
Unwinding loop 32  iteration  1   file string.c line 272 function __memset_impl
Unwinding loop 32  iteration  1   file string.c line 272 function __memset_impl
Unwinding loop 32  iteration  2   file string.c line 272 function __memset_impl
Not unwinding 
Unwinding loop 32  iteration  1   file string.c line 272 function __memset_impl
Unwinding loop 32  iteration  2   file string.c line 272 function __memset_impl
Not unwinding 
Symex completed in: 0.414s (966 assignments)
Slicing time: 0.002s (removed 885 assignments)
Generated 0 VCC(s), 0 remaining after simplification (81 assignments)
BMC program time: 0.416s
No bug has been found in the base case
*** Checking forward condition, k = 3
Starting Bounded Model Checking
Unwinding loop 32  iteration  1   file string.c line 272 function __memset_impl
Unwinding loop 32  iteration  2   file string.c line 272 function __memset_impl
Not unwinding 
Unwinding loop 32  iteration  1   file string.c line 272 function __memset_impl
Unwinding loop 32  iteration  1   file string.c line 272 function __memset_impl
Unwinding loop 32  iteration  2   file string.c line 272 function __memset_impl
Not unwinding 
Unwinding loop 32  iteration  1   file string.c line 272 function __memset_impl
Unwinding loop 32  iteration  1   file string.c line 272 function __memset_impl
Unwinding loop 32  iteration  1   file string.c line 272 function __memset_impl
Unwinding loop 32  iteration  1   file string.c line 272 function __memset_impl
Unwinding loop 32  iteration  1   file string.c line 272 function __memset_impl
Unwinding loop 32  iteration  1   file string.c line 272 function __memset_impl
Unwinding loop 32  iteration  1   file string.c line 272 function __memset_impl
Unwinding loop 32  iteration  1   file string.c line 272 function __memset_impl
Unwinding loop 32  iteration  1   file string.c line 272 function __memset_impl
Unwinding loop 32  iteration  2   file string.c line 272 function __memset_impl
Not unwinding 
Unwinding loop 32  iteration  1   file string.c line 272 function __memset_impl
Unwinding loop 32  iteration  2   file string.c line 272 function __memset_impl
Not unwinding 
Unwinding loop 32  iteration  1   file string.c line 272 function __memset_impl
Unwinding loop 32  iteration  2   file string.c line 272 function __memset_impl
Not unwinding 
Unwinding loop 32  iteration  1   file string.c line 272 function __memset_impl
Unwinding loop 32  iteration  1   file string.c line 272 function __memset_impl
Unwinding loop 32  iteration  1   file string.c line 272 function __memset_impl
Unwinding loop 32  iteration  1   file string.c line 272 function __memset_impl
Unwinding loop 32  iteration  2   file string.c line 272 function __memset_impl
Not unwinding 
Unwinding loop 32  iteration  1   file string.c line 272 function __memset_impl
Unwinding loop 32  iteration  2   file string.c line 272 function __memset_impl
Not unwinding 
Unwinding loop 32  iteration  1   file string.c line 272 function __memset_impl
Unwinding loop 32  iteration  1   file string.c line 272 function __memset_impl
Unwinding loop 32  iteration  2   file string.c line 272 function __memset_impl
Not unwinding 
Unwinding loop 32  iteration  1   file string.c line 272 function __memset_impl
Unwinding loop 32  iteration  2   file string.c line 272 function __memset_impl
Not unwinding 
Symex completed in: 0.444s (966 assignments)
Slicing time: 0.002s (removed 885 assignments)
Generated 9 VCC(s), 9 remaining after simplification (81 assignments)
No solver specified; defaulting to Boolector
Encoding remaining VCC(s) using bit-vector/floating-point arithmetic
Encoding to solver time: 0.068s
Solving with solver Boolector 3.2.1
Encoding to solver time: 0.068s
Runtime decision procedure: 10.172s
The forward condition is unable to prove the property
*** Checking inductive step, k = 3
Starting Bounded Model Checking
Unwinding loop 32  iteration  1   file string.c line 272 function __memset_impl
Unwinding loop 32  iteration  2   file string.c line 272 function __memset_impl
Not unwinding 
Unwinding loop 32  iteration  1   file string.c line 272 function __memset_impl
Unwinding loop 32  iteration  2   file string.c line 272 function __memset_impl
Not unwinding 
Unwinding loop 32  iteration  1   file string.c line 272 function __memset_impl
Unwinding loop 32  iteration  2   file string.c line 272 function __memset_impl
Not unwinding 
Unwinding loop 32  iteration  1   file string.c line 272 function __memset_impl
Unwinding loop 32  iteration  2   file string.c line 272 function __memset_impl
Not unwinding 
Unwinding loop 32  iteration  1   file string.c line 272 function __memset_impl
Unwinding loop 32  iteration  2   file string.c line 272 function __memset_impl
Not unwinding 
Unwinding loop 32  iteration  1   file string.c line 272 function __memset_impl
Unwinding loop 32  iteration  2   file string.c line 272 function __memset_impl
Not unwinding 
Unwinding loop 32  iteration  1   file string.c line 272 function __memset_impl
Unwinding loop 32  iteration  2   file string.c line 272 function __memset_impl
Not unwinding 
Unwinding loop 32  iteration  1   file string.c line 272 function __memset_impl
Unwinding loop 32  iteration  2   file string.c line 272 function __memset_impl
Not unwinding 
Unwinding loop 32  iteration  1   file string.c line 272 function __memset_impl
Unwinding loop 32  iteration  2   file string.c line 272 function __memset_impl
Not unwinding 
Unwinding loop 32  iteration  1   file string.c line 272 function __memset_impl
Unwinding loop 32  iteration  2   file string.c line 272 function __memset_impl
Not unwinding 
Unwinding loop 32  iteration  1   file string.c line 272 function __memset_impl
Unwinding loop 32  iteration  2   file string.c line 272 function __memset_impl
Not unwinding 
Unwinding loop 32  iteration  1   file string.c line 272 function __memset_impl
Unwinding loop 32  iteration  2   file string.c line 272 function __memset_impl
Not unwinding 
Unwinding loop 32  iteration  1   file string.c line 272 function __memset_impl
Unwinding loop 32  iteration  2   file string.c line 272 function __memset_impl
Not unwinding 
Unwinding loop 32  iteration  1   file string.c line 272 function __memset_impl
Unwinding loop 32  iteration  2   file string.c line 272 function __memset_impl
Not unwinding 
Unwinding loop 32  iteration  1   file string.c line 272 function __memset_impl
Unwinding loop 32  iteration  2   file string.c line 272 function __memset_impl
Not unwinding 
Unwinding loop 32  iteration  1   file string.c line 272 function __memset_impl
Unwinding loop 32  iteration  2   file string.c line 272 function __memset_impl
Not unwinding 
Unwinding loop 32  iteration  1   file string.c line 272 function __memset_impl
Unwinding loop 32  iteration  2   file string.c line 272 function __memset_impl
Not unwinding 
Unwinding loop 32  iteration  1   file string.c line 272 function __memset_impl
Unwinding loop 32  iteration  2   file string.c line 272 function __memset_impl
Not unwinding 
Unwinding loop 32  iteration  1   file string.c line 272 function __memset_impl
Unwinding loop 32  iteration  2   file string.c line 272 function __memset_impl
Not unwinding 
Unwinding loop 32  iteration  1   file string.c line 272 function __memset_impl
Unwinding loop 32  iteration  2   file string.c line 272 function __memset_impl
Not unwinding 
Unwinding loop 32  iteration  1   file string.c line 272 function __memset_impl
Unwinding loop 32  iteration  2   file string.c line 272 function __memset_impl
Not unwinding 
Unwinding loop 32  iteration  1   file string.c line 272 function __memset_impl
Unwinding loop 32  iteration  2   file string.c line 272 function __memset_impl
Not unwinding 
Unwinding loop 32  iteration  1   file string.c line 272 function __memset_impl
Unwinding loop 32  iteration  2   file string.c line 272 function __memset_impl
Not unwinding 
Unwinding loop 32  iteration  1   file string.c line 272 function __memset_impl
Unwinding loop 32  iteration  2   file string.c line 272 function __memset_impl
Not unwinding 
Unwinding loop 32  iteration  1   file string.c line 272 function __memset_impl
Unwinding loop 32  iteration  2   file
function call: argument "c:linux-4.2-rc1.tar.xz-32_7a-drivers--staging--unisys--visorbus--visorbus.ko-entry_point.cil.out.i@357727@F@controlvm_respond_physdev_changestate@state" type mismatch: got struct, expected struct


Unknown
