./esbmc-wrapper.py -p ../sv-benchmarks/c/properties/unreach-call.prp -s kinduction --arch 32 ../sv-benchmarks/c/float-newlib/double_req_bl_0520.c


--------------------------------------------------------------------------------


Verifying with ESBMC
Command: ./esbmc --no-div-by-zero-check --force-malloc-success --state-hashing --no-align-check --k-step 2 --floatbv --unlimited-k-steps ../sv-benchmarks/c/float-newlib/double_req_bl_0520.c --32 --witness-output double_req_bl_0520.c.graphml --no-pointer-check --no-bounds-check --interval-analysis --k-induction --max-inductive-step 3 
ESBMC version 6.8.0 64-bit x86_64 linux
Target: 32-bit little-endian x86_64-unknown-linux with esbmc libc
file ../sv-benchmarks/c/float-newlib/double_req_bl_0520.c: Parsing
Converting
Generating GOTO Program
GOTO program creation time: 0.163s
GOTO program processing time: 0.009s
*** Checking base case, k = 1
Starting Bounded Model Checking
Not unwinding 
Symex completed in: 0.026s (477 assignments)
Slicing time: 0.002s (removed 151 assignments)
Generated 1 VCC(s), 1 remaining after simplification (326 assignments)
No solver specified; defaulting to Boolector
Encoding remaining VCC(s) using bit-vector/floating-point arithmetic
Encoding to solver time: 0.218s
Solving with solver Boolector 3.2.1
Encoding to solver time: 0.218s
Runtime decision procedure: 0.230s
BMC program time: 0.477s
No bug has been found in the base case
*** Checking forward condition, k = 1
Starting Bounded Model Checking
Not unwinding 
Symex completed in: 0.034s (476 assignments)
Slicing time: 0.000s (removed 448 assignments)
Generated 1 VCC(s), 1 remaining after simplification (28 assignments)
No solver specified; defaulting to Boolector
Encoding remaining VCC(s) using bit-vector/floating-point arithmetic
Encoding to solver time: 0.001s
Solving with solver Boolector 3.2.1
Encoding to solver time: 0.001s
Runtime decision procedure: 0.000s
BMC program time: 0.037s
Building successful trace

VERIFICATION SUCCESSFUL

Solution found by the forward condition; all states are reachable (k = 1


TRUE
