./esbmc-wrapper.py -p ../sv-benchmarks/c/properties/unreach-call.prp -s kinduction --arch 64 ../sv-benchmarks/c/ldv-linux-4.2-rc1/linux-4.2-rc1.tar.xz-08_1a-drivers--scsi--esas2r--esas2r.ko-entry_point.cil.out.i


--------------------------------------------------------------------------------


Verifying with ESBMC
Command: ./esbmc --no-div-by-zero-check --force-malloc-success --state-hashing --no-align-check --k-step 2 --floatbv --unlimited-k-steps ../sv-benchmarks/c/ldv-linux-4.2-rc1/linux-4.2-rc1.tar.xz-08_1a-drivers--scsi--esas2r--esas2r.ko-entry_point.cil.out.i --64 --witness-output linux-4.2-rc1.tar.xz-08_1a-drivers--scsi--esas2r--esas2r.ko-entry_point.cil.out.i.graphml --no-pointer-check --no-bounds-check --interval-analysis --k-induction --max-inductive-step 3 
ESBMC version 6.8.0 64-bit x86_64 linux
Target: 64-bit little-endian x86_64-unknown-linux with esbmc libc
file ../sv-benchmarks/c/ldv-linux-4.2-rc1/linux-4.2-rc1.tar.xz-08_1a-drivers--scsi--esas2r--esas2r.ko-entry_point.cil.out.i: Parsing
Converting
Generating GOTO Program
GOTO program creation time: 7.176s
GOTO program processing time: 3.270s
*** Checking base case, k = 1
Starting Bounded Model Checking
Not unwinding 
Not unwinding 
Not unwinding 
Not unwinding 
Not unwinding 
Not unwinding 
Not unwinding 
Not unwinding 
Not unwinding 
Not unwinding 
Not unwinding 
Not unwinding 
Not unwinding 
Not unwinding 
Not unwinding 
Not unwinding 
Not unwinding 
Symex completed in: 0.107s (630 assignments)
Slicing time: 0.001s (removed 543 assignments)
Generated 0 VCC(s), 0 remaining after simplification (87 assignments)
BMC program time: 0.108s
No bug has been found in the base case
*** Checking forward condition, k = 1
Starting Bounded Model Checking
Not unwinding 
Not unwinding 
Not unwinding 
Not unwinding 
Not unwinding 
Not unwinding 
Not unwinding 
Not unwinding 
Not unwinding 
Not unwinding 
Not unwinding 
Not unwinding 
Not unwinding 
Not unwinding 
Not unwinding 
Not unwinding 
Not unwinding 
Symex completed in: 0.103s (630 assignments)
Slicing time: 0.001s (removed 543 assignments)
Generated 17 VCC(s), 17 remaining after simplification (87 assignments)
No solver specified; defaulting to Boolector
Encoding remaining VCC(s) using bit-vector/floating-point arithmetic
Encoding to solver time: 0.040s
Solving with solver Boolector 3.2.1
Encoding to solver time: 0.040s
Runtime decision procedure: 5.991s
The forward condition is unable to prove the property
*** Checking base case, k = 3
Starting Bounded Model Checking
Unwinding loop 94  iteration  1   file string.c line 272 function __memset_impl
Unwinding loop 94  iteration  1   file string.c line 272 function __memset_impl
Unwinding loop 94  iteration  2   file string.c line 272 function __memset_impl
Not unwinding 
Unwinding loop 94  iteration  1   file string.c line 272 function __memset_impl
Unwinding loop 94  iteration  2   file string.c line 272 function __memset_impl
Not unwinding 
Unwinding loop 94  iteration  1   file string.c line 272 function __memset_impl
Unwinding loop 94  iteration  1   file string.c line 272 function __memset_impl
Unwinding loop 94  iteration  1   file string.c line 272 function __memset_impl
Unwinding loop 94  iteration  1   file string.c line 272 function __memset_impl
Unwinding loop 94  iteration  1   file string.c line 272 function __memset_impl
Unwinding loop 94  iteration  1   file string.c line 272 function __memset_impl
Unwinding loop 94  iteration  1   file string.c line 272 function __memset_impl
Unwinding loop 94  iteration  1   file string.c line 272 function __memset_impl
Unwinding loop 94  iteration  1   file string.c line 272 function __memset_impl
Unwinding loop 94  iteration  2   file string.c line 272 function __memset_impl
Not unwinding 
Unwinding loop 94  iteration  1   file string.c line 272 function __memset_impl
Unwinding loop 94  iteration  1   file string.c line 272 function __memset_impl
Unwinding loop 94  iteration  1   file string.c line 272 function __memset_impl
Unwinding loop 94  iteration  2   file string.c line 272 function __memset_impl
Not unwinding 
Unwinding loop 94  iteration  1   file string.c line 272 function __memset_impl
Unwinding loop 94  iteration  1   file string.c line 272 function __memset_impl
Unwinding loop 94  iteration  2   file string.c line 272 function __memset_impl
Not unwinding 
Symex completed in: 0.155s (658 assignments)
Slicing time: 0.001s (removed 595 assignments)
Generated 0 VCC(s), 0 remaining after simplification (63 assignments)
BMC program time: 0.156s
No bug has been found in the base case
*** Checking forward condition, k = 3
Starting Bounded Model Checking
Unwinding loop 94  iteration  1   file string.c line 272 function __memset_impl
Unwinding loop 94  iteration  1   file string.c line 272 function __memset_impl
Unwinding loop 94  iteration  2   file string.c line 272 function __memset_impl
Not unwinding 
Unwinding loop 94  iteration  1   file string.c line 272 function __memset_impl
Unwinding loop 94  iteration  2   file string.c line 272 function __memset_impl
Not unwinding 
Unwinding loop 94  iteration  1   file string.c line 272 function __memset_impl
Unwinding loop 94  iteration  1   file string.c line 272 function __memset_impl
Unwinding loop 94  iteration  1   file string.c line 272 function __memset_impl
Unwinding loop 94  iteration  1   file string.c line 272 function __memset_impl
Unwinding loop 94  iteration  1   file string.c line 272 function __memset_impl
Unwinding loop 94  iteration  1   file string.c line 272 function __memset_impl
Unwinding loop 94  iteration  1   file string.c line 272 function __memset_impl
Unwinding loop 94  iteration  1   file string.c line 272 function __memset_impl
Unwinding loop 94  iteration  1   file string.c line 272 function __memset_impl
Unwinding loop 94  iteration  2   file string.c line 272 function __memset_impl
Not unwinding 
Unwinding loop 94  iteration  1   file string.c line 272 function __memset_impl
Unwinding loop 94  iteration  1   file string.c line 272 function __memset_impl
Unwinding loop 94  iteration  1   file string.c line 272 function __memset_impl
Unwinding loop 94  iteration  2   file string.c line 272 function __memset_impl
Not unwinding 
Unwinding loop 94  iteration  1   file string.c line 272 function __memset_impl
Unwinding loop 94  iteration  1   file string.c line 272 function __memset_impl
Unwinding loop 94  iteration  2   file string.c line 272 function __memset_impl
Not unwinding 
Symex completed in: 0.149s (658 assignments)
Slicing time: 0.001s (removed 595 assignments)
Generated 5 VCC(s), 5 remaining after simplification (63 assignments)
No solver specified; defaulting to Boolector
Encoding remaining VCC(s) using bit-vector/floating-point arithmetic
Encoding to solver time: 0.041s
Solving with solver Boolector 3.2.1
Encoding to solver time: 0.041s
Runtime decision procedure: 5.893s
The forward condition is unable to prove the property
*** Checking inductive step, k = 3
Starting Bounded Model Checking
Unwinding loop 94  iteration  1   file string.c line 272 function __memset_impl
Unwinding loop 94  iteration  2   file string.c line 272 function __memset_impl
Not unwinding 
Unwinding loop 94  iteration  1   file string.c line 272 function __memset_impl
Unwinding loop 94  iteration  2   file string.c line 272 function __memset_impl
Not unwinding 
Unwinding loop 94  iteration  1   file string.c line 272 function __memset_impl
Unwinding loop 94  iteration  2   file string.c line 272 function __memset_impl
Not unwinding 
Unwinding loop 94  iteration  1   file string.c line 272 function __memset_impl
Unwinding loop 94  iteration  2   file string.c line 272 function __memset_impl
Not unwinding 
Unwinding loop 94  iteration  1   file string.c line 272 function __memset_impl
Unwinding loop 94  iteration  2   file string.c line 272 function __memset_impl
Not unwinding 
Unwinding loop 94  iteration  1   file string.c line 272 function __memset_impl
Unwinding loop 94  iteration  2   file string.c line 272 function __memset_impl
Not unwinding 
Unwinding loop 94  iteration  1   file string.c line 272 function __memset_impl
Unwinding loop 94  iteration  2   file string.c line 272 function __memset_impl
Not unwinding 
Unwinding loop 94  iteration  1   file string.c line 272 function __memset_impl
Unwinding loop 94  iteration  2   file string.c line 272 function __memset_impl
Not unwinding 
Unwinding loop 94  iteration  1   file string.c line 272 function __memset_impl
Unwinding loop 94  iteration  2   file string.c line 272 function __memset_impl
Not unwinding 
Unwinding loop 94  iteration  1   file string.c line 272 function __memset_impl
Unwinding loop 94  iteration  2   file string.c line 272 function __memset_impl
Not unwinding 
Unwinding loop 94  iteration  1   file string.c line 272 function __memset_impl
Unwinding loop 94  iteration  2   file string.c line 272 function __memset_impl
Not unwinding 
Unwinding loop 94  iteration  1   file string.c line 272 function __memset_impl
Unwinding loop 94  iteration  2   file string.c line 272 function __memset_impl
Not unwinding 
Unwinding loop 94  iteration  1   file string.c line 272 function __memset_impl
Unwinding loop 94  iteration  2   file string.c line 272 function __memset_impl
Not unwinding 
Unwinding loop 94  iteration  1   file string.c line 272 function __memset_impl
Unwinding loop 94  iteration  2   file string.c line 272 function __memset_impl
Not unwinding 
Unwinding loop 94  iteration  1   file string.c line 272 function __memset_impl
Unwinding loop 94  iteration  2   file string.c line 272 function __memset_impl
Not unwinding 
Unwinding loop 94  iteration  1   file string.c line 272 function __memset_impl
Unwinding loop 94  iteration  2   file string.c line 272 function __memset_impl
Not unwinding 
Unwinding loop 94  iteration  1   file string.c line 272 function __memset_impl
Unwinding loop 94  iteration  2   file string.c line 272 function __memset_impl
Not unwinding 
Unwinding loop 94  iteration  1   file string.c line 272 function __memset_impl
Unwinding loop 94  iteration  2   file string.c line 272 function __memset_impl
Not unwinding 
Unwinding loop 94  iteration  1   file string.c line 272 function __memset_impl
Unwinding loop 94  iteration  2   file string.c line 272 function __memset_impl
Not unwinding 
Unwinding loop 94  iteration  1   file string.c line 272 function __memset_impl
Unwinding loop 94  iteration  2   file string.c line 272 function __memset_impl
Not unwinding 
Unwinding loop 94  iteration  1   file string.c line 272 function __memset_impl
Unwinding loop 94  iteration  2   file string.c line 272 function __memset_impl
Not unwinding 
Unwinding loop 94  iteration  1   file string.c line 272 function __memset_impl
Unwinding loop 94  iteration  2   file string.c line 272 function __memset_impl
Not unwinding 
Unwinding loop 94  iteration  1   file string.c line 272 function __memset_impl
Unwinding loop 94  iteration  2   file string.c line 272 function __memset_impl
Not unwinding 
Unwinding loop 94  iteration  1   file string.c line 272 function __memset_impl
Unwinding loop 94  iteration  2   file string.c line 272 function __memset_impl
Not unwinding 
Unwinding loop 94  iteration  1   file string.c line 272 function __memset_impl
Unwinding loop 94  iteration  2   file string.c line 272 function __memset_impl
Not unwinding 
Unwinding loop 94  iteration  1   file string.c line 272 function __memset_impl
Unwinding loop 94  iteration  2   file string.c line 272 function __memset_impl
Not unwinding 
Unwinding loop 94  iteration  1   file string.c line 272 function __memset_impl
Unwinding loop 94  iteration  2   file string.c line 272 function __memset_impl
Not unwinding 
Unwinding loop 94  iteration  1   file string.c line 272 function __memset_impl
Unwinding loop 94  iteration  2   file string.c line 272 function __memset_impl
Not unwinding 
Unwinding loop 94  iteration  1   file string.c line 272 function __memset_impl
Unwinding loop 94  iteration  2   file string.c line 272 function __memset_impl
Not unwinding 
Unwinding loop 94  iteration  1   file string.c line 272 function __memset_impl
Unwinding loop 94  iteration  2   file string.c line 272 function __memset_impl
Not unwinding 
Unwinding loop 94  iteration  1   file string.c line 272 function __memset_impl
Unwinding loop 94  iteration  2   file string.c line 272 function __memset_impl
Not unwinding 
Unwinding loop 94  iteration  1   file string.c line 272 function __memset_impl
Unwinding loop 94  iteration  2   file string.c line 272 function __memset_impl
Not unwinding 
Unwinding loop 94  iteration  1   file string.c line 272 function __memset_impl
Unwinding loop 94  iteration  2   file string.c line 272 function __memset_impl
Not unwinding 
Unwinding loop 94  iteration  1   file string.c line 272 function __memset_impl
Unwinding loop 94  iteration  2   file string.c line 272 function __memset_impl
Not unwinding 
Unwinding loop 94  iteration  1   file string.c line 272 function __memset_impl
Unwinding loop 94
../sv-benchmarks/c/ldv-linux-4.2-rc1/linux-4.2-rc1.tar.xz-08_1a-drivers--scsi--esas2r--esas2r.ko-entry_point.cil.out.i:6030:12: warning: incompatible redeclaration of library function 'vsnprintf' [-Wincompatible-library-redeclaration]
extern int vsnprintf(char * , size_t , char const * , va_list * ) ;
           ^
../sv-benchmarks/c/ldv-linux-4.2-rc1/linux-4.2-rc1.tar.xz-08_1a-drivers--scsi--esas2r--esas2r.ko-entry_point.cil.out.i:6030:12: note: 'vsnprintf' is a builtin with type 'int (char *, unsigned long, const char *, struct __va_list_tag *)'
../sv-benchmarks/c/ldv-linux-4.2-rc1/linux-4.2-rc1.tar.xz-08_1a-drivers--scsi--esas2r--esas2r.ko-entry_point.cil.out.i:16923:28: warning: address of stack memory associated with local variable 'esas2r_info_str' returned [-Wreturn-stack-address]
  return ((char const *)(& esas2r_info_str));
                           ^~~~~~~~~~~~~~~
Can't construct rvalue reference to array type during dereference
(It isn't allowed by C anyway)


Unknown
