./esbmc-wrapper.py -p ../sv-benchmarks/c/properties/unreach-call.prp -s kinduction --arch 64 ../sv-benchmarks/c/ldv-linux-4.2-rc1/linux-4.2-rc1.tar.xz-43_2a-drivers--net--ethernet--mellanox--mlx5--core--mlx5_core.ko-entry_point.cil.out.i


--------------------------------------------------------------------------------


Verifying with ESBMC
Command: ./esbmc --no-div-by-zero-check --force-malloc-success --state-hashing --no-align-check --k-step 2 --floatbv --unlimited-k-steps ../sv-benchmarks/c/ldv-linux-4.2-rc1/linux-4.2-rc1.tar.xz-43_2a-drivers--net--ethernet--mellanox--mlx5--core--mlx5_core.ko-entry_point.cil.out.i --64 --witness-output linux-4.2-rc1.tar.xz-43_2a-drivers--net--ethernet--mellanox--mlx5--core--mlx5_core.ko-entry_point.cil.out.i.graphml --no-pointer-check --no-bounds-check --interval-analysis --k-induction --max-inductive-step 3 
ESBMC version 6.8.0 64-bit x86_64 linux
Target: 64-bit little-endian x86_64-unknown-linux with esbmc libc
file ../sv-benchmarks/c/ldv-linux-4.2-rc1/linux-4.2-rc1.tar.xz-43_2a-drivers--net--ethernet--mellanox--mlx5--core--mlx5_core.ko-entry_point.cil.out.i: Parsing
Converting
Generating GOTO Program
GOTO program creation time: 6.558s
GOTO program processing time: 5.754s
*** Checking base case, k = 1
Starting Bounded Model Checking
Not unwinding 
Not unwinding 
Not unwinding 
Not unwinding 
Not unwinding 
Not unwinding 
Not unwinding 
Not unwinding 
Not unwinding 
Not unwinding 
Not unwinding 
Not unwinding 
Not unwinding 
Not unwinding 
Not unwinding 
Not unwinding 
Not unwinding 
Not unwinding 
Not unwinding 
Not unwinding 
Symex completed in: 0.480s (2226 assignments)
Slicing time: 0.004s (removed 2073 assignments)
Generated 0 VCC(s), 0 remaining after simplification (153 assignments)
BMC program time: 0.484s
No bug has been found in the base case
*** Checking forward condition, k = 1
Starting Bounded Model Checking
Not unwinding 
Not unwinding 
Not unwinding 
Not unwinding 
Not unwinding 
Not unwinding 
Not unwinding 
Not unwinding 
Not unwinding 
Not unwinding 
Not unwinding 
Not unwinding 
Not unwinding 
Not unwinding 
Not unwinding 
Not unwinding 
Not unwinding 
Not unwinding 
Not unwinding 
Not unwinding 
Symex completed in: 0.513s (2226 assignments)
Slicing time: 0.005s (removed 2073 assignments)
Generated 20 VCC(s), 20 remaining after simplification (153 assignments)
No solver specified; defaulting to Boolector
Encoding remaining VCC(s) using bit-vector/floating-point arithmetic
Encoding to solver time: 0.183s
Solving with solver Boolector 3.2.1
Encoding to solver time: 0.183s
Runtime decision procedure: 11.446s
The forward condition is unable to prove the property
*** Checking base case, k = 3
Starting Bounded Model Checking
Unwinding loop 158  iteration  1   file string.c line 272 function __memset_impl
Unwinding loop 158  iteration  2   file string.c line 272 function __memset_impl
Not unwinding 
Unwinding loop 158  iteration  1   file string.c line 272 function __memset_impl
Unwinding loop 158  iteration  2   file string.c line 272 function __memset_impl
Not unwinding 
Unwinding loop 21  iteration  1   file linux-4.2-rc1.tar.xz-43_2a-drivers--net--ethernet--mellanox--mlx5--core--mlx5_core.ko-entry_point.cil.out.i line 9622 function mlx5_register_interface
Unwinding loop 158  iteration  1   file string.c line 272 function __memset_impl
Unwinding loop 158  iteration  2   file string.c line 272 function __memset_impl
Not unwinding 
Unwinding loop 158  iteration  1   file string.c line 272 function __memset_impl
Unwinding loop 158  iteration  2   file string.c line 272 function __memset_impl
Not unwinding 
Unwinding loop 158  iteration  1   file string.c line 272 function __memset_impl
Unwinding loop 158  iteration  2   file string.c line 272 function __memset_impl
Not unwinding 
Unwinding loop 21  iteration  2   file linux-4.2-rc1.tar.xz-43_2a-drivers--net--ethernet--mellanox--mlx5--core--mlx5_core.ko-entry_point.cil.out.i line 9622 function mlx5_register_interface
Unwinding loop 158  iteration  1   file string.c line 272 function __memset_impl
Unwinding loop 158  iteration  2   file string.c line 272 function __memset_impl
Not unwinding 
Unwinding loop 158  iteration  1   file string.c line 272 function __memset_impl
Unwinding loop 158  iteration  2   file string.c line 272 function __memset_impl
Not unwinding 
Unwinding loop 158  iteration  1   file string.c line 272 function __memset_impl
Unwinding loop 158  iteration  2   file string.c line 272 function __memset_impl
Not unwinding 
Not unwinding 
Unwinding loop 158  iteration  1   file string.c line 272 function __memset_impl
Unwinding loop 158  iteration  2   file string.c line 272 function __memset_impl
Not unwinding 
Unwinding loop 158  iteration  1   file string.c line 272 function __memset_impl
Unwinding loop 158  iteration  2   file string.c line 272 function __memset_impl
Not unwinding 
Unwinding loop 158  iteration  1   file string.c line 272 function __memset_impl
Unwinding loop 158  iteration  2   file string.c line 272 function __memset_impl
Not unwinding 
Unwinding loop 158  iteration  1   file string.c line 272 function __memset_impl
Unwinding loop 158  iteration  2   file string.c line 272 function __memset_impl
Not unwinding 
Unwinding loop 158  iteration  1   file string.c line 272 function __memset_impl
Unwinding loop 158  iteration  2   file string.c line 272 function __memset_impl
Not unwinding 
Unwinding loop 158  iteration  1   file string.c line 272 function __memset_impl
Unwinding loop 158  iteration  2   file string.c line 272 function __memset_impl
Not unwinding 
Unwinding loop 158  iteration  1   file string.c line 272 function __memset_impl
Unwinding loop 158  iteration  2   file string.c line 272 function __memset_impl
Not unwinding 
Unwinding loop 158  iteration  1   file string.c line 272 function __memset_impl
Unwinding loop 158  iteration  2   file string.c line 272 function __memset_impl
Not unwinding 
Unwinding loop 158  iteration  1   file string.c line 272 function __memset_impl
Unwinding loop 158  iteration  2   file string.c line 272 function __memset_impl
Not unwinding 
Unwinding loop 158  iteration  1   file string.c line 272 function __memset_impl
Unwinding loop 158  iteration  2   file string.c line 272 function __memset_impl
Not unwinding 
Unwinding loop 158  iteration  1   file string.c line 272 function __memset_impl
Unwinding loop 158  iteration  2   file string.c line 272 function __memset_impl
Not unwinding 
Unwinding loop 158  iteration  1   file string.c line 272 function __memset_impl
Unwinding loop 158  iteration  2   file string.c line 272 function __memset_impl
Not unwinding 
Unwinding loop 158  iteration  1   file string.c line 272 function __memset_impl
Unwinding loop 158  iteration  2   file string.c line 272 function __memset_impl
Not unwinding 
Unwinding loop 158  iteration  1   file string.c line 272 function __memset_impl
Unwinding loop 158  iteration  2   file string.c line 272 function __memset_impl
Not unwinding 
Unwinding loop 158  iteration  1   file string.c line 272 function __memset_impl
Unwinding loop 158  iteration  2   file string.c line 272 function __memset_impl
Not unwinding 
Unwinding loop 158  iteration  1   file string.c line 272 function __memset_impl
Unwinding loop 158  iteration  2   file string.c line 272 function __memset_impl
Not unwinding 
Unwinding loop 25  iteration  1   file linux-4.2-rc1.tar.xz-43_2a-drivers--net--ethernet--mellanox--mlx5--core--mlx5_core.ko-entry_point.cil.out.i line 10093 function main
Unwinding loop 3  iteration  1   file string.c line 40 function strncpy
Unwinding loop 3  iteration  2   file string.c line 40 function strncpy
Not unwinding 
Unwinding loop 4  iteration  1   file string.c line 44 function strncpy
Unwinding loop 4  iteration  2   file string.c line 44 function strncpy
Not unwinding 
Unwinding loop 158  iteration  1   file string.c line 272 function __memset_impl
Unwinding loop 158  iteration  2   file string.c line 272 function __memset_impl
Not unwinding 
Unwinding loop 158  iteration  1   file string.c line 272 function __memset_impl
Unwinding loop 158  iteration  2   file string.c line 272 function __memset_impl
Not unwinding 
Unwinding loop 12  iteration  1   file linux-4.2-rc1.tar.xz-43_2a-drivers--net--ethernet--mellanox--mlx5--core--mlx5_core.ko-entry_point.cil.out.i line 12412 function mlx5_cmd_init
Unwinding loop 12  iteration  2   file linux-4.2-rc1.tar.xz-43_2a-drivers--net--ethernet--mellanox--mlx5--core--mlx5_core.ko-entry_point.cil.out.i line 12412 function mlx5_cmd_init
Not unwinding 
Unwinding loop 158  iteration  1   file string.c line 272 function __memset_impl
Unwinding loop 158  iteration  2   file string.c line 272 function __memset_impl
Not unwinding 
Unwinding loop 19  iteration  1   file linux-4.2-rc1.tar.xz-43_2a-drivers--net--ethernet--mellanox--mlx5--core--mlx5_core.ko-entry_point.cil.out.i line 9567 function mlx5_register_device
No target candidate for function call *intf->add
Unwinding loop 19  iteration  2   file linux-4.2-rc1.tar.xz-43_2a-drivers--net--ethernet--mellanox--mlx5--core--mlx5_core.ko-entry_point.cil.out.i line 9567 function mlx5_register_device
No target candidate for function call *intf->add
Not unwinding 
Unwinding loop 20  iteration  1   file linux-4.2-rc1.tar.xz-43_2a-drivers--net--ethernet--mellanox--mlx5--core--mlx5_core.ko-entry_point.cil.out.i line 9592 function mlx5_unregister_device
Unwinding loop 18  iteration  1   file linux-4.2-rc1.tar.xz-43_2a-drivers--net--ethernet--mellanox--mlx5--core--mlx5_core.ko-entry_point.cil.out.i line 9542 function mlx5_remove_device
No target candidate for function call *intf->remove
Unwinding loop 18  iteration  2   file linux-4.2-rc1.tar.xz-43_2a-drivers--net--ethernet--mellanox--mlx5--core--mlx5_core.ko-entry_point.cil.out.i line 9542 function mlx5_remove_device
No target candidate for function call *intf->remove
Not unwinding 
Unwinding loop 20  iteration  2   file linux-4.2-rc1.tar.xz-43_2a-drivers--net--ethernet--mellanox--mlx5--core--mlx5_core.ko-entry_point.cil.out.i line 9592 function mlx5_unregister_device
Unwinding loop 18  iteration  1   file linux-4.2-rc1.tar.xz-43_2a-drivers--net--ethernet--mellanox--mlx5--core--mlx5_core.ko-entry_point.cil.out.i line 9542 function mlx5_remove_device
No target candidate for function call *intf->remove
Unwinding loop 18  iteration  2   file linux-4.2-rc1.tar.xz-43_2a-drivers--net--ethernet--mellanox--mlx5--core--mlx5_core.ko-entry_point.cil.out.i line 9542 function mlx5_remove_device
No target candidate for function call *intf->remove
Not unwinding 
Not unwinding 
Unwinding loop 8  iteration  1   file linux-4.2-rc1.tar.xz-43_2a-drivers--net--ethernet--mellanox--mlx5--core--mlx5_core.ko-entry_point.cil.out.i line 9007 function mlx5_irq_clear_affinity_hints
Unwinding loop 8  iteration  2   file linux-4.2-rc1.tar.xz-43_2a-drivers--net--ethernet--mellanox--mlx5--core--mlx5_core.ko-entry_point.cil.out.i line 9007 function mlx5_irq_clear_affinity_hints
Not unwinding 
Unwinding loop 10  iteration  1   file linux-4.2-rc1.tar.xz-43_2a-drivers--net--ethernet--mellanox--mlx5--core--mlx5_core.ko-entry_point.cil.out.i line 9094 function free_comp_eqs
Unwinding loop 158  iteration  1   file string.c line 272 function __memset_impl
Unwinding loop 158  iteration  2   file string.c line 272 function __memset_impl
Not unwinding 
Unwinding loop 158  iteration  1   file string.c line 272 function __memset_impl
Unwinding loop 158  iteration  2   file string.c line 272 function __memset_impl
Not unwinding 
Unwinding loop 22  iteration  1   file linux-4.2-rc1.tar.xz-43_2a-drivers--net--ethernet--mellanox--mlx5--core--mlx5_core.ko-entry_point.cil.out.i line 9654 function mlx5_unregister_interface
Unwinding loop 18  iteration  1   file linux-4.2-rc1.tar.xz-43_2a-drivers--net--ethernet--mellanox--mlx5--core--mlx5_core.ko-entry_point.cil.out.i line 9542 function mlx5_remove_device
Unwinding loop 158  iteration  1   file string.c line 272 function __memset_impl
Unwinding loop 158  iteration  2   file string.c line 272 function __memset_impl
Not unwinding 
Unwinding loop 18  iteration  2   file linux-4.2-rc1.tar.xz-43_2a-drivers--net--ethernet--mellanox--mlx5--core--mlx5_core.ko-entry_point.cil.out.i line 9542 function mlx5_remove_device
Unwinding loop 158  iteration  1   file string.c line 272 function __memset_impl
Unwinding loop 158  iteration  2   file string.c line 272 function __memset_impl
Not unwinding 
Not unwinding 
Unwinding loop 22  iteration  2   file linux-4.2-rc1.tar.xz-43_2a-drivers--net--ethernet--mellanox--mlx5--core--mlx5_core.ko-entry_point.cil.out.i line 9654 function mlx5_unregister_interface
Unwinding loop 18  iteration  1   file linux-4.2-rc1.tar.xz-43_2a-drivers--net--ethernet--mellanox--mlx5--core--mlx5_core.ko-entry_point.cil.out.i line 9542 function mlx5_remove_device
Unwinding loop 158  iteration  1   file string.c line 272 function __memset_impl
Unwinding loop 158  iteration  2   file string.c line 272 function __memset_impl
Not unwinding 
Unwinding loop 18  iteration  2   file linux-4.2-rc1.tar.xz-43_2a-drivers--net--ethernet--mellanox--mlx5--core--mlx5_core.ko-entry_point.cil.out.i line 9542 function mlx5_remove_device
Unwinding loop 158  iteration  1   file string.c line 272 function __memset_impl
Unwinding loop 158  iteration  2   file string.c line 272 function __memset_impl
Not unwinding 
Not unwinding 
Not unwinding 
Unwinding loop 158  iteration  1   file string.c line 272 function __memset_impl
Unwinding loop 158  iteration  2   file string.c line 272 function __memset_impl
Not unwinding 
Unwinding loop 21  iteration  1   file linux-4.2-rc1.tar.xz-43_2a-drivers--net--ethernet--mellanox--mlx5--core--mlx5_core.ko-entry_point.cil.out.i line 9622 function mlx5_register_interface
Unwinding loop 158  iteration  1   file string.c line 272 function __memset_impl
Unwinding loop 158  iteration  2   file string.c line 272 function __memset_impl
Not unwinding 
Unwinding loop 158  iteration  1   file string.c line 272 function __memset_impl
Unwinding loop 158  iteration  2   file string.c line 272 function __memset_impl
Not unwinding 
Unwinding loop 158  iteration  1   file string.c line 272 function __memset_impl
Unwinding loop 158  iteration  2   file string.c line 272 function __memset_impl
Not unwinding 
Unwinding loop 21  iteration  2   file linux-4.2-rc1.tar.xz-43_2a-drivers--net--ethernet--mellanox--mlx5--core--mlx5_core.ko-entry_point.cil.out.i line 9622 function mlx5_register_interface
Unwinding loop 158  iteration  1   file string.c line 272 function __memset_impl
Unwinding loop 158  iteration  2   file string.c line 272 function __memset_impl
Not unwinding 
Unwinding loop 158  iteration  1   file string.c line 272 function __memset_impl
Unwinding loop 158  iteration  2   file string.c line 272 function __memset_impl
Not unwinding 
Unwinding loop 158  iteration  1   file string.c line 272 function __memset_impl
Unwinding loop 158  iteration  2   file string.c line 272 function __memset_impl
Not unwinding 
Not unwinding 
Unwinding loop 158  iteration  1   file string.c line 272 function __memset_impl
Unwinding loop 158  iteration  2   file string.c line 272 function __memset_impl
Not unwinding 
Unwinding loop 158  iteration  1   file string.c line 272 function __memset_impl
Unwinding loop 158  iteration  2   file string.c line 272 function __memset_impl
Not unwinding 
Unwinding loop 158  iteration  1   file string.c line 272 function __memset_impl
Unwinding loop 158  iteration  2   file string.c line 272 function __memset_impl
Not unwinding 
Unwinding loop 158  iteration  1   file string.c line 272 function __memset_impl
Unwinding loop 158  iteration  2   file string.c line 272 function __memset_impl
Not unwinding 
Unwinding loop 158  iteration  1   file string.c line 272 function __memset_impl
Unwinding loop 158  iteration  2   file string.c line 272 function __memset_impl
Not unwinding 
Unwinding loop 158  iteration  1   file string.c line 272 function __memset_impl
Unwinding loop 158  iteration  2   file string.c line 272 function __memset_impl
Not unwinding 
Unwinding loop 158  iteration  1   file string.c line 272 function __memset_impl
Unwinding loop 158  iteration  2   file string.c line 272 function __memset_impl
Not unwinding 
Unwinding loop 158  iteration  1   file string.c line 272 function __memset_impl
Unwinding loop 158  iteration  2   file string.c line 272 function __memset_impl
Not unwinding 
Unwinding loop 158  iteration  1   file string.c line 272 function __memset_impl
Unwinding loop 158  iteration  2   file string.c line 272 function __memset_impl
Not unwinding 
Unwinding loop 158  iteration  1   file string.c line 272 function __memset_impl
Unwinding loop 158  iteration  2   file string.c line 272 function __memset_impl
Not unwinding 
Unwinding loop 158  iteration  1   file string.c line 272 function __memset_impl
Unwinding loop 158  iteration  2   file string.c line 272 function __memset_impl
Not unwinding 
Unwinding loop 158  iteration  1   file string.c line 272 function __memset_impl
Unwinding loop 158  iteration  2   file string.c line 272 function __memset_impl
Not unwinding 
Unwinding loop 158  iteration  1   file string.c line 272 function __memset_impl
Unwinding loop 158  iteration  2   file string.c line 272 function __memset_impl
Not unwinding 
Unwinding loop 158  iteration  1   file string.c line 272 function __memset_impl
Unwinding loop 158  iteration  2   file string.c line 272 function __memset_impl
Not unwinding 
Unwinding loop 158  iteration  1   file string.c line 272 function __memset_impl
Unwinding loop 158  iteration  2   file string.c line 272 function __memset_impl
Not unwinding 
Unwinding loop 158  iteration  1   file string.c line 272 function __memset_impl
Unwinding loop 158  iteration  2   file string.c line 272 function __memset_impl
Not unwinding 
Unwinding loop 158  iteration  1   file string.c line 272 function __memset_impl
Unwinding loop 158  iteration  1   file string.c line 272 function __memset_impl
Unwinding loop 158  iteration  2   file string.c line 272 function __memset_impl
Not unwinding 
Unwinding loop 158  iteration  1   file string.c line 272 function __memset_impl
Unwinding loop 158  iteration  2   file string.c line 272 function __memset_impl
Not unwinding 
Unwinding loop 158  iteration  1   file string.c line 272 function __memset_impl
Unwinding loop 158  iteration  1   file string.c line 272 function __memset_impl
Unwinding loop 158  iteration  2   file string.c line 272 function __memset_impl
Not unwinding 
Unwinding loop 158  iteration  1   file string.c line 272 function __memset_impl
Unwinding loop 158  iteration  2   file string.c line 272 function __memset_impl
Not unwinding 
Unwinding loop 158  iteration  1   file string.c line 272 function __memset_impl
Unwinding loop 158  iteration  1   file string.c line 272 function __memset_impl
Unwinding loop 158  iteration  2   file string.c line 272 function __memset_impl
Not unwinding 
Unwinding loop 158  iteration  1   file string.c line 272 function __memset_impl
Unwinding loop 158  iteration  1   file string.c line 272 function __memset_impl
Unwinding loop 158  iteration  2   file string.c line 272 function __memset_impl
Not unwinding 
Unwinding loop 158  iteration  1   file string.c line 272 function __memset_impl
Unwinding loop 158  iteration  2   file string.c line 272 function __memset_impl
Not unwinding 
Unwinding loop 158  iteration  1   file string.c line 272 function __memset_impl
Unwinding loop 158  iteration  2   file string.c line 272 function __memset_impl
Not unwinding 
Unwinding loop 158  iteration  1   file string.c line 272 function __memset_impl
Unwinding loop 158  iteration  2   file string.c line 272 function __memset_impl
Not unwinding 
Unwinding loop 158  iteration  1   file string.c line 272 function __memset_impl
Unwinding loop 158  iteration  2   file string.c line 272 function __memset_impl
Not unwinding 
Unwinding loop 158  iteration  1   file string.c line 272 function __memset_impl
Unwinding loop 158  iteration  1   file string.c line 272 function __memset_impl
Unwinding loop 158  iteration  2   file string.c line 272 function __memset_impl
Not unwinding 
Unwinding loop 158  iteration  1   file string.c line 272 function __memset_impl
Unwinding loop 158  iteration  1   file string.c line 272 function __memset_impl
Unwinding loop 158  iteration  1   file string.c line 272 function __memset_impl
Unwinding loop 158  iteration  2   file string.c line 272 function __memset_impl
Not unwinding 
Unwinding loop 158  iteration  1   file string.c line 272 function __memset_impl
Unwinding loop 158  iteration  2   file string.c line 272 function __memset_impl
Not unwinding 
Unwinding loop 158  iteration  1   file string.c line 272 function __memset_impl
Unwinding loop 158  iteration  2   file string.c line 272 function __memset_impl
Not unwinding 
Unwinding loop 158  iteration  1   file string.c line 272 function __memset_impl
Unwinding loop 158  iteration  2   file string.c line 272 function __memset_impl
Not unwinding 
Unwinding loop 158  iteration  1   file string.c line 272 function __memset_impl
Unwinding loop 158  iteration  1   file string.c line 272 function __memset_impl
Unwinding loop 158  iteration  2   file string.c line 272 function __memset_impl
Not unwinding 
Unwinding loop 158  iteration  1   file string.c line 272 function __memset_impl
Unwinding loop 158  iteration  1   file string.c line 272 function __memset_impl
Unwinding loop 158  iteration  2   file string.c line 272 function __memset_impl
Not unwinding 
Unwinding loop 158  iteration  1   file string.c line 272 function __memset_impl
Unwinding loop 158  iteration  1   file string.c line 272 function __memset_impl
Unwinding loop 158  iteration  1   file string.c line 272 function __memset_impl
Unwinding loop 158  iteration  1   file string.c line 272 function __memset_impl
Unwinding loop 158  iteration  2   file string.c line 272 function __memset_impl
Not unwinding 
Unwinding loop 25  iteration  2   file linux-4.2-rc1.tar.xz-43_2a-drivers--net--ethernet--mellanox--mlx5--core--mlx5_core.ko-entry_point.cil.out.i line 10093 function main
Unwinding loop 3  iteration  1   file string.c line 40 function strncpy
Unwinding loop 3  iteration  2   file string.c line 40 function strncpy
Not unwinding 
Unwinding loop 4  iteration  1   file string.c line 44 function strncpy
Unwinding loop 4  iteration  2   file string.c line 44 function strncpy
Not unwinding 
Unwinding loop 158  iteration  1   file string.c line 272 function __memset_impl
Unwinding loop 158  iteration  2   file string.c line 272 function __memset_impl
Not unwinding 
Unwinding loop 158  iteration  1   file string.c line 272 function __memset_impl
Unwinding loop 158  iteration  2   file string.c line 272 function __memset_impl
Not unwinding 
Unwinding loop 12  iteration  1   file linux-4.2-rc1.tar.xz-43_2a-drivers--net--ethernet--mellanox--mlx5--core--mlx5_core.ko-entry_point.cil.out.i line 12412 function mlx5_cmd_init
Unwinding loop 12  iteration  2   file linux-4.2-rc1.tar.xz-43_2a-drivers--net--ethernet--mellanox--mlx5--core--mlx5_core.ko-entry_point.cil.out.i line 12412 function mlx5_cmd_init
Not unwinding 
Unwinding loop 158  iteration  1   file string.c line 272 function __memset_impl
Unwinding loop 158  iteration  2   file string.c line 272 function __memset_impl
Not unwinding 
Unwinding loop 19  iteration  1   file linux-4.2-rc1.tar.xz-43_2a-drivers--net--ethernet--mellanox--mlx5--core--mlx5_core.ko-entry_point.cil.out.i line 9567 function mlx5_register_device
No target candidate for function call *intf->add
Unwinding loop 19  iteration  2   file linux-4.2-rc1.tar.xz-43_2a-drivers--net--ethernet--mellanox--mlx5--core--mlx5_core.ko-entry_point.cil.out.i line 9567 function mlx5_register_device
No target candidate for function call *intf->add
Not unwinding 
Unwinding loop 20  iteration  1   file linux-4.2-rc1.tar.xz-43_2a-drivers--net--ethernet--mellanox--mlx5--core--mlx5_core.ko-entry_point.cil.out.i line 9592 function mlx5_unregister_device
Unwinding loop 18  iteration  1   file linux-4.2-rc1.tar.xz-43_2a-drivers--net--ethernet--mellanox--mlx5--core--mlx5_core.ko-entry_point.cil.out.i line 9542 function mlx5_remove_device
No target candidate for function call *intf->remove
Unwinding loop 18  iteration  2   file linux-4.2-rc1.tar.xz-43_2a-drivers--net--ethernet--mellanox--mlx5--core--mlx5_core.ko-entry_point.cil.out.i line 9542 function mlx5_remove_device
No target candidate for function call *intf->remove
Not unwinding 
Unwinding loop 20  iteration  2   file linux-4.2-rc1.tar.xz-43_2a-drivers--net--ethernet--mellanox--mlx5--core--mlx5_core.ko-entry_point.cil.out.i line 9592 function mlx5_unregister_device
Unwinding loop 18  iteration  1   file linux-4.2-rc1.tar.xz-43_2a-drivers--net--ethernet--mellanox--mlx5--core--mlx5_core.ko-entry_point.cil.out.i line 9542 function mlx5_remove_device
No target candidate for function call *intf->remove
Unwinding loop 18  iteration  2   file linux-4.2-rc1.tar.xz-43_2a-drivers--net--ethernet--mellanox--mlx5--core--mlx5_core.ko-entry_point.cil.out.i line 9542 function mlx5_remove_device
No target candidate for function call *intf->remove
Not unwinding 
Not unwinding 
Unwinding loop 8  iteration  1   file linux-4.2-rc1.tar.xz-43_2a-drivers--net--ethernet--mellanox--mlx5--core--mlx5_core.ko-entry_point.cil.out.i line 9007 function mlx5_irq_clear_affinity_hints
Unwinding loop 8  iteration  2   file linux-4.2-rc1.tar.xz-43_2a-drivers--net--ethernet--mellanox--mlx5--core--mlx5_core.ko-entry_point.cil.out.i line 9007 function mlx5_irq_clear_affinity_hints
Not unwinding 
Unwinding loop 10  iteration  1   file linux-4.2-rc1.tar.xz-43_2a-drivers--net--ethernet--mellanox--mlx5--core--mlx5_core.ko-entry_point.cil.out.i line 9094 function free_comp_eqs
Unwinding loop 158  iteration  1   file string.c line 272 function __memset_impl
Unwinding loop 158  iteration  2   file string.c line 272 function __memset_impl
Not unwinding 
Unwinding loop 158  iteration  1   file string.c line 272 function __memset_impl
Unwinding loop 158  iteration  2   file string.c line 272 function __memset_impl
Not unwinding 
Unwinding loop 22  iteration  1   file linux-4.2-rc1.tar.xz-43_2a-drivers--net--ethernet--mellanox--mlx5--core--mlx5_core.ko-entry_point.cil.out.i line 9654 function mlx5_unregister_interface
Unwinding loop 18  iteration  1   file linux-4.2-rc1.tar.xz-43_2a-drivers--net--ethernet--mellanox--mlx5--core--mlx5_core.ko-entry_point.cil.out.i line 9542 function mlx5_remove_device
Unwinding loop 158  iteration  1   file string.c line 272 function __memset_impl
Unwinding loop 158  iteration  2   file string.c line 272 function __memset_impl
Not unwinding 
Unwinding loop 18  iteration  2   file linux-4.2-rc1.tar.xz-43_2a-drivers--net--ethernet--mellanox--mlx5--core--mlx5_core.ko-entry_point.cil.out.i line 9542 function mlx5_remove_device
Unwinding loop 158  iteration  1   file string.c line 272 function __memset_impl
Unwinding loop 158  iteration  2   file string.c line 272 function __memset_impl
Not unwinding 
Not unwinding 
Unwinding loop 22  iteration  2   file linux-4.2-rc1.tar.xz-43_2a-drivers--net--ethernet--mellanox--mlx5--core--mlx5_core.ko-entry_point.cil.out.i line 9654 function mlx5_unregister_interface
Unwinding loop 18  iteration  1   file linux-4.2-rc1.tar.xz-43_2a-drivers--net--ethernet--mellanox--mlx5--core--mlx5_core.ko-entry_point.cil.out.i line 9542 function mlx5_remove_device
Unwinding loop 158  iteration  1   file string.c line 272 function __memset_impl
Unwinding loop 158  iteration  2   file string.c line 272 function __memset_impl
Not unwinding 
Unwinding loop 18  iteration  2   file linux-4.2-rc1.tar.xz-43_2a-drivers--net--ethernet--mellanox--mlx5--core--mlx5_core.ko-entry_point.cil.out.i line 9542 function mlx5_remove_device
Unwinding loop 158  iteration  1   file string.c line 272 function __memset_impl
Unwinding loop 158  iteration  2   file string.c line 272 function __memset_impl
Not unwinding 
Not unwinding 
Not unwinding 
Unwinding loop 158  iteration  1   file string.c line 272 function __memset_impl
Unwinding loop 158  iteration  2   file string.c line 272 function __memset_impl
Not unwinding 
Unwinding loop 21  iteration  1   file linux-4.2-rc1.tar.xz-43_2a-drivers--net--ethernet--mellanox--mlx5--core--mlx5_core.ko-entry_point.cil.out.i line 9622 function mlx5_register_interface
Unwinding loop 158  iteration  1   file string.c line 272 function __memset_impl
Unwinding loop 158  iteration  2   file string.c line 272 function __memset_impl
Not unwinding 
Unwinding loop 158  iteration  1   file string.c line 272 function __memset_impl
Unwinding loop 158  iteration  2   file string.c line 272 function __memset_impl
Not unwinding 
Unwinding loop 158  iteration  1   file string.c line 272 function __memset_impl
Unwinding loop 158  iteration  2   file string.c line 272 function __memset_impl
Not unwinding 
Unwinding loop 21  iteration  2   file linux-4.2-rc1.tar.xz-43_2a-drivers--net--ethernet--mellanox--mlx5--core--mlx5_core.ko-entry_point.cil.out.i line 9622 function mlx5_register_interface
Unwinding loop 158  iteration  1   file string.c line 272 function __memset_impl
Unwinding loop 158  iteration  2   file string.c line 272 function __memset_impl
Not unwinding 
Unwinding loop 158  iteration  1   file string.c line 272 function __memset_impl
Unwinding loop 158  iteration  2   file string.c line 272 function __memset_impl
Not unwinding 
Unwinding loop 158  iteration  1   file string.c line 272 function __memset_impl
Unwinding loop 158  iteration  2   file string.c line 272 function __memset_impl
Not unwinding 
Not unwinding 
Unwinding loop 158  iteration  1   file string.c line 272 function __memset_impl
Unwinding loop 158  iteration  2   file string.c line 272 function __memset_impl
Not unwinding 
Unwinding loop 158  iteration  1   file string.c line 272 function __memset_impl
Unwinding loop 158  iteration  2   file string.c line 272 function __memset_impl
Not unwinding 
Unwinding loop 158  iteration  1   file string.c line 272 function __memset_impl
Unwinding loop 158  iteration  2   file string.c line 272 function __memset_impl
Not unwinding 
Unwinding loop 158  iteration  1   file string.c line 272 function __memset_impl
Unwinding loop 158  iteration  2   file string.c line 272 function __memset_impl
Not unwinding 
Unwinding loop 158  iteration  1   file string.c line 272 function __memset_impl
Unwinding loop 158  iteration  2   file string.c line 272 function __memset_impl
Not unwinding 
Unwinding loop 158  iteration  1   file string.c line 272 function __memset_impl
Unwinding loop 158  iteration  2   file string.c line 272 function __memset_impl
Not unwinding 
Unwinding loop 158  iteration  1   file string.c line 272 function __memset_impl
Unwinding loop 158  iteration  2   file string.c line 272 function __memset_impl
Not unwinding 
Unwinding loop 158  iteration  1   file string.c line 272 function __memset_impl
Unwinding loop 158  iteration  2   file string.c line 272 function __memset_impl
Not unwinding 
Unwinding loop 158  iteration  1   file string.c line 272 function __memset_impl
Unwinding loop 158  iteration  2   file string.c line 272 function __memset_impl
Not unwinding 
Unwinding loop 158  iteration  1   file string.c line 272 function __memset_impl
Unwinding loop 158  iteration  2   file string.c line 272 function __memset_impl
Not unwinding 
Unwinding loop 158  iteration  1   file string.c line 272 function __memset_impl
Unwinding loop 158  iteration  2   file string.c line 272 function __memset_impl
Not unwinding 
Unwinding loop 158  iteration  1   file string.c line 272 function __memset_impl
Unwinding loop 158  iteration  2   file string.c line 272 function __memset_impl
Not unwinding 
Unwinding loop 158  iteration  1   file string.c line 272 function __memset_impl
Unwinding loop 158  iteration  2   file string.c line 272 function __memset_impl
Not unwinding 
Unwinding loop 158  iteration  1   file string.c line 272 function __memset_impl
Unwinding loop 158  iteration  2   file string.c line 272 function __memset_impl
Not unwinding 
Unwinding loop 158  iteration  1   file string.c line 272 function __memset_impl
Unwinding loop 158  iteration  2   file string.c line 272 function __memset_impl
Not unwinding 
Unwinding loop 158  iteration  1   file string.c line 272 function __memset_impl
Unwinding loop 158  iteration  2   file string.c line 272 function __memset_impl
Not unwinding 
Unwinding loop 158  iteration  1   file string.c line 272 function __memset_impl
Unwinding loop 158  iteration  1   file string.c line 272 function __memset_impl
Unwinding loop 158  iteration  2   file string.c line 272 function __memset_impl
Not unwinding 
Unwinding loop 158  iteration  1   file string.c line 272 function __memset_impl
Unwinding loop 158  iteration  2   file string.c line 272 function __memset_impl
Not unwinding 
Unwinding loop 158  iteration  1   file string.c line 272 function __memset_impl
Unwinding loop 158  iteration  1   file string.c line 272 function __memset_impl
Unwinding loop 158  iteration  2   file string.c line 272 function __memset_impl
Not unwinding 
Unwinding loop 158  iteration  1   file string.c line 272 function __memset_impl
Unwinding loop 158  iteration  2   file string.c line 272 function __memset_impl
Not unwinding 
Unwinding loop 158  iteration  1   file string.c line 272 function __memset_impl
Unwinding loop 158  iteration  1   file string.c line 272 function __memset_impl
Unwinding loop 158  iteration  2   file string.c line 272 function __memset_impl
Not unwinding 
Unwinding loop 158  iteration  1   file string.c line 272 function __memset_impl
Unwinding loop 158  iteration  1   file string.c line 272 function __memset_impl
Unwinding loop 158  iteration  2   file string.c line 272 function __memset_impl
Not unwinding 
Unwinding loop 158  iteration  1   file string.c line 272 function __memset_impl
Unwinding loop 158  iteration  2   file string.c line 272 function __memset_impl
Not unwinding 
Unwinding loop 158  iteration  1   file string.c line 272 function __memset_impl
Unwinding loop 158  iteration  2   file string.c line 272 function __memset_impl
Not unwinding 
Unwinding loop 158  iteration  1   file string.c line 272 function __memset_impl
Unwinding loop 158  iteration  2   file string.c line 272 function __memset_impl
Not unwinding 
Unwinding loop 158  iteration  1   file string.c line 272 function __memset_impl
Unwinding loop 158  iteration  2   file string.c line 272 function __memset_impl
Not unwinding 
Unwinding loop 158  iteration  1   file string.c line 272 function __memset_impl
Unwinding loop 158  iteration  1   file string.c line 272 function __memset_impl
Unwinding loop 158  iteration  2   file string.c line 272 function __memset_impl
Not unwinding 
Unwinding loop 158  iteration  1   file string.c line 272 function __memset_impl
Unwinding loop 158  iteration  1   file string.c line 272 function __memset_impl
Unwinding loop 158  iteration  1   file string.c line 272 function __memset_impl
Unwinding loop 158  iteration  2   file string.c line 272 function __memset_impl
Not unwinding 
Unwinding loop 158  iteration  1   file string.c line 272 function __memset_impl
Unwinding loop 158  iteration  2   file string.c line 272 function __memset_impl
Not unwinding 
Unwinding loop 158  iteration  1   file string.c line 272 function __memset_impl
Unwinding loop 158  iteration  2   file string.c line 272 function __memset_impl
Not unwinding 
Unwinding loop 158  iteration  1   file string.c line 272 function __memset_impl
Unwinding loop 158  iteration  2   file string.c line 272 function __memset_impl
Not unwinding 
Unwinding loop 158  iteration  1   file string.c line 272 function __memset_impl
Unwinding loop 158  iteration  1   file string.c line 272 function __memset_impl
Unwinding loop 158  iteration  2   file string.c line 272 function __memset_impl
Not unwinding 
Unwinding loop 158  iteration  1   file string.c line 272 function __memset_impl
Unwinding loop 158  iteration  1   file string.c line 272 function __memset_impl
Unwinding loop 158  iteration  2   file string.c line 272 function __memset_impl
Not unwinding 
Unwinding loop 158  iteration  1   file string.c line 272 function __memset_impl
Unwinding loop 158  iteration  1   file string.c line 272 function __memset_impl
Unwinding loop 158  iteration  1   file string.c line 272 function __memset_impl
Unwinding loop 158  iteration  1   file string.c line 272 function __memset_impl
Unwinding loop 158  iteration  2   file string.c line 272 function __memset_impl
Not unwinding 
Not unwinding 
Symex completed in: 19.264s (17823 assignments)
Slicing time: 0.252s (removed 14732 assignments)
Generated 0 VCC(s), 0 remaining after simplification (3091 assignments)
BMC program time: 19.516s
No bug has been found in the base case
*** Checking forward condition, k = 3
Starting Bounded Model Checking
Unwinding loop 158  iteration  1   file string.c line 272 function __memset_impl
Unwinding loop 158  iteration  2   file string.c line 272 function __memset_impl
Not unwinding 
Unwinding loop 158  iteration  1   file string.c line 272 function __memset_impl
Unwinding loop 158  iteration  2   file string.c line 272 function __memset_impl
Not unwinding 
Unwinding loop 21  iteration  1   file linux-4.2-rc1.tar.xz-43_2a-drivers--net--ethernet--mellanox--mlx5--core--mlx5_core.ko-entry_point.cil.out.i line 9622 function mlx5_register_interface
Unwinding loop 158  iteration  1   file string.c line 272 function __memset_impl
Unwinding loop 158  iteration  2   file string.c line 272 function __memset_impl
Not unwinding 
Unwinding loop 158  iteration  1   file string.c line 272 function __memset_impl
Unwinding loop 158  iteration  2   file string.c line 272 function __memset_impl
Not unwinding 
Unwinding loop 158  iteration  1   file string.c line 272 function __memset_impl
Unwinding loop 158  iteration  2   file string.c line 272 function __memset_impl
Not unwinding 
Unwinding loop 21  iteration  2   file linux-4.2-rc1.tar.xz-43_2a-drivers--net--ethernet--mellanox--mlx5--core--mlx5_core.ko-entry_point.cil.out.i line 9622 function mlx5_register_interface
Unwinding loop 158  iteration  1   file string.c line 272 function __memset_impl
Unwinding loop 158  iteration  2   file string.c line 272 function __memset_impl
Not unwinding 
Unwinding loop 158  iteration  1   file string.c line 272 function __memset_impl
Unwinding loop 158  iteration  2   file string.c line 272 function __memset_impl
Not unwinding 
Unwinding loop 158  iteration  1   file string.c line 272 function __memset_impl
Unwinding loop 158  iteration  2   file string.c line 272 function __memset_impl
Not unwinding 
Not unwinding 
Unwinding loop 158  iteration  1   file string.c line 272 function __memset_impl
Unwinding loop 158  iteration  2   file string.c line 272 function __memset_impl
Not unwinding 
Unwinding loop 158  iteration  1   file string.c line 272 function __memset_impl
Unwinding loop 158  iteration  2   file string.c line 272 function __memset_impl
Not unwinding 
Unwinding loop 158  iteration  1   file string.c line 272 function __memset_impl
Unwinding loop 158  iteration  2   file string.c line 272 function __memset_impl
Not unwinding 
Unwinding loop 158  iteration  1   file string.c line 272 function __memset_impl
Unwinding loop 158  iteration  2   file string.c line 272 function __memset_impl
Not unwinding 
Unwinding loop 158  iteration  1   file string.c line 272 function __memset_impl
Unwinding loop 158  iteration  2   file string.c line 272 function __memset_impl
Not unwinding 
Unwinding loop 158  iteration  1   file string.c line 272 function __memset_impl
Unwinding loop 158  iteration  2   file string.c line 272 function __memset_impl
Not unwinding 
Unwinding loop 158  iteration  1   file string.c line 272 function __memset_impl
Unwinding loop 158  iteration  2   file string.c line 272 function __memset_impl
Not unwinding 
Unwinding loop 158  iteration  1   file string.c line 272 function __memset_impl
Unwinding loop 158  iteration  2   file string.c line 272 function __memset_impl
Not unwinding 
Unwinding loop 158  iteration  1   file string.c line 272 function __memset_impl
Unwinding loop 158  iteration  2   file string.c line 272 function __memset_impl
Not unwinding 
Unwinding loop 158  iteration  1   file string.c line 272 function __memset_impl
Unwinding loop 158  iteration  2   file string.c line 272 function __memset_impl
Not unwinding 
Unwinding loop 158  iteration  1   file string.c line 272 function __memset_impl
Unwinding loop 158  iteration  2   file string.c line 272 function __memset_impl
Not unwinding 
Unwinding loop 158  iteration  1   file string.c line 272 function __memset_impl
Unwinding loop 158  iteration  2   file string.c line 272 function __memset_impl
Not unwinding 
Unwinding loop 158  iteration  1   file string.c line 272 function __memset_impl
Unwinding loop 158  iteration  2   file string.c line 272 function __memset_impl
Not unwinding 
Unwinding loop 158  iteration  1   file string.c line 272 function __memset_impl
Unwinding loop 158  iteration  2   file string.c line 272 function __memset_impl
Not unwinding 
Unwinding loop 158  iteration  1   file string.c line 272 function __memset_impl
Unwinding loop 158  iteration  2   file string.c line 272 function __memset_impl
Not unwinding 
Unwinding loop 158  iteration  1   file string.c line 272 function __memset_impl
Unwinding loop 158  iteration  2   file string.c line 272 function __memset_impl
Not unwinding 
Unwinding loop 25  iteration  1   file linux-4.2-rc1.tar.xz-43_2a-drivers--net--ethernet--mellanox--mlx5--core--mlx5_core.ko-entry_point.cil.out.i line 10093 function main
Unwinding loop 3  iteration  1   file string.c line 40 function strncpy
Unwinding loop 3  iteration  2   file string.c line 40 function strncpy
Not unwinding 
Unwinding loop 4  iteration  1   file string.c line 44 function strncpy
Unwinding loop 4  iteration  2   file string.c line 44 function strncpy
Not unwinding 
Unwinding loop 158  iteration  1   file string.c line 272 function __memset_impl
Unwinding loop 158  iteration  2   file string.c line 272 function __memset_impl
Not unwinding 
Unwinding loop 158  iteration  1   file string.c line 272 function __memset_impl
Unwinding loop 158  iteration  2   file string.c line 272 function __memset_impl
Not unwinding 
Unwinding loop 12  iteration  1   file linux-4.2-rc1.tar.xz-43_2a-drivers--net--ethernet--mellanox--mlx5--core--mlx5_core.ko-entry_point.cil.out.i line 12412 function mlx5_cmd_init
Unwinding loop 12  iteration  2   file linux-4.2-rc1.tar.xz-43_2a-drivers--net--ethernet--mellanox--mlx5--core--mlx5_core.ko-entry_point.cil.out.i line 12412 function mlx5_cmd_init
Not unwinding 
Unwinding loop 158  iteration  1   file string.c line 272 function __memset_impl
Unwinding loop 158  iteration  2   file string.c line 272 function __memset_impl
Not unwinding 
Unwinding loop 19  iteration  1   file linux-4.2-rc1.tar.xz-43_2a-drivers--net--ethernet--mellanox--mlx5--core--mlx5_core.ko-entry_point.cil.out.i line 9567 function mlx5_register_device
No target candidate for function call *intf->add
Unwinding loop 19  iteration  2   file linux-4.2-rc1.tar.xz-43_2a-drivers--net--ethernet--mellanox--mlx5--core--mlx5_core.ko-entry_point.cil.out.i line 9567 function mlx5_register_device
No target candidate for function call *intf->add
Not unwinding 
Unwinding loop 20  iteration  1   file linux-4.2-rc1.tar.xz-43_2a-drivers--net--ethernet--mellanox--mlx5--core--mlx5_core.ko-entry_point.cil.out.i line 9592 function mlx5_unregister_device
Unwinding loop 18  iteration  1   file linux-4.2-rc1.tar.xz-43_2a-drivers--net--ethernet--mellanox--mlx5--core--mlx5_core.ko-entry_point.cil.out.i line 9542 function mlx5_remove_device
No target candidate for function call *intf->remove
Unwinding loop 18  iteration  2   file linux-4.2-rc1.tar.xz-43_2a-drivers--net--ethernet--mellanox--mlx5--core--mlx5_core.ko-entry_point.cil.out.i line 9542 function mlx5_remove_device
No target candidate for function call *intf->remove
Not unwinding 
Unwinding loop 20  iteration  2   file linux-4.2-rc1.tar.xz-43_2a-drivers--net--ethernet--mellanox--mlx5--core--mlx5_core.ko-entry_point.cil.out.i line 9592 function mlx5_unregister_device
Unwinding loop 18  iteration  1   file linux-4.2-rc1.tar.xz-43_2a-drivers--net--ethernet--mellanox--mlx5--core--mlx5_core.ko-entry_point.cil.out.i line 9542 function mlx5_remove_device
No target candidate for function call *intf->remove
Unwinding loop 18  iteration  2   file linux-4.2-rc1.tar.xz-43_2a-drivers--net--ethernet--mellanox--mlx5--core--mlx5_core.ko-entry_point.cil.out.i line 9542 function mlx5_remove_device
No target candidate for function call *intf->remove
Not unwinding 
Not unwinding 
Unwinding loop 8  iteration  1   file linux-4.2-rc1.tar.xz-43_2a-drivers--net--ethernet--mellanox--mlx5--core--mlx5_core.ko-entry_point.cil.out.i line 9007 function mlx5_irq_clear_affinity_hints
Unwinding loop 8  iteration  2   file linux-4.2-rc1.tar.xz-43_2a-drivers--net--ethernet--mellanox--mlx5--core--mlx5_core.ko-entry_point.cil.out.i line 9007 function mlx5_irq_clear_affinity_hints
Not unwinding 
Unwinding loop 10  iteration  1   file linux-4.2-rc1.tar.xz-43_2a-drivers--net--ethernet--mellanox--mlx5--core--mlx5_core.ko-entry_point.cil.out.i line 9094 function free_comp_eqs
Unwinding loop 158  iteration  1   file string.c line 272 function __memset_impl
Unwinding loop 158  iteration  2   file string.c line 272 function __memset_impl
Not unwinding 
Unwinding loop 158  iteration  1   file string.c line 272 function __memset_impl
Unwinding loop 158  iteration  2   file string.c line 272 function __memset_impl
Not unwinding 
Unwinding loop 22  iteration  1   file linux-4.2-rc1.tar.xz-43_2a-drivers--net--ethernet--mellanox--mlx5--core--mlx5_core.ko-entry_point.cil.out.i line 9654 function mlx5_unregister_interface
Unwinding loop 18  iteration  1   file linux-4.2-rc1.tar.xz-43_2a-drivers--net--ethernet--mellanox--mlx5--core--mlx5_core.ko-entry_point.cil.out.i line 9542 function mlx5_remove_device
Unwinding loop 158  iteration  1   file string.c line 272 function __memset_impl
Unwinding loop 158  iteration  2   file string.c line 272 function __memset_impl
Not unwinding 
Unwinding loop 18  iteration  2   file linux-4.2-rc1.tar.xz-43_2a-drivers--net--ethernet--mellanox--mlx5--core--mlx5_core.ko-entry_point.cil.out.i line 9542 function mlx5_remove_device
Unwinding loop 158  iteration  1   file string.c line 272 function __memset_impl
Unwinding loop 158  iteration  2   file string.c line 272 function __memset_impl
Not unwinding 
Not unwinding 
Unwinding loop 22  iteration  2   file linux-4.2-rc1.tar.xz-43_2a-drivers--net--ethernet--mellanox--mlx5--core--mlx5_core.ko-entry_point.cil.out.i line 9654 function mlx5_unregister_interface
Unwinding loop 18  iteration  1   file linux-4.2-rc1.tar.xz-43_2a-drivers--net--ethernet--mellanox--mlx5--core--mlx5_core.ko-entry_point.cil.out.i line 9542 function mlx5_remove_device
Unwinding loop 158  iteration  1   file string.c line 272 function __memset_impl
Unwinding loop 158  iteration  2   file string.c line 272 function __memset_impl
Not unwinding 
Unwinding loop 18  iteration  2   file linux-4.2-rc1.tar.xz-43_2a-drivers--net--ethernet--mellanox--mlx5--core--mlx5_core.ko-entry_point.cil.out.i line 9542 function mlx5_remove_device
Unwinding loop 158  iteration  1   file string.c line 272 function __memset_impl
Unwinding loop 158  iteration  2   file string.c line 272 function __memset_impl
Not unwinding 
Not unwinding 
Not unwinding 
Unwinding loop 158  iteration  1   file string.c line 272 function __memset_impl
Unwinding loop 158  iteration  2   file string.c line 272 function __memset_impl
Not unwinding 
Unwinding loop 21  iteration  1   file linux-4.2-rc1.tar.xz-43_2a-drivers--net--ethernet--mellanox--mlx5--core--mlx5_core.ko-entry_point.cil.out.i line 9622 function mlx5_register_interface
Unwinding loop 158  iteration  1   file string.c line 272 function __memset_impl
Unwinding loop 158  iteration  2   file string.c line 272 function __memset_impl
Not unwinding 
Unwinding loop 158  iteration  1   file string.c line 272 function __memset_impl
Unwinding loop 158  iteration  2   file string.c line 272 function __memset_impl
Not unwinding 
Unwinding loop 158  iteration  1   file string.c line 272 function __memset_impl
Unwinding loop 158  iteration  2   file string.c line 272 function __memset_impl
Not unwinding 
Unwinding loop 21  iteration  2   file linux-4.2-rc1.tar.xz-43_2a-drivers--net--ethernet--mellanox--mlx5--core--mlx5_core.ko-entry_point.cil.out.i line 9622 function mlx5_register_interface
Unwinding loop 158  iteration  1   file string.c line 272 function __memset_impl
Unwinding loop 158  iteration  2   file string.c line 272 function __memset_impl
Not unwinding 
Unwinding loop 158  iteration  1   file string.c line 272 function __memset_impl
Unwinding loop 158  iteration  2   file string.c line 272 function __memset_impl
Not unwinding 
Unwinding loop 158  iteration  1   file string.c line 272 function __memset_impl
Unwinding loop 158  iteration  2   file string.c line 272 function __memset_impl
Not unwinding 
Not unwinding 
Unwinding loop 158  iteration  1   file string.c line 272 function __memset_impl
Unwinding loop 158  iteration  2   file string.c line 272 function __memset_impl
Not unwinding 
Unwinding loop 158  iteration  1   file string.c line 272 function __memset_impl
Unwinding loop 158  iteration  2   file string.c line 272 function __memset_impl
Not unwinding 
Unwinding loop 158  iteration  1   file string.c line 272 function __memset_impl
Unwinding loop 158  iteration  2   file string.c line 272 function __memset_impl
Not unwinding 
Unwinding loop 158  iteration  1   file string.c line 272 function __memset_impl
Unwinding loop 158  iteration  2   file string.c line 272 function __memset_impl
Not unwinding 
Unwinding loop 158  iteration  1   file string.c line 272 function __memset_impl
Unwinding loop 158  iteration  2   file string.c line 272 function __memset_impl
Not unwinding 
Unwinding loop 158  iteration  1   file string.c line 272 function __memset_impl
Unwinding loop 158  iteration  2   file string.c line 272 function __memset_impl
Not unwinding 
Unwinding loop 158  iteration  1   file string.c line 272 function __memset_impl
Unwinding loop 158  iteration  2   file string.c line 272 function __memset_impl
Not unwinding 
Unwinding loop 158  iteration  1   file string.c line 272 function __memset_impl
Unwinding loop 158  iteration  2   file string.c line 272 function __memset_impl
Not unwinding 
Unwinding loop 158  iteration  1   file string.c line 272 function __memset_impl
Unwinding loop 158  iteration  2   file string.c line 272 function __memset_impl
Not unwinding 
Unwinding loop 158  iteration  1   file string.c line 272 function __memset_impl
Unwinding loop 158  iteration  2   file string.c line 272 function __memset_impl
Not unwinding 
Unwinding loop 158  iteration  1   file string.c line 272 function __memset_impl
Unwinding loop 158  iteration  2   file string.c line 272 function __memset_impl
Not unwinding 
Unwinding loop 158  iteration  1   file string.c line 272 function __memset_impl
Unwinding loop 158  iteration  2   file string.c line 272 function __memset_impl
Not unwinding 
Unwinding loop 158  iteration  1   file string.c line 272 function __memset_impl
Unwinding loop 158  iteration  2   file string.c line 272 function __memset_impl
Not unwinding 
Unwinding loop 158  iteration  1   file string.c line 272 function __memset_impl
Unwinding loop 158  iteration  2   file string.c line 272 function __memset_impl
Not unwinding 
Unwinding loop 158  iteration  1   file string.c line 272 function __memset_impl
Unwinding loop 158  iteration  2   file string.c line 272 function __memset_impl
Not unwinding 
Unwinding loop 158  iteration  1   file string.c line 272 function __memset_impl
Unwinding loop 158  iteration  2   file string.c line 272 function __memset_impl
Not unwinding 
Unwinding loop 158  iteration  1   file string.c line 272 function __memset_impl
Unwinding loop 158  iteration  1   file string.c line 272 function __memset_impl
Unwinding loop 158  iteration  2   file string.c line 272 function __memset_impl
Not unwinding 
Unwinding loop 158  iteration  1   file string.c line 272 function __memset_impl
Unwinding loop 158  iteration  2   file string.c line 272 function __memset_impl
Not unwinding 
Unwinding loop 158  iteration  1   file string.c line 272 function __memset_impl
Unwinding loop 158  iteration  1   file string.c line 272 function __memset_impl
Unwinding loop 158  iteration  2   file string.c line 272 function __memset_impl
Not unwinding 
Unwinding loop 158  iteration  1   file string.c line 272 function __memset_impl
Unwinding loop 158  iteration  2   file string.c line 272 function __memset_impl
Not unwinding 
Unwinding loop 158  iteration  1   file string.c line 272 function __memset_impl
Unwinding loop 158  iteration  1   file string.c line 272 function __memset_impl
Unwinding loop 158  iteration  2   file string.c line 272 function __memset_impl
Not unwinding 
Unwinding loop 158  iteration  1   file string.c line 272 function __memset_impl
Unwinding loop 158  iteration  1   file string.c line 272 function __memset_impl
Unwinding loop 158  iteration  2   file string.c line 272 function __memset_impl
Not unwinding 
Unwinding loop 158  iteration  1   file string.c line 272 function __memset_impl
Unwinding loop 158  iteration  2   file string.c line 272 function __memset_impl
Not unwinding 
Unwinding loop 158  iteration  1   file string.c line 272 function __memset_impl
Unwinding loop 158  iteration  2   file string.c line 272 function __memset_impl
Not unwinding 
Unwinding loop 158  iteration  1   file string.c line 272 function __memset_impl
Unwinding loop 158  iteration  2   file string.c line 272 function __memset_impl
Not unwinding 
Unwinding loop 158  iteration  1   file string.c line 272 function __memset_impl
Unwinding loop 158  iteration  2   file string.c line 272 function __memset_impl
Not unwinding 
Unwinding loop 158  iteration  1   file string.c line 272 function __memset_impl
Unwinding loop 158  iteration  1   file string.c line 272 function __memset_impl
Unwinding loop 158  iteration  2   file string.c line 272 function __memset_impl
Not unwinding 
Unwinding loop 158  iteration  1   file string.c line 272 function __memset_impl
Unwinding loop 158  iteration  1   file string.c line 272 function __memset_impl
Unwinding loop 158  iteration  1   file string.c line 272 function __memset_impl
Unwinding loop 158  iteration  2   file string.c line 272 function __memset_impl
Not unwinding 
Unwinding loop 158  iteration  1   file string.c line 272 function __memset_impl
Unwinding loop 158  iteration  2   file string.c line 272 function __memset_impl
Not unwinding 
Unwinding loop 158  iteration  1   file string.c line 272 function __memset_impl
Unwinding loop 158  iteration  2   file string.c line 272 function __memset_impl
Not unwinding 
Unwinding loop 158  iteration  1   file string.c line 272 function __memset_impl
Unwinding loop 158  iteration  2   file string.c line 272 function __memset_impl
Not unwinding 
Unwinding loop 158  iteration  1   file string.c line 272 function __memset_impl
Unwinding loop 158  iteration  1   file string.c line 272 function __memset_impl
Unwinding loop 158  iteration  2   file string.c line 272 function __memset_impl
Not unwinding 
Unwinding loop 158  iteration  1   file string.c line 272 function __memset_impl
Unwinding loop 158  iteration  1   file string.c line 272 function __memset_impl
Unwinding loop 158  iteration  2   file string.c line 272 function __memset_impl
Not unwinding 
Unwinding loop 158  iteration  1   file string.c line 272 function __memset_impl
Unwinding loop 158  iteration  1   file string.c line 272 function __memset_impl
Unwinding loop 158  iteration  1   file string.c line 272 function __memset_impl
Unwinding loop 158  iteration  1   file string.c line 272 function __memset_impl
Unwinding loop 158  iteration  2   file string.c line 272 function __memset_impl
Not unwinding 
Unwinding loop 25  iteration  2   file linux-4.2-rc1.tar.xz-43_2a-drivers--net--ethernet--mellanox--mlx5--core--mlx5_core.ko-entry_point.cil.out.i line 10093 function main
Unwinding loop 3  iteration  1   file string.c line 40 function strncpy
Unwinding loop 3  iteration  2   file string.c line 40 function strncpy
Not unwinding 
Unwinding loop 4  iteration  1   file string.c line 44 function strncpy
Unwinding loop 4  iteration  2   file string.c line 44 function strncpy
Not unwinding 
Unwinding loop 158  iteration  1   file string.c line 272 function __memset_impl
Unwinding loop 158  iteration  2   file string.c line 272 function __memset_impl
Not unwinding 
Unwinding loop 158  iteration  1   file string.c line 272 function __memset_impl
Unwinding loop 158  iteration  2   file string.c line 272 function __memset_impl
Not unwinding 
Unwinding loop 12  iteration  1   file linux-4.2-rc1.tar.xz-43_2a-drivers--net--ethernet--mellanox--mlx5--core--mlx5_core.ko-entry_point.cil.out.i line 12412 function mlx5_cmd_init
Unwinding loop 12  iteration  2   file linux-4.2-rc1.tar.xz-43_2a-drivers--net--ethernet--mellanox--mlx5--core--mlx5_core.ko-entry_point.cil.out.i line 12412 function mlx5_cmd_init
Not unwinding 
Unwinding loop 158  iteration  1   file string.c line 272 function __memset_impl
Unwinding loop 158  iteration  2   file string.c line 272 function __memset_impl
Not unwinding 
Unwinding loop 19  iteration  1   file linux-4.2-rc1.tar.xz-43_2a-drivers--net--ethernet--mellanox--mlx5--core--mlx5_core.ko-entry_point.cil.out.i line 9567 function mlx5_register_device
No target candidate for function call *intf->add
Unwinding loop 19  iteration  2   file linux-4.2-rc1.tar.xz-43_2a-drivers--net--ethernet--mellanox--mlx5--core--mlx5_core.ko-entry_point.cil.out.i line 9567 function mlx5_register_device
No target candidate for function call *intf->add
Not unwinding 
Unwinding loop 20  iteration  1   file linux-4.2-rc1.tar.xz-43_2a-drivers--net--ethernet--mellanox--mlx5--core--mlx5_core.ko-entry_point.cil.out.i line 9592 function mlx5_unregister_device
Unwinding loop 18  iteration  1   file linux-4.2-rc1.tar.xz-43_2a-drivers--net--ethernet--mellanox--mlx5--core--mlx5_core.ko-entry_point.cil.out.i line 9542 function mlx5_remove_device
No target candidate for function call *intf->remove
Unwinding loop 18  iteration  2   file linux-4.2-rc1.tar.xz-43_2a-drivers--net--ethernet--mellanox--mlx5--core--mlx5_core.ko-entry_point.cil.out.i line 9542 function mlx5_remove_device
No target candidate for function call *intf->remove
Not unwinding 
Unwinding loop 20  iteration  2   file linux-4.2-rc1.tar.xz-43_2a-drivers--net--ethernet--mellanox--mlx5--core--mlx5_core.ko-entry_point.cil.out.i line 9592 function mlx5_unregister_device
Unwinding loop 18  iteration  1   file linux-4.2-rc1.tar.xz-43_2a-drivers--net--ethernet--mellanox--mlx5--core--mlx5_core.ko-entry_point.cil.out.i line 9542 function mlx5_remove_device
No target candidate for function call *intf->remove
Unwinding loop 18  iteration  2   file linux-4.2-rc1.tar.xz-43_2a-drivers--net--ethernet--mellanox--mlx5--core--mlx5_core.ko-entry_point.cil.out.i line 9542 function mlx5_remove_device
No target candidate for function call *intf->remove
Not unwinding 
Not unwinding 
Unwinding loop 8  iteration  1   file linux-4.2-rc1.tar.xz-43_2a-drivers--net--ethernet--mellanox--mlx5--core--mlx5_core.ko-entry_point.cil.out.i line 9007 function mlx5_irq_clear_affinity_hints
Unwinding loop 8  iteration  2   file linux-4.2-rc1.tar.xz-43_2a-drivers--net--ethernet--mellanox--mlx5--core--mlx5_core.ko-entry_point.cil.out.i line 9007 function mlx5_irq_clear_affinity_hints
Not unwinding 
Unwinding loop 10  iteration  1   file linux-4.2-rc1.tar.xz-43_2a-drivers--net--ethernet--mellanox--mlx5--core--mlx5_core.ko-entry_point.cil.out.i line 9094 function free_comp_eqs
Unwinding loop 158  iteration  1   file string.c line 272 function __memset_impl
Unwinding loop 158  iteration  2   file string.c line 272 function __memset_impl
Not unwinding 
Unwinding loop 158  iteration  1   file string.c line 272 function __memset_impl
Unwinding loop 158  iteration  2   file string.c line 272 function __memset_impl
Not unwinding 
Unwinding loop 22  iteration  1   file linux-4.2-rc1.tar.xz-43_2a-drivers--net--ethernet--mellanox--mlx5--core--mlx5_core.ko-entry_point.cil.out.i line 9654 function mlx5_unregister_interface
Unwinding loop 18  iteration  1   file linux-4.2-rc1.tar.xz-43_2a-drivers--net--ethernet--mellanox--mlx5--core--mlx5_core.ko-entry_point.cil.out.i line 9542 function mlx5_remove_device
Unwinding loop 158  iteration  1   file string.c line 272 function __memset_impl
Unwinding loop 158  iteration  2   file string.c line 272 function __memset_impl
Not unwinding 
Unwinding loop 18  iteration  2   file linux-4.2-rc1.tar.xz-43_2a-drivers--net--ethernet--mellanox--mlx5--core--mlx5_core.ko-entry_point.cil.out.i line 9542 function mlx5_remove_device
Unwinding loop 158  iteration  1   file string.c line 272 function __memset_impl
Unwinding loop 158  iteration  2   file string.c line 272 function __memset_impl
Not unwinding 
Not unwinding 
Unwinding loop 22  iteration  2   file linux-4.2-rc1.tar.xz-43_2a-drivers--net--ethernet--mellanox--mlx5--core--mlx5_core.ko-entry_point.cil.out.i line 9654 function mlx5_unregister_interface
Unwinding loop 18  iteration  1   file linux-4.2-rc1.tar.xz-43_2a-drivers--net--ethernet--mellanox--mlx5--core--mlx5_core.ko-entry_point.cil.out.i line 9542 function mlx5_remove_device
Unwinding loop 158  iteration  1   file string.c line 272 function __memset_impl
Unwinding loop 158  iteration  2   file string.c line 272 function __memset_impl
Not unwinding 
Unwinding loop 18  iteration  2   file linux-4.2-rc1.tar.xz-43_2a-drivers--net--ethernet--mellanox--mlx5--core--mlx5_core.ko-entry_point.cil.out.i line 9542 function mlx5_remove_device
Unwinding loop 158  iteration  1   file string.c line 272 function __memset_impl
Unwinding loop 158  iteration  2   file string.c line 272 function __memset_impl
Not unwinding 
Not unwinding 
Not unwinding 
Unwinding loop 158  iteration  1   file string.c line 272 function __memset_impl
Unwinding loop 158  iteration  2   file string.c line 272 function __memset_impl
Not unwinding 
Unwinding loop 21  iteration  1   file linux-4.2-rc1.tar.xz-43_2a-drivers--net--ethernet--mellanox--mlx5--core--mlx5_core.ko-entry_point.cil.out.i line 9622 function mlx5_register_interface
Unwinding loop 158  iteration  1   file string.c line 272 function __memset_impl
Unwinding loop 158  iteration  2   file string.c line 272 function __memset_impl
Not unwinding 
Unwinding loop 158  iteration  1   file string.c line 272 function __memset_impl
Unwinding loop 158  iteration  2   file string.c line 272 function __memset_impl
Not unwinding 
Unwinding loop 158  iteration  1   file string.c line 272 function __memset_impl
Unwinding loop 158  iteration  2   file string.c line 272 function __memset_impl
Not unwinding 
Unwinding loop 21  iteration  2   file linux-4.2-rc1.tar.xz-43_2a-drivers--net--ethernet--mellanox--mlx5--core--mlx5_core.ko-entry_point.cil.out.i line 9622 function mlx5_register_interface
Unwinding loop 158  iteration  1   file string.c line 272 function __memset_impl
Unwinding loop 158  iteration  2   file string.c line 272 function __memset_impl
Not unwinding 
Unwinding loop 158  iteration  1   file string.c line 272 function __memset_impl
Unwinding loop 158  iteration  2   file string.c line 272 function __memset_impl
Not unwinding 
Unwinding loop 158  iteration  1   file string.c line 272 function __memset_impl
Unwinding loop 158  iteration  2   file string.c line 272 function __memset_impl
Not unwinding 
Not unwinding 
Unwinding loop 158  iteration  1   file string.c line 272 function __memset_impl
Unwinding loop 158  iteration  2   file string.c line 272 function __memset_impl
Not unwinding 
Unwinding loop 158  iteration  1   file string.c line 272 function __memset_impl
Unwinding loop 158  iteration  2   file string.c line 272 function __memset_impl
Not unwinding 
Unwinding loop 158  iteration  1   file string.c line 272 function __memset_impl
Unwinding loop 158  iteration  2   file string.c line 272 function __memset_impl
Not unwinding 
Unwinding loop 158  iteration  1   file string.c line 272 function __memset_impl
Unwinding loop 158  iteration  2   file string.c line 272 function __memset_impl
Not unwinding 
Unwinding loop 158  iteration  1   file string.c line 272 function __memset_impl
Unwinding loop 158  iteration  2   file string.c line 272 function __memset_impl
Not unwinding 
Unwinding loop 158  iteration  1   file string.c line 272 function __memset_impl
Unwinding loop 158  iteration  2   file string.c line 272 function __memset_impl
Not unwinding 
Unwinding loop 158  iteration  1   file string.c line 272 function __memset_impl
Unwinding loop 158  iteration  2   file string.c line 272 function __memset_impl
Not unwinding 
Unwinding loop 158  iteration  1   file string.c line 272 function __memset_impl
Unwinding loop 158  iteration  2   file string.c line 272 function __memset_impl
Not unwinding 
Unwinding loop 158  iteration  1   file string.c line 272 function __memset_impl
Unwinding loop 158  iteration  2   file string.c line 272 function __memset_impl
Not unwinding 
Unwinding loop 158  iteration  1   file string.c line 272 function __memset_impl
Unwinding loop 158  iteration  2   file string.c line 272 function __memset_impl
Not unwinding 
Unwinding loop 158  iteration  1   file string.c line 272 function __memset_impl
Unwinding loop 158  iteration  2   file string.c line 272 function __memset_impl
Not unwinding 
Unwinding loop 158  iteration  1   file string.c line 272 function __memset_impl
Unwinding loop 158  iteration  2   file string.c line 272 function __memset_impl
Not unwinding 
Unwinding loop 158  iteration  1   file string.c line 272 function __memset_impl
Unwinding loop 158  iteration  2   file string.c line 272 function __memset_impl
Not unwinding 
Unwinding loop 158  iteration  1   file string.c line 272 function __memset_impl
Unwinding loop 158  iteration  2   file string.c line 272 function __memset_impl
Not unwinding 
Unwinding loop 158  iteration  1   file string.c line 272 function __memset_impl
Unwinding loop 158  iteration  2   file string.c line 272 function __memset_impl
Not unwinding 
Unwinding loop 158  iteration  1   file string.c line 272 function __memset_impl
Unwinding loop 158  iteration  2   file string.c line 272 function __memset_impl
Not unwinding 
Unwinding loop 158  iteration  1   file string.c line 272 function __memset_impl
Unwinding loop 158  iteration  1   file string.c line 272 function __memset_impl
Unwinding loop 158  iteration  2   file string.c line 272 function __memset_impl
Not unwinding 
Unwinding loop 158  iteration  1   file string.c line 272 function __memset_impl
Unwinding loop 158  iteration  2   file string.c line 272 function __memset_impl
Not unwinding 
Unwinding loop 158  iteration  1   file string.c line 272 function __memset_impl
Unwinding loop 158  iteration  1   file string.c line 272 function __memset_impl
Unwinding loop 158  iteration  2   file string.c line 272 function __memset_impl
Not unwinding 
Unwinding loop 158  iteration  1   file string.c line 272 function __memset_impl
Unwinding loop 158  iteration  2   file string.c line 272 function __memset_impl
Not unwinding 
Unwinding loop 158  iteration  1   file string.c line 272 function __memset_impl
Unwinding loop 158  iteration  1   file string.c line 272 function __memset_impl
Unwinding loop 158  iteration  2   file string.c line 272 function __memset_impl
Not unwinding 
Unwinding loop 158  iteration  1   file string.c line 272 function __memset_impl
Unwinding loop 158  iteration  1   file string.c line 272 function __memset_impl
Unwinding loop 158  iteration  2   file string.c line 272 function __memset_impl
Not unwinding 
Unwinding loop 158  iteration  1   file string.c line 272 function __memset_impl
Unwinding loop 158  iteration  2   file string.c line 272 function __memset_impl
Not unwinding 
Unwinding loop 158  iteration  1   file string.c line 272 function __memset_impl
Unwinding loop 158  iteration  2   file string.c line 272 function __memset_impl
Not unwinding 
Unwinding loop 158  iteration  1   file string.c line 272 function __memset_impl
Unwinding loop 158  iteration  2   file string.c line 272 function __memset_impl
Not unwinding 
Unwinding loop 158  iteration  1   file string.c line 272 function __memset_impl
Unwinding loop 158  iteration  2   file string.c line 272 function __memset_impl
Not unwinding 
Unwinding loop 158  iteration  1   file string.c line 272 function __memset_impl
Unwinding loop 158  iteration  1   file string.c line 272 function __memset_impl
Unwinding loop 158  iteration  2   file string.c line 272 function __memset_impl
Not unwinding 
Unwinding loop 158  iteration  1   file string.c line 272 function __memset_impl
Unwinding loop 158  iteration  1   file string.c line 272 function __memset_impl
Unwinding loop 158  iteration  1   file string.c line 272 function __memset_impl
Unwinding loop 158  iteration  2   file string.c line 272 function __memset_impl
Not unwinding 
Unwinding loop 158  iteration  1   file string.c line 272 function __memset_impl
Unwinding loop 158  iteration  2   file string.c line 272 function __memset_impl
Not unwinding 
Unwinding loop 158  iteration  1   file string.c line 272 function __memset_impl
Unwinding loop 158  iteration  2   file string.c line 272 function __memset_impl
Not unwinding 
Unwinding loop 158  iteration  1   file string.c line 272 function __memset_impl
Unwinding loop 158  iteration  2   file string.c line 272 function __memset_impl
Not unwinding 
Unwinding loop 158  iteration  1   file string.c line 272 function __memset_impl
Unwinding loop 158  iteration  1   file string.c line 272 function __memset_impl
Unwinding loop 158  iteration  2   file string.c line 272 function __memset_impl
Not unwinding 
Unwinding loop 158  iteration  1   file string.c line 2
../sv-benchmarks/c/ldv-linux-4.2-rc1/linux-4.2-rc1.tar.xz-43_2a-drivers--net--ethernet--mellanox--mlx5--core--mlx5_core.ko-entry_point.cil.out.i:8919:32: warning: incompatible pointer types passing 'cpumask_var_t *' (aka 'struct cpumask **') to parameter of type 'cpumask_var_t **' (aka 'struct cpumask ***') [-Wincompatible-pointer-types]
  tmp___1 = zalloc_cpumask_var(& (priv->irq_info + (unsigned long )i)->mask, 208U);
                               ^~~~~~~~~~~~~~~~~~~~~~~~~~~~~~~~~~~~~~~~~~~~
../sv-benchmarks/c/ldv-linux-4.2-rc1/linux-4.2-rc1.tar.xz-43_2a-drivers--net--ethernet--mellanox--mlx5--core--mlx5_core.ko-entry_point.cil.out.i:8095:49: note: passing argument to parameter here
extern bool zalloc_cpumask_var(cpumask_var_t ** , gfp_t ) ;
                                                ^
../sv-benchmarks/c/ldv-linux-4.2-rc1/linux-4.2-rc1.tar.xz-43_2a-drivers--net--ethernet--mellanox--mlx5--core--mlx5_core.ko-entry_point.cil.out.i:26405:62: warning: shift count is negative [-Wshift-count-negative]
    tmp___7 = __fswab32((tmp___5 & 4026535935U) | (((tmp___6 >> -3) & 65535U) << 12));
                                                             ^  ~~
../sv-benchmarks/c/ldv-linux-4.2-rc1/linux-4.2-rc1.tar.xz-43_2a-drivers--net--ethernet--mellanox--mlx5--core--mlx5_core.ko-entry_point.cil.out.i:33233:26: warning: implicit declaration of function 'ldv_xmalloc' is invalid in C99 [-Wimplicit-function-declaration]
  return *(union ktime *)ldv_xmalloc(sizeof(union ktime));
                         ^
../sv-benchmarks/c/ldv-linux-4.2-rc1/linux-4.2-rc1.tar.xz-43_2a-drivers--net--ethernet--mellanox--mlx5--core--mlx5_core.ko-entry_point.cil.out.i:33233:11: warning: cast to 'union ktime *' from smaller integer type 'int' [-Wint-to-pointer-cast]
  return *(union ktime *)ldv_xmalloc(sizeof(union ktime));
          ^~~~~~~~~~~~~~~~~~~~~~~~~~~~~~~~~~~~~~~~~~~~~~~

Unknown
