./esbmc-wrapper.py -p ../sv-benchmarks/c/properties/unreach-call.prp -s kinduction --arch 64 ../sv-benchmarks/c/ldv-linux-3.4-simple/43_1a_cilled_ok_nondet_linux-43_1a-drivers--hwmon--gpio-fan.ko-ldv_main0_sequence_infinite_withcheck_stateful.cil.out.i


--------------------------------------------------------------------------------


Verifying with ESBMC
Command: ./esbmc --no-div-by-zero-check --force-malloc-success --state-hashing --no-align-check --k-step 2 --floatbv --unlimited-k-steps ../sv-benchmarks/c/ldv-linux-3.4-simple/43_1a_cilled_ok_nondet_linux-43_1a-drivers--hwmon--gpio-fan.ko-ldv_main0_sequence_infinite_withcheck_stateful.cil.out.i --64 --witness-output 43_1a_cilled_ok_nondet_linux-43_1a-drivers--hwmon--gpio-fan.ko-ldv_main0_sequence_infinite_withcheck_stateful.cil.out.i.graphml --no-pointer-check --no-bounds-check --interval-analysis --k-induction --max-inductive-step 3 
ESBMC version 6.8.0 64-bit x86_64 linux
Target: 64-bit little-endian x86_64-unknown-linux with esbmc libc
file ../sv-benchmarks/c/ldv-linux-3.4-simple/43_1a_cilled_ok_nondet_linux-43_1a-drivers--hwmon--gpio-fan.ko-ldv_main0_sequence_infinite_withcheck_stateful.cil.out.i: Parsing
Converting
Generating GOTO Program
GOTO program creation time: 0.346s
GOTO program processing time: 0.024s
*** Checking base case, k = 1
Starting Bounded Model Checking
Not unwinding 
Symex completed in: 0.004s (28 assignments)
Slicing time: 0.000s (removed 24 assignments)
Generated 0 VCC(s), 0 remaining after simplification (4 assignments)
BMC program time: 0.004s
No bug has been found in the base case
*** Checking forward condition, k = 1
Starting Bounded Model Checking
Not unwinding 
Symex completed in: 0.003s (28 assignments)
Slicing time: 0.000s (removed 24 assignments)
Generated 1 VCC(s), 1 remaining after simplification (4 assignments)
No solver specified; defaulting to Boolector
Encoding remaining VCC(s) using bit-vector/floating-point arithmetic
Encoding to solver time: 0.000s
Solving with solver Boolector 3.2.1
Encoding to solver time: 0.000s
Runtime decision procedure: 0.001s
The forward condition is unable to prove the property
*** Checking base case, k = 3
Starting Bounded Model Checking
Unwinding loop 8  iteration  1   file 43_1a_cilled_ok_nondet_linux-43_1a-drivers--hwmon--gpio-fan.ko-ldv_main0_sequence_infinite_withcheck_stateful.cil.out.i line 2684 function main
Unwinding loop 10  iteration  1   file string.c line 272 function __memset_impl
Unwinding loop 10  iteration  2   file string.c line 272 function __memset_impl
Not unwinding 
Unwinding loop 5  iteration  1   file 43_1a_cilled_ok_nondet_linux-43_1a-drivers--hwmon--gpio-fan.ko-ldv_main0_sequence_infinite_withcheck_stateful.cil.out.i line 2088 function fan_ctrl_init
Unwinding loop 5  iteration  2   file 43_1a_cilled_ok_nondet_linux-43_1a-drivers--hwmon--gpio-fan.ko-ldv_main0_sequence_infinite_withcheck_stateful.cil.out.i line 2088 function fan_ctrl_init
Not unwinding 
Unwinding loop 2  iteration  1   file 43_1a_cilled_ok_nondet_linux-43_1a-drivers--hwmon--gpio-fan.ko-ldv_main0_sequence_infinite_withcheck_stateful.cil.out.i line 1373 function __get_fan_ctrl
Unwinding loop 2  iteration  2   file 43_1a_cilled_ok_nondet_linux-43_1a-drivers--hwmon--gpio-fan.ko-ldv_main0_sequence_infinite_withcheck_stateful.cil.out.i line 1373 function __get_fan_ctrl
Not unwinding 
Unwinding loop 3  iteration  1   file 43_1a_cilled_ok_nondet_linux-43_1a-drivers--hwmon--gpio-fan.ko-ldv_main0_sequence_infinite_withcheck_stateful.cil.out.i line 1472 function get_fan_speed_index
Unwinding loop 3  iteration  2   file 43_1a_cilled_ok_nondet_linux-43_1a-drivers--hwmon--gpio-fan.ko-ldv_main0_sequence_infinite_withcheck_stateful.cil.out.i line 1472 function get_fan_speed_index
Not unwinding 
Unwinding loop 6  iteration  1   file 43_1a_cilled_ok_nondet_linux-43_1a-drivers--hwmon--gpio-fan.ko-ldv_main0_sequence_infinite_withcheck_stateful.cil.out.i line 2152 function fan_ctrl_init
Unwinding loop 6  iteration  2   file 43_1a_cilled_ok_nondet_linux-43_1a-drivers--hwmon--gpio-fan.ko-ldv_main0_sequence_infinite_withcheck_stateful.cil.out.i line 2152 function fan_ctrl_init
Not unwinding 
Unwinding loop 7  iteration  1   file 43_1a_cilled_ok_nondet_linux-43_1a-drivers--hwmon--gpio-fan.ko-ldv_main0_sequence_infinite_withcheck_stateful.cil.out.i line 2204 function fan_ctrl_free
Unwinding loop 7  iteration  2   file 43_1a_cilled_ok_nondet_linux-43_1a-drivers--hwmon--gpio-fan.ko-ldv_main0_sequence_infinite_withcheck_stateful.cil.out.i line 2204 function fan_ctrl_free
Not unwinding 
Unwinding loop 8  iteration  2   file 43_1a_cilled_ok_nondet_linux-43_1a-drivers--hwmon--gpio-fan.ko-ldv_main0_sequence_infinite_withcheck_stateful.cil.out.i line 2684 function main
Unwinding loop 10  iteration  1   file string.c line 272 function __memset_impl
Unwinding loop 10  iteration  2   file string.c line 272 function __memset_impl
Not unwinding 
Unwinding loop 5  iteration  1   file 43_1a_cilled_ok_nondet_linux-43_1a-drivers--hwmon--gpio-fan.ko-ldv_main0_sequence_infinite_withcheck_stateful.cil.out.i line 2088 function fan_ctrl_init
Unwinding loop 5  iteration  2   file 43_1a_cilled_ok_nondet_linux-43_1a-drivers--hwmon--gpio-fan.ko-ldv_main0_sequence_infinite_withcheck_stateful.cil.out.i line 2088 function fan_ctrl_init
Not unwinding 
Unwinding loop 2  iteration  1   file 43_1a_cilled_ok_nondet_linux-43_1a-drivers--hwmon--gpio-fan.ko-ldv_main0_sequence_infinite_withcheck_stateful.cil.out.i line 1373 function __get_fan_ctrl
Unwinding loop 2  iteration  2   file 43_1a_cilled_ok_nondet_linux-43_1a-drivers--hwmon--gpio-fan.ko-ldv_main0_sequence_infinite_withcheck_stateful.cil.out.i line 1373 function __get_fan_ctrl
Not unwinding 
Unwinding loop 3  iteration  1   file 43_1a_cilled_ok_nondet_linux-43_1a-drivers--hwmon--gpio-fan.ko-ldv_main0_sequence_infinite_withcheck_stateful.cil.out.i line 1472 function get_fan_speed_index
Unwinding loop 3  iteration  2   file 43_1a_cilled_ok_nondet_linux-43_1a-drivers--hwmon--gpio-fan.ko-ldv_main0_sequence_infinite_withcheck_stateful.cil.out.i line 1472 function get_fan_speed_index
Not unwinding 
Unwinding loop 6  iteration  1   file 43_1a_cilled_ok_nondet_linux-43_1a-drivers--hwmon--gpio-fan.ko-ldv_main0_sequence_infinite_withcheck_stateful.cil.out.i line 2152 function fan_ctrl_init
Unwinding loop 6  iteration  2   file 43_1a_cilled_ok_nondet_linux-43_1a-drivers--hwmon--gpio-fan.ko-ldv_main0_sequence_infinite_withcheck_stateful.cil.out.i line 2152 function fan_ctrl_init
Not unwinding 
Unwinding loop 7  iteration  1   file 43_1a_cilled_ok_nondet_linux-43_1a-drivers--hwmon--gpio-fan.ko-ldv_main0_sequence_infinite_withcheck_stateful.cil.out.i line 2204 function fan_ctrl_free
Unwinding loop 7  iteration  2   file 43_1a_cilled_ok_nondet_linux-43_1a-drivers--hwmon--gpio-fan.ko-ldv_main0_sequence_infinite_withcheck_stateful.cil.out.i line 2204 function fan_ctrl_free
Not unwinding 
Unwinding loop 1  iteration  1   file 43_1a_cilled_ok_nondet_linux-43_1a-drivers--hwmon--gpio-fan.ko-ldv_main0_sequence_infinite_withcheck_stateful.cil.out.i line 1327 function __set_fan_ctrl
Unwinding loop 1  iteration  2   file 43_1a_cilled_ok_nondet_linux-43_1a-drivers--hwmon--gpio-fan.ko-ldv_main0_sequence_infinite_withcheck_stateful.cil.out.i line 1327 function __set_fan_ctrl
Not unwinding 
Unwinding loop 1  iteration  1   file 43_1a_cilled_ok_nondet_linux-43_1a-drivers--hwmon--gpio-fan.ko-ldv_main0_sequence_infinite_withcheck_stateful.cil.out.i line 1327 function __set_fan_ctrl
Unwinding loop 1  iteration  2   file 43_1a_cilled_ok_nondet_linux-43_1a-drivers--hwmon--gpio-fan.ko-ldv_main0_sequence_infinite_withcheck_stateful.cil.out.i line 1327 function __set_fan_ctrl
Not unwinding 
Not unwinding 
Unwinding loop 9  iteration  1   file 43_1a_cilled_ok_nondet_linux-43_1a-drivers--hwmon--gpio-fan.ko-ldv_main0_sequence_infinite_withcheck_stateful.cil.out.i line 2687 function main
Unwinding loop 10  iteration  1   file string.c line 272 function __memset_impl
Unwinding loop 10  iteration  2   file string.c line 272 function __memset_impl
Not unwinding 
Unwinding loop 5  iteration  1   file 43_1a_cilled_ok_nondet_linux-43_1a-drivers--hwmon--gpio-fan.ko-ldv_main0_sequence_infinite_withcheck_stateful.cil.out.i line 2088 function fan_ctrl_init
Unwinding loop 5  iteration  2   file 43_1a_cilled_ok_nondet_linux-43_1a-drivers--hwmon--gpio-fan.ko-ldv_main0_sequence_infinite_withcheck_stateful.cil.out.i line 2088 function fan_ctrl_init
Not unwinding 
Unwinding loop 2  iteration  1   file 43_1a_cilled_ok_nondet_linux-43_1a-drivers--hwmon--gpio-fan.ko-ldv_main0_sequence_infinite_withcheck_stateful.cil.out.i line 1373 function __get_fan_ctrl
Unwinding loop 2  iteration  2   file 43_1a_cilled_ok_nondet_linux-43_1a-drivers--hwmon--gpio-fan.ko-ldv_main0_sequence_infinite_withcheck_stateful.cil.out.i line 1373 function __get_fan_ctrl
Not unwinding 
Unwinding loop 3  iteration  1   file 43_1a_cilled_ok_nondet_linux-43_1a-drivers--hwmon--gpio-fan.ko-ldv_main0_sequence_infinite_withcheck_stateful.cil.out.i line 1472 function get_fan_speed_index
Unwinding loop 3  iteration  2   file 43_1a_cilled_ok_nondet_linux-43_1a-drivers--hwmon--gpio-fan.ko-ldv_main0_sequence_infinite_withcheck_stateful.cil.out.i line 1472 function get_fan_speed_index
Not unwinding 
Unwinding loop 6  iteration  1   file 43_1a_cilled_ok_nondet_linux-43_1a-drivers--hwmon--gpio-fan.ko-ldv_main0_sequence_infinite_withcheck_stateful.cil.out.i line 2152 function fan_ctrl_init
Unwinding loop 6  iteration  2   file 43_1a_cilled_ok_nondet_linux-43_1a-drivers--hwmon--gpio-fan.ko-ldv_main0_sequence_infinite_withcheck_stateful.cil.out.i line 2152 function fan_ctrl_init
Not unwinding 
Unwinding loop 7  iteration  1   file 43_1a_cilled_ok_nondet_linux-43_1a-drivers--hwmon--gpio-fan.ko-ldv_main0_sequence_infinite_withcheck_stateful.cil.out.i line 2204 function fan_ctrl_free
Unwinding loop 7  iteration  2   file 43_1a_cilled_ok_nondet_linux-43_1a-drivers--hwmon--gpio-fan.ko-ldv_main0_sequence_infinite_withcheck_stateful.cil.out.i line 2204 function fan_ctrl_free
Not unwinding 
Unwinding loop 1  iteration  1   file 43_1a_cilled_ok_nondet_linux-43_1a-drivers--hwmon--gpio-fan.ko-ldv_main0_sequence_infinite_withcheck_stateful.cil.out.i line 1327 function __set_fan_ctrl
Unwinding loop 1  iteration  2   file 43_1a_cilled_ok_nondet_linux-43_1a-drivers--hwmon--gpio-fan.ko-ldv_main0_sequence_infinite_withcheck_stateful.cil.out.i line 1327 function __set_fan_ctrl
Not unwinding 
Unwinding loop 1  iteration  1   file 43_1a_cilled_ok_nondet_linux-43_1a-drivers--hwmon--gpio-fan.ko-ldv_main0_sequence_infinite_withcheck_stateful.cil.out.i line 1327 function __set_fan_ctrl
Unwinding loop 1  iteration  2   file 43_1a_cilled_ok_nondet_linux-43_1a-drivers--hwmon--gpio-fan.ko-ldv_main0_sequence_infinite_withcheck_stateful.cil.out.i line 1327 function __set_fan_ctrl
Not unwinding 
Unwinding loop 8  iteration  1   file 43_1a_cilled_ok_nondet_linux-43_1a-drivers--hwmon--gpio-fan.ko-ldv_main0_sequence_infinite_withcheck_stateful.cil.out.i line 2684 function main
Unwinding loop 10  iteration  1   file string.c line 272 function __memset_impl
Unwinding loop 10  iteration  2   file string.c line 272 function __memset_impl
Not unwinding 
Unwinding loop 5  iteration  1   file 43_1a_cilled_ok_nondet_linux-43_1a-drivers--hwmon--gpio-fan.ko-ldv_main0_sequence_infinite_withcheck_stateful.cil.out.i line 2088 function fan_ctrl_init
Unwinding loop 5  iteration  2   file 43_1a_cilled_ok_nondet_linux-43_1a-drivers--hwmon--gpio-fan.ko-ldv_main0_sequence_infinite_withcheck_stateful.cil.out.i line 2088 function fan_ctrl_init
Not unwinding 
Unwinding loop 2  iteration  1   file 43_1a_cilled_ok_nondet_linux-43_1a-drivers--hwmon--gpio-fan.ko-ldv_main0_sequence_infinite_withcheck_stateful.cil.out.i line 1373 function __get_fan_ctrl
Unwinding loop 2  iteration  2   file 43_1a_cilled_ok_nondet_linux-43_1a-drivers--hwmon--gpio-fan.ko-ldv_main0_sequence_infinite_withcheck_stateful.cil.out.i line 1373 function __get_fan_ctrl
Not unwinding 
Unwinding loop 3  iteration  1   file 43_1a_cilled_ok_nondet_linux-43_1a-drivers--hwmon--gpio-fan.ko-ldv_main0_sequence_infinite_withcheck_stateful.cil.out.i line 1472 function get_fan_speed_index
Unwinding loop 3  iteration  2   file 43_1a_cilled_ok_nondet_linux-43_1a-drivers--hwmon--gpio-fan.ko-ldv_main0_sequence_infinite_withcheck_stateful.cil.out.i line 1472 function get_fan_speed_index
Not unwinding 
Unwinding loop 6  iteration  1   file 43_1a_cilled_ok_nondet_linux-43_1a-drivers--hwmon--gpio-fan.ko-ldv_main0_sequence_infinite_withcheck_stateful.cil.out.i line 2152 function fan_ctrl_init
Unwinding loop 6  iteration  2   file 43_1a_cilled_ok_nondet_linux-43_1a-drivers--hwmon--gpio-fan.ko-ldv_main0_sequence_infinite_withcheck_stateful.cil.out.i line 2152 function fan_ctrl_init
Not unwinding 
Unwinding loop 7  iteration  1   file 43_1a_cilled_ok_nondet_linux-43_1a-drivers--hwmon--gpio-fan.ko-ldv_main0_sequence_infinite_withcheck_stateful.cil.out.i line 2204 function fan_ctrl_free
Unwinding loop 7  iteration  2   file 43_1a_cilled_ok_nondet_linux-43_1a-drivers--hwmon--gpio-fan.ko-ldv_main0_sequence_infinite_withcheck_stateful.cil.out.i line 2204 function fan_ctrl_free
Not unwinding 
Unwinding loop 1  iteration  1   file 43_1a_cilled_ok_nondet_linux-43_1a-drivers--hwmon--gpio-fan.ko-ldv_main0_sequence_infinite_withcheck_stateful.cil.out.i line 1327 function __set_fan_ctrl
Unwinding loop 1  iteration  2   file 43_1a_cilled_ok_nondet_linux-43_1a-drivers--hwmon--gpio-fan.ko-ldv_main0_sequence_infinite_withcheck_stateful.cil.out.i line 1327 function __set_fan_ctrl
Not unwinding 
Unwinding loop 1  iteration  1   file 43_1a_cilled_ok_nondet_linux-43_1a-drivers--hwmon--gpio-fan.ko-ldv_main0_sequence_infinite_withcheck_stateful.cil.out.i line 1327 function __set_fan_ctrl
Unwinding loop 1  iteration  2   file 43_1a_cilled_ok_nondet_linux-43_1a-drivers--hwmon--gpio-fan.ko-ldv_main0_sequence_infinite_withcheck_stateful.cil.out.i line 1327 function __set_fan_ctrl
Not unwinding 
Unwinding loop 8  iteration  2   file 43_1a_cilled_ok_nondet_linux-43_1a-drivers--hwmon--gpio-fan.ko-ldv_main0_sequence_infinite_withcheck_stateful.cil.out.i line 2684 function main
Unwinding loop 10  iteration  1   file string.c line 272 function __memset_impl
Unwinding loop 10  iteration  2   file string.c line 272 function __memset_impl
Not unwinding 
Unwinding loop 5  iteration  1   file 43_1a_cilled_ok_nondet_linux-43_1a-drivers--hwmon--gpio-fan.ko-ldv_main0_sequence_infinite_withcheck_stateful.cil.out.i line 2088 function fan_ctrl_init
Unwinding loop 5  iteration  2   file 43_1a_cilled_ok_nondet_linux-43_1a-drivers--hwmon--gpio-fan.ko-ldv_main0_sequence_infinite_withcheck_stateful.cil.out.i line 2088 function fan_ctrl_init
Not unwinding 
Unwinding loop 2  iteration  1   file 43_1a_cilled_ok_nondet_linux-43_1a-drivers--hwmon--gpio-fan.ko-ldv_main0_sequence_infinite_withcheck_stateful.cil.out.i line 1373 function __get_fan_ctrl
Unwinding loop 2  iteration  2   file 43_1a_cilled_ok_nondet_linux-43_1a-drivers--hwmon--gpio-fan.ko-ldv_main0_sequence_infinite_withcheck_stateful.cil.out.i line 1373 function __get_fan_ctrl
Not unwinding 
Unwinding loop 3  iteration  1   file 43_1a_cilled_ok_nondet_linux-43_1a-drivers--hwmon--gpio-fan.ko-ldv_main0_sequence_infinite_withcheck_stateful.cil.out.i line 1472 function get_fan_speed_index
Unwinding loop 3  iteration  2   file 43_1a_cilled_ok_nondet_linux-43_1a-drivers--hwmon--gpio-fan.ko-ldv_main0_sequence_infinite_withcheck_stateful.cil.out.i line 1472 function get_fan_speed_index
Not unwinding 
Unwinding loop 6  iteration  1   file 43_1a_cilled_ok_nondet_linux-43_1a-drivers--hwmon--gpio-fan.ko-ldv_main0_sequence_infinite_withcheck_stateful.cil.out.i line 2152 function fan_ctrl_init
Unwinding loop 6  iteration  2   file 43_1a_cilled_ok_nondet_linux-43_1a-drivers--hwmon--gpio-fan.ko-ldv_main0_sequence_infinite_withcheck_stateful.cil.out.i line 2152 function fan_ctrl_init
Not unwinding 
Unwinding loop 7  iteration  1   file 43_1a_cilled_ok_nondet_linux-43_1a-drivers--hwmon--gpio-fan.ko-ldv_main0_sequence_infinite_withcheck_stateful.cil.out.i line 2204 function fan_ctrl_free
Unwinding loop 7  iteration  2   file 43_1a_cilled_ok_nondet_linux-43_1a-drivers--hwmon--gpio-fan.ko-ldv_main0_sequence_infinite_withcheck_stateful.cil.out.i line 2204 function fan_ctrl_free
Not unwinding 
Unwinding loop 1  iteration  1   file 43_1a_cilled_ok_nondet_linux-43_1a-drivers--hwmon--gpio-fan.ko-ldv_main0_sequence_infinite_withcheck_stateful.cil.out.i line 1327 function __set_fan_ctrl
Unwinding loop 1  iteration  2   file 43_1a_cilled_ok_nondet_linux-43_1a-drivers--hwmon--gpio-fan.ko-ldv_main0_sequence_infinite_withcheck_stateful.cil.out.i line 1327 function __set_fan_ctrl
Not unwinding 
Unwinding loop 1  iteration  1   file 43_1a_cilled_ok_nondet_linux-43_1a-drivers--hwmon--gpio-fan.ko-ldv_main0_sequence_infinite_withcheck_stateful.cil.out.i line 1327 function __set_fan_ctrl
Unwinding loop 1  iteration  2   file 43_1a_cilled_ok_nondet_linux-43_1a-drivers--hwmon--gpio-fan.ko-ldv_main0_sequence_infinite_withcheck_stateful.cil.out.i line 1327 function __set_fan_ctrl
Not unwinding 
Not unwinding 
Unwinding loop 9  iteration  2   file 43_1a_cilled_ok_nondet_linux-43_1a-drivers--hwmon--gpio-fan.ko-ldv_main0_sequence_infinite_withcheck_stateful.cil.out.i line 2687 function main
Unwinding loop 10  iteration  1   file string.c line 272 function __memset_impl
Unwinding loop 10  iteration  2   file string.c line 272 function __memset_impl
Not unwinding 
Unwinding loop 5  iteration  1   file 43_1a_cilled_ok_nondet_linux-43_1a-drivers--hwmon--gpio-fan.ko-ldv_main0_sequence_infinite_withcheck_stateful.cil.out.i line 2088 function fan_ctrl_init
Unwinding loop 5  iteration  2   file 43_1a_cilled_ok_nondet_linux-43_1a-drivers--hwmon--gpio-fan.ko-ldv_main0_sequence_infinite_withcheck_stateful.cil.out.i line 2088 function fan_ctrl_init
Not unwinding 
Unwinding loop 2  iteration  1   file 43_1a_cilled_ok_nondet_linux-43_1a-drivers--hwmon--gpio-fan.ko-ldv_main0_sequence_infinite_withcheck_stateful.cil.out.i line 1373 function __get_fan_ctrl
Unwinding loop 2  iteration  2   file 43_1a_cilled_ok_nondet_linux-43_1a-drivers--hwmon--gpio-fan.ko-ldv_main0_sequence_infinite_withcheck_stateful.cil.out.i line 1373 function __get_fan_ctrl
Not unwinding 
Unwinding loop 3  iteration  1   file 43_1a_cilled_ok_nondet_linux-43_1a-drivers--hwmon--gpio-fan.ko-ldv_main0_sequence_infinite_withcheck_stateful.cil.out.i line 1472 function get_fan_speed_index
Unwinding loop 3  iteration  2   file 43_1a_cilled_ok_nondet_linux-43_1a-drivers--hwmon--gpio-fan.ko-ldv_main0_sequence_infinite_withcheck_stateful.cil.out.i line 1472 function get_fan_speed_index
Not unwinding 
Unwinding loop 6  iteration  1   file 43_1a_cilled_ok_nondet_linux-43_1a-drivers--hwmon--gpio-fan.ko-ldv_main0_sequence_infinite_withcheck_stateful.cil.out.i line 2152 function fan_ctrl_init
Unwinding loop 6  iteration  2   file 43_1a_cilled_ok_nondet_linux-43_1a-drivers--hwmon--gpio-fan.ko-ldv_main0_sequence_infinite_withcheck_stateful.cil.out.i line 2152 function fan_ctrl_init
Not unwinding 
Unwinding loop 7  iteration  1   file 43_1a_cilled_ok_nondet_linux-43_1a-drivers--hwmon--gpio-fan.ko-ldv_main0_sequence_infinite_withcheck_stateful.cil.out.i line 2204 function fan_ctrl_free
Unwinding loop 7  iteration  2   file 43_1a_cilled_ok_nondet_linux-43_1a-drivers--hwmon--gpio-fan.ko-ldv_main0_sequence_infinite_withcheck_stateful.cil.out.i line 2204 function fan_ctrl_free
Not unwinding 
Unwinding loop 1  iteration  1   file 43_1a_cilled_ok_nondet_linux-43_1a-drivers--hwmon--gpio-fan.ko-ldv_main0_sequence_infinite_withcheck_stateful.cil.out.i line 1327 function __set_fan_ctrl
Unwinding loop 1  iteration  2   file 43_1a_cilled_ok_nondet_linux-43_1a-drivers--hwmon--gpio-fan.ko-ldv_main0_sequence_infinite_withcheck_stateful.cil.out.i line 1327 function __set_fan_ctrl
Not unwinding 
Unwinding loop 1  iteration  1   file 43_1a_cilled_ok_nondet_linux-43_1a-drivers--hwmon--gpio-fan.ko-ldv_main0_sequence_infinite_withcheck_stateful.cil.out.i line 1327 function __set_fan_ctrl
Unwinding loop 1  iteration  2   file 43_1a_cilled_ok_nondet_linux-43_1a-drivers--hwmon--gpio-fan.ko-ldv_main0_sequence_infinite_withcheck_stateful.cil.out.i line 1327 function __set_fan_ctrl
Not unwinding 
Unwinding loop 8  iteration  1   file 43_1a_cilled_ok_nondet_linux-43_1a-drivers--hwmon--gpio-fan.ko-ldv_main0_sequence_infinite_withcheck_stateful.cil.out.i line 2684 function main
Unwinding loop 10  iteration  1   file string.c line 272 function __memset_impl
Unwinding loop 10  iteration  2   file string.c line 272 function __memset_impl
Not unwinding 
Unwinding loop 5  iteration  1   file 43_1a_cilled_ok_nondet_linux-43_1a-drivers--hwmon--gpio-fan.ko-ldv_main0_sequence_infinite_withcheck_stateful.cil.out.i line 2088 function fan_ctrl_init
Unwinding loop 5  iteration  2   file 43_1a_cilled_ok_nondet_linux-43_1a-drivers--hwmon--gpio-fan.ko-ldv_main0_sequence_infinite_withcheck_stateful.cil.out.i line 2088 function fan_ctrl_init
Not unwinding 
Unwinding loop 2  iteration  1   file 43_1a_cilled_ok_nondet_linux-43_1a-drivers--hwmon--gpio-fan.ko-ldv_main0_sequence_infinite_withcheck_stateful.cil.out.i line 1373 function __get_fan_ctrl
Unwinding loop 2  iteration  2   file 43_1a_cilled_ok_nondet_linux-43_1a-drivers--hwmon--gpio-fan.ko-ldv_main0_sequence_infinite_withcheck_stateful.cil.out.i line 1373 function __get_fan_ctrl
Not unwinding 
Unwinding loop 3  iteration  1   file 43_1a_cilled_ok_nondet_linux-43_1a-drivers--hwmon--gpio-fan.ko-ldv_main0_sequence_infinite_withcheck_stateful.cil.out.i line 1472 function get_fan_speed_index
Unwinding loop 3  iteration  2   file 43_1a_cilled_ok_nondet_linux-43_1a-drivers--hwmon--gpio-fan.ko-ldv_main0_sequence_infinite_withcheck_stateful.cil.out.i line 1472 function get_fan_speed_index
Not unwinding 
Unwinding loop 6  iteration  1   file 43_1a_cilled_ok_nondet_linux-43_1a-drivers--hwmon--gpio-fan.ko-ldv_main0_sequence_infinite_withcheck_stateful.cil.out.i line 2152 function fan_ctrl_init
Unwinding loop 6  iteration  2   file 43_1a_cilled_ok_nondet_linux-43_1a-drivers--hwmon--gpio-fan.ko-ldv_main0_sequence_infinite_withcheck_stateful.cil.out.i line 2152 function fan_ctrl_init
Not unwinding 
Unwinding loop 7  iteration  1   file 43_1a_cilled_ok_nondet_linux-43_1a-drivers--hwmon--gpio-fan.ko-ldv_main0_sequence_infinite_withcheck_stateful.cil.out.i line 2204 function fan_ctrl_free
Unwinding loop 7  iteration  2   file 43_1a_cilled_ok_nondet_linux-43_1a-drivers--hwmon--gpio-fan.ko-ldv_main0_sequence_infinite_withcheck_stateful.cil.out.i line 2204 function fan_ctrl_free
Not unwinding 
Unwinding loop 1  iteration  1   file 43_1a_cilled_ok_nondet_linux-43_1a-drivers--hwmon--gpio-fan.ko-ldv_main0_sequence_infinite_withcheck_stateful.cil.out.i line 1327 function __set_fan_ctrl
Unwinding loop 1  iteration  2   file 43_1a_cilled_ok_nondet_linux-43_1a-drivers--hwmon--gpio-fan.ko-ldv_main0_sequence_infinite_withcheck_stateful.cil.out.i line 1327 function __set_fan_ctrl
Not unwinding 
Unwinding loop 1  iteration  1   file 43_1a_cilled_ok_nondet_linux-43_1a-drivers--hwmon--gpio-fan.ko-ldv_main0_sequence_infinite_withcheck_stateful.cil.out.i line 1327 function __set_fan_ctrl
Unwinding loop 1  iteration  2   file 43_1a_cilled_ok_nondet_linux-43_1a-drivers--hwmon--gpio-fan.ko-ldv_main0_sequence_infinite_withcheck_stateful.cil.out.i line 1327 function __set_fan_ctrl
Not unwinding 
Unwinding loop 8  iteration  2   file 43_1a_cilled_ok_nondet_linux-43_1a-drivers--hwmon--gpio-fan.ko-ldv_main0_sequence_infinite_withcheck_stateful.cil.out.i line 2684 function main
Unwinding loop 10  iteration  1   file string.c line 272 function __memset_impl
Unwinding loop 10  iteration  2   file string.c line 272 function __memset_impl
Not unwinding 
Unwinding loop 5  iteration  1   file 43_1a_cilled_ok_nondet_linux-43_1a-drivers--hwmon--gpio-fan.ko-ldv_main0_sequence_infinite_withcheck_stateful.cil.out.i line 2088 function fan_ctrl_init
Unwinding loop 5  iteration  2   file 43_1a_cilled_ok_nondet_linux-43_1a-drivers--hwmon--gpio-fan.ko-ldv_main0_sequence_infinite_withcheck_stateful.cil.out.i line 2088 function fan_ctrl_init
Not unwinding 
Unwinding loop 2  iteration  1   file 43_1a_cilled_ok_nondet_linux-43_1a-drivers--hwmon--gpio-fan.ko-ldv_main0_sequence_infinite_withcheck_stateful.cil.out.i line 1373 function __get_fan_ctrl
Unwinding loop 2  iteration  2   file 43_1a_cilled_ok_nondet_linux-43_1a-drivers--hwmon--gpio-fan.ko-ldv_main0_sequence_infinite_withcheck_stateful.cil.out.i line 1373 function __get_fan_ctrl
Not unwinding 
Unwinding loop 3  iteration  1   file 43_1a_cilled_ok_nondet_linux-43_1a-drivers--hwmon--gpio-fan.ko-ldv_main0_sequence_infinite_withcheck_stateful.cil.out.i line 1472 function get_fan_speed_index
Unwinding loop 3  iteration  2   file 43_1a_cilled_ok_nondet_linux-43_1a-drivers--hwmon--gpio-fan.ko-ldv_main0_sequence_infinite_withcheck_stateful.cil.out.i line 1472 function get_fan_speed_index
Not unwinding 
Unwinding loop 6  iteration  1   file 43_1a_cilled_ok_nondet_linux-43_1a-drivers--hwmon--gpio-fan.ko-ldv_main0_sequence_infinite_withcheck_stateful.cil.out.i line 2152 function fan_ctrl_init
Unwinding loop 6  iteration  2   file 43_1a_cilled_ok_nondet_linux-43_1a-drivers--hwmon--gpio-fan.ko-ldv_main0_sequence_infinite_withcheck_stateful.cil.out.i line 2152 function fan_ctrl_init
Not unwinding 
Unwinding loop 7  iteration  1   file 43_1a_cilled_ok_nondet_linux-43_1a-drivers--hwmon--gpio-fan.ko-ldv_main0_sequence_infinite_withcheck_stateful.cil.out.i line 2204 function fan_ctrl_free
Unwinding loop 7  iteration  2   file 43_1a_cilled_ok_nondet_linux-43_1a-drivers--hwmon--gpio-fan.ko-ldv_main0_sequence_infinite_withcheck_stateful.cil.out.i line 2204 function fan_ctrl_free
Not unwinding 
Unwinding loop 1  iteration  1   file 43_1a_cilled_ok_nondet_linux-43_1a-drivers--hwmon--gpio-fan.ko-ldv_main0_sequence_infinite_withcheck_stateful.cil.out.i line 1327 function __set_fan_ctrl
Unwinding loop 1  iteration  2   file 43_1a_cilled_ok_nondet_linux-43_1a-drivers--hwmon--gpio-fan.ko-ldv_main0_sequence_infinite_withcheck_stateful.cil.out.i line 1327 function __set_fan_ctrl
Not unwinding 
Unwinding loop 1  iteration  1   file 43_1a_cilled_ok_nondet_linux-43_1a-drivers--hwmon--gpio-fan.ko-ldv_main0_sequence_infinite_withcheck_stateful.cil.out.i line 1327 function __set_fan_ctrl
Unwinding loop 1  iteration  2   file 43_1a_cilled_ok_nondet_linux-43_1a-drivers--hwmon--gpio-fan.ko-ldv_main0_sequence_infinite_withcheck_stateful.cil.out.i line 1327 function __set_fan_ctrl
Not unwinding 
Not unwinding 
Not unwinding 
Symex completed in: 2.716s (10112 assignments)
Slicing time: 0.229s (removed 7115 assignments)
Generated 0 VCC(s), 0 remaining after simplification (2997 assignments)
BMC program time: 2.945s
No bug has been found in the base case
*** Checking forward condition, k = 3
Starting Bounded Model Checking
Unwinding loop 8  iteration  1   file 43_1a_cilled_ok_nondet_linux-43_1a-drivers--hwmon--gpio-fan.ko-ldv_main0_sequence_infinite_withcheck_stateful.cil.out.i line 2684 function main
Unwinding loop 10  iteration  1   file string.c line 272 function __memset_impl
Unwinding loop 10  iteration  2   file string.c line 272 function __memset_impl
Not unwinding 
Unwinding loop 5  iteration  1   file 43_1a_cilled_ok_nondet_linux-43_1a-drivers--hwmon--gpio-fan.ko-ldv_main0_sequence_infinite_withcheck_stateful.cil.out.i line 2088 function fan_ctrl_init
Unwinding loop 5  iteration  2   file 43_1a_cilled_ok_nondet_linux-43_1a-drivers--hwmon--gpio-fan.ko-ldv_main0_sequence_infinite_withcheck_stateful.cil.out.i line 2088 function fan_ctrl_init
Not unwinding 
Unwinding loop 2  iteration  1   file 43_1a_cilled_ok_nondet_linux-43_1a-drivers--hwmon--gpio-fan.ko-ldv_main0_sequence_infinite_withcheck_stateful.cil.out.i line 1373 function __get_fan_ctrl
Unwinding loop 2  iteration  2   file 43_1a_cilled_ok_nondet_linux-43_1a-drivers--hwmon--gpio-fan.ko-ldv_main0_sequence_infinite_withcheck_stateful.cil.out.i line 1373 function __get_fan_ctrl
Not unwinding 
Unwinding loop 3  iteration  1   file 43_1a_cilled_ok_nondet_linux-43_1a-drivers--hwmon--gpio-fan.ko-ldv_main0_sequence_infinite_withcheck_stateful.cil.out.i line 1472 function get_fan_speed_index
Unwinding loop 3  iteration  2   file 43_1a_cilled_ok_nondet_linux-43_1a-drivers--hwmon--gpio-fan.ko-ldv_main0_sequence_infinite_withcheck_stateful.cil.out.i line 1472 function get_fan_speed_index
Not unwinding 
Unwinding loop 6  iteration  1   file 43_1a_cilled_ok_nondet_linux-43_1a-drivers--hwmon--gpio-fan.ko-ldv_main0_sequence_infinite_withcheck_stateful.cil.out.i line 2152 function fan_ctrl_init
Unwinding loop 6  iteration  2   file 43_1a_cilled_ok_nondet_linux-43_1a-drivers--hwmon--gpio-fan.ko-ldv_main0_sequence_infinite_withcheck_stateful.cil.out.i line 2152 function fan_ctrl_init
Not unwinding 
Unwinding loop 7  iteration  1   file 43_1a_cilled_ok_nondet_linux-43_1a-drivers--hwmon--gpio-fan.ko-ldv_main0_sequence_infinite_withcheck_stateful.cil.out.i line 2204 function fan_ctrl_free
Unwinding loop 7  iteration  2   file 43_1a_cilled_ok_nondet_linux-43_1a-drivers--hwmon--gpio-fan.ko-ldv_main0_sequence_infinite_withcheck_stateful.cil.out.i line 2204 function fan_ctrl_free
Not unwinding 
Unwinding loop 8  iteration  2   file 43_1a_cilled_ok_nondet_linux-43_1a-drivers--hwmon--gpio-fan.ko-ldv_main0_sequence_infinite_withcheck_stateful.cil.out.i line 2684 function main
Unwinding loop 10  iteration  1   file string.c line 272 function __memset_impl
Unwinding loop 10  iteration  2   file string.c line 272 function __memset_impl
Not unwinding 
Unwinding loop 5  iteration  1   file 43_1a_cilled_ok_nondet_linux-43_1a-drivers--hwmon--gpio-fan.ko-ldv_main0_sequence_infinite_withcheck_stateful.cil.out.i line 2088 function fan_ctrl_init
Unwinding loop 5  iteration  2   file 43_1a_cilled_ok_nondet_linux-43_1a-drivers--hwmon--gpio-fan.ko-ldv_main0_sequence_infinite_withcheck_stateful.cil.out.i line 2088 function fan_ctrl_init
Not unwinding 
Unwinding loop 2  iteration  1   file 43_1a_cilled_ok_nondet_linux-43_1a-drivers--hwmon--gpio-fan.ko-ldv_main0_sequence_infinite_withcheck_stateful.cil.out.i line 1373 function __get_fan_ctrl
Unwinding loop 2  iteration  2   file 43_1a_cilled_ok_nondet_linux-43_1a-drivers--hwmon--gpio-fan.ko-ldv_main0_sequence_infinite_withcheck_stateful.cil.out.i line 1373 function __get_fan_ctrl
Not unwinding 
Unwinding loop 3  iteration  1   file 43_1a_cilled_ok_nondet_linux-43_1a-drivers--hwmon--gpio-fan.ko-ldv_main0_sequence_infinite_withcheck_stateful.cil.out.i line 1472 function get_fan_speed_index
Unwinding loop 3  iteration  2   file 43_1a_cilled_ok_nondet_linux-43_1a-drivers--hwmon--gpio-fan.ko-ldv_main0_sequence_infinite_withcheck_stateful.cil.out.i line 1472 function get_fan_speed_index
Not unwinding 
Unwinding loop 6  iteration  1   file 43_1a_cilled_ok_nondet_linux-43_1a-drivers--hwmon--gpio-fan.ko-ldv_main0_sequence_infinite_withcheck_stateful.cil.out.i line 2152 function fan_ctrl_init
Unwinding loop 6  iteration  2   file 43_1a_cilled_ok_nondet_linux-43_1a-drivers--hwmon--gpio-fan.ko-ldv_main0_sequence_infinite_withcheck_stateful.cil.out.i line 2152 function fan_ctrl_init
Not unwinding 
Unwinding loop 7  iteration  1   file 43_1a_cilled_ok_nondet_linux-43_1a-drivers--hwmon--gpio-fan.ko-ldv_main0_sequence_infinite_withcheck_stateful.cil.out.i line 2204 function fan_ctrl_free
Unwinding loop 7  iteration  2   file 43_1a_cilled_ok_nondet_linux-43_1a-drivers--hwmon--gpio-fan.ko-ldv_main0_sequence_infinite_withcheck_stateful.cil.out.i line 2204 function fan_ctrl_free
Not unwinding 
Unwinding loop 1  iteration  1   file 43_1a_cilled_ok_nondet_linux-43_1a-drivers--hwmon--gpio-fan.ko-ldv_main0_sequence_infinite_withcheck_stateful.cil.out.i line 1327 function __set_fan_ctrl
Unwinding loop 1  iteration  2   file 43_1a_cilled_ok_nondet_linux-43_1a-drivers--hwmon--gpio-fan.ko-ldv_main0_sequence_infinite_withcheck_stateful.cil.out.i line 1327 function __set_fan_ctrl
Not unwinding 
Unwinding loop 1  iteration  1   file 43_1a_cilled_ok_nondet_linux-43_1a-drivers--hwmon--gpio-fan.ko-ldv_main0_sequence_infinite_withcheck_stateful.cil.out.i line 1327 function __set_fan_ctrl
Unwinding loop 1  iteration  2   file 43_1a_cilled_ok_nondet_linux-43_1a-drivers--hwmon--gpio-fan.ko-ldv_main0_sequence_infinite_withcheck_stateful.cil.out.i line 1327 function __set_fan_ctrl
Not unwinding 
Not unwinding 
Unwinding loop 9  iteration  1   file 43_1a_cilled_ok_nondet_linux-43_1a-drivers--hwmon--gpio-fan.ko-ldv_main0_sequence_infinite_withcheck_stateful.cil.out.i line 2687 function main
Unwinding loop 10  iteration  1   file string.c line 272 function __memset_impl
Unwinding loop 10  iteration  2   file string.c line 272 function __memset_impl
Not unwinding 
Unwinding loop 5  iteration  1   file 43_1a_cilled_ok_nondet_linux-43_1a-drivers--hwmon--gpio-fan.ko-ldv_main0_sequence_infinite_withcheck_stateful.cil.out.i line 2088 function fan_ctrl_init
Unwinding loop 5  iteration  2   file 43_1a_cilled_ok_nondet_linux-43_1a-drivers--hwmon--gpio-fan.ko-ldv_main0_sequence_infinite_withcheck_stateful.cil.out.i line 2088 function fan_ctrl_init
Not unwinding 
Unwinding loop 2  iteration  1   file 43_1a_cilled_ok_nondet_linux-43_1a-drivers--hwmon--gpio-fan.ko-ldv_main0_sequence_infinite_withcheck_stateful.cil.out.i line 1373 function __get_fan_ctrl
Unwinding loop 2  iteration  2   file 43_1a_cilled_ok_nondet_linux-43_1a-drivers--hwmon--gpio-fan.ko-ldv_main0_sequence_infinite_withcheck_stateful.cil.out.i line 1373 function __get_fan_ctrl
Not unwinding 
Unwinding loop 3  iteration  1   file 43_1a_cilled_ok_nondet_linux-43_1a-drivers--hwmon--gpio-fan.ko-ldv_main0_sequence_infinite_withcheck_stateful.cil.out.i line 1472 function get_fan_speed_index
Unwinding loop 3  iteration  2   file 43_1a_cilled_ok_nondet_linux-43_1a-drivers--hwmon--gpio-fan.ko-ldv_main0_sequence_infinite_withcheck_stateful.cil.out.i line 1472 function get_fan_speed_index
Not unwinding 
Unwinding loop 6  iteration  1   file 43_1a_cilled_ok_nondet_linux-43_1a-drivers--hwmon--gpio-fan.ko-ldv_main0_sequence_infinite_withcheck_stateful.cil.out.i line 2152 function fan_ctrl_init
Unwinding loop 6  iteration  2   file 43_1a_cilled_ok_nondet_linux-43_1a-drivers--hwmon--gpio-fan.ko-ldv_main0_sequence_infinite_withcheck_stateful.cil.out.i line 2152 function fan_ctrl_init
Not unwinding 
Unwinding loop 7  iteration  1   file 43_1a_cilled_ok_nondet_linux-43_1a-drivers--hwmon--gpio-fan.ko-ldv_main0_sequence_infinite_withcheck_stateful.cil.out.i line 2204 function fan_ctrl_free
Unwinding loop 7  iteration  2   file 43_1a_cilled_ok_nondet_linux-43_1a-drivers--hwmon--gpio-fan.ko-ldv_main0_sequence_infinite_withcheck_stateful.cil.out.i line 2204 function fan_ctrl_free
Not unwinding 
Unwinding loop 1  iteration  1   file 43_1a_cilled_ok_nondet_linux-43_1a-drivers--hwmon--gpio-fan.ko-ldv_main0_sequence_infinite_withcheck_stateful.cil.out.i line 1327 function __set_fan_ctrl
Unwinding loop 1  iteration  2   file 43_1a_cilled_ok_nondet_linux-43_1a-drivers--hwmon--gpio-fan.ko-ldv_main0_sequence_infinite_withcheck_stateful.cil.out.i line 1327 function __set_fan_ctrl
Not unwinding 
Unwinding loop 1  iteration  1   file 43_1a_cilled_ok_nondet_linux-43_1a-drivers--hwmon--gpio-fan.ko-ldv_main0_sequence_infinite_withcheck_stateful.cil.out.i line 1327 function __set_fan_ctrl
Unwinding loop 1  iteration  2   file 43_1a_cilled_ok_nondet_linux-43_1a-drivers--hwmon--gpio-fan.ko-ldv_main0_sequence_infinite_withcheck_stateful.cil.out.i line 1327 function __set_fan_ctrl
Not unwinding 
Unwinding loop 8  iteration  1   file 43_1a_cilled_ok_nondet_linux-43_1a-drivers--hwmon--gpio-fan.ko-ldv_main0_sequence_infinite_withcheck_stateful.cil.out.i line 2684 function main
Unwinding loop 10  iteration  1   file string.c line 272 function __memset_impl
Unwinding loop 10  iteration  2   file string.c line 272 function __memset_impl
Not unwinding 
Unwinding loop 5  iteration  1   file 43_1a_cilled_ok_nondet_linux-43_1a-drivers--hwmon--gpio-fan.ko-ldv_main0_sequence_infinite_withcheck_stateful.cil.out.i line 2088 function fan_ctrl_init
Unwinding loop 5  iteration  2   file 43_1a_cilled_ok_nondet_linux-43_1a-drivers--hwmon--gpio-fan.ko-ldv_main0_sequence_infinite_withcheck_stateful.cil.out.i line 2088 function fan_ctrl_init
Not unwinding 
Unwinding loop 2  iteration  1   file 43_1a_cilled_ok_nondet_linux-43_1a-drivers--hwmon--gpio-fan.ko-ldv_main0_sequence_infinite_withcheck_stateful.cil.out.i line 1373 function __get_fan_ctrl
Unwinding loop 2  iteration  2   file 43_1a_cilled_ok_nondet_linux-43_1a-drivers--hwmon--gpio-fan.ko-ldv_main0_sequence_infinite_withcheck_stateful.cil.out.i line 1373 function __get_fan_ctrl
Not unwinding 
Unwinding loop 3  iteration  1   file 43_1a_cilled_ok_nondet_linux-43_1a-drivers--hwmon--gpio-fan.ko-ldv_main0_sequence_infinite_withcheck_stateful.cil.out.i line 1472 function get_fan_speed_index
Unwinding loop 3  iteration  2   file 43_1a_cilled_ok_nondet_linux-43_1a-drivers--hwmon--gpio-fan.ko-ldv_main0_sequence_infinite_withcheck_stateful.cil.out.i line 1472 function get_fan_speed_index
Not unwinding 
Unwinding loop 6  iteration  1   file 43_1a_cilled_ok_nondet_linux-43_1a-drivers--hwmon--gpio-fan.ko-ldv_main0_sequence_infinite_withcheck_stateful.cil.out.i line 2152 function fan_ctrl_init
Unwinding loop 6  iteration  2   file 43_1a_cilled_ok_nondet_linux-43_1a-drivers--hwmon--gpio-fan.ko-ldv_main0_sequence_infinite_withcheck_stateful.cil.out.i line 2152 function fan_ctrl_init
Not unwinding 
Unwinding loop 7  iteration  1   file 43_1a_cilled_ok_nondet_linux-43_1a-drivers--hwmon--gpio-fan.ko-ldv_main0_sequence_infinite_withcheck_stateful.cil.out.i line 2204 function fan_ctrl_free
Unwinding loop 7  iteration  2   file 43_1a_cilled_ok_nondet_linux-43_1a-drivers--hwmon--gpio-fan.ko-ldv_main0_sequence_infinite_withcheck_stateful.cil.out.i line 2204 function fan_ctrl_free
Not unwinding 
Unwinding loop 1  iteration  1   file 43_1a_cilled_ok_nondet_linux-43_1a-drivers--hwmon--gpio-fan.ko-ldv_main0_sequence_infinite_withcheck_stateful.cil.out.i line 1327 function __set_fan_ctrl
Unwinding loop 1  iteration  2   file 43_1a_cilled_ok_nondet_linux-43_1a-drivers--hwmon--gpio-fan.ko-ldv_main0_sequence_infinite_withcheck_stateful.cil.out.i line 1327 function __set_fan_ctrl
Not unwinding 
Unwinding loop 1  iteration  1   file 43_1a_cilled_ok_nondet_linux-43_1a-drivers--hwmon--gpio-fan.ko-ldv_main0_sequence_infinite_withcheck_stateful.cil.out.i line 1327 function __set_fan_ctrl
Unwinding loop 1  iteration  2   file 43_1a_cilled_ok_nondet_linux-43_1a-drivers--hwmon--gpio-fan.ko-ldv_main0_sequence_infinite_withcheck_stateful.cil.out.i line 1327 function __set_fan_ctrl
Not unwinding 
Unwinding loop 8  iteration  2   file 43_1a_cilled_ok_nondet_linux-43_1a-drivers--hwmon--gpio-fan.ko-ldv_main0_sequence_infinite_withcheck_stateful.cil.out.i line 2684 function main
Unwinding loop 10  iteration  1   file string.c line 272 function __memset_impl
Unwinding loop 10  iteration  2   file string.c line 272 function __memset_impl
Not unwinding 
Unwinding loop 5  iteration  1   file 43_1a_cilled_ok_nondet_linux-43_1a-drivers--hwmon--gpio-fan.ko-ldv_main0_sequence_infinite_withcheck_stateful.cil.out.i line 2088 function fan_ctrl_init
Unwinding loop 5  iteration  2   file 43_1a_cilled_ok_nondet_linux-43_1a-drivers--hwmon--gpio-fan.ko-ldv_main0_sequence_infinite_withcheck_stateful.cil.out.i line 2088 function fan_ctrl_init
Not unwinding 
Unwinding loop 2  iteration  1   file 43_1a_cilled_ok_nondet_linux-43_1a-drivers--hwmon--gpio-fan.ko-ldv_main0_sequence_infinite_withcheck_stateful.cil.out.i line 1373 function __get_fan_ctrl
Unwinding loop 2  iteration  2   file 43_1a_cilled_ok_nondet_linux-43_1a-drivers--hwmon--gpio-fan.ko-ldv_main0_sequence_infinite_withcheck_stateful.cil.out.i line 1373 function __get_fan_ctrl
Not unwinding 
Unwinding loop 3  iteration  1   file 43_1a_cilled_ok_nondet_linux-43_1a-drivers--hwmon--gpio-fan.ko-ldv_main0_sequence_infinite_withcheck_stateful.cil.out.i line 1472 function get_fan_speed_index
Unwinding loop 3  iteration  2   file 43_1a_cilled_ok_nondet_linux-43_1a-drivers--hwmon--gpio-fan.ko-ldv_main0_sequence_infinite_withcheck_stateful.cil.out.i line 1472 function get_fan_speed_index
Not unwinding 
Unwinding loop 6  iteration  1   file 43_1a_cilled_ok_nondet_linux-43_1a-drivers--hwmon--gpio-fan.ko-ldv_main0_sequence_infinite_withcheck_stateful.cil.out.i line 2152 function fan_ctrl_init
Unwinding loop 6  iteration  2   file 43_1a_cilled_ok_nondet_linux-43_1a-drivers--hwmon--gpio-fan.ko-ldv_main0_sequence_infinite_withcheck_stateful.cil.out.i line 2152 function fan_ctrl_init
Not unwinding 
Unwinding loop 7  iteration  1   file 43_1a_cilled_ok_nondet_linux-43_1a-drivers--hwmon--gpio-fan.ko-ldv_main0_sequence_infinite_withcheck_stateful.cil.out.i line 2204 function fan_ctrl_free
Unwinding loop 7  iteration  2   file 43_1a_cilled_ok_nondet_linux-43_1a-drivers--hwmon--gpio-fan.ko-ldv_main0_sequence_infinite_withcheck_stateful.cil.out.i line 2204 function fan_ctrl_free
Not unwinding 
Unwinding loop 1  iteration  1   file 43_1a_cilled_ok_nondet_linux-43_1a-drivers--hwmon--gpio-fan.ko-ldv_main0_sequence_infinite_withcheck_stateful.cil.out.i line 1327 function __set_fan_ctrl
Unwinding loop 1  iteration  2   file 43_1a_cilled_ok_nondet_linux-43_1a-drivers--hwmon--gpio-fan.ko-ldv_main0_sequence_infinite_withcheck_stateful.cil.out.i line 1327 function __set_fan_ctrl
Not unwinding 
Unwinding loop 1  iteration  1   file 43_1a_cilled_ok_nondet_linux-43_1a-drivers--hwmon--gpio-fan.ko-ldv_main0_sequence_infinite_withcheck_stateful.cil.out.i line 1327 function __set_fan_ctrl
Unwinding loop 1  iteration  2   file 43_1a_cilled_ok_nondet_linux-43_1a-drivers--hwmon--gpio-fan.ko-ldv_main0_sequence_infinite_withcheck_stateful.cil.out.i line 1327 function __set_fan_ctrl
Not unwinding 
Not unwinding 
Unwinding loop 9  iteration  2   file 43_1a_cilled_ok_nondet_linux-43_1a-drivers--hwmon--gpio-fan.ko-ldv_main0_sequence_infinite_withcheck_stateful.cil.out.i line 2687 function main
Unwinding loop 10  iteration  1   file string.c line 272 function __memset_impl
Unwinding loop 10  iteration  2   file string.c line 272 function __memset_impl
Not unwinding 
Unwinding loop 5  iteration  1   file 43_1a_cilled_ok_nondet_linux-43_1a-drivers--hwmon--gpio-fan.ko-ldv_main0_sequence_infinite_withcheck_stateful.cil.out.i line 2088 function fan_ctrl_init
Unwinding loop 5  iteration  2   file 43_1a_cilled_ok_nondet_linux-43_1a-drivers--hwmon--gpio-fan.ko-ldv_main0_sequence_infinite_withcheck_stateful.cil.out.i line 2088 function fan_ctrl_init
Not unwinding 
Unwinding loop 2  iteration  1   file 43_1a_cilled_ok_nondet_linux-43_1a-drivers--hwmon--gpio-fan.ko-ldv_main0_sequence_infinite_withcheck_stateful.cil.out.i line 1373 function __get_fan_ctrl
Unwinding loop 2  iteration  2   file 43_1a_cilled_ok_nondet_linux-43_1a-drivers--hwmon--gpio-fan.ko-ldv_main0_sequence_infinite_withcheck_stateful.cil.out.i line 1373 function __get_fan_ctrl
Not unwinding 
Unwinding loop 3  iteration  1   file 43_1a_cilled_ok_nondet_linux-43_1a-drivers--hwmon--gpio-fan.ko-ldv_main0_sequence_infinite_withcheck_stateful.cil.out.i line 1472 function get_fan_speed_index
Unwinding loop 3  iteration  2   file 43_1a_cilled_ok_nondet_linux-43_1a-drivers--hwmon--gpio-fan.ko-ldv_main0_sequence_infinite_withcheck_stateful.cil.out.i line 1472 function get_fan_speed_index
Not unwinding 
Unwinding loop 6  iteration  1   file 43_1a_cilled_ok_nondet_linux-43_1a-drivers--hwmon--gpio-fan.ko-ldv_main0_sequence_infinite_withcheck_stateful.cil.out.i line 2152 function fan_ctrl_init
Unwinding loop 6  iteration  2   file 43_1a_cilled_ok_nondet_linux-43_1a-drivers--hwmon--gpio-fan.ko-ldv_main0_sequence_infinite_withcheck_stateful.cil.out.i line 2152 function fan_ctrl_init
Not unwinding 
Unwinding loop 7  iteration  1   file 43_1a_cilled_ok_nondet_linux-43_1a-drivers--hwmon--gpio-fan.ko-ldv_main0_sequence_infinite_withcheck_stateful.cil.out.i line 2204 function fan_ctrl_free
Unwinding loop 7  iteration  2   file 43_1a_cilled_ok_nondet_linux-43_1a-drivers--hwmon--gpio-fan.ko-ldv_main0_sequence_infinite_withcheck_stateful.cil.out.i line 2204 function fan_ctrl_free
Not unwinding 
Unwinding loop 1  iteration  1   file 43_1a_cilled_ok_nondet_linux-43_1a-drivers--hwmon--gpio-fan.ko-ldv_main0_sequence_infinite_withcheck_stateful.cil.out.i line 1327 function __set_fan_ctrl
Unwinding loop 1  iteration  2   file 43_1a_cilled_ok_nondet_linux-43_1a-drivers--hwmon--gpio-fan.ko-ldv_main0_sequence_infinite_withcheck_stateful.cil.out.i line 1327 function __set_fan_ctrl
Not unwinding 
Unwinding loop 1  iteration  1   file 43_1a_cilled_ok_nondet_linux-43_1a-drivers--hwmon--gpio-fan.ko-ldv_main0_sequence_infinite_withcheck_stateful.cil.out.i line 1327 function __set_fan_ctrl
Unwinding loop 1  iteration  2   file 43_1a_cilled_ok_nondet_linux-43_1a-drivers--hwmon--gpio-fan.ko-ldv_main0_sequence_infinite_withcheck_stateful.cil.out.i line 1327 function __set_fan_ctrl
Not unwinding 
Unwinding loop 8  iteration  1   file 43_1a_cilled_ok_nondet_linux-43_1a-drivers--hwmon--gpio-fan.ko-ldv_main0_sequence_infinite_withcheck_stateful.cil.out.i line 2684 function main
Unwinding loop 10  iteration  1   file string.c line 272 function __memset_impl
Unwinding loop 10  iteration  2   file string.c line 272 function __memset_impl
Not unwinding 
Unwinding loop 5  iteration  1   file 43_1a_cilled_ok_nondet_linux-43_1a-drivers--hwmon--gpio-fan.ko-ldv_main0_sequence_infinite_withcheck_stateful.cil.out.i line 2088 function fan_ctrl_init
Unwinding loop 5  iteration  2   file 43_1a_cilled_ok_nondet_linux-43_1a-drivers--hwmon--gpio-fan.ko-ldv_main0_sequence_infinite_withcheck_stateful.cil.out.i line 2088 function fan_ctrl_init
Not unwinding 
Unwinding loop 2  iteration  1   file 43_1a_cilled_ok_nondet_linux-43_1a-drivers--hwmon--gpio-fan.ko-ldv_main0_sequence_infinite_withcheck_stateful.cil.out.i line 1373 function __get_fan_ctrl
Unwinding loop 2  iteration  2   file 43_1a_cilled_ok_nondet_linux-43_1a-drivers--hwmon--gpio-fan.ko-ldv_main0_sequence_infinite_withcheck_stateful.cil.out.i line 1373 function __get_fan_ctrl
Not unwinding 
Unwinding loop 3  iteration  1   file 43_1a_cilled_ok_nondet_linux-43_1a-drivers--hwmon--gpio-fan.ko-ldv_main0_sequence_infinite_withcheck_stateful.cil.out.i line 1472 function get_fan_speed_index
Unwinding loop 3  iteration  2   file 43_1a_cilled_ok_nondet_linux-43_1a-drivers--hwmon--gpio-fan.ko-ldv_main0_sequence_infinite_withcheck_stateful.cil.out.i line 1472 function get_fan_speed_index
Not unwinding 
Unwinding loop 6  iteration  1   file 43_1a_cilled_ok_nondet_linux-43_1a-drivers--hwmon--gpio-fan.ko-ldv_main0_sequence_infinite_withcheck_stateful.cil.out.i line 2152 function fan_ctrl_init
Unwinding loop 6  iteration  2   file 43_1a_cilled_ok_nondet_linux-43_1a-drivers--hwmon--gpio-fan.ko-ldv_main0_sequence_infinite_withcheck_stateful.cil.out.i line 2152 function fan_ctrl_init
Not unwinding 
Unwinding loop 7  iteration  1   file 43_1a_cilled_ok_nondet_linux-43_1a-drivers--hwmon--gpio-fan.ko-ldv_main0_sequence_infinite_withcheck_stateful.cil.out.i line 2204 function fan_ctrl_free
Unwinding loop 7  iteration  2   file 43_1a_cilled_ok_nondet_linux-43_1a-drivers--hwmon--gpio-fan.ko-ldv_main0_sequence_infinite_withcheck_stateful.cil.out.i line 2204 function fan_ctrl_free
Not unwinding 
Unwinding loop 1  iteration  1   file 43_1a_cilled_ok_nondet_linux-43_1a-drivers--hwmon--gpio-fan.ko-ldv_main0_sequence_infinite_withcheck_stateful.cil.out.i line 1327 function __set_fan_ctrl
Unwinding loop 1  iteration  2   file 43_1a_cilled_ok_nondet_linux-43_1a-drivers--hwmon--gpio-fan.ko-ldv_main0_sequence_infinite_withcheck_stateful.cil.out.i line 1327 function __set_fan_ctrl
Not unwinding 
Unwinding loop 1  iteration  1   file 43_1a_cilled_ok_nondet_linux-43_1a-drivers--hwmon--gpio-fan.ko-ldv_main0_sequence_infinite_withcheck_stateful.cil.out.i line 1327 function __set_fan_ctrl
Unwinding loop 1  iteration  2   file 43_1a_cilled_ok_nondet_linux-43_1a-drivers--hwmon--gpio-fan.ko-ldv_main0_sequence_infinite_withcheck_stateful.cil.out.i line 1327 function __set_fan_ctrl
Not unwinding 
Unwinding loop 8  iteration  2   file 43_1a_cilled_ok_nondet_linux-43_1a-drivers--hwmon--gpio-fan.ko-ldv_main0_sequence_infinite_withcheck_stateful.cil.out.i line 2684 function main
Unwinding loop 10  iteration  1   file string.c line 272 function __memset_impl
Unwinding loop 10  iteration  2   file string.c line 272 function __memset_impl
Not unwinding 
Unwinding loop 5  iteration  1   file 43_1a_cilled_ok_nondet_linux-43_1a-drivers--hwmon--gpio-fan.ko-ldv_main0_sequence_infinite_withcheck_stateful.cil.out.i line 2088 function fan_ctrl_init
Unwinding loop 5  iteration  2   file 43_1a_cilled_ok_nondet_linux-43_1a-drivers--hwmon--gpio-fan.ko-ldv_main0_sequence_infinite_withcheck_stateful.cil.out.i line 2088 function fan_ctrl_init
Not unwinding 
Unwinding loop 2  iteration  1   file 43_1a_cilled_ok_nondet_linux-43_1a-drivers--hwmon--gpio-fan.ko-ldv_main0_sequence_infinite_withcheck_stateful.cil.out.i line 1373 function __get_fan_ctrl
Unwinding loop 2  iteration  2   file 43_1a_cilled_ok_nondet_linux-43_1a-drivers--hwmon--gpio-fan.ko-ldv_main0_sequence_infinite_withcheck_stateful.cil.out.i line 1373 function __get_fan_ctrl
Not unwinding 
Unwinding loop 3  iteration  1   file 43_1a_cilled_ok_nondet_linux-43_1a-drivers--hwmon--gpio-fan.ko-ldv_main0_sequence_infinite_withcheck_stateful.cil.out.i line 1472 function get_fan_speed_index
Unwinding loop 3  iteration  2   file 43_1a_cilled_ok_nondet_linux-43_1a-drivers--hwmon--gpio-fan.ko-ldv_main0_sequence_infinite_withcheck_stateful.cil.out.i line 1472 function get_fan_speed_index
Not unwinding 
Unwinding loop 6  iteration  1   file 43_1a_cilled_ok_nondet_linux-43_1a-drivers--hwmon--gpio-fan.ko-ldv_main0_sequence_infinite_withcheck_stateful.cil.out.i line 2152 function fan_ctrl_ini
../sv-benchmarks/c/ldv-linux-3.4-simple/43_1a_cilled_ok_nondet_linux-43_1a-drivers--hwmon--gpio-fan.ko-ldv_main0_sequence_infinite_withcheck_stateful.cil.out.i:2596:1: warning: return type of 'main' is not 'int' [-Wmain-return-type]
void main(void)
^
../sv-benchmarks/c/ldv-linux-3.4-simple/43_1a_cilled_ok_nondet_linux-43_1a-drivers--hwmon--gpio-fan.ko-ldv_main0_sequence_infinite_withcheck_stateful.cil.out.i:2596:1: note: change return type to 'int'
void main(void)
^~~~
int

Unknown
