./esbmc-wrapper.py -p ../sv-benchmarks/c/properties/unreach-call.prp -s kinduction --arch 32 ../sv-benchmarks/c/bitvector/s3_clnt_2.BV.c.cil-1a.c


--------------------------------------------------------------------------------


Verifying with ESBMC
Command: ./esbmc --no-div-by-zero-check --force-malloc-success --state-hashing --no-align-check --k-step 2 --floatbv --unlimited-k-steps ../sv-benchmarks/c/bitvector/s3_clnt_2.BV.c.cil-1a.c --32 --witness-output s3_clnt_2.BV.c.cil-1a.c.graphml --no-pointer-check --no-bounds-check --interval-analysis --k-induction --max-inductive-step 3 
ESBMC version 6.8.0 64-bit x86_64 linux
Target: 32-bit little-endian x86_64-unknown-linux with esbmc libc
file ../sv-benchmarks/c/bitvector/s3_clnt_2.BV.c.cil-1a.c: Parsing
Converting
Generating GOTO Program
GOTO program creation time: 0.172s
GOTO program processing time: 0.078s
*** Checking base case, k = 1
Starting Bounded Model Checking
Not unwinding 
Symex completed in: 0.009s (145 assignments)
Slicing time: 0.000s (removed 120 assignments)
Generated 0 VCC(s), 0 remaining after simplification (25 assignments)
BMC program time: 0.009s
No bug has been found in the base case
*** Checking forward condition, k = 1
Starting Bounded Model Checking
Not unwinding 
Symex completed in: 0.009s (145 assignments)
Slicing time: 0.000s (removed 120 assignments)
Generated 1 VCC(s), 1 remaining after simplification (25 assignments)
No solver specified; defaulting to Boolector
Encoding remaining VCC(s) using bit-vector/floating-point arithmetic
Encoding to solver time: 0.001s
Solving with solver Boolector 3.2.1
Encoding to solver time: 0.001s
Runtime decision procedure: 0.006s
The forward condition is unable to prove the property
*** Checking base case, k = 3
Starting Bounded Model Checking
Unwinding loop 1  iteration  1   file s3_clnt_2.BV.c.cil-1a.c line 95 function ssl3_connect
Unwinding loop 1  iteration  2   file s3_clnt_2.BV.c.cil-1a.c line 95 function ssl3_connect
Not unwinding 
Symex completed in: 0.019s (232 assignments)
Slicing time: 0.000s (removed 195 assignments)
Generated 0 VCC(s), 0 remaining after simplification (37 assignments)
BMC program time: 0.019s
No bug has been found in the base case
*** Checking forward condition, k = 3
Starting Bounded Model Checking
Unwinding loop 1  iteration  1   file s3_clnt_2.BV.c.cil-1a.c line 95 function ssl3_connect
Unwinding loop 1  iteration  2   file s3_clnt_2.BV.c.cil-1a.c line 95 function ssl3_connect
Not unwinding 
Symex completed in: 0.018s (232 assignments)
Slicing time: 0.001s (removed 195 assignments)
Generated 1 VCC(s), 1 remaining after simplification (37 assignments)
No solver specified; defaulting to Boolector
Encoding remaining VCC(s) using bit-vector/floating-point arithmetic
Encoding to solver time: 0.001s
Solving with solver Boolector 3.2.1
Encoding to solver time: 0.001s
Runtime decision procedure: 0.009s
The forward condition is unable to prove the property
*** Checking inductive step, k = 3
Starting Bounded Model Checking
Unwinding loop 1  iteration  1   file s3_clnt_2.BV.c.cil-1a.c line 95 function ssl3_connect
Unwinding loop 1  iteration  2   file s3_clnt_2.BV.c.cil-1a.c line 95 function ssl3_connect
Not unwinding 
Symex completed in: 0.927s (5763 assignments)
Slicing time: 0.189s (removed 4232 assignments)
Generated 1 VCC(s), 1 remaining after simplification (1531 assignments)
No solver specified; defaulting to Boolector
Encoding remaining VCC(s) using bit-vector/floating-point arithmetic
Encoding to solver time: 0.037s
Solving with solver Boolector 3.2.1
Encoding to solver time: 0.037s
Runtime decision procedure: 0.624s
The inductive step is unable to prove the property
*** Checking base case, k = 5
Starting Bounded Model Checking
Unwinding loop 1  iteration  1   file s3_clnt_2.BV.c.cil-1a.c line 95 function ssl3_connect
Unwinding loop 1  iteration  2   file s3_clnt_2.BV.c.cil-1a.c line 95 function ssl3_connect
Unwinding loop 1  iteration  3   file s3_clnt_2.BV.c.cil-1a.c line 95 function ssl3_connect
Unwinding loop 1  iteration  4   file s3_clnt_2.BV.c.cil-1a.c line 95 function ssl3_connect
Not unwinding 
Symex completed in: 0.434s (3390 assignments)
Slicing time: 0.018s (removed 3068 assignments)
Generated 1 VCC(s), 1 remaining after simplification (322 assignments)
No solver specified; defaulting to Boolector
Encoding remaining VCC(s) using bit-vector/floating-point arithmetic
Encoding to solver time: 0.008s
Solving with solver Boolector 3.2.1
Encoding to solver time: 0.008s
Runtime decision procedure: 0.005s
BMC program time: 0.466s
No bug has been found in the base case
*** Checking forward condition, k = 5
Starting Bounded Model Checking
Unwinding loop 1  iteration  1   file s3_clnt_2.BV.c.cil-1a.c line 95 function ssl3_connect
Unwinding loop 1  iteration  2   file s3_clnt_2.BV.c.cil-1a.c line 95 function ssl3_connect
Unwinding loop 1  iteration  3   file s3_clnt_2.BV.c.cil-1a.c line 95 function ssl3_connect
Unwinding loop 1  iteration  4   file s3_clnt_2.BV.c.cil-1a.c line 95 function ssl3_connect
Not unwinding 
Symex completed in: 0.451s (3389 assignments)
Slicing time: 0.019s (removed 3068 assignments)
Generated 1 VCC(s), 1 remaining after simplification (321 assignments)
No solver specified; defaulting to Boolector
Encoding remaining VCC(s) using bit-vector/floating-point arithmetic
Encoding to solver time: 0.008s
Solving with solver Boolector 3.2.1
Encoding to solver time: 0.008s
Runtime decision procedure: 0.037s
The forward condition is unable to prove the property
*** Checking base case, k = 7
Starting Bounded Model Checking
Unwinding loop 1  iteration  1   file s3_clnt_2.BV.c.cil-1a.c line 95 function ssl3_connect
Unwinding loop 1  iteration  2   file s3_clnt_2.BV.c.cil-1a.c line 95 function ssl3_connect
Unwinding loop 1  iteration  3   file s3_clnt_2.BV.c.cil-1a.c line 95 function ssl3_connect
Unwinding loop 1  iteration  4   file s3_clnt_2.BV.c.cil-1a.c line 95 function ssl3_connect
Unwinding loop 1  iteration  5   file s3_clnt_2.BV.c.cil-1a.c line 95 function ssl3_connect
Unwinding loop 1  iteration  6   file s3_clnt_2.BV.c.cil-1a.c line 95 function ssl3_connect
Not unwinding 
Symex completed in: 0.918s (6958 assignments)
Slicing time: 0.058s (removed 6138 assignments)
Generated 1 VCC(s), 1 remaining after simplification (820 assignments)
No solver specified; defaulting to Boolector
Encoding remaining VCC(s) using bit-vector/floating-point arithmetic
Encoding to solver time: 0.021s
Solving with solver Boolector 3.2.1
Encoding to solver time: 0.021s
Runtime decision procedure: 0.052s
BMC program time: 1.049s
No bug has been found in the base case
*** Checking forward condition, k = 7
Starting Bounded Model Checking
Unwinding loop 1  iteration  1   file s3_clnt_2.BV.c.cil-1a.c line 95 function ssl3_connect
Unwinding loop 1  iteration  2   file s3_clnt_2.BV.c.cil-1a.c line 95 function ssl3_connect
Unwinding loop 1  iteration  3   file s3_clnt_2.BV.c.cil-1a.c line 95 function ssl3_connect
Unwinding loop 1  iteration  4   file s3_clnt_2.BV.c.cil-1a.c line 95 function ssl3_connect
Unwinding loop 1  iteration  5   file s3_clnt_2.BV.c.cil-1a.c line 95 function ssl3_connect
Unwinding loop 1  iteration  6   file s3_clnt_2.BV.c.cil-1a.c line 95 function ssl3_connect
Not unwinding 
Symex completed in: 0.928s (6957 assignments)
Slicing time: 0.057s (removed 6138 assignments)
Generated 1 VCC(s), 1 remaining after simplification (819 assignments)
No solver specified; defaulting to Boolector
Encoding remaining VCC(s) using bit-vector/floating-point arithmetic
Encoding to solver time: 0.020s
Solving with solver Boolector 3.2.1
Encoding to solver time: 0.020s
Runtime decision procedure: 0.092s
The forward condition is unable to prove the property
*** Checking base case, k = 9
Starting Bounded Model Checking
Unwinding loop 1  iteration  1   file s3_clnt_2.BV.c.cil-1a.c line 95 function ssl3_connect
Unwinding loop 1  iteration  2   file s3_clnt_2.BV.c.cil-1a.c line 95 function ssl3_connect
Unwinding loop 1  iteration  3   file s3_clnt_2.BV.c.cil-1a.c line 95 function ssl3_connect
Unwinding loop 1  iteration  4   file s3_clnt_2.BV.c.cil-1a.c line 95 function ssl3_connect
Unwinding loop 1  iteration  5   file s3_clnt_2.BV.c.cil-1a.c line 95 function ssl3_connect
Unwinding loop 1  iteration  6   file s3_clnt_2.BV.c.cil-1a.c line 95 function ssl3_connect
Unwinding loop 1  iteration  7   file s3_clnt_2.BV.c.cil-1a.c line 95 function ssl3_connect
Unwinding loop 1  iteration  8   file s3_clnt_2.BV.c.cil-1a.c line 95 function ssl3_connect
Not unwinding 
Symex completed in: 1.408s (10526 assignments)
Slicing time: 0.109s (removed 9174 assignments)
Generated 1 VCC(s), 1 remaining after simplification (1352 assignments)
No solver specified; defaulting to Boolector
Encoding remaining VCC(s) using bit-vector/floating-point arithmetic
Encoding to solver time: 0.035s
Solving with solver Boolector 3.2.1
Encoding to solver time: 0.035s
Runtime decision procedure: 0.114s
BMC program time: 1.667s
No bug has been found in the base case
*** Checking forward condition, k = 9
Starting Bounded Model Checking
Unwinding loop 1  iteration  1   file s3_clnt_2.BV.c.cil-1a.c line 95 function ssl3_connect
Unwinding loop 1  iteration  2   file s3_clnt_2.BV.c.cil-1a.c line 95 function ssl3_connect
Unwinding loop 1  iteration  3   file s3_clnt_2.BV.c.cil-1a.c line 95 function ssl3_connect
Unwinding loop 1  iteration  4   file s3_clnt_2.BV.c.cil-1a.c line 95 function ssl3_connect
Unwinding loop 1  iteration  5   file s3_clnt_2.BV.c.cil-1a.c line 95 function ssl3_connect
Unwinding loop 1  iteration  6   file s3_clnt_2.BV.c.cil-1a.c line 95 function ssl3_connect
Unwinding loop 1  iteration  7   file s3_clnt_2.BV.c.cil-1a.c line 95 function ssl3_connect
Unwinding loop 1  iteration  8   file s3_clnt_2.BV.c.cil-1a.c line 95 function ssl3_connect
Not unwinding 
Symex completed in: 1.394s (10525 assignments)
Slicing time: 0.111s (removed 9174 assignments)
Generated 1 VCC(s), 1 remaining after simplification (1351 assignments)
No solver specified; defaulting to Boolector
Encoding remaining VCC(s) using bit-vector/floating-point arithmetic
Encoding to solver time: 0.032s
Solving with solver Boolector 3.2.1
Encoding to solver time: 0.032s
Runtime decision procedure: 0.164s
The forward condition is unable to prove the property
*** Checking base case, k = 11
Starting Bounded Model Checking
Unwinding loop 1  iteration  1   file s3_clnt_2.BV.c.cil-1a.c line 95 function ssl3_connect
Unwinding loop 1  iteration  2   file s3_clnt_2.BV.c.cil-1a.c line 95 function ssl3_connect
Unwinding loop 1  iteration  3   file s3_clnt_2.BV.c.cil-1a.c line 95 function ssl3_connect
Unwinding loop 1  iteration  4   file s3_clnt_2.BV.c.cil-1a.c line 95 function ssl3_connect
Unwinding loop 1  iteration  5   file s3_clnt_2.BV.c.cil-1a.c line 95 function ssl3_connect
Unwinding loop 1  iteration  6   file s3_clnt_2.BV.c.cil-1a.c line 95 function ssl3_connect
Unwinding loop 1  iteration  7   file s3_clnt_2.BV.c.cil-1a.c line 95 function ssl3_connect
Unwinding loop 1  iteration  8   file s3_clnt_2.BV.c.cil-1a.c line 95 function ssl3_connect
Unwinding loop 1  iteration  9   file s3_clnt_2.BV.c.cil-1a.c line 95 function ssl3_connect
Unwinding loop 1  iteration  10   file s3_clnt_2.BV.c.cil-1a.c line 95 function ssl3_connect
Not unwinding 
Symex completed in: 1.890s (14094 assignments)
Slicing time: 0.187s (removed 12210 assignments)
Generated 1 VCC(s), 1 remaining after simplification (1884 assignments)
No solver specified; defaulting to Boolector
Encoding remaining VCC(s) using bit-vector/floating-point arithmetic
Encoding to solver time: 0.048s
Solving with solver Boolector 3.2.1
Encoding to solver time: 0.048s
Runtime decision procedure: 0.182s
BMC program time: 2.308s
No bug has been found in the base case
*** Checking forward condition, k = 11
Starting Bounded Model Checking
Unwinding loop 1  iteration  1   file s3_clnt_2.BV.c.cil-1a.c line 95 function ssl3_connect
Unwinding loop 1  iteration  2   file s3_clnt_2.BV.c.cil-1a.c line 95 function ssl3_connect
Unwinding loop 1  iteration  3   file s3_clnt_2.BV.c.cil-1a.c line 95 function ssl3_connect
Unwinding loop 1  iteration  4   file s3_clnt_2.BV.c.cil-1a.c line 95 function ssl3_connect
Unwinding loop 1  iteration  5   file s3_clnt_2.BV.c.cil-1a.c line 95 function ssl3_connect
Unwinding loop 1  iteration  6   file s3_clnt_2.BV.c.cil-1a.c line 95 function ssl3_connect
Unwinding loop 1  iteration  7   file s3_clnt_2.BV.c.cil-1a.c line 95 function ssl3_connect
Unwinding loop 1  iteration  8   file s3_clnt_2.BV.c.cil-1a.c line 95 function ssl3_connect
Unwinding loop 1  iteration  9   file s3_clnt_2.BV.c.cil-1a.c line 95 function ssl3_connect
Unwinding loop 1  iteration  10   file s3_clnt_2.BV.c.cil-1a.c line 95 function ssl3_connect
Not unwinding 
Symex completed in: 1.892s (14093 assignments)
Slicing time: 0.187s (removed 12210 assignments)
Generated 1 VCC(s), 1 remaining after simplification (1883 assignments)
No solver specified; defaulting to Boolector
Encoding remaining VCC(s) using bit-vector/floating-point arithmetic
Encoding to solver time: 0.045s
Solving with solver Boolector 3.2.1
Encoding to solver time: 0.045s
Runtime decision procedure: 0.257s
The forward condition is unable to prove the property
*** Checking base case, k = 13
Starting Bounded Model Checking
Unwinding loop 1  iteration  1   file s3_clnt_2.BV.c.cil-1a.c line 95 function ssl3_connect
Unwinding loop 1  iteration  2   file s3_clnt_2.BV.c.cil-1a.c line 95 function ssl3_connect
Unwinding loop 1  iteration  3   file s3_clnt_2.BV.c.cil-1a.c line 95 function ssl3_connect
Unwinding loop 1  iteration  4   file s3_clnt_2.BV.c.cil-1a.c line 95 function ssl3_connect
Unwinding loop 1  iteration  5   file s3_clnt_2.BV.c.cil-1a.c line 95 function ssl3_connect
Unwinding loop 1  iteration  6   file s3_clnt_2.BV.c.cil-1a.c line 95 function ssl3_connect
Unwinding loop 1  iteration  7   file s3_clnt_2.BV.c.cil-1a.c line 95 function ssl3_connect
Unwinding loop 1  iteration  8   file s3_clnt_2.BV.c.cil-1a.c line 95 function ssl3_connect
Unwinding loop 1  iteration  9   file s3_clnt_2.BV.c.cil-1a.c line 95 function ssl3_connect
Unwinding loop 1  iteration  10   file s3_clnt_2.BV.c.cil-1a.c line 95 function ssl3_connect
Unwinding loop 1  iteration  11   file s3_clnt_2.BV.c.cil-1a.c line 95 function ssl3_connect
Unwinding loop 1  iteration  12   file s3_clnt_2.BV.c.cil-1a.c line 95 function ssl3_connect
Not unwinding 
Symex completed in: 2.316s (17662 assignments)
Slicing time: 0.275s (removed 15246 assignments)
Generated 1 VCC(s), 1 remaining after simplification (2416 assignments)
No solver specified; defaulting to Boolector
Encoding remaining VCC(s) using bit-vector/floating-point arithmetic
Encoding to solver time: 0.062s
Solving with solver Boolector 3.2.1
Encoding to solver time: 0.062s
Runtime decision procedure: 0.281s
BMC program time: 2.935s
No bug has been found in the base case
*** Checking forward condition, k = 13
Starting Bounded Model Checking
Unwinding loop 1  iteration  1   file s3_clnt_2.BV.c.cil-1a.c line 95 function ssl3_connect
Unwinding loop 1  iteration  2   file s3_clnt_2.BV.c.cil-1a.c line 95 function ssl3_connect
Unwinding loop 1  iteration  3   file s3_clnt_2.BV.c.cil-1a.c line 95 function ssl3_connect
Unwinding loop 1  iteration  4   file s3_clnt_2.BV.c.cil-1a.c line 95 function ssl3_connect
Unwinding loop 1  iteration  5   file s3_clnt_2.BV.c.cil-1a.c line 95 function ssl3_connect
Unwinding loop 1  iteration  6   file s3_clnt_2.BV.c.cil-1a.c line 95 function ssl3_connect
Unwinding loop 1  iteration  7   file s3_clnt_2.BV.c.cil-1a.c line 95 function ssl3_connect
Unwinding loop 1  iteration  8   file s3_clnt_2.BV.c.cil-1a.c line 95 function ssl3_connect
Unwinding loop 1  iteration  9   file s3_clnt_2.BV.c.cil-1a.c line 95 function ssl3_connect
Unwinding loop 1  iteration  10   file s3_clnt_2.BV.c.cil-1a.c line 95 function ssl3_connect
Unwinding loop 1  iteration  11   file s3_clnt_2.BV.c.cil-1a.c line 95 function ssl3_connect
Unwinding loop 1  iteration  12   file s3_clnt_2.BV.c.cil-1a.c line 95 function ssl3_connect
Not unwinding 
Symex completed in: 2.377s (17661 assignments)
Slicing time: 0.267s (removed 15246 assignments)
Generated 1 VCC(s), 1 remaining after simplification (2415 assignments)
No solver specified; defaulting to Boolector
Encoding remaining VCC(s) using bit-vector/floating-point arithmetic
Encoding to solver time: 0.064s
Solving with solver Boolector 3.2.1
Encoding to solver time: 0.064s
Runtime decision procedure: 0.353s
The forward condition is unable to prove the property
*** Checking base case, k = 15
Starting Bounded Model Checking
Unwinding loop 1  iteration  1   file s3_clnt_2.BV.c.cil-1a.c line 95 function ssl3_connect
Unwinding loop 1  iteration  2   file s3_clnt_2.BV.c.cil-1a.c line 95 function ssl3_connect
Unwinding loop 1  iteration  3   file s3_clnt_2.BV.c.cil-1a.c line 95 function ssl3_connect
Unwinding loop 1  iteration  4   file s3_clnt_2.BV.c.cil-1a.c line 95 function ssl3_connect
Unwinding loop 1  iteration  5   file s3_clnt_2.BV.c.cil-1a.c line 95 function ssl3_connect
Unwinding loop 1  iteration  6   file s3_clnt_2.BV.c.cil-1a.c line 95 function ssl3_connect
Unwinding loop 1  iteration  7   file s3_clnt_2.BV.c.cil-1a.c line 95 function ssl3_connect
Unwinding loop 1  iteration  8   file s3_clnt_2.BV.c.cil-1a.c line 95 function ssl3_connect
Unwinding loop 1  iteration  9   file s3_clnt_2.BV.c.cil-1a.c line 95 function ssl3_connect
Unwinding loop 1  iteration  10   file s3_clnt_2.BV.c.cil-1a.c line 95 function ssl3_connect
Unwinding loop 1  iteration  11   file s3_clnt_2.BV.c.cil-1a.c line 95 function ssl3_connect
Unwinding loop 1  iteration  12   file s3_clnt_2.BV.c.cil-1a.c line 95 function ssl3_connect
Unwinding loop 1  iteration  13   file s3_clnt_2.BV.c.cil-1a.c line 95 function ssl3_connect
Unwinding loop 1  iteration  14   file s3_clnt_2.BV.c.cil-1a.c line 95 function ssl3_connect
Not unwinding 
Symex completed in: 2.812s (21230 assignments)
Slicing time: 0.380s (removed 18282 assignments)
Generated 1 VCC(s), 1 remaining after simplification (2948 assignments)
No solver specified; defaulting to Boolector
Encoding remaining VCC(s) using bit-vector/floating-point arithmetic
Encoding to solver time: 0.074s
Solving with solver Boolector 3.2.1
Encoding to solver time: 0.074s
Runtime decision procedure: 0.461s
BMC program time: 3.728s
No bug has been found in the base case
*** Checking forward condition, k = 15
Starting Bounded Model Checking
Unwinding loop 1  iteration  1   file s3_clnt_2.BV.c.cil-1a.c line 95 function ssl3_connect
Unwinding loop 1  iteration  2   file s3_clnt_2.BV.c.cil-1a.c line 95 function ssl3_connect
Unwinding loop 1  iteration  3   file s3_clnt_2.BV.c.cil-1a.c line 95 function ssl3_connect
Unwinding loop 1  iteration  4   file s3_clnt_2.BV.c.cil-1a.c line 95 function ssl3_connect
Unwinding loop 1  iteration  5   file s3_clnt_2.BV.c.cil-1a.c line 95 function ssl3_connect
Unwinding loop 1  iteration  6   file s3_clnt_2.BV.c.cil-1a.c line 95 function ssl3_connect
Unwinding loop 1  iteration  7   file s3_clnt_2.BV.c.cil-1a.c line 95 function ssl3_connect
Unwinding loop 1  iteration  8   file s3_clnt_2.BV.c.cil-1a.c line 95 function ssl3_connect
Unwinding loop 1  iteration  9   file s3_clnt_2.BV.c.cil-1a.c line 95 function ssl3_connect
Unwinding loop 1  iteration  10   file s3_clnt_2.BV.c.cil-1a.c line 95 function ssl3_connect
Unwinding loop 1  iteration  11   file s3_clnt_2.BV.c.cil-1a.c line 95 function ssl3_connect
Unwinding loop 1  iteration  12   file s3_clnt_2.BV.c.cil-1a.c line 95 function ssl3_connect
Unwinding loop 1  iteration  13   file s3_clnt_2.BV.c.cil-1a.c line 95 function ssl3_connect
Unwinding loop 1  iteration  14   file s3_clnt_2.BV.c.cil-1a.c line 95 function ssl3_connect
Not unwinding 
Symex completed in: 2.835s (21229 assignments)
Slicing time: 0.379s (removed 18282 assignments)
Generated 1 VCC(s), 1 remaining after simplification (2947 assignments)
No solver specified; defaulting to Boolector
Encoding remaining VCC(s) using bit-vector/floating-point arithmetic
Encoding to solver time: 0.075s
Solving with solver Boolector 3.2.1
Encoding to solver time: 0.075s
Runtime decision procedure: 0.453s
BMC program time: 3.744s
Building successful trace

VERIFICATION SUCCESSFUL

Solution found by the forward condition; all states are reachable (k = 15


TRUE
