./esbmc-wrapper.py -p ../sv-benchmarks/c/properties/unreach-call.prp -s kinduction --arch 64 ../sv-benchmarks/c/ldv-linux-3.4-simple/32_1_cilled_ok_nondet_linux-3.4-32_1-drivers--staging--comedi--drivers--adl_pci8164.ko-ldv_main0_sequence_infinite_withcheck_stateful.cil.out.i


--------------------------------------------------------------------------------


Verifying with ESBMC
Command: ./esbmc --no-div-by-zero-check --force-malloc-success --state-hashing --no-align-check --k-step 2 --floatbv --unlimited-k-steps ../sv-benchmarks/c/ldv-linux-3.4-simple/32_1_cilled_ok_nondet_linux-3.4-32_1-drivers--staging--comedi--drivers--adl_pci8164.ko-ldv_main0_sequence_infinite_withcheck_stateful.cil.out.i --64 --witness-output 32_1_cilled_ok_nondet_linux-3.4-32_1-drivers--staging--comedi--drivers--adl_pci8164.ko-ldv_main0_sequence_infinite_withcheck_stateful.cil.out.i.graphml --no-pointer-check --no-bounds-check --interval-analysis --k-induction --max-inductive-step 3 
ESBMC version 6.8.0 64-bit x86_64 linux
Target: 64-bit little-endian x86_64-unknown-linux with esbmc libc
file ../sv-benchmarks/c/ldv-linux-3.4-simple/32_1_cilled_ok_nondet_linux-3.4-32_1-drivers--staging--comedi--drivers--adl_pci8164.ko-ldv_main0_sequence_infinite_withcheck_stateful.cil.out.i: Parsing
Converting
Generating GOTO Program
GOTO program creation time: 0.335s
GOTO program processing time: 0.018s
*** Checking base case, k = 1
Starting Bounded Model Checking
Not unwinding 
Not unwinding 
Symex completed in: 0.025s (277 assignments)
Slicing time: 0.001s (removed 242 assignments)
Generated 0 VCC(s), 0 remaining after simplification (35 assignments)
BMC program time: 0.026s
No bug has been found in the base case
*** Checking forward condition, k = 1
Starting Bounded Model Checking
Not unwinding 
Not unwinding 
Symex completed in: 0.026s (277 assignments)
Slicing time: 0.001s (removed 242 assignments)
Generated 2 VCC(s), 2 remaining after simplification (35 assignments)
No solver specified; defaulting to Boolector
Encoding remaining VCC(s) using bit-vector/floating-point arithmetic
Encoding to solver time: 0.002s
Solving with solver Boolector 3.2.1
Encoding to solver time: 0.002s
Runtime decision procedure: 0.140s
The forward condition is unable to prove the property
*** Checking base case, k = 3
Starting Bounded Model Checking
Unwinding loop 1  iteration  1   file 32_1_cilled_ok_nondet_linux-3.4-32_1-drivers--staging--comedi--drivers--adl_pci8164.ko-ldv_main0_sequence_infinite_withcheck_stateful.cil.out.i line 1576 function alloc_subdevices
Unwinding loop 1  iteration  2   file 32_1_cilled_ok_nondet_linux-3.4-32_1-drivers--staging--comedi--drivers--adl_pci8164.ko-ldv_main0_sequence_infinite_withcheck_stateful.cil.out.i line 1576 function alloc_subdevices
Not unwinding 
Unwinding loop 5  iteration  1   file 32_1_cilled_ok_nondet_linux-3.4-32_1-drivers--staging--comedi--drivers--adl_pci8164.ko-ldv_main0_sequence_infinite_withcheck_stateful.cil.out.i line 2649 function main
Unwinding loop 1  iteration  1   file 32_1_cilled_ok_nondet_linux-3.4-32_1-drivers--staging--comedi--drivers--adl_pci8164.ko-ldv_main0_sequence_infinite_withcheck_stateful.cil.out.i line 1576 function alloc_subdevices
Unwinding loop 1  iteration  2   file 32_1_cilled_ok_nondet_linux-3.4-32_1-drivers--staging--comedi--drivers--adl_pci8164.ko-ldv_main0_sequence_infinite_withcheck_stateful.cil.out.i line 1576 function alloc_subdevices
Not unwinding 
Unwinding loop 5  iteration  2   file 32_1_cilled_ok_nondet_linux-3.4-32_1-drivers--staging--comedi--drivers--adl_pci8164.ko-ldv_main0_sequence_infinite_withcheck_stateful.cil.out.i line 2649 function main
Unwinding loop 1  iteration  1   file 32_1_cilled_ok_nondet_linux-3.4-32_1-drivers--staging--comedi--drivers--adl_pci8164.ko-ldv_main0_sequence_infinite_withcheck_stateful.cil.out.i line 1576 function alloc_subdevices
Unwinding loop 1  iteration  2   file 32_1_cilled_ok_nondet_linux-3.4-32_1-drivers--staging--comedi--drivers--adl_pci8164.ko-ldv_main0_sequence_infinite_withcheck_stateful.cil.out.i line 1576 function alloc_subdevices
Not unwinding 
Not unwinding 
Symex completed in: 0.086s (971 assignments)
Slicing time: 0.002s (removed 888 assignments)
Generated 0 VCC(s), 0 remaining after simplification (83 assignments)
BMC program time: 0.088s
No bug has been found in the base case
*** Checking forward condition, k = 3
Starting Bounded Model Checking
Unwinding loop 1  iteration  1   file 32_1_cilled_ok_nondet_linux-3.4-32_1-drivers--staging--comedi--drivers--adl_pci8164.ko-ldv_main0_sequence_infinite_withcheck_stateful.cil.out.i line 1576 function alloc_subdevices
Unwinding loop 1  iteration  2   file 32_1_cilled_ok_nondet_linux-3.4-32_1-drivers--staging--comedi--drivers--adl_pci8164.ko-ldv_main0_sequence_infinite_withcheck_stateful.cil.out.i line 1576 function alloc_subdevices
Not unwinding 
Unwinding loop 5  iteration  1   file 32_1_cilled_ok_nondet_linux-3.4-32_1-drivers--staging--comedi--drivers--adl_pci8164.ko-ldv_main0_sequence_infinite_withcheck_stateful.cil.out.i line 2649 function main
Unwinding loop 1  iteration  1   file 32_1_cilled_ok_nondet_linux-3.4-32_1-drivers--staging--comedi--drivers--adl_pci8164.ko-ldv_main0_sequence_infinite_withcheck_stateful.cil.out.i line 1576 function alloc_subdevices
Unwinding loop 1  iteration  2   file 32_1_cilled_ok_nondet_linux-3.4-32_1-drivers--staging--comedi--drivers--adl_pci8164.ko-ldv_main0_sequence_infinite_withcheck_stateful.cil.out.i line 1576 function alloc_subdevices
Not unwinding 
Unwinding loop 5  iteration  2   file 32_1_cilled_ok_nondet_linux-3.4-32_1-drivers--staging--comedi--drivers--adl_pci8164.ko-ldv_main0_sequence_infinite_withcheck_stateful.cil.out.i line 2649 function main
Unwinding loop 1  iteration  1   file 32_1_cilled_ok_nondet_linux-3.4-32_1-drivers--staging--comedi--drivers--adl_pci8164.ko-ldv_main0_sequence_infinite_withcheck_stateful.cil.out.i line 1576 function alloc_subdevices
Unwinding loop 1  iteration  2   file 32_1_cilled_ok_nondet_linux-3.4-32_1-drivers--staging--comedi--drivers--adl_pci8164.ko-ldv_main0_sequence_infinite_withcheck_stateful.cil.out.i line 1576 function alloc_subdevices
Not unwinding 
Not unwinding 
Symex completed in: 0.091s (971 assignments)
Slicing time: 0.002s (removed 888 assignments)
Generated 4 VCC(s), 4 remaining after simplification (83 assignments)
No solver specified; defaulting to Boolector
Encoding remaining VCC(s) using bit-vector/floating-point arithmetic
Encoding to solver time: 0.009s
Solving with solver Boolector 3.2.1
Encoding to solver time: 0.009s
Runtime decision procedure: 0.894s
The forward condition is unable to prove the property
*** Checking inductive step, k = 3
Starting Bounded Model Checking
Unwinding loop 1  iteration  1   file 32_1_cilled_ok_nondet_linux-3.4-32_1-drivers--staging--comedi--drivers--adl_pci8164.ko-ldv_main0_sequence_infinite_withcheck_stateful.cil.out.i line 1576 function alloc_subdevices
Unwinding loop 1  iteration  2   file 32_1_cilled_ok_nondet_linux-3.4-32_1-drivers--staging--comedi--drivers--adl_pci8164.ko-ldv_main0_sequence_infinite_withcheck_stateful.cil.out.i line 1576 function alloc_subdevices
Not unwinding 
Unwinding loop 2  iteration  1   file 32_1_cilled_ok_nondet_linux-3.4-32_1-drivers--staging--comedi--drivers--adl_pci8164.ko-ldv_main0_sequence_infinite_withcheck_stateful.cil.out.i line 1966 function adl_pci8164_attach
Unwinding loop 2  iteration  2   file 32_1_cilled_ok_nondet_linux-3.4-32_1-drivers--staging--comedi--drivers--adl_pci8164.ko-ldv_main0_sequence_infinite_withcheck_stateful.cil.out.i line 1966 function adl_pci8164_attach
Not unwinding 
Unwinding loop 3  iteration  1   file 32_1_cilled_ok_nondet_linux-3.4-32_1-drivers--staging--comedi--drivers--adl_pci8164.ko-ldv_main0_sequence_infinite_withcheck_stateful.cil.out.i line 1976 function adl_pci8164_attach
Unwinding loop 2  iteration  1   file 32_1_cilled_ok_nondet_linux-3.4-32_1-drivers--staging--comedi--drivers--adl_pci8164.ko-ldv_main0_sequence_infinite_withcheck_stateful.cil.out.i line 1966 function adl_pci8164_attach
Unwinding loop 2  iteration  2   file 32_1_cilled_ok_nondet_linux-3.4-32_1-drivers--staging--comedi--drivers--adl_pci8164.ko-ldv_main0_sequence_infinite_withcheck_stateful.cil.out.i line 1966 function adl_pci8164_attach
Not unwinding 
Unwinding loop 3  iteration  2   file 32_1_cilled_ok_nondet_linux-3.4-32_1-drivers--staging--comedi--drivers--adl_pci8164.ko-ldv_main0_sequence_infinite_withcheck_stateful.cil.out.i line 1976 function adl_pci8164_attach
Unwinding loop 2  iteration  1   file 32_1_cilled_ok_nondet_linux-3.4-32_1-drivers--staging--comedi--drivers--adl_pci8164.ko-ldv_main0_sequence_infinite_withcheck_stateful.cil.out.i line 1966 function adl_pci8164_attach
Unwinding loop 2  iteration  2   file 32_1_cilled_ok_nondet_linux-3.4-32_1-drivers--staging--comedi--drivers--adl_pci8164.ko-ldv_main0_sequence_infinite_withcheck_stateful.cil.out.i line 1966 function adl_pci8164_attach
Not unwinding 
Not unwinding 
Unwinding loop 4  iteration  1   file 32_1_cilled_ok_nondet_linux-3.4-32_1-drivers--staging--comedi--drivers--adl_pci8164.ko-ldv_main0_sequence_infinite_withcheck_stateful.cil.out.i line 1922 function adl_pci8164_attach
Unwinding loop 2  iteration  1   file 32_1_cilled_ok_nondet_linux-3.4-32_1-drivers--staging--comedi--drivers--adl_pci8164.ko-ldv_main0_sequence_infinite_withcheck_stateful.cil.out.i line 1966 function adl_pci8164_attach
Unwinding loop 2  iteration  2   file 32_1_cilled_ok_nondet_linux-3.4-32_1-drivers--staging--comedi--drivers--adl_pci8164.ko-ldv_main0_sequence_infinite_withcheck_stateful.cil.out.i line 1966 function adl_pci8164_attach
Not unwinding 
Unwinding loop 3  iteration  1   file 32_1_cilled_ok_nondet_linux-3.4-32_1-drivers--staging--comedi--drivers--adl_pci8164.ko-ldv_main0_sequence_infinite_withcheck_stateful.cil.out.i line 1976 function adl_pci8164_attach
Unwinding loop 2  iteration  1   file 32_1_cilled_ok_nondet_linux-3.4-32_1-drivers--staging--comedi--drivers--adl_pci8164.ko-ldv_main0_sequence_infinite_withcheck_stateful.cil.out.i line 1966 function adl_pci8164_attach
Unwinding loop 2  iteration  2   file 32_1_cilled_ok_nondet_linux-3.4-32_1-drivers--staging--comedi--drivers--adl_pci8164.ko-ldv_main0_sequence_infinite_withcheck_stateful.cil.out.i line 1966 function adl_pci8164_attach
Not unwinding 
Unwinding loop 3  iteration  2   file 32_1_cilled_ok_nondet_linux-3.4-32_1-drivers--staging--comedi--drivers--adl_pci8164.ko-ldv_main0_sequence_infinite_withcheck_stateful.cil.out.i line 1976 function adl_pci8164_attach
Unwinding loop 2  iteration  1   file 32_1_cilled_ok_nondet_linux-3.4-32_1-drivers--staging--comedi--drivers--adl_pci8164.ko-ldv_main0_sequence_infinite_withcheck_stateful.cil.out.i line 1966 function adl_pci8164_attach
Unwinding loop 2  iteration  2   file 32_1_cilled_ok_nondet_linux-3.4-32_1-drivers--staging--comedi--drivers--adl_pci8164.ko-ldv_main0_sequence_infinite_withcheck_stateful.cil.out.i line 1966 function adl_pci8164_attach
Not unwinding 
Not unwinding 
Unwinding loop 4  iteration  2   file 32_1_cilled_ok_nondet_linux-3.4-32_1-drivers--staging--comedi--drivers--adl_pci8164.ko-ldv_main0_sequence_infinite_withcheck_stateful.cil.out.i line 1922 function adl_pci8164_attach
Unwinding loop 2  iteration  1   file 32_1_cilled_ok_nondet_linux-3.4-32_1-drivers--staging--comedi--drivers--adl_pci8164.ko-ldv_main0_sequence_infinite_withcheck_stateful.cil.out.i line 1966 function adl_pci8164_attach
Unwinding loop 2  iteration  2   file 32_1_cilled_ok_nondet_linux-3.4-32_1-drivers--staging--comedi--drivers--adl_pci8164.ko-ldv_main0_sequence_infinite_withcheck_stateful.cil.out.i line 1966 function adl_pci8164_attach
Not unwinding 
Unwinding loop 3  iteration  1   file 32_1_cilled_ok_nondet_linux-3.4-32_1-drivers--staging--comedi--drivers--adl_pci8164.ko-ldv_main0_sequence_infinite_withcheck_stateful.cil.out.i line 1976 function adl_pci8164_attach
Unwinding loop 2  iteration  1   file 32_1_cilled_ok_nondet_linux-3.4-32_1-drivers--staging--comedi--drivers--adl_pci8164.ko-ldv_main0_sequence_infinite_withcheck_stateful.cil.out.i line 1966 function adl_pci8164_attach
Unwinding loop 2  iteration  2   file 32_1_cilled_ok_nondet_linux-3.4-32_1-drivers--staging--comedi--drivers--adl_pci8164.ko-ldv_main0_sequence_infinite_withcheck_stateful.cil.out.i line 1966 function adl_pci8164_attach
Not unwinding 
Unwinding loop 3  iteration  2   file 32_1_cilled_ok_nondet_linux-3.4-32_1-drivers--staging--comedi--drivers--adl_pci8164.ko-ldv_main0_sequence_infinite_withcheck_stateful.cil.out.i line 1976 function adl_pci8164_attach
Unwinding loop 2  iteration  1   file 32_1_cilled_ok_nondet_linux-3.4-32_1-drivers--staging--comedi--drivers--adl_pci8164.ko-ldv_main0_sequence_infinite_withcheck_stateful.cil.out.i line 1966 function adl_pci8164_attach
Unwinding loop 2  iteration  2   file 32_1_cilled_ok_nondet_linux-3.4-32_1-drivers--staging--comedi--drivers--adl_pci8164.ko-ldv_main0_sequence_infinite_withcheck_stateful.cil.out.i line 1966 function adl_pci8164_attach
Not unwinding 
Not unwinding 
Not unwinding 
Unwinding loop 5  iteration  1   file 32_1_cilled_ok_nondet_linux-3.4-32_1-drivers--staging--comedi--drivers--adl_pci8164.ko-ldv_main0_sequence_infinite_withcheck_stateful.cil.out.i line 2649 function main
Unwinding loop 1  iteration  1   file 32_1_cilled_ok_nondet_linux-3.4-32_1-drivers--staging--comedi--drivers--adl_pci8164.ko-ldv_main0_sequence_infinite_withcheck_stateful.cil.out.i line 1576 function alloc_subdevices
Unwinding loop 1  iteration  2   file 32_1_cilled_ok_nondet_linux-3.4-32_1-drivers--staging--comedi--drivers--adl_pci8164.ko-ldv_main0_sequence_infinite_withcheck_stateful.cil.out.i line 1576 function alloc_subdevices
Not unwinding 
Unwinding loop 2  iteration  1   file 32_1_cilled_ok_nondet_linux-3.4-32_1-drivers--staging--comedi--drivers--adl_pci8164.ko-ldv_main0_sequence_infinite_withcheck_stateful.cil.out.i line 1966 function adl_pci8164_attach
Unwinding loop 2  iteration  2   file 32_1_cilled_ok_nondet_linux-3.4-32_1-drivers--staging--comedi--drivers--adl_pci8164.ko-ldv_main0_sequence_infinite_withcheck_stateful.cil.out.i line 1966 function adl_pci8164_attach
Not unwinding 
Unwinding loop 3  iteration  1   file 32_1_cilled_ok_nondet_linux-3.4-32_1-drivers--staging--comedi--drivers--adl_pci8164.ko-ldv_main0_sequence_infinite_withcheck_stateful.cil.out.i line 1976 function adl_pci8164_attach
Unwinding loop 2  iteration  1   file 32_1_cilled_ok_nondet_linux-3.4-32_1-drivers--staging--comedi--drivers--adl_pci8164.ko-ldv_main0_sequence_infinite_withcheck_stateful.cil.out.i line 1966 function adl_pci8164_attach
Unwinding loop 2  iteration  2   file 32_1_cilled_ok_nondet_linux-3.4-32_1-drivers--staging--comedi--drivers--adl_pci8164.ko-ldv_main0_sequence_infinite_withcheck_stateful.cil.out.i line 1966 function adl_pci8164_attach
Not unwinding 
Unwinding loop 3  iteration  2   file 32_1_cilled_ok_nondet_linux-3.4-32_1-drivers--staging--comedi--drivers--adl_pci8164.ko-ldv_main0_sequence_infinite_withcheck_stateful.cil.out.i line 1976 function adl_pci8164_attach
Unwinding loop 2  iteration  1   file 32_1_cilled_ok_nondet_linux-3.4-32_1-drivers--staging--comedi--drivers--adl_pci8164.ko-ldv_main0_sequence_infinite_withcheck_stateful.cil.out.i line 1966 function adl_pci8164_attach
Unwinding loop 2  iteration  2   file 32_1_cilled_ok_nondet_linux-3.4-32_1-drivers--staging--comedi--drivers--adl_pci8164.ko-ldv_main0_sequence_infinite_withcheck_stateful.cil.out.i line 1966 function adl_pci8164_attach
Not unwinding 
Not unwinding 
Unwinding loop 4  iteration  1   file 32_1_cilled_ok_nondet_linux-3.4-32_1-drivers--staging--comedi--drivers--adl_pci8164.ko-ldv_main0_sequence_infinite_withcheck_stateful.cil.out.i line 1922 function adl_pci8164_attach
Unwinding loop 2  iteration  1   file 32_1_cilled_ok_nondet_linux-3.4-32_1-drivers--staging--comedi--drivers--adl_pci8164.ko-ldv_main0_sequence_infinite_withcheck_stateful.cil.out.i line 1966 function adl_pci8164_attach
Unwinding loop 2  iteration  2   file 32_1_cilled_ok_nondet_linux-3.4-32_1-drivers--staging--comedi--drivers--adl_pci8164.ko-ldv_main0_sequence_infinite_withcheck_stateful.cil.out.i line 1966 function adl_pci8164_attach
Not unwinding 
Unwinding loop 3  iteration  1   file 32_1_cilled_ok_nondet_linux-3.4-32_1-drivers--staging--comedi--drivers--adl_pci8164.ko-ldv_main0_sequence_infinite_withcheck_stateful.cil.out.i line 1976 function adl_pci8164_attach
Unwinding loop 2  iteration  1   file 32_1_cilled_ok_nondet_linux-3.4-32_1-drivers--staging--comedi--drivers--adl_pci8164.ko-ldv_main0_sequence_infinite_withcheck_stateful.cil.out.i line 1966 function adl_pci8164_attach
Unwinding loop 2  iteration  2   file 32_1_cilled_ok_nondet_linux-3.4-32_1-drivers--staging--comedi--drivers--adl_pci8164.ko-ldv_main0_sequence_infinite_withcheck_stateful.cil.out.i line 1966 function adl_pci8164_attach
Not unwinding 
Unwinding loop 3  iteration  2   file 32_1_cilled_ok_nondet_linux-3.4-32_1-drivers--staging--comedi--drivers--adl_pci8164.ko-ldv_main0_sequence_infinite_withcheck_stateful.cil.out.i line 1976 function adl_pci8164_attach
Unwinding loop 2  iteration  1   file 32_1_cilled_ok_nondet_linux-3.4-32_1-drivers--staging--comedi--drivers--adl_pci8164.ko-ldv_main0_sequence_infinite_withcheck_stateful.cil.out.i line 1966 function adl_pci8164_attach
Unwinding loop 2  iteration  2   file 32_1_cilled_ok_nondet_linux-3.4-32_1-drivers--staging--comedi--drivers--adl_pci8164.ko-ldv_main0_sequence_infinite_withcheck_stateful.cil.out.i line 1966 function adl_pci8164_attach
Not unwinding 
Not unwinding 
Unwinding loop 4  iteration  2   file 32_1_cilled_ok_nondet_linux-3.4-32_1-drivers--staging--comedi--drivers--adl_pci8164.ko-ldv_main0_sequence_infinite_withcheck_stateful.cil.out.i line 1922 function adl_pci8164_attach
Unwinding loop 2  iteration  1   file 32_1_cilled_ok_nondet_linux-3.4-32_1-drivers--staging--comedi--drivers--adl_pci8164.ko-ldv_main0_sequence_infinite_withcheck_stateful.cil.out.i line 1966 function adl_pci8164_attach
Unwinding loop 2  iteration  2   file 32_1_cilled_ok_nondet_linux-3.4-32_1-drivers--staging--comedi--drivers--adl_pci8164.ko-ldv_main0_sequence_infinite_withcheck_stateful.cil.out.i line 1966 function adl_pci8164_attach
Not unwinding 
Unwinding loop 3  iteration  1   file 32_1_cilled_ok_nondet_linux-3.4-32_1-drivers--staging--comedi--drivers--adl_pci8164.ko-ldv_main0_sequence_infinite_withcheck_stateful.cil.out.i line 1976 function adl_pci8164_attach
Unwinding loop 2  iteration  1   file 32_1_cilled_ok_nondet_linux-3.4-32_1-drivers--staging--comedi--drivers--adl_pci8164.ko-ldv_main0_sequence_infinite_withcheck_stateful.cil.out.i line 1966 function adl_pci8164_attach
Unwinding loop 2  iteration  2   file 32_1_cilled_ok_nondet_linux-3.4-32_1-drivers--staging--comedi--drivers--adl_pci8164.ko-ldv_main0_sequence_infinite_withcheck_stateful.cil.out.i line 1966 function adl_pci8164_attach
Not unwinding 
Unwinding loop 3  iteration  2   file 32_1_cilled_ok_nondet_linux-3.4-32_1-drivers--staging--comedi--drivers--adl_pci8164.ko-ldv_main0_sequence_infinite_withcheck_stateful.cil.out.i line 1976 function adl_pci8164_attach
Unwinding loop 2  iteration  1   file 32_1_cilled_ok_nondet_linux-3.4-32_1-drivers--staging--comedi--drivers--adl_pci8164.ko-ldv_main0_sequence_infinite_withcheck_stateful.cil.out.i line 1966 function adl_pci8164_attach
Unwinding loop 2  iteration  2   file 32_1_cilled_ok_nondet_linux-3.4-32_1-drivers--staging--comedi--drivers--adl_pci8164.ko-ldv_main0_sequence_infinite_withcheck_stateful.cil.out.i line 1966 function adl_pci8164_attach
Not unwinding 
Not unwinding 
Not unwinding 
Unwinding loop 5  iteration  2   file 32_1_cilled_ok_nondet_linux-3.4-32_1-drivers--staging--comedi--drivers--adl_pci8164.ko-ldv_main0_sequence_infinite_withcheck_stateful.cil.out.i line 2649 function main
Unwinding loop 1  iteration  1   file 32_1_cilled_ok_nondet_linux-3.4-32_1-drivers--staging--comedi--drivers--adl_pci8164.ko-ldv_main0_sequence_infinite_withcheck_stateful.cil.out.i line 1576 function alloc_subdevices
Unwinding loop 1  iteration  2   file 32_1_cilled_ok_nondet_linux-3.4-32_1-drivers--staging--comedi--drivers--adl_pci8164.ko-ldv_main0_sequence_infinite_withcheck_stateful.cil.out.i line 1576 function alloc_subdevices
Not unwinding 
Unwinding loop 2  iteration  1   file 32_1_cilled_ok_nondet_linux-3.4-32_1-drivers--staging--comedi--drivers--adl_pci8164.ko-ldv_main0_sequence_infinite_withcheck_stateful.cil.out.i line 1966 function adl_pci8164_attach
Unwinding loop 2  iteration  2   file 32_1_cilled_ok_nondet_linux-3.4-32_1-drivers--staging--comedi--drivers--adl_pci8164.ko-ldv_main0_sequence_infinite_withcheck_stateful.cil.out.i line 1966 function adl_pci8164_attach
Not unwinding 
Unwinding loop 3  iteration  1   file 32_1_cilled_ok_nondet_linux-3.4-32_1-drivers--staging--comedi--drivers--adl_pci8164.ko-ldv_main0_sequence_infinite_withcheck_stateful.cil.out.i line 1976 function adl_pci8164_attach
Unwinding loop 2  iteration  1   file 32_1_cilled_ok_nondet_linux-3.4-32_1-drivers--staging--comedi--drivers--adl_pci8164.ko-ldv_main0_sequence_infinite_withcheck_stateful.cil.out.i line 1966 function adl_pci8164_attach
Unwinding loop 2  iteration  2   file 32_1_cilled_ok_nondet_linux-3.4-32_1-drivers--staging--comedi--drivers--adl_pci8164.ko-ldv_main0_sequence_infinite_withcheck_stateful.cil.out.i line 1966 function adl_pci8164_attach
Not unwinding 
Unwinding loop 3  iteration  2   file 32_1_cilled_ok_nondet_linux-3.4-32_1-drivers--staging--comedi--drivers--adl_pci8164.ko-ldv_main0_sequence_infinite_withcheck_stateful.cil.out.i line 1976 function adl_pci8164_attach
Unwinding loop 2  iteration  1   file 32_1_cilled_ok_nondet_linux-3.4-32_1-drivers--staging--comedi--drivers--adl_pci8164.ko-ldv_main0_sequence_infinite_withcheck_stateful.cil.out.i line 1966 function adl_pci8164_attach
Unwinding loop 2  iteration  2   file 32_1_cilled_ok_nondet_linux-3.4-32_1-drivers--staging--comedi--drivers--adl_pci8164.ko-ldv_main0_sequence_infinite_withcheck_stateful.cil.out.i line 1966 function adl_pci8164_attach
Not unwinding 
Not unwinding 
Unwinding loop 4  iteration  1   file 32_1_cilled_ok_nondet_linux-3.4-32_1-drivers--staging--comedi--drivers--adl_pci8164.ko-ldv_main0_sequence_infinite_withcheck_stateful.cil.out.i line 1922 function adl_pci8164_attach
Unwinding loop 2  iteration  1   file 32_1_cilled_ok_nondet_linux-3.4-32_1-drivers--staging--comedi--drivers--adl_pci8164.ko-ldv_main0_sequence_infinite_withcheck_stateful.cil.out.i line 1966 function adl_pci8164_attach
Unwinding loop 2  iteration  2   file 32_1_cilled_ok_nondet_linux-3.4-32_1-drivers--staging--comedi--drivers--adl_pci8164.ko-ldv_main0_sequence_infinite_withcheck_stateful.cil.out.i line 1966 function adl_pci8164_attach
Not unwinding 
Unwinding loop 3  iteration  1   file 32_1_cilled_ok_nondet_linux-3.4-32_1-drivers--staging--comedi--drivers--adl_pci8164.ko-ldv_main0_sequence_infinite_withcheck_stateful.cil.out.i line 1976 function adl_pci8164_attach
Unwinding loop 2  iteration  1   file 32_1_cilled_ok_nondet_linux-3.4-32_1-drivers--staging--comedi--drivers--adl_pci8164.ko-ldv_main0_sequence_infinite_withcheck_stateful.cil.out.i line 1966 function adl_pci8164_attach
Unwinding loop 2  iteration  2   file 32_1_cilled_ok_nondet_linux-3.4-32_1-drivers--staging--comedi--drivers--adl_pci8164.ko-ldv_main0_sequence_infinite_withcheck_stateful.cil.out.i line 1966 function adl_pci8164_attach
Not unwinding 
Unwinding loop 3  iteration  2   file 32_1_cilled_ok_nondet_linux-3.4-32_1-drivers--staging--comedi--drivers--adl_pci8164.ko-ldv_main0_sequence_infinite_withcheck_stateful.cil.out.i line 1976 function adl_pci8164_attach
Unwinding loop 2  iteration  1   file 32_1_cilled_ok_nondet_linux-3.4-32_1-drivers--staging--comedi--drivers--adl_pci8164.ko-ldv_main0_sequence_infinite_withcheck_stateful.cil.out.i line 1966 function adl_pci8164_attach
Unwinding loop 2  iteration  2   file 32_1_cilled_ok_nondet_linux-3.4-32_1-drivers--staging--comedi--drivers--adl_pci8164.ko-ldv_main0_sequence_infinite_withcheck_stateful.cil.out.i line 1966 function adl_pci8164_attach
Not unwinding 
Not unwinding 
Unwinding loop 4  iteration  2   file 32_1_cilled_ok_nondet_linux-3.4-32_1-drivers--staging--comedi--drivers--adl_pci8164.ko-ldv_main0_sequence_infinite_withcheck_stateful.cil.out.i line 1922 function adl_pci8164_attach
Unwinding loop 2  iteration  1   file 32_1_cilled_ok_nondet_linux-3.4-32_1-drivers--staging--comedi--drivers--adl_pci8164.ko-ldv_main0_sequence_infinite_withcheck_stateful.cil.out.i line 1966 function adl_pci8164_attach
Unwinding loop 2  iteration  2   file 32_1_cilled_ok_nondet_linux-3.4-32_1-drivers--staging--comedi--drivers--adl_pci8164.ko-ldv_main0_sequence_infinite_withcheck_stateful.cil.out.i line 1966 function adl_pci8164_attach
Not unwinding 
Unwinding loop 3  iteration  1   file 32_1_cilled_ok_nondet_linux-3.4-32_1-drivers--staging--comedi--drivers--adl_pci8164.ko-ldv_main0_sequence_infinite_withcheck_stateful.cil.out.i line 1976 function adl_pci8164_attach
Unwinding loop 2  iteration  1   file 32_1_cilled_ok_nondet_linux-3.4-32_1-drivers--staging--comedi--drivers--adl_pci8164.ko-ldv_main0_sequence_infinite_withcheck_stateful.cil.out.i line 1966 function adl_pci8164_attach
Unwinding loop 2  iteration  2   file 32_1_cilled_ok_nondet_linux-3.4-32_1-drivers--staging--comedi--drivers--adl_pci8164.ko-ldv_main0_sequence_infinite_withcheck_stateful.cil.out.i line 1966 function adl_pci8164_attach
Not unwinding 
Unwinding loop 3  iteration  2   file 32_1_cilled_ok_nondet_linux-3.4-32_1-drivers--staging--comedi--drivers--adl_pci8164.ko-ldv_main0_sequence_infinite_withcheck_stateful.cil.out.i line 1976 function adl_pci8164_attach
Unwinding loop 2  iteration  1   file 32_1_cilled_ok_nondet_linux-3.4-32_1-drivers--staging--comedi--drivers--adl_pci8164.ko-ldv_main0_sequence_infinite_withcheck_stateful.cil.out.i line 1966 function adl_pci8164_attach
Unwinding loop 2  iteration  2   file 32_1_cilled_ok_nondet_linux-3.4-32_1-drivers--staging--comedi--drivers--adl_pci8164.ko-ldv_main0_sequence_infinite_withcheck_stateful.cil.out.i line 1966 function adl_pci8164_attach
Not unwinding 
Not unwinding 
Not unwinding 
Not unwinding 
Symex completed in: 23.753s (46181 assignments)
Slicing time: 0.765s (removed 43046 assignments)
Generated 0 VCC(s), 0 remaining after simplification (3135 assignments)
BMC program time: 24.518s
Building successful trace

VERIFICATION SUCCESSFUL

Solution found by the inductive step (k = 3)

../sv-benchmarks/c/ldv-linux-3.4-simple/32_1_cilled_ok_nondet_linux-3.4-32_1-drivers--staging--comedi--drivers--adl_pci8164.ko-ldv_main0_sequence_infinite_withcheck_stateful.cil.out.i:2632:1: warning: return type of 'main' is not 'int' [-Wmain-return-type]
void main(void)
^
../sv-benchmarks/c/ldv-linux-3.4-simple/32_1_cilled_ok_nondet_linux-3.4-32_1-drivers--staging--comedi--drivers--adl_pci8164.ko-ldv_main0_sequence_infinite_withcheck_stateful.cil.out.i:2632:1: note: change return type to 'int'
void main(void)
^~~~
int

TRUE
