./esbmc-wrapper.py -p ../sv-benchmarks/c/properties/unreach-call.prp -s kinduction --arch 32 ../sv-benchmarks/c/seq-mthreaded/rekh_nxt.3.M4.c


--------------------------------------------------------------------------------


Verifying with ESBMC
Command: ./esbmc --no-div-by-zero-check --force-malloc-success --state-hashing --no-align-check --k-step 2 --floatbv --unlimited-k-steps ../sv-benchmarks/c/seq-mthreaded/rekh_nxt.3.M4.c --32 --witness-output rekh_nxt.3.M4.c.graphml --no-pointer-check --no-bounds-check --interval-analysis --k-induction --max-inductive-step 3 
ESBMC version 6.8.0 64-bit x86_64 linux
Target: 32-bit little-endian x86_64-unknown-linux with esbmc libc
file ../sv-benchmarks/c/seq-mthreaded/rekh_nxt.3.M4.c: Parsing
Converting
Generating GOTO Program
GOTO program creation time: 0.306s
GOTO program processing time: 0.239s
*** Checking base case, k = 1
Starting Bounded Model Checking
Not unwinding 
Not unwinding 
Not unwinding 
Not unwinding 
Not unwinding 
Not unwinding 
Not unwinding 
Not unwinding 
Not unwinding 
Not unwinding 
Not unwinding 
Not unwinding 
Not unwinding 
Not unwinding 
Not unwinding 
Not unwinding 
Not unwinding 
Not unwinding 
Not unwinding 
Not unwinding 
Not unwinding 
Not unwinding 
Not unwinding 
Not unwinding 
Not unwinding 
Not unwinding 
Not unwinding 
Not unwinding 
Not unwinding 
Not unwinding 
Not unwinding 
Not unwinding 
Not unwinding 
Not unwinding 
Not unwinding 
Not unwinding 
Not unwinding 
Not unwinding 
Not unwinding 
Not unwinding 
Not unwinding 
Not unwinding 
Not unwinding 
Not unwinding 
Not unwinding 
Not unwinding 
Not unwinding 
Not unwinding 
Not unwinding 
Not unwinding 
Not unwinding 
Not unwinding 
Not unwinding 
Not unwinding 
Not unwinding 
Not unwinding 
Not unwinding 
Not unwinding 
Not unwinding 
Not unwinding 
Not unwinding 
Not unwinding 
Not unwinding 
Not unwinding 
Not unwinding 
Not unwinding 
Not unwinding 
Not unwinding 
Not unwinding 
Not unwinding 
Not unwinding 
Not unwinding 
Not unwinding 
Not unwinding 
Not unwinding 
Not unwinding 
Not unwinding 
Not unwinding 
Not unwinding 
Not unwinding 
Not unwinding 
Not unwinding 
Not unwinding 
Not unwinding 
Not unwinding 
Not unwinding 
Not unwinding 
Not unwinding 
Not unwinding 
Not unwinding 
Not unwinding 
Not unwinding 
Not unwinding 
Not unwinding 
Not unwinding 
Not unwinding 
Symex completed in: 5.946s (28319 assignments)
Slicing time: 1.038s (removed 14463 assignments)
Generated 96 VCC(s), 96 remaining after simplification (13856 assignments)
No solver specified; defaulting to Boolector
Encoding remaining VCC(s) using bit-vector/floating-point arithmetic
Encoding to solver time: 0.231s
Solving with solver Boolector 3.2.1
Encoding to solver time: 0.231s
Runtime decision procedure: 5.968s
BMC program time: 13.185s
No bug has been found in the base case
*** Checking forward condition, k = 1
Starting Bounded Model Checking
Not unwinding 
Not unwinding 
Not unwinding 
Not unwinding 
Not unwinding 
Not unwinding 
Not unwinding 
Not unwinding 
Not unwinding 
Not unwinding 
Not unwinding 
Not unwinding 
Not unwinding 
Not unwinding 
Not unwinding 
Not unwinding 
Not unwinding 
Not unwinding 
Not unwinding 
Not unwinding 
Not unwinding 
Not unwinding 
Not unwinding 
Not unwinding 
Not unwinding 
Not unwinding 
Not unwinding 
Not unwinding 
Not unwinding 
Not unwinding 
Not unwinding 
Not unwinding 
Not unwinding 
Not unwinding 
Not unwinding 
Not unwinding 
Not unwinding 
Not unwinding 
Not unwinding 
Not unwinding 
Not unwinding 
Not unwinding 
Not unwinding 
Not unwinding 
Not unwinding 
Not unwinding 
Not unwinding 
Not unwinding 
Not unwinding 
Not unwinding 
Not unwinding 
Not unwinding 
Not unwinding 
Not unwinding 
Not unwinding 
Not unwinding 
Not unwinding 
Not unwinding 
Not unwinding 
Not unwinding 
Not unwinding 
Not unwinding 
Not unwinding 
Not unwinding 
Not unwinding 
Not unwinding 
Not unwinding 
Not unwinding 
Not unwinding 
Not unwinding 
Not unwinding 
Not unwinding 
Not unwinding 
Not unwinding 
Not unwinding 
Not unwinding 
Not unwinding 
Not unwinding 
Not unwinding 
Not unwinding 
Not unwinding 
Not unwinding 
Not unwinding 
Not unwinding 
Not unwinding 
Not unwinding 
Not unwinding 
Not unwinding 
Not unwinding 
Not unwinding 
Not unwinding 
Not unwinding 
Not unwinding 
Not unwinding 
Not unwinding 
Not unwinding 
Symex completed in: 7.782s (28223 assignments)
Slicing time: 1.016s (removed 14463 assignments)
Generated 96 VCC(s), 96 remaining after simplification (13760 assignments)
No solver specified; defaulting to Boolector
Encoding remaining VCC(s) using bit-vector/floating-point arithmetic
Encoding to solver time: 0.225s
Solving with solver Boolector 3.2.1
Encoding to solver time: 0.225s
Runtime decision procedure: 102.370s
The forward condition is unable to prove the property
*** Checking base case, k = 3
Starting Bounded Model Checking
Unwinding loop 1  iteration  1   file rekh_nxt.3.M4.c line 235 function OSEK_Task_ts1
Unwinding loop 1  iteration  2   file rekh_nxt.3.M4.c line 235 function OSEK_Task_ts1
Unwinding loop 1  iteration  1   file rekh_nxt.3.M4.c line 235 function OSEK_Task_ts1
Unwinding loop 1  iteration  2   file rekh_nxt.3.M4.c line 235 function OSEK_Task_ts1
Unwinding loop 1  iteration  1   file rekh_nxt.3.M4.c line 235 function OSEK_Task_ts1
Unwinding loop 1  iteration  2   file rekh_nxt.3.M4.c line 235 function OSEK_Task_ts1
Unwinding loop 1  iteration  1   file rekh_nxt.3.M4.c line 235 function OSEK_Task_ts1
Unwinding loop 1  iteration  2   file rekh_nxt.3.M4.c line 235 function OSEK_Task_ts1
Unwinding loop 1  iteration  1   file rekh_nxt.3.M4.c line 235 function OSEK_Task_ts1
Unwinding loop 1  iteration  2   file rekh_nxt.3.M4.c line 235 function OSEK_Task_ts1
Unwinding loop 1  iteration  1   file rekh_nxt.3.M4.c line 235 function OSEK_Task_ts1
Unwinding loop 1  iteration  2   file rekh_nxt.3.M4.c line 235 function OSEK_Task_ts1
Unwinding loop 1  iteration  1   file rekh_nxt.3.M4.c line 235 function OSEK_Task_ts1
Unwinding loop 1  iteration  2   file rekh_nxt.3.M4.c line 235 function OSEK_Task_ts1
Unwinding loop 1  iteration  1   file rekh_nxt.3.M4.c line 235 function OSEK_Task_ts1
Unwinding loop 1  iteration  2   file rekh_nxt.3.M4.c line 235 function OSEK_Task_ts1
Unwinding loop 1  iteration  1   file rekh_nxt.3.M4.c line 235 function OSEK_Task_ts1
Unwinding loop 1  iteration  2   file rekh_nxt.3.M4.c line 235 function OSEK_Task_ts1
Unwinding loop 1  iteration  1   file rekh_nxt.3.M4.c line 235 function OSEK_Task_ts1
Unwinding loop 1  iteration  2   file rekh_nxt.3.M4.c line 235 function OSEK_Task_ts1
Unwinding loop 1  iteration  1   file rekh_nxt.3.M4.c line 235 function OSEK_Task_ts1
Unwinding loop 1  iteration  2   file rekh_nxt.3.M4.c line 235 function OSEK_Task_ts1
Unwinding loop 1  iteration  1   file rekh_nxt.3.M4.c line 235 function OSEK_Task_ts1
Unwinding loop 1  iteration  2   file rekh_nxt.3.M4.c line 235 function OSEK_Task_ts1
Unwinding loop 1  iteration  1   file rekh_nxt.3.M4.c line 235 function OSEK_Task_ts1
Unwinding loop 1  iteration  2   file rekh_nxt.3.M4.c line 235 function OSEK_Task_ts1
Unwinding loop 1  iteration  1   file rekh_nxt.3.M4.c line 235 function OSEK_Task_ts1
Unwinding loop 1  iteration  2   file rekh_nxt.3.M4.c line 235 function OSEK_Task_ts1
Unwinding loop 1  iteration  1   file rekh_nxt.3.M4.c line 235 function OSEK_Task_ts1
Unwinding loop 1  iteration  2   file rekh_nxt.3.M4.c line 235 function OSEK_Task_ts1
Unwinding loop 1  iteration  1   file rekh_nxt.3.M4.c line 235 function OSEK_Task_ts1
Unwinding loop 1  iteration  2   file rekh_nxt.3.M4.c line 235 function OSEK_Task_ts1
Unwinding loop 1  iteration  1   file rekh_nxt.3.M4.c line 235 function OSEK_Task_ts1
Unwinding loop 1  iteration  2   file rekh_nxt.3.M4.c line 235 function OSEK_Task_ts1
Unwinding loop 1  iteration  1   file rekh_nxt.3.M4.c line 235 function OSEK_Task_ts1
Unwinding loop 1  iteration  2   file rekh_nxt.3.M4.c line 235 function OSEK_Task_ts1
Unwinding loop 1  iteration  1   file rekh_nxt.3.M4.c line 235 function OSEK_Task_ts1
Unwinding loop 1  iteration  2   file rekh_nxt.3.M4.c line 235 function OSEK_Task_ts1
Unwinding loop 1  iteration  1   file rekh_nxt.3.M4.c line 235 function OSEK_Task_ts1
Unwinding loop 1  iteration  2   file rekh_nxt.3.M4.c line 235 function OSEK_Task_ts1
Unwinding loop 1  iteration  1   file rekh_nxt.3.M4.c line 235 function OSEK_Task_ts1
Unwinding loop 1  iteration  2   file rekh_nxt.3.M4.c line 235 function OSEK_Task_ts1
Unwinding loop 1  iteration  1   file rekh_nxt.3.M4.c line 235 function OSEK_Task_ts1
Unwinding loop 1  iteration  2   file rekh_nxt.3.M4.c line 235 function OSEK_Task_ts1
Unwinding loop 1  iteration  1   file rekh_nxt.3.M4.c line 235 function OSEK_Task_ts1
Unwinding loop 1  iteration  2   file rekh_nxt.3.M4.c line 235 function OSEK_Task_ts1
Unwinding loop 1  iteration  1   file rekh_nxt.3.M4.c line 235 function OSEK_Task_ts1
Unwinding loop 1  iteration  2   file rekh_nxt.3.M4.c line 235 function OSEK_Task_ts1
Unwinding loop 1  iteration  1   file rekh_nxt.3.M4.c line 235 function OSEK_Task_ts1
Unwinding loop 1  iteration  2   file rekh_nxt.3.M4.c line 235 function OSEK_Task_ts1
Unwinding loop 1  iteration  1   file rekh_nxt.3.M4.c line 235 function OSEK_Task_ts1
Unwinding loop 1  iteration  2   file rekh_nxt.3.M4.c line 235 function OSEK_Task_ts1
Unwinding loop 1  iteration  1   file rekh_nxt.3.M4.c line 235 function OSEK_Task_ts1
Unwinding loop 1  iteration  2   file rekh_nxt.3.M4.c line 235 function OSEK_Task_ts1
Unwinding loop 1  iteration  1   file rekh_nxt.3.M4.c line 235 function OSEK_Task_ts1
Unwinding loop 1  iteration  2   file rekh_nxt.3.M4.c line 235 function OSEK_Task_ts1
Unwinding loop 1  iteration  1   file rekh_nxt.3.M4.c line 235 function OSEK_Task_ts1
Unwinding loop 1  iteration  2   file rekh_nxt.3.M4.c line 235 function OSEK_Task_ts1
Unwinding loop 1  iteration  1   file rekh_nxt.3.M4.c line 235 function OSEK_Task_ts1
Unwinding loop 1  iteration  2   file rekh_nxt.3.M4.c line 235 function OSEK_Task_ts1
Unwinding loop 1  iteration  1   file rekh_nxt.3.M4.c line 235 function OSEK_Task_ts1
Unwinding loop 1  iteration  2   file rekh_nxt.3.M4.c line 235 function OSEK_Task_ts1
Unwinding loop 1  iteration  1   file rekh_nxt.3.M4.c line 235 function OSEK_Task_ts1
Unwinding loop 1  iteration  2   file rekh_nxt.3.M4.c line 235 function OSEK_Task_ts1
Unwinding loop 1  iteration  1   file rekh_nxt.3.M4.c line 235 function OSEK_Task_ts1
Unwinding loop 1  iteration  2   file rekh_nxt.3.M4.c line 235 function OSEK_Task_ts1
Unwinding loop 1  iteration  1   file rekh_nxt.3.M4.c line 235 function OSEK_Task_ts1
Unwinding loop 1  iteration  2   file rekh_nxt.3.M4.c line 235 function OSEK_Task_ts1
Unwinding loop 1  iteration  1   file rekh_nxt.3.M4.c line 235 function OSEK_Task_ts1
Unwinding loop 1  iteration  2   file rekh_nxt.3.M4.c line 235 function OSEK_Task_ts1
Unwinding loop 1  iteration  1   file rekh_nxt.3.M4.c line 235 function OSEK_Task_ts1
Unwinding loop 1  iteration  2   file rekh_nxt.3.M4.c line 235 function OSEK_Task_ts1
Unwinding loop 1  iteration  1   file rekh_nxt.3.M4.c line 235 function OSEK_Task_ts1
Unwinding loop 1  iteration  2   file rekh_nxt.3.M4.c line 235 function OSEK_Task_ts1
Unwinding loop 1  iteration  1   file rekh_nxt.3.M4.c line 235 function OSEK_Task_ts1
Unwinding loop 1  iteration  2   file rekh_nxt.3.M4.c line 235 function OSEK_Task_ts1
Unwinding loop 1  iteration  1   file rekh_nxt.3.M4.c line 235 function OSEK_Task_ts1
Unwinding loop 1  iteration  2   file rekh_nxt.3.M4.c line 235 function OSEK_Task_ts1
Unwinding loop 1  iteration  1   file rekh_nxt.3.M4.c line 235 function OSEK_Task_ts1
Unwinding loop 1  iteration  2   file rekh_nxt.3.M4.c line 235 function OSEK_Task_ts1
Unwinding loop 1  iteration  1   file rekh_nxt.3.M4.c line 235 function OSEK_Task_ts1
Unwinding loop 1  iteration  2   file rekh_nxt.3.M4.c line 235 function OSEK_Task_ts1
Unwinding loop 1  iteration  1   file rekh_nxt.3.M4.c line 235 function OSEK_Task_ts1
Unwinding loop 1  iteration  2   file rekh_nxt.3.M4.c line 235 function OSEK_Task_ts1
Unwinding loop 1  iteration  1   file rekh_nxt.3.M4.c line 235 function OSEK_Task_ts1
Unwinding loop 1  iteration  2   file rekh_nxt.3.M4.c line 235 function OSEK_Task_ts1
Unwinding loop 1  iteration  1   file rekh_nxt.3.M4.c line 235 function OSEK_Task_ts1
Unwinding loop 1  iteration  2   file rekh_nxt.3.M4.c line 235 function OSEK_Task_ts1
Unwinding loop 1  iteration  1   file rekh_nxt.3.M4.c line 235 function OSEK_Task_ts1
Unwinding loop 1  iteration  2   file rekh_nxt.3.M4.c line 235 function OSEK_Task_ts1
Unwinding loop 1  iteration  1   file rekh_nxt.3.M4.c line 235 function OSEK_Task_ts1
Unwinding loop 1  iteration  2   file rekh_nxt.3.M4.c line 235 function OSEK_Task_ts1
Unwinding loop 1  iteration  1   file rekh_nxt.3.M4.c line 235 function OSEK_Task_ts1
Unwinding loop 1  iteration  2   file rekh_nxt.3.M4.c line 235 function OSEK_Task_ts1
Unwinding loop 1  iteration  1   file rekh_nxt.3.M4.c line 235 function OSEK_Task_ts1
Unwinding loop 1  iteration  2   file rekh_nxt.3.M4.c line 235 function OSEK_Task_ts1
Unwinding loop 1  iteration  1   file rekh_nxt.3.M4.c line 235 function OSEK_Task_ts1
Unwinding loop 1  iteration  2   file rekh_nxt.3.M4.c line 235 function OSEK_Task_ts1
Unwinding loop 1  iteration  1   file rekh_nxt.3.M4.c line 235 function OSEK_Task_ts1
Unwinding loop 1  iteration  2   file rekh_nxt.3.M4.c line 235 function OSEK_Task_ts1
Unwinding loop 1  iteration  1   file rekh_nxt.3.M4.c line 235 function OSEK_Task_ts1
Unwinding loop 1  iteration  2   file rekh_nxt.3.M4.c line 235 function OSEK_Task_ts1
Unwinding loop 1  iteration  1   file rekh_nxt.3.M4.c line 235 function OSEK_Task_ts1
Unwinding loop 1  iteration  2   file rekh_nxt.3.M4.c line 235 function OSEK_Task_ts1
Unwinding loop 1  iteration  1   file rekh_nxt.3.M4.c line 235 function OSEK_Task_ts1
Unwinding loop 1  iteration  2   file rekh_nxt.3.M4.c line 235 function OSEK_Task_ts1
Unwinding loop 1  iteration  1   file rekh_nxt.3.M4.c line 235 function OSEK_Task_ts1
Unwinding loop 1  iteration  2   file rekh_nxt.3.M4.c line 235 function OSEK_Task_ts1
Unwinding loop 1  iteration  1   file rekh_nxt.3.M4.c line 235 function OSEK_Task_ts1
Unwinding loop 1  iteration  2   file rekh_nxt.3.M4.c line 235 function OSEK_Task_ts1
Unwinding loop 1  iteration  1   file rekh_nxt.3.M4.c line 235 function OSEK_Task_ts1
Unwinding loop 1  iteration  2   file rekh_nxt.3.M4.c line 235 function OSEK_Task_ts1
Unwinding loop 1  iteration  1   file rekh_nxt.3.M4.c line 235 function OSEK_Task_ts1
Unwinding loop 1  iteration  2   file rekh_nxt.3.M4.c line 235 function OSEK_Task_ts1
Unwinding loop 1  iteration  1   file rekh_nxt.3.M4.c line 235 function OSEK_Task_ts1
Unwinding loop 1  iteration  2   file rekh_nxt.3.M4.c line 235 function OSEK_Task_ts1
Unwinding loop 1  iteration  1   file rekh_nxt.3.M4.c line 235 function OSEK_Task_ts1
Unwinding loop 1  iteration  2   file rekh_nxt.3.M4.c line 235 function OSEK_Task_ts1
Unwinding loop 1  iteration  1   file rekh_nxt.3.M4.c line 235 function OSEK_Task_ts1
Unwinding loop 1  iteration  2   file rekh_nxt.3.M4.c line 235 function OSEK_Task_ts1
Unwinding loop 1  iteration  1   file rekh_nxt.3.M4.c line 235 function OSEK_Task_ts1
Unwinding loop 1  iteration  2   file rekh_nxt.3.M4.c line 235 function OSEK_Task_ts1
Unwinding loop 1  iteration  1   file rekh_nxt.3.M4.c line 235 function OSEK_Task_ts1
Unwinding loop 1  iteration  2   file rekh_nxt.3.M4.c line 235 function OSEK_Task_ts1
Unwinding loop 1  iteration  1   file rekh_nxt.3.M4.c line 235 function OSEK_Task_ts1
Unwinding loop 1  iteration  2   file rekh_nxt.3.M4.c line 235 function OSEK_Task_ts1
Unwinding loop 1  iteration  1   file rekh_nxt.3.M4.c line 235 function OSEK_Task_ts1
Unwinding loop 1  iteration  2   file rekh_nxt.3.M4.c line 235 function OSEK_Task_ts1
Unwinding loop 1  iteration  1   file rekh_nxt.3.M4.c line 235 function OSEK_Task_ts1
Unwinding loop 1  iteration  2   file rekh_nxt.3.M4.c line 235 function OSEK_Task_ts1
Unwinding loop 1  iteration  1   file rekh_nxt.3.M4.c line 235 function OSEK_Task_ts1
Unwinding loop 1  iteration  2   file rekh_nxt.3.M4.c line 235 function OSEK_Task_ts1
Unwinding loop 1  iteration  1   file rekh_nxt.3.M4.c line 235 function OSEK_Task_ts1
Unwinding loop 1  iteration  2   file rekh_nxt.3.M4.c line 235 function OSEK_Task_ts1
Unwinding loop 1  iteration  1   file rekh_nxt.3.M4.c line 235 function OSEK_Task_ts1
Unwinding loop 1  iteration  2   file rekh_nxt.3.M4.c line 235 function OSEK_Task_ts1
Unwinding loop 1  iteration  1   file rekh_nxt.3.M4.c line 235 function OSEK_Task_ts1
Unwinding loop 1  iteration  2   file rekh_nxt.3.M4.c line 235 function OSEK_Task_ts1
Unwinding loop 1  iteration  1   file rekh_nxt.3.M4.c line 235 function OSEK_Task_ts1
Unwinding loop 1  iteration  2   file rekh_nxt.3.M4.c line 235 function OSEK_Task_ts1
Unwinding loop 1  iteration  1   file rekh_nxt.3.M4.c line 235 function OSEK_Task_ts1
Unwinding loop 1  iteration  2   file rekh_nxt.3.M4.c line 235 function OSEK_Task_ts1
Unwinding loop 1  iteration  1   file rekh_nxt.3.M4.c line 235 function OSEK_Task_ts1
Unwinding loop 1  iteration  2   file rekh_nxt.3.M4.c line 235 function OSEK_Task_ts1
Unwinding loop 1  iteration  1   file rekh_nxt.3.M4.c line 235 function OSEK_Task_ts1
Unwinding loop 1  iteration  2   file rekh_nxt.3.M4.c line 235 function OSEK_Task_ts1
Unwinding loop 1  iteration  1   file rekh_nxt.3.M4.c line 235 function OSEK_Task_ts1
Unwinding loop 1  iteration  2   file rekh_nxt.3.M4.c line 235 function OSEK_Task_ts1
Unwinding loop 1  iteration  1   file rekh_nxt.3.M4.c line 235 function OSEK_Task_ts1
Unwinding loop 1  iteration  2   file rekh_nxt.3.M4.c line 235 function OSEK_Task_ts1
Unwinding loop 1  iteration  1   file rekh_nxt.3.M4.c line 235 function OSEK_Task_ts1
Unwinding loop 1  iteration  2   file rekh_nxt.3.M4.c line 235 function OSEK_Task_ts1
Unwinding loop 1  iteration  1   file rekh_nxt.3.M4.c line 235 function OSEK_Task_ts1
Unwinding loop 1  iteration  2   file rekh_nxt.3.M4.c line 235 function OSEK_Task_ts1
Unwinding loop 1  iteration  1   file rekh_nxt.3.M4.c line 235 function OSEK_Task_ts1
Unwinding loop 1  iteration  2   file rekh_nxt.3.M4.c line 235 function OSEK_Task_ts1
Unwinding loop 1  iteration  1   file rekh_nxt.3.M4.c line 235 function OSEK_Task_ts1
Unwinding loop 1  iteration  2   file rekh_nxt.3.M4.c line 235 function OSEK_Task_ts1
Unwinding loop 1  iteration  1   file rekh_nxt.3.M4.c line 235 function OSEK_Task_ts1
Unwinding loop 1  iteration  2   file rekh_nxt.3.M4.c line 235 function OSEK_Task_ts1
Unwinding loop 1  iteration  1   file rekh_nxt.3.M4.c line 235 function OSEK_Task_ts1
Unwinding loop 1  iteration  2   file rekh_nxt.3.M4.c line 235 function OSEK_Task_ts1
Unwinding loop 1  iteration  1   file rekh_nxt.3.M4.c line 235 function OSEK_Task_ts1
Unwinding loop 1  iteration  2   file rekh_nxt.3.M4.c line 235 function OSEK_Task_ts1
Unwinding loop 1  iteration  1   file rekh_nxt.3.M4.c line 235 function OSEK_Task_ts1
Unwinding loop 1  iteration  2   file rekh_nxt.3.M4.c line 235 function OSEK_Task_ts1
Unwinding loop 1  iteration  1   file rekh_nxt.3.M4.c line 235 function OSEK_Task_ts1
Unwinding loop 1  iteration  2   file rekh_nxt.3.M4.c line 235 function OSEK_Task_ts1
Unwinding loop 1  iteration  1   file rekh_nxt.3.M4.c line 235 function OSEK_Task_ts1
Unwinding loop 1  iteration  2   file rekh_nxt.3.M4.c line 235 function OSEK_Task_ts1
Unwinding loop 1  iteration  1   file rekh_nxt.3.M4.c line 235 function OSEK_Task_ts1
Unwinding loop 1  iteration  2   file rekh_nxt.3.M4.c line 235 function OSEK_Task_ts1
Unwinding loop 1  iteration  1   file rekh_nxt.3.M4.c line 235 function OSEK_Task_ts1
Unwinding loop 1  iteration  2   file rekh_nxt.3.M4.c line 235 function OSEK_Task_ts1
Unwinding loop 1  iteration  1   file rekh_nxt.3.M4.c line 235 function OSEK_Task_ts1
Unwinding loop 1  iteration  2   file rekh_nxt.3.M4.c line 235 function OSEK_Task_ts1
Unwinding loop 1  iteration  1   file rekh_nxt.3.M4.c line 235 function OSEK_Task_ts1
Unwinding loop 1  iteration  2   file rekh_nxt.3.M4.c line 235 function OSEK_Task_ts1
Unwinding loop 1  iteration  1   file rekh_nxt.3.M4.c line 235 function OSEK_Task_ts1
Unwinding loop 1  iteration  2   file rekh_nxt.3.M4.c line 235 function OSEK_Task_ts1
Unwinding loop 1  iteration  1   file rekh_nxt.3.M4.c line 235 function OSEK_Task_ts1
Unwinding loop 1  iteration  2   file rekh_nxt.3.M4.c line 235 function OSEK_Task_ts1
Unwinding loop 1  iteration  1   file rekh_nxt.3.M4.c line 235 function OSEK_Task_ts1
Unwinding loop 1  iteration  2   file rekh_nxt.3.M4.c line 235 function OSEK_Task_ts1
Unwinding loop 1  iteration  1   file rekh_nxt.3.M4.c line 235 function OSEK_Task_ts1
Unwinding loop 1  iteration  2   file rekh_nxt.3.M4.c line 235 function OSEK_Task_ts1
Unwinding loop 1  iteration  1   file rekh_nxt.3.M4.c line 235 function OSEK_Task_ts1
Unwinding loop 1  iteration  2   file rekh_nxt.3.M4.c line 235 function OSEK_Task_ts1
Unwinding loop 1  iteration  1   file rekh_nxt.3.M4.c line 235 function OSEK_Task_ts1
Unwinding loop 1  iteration  2   file rekh_nxt.3.M4.c line 235 function OSEK_Task_ts1
Unwinding loop 1  iteration  1   file rekh_nxt.3.M4.c line 235 function OSEK_Task_ts1
Unwinding loop 1  iteration  2   file rekh_nxt.3.M4.c line 235 function OSEK_Task_ts1
Symex completed in: 12.553s (32739 assignments)
Slicing time: 1.083s (removed 17559 assignments)
Generated 96 VCC(s), 96 remaining after simplification (15180 assignments)
No solver specified; defaulting to Boolector
Encoding remaining VCC(s) using bit-vector/floating-point arithmetic
Encoding to solver time: 0.247s
Solving with solver Boolector 3.2.1
Encoding to solver time: 0.247s
Runtime decision procedure: 25.579s
BMC program time: 39.463s
No bug has been found in the base case
*** Checking forward condition, k = 3
Starting Bounded Model Checking
Unwinding loop 1  iteration  1   file rekh_nxt.3.M4.c line 235 function OSEK_Task_ts1
Unwinding loop 1  iteration  2   file rekh_nxt.3.M4.c line 235 function OSEK_Task_ts1
Unwinding loop 1  iteration  1   file rekh_nxt.3.M4.c line 235 function OSEK_Task_ts1
Unwinding loop 1  iteration  2   file rekh_nxt.3.M4.c line 235 function OSEK_Task_ts1
Unwinding loop 1  iteration  1   file rekh_nxt.3.M4.c line 235 function OSEK_Task_ts1
Unwinding loop 1  iteration  2   file rekh_nxt.3.M4.c line 235 function OSEK_Task_ts1
Unwinding loop 1  iteration  1   file rekh_nxt.3.M4.c line 235 function OSEK_Task_ts1
Unwinding loop 1  iteration  2   file rekh_nxt.3.M4.c line 235 function OSEK_Task_ts1
Unwinding loop 1  iteration  1   file rekh_nxt.3.M4.c line 235 function OSEK_Task_ts1
Unwinding loop 1  iteration  2   file rekh_nxt.3.M4.c line 235 function OSEK_Task_ts1
Unwinding loop 1  iteration  1   file rekh_nxt.3.M4.c line 235 function OSEK_Task_ts1
Unwinding loop 1  iteration  2   file rekh_nxt.3.M4.c line 235 function OSEK_Task_ts1
Unwinding loop 1  iteration  1   file rekh_nxt.3.M4.c line 235 function OSEK_Task_ts1
Unwinding loop 1  iteration  2   file rekh_nxt.3.M4.c line 235 function OSEK_Task_ts1
Unwinding loop 1  iteration  1   file rekh_nxt.3.M4.c line 235 function OSEK_Task_ts1
Unwinding loop 1  iteration  2   file rekh_nxt.3.M4.c line 235 function OSEK_Task_ts1
Unwinding loop 1  iteration  1   file rekh_nxt.3.M4.c line 235 function OSEK_Task_ts1
Unwinding loop 1  iteration  2   file rekh_nxt.3.M4.c line 235 function OSEK_Task_ts1
Unwinding loop 1  iteration  1   file rekh_nxt.3.M4.c line 235 function OSEK_Task_ts1
Unwinding loop 1  iteration  2   file rekh_nxt.3.M4.c line 235 function OSEK_Task_ts1
Unwinding loop 1  iteration  1   file rekh_nxt.3.M4.c line 235 function OSEK_Task_ts1
Unwinding loop 1  iteration  2   file rekh_nxt.3.M4.c line 235 function OSEK_Task_ts1
Unwinding loop 1  iteration  1   file rekh_nxt.3.M4.c line 235 function OSEK_Task_ts1
Unwinding loop 1  iteration  2   file rekh_nxt.3.M4.c line 235 function OSEK_Task_ts1
Unwinding loop 1  iteration  1   file rekh_nxt.3.M4.c line 235 function OSEK_Task_ts1
Unwinding loop 1  iteration  2   file rekh_nxt.3.M4.c line 235 function OSEK_Task_ts1
Unwinding loop 1  iteration  1   file rekh_nxt.3.M4.c line 235 function OSEK_Task_ts1
Unwinding loop 1  iteration  2   file rekh_nxt.3.M4.c line 235 function OSEK_Task_ts1
Unwinding loop 1  iteration  1   file rekh_nxt.3.M4.c line 235 function OSEK_Task_ts1
Unwinding loop 1  iteration  2   file rekh_nxt.3.M4.c line 235 function OSEK_Task_ts1
Unwinding loop 1  iteration  1   file rekh_nxt.3.M4.c line 235 function OSEK_Task_ts1
Unwinding loop 1  iteration  2   file rekh_nxt.3.M4.c line 235 function OSEK_Task_ts1
Unwinding loop 1  iteration  1   file rekh_nxt.3.M4.c line 235 function OSEK_Task_ts1
Unwinding loop 1  iteration  2   file rekh_nxt.3.M4.c line 235 function OSEK_Task_ts1
Unwinding loop 1  iteration  1   file rekh_nxt.3.M4.c line 235 function OSEK_Task_ts1
Unwinding loop 1  iteration  2   file rekh_nxt.3.M4.c line 235 function OSEK_Task_ts1
Unwinding loop 1  iteration  1   file rekh_nxt.3.M4.c line 235 function OSEK_Task_ts1
Unwinding loop 1  iteration  2   file rekh_nxt.3.M4.c line 235 function OSEK_Task_ts1
Unwinding loop 1  iteration  1   file rekh_nxt.3.M4.c line 235 function OSEK_Task_ts1
Unwinding loop 1  iteration  2   file rekh_nxt.3.M4.c line 235 function OSEK_Task_ts1
Unwinding loop 1  iteration  1   file rekh_nxt.3.M4.c line 235 function OSEK_Task_ts1
Unwinding loop 1  iteration  2   file rekh_nxt.3.M4.c line 235 function OSEK_Task_ts1
Unwinding loop 1  iteration  1   file rekh_nxt.3.M4.c line 235 function OSEK_Task_ts1
Unwinding loop 1  iteration  2   file rekh_nxt.3.M4.c line 235 function OSEK_Task_ts1
Unwinding loop 1  iteration  1   file rekh_nxt.3.M4.c line 235 function OSEK_Task_ts1
Unwinding loop 1  iteration  2   file rekh_nxt.3.M4.c line 235 function OSEK_Task_ts1
Unwinding loop 1  iteration  1   file rekh_nxt.3.M4.c line 235 function OSEK_Task_ts1
Unwinding loop 1  iteration  2   file rekh_nxt.3.M4.c line 235 function OSEK_Task_ts1
Unwinding loop 1  iteration  1   file rekh_nxt.3.M4.c line 235 function OSEK_Task_ts1
Unwinding loop 1  iteration  2   file rekh_nxt.3.M4.c line 235 function OSEK_Task_ts1
Unwinding loop 1  iteration  1   file rekh_nxt.3.M4.c line 235 function OSEK_Task_ts1
Unwinding loop 1  iteration  2   file rekh_nxt.3.M4.c line 235 function OSEK_Task_ts1
Unwinding loop 1  iteration  1   file rekh_nxt.3.M4.c line 235 function OSEK_Task_ts1
Unwinding loop 1  iteration  2   file rekh_nxt.3.M4.c line 235 function OSEK_Task_ts1
Unwinding loop 1  iteration  1   file rekh_nxt.3.M4.c line 235 function OSEK_Task_ts1
Unwinding loop 1  iteration  2   file rekh_nxt.3.M4.c line 235 function OSEK_Task_ts1
Unwinding loop 1  iteration  1   file rekh_nxt.3.M4.c line 235 function OSEK_Task_ts1
Unwinding loop 1  iteration  2   file rekh_nxt.3.M4.c line 235 function OSEK_Task_ts1
Unwinding loop 1  iteration  1   file rekh_nxt.3.M4.c line 235 function OSEK_Task_ts1
Unwinding loop 1  iteration  2   file rekh_nxt.3.M4.c line 235 function OSEK_Task_ts1
Unwinding loop 1  iteration  1   file rekh_nxt.3.M4.c line 235 function OSEK_Task_ts1
Unwinding loop 1  iteration  2   file rekh_nxt.3.M4.c line 235 function OSEK_Task_ts1
Unwinding loop 1  iteration  1   file rekh_nxt.3.M4.c line 235 function OSEK_Task_ts1
Unwinding loop 1  iteration  2   file rekh_nxt.3.M4.c line 235 function OSEK_Task_ts1
Unwinding loop 1  iteration  1   file rekh_nxt.3.M4.c line 235 function OSEK_Task_ts1
Unwinding loop 1  iteration  2   file rekh_nxt.3.M4.c line 235 function OSEK_Task_ts1
Unwinding loop 1  iteration  1   file rekh_nxt.3.M4.c line 235 function OSEK_Task_ts1
Unwinding loop 1  iteration  2   file rekh_nxt.3.M4.c line 235 function OSEK_Task_ts1
Unwinding loop 1  iteration  1   file rekh_nxt.3.M4.c line 235 function OSEK_Task_ts1
Unwinding loop 1  iteration  2   file rekh_nxt.3.M4.c line 235 function OSEK_Task_ts1
Unwinding loop 1  iteration  1   file rekh_nxt.3.M4.c line 235 function OSEK_Task_ts1
Unwinding loop 1  iteration  2   file rekh_nxt.3.M4.c line 235 function OSEK_Task_ts1
Unwinding loop 1  iteration  1   file rekh_nxt.3.M4.c line 235 function OSEK_Task_ts1
Unwinding loop 1  iteration  2   file rekh_nxt.3.M4.c line 235 function OSEK_Task_ts1
Unwinding loop 1  iteration  1   file rekh_nxt.3.M4.c line 235 function OSEK_Task_ts1
Unwinding loop 1  iteration  2   file rekh_nxt.3.M4.c line 235 function OSEK_Task_ts1
Unwinding loop 1  iteration  1   file rekh_nxt.3.M4.c line 235 function OSEK_Task_ts1
Unwinding loop 1  iteration  2   file rekh_nxt.3.M4.c line 235 function OSEK_Task_ts1
Unwinding loop 1  iteration  1   file rekh_nxt.3.M4.c line 235 function OSEK_Task_ts1
Unwinding loop 1  iteration  2   file rekh_nxt.3.M4.c line 235 function OSEK_Task_ts1
Unwinding loop 1  iteration  1   file rekh_nxt.3.M4.c line 235 function OSEK_Task_ts1
Unwinding loop 1  iteration  2   file rekh_nxt.3.M4.c line 235 function OSEK_Task_ts1
Unwinding loop 1  iteration  1   file rekh_nxt.3.M4.c line 235 function OSEK_Task_ts1
Unwinding loop 1  iteration  2   file rekh_nxt.3.M4.c line 235 function OSEK_Task_ts1
Unwinding loop 1  iteration  1   file rekh_nxt.3.M4.c line 235 function OSEK_Task_ts1
Unwinding loop 1  iteration  2   file rekh_nxt.3.M4.c line 235 function OSEK_Task_ts1
Unwinding loop 1  iteration  1   file rekh_nxt.3.M4.c line 235 function OSEK_Task_ts1
Unwinding loop 1  iteration  2   file rekh_nxt.3.M4.c line 235 function OSEK_Task_ts1
Unwinding loop 1  iteration  1   file rekh_nxt.3.M4.c line 235 function OSEK_Task_ts1
Unwinding loop 1  iteration  2   file rekh_nxt.3.M4.c line 235 function OSEK_Task_ts1
Unwinding loop 1  iteration  1   file rekh_nxt.3.M4.c line 235 function OSEK_Task_ts1
Unwinding loop 1  iteration  2   file rekh_nxt.3.M4.c line 235 function OSEK_Task_ts1
Unwinding loop 1  iteration  1   file rekh_nxt.3.M4.c line 235 function OSEK_Task_ts1
Unwinding loop 1  iteration  2   file rekh_nxt.3.M4.c line 235 function OSEK_Task_ts1
Unwinding loop 1  iteration  1   file rekh_nxt.3.M4.c line 235 function OSEK_Task_ts1
Unwinding loop 1  iteration  2   file rekh_nxt.3.M4.c line 235 function OSEK_Task_ts1
Unwinding loop 1  iteration  1   file rekh_nxt.3.M4.c line 235 function OSEK_Task_ts1
Unwinding loop 1  iteration  2   file rekh_nxt.3.M4.c line 235 function OSEK_Task_ts1
Unwinding loop 1  iteration  1   file rekh_nxt.3.M4.c line 235 function OSEK_Task_ts1
Unwinding loop 1  iteration  2   file rekh_nxt.3.M4.c line 235 function OSEK_Task_ts1
Unwinding loop 1  iteration  1   file rekh_nxt.3.M4.c line 235 function OSEK_Task_ts1
Unwinding loop 1  iteration  2   file rekh_nxt.3.M4.c line 235 function OSEK_Task_ts1
Unwinding loop 1  iteration  1   file rekh_nxt.3.M4.c line 235 function OSEK_Task_ts1
Unwinding loop 1  iteration  2   file rekh_nxt.3.M4.c line 235 function OSEK_Task_ts1
Unwinding loop 1  iteration  1   file rekh_nxt.3.M4.c line 235 function OSEK_Task_ts1
Unwinding loop 1  iteration  2   file rekh_nxt.3.M4.c line 235 function OSEK_Task_ts1
Unwinding loop 1  iteration  1   file rekh_nxt.3.M4.c line 235 function OSEK_Task_ts1
Unwinding loop 1  iteration  2   file rekh_nxt.3.M4.c line 235 function OSEK_Task_ts1
Unwinding loop 1  iteration  1   file rekh_nxt.3.M4.c line 235 function OSEK_Task_ts1
Unwinding loop 1  iteration  2   file rekh_nxt.3.M4.c line 235 function OSEK_Task_ts1
Unwinding loop 1  iteration  1   file rekh_nxt.3.M4.c line 235 function OSEK_Task_ts1
Unwinding loop 1  iteration  2   file rekh_nxt.3.M4.c line 235 function OSEK_Task_ts1
Unwinding loop 1  iteration  1   file rekh_nxt.3.M4.c line 235 function OSEK_Task_ts1
Unwinding loop 1  iteration  2   file rekh_nxt.3.M4.c line 235 function OSEK_Task_ts1
Unwinding loop 1  iteration  1   file rekh_nxt.3.M4.c line 235 function OSEK_Task_ts1
Unwinding loop 1  iteration  2   file rekh_nxt.3.M4.c line 235 function OSEK_Task_ts1
Unwinding loop 1  iteration  1   file rekh_nxt.3.M4.c line 235 function OSEK_Task_ts1
Unwinding loop 1  iteration  2   file rekh_nxt.3.M4.c line 235 function OSEK_Task_ts1
Unwinding loop 1  iteration  1   file rekh_nxt.3.M4.c line 235 function OSEK_Task_ts1
Unwinding loop 1  iteration  2   file rekh_nxt.3.M4.c line 235 function OSEK_Task_ts1
Unwinding loop 1  iteration  1   file rekh_nxt.3.M4.c line 235 function OSEK_Task_ts1
Unwinding loop 1  iteration  2   file rekh_nxt.3.M4.c line 235 function OSEK_Task_ts1
Unwinding loop 1  iteration  1   file rekh_nxt.3.M4.c line 235 function OSEK_Task_ts1
Unwinding loop 1  iteration  2   file rekh_nxt.3.M4.c line 235 function OSEK_Task_ts1
Unwinding loop 1  iteration  1   file rekh_nxt.3.M4.c line 235 function OSEK_Task_ts1
Unwinding loop 1  iteration  2   file rekh_nxt.3.M4.c line 235 function OSEK_Task_ts1
Unwinding loop 1  iteration  1   file rekh_nxt.3.M4.c line 235 function OSEK_Task_ts1
Unwinding loop 1  iteration  2   file rekh_nxt.3.M4.c line 235 function OSEK_Task_ts1
Unwinding loop 1  iteration  1   file rekh_nxt.3.M4.c line 235 function OSEK_Task_ts1
Unwinding loop 1  iteration  2   file rekh_nxt.3.M4.c line 235 function OSEK_Task_ts1
Unwinding loop 1  iteration  1   file rekh_nxt.3.M4.c line 235 function OSEK_Task_ts1
Unwinding loop 1  iteration  2   file rekh_nxt.3.M4.c line 235 function OSEK_Task_ts1
Unwinding loop 1  iteration  1   file rekh_nxt.3.M4.c line 235 function OSEK_Task_ts1
Unwinding loop 1  iteration  2   file rekh_nxt.3.M4.c line 235 function OSEK_Task_ts1
Unwinding loop 1  iteration  1   file rekh_nxt.3.M4.c line 235 function OSEK_Task_ts1
Unwinding loop 1  iteration  2   file rekh_nxt.3.M4.c line 235 function OSEK_Task_ts1
Unwinding loop 1  iteration  1   file rekh_nxt.3.M4.c line 235 function OSEK_Task_ts1
Unwinding loop 1  iteration  2   file rekh_nxt.3.M4.c line 235 function OSEK_Task_ts1
Unwinding loop 1  iteration  1   file rekh_nxt.3.M4.c line 235 function OSEK_Task_ts1
Unwinding loop 1  iteration  2   file rekh_nxt.3.M4.c line 235 function OSEK_Task_ts1
Unwinding loop 1  iteration  1   file rekh_nxt.3.M4.c line 235 function OSEK_Task_ts1
Unwinding loop 1  iteration  2   file rekh_nxt.3.M4.c line 235 function OSEK_Task_ts1
Unwinding loop 1  iteration  1   file rekh_nxt.3.M4.c line 235 function OSEK_Task_ts1
Unwinding loop 1  iteration  2   file rekh_nxt.3.M4.c line 235 function OSEK_Task_ts1
Unwinding loop 1  iteration  1   file rekh_nxt.3.M4.c line 235 function OSEK_Task_ts1
Unwinding loop 1  iteration  2   file rekh_nxt.3.M4.c line 235 function OSEK_Task_ts1
Unwinding loop 1  iteration  1   file rekh_nxt.3.M4.c line 235 function OSEK_Task_ts1
Unwinding loop 1  iteration  2   file rekh_nxt.3.M4.c line 235 function OSEK_Task_ts1
Unwinding loop 1  iteration  1   file rekh_nxt.3.M4.c line 235 function OSEK_Task_ts1
Unwinding loop 1  iteration  2   file rekh_nxt.3.M4.c line 235 function OSEK_Task_ts1
Unwinding loop 1  iteration  1   file rekh_nxt.3.M4.c line 235 function OSEK_Task_ts1
Unwinding loop 1  iteration  2   file rekh_nxt.3.M4.c line 235 function OSEK_Task_ts1
Unwinding loop 1  iteration  1   file rekh_nxt.3.M4.c line 235 function OSEK_Task_ts1
Unwinding loop 1  iteration  2   file rekh_nxt.3.M4.c line 235 function OSEK_Task_ts1
Unwinding loop 1  iteration  1   file rekh_nxt.3.M4.c line 235 function OSEK_Task_ts1
Unwinding loop 1  iteration  2   file rekh_nxt.3.M4.c line 235 function OSEK_Task_ts1
Unwinding loop 1  iteration  1   file rekh_nxt.3.M4.c line 235 function OSEK_Task_ts1
Unwinding loop 1  iteration  2   file rekh_nxt.3.M4.c line 235 function OSEK_Task_ts1
Unwinding loop 1  iteration  1   file rekh_nxt.3.M4.c line 235 function OSEK_Task_ts1
Unwinding loop 1  iteration  2   file rekh_nxt.3.M4.c line 235 function OSEK_Task_ts1
Unwinding loop 1  iteration  1   file rekh_nxt.3.M4.c line 235 function OSEK_Task_ts1
Unwinding loop 1  iteration  2   file rekh_nxt.3.M4.c line 235 function OSEK_Task_ts1
Unwinding loop 1  iteration  1   file rekh_nxt.3.M4.c line 235 function OSEK_Task_ts1
Unwinding loop 1  iteration  2   file rekh_nxt.3.M4.c line 235 function OSEK_Task_ts1
Unwinding loop 1  iteration  1   file rekh_nxt.3.M4.c line 235 function OSEK_Task_ts1
Unwinding loop 1  iteration  2   file rekh_nxt.3.M4.c line 235 function OSEK_Task_ts1
Unwinding loop 1  iteration  1   file rekh_nxt.3.M4.c line 235 function OSEK_Task_ts1
Unwinding loop 1  iteration  2   file rekh_nxt.3.M4.c line 235 function OSEK_Task_ts1
Unwinding loop 1  iteration  1   file rekh_nxt.3.M4.c line 235 function OSEK_Task_ts1
Unwinding loop 1  iteration  2   file rekh_nxt.3.M4.c line 235 function OSEK_Task_ts1
Unwinding loop 1  iteration  1   file rekh_nxt.3.M4.c line 235 function OSEK_Task_ts1
Unwinding loop 1  iteration  2   file rekh_nxt.3.M4.c line 235 function OSEK_Task_ts1
Unwinding loop 1  iteration  1   file rekh_nxt.3.M4.c line 235 function OSEK_Task_ts1
Unwinding loop 1  iteration  2   file rekh_nxt.3.M4.c line 235 function OSEK_Task_ts1
Unwinding loop 1  iteration  1   file rekh_nxt.3.M4.c line 235 function OSEK_Task_ts1
Unwinding loop 1  iteration  2   file rekh_nxt.3.M4.c line 235 function OSEK_Task_ts1
Unwinding loop 1  iteration  1   file rekh_nxt.3.M4.c line 235 function OSEK_Task_ts1
Unwinding loop 1  iteration  2   file rekh_nxt.3.M4.c line 235 function OSEK_Task_ts1
Unwinding loop 1  iteration  1   file rekh_nxt.3.M4.c line 235 function OSEK_Task_ts1
Unwinding loop 1  iteration  2   file rekh_nxt.3.M4.c line 235 function OSEK_Task_ts1
Unwinding loop 1  iteration  1   file rekh_nxt.3.M4.c line 235 function OSEK_Task_ts1
Unwinding loop 1  iteration  2   file rekh_nxt.3.M4.c line 235 function OSEK_Task_ts1
Unwinding loop 1  iteration  1   file rekh_nxt.3.M4.c line 235 function OSEK_Task_ts1
Unwinding loop 1  iteration  2   file rekh_nxt.3.M4.c line 235 function OSEK_Task_ts1
Unwinding loop 1  iteration  1   file rekh_nxt.3.M4.c line 235 function OSEK_Task_ts1
Unwinding loop 1  iteration  2   file rekh_nxt.3.M4.c line 235 function OSEK_Task_ts1
Unwinding loop 1  iteration  1   file rekh_nxt.3.M4.c line 235 function OSEK_Task_ts1
Unwinding loop 1  iteration  2   file rekh_nxt.3.M4.c line 235 function OSEK_Task_ts1
Unwinding loop 1  iteration  1   file rekh_nxt.3.M4.c line 235 function OSEK_Task_ts1
Unwinding loop 1  iteration  2   file rekh_nxt.3.M4.c line 235 function OSEK_Task_ts1
Unwinding loop 1  iteration  1   file rekh_nxt.3.M4.c line 235 function OSEK_Task_ts1
Unwinding loop 1  iteration  2   file rekh_nxt.3.M4.c line 235 function OSEK_Task_ts1
Symex completed in: 13.104s (32643 assignments)
Slicing time: 1.087s (removed 17559 assignments)
Generated 0 VCC(s), 0 remaining after simplification (15084 assignments)
BMC program time: 14.191s
Building successful trace

VERIFICATION SUCCESSFUL

Solution found by the forward condition; all states are reachable (k = 3


TRUE
