./esbmc-wrapper.py -p ../sv-benchmarks/c/properties/unreach-call.prp -s kinduction --arch 32 ../sv-benchmarks/c/array-lopstr16/break-1.i


--------------------------------------------------------------------------------


Verifying with ESBMC
Command: ./esbmc --no-div-by-zero-check --force-malloc-success --state-hashing --no-align-check --k-step 2 --floatbv --unlimited-k-steps ../sv-benchmarks/c/array-lopstr16/break-1.i --32 --witness-output break-1.i.graphml --no-pointer-check --no-bounds-check --interval-analysis --k-induction --max-inductive-step 3 
ESBMC version 6.8.0 64-bit x86_64 linux
Target: 32-bit little-endian x86_64-unknown-linux with esbmc libc
file ../sv-benchmarks/c/array-lopstr16/break-1.i: Parsing
Converting
Generating GOTO Program
GOTO program creation time: 0.086s
GOTO program processing time: 0.001s
*** Checking base case, k = 1
Starting Bounded Model Checking
Not unwinding 
Not unwinding 
Symex completed in: 0.001s (37 assignments)
Slicing time: 0.000s (removed 26 assignments)
Generated 1 VCC(s), 1 remaining after simplification (11 assignments)
No solver specified; defaulting to Boolector
Encoding remaining VCC(s) using bit-vector/floating-point arithmetic
Encoding to solver time: 0.000s
Solving with solver Boolector 3.2.1
Encoding to solver time: 0.000s
Runtime decision procedure: 0.000s
BMC program time: 0.002s
No bug has been found in the base case
*** Checking forward condition, k = 1
Starting Bounded Model Checking
Not unwinding 
Not unwinding 
Symex completed in: 0.001s (36 assignments)
Slicing time: 0.000s (removed 26 assignments)
Generated 2 VCC(s), 2 remaining after simplification (10 assignments)
No solver specified; defaulting to Boolector
Encoding remaining VCC(s) using bit-vector/floating-point arithmetic
Encoding to solver time: 0.000s
Solving with solver Boolector 3.2.1
Encoding to solver time: 0.000s
Runtime decision procedure: 0.001s
The forward condition is unable to prove the property
*** Checking base case, k = 3
Starting Bounded Model Checking
Unwinding loop 1  iteration  1   file break-1.i line 25 function main
Unwinding loop 1  iteration  2   file break-1.i line 25 function main
Not unwinding 
Unwinding loop 2  iteration  1   file break-1.i line 31 function main
Unwinding loop 2  iteration  2   file break-1.i line 31 function main
Not unwinding 
Symex completed in: 0.001s (77 assignments)
Slicing time: 0.000s (removed 49 assignments)
Generated 3 VCC(s), 3 remaining after simplification (28 assignments)
No solver specified; defaulting to Boolector
Encoding remaining VCC(s) using bit-vector/floating-point arithmetic
Encoding to solver time: 0.001s
Solving with solver Boolector 3.2.1
Encoding to solver time: 0.001s
Runtime decision procedure: 0.001s
BMC program time: 0.004s
No bug has been found in the base case
*** Checking forward condition, k = 3
Starting Bounded Model Checking
Unwinding loop 1  iteration  1   file break-1.i line 25 function main
Unwinding loop 1  iteration  2   file break-1.i line 25 function main
Not unwinding 
Unwinding loop 2  iteration  1   file break-1.i line 31 function main
Unwinding loop 2  iteration  2   file break-1.i line 31 function main
Not unwinding 
Symex completed in: 0.001s (74 assignments)
Slicing time: 0.000s (removed 49 assignments)
Generated 2 VCC(s), 2 remaining after simplification (25 assignments)
No solver specified; defaulting to Boolector
Encoding remaining VCC(s) using bit-vector/floating-point arithmetic
Encoding to solver time: 0.001s
Solving with solver Boolector 3.2.1
Encoding to solver time: 0.001s
Runtime decision procedure: 0.032s
The forward condition is unable to prove the property
*** Checking inductive step, k = 3
Starting Bounded Model Checking
Unwinding loop 1  iteration  1   file break-1.i line 25 function main
Unwinding loop 1  iteration  2   file break-1.i line 25 function main
Not unwinding 
Unwinding loop 2  iteration  1   file break-1.i line 31 function main
Unwinding loop 2  iteration  2   file break-1.i line 31 function main
Not unwinding 
Symex completed in: 0.003s (124 assignments)
Slicing time: 0.000s (removed 62 assignments)
Generated 1 VCC(s), 1 remaining after simplification (62 assignments)
No solver specified; defaulting to Boolector
Encoding remaining VCC(s) using bit-vector/floating-point arithmetic
Encoding to solver time: 0.003s
Solving with solver Boolector 3.2.1
Encoding to solver time: 0.003s
Runtime decision procedure: 0.226s
The inductive step is unable to prove the property
*** Checking base case, k = 5
Starting Bounded Model Checking
Unwinding loop 1  iteration  1   file break-1.i line 25 function main
Unwinding loop 1  iteration  2   file break-1.i line 25 function main
Unwinding loop 1  iteration  3   file break-1.i line 25 function main
Unwinding loop 1  iteration  4   file break-1.i line 25 function main
Not unwinding 
Unwinding loop 2  iteration  1   file break-1.i line 31 function main
Unwinding loop 2  iteration  2   file break-1.i line 31 function main
Unwinding loop 2  iteration  3   file break-1.i line 31 function main
Unwinding loop 2  iteration  4   file break-1.i line 31 function main
Not unwinding 
Symex completed in: 0.003s (117 assignments)
Slicing time: 0.000s (removed 73 assignments)
Generated 5 VCC(s), 5 remaining after simplification (44 assignments)
No solver specified; defaulting to Boolector
Encoding remaining VCC(s) using bit-vector/floating-point arithmetic
Encoding to solver time: 0.003s
Solving with solver Boolector 3.2.1
Encoding to solver time: 0.003s
Runtime decision procedure: 0.001s
BMC program time: 0.007s
No bug has been found in the base case
*** Checking forward condition, k = 5
Starting Bounded Model Checking
Unwinding loop 1  iteration  1   file break-1.i line 25 function main
Unwinding loop 1  iteration  2   file break-1.i line 25 function main
Unwinding loop 1  iteration  3   file break-1.i line 25 function main
Unwinding loop 1  iteration  4   file break-1.i line 25 function main
Not unwinding 
Unwinding loop 2  iteration  1   file break-1.i line 31 function main
Unwinding loop 2  iteration  2   file break-1.i line 31 function main
Unwinding loop 2  iteration  3   file break-1.i line 31 function main
Unwinding loop 2  iteration  4   file break-1.i line 31 function main
Not unwinding 
Symex completed in: 0.002s (112 assignments)
Slicing time: 0.001s (removed 73 assignments)
Generated 2 VCC(s), 2 remaining after simplification (39 assignments)
No solver specified; defaulting to Boolector
Encoding remaining VCC(s) using bit-vector/floating-point arithmetic
Encoding to solver time: 0.003s
Solving with solver Boolector 3.2.1
Encoding to solver time: 0.003s
Runtime decision procedure: 0.113s
The forward condition is unable to prove the property
*** Checking base case, k = 7
Starting Bounded Model Checking
Unwinding loop 1  iteration  1   file break-1.i line 25 function main
Unwinding loop 1  iteration  2   file break-1.i line 25 function main
Unwinding loop 1  iteration  3   file break-1.i line 25 function main
Unwinding loop 1  iteration  4   file break-1.i line 25 function main
Unwinding loop 1  iteration  5   file break-1.i line 25 function main
Unwinding loop 1  iteration  6   file break-1.i line 25 function main
Not unwinding 
Unwinding loop 2  iteration  1   file break-1.i line 31 function main
Unwinding loop 2  iteration  2   file break-1.i line 31 function main
Unwinding loop 2  iteration  3   file break-1.i line 31 function main
Unwinding loop 2  iteration  4   file break-1.i line 31 function main
Unwinding loop 2  iteration  5   file break-1.i line 31 function main
Unwinding loop 2  iteration  6   file break-1.i line 31 function main
Not unwinding 
Symex completed in: 0.004s (157 assignments)
Slicing time: 0.000s (removed 97 assignments)
Generated 7 VCC(s), 7 remaining after simplification (60 assignments)
No solver specified; defaulting to Boolector
Encoding remaining VCC(s) using bit-vector/floating-point arithmetic
Encoding to solver time: 0.005s
Solving with solver Boolector 3.2.1
Encoding to solver time: 0.005s
Runtime decision procedure: 0.001s
BMC program time: 0.011s
No bug has been found in the base case
*** Checking forward condition, k = 7
Starting Bounded Model Checking
Unwinding loop 1  iteration  1   file break-1.i line 25 function main
Unwinding loop 1  iteration  2   file break-1.i line 25 function main
Unwinding loop 1  iteration  3   file break-1.i line 25 function main
Unwinding loop 1  iteration  4   file break-1.i line 25 function main
Unwinding loop 1  iteration  5   file break-1.i line 25 function main
Unwinding loop 1  iteration  6   file break-1.i line 25 function main
Not unwinding 
Unwinding loop 2  iteration  1   file break-1.i line 31 function main
Unwinding loop 2  iteration  2   fil

Unknown
