./esbmc-wrapper.py -p ../sv-benchmarks/c/properties/unreach-call.prp -s kinduction --arch 64 ../sv-benchmarks/c/ldv-linux-3.4-simple/43_1a_cilled_ok_nondet_linux-43_1a-drivers--net--team--team_mode_roundrobin.ko-ldv_main0_sequence_infinite_withcheck_stateful.cil.out.i


--------------------------------------------------------------------------------


Verifying with ESBMC
Command: ./esbmc --no-div-by-zero-check --force-malloc-success --state-hashing --no-align-check --k-step 2 --floatbv --unlimited-k-steps ../sv-benchmarks/c/ldv-linux-3.4-simple/43_1a_cilled_ok_nondet_linux-43_1a-drivers--net--team--team_mode_roundrobin.ko-ldv_main0_sequence_infinite_withcheck_stateful.cil.out.i --64 --witness-output 43_1a_cilled_ok_nondet_linux-43_1a-drivers--net--team--team_mode_roundrobin.ko-ldv_main0_sequence_infinite_withcheck_stateful.cil.out.i.graphml --no-pointer-check --no-bounds-check --interval-analysis --k-induction --max-inductive-step 3 
ESBMC version 6.8.0 64-bit x86_64 linux
Target: 64-bit little-endian x86_64-unknown-linux with esbmc libc
file ../sv-benchmarks/c/ldv-linux-3.4-simple/43_1a_cilled_ok_nondet_linux-43_1a-drivers--net--team--team_mode_roundrobin.ko-ldv_main0_sequence_infinite_withcheck_stateful.cil.out.i: Parsing
Converting
Generating GOTO Program
GOTO program creation time: 0.215s
GOTO program processing time: 0.007s
*** Checking base case, k = 1
Starting Bounded Model Checking
Not unwinding 
Symex completed in: 0.002s (25 assignments)
Slicing time: 0.000s (removed 17 assignments)
Generated 0 VCC(s), 0 remaining after simplification (8 assignments)
BMC program time: 0.002s
No bug has been found in the base case
*** Checking forward condition, k = 1
Starting Bounded Model Checking
Not unwinding 
Symex completed in: 0.001s (25 assignments)
Slicing time: 0.000s (removed 17 assignments)
Generated 1 VCC(s), 1 remaining after simplification (8 assignments)
No solver specified; defaulting to Boolector
Encoding remaining VCC(s) using bit-vector/floating-point arithmetic
Encoding to solver time: 0.001s
Solving with solver Boolector 3.2.1
Encoding to solver time: 0.001s
Runtime decision procedure: 0.000s
The forward condition is unable to prove the property
*** Checking base case, k = 3
Starting Bounded Model Checking
Unwinding loop 4  iteration  1   file 43_1a_cilled_ok_nondet_linux-43_1a-drivers--net--team--team_mode_roundrobin.ko-ldv_main0_sequence_infinite_withcheck_stateful.cil.out.i line 4887 function main
Unwinding loop 1  iteration  1   file 43_1a_cilled_ok_nondet_linux-43_1a-drivers--net--team--team_mode_roundrobin.ko-ldv_main0_sequence_infinite_withcheck_stateful.cil.out.i line 4451 function team_get_port_by_index_rcu
Unwinding loop 1  iteration  2   file 43_1a_cilled_ok_nondet_linux-43_1a-drivers--net--team--team_mode_roundrobin.ko-ldv_main0_sequence_infinite_withcheck_stateful.cil.out.i line 4451 function team_get_port_by_index_rcu
Not unwinding 
Unwinding loop 2  iteration  1   file 43_1a_cilled_ok_nondet_linux-43_1a-drivers--net--team--team_mode_roundrobin.ko-ldv_main0_sequence_infinite_withcheck_stateful.cil.out.i line 4626 function __get_first_port_up
Unwinding loop 2  iteration  2   file 43_1a_cilled_ok_nondet_linux-43_1a-drivers--net--team--team_mode_roundrobin.ko-ldv_main0_sequence_infinite_withcheck_stateful.cil.out.i line 4626 function __get_first_port_up
Not unwinding 
Unwinding loop 3  iteration  1   file 43_1a_cilled_ok_nondet_linux-43_1a-drivers--net--team--team_mode_roundrobin.ko-ldv_main0_sequence_infinite_withcheck_stateful.cil.out.i line 4706 function __get_first_port_up
Unwinding loop 3  iteration  2   file 43_1a_cilled_ok_nondet_linux-43_1a-drivers--net--team--team_mode_roundrobin.ko-ldv_main0_sequence_infinite_withcheck_stateful.cil.out.i line 4706 function __get_first_port_up
Not unwinding 
Unwinding loop 4  iteration  2   file 43_1a_cilled_ok_nondet_linux-43_1a-drivers--net--team--team_mode_roundrobin.ko-ldv_main0_sequence_infinite_withcheck_stateful.cil.out.i line 4887 function main
Unwinding loop 1  iteration  1   file 43_1a_cilled_ok_nondet_linux-43_1a-drivers--net--team--team_mode_roundrobin.ko-ldv_main0_sequence_infinite_withcheck_stateful.cil.out.i line 4451 function team_get_port_by_index_rcu
Unwinding loop 1  iteration  2   file 43_1a_cilled_ok_nondet_linux-43_1a-drivers--net--team--team_mode_roundrobin.ko-ldv_main0_sequence_infinite_withcheck_stateful.cil.out.i line 4451 function team_get_port_by_index_rcu
Not unwinding 
Unwinding loop 2  iteration  1   file 43_1a_cilled_ok_nondet_linux-43_1a-drivers--net--team--team_mode_roundrobin.ko-ldv_main0_sequence_infinite_withcheck_stateful.cil.out.i line 4626 function __get_first_port_up
Unwinding loop 2  iteration  2   file 43_1a_cilled_ok_nondet_linux-43_1a-drivers--net--team--team_mode_roundrobin.ko-ldv_main0_sequence_infinite_withcheck_stateful.cil.out.i line 4626 function __get_first_port_up
Not unwinding 
Unwinding loop 3  iteration  1   file 43_1a_cilled_ok_nondet_linux-43_1a-drivers--net--team--team_mode_roundrobin.ko-ldv_main0_sequence_infinite_withcheck_stateful.cil.out.i line 4706 function __get_first_port_up
Unwinding loop 3  iteration  2   file 43_1a_cilled_ok_nondet_linux-43_1a-drivers--net--team--team_mode_roundrobin.ko-ldv_main0_sequence_infinite_withcheck_stateful.cil.out.i line 4706 function __get_first_port_up
Not unwinding 
Not unwinding 
Symex completed in: 0.073s (1338 assignments)
Slicing time: 0.005s (removed 1024 assignments)
Generated 0 VCC(s), 0 remaining after simplification (314 assignments)
BMC program time: 0.078s
No bug has been found in the base case
*** Checking forward condition, k = 3
Starting Bounded Model Checking
Unwinding loop 4  iteration  1   file 43_1a_cilled_ok_nondet_linux-43_1a-drivers--net--team--team_mode_roundrobin.ko-ldv_main0_sequence_infinite_withcheck_stateful.cil.out.i line 4887 function main
Unwinding loop 1  iteration  1   file 43_1a_cilled_ok_nondet_linux-43_1a-drivers--net--team--team_mode_roundrobin.ko-ldv_main0_sequence_infinite_withcheck_stateful.cil.out.i line 4451 function team_get_port_by_index_rcu
Unwinding loop 1  iteration  2   file 43_1a_cilled_ok_nondet_linux-43_1a-drivers--net--team--team_mode_roundrobin.ko-ldv_main0_sequence_infinite_withcheck_stateful.cil.out.i line 4451 function team_get_port_by_index_rcu
Not unwinding 
Unwinding loop 2  iteration  1   file 43_1a_cilled_ok_nondet_linux-43_1a-drivers--net--team--team_mode_roundrobin.ko-ldv_main0_sequence_infinite_withcheck_stateful.cil.out.i line 4626 function __get_first_port_up
Unwinding loop 2  iteration  2   file 43_1a_cilled_ok_nondet_linux-43_1a-drivers--net--team--team_mode_roundrobin.ko-ldv_main0_sequence_infinite_withcheck_stateful.cil.out.i line 4626 function __get_first_port_up
Not unwinding 
Unwinding loop 3  iteration  1   file 43_1a_cilled_ok_nondet_linux-43_1a-drivers--net--team--team_mode_roundrobin.ko-ldv_main0_sequence_infinite_withcheck_stateful.cil.out.i line 4706 function __get_first_port_up
Unwinding loop 3  iteration  2   file 43_1a_cilled_ok_nondet_linux-43_1a-drivers--net--team--team_mode_roundrobin.ko-ldv_main0_sequence_infinite_withcheck_stateful.cil.out.i line 4706 function __get_first_port_up
Not unwinding 
Unwinding loop 4  iteration  2   file 43_1a_cilled_ok_nondet_linux-43_1a-drivers--net--team--team_mode_roundrobin.ko-ldv_main0_sequence_infinite_withcheck_stateful.cil.out.i line 4887 function main
Unwinding loop 1  iteration  1   file 43_1a_cilled_ok_nondet_linux-43_1a-drivers--net--team--team_mode_roundrobin.ko-ldv_main0_sequence_infinite_withcheck_stateful.cil.out.i line 4451 function team_get_port_by_index_rcu
Unwinding loop 1  iteration  2   file 43_1a_cilled_ok_nondet_linux-43_1a-drivers--net--team--team_mode_roundrobin.ko-ldv_main0_sequence_infinite_withcheck_stateful.cil.out.i line 4451 function team_get_port_by_index_rcu
Not unwinding 
Unwinding loop 2  iteration  1   file 43_1a_cilled_ok_nondet_linux-43_1a-drivers--net--team--team_mode_roundrobin.ko-ldv_main0_sequence_infinite_withcheck_stateful.cil.out.i line 4626 function __get_first_port_up
Unwinding loop 2  iteration  2   file 43_1a_cilled_ok_nondet_linux-43_1a-drivers--net--team--team_mode_roundrobin.ko-ldv_main0_sequence_infinite_withcheck_stateful.cil.out.i line 4626 function __get_first_port_up
Not unwinding 
Unwinding loop 3  iteration  1   file 43_1a_cilled_ok_nondet_linux-43_1a-drivers--net--team--team_mode_roundrobin.ko-ldv_main0_sequence_infinite_withcheck_stateful.cil.out.i line 4706 function __get_first_port_up
Unwinding loop 3  iteration  2   file 43_1a_cilled_ok_nondet_linux-43_1a-drivers--net--team--team_mode_roundrobin.ko-ldv_main0_sequence_infinite_withcheck_stateful.cil.out.i line 4706 function __get_first_port_up
Not unwinding 
Not unwinding 
Symex completed in: 0.077s (1338 assignments)
Slicing time: 0.005s (removed 1024 assignments)
Generated 7 VCC(s), 7 remaining after simplification (314 assignments)
No solver specified; defaulting to Boolector
Encoding remaining VCC(s) using bit-vector/floating-point arithmetic
Encoding to solver time: 0.017s
Solving with solver Boolector 3.2.1
Encoding to solver time: 0.017s
Runtime decision procedure: 8.821s
The forward condition is unable to prove the property
*** Checking inductive step, k = 3
Starting Bounded Model Checking
Unwinding loop 4  iteration  1   file 43_1a_cilled_ok_nondet_linux-43_1a-drivers--net--team--team_mode_roundrobin.ko-ldv_main0_sequence_infinite_withcheck_stateful.cil.out.i line 4887 function main
Unwinding loop 1  iteration  1   file 43_1a_cilled_ok_nondet_linux-43_1a-drivers--net--team--team_mode_roundrobin.ko-ldv_main0_sequence_infinite_withcheck_stateful.cil.out.i line 4451 function team_get_port_by_index_rcu
Unwinding loop 1  iteration  2   file 43_1a_cilled_ok_nondet_linux-43_1a-drivers--net--team--team_mode_roundrobin.ko-ldv_main0_sequence_infinite_withcheck_stateful.cil.out.i line 4451 function team_get_port_by_index_rcu
Not unwinding 
Unwinding loop 2  iteration  1   file 43_1a_cilled_ok_nondet_linux-43_1a-drivers--net--team--team_mode_roundrobin.ko-ldv_main0_sequence_infinite_withcheck_stateful.cil.out.i line 4626 function __get_first_port_up
Unwinding loop 2  iteration  2   file 43_1a_cilled_ok_nondet_linux-43_1a-drivers--net--team--team_mode_roundrobin.ko-ldv_main0_sequence_infinite_withcheck_stateful.cil.out.i line 4626 function __get_first_port_up
Not unwinding 
Unwinding loop 3  iteration  1   file 43_1a_cilled_ok_nondet_linux-43_1a-drivers--net--team--team_mode_roundrobin.ko-ldv_main0_sequence_infinite_withcheck_stateful.cil.out.i line 4706 function __get_first_port_up
Unwinding loop 3  iteration  2   file 43_1a_cilled_ok_nondet_linux-43_1a-drivers--net--team--team_mode_roundrobin.ko-ldv_main0_sequence_infinite_withcheck_stateful.cil.out.i line 4706 function __get_first_port_up
Not unwinding 
Unwinding loop 4  iteration  2   file 43_1a_cilled_ok_nondet_linux-43_1a-drivers--net--team--team_mode_roundrobin.ko-ldv_main0_sequence_infinite_withcheck_stateful.cil.out.i line 4887 function main
Unwinding loop 1  iteration  1   file 43_1a_cilled_ok_nondet_linux-43_1a-drivers--net--team--team_mode_roundrobin.ko-ldv_main0_sequence_infinite_withcheck_stateful.cil.out.i line 4451 function team_get_port_by_index_rcu
Unwinding loop 1  iteration  2   file 43_1a_cilled_ok_nondet_linux-43_1a-drivers--net--team--team_mode_roundrobin.ko-ldv_main0_sequence_infinite_withcheck_stateful.cil.out.i line 4451 function team_get_port_by_index_rcu
Not unwinding 
Unwinding loop 2  iteration  1   file 43_1a_cilled_ok_nondet_linux-43_1a-drivers--net--team--team_mode_roundrobin.ko-ldv_main0_sequence_infinite_withcheck_stateful.cil.out.i line 4626 function __get_first_port_up
Unwinding loop 2  iteration  2   file 43_1a_cilled_ok_nondet_linux-43_1a-drivers--net--team--team_mode_roundrobin.ko-ldv_main0_sequence_infinite_withcheck_stateful.cil.out.i line 4626 function __get_first_port_up
Not unwinding 
Unwinding loop 3  iteration  1   file 43_1a_cilled_ok_nondet_linux-43_1a-drivers--net--team--team_mode_roundrobin.ko-ldv_main0_sequence_infinite_withcheck_stateful.cil.out.i line 4706 function __get_first_port_up
Unwinding loop 3  iteration  2   file 43_1a_cilled_ok_nondet_linux-43_1a-drivers--net--team--team_mode_roundrobin.ko-ldv_main0_sequence_infinite_withcheck_stateful.cil.out.i line 4706 function __get_first_port_up
Not unwinding 
Not unwinding 
Symex completed in: 0.091s (1473 assignments)
Slicing time: 0.011s (removed 760 assignments)
Generated 0 VCC(s), 0 remaining after simplification (713 assignments)
BMC program time: 0.102s
Building successful trace

VERIFICATION SUCCESSFUL

Solution found by the inductive step (k = 3)

../sv-benchmarks/c/ldv-linux-3.4-simple/43_1a_cilled_ok_nondet_linux-43_1a-drivers--net--team--team_mode_roundrobin.ko-ldv_main0_sequence_infinite_withcheck_stateful.cil.out.i:4825:1: warning: return type of 'main' is not 'int' [-Wmain-return-type]
void main(void)
^
../sv-benchmarks/c/ldv-linux-3.4-simple/43_1a_cilled_ok_nondet_linux-43_1a-drivers--net--team--team_mode_roundrobin.ko-ldv_main0_sequence_infinite_withcheck_stateful.cil.out.i:4825:1: note: change return type to 'int'
void main(void)
^~~~
int

TRUE
