./esbmc-wrapper.py -p ../sv-benchmarks/c/properties/unreach-call.prp -s kinduction --arch 64 ../sv-benchmarks/c/ldv-linux-3.4-simple/43_1a_cilled_ok_nondet_linux-43_1a-drivers--media--video--gspca--gspca_pac207.ko-ldv_main0_sequence_infinite_withcheck_stateful.cil.out.i


--------------------------------------------------------------------------------


Verifying with ESBMC
Command: ./esbmc --no-div-by-zero-check --force-malloc-success --state-hashing --no-align-check --k-step 2 --floatbv --unlimited-k-steps ../sv-benchmarks/c/ldv-linux-3.4-simple/43_1a_cilled_ok_nondet_linux-43_1a-drivers--media--video--gspca--gspca_pac207.ko-ldv_main0_sequence_infinite_withcheck_stateful.cil.out.i --64 --witness-output 43_1a_cilled_ok_nondet_linux-43_1a-drivers--media--video--gspca--gspca_pac207.ko-ldv_main0_sequence_infinite_withcheck_stateful.cil.out.i.graphml --no-pointer-check --no-bounds-check --interval-analysis --k-induction --max-inductive-step 3 
ESBMC version 6.8.0 64-bit x86_64 linux
Target: 64-bit little-endian x86_64-unknown-linux with esbmc libc
file ../sv-benchmarks/c/ldv-linux-3.4-simple/43_1a_cilled_ok_nondet_linux-43_1a-drivers--media--video--gspca--gspca_pac207.ko-ldv_main0_sequence_infinite_withcheck_stateful.cil.out.i: Parsing
Converting
Generating GOTO Program
GOTO program creation time: 0.461s
GOTO program processing time: 0.034s
*** Checking base case, k = 1
Starting Bounded Model Checking
Not unwinding 
Symex completed in: 0.004s (22 assignments)
Slicing time: 0.000s (removed 18 assignments)
Generated 0 VCC(s), 0 remaining after simplification (4 assignments)
BMC program time: 0.004s
No bug has been found in the base case
*** Checking forward condition, k = 1
Starting Bounded Model Checking
Not unwinding 
Symex completed in: 0.004s (22 assignments)
Slicing time: 0.000s (removed 18 assignments)
Generated 1 VCC(s), 1 remaining after simplification (4 assignments)
No solver specified; defaulting to Boolector
Encoding remaining VCC(s) using bit-vector/floating-point arithmetic
Encoding to solver time: 0.000s
Solving with solver Boolector 3.2.1
Encoding to solver time: 0.000s
Runtime decision procedure: 0.001s
The forward condition is unable to prove the property
*** Checking base case, k = 3
Starting Bounded Model Checking
Unwinding loop 4  iteration  1   file 43_1a_cilled_ok_nondet_linux-43_1a-drivers--media--video--gspca--gspca_pac207.ko-ldv_main0_sequence_infinite_withcheck_stateful.cil.out.i line 5196 function main
Unwinding loop 1  iteration  1   file string.c line 292 function memmove
Unwinding loop 1  iteration  2   file string.c line 292 function memmove
Not unwinding 
Unwinding loop 2  iteration  1   file string.c line 297 function memmove
Unwinding loop 2  iteration  2   file string.c line 297 function memmove
Not unwinding 
Unwinding loop 3  iteration  1   file 43_1a_cilled_ok_nondet_linux-43_1a-drivers--media--video--gspca--gspca_pac207.ko-ldv_main0_sequence_infinite_withcheck_stateful.cil.out.i line 4436 function pac_find_sof
Unwinding loop 3  iteration  2   file 43_1a_cilled_ok_nondet_linux-43_1a-drivers--media--video--gspca--gspca_pac207.ko-ldv_main0_sequence_infinite_withcheck_stateful.cil.out.i line 4436 function pac_find_sof
Not unwinding 
Unwinding loop 4  iteration  2   file 43_1a_cilled_ok_nondet_linux-43_1a-drivers--media--video--gspca--gspca_pac207.ko-ldv_main0_sequence_infinite_withcheck_stateful.cil.out.i line 5196 function main
Unwinding loop 1  iteration  1   file string.c line 292 function memmove
Unwinding loop 1  iteration  2   file string.c line 292 function memmove
Not unwinding 
Unwinding loop 2  iteration  1   file string.c line 297 function memmove
Unwinding loop 2  iteration  2   file string.c line 297 function memmove
Not unwinding 
Unwinding loop 3  iteration  1   file 43_1a_cilled_ok_nondet_linux-43_1a-drivers--media--video--gspca--gspca_pac207.ko-ldv_main0_sequence_infinite_withcheck_stateful.cil.out.i line 4436 function pac_find_sof
Unwinding loop 3  iteration  2   file 43_1a_cilled_ok_nondet_linux-43_1a-drivers--media--video--gspca--gspca_pac207.ko-ldv_main0_sequence_infinite_withcheck_stateful.cil.out.i line 4436 function pac_find_sof
Not unwinding 
Not unwinding 
Symex completed in: 0.195s (2107 assignments)
Slicing time: 0.006s (removed 2017 assignments)
Generated 0 VCC(s), 0 remaining after simplification (90 assignments)
BMC program time: 0.201s
No bug has been found in the base case
*** Checking forward condition, k = 3
Starting Bounded Model Checking
Unwinding loop 4  iteration  1   file 43_1a_cilled_ok_nondet_linux-43_1a-drivers--media--video--gspca--gspca_pac207.ko-ldv_main0_sequence_infinite_withcheck_stateful.cil.out.i line 5196 function main
Unwinding loop 1  iteration  1   file string.c line 292 function memmove
Unwinding loop 1  iteration  2   file string.c line 292 function memmove
Not unwinding 
Unwinding loop 2  iteration  1   file string.c line 297 function memmove
Unwinding loop 2  iteration  2   file string.c line 297 function memmove
Not unwinding 
Unwinding loop 3  iteration  1   file 43_1a_cilled_ok_nondet_linux-43_1a-drivers--media--video--gspca--gspca_pac207.ko-ldv_main0_sequence_infinite_withcheck_stateful.cil.out.i line 4436 function pac_find_sof
Unwinding loop 3  iteration  2   file 43_1a_cilled_ok_nondet_linux-43_1a-drivers--media--video--gspca--gspca_pac207.ko-ldv_main0_sequence_infinite_withcheck_stateful.cil.out.i line 4436 function pac_find_sof
Not unwinding 
Unwinding loop 4  iteration  2   file 43_1a_cilled_ok_nondet_linux-43_1a-drivers--media--video--gspca--gspca_pac207.ko-ldv_main0_sequence_infinite_withcheck_stateful.cil.out.i line 5196 function main
Unwinding loop 1  iteration  1   file string.c line 292 function memmove
Unwinding loop 1  iteration  2   file string.c line 292 function memmove
Not unwinding 
Unwinding loop 2  iteration  1   file string.c line 297 function memmove
Unwinding loop 2  iteration  2   file string.c line 297 function memmove
Not unwinding 
Unwinding loop 3  iteration  1   file 43_1a_cilled_ok_nondet_linux-43_1a-drivers--media--video--gspca--gspca_pac207.ko-ldv_main0_sequence_infinite_withcheck_stateful.cil.out.i line 4436 function pac_find_sof
Unwinding loop 3  iteration  2   file 43_1a_cilled_ok_nondet_linux-43_1a-drivers--media--video--gspca--gspca_pac207.ko-ldv_main0_sequence_infinite_withcheck_stateful.cil.out.i line 4436 function pac_find_sof
Not unwinding 
Not unwinding 
Symex completed in: 0.215s (2107 assignments)
Slicing time: 0.006s (removed 2017 assignments)
Generated 7 VCC(s), 7 remaining after simplification (90 assignments)
No solver specified; defaulting to Boolector
Encoding remaining VCC(s) using bit-vector/floating-point arithmetic
Encoding to solver time: 0.004s
Solving with solver Boolector 3.2.1
Encoding to solver time: 0.004s
Runtime decision procedure: 0.094s
The forward condition is unable to prove the property
*** Checking inductive step, k = 3
Starting Bounded Model Checking
Unwinding loop 4  iteration  1   file 43_1a_cilled_ok_nondet_linux-43_1a-drivers--media--video--gspca--gspca_pac207.ko-ldv_main0_sequence_infinite_withcheck_stateful.cil.out.i line 5196 function main
Unwinding loop 1  iteration  1   file string.c line 292 function memmove
Unwinding loop 1  iteration  2   file string.c line 292 function memmove
Not unwinding 
Unwinding loop 2  iteration  1   file string.c line 297 function memmove
Unwinding loop 2  iteration  2   file string.c line 297 function memmove
Not unwinding 
Unwinding loop 1  iteration  1   file string.c line 292 function memmove
Unwinding loop 1  iteration  2   file string.c line 292 function memmove
Not unwinding 
Unwinding loop 2  iteration  1   file string.c line 297 function memmove
Unwinding loop 2  iteration  2   file string.c line 297 function memmove
Not unwinding 
Unwinding loop 1  iteration  1   file string.c line 292 function memmove
Unwinding loop 1  iteration  2   file string.c line 292 function memmove
Not unwinding 
Unwinding loop 2  iteration  1   file string.c line 297 function memmove
Unwinding loop 2  iteration  2   file string.c line 297 function memmove
Not unwinding 
Unwinding loop 1  iteration  1   file string.c line 292 function memmove
Unwinding loop 1  iteration  2   file string.c line 292 function memmove
Not unwinding 
Unwinding loop 2  iteration  1   file string.c line 297 function memmove
Unwinding loop 2  iteration  2   file string.c line 297 function memmove
Not unwinding 
Unwinding loop 3  iteration  1   file 43_1a_cilled_ok_nondet_linux-43_1a-drivers--media--video--gspca--gspca_pac207.ko-ldv_main0_sequence_infinite_withcheck_stateful.cil.out.i line 4436 function pac_find_sof
Unwinding loop 3  iteration  2   file 43_1a_cilled_ok_nondet_linux-43_1a-drivers--media--video--gspca--gspca_pac207.ko-ldv_main0_sequence_infinite_withcheck_stateful.cil.out.i line 4436 function pac_find_sof
Not unwinding 
Unwinding loop 4  iteration  2   file 43_1a_cilled_ok_nondet_linux-43_1a-drivers--media--video--gspca--gspca_pac207.ko-ldv_main0_sequence_infinite_withcheck_stateful.cil.out.i line 5196 function main
Unwinding loop 1  iteration  1   file string.c line 292 function memmove
Unwinding loop 1  iteration  2   file string.c line 292 function memmove
Not unwinding 
Unwinding loop 2  iteration  1   file string.c line 297 function memmove
Unwinding loop 2  iteration  2   file string.c line 297 function memmove
Not unwinding 
Unwinding loop 1  iteration  1   file string.c line 292 function memmove
Unwinding loop 1  iteration  2   file string.c line 292 function memmove
Not unwinding 
Unwinding loop 2  iteration  1   file string.c line 297 function memmove
Unwinding loop 2  iteration  2   file string.c line 297 function memmove
Not unwinding 
Unwinding loop 1  iteration  1   file string.c line 292 function memmove
Unwinding loop 1  iteration  2   file string.c line 292 function memmove
Not unwinding 
Unwinding loop 2  iteration  1   file string.c line 297 function memmove
Unwinding loop 2  iteration  2   file string.c line 297 function memmove
Not unwinding 
Unwinding loop 1  iteration  1   file string.c line 292 function memmove
Unwinding loop 1  iteration  2   file string.c line 292 function memmove
Not unwinding 
Unwinding loop 2  iteration  1   file string.c line 297 function memmove
Unwinding loop 2  iteration  2   file string.c line 297 function memmove
Not unwinding 
Unwinding loop 3  iteration  1   file 43_1a_cilled_ok_nondet_linux-43_1a-drivers--media--video--gspca--gspca_pac207.ko-ldv_main0_sequence_infinite_withcheck_stateful.cil.out.i line 4436 function pac_find_sof
Unwinding loop 3  iteration  2   file 43_1a_cilled_ok_nondet_linux-43_1a-drivers--media--video--gspca--gspca_pac207.ko-ldv_main0_sequence_infinite_withcheck_stateful.cil.out.i line 4436 function pac_find_sof
Not unwinding 
Not unwinding 
Symex completed in: 0.447s (3931 assignments)
Slicing time: 0.030s (removed 3341 assignments)
Generated 0 VCC(s), 0 remaining after simplification (590 assignments)
BMC program time: 0.477s
Building successful trace

VERIFICATION SUCCESSFUL

Solution found by the inductive step (k = 3)

../sv-benchmarks/c/ldv-linux-3.4-simple/43_1a_cilled_ok_nondet_linux-43_1a-drivers--media--video--gspca--gspca_pac207.ko-ldv_main0_sequence_infinite_withcheck_stateful.cil.out.i:5083:1: warning: return type of 'main' is not 'int' [-Wmain-return-type]
void main(void)
^
../sv-benchmarks/c/ldv-linux-3.4-simple/43_1a_cilled_ok_nondet_linux-43_1a-drivers--media--video--gspca--gspca_pac207.ko-ldv_main0_sequence_infinite_withcheck_stateful.cil.out.i:5083:1: note: change return type to 'int'
void main(void)
^~~~
int

TRUE
