./esbmc-wrapper.py -p ../sv-benchmarks/c/properties/unreach-call.prp -s kinduction --arch 32 ../sv-benchmarks/c/float-newlib/double_req_bl_0870b.c


--------------------------------------------------------------------------------


Verifying with ESBMC
Command: ./esbmc --no-div-by-zero-check --force-malloc-success --state-hashing --no-align-check --k-step 2 --floatbv --unlimited-k-steps ../sv-benchmarks/c/float-newlib/double_req_bl_0870b.c --32 --witness-output double_req_bl_0870b.c.graphml --no-pointer-check --no-bounds-check --interval-analysis --k-induction --max-inductive-step 3 
ESBMC version 6.8.0 64-bit x86_64 linux
Target: 32-bit little-endian x86_64-unknown-linux with esbmc libc
file ../sv-benchmarks/c/float-newlib/double_req_bl_0870b.c: Parsing
Converting
Generating GOTO Program
GOTO program creation time: 0.263s
GOTO program processing time: 0.011s
*** Checking base case, k = 1
Starting Bounded Model Checking
Not unwinding 
Not unwinding 
Not unwinding 
Symex completed in: 0.086s (895 assignments)
Slicing time: 0.022s (removed 297 assignments)
Generated 1 VCC(s), 1 remaining after simplification (598 assignments)
No solver specified; defaulting to Boolector
Encoding remaining VCC(s) using bit-vector/floating-point arithmetic
Encoding to solver time: 0.365s
Solving with solver Boolector 3.2.1
Encoding to solver time: 0.365s
Runtime decision procedure: 0.463s
BMC program time: 0.938s
No bug has been found in the base case
*** Checking forward condition, k = 1
Starting Bounded Model Checking
Not unwinding 
Not unwinding 
Not unwinding 
Symex completed in: 0.105s (894 assignments)
Slicing time: 0.023s (removed 297 assignments)
Generated 3 VCC(s), 3 remaining after simplification (597 assignments)
No solver specified; defaulting to Boolector
Encoding remaining VCC(s) using bit-vector/floating-point arithmetic
Encoding to solver time: 0.382s
Solving with solver Boolector 3.2.1
Encoding to solver time: 0.382s
Runtime decision procedure: 0.498s
BMC program time: 1.010s
Building successful trace

VERIFICATION SUCCESSFUL

Solution found by the forward condition; all states are reachable (k = 1


TRUE
