./esbmc-wrapper.py -p ../sv-benchmarks/c/properties/termination.prp -s kinduction --arch 32 ../sv-benchmarks/c/bitvector/gcd_4.c


--------------------------------------------------------------------------------


Verifying with ESBMC
Command: ./esbmc --no-div-by-zero-check --force-malloc-success --state-hashing --no-align-check --k-step 2 --floatbv --unlimited-k-steps ../sv-benchmarks/c/bitvector/gcd_4.c --32 --witness-output gcd_4.c.graphml --no-pointer-check --no-bounds-check --no-assertions --termination --max-inductive-step 3 
ESBMC version 6.8.0 64-bit x86_64 linux
Target: 32-bit little-endian x86_64-unknown-linux with esbmc libc
file ../sv-benchmarks/c/bitvector/gcd_4.c: Parsing
Converting
Generating GOTO Program
GOTO program creation time: 0.134s
GOTO program processing time: 0.000s
*** Checking forward condition, k = 1
Starting Bounded Model Checking
Not unwinding 
Symex completed in: 0.001s (16 assignments)
Slicing time: 0.000s (removed 14 assignments)
Generated 1 VCC(s), 1 remaining after simplification (2 assignments)
No solver specified; defaulting to Boolector
Encoding remaining VCC(s) using bit-vector/floating-point arithmetic
Encoding to solver time: 0.000s
Solving with solver Boolector 3.2.1
Encoding to solver time: 0.000s
Runtime decision procedure: 0.001s
The forward condition is unable to prove the property
*** Checking forward condition, k = 3
Starting Bounded Model Checking
Unwinding loop 1  iteration  1   file gcd_4.c line 21 function gcd_test
Unwinding loop 1  iteration  2   file gcd_4.c line 21 function gcd_test
Not unwinding 
Symex completed in: 0.000s (18 assignments)
Slicing time: 0.000s (removed 16 assignments)
Generated 1 VCC(s), 1 remaining after simplification (2 assignments)
No solver specified; defaulting to Boolector
Encoding remaining VCC(s) using bit-vector/floating-point arithmetic
Encoding to solver time: 0.000s
Solving with solver Boolector 3.2.1
Encoding to solver time: 0.000s
Runtime decision procedure: 0.000s
The forward condition is unable to prove the property
*** Checking forward condition, k = 5
Starting Bounded Model Checking
Unwinding loop 1  iteration  1   file gcd_4.c line 21 function gcd_test
Unwinding loop 1  iteration  2   file gcd_4.c line 21 function gcd_test
Unwinding loop 1  iteration  3   file gcd_4.c line 21 function gcd_test
Unwinding loop 1  iteration  4   file gcd_4.c line 21 function gcd_test
Not unwinding 
Symex completed in: 0.001s (20 assignments)
Slicing time: 0.000s (removed 18 assignments)
Generated 1 VCC(s), 1 remaining after simplification (2 assignments)
No solver specified; defaulting to Boolector
Encoding remaining VCC(s) using bit-vector/floating-point arithmetic
Encoding to solver time: 0.000s
Solving with solver Boolector 3.2.1
Encoding to solver time: 0.000s
Runtime decision procedure: 0.000s
The forward condition is unable to prove the property
*** Checking forward condition, k = 7
Starting Bounded Model Checking
Unwinding loop 1  iteration  1   file gcd_4.c line 21 function gcd_test
Unwinding loop 1  iteration  2   file gcd_4.c line 21 function gcd_test
Unwinding loop 1  iteration  3   file gcd_4.c line 21 function gcd_test
Unwinding loop 1  iteration  4   file gcd_4.c line 21 function gcd_test
Unwinding loop 1  iteration  5   file gcd_4.c line 21 function gcd_test
Symex completed in: 0.001s (23 assignments)
Slicing time: 0.000s (removed 22 assignments)
Generated 0 VCC(s), 0 remaining after simplification (1 assignments)
BMC program time: 0.001s
Building successful trace

VERIFICATION SUCCESSFUL

Solution found by the forward condition; all states are reachable (k = 7


TRUE
