./esbmc-wrapper.py -p ../sv-benchmarks/c/properties/unreach-call.prp -s kinduction --arch 32 ../sv-benchmarks/c/array-fpi/brs3f.c


--------------------------------------------------------------------------------


Verifying with ESBMC
Command: ./esbmc --no-div-by-zero-check --force-malloc-success --state-hashing --no-align-check --k-step 2 --floatbv --unlimited-k-steps ../sv-benchmarks/c/array-fpi/brs3f.c --32 --witness-output brs3f.c.graphml --no-pointer-check --no-bounds-check --interval-analysis --k-induction --max-inductive-step 3 
ESBMC version 6.8.0 64-bit x86_64 linux
Target: 32-bit little-endian x86_64-unknown-linux with esbmc libc
file ../sv-benchmarks/c/array-fpi/brs3f.c: Parsing
Converting
Generating GOTO Program
GOTO program creation time: 0.132s
GOTO program processing time: 0.001s
*** Checking base case, k = 1
Starting Bounded Model Checking
Not unwinding 
Not unwinding 
Symex completed in: 0.105s (45 assignments)
Slicing time: 0.001s (removed 30 assignments)
Generated 1 VCC(s), 1 remaining after simplification (15 assignments)
No solver specified; defaulting to Boolector
Encoding remaining VCC(s) using bit-vector/floating-point arithmetic
Encoding to solver time: 0.000s
Solving with solver Boolector 3.2.1
Encoding to solver time: 0.000s
Runtime decision procedure: 0.000s
BMC program time: 0.107s
No bug has been found in the base case
*** Checking forward condition, k = 1
Starting Bounded Model Checking
Not unwinding 
Not unwinding 
Symex completed in: 0.002s (44 assignments)
Slicing time: 0.001s (removed 30 assignments)
Generated 2 VCC(s), 2 remaining after simplification (14 assignments)
No solver specified; defaulting to Boolector
Encoding remaining VCC(s) using bit-vector/floating-point arithmetic
Encoding to solver time: 0.000s
Solving with solver Boolector 3.2.1
Encoding to solver time: 0.000s
Runtime decision procedure: 0.003s
The forward condition is unable to prove the property
*** Checking base case, k = 3
Starting Bounded Model Checking
Unwinding loop 1  iteration  1   file brs3f.c line 31 function main
Unwinding loop 1  iteration  2   file brs3f.c line 31 function main
Not unwinding 
Unwinding loop 2  iteration  1   file brs3f.c line 40 function main
Unwinding loop 2  iteration  2   file brs3f.c line 40 function main
Not unwinding 
Symex completed in: 0.005s (71 assignments)
Slicing time: 0.001s (removed 39 assignments)
Generated 1 VCC(s), 1 remaining after simplification (32 assignments)
No solver specified; defaulting to Boolector
Encoding remaining VCC(s) using bit-vector/floating-point arithmetic
Encoding to solver time: 0.001s
Solving with solver Boolector 3.2.1
Encoding to solver time: 0.001s
Runtime decision procedure: 0.027s
Building error trace

Counterexample:

State 1 file brs3f.c line 23 function main thread 0
----------------------------------------------------
  N = 2 (00000000 00000000 00000000 00000010)

State 2 file brs3f.c line 34 function main thread 0
----------------------------------------------------
  *(a + i) = 3 (00000000 00000000 00000000 00000011)

State 3 file brs3f.c line 34 function main thread 0
----------------------------------------------------
  *(a + i) = 3 (00000000 00000000 00000000 00000011)

State 4 file brs3f.c line 34 function main thread 0
----------------------------------------------------
  *(a + i) = 3 (00000000 00000000 00000000 00000011)

State 5 file brs3f.c line 34 function main thread 0
----------------------------------------------------
  *(a + i) = 3 (00000000 00000000 00000000 00000011)

State 6 file brs3f.c line 36 function main thread 0
----------------------------------------------------
  *(a + i) = 30 (00000000 00000000 00000000 00011110)

State 7 file brs3f.c line 36 function main thread 0
----------------------------------------------------
  *(a + i) = 30 (00000000 00000000 00000000 00011110)

State 8 file brs3f.c line 36 function main thread 0
----------------------------------------------------
  *(a + i) = 30 (00000000 00000000 00000000 00011110)

State 9 file brs3f.c line 36 function main thread 0
----------------------------------------------------
  *(a + i) = 30 (00000000 00000000 00000000 00011110)

State 10 file brs3f.c line 43 function main thread 0
----------------------------------------------------
  sum[0] = 0 (00000000 00000000 00000000 00000000 00000000 00000000 00000000 00000000)

State 11 file brs3f.c line 45 function main thread 0
----------------------------------------------------
  sum[0] = 30 (00000000 00000000 00000000 00000000 00000000 00000000 00000000 00011110)

State 12 file brs3f.c line 10 function reach_error thread 0
----------------------------------------------------
Violated property:
  file brs3f.c line 10 function reach_error
  assertion 0
  0


VERIFICATION FAILED

Bug found (k = 3)


FALSE_REACH
