./esbmc-wrapper.py -p ../sv-benchmarks/c/properties/unreach-call.prp -s kinduction --arch 32 ../sv-benchmarks/c/product-lines/email_spec1_product12.cil.c


--------------------------------------------------------------------------------


Verifying with ESBMC
Command: ./esbmc --no-div-by-zero-check --force-malloc-success --state-hashing --no-align-check --k-step 2 --floatbv --unlimited-k-steps ../sv-benchmarks/c/product-lines/email_spec1_product12.cil.c --32 --witness-output email_spec1_product12.cil.c.graphml --no-pointer-check --no-bounds-check --interval-analysis --k-induction --max-inductive-step 3 
ESBMC version 6.8.0 64-bit x86_64 linux
Target: 32-bit little-endian x86_64-unknown-linux with esbmc libc
file ../sv-benchmarks/c/product-lines/email_spec1_product12.cil.c: Parsing
Converting
Generating GOTO Program
GOTO program creation time: 0.274s
GOTO program processing time: 0.135s
*** Checking base case, k = 1
Starting Bounded Model Checking
Not unwinding 
Symex completed in: 0.072s (624 assignments)
Slicing time: 0.001s (removed 585 assignments)
Generated 0 VCC(s), 0 remaining after simplification (39 assignments)
BMC program time: 0.073s
No bug has been found in the base case
*** Checking forward condition, k = 1
Starting Bounded Model Checking
Not unwinding 
Symex completed in: 0.058s (624 assignments)
Slicing time: 0.001s (removed 585 assignments)
Generated 1 VCC(s), 1 remaining after simplification (39 assignments)
No solver specified; defaulting to Boolector
Encoding remaining VCC(s) using bit-vector/floating-point arithmetic
Encoding to solver time: 0.004s
Solving with solver Boolector 3.2.1
Encoding to solver time: 0.004s
Runtime decision procedure: 0.341s
The forward condition is unable to prove the property
*** Checking base case, k = 3
Starting Bounded Model Checking
Unwinding loop 1  iteration  1   file email_spec1_product12.cil.c line 88 function test
Unwinding loop 1  iteration  2   file email_spec1_product12.cil.c line 88 function test
Not unwinding 
Symex completed in: 0.215s (1838 assignments)
Slicing time: 0.008s (removed 1564 assignments)
Generated 0 VCC(s), 0 remaining after simplification (274 assignments)
BMC program time: 0.223s
No bug has been found in the base case
*** Checking forward condition, k = 3
Starting Bounded Model Checking
Unwinding loop 1  iteration  1   file email_spec1_product12.cil.c line 88 function test
Unwinding loop 1  iteration  2   file email_spec1_product12.cil.c line 88 function test
Not unwinding 
Symex completed in: 0.221s (1838 assignments)
Slicing time: 0.008s (removed 1564 assignments)
Generated 1 VCC(s), 1 remaining after simplification (274 assignments)
No solver specified; defaulting to Boolector
Encoding remaining VCC(s) using bit-vector/floating-point arithmetic
Encoding to solver time: 0.008s
Solving with solver Boolector 3.2.1
Encoding to solver time: 0.008s
Runtime decision procedure: 0.429s
The forward condition is unable to prove the property
*** Checking inductive step, k = 3
Starting Bounded Model Checking
Unwinding loop 1  iteration  1   file email_spec1_product12.cil.c line 88 function test
Unwinding loop 1  iteration  2   file email_spec1_product12.cil.c line 88 function test
Not unwinding 
Symex completed in: 0.292s (2286 assignments)
Slicing time: 0.053s (removed 1544 assignments)
Generated 0 VCC(s), 0 remaining after simplification (742 assignments)
BMC program time: 0.345s
Building successful trace

VERIFICATION SUCCESSFUL

Solution found by the inductive step (k = 3)


TRUE
