./esbmc-wrapper.py -p ../sv-benchmarks/c/properties/unreach-call.prp -s kinduction --arch 64 ../sv-benchmarks/c/ldv-linux-3.4-simple/43_1a_cilled_ok_nondet_linux-43_1a-drivers--tty--serial--mfd.ko-ldv_main0_sequence_infinite_withcheck_stateful.cil.out.i


--------------------------------------------------------------------------------


Verifying with ESBMC
Command: ./esbmc --no-div-by-zero-check --force-malloc-success --state-hashing --no-align-check --k-step 2 --floatbv --unlimited-k-steps ../sv-benchmarks/c/ldv-linux-3.4-simple/43_1a_cilled_ok_nondet_linux-43_1a-drivers--tty--serial--mfd.ko-ldv_main0_sequence_infinite_withcheck_stateful.cil.out.i --64 --witness-output 43_1a_cilled_ok_nondet_linux-43_1a-drivers--tty--serial--mfd.ko-ldv_main0_sequence_infinite_withcheck_stateful.cil.out.i.graphml --no-pointer-check --no-bounds-check --interval-analysis --k-induction --max-inductive-step 3 
ESBMC version 6.8.0 64-bit x86_64 linux
Target: 64-bit little-endian x86_64-unknown-linux with esbmc libc
file ../sv-benchmarks/c/ldv-linux-3.4-simple/43_1a_cilled_ok_nondet_linux-43_1a-drivers--tty--serial--mfd.ko-ldv_main0_sequence_infinite_withcheck_stateful.cil.out.i: Parsing
Converting
Generating GOTO Program
GOTO program creation time: 0.914s
GOTO program processing time: 0.205s
*** Checking base case, k = 1
Starting Bounded Model Checking
Not unwinding 
Not unwinding 
Not unwinding 
Symex completed in: 0.035s (223 assignments)
Slicing time: 0.001s (removed 171 assignments)
Generated 0 VCC(s), 0 remaining after simplification (52 assignments)
BMC program time: 0.036s
No bug has been found in the base case
*** Checking forward condition, k = 1
Starting Bounded Model Checking
Not unwinding 
Not unwinding 
Not unwinding 
Symex completed in: 0.031s (223 assignments)
Slicing time: 0.000s (removed 171 assignments)
Generated 3 VCC(s), 3 remaining after simplification (52 assignments)
No solver specified; defaulting to Boolector
Encoding remaining VCC(s) using bit-vector/floating-point arithmetic
Encoding to solver time: 0.004s
Solving with solver Boolector 3.2.1
Encoding to solver time: 0.004s
Runtime decision procedure: 0.465s
The forward condition is unable to prove the property
*** Checking base case, k = 3
Starting Bounded Model Checking
Unwinding loop 16  iteration  1   file string.c line 272 function __memset_impl
Unwinding loop 16  iteration  2   file string.c line 272 function __memset_impl
Not unwinding 
Unwinding loop 10  iteration  1   file 43_1a_cilled_ok_nondet_linux-43_1a-drivers--tty--serial--mfd.ko-ldv_main0_sequence_infinite_withcheck_stateful.cil.out.i line 8832 function hsu_global_init
Unwinding loop 10  iteration  2   file 43_1a_cilled_ok_nondet_linux-43_1a-drivers--tty--serial--mfd.ko-ldv_main0_sequence_infinite_withcheck_stateful.cil.out.i line 8832 function hsu_global_init
Not unwinding 
Unwinding loop 12  iteration  1   file 43_1a_cilled_ok_nondet_linux-43_1a-drivers--tty--serial--mfd.ko-ldv_main0_sequence_infinite_withcheck_stateful.cil.out.i line 9362 function main
Unwinding loop 16  iteration  1   file string.c line 272 function __memset_impl
Unwinding loop 16  iteration  2   file string.c line 272 function __memset_impl
Not unwinding 
Unwinding loop 16  iteration  1   file string.c line 272 function __memset_impl
Unwinding loop 16  iteration  2   file string.c line 272 function __memset_impl
Not unwinding 
No target candidate for function call *__cil_tmp20
Unwinding loop 16  iteration  1   file string.c line 272 function __memset_impl
Unwinding loop 16  iteration  2   file string.c line 272 function __memset_impl
Not unwinding 
No target candidate for function call *__cil_tmp20
No target candidate for function call *__cil_tmp20
Unwinding loop 1  iteration  1   file 43_1a_cilled_ok_nondet_linux-43_1a-drivers--tty--serial--mfd.ko-ldv_main0_sequence_infinite_withcheck_stateful.cil.out.i line 3544 function __atomic_add_unless
Unwinding loop 1  iteration  2   file 43_1a_cilled_ok_nondet_linux-43_1a-drivers--tty--serial--mfd.ko-ldv_main0_sequence_infinite_withcheck_stateful.cil.out.i line 3544 function __atomic_add_unless
Not unwinding 
Unwinding loop 9  iteration  1   file 43_1a_cilled_ok_nondet_linux-43_1a-drivers--tty--serial--mfd.ko-ldv_main0_sequence_infinite_withcheck_stateful.cil.out.i line 6894 function dma_irq
No target candidate for function call *__cil_tmp20
No target candidate for function call *__cil_tmp20
No target candidate for function call *__cil_tmp20
Unwinding loop 9  iteration  2   file 43_1a_cilled_ok_nondet_linux-43_1a-drivers--tty--serial--mfd.ko-ldv_main0_sequence_infinite_withcheck_stateful.cil.out.i line 6894 function dma_irq
No target candidate for function call *__cil_tmp20
No target candidate for function call *__cil_tmp20
No target candidate for function call *__cil_tmp20
Not unwinding 
Unwinding loop 7  iteration  1   file 43_1a_cilled_ok_nondet_linux-43_1a-drivers--tty--serial--mfd.ko-ldv_main0_sequence_infinite_withcheck_stateful.cil.out.i line 6216 function receive_chars
Unwinding loop 7  iteration  2   file 43_1a_cilled_ok_nondet_linux-43_1a-drivers--tty--serial--mfd.ko-ldv_main0_sequence_infinite_withcheck_stateful.cil.out.i line 6216 function receive_chars
Not unwinding 
Unwinding loop 8  iteration  1   file 43_1a_cilled_ok_nondet_linux-43_1a-drivers--tty--serial--mfd.ko-ldv_main0_sequence_infinite_withcheck_stateful.cil.out.i line 6441 function transmit_chars
Unwinding loop 8  iteration  2   file 43_1a_cilled_ok_nondet_linux-43_1a-drivers--tty--serial--mfd.ko-ldv_main0_sequence_infinite_withcheck_stateful.cil.out.i line 6441 function transmit_chars
Not unwinding 
Unwinding loop 12  iteration  2   file 43_1a_cilled_ok_nondet_linux-43_1a-drivers--tty--serial--mfd.ko-ldv_main0_sequence_infinite_withcheck_stateful.cil.out.i line 9362 function main
Unwinding loop 16  iteration  1   file string.c line 272 function __memset_impl
Unwinding loop 16  iteration  2   file string.c line 272 function __memset_impl
Not unwinding 
Unwinding loop 16  iteration  1   file string.c line 272 function __memset_impl
Unwinding loop 16  iteration  2   file string.c line 272 function __memset_impl
Not unwinding 
No target candidate for function call *__cil_tmp20
Unwinding loop 16  iteration  1   file string.c line 272 function __memset_impl
Unwinding loop 16  iteration  2   file string.c line 272 function __memset_impl
Not unwinding 
No target candidate for function call *__cil_tmp20
No target candidate for function call *__cil_tmp20
Unwinding loop 1  iteration  1   file 43_1a_cilled_ok_nondet_linux-43_1a-drivers--tty--serial--mfd.ko-ldv_main0_sequence_infinite_withcheck_stateful.cil.out.i line 3544 function __atomic_add_unless
Unwinding loop 1  iteration  2   file 43_1a_cilled_ok_nondet_linux-43_1a-drivers--tty--serial--mfd.ko-ldv_main0_sequence_infinite_withcheck_stateful.cil.out.i line 3544 function __atomic_add_unless
Not unwinding 
Unwinding loop 9  iteration  1   file 43_1a_cilled_ok_nondet_linux-43_1a-drivers--tty--serial--mfd.ko-ldv_main0_sequence_infinite_withcheck_stateful.cil.out.i line 6894 function dma_irq
No target candidate for function call *__cil_tmp20
No target candidate for function call *__cil_tmp20
No target candidate for function call *__cil_tmp20
Unwinding loop 9  iteration  2   file 43_1a_cilled_ok_nondet_linux-43_1a-drivers--tty--serial--mfd.ko-ldv_main0_sequence_infinite_withcheck_stateful.cil.out.i line 6894 function dma_irq
No target candidate for function call *__cil_tmp20
No target candidate for function call *__cil_tmp20
No target candidate for function call *__cil_tmp20
Not unwinding 
Unwinding loop 7  iteration  1   file 43_1a_cilled_ok_nondet_linux-43_1a-drivers--tty--serial--mfd.ko-ldv_main0_sequence_infinite_withcheck_stateful.cil.out.i line 6216 function receive_chars
Unwinding loop 7  iteration  2   file 43_1a_cilled_ok_nondet_linux-43_1a-drivers--tty--serial--mfd.ko-ldv_main0_sequence_infinite_withcheck_stateful.cil.out.i line 6216 function receive_chars
Not unwinding 
Unwinding loop 8  iteration  1   file 43_1a_cilled_ok_nondet_linux-43_1a-drivers--tty--serial--mfd.ko-ldv_main0_sequence_infinite_withcheck_stateful.cil.out.i line 6441 function transmit_chars
Unwinding loop 8  iteration  2   file 43_1a_cilled_ok_nondet_linux-43_1a-drivers--tty--serial--mfd.ko-ldv_main0_sequence_infinite_withcheck_stateful.cil.out.i line 6441 function transmit_chars
Not unwinding 
Not unwinding 
Symex completed in: 2.846s (13501 assignments)
Slicing time: 0.056s (removed 13035 assignments)
Generated 0 VCC(s), 0 remaining after simplification (466 assignments)
BMC program time: 2.902s
No bug has been found in the base case
*** Checking forward condition, k = 3
Starting Bounded Model Checking
Unwinding loop 16  iteration  1   file string.c line 272 function __memset_impl
Unwinding loop 16  iteration  2   file string.c line 272 function __memset_impl
Not unwinding 
Unwinding loop 10  iteration  1   file 43_1a_cilled_ok_nondet_linux-43_1a-drivers--tty--serial--mfd.ko-ldv_main0_sequence_infinite_withcheck_stateful.cil.out.i line 8832 function hsu_global_init
Unwinding loop 10  iteration  2   file 43_1a_cilled_ok_nondet_linux-43_1a-drivers--tty--serial--mfd.ko-ldv_main0_sequence_infinite_withcheck_stateful.cil.out.i line 8832 function hsu_global_init
Not unwinding 
Unwinding loop 12  iteration  1   file 43_1a_cilled_ok_nondet_linux-43_1a-drivers--tty--serial--mfd.ko-ldv_main0_sequence_infinite_withcheck_stateful.cil.out.i line 9362 function main
Unwinding loop 16  iteration  1   file string.c line 272 function __memset_impl
Unwinding loop 16  iteration  2   file string.c line 272 function __memset_impl
Not unwinding 
Unwinding loop 16  iteration  1   file string.c line 272 function __memset_impl
Unwinding loop 16  iteration  2   file string.c line 272 function __memset_impl
Not unwinding 
No target candidate for function call *__cil_tmp20
Unwinding loop 16  iteration  1   file string.c line 272 function __memset_impl
Unwinding loop 16  iteration  2   file string.c line 272 function __memset_impl
Not unwinding 
No target candidate for function call *__cil_tmp20
No target candidate for function call *__cil_tmp20
Unwinding loop 1  iteration  1   file 43_1a_cilled_ok_nondet_linux-43_1a-drivers--tty--serial--mfd.ko-ldv_main0_sequence_infinite_withcheck_stateful.cil.out.i line 3544 function __atomic_add_unless
Unwinding loop 1  iteration  2   file 43_1a_cilled_ok_nondet_linux-43_1a-drivers--tty--serial--mfd.ko-ldv_main0_sequence_infinite_withcheck_stateful.cil.out.i line 3544 function __atomic_add_unless
Not unwinding 
Unwinding loop 9  iteration  1   file 43_1a_cilled_ok_nondet_linux-43_1a-drivers--tty--serial--mfd.ko-ldv_main0_sequence_infinite_withcheck_stateful.cil.out.i line 6894 function dma_irq
No target candidate for function call *__cil_tmp20
No target candidate for function call *__cil_tmp20
No target candidate for function call *__cil_tmp20
Unwinding loop 9  iteration  2   file 43_1a_cilled_ok_nondet_linux-43_1a-drivers--tty--serial--mfd.ko-ldv_main0_sequence_infinite_withcheck_stateful.cil.out.i line 6894 function dma_irq
No target candidate for function call *__cil_tmp20
No target candidate for function call *__cil_tmp20
No target candidate for function call *__cil_tmp20
Not unwinding 
Unwinding loop 7  iteration  1   file 43_1a_cilled_ok_nondet_linux-43_1a-drivers--tty--serial--mfd.ko-ldv_main0_sequence_infinite_withcheck_stateful.cil.out.i line 6216 function receive_chars
Unwinding loop 7  iteration  2   file 43_1a_cilled_ok_nondet_linux-43_1a-drivers--tty--serial--mfd.ko-ldv_main0_sequence_infinite_withcheck_stateful.cil.out.i line 6216 function receive_chars
Not unwinding 
Unwinding loop 8  iteration  1   file 43_1a_cilled_ok_nondet_linux-43_1a-drivers--tty--serial--mfd.ko-ldv_main0_sequence_infinite_withcheck_stateful.cil.out.i line 6441 function transmit_chars
Unwinding loop 8  iteration  2   file 43_1a_cilled_ok_nondet_linux-43_1a-drivers--tty--serial--mfd.ko-ldv_main0_sequence_infinite_withcheck_stateful.cil.out.i line 6441 function transmit_chars
Not unwinding 
Unwinding loop 12  iteration  2   file 43_1a_cilled_ok_nondet_linux-43_1a-drivers--tty--serial--mfd.ko-ldv_main0_sequence_infinite_withcheck_stateful.cil.out.i line 9362 function main
Unwinding loop 16  iteration  1   file string.c line 272 function __memset_impl
Unwinding loop 16  iteration  2   file string.c line 272 function __memset_impl
Not unwinding 
Unwinding loop 16  iteration  1   file string.c line 272 function __memset_impl
Unwinding loop 16  iteration  2   file string.c line 272 function __memset_impl
Not unwinding 
No target candidate for function call *__cil_tmp20
Unwinding loop 16  iteration  1   file string.c line 272 function __memset_impl
Unwinding loop 16  iteration  2   file string.c line 272 function __memset_impl
Not unwinding 
No target candidate for function call *__cil_tmp20
No target candidate for function call *__cil_tmp20
Unwinding loop 1  iteration  1   file 43_1a_cilled_ok_nondet_linux-43_1a-drivers--tty--serial--mfd.ko-ldv_main0_sequence_infinite_withcheck_stateful.cil.out.i line 3544 function __atomic_add_unless
Unwinding loop 1  iteration  2   file 43_1a_cilled_ok_nondet_linux-43_1a-drivers--tty--serial--mfd.ko-ldv_main0_sequence_infinite_withcheck_stateful.cil.out.i line 3544 function __atomic_add_unless
Not unwinding 
Unwinding loop 9  iteration  1   file 43_1a_cilled_ok_nondet_linux-43_1a-drivers--tty--serial--mfd.ko-ldv_main0_sequence_infinite_withcheck_stateful.cil.out.i line 6894 function dma_irq
No target candidate for function call *__cil_tmp20
No target candidate for function call *__cil_tmp20
No target candidate for function call *__cil_tmp20
Unwinding loop 9  iteration  2   file 43_1a_cilled_ok_nondet_linux-43_1a-drivers--tty--serial--mfd.ko-ldv_main0_sequence_infinite_withcheck_stateful.cil.out.i line 6894 function dma_irq
No target candidate for function call *__cil_tmp20
No target candidate for function call *__cil_tmp20
No target candidate for function call *__cil_tmp20
Not unwinding 
Unwinding loop 7  iteration  1   file 43_1a_cilled_ok_nondet_linux-43_1a-drivers--tty--serial--mfd.ko-ldv_main0_sequence_infinite_withcheck_stateful.cil.out.i line 6216 function receive_chars
Unwinding loop 7  iteration  2   file 43_1a_cilled_ok_nondet_linux-43_1a-drivers--tty--serial--mfd.ko-ldv_main0_sequence_infinite_withcheck_stateful.cil.out.i line 6216 function receive_chars
Not unwinding 
Unwinding loop 8  iteration  1   file 43_1a_cilled_ok_nondet_linux-43_1a-drivers--tty--serial--mfd.ko-ldv_main0_sequence_infinite_withcheck_stateful.cil.out.i line 6441 function transmit_chars
Unwinding loop 8  iteration  2   file 43_1a_cilled_ok_nondet_linux-43_1a-drivers--tty--serial--mfd.ko-ldv_main0_sequence_infinite_withcheck_stateful.cil.out.i line 6441 function transmit_chars
Not unwinding 
Not unwinding 
Symex completed in: 2.975s (13501 assignments)
Slicing time: 0.061s (removed 13035 assignments)
Generated 17 VCC(s), 17 remaining after simplification (466 assignments)
No solver specified; defaulting to Boolector
Encoding remaining VCC(s) using bit-vector/floating-point arithmetic
Encoding to solver time: 0.036s
Solving with solver Boolector 3.2.1
Encoding to solver time: 0.036s
Runtime decision procedure: 5.722s
The forward condition is unable to prove the property
*** Checking inductive step, k = 3
Starting Bounded Model Checking
Unwinding loop 16  iteration  1   file string.c line 272 function __memset_impl
Unwinding loop 16  iteration  2   file string.c line 272 function __memset_impl
Not unwinding 
Unwinding loop 10  iteration  1   file 43_1a_cilled_ok_nondet_linux-43_1a-drivers--tty--serial--mfd.ko-ldv_main0_sequence_infinite_withcheck_stateful.cil.out.i line 8832 function hsu_global_init
Unwinding loop 10  iteration  2   file 43_1a_cilled_ok_nondet_linux-43_1a-drivers--tty--serial--mfd.ko-ldv_main0_sequence_infinite_withcheck_stateful.cil.out.i line 8832 function hsu_global_init
Not unwinding 
Unwinding loop 11  iteration  1   file 43_1a_cilled_ok_nondet_linux-43_1a-drivers--tty--serial--mfd.ko-ldv_main0_sequence_infinite_withcheck_stateful.cil.out.i line 8874 function hsu_global_init
Unwinding loop 11  iteration  2   file 43_1a_cilled_ok_nondet_linux-43_1a-drivers--tty--serial--mfd.ko-ldv_main0_sequence_infinite_withcheck_stateful.cil.out.i line 8874 function hsu_global_init
Not unwinding 
Unwinding loop 5  iteration  1   file 43_1a_cilled_ok_nondet_linux-43_1a-drivers--tty--serial--mfd.ko-ldv_main0_sequence_infinite_withcheck_stateful.cil.out.i line 4963 function hsu_debugfs_init
Unwinding loop 5  iteration  2   file 43_1a_cilled_ok_nondet_linux-43_1a-drivers--tty--serial--mfd.ko-ldv_main0_sequence_infinite_withcheck_stateful.cil.out.i line 4963 function hsu_debugfs_init
Not unwinding 
Unwinding loop 6  iteration  1   file 43_1a_cilled_ok_nondet_linux-43_1a-drivers--tty--serial--mfd.ko-ldv_main0_sequence_infinite_withcheck_stateful.cil.out.i line 4990 function hsu_debugfs_init
Unwinding loop 6  iteration  2   file 43_1a_cilled_ok_nondet_linux-43_1a-drivers--tty--serial--mfd.ko-ldv_main0_sequence_infinite_withcheck_stateful.cil.out.i line 4990 function hsu_debugfs_init
Not unwinding 
Unwinding loop 12  iteration  1   file 43_1a_cilled_ok_nondet_linux-43_1a-drivers--tty--serial--mfd.ko-ldv_main0_sequence_infinite_withcheck_stateful.cil.out.i line 9362 function main
Unwinding loop 16  iteration  1   file string.c line 272 function __memset_impl
Unwinding loop 16  iteration  2   file string.c line 272 function __memset_impl
Not unwinding 
Unwinding loop 16  iteration  1   file string.c line 272 function __memset_impl
Unwinding loop 16  iteration  2   file string.c line 272 function __memset_impl
Not unwinding 
No target candidate for function call *__cil_tmp20
Unwinding loop 16  iteration  1   file string.c line 272 function __memset_impl
Unwinding loop 16  iteration  2   file string.c line 272 function __memset_impl
Not unwinding 
No target candidate for function call *__cil_tmp20
No target candidate for function call *__cil_tmp20
Unwinding loop 1  iteration  1   file 43_1a_cilled_ok_nondet_linux-43_1a-drivers--tty--serial--mfd.ko-ldv_main0_sequence_infinite_withcheck_stateful.cil.out.i line 3544 function __atomic_add_unless
Unwinding loop 1  iteration  2   file 43_1a_cilled_ok_nondet_linux-43_1a-drivers--tty--serial--mfd.ko-ldv_main0_sequence_infinite_withcheck_stateful.cil.out.i line 3544 function __atomic_add_unless
Not unwinding 
Unwinding loop 9  iteration  1   file 43_1a_cilled_ok_nondet_linux-43_1a-drivers--tty--serial--mfd.ko-ldv_main0_sequence_infinite_withcheck_stateful.cil.out.i line 6894 function dma_irq
No target candidate for function call *__cil_tmp20
No target candidate for function call *__cil_tmp20
No target candidate for function call *__cil_tmp20
Unwinding loop 9  iteration  2   file 43_1a_cilled_ok_nondet_linux-43_1a-drivers--tty--serial--mfd.ko-ldv_main0_sequence_infinite_withcheck_stateful.cil.out.i line 6894 function dma_irq
No target candidate for function call *__cil_tmp20
No target candidate for function call *__cil_tmp20
No target candidate for function call *__cil_tmp20
Not unwinding 
Unwinding loop 7  iteration  1   file 43_1a_cilled_ok_nondet_linux-43_1a-drivers--tty--serial--mfd.ko-ldv_main0_sequence_infinite_withcheck_stateful.cil.out.i line 6216 function receive_chars
Unwinding loop 7  iteration  2   file 43_1a_cilled_ok_nondet_linux-43_1a-drivers--tty--serial--mfd.ko-ldv_main0_sequence_infinite_withcheck_stateful.cil.out.i line 6216 function receive_chars
Not unwinding 
Unwinding loop 8  iteration  1   file 43_1a_cilled_ok_nondet_linux-43_1a-drivers--tty--serial--mfd.ko-ldv_main0_sequence_infinite_withcheck_stateful.cil.out.i line 6441 function transmit_chars
Unwinding loop 8  iteration  2   file 43_1a_cilled_ok_nondet_linux-43_1a-drivers--tty--serial--mfd.ko-ldv_main0_sequence_infinite_withcheck_stateful.cil.out.i line 6441 function transmit_chars
Not unwinding 
Unwinding loop 12  iteration  2   file 43_1a_cilled_ok_nondet_linux-43_1a-drivers--tty--serial--mfd.ko-ldv_main0_sequence_infinite_withcheck_stateful.cil.out.i line 9362 function main
Unwinding loop 16  iteration  1   file string.c line 272 function __memset_impl
Unwinding loop 16  iteration  2   file string.c line 272 function __memset_impl
Not unwinding 
Unwinding loop 16  iteration  1   file string.c line 272 function __memset_impl
Unwinding loop 16  iteration  2   file string.c line 272 function __memset_impl
Not unwinding 
No target candidate for function call *__cil_tmp20
Unwinding loop 16  iteration  1   file string.c line 272 function __memset_impl
Unwinding loop 16  iteration  2   file string.c line 272 function __memset_impl
Not unwinding 
No target candidate for function call *__cil_tmp20
No target candidate for function call *__cil_tmp20
Unwinding loop 1  iteration  1   file 43_1a_cilled_ok_nondet_linux-43_1a-drivers--tty--serial--mfd.ko-ldv_main0_sequence_infinite_withcheck_stateful.cil.out.i line 3544 function __atomic_add_unless
Unwinding loop 1  iteration  2   file 43_1a_cilled_ok_nondet_linux-43_1a-drivers--tty--serial--mfd.ko-ldv_main0_sequence_infinite_withcheck_stateful.cil.out.i line 3544 function __atomic_add_unless
Not unwinding 
Unwinding loop 9  iteration  1   file 43_1a_cilled_ok_nondet_linux-43_1a-drivers--tty--serial--mfd.ko-ldv_main0_sequence_infinite_withcheck_stateful.cil.out.i line 6894 function dma_irq
No target candidate for function call *__cil_tmp20
No target candidate for function call *__cil_tmp20
No target candidate for function call *__cil_tmp20
Unwinding loop 9  iteration  2   file 43_1a_cilled_ok_nondet_linux-43_1a-drivers--tty--serial--mfd.ko-ldv_main0_sequence_infinite_withcheck_stateful.cil.out.i line 6894 function dma_irq
No target candidate for function call *__cil_tmp20
No target candidate for function call *__cil_tmp20
No target candidate for function call *__cil_tmp20
Not unwinding 
Unwinding loop 7  iteration  1   file 43_1a_cilled_ok_nondet_linux-43_1a-drivers--tty--serial--mfd.ko-ldv_main0_sequence_infinite_withcheck_stateful.cil.out.i line 6216 function receive_chars
Unwinding loop 7  iteration  2   file 43_1a_cilled_ok_nondet_linux-43_1a-drivers--tty--serial--mfd.ko-ldv_main0_sequence_infinite_withcheck_stateful.cil.out.i line 6216 function receive_chars
Not unwinding 
Unwinding loop 8  iteration  1   file 43_1a_cilled_ok_nondet_linux-43_1a-drivers--tty--serial--mfd.ko-ldv_main0_sequence_infinite_withcheck_stateful.cil.out.i line 6441 function transmit_chars
Unwinding loop 8  iteration  2   file 43_1a_cilled_ok_nondet_linux-43_1a-drivers--tty--serial--mfd.ko-ldv_main0_sequence_infinite_withcheck_stateful.cil.out.i line 6441 function transmit_chars
Not unwinding 
Not unwinding 
Symex completed in: 5.562s (17668 assignments)
Slicing time: 0.231s (removed 15618 assignments)
Generated 0 VCC(s), 0 remaining after simplification (2050 assignments)
BMC program time: 5.794s
Building successful trace

VERIFICATION SUCCESSFUL

Solution found by the inductive step (k = 3)

../sv-benchmarks/c/ldv-linux-3.4-simple/43_1a_cilled_ok_nondet_linux-43_1a-drivers--tty--serial--mfd.ko-ldv_main0_sequence_infinite_withcheck_stateful.cil.out.i:8980:46: warning: incompatible function pointer types initializing 'int (*)(struct pci_dev *, pm_message_t)' (aka 'int (*)(struct pci_dev *, struct pm_message)') with an expression of type 'int (*)(struct pci_dev *, int)' [-Wincompatible-function-pointer-types]
    & serial_hsu_probe, & serial_hsu_remove, & serial_hsu_suspend, (int (*)(struct pci_dev * ,
                                             ^~~~~~~~~~~~~~~~~~~~
../sv-benchmarks/c/ldv-linux-3.4-simple/43_1a_cilled_ok_nondet_linux-43_1a-drivers--tty--serial--mfd.ko-ldv_main0_sequence_infinite_withcheck_stateful.cil.out.i:9030:1: warning: return type of 'main' is not 'int' [-Wmain-return-type]
void main(void)
^
../sv-benchmarks/c/ldv-linux-3.4-simple/43_1a_cilled_ok_nondet_linux-43_1a-drivers--tty--serial--mfd.ko-ldv_main0_sequence_infinite_withcheck_stateful.cil.out.i:9030:1: note: change return type to 'int'
void main(void)
^~~~
int

TRUE
