./esbmc-wrapper.py -p ../sv-benchmarks/c/properties/unreach-call.prp -s kinduction --arch 64 ../sv-benchmarks/c/ldv-linux-3.16-rc1/43_2a_consumption_linux-3.16-rc1.tar.xz-43_2a-drivers--isdn--mISDN--mISDN_dsp.ko-entry_point.cil.out.i


--------------------------------------------------------------------------------


Verifying with ESBMC
Command: ./esbmc --no-div-by-zero-check --force-malloc-success --state-hashing --no-align-check --k-step 2 --floatbv --unlimited-k-steps ../sv-benchmarks/c/ldv-linux-3.16-rc1/43_2a_consumption_linux-3.16-rc1.tar.xz-43_2a-drivers--isdn--mISDN--mISDN_dsp.ko-entry_point.cil.out.i --64 --witness-output 43_2a_consumption_linux-3.16-rc1.tar.xz-43_2a-drivers--isdn--mISDN--mISDN_dsp.ko-entry_point.cil.out.i.graphml --no-pointer-check --no-bounds-check --interval-analysis --k-induction --max-inductive-step 3 
ESBMC version 6.8.0 64-bit x86_64 linux
Target: 64-bit little-endian x86_64-unknown-linux with esbmc libc
file ../sv-benchmarks/c/ldv-linux-3.16-rc1/43_2a_consumption_linux-3.16-rc1.tar.xz-43_2a-drivers--isdn--mISDN--mISDN_dsp.ko-entry_point.cil.out.i: Parsing
Converting
Generating GOTO Program
GOTO program creation time: 1.206s
GOTO program processing time: 0.194s
*** Checking base case, k = 1
Starting Bounded Model Checking
Not unwinding 
No target candidate for function call *timer->function
Not unwinding 
No target candidate for function call *timer->function
Not unwinding 
Symex completed in: 0.030s (272 assignments)
Slicing time: 0.000s (removed 244 assignments)
Generated 0 VCC(s), 0 remaining after simplification (28 assignments)
BMC program time: 0.030s
No bug has been found in the base case
*** Checking forward condition, k = 1
Starting Bounded Model Checking
Not unwinding 
No target candidate for function call *timer->function
Not unwinding 
No target candidate for function call *timer->function
Not unwinding 
Symex completed in: 0.031s (272 assignments)
Slicing time: 0.000s (removed 244 assignments)
Generated 3 VCC(s), 3 remaining after simplification (28 assignments)
No solver specified; defaulting to Boolector
Encoding remaining VCC(s) using bit-vector/floating-point arithmetic
Encoding to solver time: 0.001s
Solving with solver Boolector 3.2.1
Encoding to solver time: 0.001s
Runtime decision procedure: 0.032s
The forward condition is unable to prove the property
*** Checking base case, k = 3
Starting Bounded Model Checking
Unwinding loop 125  iteration  1   file string.c line 272 function __memset_impl
Unwinding loop 125  iteration  2   file string.c line 272 function __memset_impl
Not unwinding 
No target candidate for function call *timer->function
Unwinding loop 66  iteration  1   file 43_2a_consumption_linux-3.16-rc1.tar.xz-43_2a-drivers--isdn--mISDN--mISDN_dsp.ko-entry_point.cil.out.i line 7314 function dsp_init
Unwinding loop 66  iteration  2   file 43_2a_consumption_linux-3.16-rc1.tar.xz-43_2a-drivers--isdn--mISDN--mISDN_dsp.ko-entry_point.cil.out.i line 7314 function dsp_init
Not unwinding 
No target candidate for function call *timer->function
Unwinding loop 95  iteration  1   file 43_2a_consumption_linux-3.16-rc1.tar.xz-43_2a-drivers--isdn--mISDN--mISDN_dsp.ko-entry_point.cil.out.i line 7575 function main
No target candidate for function call *timer->function
Unwinding loop 66  iteration  1   file 43_2a_consumption_linux-3.16-rc1.tar.xz-43_2a-drivers--isdn--mISDN--mISDN_dsp.ko-entry_point.cil.out.i line 7314 function dsp_init
Unwinding loop 66  iteration  2   file 43_2a_consumption_linux-3.16-rc1.tar.xz-43_2a-drivers--isdn--mISDN--mISDN_dsp.ko-entry_point.cil.out.i line 7314 function dsp_init
Not unwinding 
No target candidate for function call *timer->function
Unwinding loop 95  iteration  2   file 43_2a_consumption_linux-3.16-rc1.tar.xz-43_2a-drivers--isdn--mISDN--mISDN_dsp.ko-entry_point.cil.out.i line 7575 function main
No target candidate for function call *timer->function
Unwinding loop 66  iteration  1   file 43_2a_consumption_linux-3.16-rc1.tar.xz-43_2a-drivers--isdn--mISDN--mISDN_dsp.ko-entry_point.cil.out.i line 7314 function dsp_init
Unwinding loop 66  iteration  2   file 43_2a_consumption_linux-3.16-rc1.tar.xz-43_2a-drivers--isdn--mISDN--mISDN_dsp.ko-entry_point.cil.out.i line 7314 function dsp_init
Not unwinding 
No target candidate for function call *timer->function
Not unwinding 
Symex completed in: 0.046s (522 assignments)
Slicing time: 0.001s (removed 468 assignments)
Generated 0 VCC(s), 0 remaining after simplification (54 assignments)
BMC program time: 0.047s
No bug has been found in the base case
*** Checking forward condition, k = 3
Starting Bounded Model Checking
Unwinding loop 125  iteration  1   file string.c line 272 function __memset_impl
Unwinding loop 125  iteration  2   file string.c line 272 function __memset_impl
Not unwinding 
No target candidate for function call *timer->function
Unwinding loop 66  iteration  1   file 43_2a_consumption_linux-3.16-rc1.tar.xz-43_2a-drivers--isdn--mISDN--mISDN_dsp.ko-entry_point.cil.out.i line 7314 function dsp_init
Unwinding loop 66  iteration  2   file 43_2a_consumption_linux-3.16-rc1.tar.xz-43_2a-drivers--isdn--mISDN--mISDN_dsp.ko-entry_point.cil.out.i line 7314 function dsp_init
Not unwinding 
No target candidate for function call *timer->function
Unwinding loop 95  iteration  1   file 43_2a_consumption_linux-3.16-rc1.tar.xz-43_2a-drivers--isdn--mISDN--mISDN_dsp.ko-entry_point.cil.out.i line 7575 function main
No target candidate for function call *timer->function
Unwinding loop 66  iteration  1   file 43_2a_consumption_linux-3.16-rc1.tar.xz-43_2a-drivers--isdn--mISDN--mISDN_dsp.ko-entry_point.cil.out.i line 7314 function dsp_init
Unwinding loop 66  iteration  2   file 43_2a_consumption_linux-3.16-rc1.tar.xz-43_2a-drivers--isdn--mISDN--mISDN_dsp.ko-entry_point.cil.out.i line 7314 function dsp_init
Not unwinding 
No target candidate for function call *timer->function
Unwinding loop 95  iteration  2   file 43_2a_consumption_linux-3.16-rc1.tar.xz-43_2a-drivers--isdn--mISDN--mISDN_dsp.ko-entry_point.cil.out.i line 7575 function main
No target candidate for function call *timer->function
Unwinding loop 66  iteration  1   file 43_2a_consumption_linux-3.16-rc1.tar.xz-43_2a-drivers--isdn--mISDN--mISDN_dsp.ko-entry_point.cil.out.i line 7314 function dsp_init
Unwinding loop 66  iteration  2   file 43_2a_consumption_linux-3.16-rc1.tar.xz-43_2a-drivers--isdn--mISDN--mISDN_dsp.ko-entry_point.cil.out.i line 7314 function dsp_init
Not unwinding 
No target candidate for function call *timer->function
Not unwinding 
Symex completed in: 0.048s (522 assignments)
Slicing time: 0.001s (removed 468 assignments)
Generated 5 VCC(s), 5 remaining after simplification (54 assignments)
No solver specified; defaulting to Boolector
Encoding remaining VCC(s) using bit-vector/floating-point arithmetic
Encoding to solver time: 0.001s
Solving with solver Boolector 3.2.1
Encoding to solver time: 0.001s
Runtime decision procedure: 0.046s
The forward condition is unable to prove the property
*** Checking inductive step, k = 3
Starting Bounded Model Checking
Unwinding loop 125  iteration  1   file string.c line 272 function __memset_impl
Unwinding loop 125  iteration  2   file string.c line 272 function __memset_impl
Not unwinding 
No target candidate for function call *timer->function
Unwinding loop 122  iteration  1   file 43_2a_consumption_linux-3.16-rc1.tar.xz-43_2a-drivers--isdn--mISDN--mISDN_dsp.ko-entry_point.cil.out.i line 13112 function mISDN_dsp_element_unregister
Unwinding loop 122  iteration  2   file 43_2a_consumption_linux-3.16-rc1.tar.xz-43_2a-drivers--isdn--mISDN--mISDN_dsp.ko-entry_point.cil.out.i line 13112 function mISDN_dsp_element_unregister
Not unwinding 
Unwinding loop 94  iteration  1   file 43_2a_consumption_linux-3.16-rc1.tar.xz-43_2a-drivers--isdn--mISDN--mISDN_dsp.ko-entry_point.cil.out.i line 13173 function dsp_pipeline_module_exit
Unwinding loop 94  iteration  2   file 43_2a_consumption_linux-3.16-rc1.tar.xz-43_2a-drivers--isdn--mISDN--mISDN_dsp.ko-entry_point.cil.out.i line 13173 function dsp_pipeline_module_exit
Not unwinding 
Unwinding loop 66  iteration  1   file 43_2a_consumption_linux-3.16-rc1.tar.xz-43_2a-drivers--isdn--mISDN--mISDN_dsp.ko-entry_point.cil.out.i line 7314 function dsp_init
Unwinding loop 66  iteration  2   file 43_2a_consumption_linux-3.16-rc1.tar.xz-43_2a-drivers--isdn--mISDN--mISDN_dsp.ko-entry_point.cil.out.i line 7314 function dsp_init
Not unwinding 
Unwinding loop 67  iteration  1   file 43_2a_consumption_linux-3.16-rc1.tar.xz-43_2a-drivers--isdn--mISDN--mISDN_dsp.ko-entry_point.cil.out.i line 11661 function dsp_audio_generate_law_tables
Unwinding loop 117  iteration  1   file 43_2a_consumption_linux-3.16-rc1.tar.xz-43_2a-drivers--isdn--mISDN--mISDN_dsp.ko-entry_point.cil.out.i line 11638 function reverse_bits
Unwinding loop 117  iteration  2   file 43_2a_consumption_linux-3.16-rc1.tar.xz-43_2a-drivers--isdn--mISDN--mISDN_dsp.ko-entry_point.cil.out.i line 11638 function reverse_bits
Not unwinding 
Unwinding loop 67  iteration  2   file 43_2a_consumption_linux-3.16-rc1.tar.xz-43_2a-drivers--isdn--mISDN--mISDN_dsp.ko-entry_point.cil.out.i line 11661 function dsp_audio_generate_law_tables
Unwinding loop 117  iteration  1   file 43_2a_consumption_linux-3.16-rc1.tar.xz-43_2a-drivers--isdn--mISDN--mISDN_dsp.ko-entry_point.cil.out.i line 11638 function reverse_bits
Unwinding loop 117  iteration  2   file 43_2a_consumption_linux-3.16-rc1.tar.xz-43_2a-drivers--isdn--mISDN--mISDN_dsp.ko-entry_point.cil.out.i line 11638 function reverse_bits
Not unwinding 
Not unwinding 
Unwinding loop 68  iteration  1   file 43_2a_consumption_linux-3.16-rc1.tar.xz-43_2a-drivers--isdn--mISDN--mISDN_dsp.ko-entry_point.cil.out.i line 11673 function dsp_audio_generate_law_tables
Unwinding loop 117  iteration  1   file 43_2a_consumption_linux-3.16-rc1.tar.xz-43_2a-drivers--isdn--mISDN--mISDN_dsp.ko-entry_point.cil.out.i line 11638 function reverse_bits
Unwinding loop 117  iteration  2   file 43_2a_consumption_linux-3.16-rc1.tar.xz-43_2a-drivers--isdn--mISDN--mISDN_dsp.ko-entry_point.cil.out.i line 11638 function reverse_bits
Not unwinding 
Unwinding loop 68  iteration  2   file 43_2a_consumption_linux-3.16-rc1.tar.xz-43_2a-drivers--isdn--mISDN--mISDN_dsp.ko-entry_point.cil.out.i line 11673 function dsp_audio_generate_law_tables
Unwinding loop 117  iteration  1   file 43_2a_consumption_linux-3.16-rc1.tar.xz-43_2a-drivers--isdn--mISDN--mISDN_dsp.ko-entry_point.cil.out.i line 11638 function reverse_bits
Unwinding loop 117  iteration  2   file 43_2a_consumption_linux-3.16-rc1.tar.xz-43_2a-drivers--isdn--mISDN--mISDN_dsp.ko-entry_point.cil.out.i line 11638 function reverse_bits
Not unwinding 
Not unwinding 
Unwinding loop 69  iteration  1   file 43_2a_consumption_linux-3.16-rc1.tar.xz-43_2a-drivers--isdn--mISDN--mISDN_dsp.ko-entry_point.cil.out.i line 11684 function dsp_audio_generate_law_tables
Unwinding loop 116  iteration  1   file 43_2a_consumption_linux-3.16-rc1.tar.xz-43_2a-drivers--isdn--mISDN--mISDN_dsp.ko-entry_point.cil.out.i line 11296 function linear2alaw
Unwinding loop 116  iteration  2   file 43_2a_consumption_linux-3.16-rc1.tar.xz-43_2a-drivers--isdn--mISDN--mISDN_dsp.ko-entry_point.cil.out.i line 11296 function linear2alaw
Not unwinding 
Unwinding loop 69  iteration  2   file 43_2a_consumption_linux-3.16-rc1.tar.xz-43_2a-drivers--isdn--mISDN--mISDN_dsp.ko-entry_point.cil.out.i line 11684 function dsp_audio_generate_law_tables
Unwinding loop 116  iteration  1   file 43_2a_consumption_linux-3.16-rc1.tar.xz-43_2a-drivers--isdn--mISDN--mISDN_dsp.ko-entry_point.cil.out.i line 11296 function linear2alaw
Unwinding loop 116  iteration  2   file 43_2a_consumption_linux-3.16-rc1.tar.xz-43_2a-drivers--isdn--mISDN--mISDN_dsp.ko-entry_point.cil.out.i line 11296 function linear2alaw
Not unwinding 
Not unwinding 
Unwinding loop 71  iteration  1   file 43_2a_consumption_linux-3.16-rc1.tar.xz-43_2a-drivers--isdn--mISDN--mISDN_dsp.ko-entry_point.cil.out.i line 11721 function dsp_audio_generate_s2law_table
Unwinding loop 116  iteration  1   file 43_2a_consumption_linux-3.16-rc1.tar.xz-43_2a-drivers--isdn--mISDN--mISDN_dsp.ko-entry_point.cil.out.i line 11296 function linear2alaw
Unwinding loop 116  iteration  2   file 43_2a_consumption_linux-3.16-rc1.tar.xz-43_2a-drivers--isdn--mISDN--mISDN_dsp.ko-entry_point.cil.out.i line 11296 function linear2alaw
Not unwinding 
Unwinding loop 117  iteration  1   file 43_2a_consumption_linux-3.16-rc1.tar.xz-43_2a-drivers--isdn--mISDN--mISDN_dsp.ko-entry_point.cil.out.i line 11638 function reverse_bits
Unwinding loop 117  iteration  2   file 43_2a_consumption_linux-3.16-rc1.tar.xz-43_2a-drivers--isdn--mISDN--mISDN_dsp.ko-entry_point.cil.out.i line 11638 function reverse_bits
Not unwinding 
Unwinding loop 71  iteration  2   file 43_2a_consumption_linux-3.16-rc1.tar.xz-43_2a-drivers--isdn--mISDN--mISDN_dsp.ko-entry_point.cil.out.i line 11721 function dsp_audio_generate_s2law_table
Unwinding loop 116  iteration  1   file 43_2a_consumption_linux-3.16-rc1.tar.xz-43_2a-drivers--isdn--mISDN--mISDN_dsp.ko-entry_point.cil.out.i line 11296 function linear2alaw
Unwinding loop 116  iteration  2   file 43_2a_consumption_linux-3.16-rc1.tar.xz-43_2a-drivers--isdn--mISDN--mISDN_dsp.ko-entry_point.cil.out.i line 11296 function linear2alaw
Not unwinding 
Unwinding loop 117  iteration  1   file 43_2a_consumption_linux-3.16-rc1.tar.xz-43_2a-drivers--isdn--mISDN--mISDN_dsp.ko-entry_point.cil.out.i line 11638 function reverse_bits
Unwinding loop 117  iteration  2   file 43_2a_consumption_linux-3.16-rc1.tar.xz-43_2a-drivers--isdn--mISDN--mISDN_dsp.ko-entry_point.cil.out.i line 11638 function reverse_bits
Not unwinding 
Not unwinding 
Unwinding loop 73  iteration  1   file 43_2a_consumption_linux-3.16-rc1.tar.xz-43_2a-drivers--isdn--mISDN--mISDN_dsp.ko-entry_point.cil.out.i line 11757 function dsp_audio_generate_seven
Unwinding loop 72  iteration  1   file 43_2a_consumption_linux-3.16-rc1.tar.xz-43_2a-drivers--isdn--mISDN--mISDN_dsp.ko-entry_point.cil.out.i line 11750 function dsp_audio_generate_seven
Unwinding loop 72  iteration  2   file 43_2a_consumption_linux-3.16-rc1.tar.xz-43_2a-drivers--isdn--mISDN--mISDN_dsp.ko-entry_point.cil.out.i line 11750 function dsp_audio_generate_seven
Not unwinding 
Unwinding loop 73  iteration  2   file 43_2a_consumption_linux-3.16-rc1.tar.xz-43_2a-drivers--isdn--mISDN--mISDN_dsp.ko-entry_point.cil.out.i line 11757 function dsp_audio_generate_seven
Unwinding loop 72  iteration  1   file 43_2a_consumption_linux-3.16-rc1.tar.xz-43_2a-drivers--isdn--mISDN--mISDN_dsp.ko-entry_point.cil.out.i line 11750 function dsp_audio_generate_seven
Unwinding loop 72  iteration  2   file 43_2a_consumption_linux-3.16-rc1.tar.xz-43_2a-drivers--isdn--mISDN--mISDN_dsp.ko-entry_point.cil.out.i line 11750 function dsp_audio_generate_seven
Not unwinding 
Not unwinding 
Unwinding loop 75  iteration  1   file 43_2a_consumption_linux-3.16-rc1.tar.xz-43_2a-drivers--isdn--mISDN--mISDN_dsp.ko-entry_point.cil.out.i line 11786 function dsp_audio_generate_seven
Unwinding loop 74  iteration  1   file 43_2a_consumption_linux-3.16-rc1.tar.xz-43_2a-drivers--isdn--mISDN--mISDN_dsp.ko-entry_point.cil.out.i line 11778 function dsp_audio_generate_seven
Unwinding loop 74  iteration  2   file 43_2a_consumption_linux-3.16-rc1.tar.xz-43_2a-drivers--isdn--mISDN--mISDN_dsp.ko-entry_point.cil.out.i line 11778 function dsp_audio_generate_seven
Not unwinding 
Unwinding loop 75  iteration  2   file 43_2a_consumption_linux-3.16-rc1.tar.xz-43_2a-drivers--isdn--mISDN--mISDN_dsp.ko-entry_point.cil.out.i line 11786 function dsp_audio_generate_seven
Unwinding loop 74  iteration  1   file 43_2a_consumption_linux-3.16-rc1.tar.xz-43_2a-drivers--isdn--mISDN--mISDN_dsp.ko-entry_point.cil.out.i line 11778 function dsp_audio_generate_seven
Unwinding loop 74  iteration  2   file 43_2a_consumption_linux-3.16-rc1.tar.xz-43_2a-drivers--isdn--mISDN--mISDN_dsp.ko-entry_point.cil.out.i line 11778 function dsp_audio_generate_seven
Not unwinding 
Not unwinding 
Unwinding loop 76  iteration  1   file 43_2a_consumption_linux-3.16-rc1.tar.xz-43_2a-drivers--isdn--mISDN--mISDN_dsp.ko-entry_point.cil.out.i line 11801 function dsp_audio_generate_seven
Unwinding loop 76  iteration  2   file 43_2a_consumption_linux-3.16-rc1.tar.xz-43_2a-drivers--isdn--mISDN--mISDN_dsp.ko-entry_point.cil.out.i line 11801 function dsp_audio_generate_seven
Not unwinding 
Unwinding loop 78  iteration  1   file 43_2a_consumption_linux-3.16-rc1.tar.xz-43_2a-drivers--isdn--mISDN--mISDN_dsp.ko-entry_point.cil.out.i line 11839 function dsp_audio_generate_mix_table
Unwinding loop 77  iteration  1   file 43_2a_consumption_linux-3.16-rc1.tar.xz-43_2a-drivers--isdn--mISDN--mISDN_dsp.ko-entry_point.cil.out.i line 11833 function dsp_audio_generate_mix_table
Unwinding loop 77  iteration  2   file 43_2a_consumption_linux-3.16-rc1.tar.xz-43_2a-drivers--isdn--mISDN--mISDN_dsp.ko-entry_point.cil.out.i line 11833 function dsp_audio_generate_mix_table
Not unwinding 
Unwinding loop 78  iteration  2   file 43_2a_consumption_linux-3.16-rc1.tar.xz-43_2a-drivers--isdn--mISDN--mISDN_dsp.ko-entry_point.cil.out.i line 11839 function dsp_audio_generate_mix_table
Unwinding loop 77  iteration  1   file 43_2a_consumption_linux-3.16-rc1.tar.xz-43_2a-drivers--isdn--mISDN--mISDN_dsp.ko-entry_point.cil.out.i line 11833 function dsp_audio_generate_mix_table
Unwinding loop 77  iteration  2   file 43_2a_consumption_linux-3.16-rc1.tar.xz-43_2a-drivers--isdn--mISDN--mISDN_dsp.ko-entry_point.cil.out.i line 11833 function dsp_audio_generate_mix_table
Not unwinding 
Not unwinding 
Unwinding loop 81  iteration  1   file 43_2a_consumption_linux-3.16-rc1.tar.xz-43_2a-drivers--isdn--mISDN--mISDN_dsp.ko-entry_point.cil.out.i line 11975 function dsp_audio_generate_volume_changes
Unwinding loop 81  iteration  2   file 43_2a_consumption_linux-3.16-rc1.tar.xz-43_2a-drivers--isdn--mISDN--mISDN_dsp.ko-entry_point.cil.out.i line 11975 function dsp_audio_generate_volume_changes
Not unwinding 
Unwinding loop 121  iteration  1   file 43_2a_consumption_linux-3.16-rc1.tar.xz-43_2a-drivers--isdn--mISDN--mISDN_dsp.ko-entry_point.cil.out.i line 13062 function mISDN_dsp_element_register
No target candidate for function call *timer->function
Unwinding loop 95  iteration  1   file 43_2a_consumption_linux-3.16-rc1.tar.xz-43_2a-drivers--isdn--mISDN--mISDN_dsp.ko-entry_point.cil.out.i line 7575 function main
No target candidate for function call *timer->function
Unwinding loop 122  iteration  1   file 43_2a_consumption_linux-3.16-rc1.tar.xz-43_2a-drivers--isdn--mISDN--mISDN_dsp.ko-entry_point.cil.out.i line 13112 function mISDN_dsp_element_unregister
Unwinding loop 122  iteration  2   file 43_2a_consumption_linux-3.16-rc1.tar.xz-43_2a-drivers--isdn--mISDN--mISDN_dsp.ko-entry_point.cil.out.i line 13112 function mISDN_dsp_element_unregister
Not unwinding 
Unwinding loop 94  iteration  1   file 43_2a_consumption_linux-3.16-rc1.tar.xz-43_2a-drivers--isdn--mISDN--mISDN_dsp.ko-entry_point.cil.out.i line 13173 function dsp_pipeline_module_exit
Unwinding loop 94  iteration  2   file 43_2a_consumption_linux-3.16-rc1.tar.xz-43_2a-drivers--isdn--mISDN--mISDN_dsp.ko-entry_point.cil.out.i line 13173 function dsp_pipeline_module_exit
Not unwinding 
Unwinding loop 66  iteration  1   file 43_2a_consumption_linux-3.16-rc1.tar.xz-43_2a-drivers--isdn--mISDN--mISDN_dsp.ko-entry_point.cil.out.i line 7314 function dsp_init
Unwinding loop 66  iteration  2   file 43_2a_consumption_linux-3.16-rc1.tar.xz-43_2a-drivers--isdn--mISDN--mISDN_dsp.ko-entry_point.cil.out.i line 7314 function dsp_init
Not unwinding 
Unwinding loop 67  iteration  1   file 43_2a_consumption_linux-3.16-rc1.tar.xz-43_2a-drivers--isdn--mISDN--mISDN_dsp.ko-entry_point.cil.out.i line 11661 function dsp_audio_generate_law_tables
Unwinding loop 117  iteration  1   file 43_2a_consumption_linux-3.16-rc1.tar.xz-43_2a-drivers--isdn--mISDN--mISDN_dsp.ko-entry_point.cil.out.i line 11638 function reverse_bits
Unwinding loop 117  iteration  2   file 43_2a_consumption_linux-3.16-rc1.tar.xz-43_2a-drivers--isdn--mISDN--mISDN_dsp.ko-entry_point.cil.out.i line 11638 function reverse_bits
Not unwinding 
Unwinding loop 67  iteration  2   file 43_2a_consumption_linux-3.16-rc1.tar.xz-43_2a-drivers--isdn--mISDN--mISDN_dsp.ko-entry_point.cil.out.i line 11661 function dsp_audio_generate_law_tables
Unwinding loop 117  iteration  1   file 43_2a_consumption_linux-3.16-rc1.tar.xz-43_2a-drivers--isdn--mISDN--mISDN_dsp.ko-entry_point.cil.out.i line 11638 function reverse_bits
Unwinding loop 117  iteration  2   file 43_2a_consumption_linux-3.16-rc1.tar.xz-43_2a-drivers--isdn--mISDN--mISDN_dsp.ko-entry_point.cil.out.i line 11638 function reverse_bits
Not unwinding 
Not unwinding 
Unwinding loop 68  iteration  1   file 43_2a_consumption_linux-3.16-rc1.tar.xz-43_2a-drivers--isdn--mISDN--mISDN_dsp.ko-entry_point.cil.out.i line 11673 function dsp_audio_generate_law_tables
Unwinding loop 117  iteration  1   file 43_2a_consumption_linux-3.16-rc1.tar.xz-43_2a-drivers--isdn--mISDN--mISDN_dsp.ko-entry_point.cil.out.i line 11638 function reverse_bits
Unwinding loop 117  iteration  2   file 43_2a_consumption_linux-3.16-rc1.tar.xz-43_2a-drivers--isdn--mISDN--mISDN_dsp.ko-entry_point.cil.out.i line 11638 function reverse_bits
Not unwinding 
Unwinding loop 68  iteration  2   file 43_2a_consumption_linux-3.16-rc1.tar.xz-43_2a-drivers--isdn--mISDN--mISDN_dsp.ko-entry_point.cil.out.i line 11673 function dsp_audio_generate_law_tables
Unwinding loop 117  iteration  1   file 43_2a_consumption_linux-3.16-rc1.tar.xz-43_2a-drivers--isdn--mISDN--mISDN_dsp.ko-entry_point.cil.out.i line 11638 function reverse_bits
Unwinding loop 117  iteration  2   file 43_2a_consumption_linux-3.16-rc1.tar.xz-43_2a-drivers--isdn--mISDN--mISDN_dsp.ko-entry_point.cil.out.i line 11638 function reverse_bits
Not unwinding 
Not unwinding 
Unwinding loop 69  iteration  1   file 43_2a_consumption_linux-3.16-rc1.tar.xz-43_2a-drivers--isdn--mISDN--mISDN_dsp.ko-entry_point.cil.out.i line 11684 function dsp_audio_generate_law_tables
Unwinding loop 116  iteration  1   file 43_2a_consumption_linux-3.16-rc1.tar.xz-43_2a-drivers--isdn--mISDN--mISDN_dsp.ko-entry_point.cil.out.i line 11296 function linear2alaw
Unwinding loop 116  iteration  2   file 43_2a_consumption_linux-3.16-rc1.tar.xz-43_2a-drivers--isdn--mISDN--mISDN_dsp.ko-entry_point.cil.out.i line 11296 function linear2alaw
Not unwinding 
Unwinding loop 69  iteration  2   file 43_2a_consumption_linux-3.16-rc1.tar.xz-43_2a-drivers--isdn--mISDN--mISDN_dsp.ko-entry_point.cil.out.i line 11684 function dsp_audio_generate_law_tables
Unwinding loop 116  iteration  1   file 43_2a_consumption_linux-3.16-rc1.tar.xz-43_2a-drivers--isdn--mISDN--mISDN_dsp.ko-entry_point.cil.out.i line 11296 function linear2alaw
Unwinding loop 116  iteration  2   file 43_2a_consumption_linux-3.16-rc1.tar.xz-43_2a-drivers--isdn--mISDN--mISDN_dsp.ko-entry_point.cil.out.i line 11296 function linear2alaw
Not unwinding 
Not unwinding 
Unwinding loop 71  iteration  1   file 43_2a_consumption_linux-3.16-rc1.tar.xz-43_2a-drivers--isdn--mISDN--mISDN_dsp.ko-entry_point.cil.out.i line 11721 function dsp_audio_generate_s2law_table
Unwinding loop 116  iteration  1   file 43_2a_consumption_linux-3.16-rc1.tar.xz-43_2a-drivers--isdn--mISDN--mISDN_dsp.ko-entry_point.cil.out.i line 11296 function linear2alaw
Unwinding loop 116  iteration  2   file 43_2a_consumption_linux-3.16-rc1.tar.xz-43_2a-drivers--isdn--mISDN--mISDN_dsp.ko-entry_point.cil.out.i line 11296 function linear2alaw
Not unwinding 
Unwinding loop 117  iteration  1   file 43_2a_consumption_linux-3.16-rc1.tar.xz-43_2a-drivers--isdn--mISDN--mISDN_dsp.ko-entry_point.cil.out.i line 11638 function reverse_bits
Unwinding loop 117  iteration  2   file 43_2a_consumption_linux-3.16-rc1.tar.xz-43_2a-drivers--isdn--mISDN--mISDN_dsp.ko-entry_point.cil.out.i line 11638 function reverse_bits
Not unwinding 
Unwinding loop 71  iteration  2   file 43_2a_consumption_linux-3.16-rc1.tar.xz-43_2a-drivers--isdn--mISDN--mISDN_dsp.ko-entry_point.cil.out.i line 11721 function dsp_audio_generate_s2law_table
Unwinding loop 116  iteration  1   file 43_2a_consumption_linux-3.16-rc1.tar.xz-43_2a-drivers--isdn--mISDN--mISDN_dsp.ko-entry_point.cil.out.i line 11296 function linear2alaw
Unwinding loop 116  iteration  2   file 43_2a_consumption_linux-3.16-rc1.tar.xz-43_2a-drivers--isdn--mISDN--mISDN_dsp.ko-entry_point.cil.out.i line 11296 function linear2alaw
Not unwinding 
Unwinding loop 117  iteration  1   file 43_2a_consumption_linux-3.16-rc1.tar.xz-43_2a-drivers--isdn--mISDN--mISDN_dsp.ko-entry_point.cil.out.i line 11638 function reverse_bits
Unwinding loop 117  iteration  2   file 43_2a_consumption_linux-3.16-rc1.tar.xz-43_2a-drivers--isdn--mISDN--mISDN_dsp.ko-entry_point.cil.out.i line 11638 function reverse_bits
Not unwinding 
Not unwinding 
Unwinding loop 73  iteration  1   file 43_2a_consumption_linux-3.16-rc1.tar.xz-43_2a-drivers--isdn--mISDN--mISDN_dsp.ko-entry_point.cil.out.i line 11757 function dsp_audio_generate_seven
Unwinding loop 72  iteration  1   file 43_2a_consumption_linux-3.16-rc1.tar.xz-43_2a-drivers--isdn--mISDN--mISDN_dsp.ko-entry_point.cil.out.i line 11750 function dsp_audio_generate_seven
Unwinding loop 72  iteration  2   file 43_2a_consumption_linux-3.16-rc1.tar.xz-43_2a-drivers--isdn--mISDN--mISDN_dsp.ko-entry_point.cil.out.i line 11750 function dsp_audio_generate_seven
Not unwinding 
Unwinding loop 73  iteration  2   file 43_2a_consumption_linux-3.16-rc1.tar.xz-43_2a-drivers--isdn--mISDN--mISDN_dsp.ko-entry_point.cil.out.i line 11757 function dsp_audio_generate_seven
Unwinding loop 72  iteration  1   file 43_2a_consumption_linux-3.16-rc1.tar.xz-43_2a-drivers--isdn--mISDN--mISDN_dsp.ko-entry_point.cil.out.i line 11750 function dsp_audio_generate_seven
Unwinding loop 72  iteration  2   file 43_2a_consumption_linux-3.16-rc1.tar.xz-43_2a-drivers--isdn--mISDN--mISDN_dsp.ko-entry_point.cil.out.i line 11750 function dsp_audio_generate_seven
Not unwinding 
Not unwinding 
Unwinding loop 75  iteration  1   file 43_2a_consumption_linux-3.16-rc1.tar.xz-43_2a-drivers--isdn--mISDN--mISDN_dsp.ko-entry_point.cil.out.i line 11786 function dsp_audio_generate_seven
Unwinding loop 74  iteration  1   file 43_2a_consumption_linux-3.16-rc1.tar.xz-43_2a-drivers--isdn--mISDN--mISDN_dsp.ko-entry_point.cil.out.i line 11778 function dsp_audio_generate_seven
Unwinding loop 74  iteration  2   file 43_2a_consumption_linux-3.16-rc1.tar.xz-43_2a-drivers--isdn--mISDN--mISDN_dsp.ko-entry_point.cil.out.i line 11778 function dsp_audio_generate_seven
Not unwinding 
Unwinding loop 75  iteration  2   file 43_2a_consumption_linux-3.16-rc1.tar.xz-43_2a-drivers--isdn--mISDN--mISDN_dsp.ko-entry_point.cil.out.i line 11786 function dsp_audio_generate_seven
Unwinding loop 74  iteration  1   file 43_2a_consumption_linux-3.16-rc1.tar.xz-43_2a-drivers--isdn--mISDN--mISDN_dsp.ko-entry_point.cil.out.i line 11778 function dsp_audio_generate_seven
Unwinding loop 74  iteration  2   file 43_2a_consumption_linux-3.16-rc1.tar.xz-43_2a-drivers--isdn--mISDN--mISDN_dsp.ko-entry_point.cil.out.i line 11778 function dsp_audio_generate_seven
Not unwinding 
Not unwinding 
Unwinding loop 76  iteration  1   file 43_2a_consumption_linux-3.16-rc1.tar.xz-43_2a-drivers--isdn--mISDN--mISDN_dsp.ko-entry_point.cil.out.i line 11801 function dsp_audio_generate_seven
Unwinding loop 76  iteration  2   file 43_2a_consumption_linux-3.16-rc1.tar.xz-43_2a-drivers--isdn--mISDN--mISDN_dsp.ko-entry_point.cil.out.i line 11801 function dsp_audio_generate_seven
Not unwinding 
Unwinding loop 78  iteration  1   file 43_2a_consumption_linux-3.16-rc1.tar.xz-43_2a-drivers--isdn--mISDN--mISDN_dsp.ko-entry_point.cil.out.i line 11839 function dsp_audio_generate_mix_table
Unwinding loop 77  iteration  1   file 43_2a_consumption_linux-3.16-rc1.tar.xz-43_2a-drivers--isdn--mISDN--mISDN_dsp.ko-entry_point.cil.out.i line 11833 function dsp_audio_generate_mix_table
Unwinding loop 77  iteration  2   file 43_2a_consumption_linux-3.16-rc1.tar.xz-43_2a-drivers--isdn--mISDN--mISDN_dsp.ko-entry_point.cil.out.i line 11833 function dsp_audio_generate_mix_table
Not unwinding 
Unwinding loop 78  iteration  2   file 43_2a_consumption_linux-3.16-rc1.tar.xz-43_2a-drivers--isdn--mISDN--mISDN_dsp.ko-entry_point.cil.out.i line 11839 function dsp_audio_generate_mix_table
Unwinding loop 77  iteration  1   file 43_2a_consumption_linux-3.16-rc1.tar.xz-43_2a-drivers--isdn--mISDN--mISDN_dsp.ko-entry_point.cil.out.i line 11833 function dsp_audio_generate_mix_table
Unwinding loop 77  iteration  2   file 43_2a_consumption_linux-3.16-rc1.tar.xz-43_2a-drivers--isdn--mISDN--mISDN_dsp.ko-entry_point.cil.out.i line 11833 function dsp_audio_generate_mix_table
Not unwinding 
Not unwinding 
Unwinding loop 81  iteration  1   file 43_2a_consumption_linux-3.16-rc1.tar.xz-43_2a-drivers--isdn--mISDN--mISDN_dsp.ko-entry_point.cil.out.i line 11975 function dsp_audio_generate_volume_changes
Unwinding loop 81  iteration  2   file 43_2a_consumption_linux-3.16-rc1.tar.xz-43_2a-drivers--isdn--mISDN--mISDN_dsp.ko-entry_point.cil.out.i line 11975 function dsp_audio_generate_volume_changes
Not unwinding 
Unwinding loop 121  iteration  1   file 43_2a_consumption_linux-3.16-rc1.tar.xz-43_2a-drivers--isdn--mISDN--mISDN_dsp.ko-entry_point.cil.out.i line 13062 function mISDN_dsp_element_register
No target candidate for function call *timer->function
Unwinding loop 95  iteration  2   file 43_2a_consumption_linux-3.16-rc1.tar.xz-43_2a-drivers--isdn--mISDN--mISDN_dsp.ko-entry_point.cil.out.i line 7575 function main
No target candidate for function call *timer->function
Unwinding loop 122  iteration  1   file 43_2a_consumption_linux-3.16-rc1.tar.xz-43_2a-drivers--isdn--mISDN--mISDN_dsp.ko-entry_point.cil.out.i line 13112 function mISDN_dsp_element_unregister
Unwinding loop 122  iteration  2   file 43_2a_consumption_linux-3.16-rc1.tar.xz-43_2a-drivers--isdn--mISDN--mISDN_dsp.ko-entry_point.cil.out.i line 13112 function mISDN_dsp_element_unregister
Not unwinding 
Unwinding loop 94  iteration  1   file 43_2a_consumption_linux-3.16-rc1.tar.xz-43_2a-drivers--isdn--mISDN--mISDN_dsp.ko-entry_point.cil.out.i line 13173 function dsp_pipeline_module_exit
Unwinding loop 94  iteration  2   file 43_2a_consumption_linux-3.16-rc1.tar.xz-43_2a-drivers--isdn--mISDN--mISDN_dsp.ko-entry_point.cil.out.i line 13173 function dsp_pipeline_module_exit
Not unwinding 
Unwinding loop 66  iteration  1   file 43_2a_consumption_linux-3.16-rc1.tar.xz-43_2a-drivers--isdn--mISDN--mISDN_dsp.ko-entry_point.cil.out.i line 7314 function dsp_init
Unwinding loop 66  iteration  2   file 43_2a_consumption_linux-3.16-rc1.tar.xz-43_2a-drivers--isdn--mISDN--mISDN_dsp.ko-entry_point.cil.out.i line 7314 function dsp_init
Not unwinding 
Unwinding loop 67  iteration  1   file 43_2a_consumption_linux-3.16-rc1.tar.xz-43_2a-drivers--isdn--mISDN--mISDN_dsp.ko-entry_point.cil.out.i line 11661 function dsp_audio_generate_law_tables
Unwinding loop 117  iteration  1   file 43_2a_consumption_linux-3.16-rc1.tar.xz-43_2a-drivers--isdn--mISDN--mISDN_dsp.ko-entry_point.cil.out.i line 11638 function reverse_bits
Unwinding loop 117  iteration  2   file 43_2a_consumption_linux-3.16-rc1.tar.xz-43_2a-drivers--isdn--mISDN--mISDN_dsp.ko-entry_point.cil.out.i line 11638 function reverse_bits
Not unwinding 
Unwinding loop 67  iteration  2   file 43_2a_consumption_linux-3.16-rc1.tar.xz-43_2a-drivers--isdn--mISDN--mISDN_dsp.ko-entry_point.cil.out.i line 11661 function dsp_audio_generate_law_tables
Unwinding loop 117  iteration  1   file 43_2a_consumption_linux-3.16-rc1.tar.xz-43_2a-drivers--isdn--mISDN--mISDN_dsp.ko-entry_point.cil.out.i line 11638 function reverse_bits
Unwinding loop 117  iteration  2   file 43_2a_consumption_linux-3.16-rc1.tar.xz-43_2a-drivers--isdn--mISDN--mISDN_dsp.ko-entry_point.cil.out.i line 11638 function reverse_bits
Not unwinding 
Not unwinding 
Unwinding loop 68  iteration  1   file 43_2a_consumption_linux-3.16-rc1.tar.xz-43_2a-drivers--isdn--mISDN--mISDN_dsp.ko-entry_point.cil.out.i line 11673 function dsp_audio_generate_law_tables
Unwinding loop 117  iteration  1   file 43_2a_consumption_linux-3.16-rc1.tar.xz-43_2a-drivers--isdn--mISDN--mISDN_dsp.ko-entry_point.cil.out.i line 11638 function reverse_bits
Unwinding loop 117  iteration  2   file 43_2a_consumption_linux-3.16-rc1.tar.xz-43_2a-drivers--isdn--mISDN--mISDN_dsp.ko-entry_point.cil.out.i line 11638 function reverse_bits
Not unwinding 
Unwinding loop 68  iteration  2   file 43_2a_consumption_linux-3.16-rc1.tar.xz-43_2a-drivers--isdn--mISDN--mISDN_dsp.ko-entry_point.cil.out.i line 11673 function dsp_audio_generate_law_tables
Unwinding loop 117  iteration  1   file 43_2a_consumption_linux-3.16-rc1.tar.xz-43_2a-drivers--isdn--mISDN--mISDN_dsp.ko-entry_point.cil.out.i line 11638 function reverse_bits
Unwinding loop 117  iteration  2   file 43_2a_consumption_linux-3.16-rc1.tar.xz-43_2a-drivers--isdn--mISDN--mISDN_dsp.ko-entry_point.cil.out.i line 11638 function reverse_bits
Not unwinding 
Not unwinding 
Unwinding loop 69  iteration  1   file 43_2a_consumption_linux-3.16-rc1.tar.xz-43_2a-drivers--isdn--mISDN--mISDN_dsp.ko-entry_point.cil.out.i line 11684 function dsp_audio_generate_law_tables
Unwinding loop 116  iteration  1   file 43_2a_consumption_linux-3.16-rc1.tar.xz-43_2a-drivers--isdn--mISDN--mISDN_dsp.ko-entry_point.cil.out.i line 11296 function linear2alaw
Unwinding loop 116  iteration  2   file 43_2a_consumption_linux-3.16-rc1.tar.xz-43_2a-drivers--isdn--mISDN--mISDN_dsp.ko-entry_point.cil.out.i line 11296 function linear2alaw
Not unwinding 
Unwinding loop 69  iteration  2   file 43_2a_consumption_linux-3.16-rc1.tar.xz-43_2a-drivers--isdn--mISDN--mISDN_dsp.ko-entry_point.cil.out.i line 11684 function dsp_audio_generate_law_tables
Unwinding loop 116  iteration  1   file 43_2a_consumption_linux-3.16-rc1.tar.xz-43_2a-drivers--isdn--mISDN--mISDN_dsp.ko-entry_point.cil.out.i line 11296 function linear2alaw
Unwinding loop 116  iteration  2   file 43_2a_consumption_linux-3.16-rc1.tar.xz-43_2a-drivers--isdn--mISDN--mISDN_dsp.ko-entry_point.cil.out.i line 11296 function linear2alaw
Not unwinding 
Not unwinding 
Unwinding loop 71  iteration  1   file 43_2a_consumption_linux-3.16-rc1.tar.xz-43_2a-drivers--isdn--mISDN--mISDN_dsp.ko-entry_point.cil.out.i line 11721 function dsp_audio_generate_s2law_table
Unwinding loop 116  iteration  1   file 43_2a_consumption_linux-3.16-rc1.tar.xz-43_2a-drivers--isdn--mISDN--mISDN_dsp.ko-entry_point.cil.out.i line 11296 function linear2alaw
Unwinding loop 116  iteration  2   file 43_2a_consumption_linux-3.16-rc1.tar.xz-43_2a-drivers--isdn--mISDN--mISDN_dsp.ko-entry_point.cil.out.i line 11296 function linear2alaw
Not unwinding 
Unwinding loop 117  iteration  1   file 43_2a_consumption_linux-3.16-rc1.tar.xz-43_2a-drivers--isdn--mISDN--mISDN_dsp.ko-entry_point.cil.out.i line 11638 function reverse_bits
Unwinding loop 117  iteration  2   file 43_2a_consumption_linux-3.16-rc1.tar.xz-43_2a-drivers--isdn--mISDN--mISDN_dsp.ko-entry_point.cil.out.i line 11638 function reverse_bits
Not unwinding 
Unwinding loop 71  iteration  2   file 43_2a_consumption_linux-3.16-rc1.tar.xz-43_2a-drivers--isdn--mISDN--mISDN_dsp.ko-entry_point.cil.out.i line 11721 function dsp_audio_generate_s2law_table
Unwinding loop 116  iteration  1   file 43_2a_consumption_linux-3.16-rc1.tar.xz-43_2a-drivers--isdn--mISDN--mISDN_dsp.ko-entry_point.cil.out.i line 11296 function linear2alaw
Unwinding loop 116  iteration  2   file 43_2a_consumption_linux-3.16-rc1.tar.xz-43_2a-drivers--isdn--mISDN--mISDN_dsp.ko-entry_point.cil.out.i line 11296 function linear2alaw
Not unwinding 
Unwinding loop 117  iteration  1   file 43_2a_consumption_linux-3.16-rc1.tar.xz-43_2a-drivers--isdn--mISDN--mISDN_dsp.ko-entry_point.cil.out.i line 11638 function reverse_bits
Unwinding loop 117  iteration  2   file 43_2a_consumption_linux-3.16-rc1.tar.xz-43_2a-drivers--isdn--mISDN--mISDN_dsp.ko-entry_point.cil.out.i line 11638 function reverse_bits
Not unwinding 
Not unwinding 
Unwinding loop 73  iteration  1   file 43_2a_consumption_linux-3.16-rc1.tar.xz-43_2a-drivers--isdn--mISDN--mISDN_dsp.ko-entry_point.cil.out.i line 11757 function dsp_audio_generate_seven
Unwinding loop 72  iteration  1   file 43_2a_consumption_linux-3.16-rc1.tar.xz-43_2a-drivers--isdn--mISDN--mISDN_dsp.ko-entry_point.cil.out.i line 11750 function dsp_audio_generate_seven
Unwinding loop 72  iteration  2   file 43_2a_consumption_linux-3.16-rc1.tar.xz-43_2a-drivers--isdn--mISDN--mISDN_dsp.ko-entry_point.cil.out.i line 11750 function dsp_audio_generate_seven
Not unwinding 
Unwinding loop 73  iteration  2   file 43_2a_consumption_linux-3.16-rc1.tar.xz-43_2a-drivers--isdn--mISDN--mISDN_dsp.ko-entry_point.cil.out.i line 11757 function dsp_audio_generate_seven
Unwinding loop 72  iteration  1   file 43_2a_consumption_linux-3.16-rc1.tar.xz-43_2a-drivers--isdn--mISDN--mISDN_dsp.ko-entry_point.cil.out.i line 11750 function dsp_audio_generate_seven
Unwinding loop 72  iteration  2   file 43_2a_consumption_linux-3.16-rc1.tar.xz-43_2a-drivers--isdn--mISDN--mISDN_dsp.ko-entry_point.cil.out.i line 11750 function dsp_audio_generate_seven
Not unwinding 
Not unwinding 
Unwinding loop 75  iteration  1   file 43_2a_consumption_linux-3.16-rc1.tar.xz-43_2a-drivers--isdn--mISDN--mISDN_dsp.ko-entry_point.cil.out.i line 11786 function dsp_audio_generate_seven
Unwinding loop 74  iteration  1   file 43_2a_consumption_linux-3.16-rc1.tar.xz-43_2a-drivers--isdn--mISDN--mISDN_dsp.ko-entry_point.cil.out.i line 11778 function dsp_audio_generate_seven
Unwinding loop 74  iteration  2   file 43_2a_consumption_linux-3.16-rc1.tar.xz-43_2a-drivers--isdn--mISDN--mISDN_dsp.ko-entry_point.cil.out.i line 11778 function dsp_audio_generate_seven
Not unwinding 
Unwinding loop 75  iteration  2   file 43_2a_consumption_linux-3.16-rc1.tar.xz-43_2a-drivers--isdn--mISDN--mISDN_dsp.ko-entry_point.cil.out.i line 11786 function dsp_audio_generate_seven
Unwinding loop 74  iteration  1   file 43_2a_consumption_linux-3.16-rc1.tar.xz-43_2a-drivers--isdn--mISDN--mISDN_dsp.ko-entry_point.cil.out.i line 11778 function dsp_audio_generate_seven
Unwinding loop 74  iteration  2   file 43_2a_consumption_linux-3.16-rc1.tar.xz-43_2a-drivers--isdn--mISDN--mISDN_dsp.ko-entry_point.cil.out.i line 11778 function dsp_audio_generate_seven
Not unwinding 
Not unwinding 
Unwinding loop 76  iteration  1   file 43_2a_consumption_linux-3.16-rc1.tar.xz-43_2a-drivers--isdn--mISDN--mISDN_dsp.ko-entry_point.cil.out.i line 11801 function dsp_audio_generate_seven
Unwinding loop 76  iteration  2   file 43_2a_consumption_linux-3.16-rc1.tar.xz-43_2a-drivers--isdn--mISDN--mISDN_dsp.ko-entry_point.cil.out.i line 11801 function dsp_audio_generate_seven
Not unwinding 
Unwinding loop 78  iteration  1   file 43_2a_consumption_linux-3.16-rc1.tar.xz-43_2a-drivers--isdn--mISDN--mISDN_dsp.ko-entry_point.cil.out.i line 11839 function dsp_audio_generate_mix_table
Unwinding loop 77  iteration  1   file 43_2a_consumption_linux-3.16-rc1.tar.xz-43_2a-drivers--isdn--mISDN--mISDN_dsp.ko-entry_point.cil.out.i line 11833 function dsp_audio_generate_mix_table
Unwinding loop 77  iteration  2   file 43_2a_consumption_linux-3.16-rc1.tar.xz-43_2a-drivers--isdn--mISDN--mISDN_dsp.ko-entry_point.cil.out.i line 11833 function dsp_audio_generate_mix_table
Not unwinding 
Unwinding loop 78  iteration  2   file 43_2a_consumption_linux-3.16-rc1.tar.xz-43_2a-drivers--isdn--mISDN--mISDN_dsp.ko-entry_point.cil.out.i line 11839 function dsp_audio_generate_mix_table
Unwinding loop 77  iteration  1   file 43_2a_consumption_linux-3.16-rc1.tar.xz-43_2a-drivers--isdn--mISDN--mISDN_dsp.ko-entry_point.cil.out.i line 11833 function dsp_audio_generate_mix_table
Unwinding loop 77  iteration  2   file 43_2a_consumption_linux-3.16-rc1.tar.xz-43_2a-drivers--isdn--mISDN--mISDN_dsp.ko-entry_point.cil.out.i line 11833 function dsp_audio_generate_mix_table
Not unwinding 
Not unwinding 
Unwinding loop 81  iteration  1   file 43_2a_consumption_linux-3.16-rc1.tar.xz-43_2a-drivers--isdn--mISDN--mISDN_dsp.ko-entry_point.cil.out.i line 11975 function dsp_audio_generate_volume_changes
Unwinding loop 81  iteration  2   file 43_2a_consumption_linux-3.16-rc1.tar.xz-43_2a-drivers--isdn--mISDN--mISDN_dsp.ko-entry_point.cil.out.i line 11975 function dsp_audio_generate_volume_changes
Not unwinding 
Unwinding loop 121  iteration  1   file 43_2a_consumption_linux-3.16-rc1.tar.xz-43_2a-drivers--isdn--mISDN--mISDN_dsp.ko-entry_point.cil.out.i line 13062 function mISDN_dsp_element_register
No target candidate for function call *timer->function
Not unwinding 
Symex completed in: 2.191s (8869 assignments)
Slicing time: 0.074s (removed 6451 assignments)
Generated 1 VCC(s), 1 remaining after simplification (2418 assignments)
No solver specified; defaulting to Boolector
Encoding remaining VCC(s) using bit-vector/floating-point arithmetic
Encoding to solver time: 0.101s
Solving with solver Boolector 3.2.1
Encoding to solver time: 0.101s
Runtime decision procedure: 10.359s
BMC program time: 12.725s
Building successful trace

VERIFICATION SUCCESSFUL

Solution found by the inductive step (k = 3)

../sv-benchmarks/c/ldv-linux-3.16-rc1/43_2a_consumption_linux-3.16-rc1.tar.xz-43_2a-drivers--isdn--mISDN--mISDN_dsp.ko-entry_point.cil.out.i:5701:27: warning: declaration of 'struct kobject___0' will not be visible outside of this function [-Wvisibility]
   ssize_t (*show)(struct kobject___0 * , struct attribute___0 * , char * ) ;
                          ^
../sv-benchmarks/c/ldv-linux-3.16-rc1/43_2a_consumption_linux-3.16-rc1.tar.xz-43_2a-drivers--isdn--mISDN--mISDN_dsp.ko-entry_point.cil.out.i:5702:28: warning: declaration of 'struct kobject___0' will not be visible outside of this function [-Wvisibility]
   ssize_t (*store)(struct kobject___0 * , struct attribute___0 * , char const * ,
                           ^

TRUE
