./esbmc-wrapper.py -p ../sv-benchmarks/c/properties/unreach-call.prp -s kinduction --arch 32 ../sv-benchmarks/c/array-fpi/res1of.c


--------------------------------------------------------------------------------


Verifying with ESBMC
Command: ./esbmc --no-div-by-zero-check --force-malloc-success --state-hashing --no-align-check --k-step 2 --floatbv --unlimited-k-steps ../sv-benchmarks/c/array-fpi/res1of.c --32 --witness-output res1of.c.graphml --no-pointer-check --no-bounds-check --interval-analysis --k-induction --max-inductive-step 3 
ESBMC version 6.8.0 64-bit x86_64 linux
Target: 32-bit little-endian x86_64-unknown-linux with esbmc libc
file ../sv-benchmarks/c/array-fpi/res1of.c: Parsing
Converting
Generating GOTO Program
GOTO program creation time: 0.085s
GOTO program processing time: 0.000s
*** Checking base case, k = 1
Starting Bounded Model Checking
Not unwinding 
Not unwinding 
Not unwinding 
Not unwinding 
Symex completed in: 0.059s (69 assignments)
Slicing time: 0.000s (removed 48 assignments)
Generated 1 VCC(s), 1 remaining after simplification (21 assignments)
No solver specified; defaulting to Boolector
Encoding remaining VCC(s) using bit-vector/floating-point arithmetic
Encoding to solver time: 0.000s
Solving with solver Boolector 3.2.1
Encoding to solver time: 0.000s
Runtime decision procedure: 0.001s
BMC program time: 0.061s
No bug has been found in the base case
*** Checking forward condition, k = 1
Starting Bounded Model Checking
Not unwinding 
Not unwinding 
Not unwinding 
Not unwinding 
Symex completed in: 0.002s (68 assignments)
Slicing time: 0.000s (removed 48 assignments)
Generated 4 VCC(s), 4 remaining after simplification (20 assignments)
No solver specified; defaulting to Boolector
Encoding remaining VCC(s) using bit-vector/floating-point arithmetic
Encoding to solver time: 0.000s
Solving with solver Boolector 3.2.1
Encoding to solver time: 0.000s
Runtime decision procedure: 0.002s
The forward condition is unable to prove the property
*** Checking base case, k = 3
Starting Bounded Model Checking
Unwinding loop 1  iteration  1   file res1of.c line 33 function main
Unwinding loop 1  iteration  2   file res1of.c line 33 function main
Not unwinding 
Unwinding loop 2  iteration  1   file res1of.c line 38 function main
Unwinding loop 2  iteration  2   file res1of.c line 38 function main
Not unwinding 
Unwinding loop 3  iteration  1   file res1of.c line 43 function main
Unwinding loop 3  iteration  2   file res1of.c line 43 function main
Not unwinding 
Unwinding loop 4  iteration  1   file res1of.c line 48 function main
Unwinding loop 4  iteration  2   file res1of.c line 48 function main
Not unwinding 
Symex completed in: 0.006s (121 assignments)
Slicing time: 0.000s (removed 64 assignments)
Generated 1 VCC(s), 1 remaining after simplification (57 assignments)
No solver specified; defaulting to Boolector
Encoding remaining VCC(s) using bit-vector/floating-point arithmetic
Encoding to solver time: 0.000s
Solving with solver Boolector 3.2.1
Encoding to solver time: 0.000s
Runtime decision procedure: 0.042s
Building error trace

Counterexample:

State 1 file res1of.c line 23 function main thread 0
----------------------------------------------------
  N = 1 (00000000 00000000 00000000 00000001)

State 2 file res1of.c line 32 function main thread 0
----------------------------------------------------
  sum[0] = 0 (00000000 00000000 00000000 00000000 00000000 00000000 00000000 00000000)

State 3 file res1of.c line 35 function main thread 0
----------------------------------------------------
  *(a + i) = 1 (00000000 00000000 00000000 00000001)

State 4 file res1of.c line 35 function main thread 0
----------------------------------------------------
  *(a + i) = 1 (00000000 00000000 00000000 00000001)

State 5 file res1of.c line 35 function main thread 0
----------------------------------------------------
  *(a + i) = 1 (00000000 00000000 00000000 00000001)

State 6 file res1of.c line 35 function main thread 0
----------------------------------------------------
  *(a + i) = 1 (00000000 00000000 00000000 00000001)

State 7 file res1of.c line 40 function main thread 0
----------------------------------------------------
  sum[0] = 1 (00000000 00000000 00000000 00000000 00000000 00000000 00000000 00000001)

State 8 file res1of.c line 45 function main thread 0
----------------------------------------------------
  *(b + i) = 1 (00000000 00000000 00000000 00000001)

State 9 file res1of.c line 45 function main thread 0
----------------------------------------------------
  *(b + i) = 1 (00000000 00000000 00000000 00000001)

State 10 file res1of.c line 45 function main thread 0
----------------------------------------------------
  *(b + i) = 1 (00000000 00000000 00000000 00000001)

State 11 file res1of.c line 45 function main thread 0
----------------------------------------------------
  *(b + i) = 1 (00000000 00000000 00000000 00000001)

State 12 file res1of.c line 50 function main thread 0
----------------------------------------------------
  sum[0] = 2 (00000000 00000000 00000000 00000000 00000000 00000000 00000000 00000010)

State 13 file res1of.c line 10 function reach_error thread 0
----------------------------------------------------
Violated property:
  file res1of.c line 10 function reach_error
  assertion 0
  0


VERIFICATION FAILED

Bug found (k = 3)


FALSE_REACH
