./esbmc-wrapper.py -p ../sv-benchmarks/c/properties/termination.prp -s kinduction --arch 32 ../sv-benchmarks/c/seq-mthreaded/pals_lcr-var-start-time.5.1.ufo.BOUNDED-10.pals.c


--------------------------------------------------------------------------------


Verifying with ESBMC
Command: ./esbmc --no-div-by-zero-check --force-malloc-success --state-hashing --no-align-check --k-step 2 --floatbv --unlimited-k-steps ../sv-benchmarks/c/seq-mthreaded/pals_lcr-var-start-time.5.1.ufo.BOUNDED-10.pals.c --32 --witness-output pals_lcr-var-start-time.5.1.ufo.BOUNDED-10.pals.c.graphml --no-pointer-check --no-bounds-check --no-assertions --termination --max-inductive-step 3 
ESBMC version 6.8.0 64-bit x86_64 linux
Target: 32-bit little-endian x86_64-unknown-linux with esbmc libc
file ../sv-benchmarks/c/seq-mthreaded/pals_lcr-var-start-time.5.1.ufo.BOUNDED-10.pals.c: Parsing
Converting
Generating GOTO Program
GOTO program creation time: 0.100s
GOTO program processing time: 0.001s
*** Checking forward condition, k = 1
Starting Bounded Model Checking
Not unwinding 
Symex completed in: 0.010s (310 assignments)
Slicing time: 0.001s (removed 202 assignments)
Generated 1 VCC(s), 1 remaining after simplification (108 assignments)
No solver specified; defaulting to Boolector
Encoding remaining VCC(s) using bit-vector/floating-point arithmetic
Encoding to solver time: 0.001s
Solving with solver Boolector 3.2.1
Encoding to solver time: 0.001s
Runtime decision procedure: 0.019s
The forward condition is unable to prove the property
*** Checking forward condition, k = 3
Starting Bounded Model Checking
Unwinding loop 2  iteration  1   file pals_lcr-var-start-time.5.1.ufo.BOUNDED-10.pals.c line 446 function main
Unwinding loop 2  iteration  2   file pals_lcr-var-start-time.5.1.ufo.BOUNDED-10.pals.c line 446 function main
Not unwinding 
Symex completed in: 0.024s (752 assignments)
Slicing time: 0.001s (removed 423 assignments)
Generated 1 VCC(s), 1 remaining after simplification (329 assignments)
No solver specified; defaulting to Boolector
Encoding remaining VCC(s) using bit-vector/floating-point arithmetic
Encoding to solver time: 0.003s
Solving with solver Boolector 3.2.1
Encoding to solver time: 0.003s
Runtime decision procedure: 0.041s
The forward condition is unable to prove the property
*** Checking forward condition, k = 5
Starting Bounded Model Checking
Unwinding loop 2  iteration  1   file pals_lcr-var-start-time.5.1.ufo.BOUNDED-10.pals.c line 446 function main
Unwinding loop 2  iteration  2   file pals_lcr-var-start-time.5.1.ufo.BOUNDED-10.pals.c line 446 function main
Unwinding loop 2  iteration  3   file pals_lcr-var-start-time.5.1.ufo.BOUNDED-10.pals.c line 446 function main
Unwinding loop 2  iteration  4   file pals_lcr-var-start-time.5.1.ufo.BOUNDED-10.pals.c line 446 function main
Not unwinding 
Symex completed in: 0.038s (1194 assignments)
Slicing time: 0.002s (removed 565 assignments)
Generated 1 VCC(s), 1 remaining after simplification (629 assignments)
No solver specified; defaulting to Boolector
Encoding remaining VCC(s) using bit-vector/floating-point arithmetic
Encoding to solver time: 0.007s
Solving with solver Boolector 3.2.1
Encoding to solver time: 0.007s
Runtime decision procedure: 0.072s
The forward condition is unable to prove the property
*** Checking forward condition, k = 7
Starting Bounded Model Checking
Unwinding loop 2  iteration  1   file pals_lcr-var-start-time.5.1.ufo.BOUNDED-10.pals.c line 446 function main
Unwinding loop 2  iteration  2   file pals_lcr-var-start-time.5.1.ufo.BOUNDED-10.pals.c line 446 function main
Unwinding loop 2  iteration  3   file pals_lcr-var-start-time.5.1.ufo.BOUNDED-10.pals.c line 446 function main
Unwinding loop 2  iteration  4   file pals_lcr-var-start-time.5.1.ufo.BOUNDED-10.pals.c line 446 function main
Unwinding loop 2  iteration  5   file pals_lcr-var-start-time.5.1.ufo.BOUNDED-10.pals.c line 446 function main
Unwinding loop 2  iteration  6   file pals_lcr-var-start-time.5.1.ufo.BOUNDED-10.pals.c line 446 function main
Not unwinding 
Symex completed in: 0.053s (1636 assignments)
Slicing time: 0.003s (removed 707 assignments)
Generated 1 VCC(s), 1 remaining after simplification (929 assignments)
No solver specified; defaulting to Boolector
Encoding remaining VCC(s) using bit-vector/floating-point arithmetic
Encoding to solver time: 0.009s
Solving with solver Boolector 3.2.1
Encoding to solver time: 0.009s
Runtime decision procedure: 0.103s
The forward condition is unable to prove the property
*** Checking forward condition, k = 9
Starting Bounded Model Checking
Unwinding loop 2  iteration  1   file pals_lcr-var-start-time.5.1.ufo.BOUNDED-10.pals.c line 446 function main
Unwinding loop 2  iteration  2   file pals_lcr-var-start-time.5.1.ufo.BOUNDED-10.pals.c line 446 function main
Unwinding loop 2  iteration  3   file pals_lcr-var-start-time.5.1.ufo.BOUNDED-10.pals.c line 446 function main
Unwinding loop 2  iteration  4   file pals_lcr-var-start-time.5.1.ufo.BOUNDED-10.pals.c line 446 function main
Unwinding loop 2  iteration  5   file pals_lcr-var-start-time.5.1.ufo.BOUNDED-10.pals.c line 446 function main
Unwinding loop 2  iteration  6   file pals_lcr-var-start-time.5.1.ufo.BOUNDED-10.pals.c line 446 function main
Unwinding loop 2  iteration  7   file pals_lcr-var-start-time.5.1.ufo.BOUNDED-10.pals.c line 446 function main
Unwinding loop 2  iteration  8   file pals_lcr-var-start-time.5.1.ufo.BOUNDED-10.pals.c line 446 function main
Not unwinding 
Symex completed in: 0.068s (2078 assignments)
Slicing time: 0.003s (removed 849 assignments)
Generated 1 VCC(s), 1 remaining after simplification (1229 assignments)
No solver specified; defaulting to Boolector
Encoding remaining VCC(s) using bit-vector/floating-point arithmetic
Encoding to solver time: 0.013s
Solving with solver Boolector 3.2.1
Encoding to solver time: 0.013s
Runtime decision procedure: 0.136s
The forward condition is unable to prove the property
*** Checking forward condition, k = 11
Starting Bounded Model Checking
Unwinding loop 2  iteration  1   file pals_lcr-var-start-time.5.1.ufo.BOUNDED-10.pals.c line 446 function main
Unwinding loop 2  iteration  2   file pals_lcr-var-start-time.5.1.ufo.BOUNDED-10.pals.c line 446 function main
Unwinding loop 2  iteration  3   file pals_lcr-var-start-time.5.1.ufo.BOUNDED-10.pals.c line 446 function main
Unwinding loop 2  iteration  4   file pals_lcr-var-start-time.5.1.ufo.BOUNDED-10.pals.c line 446 function main
Unwinding loop 2  iteration  5   file pals_lcr-var-start-time.5.1.ufo.BOUNDED-10.pals.c line 446 function main
Unwinding loop 2  iteration  6   file pals_lcr-var-start-time.5.1.ufo.BOUNDED-10.pals.c line 446 function main
Unwinding loop 2  iteration  7   file pals_lcr-var-start-time.5.1.ufo.BOUNDED-10.pals.c line 446 function main
Unwinding loop 2  iteration  8   file pals_lcr-var-start-time.5.1.ufo.BOUNDED-10.pals.c line 446 function main
Unwinding loop 2  iteration  9   file pals_lcr-var-start-time.5.1.ufo.BOUNDED-10.pals.c line 446 function main
Unwinding loop 2  iteration  10   file pals_lcr-var-start-time.5.1.ufo.BOUNDED-10.pals.c line 446 function main
Symex completed in: 0.076s (2298 assignments)
Slicing time: 0.004s (removed 920 assignments)
Generated 0 VCC(s), 0 remaining after simplification (1378 assignments)
BMC program time: 0.080s
Building successful trace

VERIFICATION SUCCESSFUL

Solution found by the forward condition; all states are reachable (k = 11


TRUE
