./esbmc-wrapper.py -p ../sv-benchmarks/c/properties/unreach-call.prp -s kinduction --arch 32 ../sv-benchmarks/c/nla-digbench-scaling/cohendiv-ll_valuebound50.c


--------------------------------------------------------------------------------


Verifying with ESBMC
Command: ./esbmc --no-div-by-zero-check --force-malloc-success --state-hashing --no-align-check --k-step 2 --floatbv --unlimited-k-steps ../sv-benchmarks/c/nla-digbench-scaling/cohendiv-ll_valuebound50.c --32 --witness-output cohendiv-ll_valuebound50.c.graphml --no-pointer-check --no-bounds-check --interval-analysis --k-induction --max-inductive-step 3 
ESBMC version 6.8.0 64-bit x86_64 linux
Target: 32-bit little-endian x86_64-unknown-linux with esbmc libc
file ../sv-benchmarks/c/nla-digbench-scaling/cohendiv-ll_valuebound50.c: Parsing
Converting
Generating GOTO Program
GOTO program creation time: 0.087s
GOTO program processing time: 0.001s
*** Checking base case, k = 1
Starting Bounded Model Checking
Not unwinding 
Not unwinding 
Symex completed in: 0.002s (60 assignments)
Slicing time: 0.000s (removed 23 assignments)
Generated 6 VCC(s), 6 remaining after simplification (37 assignments)
No solver specified; defaulting to Boolector
Encoding remaining VCC(s) using bit-vector/floating-point arithmetic
Encoding to solver time: 0.001s
Solving with solver Boolector 3.2.1
Encoding to solver time: 0.001s
Runtime decision procedure: 0.001s
BMC program time: 0.004s
No bug has been found in the base case
*** Checking forward condition, k = 1
Starting Bounded Model Checking
Not unwinding 
Not unwinding 
Symex completed in: 0.001s (54 assignments)
Slicing time: 0.000s (removed 36 assignments)
Generated 2 VCC(s), 2 remaining after simplification (18 assignments)
No solver specified; defaulting to Boolector
Encoding remaining VCC(s) using bit-vector/floating-point arithmetic
Encoding to solver time: 0.001s
Solving with solver Boolector 3.2.1
Encoding to solver time: 0.001s
Runtime decision procedure: 0.001s
The forward condition is unable to prove the property
*** Checking base case, k = 3
Starting Bounded Model Checking
Unwinding loop 1  iteration  1   file cohendiv-ll_valuebound50.c line 47 function main
Unwinding loop 1  iteration  2   file cohendiv-ll_valuebound50.c line 47 function main
Not unwinding 
Unwinding loop 2  iteration  1   file cohendiv-ll_valuebound50.c line 38 function main
Unwinding loop 1  iteration  1   file cohendiv-ll_valuebound50.c line 47 function main
Unwinding loop 1  iteration  2   file cohendiv-ll_valuebound50.c line 47 function main
Not unwinding 
Unwinding loop 2  iteration  2   file cohendiv-ll_valuebound50.c line 38 function main
Unwinding loop 1  iteration  1   file cohendiv-ll_valuebound50.c line 47 function main
Unwinding loop 1  iteration  2   file cohendiv-ll_valuebound50.c line 47 function main
Not unwinding 
Not unwinding 
Symex completed in: 0.006s (228 assignments)
Slicing time: 0.001s (removed 44 assignments)
Generated 42 VCC(s), 42 remaining after simplification (184 assignments)
No solver specified; defaulting to Boolector
Encoding remaining VCC(s) using bit-vector/floating-point arithmetic
Encoding to solver time: 0.002s
Solving with solver Boolector 3.2.1
Encoding to solver time: 0.002s
Runtime decision procedure: 0.204s
BMC program time: 0.214s
No bug has been found in the base case
*** Checking forward condition, k = 3
Starting Bounded Model Checking
Unwinding loop 1  iteration  1   file cohendiv-ll_valuebound50.c line 47 function main
Unwinding loop 1  iteration  2   file cohendiv-ll_valuebound50.c line 47 function main
Not unwinding 
Unwinding loop 2  iteration  1   file cohendiv-ll_valuebound50.c line 38 function main
Unwinding loop 1  iteration  1   file cohendiv-ll_valuebound50.c line 47 function main
Unwinding loop 1  iteration  2   file cohendiv-ll_valuebound50.c line 47 function main
Not unwinding 
Unwinding loop 2  iteration  2   file cohendiv-ll_valuebound50.c line 38 function main
Unwinding loop 1  iteration  1   file cohendiv-ll_valuebound50.c line 47 function main
Unwinding loop 1  iteration  2   file cohendiv-ll_valuebound50.c line 47 function main
Not unwinding 
Not unwinding 
Symex completed in: 0.005s (186 assignments)
Slicing time: 0.001s (removed 140 assignments)
Generated 4 VCC(s), 4 remaining after simplification (46 assignments)
No solver specified; defaulting to Boolector
Encoding remaining VCC(s) using bit-vector/floating-point arithmetic
Encoding to solver time: 0.001s
Solving with solver Boolector 3.2.1
Encoding to solver time: 0.001s
Runtime decision procedure: 0.052s
The forward condition is unable to prove the property
*** Checking inductive step, k = 3
Starting Bounded Model Checking
Unwinding loop 1  iteration  1   file cohendiv-ll_valuebound50.c line 47 function main
Unwinding loop 1  iteration  2   file cohendiv-ll_valuebound50.c line 47 function main
Not unwinding 
Unwinding loop 2  iteration  1   file cohendiv-ll_valuebound50.c line 38 function main
Unwinding loop 1  iteration  1   file cohendiv-ll_valuebound50.c line 47 function main
Unwinding loop 1  iteration  2   file cohendiv-ll_valuebound50.c line 47 function main
Not unwinding 
Unwinding loop 2  iteration  2   file cohendiv-ll_valuebound50.c line 38 function main
Unwinding loop 1  iteration  1   file cohendiv-ll_valuebound50.c line 47 function main
Unwinding loop 1  iteration  2   file cohendiv-ll_valuebound50.c line 47 function main
Not unwinding 
Not unwinding 
Symex completed in: 0.006s (285 assignments)
Slicing time: 0.001s (removed 25 assignments)
Generated 15 VCC(s), 15 remaining after simplification (260 assignments)
No solver specified; defaulting to Boolector
Encoding remaining VCC(s) using bit-vector/floating-point arithmetic
Encoding to solver time: 0.003s
Solving with solver Boolector 3.2.1
Encoding to solver time: 0.003s
Runtime decision procedure: 10.106s
The inductive step is unable to prove the property
*** Checking base case, k = 5
Starting Bounded Model Checking
Unwinding loop 1  iteration  1   file cohendiv-ll_valuebound50.c line 47 function main
Unwinding loop 1  iteration  2   file cohendiv-ll_valuebound50.c line 47 function main
Unwinding loop 1  iteration  3   file cohendiv-ll_valuebound50.c line 47 function main
Unwinding loop 1  iteration  4   file cohendiv-ll_valuebound50.c line 47 function main
Not unwinding 
Unwinding loop 2  iteration  1   file cohendiv-ll_valuebound50.c line 38 function main
Unwinding loop 1  iteration  1   file cohendiv-ll_valuebound50.c line 47 function main
Unwinding loop 1  iteration  2   file cohendiv-ll_valuebound50.c line 47 function main
Unwinding loop 1  iteration  3   file cohendiv-ll_valuebound50.c line 47 function main
Unwinding loop 1  iteration  4   file cohendiv-ll_valuebound50.c line 47 function main
Not unwinding 
Unwinding loop 2  iteration  2   file cohendiv-ll_valuebound50.c line 38 function main
Unwinding loop 1  iteration  1   file cohendiv-ll_valuebound50.c line 47 function main
Unwinding loop 1  iteration  2   file cohendiv-ll_valuebound50.c line 47 function main
Unwinding loop 1  iteration  3   file cohendiv-ll_valuebound50.c line 47 function main
Unwinding loop 1  iteration  4   file cohendiv-ll_valuebound50.c line 47 function main
Not unwinding 
Unwinding loop 2  iteration  3   file cohendiv-ll_valuebound50.c line 38 function main
Unwinding loop 1  iteration  1   file cohendiv-ll_valuebound50.c line 47 function main
Unwinding loop 1  iteration  2   file cohendiv-ll_valuebound50.c line 47 function main
Unwinding loop 1  iteration  3   file cohendiv-ll_valuebound50.c line 47 function main
Unwinding loop 1  iteration  4   file cohendiv-ll_valuebound50.c line 47 function main
Not unwinding 
Unwinding loop 2  iteration  4   file cohendiv-ll_valuebound50.c line 38 function main
Unwinding loop 1  iteration  1   file cohendiv-ll_valuebound50.c line 47 function main
Unwinding loop 1  iteration  2   file cohendiv-ll_valuebound50.c line 47 function main
Unwinding loop 1  iteration  3   file cohendiv-ll_valuebound50.c line 47 function main
Unwinding loop 1  iteration  4   file cohendiv-ll_valuebound50.c line 47 function main
Not unwinding 
Not unwinding 
Symex completed in: 0.014s (532 assignments)
Slicing time: 0.008s (removed 74 assignments)
Generated 110 VCC(s), 110 remaining after simplification (458 assignments)
No solver specified; defaulting to Boolector
Encoding remaining VCC(s) using bit-vector/floating-point arithmetic
Encoding to solver time: 0.005s
Solving with solver Boolector 3.2.1
Encoding to solver time: 0.005s
Runtime decision procedure: 4.598s
BMC program time: 4.625s
No bug has been found in the base case
*** Checking forward condition, k = 5
Starting Bounded Model Checking
Unwinding loop 1  iteration  1   file cohendiv-ll_valuebound50.c line 47 function main
Unwinding loop 1  iteration  2   file cohendiv-ll_valuebound50.c line 47 function main
Unwinding loop 1  iteration  3   file cohendiv-ll_valuebound50.c line 47 function main
Unwinding loop 1  iteration  4   file cohendiv-ll_valuebound50.c line 47 function main
Not unwinding 
Unwinding loop 2  iteration  1   file cohendiv-ll_valuebound50.c line 38 function main
Unwinding loop 1  iteration  1   file cohendiv-ll_valuebound50.c line 47 function main
Unwinding loop 1  iteration  2   file cohendiv-ll_valuebound50.c line 47 function main
Unwinding loop 1  iteration  3   file cohendiv-ll_valuebound50.c line 47 function main
Unwinding loop 1  iteration  4   file cohendiv-ll_valuebound50.c line 47 function main
Not unwinding 
Unwinding loop 2  iteration  2   file cohendiv-ll_valuebound50.c line 38 function main
Unwinding loop 1  iteration  1   file cohendiv-ll_valuebound50.c line 47 function main
Unwinding loop 1  iteration  2   file cohendiv-ll_valuebound50.c line 47 function main
Unwinding loop 1  iteration  3   file cohendiv-ll_valuebound50.c line 47 function main
Unwinding loop 1  iteration  4   file cohendiv-ll_valuebound50.c line 47 function main
Not unwinding 
Unwinding loop 2  iteration  3   file cohendiv-ll_valuebound50.c line 38 function main
Unwinding loop 1  iteration  1   file cohendiv-ll_valuebound50.c line 47 function main
Unwinding loop 1  iteration  2   file cohendiv-ll_valuebound50.c line 47 function main
Unwinding loop 1  iteration  3   file cohendiv-ll_valuebound50.c line 47 function main
Unwinding loop 1  iteration  4   file cohendiv-ll_valuebound50.c line 47 function main
Not unwinding 
Unwinding loop 2  iteration  4   file cohendiv-ll_valuebound50.c line 38 function main
Unwinding loop 1  iteration  1   file cohendiv-ll_valuebound50.c line 47 function main
Unwinding loop 1  iteration  2   file cohendiv-ll_valuebound50.c line 47 function main
Unwinding loop 1  iteration  3   file cohendiv-ll_valuebound50.c line 47 function main
Unwinding loop 1  iteration  4   file cohendiv-ll_valuebound50.c line 47 function main
Not unwinding 
Not unwinding 
Symex completed in: 0.014s (422 assignments)
Slicing time: 0.002s (removed 324 assignments)
Generated 6 VCC(s), 6 remaining after simplification (98 assignments)
No solver specified; defaulting to Boolector
Encoding remaining VCC(s) using bit-vector/floating-point arithmetic
Encoding to solver time: 0.001s
Solving with solver Boolector 3.2.1
Encoding to solver time: 0.001s
Runtime decision procedure: 0.189s
The forward condition is unable to prove the property
*** Checking base case, k = 7
Starting Bounded Model Checking
Unwinding loop 1  iteration  1   file cohendiv-ll_valuebound50.c line 47 function main
Unwinding loop 1  iteration  2   file cohendiv-ll_valuebound50.c line 47 function main
Unwinding loop 1  iteration  3   file cohendiv-ll_valuebound50.c line 47 function main
Unwinding loop 1  iteration  4   file cohendiv-ll_valuebound50.c line 47 function main
Unwinding loop 1  iteration  5   file cohendiv-ll_valuebound50.c line 47 function main
Unwinding loop 1  iteration  6   file cohendiv-ll_valuebound50.c line 47 function main
Not unwinding 
Unwinding loop 2  iteration  1   file cohendiv-ll_valuebound50.c line 38 function main
Unwinding loop 1  iteration  1   file cohendiv-ll_valuebound50.c line 47 function main
Unwinding loop 1  iteration  2   file cohendiv-ll_valuebound50.c line 47 function main
Unwinding loop 1  iteration  3   file cohendiv-ll_valuebound50.c line 47 function main
Unwinding loop 1  iteration  4   file cohendiv-ll_valuebound50.c line 47 function main
Unwinding loop 1  iteration  5   file cohendiv-ll_valuebound50.c line 47 function main
Unwinding loop 1  iteration  6   file cohendiv-ll_valuebound50.c line 47 function main
Not unwinding 
Unwinding loop 2  iteration  2   file cohendiv-ll_valuebound50.c line 38 function main
Unwinding loop 1  iteration  1   file cohendiv-ll_valuebound50.c line 47 function main
Unwinding loop 1  iteration  2   file cohendiv-ll_valuebound50.c line 47 function main
Unwinding loop 1  iteration  3   file cohendiv-ll_valuebound50.c line 47 function main
Unwinding loop 1  iteration  4   file cohendiv-ll_valuebound50.c line 47 function main
Unwinding loop 1  iteration  5   file cohendiv-ll_valuebound50.c line 47 function main
Unwinding loop 1  iteration  6   file cohendiv-ll_valuebound50.c line 47 function main
Not unwinding 
Unwinding loop 2  iteration  3   file cohendiv-ll_valuebound50.c line 38 function main
Unwinding loop 1  iteration  1   file cohendiv-ll_valuebound50.c line 47 function main
Unwinding loop 1  iteration  2   file cohendiv-ll_valuebound50.c line 47 function main
Unwinding loop 1  iteration  3   file cohendiv-ll_valuebound50.c line 47 function main
Unwinding loop 1  iteration  4   file cohendiv-ll_valuebound50.c line 47 function main
Unwinding loop 1  iteration  5   file cohendiv-ll_valuebound50.c line 47 function main
Unwinding loop 1  iteration  6   file cohendiv-ll_valuebound50.c line 47 function main
Not unwinding 
Unwinding loop 2  iteration  4   file cohendiv-ll_valuebound50.c line 38 function main
Unwinding loop 1  iteration  1   file cohendiv-ll_valuebound50.c line 47 function main
Unwinding loop 1  iteration  2   file cohendiv-ll_valuebound50.c line 47 function main
Unwinding loop 1  iteration  3   file cohendiv-ll_valuebound50.c line 47 function main
Unwinding loop 1  iteration  4   file cohendiv-ll_valuebound50.c line 47 function main
Unwinding loop 1  iteration  5   file cohendiv-ll_valuebound50.c line 47 function main
Unwinding loop 1  iteration  6   file cohendiv-ll_valuebound50.c line 47 function main
Not unwinding 
Unwinding loop 2  iteration  5   file cohendiv-ll_valuebound50.c line 38 function main
Unwinding loop 1  iteration  1   file cohendiv-ll_valuebound50.c line 47 function main
Unwinding loop 1  iteration  2   file cohendiv-ll_valuebound50.c line 47 function main
Unwinding loop 1  iteration  3   file cohendiv-ll_valuebound50.c line 47 function main
Unwinding loop 1  iteration  4   file cohendiv-ll_valuebound50.c line 47 function main
Unwinding loop 1  iteration  5   file cohendiv-ll_valuebound50.c line 47 function main
Unwinding loop 1  iteration  6   file cohendiv-ll_valuebound50.c line 47 function main
Not unwinding 
Unwinding loop 2  iteration  6   file cohendiv-ll_valuebound50.c line 38 function main
Unwinding loop 1  iteration  1   file cohendiv-ll_valuebound50.c line 47 function main
Unwinding loop 1  iteration  2   file cohendiv-ll_valuebound50.c line 47 function main
Unwinding loop 1  iteration  3   file cohendiv-ll_valuebound50.c line 47 function main
Unwinding loop 1  iteration  4   file cohendiv-ll_valuebound50.c line 47 function main
Unwinding loop 1  iteration  5   file cohendiv-ll_valuebound50.c line 47 function main
Unwinding loop 1  iteration  6   file cohendiv-ll_valuebound50.c line 47 function main
Not unwinding 
Not unwinding 
Symex completed in: 0.025s (972 assignments)
Slicing time: 0.027s (removed 112 assignments)
Generated 210 VCC(s), 210 remaining after simplification (860 assignments)
No solver specified; defaulting to Boolector
Encoding remaining VCC(s) using bit-vector/floating-point arithmetic
Encoding to solver time: 0.009s
Solving with solver Boolector 3.2.1
Encoding to solver time: 0.009s
Runtime decision procedure: 12.695s
BMC program time: 12.756s
No bug has been found in the base case
*** Checking forward condition, k = 7
Starting Bounded Model Checking
Unwinding loop 1  iteration  1   file cohendiv-ll_valuebound50.c line 47 function main
Unwinding loop 1  iteration  2   file cohendiv-ll_valuebound50.c line 47 function main
Unwinding loop 1  iteration  3   file cohendiv-ll_valuebound50.c line 47 function main
Unwinding loop 1  iteration  4   file cohendiv-ll_valuebound50.c line 47 function main
Unwinding loop 1  iteration  5   file cohendiv-ll_valuebound50.c line 47 function main
Unwinding loop 1  iteration  6   file cohendiv-ll_valuebound50.c line 47 function main
Not unwinding 
Unwinding loop 2  iteration  1   file cohendiv-ll_valuebound50.c line 38 function main
Unwinding loop 1  iteration  1   file cohendiv-ll_valuebound50.c line 47 function main
Unwinding loop 1  iteration  2   file cohendiv-ll_valuebound50.c line 47 function main
Unwinding loop 1  iteration  3   file cohendiv-ll_valuebound50.c line 47 function main
Unwinding loop 1  iteration  4   file cohendiv-ll_valuebound50.c line 47 function main
Unwinding loop 1  iteration  5   file cohendiv-ll_valuebound50.c line 47 function main
Unwinding loop 1  iteration  6   file cohendiv-ll_valuebound50.c line 47 function main
Not unwinding 
Unwinding loop 2  iteration  2   file cohendiv-ll_valuebound50.c line 38 function main
Unwinding loop 1  iteration  1   file cohendiv-ll_valuebound50.c line 47 function main
Unwinding loop 1  iteration  2   file cohendiv-ll_valuebound50.c line 47 function main
Unwinding loop 1  iteration  3   file cohendiv-ll_valuebound50.c line 47 function main
Unwinding loop 1  iteration  4   file cohendiv-ll_valuebound50.c line 47 function main
Unwinding loop 1  iteration  5   file cohendiv-ll_valuebound50.c line 47 function main
Unwinding loop 1  iteration  6   file cohendiv-ll_valuebound50.c line 47 function main
Not unwinding 
Unwinding loop 2  iteration  3   file cohendiv-ll_valuebound50.c line 38 function main
Unwinding loop 1  iteration  1   file cohendiv-ll_valuebound50.c line 47 function main
Unwinding loop 1  iteration  2   file cohendiv-ll_valuebound50.c line 47 function main
Unwinding loop 1  iteration  3   file cohendiv-ll_valuebound50.c line 47 function main
Unwinding loop 1  iteration  4   file cohendiv-ll_valuebound50.c line 47 function main
Unwinding loop 1  iteration  5   file cohendiv-ll_valuebound50.c line 47 function main
Unwinding loop 1  iteration  6   file cohendiv-ll_valuebound50.c line 47 function main
Not unwinding 
Unwinding loop 2  iteration  4   file cohendiv-ll_valuebound50.c line 38 function main
Unwinding loop 1  iteration  1   file cohendiv-ll_valuebound50.c line 47 function main
Unwinding loop 1  iteration  2   file cohendiv-ll_valuebound50.c line 47 function main
Unwinding loop 1  iteration  3   file cohendiv-ll_valuebound50.c line 47 function main
Unwinding loop 1  iteration  4   file cohendiv-ll_valuebound50.c line 47 function main
Unwinding loop 1  iteration  5   file cohendiv-ll_valuebound50.c line 47 function main
Unwinding loop 1  iteration  6   file cohendiv-ll_valuebound50.c line 47 function main
Not unwinding 
Unwinding loop 2  iteration  5   file cohendiv-ll_valuebound50.c line 38 function main
Unwinding loop 1  iteration  1   file cohendiv-ll_valuebound50.c line 47 function main
Unwinding loop 1  iteration  2   file cohendiv-ll_valuebound50.c line 47 function main
Unwinding loop 1  iteration  3   file cohendiv-ll_valuebound50.c line 47 function main
Unwinding loop 1  iteration  4   file cohendiv-ll_valuebound50.c line 47 function main
Unwinding loop 1  iteration  5   file cohendiv-ll_valuebound50.c line 47 function main
Unwinding loop 1  iteration  6   file cohendiv-ll_valuebound50.c line 47 function main
Not unwinding 
Unwinding loop 2  iteration  6   file cohendiv-ll_valuebound50.c line 38 function main
Unwinding loop 1  iteration  1   file cohendiv-ll_valuebound50.c line 47 function main
Unwinding loop 1  iteration  2   file cohendiv-ll_valuebound50.c line 47 function main
Unwinding loop 1  iteration  3   file cohendiv-ll_valuebound50.c line 47 function main
Unwinding loop 1  iteration  4   file cohendiv-ll_valuebound50.c line 47 function main
Unwinding loop 1  iteration  5   file cohendiv-ll_valuebound50.c line 47 function main
Unwinding loop 1  iteration  6   file cohendiv-ll_valuebound50.c line 47 function main
Not unwinding 
Not unwinding 
Symex completed in: 0.026s (762 assignments)
Slicing time: 0.004s (removed 588 assignments)
Generated 8 VCC(s), 8 remaining after simplification (174 assignments)
No solver specified; defaulting to Boolector
Encoding remaining VCC(s) using bit-vector/floating-point arithmetic
Encoding to solver time: 0.002s
Solving with solver Boolector 3.2.1
Encoding to solver time: 0.002s
Runtime decision procedure: 0.566s
BMC program time: 0.599s
Building successful trace

VERIFICATION SUCCESSFUL

Solution found by the forward condition; all states are reachable (k = 7


TRUE
