./esbmc-wrapper.py -p ../sv-benchmarks/c/properties/unreach-call.prp -s kinduction --arch 32 ../sv-benchmarks/c/recursive-simple/fibo_5-2.c


--------------------------------------------------------------------------------


Verifying with ESBMC
Command: ./esbmc --no-div-by-zero-check --force-malloc-success --state-hashing --no-align-check --k-step 2 --floatbv --unlimited-k-steps ../sv-benchmarks/c/recursive-simple/fibo_5-2.c --32 --witness-output fibo_5-2.c.graphml --no-pointer-check --no-bounds-check --interval-analysis --k-induction --max-inductive-step 3 
ESBMC version 6.8.0 64-bit x86_64 linux
Target: 32-bit little-endian x86_64-unknown-linux with esbmc libc
file ../sv-benchmarks/c/recursive-simple/fibo_5-2.c: Parsing
Converting
Generating GOTO Program
GOTO program creation time: 0.133s
GOTO program processing time: 0.001s
*** Checking base case, k = 1
Starting Bounded Model Checking
**** WARNING: k-induction does not support recursion yet. Disabling inductive step
Unwinding recursion fibo iteration 1 (1 max)
Unwinding recursion fibo iteration 1 (1 max)
Symex completed in: 0.001s (19 assignments)
Slicing time: 0.000s (removed 11 assignments)
Generated 1 VCC(s), 1 remaining after simplification (8 assignments)
No solver specified; defaulting to Boolector
Encoding remaining VCC(s) using bit-vector/floating-point arithmetic
Encoding to solver time: 0.000s
Solving with solver Boolector 3.2.1
Encoding to solver time: 0.000s
Runtime decision procedure: 0.000s
BMC program time: 0.002s
No bug has been found in the base case
*** Checking forward condition, k = 1
Starting Bounded Model Checking
Unwinding recursion fibo iteration 1 (1 max)
Unwinding recursion fibo iteration 1 (1 max)
Symex completed in: 0.000s (18 assignments)
Slicing time: 0.000s (removed 11 assignments)
Generated 2 VCC(s), 2 remaining after simplification (7 assignments)
No solver specified; defaulting to Boolector
Encoding remaining VCC(s) using bit-vector/floating-point arithmetic
Encoding to solver time: 0.000s
Solving with solver Boolector 3.2.1
Encoding to solver time: 0.000s
Runtime decision procedure: 0.001s
The forward condition is unable to prove the property
*** Checking base case, k = 3
Starting Bounded Model Checking
Unwinding recursion fibo iteration 1 (3 max)
Unwinding recursion fibo iteration 2 (3 max)
Unwinding recursion fibo iteration 3 (3 max)
Unwinding recursion fibo iteration 3 (3 max)
Unwinding recursion fibo iteration 2 (3 max)
Unwinding recursion fibo iteration 3 (3 max)
Unwinding recursion fibo iteration 3 (3 max)
Unwinding recursion fibo iteration 1 (3 max)
Unwinding recursion fibo iteration 2 (3 max)
Unwinding recursion fibo iteration 3 (3 max)
Unwinding recursion fibo iteration 3 (3 max)
Unwinding recursion fibo iteration 2 (3 max)
Symex completed in: 0.001s (35 assignments)
Slicing time: 0.000s (removed 18 assignments)
Generated 1 VCC(s), 1 remaining after simplification (17 assignments)
No solver specified; defaulting to Boolector
Encoding remaining VCC(s) using bit-vector/floating-point arithmetic
Encoding to solver time: 0.000s
Solving with solver Boolector 3.2.1
Encoding to solver time: 0.000s
Runtime decision procedure: 0.000s
BMC program time: 0.002s
No bug has been found in the base case
*** Checking forward condition, k = 3
Starting Bounded Model Checking
Unwinding recursion fibo iteration 1 (3 max)
Unwinding recursion fibo iteration 2 (3 max)
Unwinding recursion fibo iteration 3 (3 max)
Unwinding recursion fibo iteration 3 (3 max)
Unwinding recursion fibo iteration 2 (3 max)
Unwinding recursion fibo iteration 3 (3 max)
Unwinding recursion fibo iteration 3 (3 max)
Unwinding recursion fibo iteration 1 (3 max)
Unwinding recursion fibo iteration 2 (3 max)
Unwinding recursion fibo iteration 3 (3 max)
Unwinding recursion fibo iteration 3 (3 max)
Unwinding recursion fibo iteration 2 (3 max)
Symex completed in: 0.002s (34 assignments)
Slicing time: 0.000s (removed 18 assignments)
Generated 6 VCC(s), 6 remaining after simplification (16 assignments)
No solver specified; defaulting to Boolector
Encoding remaining VCC(s) using bit-vector/floating-point arithmetic
Encoding to solver time: 0.000s
Solving with solver Boolector 3.2.1
Encoding to solver time: 0.000s
Runtime decision procedure: 0.166s
The forward condition is unable to prove the property
*** Checking base case, k = 5
Starting Bounded Model Checking
Unwinding recursion fibo iteration 1 (5 max)
Unwinding recursion fibo iteration 2 (5 max)
Unwinding recursion fibo iteration 3 (5 max)
Unwinding recursion fibo iteration 4 (5 max)
Unwinding recursion fibo iteration 4 (5 max)
Unwinding recursion fibo iteration 3 (5 max)
Unwinding recursion fibo iteration 2 (5 max)
Unwinding recursion fibo iteration 3 (5 max)
Unwinding recursion fibo iteration 3 (5 max)
Unwinding recursion fibo iteration 1 (5 max)
Unwinding recursion fibo iteration 2 (5 max)
Unwinding recursion fibo iteration 3 (5 max)
Unwinding recursion fibo iteration 3 (5 max)
Unwinding recursion fibo iteration 2 (5 max)
Symex completed in: 0.002s (44 assignments)
Slicing time: 0.000s (removed 41 assignments)
Generated 1 VCC(s), 1 remaining after simplification (3 assignments)
No solver specified; defaulting to Boolector
Encoding remaining VCC(s) using bit-vector/floating-point arithmetic
Encoding to solver time: 0.000s
Solving with solver Boolector 3.2.1
Encoding to solver time: 0.000s
Runtime decision procedure: 0.000s
Building error trace

Counterexample:

State 1 file fibo_5-2.c line 4 function reach_error thread 0
----------------------------------------------------
Violated property:
  file fibo_5-2.c line 4 function reach_error
  assertion 0
  0


VERIFICATION FAILED

Bug found (k = 5)


FALSE_REACH
