./esbmc-wrapper.py -p ../sv-benchmarks/c/properties/unreach-call.prp -s kinduction --arch 64 ../sv-benchmarks/c/ldv-challenges/linux-3.14_complex_emg_linux-alloc-spinlock_drivers-net-ethernet-ti-tlan.cil.i


--------------------------------------------------------------------------------


Verifying with ESBMC
Command: ./esbmc --no-div-by-zero-check --force-malloc-success --state-hashing --no-align-check --k-step 2 --floatbv --unlimited-k-steps ../sv-benchmarks/c/ldv-challenges/linux-3.14_complex_emg_linux-alloc-spinlock_drivers-net-ethernet-ti-tlan.cil.i --64 --witness-output linux-3.14_complex_emg_linux-alloc-spinlock_drivers-net-ethernet-ti-tlan.cil.i.graphml --no-pointer-check --no-bounds-check --interval-analysis --k-induction --max-inductive-step 3 
ESBMC version 6.8.0 64-bit x86_64 linux
Target: 64-bit little-endian x86_64-unknown-linux with esbmc libc
file ../sv-benchmarks/c/ldv-challenges/linux-3.14_complex_emg_linux-alloc-spinlock_drivers-net-ethernet-ti-tlan.cil.i: Parsing
Converting
Generating GOTO Program
GOTO program creation time: 1.409s
GOTO program processing time: 0.386s
*** Checking base case, k = 1
Starting Bounded Model Checking
Not unwinding 
Symex completed in: 0.071s (408 assignments)
Slicing time: 0.001s (removed 308 assignments)
Generated 0 VCC(s), 0 remaining after simplification (100 assignments)
BMC program time: 0.072s
No bug has been found in the base case
*** Checking forward condition, k = 1
Starting Bounded Model Checking
Not unwinding 
Symex completed in: 0.066s (408 assignments)
Slicing time: 0.001s (removed 308 assignments)
Generated 1 VCC(s), 1 remaining after simplification (100 assignments)
No solver specified; defaulting to Boolector
Encoding remaining VCC(s) using bit-vector/floating-point arithmetic
Encoding to solver time: 0.008s
Solving with solver Boolector 3.2.1
Encoding to solver time: 0.008s
Runtime decision procedure: 0.810s
The forward condition is unable to prove the property
*** Checking base case, k = 3
Starting Bounded Model Checking
Unwinding loop 33  iteration  1   file linux-3.14_complex_emg_linux-alloc-spinlock_drivers-net-ethernet-ti-tlan.cil.i line 10076 function main
No target candidate for function call *arg0
Unwinding loop 3  iteration  1   file linux-3.14_complex_emg_linux-alloc-spinlock_drivers-net-ethernet-ti-tlan.cil.i line 8082 function tlan_reset_lists
Unwinding loop 3  iteration  2   file linux-3.14_complex_emg_linux-alloc-spinlock_drivers-net-ethernet-ti-tlan.cil.i line 8082 function tlan_reset_lists
Not unwinding 
No target candidate for function call *arg0
No target candidate for function call *arg0
Unwinding loop 7  iteration  1   file linux-3.14_complex_emg_linux-alloc-spinlock_drivers-net-ethernet-ti-tlan.cil.i line 6702 function tlan_probe1
Unwinding loop 7  iteration  2   file linux-3.14_complex_emg_linux-alloc-spinlock_drivers-net-ethernet-ti-tlan.cil.i line 6702 function tlan_probe1
Not unwinding 
Unwinding loop 35  iteration  1   file string.c line 272 function __memset_impl
Unwinding loop 35  iteration  2   file string.c line 272 function __memset_impl
Not unwinding 
Unwinding loop 35  iteration  1   file string.c line 272 function __memset_impl
Unwinding loop 35  iteration  2   file string.c line 272 function __memset_impl
Not unwinding 
Unwinding loop 33  iteration  2   file linux-3.14_complex_emg_linux-alloc-spinlock_drivers-net-ethernet-ti-tlan.cil.i line 10076 function main
No target candidate for function call *arg0
Unwinding loop 3  iteration  1   file linux-3.14_complex_emg_linux-alloc-spinlock_drivers-net-ethernet-ti-tlan.cil.i line 8082 function tlan_reset_lists
Unwinding loop 3  iteration  2   file linux-3.14_complex_emg_linux-alloc-spinlock_drivers-net-ethernet-ti-tlan.cil.i line 8082 function tlan_reset_lists
Not unwinding 
No target candidate for function call *arg0
No target candidate for function call *arg0
Unwinding loop 7  iteration  1   file linux-3.14_complex_emg_linux-alloc-spinlock_drivers-net-ethernet-ti-tlan.cil.i line 6702 function tlan_probe1
Unwinding loop 7  iteration  2   file linux-3.14_complex_emg_linux-alloc-spinlock_drivers-net-ethernet-ti-tlan.cil.i line 6702 function tlan_probe1
Not unwinding 
Unwinding loop 35  iteration  1   file string.c line 272 function __memset_impl
Unwinding loop 35  iteration  2   file string.c line 272 function __memset_impl
Not unwinding 
Unwinding loop 35  iteration  1   file string.c line 272 function __memset_impl
Unwinding loop 35  iteration  2   file string.c line 272 function __memset_impl
Not unwinding 
Not unwinding 
Symex completed in: 1.829s (3241 assignments)
Slicing time: 0.061s (removed 2096 assignments)
Generated 0 VCC(s), 0 remaining after simplification (1145 assignments)
BMC program time: 1.890s
No bug has been found in the base case
*** Checking forward condition, k = 3
Starting Bounded Model Checking
Unwinding 
Unexpected irep id constant_string  in function ptr dereference
Unexpected irep id constant_string  in function ptr dereference
Unexpected irep id constant_string  in function ptr dereference
Unexpected irep id constant_string  in function ptr dereference
Unexpected irep id constant_string  in function ptr dereference
Unexpected irep id constant_string  in function ptr dereference
Unexpected irep id constant_string  in function ptr dereference
Unexpected irep id constant_string  in function ptr dereference
Unexpected irep id constant_string  in function ptr dereference
Unexpected irep id constant_string  in function ptr dereference
Unexpected irep id constant_string  in function ptr dereference
Unexpected irep id constant_string  in function ptr dereference
Unexpected irep id constant_string  in function ptr dereference
Unexpected irep id constant_string  in function ptr dereference
Unexpected irep id constant_string  in function ptr dereference
Unexpected irep id constant_string  in function ptr dereference
Unexpected irep id constant_string  in function ptr dereference
Unexpected irep id constant_string  in function ptr dereference
Unexpected irep id constant_string  in function ptr dereference
Unexpected irep id constant_string  in function ptr dereference
Unexpected irep id constant_string  in function ptr dereference
Unexpected irep id constant_string  in function ptr dereference
Unexpected irep id constant_string  in function ptr dereference
Unexpected irep id constant_string  in function ptr dereference
Unexpected irep id constant_string  in function ptr dereference
Unexpected irep id constant_string  in function ptr dereference
Unexpected irep id constant_string  in function ptr dereference
Unexpected irep id constant_string  in function ptr dereference
Unexpected irep id constant_string  in function ptr dereference
Unexpected irep id constant_string  in function ptr dereference
Unexpected irep id constant_string  in function ptr dereference
Unexpected irep id constant_string  in function ptr dereference
Unexpected irep id constant_string  in function ptr dereference
Unexpected irep id constant_string  in function ptr dereference
Unexpected irep id constant_string  in function ptr dereference
Unexpected irep id constant_string  in function ptr dereference
Unexpected irep id constant_string  in function ptr dereference
Unexpected irep id constant_string  in function ptr dereference
Unexpected irep id constant_string  in function ptr dereference
Unexpected irep id constant_string  in function ptr dereference
Unexpected irep id constant_string  in function ptr dereference
Unexpected irep id constant_string  in function ptr dereference
Unexpected irep id constant_string  in function ptr dereference
Unexpected irep id constant_string  in function ptr dereference
Unexpected irep id constant_string  in function ptr dereference
Unexpected irep id constant_string  in function ptr dereference
Unexpected irep id constant_string  in function ptr dereference
Unexpected irep id constant_string  in function ptr dereference
Unexpected irep id constant_string  in function ptr dereference
Unexpected irep id constant_string  in function ptr dereference
Unexpected irep id constant_string  in function ptr dereference
Unexpected irep id constant_string  in function ptr dereference

Unknown
