./esbmc-wrapper.py -p ../sv-benchmarks/c/properties/unreach-call.prp -s kinduction --arch 64 ../sv-benchmarks/c/ldv-linux-3.4-simple/32_1_cilled_ok_nondet_linux-3.4-32_1-drivers--input--misc--mpu3050.ko-ldv_main0_sequence_infinite_withcheck_stateful.cil.out.i


--------------------------------------------------------------------------------


Verifying with ESBMC
Command: ./esbmc --no-div-by-zero-check --force-malloc-success --state-hashing --no-align-check --k-step 2 --floatbv --unlimited-k-steps ../sv-benchmarks/c/ldv-linux-3.4-simple/32_1_cilled_ok_nondet_linux-3.4-32_1-drivers--input--misc--mpu3050.ko-ldv_main0_sequence_infinite_withcheck_stateful.cil.out.i --64 --witness-output 32_1_cilled_ok_nondet_linux-3.4-32_1-drivers--input--misc--mpu3050.ko-ldv_main0_sequence_infinite_withcheck_stateful.cil.out.i.graphml --no-pointer-check --no-bounds-check --interval-analysis --k-induction --max-inductive-step 3 
ESBMC version 6.8.0 64-bit x86_64 linux
Target: 64-bit little-endian x86_64-unknown-linux with esbmc libc
file ../sv-benchmarks/c/ldv-linux-3.4-simple/32_1_cilled_ok_nondet_linux-3.4-32_1-drivers--input--misc--mpu3050.ko-ldv_main0_sequence_infinite_withcheck_stateful.cil.out.i: Parsing
Converting
Generating GOTO Program
GOTO program creation time: 0.351s
GOTO program processing time: 0.016s
*** Checking base case, k = 1
Starting Bounded Model Checking
Not unwinding 
Symex completed in: 0.047s (653 assignments)
Slicing time: 0.002s (removed 577 assignments)
Generated 0 VCC(s), 0 remaining after simplification (76 assignments)
BMC program time: 0.049s
No bug has been found in the base case
*** Checking forward condition, k = 1
Starting Bounded Model Checking
Not unwinding 
Symex completed in: 0.048s (653 assignments)
Slicing time: 0.002s (removed 577 assignments)
Generated 1 VCC(s), 1 remaining after simplification (76 assignments)
No solver specified; defaulting to Boolector
Encoding remaining VCC(s) using bit-vector/floating-point arithmetic
Encoding to solver time: 0.003s
Solving with solver Boolector 3.2.1
Encoding to solver time: 0.003s
Runtime decision procedure: 0.146s
The forward condition is unable to prove the property
*** Checking base case, k = 3
Starting Bounded Model Checking
Unwinding loop 1  iteration  1   file 32_1_cilled_ok_nondet_linux-3.4-32_1-drivers--input--misc--mpu3050.ko-ldv_main0_sequence_infinite_withcheck_stateful.cil.out.i line 4281 function main
Unwinding loop 1  iteration  2   file 32_1_cilled_ok_nondet_linux-3.4-32_1-drivers--input--misc--mpu3050.ko-ldv_main0_sequence_infinite_withcheck_stateful.cil.out.i line 4281 function main
Not unwinding 
Symex completed in: 0.150s (1926 assignments)
Slicing time: 0.006s (removed 1702 assignments)
Generated 0 VCC(s), 0 remaining after simplification (224 assignments)
BMC program time: 0.156s
No bug has been found in the base case
*** Checking forward condition, k = 3
Starting Bounded Model Checking
Unwinding loop 1  iteration  1   file 32_1_cilled_ok_nondet_linux-3.4-32_1-drivers--input--misc--mpu3050.ko-ldv_main0_sequence_infinite_withcheck_stateful.cil.out.i line 4281 function main
Unwinding loop 1  iteration  2   file 32_1_cilled_ok_nondet_linux-3.4-32_1-drivers--input--misc--mpu3050.ko-ldv_main0_sequence_infinite_withcheck_stateful.cil.out.i line 4281 function main
Not unwinding 
Symex completed in: 0.161s (1926 assignments)
Slicing time: 0.005s (removed 1702 assignments)
Generated 1 VCC(s), 1 remaining after simplification (224 assignments)
No solver specified; defaulting to Boolector
Encoding remaining VCC(s) using bit-vector/floating-point arithmetic
Encoding to solver time: 0.011s
Solving with solver Boolector 3.2.1
Encoding to solver time: 0.011s
Runtime decision procedure: 0.844s
The forward condition is unable to prove the property
*** Checking inductive step, k = 3
Starting Bounded Model Checking
Unwinding loop 1  iteration  1   file 32_1_cilled_ok_nondet_linux-3.4-32_1-drivers--input--misc--mpu3050.ko-ldv_main0_sequence_infinite_withcheck_stateful.cil.out.i line 4281 function main
Unwinding loop 1  iteration  2   file 32_1_cilled_ok_nondet_linux-3.4-32_1-drivers--input--misc--mpu3050.ko-ldv_main0_sequence_infinite_withcheck_stateful.cil.out.i line 4281 function main
Not unwinding 
Symex completed in: 0.345s (2425 assignments)
Slicing time: 0.013s (removed 2060 assignments)
Generated 0 VCC(s), 0 remaining after simplification (365 assignments)
BMC program time: 0.358s
Building successful trace

VERIFICATION SUCCESSFUL

Solution found by the inductive step (k = 3)

../sv-benchmarks/c/ldv-linux-3.4-simple/32_1_cilled_ok_nondet_linux-3.4-32_1-drivers--input--misc--mpu3050.ko-ldv_main0_sequence_infinite_withcheck_stateful.cil.out.i:4102:16: warning: cast to smaller integer type 'unsigned int' from 'struct device *' [-Wpointer-to-int-cast]
  __cil_tmp8 = (unsigned int )__cil_tmp7;
               ^~~~~~~~~~~~~~~~~~~~~~~~~
../sv-benchmarks/c/ldv-linux-3.4-simple/32_1_cilled_ok_nondet_linux-3.4-32_1-drivers--input--misc--mpu3050.ko-ldv_main0_sequence_infinite_withcheck_stateful.cil.out.i:4130:16: warning: cast to smaller integer type 'unsigned int' from 'struct device *' [-Wpointer-to-int-cast]
  __cil_tmp8 = (unsigned int )__cil_tmp7;
               ^~~~~~~~~~~~~~~~~~~~~~~~~
../sv-benchmarks/c/ldv-linux-3.4-simple/32_1_cilled_ok_nondet_linux-3.4-32_1-drivers--input--misc--mpu3050.ko-ldv_main0_sequence_infinite_withcheck_stateful.cil.out.i:4171:11: warning: 'attach_adapter' is deprecated [-Wdeprecated-declarations]
     {0U, (int (*)(struct i2c_adapter * ))0, (int (*)(struct i2c_adapter * ))0, & mpu3050_probe,
          ^
../sv-benchmarks/c/ldv-linux-3.4-simple/32_1_cilled_ok_nondet_linux-3.4-32_1-drivers--input--misc--mpu3050.ko-ldv_main0_sequence_infinite_withcheck_stateful.cil.out.i:2089:64: note: 'attach_adapter' has been explicitly marked deprecated here
   int (*attach_adapter)(struct i2c_adapter * ) __attribute__((__deprecated__)) ;
                                                               ^
../sv-benchmarks/c/ldv-linux-3.4-simple/32_1_cilled_ok_nondet_linux-3.4-32_1-drivers--input--misc--mpu3050.ko-ldv_main0_sequence_infinite_withcheck_stateful.cil.out.i:4171:46: warning: 'detach_adapter' is deprecated [-Wdeprecated-declarations]
     {0U, (int (*)(struct i2c_adapter * ))0, (int (*)(struct i2c_adapter * ))0, & mpu3050_probe,
                                             ^
../sv-benchmarks/c/ldv-linux-3.4-simple/32_1_cilled_ok_nondet_linux-3.4-32_1-drivers--input--misc--mpu3050.ko-ldv_main0_sequence_infinite_withcheck_stateful.cil.out.i:2090:64: note: 'detach_adapter' has been explicitly marked deprecated here
   int (*detach_adapter)(struct i2c_adapter * ) __attribute__((__deprecated__)) ;
                                                               ^
../sv-benchmarks/c/ldv-linux-3.4-simple/32_1_cilled_ok_nondet_linux-3.4-32_1-drivers--input--misc--mpu3050.ko-ldv_main0_sequence_infinite_withcheck_stateful.cil.out.i:4265:1: warning: return type of 'main' is not 'int' [-Wmain-return-type]
void main(void)
^
../sv-benchmarks/c/ldv-linux-3.4-simple/32_1_cilled_ok_nondet_linux-3.4-32_1-drivers--input--misc--mpu3050.ko-ldv_main0_sequence_infinite_withcheck_stateful.cil.out.i:4265:1: note: change return type to 'int'
void main(void)
^~~~
int

TRUE
