./esbmc-wrapper.py -p ../sv-benchmarks/c/properties/unreach-call.prp -s kinduction --arch 32 ../sv-benchmarks/c/seq-mthreaded/rekh_aso.1.M1-1.c


--------------------------------------------------------------------------------


Verifying with ESBMC
Command: ./esbmc --no-div-by-zero-check --force-malloc-success --state-hashing --add-symex-value-sets --no-align-check --k-step 5 --floatbv --unlimited-k-steps ../sv-benchmarks/c/seq-mthreaded/rekh_aso.1.M1-1.c --32 --witness-output rekh_aso.1.M1-1.c.graphml --no-pointer-check --no-bounds-check --interval-analysis --goto-unwind --unlimited-goto-unwind --k-induction --max-inductive-step 3 
ESBMC version 6.8.0 64-bit x86_64 linux
Target: 32-bit little-endian x86_64-unknown-linux with esbmc libc
file ../sv-benchmarks/c/seq-mthreaded/rekh_aso.1.M1-1.c: Parsing
Converting
Generating GOTO Program
GOTO program creation time: 0.342s
GOTO program processing time: 0.191s
*** Checking base case, k = 1
Starting Bounded Model Checking
Symex completed in: 0.771s (9036 assignments)
Slicing time: 0.366s (removed 3964 assignments)
Generated 24 VCC(s), 24 remaining after simplification (5072 assignments)
No solver specified; defaulting to Boolector
Encoding remaining VCC(s) using bit-vector/floating-point arithmetic
Encoding to solver time: 0.073s
Solving with solver Boolector 3.2.2
Encoding to solver time: 0.073s
Runtime decision procedure: 11.090s
BMC program time: 12.301s
No bug has been found in the base case
*** Checking forward condition, k = 1
Starting Bounded Model Checking
Symex completed in: 0.910s (9012 assignments)
Slicing time: 0.364s (removed 3964 assignments)
Generated 0 VCC(s), 0 remaining after simplification (5048 assignments)
BMC program time: 1.274s
Building successful trace

VERIFICATION SUCCESSFUL

Solution found by the forward condition; all states are reachable (k = 1


TRUE
