./esbmc-wrapper.py -p ../sv-benchmarks/c/properties/no-overflow.prp -s kinduction --arch 64 ../sv-benchmarks/c/termination-crafted-lit/PodelskiRybalchenko-VMCAI2004-Ex2.c


--------------------------------------------------------------------------------


Verifying with ESBMC
Command: ./esbmc --no-div-by-zero-check --force-malloc-success --state-hashing --add-symex-value-sets --no-align-check --k-step 5 --floatbv --unlimited-k-steps ../sv-benchmarks/c/termination-crafted-lit/PodelskiRybalchenko-VMCAI2004-Ex2.c --64 --witness-output PodelskiRybalchenko-VMCAI2004-Ex2.c.graphml --no-pointer-check --no-bounds-check --overflow-check --no-assertions --k-induction --max-inductive-step 3 
ESBMC version 6.8.0 64-bit x86_64 linux
Target: 64-bit little-endian x86_64-unknown-linux with esbmc libc
file ../sv-benchmarks/c/termination-crafted-lit/PodelskiRybalchenko-VMCAI2004-Ex2.c: Parsing
Converting
Generating GOTO Program
GOTO program creation time: 0.126s
GOTO program processing time: 0.001s
*** Checking base case, k = 1
Starting Bounded Model Checking
Not unwinding 
Symex completed in: 0.000s (18 assignments)
Slicing time: 0.000s (removed 11 assignments)
Generated 3 VCC(s), 3 remaining after simplification (7 assignments)
No solver specified; defaulting to Boolector
Encoding remaining VCC(s) using bit-vector/floating-point arithmetic
Encoding to solver time: 0.001s
Solving with solver Boolector 3.2.2
Encoding to solver time: 0.001s
Runtime decision procedure: 0.005s
Building error trace

Counterexample:

State 1 file PodelskiRybalchenko-VMCAI2004-Ex2.c line 16 function main thread 0
----------------------------------------------------
  x = 1333783995 (01001111 01111111 11101101 10111011)

State 3 file PodelskiRybalchenko-VMCAI2004-Ex2.c line 18 function main thread 0
----------------------------------------------------
Violated property:
  file PodelskiRybalchenko-VMCAI2004-Ex2.c line 18 function main
  arithmetic overflow on mul
  !overflow("*", -2, x)


VERIFICATION FAILED

Bug found (k = 1)


FALSE_OVERFLOW
