./esbmc-wrapper.py -p ../sv-benchmarks/c/properties/unreach-call.prp -s kinduction --arch 32 ../sv-benchmarks/c/seq-mthreaded/pals_floodmax.5.3.ufo.BOUNDED-10.pals.c


--------------------------------------------------------------------------------


Verifying with ESBMC
Command: ./esbmc --no-div-by-zero-check --force-malloc-success --state-hashing --add-symex-value-sets --no-align-check --k-step 5 --floatbv --unlimited-k-steps ../sv-benchmarks/c/seq-mthreaded/pals_floodmax.5.3.ufo.BOUNDED-10.pals.c --32 --witness-output pals_floodmax.5.3.ufo.BOUNDED-10.pals.c.graphml --no-pointer-check --no-bounds-check --interval-analysis --goto-unwind --unlimited-goto-unwind --k-induction --max-inductive-step 3 
ESBMC version 6.8.0 64-bit x86_64 linux
Target: 32-bit little-endian x86_64-unknown-linux with esbmc libc
file ../sv-benchmarks/c/seq-mthreaded/pals_floodmax.5.3.ufo.BOUNDED-10.pals.c: Parsing
Converting
Generating GOTO Program
GOTO program creation time: 0.270s
GOTO program processing time: 1.542s
*** Checking base case, k = 1
Starting Bounded Model Checking
Symex completed in: 1.221s (6608 assignments)
Slicing time: 0.052s (removed 3051 assignments)
Generated 10 VCC(s), 10 remaining after simplification (3557 assignments)
No solver specified; defaulting to Boolector
Encoding remaining VCC(s) using bit-vector/floating-point arithmetic
Encoding to solver time: 0.072s
Solving with solver Boolector 3.2.2
Encoding to solver time: 0.072s
Runtime decision procedure: 0.757s
Building error trace

Counterexample:

State 1 file pals_floodmax.5.3.ufo.BOUNDED-10.pals.c line 2678 function main thread 0
----------------------------------------------------
  ep12 = 1

State 2 file pals_floodmax.5.3.ufo.BOUNDED-10.pals.c line 2679 function main thread 0
----------------------------------------------------
  ep13 = 1

State 3 file pals_floodmax.5.3.ufo.BOUNDED-10.pals.c line 2680 function main thread 0
----------------------------------------------------
  ep14 = 1

State 4 file pals_floodmax.5.3.ufo.BOUNDED-10.pals.c line 2681 function main thread 0
----------------------------------------------------
  ep15 = 1

State 5 file pals_floodmax.5.3.ufo.BOUNDED-10.pals.c line 2682 function main thread 0
----------------------------------------------------
  ep21 = 1

State 6 file pals_floodmax.5.3.ufo.BOUNDED-10.pals.c line 2683 function main thread 0
----------------------------------------------------
  ep23 = 1

State 7 file pals_floodmax.5.3.ufo.BOUNDED-10.pals.c line 2684 function main thread 0
----------------------------------------------------
  ep24 = 1

State 8 file pals_floodmax.5.3.ufo.BOUNDED-10.pals.c line 2685 function main thread 0
----------------------------------------------------
  ep25 = 1

State 9 file pals_floodmax.5.3.ufo.BOUNDED-10.pals.c line 2686 function main thread 0
----------------------------------------------------
  ep31 = 1

State 10 file pals_floodmax.5.3.ufo.BOUNDED-10.pals.c line 2687 function main thread 0
----------------------------------------------------
  ep32 = 1

State 11 file pals_floodmax.5.3.ufo.BOUNDED-10.pals.c line 2688 function main thread 0
----------------------------------------------------
  ep34 = 1

State 12 file pals_floodmax.5.3.ufo.BOUNDED-10.pals.c line 2689 function main thread 0
----------------------------------------------------
  ep35 = 1

State 13 file pals_floodmax.5.3.ufo.BOUNDED-10.pals.c line 2690 function main thread 0
----------------------------------------------------
  ep41 = 1

State 14 file pals_floodmax.5.3.ufo.BOUNDED-10.pals.c line 2691 function main thread 0
----------------------------------------------------
  ep42 = 1

State 15 file pals_floodmax.5.3.ufo.BOUNDED-10.pals.c line 2692 function main thread 0
----------------------------------------------------
  ep43 = 1

State 16 file pals_floodmax.5.3.ufo.BOUNDED-10.pals.c line 2693 function main thread 0
----------------------------------------------------
  ep45 = 1

State 17 file pals_floodmax.5.3.ufo.BOUNDED-10.pals.c line 2694 function main thread 0
----------------------------------------------------
  ep51 = 1

State 18 file pals_floodmax.5.3.ufo.BOUNDED-10.pals.c line 2695 function main thread 0
----------------------------------------------------
  ep52 = 1

State 19 file pals_floodmax.5.3.ufo.BOUNDED-10.pals.c line 2696 function main thread 0
----------------------------------------------------
  ep53 = 1

State 20 file pals_floodmax.5.3.ufo.BOUNDED-10.pals.c line 2697 function main thread 0
----------------------------------------------------
  ep54 = 1

State 21 file pals_floodmax.5.3.ufo.BOUNDED-10.pals.c line 2698 function main thread 0
----------------------------------------------------
  id1 = 3 (00000011)

State 22 file pals_floodmax.5.3.ufo.BOUNDED-10.pals.c line 2699 function main thread 0
----------------------------------------------------
  r1 = 0 (00000000)

State 23 file pals_floodmax.5.3.ufo.BOUNDED-10.pals.c line 2700 function main thread 0
----------------------------------------------------
  st1 = 0 (00000000)

State 24 file pals_floodmax.5.3.ufo.BOUNDED-10.pals.c line 2701 function main thread 0
----------------------------------------------------
  nl1 = 0 (00000000)

State 25 file pals_floodmax.5.3.ufo.BOUNDED-10.pals.c line 2703 function main thread 0
----------------------------------------------------
  max1 = 3 (00000011)

State 26 file pals_floodmax.5.3.ufo.BOUNDED-10.pals.c line 2704 function main thread 0
----------------------------------------------------
  mode1 = 0

State 27 file pals_floodmax.5.3.ufo.BOUNDED-10.pals.c line 2705 function main thread 0
----------------------------------------------------
  id2 = 64 (01000000)

State 28 file pals_floodmax.5.3.ufo.BOUNDED-10.pals.c line 2706 function main thread 0
----------------------------------------------------
  r2 = 0 (00000000)

State 29 file pals_floodmax.5.3.ufo.BOUNDED-10.pals.c line 2707 function main thread 0
----------------------------------------------------
  st2 = 0 (00000000)

State 30 file pals_floodmax.5.3.ufo.BOUNDED-10.pals.c line 2708 function main thread 0
----------------------------------------------------
  nl2 = 0 (00000000)

State 31 file pals_floodmax.5.3.ufo.BOUNDED-10.pals.c line 2710 function main thread 0
----------------------------------------------------
  max2 = 64 (01000000)

State 32 file pals_floodmax.5.3.ufo.BOUNDED-10.pals.c line 2711 function main thread 0
----------------------------------------------------
  mode2 = 0

State 33 file pals_floodmax.5.3.ufo.BOUNDED-10.pals.c line 2712 function main thread 0
----------------------------------------------------
  id3 = 2 (00000010)

State 34 file pals_floodmax.5.3.ufo.BOUNDED-10.pals.c line 2713 function main thread 0
----------------------------------------------------
  r3 = 0 (00000000)

State 35 file pals_floodmax.5.3.ufo.BOUNDED-10.pals.c line 2714 function main thread 0
----------------------------------------------------
  st3 = 0 (00000000)

State 36 file pals_floodmax.5.3.ufo.BOUNDED-10.pals.c line 2715 function main thread 0
----------------------------------------------------
  nl3 = 0 (00000000)

State 37 file pals_floodmax.5.3.ufo.BOUNDED-10.pals.c line 2717 function main thread 0
----------------------------------------------------
  max3 = 2 (00000010)

State 38 file pals_floodmax.5.3.ufo.BOUNDED-10.pals.c line 2718 function main thread 0
----------------------------------------------------
  mode3 = 0

State 39 file pals_floodmax.5.3.ufo.BOUNDED-10.pals.c line 2719 function main thread 0
----------------------------------------------------
  id4 = 1 (00000001)

State 40 file pals_floodmax.5.3.ufo.BOUNDED-10.pals.c line 2720 function main thread 0
----------------------------------------------------
  r4 = 0 (00000000)

State 41 file pals_floodmax.5.3.ufo.BOUNDED-10.pals.c line 2721 function main thread 0
----------------------------------------------------
  st4 = 0 (00000000)

State 42 file pals_floodmax.5.3.ufo.BOUNDED-10.pals.c line 2722 function main thread 0
----------------------------------------------------
  nl4 = 0 (00000000)

State 43 file pals_floodmax.5.3.ufo.BOUNDED-10.pals.c line 2724 function main thread 0
----------------------------------------------------
  max4 = 1 (00000001)

State 44 file pals_floodmax.5.3.ufo.BOUNDED-10.pals.c line 2725 function main thread 0
----------------------------------------------------
  mode4 = 0

State 45 file pals_floodmax.5.3.ufo.BOUNDED-10.pals.c line 2726 function main thread 0
----------------------------------------------------
  id5 = 0 (00000000)

State 46 file pals_floodmax.5.3.ufo.BOUNDED-10.pals.c line 2727 function main thread 0
----------------------------------------------------
  r5 = 0 (00000000)

State 47 file pals_floodmax.5.3.ufo.BOUNDED-10.pals.c line 2728 function main thread 0
----------------------------------------------------
  st5 = 0 (00000000)

State 48 file pals_floodmax.5.3.ufo.BOUNDED-10.pals.c line 2729 function main thread 0
----------------------------------------------------
  nl5 = 0 (00000000)

State 49 file pals_floodmax.5.3.ufo.BOUNDED-10.pals.c line 2731 function main thread 0
----------------------------------------------------
  max5 = 0 (00000000)

State 50 file pals_floodmax.5.3.ufo.BOUNDED-10.pals.c line 2732 function main thread 0
----------------------------------------------------
  mode5 = 0

State 51 file pals_floodmax.5.3.ufo.BOUNDED-10.pals.c line 603 function init thread 0
----------------------------------------------------
  r121 = 1

State 52 file pals_floodmax.5.3.ufo.BOUNDED-10.pals.c line 604 function init thread 0
----------------------------------------------------
  r131 = 1

State 53 file pals_floodmax.5.3.ufo.BOUNDED-10.pals.c line 605 function init thread 0
----------------------------------------------------
  r141 = 1

State 54 file pals_floodmax.5.3.ufo.BOUNDED-10.pals.c line 606 function init thread 0
----------------------------------------------------
  r151 = 1

State 55 file pals_floodmax.5.3.ufo.BOUNDED-10.pals.c line 607 function init thread 0
----------------------------------------------------
  r211 = 1

State 56 file pals_floodmax.5.3.ufo.BOUNDED-10.pals.c line 608 function init thread 0
----------------------------------------------------
  r231 = 1

State 57 file pals_floodmax.5.3.ufo.BOUNDED-10.pals.c line 609 function init thread 0
----------------------------------------------------
  r241 = 1

State 58 file pals_floodmax.5.3.ufo.BOUNDED-10.pals.c line 610 function init thread 0
----------------------------------------------------
  r251 = 1

State 59 file pals_floodmax.5.3.ufo.BOUNDED-10.pals.c line 611 function init thread 0
----------------------------------------------------
  r311 = 1

State 60 file pals_floodmax.5.3.ufo.BOUNDED-10.pals.c line 612 function init thread 0
----------------------------------------------------
  r321 = 1

State 61 file pals_floodmax.5.3.ufo.BOUNDED-10.pals.c line 613 function init thread 0
----------------------------------------------------
  r341 = 1

State 62 file pals_floodmax.5.3.ufo.BOUNDED-10.pals.c line 614 function init thread 0
----------------------------------------------------
  r351 = 1

State 63 file pals_floodmax.5.3.ufo.BOUNDED-10.pals.c line 615 function init thread 0
----------------------------------------------------
  r411 = 1

State 64 file pals_floodmax.5.3.ufo.BOUNDED-10.pals.c line 616 function init thread 0
----------------------------------------------------
  r421 = 1

State 65 file pals_floodmax.5.3.ufo.BOUNDED-10.pals.c line 617 function init thread 0
----------------------------------------------------
  r431 = 1

State 66 file pals_floodmax.5.3.ufo.BOUNDED-10.pals.c line 618 function init thread 0
----------------------------------------------------
  r451 = 1

State 67 file pals_floodmax.5.3.ufo.BOUNDED-10.pals.c line 619 function init thread 0
----------------------------------------------------
  r511 = 1

State 68 file pals_floodmax.5.3.ufo.BOUNDED-10.pals.c line 620 function init thread 0
----------------------------------------------------
  r521 = 1

State 69 file pals_floodmax.5.3.ufo.BOUNDED-10.pals.c line 621 function init thread 0
----------------------------------------------------
  r531 = 1

State 70 file pals_floodmax.5.3.ufo.BOUNDED-10.pals.c line 622 function init thread 0
----------------------------------------------------
  r541 = 1

State 71 file pals_floodmax.5.3.ufo.BOUNDED-10.pals.c line 651 function init thread 0
----------------------------------------------------
  r122 = 1

State 72 file pals_floodmax.5.3.ufo.BOUNDED-10.pals.c line 680 function init thread 0
----------------------------------------------------
  r132 = 1

State 73 file pals_floodmax.5.3.ufo.BOUNDED-10.pals.c line 709 function init thread 0
----------------------------------------------------
  r142 = 1

State 74 file pals_floodmax.5.3.ufo.BOUNDED-10.pals.c line 738 function init thread 0
----------------------------------------------------
  r152 = 1

State 75 file pals_floodmax.5.3.ufo.BOUNDED-10.pals.c line 767 function init thread 0
----------------------------------------------------
  r212 = 1

State 76 file pals_floodmax.5.3.ufo.BOUNDED-10.pals.c line 796 function init thread 0
----------------------------------------------------
  r232 = 1

State 77 file pals_floodmax.5.3.ufo.BOUNDED-10.pals.c line 825 function init thread 0
----------------------------------------------------
  r242 = 1

State 78 file pals_floodmax.5.3.ufo.BOUNDED-10.pals.c line 854 function init thread 0
----------------------------------------------------
  r252 = 1

State 79 file pals_floodmax.5.3.ufo.BOUNDED-10.pals.c line 883 function init thread 0
----------------------------------------------------
  r312 = 1

State 80 file pals_floodmax.5.3.ufo.BOUNDED-10.pals.c line 912 function init thread 0
----------------------------------------------------
  r322 = 1

State 81 file pals_floodmax.5.3.ufo.BOUNDED-10.pals.c line 941 function init thread 0
----------------------------------------------------
  r342 = 1

State 82 file pals_floodmax.5.3.ufo.BOUNDED-10.pals.c line 970 function init thread 0
----------------------------------------------------
  r352 = 1

State 83 file pals_floodmax.5.3.ufo.BOUNDED-10.pals.c line 999 function init thread 0
----------------------------------------------------
  r412 = 1

State 84 file pals_floodmax.5.3.ufo.BOUNDED-10.pals.c line 1028 function init thread 0
----------------------------------------------------
  r422 = 1

State 85 file pals_floodmax.5.3.ufo.BOUNDED-10.pals.c line 1057 function init thread 0
----------------------------------------------------
  r432 = 1

State 86 file pals_floodmax.5.3.ufo.BOUNDED-10.pals.c line 1086 function init thread 0
----------------------------------------------------
  r452 = 1

State 87 file pals_floodmax.5.3.ufo.BOUNDED-10.pals.c line 1115 function init thread 0
----------------------------------------------------
  r512 = 1

State 88 file pals_floodmax.5.3.ufo.BOUNDED-10.pals.c line 1144 function init thread 0
----------------------------------------------------
  r522 = 1

State 89 file pals_floodmax.5.3.ufo.BOUNDED-10.pals.c line 1173 function init thread 0
----------------------------------------------------
  r532 = 1

State 90 file pals_floodmax.5.3.ufo.BOUNDED-10.pals.c line 1202 function init thread 0
----------------------------------------------------
  r542 = 1

State 91 file pals_floodmax.5.3.ufo.BOUNDED-10.pals.c line 1231 function init thread 0
----------------------------------------------------
  r123 = 1

State 92 file pals_floodmax.5.3.ufo.BOUNDED-10.pals.c line 1260 function init thread 0
----------------------------------------------------
  r133 = 1

State 93 file pals_floodmax.5.3.ufo.BOUNDED-10.pals.c line 1289 function init thread 0
----------------------------------------------------
  r143 = 1

State 94 file pals_floodmax.5.3.ufo.BOUNDED-10.pals.c line 1318 function init thread 0
----------------------------------------------------
  r153 = 1

State 95 file pals_floodmax.5.3.ufo.BOUNDED-10.pals.c line 1347 function init thread 0
----------------------------------------------------
  r213 = 1

State 96 file pals_floodmax.5.3.ufo.BOUNDED-10.pals.c line 1376 function init thread 0
----------------------------------------------------
  r233 = 1

State 97 file pals_floodmax.5.3.ufo.BOUNDED-10.pals.c line 1405 function init thread 0
----------------------------------------------------
  r243 = 1

State 98 file pals_floodmax.5.3.ufo.BOUNDED-10.pals.c line 1434 function init thread 0
----------------------------------------------------
  r253 = 1

State 99 file pals_floodmax.5.3.ufo.BOUNDED-10.pals.c line 1463 function init thread 0
----------------------------------------------------
  r313 = 1

State 100 file pals_floodmax.5.3.ufo.BOUNDED-10.pals.c line 1492 function init thread 0
----------------------------------------------------
  r323 = 1

State 101 file pals_floodmax.5.3.ufo.BOUNDED-10.pals.c line 1521 function init thread 0
----------------------------------------------------
  r343 = 1

State 102 file pals_floodmax.5.3.ufo.BOUNDED-10.pals.c line 1550 function init thread 0
----------------------------------------------------
  r353 = 1

State 103 file pals_floodmax.5.3.ufo.BOUNDED-10.pals.c line 1579 function init thread 0
----------------------------------------------------
  r413 = 1

State 104 file pals_floodmax.5.3.ufo.BOUNDED-10.pals.c line 1608 function init thread 0
----------------------------------------------------
  r423 = 1

State 105 file pals_floodmax.5.3.ufo.BOUNDED-10.pals.c line 1637 function init thread 0
----------------------------------------------------
  r433 = 1

State 106 file pals_floodmax.5.3.ufo.BOUNDED-10.pals.c line 1666 function init thread 0
----------------------------------------------------
  r453 = 1

State 107 file pals_floodmax.5.3.ufo.BOUNDED-10.pals.c line 1695 function init thread 0
----------------------------------------------------
  r513 = 1

State 108 file pals_floodmax.5.3.ufo.BOUNDED-10.pals.c line 1724 function init thread 0
----------------------------------------------------
  r523 = 1

State 109 file pals_floodmax.5.3.ufo.BOUNDED-10.pals.c line 1753 function init thread 0
----------------------------------------------------
  r533 = 1

State 110 file pals_floodmax.5.3.ufo.BOUNDED-10.pals.c line 1782 function init thread 0
----------------------------------------------------
  r543 = 1

State 111 file pals_floodmax.5.3.ufo.BOUNDED-10.pals.c line 1811 function init thread 0
----------------------------------------------------
  r124 = 1

State 112 file pals_floodmax.5.3.ufo.BOUNDED-10.pals.c line 1840 function init thread 0
----------------------------------------------------
  r134 = 1

State 113 file pals_floodmax.5.3.ufo.BOUNDED-10.pals.c line 1869 function init thread 0
----------------------------------------------------
  r144 = 1

State 114 file pals_floodmax.5.3.ufo.BOUNDED-10.pals.c line 1898 function init thread 0
----------------------------------------------------
  r154 = 1

State 115 file pals_floodmax.5.3.ufo.BOUNDED-10.pals.c line 1927 function init thread 0
----------------------------------------------------
  r214 = 1

State 116 file pals_floodmax.5.3.ufo.BOUNDED-10.pals.c line 1956 function init thread 0
----------------------------------------------------
  r234 = 1

State 117 file pals_floodmax.5.3.ufo.BOUNDED-10.pals.c line 1985 function init thread 0
----------------------------------------------------
  r244 = 1

State 118 file pals_floodmax.5.3.ufo.BOUNDED-10.pals.c line 2014 function init thread 0
----------------------------------------------------
  r254 = 1

State 119 file pals_floodmax.5.3.ufo.BOUNDED-10.pals.c line 2043 function init thread 0
----------------------------------------------------
  r314 = 1

State 120 file pals_floodmax.5.3.ufo.BOUNDED-10.pals.c line 2072 function init thread 0
----------------------------------------------------
  r324 = 1

State 121 file pals_floodmax.5.3.ufo.BOUNDED-10.pals.c line 2101 function init thread 0
----------------------------------------------------
  r344 = 1

State 122 file pals_floodmax.5.3.ufo.BOUNDED-10.pals.c line 2130 function init thread 0
----------------------------------------------------
  r354 = 1

State 123 file pals_floodmax.5.3.ufo.BOUNDED-10.pals.c line 2159 function init thread 0
----------------------------------------------------
  r414 = 1

State 124 file pals_floodmax.5.3.ufo.BOUNDED-10.pals.c line 2188 function init thread 0
----------------------------------------------------
  r424 = 1

State 125 file pals_floodmax.5.3.ufo.BOUNDED-10.pals.c line 2217 function init thread 0
----------------------------------------------------
  r434 = 1

State 126 file pals_floodmax.5.3.ufo.BOUNDED-10.pals.c line 2246 function init thread 0
----------------------------------------------------
  r454 = 1

State 127 file pals_floodmax.5.3.ufo.BOUNDED-10.pals.c line 2275 function init thread 0
----------------------------------------------------
  r514 = 1

State 128 file pals_floodmax.5.3.ufo.BOUNDED-10.pals.c line 2304 function init thread 0
----------------------------------------------------
  r524 = 1

State 129 file pals_floodmax.5.3.ufo.BOUNDED-10.pals.c line 2333 function init thread 0
----------------------------------------------------
  r534 = 1

State 130 file pals_floodmax.5.3.ufo.BOUNDED-10.pals.c line 2362 function init thread 0
----------------------------------------------------
  r544 = 1

State 131 file pals_floodmax.5.3.ufo.BOUNDED-10.pals.c line 189 function node1 thread 0
----------------------------------------------------
  p12_new = 3 (00000011)

State 132 file pals_floodmax.5.3.ufo.BOUNDED-10.pals.c line 192 function node1 thread 0
----------------------------------------------------
  p13_new = 3 (00000011)

State 133 file pals_floodmax.5.3.ufo.BOUNDED-10.pals.c line 195 function node1 thread 0
----------------------------------------------------
  p14_new = 3 (00000011)

State 134 file pals_floodmax.5.3.ufo.BOUNDED-10.pals.c line 198 function node1 thread 0
----------------------------------------------------
  p15_new = 3 (00000011)

State 135 file pals_floodmax.5.3.ufo.BOUNDED-10.pals.c line 252 function node2 thread 0
----------------------------------------------------
  p21_new = 64 (01000000)

State 136 file pals_floodmax.5.3.ufo.BOUNDED-10.pals.c line 255 function node2 thread 0
----------------------------------------------------
  p23_new = 64 (01000000)

State 137 file pals_floodmax.5.3.ufo.BOUNDED-10.pals.c line 258 function node2 thread 0
----------------------------------------------------
  p24_new = 64 (01000000)

State 138 file pals_floodmax.5.3.ufo.BOUNDED-10.pals.c line 261 function node2 thread 0
----------------------------------------------------
  p25_new = 64 (01000000)

State 139 file pals_floodmax.5.3.ufo.BOUNDED-10.pals.c line 315 function node3 thread 0
----------------------------------------------------
  p31_new = 2 (00000010)

State 140 file pals_floodmax.5.3.ufo.BOUNDED-10.pals.c line 318 function node3 thread 0
----------------------------------------------------
  p32_new = 2 (00000010)

State 141 file pals_floodmax.5.3.ufo.BOUNDED-10.pals.c line 321 function node3 thread 0
----------------------------------------------------
  p34_new = 2 (00000010)

State 142 file pals_floodmax.5.3.ufo.BOUNDED-10.pals.c line 324 function node3 thread 0
----------------------------------------------------
  p35_new = 2 (00000010)

State 143 file pals_floodmax.5.3.ufo.BOUNDED-10.pals.c line 378 function node4 thread 0
----------------------------------------------------
  p41_new = 1 (00000001)

State 144 file pals_floodmax.5.3.ufo.BOUNDED-10.pals.c line 381 function node4 thread 0
----------------------------------------------------
  p42_new = 1 (00000001)

State 145 file pals_floodmax.5.3.ufo.BOUNDED-10.pals.c line 384 function node4 thread 0
----------------------------------------------------
  p43_new = 1 (00000001)

State 146 file pals_floodmax.5.3.ufo.BOUNDED-10.pals.c line 387 function node4 thread 0
----------------------------------------------------
  p45_new = 1 (00000001)

State 147 file pals_floodmax.5.3.ufo.BOUNDED-10.pals.c line 441 function node5 thread 0
----------------------------------------------------
  p51_new = 0 (00000000)

State 148 file pals_floodmax.5.3.ufo.BOUNDED-10.pals.c line 444 function node5 thread 0
----------------------------------------------------
  p52_new = 0 (00000000)

State 149 file pals_floodmax.5.3.ufo.BOUNDED-10.pals.c line 447 function node5 thread 0
----------------------------------------------------
  p53_new = 0 (00000000)

State 150 file pals_floodmax.5.3.ufo.BOUNDED-10.pals.c line 450 function node5 thread 0
----------------------------------------------------
  p54_new = 0 (00000000)

State 151 file pals_floodmax.5.3.ufo.BOUNDED-10.pals.c line 2783 function main thread 0
----------------------------------------------------
  p12_old = 3 (00000011)

State 152 file pals_floodmax.5.3.ufo.BOUNDED-10.pals.c line 2785 function main thread 0
----------------------------------------------------
  p13_old = 3 (00000011)

State 153 file pals_floodmax.5.3.ufo.BOUNDED-10.pals.c line 2787 function main thread 0
----------------------------------------------------
  p14_old = 3 (00000011)

State 154 file pals_floodmax.5.3.ufo.BOUNDED-10.pals.c line 2789 function main thread 0
----------------------------------------------------
  p15_old = 3 (00000011)

State 155 file pals_floodmax.5.3.ufo.BOUNDED-10.pals.c line 2791 function main thread 0
----------------------------------------------------
  p21_old = 64 (01000000)

State 156 file pals_floodmax.5.3.ufo.BOUNDED-10.pals.c line 2793 function main thread 0
----------------------------------------------------
  p23_old = 64 (01000000)

State 157 file pals_floodmax.5.3.ufo.BOUNDED-10.pals.c line 2795 function main thread 0
----------------------------------------------------
  p24_old = 64 (01000000)

State 158 file pals_floodmax.5.3.ufo.BOUNDED-10.pals.c line 2797 function main thread 0
----------------------------------------------------
  p25_old = 64 (01000000)

State 159 file pals_floodmax.5.3.ufo.BOUNDED-10.pals.c line 2799 function main thread 0
----------------------------------------------------
  p31_old = 2 (00000010)

State 160 file pals_floodmax.5.3.ufo.BOUNDED-10.pals.c line 2801 function main thread 0
----------------------------------------------------
  p32_old = 2 (00000010)

State 161 file pals_floodmax.5.3.ufo.BOUNDED-10.pals.c line 2803 function main thread 0
----------------------------------------------------
  p34_old = 2 (00000010)

State 162 file pals_floodmax.5.3.ufo.BOUNDED-10.pals.c line 2805 function main thread 0
----------------------------------------------------
  p35_old = 2 (00000010)

State 163 file pals_floodmax.5.3.ufo.BOUNDED-10.pals.c line 2807 function main thread 0
----------------------------------------------------
  p41_old = 1 (00000001)

State 164 file pals_floodmax.5.3.ufo.BOUNDED-10.pals.c line 2809 function main thread 0
----------------------------------------------------
  p42_old = 1 (00000001)

State 165 file pals_floodmax.5.3.ufo.BOUNDED-10.pals.c line 2811 function main thread 0
----------------------------------------------------
  p43_old = 1 (00000001)

State 166 file pals_floodmax.5.3.ufo.BOUNDED-10.pals.c line 2813 function main thread 0
----------------------------------------------------
  p45_old = 1 (00000001)

State 167 file pals_floodmax.5.3.ufo.BOUNDED-10.pals.c line 2815 function main thread 0
----------------------------------------------------
  p51_old = 0 (00000000)

State 168 file pals_floodmax.5.3.ufo.BOUNDED-10.pals.c line 2817 function main thread 0
----------------------------------------------------
  p52_old = 0 (00000000)

State 169 file pals_floodmax.5.3.ufo.BOUNDED-10.pals.c line 2819 function main thread 0
----------------------------------------------------
  p53_old = 0 (00000000)

State 170 file pals_floodmax.5.3.ufo.BOUNDED-10.pals.c line 2821 function main thread 0
----------------------------------------------------
  p54_old = 0 (00000000)

State 171 file pals_floodmax.5.3.ufo.BOUNDED-10.pals.c line 149 function node1 thread 0
----------------------------------------------------
  r1 = 1 (00000001)

State 172 file pals_floodmax.5.3.ufo.BOUNDED-10.pals.c line 151 function node1 thread 0
----------------------------------------------------
  m1 = 64 (01000000)

State 173 file pals_floodmax.5.3.ufo.BOUNDED-10.pals.c line 154 function node1 thread 0
----------------------------------------------------
  max1 = 64 (01000000)

State 174 file pals_floodmax.5.3.ufo.BOUNDED-10.pals.c line 158 function node1 thread 0
----------------------------------------------------
  m1 = 2 (00000010)

State 175 file pals_floodmax.5.3.ufo.BOUNDED-10.pals.c line 165 function node1 thread 0
----------------------------------------------------
  m1 = 1 (00000001)

State 176 file pals_floodmax.5.3.ufo.BOUNDED-10.pals.c line 172 function node1 thread 0
----------------------------------------------------
  m1 = 0 (00000000)

State 177 file pals_floodmax.5.3.ufo.BOUNDED-10.pals.c line 212 function node2 thread 0
----------------------------------------------------
  r2 = 1 (00000001)

State 178 file pals_floodmax.5.3.ufo.BOUNDED-10.pals.c line 214 function node2 thread 0
----------------------------------------------------
  m2 = 3 (00000011)

State 179 file pals_floodmax.5.3.ufo.BOUNDED-10.pals.c line 221 function node2 thread 0
----------------------------------------------------
  m2 = 2 (00000010)

State 180 file pals_floodmax.5.3.ufo.BOUNDED-10.pals.c line 228 function node2 thread 0
----------------------------------------------------
  m2 = 1 (00000001)

State 181 file pals_floodmax.5.3.ufo.BOUNDED-10.pals.c line 235 function node2 thread 0
----------------------------------------------------
  m2 = 0 (00000000)

State 182 file pals_floodmax.5.3.ufo.BOUNDED-10.pals.c line 275 function node3 thread 0
----------------------------------------------------
  r3 = 1 (00000001)

State 183 file pals_floodmax.5.3.ufo.BOUNDED-10.pals.c line 277 function node3 thread 0
----------------------------------------------------
  m3 = 3 (00000011)

State 184 file pals_floodmax.5.3.ufo.BOUNDED-10.pals.c line 280 function node3 thread 0
----------------------------------------------------
  max3 = 3 (00000011)

State 185 file pals_floodmax.5.3.ufo.BOUNDED-10.pals.c line 284 function node3 thread 0
----------------------------------------------------
  m3 = 64 (01000000)

State 186 file pals_floodmax.5.3.ufo.BOUNDED-10.pals.c line 287 function node3 thread 0
----------------------------------------------------
  max3 = 64 (01000000)

State 187 file pals_floodmax.5.3.ufo.BOUNDED-10.pals.c line 291 function node3 thread 0
----------------------------------------------------
  m3 = 1 (00000001)

State 188 file pals_floodmax.5.3.ufo.BOUNDED-10.pals.c line 298 function node3 thread 0
----------------------------------------------------
  m3 = 0 (00000000)

State 189 file pals_floodmax.5.3.ufo.BOUNDED-10.pals.c line 338 function node4 thread 0
----------------------------------------------------
  r4 = 1 (00000001)

State 190 file pals_floodmax.5.3.ufo.BOUNDED-10.pals.c line 340 function node4 thread 0
----------------------------------------------------
  m4 = 3 (00000011)

State 191 file pals_floodmax.5.3.ufo.BOUNDED-10.pals.c line 343 function node4 thread 0
----------------------------------------------------
  max4 = 3 (00000011)

State 192 file pals_floodmax.5.3.ufo.BOUNDED-10.pals.c line 347 function node4 thread 0
----------------------------------------------------
  m4 = 64 (01000000)

State 193 file pals_floodmax.5.3.ufo.BOUNDED-10.pals.c line 350 function node4 thread 0
----------------------------------------------------
  max4 = 64 (01000000)

State 194 file pals_floodmax.5.3.ufo.BOUNDED-10.pals.c line 354 function node4 thread 0
----------------------------------------------------
  m4 = 2 (00000010)

State 195 file pals_floodmax.5.3.ufo.BOUNDED-10.pals.c line 361 function node4 thread 0
----------------------------------------------------
  m4 = 0 (00000000)

State 196 file pals_floodmax.5.3.ufo.BOUNDED-10.pals.c line 401 function node5 thread 0
----------------------------------------------------
  r5 = 1 (00000001)

State 197 file pals_floodmax.5.3.ufo.BOUNDED-10.pals.c line 403 function node5 thread 0
----------------------------------------------------
  m5 = 3 (00000011)

State 198 file pals_floodmax.5.3.ufo.BOUNDED-10.pals.c line 406 function node5 thread 0
----------------------------------------------------
  max5 = 3 (00000011)

State 199 file pals_floodmax.5.3.ufo.BOUNDED-10.pals.c line 410 function node5 thread 0
----------------------------------------------------
  m5 = 64 (01000000)

State 200 file pals_floodmax.5.3.ufo.BOUNDED-10.pals.c line 413 function node5 thread 0
----------------------------------------------------
  max5 = 64 (01000000)

State 201 file pals_floodmax.5.3.ufo.BOUNDED-10.pals.c line 417 function node5 thread 0
----------------------------------------------------
  m5 = 2 (00000010)

State 202 file pals_floodmax.5.3.ufo.BOUNDED-10.pals.c line 424 function node5 thread 0
----------------------------------------------------
  m5 = 1 (00000001)

State 203 file pals_floodmax.5.3.ufo.BOUNDED-10.pals.c line 2783 function main thread 0
----------------------------------------------------
  p12_old = -1 (11111111)

State 204 file pals_floodmax.5.3.ufo.BOUNDED-10.pals.c line 2785 function main thread 0
----------------------------------------------------
  p13_old = -1 (11111111)

State 205 file pals_floodmax.5.3.ufo.BOUNDED-10.pals.c line 2787 function main thread 0
----------------------------------------------------
  p14_old = -1 (11111111)

State 206 file pals_floodmax.5.3.ufo.BOUNDED-10.pals.c line 2789 function main thread 0
----------------------------------------------------
  p15_old = -1 (11111111)

State 207 file pals_floodmax.5.3.ufo.BOUNDED-10.pals.c line 2791 function main thread 0
----------------------------------------------------
  p21_old = -1 (11111111)

State 208 file pals_floodmax.5.3.ufo.BOUNDED-10.pals.c line 2793 function main thread 0
----------------------------------------------------
  p23_old = -1 (11111111)

State 209 file pals_floodmax.5.3.ufo.BOUNDED-10.pals.c line 2795 function main thread 0
----------------------------------------------------
  p24_old = -1 (11111111)

State 210 file pals_floodmax.5.3.ufo.BOUNDED-10.pals.c line 2797 function main thread 0
----------------------------------------------------
  p25_old = -1 (11111111)

State 211 file pals_floodmax.5.3.ufo.BOUNDED-10.pals.c line 2799 function main thread 0
----------------------------------------------------
  p31_old = -1 (11111111)

State 212 file pals_floodmax.5.3.ufo.BOUNDED-10.pals.c line 2801 function main thread 0
----------------------------------------------------
  p32_old = -1 (11111111)

State 213 file pals_floodmax.5.3.ufo.BOUNDED-10.pals.c line 2803 function main thread 0
----------------------------------------------------
  p34_old = -1 (11111111)

State 214 file pals_floodmax.5.3.ufo.BOUNDED-10.pals.c line 2805 function main thread 0
----------------------------------------------------
  p35_old = -1 (11111111)

State 215 file pals_floodmax.5.3.ufo.BOUNDED-10.pals.c line 2807 function main thread 0
----------------------------------------------------
  p41_old = -1 (11111111)

State 216 file pals_floodmax.5.3.ufo.BOUNDED-10.pals.c line 2809 function main thread 0
----------------------------------------------------
  p42_old = -1 (11111111)

State 217 file pals_floodmax.5.3.ufo.BOUNDED-10.pals.c line 2811 function main thread 0
----------------------------------------------------
  p43_old = -1 (11111111)

State 218 file pals_floodmax.5.3.ufo.BOUNDED-10.pals.c line 2813 function main thread 0
----------------------------------------------------
  p45_old = -1 (11111111)

State 219 file pals_floodmax.5.3.ufo.BOUNDED-10.pals.c line 2815 function main thread 0
----------------------------------------------------
  p51_old = -1 (11111111)

State 220 file pals_floodmax.5.3.ufo.BOUNDED-10.pals.c line 2817 function main thread 0
----------------------------------------------------
  p52_old = -1 (11111111)

State 221 file pals_floodmax.5.3.ufo.BOUNDED-10.pals.c line 2819 function main thread 0
----------------------------------------------------
  p53_old = -1 (11111111)

State 222 file pals_floodmax.5.3.ufo.BOUNDED-10.pals.c line 2821 function main thread 0
----------------------------------------------------
  p54_old = -1 (11111111)

State 223 file pals_floodmax.5.3.ufo.BOUNDED-10.pals.c line 189 function node1 thread 0
----------------------------------------------------
  p12_new = 64 (01000000)

State 224 file pals_floodmax.5.3.ufo.BOUNDED-10.pals.c line 192 function node1 thread 0
----------------------------------------------------
  p13_new = 64 (01000000)

State 225 file pals_floodmax.5.3.ufo.BOUNDED-10.pals.c line 195 function node1 thread 0
----------------------------------------------------
  p14_new = 64 (01000000)

State 226 file pals_floodmax.5.3.ufo.BOUNDED-10.pals.c line 198 function node1 thread 0
----------------------------------------------------
  p15_new = 64 (01000000)

State 227 file pals_floodmax.5.3.ufo.BOUNDED-10.pals.c line 252 function node2 thread 0
----------------------------------------------------
  p21_new = 64 (01000000)

State 228 file pals_floodmax.5.3.ufo.BOUNDED-10.pals.c line 255 function node2 thread 0
----------------------------------------------------
  p23_new = 64 (01000000)

State 229 file pals_floodmax.5.3.ufo.BOUNDED-10.pals.c line 258 function node2 thread 0
----------------------------------------------------
  p24_new = 64 (01000000)

State 230 file pals_floodmax.5.3.ufo.BOUNDED-10.pals.c line 261 function node2 thread 0
----------------------------------------------------
  p25_new = 64 (01000000)

State 231 file pals_floodmax.5.3.ufo.BOUNDED-10.pals.c line 315 function node3 thread 0
----------------------------------------------------
  p31_new = 64 (01000000)

State 232 file pals_floodmax.5.3.ufo.BOUNDED-10.pals.c line 318 function node3 thread 0
----------------------------------------------------
  p32_new = 64 (01000000)

State 233 file pals_floodmax.5.3.ufo.BOUNDED-10.pals.c line 321 function node3 thread 0
----------------------------------------------------
  p34_new = 64 (01000000)

State 234 file pals_floodmax.5.3.ufo.BOUNDED-10.pals.c line 324 function node3 thread 0
----------------------------------------------------
  p35_new = 64 (01000000)

State 235 file pals_floodmax.5.3.ufo.BOUNDED-10.pals.c line 378 function node4 thread 0
----------------------------------------------------
  p41_new = 64 (01000000)

State 236 file pals_floodmax.5.3.ufo.BOUNDED-10.pals.c line 381 function node4 thread 0
----------------------------------------------------
  p42_new = 64 (01000000)

State 237 file pals_floodmax.5.3.ufo.BOUNDED-10.pals.c line 384 function node4 thread 0
----------------------------------------------------
  p43_new = 64 (01000000)

State 238 file pals_floodmax.5.3.ufo.BOUNDED-10.pals.c line 387 function node4 thread 0
----------------------------------------------------
  p45_new = 64 (01000000)

State 239 file pals_floodmax.5.3.ufo.BOUNDED-10.pals.c line 441 function node5 thread 0
----------------------------------------------------
  p51_new = 64 (01000000)

State 240 file pals_floodmax.5.3.ufo.BOUNDED-10.pals.c line 444 function node5 thread 0
----------------------------------------------------
  p52_new = 64 (01000000)

State 241 file pals_floodmax.5.3.ufo.BOUNDED-10.pals.c line 447 function node5 thread 0
----------------------------------------------------
  p53_new = 64 (01000000)

State 242 file pals_floodmax.5.3.ufo.BOUNDED-10.pals.c line 450 function node5 thread 0
----------------------------------------------------
  p54_new = 64 (01000000)

State 243 file pals_floodmax.5.3.ufo.BOUNDED-10.pals.c line 2783 function main thread 0
----------------------------------------------------
  p12_old = 64 (01000000)

State 244 file pals_floodmax.5.3.ufo.BOUNDED-10.pals.c line 2785 function main thread 0
----------------------------------------------------
  p13_old = 64 (01000000)

State 245 file pals_floodmax.5.3.ufo.BOUNDED-10.pals.c line 2787 function main thread 0
----------------------------------------------------
  p14_old = 64 (01000000)

State 246 file pals_floodmax.5.3.ufo.BOUNDED-10.pals.c line 2789 function main thread 0
----------------------------------------------------
  p15_old = 64 (01000000)

State 247 file pals_floodmax.5.3.ufo.BOUNDED-10.pals.c line 2791 function main thread 0
----------------------------------------------------
  p21_old = 64 (01000000)

State 248 file pals_floodmax.5.3.ufo.BOUNDED-10.pals.c line 2793 function main thread 0
----------------------------------------------------
  p23_old = 64 (01000000)

State 249 file pals_floodmax.5.3.ufo.BOUNDED-10.pals.c line 2795 function main thread 0
----------------------------------------------------
  p24_old = 64 (01000000)

State 250 file pals_floodmax.5.3.ufo.BOUNDED-10.pals.c line 2797 function main thread 0
----------------------------------------------------
  p25_old = 64 (01000000)

State 251 file pals_floodmax.5.3.ufo.BOUNDED-10.pals.c line 2799 function main thread 0
----------------------------------------------------
  p31_old = 64 (01000000)

State 252 file pals_floodmax.5.3.ufo.BOUNDED-10.pals.c line 2801 function main thread 0
----------------------------------------------------
  p32_old = 64 (01000000)

State 253 file pals_floodmax.5.3.ufo.BOUNDED-10.pals.c line 2803 function main thread 0
----------------------------------------------------
  p34_old = 64 (01000000)

State 254 file pals_floodmax.5.3.ufo.BOUNDED-10.pals.c line 2805 function main thread 0
----------------------------------------------------
  p35_old = 64 (01000000)

State 255 file pals_floodmax.5.3.ufo.BOUNDED-10.pals.c line 2807 function main thread 0
----------------------------------------------------
  p41_old = 64 (01000000)

State 256 file pals_floodmax.5.3.ufo.BOUNDED-10.pals.c line 2809 function main thread 0
----------------------------------------------------
  p42_old = 64 (01000000)

State 257 file pals_floodmax.5.3.ufo.BOUNDED-10.pals.c line 2811 function main thread 0
----------------------------------------------------
  p43_old = 64 (01000000)

State 258 file pals_floodmax.5.3.ufo.BOUNDED-10.pals.c line 2813 function main thread 0
----------------------------------------------------
  p45_old = 64 (01000000)

State 259 file pals_floodmax.5.3.ufo.BOUNDED-10.pals.c line 2815 function main thread 0
----------------------------------------------------
  p51_old = 64 (01000000)

State 260 file pals_floodmax.5.3.ufo.BOUNDED-10.pals.c line 2817 function main thread 0
----------------------------------------------------
  p52_old = 64 (01000000)

State 261 file pals_floodmax.5.3.ufo.BOUNDED-10.pals.c line 2819 function main thread 0
----------------------------------------------------
  p53_old = 64 (01000000)

State 262 file pals_floodmax.5.3.ufo.BOUNDED-10.pals.c line 2821 function main thread 0
----------------------------------------------------
  p54_old = 64 (01000000)

State 263 file pals_floodmax.5.3.ufo.BOUNDED-10.pals.c line 149 function node1 thread 0
----------------------------------------------------
  r1 = 2 (00000010)

State 264 file pals_floodmax.5.3.ufo.BOUNDED-10.pals.c line 151 function node1 thread 0
----------------------------------------------------
  m1 = 64 (01000000)

State 265 file pals_floodmax.5.3.ufo.BOUNDED-10.pals.c line 158 function node1 thread 0
----------------------------------------------------
  m1 = 64 (01000000)

State 266 file pals_floodmax.5.3.ufo.BOUNDED-10.pals.c line 165 function node1 thread 0
----------------------------------------------------
  m1 = 64 (01000000)

State 267 file pals_floodmax.5.3.ufo.BOUNDED-10.pals.c line 172 function node1 thread 0
----------------------------------------------------
  m1 = 64 (01000000)

State 268 file pals_floodmax.5.3.ufo.BOUNDED-10.pals.c line 212 function node2 thread 0
----------------------------------------------------
  r2 = 2 (00000010)

State 269 file pals_floodmax.5.3.ufo.BOUNDED-10.pals.c line 214 function node2 thread 0
----------------------------------------------------
  m2 = 64 (01000000)

State 270 file pals_floodmax.5.3.ufo.BOUNDED-10.pals.c line 221 function node2 thread 0
----------------------------------------------------
  m2 = 64 (01000000)

State 271 file pals_floodmax.5.3.ufo.BOUNDED-10.pals.c line 228 function node2 thread 0
----------------------------------------------------
  m2 = 64 (01000000)

State 272 file pals_floodmax.5.3.ufo.BOUNDED-10.pals.c line 235 function node2 thread 0
----------------------------------------------------
  m2 = 64 (01000000)

State 273 file pals_floodmax.5.3.ufo.BOUNDED-10.pals.c line 275 function node3 thread 0
----------------------------------------------------
  r3 = 2 (00000010)

State 274 file pals_floodmax.5.3.ufo.BOUNDED-10.pals.c line 277 function node3 thread 0
----------------------------------------------------
  m3 = 64 (01000000)

State 275 file pals_floodmax.5.3.ufo.BOUNDED-10.pals.c line 284 function node3 thread 0
----------------------------------------------------
  m3 = 64 (01000000)

State 276 file pals_floodmax.5.3.ufo.BOUNDED-10.pals.c line 291 function node3 thread 0
----------------------------------------------------
  m3 = 64 (01000000)

State 277 file pals_floodmax.5.3.ufo.BOUNDED-10.pals.c line 298 function node3 thread 0
----------------------------------------------------
  m3 = 64 (01000000)

State 278 file pals_floodmax.5.3.ufo.BOUNDED-10.pals.c line 338 function node4 thread 0
----------------------------------------------------
  r4 = 2 (00000010)

State 279 file pals_floodmax.5.3.ufo.BOUNDED-10.pals.c line 340 function node4 thread 0
----------------------------------------------------
  m4 = 64 (01000000)

State 280 file pals_floodmax.5.3.ufo.BOUNDED-10.pals.c line 347 function node4 thread 0
----------------------------------------------------
  m4 = 64 (01000000)

State 281 file pals_floodmax.5.3.ufo.BOUNDED-10.pals.c line 354 function node4 thread 0
----------------------------------------------------
  m4 = 64 (01000000)

State 282 file pals_floodmax.5.3.ufo.BOUNDED-10.pals.c line 361 function node4 thread 0
----------------------------------------------------
  m4 = 64 (01000000)

State 283 file pals_floodmax.5.3.ufo.BOUNDED-10.pals.c line 401 function node5 thread 0
----------------------------------------------------
  r5 = 2 (00000010)

State 284 file pals_floodmax.5.3.ufo.BOUNDED-10.pals.c line 403 function node5 thread 0
----------------------------------------------------
  m5 = 64 (01000000)

State 285 file pals_floodmax.5.3.ufo.BOUNDED-10.pals.c line 410 function node5 thread 0
----------------------------------------------------
  m5 = 64 (01000000)

State 286 file pals_floodmax.5.3.ufo.BOUNDED-10.pals.c line 417 function node5 thread 0
----------------------------------------------------
  m5 = 64 (01000000)

State 287 file pals_floodmax.5.3.ufo.BOUNDED-10.pals.c line 424 function node5 thread 0
----------------------------------------------------
  m5 = 64 (01000000)

State 288 file pals_floodmax.5.3.ufo.BOUNDED-10.pals.c line 2783 function main thread 0
----------------------------------------------------
  p12_old = -1 (11111111)

State 289 file pals_floodmax.5.3.ufo.BOUNDED-10.pals.c line 2785 function main thread 0
----------------------------------------------------
  p13_old = -1 (11111111)

State 290 file pals_floodmax.5.3.ufo.BOUNDED-10.pals.c line 2787 function main thread 0
----------------------------------------------------
  p14_old = -1 (11111111)

State 291 file pals_floodmax.5.3.ufo.BOUNDED-10.pals.c line 2789 function main thread 0
----------------------------------------------------
  p15_old = -1 (11111111)

State 292 file pals_floodmax.5.3.ufo.BOUNDED-10.pals.c line 2791 function main thread 0
----------------------------------------------------
  p21_old = -1 (11111111)

State 293 file pals_floodmax.5.3.ufo.BOUNDED-10.pals.c line 2793 function main thread 0
----------------------------------------------------
  p23_old = -1 (11111111)

State 294 file pals_floodmax.5.3.ufo.BOUNDED-10.pals.c line 2795 function main thread 0
----------------------------------------------------
  p24_old = -1 (11111111)

State 295 file pals_floodmax.5.3.ufo.BOUNDED-10.pals.c line 2797 function main thread 0
----------------------------------------------------
  p25_old = -1 (11111111)

State 296 file pals_floodmax.5.3.ufo.BOUNDED-10.pals.c line 2799 function main thread 0
----------------------------------------------------
  p31_old = -1 (11111111)

State 297 file pals_floodmax.5.3.ufo.BOUNDED-10.pals.c line 2801 function main thread 0
----------------------------------------------------
  p32_old = -1 (11111111)

State 298 file pals_floodmax.5.3.ufo.BOUNDED-10.pals.c line 2803 function main thread 0
----------------------------------------------------
  p34_old = -1 (11111111)

State 299 file pals_floodmax.5.3.ufo.BOUNDED-10.pals.c line 2805 function main thread 0
----------------------------------------------------
  p35_old = -1 (11111111)

State 300 file pals_floodmax.5.3.ufo.BOUNDED-10.pals.c line 2807 function main thread 0
----------------------------------------------------
  p41_old = -1 (11111111)

State 301 file pals_floodmax.5.3.ufo.BOUNDED-10.pals.c line 2809 function main thread 0
----------------------------------------------------
  p42_old = -1 (11111111)

State 302 file pals_floodmax.5.3.ufo.BOUNDED-10.pals.c line 2811 function main thread 0
----------------------------------------------------
  p43_old = -1 (11111111)

State 303 file pals_floodmax.5.3.ufo.BOUNDED-10.pals.c line 2813 function main thread 0
----------------------------------------------------
  p45_old = -1 (11111111)

State 304 file pals_floodmax.5.3.ufo.BOUNDED-10.pals.c line 2815 function main thread 0
----------------------------------------------------
  p51_old = -1 (11111111)

State 305 file pals_floodmax.5.3.ufo.BOUNDED-10.pals.c line 2817 function main thread 0
----------------------------------------------------
  p52_old = -1 (11111111)

State 306 file pals_floodmax.5.3.ufo.BOUNDED-10.pals.c line 2819 function main thread 0
----------------------------------------------------
  p53_old = -1 (11111111)

State 307 file pals_floodmax.5.3.ufo.BOUNDED-10.pals.c line 2821 function main thread 0
----------------------------------------------------
  p54_old = -1 (11111111)

State 308 file pals_floodmax.5.3.ufo.BOUNDED-10.pals.c line 189 function node1 thread 0
----------------------------------------------------
  p12_new = 64 (01000000)

State 309 file pals_floodmax.5.3.ufo.BOUNDED-10.pals.c line 192 function node1 thread 0
----------------------------------------------------
  p13_new = 64 (01000000)

State 310 file pals_floodmax.5.3.ufo.BOUNDED-10.pals.c line 195 function node1 thread 0
----------------------------------------------------
  p14_new = 64 (01000000)

State 311 file pals_floodmax.5.3.ufo.BOUNDED-10.pals.c line 198 function node1 thread 0
----------------------------------------------------
  p15_new = 64 (01000000)

State 312 file pals_floodmax.5.3.ufo.BOUNDED-10.pals.c line 252 function node2 thread 0
----------------------------------------------------
  p21_new = 64 (01000000)

State 313 file pals_floodmax.5.3.ufo.BOUNDED-10.pals.c line 255 function node2 thread 0
----------------------------------------------------
  p23_new = 64 (01000000)

State 314 file pals_floodmax.5.3.ufo.BOUNDED-10.pals.c line 258 function node2 thread 0
----------------------------------------------------
  p24_new = 64 (01000000)

State 315 file pals_floodmax.5.3.ufo.BOUNDED-10.pals.c line 261 function node2 thread 0
----------------------------------------------------
  p25_new = 64 (01000000)

State 316 file pals_floodmax.5.3.ufo.BOUNDED-10.pals.c line 315 function node3 thread 0
----------------------------------------------------
  p31_new = 64 (01000000)

State 317 file pals_floodmax.5.3.ufo.BOUNDED-10.pals.c line 318 function node3 thread 0
----------------------------------------------------
  p32_new = 64 (01000000)

State 318 file pals_floodmax.5.3.ufo.BOUNDED-10.pals.c line 321 function node3 thread 0
----------------------------------------------------
  p34_new = 64 (01000000)

State 319 file pals_floodmax.5.3.ufo.BOUNDED-10.pals.c line 324 function node3 thread 0
----------------------------------------------------
  p35_new = 64 (01000000)

State 320 file pals_floodmax.5.3.ufo.BOUNDED-10.pals.c line 378 function node4 thread 0
----------------------------------------------------
  p41_new = 64 (01000000)

State 321 file pals_floodmax.5.3.ufo.BOUNDED-10.pals.c line 381 function node4 thread 0
----------------------------------------------------
  p42_new = 64 (01000000)

State 322 file pals_floodmax.5.3.ufo.BOUNDED-10.pals.c line 384 function node4 thread 0
----------------------------------------------------
  p43_new = 64 (01000000)

State 323 file pals_floodmax.5.3.ufo.BOUNDED-10.pals.c line 387 function node4 thread 0
----------------------------------------------------
  p45_new = 64 (01000000)

State 324 file pals_floodmax.5.3.ufo.BOUNDED-10.pals.c line 441 function node5 thread 0
----------------------------------------------------
  p51_new = 64 (01000000)

State 325 file pals_floodmax.5.3.ufo.BOUNDED-10.pals.c line 444 function node5 thread 0
----------------------------------------------------
  p52_new = 64 (01000000)

State 326 file pals_floodmax.5.3.ufo.BOUNDED-10.pals.c line 447 function node5 thread 0
----------------------------------------------------
  p53_new = 64 (01000000)

State 327 file pals_floodmax.5.3.ufo.BOUNDED-10.pals.c line 450 function node5 thread 0
----------------------------------------------------
  p54_new = 64 (01000000)

State 328 file pals_floodmax.5.3.ufo.BOUNDED-10.pals.c line 2783 function main thread 0
----------------------------------------------------
  p12_old = 64 (01000000)

State 329 file pals_floodmax.5.3.ufo.BOUNDED-10.pals.c line 2785 function main thread 0
----------------------------------------------------
  p13_old = 64 (01000000)

State 330 file pals_floodmax.5.3.ufo.BOUNDED-10.pals.c line 2787 function main thread 0
----------------------------------------------------
  p14_old = 64 (01000000)

State 331 file pals_floodmax.5.3.ufo.BOUNDED-10.pals.c line 2789 function main thread 0
----------------------------------------------------
  p15_old = 64 (01000000)

State 332 file pals_floodmax.5.3.ufo.BOUNDED-10.pals.c line 2791 function main thread 0
----------------------------------------------------
  p21_old = 64 (01000000)

State 333 file pals_floodmax.5.3.ufo.BOUNDED-10.pals.c line 2793 function main thread 0
----------------------------------------------------
  p23_old = 64 (01000000)

State 334 file pals_floodmax.5.3.ufo.BOUNDED-10.pals.c line 2795 function main thread 0
----------------------------------------------------
  p24_old = 64 (01000000)

State 335 file pals_floodmax.5.3.ufo.BOUNDED-10.pals.c line 2797 function main thread 0
----------------------------------------------------
  p25_old = 64 (01000000)

State 336 file pals_floodmax.5.3.ufo.BOUNDED-10.pals.c line 2799 function main thread 0
----------------------------------------------------
  p31_old = 64 (01000000)

State 337 file pals_floodmax.5.3.ufo.BOUNDED-10.pals.c line 2801 function main thread 0
----------------------------------------------------
  p32_old = 64 (01000000)

State 338 file pals_floodmax.5.3.ufo.BOUNDED-10.pals.c line 2803 function main thread 0
----------------------------------------------------
  p34_old = 64 (01000000)

State 339 file pals_floodmax.5.3.ufo.BOUNDED-10.pals.c line 2805 function main thread 0
----------------------------------------------------
  p35_old = 64 (01000000)

State 340 file pals_floodmax.5.3.ufo.BOUNDED-10.pals.c line 2807 function main thread 0
----------------------------------------------------
  p41_old = 64 (01000000)

State 341 file pals_floodmax.5.3.ufo.BOUNDED-10.pals.c line 2809 function main thread 0
----------------------------------------------------
  p42_old = 64 (01000000)

State 342 file pals_floodmax.5.3.ufo.BOUNDED-10.pals.c line 2811 function main thread 0
----------------------------------------------------
  p43_old = 64 (01000000)

State 343 file pals_floodmax.5.3.ufo.BOUNDED-10.pals.c line 2813 function main thread 0
----------------------------------------------------
  p45_old = 64 (01000000)

State 344 file pals_floodmax.5.3.ufo.BOUNDED-10.pals.c line 2815 function main thread 0
----------------------------------------------------
  p51_old = 64 (01000000)

State 345 file pals_floodmax.5.3.ufo.BOUNDED-10.pals.c line 2817 function main thread 0
----------------------------------------------------
  p52_old = 64 (01000000)

State 346 file pals_floodmax.5.3.ufo.BOUNDED-10.pals.c line 2819 function main thread 0
----------------------------------------------------
  p53_old = 64 (01000000)

State 347 file pals_floodmax.5.3.ufo.BOUNDED-10.pals.c line 2821 function main thread 0
----------------------------------------------------
  p54_old = 64 (01000000)

State 348 file pals_floodmax.5.3.ufo.BOUNDED-10.pals.c line 149 function node1 thread 0
----------------------------------------------------
  r1 = 3 (00000011)

State 349 file pals_floodmax.5.3.ufo.BOUNDED-10.pals.c line 151 function node1 thread 0
----------------------------------------------------
  m1 = 64 (01000000)

State 350 file pals_floodmax.5.3.ufo.BOUNDED-10.pals.c line 158 function node1 thread 0
----------------------------------------------------
  m1 = 64 (01000000)

State 351 file pals_floodmax.5.3.ufo.BOUNDED-10.pals.c line 165 function node1 thread 0
----------------------------------------------------
  m1 = 64 (01000000)

State 352 file pals_floodmax.5.3.ufo.BOUNDED-10.pals.c line 172 function node1 thread 0
----------------------------------------------------
  m1 = 64 (01000000)

State 353 file pals_floodmax.5.3.ufo.BOUNDED-10.pals.c line 212 function node2 thread 0
----------------------------------------------------
  r2 = 3 (00000011)

State 354 file pals_floodmax.5.3.ufo.BOUNDED-10.pals.c line 214 function node2 thread 0
----------------------------------------------------
  m2 = 64 (01000000)

State 355 file pals_floodmax.5.3.ufo.BOUNDED-10.pals.c line 221 function node2 thread 0
----------------------------------------------------
  m2 = 64 (01000000)

State 356 file pals_floodmax.5.3.ufo.BOUNDED-10.pals.c line 228 function node2 thread 0
----------------------------------------------------
  m2 = 64 (01000000)

State 357 file pals_floodmax.5.3.ufo.BOUNDED-10.pals.c line 235 function node2 thread 0
----------------------------------------------------
  m2 = 64 (01000000)

State 358 file pals_floodmax.5.3.ufo.BOUNDED-10.pals.c line 275 function node3 thread 0
----------------------------------------------------
  r3 = 3 (00000011)

State 359 file pals_floodmax.5.3.ufo.BOUNDED-10.pals.c line 277 function node3 thread 0
----------------------------------------------------
  m3 = 64 (01000000)

State 360 file pals_floodmax.5.3.ufo.BOUNDED-10.pals.c line 284 function node3 thread 0
----------------------------------------------------
  m3 = 64 (01000000)

State 361 file pals_floodmax.5.3.ufo.BOUNDED-10.pals.c line 291 function node3 thread 0
----------------------------------------------------
  m3 = 64 (01000000)

State 362 file pals_floodmax.5.3.ufo.BOUNDED-10.pals.c line 298 function node3 thread 0
----------------------------------------------------
  m3 = 64 (01000000)

State 363 file pals_floodmax.5.3.ufo.BOUNDED-10.pals.c line 338 function node4 thread 0
----------------------------------------------------
  r4 = 3 (00000011)

State 364 file pals_floodmax.5.3.ufo.BOUNDED-10.pals.c line 340 function node4 thread 0
----------------------------------------------------
  m4 = 64 (01000000)

State 365 file pals_floodmax.5.3.ufo.BOUNDED-10.pals.c line 347 function node4 thread 0
----------------------------------------------------
  m4 = 64 (01000000)

State 366 file pals_floodmax.5.3.ufo.BOUNDED-10.pals.c line 354 function node4 thread 0
----------------------------------------------------
  m4 = 64 (01000000)

State 367 file pals_floodmax.5.3.ufo.BOUNDED-10.pals.c line 361 function node4 thread 0
----------------------------------------------------
  m4 = 64 (01000000)

State 368 file pals_floodmax.5.3.ufo.BOUNDED-10.pals.c line 401 function node5 thread 0
----------------------------------------------------
  r5 = 3 (00000011)

State 369 file pals_floodmax.5.3.ufo.BOUNDED-10.pals.c line 403 function node5 thread 0
----------------------------------------------------
  m5 = 64 (01000000)

State 370 file pals_floodmax.5.3.ufo.BOUNDED-10.pals.c line 410 function node5 thread 0
----------------------------------------------------
  m5 = 64 (01000000)

State 371 file pals_floodmax.5.3.ufo.BOUNDED-10.pals.c line 417 function node5 thread 0
----------------------------------------------------
  m5 = 64 (01000000)

State 372 file pals_floodmax.5.3.ufo.BOUNDED-10.pals.c line 424 function node5 thread 0
----------------------------------------------------
  m5 = 64 (01000000)

State 373 file pals_floodmax.5.3.ufo.BOUNDED-10.pals.c line 2783 function main thread 0
----------------------------------------------------
  p12_old = -1 (11111111)

State 374 file pals_floodmax.5.3.ufo.BOUNDED-10.pals.c line 2785 function main thread 0
----------------------------------------------------
  p13_old = -1 (11111111)

State 375 file pals_floodmax.5.3.ufo.BOUNDED-10.pals.c line 2787 function main thread 0
----------------------------------------------------
  p14_old = -1 (11111111)

State 376 file pals_floodmax.5.3.ufo.BOUNDED-10.pals.c line 2789 function main thread 0
----------------------------------------------------
  p15_old = -1 (11111111)

State 377 file pals_floodmax.5.3.ufo.BOUNDED-10.pals.c line 2791 function main thread 0
----------------------------------------------------
  p21_old = -1 (11111111)

State 378 file pals_floodmax.5.3.ufo.BOUNDED-10.pals.c line 2793 function main thread 0
----------------------------------------------------
  p23_old = -1 (11111111)

State 379 file pals_floodmax.5.3.ufo.BOUNDED-10.pals.c line 2795 function main thread 0
----------------------------------------------------
  p24_old = -1 (11111111)

State 380 file pals_floodmax.5.3.ufo.BOUNDED-10.pals.c line 2797 function main thread 0
----------------------------------------------------
  p25_old = -1 (11111111)

State 381 file pals_floodmax.5.3.ufo.BOUNDED-10.pals.c line 2799 function main thread 0
----------------------------------------------------
  p31_old = -1 (11111111)

State 382 file pals_floodmax.5.3.ufo.BOUNDED-10.pals.c line 2801 function main thread 0
----------------------------------------------------
  p32_old = -1 (11111111)

State 383 file pals_floodmax.5.3.ufo.BOUNDED-10.pals.c line 2803 function main thread 0
----------------------------------------------------
  p34_old = -1 (11111111)

State 384 file pals_floodmax.5.3.ufo.BOUNDED-10.pals.c line 2805 function main thread 0
----------------------------------------------------
  p35_old = -1 (11111111)

State 385 file pals_floodmax.5.3.ufo.BOUNDED-10.pals.c line 2807 function main thread 0
----------------------------------------------------
  p41_old = -1 (11111111)

State 386 file pals_floodmax.5.3.ufo.BOUNDED-10.pals.c line 2809 function main thread 0
----------------------------------------------------
  p42_old = -1 (11111111)

State 387 file pals_floodmax.5.3.ufo.BOUNDED-10.pals.c line 2811 function main thread 0
----------------------------------------------------
  p43_old = -1 (11111111)

State 388 file pals_floodmax.5.3.ufo.BOUNDED-10.pals.c line 2813 function main thread 0
----------------------------------------------------
  p45_old = -1 (11111111)

State 389 file pals_floodmax.5.3.ufo.BOUNDED-10.pals.c line 2815 function main thread 0
----------------------------------------------------
  p51_old = -1 (11111111)

State 390 file pals_floodmax.5.3.ufo.BOUNDED-10.pals.c line 2817 function main thread 0
----------------------------------------------------
  p52_old = -1 (11111111)

State 391 file pals_floodmax.5.3.ufo.BOUNDED-10.pals.c line 2819 function main thread 0
----------------------------------------------------
  p53_old = -1 (11111111)

State 392 file pals_floodmax.5.3.ufo.BOUNDED-10.pals.c line 2821 function main thread 0
----------------------------------------------------
  p54_old = -1 (11111111)

State 393 file pals_floodmax.5.3.ufo.BOUNDED-10.pals.c line 189 function node1 thread 0
----------------------------------------------------
  p12_new = 64 (01000000)

State 394 file pals_floodmax.5.3.ufo.BOUNDED-10.pals.c line 192 function node1 thread 0
----------------------------------------------------
  p13_new = 64 (01000000)

State 395 file pals_floodmax.5.3.ufo.BOUNDED-10.pals.c line 195 function node1 thread 0
----------------------------------------------------
  p14_new = 64 (01000000)

State 396 file pals_floodmax.5.3.ufo.BOUNDED-10.pals.c line 198 function node1 thread 0
----------------------------------------------------
  p15_new = 64 (01000000)

State 397 file pals_floodmax.5.3.ufo.BOUNDED-10.pals.c line 252 function node2 thread 0
----------------------------------------------------
  p21_new = 64 (01000000)

State 398 file pals_floodmax.5.3.ufo.BOUNDED-10.pals.c line 255 function node2 thread 0
----------------------------------------------------
  p23_new = 64 (01000000)

State 399 file pals_floodmax.5.3.ufo.BOUNDED-10.pals.c line 258 function node2 thread 0
----------------------------------------------------
  p24_new = 64 (01000000)

State 400 file pals_floodmax.5.3.ufo.BOUNDED-10.pals.c line 261 function node2 thread 0
----------------------------------------------------
  p25_new = 64 (01000000)

State 401 file pals_floodmax.5.3.ufo.BOUNDED-10.pals.c line 315 function node3 thread 0
----------------------------------------------------
  p31_new = 64 (01000000)

State 402 file pals_floodmax.5.3.ufo.BOUNDED-10.pals.c line 318 function node3 thread 0
----------------------------------------------------
  p32_new = 64 (01000000)

State 403 file pals_floodmax.5.3.ufo.BOUNDED-10.pals.c line 321 function node3 thread 0
----------------------------------------------------
  p34_new = 64 (01000000)

State 404 file pals_floodmax.5.3.ufo.BOUNDED-10.pals.c line 324 function node3 thread 0
----------------------------------------------------
  p35_new = 64 (01000000)

State 405 file pals_floodmax.5.3.ufo.BOUNDED-10.pals.c line 378 function node4 thread 0
----------------------------------------------------
  p41_new = 64 (01000000)

State 406 file pals_floodmax.5.3.ufo.BOUNDED-10.pals.c line 381 function node4 thread 0
----------------------------------------------------
  p42_new = 64 (01000000)

State 407 file pals_floodmax.5.3.ufo.BOUNDED-10.pals.c line 384 function node4 thread 0
----------------------------------------------------
  p43_new = 64 (01000000)

State 408 file pals_floodmax.5.3.ufo.BOUNDED-10.pals.c line 387 function node4 thread 0
----------------------------------------------------
  p45_new = 64 (01000000)

State 409 file pals_floodmax.5.3.ufo.BOUNDED-10.pals.c line 441 function node5 thread 0
----------------------------------------------------
  p51_new = 64 (01000000)

State 410 file pals_floodmax.5.3.ufo.BOUNDED-10.pals.c line 444 function node5 thread 0
----------------------------------------------------
  p52_new = 64 (01000000)

State 411 file pals_floodmax.5.3.ufo.BOUNDED-10.pals.c line 447 function node5 thread 0
----------------------------------------------------
  p53_new = 64 (01000000)

State 412 file pals_floodmax.5.3.ufo.BOUNDED-10.pals.c line 450 function node5 thread 0
----------------------------------------------------
  p54_new = 64 (01000000)

State 413 file pals_floodmax.5.3.ufo.BOUNDED-10.pals.c line 2783 function main thread 0
----------------------------------------------------
  p12_old = 64 (01000000)

State 414 file pals_floodmax.5.3.ufo.BOUNDED-10.pals.c line 2785 function main thread 0
----------------------------------------------------
  p13_old = 64 (01000000)

State 415 file pals_floodmax.5.3.ufo.BOUNDED-10.pals.c line 2787 function main thread 0
----------------------------------------------------
  p14_old = 64 (01000000)

State 416 file pals_floodmax.5.3.ufo.BOUNDED-10.pals.c line 2789 function main thread 0
----------------------------------------------------
  p15_old = 64 (01000000)

State 417 file pals_floodmax.5.3.ufo.BOUNDED-10.pals.c line 2791 function main thread 0
----------------------------------------------------
  p21_old = 64 (01000000)

State 418 file pals_floodmax.5.3.ufo.BOUNDED-10.pals.c line 2793 function main thread 0
----------------------------------------------------
  p23_old = 64 (01000000)

State 419 file pals_floodmax.5.3.ufo.BOUNDED-10.pals.c line 2795 function main thread 0
----------------------------------------------------
  p24_old = 64 (01000000)

State 420 file pals_floodmax.5.3.ufo.BOUNDED-10.pals.c line 2797 function main thread 0
----------------------------------------------------
  p25_old = 64 (01000000)

State 421 file pals_floodmax.5.3.ufo.BOUNDED-10.pals.c line 2799 function main thread 0
----------------------------------------------------
  p31_old = 64 (01000000)

State 422 file pals_floodmax.5.3.ufo.BOUNDED-10.pals.c line 2801 function main thread 0
----------------------------------------------------
  p32_old = 64 (01000000)

State 423 file pals_floodmax.5.3.ufo.BOUNDED-10.pals.c line 2803 function main thread 0
----------------------------------------------------
  p34_old = 64 (01000000)

State 424 file pals_floodmax.5.3.ufo.BOUNDED-10.pals.c line 2805 function main thread 0
----------------------------------------------------
  p35_old = 64 (01000000)

State 425 file pals_floodmax.5.3.ufo.BOUNDED-10.pals.c line 2807 function main thread 0
----------------------------------------------------
  p41_old = 64 (01000000)

State 426 file pals_floodmax.5.3.ufo.BOUNDED-10.pals.c line 2809 function main thread 0
----------------------------------------------------
  p42_old = 64 (01000000)

State 427 file pals_floodmax.5.3.ufo.BOUNDED-10.pals.c line 2811 function main thread 0
----------------------------------------------------
  p43_old = 64 (01000000)

State 428 file pals_floodmax.5.3.ufo.BOUNDED-10.pals.c line 2813 function main thread 0
----------------------------------------------------
  p45_old = 64 (01000000)

State 429 file pals_floodmax.5.3.ufo.BOUNDED-10.pals.c line 2815 function main thread 0
----------------------------------------------------
  p51_old = 64 (01000000)

State 430 file pals_floodmax.5.3.ufo.BOUNDED-10.pals.c line 2817 function main thread 0
----------------------------------------------------
  p52_old = 64 (01000000)

State 431 file pals_floodmax.5.3.ufo.BOUNDED-10.pals.c line 2819 function main thread 0
----------------------------------------------------
  p53_old = 64 (01000000)

State 432 file pals_floodmax.5.3.ufo.BOUNDED-10.pals.c line 2821 function main thread 0
----------------------------------------------------
  p54_old = 64 (01000000)

State 433 file pals_floodmax.5.3.ufo.BOUNDED-10.pals.c line 149 function node1 thread 0
----------------------------------------------------
  r1 = 4 (00000100)

State 434 file pals_floodmax.5.3.ufo.BOUNDED-10.pals.c line 151 function node1 thread 0
----------------------------------------------------
  m1 = 64 (01000000)

State 435 file pals_floodmax.5.3.ufo.BOUNDED-10.pals.c line 158 function node1 thread 0
----------------------------------------------------
  m1 = 64 (01000000)

State 436 file pals_floodmax.5.3.ufo.BOUNDED-10.pals.c line 165 function node1 thread 0
----------------------------------------------------
  m1 = 64 (01000000)

State 437 file pals_floodmax.5.3.ufo.BOUNDED-10.pals.c line 172 function node1 thread 0
----------------------------------------------------
  m1 = 64 (01000000)

State 438 file pals_floodmax.5.3.ufo.BOUNDED-10.pals.c line 212 function node2 thread 0
----------------------------------------------------
  r2 = 4 (00000100)

State 439 file pals_floodmax.5.3.ufo.BOUNDED-10.pals.c line 214 function node2 thread 0
----------------------------------------------------
  m2 = 64 (01000000)

State 440 file pals_floodmax.5.3.ufo.BOUNDED-10.pals.c line 221 function node2 thread 0
----------------------------------------------------
  m2 = 64 (01000000)

State 441 file pals_floodmax.5.3.ufo.BOUNDED-10.pals.c line 228 function node2 thread 0
----------------------------------------------------
  m2 = 64 (01000000)

State 442 file pals_floodmax.5.3.ufo.BOUNDED-10.pals.c line 235 function node2 thread 0
----------------------------------------------------
  m2 = 64 (01000000)

State 443 file pals_floodmax.5.3.ufo.BOUNDED-10.pals.c line 275 function node3 thread 0
----------------------------------------------------
  r3 = 4 (00000100)

State 444 file pals_floodmax.5.3.ufo.BOUNDED-10.pals.c line 277 function node3 thread 0
----------------------------------------------------
  m3 = 64 (01000000)

State 445 file pals_floodmax.5.3.ufo.BOUNDED-10.pals.c line 284 function node3 thread 0
----------------------------------------------------
  m3 = 64 (01000000)

State 446 file pals_floodmax.5.3.ufo.BOUNDED-10.pals.c line 291 function node3 thread 0
----------------------------------------------------
  m3 = 64 (01000000)

State 447 file pals_floodmax.5.3.ufo.BOUNDED-10.pals.c line 298 function node3 thread 0
----------------------------------------------------
  m3 = 64 (01000000)

State 448 file pals_floodmax.5.3.ufo.BOUNDED-10.pals.c line 338 function node4 thread 0
----------------------------------------------------
  r4 = 4 (00000100)

State 449 file pals_floodmax.5.3.ufo.BOUNDED-10.pals.c line 340 function node4 thread 0
----------------------------------------------------
  m4 = 64 (01000000)

State 450 file pals_floodmax.5.3.ufo.BOUNDED-10.pals.c line 347 function node4 thread 0
----------------------------------------------------
  m4 = 64 (01000000)

State 451 file pals_floodmax.5.3.ufo.BOUNDED-10.pals.c line 354 function node4 thread 0
----------------------------------------------------
  m4 = 64 (01000000)

State 452 file pals_floodmax.5.3.ufo.BOUNDED-10.pals.c line 361 function node4 thread 0
----------------------------------------------------
  m4 = 64 (01000000)

State 453 file pals_floodmax.5.3.ufo.BOUNDED-10.pals.c line 401 function node5 thread 0
----------------------------------------------------
  r5 = 4 (00000100)

State 454 file pals_floodmax.5.3.ufo.BOUNDED-10.pals.c line 403 function node5 thread 0
----------------------------------------------------
  m5 = 64 (01000000)

State 455 file pals_floodmax.5.3.ufo.BOUNDED-10.pals.c line 410 function node5 thread 0
----------------------------------------------------
  m5 = 64 (01000000)

State 456 file pals_floodmax.5.3.ufo.BOUNDED-10.pals.c line 417 function node5 thread 0
----------------------------------------------------
  m5 = 64 (01000000)

State 457 file pals_floodmax.5.3.ufo.BOUNDED-10.pals.c line 424 function node5 thread 0
----------------------------------------------------
  m5 = 64 (01000000)

State 458 file pals_floodmax.5.3.ufo.BOUNDED-10.pals.c line 2783 function main thread 0
----------------------------------------------------
  p12_old = -1 (11111111)

State 459 file pals_floodmax.5.3.ufo.BOUNDED-10.pals.c line 2785 function main thread 0
----------------------------------------------------
  p13_old = -1 (11111111)

State 460 file pals_floodmax.5.3.ufo.BOUNDED-10.pals.c line 2787 function main thread 0
----------------------------------------------------
  p14_old = -1 (11111111)

State 461 file pals_floodmax.5.3.ufo.BOUNDED-10.pals.c line 2789 function main thread 0
----------------------------------------------------
  p15_old = -1 (11111111)

State 462 file pals_floodmax.5.3.ufo.BOUNDED-10.pals.c line 2791 function main thread 0
----------------------------------------------------
  p21_old = -1 (11111111)

State 463 file pals_floodmax.5.3.ufo.BOUNDED-10.pals.c line 2793 function main thread 0
----------------------------------------------------
  p23_old = -1 (11111111)

State 464 file pals_floodmax.5.3.ufo.BOUNDED-10.pals.c line 2795 function main thread 0
----------------------------------------------------
  p24_old = -1 (11111111)

State 465 file pals_floodmax.5.3.ufo.BOUNDED-10.pals.c line 2797 function main thread 0
----------------------------------------------------
  p25_old = -1 (11111111)

State 466 file pals_floodmax.5.3.ufo.BOUNDED-10.pals.c line 2799 function main thread 0
----------------------------------------------------
  p31_old = -1 (11111111)

State 467 file pals_floodmax.5.3.ufo.BOUNDED-10.pals.c line 2801 function main thread 0
----------------------------------------------------
  p32_old = -1 (11111111)

State 468 file pals_floodmax.5.3.ufo.BOUNDED-10.pals.c line 2803 function main thread 0
----------------------------------------------------
  p34_old = -1 (11111111)

State 469 file pals_floodmax.5.3.ufo.BOUNDED-10.pals.c line 2805 function main thread 0
----------------------------------------------------
  p35_old = -1 (11111111)

State 470 file pals_floodmax.5.3.ufo.BOUNDED-10.pals.c line 2807 function main thread 0
----------------------------------------------------
  p41_old = -1 (11111111)

State 471 file pals_floodmax.5.3.ufo.BOUNDED-10.pals.c line 2809 function main thread 0
----------------------------------------------------
  p42_old = -1 (11111111)

State 472 file pals_floodmax.5.3.ufo.BOUNDED-10.pals.c line 2811 function main thread 0
----------------------------------------------------
  p43_old = -1 (11111111)

State 473 file pals_floodmax.5.3.ufo.BOUNDED-10.pals.c line 2813 function main thread 0
----------------------------------------------------
  p45_old = -1 (11111111)

State 474 file pals_floodmax.5.3.ufo.BOUNDED-10.pals.c line 2815 function main thread 0
----------------------------------------------------
  p51_old = -1 (11111111)

State 475 file pals_floodmax.5.3.ufo.BOUNDED-10.pals.c line 2817 function main thread 0
----------------------------------------------------
  p52_old = -1 (11111111)

State 476 file pals_floodmax.5.3.ufo.BOUNDED-10.pals.c line 2819 function main thread 0
----------------------------------------------------
  p53_old = -1 (11111111)

State 477 file pals_floodmax.5.3.ufo.BOUNDED-10.pals.c line 2821 function main thread 0
----------------------------------------------------
  p54_old = -1 (11111111)

State 478 file pals_floodmax.5.3.ufo.BOUNDED-10.pals.c line 3 function reach_error thread 0
----------------------------------------------------
Violated property:
  file pals_floodmax.5.3.ufo.BOUNDED-10.pals.c line 3 function reach_error
  assertion 0
  0


VERIFICATION FAILED

Bug found (k = 1)


FALSE_REACH
