./esbmc-wrapper.py -p ../sv-benchmarks/c/properties/unreach-call.prp -s kinduction --arch 32 ../sv-benchmarks/c/nla-digbench-scaling/cohencu-ll_unwindbound2.c


--------------------------------------------------------------------------------


Verifying with ESBMC
Command: ./esbmc --no-div-by-zero-check --force-malloc-success --state-hashing --add-symex-value-sets --no-align-check --k-step 5 --floatbv --unlimited-k-steps ../sv-benchmarks/c/nla-digbench-scaling/cohencu-ll_unwindbound2.c --32 --witness-output cohencu-ll_unwindbound2.c.graphml --no-pointer-check --no-bounds-check --interval-analysis --goto-unwind --unlimited-goto-unwind --k-induction --max-inductive-step 3 
ESBMC version 6.8.0 64-bit x86_64 linux
Target: 32-bit little-endian x86_64-unknown-linux with esbmc libc
file ../sv-benchmarks/c/nla-digbench-scaling/cohencu-ll_unwindbound2.c: Parsing
Converting
Generating GOTO Program
GOTO program creation time: 0.144s
GOTO program processing time: 0.002s
*** Checking base case, k = 1
Starting Bounded Model Checking
Not unwinding 
Symex completed in: 0.002s (42 assignments)
Slicing time: 0.000s (removed 34 assignments)
Generated 1 VCC(s), 1 remaining after simplification (8 assignments)
No solver specified; defaulting to Boolector
Encoding remaining VCC(s) using bit-vector/floating-point arithmetic
Encoding to solver time: 0.001s
Solving with solver Boolector 3.2.2
Encoding to solver time: 0.001s
Runtime decision procedure: 0.001s
BMC program time: 0.005s
No bug has been found in the base case
*** Checking forward condition, k = 1
Starting Bounded Model Checking
Not unwinding 
Symex completed in: 0.003s (41 assignments)
Slicing time: 0.000s (removed 36 assignments)
Generated 1 VCC(s), 1 remaining after simplification (5 assignments)
No solver specified; defaulting to Boolector
Encoding remaining VCC(s) using bit-vector/floating-point arithmetic
Encoding to solver time: 0.000s
Solving with solver Boolector 3.2.2
Encoding to solver time: 0.000s
Runtime decision procedure: 0.001s
The forward condition is unable to prove the property
*** Checking base case, k = 6
Starting Bounded Model Checking
Unwinding loop 1  iteration  1   file cohencu-ll_unwindbound2.c line 33 function main
Unwinding loop 1  iteration  2   file cohencu-ll_unwindbound2.c line 33 function main
Symex completed in: 0.004s (73 assignments)
Slicing time: 0.000s (removed 42 assignments)
Generated 6 VCC(s), 6 remaining after simplification (31 assignments)
No solver specified; defaulting to Boolector
Encoding remaining VCC(s) using bit-vector/floating-point arithmetic
Encoding to solver time: 0.001s
Solving with solver Boolector 3.2.2
Encoding to solver time: 0.001s
Runtime decision procedure: 0.418s
Building error trace

Counterexample:

State 1 file cohencu-ll_unwindbound2.c line 26 function main thread 0
----------------------------------------------------
  a = 23 (00000000 00010111)

State 2 file cohencu-ll_unwindbound2.c line 8 function reach_error thread 0
----------------------------------------------------
Violated property:
  file cohencu-ll_unwindbound2.c line 8 function reach_error
  assertion 0
  0


VERIFICATION FAILED

Bug found (k = 6)


FALSE_REACH
