./esbmc-wrapper.py -p ../sv-benchmarks/c/properties/unreach-call.prp -s kinduction --arch 32 ../sv-benchmarks/c/combinations/gcd_3+newton_3_6.i


--------------------------------------------------------------------------------


Verifying with ESBMC
Command: ./esbmc --no-div-by-zero-check --force-malloc-success --state-hashing --add-symex-value-sets --no-align-check --k-step 5 --floatbv --unlimited-k-steps ../sv-benchmarks/c/combinations/gcd_3+newton_3_6.i --32 --witness-output gcd_3+newton_3_6.i.graphml --no-pointer-check --no-bounds-check --interval-analysis --goto-unwind --unlimited-goto-unwind --k-induction --max-inductive-step 3 
ESBMC version 6.8.0 64-bit x86_64 linux
Target: 32-bit little-endian x86_64-unknown-linux with esbmc libc
file ../sv-benchmarks/c/combinations/gcd_3+newton_3_6.i: Parsing
Converting
Generating GOTO Program
GOTO program creation time: 0.142s
GOTO program processing time: 0.001s
*** Checking base case, k = 1
Starting Bounded Model Checking
Not unwinding 
Symex completed in: 0.004s (59 assignments)
Slicing time: 0.001s (removed 13 assignments)
Generated 2 VCC(s), 2 remaining after simplification (46 assignments)
No solver specified; defaulting to Boolector
Encoding remaining VCC(s) using bit-vector/floating-point arithmetic
Encoding to solver time: 0.138s
Solving with solver Boolector 3.2.2
Encoding to solver time: 0.138s
Runtime decision procedure: 274.081s
Building error trace

Counterexample:

State 1 file gcd_3+newton_3_6.i line 90 function main2 thread 0
----------------------------------------------------
  IN = 1.191613e+0f (00111111 10011000 10000110 11001010)

State 2 file gcd_3+newton_3_6.i line 93 function main2 thread 0
----------------------------------------------------
  x = -1.269422e+0f (10111111 10100010 01111100 01101010)

State 3 file gcd_3+newton_3_6.i line 95 function main2 thread 0
----------------------------------------------------
  x = 1.834822e+0f (00111111 11101010 11011011 01110000)

State 4 file gcd_3+newton_3_6.i line 97 function main2 thread 0
----------------------------------------------------
  x = 8.114500e+0f (01000001 00000001 11010100 11111110)

State 5 file gcd_3+newton_3_6.i line 22 function reach_error thread 0
----------------------------------------------------
Violated property:
  file gcd_3+newton_3_6.i line 22 function reach_error
  assertion 0
  0


VERIFICATION FAILED

Bug found (k = 1)


FALSE_REACH
