./esbmc-wrapper.py -p ../sv-benchmarks/c/properties/unreach-call.prp -s kinduction --arch 32 ../sv-benchmarks/c/seq-mthreaded/pals_opt-floodmax.3.2.ufo.BOUNDED-6.pals.c


--------------------------------------------------------------------------------


Verifying with ESBMC
Command: ./esbmc --no-div-by-zero-check --force-malloc-success --state-hashing --add-symex-value-sets --no-align-check --k-step 5 --floatbv --unlimited-k-steps ../sv-benchmarks/c/seq-mthreaded/pals_opt-floodmax.3.2.ufo.BOUNDED-6.pals.c --32 --witness-output pals_opt-floodmax.3.2.ufo.BOUNDED-6.pals.c.graphml --no-pointer-check --no-bounds-check --interval-analysis --goto-unwind --unlimited-goto-unwind --k-induction --max-inductive-step 3 
ESBMC version 6.8.0 64-bit x86_64 linux
Target: 32-bit little-endian x86_64-unknown-linux with esbmc libc
file ../sv-benchmarks/c/seq-mthreaded/pals_opt-floodmax.3.2.ufo.BOUNDED-6.pals.c: Parsing
Converting
Generating GOTO Program
GOTO program creation time: 0.167s
GOTO program processing time: 0.050s
*** Checking base case, k = 1
Starting Bounded Model Checking
Symex completed in: 0.106s (1755 assignments)
Slicing time: 0.007s (removed 734 assignments)
Generated 6 VCC(s), 6 remaining after simplification (1021 assignments)
No solver specified; defaulting to Boolector
Encoding remaining VCC(s) using bit-vector/floating-point arithmetic
Encoding to solver time: 0.018s
Solving with solver Boolector 3.2.2
Encoding to solver time: 0.018s
Runtime decision procedure: 0.982s
Building error trace

Counterexample:

State 1 file pals_opt-floodmax.3.2.ufo.BOUNDED-6.pals.c line 523 function main thread 0
----------------------------------------------------
  ep12 = 1

State 2 file pals_opt-floodmax.3.2.ufo.BOUNDED-6.pals.c line 524 function main thread 0
----------------------------------------------------
  ep13 = 0

State 3 file pals_opt-floodmax.3.2.ufo.BOUNDED-6.pals.c line 525 function main thread 0
----------------------------------------------------
  ep21 = 0

State 4 file pals_opt-floodmax.3.2.ufo.BOUNDED-6.pals.c line 526 function main thread 0
----------------------------------------------------
  ep23 = 1

State 5 file pals_opt-floodmax.3.2.ufo.BOUNDED-6.pals.c line 527 function main thread 0
----------------------------------------------------
  ep31 = 1

State 6 file pals_opt-floodmax.3.2.ufo.BOUNDED-6.pals.c line 528 function main thread 0
----------------------------------------------------
  ep32 = 0

State 7 file pals_opt-floodmax.3.2.ufo.BOUNDED-6.pals.c line 529 function main thread 0
----------------------------------------------------
  id1 = 46 (00101110)

State 8 file pals_opt-floodmax.3.2.ufo.BOUNDED-6.pals.c line 530 function main thread 0
----------------------------------------------------
  r1 = 0 (00000000)

State 9 file pals_opt-floodmax.3.2.ufo.BOUNDED-6.pals.c line 531 function main thread 0
----------------------------------------------------
  st1 = 0 (00000000)

State 10 file pals_opt-floodmax.3.2.ufo.BOUNDED-6.pals.c line 532 function main thread 0
----------------------------------------------------
  nl1 = 0 (00000000)

State 11 file pals_opt-floodmax.3.2.ufo.BOUNDED-6.pals.c line 534 function main thread 0
----------------------------------------------------
  max1 = 46 (00101110)

State 12 file pals_opt-floodmax.3.2.ufo.BOUNDED-6.pals.c line 535 function main thread 0
----------------------------------------------------
  mode1 = 0

State 13 file pals_opt-floodmax.3.2.ufo.BOUNDED-6.pals.c line 536 function main thread 0
----------------------------------------------------
  newmax1 = 1

State 14 file pals_opt-floodmax.3.2.ufo.BOUNDED-6.pals.c line 537 function main thread 0
----------------------------------------------------
  id2 = 47 (00101111)

State 15 file pals_opt-floodmax.3.2.ufo.BOUNDED-6.pals.c line 538 function main thread 0
----------------------------------------------------
  r2 = 0 (00000000)

State 16 file pals_opt-floodmax.3.2.ufo.BOUNDED-6.pals.c line 539 function main thread 0
----------------------------------------------------
  st2 = 0 (00000000)

State 17 file pals_opt-floodmax.3.2.ufo.BOUNDED-6.pals.c line 540 function main thread 0
----------------------------------------------------
  nl2 = 0 (00000000)

State 18 file pals_opt-floodmax.3.2.ufo.BOUNDED-6.pals.c line 542 function main thread 0
----------------------------------------------------
  max2 = 47 (00101111)

State 19 file pals_opt-floodmax.3.2.ufo.BOUNDED-6.pals.c line 543 function main thread 0
----------------------------------------------------
  mode2 = 0

State 20 file pals_opt-floodmax.3.2.ufo.BOUNDED-6.pals.c line 544 function main thread 0
----------------------------------------------------
  newmax2 = 1

State 21 file pals_opt-floodmax.3.2.ufo.BOUNDED-6.pals.c line 545 function main thread 0
----------------------------------------------------
  id3 = 40 (00101000)

State 22 file pals_opt-floodmax.3.2.ufo.BOUNDED-6.pals.c line 546 function main thread 0
----------------------------------------------------
  r3 = 0 (00000000)

State 23 file pals_opt-floodmax.3.2.ufo.BOUNDED-6.pals.c line 547 function main thread 0
----------------------------------------------------
  st3 = 0 (00000000)

State 24 file pals_opt-floodmax.3.2.ufo.BOUNDED-6.pals.c line 548 function main thread 0
----------------------------------------------------
  nl3 = 0 (00000000)

State 25 file pals_opt-floodmax.3.2.ufo.BOUNDED-6.pals.c line 550 function main thread 0
----------------------------------------------------
  max3 = 40 (00101000)

State 26 file pals_opt-floodmax.3.2.ufo.BOUNDED-6.pals.c line 551 function main thread 0
----------------------------------------------------
  mode3 = 0

State 27 file pals_opt-floodmax.3.2.ufo.BOUNDED-6.pals.c line 552 function main thread 0
----------------------------------------------------
  newmax3 = 1

State 28 file pals_opt-floodmax.3.2.ufo.BOUNDED-6.pals.c line 252 function init thread 0
----------------------------------------------------
  r121 = 1

State 29 file pals_opt-floodmax.3.2.ufo.BOUNDED-6.pals.c line 253 function init thread 0
----------------------------------------------------
  r131 = 0

State 30 file pals_opt-floodmax.3.2.ufo.BOUNDED-6.pals.c line 254 function init thread 0
----------------------------------------------------
  r211 = 0

State 31 file pals_opt-floodmax.3.2.ufo.BOUNDED-6.pals.c line 255 function init thread 0
----------------------------------------------------
  r231 = 1

State 32 file pals_opt-floodmax.3.2.ufo.BOUNDED-6.pals.c line 256 function init thread 0
----------------------------------------------------
  r311 = 1

State 33 file pals_opt-floodmax.3.2.ufo.BOUNDED-6.pals.c line 257 function init thread 0
----------------------------------------------------
  r321 = 0

State 34 file pals_opt-floodmax.3.2.ufo.BOUNDED-6.pals.c line 270 function init thread 0
----------------------------------------------------
  r122 = 1

State 35 file pals_opt-floodmax.3.2.ufo.BOUNDED-6.pals.c line 283 function init thread 0
----------------------------------------------------
  r132 = 1

State 36 file pals_opt-floodmax.3.2.ufo.BOUNDED-6.pals.c line 296 function init thread 0
----------------------------------------------------
  r212 = 1

State 37 file pals_opt-floodmax.3.2.ufo.BOUNDED-6.pals.c line 309 function init thread 0
----------------------------------------------------
  r232 = 1

State 38 file pals_opt-floodmax.3.2.ufo.BOUNDED-6.pals.c line 322 function init thread 0
----------------------------------------------------
  r312 = 1

State 39 file pals_opt-floodmax.3.2.ufo.BOUNDED-6.pals.c line 335 function init thread 0
----------------------------------------------------
  r322 = 1

State 40 file pals_opt-floodmax.3.2.ufo.BOUNDED-6.pals.c line 113 function node1 thread 0
----------------------------------------------------
  p12_new = 46 (00101110)

State 41 file pals_opt-floodmax.3.2.ufo.BOUNDED-6.pals.c line 169 function node2 thread 0
----------------------------------------------------
  p23_new = 47 (00101111)

State 42 file pals_opt-floodmax.3.2.ufo.BOUNDED-6.pals.c line 215 function node3 thread 0
----------------------------------------------------
  p31_new = 40 (00101000)

State 43 file pals_opt-floodmax.3.2.ufo.BOUNDED-6.pals.c line 573 function main thread 0
----------------------------------------------------
  p12_old = 46 (00101110)

State 44 file pals_opt-floodmax.3.2.ufo.BOUNDED-6.pals.c line 575 function main thread 0
----------------------------------------------------
  p13_old = -1 (11111111)

State 45 file pals_opt-floodmax.3.2.ufo.BOUNDED-6.pals.c line 577 function main thread 0
----------------------------------------------------
  p21_old = -1 (11111111)

State 46 file pals_opt-floodmax.3.2.ufo.BOUNDED-6.pals.c line 579 function main thread 0
----------------------------------------------------
  p23_old = 47 (00101111)

State 47 file pals_opt-floodmax.3.2.ufo.BOUNDED-6.pals.c line 581 function main thread 0
----------------------------------------------------
  p31_old = 40 (00101000)

State 48 file pals_opt-floodmax.3.2.ufo.BOUNDED-6.pals.c line 583 function main thread 0
----------------------------------------------------
  p32_old = -1 (11111111)

State 49 file pals_opt-floodmax.3.2.ufo.BOUNDED-6.pals.c line 83 function node1 thread 0
----------------------------------------------------
  r1 = 1 (00000001)

State 50 file pals_opt-floodmax.3.2.ufo.BOUNDED-6.pals.c line 93 function node1 thread 0
----------------------------------------------------
  m1 = 40 (00101000)

State 51 file pals_opt-floodmax.3.2.ufo.BOUNDED-6.pals.c line 100 function node1 thread 0
----------------------------------------------------
  newmax1 = 0

State 52 file pals_opt-floodmax.3.2.ufo.BOUNDED-6.pals.c line 134 function node2 thread 0
----------------------------------------------------
  r2 = 1 (00000001)

State 53 file pals_opt-floodmax.3.2.ufo.BOUNDED-6.pals.c line 136 function node2 thread 0
----------------------------------------------------
  m2 = 46 (00101110)

State 54 file pals_opt-floodmax.3.2.ufo.BOUNDED-6.pals.c line 151 function node2 thread 0
----------------------------------------------------
  newmax2 = 0

State 55 file pals_opt-floodmax.3.2.ufo.BOUNDED-6.pals.c line 185 function node3 thread 0
----------------------------------------------------
  r3 = 1 (00000001)

State 56 file pals_opt-floodmax.3.2.ufo.BOUNDED-6.pals.c line 195 function node3 thread 0
----------------------------------------------------
  m3 = 47 (00101111)

State 57 file pals_opt-floodmax.3.2.ufo.BOUNDED-6.pals.c line 198 function node3 thread 0
----------------------------------------------------
  max3 = 47 (00101111)

State 58 file pals_opt-floodmax.3.2.ufo.BOUNDED-6.pals.c line 202 function node3 thread 0
----------------------------------------------------
  newmax3 = 1

State 59 file pals_opt-floodmax.3.2.ufo.BOUNDED-6.pals.c line 573 function main thread 0
----------------------------------------------------
  p12_old = -1 (11111111)

State 60 file pals_opt-floodmax.3.2.ufo.BOUNDED-6.pals.c line 575 function main thread 0
----------------------------------------------------
  p13_old = -1 (11111111)

State 61 file pals_opt-floodmax.3.2.ufo.BOUNDED-6.pals.c line 577 function main thread 0
----------------------------------------------------
  p21_old = -1 (11111111)

State 62 file pals_opt-floodmax.3.2.ufo.BOUNDED-6.pals.c line 579 function main thread 0
----------------------------------------------------
  p23_old = -1 (11111111)

State 63 file pals_opt-floodmax.3.2.ufo.BOUNDED-6.pals.c line 581 function main thread 0
----------------------------------------------------
  p31_old = -1 (11111111)

State 64 file pals_opt-floodmax.3.2.ufo.BOUNDED-6.pals.c line 583 function main thread 0
----------------------------------------------------
  p32_old = -1 (11111111)

State 65 file pals_opt-floodmax.3.2.ufo.BOUNDED-6.pals.c line 3 function reach_error thread 0
----------------------------------------------------
Violated property:
  file pals_opt-floodmax.3.2.ufo.BOUNDED-6.pals.c line 3 function reach_error
  assertion 0
  0


VERIFICATION FAILED

Bug found (k = 1)


FALSE_REACH
