./esbmc-wrapper.py -p ../sv-benchmarks/c/properties/unreach-call.prp -s kinduction --arch 32 ../sv-benchmarks/c/weaver/parallel-misc-4.wvr.c


--------------------------------------------------------------------------------


Found pthread benchmark!
Verifying with ESBMC
Command: ./esbmc --no-div-by-zero-check --force-malloc-success --state-hashing --add-symex-value-sets --no-align-check --k-step 5 --floatbv --unlimited-k-steps ../sv-benchmarks/c/weaver/parallel-misc-4.wvr.c --32  --no-por --context-bound 2 --no-goto-merge --witness-output parallel-misc-4.wvr.c.graphml --no-pointer-check --no-bounds-check --goto-unwind --unlimited-goto-unwind --incremental-bmc 
ESBMC version 6.8.0 64-bit x86_64 linux
Target: 32-bit little-endian x86_64-unknown-linux with esbmc libc
file ../sv-benchmarks/c/weaver/parallel-misc-4.wvr.c: Parsing
Converting
Generating GOTO Program
GOTO program creation time: 0.098s
GOTO program processing time: 0.001s
*** Checking base case, k = 1
Starting Bounded Model Checking
Not unwinding 
Not unwinding 
Symex completed in: 0.010s (162 assignments)
Slicing time: 0.000s (removed 122 assignments)
Generated 1 VCC(s), 1 remaining after simplification (40 assignments)
No solver specified; defaulting to Boolector
Encoding remaining VCC(s) using bit-vector/floating-point arithmetic
Encoding to solver time: 0.000s
Solving with solver Boolector 3.2.2
Encoding to solver time: 0.000s
Runtime decision procedure: 0.000s
BMC program time: 0.011s
*** Thread interleavings 2 ***
Not unwinding 
Symex completed in: 0.002s (161 assignments)
Slicing time: 0.000s (removed 120 assignments)
Generated 0 VCC(s), 0 remaining after simplification (41 assignments)
BMC program time: 0.002s
*** Thread interleavings 3 ***
Not unwinding 
Symex completed in: 0.003s (161 assignments)
Slicing time: 0.000s (removed 122 assignments)
Generated 0 VCC(s), 0 remaining after simplification (39 assignments)
BMC program time: 0.003s
*** Thread interleavings 4 ***
Symex completed in: 0.001s (161 assignments)
Slicing time: 0.001s (removed 122 assignments)
Generated 0 VCC(s), 0 remaining after simplification (39 assignments)
BMC program time: 0.002s
*** Thread interleavings 5 ***
Not unwinding 
Symex completed in: 0.002s (161 assignments)
Slicing time: 0.001s (removed 120 assignments)
Generated 0 VCC(s), 0 remaining after simplification (41 assignments)
BMC program time: 0.003s
*** Thread interleavings 6 ***
Not unwinding 
Symex completed in: 0.001s (161 assignments)
Slicing time: 0.001s (removed 120 assignments)
Generated 0 VCC(s), 0 remaining after simplification (41 assignments)
BMC program time: 0.002s
*** Thread interleavings 7 ***
Not unwinding 
Not unwinding 
Symex completed in: 0.003s (164 assignments)
Slicing time: 0.000s (removed 126 assignments)
Generated 0 VCC(s), 0 remaining after simplification (38 assignments)
BMC program time: 0.003s
*** Thread interleavings 8 ***
Not unwinding 
Symex completed in: 0.002s (165 assignments)
Slicing time: 0.000s (removed 127 assignments)
Generated 0 VCC(s), 0 remaining after simplification (38 assignments)
BMC program time: 0.002s
*** Thread interleavings 9 ***
Not unwinding 
Not unwinding 
Symex completed in: 0.002s (164 assignments)
Slicing time: 0.001s (removed 120 assignments)
Generated 0 VCC(s), 0 remaining after simplification (44 assignments)
BMC program time: 0.003s
*** Thread interleavings 10 ***
Not unwinding 
Not unwinding 
Symex completed in: 0.002s (165 assignments)
Slicing time: 0.000s (removed 122 assignments)
Generated 0 VCC(s), 0 remaining after simplification (43 assignments)
BMC program time: 0.002s
*** Thread interleavings 11 ***
Not unwinding 
Not unwinding 
Symex completed in: 0.002s (163 assignments)
Slicing time: 0.001s (removed 126 assignments)
Generated 0 VCC(s), 0 remaining after simplification (37 assignments)
BMC program time: 0.003s
*** Thread interleavings 12 ***
Not unwinding 
Symex completed in: 0.002s (164 assignments)
Slicing time: 0.000s (removed 127 assignments)
Generated 0 VCC(s), 0 remaining after simplification (37 assignments)
BMC program time: 0.002s
*** Thread interleavings 13 ***
Not unwinding 
Not unwinding 
Symex completed in: 0.003s (163 assignments)
Slicing time: 0.000s (removed 120 assignments)
Generated 0 VCC(s), 0 remaining after simplification (43 assignments)
BMC program time: 0.003s
*** Thread interleavings 14 ***
Not unwinding 
Not unwinding 
Symex completed in: 0.002s (164 assignments)
Slicing time: 0.000s (removed 122 assignments)
Generated 0 VCC(s), 0 remaining after simplification (42 assignments)
BMC program time: 0.002s
*** Thread interleavings 15 ***
Not unwinding 
Not unwinding 
Symex completed in: 0.003s (166 assignments)
Slicing time: 0.000s (removed 130 assignments)
Generated 0 VCC(s), 0 remainin
There are goto statements that shouldn't be merged at this point

Unknown
