./esbmc-wrapper.py -p ../sv-benchmarks/c/properties/unreach-call.prp -s kinduction --arch 32 ../sv-benchmarks/c/floats-cdfpl/newton_1_4.i


--------------------------------------------------------------------------------


Verifying with ESBMC
Command: ./esbmc --no-div-by-zero-check --force-malloc-success --state-hashing --add-symex-value-sets --no-align-check --k-step 5 --floatbv --unlimited-k-steps ../sv-benchmarks/c/floats-cdfpl/newton_1_4.i --32 --witness-output newton_1_4.i.graphml --no-pointer-check --no-bounds-check --interval-analysis --goto-unwind --unlimited-goto-unwind --k-induction --max-inductive-step 3 
ESBMC version 6.8.0 64-bit x86_64 linux
Target: 32-bit little-endian x86_64-unknown-linux with esbmc libc
file ../sv-benchmarks/c/floats-cdfpl/newton_1_4.i: Parsing
Converting
Generating GOTO Program
GOTO program creation time: 0.148s
GOTO program processing time: 0.001s
*** Checking base case, k = 1
Starting Bounded Model Checking
Symex completed in: 0.002s (22 assignments)
Slicing time: 0.000s (removed 9 assignments)
Generated 1 VCC(s), 1 remaining after simplification (13 assignments)
No solver specified; defaulting to Boolector
Encoding remaining VCC(s) using bit-vector/floating-point arithmetic
Encoding to solver time: 0.048s
Solving with solver Boolector 3.2.2
Encoding to solver time: 0.048s
Runtime decision procedure: 70.226s
Building error trace

Counterexample:

State 1 file newton_1_4.i line 39 function main thread 0
----------------------------------------------------
  IN = -6.457925e-1f (10111111 00100101 01010010 10101000)

State 2 file newton_1_4.i line 42 function main thread 0
----------------------------------------------------
  x = 1.076279e-1f (00111101 11011100 01101100 00000000)

State 3 file newton_1_4.i line 21 function reach_error thread 0
----------------------------------------------------
Violated property:
  file newton_1_4.i line 21 function reach_error
  assertion 0
  0


VERIFICATION FAILED

Bug found (k = 1)


FALSE_REACH
