./esbmc-wrapper.py -p ../sv-benchmarks/c/properties/termination.prp -s kinduction --arch 32 ../sv-benchmarks/c/seq-mthreaded/pals_lcr.7.1.ufo.BOUNDED-14.pals.c


--------------------------------------------------------------------------------


Verifying with ESBMC
Command: ./esbmc --no-div-by-zero-check --force-malloc-success --state-hashing --add-symex-value-sets --no-align-check --k-step 5 --floatbv --unlimited-k-steps ../sv-benchmarks/c/seq-mthreaded/pals_lcr.7.1.ufo.BOUNDED-14.pals.c --32 --witness-output pals_lcr.7.1.ufo.BOUNDED-14.pals.c.graphml --no-pointer-check --no-bounds-check --no-assertions --termination --max-inductive-step 3 
ESBMC version 6.8.0 64-bit x86_64 linux
Target: 32-bit little-endian x86_64-unknown-linux with esbmc libc
file ../sv-benchmarks/c/seq-mthreaded/pals_lcr.7.1.ufo.BOUNDED-14.pals.c: Parsing
Converting
Generating GOTO Program
GOTO program creation time: 0.106s
GOTO program processing time: 0.001s
*** Checking forward condition, k = 1
Starting Bounded Model Checking
Not unwinding 
Symex completed in: 0.016s (389 assignments)
Slicing time: 0.001s (removed 239 assignments)
Generated 1 VCC(s), 1 remaining after simplification (150 assignments)
No solver specified; defaulting to Boolector
Encoding remaining VCC(s) using bit-vector/floating-point arithmetic
Encoding to solver time: 0.002s
Solving with solver Boolector 3.2.2
Encoding to solver time: 0.002s
Runtime decision procedure: 0.035s
The forward condition is unable to prove the property
*** Checking forward condition, k = 6
Starting Bounded Model Checking
Unwinding loop 2  iteration  1   file pals_lcr.7.1.ufo.BOUNDED-14.pals.c line 547 function main
Unwinding loop 2  iteration  2   file pals_lcr.7.1.ufo.BOUNDED-14.pals.c line 547 function main
Unwinding loop 2  iteration  3   file pals_lcr.7.1.ufo.BOUNDED-14.pals.c line 547 function main
Unwinding loop 2  iteration  4   file pals_lcr.7.1.ufo.BOUNDED-14.pals.c line 547 function main
Unwinding loop 2  iteration  5   file pals_lcr.7.1.ufo.BOUNDED-14.pals.c line 547 function main
Not unwinding 
Symex completed in: 0.053s (1564 assignments)
Slicing time: 0.003s (removed 740 assignments)
Generated 1 VCC(s), 1 remaining after simplification (824 assignments)
No solver specified; defaulting to Boolector
Encoding remaining VCC(s) using bit-vector/floating-point arithmetic
Encoding to solver time: 0.008s
Solving with solver Boolector 3.2.2
Encoding to solver time: 0.008s
Runtime decision procedure: 0.096s
The forward condition is unable to prove the property
*** Checking forward condition, k = 11
Starting Bounded Model Checking
Unwinding loop 2  iteration  1   file pals_lcr.7.1.ufo.BOUNDED-14.pals.c line 547 function main
Unwinding loop 2  iteration  2   file pals_lcr.7.1.ufo.BOUNDED-14.pals.c line 547 function main
Unwinding loop 2  iteration  3   file pals_lcr.7.1.ufo.BOUNDED-14.pals.c line 547 function main
Unwinding loop 2  iteration  4   file pals_lcr.7.1.ufo.BOUNDED-14.pals.c line 547 function main
Unwinding loop 2  iteration  5   file pals_lcr.7.1.ufo.BOUNDED-14.pals.c line 547 function main
Unwinding loop 2  iteration  6   file pals_lcr.7.1.ufo.BOUNDED-14.pals.c line 547 function main
Unwinding loop 2  iteration  7   file pals_lcr.7.1.ufo.BOUNDED-14.pals.c line 547 function main
Unwinding loop 2  iteration  8   file pals_lcr.7.1.ufo.BOUNDED-14.pals.c line 547 function main
Unwinding loop 2  iteration  9   file pals_lcr.7.1.ufo.BOUNDED-14.pals.c line 547 function main
Unwinding loop 2  iteration  10   file pals_lcr.7.1.ufo.BOUNDED-14.pals.c line 547 function main
Not unwinding 
Symex completed in: 0.094s (2739 assignments)
Slicing time: 0.005s (removed 1160 assignments)
Generated 1 VCC(s), 1 remaining after simplification (1579 assignments)
No solver specified; defaulting to Boolector
Encoding remaining VCC(s) using bit-vector/floating-point arithmetic
Encoding to solver time: 0.016s
Solving with solver Boolector 3.2.2
Encoding to solver time: 0.016s
Runtime decision procedure: 0.149s
The forward condition is unable to prove the property
*** Checking forward condition, k = 16
Starting Bounded Model Checking
Unwinding loop 2  iteration  1   file pals_lcr.7.1.ufo.BOUNDED-14.pals.c line 547 function main
Unwinding loop 2  iteration  2   file pals_lcr.7.1.ufo.BOUNDED-14.pals.c line 547 function main
Unwinding loop 2  iteration  3   file pals_lcr.7.1.ufo.BOUNDED-14.pals.c line 547 function main
Unwinding loop 2  iteration  4   file pals_lcr.7.1.ufo.BOUNDED-14.pals.c line 547 function main
Unwinding loop 2  iteration  5   file pals_lcr.7.1.ufo.BOUNDED-14.pals.c line 547 function main
Unwinding loop 2  iteration  6   file pals_lcr.7.1.ufo.BOUNDED-14.pals.c line 547 function main
Unwinding loop 2  iteration  7   file pals_lcr.7.1.ufo.BOUNDED-14.pals.c line 547 function main
Unwinding loop 2  iteration  8   file pals_lcr.7.1.ufo.BOUNDED-14.pals.c line 547 function main
Unwinding loop 2  iteration  9   file pals_lcr.7.1.ufo.BOUNDED-14.pals.c line 547 function main
Unwinding loop 2  iteration  10   file pals_lcr.7.1.ufo.BOUNDED-14.pals.c line 547 function main
Unwinding loop 2  iteration  11   file pals_lcr.7.1.ufo.BOUNDED-14.pals.c line 547 function main
Unwinding loop 2  iteration  12   file pals_lcr.7.1.ufo.BOUNDED-14.pals.c line 547 function main
Unwinding loop 2  iteration  13   file pals_lcr.7.1.ufo.BOUNDED-14.pals.c line 547 function main
Unwinding loop 2  iteration  14   file pals_lcr.7.1.ufo.BOUNDED-14.pals.c line 547 function main
Symex completed in: 0.118s (3443 assignments)
Slicing time: 0.006s (removed 1412 assignments)
Generated 0 VCC(s), 0 remaining after simplification (2031 assignments)
BMC program time: 0.124s
Building successful trace

VERIFICATION SUCCESSFUL

Solution found by the forward condition; all states are reachable (k = 16


TRUE
