./esbmc-wrapper.py -p ../sv-benchmarks/c/properties/unreach-call.prp -s kinduction --arch 32 ../sv-benchmarks/c/product-lines/email_spec9_product26.cil.c


--------------------------------------------------------------------------------


Verifying with ESBMC
Command: ./esbmc --no-div-by-zero-check --force-malloc-success --state-hashing --add-symex-value-sets --no-align-check --k-step 5 --floatbv --unlimited-k-steps ../sv-benchmarks/c/product-lines/email_spec9_product26.cil.c --32 --witness-output email_spec9_product26.cil.c.graphml --no-pointer-check --no-bounds-check --interval-analysis --goto-unwind --unlimited-goto-unwind --k-induction --max-inductive-step 3 
ESBMC version 6.8.0 64-bit x86_64 linux
Target: 32-bit little-endian x86_64-unknown-linux with esbmc libc
file ../sv-benchmarks/c/product-lines/email_spec9_product26.cil.c: Parsing
Converting
Generating GOTO Program
GOTO program creation time: 0.292s
GOTO program processing time: 0.160s
*** Checking base case, k = 1
Starting Bounded Model Checking
Not unwinding 
Symex completed in: 0.072s (818 assignments)
Slicing time: 0.001s (removed 775 assignments)
Generated 0 VCC(s), 0 remaining after simplification (43 assignments)
BMC program time: 0.073s
No bug has been found in the base case
*** Checking forward condition, k = 1
Starting Bounded Model Checking
Not unwinding 
Symex completed in: 0.090s (818 assignments)
Slicing time: 0.001s (removed 775 assignments)
Generated 1 VCC(s), 1 remaining after simplification (43 assignments)
No solver specified; defaulting to Boolector
Encoding remaining VCC(s) using bit-vector/floating-point arithmetic
Encoding to solver time: 0.005s
Solving with solver Boolector 3.2.2
Encoding to solver time: 0.005s
Runtime decision procedure: 0.450s
The forward condition is unable to prove the property
*** Checking base case, k = 6
Starting Bounded Model Checking
Unwinding loop 4  iteration  1   file email_spec9_product26.cil.c line 798 function test
Unwinding loop 4  iteration  2   file email_spec9_product26.cil.c line 798 function test
Unwinding loop 4  iteration  3   file email_spec9_product26.cil.c line 798 function test
Unwinding loop 4  iteration  4   file email_spec9_product26.cil.c line 798 function test
Symex completed in: 0.855s (5728 assignments)
Slicing time: 0.259s (removed 3904 assignments)
Generated 4 VCC(s), 4 remaining after simplification (1824 assignments)
No solver specified; defaulting to Boolector
Encoding remaining VCC(s) using bit-vector/floating-point arithmetic
Encoding to solver time: 0.044s
Solving with solver Boolector 3.2.2
Encoding to solver time: 0.044s
Runtime decision procedure: 1.150s
Building error trace

Counterexample:
bob: 1

rjh: 2

chuck: 3


State 4 file email_spec9_product26.cil.c line 808 function test thread 0
----------------------------------------------------
  tmp___9 = -2147483648 (10000000 00000000 00000000 00000000)
bob added rjhs key

2

456


State 8 file email_spec9_product26.cil.c line 822 function test thread 0
----------------------------------------------------
  tmp___8 = 0 (00000000 00000000 00000000 00000000)

State 9 file email_spec9_product26.cil.c line 836 function test thread 0
----------------------------------------------------
  tmp___7 = 0 (00000000 00000000 00000000 00000000)

State 10 file email_spec9_product26.cil.c line 850 function test thread 0
----------------------------------------------------
  tmp___6 = 0 (00000000 00000000 00000000 00000000)

State 11 file email_spec9_product26.cil.c line 864 function test thread 0
----------------------------------------------------
  tmp___5 = 0 (00000000 00000000 00000000 00000000)

State 12 file email_spec9_product26.cil.c line 878 function test thread 0
----------------------------------------------------
  tmp___4 = -2147483648 (10000000 00000000 00000000 00000000)

State 13 file email_spec9_product26.cil.c line 822 function test thread 0
----------------------------------------------------
  tmp___8 = 0 (00000000 00000000 00000000 00000000)

State 14 file email_spec9_product26.cil.c line 836 function test thread 0
----------------------------------------------------
  tmp___7 = 0 (00000000 00000000 00000000 00000000)

State 15 file email_spec9_product26.cil.c line 850 function test thread 0
----------------------------------------------------
  tmp___6 = 0 (00000000 00000000 00000000 00000000)

State 16 file email_spec9_product26.cil.c line 864 function test thread 0
----------------------------------------------------
  tmp___5 = 0 (00000000 00000000 00000000 00000000)

State 17 file email_spec9_product26.cil.c line 892 function test thread 0
----------------------------------------------------
  tmp___3 = 0 (00000000 00000000 00000000 00000000)

State 18 file email_spec9_product26.cil.c line 906 function test thread 0
----------------------------------------------------
  tmp___2 = 0 (00000000 00000000 00000000 00000000)

State 19 file email_spec9_product26.cil.c line 920 function test thread 0
----------------------------------------------------
  tmp___1 = 0 (00000000 00000000 00000000 00000000)

State 20 file email_spec9_product26.cil.c line 934 function test thread 0
----------------------------------------------------
  tmp___0 = 0 (00000000 00000000 00000000 00000000)

State 21 file email_spec9_product26.cil.c line 948 function test thread 0
----------------------------------------------------
  tmp = 0 (00000000 00000000 00000000 00000000)
Please enter a subject and a message body.



State 23 file email_spec9_product26.cil.c line 2081 function getClientAddressBookSize thread 0
----------------------------------------------------
  retValue_acc = 0 (00000000 00000000 00000000 00000000)

State 24 file email_spec9_product26.cil.c line 1226 function outgoing thread 0
----------------------------------------------------
  size = 0 (00000000 00000000 00000000 00000000)

State 25 file email_spec9_product26.cil.c line 2824 function findPublicKey thread 0
----------------------------------------------------
  retValue_acc = 456 (00000000 00000000 00000001 11001000)

State 26 file email_spec9_product26.cil.c line 1198 function outgoing__wrappee__AutoResponder thread 0
----------------------------------------------------
  pubkey = 456 (00000000 00000000 00000001 11001000)

State 27 file email_spec9_product26.cil.c line 1829 function setEmailEncryptionKey thread 0
----------------------------------------------------
  __ste_email_encryptionKey0 = 456 (00000000 00000000 00000001 11001000)
before mail


in_encrypted=0

mail sent

before incoming



State 32 file email_spec9_product26.cil.c line 1773 function isEncrypted thread 0
----------------------------------------------------
  retValue_acc = 1 (00000000 00000000 00000000 00000001)
in_encrypted=1


State 34 file email_spec9_product26.cil.c line 2541 function getClientPrivateKey thread 0
----------------------------------------------------
  retValue_acc = 456 (00000000 00000000 00000001 11001000)

State 35 file email_spec9_product26.cil.c line 1324 function incoming thread 0
----------------------------------------------------
  privkey = 456 (00000000 00000000 00000001 11001000)

State 36 file email_spec9_product26.cil.c line 1773 function isEncrypted thread 0
----------------------------------------------------
  retValue_acc = 1 (00000000 00000000 00000000 00000001)

State 37 file email_spec9_product26.cil.c line 1810 function getEmailEncryptionKey thread 0
----------------------------------------------------
  retValue_acc = 456 (00000000 00000000 00000001 11001000)
keypair valid 456 456

State 39 file email_spec9_product26.cil.c line 1440 function isKeyPairValid thread 0
----------------------------------------------------
  retValue_acc = 1 (00000000 00000000 00000000 00000001)
mail delivered



State 41 file email_spec9_product26.cil.c line 2494 function getClientAutoResponse thread 0
----------------------------------------------------
  retValue_acc = 0 (00000000 00000000 00000000 00000000)

State 42 file email_spec9_product26.cil.c line 2929 function getClientForwardReceiver thread 0
----------------------------------------------------
  retValue_acc = 3 (00000000 00000000 00000000 00000011)

State 43 file email_spec9_product26.cil.c line 1297 function incoming__wrappee__Forward thread 0
----------------------------------------------------
  fwreceiver = 3 (00000000 00000000 00000000 00000011)

State 44 file email_spec9_product26.cil.c line 1677 function setEmailTo thread 0
----------------------------------------------------
  __ste_email_to0 = 3 (00000000 00000000 00000000 00000011)
Forwarding message.


ID:
  0

FROM:
  1

TO:
  0

IS_READABLE
  0

ENCRYPTED
  0

ENCRYPTION KEY
  0


State 52 file email_spec9_product26.cil.c line 1397 function is_queue_empty thread 0
----------------------------------------------------
  retValue_acc = 0 (00000000 00000000 00000000 00000000)

State 53 file email_spec9_product26.cil.c line 1415 function get_queued_email thread 0
----------------------------------------------------
  retValue_acc = 1 (00000000 00000000 00000000 00000001)

State 54 file email_spec9_product26.cil.c line 1406 function get_queued_client thread 0
----------------------------------------------------
  retValue_acc = 2 (00000000 00000000 00000000 00000010)

State 55 file email_spec9_product26.cil.c line 1226 function outgoing thread 0
----------------------------------------------------
  size = 0 (00000000 00000000 00000000 00000000)

State 56 file email_spec9_product26.cil.c line 1658 function getEmailTo thread 0
----------------------------------------------------
  retValue_acc = 3 (00000000 00000000 00000000 00000011)

State 57 file email_spec9_product26.cil.c line 1196 function outgoing__wrappee__AutoResponder thread 0
----------------------------------------------------
  receiver = 3 (00000000 00000000 00000000 00000011)

State 58 file email_spec9_product26.cil.c line 1198 function outgoing__wrappee__AutoResponder thread 0
----------------------------------------------------
  pubkey = 0 (00000000 00000000 00000000 00000000)

State 59 file email_spec9_product26.cil.c line 1166 function mail thread 0
----------------------------------------------------
  __utac__ad__arg1 = 1 (00000000 00000000 00000000 00000001)
before mail


in_encrypted=1


State 62 file email_spec9_product26.cil.c line 1773 function isEncrypted thread 0
----------------------------------------------------
  retValue_acc = 0 (00000000 00000000 00000000 00000000)

State 63 file email_spec9_product26.cil.c line 11 function reach_error thread 0
----------------------------------------------------
Violated property:
  file email_spec9_product26.cil.c line 11 function reach_error
  assertion 0
  0


VERIFICATION FAILED

Bug found (k = 6)


FALSE_REACH
