./esbmc-wrapper.py -p ../sv-benchmarks/c/properties/unreach-call.prp -s kinduction --arch 32 ../sv-benchmarks/c/weaver/chl-time-symm.wvr.c


--------------------------------------------------------------------------------


Found pthread benchmark!
Verifying with ESBMC
Command: ./esbmc --no-div-by-zero-check --force-malloc-success --state-hashing --add-symex-value-sets --no-align-check --k-step 5 --floatbv --unlimited-k-steps ../sv-benchmarks/c/weaver/chl-time-symm.wvr.c --32  --no-por --context-bound 2 --no-goto-merge --witness-output chl-time-symm.wvr.c.graphml --no-pointer-check --no-bounds-check --goto-unwind --unlimited-goto-unwind --incremental-bmc 
ESBMC version 6.8.0 64-bit x86_64 linux
Target: 32-bit little-endian x86_64-unknown-linux with esbmc libc
file ../sv-benchmarks/c/weaver/chl-time-symm.wvr.c: Parsing
Converting
Generating GOTO Program
GOTO program creation time: 0.089s
GOTO program processing time: 0.001s
*** Checking base case, k = 1
Starting Bounded Model Checking
Symex completed in: 0.007s (151 assignments)
Slicing time: 0.001s (removed 87 assignments)
Generated 1 VCC(s), 1 remaining after simplification (64 assignments)
No solver specified; defaulting to Boolector
Encoding remaining VCC(s) using bit-vector/floating-point arithmetic
Encoding to solver time: 0.001s
Solving with solver Boolector 3.2.2
Encoding to solver time: 0.001s
Runtime decision procedure: 0.001s
BMC program time: 0.010s
*** Thread interleavings 2 ***
Symex completed in: 0.002s (150 assignments)
Slicing time: 0.000s (removed 87 assignments)
Generated 0 VCC(s), 0 remaining after simplification (63 assignments)
BMC program time: 0.002s
*** Thread interleavings 3 ***
Symex completed in: 0.002s (149 assignments)
Slicing time: 0.000s (removed 87 assignments)
Generated 0 VCC(s), 0 remaining after simplification (62 assignments)
BMC program time: 0.002s
*** Thread interleavings 4 ***
Symex completed in: 0.003s (148 assignments)
Slicing time: 0.001s (removed 87 assignments)
Generated 0 VCC(s), 0 remaining after simplification (61 assignments)
BMC program time: 0.004s
*** Thread interleavings 5 ***
Symex completed in: 0.003s (148 assignments)
Slicing time: 0.001s (removed 87 assignments)
Generated 0 VCC(s), 0 remaining after simplification (61 assignments)
BMC program time: 0.004s
*** Thread interleavings 6 ***
Symex completed in: 0.003s (149 assignments)
Slicing time: 0.000s (removed 87 assignments)
Generated 0 VCC(s), 0 remaining after simplification (62 assignments)
BMC program time: 0.003s
*** Thread interleavings 7 ***
Symex completed in: 0.002s (150 assignments)
Slicing time: 0.000s (removed 87 assignments)
Generated 0 VCC(s), 0 remaining after simplification (63 assignments)
BMC program time: 0.002s
*** Thread interleavings 8 ***
Symex completed in: 0.002s (150 assignments)
Slicing time: 0.000s (removed 87 assignments)
Generated 0 VCC(s), 0 remaining after simplification (63 assignments)
BMC program time: 0.002s
*** Thread interleavings 9 ***
Symex completed in: 0.003s (149 assignments)
Slicing time: 0.001s (removed 87 assignments)
Generated 1 VCC(s), 1 remaining after simplification (62 assignments)
No solver specified; defaulting to Boolector
Encoding remaining VCC(s) using bit-vector/floating-point arithmetic
Encoding to solver time: 0.001s
Solving with solver Boolector 3.2.2
Encoding to solver time: 0.001s
Runtime decision procedure: 0.000s
BMC program time: 0.005s
*** Thread interleavings 10 ***
Symex completed in: 0.003s (148 assignments)
Slicing time: 0.000s (removed 87 assignments)
Generated 0 VCC(s), 0 remaining after simplification (61 assignments)
BMC program time: 0.003s
*** Thread interleavings 11 ***
Symex completed in: 0.003s (150 assignments)
Slicing time: 0.001s (removed 87 assignments)
Generated 1 VCC(s), 1 remaining after simplification (63 assignments)
No solver specified; defaulting to Boolector
Encoding remaining VCC(s) using bit-vector/floating-point arithmetic
Encoding to solver time: 0.001s
Solving with solver Boolector 3.2.2
Encoding to solver time: 0.001s
Runtime decision procedure: 0.001s
BMC program time: 0.006s
*** Thread interleavings 12 ***
Symex completed in: 0.002s (149 assignments)
Slicing time: 0.001s (removed 87 assignments)
Generated 0 VCC(s), 0 remaining after simplification (62 assignments)
BMC program time: 0.003s
*** Thread interleavings 13 ***
Symex completed in: 0.003s (151 assignments)
Slicing time: 0.000s (removed 87 assignments)
Generated 1 VCC(s), 1 remaining after simplification (64 assignments)
No solver specified; defaulting to Boolector
Encoding remaining VCC(s) using bit-vector/floating-point arithmetic
Encoding to solver time: 0.001s
Solving with solver Boolector 3.2.2
Encoding to solver time: 0.001s
Runtime decision procedure: 0.0
There are goto statements that shouldn't be merged at this point

Unknown
