./esbmc-wrapper.py -p ../sv-benchmarks/c/properties/unreach-call.prp -s kinduction --arch 32 ../sv-benchmarks/c/goblint-regression/13-privatized_38-traces-ex-4-switch_true.i


--------------------------------------------------------------------------------


Found pthread benchmark!
Verifying with ESBMC
Command: ./esbmc --no-div-by-zero-check --force-malloc-success --state-hashing --add-symex-value-sets --no-align-check --k-step 5 --floatbv --unlimited-k-steps ../sv-benchmarks/c/goblint-regression/13-privatized_38-traces-ex-4-switch_true.i --32  --no-por --context-bound 2 --no-goto-merge --witness-output 13-privatized_38-traces-ex-4-switch_true.i.graphml --no-pointer-check --no-bounds-check --goto-unwind --unlimited-goto-unwind --incremental-bmc 
ESBMC version 6.8.0 64-bit x86_64 linux
Target: 32-bit little-endian x86_64-unknown-linux with esbmc libc
file ../sv-benchmarks/c/goblint-regression/13-privatized_38-traces-ex-4-switch_true.i: Parsing
Converting
Generating GOTO Program
GOTO program creation time: 0.182s
GOTO program processing time: 0.002s
*** Checking base case, k = 1
Starting Bounded Model Checking
Symex completed in: 0.017s (112 assignments)
Slicing time: 0.000s (removed 98 assignments)
Generated 0 VCC(s), 0 remaining after simplification (14 assignments)
BMC program time: 0.017s
*** Thread interleavings 2 ***
Symex completed in: 0.010s (105 assignments)
Slicing time: 0.000s (removed 98 assignments)
Generated 0 VCC(s), 0 remaining after simplification (7 assignments)
BMC program time: 0.010s
*** Thread interleavings 3 ***
Symex completed in: 0.009s (102 assignments)
Slicing time: 0.000s (removed 93 assignments)
Generated 0 VCC(s), 0 remaining after simplification (9 assignments)
BMC program time: 0.009s
*** Thread interleavings 4 ***
Symex completed in: 0.008s (103 assignments)
Slicing time: 0.000s (removed 93 assignments)
Generated 0 VCC(s), 0 remaining after simplification (10 assignments)
BMC program time: 0.008s
*** Thread interleavings 5 ***
Symex completed in: 0.007s (100 assignments)
Slicing time: 0.000s (removed 88 assignments)
Generated 0 VCC(s), 0 remaining after simplification (12 assignments)
BMC program time: 0.007s
*** Thread interleavings 6 ***
Symex completed in: 0.005s (99 assignments)
Slicing time: 0.000s (removed 84 assignments)
Generated 1 VCC(s), 1 remaining after simplification (15 assignments)
No solver specified; defaulting to Boolector
Encoding remaining VCC(s) using bit-vector/floating-point arithmetic
Encoding to solver time: 0.000s
Solving with solver Boolector 3.2.2
Encoding to solver time: 0.000s
Runtime decision procedure: 0.000s
BMC program time: 0.006s
*** Thread interleavings 7 ***
Symex completed in: 0.004s (100 assignments)
Slicing time: 0.000s (removed 84 assignments)
Generated 1 VCC(s), 1 remaining after simplification (16 assignments)
No solver specified; defaulting to Boolector
Encoding remaining VCC(s) using bit-vector/floating-point arithmetic
Encoding to solver time: 0.000s
Solving with solver Boolector 3.2.2
Encoding to solver time: 0.000s
Runtime decision procedure: 0.000s
BMC program time: 0.005s
*** Thread interleavings 8 ***
Symex completed in: 0.003s (103 assignments)
Slicing time: 0.001s (removed 88 assignments)
Generated 0 VCC(s), 0 remaining after simplification (15 assignments)
BMC program time: 0.004s
*** Thread interleavings 9 ***
Symex completed in: 0.002s (103 assignments)
Slicing time: 0.000s (removed 88 assignments)
Generated 0 VCC(s), 0 remaining after simplification (15 assignments)
BMC program time: 0.002s
*** Thread interleavings 10 ***
Symex completed in: 0.011s (104 assignments)
Slicing time: 0.000s (removed 98 assignments)
Generated 0 VCC(s), 0 remaining after simplification (6 assignments)
BMC program time: 0.011s
*** Thread interleavings 11 ***
Symex completed in: 0.010s (101 assignments)
Slicing time: 0.000s (removed 93 assignments)
Generated 0 VCC(s), 0 remaining after simplification (8 assignments)
BMC program time: 0.010s
*** Thread interleavings 12 ***
Symex completed in: 0.008s (102 assignments)
Slicing time: 0.000s (removed 93 assignments)
Generated 0 VCC(s), 0 remaining after simplification (9 assignments)
BMC program time: 0.008s
*** Thread interleavings 13 ***
Symex completed in: 0.008s (99 assignments)
Slicing time: 0.000s (removed 88 assignments)
Generated 0 VCC(s), 0 remaining after simplification (11 assignments)
BMC program time: 0.008s
*** Thread interleavings 14 ***
Symex completed in: 0.006s (98 assignments)
Slicing time: 0.000s (removed 84 assignments)
Generated 1 VCC(s), 1 remaining after simplification (14 assignments)
No solver specified; defaulting to Boolector
Encoding remaining VCC(s) using bit-vector/floating-point arithmetic
Encoding to solver time: 0.000s
Solving with solver Boolector 3.2.2
Encoding to solver time: 0.000s
Runtime decision procedure: 0.000s
BMC program time: 0.007s
*** Thread interleavings 15 ***
Symex completed in: 0.005s (99 assignments)
Slicing time: 0.000s (removed 84 assignments)
Generated 1 VCC(s), 1 remaining after simplification (15 assignments)
No solver specified; defaulting to Boolector
Encoding remaining VCC(s) using bit-vector/floating-point arithmetic
Encoding to solver time: 0.000s
Solving with solver Boolector 3.2.2
Encoding to solver time: 0.000s
Runtime decision procedure: 0.000s
BMC program time: 0.006s
*** Thread interleavings 16 ***
Symex completed in: 0.005s (106 assignments)
Slicing time: 0.000s (removed 93 assignments)
Generated 0 VCC(s), 0 remaining after simplification (13 assignments)
BMC program time: 0.005s
*** Thread interleavings 17 ***
Symex completed in: 0.004s (106 assignments)
Slicing time: 0.000s (removed 93 assignments)
Generated 0 VCC(s), 0 remaining after simplification (13 assignments)
BMC program time: 0.004s
*** Thread interleavings 18 ***
Symex completed in: 0.011s (103 assignments)
Slicing time: 0.000s (removed 98 assignments)
Generated 0 VCC(s), 0 remaining after simplification (5 assignments)
BMC program time: 0.011s
*** Thread interleavings 19 ***
Symex completed in: 0.010s (100 assignments)
Slicing time: 0.000s (removed 93 assignments)
Generated 0 VCC(s), 0 remaining after simplification (7 assignments)
BMC program time: 0.010s
*** Thread interleavings 20 ***
Symex completed in: 0.008s (101 assignments)
Slicing time: 0.000s (removed 93 assignments)
Generated 0 VCC(s), 0 remaining after simplification (8 assignments)
BMC program time: 0.008s
*** Thread interleavings 21 ***
Symex completed in: 0.007s (98 assignments)
Slicing time: 0.000s (removed 88 assignments)
Generated 0 VCC(s), 0 remaining after simplification (10 assignments)
BMC program time: 0.007s
*** Thread interleavings 22 ***
Symex completed in: 0.005s (97 assignments)
Slicing time: 0.000s (removed 84 assignments)
Generated 1 VCC(s), 1 remaining after simplification (13 assignments)
No solver specified; defaulting to Boolector
Encoding remaining VCC(s) using bit-vector/floating-point arithmetic
Encoding to solver time: 0.000s
Solving with solver Boolector 3.2.2
Encoding to solver time: 0.000s
Runtime decision procedure: 0.000s
BMC program time: 0.006s
*** Thread interleavings 23 ***
Symex completed in: 0.005s (98 assignments)
Slicing time: 0.000s (removed 84 assignments)
Generated 1 VCC(s), 1 remaining after simplification (14 assignments)
No solver specified; defaulting to Boolector
Encoding remaining VCC(s) using bit-vector/floating-point arithmetic
Encoding to solver time: 0.000s
Solving with solver Boolector 3.2.2
Encoding to solver time: 0.000s
Runtime decision procedure: 0.000s
BMC program time: 0.006s
*** Thread interleavings 24 ***
Symex completed in: 0.005s (105 assignments)
Slicing time: 0.000s (removed 93 assignments)
Generated 0 VCC(s), 0 remaining after simplification (12 assignments)
BMC program time: 0.006s
*** Thread interleavings 25 ***
Symex completed in: 0.004s (105 assignments)
Slicing time: 0.000s (removed 93 assignments)
Generated 0 VCC(s), 0 remaining after simplification (12 assignments)
BMC program time: 0.004s
*** Thread interleavings 26 ***
Symex completed in: 0.013s (102 assignments)
Slicing time: 0.000s (removed 98 assignments)
Generated 0 VCC(s), 0 remaining after simplification (4 assignments)
BMC program time: 0.013s
*** Thread interleavings 27 ***
Symex completed in: 0.012s (99 assignments)
Slicing time: 0.000s (removed 93 assignments)
Generated 0 VCC(s), 0 remaining after simplification (6 assignments)
BMC program time: 0.012s
*** Thread interleavings 28 ***
Symex completed in: 0.010s (100 assignments)
Slicing time: 0.000s (removed 93 assignments)
Generated 0 VCC(s), 0 remaining after simplification (7 assignments)
BMC program time: 0.011s
*** Thread interleavings 29 ***
Symex completed in: 0.009s (97 assignments)
Slicing time: 0.000s (removed 88 assignments)
Generated 0 VCC(s), 0 remaining after simplification (9 assignments)
BMC program time: 0.009s
*** Thread interleavings 30 ***
Symex completed in: 0.006s (96 assignments)
Slicing time: 0.000s (removed 84 assignments)
Generated 1 VCC(s), 1 remaining after simplification (12 assignments)
No solver specified; defaulting to Boolector
Encoding remaining VCC(s) using bit-vector/floating-point arithmetic
Encoding to solver time: 0.000s
Solving with solver Boolector 3.2.2
Encoding to solver time: 0.000s
Runtime decision procedure: 0.000s
BMC program time: 0.007s
*** Thread interleavings 31 ***
Symex completed in: 0.006s (97 assignments)
Slicing time: 0.000s (removed 84 assignments)
Generated 1 VCC(s), 1 remaining after simplification (13 assignments)
No solver specified; defaulting to Boolector
Encoding remaining VCC(s) using bit-vector/floating-point arithmetic
Encoding to solver time: 0.000s
Solving with solver Boolector 3.2.2
Encoding to solver time: 0.000s
Runtime decision procedure: 0.000s
BMC program time: 0.007s
*** Thread interleavings 32 ***
Symex completed in: 0.007s (108 assignments)
Slicing time: 0.000s (removed 98 assignments)
Generated 0 VCC(s), 0 remaining after simplification (10 assignments)
BMC program time: 0.007s
*** Thread interleavings 33 ***
Symex completed in: 0.005s (108 assignments)
Slicing time: 0.000s (removed 98 assignments)
Generated 0 VCC(s), 0 remaining after simplification (10 assignments)
BMC program time: 0.005s
*** Thread interleavings 34 ***
Symex completed in: 0.013s (101 assignments)
Slicing time: 0.000s (removed 98 assignments)
Generated 0 VCC(s), 0 remaining after simplification (3 assignments)
BMC program time: 0.013s
*** Thread interleavings 35 ***
Symex completed in: 0.012s (98 assignments)
Slicing time: 0.000s (removed 93 assignments)
Generated 0 VCC(s), 0 remaining after simplification (5 assignments)
BMC program time: 0.013s
*** Thread interleavings 36 ***
Symex completed in: 0.010s (99 assignments)
Slicing time: 0.001s (removed 93 assignments)
Generated 0 VCC(s), 0 remaining after simplification (6 assignments)
BMC program time: 0.011s
*** Thread interleavings 37 ***
Symex completed in: 0.009s (96 assignments)
Slicing time: 0.001s (removed 88 assignments)
Generated 0 VCC(s), 0 remaining after simplification (8 assignments)
BMC program time: 0.010s
*** Thread interleavings 38 ***
Symex completed in: 0.007s (95 assignments)
Slicing time: 0.000s (removed 84 assignments)
Generated 1 VCC(s), 1 remaining after simplification (11 assignments)
No solver specified; defaulting to Boolector
Encoding remaining VCC(s) using bit-vector/floating-point arithmetic
Encoding to solver time: 0.000s
Solving with solver Boolector 3.2.2
Encoding to solver time: 0.000s
Runtime decision procedure: 0.000s
BMC program time: 0.008s
*** Thread interleavings 39 ***
Symex completed in: 0.006s (96 assignments)
Slicing time: 0.000s (removed 84 assignments)
Generated 1 VCC(s), 1 remaining after simplification (12 assignments)
No solver specified; defaulting to Boolector
Encoding remaining VCC(s) using bit-vector/floating-point arithmetic
Encoding to solver time: 0.000s
Solving with solver Boolector 3.2.2
Encoding to solver time: 0.000s
Runtime decision procedure: 0.000s
BMC program time: 0.007s
*** Thread interleavings 40 ***
Symex completed in: 0.007s (107 assignments)
Slicing time: 0.000s (removed 98 assignments)
Generated 0 VCC(s), 0 remaining after simplification (9 assignments)
BMC program time: 0.007s
*** Thread interleavings 41 ***
Symex completed in: 0.006s (107 assignments)
Slicing time: 0.000s (removed 98 assignments)
Generated 0 VCC(s), 0 remaining after simplification (9 assignments)
BMC program time: 0.006s
No bug has been found in the base case
*** Checking forward condition, k = 1
Starting Bounded Model Checking
Symex completed in: 0.017s (112 assignments)
Slicing time: 0.000s (removed 98 assignments)
Generated 0 VCC(s), 0 remaining after simplification (14 assignments)
BMC program time: 0.017s
*** Thread interleavings 2 ***
Symex completed in: 0.010s (105 assignments)
Slicing time: 0.000s (removed 98 assignments)
Generated 0 VCC(s), 0 remaining after simplification (7 assignments)
BMC program time: 0.010s
*** Thread interleavings 3 ***
Symex completed in: 0.009s (102 assignments)
Slicing time: 0.000s (removed 93 assignments)
Generated 0 VCC(s), 0 remaining after simplification (9 assignments)
BMC program time: 0.009s
*** Thread interleavings 4 ***
Symex completed in: 0.008s (103 assignments)
Slicing time: 0.000s (removed 93 assignments)
Generated 0 VCC(s), 0 remaining after simplification (10 assignments)
BMC program time: 0.008s
*** Thread interleavings 5 ***
Symex completed in: 0.007s (100 assignments)
Slicing time: 0.000s (removed 88 assignments)
Generated 0 VCC(s), 0 remaining after simplification (12 assignments)
BMC program time: 0.007s
*** Thread interleavings 6 ***
Symex completed in: 0.004s (98 assignments)
Slicing time: 0.001s (removed 84 assignments)
Generated 0 VCC(s), 0 remaining after simplification (14 assignments)
BMC program time: 0.005s
*** Thread interleavings 7 ***
Symex completed in: 0.004s (99 assignments)
Slicing time: 0.000s (removed 84 assignments)
Generated 0 VCC(s), 0 remaining after simplification (15 assignments)
BMC program time: 0.004s
*** Thread interleavings 8 ***
Symex completed in: 0.003s (103 assignments)
Slicing time: 0.000s (removed 88 assignments)
Generated 0 VCC(s), 0 remaining after simplification (15 assignments)
BMC program time: 0.003s
*** Thread interleavings 9 ***
Symex completed in: 0.002s (103 assignments)
Slicing time: 0.000s (removed 88 assignments)
Generated 0 VCC(s), 0 remaining after simplification (15 assignments)
BMC program time: 0.002s
*** Thread interleavings 10 ***
Symex completed in: 0.011s (104 assignments)
Slicing time: 0.000s (removed 98 assignments)
Generated 0 VCC(s), 0 remaining after simplification (6 assignments)
BMC program time: 0.011s
*** Thread interleavings 11 ***
Symex completed in: 0.009s (101 assignments)
Slicing time: 0.000s (removed 93 assignments)
Generated 0 VCC(s), 0 remaining after simplification (8 assignments)
BMC program time: 0.010s
*** Thread interleavings 12 ***
Symex completed in: 0.008s (102 assignments)
Slicing time: 0.000s (removed 93 assignments)
Generated 0 VCC(s), 0 remaining after simplification (9 assignments)
BMC program time: 0.009s
*** Thread interleavings 13 ***
Symex completed in: 0.007s (99 assignments)
Slicing time: 0.001s (removed 88 assignments)
Generated 0 VCC(s), 0 remaining after simplification (11 assignments)
BMC program time: 0.008s
*** Thread interleavings 14 ***
Symex completed in: 0.006s (97 assignments)
Slicing time: 0.000s (removed 84 assignments)
Generated 0 VCC(s), 0 remaining after simplification (13 assignments)
BMC program time: 0.006s
*** Thread interleavings 15 ***
Symex completed in: 0.005s (98 assignments)
Slicing time: 0.000s (removed 84 assignments)
Generated 0 VCC(s), 0 remaining after simplification (14 assignments)
BMC program time: 0.005s
*** Thread interleavings 16 ***
Symex completed in: 0.005s (106 assignments)
Slicing time: 0.000s (removed 93 assignments)
Generated 0 VCC(s), 0 remaining after simplification (13 assignments)
BMC program time: 0.005s
*** Thread interleavings 17 ***
Symex completed in: 0.004s (106 assignments)
Slicing time: 0.000s (removed 93 assignments)
Generated 0 VCC(s), 0 remaining after simplification (13 assignments)
BMC program time: 0.004s
*** Thread interleavings 18 ***
Symex completed in: 0.011s (103 assignments)
Slicing time: 0.000s (removed 98 assignments)
Generated 0 VCC(s), 0 remaining after simplification (5 assignments)
BMC program time: 0.011s
*** Thread interleavings 19 ***
Symex completed in: 0.010s (100 assignments)
Slicing time: 0.000s (removed 93 assignments)
Generated 0 VCC(s), 0 remaining after simplification (7 assignments)
BMC program time: 0.010s
*** Thread interleavings 20 ***
Symex completed in: 0.009s (101 assignments)
Slicing time: 0.000s (removed 93 assignments)
Generated 0 VCC(s), 0 remaining after simplification (8 assignments)
BMC program time: 0.009s
*** Thread interleavings 21 ***
Symex completed in: 0.008s (98 assignments)
Slicing time: 0.000s (removed 88 assignments)
Generated 0 VCC(s), 0 remaining after simplification (10 assignments)
BMC program time: 0.008s
*** Thread interleavings 22 ***
Symex completed in: 0.005s (96 assignments)
Slicing time: 0.001s (removed 84 assignments)
Generated 0 VCC(s), 0 remaining after simplification (12 assignments)
BMC program time: 0.006s
*** Thread interleavings 23 ***
Symex completed in: 0.005s (97 assignments)
Slicing time: 0.000s (removed 84 assignments)
Generated 0 VCC(s), 0 remaining after simplification (13 assignments)
BMC program time: 0.005s
*** Thread interleavings 24 ***
Symex completed in: 0.005s (105 assignments)
Slicing time: 0.000s (removed 93 assignments)
Generated 0 VCC(s), 0 remaining after simplification (12 assignments)
BMC program time: 0.005s
*** Thread interleavings 25 ***
Symex completed in: 0.004s (105 assignments)
Slicing time: 0.000s (removed 93 assignments)
Generated 0 VCC(s), 0 remaining after simplification (12 assignments)
BMC program time: 0.004s
*** Thread interleavings 26 ***
Symex completed in: 0.013s (102 assignments)
Slicing time: 0.000s (removed 98 assignments)
Generated 0 VCC(s), 0 remaining after simplification (4 assignments)
BMC program time: 0.013s
*** Thread interleavings 27 ***
Symex completed in: 0.011s (99 assignments)
Slicing time: 0.001s (removed 93 assignments)
Generated 0 VCC(s), 0 remaining after simplification (6 assignments)
BMC program time: 0.012s
*** Thread interleavings 28 ***
Symex completed in: 0.010s (100 assignments)
Slicing time: 0.000s (removed 93 assignments)
Generated 0 VCC(s), 0 remaining after simplification (7 assignments)
BMC program time: 0.010s
*** Thread interleavings 29 ***
Symex completed in: 0.009s (97 assignments)
Slicing time: 0.000s (removed 88 assignments)
Generated 0 VCC(s), 0 remaining after simplification (9 assignments)
BMC program time: 0.009s
*** Thread interleavings 30 ***
Symex completed in: 0.007s (95 assignments)
Slicing time: 0.000s (removed 84 assignments)
Generated 0 VCC(s), 0 remaining after simplification (11 assignments)
BMC program time: 0.007s
*** Thread interleavings 31 ***
Symex completed in: 0.006s (96 assignments)
Slicing time: 0.000s (removed 84 assignments)
Generated 0 VCC(s), 0 remaining after simplification (12 assignments)
BMC program time: 0.006s
*** Thread interleavings 32 ***
Symex completed in: 0.007s (108 assignments)
Slicing time: 0.000s (removed 98 assignments)
Generated 0 VCC(s), 0 remaining after simplification (10 assignments)
BMC program time: 0.007s
*** Thread interleavings 33 ***
Symex completed in: 0.006s (108 assignments)
Slicing time: 0.000s (removed 98 assignments)
Generated 0 VCC(s), 0 remaining after simplification (10 assignments)
BMC program time: 0.006s
*** Thread interleavings 34 ***
Symex completed in: 0.014s (101 assignments)
Slicing time: 0.000s (removed 98 assignments)
Generated 0 VCC(s), 0 remaining after simplification (3 assignments)
BMC program time: 0.014s
*** Thread interleavings 35 ***
Symex completed in: 0.012s (98 assignments)
Slicing time: 0.001s (removed 93 assignments)
Generated 0 VCC(s), 0 remaining after simplification (5 assignments)
BMC program time: 0.013s
*** Thread interleavings 36 ***
Symex completed in: 0.010s (99 assignments)
Slicing time: 0.001s (removed 93 assignments)
Generated 0 VCC(s), 0 remaining after simplification (6 assignments)
BMC program time: 0.011s
*** Thread interleavings 37 ***
Symex completed in: 0.009s (96 assignments)
Slicing time: 0.001s (removed 88 assignments)
Generated 0 VCC(s), 0 remaining after simplification (8 assignments)
BMC program time: 0.010s
*** Thread interleavings 38 ***
Symex completed in: 0.007s (94 assignments)
Slicing time: 0.000s (removed 84 assignments)
Generated 0 VCC(s), 0 remaining after simplification (10 assignments)
BMC program time: 0.007s
*** Thread interleavings 39 ***
Symex completed in: 0.007s (95 assignments)
Slicing time: 0.000s (removed 84 assignments)
Generated 0 VCC(s), 0 remaining after simplification (11 assignments)
BMC program time: 0.007s
*** Thread interleavings 40 ***
Symex completed in: 0.007s (107 assignments)
Slicing time: 0.001s (removed 98 assignments)
Generated 0 VCC(s), 0 remaining after simplification (9 assignments)
BMC program time: 0.008s
*** Thread interleavings 41 ***
Symex completed in: 0.006s (107 assignments)
Slicing time: 0.000s (removed 98 assignments)
Generated 0 VCC(s), 0 remaining after simplification (9 assignments)
BMC program time: 0.006s
Building successful trace

VERIFICATION SUCCESSFUL

Solution found by the forward condition; all states are reachable (k = 1

../sv-benchmarks/c/goblint-regression/13-privatized_38-traces-ex-4-switch_true.i:506:12: warning: declaration of built-in function '__sigsetjmp' requires the declaration of the 'jmp_buf' type, commonly provided in the header <setjmp.h>. [-Wincomplete-setjmp-declaration]
extern int __sigsetjmp (struct __jmp_buf_tag *__env, int __savemask) __attribute__ ((__nothrow__));
           ^

TRUE
