./esbmc-wrapper.py -p ../sv-benchmarks/c/properties/unreach-call.prp -s kinduction --arch 32 ../sv-benchmarks/c/seq-mthreaded/pals_lcr-var-start-time.4.2.ufo.UNBOUNDED.pals.c


--------------------------------------------------------------------------------


Verifying with ESBMC
Command: ./esbmc --no-div-by-zero-check --force-malloc-success --state-hashing --add-symex-value-sets --no-align-check --k-step 5 --floatbv --unlimited-k-steps ../sv-benchmarks/c/seq-mthreaded/pals_lcr-var-start-time.4.2.ufo.UNBOUNDED.pals.c --32 --witness-output pals_lcr-var-start-time.4.2.ufo.UNBOUNDED.pals.c.graphml --no-pointer-check --no-bounds-check --interval-analysis --goto-unwind --unlimited-goto-unwind --k-induction --max-inductive-step 3 
ESBMC version 6.8.0 64-bit x86_64 linux
Target: 32-bit little-endian x86_64-unknown-linux with esbmc libc
file ../sv-benchmarks/c/seq-mthreaded/pals_lcr-var-start-time.4.2.ufo.UNBOUNDED.pals.c: Parsing
Converting
Generating GOTO Program
GOTO program creation time: 0.097s
GOTO program processing time: 0.011s
*** Checking base case, k = 1
Starting Bounded Model Checking
Not unwinding 
Symex completed in: 0.007s (250 assignments)
Slicing time: 0.001s (removed 160 assignments)
Generated 1 VCC(s), 1 remaining after simplification (90 assignments)
No solver specified; defaulting to Boolector
Encoding remaining VCC(s) using bit-vector/floating-point arithmetic
Encoding to solver time: 0.001s
Solving with solver Boolector 3.2.2
Encoding to solver time: 0.001s
Runtime decision procedure: 0.001s
BMC program time: 0.010s
No bug has been found in the base case
*** Checking forward condition, k = 1
Starting Bounded Model Checking
Not unwinding 
Symex completed in: 0.007s (249 assignments)
Slicing time: 0.000s (removed 160 assignments)
Generated 1 VCC(s), 1 remaining after simplification (89 assignments)
No solver specified; defaulting to Boolector
Encoding remaining VCC(s) using bit-vector/floating-point arithmetic
Encoding to solver time: 0.001s
Solving with solver Boolector 3.2.2
Encoding to solver time: 0.001s
Runtime decision procedure: 0.012s
The forward condition is unable to prove the property
*** Checking base case, k = 6
Starting Bounded Model Checking
Unwinding loop 2  iteration  1   file pals_lcr-var-start-time.4.2.ufo.UNBOUNDED.pals.c line 363 function main
Unwinding loop 2  iteration  2   file pals_lcr-var-start-time.4.2.ufo.UNBOUNDED.pals.c line 363 function main
Unwinding loop 2  iteration  3   file pals_lcr-var-start-time.4.2.ufo.UNBOUNDED.pals.c line 363 function main
Unwinding loop 2  iteration  4   file pals_lcr-var-start-time.4.2.ufo.UNBOUNDED.pals.c line 363 function main
Unwinding loop 2  iteration  5   file pals_lcr-var-start-time.4.2.ufo.UNBOUNDED.pals.c line 363 function main
Not unwinding 
Symex completed in: 0.033s (1135 assignments)
Slicing time: 0.002s (removed 505 assignments)
Generated 6 VCC(s), 6 remaining after simplification (630 assignments)
No solver specified; defaulting to Boolector
Encoding remaining VCC(s) using bit-vector/floating-point arithmetic
Encoding to solver time: 0.006s
Solving with solver Boolector 3.2.2
Encoding to solver time: 0.006s
Runtime decision procedure: 0.521s
BMC program time: 0.563s
No bug has been found in the base case
*** Checking forward condition, k = 6
Starting Bounded Model Checking
Unwinding loop 2  iteration  1   file pals_lcr-var-start-time.4.2.ufo.UNBOUNDED.pals.c line 363 function main
Unwinding loop 2  iteration  2   file pals_lcr-var-start-time.4.2.ufo.UNBOUNDED.pals.c line 363 function main
Unwinding loop 2  iteration  3   file pals_lcr-var-start-time.4.2.ufo.UNBOUNDED.pals.c line 363 function main
Unwinding loop 2  iteration  4   file pals_lcr-var-start-time.4.2.ufo.UNBOUNDED.pals.c line 363 function main
Unwinding loop 2  iteration  5   file pals_lcr-var-start-time.4.2.ufo.UNBOUNDED.pals.c line 363 function main
Not unwinding 
Symex completed in: 0.032s (1129 assignments)
Slicing time: 0.002s (removed 505 assignments)
Generated 1 VCC(s), 1 remaining after simplification (624 assignments)
No solver specified; defaulting to Boolector
Encoding remaining VCC(s) using bit-vector/floating-point arithmetic
Encoding to solver time: 0.006s
Solving with solver Boolector 3.2.2
Encoding to solver time: 0.006s
Runtime decision procedure: 0.074s
The forward condition is unable to prove the property
*** Checking base case, k = 11
Starting Bounded Model Checking
Unwinding loop 2  iteration  1   file pals_lcr-var-start-time.4.2.ufo.UNBOUNDED.pals.c line 363 function main
Unwinding loop 2  iteration  2   file pals_lcr-var-start-time.4.2.ufo.UNBOUNDED.pals.c line 363 function main
Unwinding loop 2  iteration  3   file pals_lcr-var-start-time.4.2.ufo.UNBOUNDED.pals.c line 363 function main
Unwinding loop 2  iteration  4   file pals_lcr-var-start-time.4.2.ufo.UNBOUNDED.pals.c line 363 function main
Unwinding loop 2  iteration  5   file pals_lcr-var-start-time.4.2.ufo.UNBOUNDED.pals.c line 363 function main
Unwinding loop 2  iteration  6   file pals_lcr-var-start-time.4.2.ufo.UNBOUNDED.pals.c line 363 function main
Unwinding loop 2  iteration  7   file pals_lcr-var-start-time.4.2.ufo.UNBOUNDED.pals.c line 363 function main
Unwinding loop 2  iteration  8   file pals_lcr-var-start-time.4.2.ufo.UNBOUNDED.pals.c line 363 function main
Unwinding loop 2  iteration  9   file pals_lcr-var-start-time.4.2.ufo.UNBOUNDED.pals.c line 363 function main
Unwinding loop 2  iteration  10   file pals_lcr-var-start-time.4.2.ufo.UNBOUNDED.pals.c line 363 function main
Not unwinding 
Symex completed in: 0.058s (2020 assignments)
Slicing time: 0.004s (removed 790 assignments)
Generated 11 VCC(s), 11 remaining after simplification (1230 assignments)
No solver specified; defaulting to Boolector
Encoding remaining VCC(s) using bit-vector/floating-point arithmetic
Encoding to solver time: 0.012s
Solving with solver Boolector 3.2.2
Encoding to solver time: 0.012s
Runtime decision procedure: 0.616s
Building error trace

Counterexample:

State 1 file pals_lcr-var-start-time.4.2.ufo.UNBOUNDED.pals.c line 331 function main thread 0
----------------------------------------------------
  r1 = 0 (00000000)

State 2 file pals_lcr-var-start-time.4.2.ufo.UNBOUNDED.pals.c line 332 function main thread 0
----------------------------------------------------
  id1 = 123 (01111011)

State 3 file pals_lcr-var-start-time.4.2.ufo.UNBOUNDED.pals.c line 333 function main thread 0
----------------------------------------------------
  st1 = 0 (00000000)

State 4 file pals_lcr-var-start-time.4.2.ufo.UNBOUNDED.pals.c line 334 function main thread 0
----------------------------------------------------
  send1 = 123 (01111011)

State 5 file pals_lcr-var-start-time.4.2.ufo.UNBOUNDED.pals.c line 335 function main thread 0
----------------------------------------------------
  mode1 = 0

State 6 file pals_lcr-var-start-time.4.2.ufo.UNBOUNDED.pals.c line 336 function main thread 0
----------------------------------------------------
  alive1 = 0

State 7 file pals_lcr-var-start-time.4.2.ufo.UNBOUNDED.pals.c line 337 function main thread 0
----------------------------------------------------
  id2 = 125 (01111101)

State 8 file pals_lcr-var-start-time.4.2.ufo.UNBOUNDED.pals.c line 338 function main thread 0
----------------------------------------------------
  st2 = 0 (00000000)

State 9 file pals_lcr-var-start-time.4.2.ufo.UNBOUNDED.pals.c line 339 function main thread 0
----------------------------------------------------
  send2 = 125 (01111101)

State 10 file pals_lcr-var-start-time.4.2.ufo.UNBOUNDED.pals.c line 340 function main thread 0
----------------------------------------------------
  mode2 = 0

State 11 file pals_lcr-var-start-time.4.2.ufo.UNBOUNDED.pals.c line 341 function main thread 0
----------------------------------------------------
  alive2 = 1

State 12 file pals_lcr-var-start-time.4.2.ufo.UNBOUNDED.pals.c line 342 function main thread 0
----------------------------------------------------
  id3 = 121 (01111001)

State 13 file pals_lcr-var-start-time.4.2.ufo.UNBOUNDED.pals.c line 343 function main thread 0
----------------------------------------------------
  st3 = 0 (00000000)

State 14 file pals_lcr-var-start-time.4.2.ufo.UNBOUNDED.pals.c line 344 function main thread 0
----------------------------------------------------
  send3 = 121 (01111001)

State 15 file pals_lcr-var-start-time.4.2.ufo.UNBOUNDED.pals.c line 345 function main thread 0
----------------------------------------------------
  mode3 = 0

State 16 file pals_lcr-var-start-time.4.2.ufo.UNBOUNDED.pals.c line 346 function main thread 0
----------------------------------------------------
  alive3 = 1

State 17 file pals_lcr-var-start-time.4.2.ufo.UNBOUNDED.pals.c line 347 function main thread 0
----------------------------------------------------
  id4 = 105 (01101001)

State 18 file pals_lcr-var-start-time.4.2.ufo.UNBOUNDED.pals.c line 348 function main thread 0
----------------------------------------------------
  st4 = 0 (00000000)

State 19 file pals_lcr-var-start-time.4.2.ufo.UNBOUNDED.pals.c line 349 function main thread 0
----------------------------------------------------
  send4 = 105 (01101001)

State 20 file pals_lcr-var-start-time.4.2.ufo.UNBOUNDED.pals.c line 350 function main thread 0
----------------------------------------------------
  mode4 = 0

State 21 file pals_lcr-var-start-time.4.2.ufo.UNBOUNDED.pals.c line 351 function main thread 0
----------------------------------------------------
  alive4 = 0

State 22 file pals_lcr-var-start-time.4.2.ufo.UNBOUNDED.pals.c line 121 function node2 thread 0
----------------------------------------------------
  p2_new = 125 (01111101)

State 23 file pals_lcr-var-start-time.4.2.ufo.UNBOUNDED.pals.c line 155 function node3 thread 0
----------------------------------------------------
  p3_new = 121 (01111001)

State 24 file pals_lcr-var-start-time.4.2.ufo.UNBOUNDED.pals.c line 369 function main thread 0
----------------------------------------------------
  p1_old = -1 (11111111)

State 25 file pals_lcr-var-start-time.4.2.ufo.UNBOUNDED.pals.c line 371 function main thread 0
----------------------------------------------------
  p2_old = 125 (01111101)

State 26 file pals_lcr-var-start-time.4.2.ufo.UNBOUNDED.pals.c line 373 function main thread 0
----------------------------------------------------
  p3_old = 121 (01111001)

State 27 file pals_lcr-var-start-time.4.2.ufo.UNBOUNDED.pals.c line 375 function main thread 0
----------------------------------------------------
  p4_old = -1 (11111111)

State 28 file pals_lcr-var-start-time.4.2.ufo.UNBOUNDED.pals.c line 72 function node1 thread 0
----------------------------------------------------
  r1 = 1 (00000001)

State 29 file pals_lcr-var-start-time.4.2.ufo.UNBOUNDED.pals.c line 73 function node1 thread 0
----------------------------------------------------
  m1 = -1 (11111111)

State 30 file pals_lcr-var-start-time.4.2.ufo.UNBOUNDED.pals.c line 104 function node2 thread 0
----------------------------------------------------
  m2 = -1 (11111111)

State 31 file pals_lcr-var-start-time.4.2.ufo.UNBOUNDED.pals.c line 138 function node3 thread 0
----------------------------------------------------
  m3 = 125 (01111101)

State 32 file pals_lcr-var-start-time.4.2.ufo.UNBOUNDED.pals.c line 143 function node3 thread 0
----------------------------------------------------
  send3 = 125 (01111101)

State 33 file pals_lcr-var-start-time.4.2.ufo.UNBOUNDED.pals.c line 172 function node4 thread 0
----------------------------------------------------
  m4 = 121 (01111001)

State 34 file pals_lcr-var-start-time.4.2.ufo.UNBOUNDED.pals.c line 183 function node4 thread 0
----------------------------------------------------
  send4 = 121 (01111001)

State 35 file pals_lcr-var-start-time.4.2.ufo.UNBOUNDED.pals.c line 369 function main thread 0
----------------------------------------------------
  p1_old = -1 (11111111)

State 36 file pals_lcr-var-start-time.4.2.ufo.UNBOUNDED.pals.c line 371 function main thread 0
----------------------------------------------------
  p2_old = -1 (11111111)

State 37 file pals_lcr-var-start-time.4.2.ufo.UNBOUNDED.pals.c line 373 function main thread 0
----------------------------------------------------
  p3_old = -1 (11111111)

State 38 file pals_lcr-var-start-time.4.2.ufo.UNBOUNDED.pals.c line 375 function main thread 0
----------------------------------------------------
  p4_old = -1 (11111111)

State 39 file pals_lcr-var-start-time.4.2.ufo.UNBOUNDED.pals.c line 121 function node2 thread 0
----------------------------------------------------
  p2_new = 125 (01111101)

State 40 file pals_lcr-var-start-time.4.2.ufo.UNBOUNDED.pals.c line 155 function node3 thread 0
----------------------------------------------------
  p3_new = 125 (01111101)

State 41 file pals_lcr-var-start-time.4.2.ufo.UNBOUNDED.pals.c line 192 function node4 thread 0
----------------------------------------------------
  p4_new = 121 (01111001)

State 42 file pals_lcr-var-start-time.4.2.ufo.UNBOUNDED.pals.c line 369 function main thread 0
----------------------------------------------------
  p1_old = -1 (11111111)

State 43 file pals_lcr-var-start-time.4.2.ufo.UNBOUNDED.pals.c line 371 function main thread 0
----------------------------------------------------
  p2_old = 125 (01111101)

State 44 file pals_lcr-var-start-time.4.2.ufo.UNBOUNDED.pals.c line 373 function main thread 0
----------------------------------------------------
  p3_old = 125 (01111101)

State 45 file pals_lcr-var-start-time.4.2.ufo.UNBOUNDED.pals.c line 375 function main thread 0
----------------------------------------------------
  p4_old = 121 (01111001)

State 46 file pals_lcr-var-start-time.4.2.ufo.UNBOUNDED.pals.c line 72 function node1 thread 0
----------------------------------------------------
  r1 = 2 (00000010)

State 47 file pals_lcr-var-start-time.4.2.ufo.UNBOUNDED.pals.c line 73 function node1 thread 0
----------------------------------------------------
  m1 = 121 (01111001)

State 48 file pals_lcr-var-start-time.4.2.ufo.UNBOUNDED.pals.c line 84 function node1 thread 0
----------------------------------------------------
  send1 = 121 (01111001)

State 49 file pals_lcr-var-start-time.4.2.ufo.UNBOUNDED.pals.c line 104 function node2 thread 0
----------------------------------------------------
  m2 = -1 (11111111)

State 50 file pals_lcr-var-start-time.4.2.ufo.UNBOUNDED.pals.c line 138 function node3 thread 0
----------------------------------------------------
  m3 = 125 (01111101)

State 51 file pals_lcr-var-start-time.4.2.ufo.UNBOUNDED.pals.c line 143 function node3 thread 0
----------------------------------------------------
  send3 = 125 (01111101)

State 52 file pals_lcr-var-start-time.4.2.ufo.UNBOUNDED.pals.c line 172 function node4 thread 0
----------------------------------------------------
  m4 = 125 (01111101)

State 53 file pals_lcr-var-start-time.4.2.ufo.UNBOUNDED.pals.c line 183 function node4 thread 0
----------------------------------------------------
  send4 = 125 (01111101)

State 54 file pals_lcr-var-start-time.4.2.ufo.UNBOUNDED.pals.c line 369 function main thread 0
----------------------------------------------------
  p1_old = -1 (11111111)

State 55 file pals_lcr-var-start-time.4.2.ufo.UNBOUNDED.pals.c line 371 function main thread 0
----------------------------------------------------
  p2_old = -1 (11111111)

State 56 file pals_lcr-var-start-time.4.2.ufo.UNBOUNDED.pals.c line 373 function main thread 0
----------------------------------------------------
  p3_old = -1 (11111111)

State 57 file pals_lcr-var-start-time.4.2.ufo.UNBOUNDED.pals.c line 375 function main thread 0
----------------------------------------------------
  p4_old = -1 (11111111)

State 58 file pals_lcr-var-start-time.4.2.ufo.UNBOUNDED.pals.c line 121 function node2 thread 0
----------------------------------------------------
  p2_new = 125 (01111101)

State 59 file pals_lcr-var-start-time.4.2.ufo.UNBOUNDED.pals.c line 155 function node3 thread 0
----------------------------------------------------
  p3_new = 125 (01111101)

State 60 file pals_lcr-var-start-time.4.2.ufo.UNBOUNDED.pals.c line 192 function node4 thread 0
----------------------------------------------------
  p4_new = 125 (01111101)

State 61 file pals_lcr-var-start-time.4.2.ufo.UNBOUNDED.pals.c line 369 function main thread 0
----------------------------------------------------
  p1_old = -1 (11111111)

State 62 file pals_lcr-var-start-time.4.2.ufo.UNBOUNDED.pals.c line 371 function main thread 0
----------------------------------------------------
  p2_old = 125 (01111101)

State 63 file pals_lcr-var-start-time.4.2.ufo.UNBOUNDED.pals.c line 373 function main thread 0
----------------------------------------------------
  p3_old = 125 (01111101)

State 64 file pals_lcr-var-start-time.4.2.ufo.UNBOUNDED.pals.c line 375 function main thread 0
----------------------------------------------------
  p4_old = 125 (01111101)

State 65 file pals_lcr-var-start-time.4.2.ufo.UNBOUNDED.pals.c line 72 function node1 thread 0
----------------------------------------------------
  r1 = 3 (00000011)

State 66 file pals_lcr-var-start-time.4.2.ufo.UNBOUNDED.pals.c line 73 function node1 thread 0
----------------------------------------------------
  m1 = 125 (01111101)

State 67 file pals_lcr-var-start-time.4.2.ufo.UNBOUNDED.pals.c line 84 function node1 thread 0
----------------------------------------------------
  send1 = 125 (01111101)

State 68 file pals_lcr-var-start-time.4.2.ufo.UNBOUNDED.pals.c line 104 function node2 thread 0
----------------------------------------------------
  m2 = -1 (11111111)

State 69 file pals_lcr-var-start-time.4.2.ufo.UNBOUNDED.pals.c line 138 function node3 thread 0
----------------------------------------------------
  m3 = 125 (01111101)

State 70 file pals_lcr-var-start-time.4.2.ufo.UNBOUNDED.pals.c line 143 function node3 thread 0
----------------------------------------------------
  send3 = 125 (01111101)

State 71 file pals_lcr-var-start-time.4.2.ufo.UNBOUNDED.pals.c line 172 function node4 thread 0
----------------------------------------------------
  m4 = 125 (01111101)

State 72 file pals_lcr-var-start-time.4.2.ufo.UNBOUNDED.pals.c line 183 function node4 thread 0
----------------------------------------------------
  send4 = 125 (01111101)

State 73 file pals_lcr-var-start-time.4.2.ufo.UNBOUNDED.pals.c line 369 function main thread 0
----------------------------------------------------
  p1_old = -1 (11111111)

State 74 file pals_lcr-var-start-time.4.2.ufo.UNBOUNDED.pals.c line 371 function main thread 0
----------------------------------------------------
  p2_old = -1 (11111111)

State 75 file pals_lcr-var-start-time.4.2.ufo.UNBOUNDED.pals.c line 373 function main thread 0
----------------------------------------------------
  p3_old = -1 (11111111)

State 76 file pals_lcr-var-start-time.4.2.ufo.UNBOUNDED.pals.c line 375 function main thread 0
----------------------------------------------------
  p4_old = -1 (11111111)

State 77 file pals_lcr-var-start-time.4.2.ufo.UNBOUNDED.pals.c line 121 function node2 thread 0
----------------------------------------------------
  p2_new = 125 (01111101)

State 78 file pals_lcr-var-start-time.4.2.ufo.UNBOUNDED.pals.c line 155 function node3 thread 0
----------------------------------------------------
  p3_new = 125 (01111101)

State 79 file pals_lcr-var-start-time.4.2.ufo.UNBOUNDED.pals.c line 192 function node4 thread 0
----------------------------------------------------
  p4_new = 125 (01111101)

State 80 file pals_lcr-var-start-time.4.2.ufo.UNBOUNDED.pals.c line 369 function main thread 0
----------------------------------------------------
  p1_old = -1 (11111111)

State 81 file pals_lcr-var-start-time.4.2.ufo.UNBOUNDED.pals.c line 371 function main thread 0
----------------------------------------------------
  p2_old = 125 (01111101)

State 82 file pals_lcr-var-start-time.4.2.ufo.UNBOUNDED.pals.c line 373 function main thread 0
----------------------------------------------------
  p3_old = 125 (01111101)

State 83 file pals_lcr-var-start-time.4.2.ufo.UNBOUNDED.pals.c line 375 function main thread 0
----------------------------------------------------
  p4_old = 125 (01111101)

State 84 file pals_lcr-var-start-time.4.2.ufo.UNBOUNDED.pals.c line 72 function node1 thread 0
----------------------------------------------------
  r1 = 4 (00000100)

State 85 file pals_lcr-var-start-time.4.2.ufo.UNBOUNDED.pals.c line 73 function node1 thread 0
----------------------------------------------------
  m1 = 125 (01111101)

State 86 file pals_lcr-var-start-time.4.2.ufo.UNBOUNDED.pals.c line 84 function node1 thread 0
----------------------------------------------------
  send1 = 125 (01111101)

State 87 file pals_lcr-var-start-time.4.2.ufo.UNBOUNDED.pals.c line 104 function node2 thread 0
----------------------------------------------------
  m2 = -1 (11111111)

State 88 file pals_lcr-var-start-time.4.2.ufo.UNBOUNDED.pals.c line 138 function node3 thread 0
----------------------------------------------------
  m3 = 125 (01111101)

State 89 file pals_lcr-var-start-time.4.2.ufo.UNBOUNDED.pals.c line 143 function node3 thread 0
----------------------------------------------------
  send3 = 125 (01111101)

State 90 file pals_lcr-var-start-time.4.2.ufo.UNBOUNDED.pals.c line 172 function node4 thread 0
----------------------------------------------------
  m4 = 125 (01111101)

State 91 file pals_lcr-var-start-time.4.2.ufo.UNBOUNDED.pals.c line 183 function node4 thread 0
----------------------------------------------------
  send4 = 125 (01111101)

State 92 file pals_lcr-var-start-time.4.2.ufo.UNBOUNDED.pals.c line 369 function main thread 0
----------------------------------------------------
  p1_old = -1 (11111111)

State 93 file pals_lcr-var-start-time.4.2.ufo.UNBOUNDED.pals.c line 371 function main thread 0
----------------------------------------------------
  p2_old = -1 (11111111)

State 94 file pals_lcr-var-start-time.4.2.ufo.UNBOUNDED.pals.c line 373 function main thread 0
----------------------------------------------------
  p3_old = -1 (11111111)

State 95 file pals_lcr-var-start-time.4.2.ufo.UNBOUNDED.pals.c line 375 function main thread 0
----------------------------------------------------
  p4_old = -1 (11111111)

State 96 file pals_lcr-var-start-time.4.2.ufo.UNBOUNDED.pals.c line 3 function reach_error thread 0
----------------------------------------------------
Violated property:
  file pals_lcr-var-start-time.4.2.ufo.UNBOUNDED.pals.c line 3 function reach_error
  assertion 0
  0


VERIFICATION FAILED

Bug found (k = 11)


FALSE_REACH
