./esbmc-wrapper.py -p ../sv-benchmarks/c/properties/termination.prp -s kinduction --arch 32 ../sv-benchmarks/c/product-lines/elevator_spec1_productSimulator.cil.c


--------------------------------------------------------------------------------


Verifying with ESBMC
Command: ./esbmc --no-div-by-zero-check --force-malloc-success --state-hashing --add-symex-value-sets --no-align-check --k-step 5 --floatbv --unlimited-k-steps ../sv-benchmarks/c/product-lines/elevator_spec1_productSimulator.cil.c --32 --witness-output elevator_spec1_productSimulator.cil.c.graphml --no-pointer-check --no-bounds-check --no-assertions --termination --max-inductive-step 3 
ESBMC version 6.8.0 64-bit x86_64 linux
Target: 32-bit little-endian x86_64-unknown-linux with esbmc libc
file ../sv-benchmarks/c/product-lines/elevator_spec1_productSimulator.cil.c: Parsing
Converting
Generating GOTO Program
GOTO program creation time: 0.194s
GOTO program processing time: 0.056s
*** Checking forward condition, k = 1
Starting Bounded Model Checking
Not unwinding 
Symex completed in: 0.164s (1858 assignments)
Slicing time: 0.002s (removed 1835 assignments)
Generated 1 VCC(s), 1 remaining after simplification (23 assignments)
No solver specified; defaulting to Boolector
Encoding remaining VCC(s) using bit-vector/floating-point arithmetic
Encoding to solver time: 0.001s
Solving with solver Boolector 3.2.2
Encoding to solver time: 0.001s
Runtime decision procedure: 0.001s
The forward condition is unable to prove the property
*** Checking forward condition, k = 6
Starting Bounded Model Checking
Unwinding loop 4  iteration  1   file elevator_spec1_productSimulator.cil.c line 3472 function cleanup
Unwinding loop 4  iteration  2   file elevator_spec1_productSimulator.cil.c line 3472 function cleanup
Unwinding loop 4  iteration  3   file elevator_spec1_productSimulator.cil.c line 3472 function cleanup
Unwinding loop 4  iteration  4   file elevator_spec1_productSimulator.cil.c line 3472 function cleanup
Unwinding loop 4  iteration  5   file elevator_spec1_productSimulator.cil.c line 3472 function cleanup
Not unwinding 
Symex completed in: 6.763s (60767 assignments)
Slicing time: 0.094s (removed 53562 assignments)
Generated 1 VCC(s), 1 remaining after simplification (7205 assignments)
No solver specified; defaulting to Boolector
Encoding remaining VCC(s) using bit-vector/floating-point arithmetic
Encoding to solver time: 0.094s
Solving with solver Boolector 3.2.2
Encoding to solver time: 0.094s
Runtime decision procedure: 0.117s
The forward condition is unable to prove the property
*** Checking forward condition, k = 11
Starting Bounded Model Checking
Unwinding loop 4  iteration  1   file elevator_spec1_productSimulator.cil.c line 3472 function cleanup
Unwinding loop 4  iteration  2   file elevator_spec1_productSimulator.cil.c line 3472 function cleanup
Unwinding loop 4  iteration  3   file elevator_spec1_productSimulator.cil.c line 3472 function cleanup
Unwinding loop 4  iteration  4   file elevator_spec1_productSimulator.cil.c line 3472 function cleanup
Unwinding loop 4  iteration  5   file elevator_spec1_productSimulator.cil.c line 3472 function cleanup
Unwinding loop 4  iteration  6   file elevator_spec1_productSimulator.cil.c line 3472 function cleanup
Unwinding loop 4  iteration  7   file elevator_spec1_productSimulator.cil.c line 3472 function cleanup
Unwinding loop 4  iteration  8   file elevator_spec1_productSimulator.cil.c line 3472 function cleanup
Unwinding loop 4  iteration  9   file elevator_spec1_productSimulator.cil.c line 3472 function cleanup
Unwinding loop 4  iteration  10   file elevator_spec1_productSimulator.cil.c line 3472 function cleanup
Not unwinding 
Symex completed in: 18.123s (142417 assignments)
Slicing time: 0.285s (removed 119967 assignments)
Generated 1 VCC(s), 1 remaining after simplification (22450 assignments)
No solver specified; defaulting to Boolector
Encoding remaining VCC(s) using bit-vector/floating-point arithmetic
Encoding to solver time: 0.367s
Solving with solver Boolector 3.2.2
Encoding to solver time: 0.367s
Runtime decision procedure: 0.681s
BMC program time: 19.457s
Building successful trace

VERIFICATION SUCCESSFUL

Solution found by the forward condition; all states are reachable (k = 11

../sv-benchmarks/c/product-lines/elevator_spec1_productSimulator.cil.c:2877:10: warning: format string is not a string literal (potentially insecure) [-Wformat-security]
  printf(__cil_tmp6);
         ^~~~~~~~~~
../sv-benchmarks/c/product-lines/elevator_spec1_productSimulator.cil.c:2877:10: note: treat the string as an argument to avoid this
  printf(__cil_tmp6);
         ^
         "%s", 
../sv-benchmarks/c/product-lines/elevator_spec1_productSimulator.cil.c:2882:12: warning: format string is not a string literal (potentially insecure) [-Wformat-security]
    printf(__cil_tmp7);
           ^~~~~~~~~~
../sv-benchmarks/c/product-lines/elevator_spec1_productSimulator.cil.c:2882:12: note: treat the string as an argument to avoid this
    printf(__cil_tmp7);
           ^
           "%s", 
../sv-benchmarks/c/product-lines/elevator_spec1_productSimulator.cil.c:2887:12: warning: format string is not a string literal (potentially insecure) [-Wformat-security]
    printf(__cil_tmp8);
           ^~~~~~~~~~
../sv-benchmarks/c/product-lines/elevator_spec1_productSimulator.cil.c:2887:12: note: treat the string as an argument to avoid this
    printf(__cil_tmp8);
           ^
           "%s", 
../sv-benchmarks/c/product-lines/elevator_spec1_productSimulator.cil.c:2892:10: warning: format string is not a string literal (potentially insecure) [-Wformat-security]
  printf(__cil_tmp9);
         ^~~~~~~~~~
../sv-benchmarks/c/product-lines/elevator_spec1_productSimulator.cil.c:2892:10: note: treat the string as an argument to avoid this
  printf(__cil_tmp9);
         ^
         "%s", 
../sv-benchmarks/c/product-lines/elevator_spec1_productSimulator.cil.c:2896:10: warning: format string is not a string literal (potentially insecure) [-Wformat-security]
  printf(__cil_tmp11);
         ^~~~~~~~~~~
../sv-benchmarks/c/product-lines/elevator_spec1_productSimulator.cil.c:2896:10: note: treat the string as an argument to avoid this
  printf(__cil_tmp11);
         ^
         "%s", 
../sv-benchmarks/c/product-lines/elevator_spec1_productSimulator.cil.c:2901:12: warning: format string is not a string literal (potentially insecure) [-Wformat-security]
    printf(__cil_tmp12);
           ^~~~~~~~~~~
../sv-benchmarks/c/product-lines/elevator_spec1_productSimulator.cil.c:2901:12: note: treat the string as an argument to avoid this
    printf(__cil_tmp12);
           ^
           "%s", 
../sv-benchmarks/c/product-lines/elevator_spec1_productSimulator.cil.c:2906:12: warning: format string is not a string literal (potentially insecure) [-Wformat-security]
    printf(__cil_tmp13);
           ^~~~~~~~~~~
../sv-benchmarks/c/product-lines/elevator_spec1_productSimulator.cil.c:2906:12: note: treat the string as an argument to avoid this
    printf(__cil_tmp13);
           ^
           "%s", 
../sv-benchmarks/c/product-lines/elevator_spec1_productSimulator.cil.c:2911:10: warning: format string is not a string literal (potentially insecure) [-Wformat-security]
  printf(__cil_tmp14);
         ^~~~~~~~~~~
../sv-benchmarks/c/product-lines/elevator_spec1_productSimulator.cil.c:2911:10: note: treat the string as an argument to avoid this
  printf(__cil_tmp14);
         ^
         "%s", 
../sv-benchmarks/c/product-lines/elevator_spec1_productSimulator.cil.c:2955:10: warning: format string is not a string literal (potentially insecure) [-Wformat-security]
  printf(__cil_tmp20);
         ^~~~~~~~~~~
../sv-benchmarks/c/product-lines/elevator_spec1_productSimulator.cil.c:2955:10: note: treat the string as an argument to avoid this
  printf(__cil_tmp20);
         ^
         "%s", 
../sv-benchmarks/c/product-lines/elevator_spec1_productSimulator.cil.c:3012:10: warning: format string is not a string literal (potentially insecure) [-Wformat-security]
  printf(__cil_tmp26);
         ^~~~~~~~~~~
../sv-benchmarks/c/product-lines/elevator_spec1_productSimulator.cil.c:3012:10: note: treat the string as an argument to avoid this
  printf(__cil_tmp26);
         ^
         "%s", 
../sv-benchmarks/c/product-lines/elevator_spec1_productSimulator.cil.c:3028:12: warning: format string is not a string literal (potentially insecure) [-Wformat-security]
    printf(__cil_tmp2);
           ^~~~~~~~~~
../sv-benchmarks/c/product-lines/elevator_spec1_productSimulator.cil.c:3028:12: note: treat the string as an argument to avoid this
    printf(__cil_tmp2);
           ^
           "%s", 

TRUE
