./esbmc-wrapper.py -p ../sv-benchmarks/c/properties/unreach-call.prp -s kinduction --arch 32 ../sv-benchmarks/c/goblint-regression/36-apron_17-traces-rpb-litmus_unknown_1_pos.i


--------------------------------------------------------------------------------


Found pthread benchmark!
Verifying with ESBMC
Command: ./esbmc --no-div-by-zero-check --force-malloc-success --state-hashing --add-symex-value-sets --no-align-check --k-step 5 --floatbv --unlimited-k-steps ../sv-benchmarks/c/goblint-regression/36-apron_17-traces-rpb-litmus_unknown_1_pos.i --32  --no-por --context-bound 2 --no-goto-merge --witness-output 36-apron_17-traces-rpb-litmus_unknown_1_pos.i.graphml --no-pointer-check --no-bounds-check --goto-unwind --unlimited-goto-unwind --incremental-bmc 
ESBMC version 6.8.0 64-bit x86_64 linux
Target: 32-bit little-endian x86_64-unknown-linux with esbmc libc
file ../sv-benchmarks/c/goblint-regression/36-apron_17-traces-rpb-litmus_unknown_1_pos.i: Parsing
Converting
Generating GOTO Program
GOTO program creation time: 0.173s
GOTO program processing time: 0.002s
*** Checking base case, k = 1
Starting Bounded Model Checking
Symex completed in: 0.018s (122 assignments)
Slicing time: 0.000s (removed 98 assignments)
Generated 1 VCC(s), 1 remaining after simplification (24 assignments)
No solver specified; defaulting to Boolector
Encoding remaining VCC(s) using bit-vector/floating-point arithmetic
Encoding to solver time: 0.000s
Solving with solver Boolector 3.2.2
Encoding to solver time: 0.000s
Runtime decision procedure: 0.001s
Building error trace

Counterexample:

State 1 file 36-apron_17-traces-rpb-litmus_unknown_1_pos.i line 694 function main thread 0
----------------------------------------------------
  r = 0 (00000000 00000000 00000000 00000000)

State 10 file 36-apron_17-traces-rpb-litmus_unknown_1_pos.i line 705 function main thread 0
----------------------------------------------------
  t = 42 (00000000 00000000 00000000 00101010)

State 11 file 36-apron_17-traces-rpb-litmus_unknown_1_pos.i line 18 function reach_error thread 0
----------------------------------------------------
Violated property:
  file 36-apron_17-traces-rpb-litmus_unknown_1_pos.i line 18 function reach_error
  assertion 0
  0


VERIFICATION FAILED

Bug found (k = 1)

../sv-benchmarks/c/goblint-regression/36-apron_17-traces-rpb-litmus_unknown_1_pos.i:507:12: warning: declaration of built-in function '__sigsetjmp' requires the declaration of the 'jmp_buf' type, commonly provided in the header <setjmp.h>. [-Wincomplete-setjmp-declaration]
extern int __sigsetjmp (struct __jmp_buf_tag *__env, int __savemask) __attribute__ ((__nothrow__));
           ^

FALSE_REACH
