./esbmc-wrapper.py -p ../sv-benchmarks/c/properties/unreach-call.prp -s kinduction --arch 32 ../sv-benchmarks/c/floats-cdfpl/newton_2_6.i


--------------------------------------------------------------------------------


Verifying with ESBMC
Command: ./esbmc --no-div-by-zero-check --force-malloc-success --state-hashing --add-symex-value-sets --no-align-check --k-step 5 --floatbv --unlimited-k-steps ../sv-benchmarks/c/floats-cdfpl/newton_2_6.i --32 --witness-output newton_2_6.i.graphml --no-pointer-check --no-bounds-check --interval-analysis --goto-unwind --unlimited-goto-unwind --k-induction --max-inductive-step 3 
ESBMC version 6.8.0 64-bit x86_64 linux
Target: 32-bit little-endian x86_64-unknown-linux with esbmc libc
file ../sv-benchmarks/c/floats-cdfpl/newton_2_6.i: Parsing
Converting
Generating GOTO Program
GOTO program creation time: 0.141s
GOTO program processing time: 0.001s
*** Checking base case, k = 1
Starting Bounded Model Checking
Symex completed in: 0.003s (27 assignments)
Slicing time: 0.000s (removed 9 assignments)
Generated 1 VCC(s), 1 remaining after simplification (18 assignments)
No solver specified; defaulting to Boolector
Encoding remaining VCC(s) using bit-vector/floating-point arithmetic
Encoding to solver time: 0.092s
Solving with solver Boolector 3.2.2
Encoding to solver time: 0.092s
Runtime decision procedure: 264.632s
Building error trace

Counterexample:

State 1 file newton_2_6.i line 39 function main thread 0
----------------------------------------------------
  IN = 1.197131e+0f (00111111 10011001 00111011 10011010)

State 2 file newton_2_6.i line 42 function main thread 0
----------------------------------------------------
  x = -1.301857e+0f (10111111 10100110 10100011 01000010)

State 3 file newton_2_6.i line 44 function main thread 0
----------------------------------------------------
  x = 2.162054e+0f (01000000 00001010 01011111 00011001)

State 4 file newton_2_6.i line 21 function reach_error thread 0
----------------------------------------------------
Violated property:
  file newton_2_6.i line 21 function reach_error
  assertion 0
  0


VERIFICATION FAILED

Bug found (k = 1)


FALSE_REACH
