./esbmc-wrapper.py -p ../sv-benchmarks/c/properties/unreach-call.prp -s kinduction --arch 32 ../sv-benchmarks/c/product-lines/email_spec6_product15.cil.c


--------------------------------------------------------------------------------


Verifying with ESBMC
Command: ./esbmc --no-div-by-zero-check --force-malloc-success --state-hashing --add-symex-value-sets --no-align-check --k-step 5 --floatbv --unlimited-k-steps ../sv-benchmarks/c/product-lines/email_spec6_product15.cil.c --32 --witness-output email_spec6_product15.cil.c.graphml --no-pointer-check --no-bounds-check --interval-analysis --goto-unwind --unlimited-goto-unwind --k-induction --max-inductive-step 3 
ESBMC version 6.8.0 64-bit x86_64 linux
Target: 32-bit little-endian x86_64-unknown-linux with esbmc libc
file ../sv-benchmarks/c/product-lines/email_spec6_product15.cil.c: Parsing
Converting
Generating GOTO Program
GOTO program creation time: 0.179s
GOTO program processing time: 0.089s
*** Checking base case, k = 1
Starting Bounded Model Checking
Not unwinding 
Symex completed in: 0.062s (724 assignments)
Slicing time: 0.001s (removed 681 assignments)
Generated 0 VCC(s), 0 remaining after simplification (43 assignments)
BMC program time: 0.063s
No bug has been found in the base case
*** Checking forward condition, k = 1
Starting Bounded Model Checking
Not unwinding 
Symex completed in: 0.053s (724 assignments)
Slicing time: 0.001s (removed 681 assignments)
Generated 1 VCC(s), 1 remaining after simplification (43 assignments)
No solver specified; defaulting to Boolector
Encoding remaining VCC(s) using bit-vector/floating-point arithmetic
Encoding to solver time: 0.003s
Solving with solver Boolector 3.2.2
Encoding to solver time: 0.003s
Runtime decision procedure: 0.260s
The forward condition is unable to prove the property
*** Checking base case, k = 6
Starting Bounded Model Checking
Unwinding loop 1  iteration  1   file email_spec6_product15.cil.c line 97 function test
Unwinding loop 1  iteration  2   file email_spec6_product15.cil.c line 97 function test
Unwinding loop 1  iteration  3   file email_spec6_product15.cil.c line 97 function test
Unwinding loop 1  iteration  4   file email_spec6_product15.cil.c line 97 function test
Symex completed in: 0.286s (3194 assignments)
Slicing time: 0.041s (removed 2195 assignments)
Generated 2 VCC(s), 2 remaining after simplification (999 assignments)
No solver specified; defaulting to Boolector
Encoding remaining VCC(s) using bit-vector/floating-point arithmetic
Encoding to solver time: 0.013s
Solving with solver Boolector 3.2.2
Encoding to solver time: 0.013s
Runtime decision procedure: 0.411s
Building error trace

Counterexample:
bob: 1

rjh: 2

chuck: 3


State 4 file email_spec6_product15.cil.c line 107 function test thread 0
----------------------------------------------------
  tmp___9 = -2147483648 (10000000 00000000 00000000 00000000)
bob added rjhs key

2

456


State 8 file email_spec6_product15.cil.c line 121 function test thread 0
----------------------------------------------------
  tmp___8 = -2147483648 (10000000 00000000 00000000 00000000)

State 9 file email_spec6_product15.cil.c line 135 function test thread 0
----------------------------------------------------
  tmp___7 = 0 (00000000 00000000 00000000 00000000)

State 10 file email_spec6_product15.cil.c line 149 function test thread 0
----------------------------------------------------
  tmp___6 = 0 (00000000 00000000 00000000 00000000)

State 11 file email_spec6_product15.cil.c line 163 function test thread 0
----------------------------------------------------
  tmp___5 = 0 (00000000 00000000 00000000 00000000)

State 12 file email_spec6_product15.cil.c line 177 function test thread 0
----------------------------------------------------
  tmp___4 = 0 (00000000 00000000 00000000 00000000)

State 13 file email_spec6_product15.cil.c line 188 function test thread 0
----------------------------------------------------
  tmp___3 = 0 (00000000 00000000 00000000 00000000)

State 14 file email_spec6_product15.cil.c line 202 function test thread 0
----------------------------------------------------
  tmp___2 = 0 (00000000 00000000 00000000 00000000)

State 15 file email_spec6_product15.cil.c line 213 function test thread 0
----------------------------------------------------
  tmp___1 = 0 (00000000 00000000 00000000 00000000)

State 16 file email_spec6_product15.cil.c line 227 function test thread 0
----------------------------------------------------
  tmp___0 = -2147483648 (10000000 00000000 00000000 00000000)

State 17 file email_spec6_product15.cil.c line 135 function test thread 0
----------------------------------------------------
  tmp___7 = 0 (00000000 00000000 00000000 00000000)

State 18 file email_spec6_product15.cil.c line 149 function test thread 0
----------------------------------------------------
  tmp___6 = -2147483648 (10000000 00000000 00000000 00000000)
Please enter a subject and a message body.



State 20 file email_spec6_product15.cil.c line 1994 function findPublicKey thread 0
----------------------------------------------------
  retValue_acc = 456 (00000000 00000000 00000001 11001000)

State 21 file email_spec6_product15.cil.c line 366 function outgoing thread 0
----------------------------------------------------
  pubkey = 456 (00000000 00000000 00000001 11001000)

State 22 file email_spec6_product15.cil.c line 881 function setEmailEncryptionKey thread 0
----------------------------------------------------
  __ste_email_encryptionKey0 = 456 (00000000 00000000 00000001 11001000)
before mail



State 24 file email_spec6_product15.cil.c line 825 function isEncrypted thread 0
----------------------------------------------------
  retValue_acc = 1 (00000000 00000000 00000000 00000001)
sent_encrypted=1

mail sent

before decrypt


sent_encrypted=1


State 29 file email_spec6_product15.cil.c line 1711 function getClientPrivateKey thread 0
----------------------------------------------------
  retValue_acc = 456 (00000000 00000000 00000001 11001000)

State 30 file email_spec6_product15.cil.c line 862 function getEmailEncryptionKey thread 0
----------------------------------------------------
  retValue_acc = 456 (00000000 00000000 00000001 11001000)
keypair valid 456 456

State 32 file email_spec6_product15.cil.c line 552 function isKeyPairValid thread 0
----------------------------------------------------
  retValue_acc = 1 (00000000 00000000 00000000 00000001)

State 33 file email_spec6_product15.cil.c line 1711 function getClientPrivateKey thread 0
----------------------------------------------------
  retValue_acc = 456 (00000000 00000000 00000001 11001000)

State 34 file email_spec6_product15.cil.c line 436 function incoming thread 0
----------------------------------------------------
  privkey = 456 (00000000 00000000 00000001 11001000)

State 35 file email_spec6_product15.cil.c line 825 function isEncrypted thread 0
----------------------------------------------------
  retValue_acc = 1 (00000000 00000000 00000000 00000001)

State 36 file email_spec6_product15.cil.c line 862 function getEmailEncryptionKey thread 0
----------------------------------------------------
  retValue_acc = 456 (00000000 00000000 00000001 11001000)
keypair valid 456 456

State 38 file email_spec6_product15.cil.c line 552 function isKeyPairValid thread 0
----------------------------------------------------
  retValue_acc = 1 (00000000 00000000 00000000 00000001)
mail delivered



State 40 file email_spec6_product15.cil.c line 1664 function getClientAutoResponse thread 0
----------------------------------------------------
  retValue_acc = 1 (00000000 00000000 00000000 00000001)
sending autoresponse



State 42 file email_spec6_product15.cil.c line 509 function is_queue_empty thread 0
----------------------------------------------------
  retValue_acc = 0 (00000000 00000000 00000000 00000000)

State 43 file email_spec6_product15.cil.c line 527 function get_queued_email thread 0
----------------------------------------------------
  retValue_acc = 1 (00000000 00000000 00000000 00000001)

State 44 file email_spec6_product15.cil.c line 518 function get_queued_client thread 0
----------------------------------------------------
  retValue_acc = 2 (00000000 00000000 00000000 00000010)

State 45 file email_spec6_product15.cil.c line 710 function getEmailTo thread 0
----------------------------------------------------
  retValue_acc = 1 (00000000 00000000 00000000 00000001)

State 46 file email_spec6_product15.cil.c line 364 function outgoing thread 0
----------------------------------------------------
  receiver = 1 (00000000 00000000 00000000 00000001)

State 47 file email_spec6_product15.cil.c line 2008 function findPublicKey thread 0
----------------------------------------------------
  retValue_acc = 123 (00000000 00000000 00000000 01111011)

State 48 file email_spec6_product15.cil.c line 366 function outgoing thread 0
----------------------------------------------------
  pubkey = 123 (00000000 00000000 00000000 01111011)

State 49 file email_spec6_product15.cil.c line 881 function setEmailEncryptionKey thread 0
----------------------------------------------------
  __ste_email_encryptionKey0 = 123 (00000000 00000000 00000000 01111011)

State 50 file email_spec6_product15.cil.c line 334 function mail thread 0
----------------------------------------------------
  __utac__ad__arg1 = 1 (00000000 00000000 00000000 00000001)
before mail



State 52 file email_spec6_product15.cil.c line 825 function isEncrypted thread 0
----------------------------------------------------
  retValue_acc = 1 (00000000 00000000 00000000 00000001)
sent_encrypted=1

mail sent


State 55 file email_spec6_product15.cil.c line 710 function getEmailTo thread 0
----------------------------------------------------
  retValue_acc = 1 (00000000 00000000 00000000 00000001)

State 56 file email_spec6_product15.cil.c line 432 function incoming thread 0
----------------------------------------------------
  __utac__ad__arg1 = 1 (00000000 00000000 00000000 00000001)

State 57 file email_spec6_product15.cil.c line 433 function incoming thread 0
----------------------------------------------------
  __utac__ad__arg2 = 1 (00000000 00000000 00000000 00000001)
before decrypt


sent_encrypted=1


State 60 file email_spec6_product15.cil.c line 1707 function getClientPrivateKey thread 0
----------------------------------------------------
  retValue_acc = 777 (00000000 00000000 00000011 00001001)

State 61 file email_spec6_product15.cil.c line 862 function getEmailEncryptionKey thread 0
----------------------------------------------------
  retValue_acc = 123 (00000000 00000000 00000000 01111011)
keypair valid 123 777

State 63 file email_spec6_product15.cil.c line 552 function isKeyPairValid thread 0
----------------------------------------------------
  retValue_acc = 0 (00000000 00000000 00000000 00000000)

State 64 file email_spec6_product15.cil.c line 11 function reach_error thread 0
----------------------------------------------------
Violated property:
  file email_spec6_product15.cil.c line 11 function reach_error
  assertion 0
  0


VERIFICATION FAILED

Bug found (k = 6)


FALSE_REACH
