./esbmc-wrapper.py -p ../sv-benchmarks/c/properties/unreach-call.prp -s kinduction --arch 64 ../sv-benchmarks/c/ldv-linux-3.16-rc1/43_2a_consumption_linux-3.16-rc1.tar.xz-43_2a-net--sched--sch_atm.ko-entry_point.cil.out.i


--------------------------------------------------------------------------------


Verifying with ESBMC
Command: ./esbmc --no-div-by-zero-check --force-malloc-success --state-hashing --add-symex-value-sets --no-align-check --k-step 5 --floatbv --unlimited-k-steps ../sv-benchmarks/c/ldv-linux-3.16-rc1/43_2a_consumption_linux-3.16-rc1.tar.xz-43_2a-net--sched--sch_atm.ko-entry_point.cil.out.i --64 --witness-output 43_2a_consumption_linux-3.16-rc1.tar.xz-43_2a-net--sched--sch_atm.ko-entry_point.cil.out.i.graphml --no-pointer-check --no-bounds-check --interval-analysis --goto-unwind --unlimited-goto-unwind --k-induction --max-inductive-step 3 
ESBMC version 6.8.0 64-bit x86_64 linux
Target: 64-bit little-endian x86_64-unknown-linux with esbmc libc
file ../sv-benchmarks/c/ldv-linux-3.16-rc1/43_2a_consumption_linux-3.16-rc1.tar.xz-43_2a-net--sched--sch_atm.ko-entry_point.cil.out.i: Parsing
Converting
Generating GOTO Program
GOTO program creation time: 0.402s
GOTO program processing time: 0.066s
*** Checking base case, k = 1
Starting Bounded Model Checking
Not unwinding 
Not unwinding 
Not unwinding 
Not unwinding 
Not unwinding 
Not unwinding 
Not unwinding 
Not unwinding 
Not unwinding 
Not unwinding 
Not unwinding 
Not unwinding 
Not unwinding 
Symex completed in: 0.035s (677 assignments)
Slicing time: 0.001s (removed 577 assignments)
Generated 0 VCC(s), 0 remaining after simplification (100 assignments)
BMC program time: 0.036s
No bug has been found in the base case
*** Checking forward condition, k = 1
Starting Bounded Model Checking
Not unwinding 
Not unwinding 
Not unwinding 
Not unwinding 
Not unwinding 
Not unwinding 
Not unwinding 
Not unwinding 
Not unwinding 
Not unwinding 
Not unwinding 
Not unwinding 
Not unwinding 
Symex completed in: 0.036s (677 assignments)
Slicing time: 0.001s (removed 577 assignments)
Generated 13 VCC(s), 13 remaining after simplification (100 assignments)
No solver specified; defaulting to Boolector
Encoding remaining VCC(s) using bit-vector/floating-point arithmetic
Encoding to solver time: 0.014s
Solving with solver Boolector 3.2.2
Encoding to solver time: 0.014s
Runtime decision procedure: 1.929s
The forward condition is unable to prove the property
*** Checking base case, k = 6
Starting Bounded Model Checking
Unwinding loop 14  iteration  1   file string.c line 272 function __memset_impl
Unwinding loop 14  iteration  2   file string.c line 272 function __memset_impl
Unwinding loop 14  iteration  3   file string.c line 272 function __memset_impl
Unwinding loop 14  iteration  4   file string.c line 272 function __memset_impl
Unwinding loop 14  iteration  1   file string.c line 272 function __memset_impl
Unwinding loop 14  iteration  2   file string.c line 272 function __memset_impl
Unwinding loop 14  iteration  3   file string.c line 272 function __memset_impl
Unwinding loop 14  iteration  4   file string.c line 272 function __memset_impl
Unwinding loop 14  iteration  5   file string.c line 272 function __memset_impl
Not unwinding 
Unwinding loop 14  iteration  1   file string.c line 272 function __memset_impl
Unwinding loop 14  iteration  2   file string.c line 272 function __memset_impl
Unwinding loop 14  iteration  3   file string.c line 272 function __memset_impl
Unwinding loop 14  iteration  4   file string.c line 272 function __memset_impl
Unwinding loop 14  iteration  5   file string.c line 272 function __memset_impl
Not unwinding 
Unwinding loop 14  iteration  1   file string.c line 272 function __memset_impl
Unwinding loop 14  iteration  2   file string.c line 272 function __memset_impl
Unwinding loop 14  iteration  3   file string.c line 272 function __memset_impl
Unwinding loop 14  iteration  4   file string.c line 272 function __memset_impl
Unwinding loop 14  iteration  5   file string.c line 272 function __memset_impl
Not unwinding 
Unwinding loop 14  iteration  1   file string.c line 272 function __memset_impl
Unwinding loop 14  iteration  2   file string.c line 272 function __memset_impl
Unwinding loop 14  iteration  3   file string.c line 272 function __memset_impl
Unwinding loop 14  iteration  4   file string.c line 272 function __memset_impl
Unwinding loop 14  iteration  5   file string.c line 272 function __memset_impl
Not unwinding 
Unwinding loop 14  iteration  1   file string.c line 272 function __memset_impl
Unwinding loop 14  iteration  2   file string.c line 272 function __memset_impl
Unwinding loop 14  iteration  3   file string.c line 272 function __memset_impl
Unwinding loop 14  iteration  4   file string.c line 272 function __memset_impl
Unwinding loop 14  iteration  5   file string.c line 272 function __memset_impl
Not unwinding 
Unwinding loop 14  iteration  1   file string.c line 272 function __memset_impl
Unwinding loop 14  iteration  2   file string.c line 272 function __memset_impl
Unwinding loop 14  iteration  3   file string.c line 272 function __memset_impl
Unwinding loop 14  iteration  4   file string.c line 272 function __memset_impl
Unwinding loop 14  iteration  5   file string.c line 272 function __memset_impl
Not unwinding 
Unwinding loop 14  iteration  1   file string.c line 272 function __memset_impl
Unwinding loop 14  iteration  2   file string.c line 272 function __memset_impl
Unwinding loop 14  iteration  3   file string.c line 272 function __memset_impl
Unwinding loop 14  iteration  4   file string.c line 272 function __memset_impl
Unwinding loop 14  iteration  5   file string.c line 272 function __memset_impl
Not unwinding 
Unwinding loop 14  iteration  1   file string.c line 272 function __memset_impl
Unwinding loop 14  iteration  2   file string.c line 272 function __memset_impl
Unwinding loop 14  iteration  3   file string.c line 272 function __memset_impl
Unwinding loop 14  iteration  4   file string.c line 272 function __memset_impl
Unwinding loop 14  iteration  5   file string.c line 272 function __memset_impl
Not unwinding 
Unwinding loop 14  iteration  1   file string.c line 272 function __memset_impl
Unwinding loop 14  iteration  2   file string.c line 272 function __memset_impl
Unwinding loop 14  iteration  3   file string.c line 272 function __memset_impl
Unwinding loop 14  iteration  4   file string.c line 272 function __memset_impl
Unwinding loop 14  iteration  5   file string.c line 272 function __memset_impl
Not unwinding 
Unwinding loop 14  iteration  1   file string.c line 272 function __memset_impl
Unwinding loop 14  iteration  2   file string.c line 272 function __memset_impl
Unwinding loop 14  iteration  3   file string.c line 272 function __memset_impl
Unwinding loop 14  iteration  4   file string.c line 272 function __memset_impl
Unwinding loop 14  iteration  5   file string.c line 272 function __memset_impl
Not unwinding 
Unwinding loop 14  iteration  1   file string.c line 272 function __memset_impl
Unwinding loop 14  iteration  2   file string.c line 272 function __memset_impl
Unwinding loop 14  iteration  3   file string.c line 272 function __memset_impl
Unwinding loop 14  iteration  4   file string.c line 272 function __memset_impl
Unwinding loop 14  iteration  5   file string.c line 272 function __memset_impl
Not unwinding 
Unwinding loop 13  iteration  1   file 43_2a_consumption_linux-3.16-rc1.tar.xz-43_2a-net--sched--sch_atm.ko-entry_point.cil.out.i line 8267 function main
Unwinding loop 11  iteration  1   file 43_2a_consumption_linux-3.16-rc1.tar.xz-43_2a-net--sched--sch_atm.ko-entry_point.cil.out.i line 7593 function atm_tc_destroy
Unwinding loop 11  iteration  2   file 43_2a_consumption_linux-3.16-rc1.tar.xz-43_2a-net--sched--sch_atm.ko-entry_point.cil.out.i line 7593 function atm_tc_destroy
Unwinding loop 11  iteration  3   file 43_2a_consumption_linux-3.16-rc1.tar.xz-43_2a-net--sched--sch_atm.ko-entry_point.cil.out.i line 7593 function atm_tc_destroy
Unwinding loop 11  iteration  4   file 43_2a_consumption_linux-3.16-rc1.tar.xz-43_2a-net--sched--sch_atm.ko-entry_point.cil.out.i line 7593 function atm_tc_destroy
Unwinding loop 11  iteration  5   file 43_2a_consumption_linux-3.16-rc1.tar.xz-43_2a-net--sched--sch_atm.ko-entry_point.cil.out.i line 7593 function atm_tc_destroy
Not unwinding 
Unwinding loop 12  iteration  1   file 43_2a_consumption_linux-3.16-rc1.tar.xz-43_2a-net--sched--sch_atm.ko-entry_point.cil.out.i line 7612 function atm_tc_destroy
**** WARNING: k-induction does not support recursion yet. Disabling inductive step
Unwinding recursion atm_tc_put iteration 1 (6 max)
Unwinding recursion atm_tc_put iteration 2 (6 max)
Unwinding recursion atm_tc_put iteration 3 (6 max)
Unwinding recursion atm_tc_put iteration 4 (6 max)
Unwinding recursion atm_tc_put iteration 5 (6 max)
Unwinding recursion atm_tc_put iteration 6 (6 max)
Unwinding loop 12  iteration  2   file 43_2a_consumption_linux-3.16-rc1.tar.xz-43_2a-net--sched--sch_atm.ko-entry_point.cil.out.i line 7612 function atm_tc_destroy
Unwinding recursion atm_tc_put iteration 1 (6 max)
Unwinding recursion atm_tc_put iteration 2 (6 max)
Unwinding recursion atm_tc_put iteration 3 (6 max)
Unwinding recursion atm_tc_put iteration 4 (6 max)
Unwinding recursion atm_tc_put iteration 5 (6 max)
Unwinding recursion atm_tc_put iteration 6 (6 max)
Unwinding loop 12  iteration  3   file 43_2a_consumption_linux-3.16-rc1.tar.xz-43_2a-net--sched--sch_atm.ko-entry_point.cil.out.i line 7612 function atm_tc_destroy
Unwinding recursion atm_tc_put iteration 1 (6 max)
Unwinding recursion atm_tc_put iteration 2 (6 max)
Unwinding recursion atm_tc_put iteration 3 (6 max)
Unwinding recursion atm_tc_put iteration 4 (6 max)
Unwinding recursion atm_tc_put iteration 5 (6 max)
Unwinding recursion atm_tc_put iteration 6 (6 max)
Unwinding loop 12  iteration  4   file 43_2a_consumption_linux-3.16-rc1.tar.xz-43_2a-net--sched--sch_atm.ko-entry_point.cil.out.i line 7612 function atm_tc_destroy
Unwinding recursion atm_tc_put iteration 1 (6 max)
Unwinding recursion atm_tc_put iteration 2 (6 max)
Unwinding recursion atm_tc_put iteration 3 (6 max)
Unwinding recursion atm_tc_put iteration 4 (6 max)
Unwinding recursion atm_tc_put iteration 5 (6 max)
Unwinding recursion atm_tc_put iteration 6 (6 max)
Unwinding loop 12  iteration  5   file 43_2a_consumption_linux-3.16-rc1.tar.xz-43_2a-net--sched--sch_atm.ko-entry_point.cil.out.i line 7612 function atm_tc_destroy
Unwinding recursion atm_tc_put iteration 1 (6 max)
Unwinding recursion atm_tc_put iteration 2 (6 max)
Unwinding recursion atm_tc_put iteration 3 (6 max)
Unwinding recursion atm_tc_put iteration 4 (6 max)
Unwinding recursion atm_tc_put iteration 5 (6 max)
Unwinding recursion atm_tc_put iteration 6 (6 max)
Not unwinding 
Unwinding loop 11  iteration  1   file 43_2a_consumption_linux-3.16-rc1.tar.xz-43_2a-net--sched--sch_atm.ko-entry_point.cil.out.i line 7593 function atm_tc_destroy
Unwinding loop 11  iteration  2   file 43_2a_consumption_linux-3.16-rc1.tar.xz-43_2a-net--sched--sch_atm.ko-entry_point.cil.out.i line 7593 function atm_tc_destroy
Unwinding loop 11  iteration  3   file 43_2a_consumption_linux-3.16-rc1.tar.xz-43_2a-net--sched--sch_atm.ko-entry_point.cil.out.i line 7593 function atm_tc_destroy
Unwinding loop 11  iteration  4   file 43_2a_consumption_linux-3.16-rc1.tar.xz-43_2a-net--sched--sch_atm.ko-entry_point.cil.out.i line 7593 function atm_tc_destroy
Unwinding loop 11  iteration  5   file 43_2a_consumption_linux-3.16-rc1.tar.xz-43_2a-net--sched--sch_atm.ko-entry_point.cil.out.i line 7593 function atm_tc_destroy
Not unwinding 
Unwinding loop 12  iteration  1   file 43_2a_consumption_linux-3.16-rc1.tar.xz-43_2a-net--sched--sch_atm.ko-entry_point.cil.out.i line 7612 function atm_tc_destroy
Unwinding recursion atm_tc_put iteration 1 (6 max)
Unwinding recursion atm_tc_put iteration 2 (6 max)
Unwinding recursion atm_tc_put iteration 3 (6 max)
Unwinding recursion atm_tc_put iteration 4 (6 max)
Unwinding recursion atm_tc_put iteration 5 (6 max)
Unwinding recursion atm_tc_put iteration 6 (6 max)
Unwinding loop 12  iteration  2   file 43_2a_consumption_linux-3.16-rc1.tar.xz-43_2a-net--sched--sch_atm.ko-entry_point.cil.out.i line 7612 function atm_tc_destroy
Unwinding recursion atm_tc_put iteration 1 (6 max)
Unwinding recursion atm_tc_put iteration 2 (6 max)
Unwinding recursion atm_tc_put iteration 3 (6 max)
Unwinding recursion atm_tc_put iteration 4 (6 max)
Unwinding recursion atm_tc_put iteration 5 (6 max)
Unwinding recursion atm_tc_put iteration 6 (6 max)
Unwinding loop 12  iteration  3   file 43_2a_consumption_linux-3.16-rc1.tar.xz-43_2a-net--sched--sch_atm.ko-entry_point.cil.out.i line 7612 function atm_tc_destroy
Unwinding recursion atm_tc_put iteration 1 (6 max)
Unwinding recursion atm_tc_put iteration 2 (6 max)
Unwinding recursion atm_tc_put iteration 3 (6 max)
Unwinding recursion atm_tc_put iteration 4 (6 max)
Unwinding recursion atm_tc_put iteration 5 (6 max)
Unwinding recursion atm_tc_put iteration 6 (6 max)
Unwinding loop 12  iteration  4   file 43_2a_consumption_linux-3.16-rc1.tar.xz-43_2a-net--sched--sch_atm.ko-entry_point.cil.out.i line 7612 function atm_tc_destroy
Unwinding recursion atm_tc_put iteration 1 (6 max)
Unwinding recursion atm_tc_put iteration 2 (6 max)
Unwinding recursion atm_tc_put iteration 3 (6 max)
Unwinding recursion atm_tc_put iteration 4 (6 max)
Unwinding recursion atm_tc_put iteration 5 (6 max)
Unwinding recursion atm_tc_put iteration 6 (6 max)
Unwinding loop 12  iteration  5   file 43_2a_consumption_linux-3.16-rc1.tar.xz-43_2a-net--sched--sch_atm.ko-entry_point.cil.out.i line 7612 function atm_tc_destroy
Unwinding recursion atm_tc_put iteration 1 (6 max)
Unwinding recursion atm_tc_put iteration 2 (6 max)
Unwinding recursion atm_tc_put iteration 3 (6 max)
Unwinding recursion atm_tc_put iteration 4 (6 max)
Unwinding recursion atm_tc_put iteration 5 (6 max)
Unwinding recursion atm_tc_put iteration 6 (6 max)
Not unwinding 
Unwinding loop 3  iteration  1   file 43_2a_consumption_linux-3.16-rc1.tar.xz-43_2a-net--sched--sch_atm.ko-entry_point.cil.out.i line 6471 function lookup_flow
Unwinding loop 3  iteration  2   file 43_2a_consumption_linux-3.16-rc1.tar.xz-43_2a-net--sched--sch_atm.ko-entry_point.cil.out.i line 6471 function lookup_flow
Unwinding loop 3  iteration  3   file 43_2a_consumption_linux-3.16-rc1.tar.xz-43_2a-net--sched--sch_atm.ko-entry_point.cil.out.i line 6471 function lookup_flow
Unwinding loop 3  iteration  4   file 43_2a_consumption_linux-3.16-rc1.tar.xz-43_2a-net--sched--sch_atm.ko-entry_point.cil.out.i line 6471 function lookup_flow
Unwinding loop 3  iteration  5   file 43_2a_consumption_linux-3.16-rc1.tar.xz-43_2a-net--sched--sch_atm.ko-entry_point.cil.out.i line 6471 function lookup_flow
Not unwinding 
Unwinding loop 6  iteration  1   file 43_2a_consumption_linux-3.16-rc1.tar.xz-43_2a-net--sched--sch_atm.ko-entry_point.cil.out.i line 7180 function atm_tc_enqueue
Unwinding loop 3  iteration  1   file 43_2a_consumption_linux-3.16-rc1.tar.xz-43_2a-net--sched--sch_atm.ko-entry_point.cil.out.i line 6471 function lookup_flow
Unwinding loop 3  iteration  2   file 43_2a_consumption_linux-3.16-rc1.tar.xz-43_2a-net--sched--sch_atm.ko-entry_point.cil.out.i line 6471 function lookup_flow
Unwinding loop 3  iteration  3   file 43_2a_consumption_linux-3.16-rc1.tar.xz-43_2a-net--sched--sch_atm.ko-entry_point.cil.out.i line 6471 function lookup_flow
Unwinding loop 3  iteration  4   file 43_2a_consumption_linux-3.16-rc1.tar.xz-43_2a-net--sched--sch_atm.ko-entry_point.cil.out.i line 6471 function lookup_flow
Unwinding loop 3  iteration  5   file 43_2a_consumption_linux-3.16-rc1.tar.xz-43_2a-net--sched--sch_atm.ko-entry_point.cil.out.i line 6471 function lookup_flow
Not unwinding 
Unwinding loop 6  iteration  2   file 43_2a_consumption_linux-3.16-rc1.tar.xz-43_2a-net--sched--sch_atm.ko-entry_point.cil.out.i line 7180 function atm_tc_enqueue
Unwinding loop 3  iteration  1   file 43_2a_consumption_linux-3.16-rc1.tar.xz-43_2a-net--sched--sch_atm.ko-entry_point.cil.out.i line 6471 function lookup_flow
Unwinding loop 3  iteration  2   file 43_2a_consumption_linux-3.16-rc1.tar.xz-43_2a-net--sched--sch_atm.ko-entry_point.cil.out.i line 6471 function lookup_flow
Unwinding loop 3  iteration  3   file 43_2a_consumption_linux-3.16-rc1.tar.xz-43_2a-net--sched--sch_atm.ko-entry_point.cil.out.i line 6471 function lookup_flow
Unwinding loop 3  iteration  4   file 43_2a_consumption_linux-3.16-rc1.tar.xz-43_2a-net--sched--sch_atm.ko-entry_point.cil.out.i line 6471 function lookup_flow
Unwinding loop 3  iteration  5   file 43_2a_consumption_linux-3.16-rc1.tar.xz-43_2a-net--sched--sch_atm.ko-entry_point.cil.out.i line 6471 function lookup_flow
Not unwinding 
Unwinding loop 6  iteration  3   file 43_2a_consumption_linux-3.16-rc1.tar.xz-43_2a-net--sched--sch_atm.ko-entry_point.cil.out.i line 7180 function atm_tc_enqueue
Unwinding loop 3  iteration  1   file 43_2a_consumption_linux-3.16-rc1.tar.xz-43_2a-net--sched--sch_atm.ko-entry_point.cil.out.i line 6471 function lookup_flow
Unwinding loop 3  iteration  2   file 43_2a_consumption_linux-3.16-rc1.tar.xz-43_2a-net--sched--sch_atm.ko-entry_point.cil.out.i line 6471 function lookup_flow
Unwinding loop 3  iteration  3   file 43_2a_consumption_linux-3.16-rc1.tar.xz-43_2a-net--sched--sch_atm.ko-entry_point.cil.out.i line 6471 function lookup_flow
Unwinding loop 3  iteration  4   file 43_2a_consumption_linux-3.16-rc1.tar.xz-43_2a-net--sched--sch_atm.ko-entry_point.cil.out.i line 6471 function lookup_flow
Unwinding loop 3  iteration  5   file 43_2a_consumption_linux-3.16-rc1.tar.xz-43_2a-net--sched--sch_atm.ko-entry_point.cil.out.i line 6471 function lookup_flow
Not unwinding 
Unwinding loop 6  iteration  4   file 43_2a_consumption_linux-3.16-rc1.tar.xz-43_2a-net--sched--sch_atm.ko-entry_point.cil.out.i line 7180 function atm_tc_enqueue
Unwinding loop 3  iteration  1   file 43_2a_consumption_linux-3.16-rc1.tar.xz-43_2a-net--sched--sch_atm.ko-entry_point.cil.out.i line 6471 function lookup_flow
Unwinding loop 3  iteration  2   file 43_2a_consumption_linux-3.16-rc1.tar.xz-43_2a-net--sched--sch_atm.ko-entry_point.cil.out.i line 6471 function lookup_flow
Unwinding loop 3  iteration  3   file 43_2a_consumption_linux-3.16-rc1.tar.xz-43_2a-net--sched--sch_atm.ko-entry_point.cil.out.i line 6471 function lookup_flow
Unwinding loop 3  iteration  4   file 43_2a_consumption_linux-3.16-rc1.tar.xz-43_2a-net--sched--sch_atm.ko-entry_point.cil.out.i line 6471 function lookup_flow
Unwinding loop 3  iteration  5   file 43_2a_consumption_linux-3.16-rc1.tar.xz-43_2a-net--sched--sch_atm.ko-entry_point.cil.out.i line 6471 function lookup_flow
Not unwinding 
Unwinding loop 6  iteration  5   file 43_2a_consumption_linux-3.16-rc1.tar.xz-43_2a-net--sched--sch_atm.ko-entry_point.cil.out.i line 7180 function atm_tc_enqueue
Unwinding loop 3  iteration  1   file 43_2a_consumption_linux-3.16-rc1.tar.xz-43_2a-net--sched--sch_atm.ko-entry_point.cil.out.i line 6471 function lookup_flow
Unwinding loop 3  iteration  2   file 43_2a_consumption_linux-3.16-rc1.tar.xz-43_2a-net--sched--sch_atm.ko-entry_point.cil.out.i line 6471 function lookup_flow
Unwinding loop 3  iteration  3   file 43_2a_consumption_linux-3.16-rc1.tar.xz-43_2a-net--sched--sch_atm.ko-entry_point.cil.out.i line 6471 function lookup_flow
Unwinding loop 3  iteration  4   file 43_2a_consumption_linux-3.16-rc1.tar.xz-43_2a-net--sched--sch_atm.ko-entry_point.cil.out.i line 6471 function lookup_flow
Unwinding loop 3  iteration  5   file 43_2a_consumption_linux-3.16-rc1.tar.xz-43_2a-net--sched--sch_atm.ko-entry_point.cil.out.i line 6471 function lookup_flow
Not unwinding 
Not unwinding 
No target candidate for function call *sch->enqueue
Unwinding loop 3  iteration  1   file 43_2a_consumption_linux-3.16-rc1.tar.xz-43_2a-net--sched--sch_atm.ko-entry_point.cil.out.i line 6471 function lookup_flow
Unwinding loop 3  iteration  2   file 43_2a_consumption_linux-3.16-rc1.tar.xz-43_2a-net--sched--sch_atm.ko-entry_point.cil.out.i line 6471 function lookup_flow
Unwinding loop 3  iteration  3   file 43_2a_consumption_linux-3.16-rc1.tar.xz-43_2a-net--sched--sch_atm.ko-entry_point.cil.out.i line 6471 function lookup_flow
Unwinding loop 3  iteration  4   file 43_2a_consumption_linux-3.16-rc1.tar.xz-43_2a-net--sched--sch_atm.ko-entry_point.cil.out.i line 6471 function lookup_flow
Unwinding loop 3  iteration  5   file 43_2a_consumption_linux-3.16-rc1.tar.xz-43_2a-net--sched--sch_atm.ko-entry_point.cil.out.i line 6471 function lookup_flow
Not unwinding 
Unwinding loop 6  iteration  1   file 43_2a_consumption_linux-3.16-rc1.tar.xz-43_2a-net--sched--sch_atm.ko-entry_point.cil.out.i line 7180 function atm_tc_enqueue
Unwinding loop 3  iteration  1   file 43_2a_consumption_linux-3.16-rc1.tar.xz-43_2a-net--sched--sch_atm.ko-entry_point.cil.out.i line 6471 function lookup_flow
Unwinding loop 3  iteration  2   file 43_2a_consumption_linux-3.16-rc1.tar.xz-43_2a-net--sched--sch_atm.ko-entry_point.cil.out.i line 6471 function lookup_flow
Unwinding loop 3  iteration  3   file 43_2a_consumption_linux-3.16-rc1.tar.xz-43_2a-net--sched--sch_atm.ko-entry_point.cil.out.i line 6471 function lookup_flow
Unwinding loop 3  iteration  4   file 43_2a_consumption_linux-3.16-rc1.tar.xz-43_2a-net--sched--sch_atm.ko-entry_point.cil.out.i line 6471 function lookup_flow
Unwinding loop 3  iteration  5   file 43_2a_consumption_linux-3.16-rc1.tar.xz-43_2a-net--sched--sch_atm.ko-entry_point.cil.out.i line 6471 function lookup_flow
Not unwinding 
Unwinding loop 6  iteration  2   file 43_2a_consumption_linux-3.16-rc1.tar.xz-43_2a-net--sched--sch_atm.ko-entry_point.cil.out.i line 7180 function atm_tc_enqueue
Unwinding loop 3  iteration  1   file 43_2a_consumption_linux-3.16-rc1.tar.xz-43_2a-net--sched--sch_atm.ko-entry_point.cil.out.i line 6471 function lookup_flow
Unwinding loop 3  iteration  2   file 43_2a_consumption_linux-3.16-rc1.tar.xz-43_2a-net--sched--sch_atm.ko-entry_point.cil.out.i line 6471 function lookup_flow
Unwinding loop 3  iteration  3   file 43_2a_consumption_linux-3.16-rc1.tar.xz-43_2a-net--sched--sch_atm.ko-entry_point.cil.out.i line 6471 function lookup_flow
Unwinding loop 3  iteration  4   file 43_2a_consumption_linux-3.16-rc1.tar.xz-43_2a-net--sched--sch_atm.ko-entry_point.cil.out.i line 6471 function lookup_flow
Unwinding loop 3  iteration  5   file 43_2a_consumption_linux-3.16-rc1.tar.xz-43_2a-net--sched--sch_atm.ko-entry_point.cil.out.i line 6471 function lookup_flow
Not unwinding 
Unwinding loop 6  iteration  3   file 43_2a_consumption_linux-3.16-rc1.tar.xz-43_2a-net--sched--sch_atm.ko-entry_point.cil.out.i line 7180 function atm_tc_enqueue
Unwinding loop 3  iteration  1   file 43_2a_consumption_linux-3.16-rc1.tar.xz-43_2a-net--sched--sch_atm.ko-entry_point.cil.out.i line 6471 function lookup_flow
Unwinding loop 3  iteration  2   file 43_2a_consumption_linux-3.16-rc1.tar.xz-43_2a-net--sched--sch_atm.ko-entry_point.cil.out.i line 6471 function lookup_flow
Unwinding loop 3  iteration  3   file 43_2a_consumption_linux-3.16-rc1.tar.xz-43_2a-net--sched--sch_atm.ko-entry_point.cil.out.i line 6471 function lookup_flow
Unwinding loop 3  iteration  4   file 43_2a_consumption_linux-3.16-rc1.tar.xz-43_2a-net--sched--sch_atm.ko-entry_point.cil.out.i line 6471 function lookup_flow
Unwinding loop 3  iteration  5   file 43_2a_consumption_linux-3.16-rc1.tar.xz-43_2a-net--sched--sch_atm.ko-entry_point.cil.out.i line 6471 function lookup_flow
Not unwinding 
Unwinding loop 6  iteration  4   file 43_2a_consumption_linux-3.16-rc1.tar.xz-43_2a-net--sched--sch_atm.ko-entry_point.cil.out.i line 7180 function atm_tc_enqueue
Unwinding loop 3  iteration  1   file 43_2a_consumption_linux-3.16-rc1.tar.xz-43_2a-net--sched--sch_atm.ko-entry_point.cil.out.i line 6471 function lookup_flow
Unwinding loop 3  iteration  2   file 43_2a_consumption_linux-3.16-rc1.tar.xz-43_2a-net--sched--sch_atm.ko-entry_point.cil.out.i line 6471 function lookup_flow
Unwinding loop 3  iteration  3   file 43_2a_consumption_linux-3.16-rc1.tar.xz-43_2a-net--sched--sch_atm.ko-entry_point.cil.out.i line 6471 function lookup_flow
Unwinding loop 3  iteration  4   file 43_2a_consumption_linux-3.16-rc1.tar.xz-43_2a-net--sched--sch_atm.ko-entry_point.cil.out.i line 6471 function lookup_flow
Unwinding loop 3  iteration  5   file 43_2a_consumption_linux-3.16-rc1.tar.xz-43_2a-net--sched--sch_atm.ko-entry_point.cil.out.i line 6471 function lookup_flow
Not unwinding 
Unwinding loop 6  iteration  5   file 43_2a_consumption_linux-3.16-rc1.tar.xz-43_2a-net--sched--sch_atm.ko-entry_point.cil.out.i line 7180 function atm_tc_enqueue
Unwinding loop 3  iteration  1   file 43_2a_consumption_linux-3.16-rc1.tar.xz-43_2a-net--sched--sch_atm.ko-entry_point.cil.out.i line 6471 function lookup_flow
Unwinding loop 3  iteration  2   file 43_2a_consumption_linux-3.16-rc1.tar.xz-43_2a-net--sched--sch_atm.ko-entry_point.cil.out.i line 6471 function lookup_flow
Unwinding loop 3  iteration  3   file 43_2a_consumption_linux-3.16-rc1.tar.xz-43_2a-net--sched--sch_atm.ko-entry_point.cil.out.i line 6471 function lookup_flow
Unwinding loop 3  iteration  4   file 43_2a_consumption_linux-3.16-rc1.tar.xz-43_2a-net--sched--sch_atm.ko-entry_point.cil.out.i line 6471 function lookup_flow
Unwinding loop 3  iteration  5   file 43_2a_consumption_linux-3.16-rc1.tar.xz-43_2a-net--sched--sch_atm.ko-entry_point.cil.out.i line 6471 function lookup_flow
Not unwinding 
Not unwinding 
No target candidate for function call *sch->enqueue
Unwinding loop 3  iteration  1   file 43_2a_consumption_linux-3.16-rc1.tar.xz-43_2a-net--sched--sch_atm.ko-entry_point.cil.out.i line 6471 function lookup_flow
Unwinding loop 3  iteration  2   file 43_2a_consumption_linux-3.16-rc1.tar.xz-43_2a-net--sched--sch_atm.ko-entry_point.cil.out.i line 6471 function lookup_flow
Unwinding loop 3  iteration  3   file 43_2a_consumption_linux-3.16-rc1.tar.xz-43_2a-net--sched--sch_atm.ko-entry_point.cil.out.i line 6471 function lookup_flow
Unwinding loop 3  iteration  4   file 43_2a_consumption_linux-3.16-rc1.tar.xz-43_2a-net--sched--sch_atm.ko-entry_point.cil.out.i line 6471 function lookup_flow
Unwinding loop 3  iteration  5   file 43_2a_consumption_linux-3.16-rc1.tar.xz-43_2a-net--sched--sch_atm.ko-entry_point.cil.out.i line 6471 function lookup_flow
Not unwinding 
Unwinding loop 6  iteration  1   file 43_2a_consumption_linux-3.16-rc1.tar.xz-43_2a-net--sched--sch_atm.ko-entry_point.cil.out.i line 7180 function atm_tc_enqueue
Unwinding loop 3  iteration  1   file 43_2a_consumption_linux-3.16-rc1.tar.xz-43_2a-net--sched--sch_atm.ko-entry_point.cil.out.i line 6471 function lookup_flow
Unwinding loop 3  iteration  2   file 43_2a_consumption_linux-3.16-rc1.tar.xz-43_2a-net--sched--sch_atm.ko-entry_point.cil.out.i line 6471 function lookup_flow
Unwinding loop 3  iteration  3   file 43_2a_consumption_linux-3.16-rc1.tar.xz-43_2a-net--sched--sch_atm.ko-entry_point.cil.out.i line 6471 function lookup_flow
Unwinding loop 3  iteration  4   file 43_2a_consumption_linux-3.16-rc1.tar.xz-43_2a-net--sched--sch_atm.ko-entry_point.cil.out.i line 6471 function lookup_flow
Unwinding loop 3  iteration  5   file 43_2a_consumption_linux-3.16-rc1.tar.xz-43_2a-net--sched--sch_atm.ko-entry_point.cil.out.i line 6471 function lookup_flow
Not unwinding 
Unwinding loop 6  iteration  2   file 43_2a_consumption_linux-3.16-rc1.tar.xz-43_2a-net--sched--sch_atm.ko-entry_point.cil.out.i line 7180 function atm_tc_enqueue
Unwinding loop 3  iteration  1   file 43_2a_consumption_linux-3.16-rc1.tar.xz-43_2a-net--sched--sch_atm.ko-entry_point.cil.out.i line 6471 function lookup_flow
Unwinding loop 3  iteration  2   file 43_2a_consumption_linux-3.16-rc1.tar.xz-43_2a-net--sched--sch_atm.ko-entry_point.cil.out.i line 6471 function lookup_flow
Unwinding loop 3  iteration  3   file 43_2a_consumption_linux-3.16-rc1.tar.xz-43_2a-net--sched--sch_atm.ko-entry_point.cil.out.i line 6471 function lookup_flow
Unwinding loop 3  iteration  4   file 43_2a_consumption_linux-3.16-rc1.tar.xz-43_2a-net--sched--sch_atm.ko-entry_point.cil.out.i line 6471 function lookup_flow
Unwinding loop 3  iteration  5   file 43_2a_consumption_linux-3.16-rc1.tar.xz-43_2a-net--sched--sch_atm.ko-entry_point.cil.out.i line 6471 function lookup_flow
Not unwinding 
Unwinding loop 6  iteration  3   file 43_2a_consumption_linux-3.16-rc1.tar.xz-43_2a-net--sched--sch_atm.ko-entry_point.cil.out.i line 7180 function atm_tc_enqueue
Unwinding loop 3  iteration  1   file 43_2a_consumption_linux-3.16-rc1.tar.xz-43_2a-net--sched--sch_atm.ko-entry_point.cil.out.i line 6471 function lookup_flow
Unwinding loop 3  iteration  2   file 43_2a_consumption_linux-3.16-rc1.tar.xz-43_2a-net--sched--sch_atm.ko-entry_point.cil.out.i line 6471 function lookup_flow
Unwinding loop 3  iteration  3   file 43_2a_consumption_linux-3.16-rc1.tar.xz-43_2a-net--sched--sch_atm.ko-entry_point.cil.out.i line 6471 function lookup_flow
Unwinding loop 3  iteration  4   file 43_2a_consumption_linux-3.16-rc1.tar.xz-43_2a-net--sched--sch_atm.ko-entry_point.cil.out.i line 6471 function lookup_flow
Unwinding loop 3  iteration  5   file 43_2a_consumption_linux-3.16-rc1.tar.xz-43_2a-net--sched--sch_atm.ko-entry_point.cil.out.i line 6471 function lookup_flow
Not unwinding 
Unwinding loop 6  iteration  4   file 43_2a_consumption_linux-3.16-rc1.tar.xz-43_2a-net--sched--sch_atm.ko-entry_point.cil.out.i line 7180 function atm_tc_enqueue
Unwinding loop 3  iteration  1   file 43_2a_consumption_linux-3.16-rc1.tar.xz-43_2a-net--sched--sch_atm.ko-entry_point.cil.out.i line 6471 function lookup_flow
Unwinding loop 3  iteration  2   file 43_2a_consumption_linux-3.16-rc1.tar.xz-43_2a-net--sched--sch_atm.ko-entry_point.cil.out.i line 6471 function lookup_flow
Unwinding loop 3  iteration  3   file 43_2a_consumption_linux-3.16-rc1.tar.xz-43_2a-net--sched--sch_atm.ko-entry_point.cil.out.i line 6471 function lookup_flow
Unwinding loop 3  iteration  4   file 43_2a_consumption_linux-3.16-rc1.tar.xz-43_2a-net--sched--sch_atm.ko-entry_point.cil.out.i line 6471 function lookup_flow
Unwinding loop 3  iteration  5   file 43_2a_consumption_linux-3.16-rc1.tar.xz-43_2a-net--sched--sch_atm.ko-entry_point.cil.out.i line 6471 function lookup_flow
Not unwinding 
Unwinding loop 6  iteration  5   file 43_2a_consumption_linux-3.16-rc1.tar.xz-43_2a-net--sched--sch_atm.ko-entry_point.cil.out.i line 7180 function atm_tc_enqueue
Unwinding loop 3  iteration  1   file 43_2a_consumption_linux-3.16-rc1.tar.xz-43_2a-net--sched--sch_atm.ko-entry_point.cil.out.i line 6471 function lookup_flow
Unwinding loop 3  iteration  2   file 43_2a_consumption_linux-3.16-rc1.tar.xz-43_2a-net--sched--sch_atm.ko-entry_point.cil.out.i line 6471 function lookup_flow
Unwinding loop 3  iteration  3   file 43_2a_consumption_linux-3.16-rc1.tar.xz-43_2a-net--sched--sch_atm.ko-entry_point.cil.out.i line 6471 function lookup_flow
Unwinding loop 3  iteration  4   file 43_2a_consumption_linux-3.16-rc1.tar.xz-43_2a-net--sched--sch_atm.ko-entry_point.cil.out.i line 6471 function lookup_flow
Unwinding loop 3  iteration  5   file 43_2a_consumption_linux-3.16-rc1.tar.xz-43_2a-net--sched--sch_atm.ko-entry_point.cil.out.i line 6471 function lookup_flow
Not unwinding 
Not unwinding 
No target candidate for function call *sch->enqueue
Unwinding loop 10  iteration  1   file 43_2a_consumption_linux-3.16-rc1.tar.xz-43_2a-net--sched--sch_atm.ko-entry_point.cil.out.i line 7550 function atm_tc_reset
Unwinding loop 10  iteration  2   file 43_2a_consumption_linux-3.16-rc1.tar.xz-43_2a-net--sched--sch_atm.ko-entry_point.cil.out.i line 7550 function atm_tc_reset
Unwinding loop 10  iteration  3   file 43_2a_consumption_linux-3.16-rc1.tar.xz-43_2a-net--sched--sch_atm.ko-entry_point.cil.out.i line 7550 function atm_tc_reset
Unwinding loop 10  iteration  4   file 43_2a_consumption_linux-3.16-rc1.tar.xz-43_2a-net--sched--sch_atm.ko-entry_point.cil.out.i line 7550 function atm_tc_reset
Unwinding loop 10  iteration  5   file 43_2a_consumption_linux-3.16-rc1.tar.xz-43_2a-net--sched--sch_atm.ko-entry_point.cil.out.i line 7550 function atm_tc_reset
Not unwinding 
Unwinding loop 10  iteration  1   file 43_2a_consumption_linux-3.16-rc1.tar.xz-43_2a-net--sched--sch_atm.ko-entry_point.cil.out.i line 7550 function atm_tc_reset
Unwinding loop 10  iteration  2   file 43_2a_consumption_linux-3.16-rc1.tar.xz-43_2a-net--sched--sch_atm.ko-entry_point.cil.out.i line 7550 function atm_tc_reset
Unwinding loop 10  iteration  3   file 43_2a_consumption_linux-3.16-rc1.tar.xz-43_2a-net--sched--sch_atm.ko-entry_point.cil.out.i line 7550 function atm_tc_reset
Unwinding loop 10  iteration  4   file 43_2a_consumption_linux-3.16-rc1.tar.xz-43_2a-net--sched--sch_atm.ko-entry_point.cil.out.i line 7550 function atm_tc_reset
Unwinding loop 10  iteration  5   file 43_2a_consumption_linux-3.16-rc1.tar.xz-43_2a-net--sched--sch_atm.ko-entry_point.cil.out.i line 7550 function atm_tc_reset
Not unwinding 
Unwinding loop 10  iteration  1   file 43_2a_consumption_linux-3.16-rc1.tar.xz-43_2a-net--sched--sch_atm.ko-entry_point.cil.out.i line 7550 function atm_tc_reset
Unwinding loop 10  iteration  2   file 43_2a_consumption_linux-3.16-rc1.tar.xz-43_2a-net--sched--sch_atm.ko-entry_point.cil.out.i line 7550 function atm_tc_reset
Unwinding loop 10  iteration  3   file 43_2a_consumption_linux-3.16-rc1.tar.xz-43_2a-net--sched--sch_atm.ko-entry_point.cil.out.i line 7550 function atm_tc_reset
Unwinding loop 10  iteration  4   file 43_2a_consumption_linux-3.16-rc1.tar.xz-43_2a-net--sched--sch_atm.ko-entry_point.cil.out.i line 7550 function atm_tc_reset
Unwinding loop 10  iteration  5   file 43_2a_consumption_linux-3.16-rc1.tar.xz-43_2a-net--sched--sch_atm.ko-entry_point.cil.out.i line 7550 function atm_tc_reset
Not unwinding 
No target candidate for function call *sch->dequeue
No target candidate for function call *sch->dequeue
No target candidate for function call *sch->dequeue
No target candidate for function call *p->link.q->ops->peek
No target candidate for function call *p->link.q->ops->peek
No target candidate for function call *p->link.q->ops->peek
Unwinding loop 9  iteration  1   file 43_2a_consumption_linux-3.16-rc1.tar.xz-43_2a-net--sched--sch_atm.ko-entry_point.cil.out.i line 7459 function atm_tc_drop
No target candidate for function call *flow->q->ops->drop
Unwinding loop 9  iteration  2   file 43_2a_consumption_linux-3.16-rc1.tar.xz-43_2a-net--sched--sch_atm.ko-entry_point.cil.out.i line 7459 function atm_tc_drop
No target candidate for function call *flow->q->ops->drop
Unwinding loop 9  iteration  3   file 43_2a_consumption_linux-3.16-rc1.tar.xz-43_2a-net--sched--sch_atm.ko-entry_point.cil.out.i line 7459 function atm_tc_drop
No target candidate for function call *flow->q->ops->drop
Unwinding loop 9  iteration  4   file 43_2a_consumption_linux-3.16-rc1.tar.xz-43_2a-net--sched--sch_atm.ko-entry_point.cil.out.i line 7459 function atm_tc_drop
No target candidate for function call *flow->q->ops->drop
Unwinding loop 9  iteration  5   file 43_2a_consumption_linux-3.16-rc1.tar.xz-43_2a-net--sched--sch_atm.ko-entry_point.cil.out.i line 7459 function atm_tc_drop
No target candidate for function call *flow->q->ops->drop
Not unwinding 
Unwinding loop 9  iteration  1   file 43_2a_consumption_linux-3.16-rc1.tar.xz-43_2a-net--sched--sch_atm.ko-entry_point.cil.out.i line 7459 function atm_tc_drop
No target candidate for function call *flow->q->ops->drop
Unwinding loop 9  iteration  2   file 43_2a_consumption_linux-3.16-rc1.tar.xz-43_2a-net--sched--sch_atm.ko-entry_point.cil.out.i line 7459 function atm_tc_drop
No target candidate for function call *flow->q->ops->drop
Unwinding loop 9  iteration  3   file 43_2a_consumption_linux-3.16-rc1.tar.xz-43_2a-net--sched--sch_atm.ko-entry_point.cil.out.i line 7459 function atm_tc_drop
No target candidate for function call *flow->q->ops->drop
Unwinding loop 9  iteration  4   file 43_2a_consumption_linux-3.16-rc1.tar.xz-43_2a-net--sched--sch_atm.ko-entry_point.cil.out.i line 7459 function atm_tc_drop
No target candidate for function call *flow->q->ops->drop
Unwinding loop 9  iteration  5   file 43_2a_consumption_linux-3.16-rc1.tar.xz-43_2a-net--sched--sch_atm.ko-entry_point.cil.out.i line 7459 function atm_tc_drop
No target candidate for function call *flow->q->ops->drop
Not unwinding 
Unwinding loop 9  iteration  1   file 43_2a_consumption_linux-3.16-rc1.tar.xz-43_2a-net--sched--sch_atm.ko-entry_point.cil.out.i line 7459 function atm_tc_drop
No target candidate for function call *flow->q->ops->drop
Unwinding loop 9  iteration  2   file 43_2a_consumption_linux-3.16-rc1.tar.xz-43_2a-net--sched--sch_atm.ko-entry_point.cil.out.i line 7459 function atm_tc_drop
No target candidate for function call *flow->q->ops->drop
Unwinding loop 9  iteration  3   file 43_2a_consumption_linux-3.16-rc1.tar.xz-43_2a-net--sched--sch_atm.ko-entry_point.cil.out.i line 7459 function atm_tc_drop
No target candidate for function call *flow->q->ops->drop
Unwinding loop 9  iteration  4   file 43_2a_consumption_linux-3.16-rc1.tar.xz-43_2a-net--sched--sch_atm.ko-entry_point.cil.out.i line 7459 function atm_tc_drop
No target candidate for function call *flow->q->ops->drop
Unwinding loop 9  iteration  5   file 43_2a_consumption_linux-3.16-rc1.tar.xz-43_2a-net--sched--sch_atm.ko-entry_point.cil.out.i line 7459 function atm_tc_drop
No target candidate for function call *flow->q->ops->drop
Not unwinding 
Unwinding loop 14  iteration  1   file string.c line 272 function __memset_impl
Unwinding loop 14  iteration  2   file string.c line 272 function __memset_impl
Unwinding loop 14  iteration  3   file string.c line 272 function __memset_impl
Unwinding loop 14  iteration  4   file string.c line 272 function __memset_impl
Unwinding loop 14  iteration  5   file string.c line 272 function __memset_impl
Not unwinding 
Unwinding loop 14  iteration  1   file string.c line 272 function __memset_impl
Unwinding loop 14  iteration  2   file string.c line 272 function __memset_impl
Unwinding loop 14  iteration  3   file string.c line 272 function __memset_impl
Unwinding loop 14  iteration  4   file string.c line 272 function __memset_impl
Unwinding loop 14  iteration  5   file string.c line 272 function __memset_impl
Not unwinding 
Unwinding loop 14  iteration  1   file string.c line 272 function __memset_impl
Unwinding loop 14  iteration  2   file string.c line 272 function __memset_impl
Unwinding loop 14  iteration  3   file string.c line 272 function __memset_impl
Unwinding loop 14  iteration  4   file string.c line 272 function __memset_impl
Unwinding loop 14  iteration  5   file string.c line 272 function __memset_impl
Not unwinding 
Unwinding loop 3  iteration  1   file 43_2a_consumption_linux-3.16-rc1.tar.xz-43_2a-net--sched--sch_atm.ko-entry_point.cil.out.i line 6471 function lookup_flow
Unwinding loop 3  iteration  2   file 43_2a_consumption_linux-3.16-rc1.tar.xz-43_2a-net--sched--sch_atm.ko-entry_point.cil.out.i line 6471 function lookup_flow
Unwinding loop 3  iteration  3   file 43_2a_consumption_linux-3.16-rc1.tar.xz-43_2a-net--sched--sch_atm.ko-entry_point.cil.out.i line 6471 function lookup_flow
Unwinding loop 3  iteration  4   file 43_2a_consumption_linux-3.16-rc1.tar.xz-43_2a-net--sched--sch_atm.ko-entry_point.cil.out.i line 6471 function lookup_flow
Unwinding loop 3  iteration  5   file 43_2a_consumption_linux-3.16-rc1.tar.xz-43_2a-net--sched--sch_atm.ko-entry_point.cil.out.i line 6471 function lookup_flow
Not unwinding 
Unwinding loop 3  iteration  1   file 43_2a_consumption_linux-3.16-rc1.tar.xz-43_2a-net--sched--sch_atm.ko-entry_point.cil.out.i line 6471 function lookup_flow
Unwinding loop 3  iteration  2   file 43_2a_consumption_linux-3.16-rc1.tar.xz-43_2a-net--sched--sch_atm.ko-entry_point.cil.out.i line 6471 function lookup_flow
Unwinding loop 3  iteration  3   file 43_2a_consumption_linux-3.16-rc1.tar.xz-43_2a-net--sched--sch_atm.ko-entry_point.cil.out.i line 6471 function lookup_flow
Unwinding loop 3  iteration  4   file 43_2a_consumption_linux-3.16-rc1.tar.xz-43_2a-net--sched--sch_atm.ko-entry_point.cil.out.i line 6471 function lookup_flow
Unwinding loop 3  iteration  5   file 43_2a_consumption_linux-3.16-rc1.tar.xz-43_2a-net--sched--sch_atm.ko-entry_point.cil.out.i line 6471 function lookup_flow
Not unwinding 
Unwinding recursion atm_tc_put iteration 1 (6 max)
Unwinding recursion atm_tc_put iteration 2 (6 max)
Unwinding recursion atm_tc_put iteration 3 (6 max)
Unwinding recursion atm_tc_put iteration 4 (6 max)
Unwinding recursion atm_tc_put iteration 5 (6 max)
Unwinding recursion atm_tc_put iteration 6 (6 max)
Unwinding recursion atm_tc_put iteration 1 (6 max)
Unwinding recursion atm_tc_put iteration 2 (6 max)
Unwinding recursion atm_tc_put iteration 3 (6 max)
Unwinding recursion atm_tc_put iteration 4 (6 max)
Unwinding recursion atm_tc_put iteration 5 (6 max)
Unwinding recursion atm_tc_put iteration 6 (6 max)
Unwinding loop 5  iteration  1   file 43_2a_consumption_linux-3.16-rc1.tar.xz-43_2a-net--sched--sch_atm.ko-entry_point.cil.out.i line 7085 function atm_tc_walk
No target candidate for function call *walker->fn
Unwinding loop 5  iteration  2   file 43_2a_consumption_linux-3.16-rc1.tar.xz-43_2a-net--sched--sch_atm.ko-entry_point.cil.out.i line 7085 function atm_tc_walk
No target candidate for function call *walker->fn
Unwinding loop 5  iteration  3   file 43_2a_consumption_linux-3.16-rc1.tar.xz-43_2a-net--sched--sch_atm.ko-entry_point.cil.out.i line 7085 function atm_tc_walk
No target candidate for function call *walker->fn
Unwinding loop 5  iteration  4   file 43_2a_consumption_linux-3.16-rc1.tar.xz-43_2a-net--sched--sch_atm.ko-entry_point.cil.out.i line 7085 function atm_tc_walk
No target candidate for function call *walker->fn
Unwinding loop 5  iteration  5   file 43_2a_consumption_linux-3.16-rc1.tar.xz-43_2a-net--sched--sch_atm.ko-entry_point.cil.out.i line 7085 function atm_tc_walk
No target candidate for function call *walker->fn
Not unwinding 
Unwinding loop 5  iteration  1   file 43_2a_consumption_linux-3.16-rc1.tar.xz-43_2a-net--sched--sch_atm.ko-entry_point.cil.out.i line 7085 function atm_tc_walk
No target candidate for function call *walker->fn
Unwinding loop 5  iteration  2   file 43_2a_consumption_linux-3.16-rc1.tar.xz-43_2a-net--sched--sch_atm.ko-entry_point.cil.out.i line 7085 function atm_tc_walk
No target candidate for function call *walker->fn
Unwinding loop 5  iteration  3   file 43_2a_consumption_linux-3.16-rc1.tar.xz-43_2a-net--sched--sch_atm.ko-entry_point.cil.out.i line 7085 function atm_tc_walk
No target candidate for function call *walker->fn
Unwinding loop 5  iteration  4   file 43_2a_consumption_linux-3.16-rc1.tar.xz-43_2a-net--sched--sch_atm.ko-entry_point.cil.out.i line 7085 function atm_tc_walk
No target candidate for function call *walker->fn
Unwinding loop 5  iteration  5   file 43_2a_consumption_linux-3.16-rc1.tar.xz-43_2a-net--sched--sch_atm.ko-entry_point.cil.out.i line 7085 function atm_tc_walk
No target candidate for function call *walker->fn
Not unwinding 
Unwinding recursion atm_tc_put iteration 1 (6 max)
Unwinding recursion atm_tc_put iteration 2 (6 max)
Unwinding recursion atm_tc_put iteration 3 (6 max)
Unwinding recursion atm_tc_put iteration 4 (6 max)
Unwinding recursion atm_tc_put iteration 5 (6 max)
Unwinding recursion atm_tc_put iteration 6 (6 max)
Unwinding recursion atm_tc_put iteration 1 (6 max)
Unwinding recursion atm_tc_put iteration 2 (6 max)
Unwinding recursion atm_tc_put iteration 3 (6 max)
Unwinding recursion atm_tc_put iteration 4 (6 max)
Unwinding recursion atm_tc_put iteration 5 (6 max)
Unwinding recursion atm_tc_put iteration 6 (6 max)
Unwinding recursion atm_tc_put iteration 1 (6 max)
Unwinding recursion atm_tc_put iteration 2 (6 max)
Unwinding recursion atm_tc_put iteration 3 (6 max)
Unwinding recursion atm_tc_put iteration 4 (6 max)
Unwinding recursion atm_tc_put iteration 5 (6 max)
Unwinding recursion atm_tc_put iteration 6 (6 max)
Unwinding loop 3  iteration  1   file 43_2a_consumption_linux-3.16-rc1.tar.xz-43_2a-net--sched--sch_atm.ko-entry_point.cil.out.i line 6471 function lookup_flow
Unwinding loop 3  iteration  2   file 43_2a_consumption_linux-3.16-rc1.tar.xz-43_2a-net--sched--sch_atm.ko-entry_point.cil.out.i line 6471 function lookup_flow
Unwinding loop 3  iteration  3   file 43_2a_consumption_linux-3.16-rc1.tar.xz-43_2a-net--sched--sch_atm.ko-entry_point.cil.out.i line 6471 function lookup_flow
Unwinding loop 3  iteration  4   file 43_2a_consumption_linux-3.16-rc1.tar.xz-43_2a-net--sched--sch_atm.ko-entry_point.cil.out.i line 6471 function lookup_flow
Unwinding loop 3  iteration  5   file 43_2a_consumption_linux-3.16-rc1.tar.xz-43_2a-net--sched--sch_atm.ko-entry_point.cil.out.i line 6471 function lookup_flow
Not unwinding 
Unwinding loop 3  iteration  1   file 43_2a_consumption_linux-3.16-rc1.tar.xz-43_2a-net--sched--sch_atm.ko-entry_point.cil.out.i line 6471 function lookup_flow
Unwinding loop 3  iteration  2   file 43_2a_consumption_linux-3.16-rc1.tar.xz-43_2a-net--sched--sch_atm.ko-entry_point.cil.out.i line 6471 function lookup_flow
Unwinding loop 3  iteration  3   file 43_2a_consumption_linux-3.16-rc1.tar.xz-43_2a-net--sched--sch_atm.ko-entry_point.cil.out.i line 6471 function lookup_flow
Unwinding loop 3  iteration  4   file 43_2a_consumption_linux-3.16-rc1.tar.xz-43_2a-net--sched--sch_atm.ko-entry_point.cil.out.i line 6471 function lookup_flow
Unwinding loop 3  iteration  5   file 43_2a_consumption_linux-3.16-rc1.tar.xz-43_2a-net--sched--sch_atm.ko-entry_point.cil.out.i line 6471 function lookup_flow
Not unwinding 
Unwinding loop 14  iteration  1   file string.c line 272 function __memset_impl
Unwinding loop 14  iteration  2   file string.c line 272 function __memset_impl
Unwinding loop 14  iteration  3   file string.c line 272 function __memset_impl
Unwinding loop 14  iteration  4   file string.c line 272 function __memset_impl
Unwinding loop 14  iteration  5   file string.c line 272 function __memset_impl
Not unwinding 
Unwinding loop 14  iteration  1   file string.c line 272 function __memset_impl
Unwinding loop 14  iteration  2   file string.c line 272 function __memset_impl
Unwinding loop 14  iteration  3   file string.c line 272 function __memset_impl
Unwinding loop 14  iteration  4   file string.c line 272 function __memset_impl
Unwinding loop 14  iteration  5   file string.c line 272 function __memset_impl
Not unwinding 
Unwinding loop 3  iteration  1   file 43_2a_consumption_linux-3.16-rc1.tar.xz-43_2a-net--sched--sch_atm.ko-entry_point.cil.out.i line 6471 function lookup_flow
Unwinding loop 3  iteration  2   file 43_2a_consumption_linux-3.16-rc1.tar.xz-43_2a-net--sched--sch_atm.ko-entry_point.cil.out.i line 6471 function lookup_flow
Unwinding loop 3  iteration  3   file 43_2a_consumption_linux-3.16-rc1.tar.xz-43_2a-net--sched--sch_atm.ko-entry_point.cil.out.i line 6471 function lookup_flow
Unwinding loop 3  iteration  4   file 43_2a_consumption_linux-3.16-rc1.tar.xz-43_2a-net--sched--sch_atm.ko-entry_point.cil.out.i line 6471 function lookup_flow
Unwinding loop 3  iteration  5   file 43_2a_consumption_linux-3.16-rc1.tar.xz-43_2a-net--sched--sch_atm.ko-entry_point.cil.out.i line 6471 function lookup_flow
Not unwinding 
Unwinding loop 4  iteration  1   file 43_2a_consumption_linux-3.16-rc1.tar.xz-43_2a-net--sched--sch_atm.ko-entry_point.cil.out.i line 6894 function atm_tc_change
Unwinding loop 3  iteration  1   file 43_2a_consumption_linux-3.16-rc1.tar.xz-43_2a-net--sched--sch_atm.ko-entry_point.cil.out.i line 6471 function lookup_flow
Unwinding loop 3  iteration  2   file 43_2a_consumption_linux-3.16-rc1.tar.xz-43_2a-net--sched--sch_atm.ko-entry_point.cil.out.i line 6471 function lookup_flow
Unwinding loop 3  iteration  3   file 43_2a_consumption_linux-3.16-rc1.tar.xz-43_2a-net--sched--sch_atm.ko-entry_point.cil.out.i line 6471 function lookup_flow
Unwinding loop 3  iteration  4   file 43_2a_consumption_linux-3.16-rc1.tar.xz-43_2a-net--sched--sch_atm.ko-entry_point.cil.out.i line 6471 function lookup_flow
Unwinding loop 3  iteration  5   file 43_2a_consumption_linux-3.16-rc1.tar.xz-43_2a-net--sched--sch_atm.ko-entry_point.cil.out.i line 6471 function lookup_flow
Not unwinding 
Unwinding recursion atm_tc_put iteration 1 (6 max)
Unwinding recursion atm_tc_put iteration 2 (6 max)
Unwinding recursion atm_tc_put iteration 3 (6 max)
Unwinding recursion atm_tc_put iteration 4 (6 max)
Unwinding recursion atm_tc_put iteration 5 (6 max)
Unwinding recursion atm_tc_put iteration 6 (6 max)
Unwinding loop 4  iteration  2   file 43_2a_consumption_linux-3.16-rc1.tar.xz-43_2a-net--sched--sch_atm.ko-entry_point.cil.out.i line 6894 function atm_tc_change
Unwinding loop 3  iteration  1   file 43_2a_consumption_linux-3.16-rc1.tar.xz-43_2a-net--sched--sch_atm.ko-entry_point.cil.out.i line 6471 function lookup_flow
Unwinding loop 3  iteration  2   file 43_2a_consumption_linux-3.16-rc1.tar.xz-43_2a-net--sched--sch_atm.ko-entry_point.cil.out.i line 6471 function lookup_flow
Unwinding loop 3  iteration  3   file 43_2a_consumption_linux-3.16-rc1.tar.xz-43_2a-net--sched--sch_atm.ko-entry_point.cil.out.i line 6471 function lookup_flow
Unwinding loop 3  iteration  4   file 43_2a_consumption_linux-3.16-rc1.tar.xz-43_2a-net--sched--sch_atm.ko-entry_point.cil.out.i line 6471 function lookup_flow
Unwinding loop 3  iteration  5   file 43_2a_consumption_linux-3.16-rc1.tar.xz-43_2a-net--sched--sch_atm.ko-entry_point.cil.out.i line 6471 function lookup_flow
Not unwinding 
Unwinding recursion atm_tc_put iteration 1 (6 max)
Unwinding recursion atm_tc_put iteration 2 (6 max)
Unwinding recursion atm_tc_put iteration 3 (6 max)
Unwinding recursion atm_tc_put iteration 4 (6 max)
Unwinding recursion atm_tc_put iteration 5 (6 max)
Unwinding recursion atm_tc_put iteration 6 (6 max)
Unwinding loop 4  iteration  3   file 43_2a_consumption_linux-3.16-rc1.tar.xz-43_2a-net--sched--sch_atm.ko-entry_point.cil.out.i line 6894 function atm_tc_change
Unwinding loop 3  iteration  1   file 43_2a_consumption_linux-3.16-rc1.tar.xz-43_2a-net--sched--sch_atm.ko-entry_point.cil.out.i line 6471 function lookup_flow
Unwinding loop 3  iteration  2   file 43_2a_consumption_linux-3.16-rc1.tar.xz-43_2a-net--sched--sch_atm.ko-entry_point.cil.out.i line 6471 function lookup_flow
Unwinding loop 3  iteration  3   file 43_2a_consumption_linux-3.16-rc1.tar.xz-43_2a-net--sched--sch_atm.ko-entry_point.cil.out.i line 6471 function lookup_flow
Unwinding loop 3  iteration  4   file 43_2a_consumption_linux-3.16-rc1.tar.xz-43_2a-net--sched--sch_atm.ko-entry_point.cil.out.i line 6471 function lookup_flow
Unwinding loop 3  iteration  5   file 43_2a_consumption_linux-3.16-rc1.tar.xz-43_2a-net--sched--sch_atm.ko-entry_point.cil.out.i line 6471 function lookup_flow
Not unwinding 
Unwinding recursion atm_tc_put iteration 1 (6 max)
Unwinding recursion atm_tc_put iteration 2 (6 max)
Unwinding recursion atm_tc_put iteration 3 (6 max)
Unwinding recursion atm_tc_put iteration 4 (6 max)
Unwinding recursion atm_tc_put iteration 5 (6 max)
Unwinding recursion atm_tc_put iteration 6 (6 max)
Unwinding loop 4  iteration  4   file 43_2a_consumption_linux-3.16-rc1.tar.xz-43_2a-net--sched--sch_atm.ko-entry_point.cil.out.i line 6894 function atm_tc_change
Unwinding loop 3  iteration  1   file 43_2a_consumption_linux-3.16-rc1.tar.xz-43_2a-net--sched--sch_atm.ko-entry_point.cil.out.i line 6471 function lookup_flow
Unwinding loop 3  iteration  2   file 43_2a_consumption_linux-3.16-rc1.tar.xz-43_2a-net--sched--sch_atm.ko-entry_point.cil.out.i line 6471 function lookup_flow
Unwinding loop 3  iteration  3   file 43_2a_consumption_linux-3.16-rc1.tar.xz-43_2a-net--sched--sch_atm.ko-entry_point.cil.out.i line 6471 function lookup_flow
Unwinding loop 3  iteration  4   file 43_2a_consumption_linux-3.16-rc1.tar.xz-43_2a-net--sched--sch_atm.ko-entry_point.cil.out.i line 6471 function lookup_flow
Unwinding loop 3  iteration  5   file 43_2a_consumption_linux-3.16-rc1.tar.xz-43_2a-net--sched--sch_atm.ko-entry_point.cil.out.i line 6471 function lookup_flow
Not unwinding 
Unwinding recursion atm_tc_put iteration 1 (6 max)
Unwinding recursion atm_tc_put iteration 2 (6 max)
Unwinding recursion atm_tc_put iteration 3 (6 max)
Unwinding recursion atm_tc_put iteration 4 (6 max)
Unwinding recursion atm_tc_put iteration 5 (6 max)
Unwinding recursion atm_tc_put iteration 6 (6 max)
Unwinding loop 4  iteration  5   file 43_2a_consumption_linux-3.16-rc1.tar.xz-43_2a-net--sched--sch_atm.ko-entry_point.cil.out.i line 6894 function atm_tc_change
Unwinding loop 3  iteration  1   file 43_2a_consumption_linux-3.16-rc1.tar.xz-43_2a-net--sched--sch_atm.ko-entry_point.cil.out.i line 6471 function lookup_flow
Unwinding loop 3  iteration  2   file 43_2a_consumption_linux-3.16-rc1.tar.xz-43_2a-net--sched--sch_atm.ko-entry_point.cil.out.i line 6471 function lookup_flow
Unwinding loop 3  iteration  3   file 43_2a_consumption_linux-3.16-rc1.tar.xz-43_2a-net--sched--sch_atm.ko-entry_point.cil.out.i line 6471 function lookup_flow
Unwinding loop 3  iteration  4   file 43_2a_consumption_linux-3.16-rc1.tar.xz-43_2a-net--sched--sch_atm.ko-entry_point.cil.out.i line 6471 function lookup_flow
Unwinding loop 3  iteration  5   file 43_2a_consumption_linux-3.16-rc1.tar.xz-43_2a-net--sched--sch_atm.ko-entry_point.cil.out.i line 6471 function lookup_flow
Not unwinding 
Unwinding recursion atm_tc_put iteration 1 (6 max)
Unwinding recursion atm_tc_put iteration 2 (6 max)
Unwinding recursion atm_tc_put iteration 3 (6 max)
Unwinding recursion atm_tc_put iteration 4 (6 max)
Unwinding recursion atm_tc_put iteration 5 (6 max)
Unwinding recursion atm_tc_put iteration 6 (6 max)
Not unwinding 
Unwinding loop 1  iteration  1   file string.c line 263 function memcpy
Unwinding loop 1  iteration  2   file string.c line 263 function memcpy
Unwinding loop 1  iteration  3   file string.c line 263 function memcpy
Unwinding loop 1  iteration  4   file string.c line 263 function memcpy
Unwinding loop 1  iteration  5   file string.c line 263 function memcpy
Not unwinding 
Unwinding loop 1  iteration  1   file string.c line 263 function memcpy
Unwinding loop 1  iteration  2   file string.c line 263 function memcpy
Unwinding loop 1  iteration  3   file string.c line 263 function memcpy
Unwinding loop 1  iteration  4   file string.c line 263 function memcpy
Unwinding loop 1  iteration  5   file string.c line 263 function memcpy
Not unwinding 
Unwinding recursion atm_tc_put iteration 1 (6 max)
Unwinding recursion atm_tc_put iteration 2 (6 max)
Unwinding recursion atm_tc_put iteration 3 (6 max)
Unwinding recursion atm_tc_put iteration 4 (6 max)
Unwinding recursion atm_tc_put iteration 5 (6 max)
Unwinding recursion atm_tc_put iteration 6 (6 max)
Unwinding loop 3  iteration  1   file 43_2a_consumption_linux-3.16-rc1.tar.xz-43_2a-net--sched--sch_atm.ko-entry_point.cil.out.i line 6471 function lookup_flow
Unwinding loop 3  iteration  2   file 43_2a_consumption_linux-3.16-rc1.tar.xz-43_2a-net--sched--sch_atm.ko-entry_point.cil.out.i line 6471 function lookup_flow
Unwinding loop 3  iteration  3   file 43_2a_consumption_linux-3.16-rc1.tar.xz-43_2a-net--sched--sch_atm.ko-entry_point.cil.out.i line 6471 function lookup_flow
Unwinding loop 3  iteration  4   file 43_2a_consumption_linux-3.16-rc1.tar.xz-43_2a-net--sched--sch_atm.ko-entry_point.cil.out.i line 6471 function lookup_flow
Unwinding loop 3  iteration  5   file 43_2a_consumption_linux-3.16-rc1.tar.xz-43_2a-net--sched--sch_atm.ko-entry_point.cil.out.i line 6471 function lookup_flow
Not unwinding 
Unwinding loop 4  iteration  1   file 43_2a_consumption_linux-3.16-rc1.tar.xz-43_2a-net--sched--sch_atm.ko-entry_point.cil.out.i line 6894 function atm_tc_change
Unwinding loop 3  iteration  1   file 43_2a_consumption_linux-3.16-rc1.tar.xz-43_2a-net--sched--sch_atm.ko-entry_point.cil.out.i line 6471 function lookup_flow
Unwinding loop 3  iteration  2   file 43_2a_consumption_linux-3.16-rc1.tar.xz-43_2a-net--sched--sch_atm.ko-entry_point.cil.out.i line 6471 function lookup_flow
Unwinding loop 3  iteration  3   file 43_2a_consumption_linux-3.16-rc1.tar.xz-43_2a-net--sched--sch_atm.ko-entry_point.cil.out.i line 6471 function lookup_flow
Unwinding loop 3  iteration  4   file 43_2a_consumption_linux-3.16-rc1.tar.xz-43_2a-net--sched--sch_atm.ko-entry_point.cil.out.i line 6471 function lookup_flow
Unwinding loop 3  iteration  5   file 43_2a_consumption_linux-3.16-rc1.tar.xz-43_2a-net--sched--sch_atm.ko-entry_point.cil.out.i line 6471 function lookup_flow
Not unwinding 
Unwinding recursion atm_tc_put iteration 1 (6 max)
Unwinding recursion atm_tc_put iteration 2 (6 max)
Unwinding recursion atm_tc_put iteration 3 (6 max)
Unwinding recursion atm_tc_put iteration 4 (6 max)
Unwinding recursion atm_tc_put iteration 5 (6 max)
Unwinding recursion atm_tc_put iteration 6 (6 max)
Unwinding loop 4  iteration  2   file 43_2a_consumption_linux-3.16-rc1.tar.xz-43_2a-net--sched--sch_atm.ko-entry_point.cil.out.i line 6894 function atm_tc_change
Unwinding loop 3  iteration  1   file 43_2a_consumption_linux-3.16-rc1.tar.xz-43_2a-net--sched--sch_atm.ko-entry_point.cil.out.i line 6471 function lookup_flow
Unwinding loop 3  iteration  2   file 43_2a_consumption_linux-3.16-rc1.tar.xz-43_2a-net--sched--sch_atm.ko-entry_point.cil.out.i line 6471 function lookup_flow
Unwinding loop 3  iteration  3   file 43_2a_consumption_linux-3.16-rc1.tar.xz-43_2a-net--sched--sch_atm.ko-entry_point.cil.out.i line 6471 function lookup_flow
Unwinding loop 3  iteration  4   file 43_2a_consumption_linux-3.16-rc1.tar.xz-43_2a-net--sched--sch_atm.ko-entry_point.cil.out.i line 6471 function lookup_flow
Unwinding loop 3  iteration  5   file 43_2a_consumption_linux-3.16-rc1.tar.xz-43_2a-net--sched--sch_atm.ko-entry_point.cil.out.i line 6471 function lookup_flow
Not unwinding 
Unwinding recursion atm_tc_put iteration 1 (6 max)
Unwinding recursion atm_tc_put iteration 2 (6 max)
Unwinding recursion atm_tc_put iteration 3 (6 max)
Unwinding recursion atm_tc_put iteration 4 (6 max)
Unwinding recursion atm_tc_put iteration 5 (6 max)
Unwinding recursion atm_tc_put iteration 6 (6 max)
Unwinding loop 4  iteration  3   file 43_2a_consumption_linux-3.16-rc1.tar.xz-43_2a-net--sched--sch_atm.ko-entry_point.cil.out.i line 6894 function atm_tc_change
Unwinding loop 3  iteration  1   file 43_2a_consumption_linux-3.16-rc1.tar.xz-43_2a-net--sched--sch_atm.ko-entry_point.cil.out.i line 6471 function lookup_flow
Unwinding loop 3  iteration  2   file 43_2a_consumption_linux-3.16-rc1.tar.xz-43_2a-net--sched--sch_atm.ko-entry_point.cil.out.i line 6471 function lookup_flow
Unwinding loop 3  iteration  3   file 43_2a_consumption_linux-3.16-rc1.tar.xz-43_2a-net--sched--sch_atm.ko-entry_point.cil.out.i line 6471 function lookup_flow
Unwinding loop 3  iteration  4   file 43_2a_consumption_linux-3.16-rc1.tar.xz-43_2a-net--sched--sch_atm.ko-entry_point.cil.out.i line 6471 function lookup_flow
Unwinding loop 3  iteration  5   file 43_2a_consumption_linux-3.16-rc1.tar.xz-43_2a-net--sched--sch_atm.ko-entry_point.cil.out.i line 6471 function lookup_flow
Not unwinding 
Unwinding recursion atm_tc_put iteration 1 (6 max)
Unwinding recursion atm_tc_put iteration 2 (6 max)
Unwinding recursion atm_tc_put iteration 3 (6 max)
Unwinding recursion atm_tc_put iteration 4 (6 max)
Unwinding recursion atm_tc_put iteration 5 (6 max)
Unwinding recursion atm_tc_put iteration 6 (6 max)
Unwinding loop 4  iteration  4   file 43_2a_consumption_linux-3.16-rc1.tar.xz-43_2a-net--sched--sch_atm.ko-entry_point.cil.out.i line 6894 function atm_tc_change
Unwinding loop 3  iteration  1   file 43_2a_consumption_linux-3.16-rc1.tar.xz-43_2a-net--sched--sch_atm.ko-entry_point.cil.out.i line 6471 function lookup_flow
Unwinding loop 3  iteration  2   file 43_2a_consumption_linux-3.16-rc1.tar.xz-43_2a-net--sched--sch_atm.ko-entry_point.cil.out.i line 6471 function lookup_flow
Unwinding loop 3  iteration  3   file 43_2a_consumption_linux-3.16-rc1.tar.xz-43_2a-net--sched--sch_atm.ko-entry_point.cil.out.i line 6471 function lookup_flow
Unwinding loop 3  iteration  4   file 43_2a_consumption_linux-3.16-rc1.tar.xz-43_2a-net--sched--sch_atm.ko-entry_point.cil.out.i line 6471 function lookup_flow
Unwinding loop 3  iteration  5   file 43_2a_consumption_linux-3.16-rc1.tar.xz-43_2a-net--sched--sch_atm.ko-entry_point.cil.out.i line 6471 function lookup_flow
Not unwinding 
Unwinding recursion atm_tc_put iteration 1 (6 max)
Unwinding recursion atm_tc_put iteration 2 (6 max)
Unwinding recursion atm_tc_put iteration 3 (6 max)
Unwinding recursion atm_tc_put iteration 4 (6 max)
Unwinding recursion atm_tc_put iteration 5 (6 max)
Unwinding recursion atm_tc_put iteration 6 (6 max)
Unwinding loop 4  iteration  5   file 43_2a_consumption_linux-3.16-rc1.tar.xz-43_2a-net--sched--sch_atm.ko-entry_point.cil.out.i line 6894 function atm_tc_change
Unwinding loop 3  iteration  1   file 43_2a_consumption_linux-3.16-rc1.tar.xz-43_2a-net--sched--sch_atm.ko-entry_point.cil.out.i line 6471 function lookup_flow
Unwinding loop 3  iteration  2   file 43_2a_consumption_linux-3.16-rc1.tar.xz-43_2a-net--sched--sch_atm.ko-entry_point.cil.out.i line 6471 function lookup_flow
Unwinding loop 3  iteration  3   file 43_2a_consumption_linux-3.16-rc1.tar.xz-43_2a-net--sched--sch_atm.ko-entry_point.cil.out.i line 6471 function lookup_flow
Unwinding loop 3  iteration  4   file 43_2a_consumption_linux-3.16-rc1.tar.xz-43_2a-net--sched--sch_atm.ko-entry_point.cil.out.i line 6471 function lookup_flow
Unwinding loop 3  iteration  5   file 43_2a_consumption_linux-3.16-rc1.tar.xz-43_2a-net--sched--sch_atm.ko-entry_point.cil.out.i line 6471 function lookup_flow
Not unwinding 
Unwinding recursion atm_tc_put iteration 1 (6 max)
Unwinding recursion atm_tc_put iteration 2 (6 max)
Unwinding recursion atm_tc_put iteration 3 (6 max)
Unwinding recursion atm_tc_put iteration 4 (6 max)
Unwinding recursion atm_tc_put iteration 5 (6 max)
Unwinding recursion atm_tc_put iteration 6 (6 max)
Not unwinding 
Unwinding loop 1  iteration  1   file string.c line 263 function memcpy
Unwinding loop 1  iteration  2   file string.c line 263 function memcpy
Unwinding loop 1  iteration  3   file string.c line 263 function memcpy
Unwinding loop 1  iteration  4   file string.c line 263 function memcpy
Unwinding lo
../sv-benchmarks/c/ldv-linux-3.16-rc1/43_2a_consumption_linux-3.16-rc1.tar.xz-43_2a-net--sched--sch_atm.ko-entry_point.cil.out.i:5877:27: warning: declaration of 'struct kobject___0' will not be visible outside of this function [-Wvisibility]
   ssize_t (*show)(struct kobject___0 * , struct attribute___0 * , char * ) ;
                          ^
../sv-benchmarks/c/ldv-linux-3.16-rc1/43_2a_consumption_linux-3.16-rc1.tar.xz-43_2a-net--sched--sch_atm.ko-entry_point.cil.out.i:5878:28: warning: declaration of 'struct kobject___0' will not be visible outside of this function [-Wvisibility]
   ssize_t (*store)(struct kobject___0 * , struct attribute___0 * , char const * ,
                           ^

Unknown
