./esbmc-wrapper.py -p ../sv-benchmarks/c/properties/unreach-call.prp -s kinduction --arch 32 ../sv-benchmarks/c/combinations/pc_sfifo_3.cil+token_ring.04.cil-2.c


--------------------------------------------------------------------------------


Verifying with ESBMC
Command: ./esbmc --no-div-by-zero-check --force-malloc-success --state-hashing --add-symex-value-sets --no-align-check --k-step 5 --floatbv --unlimited-k-steps ../sv-benchmarks/c/combinations/pc_sfifo_3.cil+token_ring.04.cil-2.c --32 --witness-output pc_sfifo_3.cil+token_ring.04.cil-2.c.graphml --no-pointer-check --no-bounds-check --interval-analysis --goto-unwind --unlimited-goto-unwind --k-induction --max-inductive-step 3 
ESBMC version 6.8.0 64-bit x86_64 linux
Target: 32-bit little-endian x86_64-unknown-linux with esbmc libc
file ../sv-benchmarks/c/combinations/pc_sfifo_3.cil+token_ring.04.cil-2.c: Parsing
Converting
Generating GOTO Program
GOTO program creation time: 0.109s
GOTO program processing time: 0.098s
*** Checking base case, k = 1
Starting Bounded Model Checking
Not unwinding 
Not unwinding 
Symex completed in: 0.012s (190 assignments)
Slicing time: 0.000s (removed 185 assignments)
Generated 0 VCC(s), 0 remaining after simplification (5 assignments)
BMC program time: 0.012s
No bug has been found in the base case
*** Checking forward condition, k = 1
Starting Bounded Model Checking
Not unwinding 
Not unwinding 
Symex completed in: 0.008s (190 assignments)
Slicing time: 0.000s (removed 185 assignments)
Generated 2 VCC(s), 2 remaining after simplification (5 assignments)
No solver specified; defaulting to Boolector
Encoding remaining VCC(s) using bit-vector/floating-point arithmetic
Encoding to solver time: 0.000s
Solving with solver Boolector 3.2.2
Encoding to solver time: 0.000s
Runtime decision procedure: 0.001s
The forward condition is unable to prove the property
*** Checking base case, k = 6
Starting Bounded Model Checking
Unwinding loop 3  iteration  1   file pc_sfifo_3.cil+token_ring.04.cil-2.c line 418 function eval1
Unwinding loop 1  iteration  1   file pc_sfifo_3.cil+token_ring.04.cil-2.c line 172 function do_write_p
Unwinding loop 2  iteration  1   file pc_sfifo_3.cil+token_ring.04.cil-2.c line 218 function do_read_c
Unwinding loop 3  iteration  2   file pc_sfifo_3.cil+token_ring.04.cil-2.c line 418 function eval1
Unwinding loop 1  iteration  1   file pc_sfifo_3.cil+token_ring.04.cil-2.c line 172 function do_write_p
Unwinding loop 2  iteration  1   file pc_sfifo_3.cil+token_ring.04.cil-2.c line 218 function do_read_c
Unwinding loop 3  iteration  3   file pc_sfifo_3.cil+token_ring.04.cil-2.c line 418 function eval1
Unwinding loop 1  iteration  1   file pc_sfifo_3.cil+token_ring.04.cil-2.c line 172 function do_write_p
Unwinding loop 2  iteration  1   file pc_sfifo_3.cil+token_ring.04.cil-2.c line 218 function do_read_c
Unwinding loop 3  iteration  4   file pc_sfifo_3.cil+token_ring.04.cil-2.c line 418 function eval1
Unwinding loop 1  iteration  1   file pc_sfifo_3.cil+token_ring.04.cil-2.c line 172 function do_write_p
Unwinding loop 2  iteration  1   file pc_sfifo_3.cil+token_ring.04.cil-2.c line 218 function do_read_c
Unwinding loop 3  iteration  5   file pc_sfifo_3.cil+token_ring.04.cil-2.c line 418 function eval1
Unwinding loop 1  iteration  1   file pc_sfifo_3.cil+token_ring.04.cil-2.c line 172 function do_write_p
Unwinding loop 2  iteration  1   file pc_sfifo_3.cil+token_ring.04.cil-2.c line 218 function do_read_c
Not unwinding 
Unwinding loop 4  iteration  1   file pc_sfifo_3.cil+token_ring.04.cil-2.c line 499 function start_simulation1
Unwinding loop 1  iteration  1   file pc_sfifo_3.cil+token_ring.04.cil-2.c line 172 function do_write_p
Unwinding loop 2  iteration  1   file pc_sfifo_3.cil+token_ring.04.cil-2.c line 218 function do_read_c
Unwinding loop 3  iteration  1   file pc_sfifo_3.cil+token_ring.04.cil-2.c line 418 function eval1
Unwinding loop 1  iteration  1   file pc_sfifo_3.cil+token_ring.04.cil-2.c line 172 function do_write_p
Unwinding loop 2  iteration  1   file pc_sfifo_3.cil+token_ring.04.cil-2.c line 218 function do_read_c
Unwinding loop 3  iteration  2   file pc_sfifo_3.cil+token_ring.04.cil-2.c line 418 function eval1
Unwinding loop 1  iteration  1   file pc_sfifo_3.cil+token_ring.04.cil-2.c line 172 function do_write_p
Unwinding loop 2  iteration  1   file pc_sfifo_3.cil+token_ring.04.cil-2.c line 218 function do_read_c
Unwinding loop 3  iteration  3   file pc_sfifo_3.cil+token_ring.04.cil-2.c line 418 function eval1
Unwinding loop 1  iteration  1   file pc_sfifo_3.cil+token_ring.04.cil-2.c line 172 function do_write_p
Unwinding loop 2  iteration  1   file pc_sfifo_3.cil+token_ring.04.cil-2.c line 218 function do_read_c
Unwinding loop 3  iteration  4   file pc_sfifo_3.cil+token_ring.04.cil-2.c line 418 function eval1
Unwinding loop 1  iteration  1   file pc_sfifo_3.cil+token_ring.04.cil-2.c line 172 function do_write_p
Unwinding loop 2  iteration  1   file pc_sfifo_3.cil+token_ring.04.cil-2.c line 218 function do_read_c
Unwinding loop 3  iteration  5   file pc_sfifo_3.cil+token_ring.04.cil-2.c line 418 function eval1
Unwinding loop 1  iteration  1   file pc_sfifo_3.cil+token_ring.04.cil-2.c line 172 function do_write_p
Unwinding loop 2  iteration  1   file pc_sfifo_3.cil+token_ring.04.cil-2.c line 218 function do_read_c
Not unwinding 
Unwinding loop 4  iteration  2   file pc_sfifo_3.cil+token_ring.04.cil-2.c line 499 function start_simulation1
Unwinding loop 1  iteration  1   file pc_sfifo_3.cil+token_ring.04.cil-2.c line 172 function do_write_p
Unwinding loop 2  iteration  1   file pc_sfifo_3.cil+token_ring.04.cil-2.c line 218 function do_read_c
Unwinding loop 3  iteration  1   file pc_sfifo_3.cil+token_ring.04.cil-2.c line 418 function eval1
Unwinding loop 1  iteration  1   file pc_sfifo_3.cil+token_ring.04.cil-2.c line 172 function do_write_p
Unwinding loop 2  iteration  1   file pc_sfifo_3.cil+token_ring.04.cil-2.c line 218 function do_read_c
Unwinding loop 3  iteration  2   file pc_sfifo_3.cil+token_ring.04.cil-2.c line 418 function eval1
Unwinding loop 1  iteration  1   file pc_sfifo_3.cil+token_ring.04.cil-2.c line 172 function do_write_p
Unwinding loop 2  iteration  1   file pc_sfifo_3.cil+token_ring.04.cil-2.c line 218 function do_read_c
Unwinding loop 3  iteration  3   file pc_sfifo_3.cil+token_ring.04.cil-2.c line 418 function eval1
Unwinding loop 1  iteration  1   file pc_sfifo_3.cil+token_ring.04.cil-2.c line 172 function do_write_p
Unwinding loop 2  iteration  1   file pc_sfifo_3.cil+token_ring.04.cil-2.c line 218 function do_read_c
Unwinding loop 3  iteration  4   file pc_sfifo_3.cil+token_ring.04.cil-2.c line 418 function eval1
Unwinding loop 1  iteration  1   file pc_sfifo_3.cil+token_ring.04.cil-2.c line 172 function do_write_p
Unwinding loop 2  iteration  1   file pc_sfifo_3.cil+token_ring.04.cil-2.c line 218 function do_read_c
Unwinding loop 3  iteration  5   file pc_sfifo_3.cil+token_ring.04.cil-2.c line 418 function eval1
Unwinding loop 1  iteration  1   file pc_sfifo_3.cil+token_ring.04.cil-2.c line 172 function do_write_p
Unwinding loop 2  iteration  1   file pc_sfifo_3.cil+token_ring.04.cil-2.c line 218 function do_read_c
Not unwinding 
Unwinding loop 4  iteration  3   file pc_sfifo_3.cil+token_ring.04.cil-2.c line 499 function start_simulation1
Unwinding loop 1  iteration  1   file pc_sfifo_3.cil+token_ring.04.cil-2.c line 172 function do_write_p
Unwinding loop 2  iteration  1   file pc_sfifo_3.cil+token_ring.04.cil-2.c line 218 function do_read_c
Unwinding loop 3  iteration  1   file pc_sfifo_3.cil+token_ring.04.cil-2.c line 418 function eval1
Unwinding loop 1  iteration  1   file pc_sfifo_3.cil+token_ring.04.cil-2.c line 172 function do_write_p
Unwinding loop 2  iteration  1   file pc_sfifo_3.cil+token_ring.04.cil-2.c line 218 function do_read_c
Unwinding loop 3  iteration  2   file pc_sfifo_3.cil+token_ring.04.cil-2.c line 418 function eval1
Unwinding loop 1  iteration  1   file pc_sfifo_3.cil+token_ring.04.cil-2.c line 172 function do_write_p
Unwinding loop 2  iteration  1   file pc_sfifo_3.cil+token_ring.04.cil-2.c line 218 function do_read_c
Unwinding loop 3  iteration  3   file pc_sfifo_3.cil+token_ring.04.cil-2.c line 418 function eval1
Unwinding loop 1  iteration  1   file pc_sfifo_3.cil+token_ring.04.cil-2.c line 172 function do_write_p
Unwinding loop 2  iteration  1   file pc_sfifo_3.cil+token_ring.04.cil-2.c line 218 function do_read_c
Unwinding loop 3  iteration  4   file pc_sfifo_3.cil+token_ring.04.cil-2.c line 418 function eval1
Unwinding loop 1  iteration  1   file pc_sfifo_3.cil+token_ring.04.cil-2.c line 172 function do_write_p
Unwinding loop 2  iteration  1   file pc_sfifo_3.cil+token_ring.04.cil-2.c line 218 function do_read_c
Unwinding loop 3  iteration  5   file pc_sfifo_3.cil+token_ring.04.cil-2.c line 418 function eval1
Unwinding loop 1  iteration  1   file pc_sfifo_3.cil+token_ring.04.cil-2.c line 172 function do_write_p
Unwinding loop 2  iteration  1   file pc_sfifo_3.cil+token_ring.04.cil-2.c line 218 function do_read_c
Not unwinding 
Unwinding loop 4  iteration  4   file pc_sfifo_3.cil+token_ring.04.cil-2.c line 499 function start_simulation1
Unwinding loop 1  iteration  1   file pc_sfifo_3.cil+token_ring.04.cil-2.c line 172 function do_write_p
Unwinding loop 2  iteration  1   file pc_sfifo_3.cil+token_ring.04.cil-2.c line 218 function do_read_c
Unwinding loop 3  iteration  1   file pc_sfifo_3.cil+token_ring.04.cil-2.c line 418 function eval1
Unwinding loop 1  iteration  1   file pc_sfifo_3.cil+token_ring.04.cil-2.c line 172 function do_write_p
Unwinding loop 2  iteration  1   file pc_sfifo_3.cil+token_ring.04.cil-2.c line 218 function do_read_c
Unwinding loop 3  iteration  2   file pc_sfifo_3.cil+token_ring.04.cil-2.c line 418 function eval1
Unwinding loop 1  iteration  1   file pc_sfifo_3.cil+token_ring.04.cil-2.c line 172 function do_write_p
Unwinding loop 2  iteration  1   file pc_sfifo_3.cil+token_ring.04.cil-2.c line 218 function do_read_c
Unwinding loop 3  iteration  3   file pc_sfifo_3.cil+token_ring.04.cil-2.c line 418 function eval1
Unwinding loop 1  iteration  1   file pc_sfifo_3.cil+token_ring.04.cil-2.c line 172 function do_write_p
Unwinding loop 2  iteration  1   file pc_sfifo_3.cil+token_ring.04.cil-2.c line 218 function do_read_c
Unwinding loop 3  iteration  4   file pc_sfifo_3.cil+token_ring.04.cil-2.c line 418 function eval1
Unwinding loop 1  iteration  1   file pc_sfifo_3.cil+token_ring.04.cil-2.c line 172 function do_write_p
Unwinding loop 2  iteration  1   file pc_sfifo_3.cil+token_ring.04.cil-2.c line 218 function do_read_c
Unwinding loop 3  iteration  5   file pc_sfifo_3.cil+token_ring.04.cil-2.c line 418 function eval1
Unwinding loop 1  iteration  1   file pc_sfifo_3.cil+token_ring.04.cil-2.c line 172 function do_write_p
Unwinding loop 2  iteration  1   file pc_sfifo_3.cil+token_ring.04.cil-2.c line 218 function do_read_c
Not unwinding 
Unwinding loop 4  iteration  5   file pc_sfifo_3.cil+token_ring.04.cil-2.c line 499 function start_simulation1
Unwinding loop 1  iteration  1   file pc_sfifo_3.cil+token_ring.04.cil-2.c line 172 function do_write_p
Unwinding loop 2  iteration  1   file pc_sfifo_3.cil+token_ring.04.cil-2.c line 218 function do_read_c
Unwinding loop 3  iteration  1   file pc_sfifo_3.cil+token_ring.04.cil-2.c line 418 function eval1
Unwinding loop 1  iteration  1   file pc_sfifo_3.cil+token_ring.04.cil-2.c line 172 function do_write_p
Unwinding loop 2  iteration  1   file pc_sfifo_3.cil+token_ring.04.cil-2.c line 218 function do_read_c
Unwinding loop 3  iteration  2   file pc_sfifo_3.cil+token_ring.04.cil-2.c line 418 function eval1
Unwinding loop 1  iteration  1   file pc_sfifo_3.cil+token_ring.04.cil-2.c line 172 function do_write_p
Unwinding loop 2  iteration  1   file pc_sfifo_3.cil+token_ring.04.cil-2.c line 218 function do_read_c
Unwinding loop 3  iteration  3   file pc_sfifo_3.cil+token_ring.04.cil-2.c line 418 function eval1
Unwinding loop 1  iteration  1   file pc_sfifo_3.cil+token_ring.04.cil-2.c line 172 function do_write_p
Unwinding loop 2  iteration  1   file pc_sfifo_3.cil+token_ring.04.cil-2.c line 218 function do_read_c
Unwinding loop 3  iteration  4   file pc_sfifo_3.cil+token_ring.04.cil-2.c line 418 function eval1
Unwinding loop 1  iteration  1   file pc_sfifo_3.cil+token_ring.04.cil-2.c line 172 function do_write_p
Unwinding loop 2  iteration  1   file pc_sfifo_3.cil+token_ring.04.cil-2.c line 218 function do_read_c
Unwinding loop 3  iteration  5   file pc_sfifo_3.cil+token_ring.04.cil-2.c line 418 function eval1
Unwinding loop 1  iteration  1   file pc_sfifo_3.cil+token_ring.04.cil-2.c line 172 function do_write_p
Unwinding loop 2  iteration  1   file pc_sfifo_3.cil+token_ring.04.cil-2.c line 218 function do_read_c
Not unwinding 
Not unwinding 
Unwinding loop 10  iteration  1   file pc_sfifo_3.cil+token_ring.04.cil-2.c line 1014 function eval2
Unwinding loop 5  iteration  1   file pc_sfifo_3.cil+token_ring.04.cil-2.c line 652 function master
Unwinding loop 6  iteration  1   file pc_sfifo_3.cil+token_ring.04.cil-2.c line 708 function transmit1
Unwinding loop 7  iteration  1   file pc_sfifo_3.cil+token_ring.04.cil-2.c line 744 function transmit2
Unwinding loop 8  iteration  1   file pc_sfifo_3.cil+token_ring.04.cil-2.c line 780 function transmit3
Unwinding loop 9  iteration  1   file pc_sfifo_3.cil+token_ring.04.cil-2.c line 816 function transmit4
Unwinding loop 10  iteration  2   file pc_sfifo_3.cil+token_ring.04.cil-2.c line 1014 function eval2
Unwinding loop 5  iteration  1   file pc_sfifo_3.cil+token_ring.04.cil-2.c line 652 function master
Unwinding loop 6  iteration  1   file pc_sfifo_3.cil+token_ring.04.cil-2.c line 708 function transmit1
Unwinding loop 7  iteration  1   file pc_sfifo_3.cil+token_ring.04.cil-2.c line 744 function transmit2
Unwinding loop 8  iteration  1   file pc_sfifo_3.cil+token_ring.04.cil-2.c line 780 function transmit3
Unwinding loop 9  iteration  1   file pc_sfifo_3.cil+token_ring.04.cil-2.c line 816 function transmit4
Unwinding loop 10  iteration  3   file pc_sfifo_3.cil+token_ring.04.cil-2.c line 1014 function eval2
Unwinding loop 5  iteration  1   file pc_sfifo_3.cil+token_ring.04.cil-2.c line 652 function master
Unwinding loop 6  iteration  1   file pc_sfifo_3.cil+token_ring.04.cil-2.c line 708 function transmit1
Unwinding loop 7  iteration  1   file pc_sfifo_3.cil+token_ring.04.cil-2.c line 744 function transmit2
Unwinding loop 8  iteration  1   file pc_sfifo_3.cil+token_ring.04.cil-2.c line 780 function transmit3
Unwinding loop 9  iteration  1   file pc_sfifo_3.cil+token_ring.04.cil-2.c line 816 function transmit4
Unwinding loop 10  iteration  4   file pc_sfifo_3.cil+token_ring.04.cil-2.c line 1014 function eval2
Unwinding loop 5  iteration  1   file pc_sfifo_3.cil+token_ring.04.cil-2.c line 652 function master
Unwinding loop 6  iteration  1   file pc_sfifo_3.cil+token_ring.04.cil-2.c line 708 function transmit1
Unwinding loop 7  iteration  1   file pc_sfifo_3.cil+token_ring.04.cil-2.c line 744 function transmit2
Unwinding loop 8  iteration  1   file pc_sfifo_3.cil+token_ring.04.cil-2.c line 780 function transmit3
Unwinding loop 9  iteration  1   file pc_sfifo_3.cil+token_ring.04.cil-2.c line 816 function transmit4
Unwinding loop 10  iteration  5   file pc_sfifo_3.cil+token_ring.04.cil-2.c line 1014 function eval2
Unwinding loop 5  iteration  1   file pc_sfifo_3.cil+token_ring.04.cil-2.c line 652 function master
Unwinding loop 6  iteration  1   file pc_sfifo_3.cil+token_ring.04.cil-2.c line 708 function transmit1
Unwinding loop 7  iteration  1   file pc_sfifo_3.cil+token_ring.04.cil-2.c line 744 function transmit2
Unwinding loop 8  iteration  1   file pc_sfifo_3.cil+token_ring.04.cil-2.c line 780 function transmit3
Unwinding loop 9  iteration  1   file pc_sfifo_3.cil+token_ring.04.cil-2.c line 816 function transmit4
Not unwinding 
Unwinding loop 11  iteration  1   file pc_sfifo_3.cil+token_ring.04.cil-2.c line 1394 function start_simulation2
Unwinding loop 5  iteration  1   file pc_sfifo_3.cil+token_ring.04.cil-2.c line 652 function master
Unwinding loop 6  iteration  1   file pc_sfifo_3.cil+token_ring.04.cil-2.c line 708 function transmit1
Unwinding loop 7  iteration  1   file pc_sfifo_3.cil+token_ring.04.cil-2.c line 744 function transmit2
Unwinding loop 8  iteration  1   file pc_sfifo_3.cil+token_ring.04.cil-2.c line 780 function transmit3
Unwinding loop 9  iteration  1   file pc_sfifo_3.cil+token_ring.04.cil-2.c line 816 function transmit4
Unwinding loop 10  iteration  1   file pc_sfifo_3.cil+token_ring.04.cil-2.c line 1014 function eval2
Unwinding loop 5  iteration  1   file pc_sfifo_3.cil+token_ring.04.cil-2.c line 652 function master
Unwinding loop 6  iteration  1   file pc_sfifo_3.cil+token_ring.04.cil-2.c line 708 function transmit1
Unwinding loop 7  iteration  1   file pc_sfifo_3.cil+token_ring.04.cil-2.c line 744 function transmit2
Unwinding loop 8  iteration  1   file pc_sfifo_3.cil+token_ring.04.cil-2.c line 780 function transmit3
Unwinding loop 9  iteration  1   file pc_sfifo_3.cil+token_ring.04.cil-2.c line 816 function transmit4
Unwinding loop 10  iteration  2   file pc_sfifo_3.cil+token_ring.04.cil-2.c line 1014 function eval2
Unwinding loop 5  iteration  1   file pc_sfifo_3.cil+token_ring.04.cil-2.c line 652 function master
Unwinding loop 6  iteration  1   file pc_sfifo_3.cil+token_ring.04.cil-2.c line 708 function transmit1
Unwinding loop 7  iteration  1   file pc_sfifo_3.cil+token_ring.04.cil-2.c line 744 function transmit2
Unwinding loop 8  iteration  1   file pc_sfifo_3.cil+token_ring.04.cil-2.c line 780 function transmit3
Unwinding loop 9  iteration  1   file pc_sfifo_3.cil+token_ring.04.cil-2.c line 816 function transmit4
Unwinding loop 10  iteration  3   file pc_sfifo_3.cil+token_ring.04.cil-2.c line 1014 function eval2
Unwinding loop 5  iteration  1   file pc_sfifo_3.cil+token_ring.04.cil-2.c line 652 function master
Unwinding loop 6  iteration  1   file pc_sfifo_3.cil+token_ring.04.cil-2.c line 708 function transmit1
Unwinding loop 7  iteration  1   file pc_sfifo_3.cil+token_ring.04.cil-2.c line 744 function transmit2
Unwinding loop 8  iteration  1   file pc_sfifo_3.cil+token_ring.04.cil-2.c line 780 function transmit3
Unwinding loop 9  iteration  1   file pc_sfifo_3.cil+token_ring.04.cil-2.c line 816 function transmit4
Unwinding loop 10  iteration  4   file pc_sfifo_3.cil+token_ring.04.cil-2.c line 1014 function eval2
Unwinding loop 5  iteration  1   file pc_sfifo_3.cil+token_ring.04.cil-2.c line 652 function master
Unwinding loop 6  iteration  1   file pc_sfifo_3.cil+token_ring.04.cil-2.c line 708 function transmit1
Unwinding loop 7  iteration  1   file pc_sfifo_3.cil+token_ring.04.cil-2.c line 744 function transmit2
Unwinding loop 8  iteration  1   file pc_sfifo_3.cil+token_ring.04.cil-2.c line 780 function transmit3
Unwinding loop 9  iteration  1   file pc_sfifo_3.cil+token_ring.04.cil-2.c line 816 function transmit4
Unwinding loop 10  iteration  5   file pc_sfifo_3.cil+token_ring.04.cil-2.c line 1014 function eval2
Unwinding loop 5  iteration  1   file pc_sfifo_3.cil+token_ring.04.cil-2.c line 652 function master
Unwinding loop 6  iteration  1   file pc_sfifo_3.cil+token_ring.04.cil-2.c line 708 function transmit1
Unwinding loop 7  iteration  1   file pc_sfifo_3.cil+token_ring.04.cil-2.c line 744 function transmit2
Unwinding loop 8  iteration  1   file pc_sfifo_3.cil+token_ring.04.cil-2.c line 780 function transmit3
Unwinding loop 9  iteration  1   file pc_sfifo_3.cil+token_ring.04.cil-2.c line 816 function transmit4
Not unwinding 
Unwinding loop 11  iteration  2   file pc_sfifo_3.cil+token_ring.04.cil-2.c line 1394 function start_simulation2
Unwinding loop 5  iteration  1   file pc_sfifo_3.cil+token_ring.04.cil-2.c line 652 function master
Unwinding loop 6  iteration  1   file pc_sfifo_3.cil+token_ring.04.cil-2.c line 708 function transmit1
Unwinding loop 7  iteration  1   file pc_sfifo_3.cil+token_ring.04.cil-2.c line 744 function transmit2
Unwinding loop 8  iteration  1   file pc_sfifo_3.cil+token_ring.04.cil-2.c line 780 function transmit3
Unwinding loop 9  iteration  1   file pc_sfifo_3.cil+token_ring.04.cil-2.c line 816 function transmit4
Unwinding loop 10  iteration  1   file pc_sfifo_3.cil+token_ring.04.cil-2.c line 1014 function eval2
Unwinding loop 5  iteration  1   file pc_sfifo_3.cil+token_ring.04.cil-2.c line 652 function master
Unwinding loop 6  iteration  1   file pc_sfifo_3.cil+token_ring.04.cil-2.c line 708 function transmit1
Unwinding loop 7  iteration  1   file pc_sfifo_3.cil+token_ring.04.cil-2.c line 744 function transmit2
Unwinding loop 8  iteration  1   file pc_sfifo_3.cil+token_ring.04.cil-2.c line 780 function transmit3
Unwinding loop 9  iteration  1   file pc_sfifo_3.cil+token_ring.04.cil-2.c line 816 function transmit4
Unwinding loop 10  iteration  2   file pc_sfifo_3.cil+token_ring.04.cil-2.c line 1014 function eval2
Unwinding loop 5  iteration  1   file pc_sfifo_3.cil+token_ring.04.cil-2.c line 652 function master
Unwinding loop 6  iteration  1   file pc_sfifo_3.cil+token_ring.04.cil-2.c line 708 function transmit1
Unwinding loop 7  iteration  1   file pc_sfifo_3.cil+token_ring.04.cil-2.c line 744 function transmit2
Unwinding loop 8  iteration  1   file pc_sfifo_3.cil+token_ring.04.cil-2.c line 780 function transmit3
Unwinding loop 9  iteration  1   file pc_sfifo_3.cil+token_ring.04.cil-2.c line 816 function transmit4
Unwinding loop 10  iteration  3   file pc_sfifo_3.cil+token_ring.04.cil-2.c line 1014 function eval2
Unwinding loop 5  iteration  1   file pc_sfifo_3.cil+token_ring.04.cil-2.c line 652 function master
Unwinding loop 6  iteration  1   file pc_sfifo_3.cil+token_ring.04.cil-2.c line 708 function transmit1
Unwinding loop 7  iteration  1   file pc_sfifo_3.cil+token_ring.04.cil-2.c line 744 function transmit2
Unwinding loop 8  iteration  1   file pc_sfifo_3.cil+token_ring.04.cil-2.c line 780 function transmit3
Unwinding loop 9  iteration  1   file pc_sfifo_3.cil+token_ring.04.cil-2.c line 816 function transmit4
Unwinding loop 10  iteration  4   file pc_sfifo_3.cil+token_ring.04.cil-2.c line 1014 function eval2
Unwinding loop 5  iteration  1   file pc_sfifo_3.cil+token_ring.04.cil-2.c line 652 function master
Unwinding loop 6  iteration  1   file pc_sfifo_3.cil+token_ring.04.cil-2.c line 708 function transmit1
Unwinding loop 7  iteration  1   file pc_sfifo_3.cil+token_ring.04.cil-2.c line 744 function transmit2
Unwinding loop 8  iteration  1   file pc_sfifo_3.cil+token_ring.04.cil-2.c line 780 function transmit3
Unwinding loop 9  iteration  1   file pc_sfifo_3.cil+token_ring.04.cil-2.c line 816 function transmit4
Unwinding loop 10  iteration  5   file pc_sfifo_3.cil+token_ring.04.cil-2.c line 1014 function eval2
Unwinding loop 5  iteration  1   file pc_sfifo_3.cil+token_ring.04.cil-2.c line 652 function master
Unwinding loop 6  iteration  1   file pc_sfifo_3.cil+token_ring.04.cil-2.c line 708 function transmit1
Unwinding loop 7  iteration  1   file pc_sfifo_3.cil+token_ring.04.cil-2.c line 744 function transmit2
Unwinding loop 8  iteration  1   file pc_sfifo_3.cil+token_ring.04.cil-2.c line 780 function transmit3
Unwinding loop 9  iteration  1   file pc_sfifo_3.cil+token_ring.04.cil-2.c line 816 function transmit4
Not unwinding 
Unwinding loop 11  iteration  3   file pc_sfifo_3.cil+token_ring.04.cil-2.c line 1394 function start_simulation2
Unwinding loop 5  iteration  1   file pc_sfifo_3.cil+token_ring.04.cil-2.c line 652 function master
Unwinding loop 6  iteration  1   file pc_sfifo_3.cil+token_ring.04.cil-2.c line 708 function transmit1
Unwinding loop 7  iteration  1   file pc_sfifo_3.cil+token_ring.04.cil-2.c line 744 function transmit2
Unwinding loop 8  iteration  1   file pc_sfifo_3.cil+token_ring.04.cil-2.c line 780 function transmit3
Unwinding loop 9  iteration  1   file pc_sfifo_3.cil+token_ring.04.cil-2.c line 816 function transmit4
Unwinding loop 10  iteration  1   file pc_sfifo_3.cil+token_ring.04.cil-2.c line 1014 function eval2
Unwinding loop 5  iteration  1   file pc_sfifo_3.cil+token_ring.04.cil-2.c line 652 function master
Unwinding loop 6  iteration  1   file pc_sfifo_3.cil+token_ring.04.cil-2.c line 708 function transmit1
Unwinding loop 7  iteration  1   file pc_sfifo_3.cil+token_ring.04.cil-2.c line 744 function transmit2
Unwinding loop 8  iteration  1   file pc_sfifo_3.cil+token_ring.04.cil-2.c line 780 function transmit3
Unwinding loop 9  iteration  1   file pc_sfifo_3.cil+token_ring.04.cil-2.c line 816 function transmit4
Unwinding loop 10  iteration  2   file pc_sfifo_3.cil+token_ring.04.cil-2.c line 1014 function eval2
Unwinding loop 5  iteration  1   file pc_sfifo_3.cil+token_ring.04.cil-2.c line 652 function master
Unwinding loop 6  iteration  1   file pc_sfifo_3.cil+token_ring.04.cil-2.c line 708 function transmit1
Unwinding loop 7  iteration  1   file pc_sfifo_3.cil+token_ring.04.cil-2.c line 744 function transmit2
Unwinding loop 8  iteration  1   file pc_sfifo_3.cil+token_ring.04.cil-2.c line 780 function transmit3
Unwinding loop 9  iteration  1   file pc_sfifo_3.cil+token_ring.04.cil-2.c line 816 function transmit4
Unwinding loop 10  iteration  3   file pc_sfifo_3.cil+token_ring.04.cil-2.c line 1014 function eval2
Unwinding loop 5  iteration  1   file pc_sfifo_3.cil+token_ring.04.cil-2.c line 652 function master
Unwinding loop 6  iteration  1   file pc_sfifo_3.cil+token_ring.04.cil-2.c line 708 function transmit1
Unwinding loop 7  iteration  1   file pc_sfifo_3.cil+token_ring.04.cil-2.c line 744 function transmit2
Unwinding loop 8  iteration  1   file pc_sfifo_3.cil+token_ring.04.cil-2.c line 780 function transmit3
Unwinding loop 9  iteration  1   file pc_sfifo_3.cil+token_ring.04.cil-2.c line 816 function transmit4
Unwinding loop 10  iteration  4   file pc_sfifo_3.cil+token_ring.04.cil-2.c line 1014 function eval2
Unwinding loop 5  iteration  1   file pc_sfifo_3.cil+token_ring.04.cil-2.c line 652 function master
Unwinding loop 6  iteration  1   file pc_sfifo_3.cil+token_ring.04.cil-2.c line 708 function transmit1
Unwinding loop 7  iteration  1   file pc_sfifo_3.cil+token_ring.04.cil-2.c line 744 function transmit2
Unwinding loop 8  iteration  1   file pc_sfifo_3.cil+token_ring.04.cil-2.c line 780 function transmit3
Unwinding loop 9  iteration  1   file pc_sfifo_3.cil+token_ring.04.cil-2.c line 816 function transmit4
Unwinding loop 10  iteration  5   file pc_sfifo_3.cil+token_ring.04.cil-2.c line 1014 function eval2
Unwinding loop 5  iteration  1   file pc_sfifo_3.cil+token_ring.04.cil-2.c line 652 function master
Unwinding loop 6  iteration  1   file pc_sfifo_3.cil+token_ring.04.cil-2.c line 708 function transmit1
Unwinding loop 7  iteration  1   file pc_sfifo_3.cil+token_ring.04.cil-2.c line 744 function transmit2
Unwinding loop 8  iteration  1   file pc_sfifo_3.cil+token_ring.04.cil-2.c line 780 function transmit3
Unwinding loop 9  iteration  1   file pc_sfifo_3.cil+token_ring.04.cil-2.c line 816 function transmit4
Not unwinding 
Unwinding loop 11  iteration  4   file pc_sfifo_3.cil+token_ring.04.cil-2.c line 1394 function start_simulation2
Unwinding loop 5  iteration  1   file pc_sfifo_3.cil+token_ring.04.cil-2.c line 652 function master
Unwinding loop 6  iteration  1   file pc_sfifo_3.cil+token_ring.04.cil-2.c line 708 function transmit1
Unwinding loop 7  iteration  1   file pc_sfifo_3.cil+token_ring.04.cil-2.c line 744 function transmit2
Unwinding loop 8  iteration  1   file pc_sfifo_3.cil+token_ring.04.cil-2.c line 780 function transmit3
Unwinding loop 9  iteration  1   file pc_sfifo_3.cil+token_ring.04.cil-2.c line 816 function transmit4
Unwinding loop 10  iteration  1   file pc_sfifo_3.cil+token_ring.04.cil-2.c line 1014 function eval2
Unwinding loop 5  iteration  1   file pc_sfifo_3.cil+token_ring.04.cil-2.c line 652 function master
Unwinding loop 6  iteration  1   file pc_sfifo_3.cil+token_ring.04.cil-2.c line 708 function transmit1
Unwinding loop 7  iteration  1   file pc_sfifo_3.cil+token_ring.04.cil-2.c line 744 function transmit2
Unwinding loop 8  iteration  1   file pc_sfifo_3.cil+token_ring.04.cil-2.c line 780 function transmit3
Unwinding loop 9  iteration  1   file pc_sfifo_3.cil+token_ring.04.cil-2.c line 816 function transmit4
Unwinding loop 10  iteration  2   file pc_sfifo_3.cil+token_ring.04.cil-2.c line 1014 function eval2
Unwinding loop 5  iteration  1   file pc_sfifo_3.cil+token_ring.04.cil-2.c line 652 function master
Unwinding loop 6  iteration  1   file pc_sfifo_3.cil+token_ring.04.cil-2.c line 708 function transmit1
Unwinding loop 7  iteration  1   file pc_sfifo_3.cil+token_ring.04.cil-2.c line 744 function transmit2
Unwinding loop 8  iteration  1   file pc_sfifo_3.cil+token_ring.04.cil-2.c line 780 function transmit3
Unwinding loop 9  iteration  1   file pc_sfifo_3.cil+token_ring.04.cil-2.c line 816 function transmit4
Unwinding loop 10  iteration  3   file pc_sfifo_3.cil+token_ring.04.cil-2.c line 1014 function eval2
Unwinding loop 5  iteration  1   file pc_sfifo_3.cil+token_ring.04.cil-2.c line 652 function master
Unwinding loop 6  iteration  1   file pc_sfifo_3.cil+token_ring.04.cil-2.c line 708 function transmit1
Unwinding loop 7  iteration  1   file pc_sfifo_3.cil+token_ring.04.cil-2.c line 744 function transmit2
Unwinding loop 8  iteration  1   file pc_sfifo_3.cil+token_ring.04.cil-2.c line 780 function transmit3
Unwinding loop 9  iteration  1   file pc_sfifo_3.cil+token_ring.04.cil-2.c line 816 function transmit4
Unwinding loop 10  iteration  4   file pc_sfifo_3.cil+token_ring.04.cil-2.c line 1014 function eval2
Unwinding loop 5  iteration  1   file pc_sfifo_3.cil+token_ring.04.cil-2.c line 652 function master
Unwinding loop 6  iteration  1   file pc_sfifo_3.cil+token_ring.04.cil-2.c line 708 function transmit1
Unwinding loop 7  iteration  1   file pc_sfifo_3.cil+token_ring.04.cil-2.c line 744 function transmit2
Unwinding loop 8  iteration  1   file pc_sfifo_3.cil+token_ring.04.cil-2.c line 780 function transmit3
Unwinding loop 9  iteration  1   file pc_sfifo_3.cil+token_ring.04.cil-2.c line 816 function transmit4
Unwinding loop 10  iteration  5   file pc_sfifo_3.cil+token_ring.04.cil-2.c line 1014 function eval2
Unwinding loop 5  iteration  1   file pc_sfifo_3.cil+token_ring.04.cil-2.c line 652 function master
Unwinding loop 6  iteration  1   file pc_sfifo_3.cil+token_ring.04.cil-2.c line 708 function transmit1
Unwinding loop 7  iteration  1   file pc_sfifo_3.cil+token_ring.04.cil-2.c line 744 function transmit2
Unwinding loop 8  iteration  1   file pc_sfifo_3.cil+token_ring.04.cil-2.c line 780 function transmit3
Unwinding loop 9  iteration  1   file pc_sfifo_3.cil+token_ring.04.cil-2.c line 816 function transmit4
Not unwinding 
Unwinding loop 11  iteration  5   file pc_sfifo_3.cil+token_ring.04.cil-2.c line 1394 function start_simulation2
Unwinding loop 5  iteration  1   file pc_sfifo_3.cil+token_ring.04.cil-2.c line 652 function master
Unwinding loop 6  iteration  1   file pc_sfifo_3.cil+token_ring.04.cil-2.c line 708 function transmit1
Unwinding loop 7  iteration  1   file pc_sfifo_3.cil+token_ring.04.cil-2.c line 744 function transmit2
Unwinding loop 8  iteration  1   file pc_sfifo_3.cil+token_ring.04.cil-2.c line 780 function transmit3
Unwinding loop 9  iteration  1   file pc_sfifo_3.cil+token_ring.04.cil-2.c line 816 function transmit4
Unwinding loop 10  iteration  1   file pc_sfifo_3.cil+token_ring.04.cil-2.c line 1014 function eval2
Unwinding loop 5  iteration  1   file pc_sfifo_3.cil+token_ring.04.cil-2.c line 652 function master
Unwinding loop 6  iteration  1   file pc_sfifo_3.cil+token_ring.04.cil-2.c line 708 function transmit1
Unwinding loop 7  iteration  1   file pc_sfifo_3.cil+token_ring.04.cil-2.c line 744 function transmit2
Unwinding loop 8  iteration  1   file pc_sfifo_3.cil+token_ring.04.cil-2.c line 780 function transmit3
Unwinding loop 9  iteration  1   file pc_sfifo_3.cil+token_ring.04.cil-2.c line 816 function transmit4
Unwinding loop 10  iteration  2   file pc_sfifo_3.cil+token_ring.04.cil-2.c line 1014 function eval2
Unwinding loop 5  iteration  1   file pc_sfifo_3.cil+token_ring.04.cil-2.c line 652 function master
Unwinding loop 6  iteration  1   file pc_sfifo_3.cil+token_ring.04.cil-2.c line 708 function transmit1
Unwinding loop 7  iteration  1   file pc_sfifo_3.cil+token_ring.04.cil-2.c line 744 function transmit2
Unwinding loop 8  iteration  1   file pc_sfifo_3.cil+token_ring.04.cil-2.c line 780 function transmit3
Unwinding loop 9  iteration  1   file pc_sfifo_3.cil+token_ring.04.cil-2.c line 816 function transmit4
Unwinding loop 10  iteration  3   file pc_sfifo_3.cil+token_ring.04.cil-2.c line 1014 function eval2
Unwinding loop 5  iteration  1   file pc_sfifo_3.cil+token_ring.04.cil-2.c line 652 function master
Unwinding loop 6  iteration  1   file pc_sfifo_3.cil+token_ring.04.cil-2.c line 708 function transmit1
Unwinding loop 7  iteration  1   file pc_sfifo_3.cil+token_ring.04.cil-2.c line 744 function transmit2
Unwinding loop 8  iteration  1   file pc_sfifo_3.cil+token_ring.04.cil-2.c line 780 function transmit3
Unwinding loop 9  iteration  1   file pc_sfifo_3.cil+token_ring.04.cil-2.c line 816 function transmit4
Unwinding loop 10  iteration  4   file pc_sfifo_3.cil+token_ring.04.cil-2.c line 1014 function eval2
Unwinding loop 5  iteration  1   file pc_sfifo_3.cil+token_ring.04.cil-2.c line 652 function master
Unwinding loop 6  iteration  1   file pc_sfifo_3.cil+token_ring.04.cil-2.c line 708 function transmit1
Unwinding loop 7  iteration  1   file pc_sfifo_3.cil+token_ring.04.cil-2.c line 744 function transmit2
Unwinding loop 8  iteration  1   file pc_sfifo_3.cil+token_ring.04.cil-2.c line 780 function transmit3
Unwinding loop 9  iteration  1   file pc_sfifo_3.cil+token_ring.04.cil-2.c line 816 function transmit4
Unwinding loop 10  iteration  5   file pc_sfifo_3.cil+token_ring.04.cil-2.c line 1014 function eval2
Unwinding loop 5  iteration  1   file pc_sfifo_3.cil+token_ring.04.cil-2.c line 652 function master
Unwinding loop 6  iteration  1   file pc_sfifo_3.cil+token_ring.04.cil-2.c line 708 function transmit1
Unwinding loop 7  iteration  1   file pc_sfifo_3.cil+token_ring.04.cil-2.c line 744 function transmit2
Unwinding loop 8  iteration  1   file pc_sfifo_3.cil+token_ring.04.cil-2.c line 780 function transmit3
Unwinding loop 9  iteration  1   file pc_sfifo_3.cil+token_ring.04.cil-2.c line 816 function transmit4
Not unwinding 
Not unwinding 
Symex completed in: 1.486s (17983 assignments)
Slicing time: 0.046s (removed 10189 assignments)
Generated 140 VCC(s), 140 remaining after simplification (7794 assignments)
No solver specified; defaulting to Boolector
Encoding remaining VCC(s) using bit-vector/floating-point arithmetic
Encoding to solver time: 0.082s
Solving with solver Boolector 3.2.2
Encoding to solver time: 0.082s
Runtime decision procedure: 3.218s
Building error trace

Counterexample:

State 1 file pc_sfifo_3.cil+token_ring.04.cil-2.c line 1026 function eval2 thread 0
----------------------------------------------------
  tmp_ndt_1 = 0 (00000000 00000000 00000000 00000000)

State 2 file pc_sfifo_3.cil+token_ring.04.cil-2.c line 1040 function eval2 thread 0
----------------------------------------------------
  tmp_ndt_2 = 1 (00000000 00000000 00000000 00000001)

State 3 file pc_sfifo_3.cil+token_ring.04.cil-2.c line 1054 function eval2 thread 0
----------------------------------------------------
  tmp_ndt_3 = 1 (00000000 00000000 00000000 00000001)

State 4 file pc_sfifo_3.cil+token_ring.04.cil-2.c line 1068 function eval2 thread 0
----------------------------------------------------
  tmp_ndt_4 = 1 (00000000 00000000 00000000 00000001)

State 5 file pc_sfifo_3.cil+token_ring.04.cil-2.c line 1082 function eval2 thread 0
----------------------------------------------------
  tmp_ndt_5 = 1 (00000000 00000000 00000000 00000001)

State 6 file pc_sfifo_3.cil+token_ring.04.cil-2.c line 1026 function eval2 thread 0
----------------------------------------------------
  tmp_ndt_1 = 1 (00000000 00000000 00000000 00000001)

State 7 file pc_sfifo_3.cil+token_ring.04.cil-2.c line 639 function master thread 0
----------------------------------------------------
  tmp_var = 0 (00000000 00000000 00000000 00000000)

State 8 file pc_sfifo_3.cil+token_ring.04.cil-2.c line 655 function master thread 0
----------------------------------------------------
  token = -1737911236 (10011000 01101001 10010100 00111100)

State 9 file pc_sfifo_3.cil+token_ring.04.cil-2.c line 656 function master thread 0
----------------------------------------------------
  local = -1737911236 (10011000 01101001 10010100 00111100)

State 10 file pc_sfifo_3.cil+token_ring.04.cil-2.c line 1040 function eval2 thread 0
----------------------------------------------------
  tmp_ndt_2 = 4 (00000000 00000000 00000000 00000100)

State 11 file pc_sfifo_3.cil+token_ring.04.cil-2.c line 716 function transmit1 thread 0
----------------------------------------------------
  token = -1737911235 (10011000 01101001 10010100 00111101)

State 12 file pc_sfifo_3.cil+token_ring.04.cil-2.c line 1054 function eval2 thread 0
----------------------------------------------------
  tmp_ndt_3 = 1 (00000000 00000000 00000000 00000001)

State 13 file pc_sfifo_3.cil+token_ring.04.cil-2.c line 752 function transmit2 thread 0
----------------------------------------------------
  token = -1737911234 (10011000 01101001 10010100 00111110)

State 14 file pc_sfifo_3.cil+token_ring.04.cil-2.c line 1068 function eval2 thread 0
----------------------------------------------------
  tmp_ndt_4 = 1 (00000000 00000000 00000000 00000001)

State 15 file pc_sfifo_3.cil+token_ring.04.cil-2.c line 788 function transmit3 thread 0
----------------------------------------------------
  token = -1737911233 (10011000 01101001 10010100 00111111)

State 16 file pc_sfifo_3.cil+token_ring.04.cil-2.c line 1082 function eval2 thread 0
----------------------------------------------------
  tmp_ndt_5 = 1 (00000000 00000000 00000000 00000001)

State 17 file pc_sfifo_3.cil+token_ring.04.cil-2.c line 824 function transmit4 thread 0
----------------------------------------------------
  token = -1737911232 (10011000 01101001 10010100 01000000)

State 18 file pc_sfifo_3.cil+token_ring.04.cil-2.c line 1026 function eval2 thread 0
----------------------------------------------------
  tmp_ndt_1 = 0 (00000000 00000000 00000000 00000000)

State 19 file pc_sfifo_3.cil+token_ring.04.cil-2.c line 1026 function eval2 thread 0
----------------------------------------------------
  tmp_ndt_1 = 256 (00000000 00000000 00000001 00000000)

State 20 file pc_sfifo_3.cil+token_ring.04.cil-2.c line 639 function master thread 0
----------------------------------------------------
  tmp_var = 5 (00000000 00000000 00000000 00000101)

State 21 file pc_sfifo_3.cil+token_ring.04.cil-2.c line 19 function reach_error thread 0
----------------------------------------------------
Violated property:
  file pc_sfifo_3.cil+token_ring.04.cil-2.c line 19 function reach_error
  assertion 0
  0


VERIFICATION FAILED

Bug found (k = 6)


FALSE_REACH
