./esbmc-wrapper.py -p ../sv-benchmarks/c/properties/unreach-call.prp -s kinduction --arch 32 ../sv-benchmarks/c/loop-acceleration/diamond_1-2.c


--------------------------------------------------------------------------------


Verifying with ESBMC
Command: ./esbmc --no-div-by-zero-check --force-malloc-success --state-hashing --add-symex-value-sets --no-align-check --k-step 5 --floatbv --unlimited-k-steps ../sv-benchmarks/c/loop-acceleration/diamond_1-2.c --32 --witness-output diamond_1-2.c.graphml --no-pointer-check --no-bounds-check --interval-analysis --goto-unwind --unlimited-goto-unwind --k-induction --max-inductive-step 3 
ESBMC version 6.8.0 64-bit x86_64 linux
Target: 32-bit little-endian x86_64-unknown-linux with esbmc libc
file ../sv-benchmarks/c/loop-acceleration/diamond_1-2.c: Parsing
Converting
Generating GOTO Program
GOTO program creation time: 0.134s
GOTO program processing time: 0.001s
*** Checking base case, k = 1
Starting Bounded Model Checking
Not unwinding 
Symex completed in: 0.001s (19 assignments)
Slicing time: 0.000s (removed 17 assignments)
Generated 0 VCC(s), 0 remaining after simplification (2 assignments)
BMC program time: 0.001s
No bug has been found in the base case
*** Checking forward condition, k = 1
Starting Bounded Model Checking
Not unwinding 
Symex completed in: 0.000s (19 assignments)
Slicing time: 0.000s (removed 17 assignments)
Generated 1 VCC(s), 1 remaining after simplification (2 assignments)
No solver specified; defaulting to Boolector
Encoding remaining VCC(s) using bit-vector/floating-point arithmetic
Encoding to solver time: 0.000s
Solving with solver Boolector 3.2.2
Encoding to solver time: 0.000s
Runtime decision procedure: 0.001s
The forward condition is unable to prove the property
*** Checking base case, k = 6
Starting Bounded Model Checking
Unwinding loop 1  iteration  1   file diamond_1-2.c line 17 function main
Unwinding loop 1  iteration  2   file diamond_1-2.c line 17 function main
Unwinding loop 1  iteration  3   file diamond_1-2.c line 17 function main
Unwinding loop 1  iteration  4   file diamond_1-2.c line 17 function main
Unwinding loop 1  iteration  5   file diamond_1-2.c line 17 function main
Not unwinding 
Symex completed in: 0.002s (58 assignments)
Slicing time: 0.000s (removed 18 assignments)
Generated 1 VCC(s), 1 remaining after simplification (40 assignments)
No solver specified; defaulting to Boolector
Encoding remaining VCC(s) using bit-vector/floating-point arithmetic
Encoding to solver time: 0.001s
Solving with solver Boolector 3.2.2
Encoding to solver time: 0.001s
Runtime decision procedure: 0.002s
BMC program time: 0.005s
No bug has been found in the base case
*** Checking forward condition, k = 6
Starting Bounded Model Checking
Unwinding loop 1  iteration  1   file diamond_1-2.c line 17 function main
Unwinding loop 1  iteration  2   file diamond_1-2.c line 17 function main
Unwinding loop 1  iteration  3   file diamond_1-2.c line 17 function main
Unwinding loop 1  iteration  4   file diamond_1-2.c line 17 function main
Unwinding loop 1  iteration  5   file diamond_1-2.c line 17 function main
Not unwinding 
Symex completed in: 0.001s (57 assignments)
Slicing time: 0.001s (removed 18 assignments)
Generated 1 VCC(s), 1 remaining after simplification (39 assignments)
No solver specified; defaulting to Boolector
Encoding remaining VCC(s) using bit-vector/floating-point arithmetic
Encoding to solver time: 0.001s
Solving with solver Boolector 3.2.2
Encoding to solver time: 0.001s
Runtime decision procedure: 0.002s
The forward condition is unable to prove the property
*** Checking base case, k = 11
Starting Bounded Model Checking
Unwinding loop 1  iteration  1   file diamond_1-2.c line 17 function main
Unwinding loop 1  iteration  2   file diamond_1-2.c line 17 function main
Unwinding loop 1  iteration  3   file diamond_1-2.c line 17 function main
Unwinding loop 1  iteration  4   file diamond_1-2.c line 17 function main
Unwinding loop 1  iteration  5   file diamond_1-2.c line 17 function main
Unwinding loop 1  iteration  6   file diamond_1-2.c line 17 function main
Unwinding loop 1  iteration  7   file diamond_1-2.c line 17 function main
Unwinding loop 1  iteration  8   file diamond_1-2.c line 17 function main
Unwinding loop 1  iteration  9   file diamond_1-2.c line 17 function main
Unwinding loop 1  iteration  10   file diamond_1-2.c line 17 function main
Not unwinding 
Symex completed in: 0.003s (93 assignments)
Slicing time: 0.001s (removed 18 assignments)
Generated 1 VCC(s), 1 remaining after simplification (75 assignments)
No solver specified; defaulting to Boolector
Encoding remaining VCC(s) using bit-vector/floating-point arithmetic
Encoding to solver time: 0.001s
Solving with solver Boolector 3.2.2
Encoding to solver time: 0.001s
Runtime decision procedure: 0.003s
BMC program time: 0.009s
No bug has been found in the base case
*** Checking forward condition, k = 11
Starting Bounded Model Checking
Unwinding loop 1  iteration  1   file diamond_1-2.c line 17 function main
Unwinding loop 1  iteration  2   file diamond_1-2.c line 17 function main
Unwinding loop 1  iteration  3   file diamond_1-2.c line 17 function main
Unwinding loop 1  iteration  4   file diamond_1-2.c line 17 function main
Unwinding loop 1  iteration  5   file diamond_1-2.c line 17 function main
Unwinding loop 1  iteration  6   file diamond_1-2.c line 17 function main
Unwinding loop 1  iteration  7   file diamond_1-2.c line 17 function main
Unwinding loop 1  iteration  8   file diamond_1-2.c line 17 function main
Unwinding loop 1  iteration  9   file diamond_1-2.c line 17 function main
Unwinding loop 1  iteration  10   file diamond_1-2.c line 17 function main
Not unwinding 
Symex completed in: 0.003s (92 assignments)
Slicing time: 0.001s (removed 18 assignments)
Generated 1 VCC(s), 1 remaining after simplification (74 assignments)
No solver specified; defaulting to Boolector
Encoding remaining VCC(s) using bit-vector/floating-point arithmetic
Encoding to solver time: 0.001s
Solving with solver Boolector 3.2.2
Encoding to solver time: 0.001s
Runtime decision procedure: 0.003s
The forward condition is unable to prove the property
*** Checking base case, k = 16
Starting Bounded Model Checking
Unwinding loop 1  iteration  1   file diamond_1-2.c line 17 function main
Unwinding loop 1  iteration  2   file diamond_1-2.c line 17 function main
Unwinding loop 1  iteration  3   file diamond_1-2.c line 17 function main
Unwinding loop 1  iteration  4   file diamond_1-2.c line 17 function main
Unwinding loop 1  iteration  5   file diamond_1-2.c line 17 function main
Unwinding loop 1  iteration  6   file diamond_1-2.c line 17 function main
Unwinding loop 1  iteration  7   file diamond_1-2.c line 17 function main
Unwinding loop 1  iteration  8   file diamond_1-2.c line 17 function main
Unwinding loop 1  iteration  9   file diamond_1-2.c line 17 function main
Unwinding loop 1  iteration  10   file diamond_1-2.c line 17 function main
Unwinding loop 1  iteration  11   file diamond_1-2.c line 17 function main
Unwinding loop 1  iteration  12   file diamond_1-2.c line 17 function main
Unwinding loop 1  iteration  13   file diamond_1-2.c line 17 function main
Unwinding loop 1  iteration  14   file diamond_1-2.c line 17 function main
Unwinding loop 1  iteration  15   file diamond_1-2.c line 17 function main
Not unwinding 
Symex completed in: 0.004s (128 assignments)
Slicing time: 0.001s (removed 18 assignments)
Generated 1 VCC(s), 1 remaining after simplification (110 assignments)
No solver specified; defaulting to Boolector
Encoding remaining VCC(s) using bit-vector/floating-point arithmetic
Encoding to solver time: 0.002s
Solving with solver Boolector 3.2.2
Encoding to solver time: 0.002s
Runtime decision procedure: 0.004s
BMC program time: 0.012s
No bug has been found in the base case
*** Checking forward condition, k = 16
Starting Bounded Model Checking
Unwinding loop 1  iteration  1   file diamond_1-2.c line 17 function main
Unwinding loop 1  iteration  2   file diamond_1-2.c line 17 function main
Unwinding loop 1  iteration  3   file diamond_1-2.c line 17 function main
Unwinding loop 1  iteration  4   file diamond_1-2.c line 17 function main
Unwinding loop 1  iteration  5   file diamond_1-2.c line 17 function main
Unwinding loop 1  iteration  6   file diamond_1-2.c line 17 function main
Unwinding loop 1  iteration  7   file diamond_1-2.c line 17 function main
Unwinding loop 1  iteration  8   file diamond_1-2.c line 17 function main
Unwinding loop 1  iteration  9   file diamond_1-2.c line 17 function main
Unwinding loop 1  iteration  10   file diamond_1-2.c line 17 function main
Unwinding loop 1  iteration  11   file diamond_1-2.c line 17 function main
Unwinding loop 1  iteration  12   file diamond_1-2.c line 17 function main
Unwinding loop 1  iteration  13   file diamond_1-2.c line 17 function main
Unwinding loop 1  iteration  14   file diamond_1-2.c line 17 function main
Unwinding loop 1  iteration  15   file diamond_1-2.c line 17 function main
Not unwinding 
Symex completed in: 0.004s (127 assignments)
Slicing time: 0.002s (removed 18 assignments)
Generated 1 VCC(s), 1 remaining after simplification (109 assignments)
No solver specified; defaulting to Boolector
Encoding remaining VCC(s) using bit-vector/floating-point arithmetic
Encoding to solver time: 0.002s
Solving with solver Boolector 3.2.2
Encoding to solver time: 0.002s
Runtime decision procedure: 0.003s
The forward condition is unable to prove the property
*** Checking base case, k = 21
Starting Bounded Model Checking
Unwinding loop 1  iteration  1   file diamond_1-2.c line 17 function main
Unwinding loop 1  iteration  2   file diamond_1-2.c line 17 function main
Unwinding loop 1  iteration  3   file diamond_1-2.c line 17 function main
Unwinding loop 1  iteration  4   file diamond_1-2.c line 17 function main
Unwinding loop 1  iteration  5   file diamond_1-2.c line 17 function main
Unwinding loop 1  iteration  6   file diamond_1-2.c line 17 function main
Unwinding loop 1  iteration  7   file diamond_1-2.c line 17 function main
Unwinding loop 1  iteration  8   file diamond_1-2.c line 17 function main
Unwinding loop 1  iteration  9   file diamond_1-2.c line 17 function main
Unwinding loop 1  iteration  10   file diamond_1-2.c line 17 function main
Unwinding loop 1  iteration  11   file diamond_1-2.c line 17 function main
Unwinding loop 1  iteration  12   file diamond_1-2.c line 17 function main
Unwinding loop 1  iteration  13   file diamond_1-2.c line 17 function main
Unwinding loop 1  iteration  14   file diamond_1-2.c line 17 function main
Unwinding loop 1  iteration  15   file diamond_1-2.c line 17 function main
Unwinding loop 1  iteration  16   file diamond_1-2.c line 17 function main
Unwinding loop 1  iteration  17   file diamond_1-2.c line 17 function main
Unwinding loop 1  iteration  18   file diamond_1-2.c line 17 function main
Unwinding loop 1  iteration  19   file diamond_1-2.c line 17 function main
Unwinding loop 1  iteration  20   file diamond_1-2.c line 17 function main
Not unwinding 
Symex completed in: 0.006s (163 assignments)
Slicing time: 0.002s (removed 18 assignments)
Generated 1 VCC(s), 1 remaining after simplification (145 assignments)
No solver specified; defaulting to Boolector
Encoding remaining VCC(s) using bit-vector/floating-point arithmetic
Encoding to solver time: 0.003s
Solving with solver Boolector 3.2.2
Encoding to solver time: 0.003s
Runtime decision procedure: 0.005s
BMC program time: 0.016s
No bug has been found in the base case
*** Checking forward condition, k = 21
Starting Bounded Model Checking
Unwinding loop 1  iteration  1   file diamond_1-2.c line 17 function main
Unwinding loop 1  iteration  2   file diamond_1-2.c line 17 function main
Unwinding loop 1  iteration  3   file diamond_1-2.c line 17 function main
Unwinding loop 1  iteration  4   file diamond_1-2.c line 17 function main
Unwinding loop 1  iteration  5   file diamond_1-2.c line 17 function main
Unwinding loop 1  iteration  6   file diamond_1-2.c line 17 function main
Unwinding loop 1  iteration  7   file diamond_1-2.c line 17 function main
Unwinding loop 1  iteration  8   file diamond_1-2.c line 17 function main
Unwinding loop 1  iteration  9   file diamond_1-2.c line 17 function main
Unwinding loop 1  iteration  10   file diamond_1-2.c line 17 function main
Unwinding loop 1  iteration  11   file diamond_1-2.c line 17 function main
Unwinding loop 1  iteration  12   file diamond_1-2.c line 17 function main
Unwinding loop 1  iteration  13   file diamond_1-2.c line 17 function main
Unwinding loop 1  iteration  14   file diamond_1-2.c line 17 function main
Unwinding loop 1  iteration  15   file diamond_1-2.c line 17 function main
Unwinding loop 1  iteration  16   file diamond_1-2.c line 17 function main
Unwinding loop 1  iteration  17   file diamond_1-2.c line 17 function main
Unwinding loop 1  iteration  18   file diamond_1-2.c line 17 function main
Unwinding loop 1  iteration  19   file diamond_1-2.c line 17 function main
Unwinding loop 1  iteration  20   file diamond_1-2.c line 17 function main
Not unwinding 
Symex completed in: 0.006s (162 assignments)
Slicing time: 0.002s (removed 18 assignments)
Generated 1 VCC(s), 1 remaining after simplification (144 assignments)
No solver specified; defaulting to Boolector
Encoding remaining VCC(s) using bit-vector/floating-point arithmetic
Encoding to solver time: 0.002s
Solving with solver Boolector 3.2.2
Encoding to solver time: 0.002s
Runtime decision procedure: 0.005s
The forward condition is unable to prove the property
*** Checking base case, k = 26
Starting Bounded Model Checking
Unwinding loop 1  iteration  1   file diamond_1-2.c line 17 function main
Unwinding loop 1  iteration  2   file diamond_1-2.c line 17 function main
Unwinding loop 1  iteration  3   file diamond_1-2.c line 17 function main
Unwinding loop 1  iteration  4   file diamond_1-2.c line 17 function main
Unwinding loop 1  iteration  5   file diamond_1-2.c line 17 function main
Unwinding loop 1  iteration  6   file diamond_1-2.c line 17 function main
Unwinding loop 1  iteration  7   file diamond_1-2.c line 17 function main
Unwinding loop 1  iteration  8   file diamond_1-2.c line 17 function main
Unwinding loop 1  iteration  9   file diamond_1-2.c line 17 function main
Unwinding loop 1  iteration  10   file diamond_1-2.c line 17 function main
Unwinding loop 1  iteration  11   file diamond_1-2.c line 17 function main
Unwinding loop 1  iteration  12   file diamond_1-2.c line 17 function main
Unwinding loop 1  iteration  13   file diamond_1-2.c line 17 function main
Unwinding loop 1  iteration  14   file diamond_1-2.c line 17 function main
Unwinding loop 1  iteration  15   file diamond_1-2.c line 17 function main
Unwinding loop 1  iteration  16   file diamond_1-2.c line 17 function main
Unwinding loop 1  iteration  17   file diamond_1-2.c line 17 function main
Unwinding loop 1  iteration  18   file diamond_1-2.c line 17 function main
Unwinding loop 1  iteration  19   file diamond_1-2.c line 17 function main
Unwinding loop 1  iteration  20   file diamond_1-2.c line 17 function main
Unwinding loop 1  iteration  21   file diamond_1-2.c line 17 function main
Unwinding loop 1  iteration  22   file diamond_1-2.c line 17 function main
Unwinding loop 1  iteration  23   file diamond_1-2.c line 17 function main
Unwinding loop 1  iteration  24   file diamond_1-2.c line 17 function main
Unwinding loop 1  iteration  25   file diamond_1-2.c line 17 function main
Not unwinding 
Symex completed in: 0.007s (198 assignments)
Slicing time: 0.003s (removed 18 assignments)
Generated 1 VCC(s), 1 remaining after simplification (180 assignments)
No solver specified; defaulting to Boolector
Encoding remaining VCC(s) using bit-vector/floating-point arithmetic
Encoding to solver time: 0.003s
Solving with solver Boolector 3.2.2
Encoding to solver time: 0.003s
Runtime decision procedure: 0.007s
BMC program time: 0.020s
No bug has been found in the base case
*** Checking forward condition, k = 26
Starting Bounded Model Checking
Unwinding loop 1  iteration  1   file diamond_1-2.c line 17 function main
Unwinding loop 1  iteration  2   file diamond_1-2.c line 17 function main
Unwinding loop 1  iteration  3   file diamond_1-2.c line 17 function main
Unwinding loop 1  iteration  4   file diamond_1-2.c line 17 function main
Unwinding loop 1  iteration  5   file diamond_1-2.c line 17 function main
Unwinding loop 1  iteration  6   file diamond_1-2.c line 17 function main
Unwinding loop 1  iteration  7   file diamond_1-2.c line 17 function main
Unwinding loop 1  iteration  8   file diamond_1-2.c line 17 function main
Unwinding loop 1  iteration  9   file diamond_1-2.c line 17 function main
Unwinding loop 1  iteration  10   file diamond_1-2.c line 17 function main
Unwinding loop 1  iteration  11   file diamond_1-2.c line 17 function main
Unwinding loop 1  iteration  12   file diamond_1-2.c line 17 function main
Unwinding loop 1  iteration  13   file diamond_1-2.c line 17 function main
Unwinding loop 1  iteration  14   file diamond_1-2.c line 17 function main
Unwinding loop 1  iteration  15   file diamond_1-2.c line 17 function main
Unwinding loop 1  iteration  16   file diamond_1-2.c line 17 function main
Unwinding loop 1  iteration  17   file diamond_1-2.c line 17 function main
Unwinding loop 1  iteration  18   file diamond_1-2.c line 17 function main
Unwinding loop 1  iteration  19   file diamond_1-2.c line 17 function main
Unwinding loop 1  iteration  20   file diamond_1-2.c line 17 function main
Unwinding loop 1  iteration  21   file diamond_1-2.c line 17 function main
Unwinding loop 1  iteration  22   file diamond_1-2.c line 17 function main
Unwinding loop 1  iteration  23   file diamond_1-2.c line 17 function main
Unwinding loop 1  iteration  24   file diamond_1-2.c line 17 function main
Unwinding loop 1  iteration  25   file diamond_1-2.c line 17 function main
Not unwinding 
Symex completed in: 0.008s (197 assignments)
Slicing time: 0.002s (removed 18 assignments)
Generated 1 VCC(s), 1 remaining after simplification (179 assignments)
No solver specified; defaulting to Boolector
Encoding remaining VCC(s) using bit-vector/floating-point arithmetic
Encoding to solver time: 0.003s
Solving with solver Boolector 3.2.2
Encoding to solver time: 0.003s
Runtime decision procedure: 0.005s
The forward condition is unable to prove the property
*** Checking base case, k = 31
Starting Bounded Model Checking
Unwinding loop 1  iteration  1   file diamond_1-2.c line 17 function main
Unwinding loop 1  iteration  2   file diamond_1-2.c line 17 function main
Unwinding loop 1  iteration  3   file diamond_1-2.c line 17 function main
Unwinding loop 1  iteration  4   file diamond_1-2.c line 17 function main
Unwinding loop 1  iteration  5   file diamond_1-2.c line 17 function main
Unwinding loop 1  iteration  6   file diamond_1-2.c line 17 function main
Unwinding loop 1  iteration  7   file diamond_1-2.c line 17 function main
Unwinding loop 1  iteration  8   file diamond_1-2.c line 17 function main
Unwinding loop 1  iteration  9   file diamond_1-2.c line 17 function main
Unwinding loop 1  iteration  10   file diamond_1-2.c line 17 function main
Unwinding loop 1  iteration  11   file diamond_1-2.c line 17 function main
Unwinding loop 1  iteration  12   file diamond_1-2.c line 17 function main
Unwinding loop 1  iteration  13   file diamond_1-2.c line 17 function main
Unwinding loop 1  iteration  14   file diamond_1-2.c line 17 function main
Unwinding loop 1  iteration  15   file diamond_1-2.c line 17 function main
Unwinding loop 1  iteration  16   file diamond_1-2.c line 17 function main
Unwinding loop 1  iteration  17   file diamond_1-2.c line 17 function main
Unwinding loop 1  iteration  18   file diamond_1-2.c line 17 function main
Unwinding loop 1  iteration  19   file diamond_1-2.c line 17 function main
Unwinding loop 1  iteration  20   file diamond_1-2.c line 17 function main
Unwinding loop 1  iteration  21   file diamond_1-2.c line 17 function main
Unwinding loop 1  iteration  22   file diamond_1-2.c line 17 function main
Unwinding loop 1  iteration  23   file diamond_1-2.c line 17 function main
Unwinding loop 1  iteration  24   file diamond_1-2.c line 17 function main
Unwinding loop 1  iteration  25   file diamond_1-2.c line 17 function main
Unwinding loop 1  iteration  26   file diamond_1-2.c line 17 function main
Unwinding loop 1  iteration  27   file diamond_1-2.c line 17 function main
Unwinding loop 1  iteration  28   file diamond_1-2.c line 17 function main
Unwinding loop 1  iteration  29   file diamond_1-2.c line 17 function main
Unwinding loop 1  iteration  30   file diamond_1-2.c line 17 function main
Not unwinding 
Symex completed in: 0.009s (233 assignments)
Slicing time: 0.003s (removed 18 assignments)
Generated 1 VCC(s), 1 remaining after simplification (215 assignments)
No solver specified; defaulting to Boolector
Encoding remaining VCC(s) using bit-vector/floating-point arithmetic
Encoding to solver time: 0.003s
Solving with solver Boolector 3.2.2
Encoding to solver time: 0.003s
Runtime decision procedure: 0.007s
BMC program time: 0.024s
No bug has been found in the base case
*** Checking forward condition, k = 31
Starting Bounded Model Checking
Unwinding loop 1  iteration  1   file diamond_1-2.c line 17 function main
Unwinding loop 1  iteration  2   file diamond_1-2.c line 17 function main
Unwinding loop 1  iteration  3   file diamond_1-2.c line 17 function main
Unwinding loop 1  iteration  4   file diamond_1-2.c line 17 function main
Unwinding loop 1  iteration  5   file diamond_1-2.c line 17 function main
Unwinding loop 1  iteration  6   file diamond_1-2.c line 17 function main
Unwinding loop 1  iteration  7   file diamond_1-2.c line 17 function main
Unwinding loop 1  iteration  8   file diamond_1-2.c line 17 function main
Unwinding loop 1  iteration  9   file diamond_1-2.c line 17 function main
Unwinding loop 1  iteration  10   file diamond_1-2.c line 17 function main
Unwinding loop 1  iteration  11   file diamond_1-2.c line 17 function main
Unwinding loop 1  iteration  12   file diamond_1-2.c line 17 function main
Unwinding loop 1  iteration  13   file diamond_1-2.c line 17 function main
Unwinding loop 1  iteration  14   file diamond_1-2.c line 17 function main
Unwinding loop 1  iteration  15   file diamond_1-2.c line 17 function main
Unwinding loop 1  iteration  16   file diamond_1-2.c line 17 function main
Unwinding loop 1  iteration  17   file diamond_1-2.c line 17 function main
Unwinding loop 1  iteration  18   file diamond_1-2.c line 17 function main
Unwinding loop 1  iteration  19   file diamond_1-2.c line 17 function main
Unwinding loop 1  iteration  20   file diamond_1-2.c line 17 function main
Unwinding loop 1  iteration  21   file diamond_1-2.c line 17 function main
Unwinding loop 1  iteration  22   file diamond_1-2.c line 17 function main
Unwinding loop 1  iteration  23   file diamond_1-2.c line 17 function main
Unwinding loop 1  iteration  24   file diamond_1-2.c line 17 function main
Unwinding loop 1  iteration  25   file diamond_1-2.c line 17 function main
Unwinding loop 1  iteration  26   file diamond_1-2.c line 17 function main
Unwinding loop 1  iteration  27   file diamond_1-2.c line 17 function main
Unwinding loop 1  iteration  28   file diamond_1-2.c line 17 function main
Unwinding loop 1  iteration  29   file diamond_1-2.c line 17 function main
Unwinding loop 1  iteration  30   file diamond_1-2.c line 17 function main
Not unwinding 
Symex completed in: 0.010s (232 assignments)
Slicing time: 0.003s (removed 18 assignments)
Generated 1 VCC(s), 1 remaining after simplification (214 assignments)
No solver specified; defaulting to Boolector
Encoding remaining VCC(s) using bit-vector/floating-point arithmetic
Encoding to solver time: 0.004s
Solving with solver Boolector 3.2.2
Encoding to solver time: 0.004s
Runtime decision procedure: 0.006s
The forward condition is unable to prove the property
*** Checking base case, k = 36
Starting Bounded Model Checking
Unwinding loop 1  iteration  1   file diamond_1-2.c line 17 function main
Unwinding loop 1  iteration  2   file diamond_1-2.c line 17 function main
Unwinding loop 1  iteration  3   file diamond_1-2.c line 17 function main
Unwinding loop 1  iteration  4   file diamond_1-2.c line 17 function main
Unwinding loop 1  iteration  5   file diamond_1-2.c line 17 function main
Unwinding loop 1  iteration  6   file diamond_1-2.c line 17 function main
Unwinding loop 1  iteration  7   file diamond_1-2.c line 17 function main
Unwinding loop 1  iteration  8   file diamond_1-2.c line 17 function main
Unwinding loop 1  iteration  9   file diamond_1-2.c line 17 function main
Unwinding loop 1  iteration  10   file diamond_1-2.c line 17 function main
Unwinding loop 1  iteration  11   file diamond_1-2.c line 17 function main
Unwinding loop 1  iteration  12   file diamond_1-2.c line 17 function main
Unwinding loop 1  iteration  13   file diamond_1-2.c line 17 function main
Unwinding loop 1  iteration  14   file diamond_1-2.c line 17 function main
Unwinding loop 1  iteration  15   file diamond_1-2.c line 17 function main
Unwinding loop 1  iteration  16   file diamond_1-2.c line 17 function main
Unwinding loop 1  iteration  17   file diamond_1-2.c line 17 function main
Unwinding loop 1  iteration  18   file diamond_1-2.c line 17 function main
Unwinding loop 1  iteration  19   file diamond_1-2.c line 17 function main
Unwinding loop 1  iteration  20   file diamond_1-2.c line 17 function main
Unwinding loop 1  iteration  21   file diamond_1-2.c line 17 function main
Unwinding loop 1  iteration  22   file diamond_1-2.c line 17 function main
Unwinding loop 1  iteration  23   file diamond_1-2.c line 17 function main
Unwinding loop 1  iteration  24   file diamond_1-2.c line 17 function main
Unwinding loop 1  iteration  25   file diamond_1-2.c line 17 function main
Unwinding loop 1  iteration  26   file diamond_1-2.c line 17 function main
Unwinding loop 1  iteration  27   file diamond_1-2.c line 17 function main
Unwinding loop 1  iteration  28   file diamond_1-2.c line 17 function main
Unwinding loop 1  iteration  29   file diamond_1-2.c line 17 function main
Unwinding loop 1  iteration  30   file diamond_1-2.c line 17 function main
Unwinding loop 1  iteration  31   file diamond_1-2.c line 17 function main
Unwinding loop 1  iteration  32   file diamond_1-2.c line 17 function main
Unwinding loop 1  iteration  33   file diamond_1-2.c line 17 function main
Unwinding loop 1  iteration  34   file diamond_1-2.c line 17 function main
Unwinding loop 1  iteration  35   file diamond_1-2.c line 17 function main
Not unwinding 
Symex completed in: 0.011s (268 assignments)
Slicing time: 0.004s (removed 18 assignments)
Generated 1 VCC(s), 1 remaining after simplification (250 assignments)
No solver specified; defaulting to Boolector
Encoding remaining VCC(s) using bit-vector/floating-point arithmetic
Encoding to solver time: 0.004s
Solving with solver Boolector 3.2.2
Encoding to solver time: 0.004s
Runtime decision procedure: 0.009s
BMC program time: 0.029s
No bug has been found in the base case
*** Checking forward condition, k = 36
Starting Bounded Model Checking
Unwinding loop 1  iteration  1   file diamond_1-2.c line 17 function main
Unwinding loop 1  iteration  2   file diamond_1-2.c line 17 function main
Unwinding loop 1  iteration  3   file diamond_1-2.c line 17 function main
Unwinding loop 1  iteration  4   file diamond_1-2.c line 17 function main
Unwinding loop 1  iteration  5   file diamond_1-2.c line 17 function main
Unwinding loop 1  iteration  6   file diamond_1-2.c line 17 function main
Unwinding loop 1  iteration  7   file diamond_1-2.c line 17 function main
Unwinding loop 1  iteration  8   file diamond_1-2.c line 17 function main
Unwinding loop 1  iteration  9   file diamond_1-2.c line 17 function main
Unwinding loop 1  iteration  10   file diamond_1-2.c line 17 function main
Unwinding loop 1  iteration  11   file diamond_1-2.c line 17 function main
Unwinding loop 1  iteration  12   file diamond_1-2.c line 17 function main
Unwinding loop 1  iteration  13   file diamond_1-2.c line 17 function main
Unwinding loop 1  iteration  14   file diamond_1-2.c line 17 function main
Unwinding loop 1  iteration  15   file diamond_1-2.c line 17 function main
Unwinding loop 1  iteration  16   file diamond_1-2.c line 17 function main
Unwinding loop 1  iteration  17   file diamond_1-2.c line 17 function main
Unwinding loop 1  iteration  18   file diamond_1-2.c line 17 function main
Unwinding loop 1  iteration  19   file diamond_1-2.c line 17 function main
Unwinding loop 1  iteration  20   file diamond_1-2.c line 17 function main
Unwinding loop 1  iteration  21   file diamond_1-2.c line 17 function main
Unwinding loop 1  iteration  22   file diamond_1-2.c line 17 function main
Unwinding loop 1  iteration  23   file diamond_1-2.c line 17 function main
Unwinding loop 1  iteration  24   file diamond_1-2.c line 17 function main
Unwinding loop 1  iteration  25   file diamond_1-2.c line 17 function main
Unwinding loop 1  iteration  26   file diamond_1-2.c line 17 function main
Unwinding loop 1  iteration  27   file diamond_1-2.c line 17 function main
Unwinding loop 1  iteration  28   file diamond_1-2.c line 17 function main
Unwinding loop 1  iteration  29   file diamond_1-2.c line 17 function main
Unwinding loop 1  iteration  30   file diamond_1-2.c line 17 function main
Unwinding loop 1  iteration  31   file diamond_1-2.c line 17 function main
Unwinding loop 1  iteration  32   file diamond_1-2.c line 17 function main
Unwinding loop 1  iteration  33   file diamond_1-2.c line 17 function main
Unwinding loop 1  iteration  34   file diamond_1-2.c line 17 function main
Unwinding loop 1  iteration  35   file diamond_1-2.c line 17 function main
Not unwinding 
Symex completed in: 0.012s (267 assignments)
Slicing time: 0.004s (removed 18 assignments)
Generated 1 VCC(s), 1 remaining after simplification (249 assignments)
No solver specified; defaulting to Boolector
Encoding remaining VCC(s) using bit-vector/floating-point arithmetic
Encoding to solver time: 0.004s
Solving with solver Boolector 3.2.2
Encoding to solver time: 0.004s
Runtime decision procedure: 0.007s
The forward condition is unable to prove the property
*** Checking base case, k = 41
Starting Bounded Model Checking
Unwinding loop 1  iteration  1   file diamond_1-2.c line 17 function main
Unwinding loop 1  iteration  2   file diamond_1-2.c line 17 function main
Unwinding loop 1  iteration  3   file diamond_1-2.c line 17 function main
Unwinding loop 1  iteration  4   file diamond_1-2.c line 17 function main
Unwinding loop 1  iteration  5   file diamond_1-2.c line 17 function main
Unwinding loop 1  iteration  6   file diamond_1-2.c line 17 function main
Unwinding loop 1  iteration  7   file diamond_1-2.c line 17 function main
Unwinding loop 1  iteration  8   file diamond_1-2.c line 17 function main
Unwinding loop 1  iteration  9   file diamond_1-2.c line 17 function main
Unwinding loop 1  iteration  10   file diamond_1-2.c line 17 function main
Unwinding loop 1  iteration  11   file diamond_1-2.c line 17 function main
Unwinding loop 1  iteration  12   file diamond_1-2.c line 17 function main
Unwinding loop 1  iteration  13   file diamond_1-2.c line 17 function main
Unwinding loop 1  iteration  14   file diamond_1-2.c line 17 function main
Unwinding loop 1  iteration  15   file diamond_1-2.c line 17 function main
Unwinding loop 1  iteration  16   file diamond_1-2.c line 17 function main
Unwinding loop 1  iteration  17   file diamond_1-2.c line 17 function main
Unwinding loop 1  iteration  18   file diamond_1-2.c line 17 function main
Unwinding loop 1  iteration  19   file diamond_1-2.c line 17 function main
Unwinding loop 1  iteration  20   file diamond_1-2.c line 17 function main
Unwinding loop 1  iteration  21   file diamond_1-2.c line 17 function main
Unwinding loop 1  iteration  22   file diamond_1-2.c line 17 function main
Unwinding loop 1  iteration  23   file diamond_1-2.c line 17 function main
Unwinding loop 1  iteration  24   file diamond_1-2.c line 17 function main
Unwinding loop 1  iteration  25   file diamond_1-2.c line 17 function main
Unwinding loop 1  iteration  26   file diamond_1-2.c line 17 function main
Unwinding loop 1  iteration  27   file diamond_1-2.c line 17 function main
Unwinding loop 1  iteration  28   file diamond_1-2.c line 17 function main
Unwinding loop 1  iteration  29   file diamond_1-2.c line 17 function main
Unwinding loop 1  iteration  30   file diamond_1-2.c line 17 function main
Unwinding loop 1  iteration  31   file diamond_1-2.c line 17 function main
Unwinding loop 1  iteration  32   file diamond_1-2.c line 17 function main
Unwinding loop 1  iteration  33   file diamond_1-2.c line 17 function main
Unwinding loop 1  iteration  34   file diamond_1-2.c line 17 function main
Unwinding loop 1  iteration  35   file diamond_1-2.c line 17 function main
Unwinding loop 1  iteration  36   file diamond_1-2.c line 17 function main
Unwinding loop 1  iteration  37   file diamond_1-2.c line 17 function main
Unwinding loop 1  iteration  38   file diamond_1-2.c line 17 function main
Unwinding loop 1  iteration  39   file diamond_1-2.c line 17 function main
Unwinding loop 1  iteration  40   file diamond_1-2.c line 17 function main
Not unwinding 
Symex completed in: 0.013s (303 assignments)
Slicing time: 0.004s (removed 18 assignments)
Generated 1 VCC(s), 1 remaining after simplification (285 assignments)
No solver specified; defaulting to Boolector
Encoding remaining VCC(s) using bit-vector/floating-point arithmetic
Encoding to solver time: 0.005s
Solving with solver Boolector 3.2.2
Encoding to solver time: 0.005s
Runtime decision procedure: 0.009s
BMC program time: 0.032s
No bug has been found in the base case
*** Checking forward condition, k = 41
Starting Bounded Model Checking
Unwinding loop 1  iteration  1   file diamond_1-2.c line 17 function main
Unwinding loop 1  iteration  2   file diamond_1-2.c line 17 function main
Unwinding loop 1  iteration  3   file diamond_1-2.c line 17 function main
Unwinding loop 1  iteration  4   file diamond_1-2.c line 17 function main
Unwinding loop 1  iteration  5   file diamond_1-2.c line 17 function main
Unwinding loop 1  iteration  6   file diamond_1-2.c line 17 function main
Unwinding loop 1  iteration  7   file diamond_1-2.c line 17 function main
Unwinding loop 1  iteration  8   file diamond_1-2.c line 17 function main
Unwinding loop 1  iteration  9   file diamond_1-2.c line 17 function main
Unwinding loop 1  iteration  10   file diamond_1-2.c line 17 function main
Unwinding loop 1  iteration  11   file diamond_1-2.c line 17 function main
Unwinding loop 1  iteration  12   file diamond_1-2.c line 17 function main
Unwinding loop 1  iteration  13   file diamond_1-2.c line 17 function main
Unwinding loop 1  iteration  14   file diamond_1-2.c line 17 function main
Unwinding loop 1  iteration  15   file diamond_1-2.c line 17 function main
Unwinding loop 1  iteration  16   file diamond_1-2.c line 17 function main
Unwinding loop 1  iteration  17   file diamond_1-2.c line 17 function main
Unwinding loop 1  iteration  18   file diamond_1-2.c line 17 function main
Unwinding loop 1  iteration  19   file diamond_1-2.c line 17 function main
Unwinding loop 1  iteration  20   file diamond_1-2.c line 17 function main
Unwinding loop 1  iteration  21   file diamond_1-2.c line 17 function main
Unwinding loop 1  iteration  22   file diamond_1-2.c line 17 function main
Unwinding loop 1  iteration  23   file diamond_1-2.c line 17 function main
Unwinding loop 1  iteration  24   file diamond_1-2.c line 17 function main
Unwinding loop 1  iteration  25   file diamond_1-2.c line 17 function main
Unwinding loop 1  iteration  26   file diamond_1-2.c line 17 function main
Unwinding loop 1  iteration  27   file diamond_1-2.c line 17 function main
Unwinding loop 1  iteration  28   file diamond_1-2.c line 17 function main
Unwinding loop 1  iteration  29   file diamond_1-2.c line 17 function main
Unwinding loop 1  iteration  30   file diamond_1-2.c line 17 function main
Unwinding loop 1  iteration  31   file diamond_1-2.c line 17 function main
Unwinding loop 1  iteration  32   file diamond_1-2.c line 17 function main
Unwinding loop 1  iteration  33   file diamond_1-2.c line 17 function main
Unwinding loop 1  iteration  34   file diamond_1-2.c line 17 function main
Unwinding loop 1  iteration  35   file diamond_1-2.c line 17 function main
Unwinding loop 1  iteration  36   file diamond_1-2.c line 17 function main
Unwinding loop 1  iteration  37   file diamond_1-2.c line 17 function main
Unwinding loop 1  iteration  38   file diamond_1-2.c line 17 function main
Unwinding loop 1  iteration  39   file diamond_1-2.c line 17 function main
Unwinding loop 1  iteration  40   file diamond_1-2.c line 17 function main
Not unwinding 
Symex completed in: 0.013s (302 assignments)
Slicing time: 0.004s (removed 18 assignments)
Generated 1 VCC(s), 1 remaining after simplification (284 assignments)
No solver specified; defaulting to Boolector
Encoding remaining VCC(s) using bit-vector/floating-point arithmetic
Encoding to solver time: 0.005s
Solving with solver Boolector 3.2.2
Encoding to solver time: 0.005s
Runtime decision procedure: 0.007s
The forward condition is unable to prove the property
*** Checking base case, k = 46
Starting Bounded Model Checking
Unwinding loop 1  iteration  1   file diamond_1-2.c line 17 function main
Unwinding loop 1  iteration  2   file diamond_1-2.c line 17 function main
Unwinding loop 1  iteration  3   file diamond_1-2.c line 17 function main
Unwinding loop 1  iteration  4   file diamond_1-2.c line 17 function main
Unwinding loop 1  iteration  5   file diamond_1-2.c line 17 function main
Unwinding loop 1  iteration  6   file diamond_1-2.c line 17 function main
Unwinding loop 1  iteration  7   file diamond_1-2.c line 17 function main
Unwinding loop 1  iteration  8   file diamond_1-2.c line 17 function main
Unwinding loop 1  iteration  9   file diamond_1-2.c line 17 function main
Unwinding loop 1  iteration  10   file diamond_1-2.c line 17 function main
Unwinding loop 1  iteration  11   file diamond_1-2.c line 17 function main
Unwinding loop 1  iteration  12   file diamond_1-2.c line 17 function main
Unwinding loop 1  iteration  13   file diamond_1-2.c line 17 function main
Unwinding loop 1  iteration  14   file diamond_1-2.c line 17 function main
Unwinding loop 1  iteration  15   file diamond_1-2.c line 17 function main
Unwinding loop 1  iteration  16   file diamond_1-2.c line 17 function main
Unwinding loop 1  iteration  17   file diamond_1-2.c line 17 function main
Unwinding loop 1  iteration  18   file diamond_1-2.c line 17 function main
Unwinding loop 1  iteration  19   file diamond_1-2.c line 17 function main
Unwinding loop 1  iteration  20   file diamond_1-2.c line 17 function main
Unwinding loop 1  iteration  21   file diamond_1-2.c line 17 function main
Unwinding loop 1  iteration  22   file diamond_1-2.c line 17 function main
Unwinding loop 1  iteration  23   file diamond_1-2.c line 17 function main
Unwinding loop 1  iteration  24   file diamond_1-2.c line 17 function main
Unwinding loop 1  iteration  25   file diamond_1-2.c line 17 function main
Unwinding loop 1  iteration  26   file diamond_1-2.c line 17 function main
Unwinding loop 1  iteration  27   file diamond_1-2.c line 17 function main
Unwinding loop 1  iteration  28   file diamond_1-2.c line 17 function main
Unwinding loop 1  iteration  29   file diamond_1-2.c line 17 function main
Unwinding loop 1  iteration  30   file diamond_1-2.c line 17 function main
Unwinding loop 1  iteration  31   file diamond_1-2.c line 17 function main
Unwinding loop 1  iteration  32   file diamond_1-2.c line 17 function main
Unwinding loop 1  iteration  33   file diamond_1-2.c line 17 function main
Unwinding loop 1  iteration  34   file diamond_1-2.c line 17 function main
Unwinding loop 1  iteration  35   file diamond_1-2.c line 17 function main
Unwinding loop 1  iteration  36   file diamond_1-2.c line 17 function main
Unwinding loop 1  iteration  37   file diamond_1-2.c line 17 function main
Unwinding loop 1  iteration  38   file diamond_1-2.c line 17 function main
Unwinding loop 1  iteration  39   file diamond_1-2.c line 17 function main
Unwinding loop 1  iteration  40   file diamond_1-2.c line 17 function main
Unwinding loop 1  iteration  41   file diamond_1-2.c line 17 function main
Unwinding loop 1  iteration  42   file diamond_1-2.c line 17 function main
Unwinding loop 1  iteration  43   file diamond_1-2.c line 17 function main
Unwinding loop 1  iteration  44   file diamond_1-2.c line 17 function main
Unwinding loop 1  iteration  45   file diamond_1-2.c line 17 function main
Not unwinding 
Symex completed in: 0.015s (338 assignments)
Slicing time: 0.006s (removed 18 assignments)
Generated 1 VCC(s), 1 remaining after simplification (320 assignments)
No solver specified; defaulting to Boolector
Encoding remaining VCC(s) using bit-vector/floating-point arithmetic
Encoding to solver time: 0.005s
Solving with solver Boolector 3.2.2
Encoding to solver time: 0.005s
Runtime decision procedure: 0.011s
BMC program time: 0.037s
No bug has been found in the base case
*** Checking forward condition, k = 46
Starting Bounded Model Checking
Unwinding loop 1  iteration  1   file diamond_1-2.c line 17 function main
Unwinding loop 1  iteration  2   file diamond_1-2.c line 17 function main
Unwinding loop 1  iteration  3   file diamond_1-2.c line 17 function main
Unwinding loop 1  iteration  4   file diamond_1-2.c line 17 function main
Unwinding loop 1  iteration  5   file diamond_1-2.c line 17 function main
Unwinding loop 1  iteration  6   file diamond_1-2.c line 17 function main
Unwinding loop 1  iteration  7   file diamond_1-2.c line 17 function main
Unwinding loop 1  iteration  8   file diamond_1-2.c line 17 function main
Unwinding loop 1  iteration  9   file diamond_1-2.c line 17 function main
Unwinding loop 1  iteration  10   file diamond_1-2.c line 17 function main
Unwinding loop 1  iteration  11   file diamond_1-2.c line 17 function main
Unwinding loop 1  iteration  12   file diamond_1-2.c line 17 function main
Unwinding loop 1  iteration  13   file diamond_1-2.c line 17 function main
Unwinding loop 1  iteration  14   file diamond_1-2.c line 17 function main
Unwinding loop 1  iteration  15   file diamond_1-2.c line 17 function main
Unwinding loop 1  iteration  16   file diamond_1-2.c line 17 function main
Unwinding loop 1  iteration  17   file diamond_1-2.c line 17 function main
Unwinding loop 1  iteration  18   file diamond_1-2.c line 17 function main
Unwinding loop 1  iteration  19   file diamond_1-2.c line 17 function main
Unwinding loop 1  iteration  20   file diamond_1-2.c line 17 function main
Unwinding loop 1  iteration  21   file diamond_1-2.c line 17 function main
Unwinding loop 1  iteration  22   file diamond_1-2.c line 17 function main
Unwinding loop 1  iteration  23   file diamond_1-2.c line 17 function main
Unwinding loop 1  iteration  24   file diamond_1-2.c line 17 function main
Unwinding loop 1  iteration  25   file diamond_1-2.c line 17 function main
Unwinding loop 1  iteration  26   file diamond_1-2.c line 17 function main
Unwinding loop 1  iteration  27   file diamond_1-2.c line 17 function main
Unwinding loop 1  iteration  28   file diamond_1-2.c line 17 function main
Unwinding loop 1  iteration  29   file diamond_1-2.c line 17 function main
Unwinding loop 1  iteration  30   file diamond_1-2.c line 17 function main
Unwinding loop 1  iteration  31   file diamond_1-2.c line 17 function main
Unwinding loop 1  iteration  32   file diamond_1-2.c line 17 function main
Unwinding loop 1  iteration  33   file diamond_1-2.c line 17 function main
Unwinding loop 1  iteration  34   file diamond_1-2.c line 17 function main
Unwinding loop 1  iteration  35   file diamond_1-2.c line 17 function main
Unwinding loop 1  iteration  36   file diamond_1-2.c line 17 function main
Unwinding loop 1  iteration  37   file diamond_1-2.c line 17 function main
Unwinding loop 1  iteration  38   file diamond_1-2.c line 17 function main
Unwinding loop 1  iteration  39   file diamond_1-2.c line 17 function main
Unwinding loop 1  iteration  40   file diamond_1-2.c line 17 function main
Unwinding loop 1  iteration  41   file diamond_1-2.c line 17 function main
Unwinding loop 1  iteration  42   file diamond_1-2.c line 17 function main
Unwinding loop 1  iteration  43   file diamond_1-2.c line 17 function main
Unwinding loop 1  iteration  44   file diamond_1-2.c line 17 function main
Unwinding loop 1  iteration  45   file diamond_1-2.c line 17 function main
Not unwinding 
Symex completed in: 0.014s (337 assignments)
Slicing time: 0.006s (removed 18 assignments)
Generated 1 VCC(s), 1 remaining after simplification (319 assignments)
No solver specified; defaulting to Boolector
Encoding remaining VCC(s) using bit-vector/floating-point arithmetic
Encoding to solver time: 0.006s
Solving with solver Boolector 3.2.2
Encoding to solver time: 0.006s
Runtime decision procedure: 0.009s
The forward condition is unable to prove the property
*** Checking base case, k = 51
Starting Bounded Model Checking
Unwinding loop 1  iteration  1   file diamond_1-2.c line 17 function main
Unwinding loop 1  iteration  2   file diamond_1-2.c line 17 function main
Unwinding loop 1  iteration  3   file diamond_1-2.c line 17 function main
Unwinding loop 1  iteration  4   file diamond_1-2.c line 17 function main
Unwinding loop 1  iteration  5   file diamond_1-2.c line 17 function main
Unwinding loop 1  iteration  6   file diamond_1-2.c line 17 function main
Unwinding loop 1  iteration  7   file diamond_1-2.c line 17 function main
Unwinding loop 1  iteration  8   file diamond_1-2.c line 17 function main
Unwinding loop 1  iteration  9   file diamond_1-2.c line 17 function main
Unwinding loop 1  iteration  10   file diamond_1-2.c line 17 function main
Unwinding loop 1  iteration  11   file diamond_1-2.c line 17 function main
Unwinding loop 1  iteration  12   file diamond_1-2.c line 17 function main
Unwinding loop 1  iteration  13   file diamond_1-2.c line 17 function main
Unwinding loop 1  iteration  14   file diamond_1-2.c line 17 function main
Unwinding loop 1  iteration  15   file diamond_1-2.c line 17 function main
Unwinding loop 1  iteration  16   file diamond_1-2.c line 17 function main
Unwinding loop 1  iteration  17   file diamond_1-2.c line 17 function main
Unwinding loop 1  iteration  18   file diamond_1-2.c line 17 function main
Unwinding loop 1  iteration  19   file diamond_1-2.c line 17 function main
Unwinding loop 1  iteration  20   file diamond_1-2.c line 17 function main
Unwinding loop 1  iteration  21   file diamond_1-2.c line 17 function main
Unwinding loop 1  iteration  22   file diamond_1-2.c line 17 function main
Unwinding loop 1  iteration  23   file diamond_1-2.c line 17 function main
Unwinding loop 1  iteration  24   file diamond_1-2.c line 17 function main
Unwinding loop 1  iteration  25   file diamond_1-2.c line 17 function main
Unwinding loop 1  iteration  26   file diamond_1-2.c line 17 function main
Unwinding loop 1  iteration  27   file diamond_1-2.c line 17 function main
Unwinding loop 1  iteration  28   file diamond_1-2.c line 17 function main
Unwinding loop 1  iteration  29   file diamond_1-2.c line 17 function main
Unwinding loop 1  iteration  30   file diamond_1-2.c line 17 function main
Unwinding loop 1  iteration  31   file diamond_1-2.c line 17 function main
Unwinding loop 1  iteration  32   file diamond_1-2.c line 17 function main
Unwinding loop 1  iteration  33   file diamond_1-2.c line 17 function main
Unwinding loop 1  iteration  34   file diamond_1-2.c line 17 function main
Unwinding loop 1  iteration  35   file diamond_1-2.c line 17 function main
Unwinding loop 1  iteration  36   file diamond_1-2.c line 17 function main
Unwinding loop 1  iteration  37   file diamond_1-2.c line 17 function main
Unwinding loop 1  iteration  38   file diamond_1-2.c line 17 function main
Unwinding loop 1  iteration  39   file diamond_1-2.c line 17 function main
Unwinding loop 1  iteration  40   file diamond_1-2.c line 17 function main
Unwinding loop 1  iteration  41   file diamond_1-2.c line 17 function main
Unwinding loop 1  iteration  42   file diamond_1-2.c line 17 function main
Unwinding loop 1  iteration  43   file diamond_1-2.c line 17 function main
Unwinding loop 1  iteration  44   file diamond_1-2.c line 17 function main
Unwinding loop 1  iteration  45   file diamond_1-2.c line 17 function main
Unwinding loop 1  iteration  46   file diamond_1-2.c line 17 function main
Unwinding loop 1  iteration  47   file diamond_1-2.c line 17 function main
Unwinding loop 1  iteration  48   file diamond_1-2.c line 17 function main
Unwinding loop 1  iteration  49   file diamond_1-2.c line 17 function main
Unwinding loop 1  iteration  50   file diamond_1-2.c line 17 function main
Not unwinding 
Symex completed in: 0.017s (373 assignments)
Slicing time: 0.007s (removed 18 assignments)
Generated 1 VCC(s), 1 remaining after simplification (355 assignments)
No solver specified; defaulting to Boolector
Encoding remaining VCC(s) using bit-vector/floating-point arithmetic
Encoding to solver time: 0.006s
Solving with solver Boolector 3.2.2
Encoding to solver time: 0.006s
Runtime decision procedure: 0.014s
Building error trace

Counterexample:

State 1 file diamond_1-2.c line 15 function main thread 0
----------------------------------------------------
  y = 4294967295 (11111111 11111111 11111111 11111111)

State 2 file diamond_1-2.c line 21 function main thread 0
----------------------------------------------------
  x = 4 (00000000 00000000 00000000 00000100)

State 3 file diamond_1-2.c line 21 function main thread 0
----------------------------------------------------
  x = 6 (00000000 00000000 00000000 00000110)

State 4 file diamond_1-2.c line 21 function main thread 0
----------------------------------------------------
  x = 8 (00000000 00000000 00000000 00001000)

State 5 file diamond_1-2.c line 21 function main thread 0
----------------------------------------------------
  x = 10 (00000000 00000000 00000000 00001010)

State 6 file diamond_1-2.c line 21 function main thread 0
----------------------------------------------------
  x = 12 (00000000 00000000 00000000 00001100)

State 7 file diamond_1-2.c line 21 function main thread 0
----------------------------------------------------
  x = 14 (00000000 00000000 00000000 00001110)

State 8 file diamond_1-2.c line 21 function main thread 0
----------------------------------------------------
  x = 16 (00000000 00000000 00000000 00010000)

State 9 file diamond_1-2.c line 21 function main thread 0
----------------------------------------------------
  x = 18 (00000000 00000000 00000000 00010010)

State 10 file diamond_1-2.c line 21 function main thread 0
----------------------------------------------------
  x = 20 (00000000 00000000 00000000 00010100)

State 11 file diamond_1-2.c line 21 function main thread 0
----------------------------------------------------
  x = 22 (00000000 00000000 00000000 00010110)

State 12 file diamond_1-2.c line 21 function main thread 0
----------------------------------------------------
  x = 24 (00000000 00000000 00000000 00011000)

State 13 file diamond_1-2.c line 21 function main thread 0
----------------------------------------------------
  x = 26 (00000000 00000000 00000000 00011010)

State 14 file diamond_1-2.c line 21 function main thread 0
----------------------------------------------------
  x = 28 (00000000 00000000 00000000 00011100)

State 15 file diamond_1-2.c line 21 function main thread 0
----------------------------------------------------
  x = 30 (00000000 00000000 00000000 00011110)

State 16 file diamond_1-2.c line 21 function main thread 0
----------------------------------------------------
  x = 32 (00000000 00000000 00000000 00100000)

State 17 file diamond_1-2.c line 21 function main thread 0
----------------------------------------------------
  x = 34 (00000000 00000000 00000000 00100010)

State 18 file diamond_1-2.c line 21 function main thread 0
----------------------------------------------------
  x = 36 (00000000 00000000 00000000 00100100)

State 19 file diamond_1-2.c line 21 function main thread 0
----------------------------------------------------
  x = 38 (00000000 00000000 00000000 00100110)

State 20 file diamond_1-2.c line 21 function main thread 0
----------------------------------------------------
  x = 40 (00000000 00000000 00000000 00101000)

State 21 file diamond_1-2.c line 21 function main thread 0
----------------------------------------------------
  x = 42 (00000000 00000000 00000000 00101010)

State 22 file diamond_1-2.c line 21 function main thread 0
----------------------------------------------------
  x = 44 (00000000 00000000 00000000 00101100)

State 23 file diamond_1-2.c line 21 function main thread 0
----------------------------------------------------
  x = 46 (00000000 00000000 00000000 00101110)

State 24 file diamond_1-2.c line 21 function main thread 0
----------------------------------------------------
  x = 48 (00000000 00000000 00000000 00110000)

State 25 file diamond_1-2.c line 21 function main thread 0
----------------------------------------------------
  x = 50 (00000000 00000000 00000000 00110010)

State 26 file diamond_1-2.c line 21 function main thread 0
----------------------------------------------------
  x = 52 (00000000 00000000 00000000 00110100)

State 27 file diamond_1-2.c line 21 function main thread 0
----------------------------------------------------
  x = 54 (00000000 00000000 00000000 00110110)

State 28 file diamond_1-2.c line 21 function main thread 0
----------------------------------------------------
  x = 56 (00000000 00000000 00000000 00111000)

State 29 file diamond_1-2.c line 21 function main thread 0
----------------------------------------------------
  x = 58 (00000000 00000000 00000000 00111010)

State 30 file diamond_1-2.c line 21 function main thread 0
----------------------------------------------------
  x = 60 (00000000 00000000 00000000 00111100)

State 31 file diamond_1-2.c line 21 function main thread 0
----------------------------------------------------
  x = 62 (00000000 00000000 00000000 00111110)

State 32 file diamond_1-2.c line 21 function main thread 0
----------------------------------------------------
  x = 64 (00000000 00000000 00000000 01000000)

State 33 file diamond_1-2.c line 21 function main thread 0
----------------------------------------------------
  x = 66 (00000000 00000000 00000000 01000010)

State 34 file diamond_1-2.c line 21 function main thread 0
----------------------------------------------------
  x = 68 (00000000 00000000 00000000 01000100)

State 35 file diamond_1-2.c line 21 function main thread 0
----------------------------------------------------
  x = 70 (00000000 00000000 00000000 01000110)

State 36 file diamond_1-2.c line 21 function main thread 0
----------------------------------------------------
  x = 72 (00000000 00000000 00000000 01001000)

State 37 file diamond_1-2.c line 21 function main thread 0
----------------------------------------------------
  x = 74 (00000000 00000000 00000000 01001010)

State 38 file diamond_1-2.c line 21 function main thread 0
----------------------------------------------------
  x = 76 (00000000 00000000 00000000 01001100)

State 39 file diamond_1-2.c line 21 function main thread 0
----------------------------------------------------
  x = 78 (00000000 00000000 00000000 01001110)

State 40 file diamond_1-2.c line 21 function main thread 0
----------------------------------------------------
  x = 80 (00000000 00000000 00000000 01010000)

State 41 file diamond_1-2.c line 21 function main thread 0
----------------------------------------------------
  x = 82 (00000000 00000000 00000000 01010010)

State 42 file diamond_1-2.c line 21 function main thread 0
----------------------------------------------------
  x = 84 (00000000 00000000 00000000 01010100)

State 43 file diamond_1-2.c line 21 function main thread 0
----------------------------------------------------
  x = 86 (00000000 00000000 00000000 01010110)

State 44 file diamond_1-2.c line 21 function main thread 0
----------------------------------------------------
  x = 88 (00000000 00000000 00000000 01011000)

State 45 file diamond_1-2.c line 21 function main thread 0
----------------------------------------------------
  x = 90 (00000000 00000000 00000000 01011010)

State 46 file diamond_1-2.c line 21 function main thread 0
----------------------------------------------------
  x = 92 (00000000 00000000 00000000 01011100)

State 47 file diamond_1-2.c line 21 function main thread 0
----------------------------------------------------
  x = 94 (00000000 00000000 00000000 01011110)

State 48 file diamond_1-2.c line 21 function main thread 0
----------------------------------------------------
  x = 96 (00000000 00000000 00000000 01100000)

State 49 file diamond_1-2.c line 21 function main thread 0
----------------------------------------------------
  x = 98 (00000000 00000000 00000000 01100010)

State 50 file diamond_1-2.c line 21 function main thread 0
----------------------------------------------------
  x = 100 (00000000 00000000 00000000 01100100)

State 51 file diamond_1-2.c line 3 function reach_error thread 0
----------------------------------------------------
Violated property:
  file diamond_1-2.c line 3 function reach_error
  assertion 0
  0


VERIFICATION FAILED

Bug found (k = 51)


FALSE_REACH
