./esbmc-wrapper.py -p ../sv-benchmarks/c/properties/unreach-call.prp -s kinduction --arch 32 ../sv-benchmarks/c/list-simple/dll2n_append_unequal.i


--------------------------------------------------------------------------------


Verifying with ESBMC
Command: ./esbmc --no-div-by-zero-check --force-malloc-success --state-hashing --add-symex-value-sets --no-align-check --k-step 5 --floatbv --unlimited-k-steps ../sv-benchmarks/c/list-simple/dll2n_append_unequal.i --32 --witness-output dll2n_append_unequal.i.graphml --no-pointer-check --no-bounds-check --interval-analysis --goto-unwind --unlimited-goto-unwind --k-induction --max-inductive-step 3 
ESBMC version 6.8.0 64-bit x86_64 linux
Target: 32-bit little-endian x86_64-unknown-linux with esbmc libc
file ../sv-benchmarks/c/list-simple/dll2n_append_unequal.i: Parsing
Converting
Generating GOTO Program
GOTO program creation time: 0.162s
GOTO program processing time: 0.002s
*** Checking base case, k = 1
Starting Bounded Model Checking
Not unwinding 
Symex completed in: 0.002s (38 assignments)
Slicing time: 0.000s (removed 34 assignments)
Generated 0 VCC(s), 0 remaining after simplification (4 assignments)
BMC program time: 0.002s
No bug has been found in the base case
*** Checking forward condition, k = 1
Starting Bounded Model Checking
Not unwinding 
Symex completed in: 0.002s (38 assignments)
Slicing time: 0.000s (removed 34 assignments)
Generated 1 VCC(s), 1 remaining after simplification (4 assignments)
No solver specified; defaulting to Boolector
Encoding remaining VCC(s) using bit-vector/floating-point arithmetic
Encoding to solver time: 0.001s
Solving with solver Boolector 3.2.2
Encoding to solver time: 0.001s
Runtime decision procedure: 0.016s
The forward condition is unable to prove the property
*** Checking base case, k = 6
Starting Bounded Model Checking
Unwinding loop 2  iteration  1   file dll2n_append_unequal.i line 587 function dll_create
Unwinding loop 2  iteration  2   file dll2n_append_unequal.i line 587 function dll_create
Unwinding loop 4  iteration  1   file dll2n_append_unequal.i line 612 function dll_append
Unwinding loop 4  iteration  2   file dll2n_append_unequal.i line 612 function dll_append
Unwinding loop 4  iteration  3   file dll2n_append_unequal.i line 612 function dll_append
Unwinding loop 4  iteration  4   file dll2n_append_unequal.i line 612 function dll_append
Unwinding loop 4  iteration  5   file dll2n_append_unequal.i line 612 function dll_append
Not unwinding 
Unwinding loop 5  iteration  1   file dll2n_append_unequal.i line 628 function main
Unwinding loop 5  iteration  2   file dll2n_append_unequal.i line 628 function main
Unwinding loop 5  iteration  3   file dll2n_append_unequal.i line 628 function main
Unwinding loop 5  iteration  4   file dll2n_append_unequal.i line 628 function main
Unwinding loop 5  iteration  5   file dll2n_append_unequal.i line 628 function main
Not unwinding 
Unwinding loop 3  iteration  1   file dll2n_append_unequal.i line 600 function dll_destroy
Unwinding loop 3  iteration  2   file dll2n_append_unequal.i line 600 function dll_destroy
Unwinding loop 3  iteration  3   file dll2n_append_unequal.i line 600 function dll_destroy
Unwinding loop 3  iteration  4   file dll2n_append_unequal.i line 600 function dll_destroy
Unwinding loop 3  iteration  5   file dll2n_append_unequal.i line 600 function dll_destroy
Not unwinding 
Symex completed in: 0.017s (239 assignments)
Slicing time: 0.002s (removed 135 assignments)
Generated 1 VCC(s), 1 remaining after simplification (104 assignments)
No solver specified; defaulting to Boolector
Encoding remaining VCC(s) using bit-vector/floating-point arithmetic
Encoding to solver time: 0.003s
Solving with solver Boolector 3.2.2
Encoding to solver time: 0.003s
Runtime decision procedure: 0.001s
BMC program time: 0.024s
No bug has been found in the base case
*** Checking forward condition, k = 6
Starting Bounded Model Checking
Unwinding loop 2  iteration  1   file dll2n_append_unequal.i line 587 function dll_create
Unwinding loop 2  iteration  2   file dll2n_append_unequal.i line 587 function dll_create
Unwinding loop 4  iteration  1   file dll2n_append_unequal.i line 612 function dll_append
Unwinding loop 4  iteration  2   file dll2n_append_unequal.i line 612 function dll_append
Unwinding loop 4  iteration  3   file dll2n_append_unequal.i line 612 function dll_append
Unwinding loop 4  iteration  4   file dll2n_append_unequal.i line 612 function dll_append
Unwinding loop 4  iteration  5   file dll2n_append_unequal.i line 612 function dll_append
Not unwinding 
Unwinding loop 5  iteration  1   file dll2n_append_unequal.i line 628 function main
Unwinding loop 5  iteration  2   file dll2n_append_unequal.i line 628 function main
Unwinding loop 5  iteration  3   file dll2n_append_unequal.i line 628 function main
Unwinding loop 5  iteration  4   file dll2n_append_unequal.i line 628 function main
Unwinding loop 5  iteration  5   file dll2n_append_unequal.i line 628 function main
Not unwinding 
Unwinding loop 3  iteration  1   file dll2n_append_unequal.i line 600 function dll_destroy
Unwinding loop 3  iteration  2   file dll2n_append_unequal.i line 600 function dll_destroy
Unwinding loop 3  iteration  3   file dll2n_append_unequal.i line 600 function dll_destroy
Unwinding loop 3  iteration  4   file dll2n_append_unequal.i line 600 function dll_destroy
Unwinding loop 3  iteration  5   file dll2n_append_unequal.i line 600 function dll_destroy
Not unwinding 
Symex completed in: 0.018s (238 assignments)
Slicing time: 0.002s (removed 135 assignments)
Generated 3 VCC(s), 3 remaining after simplification (103 assignments)
No solver specified; defaulting to Boolector
Encoding remaining VCC(s) using bit-vector/floating-point arithmetic
Encoding to solver time: 0.003s
Solving with solver Boolector 3.2.2
Encoding to solver time: 0.003s
Runtime decision procedure: 0.000s
BMC program time: 0.024s
Building successful trace

VERIFICATION SUCCESSFUL

Solution found by the forward condition; all states are reachable (k = 6


TRUE
