./esbmc-wrapper.py -p ../sv-benchmarks/c/properties/unreach-call.prp -s kinduction --arch 32 ../sv-benchmarks/c/array-fpi/eqn1f.c


--------------------------------------------------------------------------------


Verifying with ESBMC
Command: ./esbmc --no-div-by-zero-check --force-malloc-success --state-hashing --add-symex-value-sets --no-align-check --k-step 5 --floatbv --unlimited-k-steps ../sv-benchmarks/c/array-fpi/eqn1f.c --32 --witness-output eqn1f.c.graphml --no-pointer-check --no-bounds-check --interval-analysis --goto-unwind --unlimited-goto-unwind --k-induction --max-inductive-step 3 
ESBMC version 6.8.0 64-bit x86_64 linux
Target: 32-bit little-endian x86_64-unknown-linux with esbmc libc
file ../sv-benchmarks/c/array-fpi/eqn1f.c: Parsing
Converting
Generating GOTO Program
GOTO program creation time: 0.084s
GOTO program processing time: 0.001s
*** Checking base case, k = 1
Starting Bounded Model Checking
Not unwinding 
Not unwinding 
Not unwinding 
Symex completed in: 0.077s (85 assignments)
Slicing time: 0.000s (removed 60 assignments)
Generated 1 VCC(s), 1 remaining after simplification (25 assignments)
No solver specified; defaulting to Boolector
Encoding remaining VCC(s) using bit-vector/floating-point arithmetic
Encoding to solver time: 0.000s
Solving with solver Boolector 3.2.2
Encoding to solver time: 0.000s
Runtime decision procedure: 0.000s
BMC program time: 0.078s
No bug has been found in the base case
*** Checking forward condition, k = 1
Starting Bounded Model Checking
Not unwinding 
Not unwinding 
Not unwinding 
Symex completed in: 0.019s (84 assignments)
Slicing time: 0.000s (removed 60 assignments)
Generated 3 VCC(s), 3 remaining after simplification (24 assignments)
No solver specified; defaulting to Boolector
Encoding remaining VCC(s) using bit-vector/floating-point arithmetic
Encoding to solver time: 0.001s
Solving with solver Boolector 3.2.2
Encoding to solver time: 0.001s
Runtime decision procedure: 0.001s
The forward condition is unable to prove the property
*** Checking base case, k = 6
Starting Bounded Model Checking
Unwinding loop 1  iteration  1   file eqn1f.c line 33 function main
Unwinding loop 1  iteration  2   file eqn1f.c line 33 function main
Unwinding loop 1  iteration  3   file eqn1f.c line 33 function main
Unwinding loop 1  iteration  4   file eqn1f.c line 33 function main
Unwinding loop 1  iteration  5   file eqn1f.c line 33 function main
Not unwinding 
Unwinding loop 2  iteration  1   file eqn1f.c line 38 function main
Unwinding loop 2  iteration  2   file eqn1f.c line 38 function main
Unwinding loop 2  iteration  3   file eqn1f.c line 38 function main
Unwinding loop 2  iteration  4   file eqn1f.c line 38 function main
Unwinding loop 2  iteration  5   file eqn1f.c line 38 function main
Not unwinding 
Unwinding loop 3  iteration  1   file eqn1f.c line 43 function main
Unwinding loop 3  iteration  2   file eqn1f.c line 43 function main
Unwinding loop 3  iteration  3   file eqn1f.c line 43 function main
Unwinding loop 3  iteration  4   file eqn1f.c line 43 function main
Unwinding loop 3  iteration  5   file eqn1f.c line 43 function main
Not unwinding 
Symex completed in: 0.109s (240 assignments)
Slicing time: 0.002s (removed 81 assignments)
Generated 6 VCC(s), 6 remaining after simplification (159 assignments)
No solver specified; defaulting to Boolector
Encoding remaining VCC(s) using bit-vector/floating-point arithmetic
Encoding to solver time: 0.004s
Solving with solver Boolector 3.2.2
Encoding to solver time: 0.004s
Runtime decision procedure: 0.255s
Building error trace

Counterexample:

State 1 file eqn1f.c line 23 function main thread 0
----------------------------------------------------
  N = 6 (00000000 00000000 00000000 00000110)

State 2 file eqn1f.c line 31 function main thread 0
----------------------------------------------------
  *(a + 0) = 2 (00000000 00000000 00000000 00000000 00000000 00000000 00000000 00000010)

State 3 file eqn1f.c line 31 function main thread 0
----------------------------------------------------
  *(a + 0) = 2 (00000000 00000000 00000000 00000000 00000000 00000000 00000000 00000010)

State 4 file eqn1f.c line 31 function main thread 0
----------------------------------------------------
  *(a + 0) = 2 (00000000 00000000 00000000 00000000 00000000 00000000 00000000 00000010)

State 5 file eqn1f.c line 31 function main thread 0
----------------------------------------------------
  *(a + 0) = 2 (00000000 00000000 00000000 00000000 00000000 00000000 00000000 00000010)

State 6 file eqn1f.c line 31 function main thread 0
----------------------------------------------------
  *(a + 0) = 2 (00000000 00000000 00000000 00000000 00000000 00000000 00000000 00000010)

State 7 file eqn1f.c line 31 function main thread 0
----------------------------------------------------
  *(a + 0) = 2 (00000000 00000000 00000000 00000000 00000000 00000000 00000000 00000010)

State 8 file eqn1f.c line 31 function main thread 0
----------------------------------------------------
  *(a + 0) = 2 (00000000 00000000 00000000 00000000 00000000 00000000 00000000 00000010)

State 9 file eqn1f.c line 31 function main thread 0
----------------------------------------------------
  *(a + 0) = 2 (00000000 00000000 00000000 00000000 00000000 00000000 00000000 00000010)

State 10 file eqn1f.c line 32 function main thread 0
----------------------------------------------------
  *(b + 0) = 1 (00000000 00000000 00000000 00000000 00000000 00000000 00000000 00000001)

State 11 file eqn1f.c line 32 function main thread 0
----------------------------------------------------
  *(b + 0) = 1 (00000000 00000000 00000000 00000000 00000000 00000000 00000000 00000001)

State 12 file eqn1f.c line 32 function main thread 0
----------------------------------------------------
  *(b + 0) = 1 (00000000 00000000 00000000 00000000 00000000 00000000 00000000 00000001)

State 13 file eqn1f.c line 32 function main thread 0
----------------------------------------------------
  *(b + 0) = 1 (00000000 00000000 00000000 00000000 00000000 00000000 00000000 00000001)

State 14 file eqn1f.c line 32 function main thread 0
----------------------------------------------------
  *(b + 0) = 1 (00000000 00000000 00000000 00000000 00000000 00000000 00000000 00000001)

State 15 file eqn1f.c line 32 function main thread 0
----------------------------------------------------
  *(b + 0) = 1 (00000000 00000000 00000000 00000000 00000000 00000000 00000000 00000001)

State 16 file eqn1f.c line 32 function main thread 0
----------------------------------------------------
  *(b + 0) = 1 (00000000 00000000 00000000 00000000 00000000 00000000 00000000 00000001)

State 17 file eqn1f.c line 32 function main thread 0
----------------------------------------------------
  *(b + 0) = 1 (00000000 00000000 00000000 00000000 00000000 00000000 00000000 00000001)

State 18 file eqn1f.c line 35 function main thread 0
----------------------------------------------------
  *(a + i) = 22 (00000000 00000000 00000000 00000000 00000000 00000000 00000000 00010110)

State 19 file eqn1f.c line 35 function main thread 0
----------------------------------------------------
  *(a + i) = 22 (00000000 00000000 00000000 00000000 00000000 00000000 00000000 00010110)

State 20 file eqn1f.c line 35 function main thread 0
----------------------------------------------------
  *(a + i) = 22 (00000000 00000000 00000000 00000000 00000000 00000000 00000000 00010110)

State 21 file eqn1f.c line 35 function main thread 0
----------------------------------------------------
  *(a + i) = 22 (00000000 00000000 00000000 00000000 00000000 00000000 00000000 00010110)

State 22 file eqn1f.c line 35 function main thread 0
----------------------------------------------------
  *(a + i) = 22 (00000000 00000000 00000000 00000000 00000000 00000000 00000000 00010110)

State 23 file eqn1f.c line 35 function main thread 0
----------------------------------------------------
  *(a + i) = 22 (00000000 00000000 00000000 00000000 00000000 00000000 00000000 00010110)

State 24 file eqn1f.c line 35 function main thread 0
----------------------------------------------------
  *(a + i) = 22 (00000000 00000000 00000000 00000000 00000000 00000000 00000000 00010110)

State 25 file eqn1f.c line 35 function main thread 0
----------------------------------------------------
  *(a + i) = 22 (00000000 00000000 00000000 00000000 00000000 00000000 00000000 00010110)

State 26 file eqn1f.c line 35 function main thread 0
----------------------------------------------------
  *(a + i) = 42 (00000000 00000000 00000000 00000000 00000000 00000000 00000000 00101010)

State 27 file eqn1f.c line 35 function main thread 0
----------------------------------------------------
  *(a + i) = 42 (00000000 00000000 00000000 00000000 00000000 00000000 00000000 00101010)

State 28 file eqn1f.c line 35 function main thread 0
----------------------------------------------------
  *(a + i) = 42 (00000000 00000000 00000000 00000000 00000000 00000000 00000000 00101010)

State 29 file eqn1f.c line 35 function main thread 0
----------------------------------------------------
  *(a + i) = 42 (00000000 00000000 00000000 00000000 00000000 00000000 00000000 00101010)

State 30 file eqn1f.c line 35 function main thread 0
----------------------------------------------------
  *(a + i) = 42 (00000000 00000000 00000000 00000000 00000000 00000000 00000000 00101010)

State 31 file eqn1f.c line 35 function main thread 0
----------------------------------------------------
  *(a + i) = 42 (00000000 00000000 00000000 00000000 00000000 00000000 00000000 00101010)

State 32 file eqn1f.c line 35 function main thread 0
----------------------------------------------------
  *(a + i) = 42 (00000000 00000000 00000000 00000000 00000000 00000000 00000000 00101010)

State 33 file eqn1f.c line 35 function main thread 0
----------------------------------------------------
  *(a + i) = 42 (00000000 00000000 00000000 00000000 00000000 00000000 00000000 00101010)

State 34 file eqn1f.c line 35 function main thread 0
----------------------------------------------------
  *(a + i) = 62 (00000000 00000000 00000000 00000000 00000000 00000000 00000000 00111110)

State 35 file eqn1f.c line 35 function main thread 0
----------------------------------------------------
  *(a + i) = 62 (00000000 00000000 00000000 00000000 00000000 00000000 00000000 00111110)

State 36 file eqn1f.c line 35 function main thread 0
----------------------------------------------------
  *(a + i) = 62 (00000000 00000000 00000000 00000000 00000000 00000000 00000000 00111110)

State 37 file eqn1f.c line 35 function main thread 0
----------------------------------------------------
  *(a + i) = 62 (00000000 00000000 00000000 00000000 00000000 00000000 00000000 00111110)

State 38 file eqn1f.c line 35 function main thread 0
----------------------------------------------------
  *(a + i) = 62 (00000000 00000000 00000000 00000000 00000000 00000000 00000000 00111110)

State 39 file eqn1f.c line 35 function main thread 0
----------------------------------------------------
  *(a + i) = 62 (00000000 00000000 00000000 00000000 00000000 00000000 00000000 00111110)

State 40 file eqn1f.c line 35 function main thread 0
----------------------------------------------------
  *(a + i) = 62 (00000000 00000000 00000000 00000000 00000000 00000000 00000000 00111110)

State 41 file eqn1f.c line 35 function main thread 0
----------------------------------------------------
  *(a + i) = 62 (00000000 00000000 00000000 00000000 00000000 00000000 00000000 00111110)

State 42 file eqn1f.c line 35 function main thread 0
----------------------------------------------------
  *(a + i) = 82 (00000000 00000000 00000000 00000000 00000000 00000000 00000000 01010010)

State 43 file eqn1f.c line 35 function main thread 0
----------------------------------------------------
  *(a + i) = 82 (00000000 00000000 00000000 00000000 00000000 00000000 00000000 01010010)

State 44 file eqn1f.c line 35 function main thread 0
----------------------------------------------------
  *(a + i) = 82 (00000000 00000000 00000000 00000000 00000000 00000000 00000000 01010010)

State 45 file eqn1f.c line 35 function main thread 0
----------------------------------------------------
  *(a + i) = 82 (00000000 00000000 00000000 00000000 00000000 00000000 00000000 01010010)

State 46 file eqn1f.c line 35 function main thread 0
----------------------------------------------------
  *(a + i) = 82 (00000000 00000000 00000000 00000000 00000000 00000000 00000000 01010010)

State 47 file eqn1f.c line 35 function main thread 0
----------------------------------------------------
  *(a + i) = 82 (00000000 00000000 00000000 00000000 00000000 00000000 00000000 01010010)

State 48 file eqn1f.c line 35 function main thread 0
----------------------------------------------------
  *(a + i) = 82 (00000000 00000000 00000000 00000000 00000000 00000000 00000000 01010010)

State 49 file eqn1f.c line 35 function main thread 0
----------------------------------------------------
  *(a + i) = 82 (00000000 00000000 00000000 00000000 00000000 00000000 00000000 01010010)

State 50 file eqn1f.c line 35 function main thread 0
----------------------------------------------------
  *(a + i) = 102 (00000000 00000000 00000000 00000000 00000000 00000000 00000000 01100110)

State 51 file eqn1f.c line 35 function main thread 0
----------------------------------------------------
  *(a + i) = 102 (00000000 00000000 00000000 00000000 00000000 00000000 00000000 01100110)

State 52 file eqn1f.c line 35 function main thread 0
----------------------------------------------------
  *(a + i) = 102 (00000000 00000000 00000000 00000000 00000000 00000000 00000000 01100110)

State 53 file eqn1f.c line 35 function main thread 0
----------------------------------------------------
  *(a + i) = 102 (00000000 00000000 00000000 00000000 00000000 00000000 00000000 01100110)

State 54 file eqn1f.c line 35 function main thread 0
----------------------------------------------------
  *(a + i) = 102 (00000000 00000000 00000000 00000000 00000000 00000000 00000000 01100110)

State 55 file eqn1f.c line 35 function main thread 0
----------------------------------------------------
  *(a + i) = 102 (00000000 00000000 00000000 00000000 00000000 00000000 00000000 01100110)

State 56 file eqn1f.c line 35 function main thread 0
----------------------------------------------------
  *(a + i) = 102 (00000000 00000000 00000000 00000000 00000000 00000000 00000000 01100110)

State 57 file eqn1f.c line 35 function main thread 0
----------------------------------------------------
  *(a + i) = 102 (00000000 00000000 00000000 00000000 00000000 00000000 00000000 01100110)

State 58 file eqn1f.c line 40 function main thread 0
----------------------------------------------------
  *(b + i) = 3 (00000000 00000000 00000000 00000000 00000000 00000000 00000000 00000011)

State 59 file eqn1f.c line 40 function main thread 0
----------------------------------------------------
  *(b + i) = 3 (00000000 00000000 00000000 00000000 00000000 00000000 00000000 00000011)

State 60 file eqn1f.c line 40 function main thread 0
----------------------------------------------------
  *(b + i) = 3 (00000000 00000000 00000000 00000000 00000000 00000000 00000000 00000011)

State 61 file eqn1f.c line 40 function main thread 0
----------------------------------------------------
  *(b + i) = 3 (00000000 00000000 00000000 00000000 00000000 00000000 00000000 00000011)

State 62 file eqn1f.c line 40 function main thread 0
----------------------------------------------------
  *(b + i) = 3 (00000000 00000000 00000000 00000000 00000000 00000000 00000000 00000011)

State 63 file eqn1f.c line 40 function main thread 0
----------------------------------------------------
  *(b + i) = 3 (00000000 00000000 00000000 00000000 00000000 00000000 00000000 00000011)

State 64 file eqn1f.c line 40 function main thread 0
----------------------------------------------------
  *(b + i) = 3 (00000000 00000000 00000000 00000000 00000000 00000000 00000000 00000011)

State 65 file eqn1f.c line 40 function main thread 0
----------------------------------------------------
  *(b + i) = 3 (00000000 00000000 00000000 00000000 00000000 00000000 00000000 00000011)

State 66 file eqn1f.c line 40 function main thread 0
----------------------------------------------------
  *(b + i) = 25 (00000000 00000000 00000000 00000000 00000000 00000000 00000000 00011001)

State 67 file eqn1f.c line 40 function main thread 0
----------------------------------------------------
  *(b + i) = 25 (00000000 00000000 00000000 00000000 00000000 00000000 00000000 00011001)

State 68 file eqn1f.c line 40 function main thread 0
----------------------------------------------------
  *(b + i) = 25 (00000000 00000000 00000000 00000000 00000000 00000000 00000000 00011001)

State 69 file eqn1f.c line 40 function main thread 0
----------------------------------------------------
  *(b + i) = 25 (00000000 00000000 00000000 00000000 00000000 00000000 00000000 00011001)

State 70 file eqn1f.c line 40 function main thread 0
----------------------------------------------------
  *(b + i) = 25 (00000000 00000000 00000000 00000000 00000000 00000000 00000000 00011001)

State 71 file eqn1f.c line 40 function main thread 0
----------------------------------------------------
  *(b + i) = 25 (00000000 00000000 00000000 00000000 00000000 00000000 00000000 00011001)

State 72 file eqn1f.c line 40 function main thread 0
----------------------------------------------------
  *(b + i) = 25 (00000000 00000000 00000000 00000000 00000000 00000000 00000000 00011001)

State 73 file eqn1f.c line 40 function main thread 0
----------------------------------------------------
  *(b + i) = 25 (00000000 00000000 00000000 00000000 00000000 00000000 00000000 00011001)

State 74 file eqn1f.c line 40 function main thread 0
----------------------------------------------------
  *(b + i) = 67 (00000000 00000000 00000000 00000000 00000000 00000000 00000000 01000011)

State 75 file eqn1f.c line 40 function main thread 0
----------------------------------------------------
  *(b + i) = 67 (00000000 00000000 00000000 00000000 00000000 00000000 00000000 01000011)

State 76 file eqn1f.c line 40 function main thread 0
----------------------------------------------------
  *(b + i) = 67 (00000000 00000000 00000000 00000000 00000000 00000000 00000000 01000011)

State 77 file eqn1f.c line 40 function main thread 0
----------------------------------------------------
  *(b + i) = 67 (00000000 00000000 00000000 00000000 00000000 00000000 00000000 01000011)

State 78 file eqn1f.c line 40 function main thread 0
----------------------------------------------------
  *(b + i) = 67 (00000000 00000000 00000000 00000000 00000000 00000000 00000000 01000011)

State 79 file eqn1f.c line 40 function main thread 0
----------------------------------------------------
  *(b + i) = 67 (00000000 00000000 00000000 00000000 00000000 00000000 00000000 01000011)

State 80 file eqn1f.c line 40 function main thread 0
----------------------------------------------------
  *(b + i) = 67 (00000000 00000000 00000000 00000000 00000000 00000000 00000000 01000011)

State 81 file eqn1f.c line 40 function main thread 0
----------------------------------------------------
  *(b + i) = 67 (00000000 00000000 00000000 00000000 00000000 00000000 00000000 01000011)

State 82 file eqn1f.c line 40 function main thread 0
----------------------------------------------------
  *(b + i) = 129 (00000000 00000000 00000000 00000000 00000000 00000000 00000000 10000001)

State 83 file eqn1f.c line 40 function main thread 0
----------------------------------------------------
  *(b + i) = 129 (00000000 00000000 00000000 00000000 00000000 00000000 00000000 10000001)

State 84 file eqn1f.c line 40 function main thread 0
----------------------------------------------------
  *(b + i) = 129 (00000000 00000000 00000000 00000000 00000000 00000000 00000000 10000001)

State 85 file eqn1f.c line 40 function main thread 0
----------------------------------------------------
  *(b + i) = 129 (00000000 00000000 00000000 00000000 00000000 00000000 00000000 10000001)

State 86 file eqn1f.c line 40 function main thread 0
----------------------------------------------------
  *(b + i) = 129 (00000000 00000000 00000000 00000000 00000000 00000000 00000000 10000001)

State 87 file eqn1f.c line 40 function main thread 0
----------------------------------------------------
  *(b + i) = 129 (00000000 00000000 00000000 00000000 00000000 00000000 00000000 10000001)

State 88 file eqn1f.c line 40 function main thread 0
----------------------------------------------------
  *(b + i) = 129 (00000000 00000000 00000000 00000000 00000000 00000000 00000000 10000001)

State 89 file eqn1f.c line 40 function main thread 0
----------------------------------------------------
  *(b + i) = 129 (00000000 00000000 00000000 00000000 00000000 00000000 00000000 10000001)

State 90 file eqn1f.c line 40 function main thread 0
----------------------------------------------------
  *(b + i) = 18446744073709551571 (11111111 11111111 11111111 11111111 11111111 11111111 11111111 11010011)

State 91 file eqn1f.c line 40 function main thread 0
----------------------------------------------------
  *(b + i) = 18446744073709551571 (11111111 11111111 11111111 11111111 11111111 11111111 11111111 11010011)

State 92 file eqn1f.c line 40 function main thread 0
----------------------------------------------------
  *(b + i) = 18446744073709551571 (11111111 11111111 11111111 11111111 11111111 11111111 11111111 11010011)

State 93 file eqn1f.c line 40 function main thread 0
----------------------------------------------------
  *(b + i) = 18446744073709551571 (11111111 11111111 11111111 11111111 11111111 11111111 11111111 11010011)

State 94 file eqn1f.c line 40 function main thread 0
----------------------------------------------------
  *(b + i) = 18446744073709551571 (11111111 11111111 11111111 11111111 11111111 11111111 11111111 11010011)

State 95 file eqn1f.c line 40 function main thread 0
----------------------------------------------------
  *(b + i) = 18446744073709551571 (11111111 11111111 11111111 11111111 11111111 11111111 11111111 11010011)

State 96 file eqn1f.c line 40 function main thread 0
----------------------------------------------------
  *(b + i) = 18446744073709551571 (11111111 11111111 11111111 11111111 11111111 11111111 11111111 11010011)

State 97 file eqn1f.c line 40 function main thread 0
----------------------------------------------------
  *(b + i) = 18446744073709551571 (11111111 11111111 11111111 11111111 11111111 11111111 11111111 11010011)

State 98 file eqn1f.c line 10 function reach_error thread 0
----------------------------------------------------
Violated property:
  file eqn1f.c line 10 function reach_error
  assertion 0
  0


VERIFICATION FAILED

Bug found (k = 6)


FALSE_REACH
