./esbmc-wrapper.py -p ../sv-benchmarks/c/properties/unreach-call.prp -s kinduction --arch 32 ../sv-benchmarks/c/nla-digbench-scaling/cohencu-ll_valuebound2.c


--------------------------------------------------------------------------------


Verifying with ESBMC
Command: ./esbmc --no-div-by-zero-check --force-malloc-success --state-hashing --add-symex-value-sets --no-align-check --k-step 5 --floatbv --unlimited-k-steps ../sv-benchmarks/c/nla-digbench-scaling/cohencu-ll_valuebound2.c --32 --witness-output cohencu-ll_valuebound2.c.graphml --no-pointer-check --no-bounds-check --interval-analysis --goto-unwind --unlimited-goto-unwind --k-induction --max-inductive-step 3 
ESBMC version 6.8.0 64-bit x86_64 linux
Target: 32-bit little-endian x86_64-unknown-linux with esbmc libc
file ../sv-benchmarks/c/nla-digbench-scaling/cohencu-ll_valuebound2.c: Parsing
Converting
Generating GOTO Program
GOTO program creation time: 0.088s
GOTO program processing time: 0.001s
*** Checking base case, k = 1
Starting Bounded Model Checking
Not unwinding 
Symex completed in: 0.001s (42 assignments)
Slicing time: 0.000s (removed 31 assignments)
Generated 1 VCC(s), 1 remaining after simplification (11 assignments)
No solver specified; defaulting to Boolector
Encoding remaining VCC(s) using bit-vector/floating-point arithmetic
Encoding to solver time: 0.000s
Solving with solver Boolector 3.2.2
Encoding to solver time: 0.000s
Runtime decision procedure: 0.000s
BMC program time: 0.002s
No bug has been found in the base case
*** Checking forward condition, k = 1
Starting Bounded Model Checking
Not unwinding 
Symex completed in: 0.001s (41 assignments)
Slicing time: 0.000s (removed 33 assignments)
Generated 1 VCC(s), 1 remaining after simplification (8 assignments)
No solver specified; defaulting to Boolector
Encoding remaining VCC(s) using bit-vector/floating-point arithmetic
Encoding to solver time: 0.000s
Solving with solver Boolector 3.2.2
Encoding to solver time: 0.000s
Runtime decision procedure: 0.001s
The forward condition is unable to prove the property
*** Checking base case, k = 6
Starting Bounded Model Checking
Unwinding loop 1  iteration  1   file cohencu-ll_valuebound2.c line 33 function main
Unwinding loop 1  iteration  2   file cohencu-ll_valuebound2.c line 33 function main
Unwinding loop 1  iteration  3   file cohencu-ll_valuebound2.c line 33 function main
Unwinding loop 1  iteration  4   file cohencu-ll_valuebound2.c line 33 function main
Unwinding loop 1  iteration  5   file cohencu-ll_valuebound2.c line 33 function main
Not unwinding 
Symex completed in: 0.004s (122 assignments)
Slicing time: 0.001s (removed 71 assignments)
Generated 6 VCC(s), 6 remaining after simplification (51 assignments)
No solver specified; defaulting to Boolector
Encoding remaining VCC(s) using bit-vector/floating-point arithmetic
Encoding to solver time: 0.001s
Solving with solver Boolector 3.2.2
Encoding to solver time: 0.001s
Runtime decision procedure: 0.018s
BMC program time: 0.024s
No bug has been found in the base case
*** Checking forward condition, k = 6
Starting Bounded Model Checking
Unwinding loop 1  iteration  1   file cohencu-ll_valuebound2.c line 33 function main
Unwinding loop 1  iteration  2   file cohencu-ll_valuebound2.c line 33 function main
Unwinding loop 1  iteration  3   file cohencu-ll_valuebound2.c line 33 function main
Unwinding loop 1  iteration  4   file cohencu-ll_valuebound2.c line 33 function main
Unwinding loop 1  iteration  5   file cohencu-ll_valuebound2.c line 33 function main
Not unwinding 
Symex completed in: 0.004s (116 assignments)
Slicing time: 0.001s (removed 103 assignments)
Generated 1 VCC(s), 1 remaining after simplification (13 assignments)
No solver specified; defaulting to Boolector
Encoding remaining VCC(s) using bit-vector/floating-point arithmetic
Encoding to solver time: 0.000s
Solving with solver Boolector 3.2.2
Encoding to solver time: 0.000s
Runtime decision procedure: 0.001s
BMC program time: 0.006s
Building successful trace

VERIFICATION SUCCESSFUL

Solution found by the forward condition; all states are reachable (k = 6


TRUE
