./esbmc-wrapper.py -p ../sv-benchmarks/c/properties/unreach-call.prp -s kinduction --arch 64 ../sv-benchmarks/c/aws-c-common/aws_string_destroy_secure_harness.i


--------------------------------------------------------------------------------


Verifying with ESBMC
Command: ./esbmc --no-div-by-zero-check --force-malloc-success --state-hashing --add-symex-value-sets --no-align-check --k-step 5 --floatbv --unlimited-k-steps ../sv-benchmarks/c/aws-c-common/aws_string_destroy_secure_harness.i --64 --witness-output aws_string_destroy_secure_harness.i.graphml --no-pointer-check --no-bounds-check --interval-analysis --goto-unwind --unlimited-goto-unwind --k-induction --max-inductive-step 3 
ESBMC version 6.8.0 64-bit x86_64 linux
Target: 64-bit little-endian x86_64-unknown-linux with esbmc libc
file ../sv-benchmarks/c/aws-c-common/aws_string_destroy_secure_harness.i: Parsing
Converting
Generating GOTO Program
GOTO program creation time: 0.615s
GOTO program processing time: 0.035s
*** Checking base case, k = 1
Starting Bounded Model Checking
Not unwinding 
Symex completed in: 0.121s (139 assignments)
Slicing time: 0.001s (removed 69 assignments)
Generated 1 VCC(s), 1 remaining after simplification (70 assignments)
No solver specified; defaulting to Boolector
Encoding remaining VCC(s) using bit-vector/floating-point arithmetic
Encoding to solver time: 0.003s
Solving with solver Boolector 3.2.2
Encoding to solver time: 0.003s
Runtime decision procedure: 0.490s
BMC program time: 0.616s
No bug has been found in the base case
*** Checking forward condition, k = 1
Starting Bounded Model Checking
Not unwinding 
Symex completed in: 0.021s (138 assignments)
Slicing time: 0.001s (removed 69 assignments)
Generated 1 VCC(s), 1 remaining after simplification (69 assignments)
No solver specified; defaulting to Boolector
Encoding remaining VCC(s) using bit-vector/floating-point arithmetic
Encoding to solver time: 0.004s
Solving with solver Boolector 3.2.2
Encoding to solver time: 0.004s
Runtime decision procedure: 0.478s
The forward condition is unable to prove the property
*** Checking base case, k = 6
Starting Bounded Model Checking
Unwinding loop 39  iteration  1   file string.c line 272 function __memset_impl
Unwinding loop 39  iteration  2   file string.c line 272 function __memset_impl
Unwinding loop 39  iteration  3   file string.c line 272 function __memset_impl
Unwinding loop 39  iteration  4   file string.c line 272 function __memset_impl
Unwinding loop 39  iteration  5   file string.c line 272 function __memset_impl
Not unwinding 
Symex completed in: 0.026s (169 assignments)
Slicing time: 0.001s (removed 79 assignments)
Generated 1 VCC(s), 1 remaining after simplification (90 assignments)
No solver specified; defaulting to Boolector
Encoding remaining VCC(s) using bit-vector/floating-point arithmetic
Encoding to solver time: 0.005s
Solving with solver Boolector 3.2.2
Encoding to solver time: 0.005s
Runtime decision procedure: 0.527s
BMC program time: 0.559s
No bug has been found in the base case
*** Checking forward condition, k = 6
Starting Bounded Model Checking
Unwinding loop 39  iteration  1   file string.c line 272 function __memset_impl
Unwinding loop 39  iteration  2   file string.c line 272 function __memset_impl
Unwinding loop 39  iteration  3   file string.c line 272 function __memset_impl
Unwinding loop 39  iteration  4   file string.c line 272 function __memset_impl
Unwinding loop 39  iteration  5   file string.c line 272 function __memset_impl
Not unwinding 
Symex completed in: 0.026s (168 assignments)
Slicing time: 0.000s (removed 79 assignments)
Generated 1 VCC(s), 1 remaining after simplification (89 assignments)
No solver specified; defaulting to Boolector
Encoding remaining VCC(s) using bit-vector/floating-point arithmetic
Encoding to solver time: 0.004s
Solving with solver Boolector 3.2.2
Encoding to solver time: 0.004s
Runtime decision procedure: 0.465s
The forward condition is unable to prove the property
*** Checking base case, k = 11
Starting Bounded Model Checking
Unwinding loop 39  iteration  1   file string.c line 272 function __memset_impl
Unwinding loop 39  iteration  2   file string.c line 272 function __memset_impl
Unwinding loop 39  iteration  3   file string.c line 272 function __memset_impl
Unwinding loop 39  iteration  4   file string.c line 272 function __memset_impl
Unwinding loop 39  iteration  5   file string.c line 272 function __memset_impl
Unwinding loop 39  iteration  6   file string.c line 272 function __memset_impl
Unwinding loop 39  iteration  7   file string.c line 272 function __memset_impl
Unwinding loop 39  iteration  8   file string.c line 272 function __memset_impl
Unwinding loop 39  iteration  9   file string.c line 272 function __memset_impl
Unwinding loop 39  iteration  10   file string.c line 272 function __memset_impl
Not unwinding 
Symex completed in: 0.029s (199 assignments)
Slicing time: 0.001s (removed 94 assignments)
Generated 1 VCC(s), 1 remaining after simplification (105 assignments)
No solver specified; defaulting to Boolector
Encoding remaining VCC(s) using bit-vector/floating-point arithmetic
Encoding to solver time: 0.004s
Solving with solver Boolector 3.2.2
Encoding to solver time: 0.004s
Runtime decision procedure: 0.638s
BMC program time: 0.673s
No bug has been found in the base case
*** Checking forward condition, k = 11
Starting Bounded Model Checking
Unwinding loop 39  iteration  1   file string.c line 272 function __memset_impl
Unwinding loop 39  iteration  2   file string.c line 272 function __memset_impl
Unwinding loop 39  iteration  3   file string.c line 272 function __memset_impl
Unwinding loop 39  iteration  4   file string.c line 272 function __memset_impl
Unwinding loop 39  iteration  5   file string.c line 272 function __memset_impl
Unwinding loop 39  iteration  6   file string.c line 272 function __memset_impl
Unwinding loop 39  iteration  7   file string.c line 272 function __memset_impl
Unwinding loop 39  iteration  8   file string.c line 272 function __memset_impl
Unwinding loop 39  iteration  9   file string.c line 272 function __memset_impl
Unwinding loop 39  iteration  10   file string.c line 272 function __memset_impl
Not unwinding 
Symex completed in: 0.031s (198 assignments)
Slicing time: 0.001s (removed 94 assignments)
Generated 1 VCC(s), 1 remaining after simplification (104 assignments)
No solver specified; defaulting to Boolector
Encoding remaining VCC(s) using bit-vector/floating-point arithmetic
Encoding to solver time: 0.004s
Solving with solver Boolector 3.2.2
Encoding to solver time: 0.004s
Runtime decision procedure: 0.491s
The forward condition is unable to prove the property
*** Checking base case, k = 16
Starting Bounded Model Checking
Unwinding loop 39  iteration  1   file string.c line 272 function __memset_impl
Unwinding loop 39  iteration  2   file string.c line 272 function __memset_impl
Unwinding loop 39  iteration  3   file string.c line 272 function __memset_impl
Unwinding loop 39  iteration  4   file string.c line 272 function __memset_impl
Unwinding loop 39  iteration  5   file string.c line 272 function __memset_impl
Unwinding loop 39  iteration  6   file string.c line 272 function __memset_impl
Unwinding loop 39  iteration  7   file string.c line 272 function __memset_impl
Unwinding loop 39  iteration  8   file string.c line 272 function __memset_impl
Unwinding loop 39  iteration  9   file string.c line 272 function __memset_impl
Unwinding loop 39  iteration  10   file string.c line 272 function __memset_impl
Unwinding loop 39  iteration  11   file string.c line 272 function __memset_impl
Unwinding loop 39  iteration  12   file string.c line 272 function __memset_impl
Unwinding loop 39  iteration  13   file string.c line 272 function __memset_impl
Unwinding loop 39  iteration  14   file string.c line 272 function __memset_impl
Unwinding loop 39  iteration  15   file string.c line 272 function __memset_impl
Not unwinding 
Symex completed in: 0.038s (229 assignments)
Slicing time: 0.001s (removed 109 assignments)
Generated 1 VCC(s), 1 remaining after simplification (120 assignments)
No solver specified; defaulting to Boolector
Encoding remaining VCC(s) using bit-vector/floating-point arithmetic
Encoding to solver time: 0.005s
Solving with solver Boolector 3.2.2
Encoding to solver time: 0.005s
Runtime decision procedure: 0.642s
BMC program time: 0.687s
No bug has been found in the base case
*** Checking forward condition, k = 16
Starting Bounded Model Checking
Unwinding loop 39  iteration  1   file string.c line 272 function __memset_impl
Unwinding loop 39  iteration  2   file string.c line 272 function __memset_impl
Unwinding loop 39  iteration  3   file string.c line 272 function __memset_impl
Unwinding loop 39  iteration  4   file string.c line 272 function __memset_impl
Unwinding loop 39  iteration  5   file string.c line 272 function __memset_impl
Unwinding loop 39  iteration  6   file string.c line 272 function __memset_impl
Unwinding loop 39  iteration  7   file string.c line 272 function __memset_impl
Unwinding loop 39  iteration  8   file string.c line 272 function __memset_impl
Unwinding loop 39  iteration  9   file string.c line 272 function __memset_impl
Unwinding loop 39  iteration  10   file string.c line 272 function __memset_impl
Unwinding loop 39  iteration  11   file string.c line 272 function __memset_impl
Unwinding loop 39  iteration  12   file string.c line 272 function __memset_impl
Unwinding loop 39  iteration  13   file string.c line 272 function __memset_impl
Unwinding loop 39  iteration  14   file string.c line 272 function __memset_impl
Unwinding loop 39  iteration  15   file string.c line 272 function __memset_impl
Not unwinding 
Symex completed in: 0.024s (228 assignments)
Slicing time: 0.000s (removed 109 assignments)
Generated 1 VCC(s), 1 remaining after simplification (119 assignments)
No solver specified; defaulting to Boolector
Encoding remaining VCC(s) using bit-vector/floating-point arithmetic
Encoding to solver time: 0.004s
Solving with solver Boolector 3.2.2
Encoding to solver time: 0.004s
Runtime decision procedure: 0.268s
BMC program time: 0.297s
Building successful trace

VERIFICATION SUCCESSFUL

Solution found by the forward condition; all states are reachable (k = 16

../sv-benchmarks/c/aws-c-common/aws_string_destroy_secure_harness.i:1632:45: warning: attribute declaration must precede definition [-Wignored-attributes]
extern void my_abort (void) __attribute__ ((__nothrow__ , __leaf__)) __attribute__ ((__noreturn__));
                                            ^
../sv-benchmarks/c/aws-c-common/aws_string_destroy_secure_harness.i:232:6: note: previous definition is here
void my_abort(void) {
     ^
../sv-benchmarks/c/aws-c-common/aws_string_destroy_secure_harness.i:5785:12: warning: implicit declaration of function '__ESBMC_atomic_load' is invalid in C99 [-Wimplicit-function-declaration]
    return __atomic_load_n(&(*(aws_atomic_impl_int_t *)(var)), aws_atomic_priv_xlate_order(memory_order));
           ^
esbmc_intrinsics.h:103:5: note: expanded from here
    __ESBMC_atomic_load(__atomic_load_ptr, &__atomic_load_tmp, (MO));          \
    ^
../sv-benchmarks/c/aws-c-common/aws_string_destroy_secure_harness.i:5793:12: warning: implicit declaration of function '__ESBMC_atomic_load' is invalid in C99 [-Wimplicit-function-declaration]
    return __atomic_load_n(&((var)->value), aws_atomic_priv_xlate_order(memory_order));
           ^
esbmc_intrinsics.h:103:5: note: expanded from here
    __ESBMC_atomic_load(__atomic_load_ptr, &__atomic_load_tmp, (MO));          \
    ^
../sv-benchmarks/c/aws-c-common/aws_string_destroy_secure_harness.i:5801:5: warning: implicit declaration of function '__ESBMC_atomic_store' is invalid in C99 [-Wimplicit-function-declaration]
    __atomic_store_n(&(*(aws_atomic_impl_int_t *)(var)), n, aws_atomic_priv_xlate_order(memory_order));
    ^
esbmc_intrinsics.h:111:5: note: expanded from here
    __ESBMC_atomic_store(__atomic_store_ptr, &__atomic_store_tmp, (MO));       \
    ^
../sv-benchmarks/c/aws-c-common/aws_string_destroy_secure_harness.i:5809:5: warning: implicit declaration of function '__ESBMC_atomic_store' is invalid in C99 [-Wimplicit-function-declaration]
    __atomic_store_n(&((var)->value), p, aws_atomic_priv_xlate_order(memory_order));
    ^
esbmc_intrinsics.h:111:5: note: expanded from here
    __ESBMC_atomic_store(__atomic_store_ptr, &__atomic_store_tmp, (MO));       \
    ^
../sv-benchmarks/c/aws-c-common/aws_string_destroy_secure_harness.i:9539:11: warning: initializing 'char *' with an expression of type 'const uint8_t []' discards qualifiers [-Wincompatible-pointer-types-discards-qualifiers]
    char *bytes = str->bytes;
          ^       ~~~~~~~~~~
../sv-benchmarks/c/aws-c-common/aws_string_destroy_secure_harness.i:9550:27: warning: passing 'char *' to parameter of type 'const uint8_t *' (aka 'const unsigned char *') converts between pointers to integer types with different sign [-Wpointer-sign]
        assert_all_zeroes(bytes, len);
                          ^~~~~
../sv-benchmarks/c/aws-c-common/aws_string_destroy_secure_harness.i:7124:45: note: passing argument to parameter 'a' here
void assert_all_zeroes(const uint8_t *const a, const size_t len) {
                                            ^

TRUE
