./esbmc-wrapper.py -p ../sv-benchmarks/c/properties/unreach-call.prp -s kinduction --arch 32 ../sv-benchmarks/c/loop-industry-pattern/aiob_4.c.v+lhb-reducer.c


--------------------------------------------------------------------------------


Verifying with ESBMC
Command: ./esbmc --no-div-by-zero-check --force-malloc-success --state-hashing --no-align-check --k-step 2 --floatbv --unlimited-k-steps ../sv-benchmarks/c/loop-industry-pattern/aiob_4.c.v+lhb-reducer.c --32 --witness-output aiob_4.c.v+lhb-reducer.c.graphml --no-pointer-check --no-bounds-check --interval-analysis --k-induction --max-inductive-step 3 
ESBMC version 6.8.0 64-bit x86_64 linux
Target: 32-bit little-endian x86_64-unknown-linux with esbmc libc
file ../sv-benchmarks/c/loop-industry-pattern/aiob_4.c.v+lhb-reducer.c: Parsing
Converting
Generating GOTO Program
GOTO program creation time: 0.117s
GOTO program processing time: 0.010s
*** Checking base case, k = 1
Starting Bounded Model Checking
Not unwinding 
Symex completed in: 0.017s (224 assignments)
Slicing time: 0.000s (removed 210 assignments)
Generated 0 VCC(s), 0 remaining after simplification (14 assignments)
BMC program time: 0.017s
No bug has been found in the base case
*** Checking forward condition, k = 1
Starting Bounded Model Checking
Not unwinding 
Symex completed in: 0.016s (224 assignments)
Slicing time: 0.000s (removed 210 assignments)
Generated 1 VCC(s), 1 remaining after simplification (14 assignments)
No solver specified; defaulting to Boolector
Encoding remaining VCC(s) using bit-vector/floating-point arithmetic
Encoding to solver time: 0.001s
Solving with solver Boolector 3.2.1
Encoding to solver time: 0.001s
Runtime decision procedure: 0.032s
The forward condition is unable to prove the property
*** Checking base case, k = 3
Starting Bounded Model Checking
Unwinding loop 1  iteration  1   file aiob_4.c.v+lhb-reducer.c line 448 function main
Unwinding loop 1  iteration  2   file aiob_4.c.v+lhb-reducer.c line 448 function main
Not unwinding 
Symex completed in: 0.017s (268 assignments)
Slicing time: 0.001s (removed 252 assignments)
Generated 0 VCC(s), 0 remaining after simplification (16 assignments)
BMC program time: 0.018s
No bug has been found in the base case
*** Checking forward condition, k = 3
Starting Bounded Model Checking
Unwinding loop 1  iteration  1   file aiob_4.c.v+lhb-reducer.c line 448 function main
Unwinding loop 1  iteration  2   file aiob_4.c.v+lhb-reducer.c line 448 function main
Not unwinding 
Symex completed in: 0.018s (268 assignments)
Slicing time: 0.000s (removed 252 assignments)
Generated 1 VCC(s), 1 remaining after simplification (16 assignments)
No solver specified; defaulting to Boolector
Encoding remaining VCC(s) using bit-vector/floating-point arithmetic
Encoding to solver time: 0.002s
Solving with solver Boolector 3.2.1
Encoding to solver time: 0.002s
Runtime decision procedure: 0.034s
The forward condition is unable to prove the property
*** Checking inductive step, k = 3
Starting Bounded Model Checking
Unwinding loop 1  iteration  1   file aiob_4.c.v+lhb-reducer.c line 448 function main
Unwinding loop 1  iteration  2   file aiob_4.c.v+lhb-reducer.c line 448 function main
Not unwinding 
Symex completed in: 0.024s (374 assignments)
Slicing time: 0.001s (removed 317 assignments)
Generated 1 VCC(s), 1 remaining after simplification (57 assignments)
No solver specified; defaulting to Boolector
Encoding remaining VCC(s) using bit-vector/floating-point arithmetic
Encoding to solver time: 0.003s
Solving with solver Boolector 3.2.1
Encoding to solver time: 0.003s
Runtime decision procedure: 0.001s
BMC program time: 0.029s
Building successful trace

VERIFICATION SUCCESSFUL

Solution found by the inductive step (k = 3)

../sv-benchmarks/c/loop-industry-pattern/aiob_4.c.v+lhb-reducer.c:180:2: warning: expression result unused [-Wunused-value]
 "18_6630_4294986945";
 ^~~~~~~~~~~~~~~~~~~~
../sv-benchmarks/c/loop-industry-pattern/aiob_4.c.v+lhb-reducer.c:203:2: warning: expression result unused [-Wunused-value]
 Id_MCDC_89____CPAchecker_TMP_2;
 ^~~~~~~~~~~~~~~~~~~~~~~~~~~~~~
../sv-benchmarks/c/loop-industry-pattern/aiob_4.c.v+lhb-reducer.c:206:2: warning: expression result unused [-Wunused-value]
 "18_6630_4294986945";
 ^~~~~~~~~~~~~~~~~~~~
../sv-benchmarks/c/loop-industry-pattern/aiob_4.c.v+lhb-reducer.c:229:2: warning: expression result unused [-Wunused-value]
 Id_MCDC_89____CPAchecker_TMP_2;
 ^~~~~~~~~~~~~~~~~~~~~~~~~~~~~~
../sv-benchmarks/c/loop-industry-pattern/aiob_4.c.v+lhb-reducer.c:232:2: warning: expression result unused [-Wunused-value]
 "18_6630_4294986945";
 ^~~~~~~~~~~~~~~~~~~~
../sv-benchmarks/c/loop-industry-pattern/aiob_4.c.v+lhb-reducer.c:255:2: warning: expression result unused [-Wunused-value]
 Id_MCDC_89____CPAchecker_TMP_2;
 ^~~~~~~~~~~~~~~~~~~~~~~~~~~~~~
../sv-benchmarks/c/loop-industry-pattern/aiob_4.c.v+lhb-reducer.c:258:2: warning: expression result unused [-Wunused-value]
 "18_6630_4294986945";
 ^~~~~~~~~~~~~~~~~~~~
../sv-benchmarks/c/loop-industry-pattern/aiob_4.c.v+lhb-reducer.c:281:2: warning: expression result unused [-Wunused-value]
 Id_MCDC_89____CPAchecker_TMP_2;
 ^~~~~~~~~~~~~~~~~~~~~~~~~~~~~~
../sv-benchmarks/c/loop-industry-pattern/aiob_4.c.v+lhb-reducer.c:284:2: warning: expression result unused [-Wunused-value]
 "18_6630_4294986945";
 ^~~~~~~~~~~~~~~~~~~~
../sv-benchmarks/c/loop-industry-pattern/aiob_4.c.v+lhb-reducer.c:307:2: warning: expression result unused [-Wunused-value]
 Id_MCDC_89____CPAchecker_TMP_2;
 ^~~~~~~~~~~~~~~~~~~~~~~~~~~~~~
../sv-benchmarks/c/loop-industry-pattern/aiob_4.c.v+lhb-reducer.c:310:2: warning: expression result unused [-Wunused-value]
 "18_6630_4294986945";
 ^~~~~~~~~~~~~~~~~~~~
../sv-benchmarks/c/loop-industry-pattern/aiob_4.c.v+lhb-reducer.c:333:2: warning: expression result unused [-Wunused-value]
 Id_MCDC_89____CPAchecker_TMP_2;
 ^~~~~~~~~~~~~~~~~~~~~~~~~~~~~~
../sv-benchmarks/c/loop-industry-pattern/aiob_4.c.v+lhb-reducer.c:336:2: warning: expression result unused [-Wunused-value]
 "18_6630_4294986945";
 ^~~~~~~~~~~~~~~~~~~~
../sv-benchmarks/c/loop-industry-pattern/aiob_4.c.v+lhb-reducer.c:359:2: warning: expression result unused [-Wunused-value]
 Id_MCDC_89____CPAchecker_TMP_2;
 ^~~~~~~~~~~~~~~~~~~~~~~~~~~~~~
../sv-benchmarks/c/loop-industry-pattern/aiob_4.c.v+lhb-reducer.c:362:2: warning: expression result unused [-Wunused-value]
 "18_6630_4294986945";
 ^~~~~~~~~~~~~~~~~~~~
../sv-benchmarks/c/loop-industry-pattern/aiob_4.c.v+lhb-reducer.c:385:2: warning: expression result unused [-Wunused-value]
 Id_MCDC_89____CPAchecker_TMP_2;
 ^~~~~~~~~~~~~~~~~~~~~~~~~~~~~~
../sv-benchmarks/c/loop-industry-pattern/aiob_4.c.v+lhb-reducer.c:388:2: warning: expression result unused [-Wunused-value]
 "18_6630_4294986945";
 ^~~~~~~~~~~~~~~~~~~~
../sv-benchmarks/c/loop-industry-pattern/aiob_4.c.v+lhb-reducer.c:411:2: warning: expression result unused [-Wunused-value]
 Id_MCDC_89____CPAchecker_TMP_2;
 ^~~~~~~~~~~~~~~~~~~~~~~~~~~~~~
../sv-benchmarks/c/loop-industry-pattern/aiob_4.c.v+lhb-reducer.c:421:2: warning: expression result unused [-Wunused-value]
 "18_6630_4294986945";
 ^~~~~~~~~~~~~~~~~~~~
../sv-benchmarks/c/loop-industry-pattern/aiob_4.c.v+lhb-reducer.c:444:2: warning: expression result unused [-Wunused-value]
 Id_MCDC_89____CPAchecker_TMP_2;
 ^~~~~~~~~~~~~~~~~~~~~~~~~~~~~~

TRUE
