./esbmc-wrapper.py -p ../sv-benchmarks/c/properties/unreach-call.prp -s kinduction --arch 64 ../sv-benchmarks/c/ldv-linux-4.2-rc1/linux-4.2-rc1.tar.xz-32_7a-drivers--md--dm-thin-pool.ko-entry_point.cil.out.i


--------------------------------------------------------------------------------


Verifying with ESBMC
Command: ./esbmc --no-div-by-zero-check --force-malloc-success --state-hashing --no-align-check --k-step 2 --floatbv --unlimited-k-steps ../sv-benchmarks/c/ldv-linux-4.2-rc1/linux-4.2-rc1.tar.xz-32_7a-drivers--md--dm-thin-pool.ko-entry_point.cil.out.i --64 --witness-output linux-4.2-rc1.tar.xz-32_7a-drivers--md--dm-thin-pool.ko-entry_point.cil.out.i.graphml --no-pointer-check --no-bounds-check --interval-analysis --k-induction --max-inductive-step 3 
ESBMC version 6.8.0 64-bit x86_64 linux
Target: 64-bit little-endian x86_64-unknown-linux with esbmc libc
file ../sv-benchmarks/c/ldv-linux-4.2-rc1/linux-4.2-rc1.tar.xz-32_7a-drivers--md--dm-thin-pool.ko-entry_point.cil.out.i: Parsing
Converting
Generating GOTO Program
GOTO program creation time: 1.857s
GOTO program processing time: 1.418s
*** Checking base case, k = 1
Starting Bounded Model Checking
Not unwinding 
Not unwinding 
Not unwinding 
Not unwinding 
Not unwinding 
Not unwinding 
Not unwinding 
Not unwinding 
Not unwinding 
Not unwinding 
Not unwinding 
Not unwinding 
Not unwinding 
Not unwinding 
Not unwinding 
Not unwinding 
Not unwinding 
Symex completed in: 0.061s (574 assignments)
Slicing time: 0.001s (removed 492 assignments)
Generated 0 VCC(s), 0 remaining after simplification (82 assignments)
BMC program time: 0.062s
No bug has been found in the base case
*** Checking forward condition, k = 1
Starting Bounded Model Checking
Not unwinding 
Not unwinding 
Not unwinding 
Not unwinding 
Not unwinding 
Not unwinding 
Not unwinding 
Not unwinding 
Not unwinding 
Not unwinding 
Not unwinding 
Not unwinding 
Not unwinding 
Not unwinding 
Not unwinding 
Not unwinding 
Not unwinding 
Symex completed in: 0.058s (574 assignments)
Slicing time: 0.001s (removed 492 assignments)
Generated 17 VCC(s), 17 remaining after simplification (82 assignments)
No solver specified; defaulting to Boolector
Encoding remaining VCC(s) using bit-vector/floating-point arithmetic
Encoding to solver time: 0.034s
Solving with solver Boolector 3.2.1
Encoding to solver time: 0.034s
Runtime decision procedure: 5.203s
The forward condition is unable to prove the property
*** Checking base case, k = 3
Starting Bounded Model Checking
Unwinding loop 61  iteration  1   file string.c line 272 function __memset_impl
Unwinding loop 61  iteration  1   file string.c line 272 function __memset_impl
Unwinding loop 61  iteration  2   file string.c line 272 function __memset_impl
Not unwinding 
Unwinding loop 61  iteration  1   file string.c line 272 function __memset_impl
Unwinding loop 61  iteration  1   file string.c line 272 function __memset_impl
Unwinding loop 61  iteration  2   file string.c line 272 function __memset_impl
Not unwinding 
Unwinding loop 61  iteration  1   file string.c line 272 function __memset_impl
Unwinding loop 61  iteration  2   file string.c line 272 function __memset_impl
Not unwinding 
Unwinding loop 61  iteration  1   file string.c line 272 function __memset_impl
Unwinding loop 61  iteration  2   file string.c line 272 function __memset_impl
Not unwinding 
Unwinding loop 61  iteration  1   file string.c line 272 function __memset_impl
Unwinding loop 61  iteration  2   file string.c line 272 function __memset_impl
Not unwinding 
Unwinding loop 61  iteration  1   file string.c line 272 function __memset_impl
Unwinding loop 61  iteration  2   file string.c line 272 function __memset_impl
Not unwinding 
Unwinding loop 61  iteration  1   file string.c line 272 function __memset_impl
Unwinding loop 61  iteration  2   file string.c line 272 function __memset_impl
Not unwinding 
Unwinding loop 61  iteration  1   file string.c line 272 function __memset_impl
Unwinding loop 61  iteration  1   file string.c line 272 function __memset_impl
Unwinding loop 61  iteration  2   file string.c line 272 function __memset_impl
Not unwinding 
Unwinding loop 61  iteration  1   file string.c line 272 function __memset_impl
Unwinding loop 61  iteration  2   file string.c line 272 function __memset_impl
Not unwinding 
Unwinding loop 61  iteration  1   file string.c line 272 function __memset_impl
Unwinding loop 61  iteration  2   file string.c line 272 function __memset_impl
Not unwinding 
Unwinding loop 61  iteration  1   file string.c line 272 function __memset_impl
Unwinding loop 61  iteration  1   file string.c line 272 function __memset_impl
Unwinding loop 61  iteration  2   file string.c line 272 function __memset_impl
Not unwinding 
Unwinding loop 61  iteration  1   file string.c line 272 function __memset_impl
Unwinding loop 61  iteration  2   file string.c line 272 function __memset_impl
Not unwinding 
Unwinding loop 61  iteration  1   file string.c line 272 function __memset_impl
Unwinding loop 61  iteration  2   file string.c line 272 function __memset_impl
Not unwinding 
Symex completed in: 0.085s (650 assignments)
Slicing time: 0.001s (removed 576 assignments)
Generated 0 VCC(s), 0 remaining after simplification (74 assignments)
BMC program time: 0.086s
No bug has been found in the base case
*** Checking forward condition, k = 3
Starting Bounded Model Checking
Unwinding loop 61  iteration  1   file string.c line 272 function __memset_impl
Unwinding loop 61  iteration  1   file string.c line 272 function __memset_impl
Unwinding loop 61  iteration  2   file string.c line 272 function __memset_impl
Not unwinding 
Unwinding loop 61  iteration  1   file string.c line 272 function __memset_impl
Unwinding loop 61  iteration  1   file string.c line 272 function __memset_impl
Unwinding loop 61  iteration  2   file string.c line 272 function __memset_impl
Not unwinding 
Unwinding loop 61  iteration  1   file string.c line 272 function __memset_impl
Unwinding loop 61  iteration  2   file string.c line 272 function __memset_impl
Not unwinding 
Unwinding loop 61  iteration  1   file string.c line 272 function __memset_impl
Unwinding loop 61  iteration  2   file string.c line 272 function __memset_impl
Not unwinding 
Unwinding loop 61  iteration  1   file string.c line 272 function __memset_impl
Unwinding loop 61  iteration  2   file string.c line 272 function __memset_impl
Not unwinding 
Unwinding loop 61  iteration  1   file string.c line 272 function __memset_impl
Unwinding loop 61  iteration  2   file string.c line 272 function __memset_impl
Not unwinding 
Unwinding loop 61  iteration  1   file string.c line 272 function __memset_impl
Unwinding loop 61  iteration  2   file string.c line 272 function __memset_impl
Not unwinding 
Unwinding loop 61  iteration  1   file string.c line 272 function __memset_impl
Unwinding loop 61  iteration  1   file string.c line 272 function __memset_impl
Unwinding loop 61  iteration  2   file string.c line 272 function __memset_impl
Not unwinding 
Unwinding loop 61  iteration  1   file string.c line 272 function __memset_impl
Unwinding loop 61  iteration  2   file string.c line 272 function __memset_impl
Not unwinding 
Unwinding loop 61  iteration  1   file string.c line 272 function __memset_impl
Unwinding loop 61  iteration  2   file string.c line 272 function __memset_impl
Not unwinding 
Unwinding loop 61  iteration  1   file string.c line 272 function __memset_impl
Unwinding loop 61  iteration  1   file string.c line 272 function __memset_impl
Unwinding loop 61  iteration  2   file string.c line 272 function __memset_impl
Not unwinding 
Unwinding loop 61  iteration  1   file string.c line 272 function __memset_impl
Unwinding loop 61  iteration  2   file string.c line 272 function __memset_impl
Not unwinding 
Unwinding loop 61  iteration  1   file string.c line 272 function __memset_impl
Unwinding loop 61  iteration  2   file string.c line 272 function __memset_impl
Not unwinding 
Symex completed in: 0.081s (650 assignments)
Slicing time: 0.001s (removed 576 assignments)
Generated 13 VCC(s), 13 remaining after simplification (74 assignments)
No solver specified; defaulting to Boolector
Encoding remaining VCC(s) using bit-vector/floating-point arithmetic
Encoding to solver time: 0.036s
Solving with solver Boolector 3.2.1
Encoding to solver time: 0.036s
Runtime decision procedure: 5.162s
The forward condition is unable to prove the property
*** Checking inductive step, k = 3
Starting Bounded Model Checking
Unwinding loop 61  iteration  1   file string.c line 272 function __memset_impl
Unwinding loop 61  iteration  2   file string.c line 272 function __memset_impl
Not unwinding 
Unwinding loop 61  iteration  1   file string.c line 272 function __memset_impl
Unwinding loop 61  iteration  2   file string.c line 272 function __memset_impl
Not unwinding 
Unwinding loop 61  iteration  1   file string.c line 272 function __memset_impl
Unwinding loop 61  iteration  2   file string.c line 272 function __memset_impl
Not unwinding 
Unwinding loop 61  iteration  1   file string.c line 272 function __memset_impl
Unwinding loop 61  iteration  2   file string.c line 272 function __memset_impl
Not unwinding 
Unwinding loop 61  iteration  1   file string.c line 272 function __memset_impl
Unwinding loop 61  iteration  2   file string.c line 272 function __memset_impl
Not unwinding 
Unwinding loop 61  iteration  1   file string.c line 272 function __memset_impl
Unwinding loop 61  iteration  2   file string.c line 272 function __memset_impl
Not unwinding 
Unwinding loop 61  iteration  1   file string.c line 272 function __memset_impl
Unwinding loop 61  iteration  2   file string.c line 272 function __memset_impl
Not unwinding 
Unwinding loop 61  iteration  1   file string.c line 272 function __memset_impl
Unwinding loop 61  iteration  2   file string.c line 272 function __memset_impl
Not unwinding 
Unwinding loop 61  iteration  1   file string.c line 272 function __memset_impl
Unwinding loop 61  iteration  2   file string.c line 272 function __memset_impl
Not unwinding 
Unwinding loop 61  iteration  1   file string.c line 272 function __memset_impl
Unwinding loop 61  iteration  2   file string.c line 272 function __memset_impl
Not unwinding 
Unwinding loop 61  iteration  1   file string.c line 272 function __memset_impl
Unwinding loop 61  iteration  2   file string.c line 272 function __memset_impl
Not unwinding 
Unwinding loop 61  iteration  1   file string.c line 272 function __memset_impl
Unwinding loop 61  iteration  2   file string.c line 272 function __memset_impl
Not unwinding 
Unwinding loop 61  iteration  1   file string.c line 272 function __memset_impl
Unwinding loop 61  iteration  2   file string.c line 272 function __memset_impl
Not unwinding 
Unwinding loop 61  iteration  1   file string.c line 272 function __memset_impl
Unwinding loop 61  iteration  2   file string.c line 272 function __memset_impl
Not unwinding 
Unwinding loop 61  iteration  1   file string.c line 272 function __memset_impl
Unwinding loop 61  iteration  2   file string.c line 272 function __memset_impl
Not unwinding 
Unwinding loop 61  iteration  1   file string.c line 272 function __memset_impl
Unwinding loop 61  iteration  2   file string.c line 272 function __memset_impl
Not unwinding 
Unwinding loop 61  iteration  1   file string.c line 272 function __memset_impl
Unwinding loop 61  iteration  2   file string.c line 272 function __memset_impl
Not unwinding 
Unwinding loop 61  iteration  1   file string.c line 272 function __memset_impl
Unwinding loop 61  iteration  2   file string.c line 272 function __memset_impl
Not unwinding 
Unwinding loop 61  iteration  1   file string.c line 272 function __memset_impl
Unwinding loop 61  iteration  2   file string.c line 272 function __memset_impl
Not unwinding 
Unwinding loop 61  iteration  1   file string.c line 272 function __memset_impl
Unwinding loop 61  iteration  2   file string.c line 272 function __memset_impl
Not unwinding 
Unwinding loop 61  iteration  1   file string.c line 272 function __memset_impl
Unwinding loop 61  iteration  2   file string.c line 272 function __memset_impl
Not unwinding 
Unwinding loop 61  iteration  1   file string.c line 272 function __memset_impl
Unwinding loop 61  iteration  2   file string.c line 272 function __memset_impl
Not unwinding 
Unwinding loop 61  iteration  1   file string.c line 272 function __memset_impl
Unwinding loop 61  iteration  2   file string.c line 272 function __memset_impl
Not unwinding 
Unwinding loop 61  iteration  1   file string.c line 272 function __memset_impl
Unwinding loop 61  iteration  2   file string.c line 272 function __memset_impl
Not unwinding 
Unwinding loop 61  iteration  1   file string.c line 272 function __memset_impl
Unwinding loop 61  iteration  2   file string.c line 272 function __memset_impl
Not unwinding 
Unwinding loop 61  iteration  1   file string.c line 272 function __memset_impl
Unwinding loop 61  iteration  2   file string.c line 272 function __memset
../sv-benchmarks/c/ldv-linux-4.2-rc1/linux-4.2-rc1.tar.xz-32_7a-drivers--md--dm-thin-pool.ko-entry_point.cil.out.i:4197:3: warning: implicitly declaring library function 'memcpy' with type 'void *(void *, const void *, unsigned long)' [-Wimplicit-function-declaration]
  memcpy(res, (void const *)p, (unsigned long )size);
  ^
../sv-benchmarks/c/ldv-linux-4.2-rc1/linux-4.2-rc1.tar.xz-32_7a-drivers--md--dm-thin-pool.ko-entry_point.cil.out.i:4197:3: note: include the header <string.h> or explicitly provide a declaration for 'memcpy'
../sv-benchmarks/c/ldv-linux-4.2-rc1/linux-4.2-rc1.tar.xz-32_7a-drivers--md--dm-thin-pool.ko-entry_point.cil.out.i:7672:53: warning: incompatible pointer types passing 'void (**)(struct dm_thin_new_mapping *)' to parameter of type 'process_mapping_fn (**)(struct dm_thin_new_mapping *)' (aka 'void (*(**)(struct dm_thin_new_mapping *))(struct dm_thin_new_mapping *)') [-Wincompatible-pointer-types]
  process_prepared(pool, & pool->prepared_mappings, & pool->process_prepared_mapping);
                                                    ^~~~~~~~~~~~~~~~~~~~~~~~~~~~~~~~
../sv-benchmarks/c/ldv-linux-4.2-rc1/linux-4.2-rc1.tar.xz-32_7a-drivers--md--dm-thin-pool.ko-entry_point.cil.out.i:6204:97: note: passing argument to parameter 'fn' here
static void process_prepared(struct pool *pool , struct list_head *head , process_mapping_fn (**fn)(struct dm_thin_new_mapping * ) )
                                                                                                ^
../sv-benchmarks/c/ldv-linux-4.2-rc1/linux-4.2-rc1.tar.xz-32_7a-drivers--md--dm-thin-pool.ko-entry_point.cil.out.i:7674:53: warning: incompatible pointer types passing 'void (**)(struct dm_thin_new_mapping *)' to parameter of type 'process_mapping_fn (**)(struct dm_thin_new_mapping *)' (aka 'void (*(**)(struct dm_thin_new_mapping *))(struct dm_thin_new_mapping *)') [-Wincompatible-pointer-types]
  process_prepared(pool, & pool->prepared_discards, & pool->process_prepared_discard);
                                                    ^~~~~~~~~~~~~~~~~~~~~~~~~~~~~~~~
../sv-benchmarks/c/ldv-linux-4.2-rc1/linux-4.2-rc1.tar.xz-32_7a-drivers--md--dm-thin-pool.ko-entry_point.cil.out.i:6204:97: note: passing argument to parameter 'fn' here
static void process_prepared(struct pool *pool , struct list_head *head , process_mapping_fn (**fn)(struct dm_thin_new_mapping * ) )
                                                                                                ^
Function call to "c:linux-4.2-rc1.tar.xz-32_7a-drivers--md--dm-thin-pool.ko-entry_point.cil.out.i@F@data_block_dec": number of arguments doesn't match type definition; some inconsistent rewriting occured


Unknown
