./esbmc-wrapper.py -p ../sv-benchmarks/c/properties/no-overflow.prp -s kinduction --arch 32 ../sv-benchmarks/c/bitvector/s3_clnt_3.BV.c.cil-1a.c


--------------------------------------------------------------------------------


Verifying with ESBMC
Command: ./esbmc --no-div-by-zero-check --force-malloc-success --state-hashing --no-align-check --k-step 2 --floatbv --unlimited-k-steps ../sv-benchmarks/c/bitvector/s3_clnt_3.BV.c.cil-1a.c --32 --witness-output s3_clnt_3.BV.c.cil-1a.c.graphml --no-pointer-check --no-bounds-check --overflow-check --no-assertions --k-induction --max-inductive-step 3 
ESBMC version 6.8.0 64-bit x86_64 linux
Target: 32-bit little-endian x86_64-unknown-linux with esbmc libc
file ../sv-benchmarks/c/bitvector/s3_clnt_3.BV.c.cil-1a.c: Parsing
Converting
Generating GOTO Program
GOTO program creation time: 0.107s
GOTO program processing time: 0.002s
*** Checking base case, k = 1
Starting Bounded Model Checking
Not unwinding 
Symex completed in: 0.006s (154 assignments)
Slicing time: 0.000s (removed 123 assignments)
Generated 6 VCC(s), 6 remaining after simplification (31 assignments)
No solver specified; defaulting to Boolector
Encoding remaining VCC(s) using bit-vector/floating-point arithmetic
Encoding to solver time: 0.001s
Solving with solver Boolector 3.2.1
Encoding to solver time: 0.001s
Runtime decision procedure: 0.000s
BMC program time: 0.007s
No bug has been found in the base case
*** Checking forward condition, k = 1
Starting Bounded Model Checking
Not unwinding 
Symex completed in: 0.005s (154 assignments)
Slicing time: 0.001s (removed 123 assignments)
Generated 7 VCC(s), 7 remaining after simplification (31 assignments)
No solver specified; defaulting to Boolector
Encoding remaining VCC(s) using bit-vector/floating-point arithmetic
Encoding to solver time: 0.001s
Solving with solver Boolector 3.2.1
Encoding to solver time: 0.001s
Runtime decision procedure: 0.003s
The forward condition is unable to prove the property
*** Checking base case, k = 3
Starting Bounded Model Checking
Unwinding loop 1  iteration  1   file s3_clnt_3.BV.c.cil-1a.c line 101 function ssl3_connect
Unwinding loop 1  iteration  2   file s3_clnt_3.BV.c.cil-1a.c line 101 function ssl3_connect
Not unwinding 
Symex completed in: 0.011s (244 assignments)
Slicing time: 0.000s (removed 200 assignments)
Generated 7 VCC(s), 7 remaining after simplification (44 assignments)
No solver specified; defaulting to Boolector
Encoding remaining VCC(s) using bit-vector/floating-point arithmetic
Encoding to solver time: 0.000s
Solving with solver Boolector 3.2.1
Encoding to solver time: 0.000s
Runtime decision procedure: 0.000s
BMC program time: 0.012s
No bug has been found in the base case
*** Checking forward condition, k = 3
Starting Bounded Model Checking
Unwinding loop 1  iteration  1   file s3_clnt_3.BV.c.cil-1a.c line 101 function ssl3_connect
Unwinding loop 1  iteration  2   file s3_clnt_3.BV.c.cil-1a.c line 101 function ssl3_connect
Not unwinding 
Symex completed in: 0.010s (244 assignments)
Slicing time: 0.001s (removed 200 assignments)
Generated 8 VCC(s), 8 remaining after simplification (44 assignments)
No solver specified; defaulting to Boolector
Encoding remaining VCC(s) using bit-vector/floating-point arithmetic
Encoding to solver time: 0.000s
Solving with solver Boolector 3.2.1
Encoding to solver time: 0.000s
Runtime decision procedure: 0.005s
The forward condition is unable to prove the property
*** Checking base case, k = 5
Starting Bounded Model Checking
Unwinding loop 1  iteration  1   file s3_clnt_3.BV.c.cil-1a.c line 101 function ssl3_connect
Unwinding loop 1  iteration  2   file s3_clnt_3.BV.c.cil-1a.c line 101 function ssl3_connect
Unwinding loop 1  iteration  3   file s3_clnt_3.BV.c.cil-1a.c line 101 function ssl3_connect
Unwinding loop 1  iteration  4   file s3_clnt_3.BV.c.cil-1a.c line 101 function ssl3_connect
Not unwinding 
Symex completed in: 0.238s (3406 assignments)
Slicing time: 0.014s (removed 3052 assignments)
Generated 31 VCC(s), 31 remaining after simplification (354 assignments)
No solver specified; defaulting to Boolector
Encoding remaining VCC(s) using bit-vector/floating-point arithmetic
Encoding to solver time: 0.005s
Solving with solver Boolector 3.2.1
Encoding to solver time: 0.005s
Runtime decision procedure: 0.000s
BMC program time: 0.257s
No bug has been found in the base case
*** Checking forward condition, k = 5
Starting Bounded Model Checking
Unwinding loop 1  iteration  1   file s3_clnt_3.BV.c.cil-1a.c line 101 function ssl3_connect
Unwinding loop 1  iteration  2   file s3_clnt_3.BV.c.cil-1a.c line 101 function ssl3_connect
Unwinding loop 1  iteration  3   file s3_clnt_3.BV.c.cil-1a.c line 101 function ssl3_connect
Unwinding loop 1  iteration  4   file s3_clnt_3.BV.c.cil-1a.c line 101 function ssl3_connect
Not unwinding 
Symex completed in: 0.245s (3406 assignments)
Slicing time: 0.014s (removed 3052 assignments)
Generated 32 VCC(s), 32 remaining after simplification (354 assignments)
No solver specified; defaulting to Boolector
Encoding remaining VCC(s) using bit-vector/floating-point arithmetic
Encoding to solver time: 0.005s
Solving with solver Boolector 3.2.1
Encoding to solver time: 0.005s
Runtime decision procedure: 0.021s
The forward condition is unable to prove the property
*** Checking base case, k = 7
Starting Bounded Model Checking
Unwinding loop 1  iteration  1   file s3_clnt_3.BV.c.cil-1a.c line 101 function ssl3_connect
Unwinding loop 1  iteration  2   file s3_clnt_3.BV.c.cil-1a.c line 101 function ssl3_connect
Unwinding loop 1  iteration  3   file s3_clnt_3.BV.c.cil-1a.c line 101 function ssl3_connect
Unwinding loop 1  iteration  4   file s3_clnt_3.BV.c.cil-1a.c line 101 function ssl3_connect
Unwinding loop 1  iteration  5   file s3_clnt_3.BV.c.cil-1a.c line 101 function ssl3_connect
Unwinding loop 1  iteration  6   file s3_clnt_3.BV.c.cil-1a.c line 101 function ssl3_connect
Not unwinding 
Symex completed in: 0.504s (6886 assignments)
Slicing time: 0.047s (removed 6008 assignments)
Generated 55 VCC(s), 55 remaining after simplification (878 assignments)
No solver specified; defaulting to Boolector
Encoding remaining VCC(s) using bit-vector/floating-point arithmetic
Encoding to solver time: 0.012s
Solving with solver Boolector 3.2.1
Encoding to solver time: 0.012s
Runtime decision procedure: 0.000s
BMC program time: 0.564s
No bug has been found in the base case
*** Checking forward condition, k = 7
Starting Bounded Model Checking
Unwinding loop 1  iteration  1   file s3_clnt_3.BV.c.cil-1a.c line 101 function ssl3_connect
Unwinding loop 1  iteration  2   file s3_clnt_3.BV.c.cil-1a.c line 101 function ssl3_connect
Unwinding loop 1  iteration  3   file s3_clnt_3.BV.c.cil-1a.c line 101 function ssl3_connect
Unwinding loop 1  iteration  4   file s3_clnt_3.BV.c.cil-1a.c line 101 function ssl3_connect
Unwinding loop 1  iteration  5   file s3_clnt_3.BV.c.cil-1a.c line 101 function ssl3_connect
Unwinding loop 1  iteration  6   file s3_clnt_3.BV.c.cil-1a.c line 101 function ssl3_connect
Not unwinding 
Symex completed in: 0.518s (6886 assignments)
Slicing time: 0.049s (removed 6008 assignments)
Generated 56 VCC(s), 56 remaining after simplification (878 assignments)
No solver specified; defaulting to Boolector
Encoding remaining VCC(s) using bit-vector/floating-point arithmetic
Encoding to solver time: 0.013s
Solving with solver Boolector 3.2.1
Encoding to solver time: 0.013s
Runtime decision procedure: 0.053s
The forward condition is unable to prove the property
*** Checking base case, k = 9
Starting Bounded Model Checking
Unwinding loop 1  iteration  1   file s3_clnt_3.BV.c.cil-1a.c line 101 function ssl3_connect
Unwinding loop 1  iteration  2   file s3_clnt_3.BV.c.cil-1a.c line 101 function ssl3_connect
Unwinding loop 1  iteration  3   file s3_clnt_3.BV.c.cil-1a.c line 101 function ssl3_connect
Unwinding loop 1  iteration  4   file s3_clnt_3.BV.c.cil-1a.c line 101 function ssl3_connect
Unwinding loop 1  iteration  5   file s3_clnt_3.BV.c.cil-1a.c line 101 function ssl3_connect
Unwinding loop 1  iteration  6   file s3_clnt_3.BV.c.cil-1a.c line 101 function ssl3_connect
Unwinding loop 1  iteration  7   file s3_clnt_3.BV.c.cil-1a.c line 101 function ssl3_connect
Unwinding loop 1  iteration  8   file s3_clnt_3.BV.c.cil-1a.c line 101 function ssl3_connect
Not unwinding 
Symex completed in: 0.781s (10366 assignments)
Slicing time: 0.098s (removed 8930 assignments)
Generated 79 VCC(s), 79 remaining after simplification (1436 assignments)
No solver specified; defaulting to Boolector
Encoding remaining VCC(s) using bit-vector/floating-point arithmetic
Encoding to solver time: 0.021s
Solving with solver Boolector 3.2.1
Encoding to solver time: 0.021s
Runtime decision procedure: 0.000s
BMC program time: 0.901s
No bug has been found in the base case
*** Checking forward condition, k = 9
Starting Bounded Model Checking
Unwinding loop 1  iteration  1   file s3_clnt_3.BV.c.cil-1a.c line 101 function ssl3_connect
Unwinding loop 1  iteration  2   file s3_clnt_3.BV.c.cil-1a.c line 101 function ssl3_connect
Unwinding loop 1  iteration  3   file s3_clnt_3.BV.c.cil-1a.c line 101 function ssl3_connect
Unwinding loop 1  iteration  4   file s3_clnt_3.BV.c.cil-1a.c line 101 function ssl3_connect
Unwinding loop 1  iteration  5   file s3_clnt_3.BV.c.cil-1a.c line 101 function ssl3_connect
Unwinding loop 1  iteration  6   file s3_clnt_3.BV.c.cil-1a.c line 101 function ssl3_connect
Unwinding loop 1  iteration  7   file s3_clnt_3.BV.c.cil-1a.c line 101 function ssl3_connect
Unwinding loop 1  iteration  8   file s3_clnt_3.BV.c.cil-1a.c line 101 function ssl3_connect
Not unwinding 
Symex completed in: 0.781s (10366 assignments)
Slicing time: 0.102s (removed 8930 assignments)
Generated 80 VCC(s), 80 remaining after simplification (1436 assignments)
No solver specified; defaulting to Boolector
Encoding remaining VCC(s) using bit-vector/floating-point arithmetic
Encoding to solver time: 0.021s
Solving with solver Boolector 3.2.1
Encoding to solver time: 0.021s
Runtime decision procedure: 0.101s
The forward condition is unable to prove the property
*** Checking base case, k = 11
Starting Bounded Model Checking
Unwinding loop 1  iteration  1   file s3_clnt_3.BV.c.cil-1a.c line 101 function ssl3_connect
Unwinding loop 1  iteration  2   file s3_clnt_3.BV.c.cil-1a.c line 101 function ssl3_connect
Unwinding loop 1  iteration  3   file s3_clnt_3.BV.c.cil-1a.c line 101 function ssl3_connect
Unwinding loop 1  iteration  4   file s3_clnt_3.BV.c.cil-1a.c line 101 function ssl3_connect
Unwinding loop 1  iteration  5   file s3_clnt_3.BV.c.cil-1a.c line 101 function ssl3_connect
Unwinding loop 1  iteration  6   file s3_clnt_3.BV.c.cil-1a.c line 101 function ssl3_connect
Unwinding loop 1  iteration  7   file s3_clnt_3.BV.c.cil-1a.c line 101 function ssl3_connect
Unwinding loop 1  iteration  8   file s3_clnt_3.BV.c.cil-1a.c line 101 function ssl3_connect
Unwinding loop 1  iteration  9   file s3_clnt_3.BV.c.cil-1a.c line 101 function ssl3_connect
Unwinding loop 1  iteration  10   file s3_clnt_3.BV.c.cil-1a.c line 101 function ssl3_connect
Not unwinding 
Symex completed in: 1.059s (13846 assignments)
Slicing time: 0.174s (removed 11852 assignments)
Generated 103 VCC(s), 103 remaining after simplification (1994 assignments)
No solver specified; defaulting to Boolector
Encoding remaining VCC(s) using bit-vector/floating-point arithmetic
Encoding to solver time: 0.029s
Solving with solver Boolector 3.2.1
Encoding to solver time: 0.029s
Runtime decision procedure: 0.000s
BMC program time: 1.262s
No bug has been found in the base case
*** Checking forward condition, k = 11
Starting Bounded Model Checking
Unwinding loop 1  iteration  1   file s3_clnt_3.BV.c.cil-1a.c line 101 function ssl3_connect
Unwinding loop 1  iteration  2   file s3_clnt_3.BV.c.cil-1a.c line 101 function ssl3_connect
Unwinding loop 1  iteration  3   file s3_clnt_3.BV.c.cil-1a.c line 101 function ssl3_connect
Unwinding loop 1  iteration  4   file s3_clnt_3.BV.c.cil-1a.c line 101 function ssl3_connect
Unwinding loop 1  iteration  5   file s3_clnt_3.BV.c.cil-1a.c line 101 function ssl3_connect
Unwinding loop 1  iteration  6   file s3_clnt_3.BV.c.cil-1a.c line 101 function ssl3_connect
Unwinding loop 1  iteration  7   file s3_clnt_3.BV.c.cil-1a.c line 101 function ssl3_connect
Unwinding loop 1  iteration  8   file s3_clnt_3.BV.c.cil-1a.c line 101 function ssl3_connect
Unwinding loop 1  iteration  9   file s3_clnt_3.BV.c.cil-1a.c line 101 function ssl3_connect
Unwinding loop 1  iteration  10   file s3_clnt_3.BV.c.cil-1a.c line 101 function ssl3_connect
Not unwinding 
Symex completed in: 1.055s (13846 assignments)
Slicing time: 0.174s (removed 11852 assignments)
Generated 104 VCC(s), 104 remaining after simplification (1994 assignments)
No solver specified; defaulting to Boolector
Encoding remaining VCC(s) using bit-vector/floating-point arithmetic
Encoding to solver time: 0.031s
Solving with solver Boolector 3.2.1
Encoding to solver time: 0.031s
Runtime decision procedure: 0.153s
The forward condition is unable to prove the property
*** Checking base case, k = 13
Starting Bounded Model Checking
Unwinding loop 1  iteration  1   file s3_clnt_3.BV.c.cil-1a.c line 101 function ssl3_connect
Unwinding loop 1  iteration  2   file s3_clnt_3.BV.c.cil-1a.c line 101 function ssl3_connect
Unwinding loop 1  iteration  3   file s3_clnt_3.BV.c.cil-1a.c line 101 function ssl3_connect
Unwinding loop 1  iteration  4   file s3_clnt_3.BV.c.cil-1a.c line 101 function ssl3_connect
Unwinding loop 1  iteration  5   file s3_clnt_3.BV.c.cil-1a.c line 101 function ssl3_connect
Unwinding loop 1  iteration  6   file s3_clnt_3.BV.c.cil-1a.c line 101 function ssl3_connect
Unwinding loop 1  iteration  7   file s3_clnt_3.BV.c.cil-1a.c line 101 function ssl3_connect
Unwinding loop 1  iteration  8   file s3_clnt_3.BV.c.cil-1a.c line 101 function ssl3_connect
Unwinding loop 1  iteration  9   file s3_clnt_3.BV.c.cil-1a.c line 101 function ssl3_connect
Unwinding loop 1  iteration  10   file s3_clnt_3.BV.c.cil-1a.c line 101 function ssl3_connect
Unwinding loop 1  iteration  11   file s3_clnt_3.BV.c.cil-1a.c line 101 function ssl3_connect
Unwinding loop 1  iteration  12   file s3_clnt_3.BV.c.cil-1a.c line 101 function ssl3_connect
Not unwinding 
Symex completed in: 1.339s (17326 assignments)
Slicing time: 0.266s (removed 14774 assignments)
Generated 127 VCC(s), 127 remaining after simplification (2552 assignments)
No solver specified; defaulting to Boolector
Encoding remaining VCC(s) using bit-vector/floating-point arithmetic
Encoding to solver time: 0.043s
Solving with solver Boolector 3.2.1
Encoding to solver time: 0.043s
Runtime decision procedure: 0.000s
BMC program time: 1.651s
No bug has been found in the base case
*** Checking forward condition, k = 13
Starting Bounded Model Checking
Unwinding loop 1  iteration  1   file s3_clnt_3.BV.c.cil-1a.c line 101 function ssl3_connect
Unwinding loop 1  iteration  2   file s3_clnt_3.BV.c.cil-1a.c line 101 function ssl3_connect
Unwinding loop 1  iteration  3   file s3_clnt_3.BV.c.cil-1a.c line 101 function ssl3_connect
Unwinding loop 1  iteration  4   file s3_clnt_3.BV.c.cil-1a.c line 101 function ssl3_connect
Unwinding loop 1  iteration  5   file s3_clnt_3.BV.c.cil-1a.c line 101 function ssl3_connect
Unwinding loop 1  iteration  6   file s3_clnt_3.BV.c.cil-1a.c line 101 function ssl3_connect
Unwinding loop 1  iteration  7   file s3_clnt_3.BV.c.cil-1a.c line 101 function ssl3_connect
Unwinding loop 1  iteration  8   file s3_clnt_3.BV.c.cil-1a.c line 101 function ssl3_connect
Unwinding loop 1  iteration  9   file s3_clnt_3.BV.c.cil-1a.c line 101 function ssl3_connect
Unwinding loop 1  iteration  10   file s3_clnt_3.BV.c.cil-1a.c line 101 function ssl3_connect
Unwinding loop 1  iteration  11   file s3_clnt_3.BV.c.cil-1a.c line 101 function ssl3_connect
Unwinding loop 1  iteration  12   file s3_clnt_3.BV.c.cil-1a.c line 101 function ssl3_connect
Not unwinding 
Symex completed in: 1.333s (17326 assignments)
Slicing time: 0.266s (removed 14774 assignments)
Generated 128 VCC(s), 128 remaining after simplification (2552 assignments)
No solver specified; defaulting to Boolector
Encoding remaining VCC(s) using bit-vector/floating-point arithmetic
Encoding to solver time: 0.041s
Solving with solver Boolector 3.2.1
Encoding to solver time: 0.041s
Runtime decision procedure: 0.224s
The forward condition is unable to prove the property
*** Checking base case, k = 15
Starting Bounded Model Checking
Unwinding loop 1  iteration  1   file s3_clnt_3.BV.c.cil-1a.c line 101 function ssl3_connect
Unwinding loop 1  iteration  2   file s3_clnt_3.BV.c.cil-1a.c line 101 function ssl3_connect
Unwinding loop 1  iteration  3   file s3_clnt_3.BV.c.cil-1a.c line 101 function ssl3_connect
Unwinding loop 1  iteration  4   file s3_clnt_3.BV.c.cil-1a.c line 101 function ssl3_connect
Unwinding loop 1  iteration  5   file s3_clnt_3.BV.c.cil-1a.c line 101 function ssl3_connect
Unwinding loop 1  iteration  6   file s3_clnt_3.BV.c.cil-1a.c line 101 function ssl3_connect
Unwinding loop 1  iteration  7   file s3_clnt_3.BV.c.cil-1a.c line 101 function ssl3_connect
Unwinding loop 1  iteration  8   file s3_clnt_3.BV.c.cil-1a.c line 101 function ssl3_connect
Unwinding loop 1  iteration  9   file s3_clnt_3.BV.c.cil-1a.c line 101 function ssl3_connect
Unwinding loop 1  iteration  10   file s3_clnt_3.BV.c.cil-1a.c line 101 function ssl3_connect
Unwinding loop 1  iteration  11   file s3_clnt_3.BV.c.cil-1a.c line 101 function ssl3_connect
Unwinding loop 1  iteration  12   file s3_clnt_3.BV.c.cil-1a.c line 101 function ssl3_connect
Unwinding loop 1  iteration  13   file s3_clnt_3.BV.c.cil-1a.c line 101 function ssl3_connect
Unwinding loop 1  iteration  14   file s3_clnt_3.BV.c.cil-1a.c line 101 function ssl3_connect
Not unwinding 
Symex completed in: 1.601s (20806 assignments)
Slicing time: 0.371s (removed 17696 assignments)
Generated 151 VCC(s), 151 remaining after simplification (3110 assignments)
No solver specified; defaulting to Boolector
Encoding remaining VCC(s) using bit-vector/floating-point arithmetic
Encoding to solver time: 0.062s
Solving with solver Boolector 3.2.1
Encoding to solver time: 0.062s
Runtime decision procedure: 0.000s
BMC program time: 2.035s
No bug has been found in the base case
*** Checking forward condition, k = 15
Starting Bounded Model Checking
Unwinding loop 1  iteration  1   file s3_clnt_3.BV.c.cil-1a.c line 101 function ssl3_connect
Unwinding loop 1  iteration  2   file s3_clnt_3.BV.c.cil-1a.c line 101 function ssl3_connect
Unwinding loop 1  iteration  3   file s3_clnt_3.BV.c.cil-1a.c line 101 function ssl3_connect
Unwinding loop 1  iteration  4   file s3_clnt_3.BV.c.cil-1a.c line 101 function ssl3_connect
Unwinding loop 1  iteration  5   file s3_clnt_3.BV.c.cil-1a.c line 101 function ssl3_connect
Unwinding loop 1  iteration  6   file s3_clnt_3.BV.c.cil-1a.c line 101 function ssl3_connect
Unwinding loop 1  iteration  7   file s3_clnt_3.BV.c.cil-1a.c line 101 function ssl3_connect
Unwinding loop 1  iteration  8   file s3_clnt_3.BV.c.cil-1a.c line 101 function ssl3_connect
Unwinding loop 1  iteration  9   file s3_clnt_3.BV.c.cil-1a.c line 101 function ssl3_connect
Unwinding loop 1  iteration  10   file s3_clnt_3.BV.c.cil-1a.c line 101 function ssl3_connect
Unwinding loop 1  iteration  11   file s3_clnt_3.BV.c.cil-1a.c line 101 function ssl3_connect
Unwinding loop 1  iteration  12   file s3_clnt_3.BV.c.cil-1a.c line 101 function ssl3_connect
Unwinding loop 1  iteration  13   file s3_clnt_3.BV.c.cil-1a.c line 101 function ssl3_connect
Unwinding loop 1  iteration  14   file s3_clnt_3.BV.c.cil-1a.c line 101 function ssl3_connect
Not unwinding 
Symex completed in: 1.627s (20806 assignments)
Slicing time: 0.380s (removed 17696 assignments)
Generated 152 VCC(s), 152 remaining after simplification (3110 assignments)
No solver specified; defaulting to Boolector
Encoding remaining VCC(s) using bit-vector/floating-point arithmetic
Encoding to solver time: 0.050s
Solving with solver Boolector 3.2.1
Encoding to solver time: 0.050s
Runtime decision procedure: 0.280s
BMC program time: 2.338s
Building successful trace

VERIFICATION SUCCESSFUL

Solution found by the forward condition; all states are reachable (k = 15


TRUE
