./esbmc-wrapper.py -p ../sv-benchmarks/c/properties/unreach-call.prp -s kinduction --arch 32 ../sv-benchmarks/c/eca-rers2012/Problem11_label20.c


--------------------------------------------------------------------------------


Verifying with ESBMC
Command: ./esbmc --no-div-by-zero-check --force-malloc-success --state-hashing --no-align-check --k-step 2 --floatbv --unlimited-k-steps ../sv-benchmarks/c/eca-rers2012/Problem11_label20.c --32 --witness-output Problem11_label20.c.graphml --no-pointer-check --no-bounds-check --interval-analysis --k-induction --max-inductive-step 3 
ESBMC version 6.8.0 64-bit x86_64 linux
Target: 32-bit little-endian x86_64-unknown-linux with esbmc libc
file ../sv-benchmarks/c/eca-rers2012/Problem11_label20.c: Parsing
Converting
Generating GOTO Program
GOTO program creation time: 0.376s
GOTO program processing time: 0.080s
*** Checking base case, k = 1
Starting Bounded Model Checking
Not unwinding 
Symex completed in: 0.019s (101 assignments)
Slicing time: 0.000s (removed 97 assignments)
Generated 0 VCC(s), 0 remaining after simplification (4 assignments)
BMC program time: 0.019s
No bug has been found in the base case
*** Checking forward condition, k = 1
Starting Bounded Model Checking
Not unwinding 
Symex completed in: 0.016s (101 assignments)
Slicing time: 0.000s (removed 97 assignments)
Generated 1 VCC(s), 1 remaining after simplification (4 assignments)
No solver specified; defaulting to Boolector
Encoding remaining VCC(s) using bit-vector/floating-point arithmetic
Encoding to solver time: 0.000s
Solving with solver Boolector 3.2.1
Encoding to solver time: 0.000s
Runtime decision procedure: 0.004s
The forward condition is unable to prove the property
*** Checking base case, k = 3
Starting Bounded Model Checking
Unwinding loop 1  iteration  1   file Problem11_label20.c line 1044 function main
Unwinding loop 1  iteration  2   file Problem11_label20.c line 1044 function main
Not unwinding 
Symex completed in: 0.238s (4033 assignments)
Slicing time: 0.058s (removed 2549 assignments)
Generated 2 VCC(s), 2 remaining after simplification (1484 assignments)
No solver specified; defaulting to Boolector
Encoding remaining VCC(s) using bit-vector/floating-point arithmetic
Encoding to solver time: 0.039s
Solving with solver Boolector 3.2.1
Encoding to solver time: 0.039s
Runtime decision procedure: 0.581s
BMC program time: 0.918s
No bug has been found in the base case
*** Checking forward condition, k = 3
Starting Bounded Model Checking
Unwinding loop 1  iteration  1   file Problem11_label20.c line 1044 function main
Unwinding loop 1  iteration  2   file Problem11_label20.c line 1044 function main
Not unwinding 
Symex completed in: 0.250s (4031 assignments)
Slicing time: 0.059s (removed 2549 assignments)
Generated 1 VCC(s), 1 remaining after simplification (1482 assignments)
No solver specified; defaulting to Boolector
Encoding remaining VCC(s) using bit-vector/floating-point arithmetic
Encoding to solver time: 0.041s
Solving with solver Boolector 3.2.1
Encoding to solver time: 0.041s
Runtime decision procedure: 2.890s
The forward condition is unable to prove the property
*** Checking inductive step, k = 3
Starting Bounded Model Checking
Unwinding loop 1  iteration  1   file Problem11_label20.c line 1044 function main
Unwinding loop 1  iteration  2   file Problem11_label20.c line 1044 function main
Not unwinding 
Symex completed in: 0.399s (6538 assignments)
Slicing time: 0.293s (removed 2642 assignments)
Generated 1 VCC(s), 1 remaining after simplification (3896 assignments)
No solver specified; defaulting to Boolector
Encoding remaining VCC(s) using bit-vector/floating-point arithmetic
Encoding to solver time: 0.137s
Solving with solver Boolector 3.2.1
Encoding to solver time: 0.137s
Runtime decision procedure: 20.102s
The inductive step is unable to prove the property
*** Checking base case, k = 5
Starting Bounded Model Checking
Unwinding loop 1  iteration  1   file Problem11_label20.c line 1044 function main
Unwinding loop 1  iteration  2   file Problem11_label20.c line 1044 function main
Unwinding loop 1  iteration  3   file Problem11_label20.c line 1044 function main
Unwinding loop 1  iteration  4   file Problem11_label20.c line 1044 function main
Not unwinding 
Symex completed in: 0.507s (7965 assignments)
Slicing time: 0.155s (removed 3819 assignments)
Generated 4 VCC(s), 4 remaining after simplification (4146 assignments)
No solver specified; defaulting to Boolector
Encoding remaining VCC(s) using bit-vector/floating-point arithmetic
Encoding to solver time: 0.115s
Solving with solver Boolector 3.2.1
Encoding to solver time: 0.115s
Runtime decision procedure: 23.379s
Building error trace

Counterexample:

State 1 file Problem11_label20.c line 1048 function main thread 0
----------------------------------------------------
  input = 4 (00000000 00000000 00000000 00000100)

State 2 file Problem11_label20.c line 1048 function main thread 0
----------------------------------------------------
  input = 2 (00000000 00000000 00000000 00000010)

State 3 file Problem11_label20.c line 632 function calculate_output thread 0
----------------------------------------------------
  a29 = -28520 (11111111 11111111 10010000 10011000)

State 4 file Problem11_label20.c line 633 function calculate_output thread 0
----------------------------------------------------
  a23 = -599992 (11111111 11110110 11011000 01001000)

State 5 file Problem11_label20.c line 1048 function main thread 0
----------------------------------------------------
  input = 6 (00000000 00000000 00000000 00000110)

State 6 file Problem11_label20.c line 836 function calculate_output thread 0
----------------------------------------------------
  a23 = 54 (00000000 00000000 00000000 00110110)

State 7 file Problem11_label20.c line 1048 function main thread 0
----------------------------------------------------
  input = 2 (00000000 00000000 00000000 00000010)

State 8 file Problem11_label20.c line 12 function reach_error thread 0
----------------------------------------------------
Violated property:
  file Problem11_label20.c line 12 function reach_error
  assertion 0
  0


VERIFICATION FAILED

Bug found (k = 5)

../sv-benchmarks/c/eca-rers2012/Problem11_label20.c:488:13: warning: equality comparison with extraneous parentheses [-Wparentheses-equality]
                if((a8==17)){
                    ~~^~~~
../sv-benchmarks/c/eca-rers2012/Problem11_label20.c:488:13: note: remove extraneous parentheses around the comparison to silence this warning
                if((a8==17)){
                   ~  ^   ~
../sv-benchmarks/c/eca-rers2012/Problem11_label20.c:488:13: note: use '=' to turn this equality comparison into an assignment
                if((a8==17)){
                      ^~
                      =
../sv-benchmarks/c/eca-rers2012/Problem11_label20.c:498:13: warning: equality comparison with extraneous parentheses [-Wparentheses-equality]
                if((a8==16)){
                    ~~^~~~
../sv-benchmarks/c/eca-rers2012/Problem11_label20.c:498:13: note: remove extraneous parentheses around the comparison to silence this warning
                if((a8==16)){
                   ~  ^   ~
../sv-benchmarks/c/eca-rers2012/Problem11_label20.c:498:13: note: use '=' to turn this equality comparison into an assignment
                if((a8==16)){
                      ^~
                      =
../sv-benchmarks/c/eca-rers2012/Problem11_label20.c:597:13: warning: equality comparison with extraneous parentheses [-Wparentheses-equality]
                if((a3==1)){
                    ~~^~~
../sv-benchmarks/c/eca-rers2012/Problem11_label20.c:597:13: note: remove extraneous parentheses around the comparison to silence this warning
                if((a3==1)){
                   ~  ^  ~
../sv-benchmarks/c/eca-rers2012/Problem11_label20.c:597:13: note: use '=' to turn this equality comparison into an assignment
                if((a3==1)){
                      ^~
                      =
../sv-benchmarks/c/eca-rers2012/Problem11_label20.c:614:13: warning: equality comparison with extraneous parentheses [-Wparentheses-equality]
                if((a4==1)){
                    ~~^~~
../sv-benchmarks/c/eca-rers2012/Problem11_label20.c:614:13: note: remove extraneous parentheses around the comparison to silence this warning
                if((a4==1)){
                   ~  ^  ~
../sv-benchmarks/c/eca-rers2012/Problem11_label20.c:614:13: note: use '=' to turn this equality comparison into an assignment
                if((a4==1)){
                      ^~
                      =
../sv-benchmarks/c/eca-rers2012/Problem11_label20.c:728:14: warning: equality comparison with extraneous parentheses [-Wparentheses-equality]
                if((a25==9)){
                    ~~~^~~
../sv-benchmarks/c/eca-rers2012/Problem11_label20.c:728:14: note: remove extraneous parentheses around the comparison to silence this warning
                if((a25==9)){
                   ~   ^  ~
../sv-benchmarks/c/eca-rers2012/Problem11_label20.c:728:14: note: use '=' to turn this equality comparison into an assignment
                if((a25==9)){
                       ^~
                       =
../sv-benchmarks/c/eca-rers2012/Problem11_label20.c:768:13: warning: equality comparison with extraneous parentheses [-Wparentheses-equality]
                if((a8==17)){
                    ~~^~~~
../sv-benchmarks/c/eca-rers2012/Problem11_label20.c:768:13: note: remove extraneous parentheses around the comparison to silence this warning
                if((a8==17)){
                   ~  ^   ~
../sv-benchmarks/c/eca-rers2012/Problem11_label20.c:768:13: note: use '=' to turn this equality comparison into an assignment
                if((a8==17)){
                      ^~
                      =
../sv-benchmarks/c/eca-rers2012/Problem11_label20.c:815:13: warning: equality comparison with extraneous parentheses [-Wparentheses-equality]
                if((a8==15)){
                    ~~^~~~
../sv-benchmarks/c/eca-rers2012/Problem11_label20.c:815:13: note: remove extraneous parentheses around the comparison to silence this warning
                if((a8==15)){
                   ~  ^   ~
../sv-benchmarks/c/eca-rers2012/Problem11_label20.c:815:13: note: use '=' to turn this equality comparison into an assignment
                if((a8==15)){
                      ^~
                      =
../sv-benchmarks/c/eca-rers2012/Problem11_label20.c:876:13: warning: equality comparison with extraneous parentheses [-Wparentheses-equality]
                if((a4==1)){
                    ~~^~~
../sv-benchmarks/c/eca-rers2012/Problem11_label20.c:876:13: note: remove extraneous parentheses around the comparison to silence this warning
                if((a4==1)){
                   ~  ^  ~
../sv-benchmarks/c/eca-rers2012/Problem11_label20.c:876:13: note: use '=' to turn this equality comparison into an assignment
                if((a4==1)){
                      ^~
                      =
../sv-benchmarks/c/eca-rers2012/Problem11_label20.c:914:13: warning: equality comparison with extraneous parentheses [-Wparentheses-equality]
                if((a8==16)){
                    ~~^~~~
../sv-benchmarks/c/eca-rers2012/Problem11_label20.c:914:13: note: remove extraneous parentheses around the comparison to silence this warning
                if((a8==16)){
                   ~  ^   ~
../sv-benchmarks/c/eca-rers2012/Problem11_label20.c:914:13: note: use '=' to turn this equality comparison into an assignment
                if((a8==16)){
                      ^~
                      =
../sv-benchmarks/c/eca-rers2012/Problem11_label20.c:926:13: warning: equality comparison with extraneous parentheses [-Wparentheses-equality]
                if((a3==1)){
                    ~~^~~
../sv-benchmarks/c/eca-rers2012/Problem11_label20.c:926:13: note: remove extraneous parentheses around the comparison to silence this warning
                if((a3==1)){
                   ~  ^  ~
../sv-benchmarks/c/eca-rers2012/Problem11_label20.c:926:13: note: use '=' to turn this equality comparison into an assignment
                if((a3==1)){
                      ^~
                      =
../sv-benchmarks/c/eca-rers2012/Problem11_label20.c:980:13: warning: equality comparison with extraneous parentheses [-Wparentheses-equality]
                if((a4==1)){
                    ~~^~~
../sv-benchmarks/c/eca-rers2012/Problem11_label20.c:980:13: note: remove extraneous parentheses around the comparison to silence this warning
                if((a4==1)){
                   ~  ^  ~
../sv-benchmarks/c/eca-rers2012/Problem11_label20.c:980:13: note: use '=' to turn this equality comparison into an assignment
                if((a4==1)){
                      ^~
                      =

FALSE_REACH
