./esbmc-wrapper.py -p ../sv-benchmarks/c/properties/unreach-call.prp -s kinduction --arch 64 ../sv-benchmarks/c/ldv-linux-3.16-rc1/43_2a_consumption_linux-3.16-rc1.tar.xz-43_2a-drivers--usb--dwc2--dwc2_gadget.ko-entry_point.cil.out.i


--------------------------------------------------------------------------------


Verifying with ESBMC
Command: ./esbmc --no-div-by-zero-check --force-malloc-success --state-hashing --no-align-check --k-step 2 --floatbv --unlimited-k-steps ../sv-benchmarks/c/ldv-linux-3.16-rc1/43_2a_consumption_linux-3.16-rc1.tar.xz-43_2a-drivers--usb--dwc2--dwc2_gadget.ko-entry_point.cil.out.i --64 --witness-output 43_2a_consumption_linux-3.16-rc1.tar.xz-43_2a-drivers--usb--dwc2--dwc2_gadget.ko-entry_point.cil.out.i.graphml --no-pointer-check --no-bounds-check --interval-analysis --k-induction --max-inductive-step 3 
ESBMC version 6.8.0 64-bit x86_64 linux
Target: 64-bit little-endian x86_64-unknown-linux with esbmc libc
file ../sv-benchmarks/c/ldv-linux-3.16-rc1/43_2a_consumption_linux-3.16-rc1.tar.xz-43_2a-drivers--usb--dwc2--dwc2_gadget.ko-entry_point.cil.out.i: Parsing
Converting
Generating GOTO Program
GOTO program creation time: 1.116s
GOTO program processing time: 0.384s
*** Checking base case, k = 1
Starting Bounded Model Checking
Not unwinding 
Not unwinding 
Not unwinding 
Not unwinding 
Not unwinding 
Not unwinding 
Not unwinding 
Not unwinding 
Symex completed in: 0.032s (408 assignments)
Slicing time: 0.000s (removed 315 assignments)
Generated 0 VCC(s), 0 remaining after simplification (93 assignments)
BMC program time: 0.032s
No bug has been found in the base case
*** Checking forward condition, k = 1
Starting Bounded Model Checking
Not unwinding 
Not unwinding 
Not unwinding 
Not unwinding 
Not unwinding 
Not unwinding 
Not unwinding 
Not unwinding 
Symex completed in: 0.031s (408 assignments)
Slicing time: 0.000s (removed 315 assignments)
Generated 8 VCC(s), 8 remaining after simplification (93 assignments)
No solver specified; defaulting to Boolector
Encoding remaining VCC(s) using bit-vector/floating-point arithmetic
Encoding to solver time: 0.007s
Solving with solver Boolector 3.2.1
Encoding to solver time: 0.007s
Runtime decision procedure: 0.655s
The forward condition is unable to prove the property
*** Checking base case, k = 3
Starting Bounded Model Checking
Unwinding loop 33  iteration  1   file string.c line 272 function __memset_impl
Unwinding loop 33  iteration  2   file string.c line 272 function __memset_impl
Not unwinding 
Unwinding loop 33  iteration  1   file string.c line 272 function __memset_impl
Unwinding loop 33  iteration  1   file string.c line 272 function __memset_impl
Unwinding loop 33  iteration  2   file string.c line 272 function __memset_impl
Not unwinding 
Unwinding loop 33  iteration  1   file string.c line 272 function __memset_impl
Unwinding loop 33  iteration  1   file string.c line 272 function __memset_impl
Unwinding loop 33  iteration  2   file string.c line 272 function __memset_impl
Not unwinding 
Unwinding loop 33  iteration  1   file string.c line 272 function __memset_impl
Unwinding loop 33  iteration  2   file string.c line 272 function __memset_impl
Not unwinding 
Unwinding loop 33  iteration  1   file string.c line 272 function __memset_impl
Unwinding loop 33  iteration  1   file string.c line 272 function __memset_impl
Unwinding loop 33  iteration  2   file string.c line 272 function __memset_impl
Not unwinding 
Symex completed in: 0.036s (436 assignments)
Slicing time: 0.001s (removed 349 assignments)
Generated 0 VCC(s), 0 remaining after simplification (87 assignments)
BMC program time: 0.037s
No bug has been found in the base case
*** Checking forward condition, k = 3
Starting Bounded Model Checking
Unwinding loop 33  iteration  1   file string.c line 272 function __memset_impl
Unwinding loop 33  iteration  2   file string.c line 272 function __memset_impl
Not unwinding 
Unwinding loop 33  iteration  1   file string.c line 272 function __memset_impl
Unwinding loop 33  iteration  1   file string.c line 272 function __memset_impl
Unwinding loop 33  iteration  2   file string.c line 272 function __memset_impl
Not unwinding 
Unwinding loop 33  iteration  1   file string.c line 272 function __memset_impl
Unwinding loop 33  iteration  1   file string.c line 272 function __memset_impl
Unwinding loop 33  iteration  2   file string.c line 272 function __memset_impl
Not unwinding 
Unwinding loop 33  iteration  1   file string.c line 272 function __memset_impl
Unwinding loop 33  iteration  2   file string.c line 272 function __memset_impl
Not unwinding 
Unwinding loop 33  iteration  1   file string.c line 272 function __memset_impl
Unwinding loop 33  iteration  1   file string.c line 272 function __memset_impl
Unwinding loop 33  iteration  2   file string.c line 272 function __memset_impl
Not unwinding 
Symex completed in: 0.034s (436 assignments)
Slicing time: 0.001s (removed 349 assignments)
Generated 5 VCC(s), 5 remaining after simplification (87 assignments)
No solver specified; defaulting to Boolector
Encoding remaining VCC(s) using bit-vector/floating-point arithmetic
Encoding to solver time: 0.006s
Solving with solver Boolector 3.2.1
Encoding to solver time: 0.006s
Runtime decision procedure: 0.660s
The forward condition is unable to prove the property
*** Checking inductive step, k = 3
Starting Bounded Model Checking
Unwinding loop 33  iteration  1   file string.c line 272 function __memset_impl
Unwinding loop 33  iteration  2   file string.c line 272 function __memset_impl
Not unwinding 
Unwinding loop 33  iteration  1   file string.c line 272 function __memset_impl
Unwinding loop 33  iteration  2   file string.c line 272 function __memset_impl
Not unwinding 
Unwinding loop 33  iteration  1   file string.c line 272 function __memset_impl
Unwinding loop 33  iteration  2   file string.c line 272 function __memset_impl
Not unwinding 
Unwinding loop 33  iteration  1   file string.c line 272 function __memset_impl
Unwinding loop 33  iteration  2   file string.c line 272 function __memset_impl
Not unwinding 
Unwinding loop 33  iteration  1   file string.c line 272 function __memset_impl
Unwinding loop 33  iteration  2   file string.c line 272 function __memset_impl
Not unwinding 
Unwinding loop 33  iteration  1   file string.c line 272 function __memset_impl
Unwinding loop 33  iteration  2   file string.c line 272 function __memset_impl
Not unwinding 
Unwinding loop 33  iteration  1   file string.c line 272 function __memset_impl
Unwinding loop 33  iteration  2   file string.c line 272 function __memset_impl
Not unwinding 
Unwinding loop 33  iteration  1   file string.c line 272 function __memset_impl
Unwinding loop 33  iteration  2   file string.c line 272 function __memset_impl
Not unwinding 
Unwinding loop 33  iteration  1   file string.c line 272 function __memset_impl
Unwinding loop 33  iteration  2   file string.c line 272 function __memset_impl
Not unwinding 
Unwinding loop 33  iteration  1   file string.c line 272 function __memset_impl
Unwinding loop 33  iteration  2   file string.c line 272 function __memset_impl
Not unwinding 
Unwinding loop 14  iteration  1   file 43_2a_consumption_linux-3.16-rc1.tar.xz-43_2a-drivers--usb--dwc2--dwc2_gadget.ko-entry_point.cil.out.i line 6733 function kill_all_requests
No target candidate for function call *hs_req->req.complete
Unwinding loop 14  iteration  2   file 43_2a_consumption_linux-3.16-rc1.tar.xz-43_2a-drivers--usb--dwc2--dwc2_gadget.ko-entry_point.cil.out.i line 6733 function kill_all_requests
No target candidate for function call *hs_req->req.complete
Not unwinding 
Unwinding loop 12  iteration  1   file 43_2a_consumption_linux-3.16-rc1.tar.xz-43_2a-drivers--usb--dwc2--dwc2_gadget.ko-entry_point.cil.out.i line 6212 function s3c_hsotg_txfifo_flush
Unwinding loop 12  iteration  2   file 43_2a_consumption_linux-3.16-rc1.tar.xz-43_2a-drivers--usb--dwc2--dwc2_gadget.ko-entry_point.cil.out.i line 6212 function s3c_hsotg_txfifo_flush
Not unwinding 
Unwinding loop 22  iteration  1   file 43_2a_consumption_linux-3.16-rc1.tar.xz-43_2a-drivers--usb--dwc2--dwc2_gadget.ko-entry_point.cil.out.i line 7516 function on_list
Unwinding loop 22  iteration  2   file 43_2a_consumption_linux-3.16-rc1.tar.xz-43_2a-drivers--usb--dwc2--dwc2_gadget.ko-entry_point.cil.out.i line 7516 function on_list
Not unwinding 
No target candidate for function call *hs_req->req.complete
Unwinding loop 29  iteration  1   file 43_2a_consumption_linux-3.16-rc1.tar.xz-43_2a-drivers--usb--dwc2--dwc2_gadget.ko-entry_point.cil.out.i line 8379 function s3c_hsotg_probe
Unwinding loop 29  iteration  2   file 43_2a_consumption_linux-3.16-rc1.tar.xz-43_2a-drivers--usb--dwc2--dwc2_gadget.ko-entry_point.cil.out.i line 8379 function s3c_hsotg_probe
No target candidate for function call *x->init
No target candidate for function call *hsotg->plat->phy_init
Unwinding loop 16  iteration  1   file 43_2a_consumption_linux-3.16-rc1.tar.xz-43_2a-drivers--usb--dwc2--dwc2_gadget.ko-entry_point.cil.out.
../sv-benchmarks/c/ldv-linux-3.16-rc1/43_2a_consumption_linux-3.16-rc1.tar.xz-43_2a-drivers--usb--dwc2--dwc2_gadget.ko-entry_point.cil.out.i:3747:27: warning: declaration of 'struct kobject___0' will not be visible outside of this function [-Wvisibility]
   ssize_t (*show)(struct kobject___0 * , struct attribute___0 * , char * ) ;
                          ^
../sv-benchmarks/c/ldv-linux-3.16-rc1/43_2a_consumption_linux-3.16-rc1.tar.xz-43_2a-drivers--usb--dwc2--dwc2_gadget.ko-entry_point.cil.out.i:3748:28: warning: declaration of 'struct kobject___0' will not be visible outside of this function [-Wvisibility]
   ssize_t (*store)(struct kobject___0 * , struct attribute___0 * , char const * ,
                           ^
Function call to "c:43_2a_consumption_linux-3.16-rc1.tar.xz-43_2a-drivers--usb--dwc2--dwc2_gadget.ko-entry_point.cil.out.i@F@s3c_hsotg_pullup": number of arguments doesn't match type definition; some inconsistent rewriting occured


Unknown
