./esbmc-wrapper.py -p ../sv-benchmarks/c/properties/unreach-call.prp -s kinduction --arch 32 ../sv-benchmarks/c/seq-pthread/cs_queue-1.i


--------------------------------------------------------------------------------


Verifying with ESBMC
Command: ./esbmc --no-div-by-zero-check --force-malloc-success --state-hashing --no-align-check --k-step 2 --floatbv --unlimited-k-steps ../sv-benchmarks/c/seq-pthread/cs_queue-1.i --32 --witness-output cs_queue-1.i.graphml --no-pointer-check --no-bounds-check --interval-analysis --k-induction --max-inductive-step 3 
ESBMC version 6.8.0 64-bit x86_64 linux
Target: 32-bit little-endian x86_64-unknown-linux with esbmc libc
file ../sv-benchmarks/c/seq-pthread/cs_queue-1.i: Parsing
Converting
Generating GOTO Program
GOTO program creation time: 0.281s
GOTO program processing time: 0.029s
*** Checking base case, k = 1
Starting Bounded Model Checking
Not unwinding 
Symex completed in: 0.004s (52 assignments)
Slicing time: 0.000s (removed 50 assignments)
Generated 0 VCC(s), 0 remaining after simplification (2 assignments)
BMC program time: 0.004s
No bug has been found in the base case
*** Checking forward condition, k = 1
Starting Bounded Model Checking
Not unwinding 
Symex completed in: 0.003s (52 assignments)
Slicing time: 0.000s (removed 50 assignments)
Generated 1 VCC(s), 1 remaining after simplification (2 assignments)
No solver specified; defaulting to Boolector
Encoding remaining VCC(s) using bit-vector/floating-point arithmetic
Encoding to solver time: 0.000s
Solving with solver Boolector 3.2.1
Encoding to solver time: 0.000s
Runtime decision procedure: 0.000s
The forward condition is unable to prove the property
*** Checking base case, k = 3
Starting Bounded Model Checking
Unwinding loop 7  iteration  1   file cs_queue-1.i line 1160 function main
Unwinding loop 7  iteration  2   file cs_queue-1.i line 1160 function main
Not unwinding 
Symex completed in: 0.003s (56 assignments)
Slicing time: 0.000s (removed 54 assignments)
Generated 0 VCC(s), 0 remaining after simplification (2 assignments)
BMC program time: 0.003s
No bug has been found in the base case
*** Checking forward condition, k = 3
Starting Bounded Model Checking
Unwinding loop 7  iteration  1   file cs_queue-1.i line 1160 function main
Unwinding loop 7  iteration  2   file cs_queue-1.i line 1160 function main
Not unwinding 
Symex completed in: 0.003s (56 assignments)
Slicing time: 0.000s (removed 54 assignments)
Generated 1 VCC(s), 1 remaining after simplification (2 assignments)
No solver specified; defaulting to Boolector
Encoding remaining VCC(s) using bit-vector/floating-point arithmetic
Encoding to solver time: 0.000s
Solving with solver Boolector 3.2.1
Encoding to solver time: 0.000s
Runtime decision procedure: 0.001s
The forward condition is unable to prove the property
*** Checking inductive step, k = 3
Starting Bounded Model Checking
Unwinding loop 7  iteration  1   file cs_queue-1.i line 1160 function main
Unwinding loop 7  iteration  2   file cs_queue-1.i line 1160 function main
Not unwinding 
Unwinding loop 8  iteration  1   file cs_queue-1.i line 1163 function main
Unwinding loop 8  iteration  2   file cs_queue-1.i line 1163 function main
Not unwinding 
Unwinding loop 9  iteration  1   file cs_queue-1.i line 1167 function main
Unwinding loop 9  iteration  2   file cs_queue-1.i line 1167 function main
Not unwinding 
Unwinding loop 10  iteration  1   file cs_queue-1.i line 1153 function main
Unwinding loop 7  iteration  1   file cs_queue-1.i line 1160 function main
Unwinding loop 7  iteration  2   file cs_queue-1.i line 1160 function main
Not unwinding 
Unwinding loop 8  iteration  1   file cs_queue-1.i line 1163 function main
Unwinding loop 8  iteration  2   file cs_queue-1.i line 1163 function main
Not unwinding 
Unwinding loop 9  iteration  1   file cs_queue-1.i line 1167 function main
Unwinding loop 9  iteration  2   file cs_queue-1.i line 1167 function main
Not unwinding 
Unwinding loop 10  iteration  2   file cs_queue-1.i line 1153 function main
Unwinding loop 7  iteration  1   file cs_queue-1.i line 1160 function main
Unwinding loop 7  iteration  2   file cs_queue-1.i line 1160 function main
Not unwinding 
Unwinding loop 8  iteration  1   file cs_queue-1.i line 1163 function main
Unwinding loop 8  iteration  2   file cs_queue-1.i line 1163 function main
Not unwinding 
Unwinding loop 9  iteration  1   file cs_queue-1.i line 1167 function main
Unwinding loop 9  iteration  2   file cs_queue-1.i line 1167 function main
Not unwinding 
Not unwinding 
Unwinding loop 5  iteration  1   file cs_queue-1.i line 1048 function t1
Unwinding loop 5  iteration  2   file cs_queue-1.i line 1048 function t1
Not unwinding 
Unwinding loop 6  iteration  1   file cs_queue-1.i line 1079 function t2
Unwinding loop 6  iteration  2   file cs_queue-1.i line 1079 function t2
Not unwinding 
Unwinding loop 5  iteration  1   file cs_queue-1.i line 1048 function t1
Unwinding loop 5  iteration  2   file cs_queue-1.i line 1048 function t1
Not unwinding 
Unwinding loop 6  iteration  1   file cs_queue-1.i line 1079 function t2
Unwinding loop 6  iteration  2   file cs_queue-1.i line 1079 function t2
Not unwinding 
Symex completed in: 5.476s (6420 assignments)
Slicing time: 0.167s (removed 945 assignments)
Generated 7 VCC(s), 7 remaining after simplification (5475 assignments)
No solver specified; defaulting to Boolector
Encoding remaining VCC(s) using bit-vector/floating-point arithmetic
Encoding to solver time: 0.371s
Solving with solver Boolector 3.2.1
Encoding to solver time: 0.371s
Runtime decision procedure: 6.770s
BMC program time: 12.785s
Building successful trace

VERIFICATION SUCCESSFUL

Solution found by the inductive step (k = 3)

../sv-benchmarks/c/seq-pthread/cs_queue-1.i:961:1: warning: non-void function does not return a value in all control paths [-Wreturn-type]
}
^
../sv-benchmarks/c/seq-pthread/cs_queue-1.i:1121:35: warning: result of comparison of constant -1 with boolean expression is always false [-Wtautological-constant-out-of-range-compare]
 if ((!empty(&queue[__CS_round])) == (-1))
     ~~~~~~~~~~~~~~~~~~~~~~~~~~~~ ^  ~~~~
../sv-benchmarks/c/seq-pthread/cs_queue-1.i:1142:2: warning: non-void function does not return a value in all control paths [-Wreturn-type]
 }
 ^

TRUE
