./esbmc-wrapper.py -p ../sv-benchmarks/c/properties/unreach-call.prp -s kinduction --arch 32 ../sv-benchmarks/c/product-lines/minepump_spec3_product33.cil.c


--------------------------------------------------------------------------------


Verifying with ESBMC
Command: ./esbmc --no-div-by-zero-check --force-malloc-success --state-hashing --no-align-check --k-step 2 --floatbv --unlimited-k-steps ../sv-benchmarks/c/product-lines/minepump_spec3_product33.cil.c --32 --witness-output minepump_spec3_product33.cil.c.graphml --no-pointer-check --no-bounds-check --interval-analysis --k-induction --max-inductive-step 3 
ESBMC version 6.8.0 64-bit x86_64 linux
Target: 32-bit little-endian x86_64-unknown-linux with esbmc libc
file ../sv-benchmarks/c/product-lines/minepump_spec3_product33.cil.c: Parsing
Converting
Generating GOTO Program
GOTO program creation time: 0.111s
GOTO program processing time: 0.004s
*** Checking base case, k = 1
Starting Bounded Model Checking
Not unwinding 
Symex completed in: 0.002s (60 assignments)
Slicing time: 0.000s (removed 33 assignments)
Generated 1 VCC(s), 1 remaining after simplification (27 assignments)
No solver specified; defaulting to Boolector
Encoding remaining VCC(s) using bit-vector/floating-point arithmetic
Encoding to solver time: 0.001s
Solving with solver Boolector 3.2.1
Encoding to solver time: 0.001s
Runtime decision procedure: 0.000s
BMC program time: 0.003s
No bug has been found in the base case
*** Checking forward condition, k = 1
Starting Bounded Model Checking
Not unwinding 
Symex completed in: 0.002s (59 assignments)
Slicing time: 0.000s (removed 33 assignments)
Generated 1 VCC(s), 1 remaining after simplification (26 assignments)
No solver specified; defaulting to Boolector
Encoding remaining VCC(s) using bit-vector/floating-point arithmetic
Encoding to solver time: 0.000s
Solving with solver Boolector 3.2.1
Encoding to solver time: 0.000s
Runtime decision procedure: 0.002s
The forward condition is unable to prove the property
*** Checking base case, k = 3
Starting Bounded Model Checking
Unwinding loop 2  iteration  1   file minepump_spec3_product33.cil.c line 630 function test
Unwinding loop 2  iteration  2   file minepump_spec3_product33.cil.c line 630 function test
Not unwinding 
Symex completed in: 0.004s (170 assignments)
Slicing time: 0.001s (removed 65 assignments)
Generated 3 VCC(s), 3 remaining after simplification (105 assignments)
No solver specified; defaulting to Boolector
Encoding remaining VCC(s) using bit-vector/floating-point arithmetic
Encoding to solver time: 0.001s
Solving with solver Boolector 3.2.1
Encoding to solver time: 0.001s
Runtime decision procedure: 0.002s
BMC program time: 0.008s
No bug has been found in the base case
*** Checking forward condition, k = 3
Starting Bounded Model Checking
Unwinding loop 2  iteration  1   file minepump_spec3_product33.cil.c line 630 function test
Unwinding loop 2  iteration  2   file minepump_spec3_product33.cil.c line 630 function test
Not unwinding 
Symex completed in: 0.005s (167 assignments)
Slicing time: 0.000s (removed 65 assignments)
Generated 1 VCC(s), 1 remaining after simplification (102 assignments)
No solver specified; defaulting to Boolector
Encoding remaining VCC(s) using bit-vector/floating-point arithmetic
Encoding to solver time: 0.001s
Solving with solver Boolector 3.2.1
Encoding to solver time: 0.001s
Runtime decision procedure: 0.003s
The forward condition is unable to prove the property
*** Checking inductive step, k = 3
Starting Bounded Model Checking
Unwinding loop 2  iteration  1   file minepump_spec3_product33.cil.c line 630 function test
Unwinding loop 2  iteration  2   file minepump_spec3_product33.cil.c line 630 function test
Not unwinding 
Unwinding loop 1  iteration  1   file minepump_spec3_product33.cil.c line 155 function cleanup
Unwinding loop 1  iteration  2   file minepump_spec3_product33.cil.c line 155 function cleanup
Not unwinding 
Symex completed in: 0.013s (510 assignments)
Slicing time: 0.001s (removed 142 assignments)
Generated 3 VCC(s), 3 remaining after simplification (368 assignments)
No solver specified; defaulting to Boolector
Encoding remaining VCC(s) using bit-vector/floating-point arithmetic
Encoding to solver time: 0.003s
Solving with solver Boolector 3.2.1
Encoding to solver time: 0.003s
Runtime decision procedure: 0.151s
BMC program time: 0.169s
Building successful trace

VERIFICATION SUCCESSFUL

Solution found by the inductive step (k = 3)


TRUE
