./esbmc-wrapper.py -p ../sv-benchmarks/c/properties/unreach-call.prp -s kinduction --arch 64 ../sv-benchmarks/c/ldv-linux-3.4-simple/32_1_cilled_ok_nondet_linux-3.4-32_1-drivers--w1--slaves--w1_ds2408.ko-ldv_main0_sequence_infinite_withcheck_stateful.cil.out.i


--------------------------------------------------------------------------------


Verifying with ESBMC
Command: ./esbmc --no-div-by-zero-check --force-malloc-success --state-hashing --no-align-check --k-step 2 --floatbv --unlimited-k-steps ../sv-benchmarks/c/ldv-linux-3.4-simple/32_1_cilled_ok_nondet_linux-3.4-32_1-drivers--w1--slaves--w1_ds2408.ko-ldv_main0_sequence_infinite_withcheck_stateful.cil.out.i --64 --witness-output 32_1_cilled_ok_nondet_linux-3.4-32_1-drivers--w1--slaves--w1_ds2408.ko-ldv_main0_sequence_infinite_withcheck_stateful.cil.out.i.graphml --no-pointer-check --no-bounds-check --interval-analysis --k-induction --max-inductive-step 3 
ESBMC version 6.8.0 64-bit x86_64 linux
Target: 64-bit little-endian x86_64-unknown-linux with esbmc libc
file ../sv-benchmarks/c/ldv-linux-3.4-simple/32_1_cilled_ok_nondet_linux-3.4-32_1-drivers--w1--slaves--w1_ds2408.ko-ldv_main0_sequence_infinite_withcheck_stateful.cil.out.i: Parsing
Converting
Generating GOTO Program
GOTO program creation time: 0.348s
GOTO program processing time: 0.014s
*** Checking base case, k = 1
Starting Bounded Model Checking
Not unwinding 
Not unwinding 
Not unwinding 
Symex completed in: 0.008s (73 assignments)
Slicing time: 0.000s (removed 60 assignments)
Generated 0 VCC(s), 0 remaining after simplification (13 assignments)
BMC program time: 0.008s
No bug has been found in the base case
*** Checking forward condition, k = 1
Starting Bounded Model Checking
Not unwinding 
Not unwinding 
Not unwinding 
Symex completed in: 0.008s (73 assignments)
Slicing time: 0.000s (removed 60 assignments)
Generated 3 VCC(s), 3 remaining after simplification (13 assignments)
No solver specified; defaulting to Boolector
Encoding remaining VCC(s) using bit-vector/floating-point arithmetic
Encoding to solver time: 0.000s
Solving with solver Boolector 3.2.1
Encoding to solver time: 0.000s
Runtime decision procedure: 0.002s
The forward condition is unable to prove the property
*** Checking base case, k = 3
Starting Bounded Model Checking
Unwinding loop 5  iteration  1   file 32_1_cilled_ok_nondet_linux-3.4-32_1-drivers--w1--slaves--w1_ds2408.ko-ldv_main0_sequence_infinite_withcheck_stateful.cil.out.i line 2254 function w1_f29_add_slave
Unwinding loop 5  iteration  2   file 32_1_cilled_ok_nondet_linux-3.4-32_1-drivers--w1--slaves--w1_ds2408.ko-ldv_main0_sequence_infinite_withcheck_stateful.cil.out.i line 2254 function w1_f29_add_slave
Not unwinding 
Unwinding loop 6  iteration  1   file 32_1_cilled_ok_nondet_linux-3.4-32_1-drivers--w1--slaves--w1_ds2408.ko-ldv_main0_sequence_infinite_withcheck_stateful.cil.out.i line 2281 function w1_f29_add_slave
Unwinding loop 6  iteration  2   file 32_1_cilled_ok_nondet_linux-3.4-32_1-drivers--w1--slaves--w1_ds2408.ko-ldv_main0_sequence_infinite_withcheck_stateful.cil.out.i line 2281 function w1_f29_add_slave
Not unwinding 
Unwinding loop 7  iteration  1   file 32_1_cilled_ok_nondet_linux-3.4-32_1-drivers--w1--slaves--w1_ds2408.ko-ldv_main0_sequence_infinite_withcheck_stateful.cil.out.i line 2320 function w1_f29_remove_slave
Unwinding loop 7  iteration  2   file 32_1_cilled_ok_nondet_linux-3.4-32_1-drivers--w1--slaves--w1_ds2408.ko-ldv_main0_sequence_infinite_withcheck_stateful.cil.out.i line 2320 function w1_f29_remove_slave
Not unwinding 
Unwinding loop 8  iteration  1   file 32_1_cilled_ok_nondet_linux-3.4-32_1-drivers--w1--slaves--w1_ds2408.ko-ldv_main0_sequence_infinite_withcheck_stateful.cil.out.i line 2404 function main
Unwinding loop 5  iteration  1   file 32_1_cilled_ok_nondet_linux-3.4-32_1-drivers--w1--slaves--w1_ds2408.ko-ldv_main0_sequence_infinite_withcheck_stateful.cil.out.i line 2254 function w1_f29_add_slave
Unwinding loop 5  iteration  2   file 32_1_cilled_ok_nondet_linux-3.4-32_1-drivers--w1--slaves--w1_ds2408.ko-ldv_main0_sequence_infinite_withcheck_stateful.cil.out.i line 2254 function w1_f29_add_slave
Not unwinding 
Unwinding loop 6  iteration  1   file 32_1_cilled_ok_nondet_linux-3.4-32_1-drivers--w1--slaves--w1_ds2408.ko-ldv_main0_sequence_infinite_withcheck_stateful.cil.out.i line 2281 function w1_f29_add_slave
Unwinding loop 6  iteration  2   file 32_1_cilled_ok_nondet_linux-3.4-32_1-drivers--w1--slaves--w1_ds2408.ko-ldv_main0_sequence_infinite_withcheck_stateful.cil.out.i line 2281 function w1_f29_add_slave
Not unwinding 
Unwinding loop 7  iteration  1   file 32_1_cilled_ok_nondet_linux-3.4-32_1-drivers--w1--slaves--w1_ds2408.ko-ldv_main0_sequence_infinite_withcheck_stateful.cil.out.i line 2320 function w1_f29_remove_slave
Unwinding loop 7  iteration  2   file 32_1_cilled_ok_nondet_linux-3.4-32_1-drivers--w1--slaves--w1_ds2408.ko-ldv_main0_sequence_infinite_withcheck_stateful.cil.out.i line 2320 function w1_f29_remove_slave
Not unwinding 
Unwinding loop 8  iteration  2   file 32_1_cilled_ok_nondet_linux-3.4-32_1-drivers--w1--slaves--w1_ds2408.ko-ldv_main0_sequence_infinite_withcheck_stateful.cil.out.i line 2404 function main
Unwinding loop 5  iteration  1   file 32_1_cilled_ok_nondet_linux-3.4-32_1-drivers--w1--slaves--w1_ds2408.ko-ldv_main0_sequence_infinite_withcheck_stateful.cil.out.i line 2254 function w1_f29_add_slave
Unwinding loop 5  iteration  2   file 32_1_cilled_ok_nondet_linux-3.4-32_1-drivers--w1--slaves--w1_ds2408.ko-ldv_main0_sequence_infinite_withcheck_stateful.cil.out.i line 2254 function w1_f29_add_slave
Not unwinding 
Unwinding loop 6  iteration  1   file 32_1_cilled_ok_nondet_linux-3.4-32_1-drivers--w1--slaves--w1_ds2408.ko-ldv_main0_sequence_infinite_withcheck_stateful.cil.out.i line 2281 function w1_f29_add_slave
Unwinding loop 6  iteration  2   file 32_1_cilled_ok_nondet_linux-3.4-32_1-drivers--w1--slaves--w1_ds2408.ko-ldv_main0_sequence_infinite_withcheck_stateful.cil.out.i line 2281 function w1_f29_add_slave
Not unwinding 
Unwinding loop 7  iteration  1   file 32_1_cilled_ok_nondet_linux-3.4-32_1-drivers--w1--slaves--w1_ds2408.ko-ldv_main0_sequence_infinite_withcheck_stateful.cil.out.i line 2320 function w1_f29_remove_slave
Unwinding loop 7  iteration  2   file 32_1_cilled_ok_nondet_linux-3.4-32_1-drivers--w1--slaves--w1_ds2408.ko-ldv_main0_sequence_infinite_withcheck_stateful.cil.out.i line 2320 function w1_f29_remove_slave
Not unwinding 
Not unwinding 
Symex completed in: 0.048s (530 assignments)
Slicing time: 0.002s (removed 452 assignments)
Generated 0 VCC(s), 0 remaining after simplification (78 assignments)
BMC program time: 0.050s
No bug has been found in the base case
*** Checking forward condition, k = 3
Starting Bounded Model Checking
Unwinding loop 5  iteration  1   file 32_1_cilled_ok_nondet_linux-3.4-32_1-drivers--w1--slaves--w1_ds2408.ko-ldv_main0_sequence_infinite_withcheck_stateful.cil.out.i line 2254 function w1_f29_add_slave
Unwinding loop 5  iteration  2   file 32_1_cilled_ok_nondet_linux-3.4-32_1-drivers--w1--slaves--w1_ds2408.ko-ldv_main0_sequence_infinite_withcheck_stateful.cil.out.i line 2254 function w1_f29_add_slave
Not unwinding 
Unwinding loop 6  iteration  1   file 32_1_cilled_ok_nondet_linux-3.4-32_1-drivers--w1--slaves--w1_ds2408.ko-ldv_main0_sequence_infinite_withcheck_stateful.cil.out.i line 2281 function w1_f29_add_slave
Unwinding loop 6  iteration  2   file 32_1_cilled_ok_nondet_linux-3.4-32_1-drivers--w1--slaves--w1_ds2408.ko-ldv_main0_sequence_infinite_withcheck_stateful.cil.out.i line 2281 function w1_f29_add_slave
Not unwinding 
Unwinding loop 7  iteration  1   file 32_1_cilled_ok_nondet_linux-3.4-32_1-drivers--w1--slaves--w1_ds2408.ko-ldv_main0_sequence_infinite_withcheck_stateful.cil.out.i line 2320 function w1_f29_remove_slave
Unwinding loop 7  iteration  2   file 32_1_cilled_ok_nondet_linux-3.4-32_1-drivers--w1--slaves--w1_ds2408.ko-ldv_main0_sequence_infinite_withcheck_stateful.cil.out.i line 2320 function w1_f29_remove_slave
Not unwinding 
Unwinding loop 8  iteration  1   file 32_1_cilled_ok_nondet_linux-3.4-32_1-drivers--w1--slaves--w1_ds2408.ko-ldv_main0_sequence_infinite_withcheck_stateful.cil.out.i line 2404 function main
Unwinding loop 5  iteration  1   file 32_1_cilled_ok_nondet_linux-3.4-32_1-drivers--w1--slaves--w1_ds2408.ko-ldv_main0_sequence_infinite_withcheck_stateful.cil.out.i line 2254 function w1_f29_add_slave
Unwinding loop 5  iteration  2   file 32_1_cilled_ok_nondet_linux-3.4-32_1-drivers--w1--slaves--w1_ds2408.ko-ldv_main0_sequence_infinite_withcheck_stateful.cil.out.i line 2254 function w1_f29_add_slave
Not unwinding 
Unwinding loop 6  iteration  1   file 32_1_cilled_ok_nondet_linux-3.4-32_1-drivers--w1--slaves--w1_ds2408.ko-ldv_main0_sequence_infinite_withcheck_stateful.cil.out.i line 2281 function w1_f29_add_slave
Unwinding loop 6  iteration  2   file 32_1_cilled_ok_nondet_linux-3.4-32_1-drivers--w1--slaves--w1_ds2408.ko-ldv_main0_sequence_infinite_withcheck_stateful.cil.out.i line 2281 function w1_f29_add_slave
Not unwinding 
Unwinding loop 7  iteration  1   file 32_1_cilled_ok_nondet_linux-3.4-32_1-drivers--w1--slaves--w1_ds2408.ko-ldv_main0_sequence_infinite_withcheck_stateful.cil.out.i line 2320 function w1_f29_remove_slave
Unwinding loop 7  iteration  2   file 32_1_cilled_ok_nondet_linux-3.4-32_1-drivers--w1--slaves--w1_ds2408.ko-ldv_main0_sequence_infinite_withcheck_stateful.cil.out.i line 2320 function w1_f29_remove_slave
Not unwinding 
Unwinding loop 8  iteration  2   file 32_1_cilled_ok_nondet_linux-3.4-32_1-drivers--w1--slaves--w1_ds2408.ko-ldv_main0_sequence_infinite_withcheck_stateful.cil.out.i line 2404 function main
Unwinding loop 5  iteration  1   file 32_1_cilled_ok_nondet_linux-3.4-32_1-drivers--w1--slaves--w1_ds2408.ko-ldv_main0_sequence_infinite_withcheck_stateful.cil.out.i line 2254 function w1_f29_add_slave
Unwinding loop 5  iteration  2   file 32_1_cilled_ok_nondet_linux-3.4-32_1-drivers--w1--slaves--w1_ds2408.ko-ldv_main0_sequence_infinite_withcheck_stateful.cil.out.i line 2254 function w1_f29_add_slave
Not unwinding 
Unwinding loop 6  iteration  1   file 32_1_cilled_ok_nondet_linux-3.4-32_1-drivers--w1--slaves--w1_ds2408.ko-ldv_main0_sequence_infinite_withcheck_stateful.cil.out.i line 2281 function w1_f29_add_slave
Unwinding loop 6  iteration  2   file 32_1_cilled_ok_nondet_linux-3.4-32_1-drivers--w1--slaves--w1_ds2408.ko-ldv_main0_sequence_infinite_withcheck_stateful.cil.out.i line 2281 function w1_f29_add_slave
Not unwinding 
Unwinding loop 7  iteration  1   file 32_1_cilled_ok_nondet_linux-3.4-32_1-drivers--w1--slaves--w1_ds2408.ko-ldv_main0_sequence_infinite_withcheck_stateful.cil.out.i line 2320 function w1_f29_remove_slave
Unwinding loop 7  iteration  2   file 32_1_cilled_ok_nondet_linux-3.4-32_1-drivers--w1--slaves--w1_ds2408.ko-ldv_main0_sequence_infinite_withcheck_stateful.cil.out.i line 2320 function w1_f29_remove_slave
Not unwinding 
Not unwinding 
Symex completed in: 0.051s (530 assignments)
Slicing time: 0.001s (removed 452 assignments)
Generated 10 VCC(s), 10 remaining after simplification (78 assignments)
No solver specified; defaulting to Boolector
Encoding remaining VCC(s) using bit-vector/floating-point arithmetic
Encoding to solver time: 0.002s
Solving with solver Boolector 3.2.1
Encoding to solver time: 0.002s
Runtime decision procedure: 0.023s
The forward condition is unable to prove the property
*** Checking inductive step, k = 3
Starting Bounded Model Checking
Unwinding loop 5  iteration  1   file 32_1_cilled_ok_nondet_linux-3.4-32_1-drivers--w1--slaves--w1_ds2408.ko-ldv_main0_sequence_infinite_withcheck_stateful.cil.out.i line 2254 function w1_f29_add_slave
Unwinding loop 5  iteration  2   file 32_1_cilled_ok_nondet_linux-3.4-32_1-drivers--w1--slaves--w1_ds2408.ko-ldv_main0_sequence_infinite_withcheck_stateful.cil.out.i line 2254 function w1_f29_add_slave
Not unwinding 
Unwinding loop 6  iteration  1   file 32_1_cilled_ok_nondet_linux-3.4-32_1-drivers--w1--slaves--w1_ds2408.ko-ldv_main0_sequence_infinite_withcheck_stateful.cil.out.i line 2281 function w1_f29_add_slave
Unwinding loop 6  iteration  2   file 32_1_cilled_ok_nondet_linux-3.4-32_1-drivers--w1--slaves--w1_ds2408.ko-ldv_main0_sequence_infinite_withcheck_stateful.cil.out.i line 2281 function w1_f29_add_slave
Not unwinding 
Unwinding loop 7  iteration  1   file 32_1_cilled_ok_nondet_linux-3.4-32_1-drivers--w1--slaves--w1_ds2408.ko-ldv_main0_sequence_infinite_withcheck_stateful.cil.out.i line 2320 function w1_f29_remove_slave
Unwinding loop 7  iteration  2   file 32_1_cilled_ok_nondet_linux-3.4-32_1-drivers--w1--slaves--w1_ds2408.ko-ldv_main0_sequence_infinite_withcheck_stateful.cil.out.i line 2320 function w1_f29_remove_slave
Not unwinding 
Unwinding loop 8  iteration  1   file 32_1_cilled_ok_nondet_linux-3.4-32_1-drivers--w1--slaves--w1_ds2408.ko-ldv_main0_sequence_infinite_withcheck_stateful.cil.out.i line 2404 function main
Unwinding loop 5  iteration  1   file 32_1_cilled_ok_nondet_linux-3.4-32_1-drivers--w1--slaves--w1_ds2408.ko-ldv_main0_sequence_infinite_withcheck_stateful.cil.out.i line 2254 function w1_f29_add_slave
Unwinding loop 5  iteration  2   file 32_1_cilled_ok_nondet_linux-3.4-32_1-drivers--w1--slaves--w1_ds2408.ko-ldv_main0_sequence_infinite_withcheck_stateful.cil.out.i line 2254 function w1_f29_add_slave
Not unwinding 
Unwinding loop 6  iteration  1   file 32_1_cilled_ok_nondet_linux-3.4-32_1-drivers--w1--slaves--w1_ds2408.ko-ldv_main0_sequence_infinite_withcheck_stateful.cil.out.i line 2281 function w1_f29_add_slave
Unwinding loop 6  iteration  2   file 32_1_cilled_ok_nondet_linux-3.4-32_1-drivers--w1--slaves--w1_ds2408.ko-ldv_main0_sequence_infinite_withcheck_stateful.cil.out.i line 2281 function w1_f29_add_slave
Not unwinding 
Unwinding loop 7  iteration  1   file 32_1_cilled_ok_nondet_linux-3.4-32_1-drivers--w1--slaves--w1_ds2408.ko-ldv_main0_sequence_infinite_withcheck_stateful.cil.out.i line 2320 function w1_f29_remove_slave
Unwinding loop 7  iteration  2   file 32_1_cilled_ok_nondet_linux-3.4-32_1-drivers--w1--slaves--w1_ds2408.ko-ldv_main0_sequence_infinite_withcheck_stateful.cil.out.i line 2320 function w1_f29_remove_slave
Not unwinding 
Unwinding loop 8  iteration  2   file 32_1_cilled_ok_nondet_linux-3.4-32_1-drivers--w1--slaves--w1_ds2408.ko-ldv_main0_sequence_infinite_withcheck_stateful.cil.out.i line 2404 function main
Unwinding loop 5  iteration  1   file 32_1_cilled_ok_nondet_linux-3.4-32_1-drivers--w1--slaves--w1_ds2408.ko-ldv_main0_sequence_infinite_withcheck_stateful.cil.out.i line 2254 function w1_f29_add_slave
Unwinding loop 5  iteration  2   file 32_1_cilled_ok_nondet_linux-3.4-32_1-drivers--w1--slaves--w1_ds2408.ko-ldv_main0_sequence_infinite_withcheck_stateful.cil.out.i line 2254 function w1_f29_add_slave
Not unwinding 
Unwinding loop 6  iteration  1   file 32_1_cilled_ok_nondet_linux-3.4-32_1-drivers--w1--slaves--w1_ds2408.ko-ldv_main0_sequence_infinite_withcheck_stateful.cil.out.i line 2281 function w1_f29_add_slave
Unwinding loop 6  iteration  2   file 32_1_cilled_ok_nondet_linux-3.4-32_1-drivers--w1--slaves--w1_ds2408.ko-ldv_main0_sequence_infinite_withcheck_stateful.cil.out.i line 2281 function w1_f29_add_slave
Not unwinding 
Unwinding loop 7  iteration  1   file 32_1_cilled_ok_nondet_linux-3.4-32_1-drivers--w1--slaves--w1_ds2408.ko-ldv_main0_sequence_infinite_withcheck_stateful.cil.out.i line 2320 function w1_f29_remove_slave
Unwinding loop 7  iteration  2   file 32_1_cilled_ok_nondet_linux-3.4-32_1-drivers--w1--slaves--w1_ds2408.ko-ldv_main0_sequence_infinite_withcheck_stateful.cil.out.i line 2320 function w1_f29_remove_slave
Not unwinding 
Not unwinding 
Symex completed in: 0.076s (997 assignments)
Slicing time: 0.008s (removed 752 assignments)
Generated 0 VCC(s), 0 remaining after simplification (245 assignments)
BMC program time: 0.084s
Building successful trace

VERIFICATION SUCCESSFUL

Solution found by the inductive step (k = 3)

../sv-benchmarks/c/ldv-linux-3.4-simple/32_1_cilled_ok_nondet_linux-3.4-32_1-drivers--w1--slaves--w1_ds2408.ko-ldv_main0_sequence_infinite_withcheck_stateful.cil.out.i:793:16: warning: cast to smaller integer type 'unsigned int' from 'struct device *' [-Wpointer-to-int-cast]
  __cil_tmp7 = (unsigned int )__cil_tmp6;
               ^~~~~~~~~~~~~~~~~~~~~~~~~
../sv-benchmarks/c/ldv-linux-3.4-simple/32_1_cilled_ok_nondet_linux-3.4-32_1-drivers--w1--slaves--w1_ds2408.ko-ldv_main0_sequence_infinite_withcheck_stateful.cil.out.i:819:16: warning: cast to smaller integer type 'unsigned int' from 'struct kobject *' [-Wpointer-to-int-cast]
  __cil_tmp8 = (unsigned int )__cil_tmp7;
               ^~~~~~~~~~~~~~~~~~~~~~~~~
../sv-benchmarks/c/ldv-linux-3.4-simple/32_1_cilled_ok_nondet_linux-3.4-32_1-drivers--w1--slaves--w1_ds2408.ko-ldv_main0_sequence_infinite_withcheck_stateful.cil.out.i:2388:1: warning: return type of 'main' is not 'int' [-Wmain-return-type]
void main(void)
^
../sv-benchmarks/c/ldv-linux-3.4-simple/32_1_cilled_ok_nondet_linux-3.4-32_1-drivers--w1--slaves--w1_ds2408.ko-ldv_main0_sequence_infinite_withcheck_stateful.cil.out.i:2388:1: note: change return type to 'int'
void main(void)
^~~~
int

TRUE
