./esbmc-wrapper.py -p ../sv-benchmarks/c/properties/unreach-call.prp -s kinduction --arch 32 ../sv-benchmarks/c/nla-digbench-scaling/cohencu-ll_valuebound10.c


--------------------------------------------------------------------------------


Verifying with ESBMC
Command: ./esbmc --no-div-by-zero-check --force-malloc-success --state-hashing --no-align-check --k-step 2 --floatbv --unlimited-k-steps ../sv-benchmarks/c/nla-digbench-scaling/cohencu-ll_valuebound10.c --32 --witness-output cohencu-ll_valuebound10.c.graphml --no-pointer-check --no-bounds-check --interval-analysis --k-induction --max-inductive-step 3 
ESBMC version 6.8.0 64-bit x86_64 linux
Target: 32-bit little-endian x86_64-unknown-linux with esbmc libc
file ../sv-benchmarks/c/nla-digbench-scaling/cohencu-ll_valuebound10.c: Parsing
Converting
Generating GOTO Program
GOTO program creation time: 0.125s
GOTO program processing time: 0.002s
*** Checking base case, k = 1
Starting Bounded Model Checking
Not unwinding 
Symex completed in: 0.002s (42 assignments)
Slicing time: 0.000s (removed 31 assignments)
Generated 1 VCC(s), 1 remaining after simplification (11 assignments)
No solver specified; defaulting to Boolector
Encoding remaining VCC(s) using bit-vector/floating-point arithmetic
Encoding to solver time: 0.000s
Solving with solver Boolector 3.2.1
Encoding to solver time: 0.000s
Runtime decision procedure: 0.001s
BMC program time: 0.004s
No bug has been found in the base case
*** Checking forward condition, k = 1
Starting Bounded Model Checking
Not unwinding 
Symex completed in: 0.002s (41 assignments)
Slicing time: 0.000s (removed 33 assignments)
Generated 1 VCC(s), 1 remaining after simplification (8 assignments)
No solver specified; defaulting to Boolector
Encoding remaining VCC(s) using bit-vector/floating-point arithmetic
Encoding to solver time: 0.001s
Solving with solver Boolector 3.2.1
Encoding to solver time: 0.001s
Runtime decision procedure: 0.001s
The forward condition is unable to prove the property
*** Checking base case, k = 3
Starting Bounded Model Checking
Unwinding loop 1  iteration  1   file cohencu-ll_valuebound10.c line 33 function main
Unwinding loop 1  iteration  2   file cohencu-ll_valuebound10.c line 33 function main
Not unwinding 
Symex completed in: 0.004s (80 assignments)
Slicing time: 0.000s (removed 44 assignments)
Generated 6 VCC(s), 6 remaining after simplification (36 assignments)
No solver specified; defaulting to Boolector
Encoding remaining VCC(s) using bit-vector/floating-point arithmetic
Encoding to solver time: 0.001s
Solving with solver Boolector 3.2.1
Encoding to solver time: 0.001s
Runtime decision procedure: 0.017s
BMC program time: 0.023s
No bug has been found in the base case
*** Checking forward condition, k = 3
Starting Bounded Model Checking
Unwinding loop 1  iteration  1   file cohencu-ll_valuebound10.c line 33 function main
Unwinding loop 1  iteration  2   file cohencu-ll_valuebound10.c line 33 function main
Not unwinding 
Symex completed in: 0.004s (74 assignments)
Slicing time: 0.000s (removed 64 assignments)
Generated 1 VCC(s), 1 remaining after simplification (10 assignments)
No solver specified; defaulting to Boolector
Encoding remaining VCC(s) using bit-vector/floating-point arithmetic
Encoding to solver time: 0.001s
Solving with solver Boolector 3.2.1
Encoding to solver time: 0.001s
Runtime decision procedure: 0.001s
The forward condition is unable to prove the property
*** Checking inductive step, k = 3
Starting Bounded Model Checking
Unwinding loop 1  iteration  1   file cohencu-ll_valuebound10.c line 33 function main
Unwinding loop 1  iteration  2   file cohencu-ll_valuebound10.c line 33 function main
Not unwinding 
Symex completed in: 0.005s (138 assignments)
Slicing time: 0.001s (removed 13 assignments)
Generated 11 VCC(s), 11 remaining after simplification (125 assignments)
No solver specified; defaulting to Boolector
Encoding remaining VCC(s) using bit-vector/floating-point arithmetic
Encoding to solver time: 0.002s
Solving with solver Boolector 3.2.1
Encoding to solver time: 0.002s
Runtime decision procedure: 23.591s
The inductive step is unable to prove the property
*** Checking base case, k = 5
Starting Bounded Model Checking
Unwinding loop 1  iteration  1   file cohencu-ll_valuebound10.c line 33 function main
Unwinding loop 1  iteration  2   file cohencu-ll_valuebound10.c line 33 function main
Unwinding loop 1  iteration  3   file cohencu-ll_valuebound10.c line 33 function main
Unwinding loop 1  iteration  4   file cohencu-ll_valuebound10.c line 33 function main
Not unwinding 
Symex completed in: 0.006s (108 assignments)
Slicing time: 0.001s (removed 62 assignments)
Generated 6 VCC(s), 6 remaining after simplification (46 assignments)
No solver specified; defaulting to Boolector
Encoding remaining VCC(s) using bit-vector/floating-point arithmetic
Encoding to solver time: 0.002s
Solving with solver Boolector 3.2.1
Encoding to solver time: 0.002s
Runtime decision procedure: 0.266s
BMC program time: 0.275s
No bug has been found in the base case
*** Checking forward condition, k = 5
Starting Bounded Model Checking
Unwinding loop 1  iteration  1   file cohencu-ll_valuebound10.c line 33 function main
Unwinding loop 1  iteration  2   file cohencu-ll_valuebound10.c line 33 function main
Unwinding loop 1  iteration  3   file cohencu-ll_valuebound10.c line 33 function main
Unwinding loop 1  iteration  4   file cohencu-ll_valuebound10.c line 33 function main
Not unwinding 
Symex completed in: 0.006s (102 assignments)
Slicing time: 0.000s (removed 90 assignments)
Generated 1 VCC(s), 1 remaining after simplification (12 assignments)
No solver specified; defaulting to Boolector
Encoding remaining VCC(s) using bit-vector/floating-point arithmetic
Encoding to solver time: 0.000s
Solving with solver Boolector 3.2.1
Encoding to solver time: 0.000s
Runtime decision procedure: 0.001s
The forward condition is unable to prove the property
*** Checking base case, k = 7
Starting Bounded Model Checking
Unwinding loop 1  iteration  1   file cohencu-ll_valuebound10.c line 33 function main
Unwinding loop 1  iteration  2   file cohencu-ll_valuebound10.c line 33 function main
Unwinding loop 1  iteration  3   file cohencu-ll_valuebound10.c line 33 function main
Unwinding loop 1  iteration  4   file cohencu-ll_valuebound10.c line 33 function main
Unwinding loop 1  iteration  5   file cohencu-ll_valuebound10.c line 33 function main
Unwinding loop 1  iteration  6   file cohencu-ll_valuebound10.c line 33 function main
Not unwinding 
Symex completed in: 0.007s (136 assignments)
Slicing time: 0.001s (removed 80 assignments)
Generated 6 VCC(s), 6 remaining after simplification (56 assignments)
No solver specified; defaulting to Boolector
Encoding remaining VCC(s) using bit-vector/floating-point arithmetic
Encoding to solver time: 0.001s
Solving with solver Boolector 3.2.1
Encoding to solver time: 0.001s
Runtime decision procedure: 0.424s
BMC program time: 0.434s
No bug has been found in the base case
*** Checking forward condition, k = 7
Starting Bounded Model Checking
Unwinding loop 1  iteration  1   file cohencu-ll_valuebound10.c line 33 function main
Unwinding loop 1  iteration  2   file cohencu-ll_valuebound10.c line 33 function main
Unwinding loop 1  iteration  3   file cohencu-ll_valuebound10.c line 33 function main
Unwinding loop 1  iteration  4   file cohencu-ll_valuebound10.c line 33 function main
Unwinding loop 1  iteration  5   file cohencu-ll_valuebound10.c line 33 function main
Unwinding loop 1  iteration  6   file cohencu-ll_valuebound10.c line 33 function main
Not unwinding 
Symex completed in: 0.008s (130 assignments)
Slicing time: 0.001s (removed 116 assignments)
Generated 1 VCC(s), 1 remaining after simplification (14 assignments)
No solver specified; defaulting to Boolector
Encoding remaining VCC(s) using bit-vector/floating-point arithmetic
Encoding to solver time: 0.001s
Solving with solver Boolector 3.2.1
Encoding to solver time: 0.001s
Runtime decision procedure: 0.001s
The forward condition is unable to prove the property
*** Checking base case, k = 9
Starting Bounded Model Checking
Unwinding loop 1  iteration  1   file cohencu-ll_valuebound10.c line 33 function main
Unwinding loop 1  iteration  2   file cohencu-ll_valuebound10.c line 33 function main
Unwinding loop 1  iteration  3   file cohencu-ll_valuebound10.c line 33 function main
Unwinding loop 1  iteration  4   file cohencu-ll_valuebound10.c line 33 function main
Unwinding loop 1  iteration  5   file cohencu-ll_valuebound10.c line 33 function main
Unwinding loop 1  iteration  6   file cohencu-ll_valuebound10.c line 33 function main
Unwinding loop 1  iteration  7   file cohencu-ll_valuebound10.c line 33 function main
Unwinding loop 1  iteration  8   file cohencu-ll_valuebound10.c line 33 function main
Not unwinding 
Symex completed in: 0.010s (164 assignments)
Slicing time: 0.001s (removed 98 assignments)
Generated 6 VCC(s), 6 remaining after simplification (66 assignments)
No solver specified; defaulting to Boolector
Encoding remaining VCC(s) using bit-vector/floating-point arithmetic
Encoding to solver time: 0.001s
Solving with solver Boolector 3.2.1
Encoding to solver time: 0.001s
Runtime decision procedure: 0.506s
BMC program time: 0.520s
No bug has been found in the base case
*** Checking forward condition, k = 9
Starting Bounded Model Checking
Unwinding loop 1  iteration  1   file cohencu-ll_valuebound10.c line 33 function main
Unwinding loop 1  iteration  2   file cohencu-ll_valuebound10.c line 33 function main
Unwinding loop 1  iteration  3   file cohencu-ll_valuebound10.c line 33 function main
Unwinding loop 1  iteration  4   file cohencu-ll_valuebound10.c line 33 function main
Unwinding loop 1  iteration  5   file cohencu-ll_valuebound10.c line 33 function main
Unwinding loop 1  iteration  6   file cohencu-ll_valuebound10.c line 33 function main
Unwinding loop 1  iteration  7   file cohencu-ll_valuebound10.c line 33 function main
Unwinding loop 1  iteration  8   file cohencu-ll_valuebound10.c line 33 function main
Not unwinding 
Symex completed in: 0.010s (158 assignments)
Slicing time: 0.000s (removed 142 assignments)
Generated 1 VCC(s), 1 remaining after simplification (16 assignments)
No solver specified; defaulting to Boolector
Encoding remaining VCC(s) using bit-vector/floating-point arithmetic
Encoding to solver time: 0.000s
Solving with solver Boolector 3.2.1
Encoding to solver time: 0.000s
Runtime decision procedure: 0.002s
The forward condition is unable to prove the property
*** Checking base case, k = 11
Starting Bounded Model Checking
Unwinding loop 1  iteration  1   file cohencu-ll_valuebound10.c line 33 function main
Unwinding loop 1  iteration  2   file cohencu-ll_valuebound10.c line 33 function main
Unwinding loop 1  iteration  3   file cohencu-ll_valuebound10.c line 33 function main
Unwinding loop 1  iteration  4   file cohencu-ll_valuebound10.c line 33 function main
Unwinding loop 1  iteration  5   file cohencu-ll_valuebound10.c line 33 function main
Unwinding loop 1  iteration  6   file cohencu-ll_valuebound10.c line 33 function main
Unwinding loop 1  iteration  7   file cohencu-ll_valuebound10.c line 33 function main
Unwinding loop 1  iteration  8   file cohencu-ll_valuebound10.c line 33 function main
Unwinding loop 1  iteration  9   file cohencu-ll_valuebound10.c line 33 function main
Unwinding loop 1  iteration  10   file cohencu-ll_valuebound10.c line 33 function main
Not unwinding 
Symex completed in: 0.011s (192 assignments)
Slicing time: 0.001s (removed 116 assignments)
Generated 6 VCC(s), 6 remaining after simplification (76 assignments)
No solver specified; defaulting to Boolector
Encoding remaining VCC(s) using bit-vector/floating-point arithmetic
Encoding to solver time: 0.001s
Solving with solver Boolector 3.2.1
Encoding to solver time: 0.001s
Runtime decision procedure: 0.592s
BMC program time: 0.606s
No bug has been found in the base case
*** Checking forward condition, k = 11
Starting Bounded Model Checking
Unwinding loop 1  iteration  1   file cohencu-ll_valuebound10.c line 33 function main
Unwinding loop 1  iteration  2   file cohencu-ll_valuebound10.c line 33 function main
Unwinding loop 1  iteration  3   file cohencu-ll_valuebound10.c line 33 function main
Unwinding loop 1  iteration  4   file cohencu-ll_valuebound10.c line 33 function main
Unwinding loop 1  iteration  5   file cohencu-ll_valuebound10.c line 33 function main
Unwinding loop 1  iteration  6   file cohencu-ll_valuebound10.c line 33 function main
Unwinding loop 1  iteration  7   file cohencu-ll_valuebound10.c line 33 function main
Unwinding loop 1  iteration  8   file cohencu-ll_valuebound10.c line 33 function main
Unwinding loop 1  iteration  9   file cohencu-ll_valuebound10.c line 33 function main
Unwinding loop 1  iteration  10   file cohencu-ll_valuebound10.c line 33 function main
Not unwinding 
Symex completed in: 0.011s (186 assignments)
Slicing time: 0.001s (removed 168 assignments)
Generated 1 VCC(s), 1 remaining after simplification (18 assignments)
No solver specified; defaulting to Boolector
Encoding remaining VCC(s) using bit-vector/floating-point arithmetic
Encoding to solver time: 0.001s
Solving with solver Boolector 3.2.1
Encoding to solver time: 0.001s
Runtime decision procedure: 0.001s
The forward condition is unable to prove the property
*** Checking base case, k = 13
Starting Bounded Model Checking
Unwinding loop 1  iteration  1   file cohencu-ll_valuebound10.c line 33 function main
Unwinding loop 1  iteration  2   file cohencu-ll_valuebound10.c line 33 function main
Unwinding loop 1  iteration  3   file cohencu-ll_valuebound10.c line 33 function main
Unwinding loop 1  iteration  4   file cohencu-ll_valuebound10.c line 33 function main
Unwinding loop 1  iteration  5   file cohencu-ll_valuebound10.c line 33 function main
Unwinding loop 1  iteration  6   file cohencu-ll_valuebound10.c line 33 function main
Unwinding loop 1  iteration  7   file cohencu-ll_valuebound10.c line 33 function main
Unwinding loop 1  iteration  8   file cohencu-ll_valuebound10.c line 33 function main
Unwinding loop 1  iteration  9   file cohencu-ll_valuebound10.c line 33 function main
Unwinding loop 1  iteration  10   file cohencu-ll_valuebound10.c line 33 function main
Unwinding loop 1  iteration  11   file cohencu-ll_valuebound10.c line 33 function main
Unwinding loop 1  iteration  12   file cohencu-ll_valuebound10.c line 33 function main
Not unwinding 
Symex completed in: 0.012s (220 assignments)
Slicing time: 0.001s (removed 134 assignments)
Generated 6 VCC(s), 6 remaining after simplification (86 assignments)
No solver specified; defaulting to Boolector
Encoding remaining VCC(s) using bit-vector/floating-point arithmetic
Encoding to solver time: 0.002s
Solving with solver Boolector 3.2.1
Encoding to solver time: 0.002s
Runtime decision procedure: 0.627s
BMC program time: 0.643s
No bug has been found in the base case
*** Checking forward condition, k = 13
Starting Bounded Model Checking
Unwinding loop 1  iteration  1   file cohencu-ll_valuebound10.c line 33 function main
Unwinding loop 1  iteration  2   file cohencu-ll_valuebound10.c line 33 function main
Unwinding loop 1  iteration  3   file cohencu-ll_valuebound10.c line 33 function main
Unwinding loop 1  iteration  4   file cohencu-ll_valuebound10.c line 33 function main
Unwinding loop 1  iteration  5   file cohencu-ll_valuebound10.c line 33 function main
Unwinding loop 1  iteration  6   file cohencu-ll_valuebound10.c line 33 function main
Unwinding loop 1  iteration  7   file cohencu-ll_valuebound10.c line 33 function main
Unwinding loop 1  iteration  8   file cohencu-ll_valuebound10.c line 33 function main
Unwinding loop 1  iteration  9   file cohencu-ll_valuebound10.c line 33 function main
Unwinding loop 1  iteration  10   file cohencu-ll_valuebound10.c line 33 function main
Unwinding loop 1  iteration  11   file cohencu-ll_valuebound10.c line 33 function main
Unwinding loop 1  iteration  12   file cohencu-ll_valuebound10.c line 33 function main
Not unwinding 
Symex completed in: 0.012s (214 assignments)
Slicing time: 0.000s (removed 194 assignments)
Generated 1 VCC(s), 1 remaining after simplification (20 assignments)
No solver specified; defaulting to Boolector
Encoding remaining VCC(s) using bit-vector/floating-point arithmetic
Encoding to solver time: 0.001s
Solving with solver Boolector 3.2.1
Encoding to solver time: 0.001s
Runtime decision procedure: 0.001s
BMC program time: 0.015s
Building successful trace

VERIFICATION SUCCESSFUL

Solution found by the forward condition; all states are reachable (k = 13


TRUE
