./esbmc-wrapper.py -p ../sv-benchmarks/c/properties/unreach-call.prp -s kinduction --arch 32 ../sv-benchmarks/c/nla-digbench-scaling/ps4-ll_valuebound20.c


--------------------------------------------------------------------------------


Verifying with ESBMC
Command: ./esbmc --no-div-by-zero-check --force-malloc-success --state-hashing --no-align-check --k-step 2 --floatbv --unlimited-k-steps ../sv-benchmarks/c/nla-digbench-scaling/ps4-ll_valuebound20.c --32 --witness-output ps4-ll_valuebound20.c.graphml --no-pointer-check --no-bounds-check --interval-analysis --k-induction --max-inductive-step 3 
ESBMC version 6.8.0 64-bit x86_64 linux
Target: 32-bit little-endian x86_64-unknown-linux with esbmc libc
file ../sv-benchmarks/c/nla-digbench-scaling/ps4-ll_valuebound20.c: Parsing
Converting
Generating GOTO Program
GOTO program creation time: 0.142s
GOTO program processing time: 0.001s
*** Checking base case, k = 1
Starting Bounded Model Checking
Not unwinding 
Symex completed in: 0.001s (28 assignments)
Slicing time: 0.000s (removed 21 assignments)
Generated 0 VCC(s), 0 remaining after simplification (7 assignments)
BMC program time: 0.001s
No bug has been found in the base case
*** Checking forward condition, k = 1
Starting Bounded Model Checking
Not unwinding 
Symex completed in: 0.001s (28 assignments)
Slicing time: 0.000s (removed 21 assignments)
Generated 1 VCC(s), 1 remaining after simplification (7 assignments)
No solver specified; defaulting to Boolector
Encoding remaining VCC(s) using bit-vector/floating-point arithmetic
Encoding to solver time: 0.000s
Solving with solver Boolector 3.2.1
Encoding to solver time: 0.000s
Runtime decision procedure: 0.002s
The forward condition is unable to prove the property
*** Checking base case, k = 3
Starting Bounded Model Checking
Unwinding loop 1  iteration  1   file ps4-ll_valuebound20.c line 27 function main
Unwinding loop 1  iteration  2   file ps4-ll_valuebound20.c line 27 function main
Not unwinding 
Symex completed in: 0.002s (48 assignments)
Slicing time: 0.000s (removed 29 assignments)
Generated 2 VCC(s), 2 remaining after simplification (19 assignments)
No solver specified; defaulting to Boolector
Encoding remaining VCC(s) using bit-vector/floating-point arithmetic
Encoding to solver time: 0.000s
Solving with solver Boolector 3.2.1
Encoding to solver time: 0.000s
Runtime decision procedure: 0.004s
BMC program time: 0.008s
No bug has been found in the base case
*** Checking forward condition, k = 3
Starting Bounded Model Checking
Unwinding loop 1  iteration  1   file ps4-ll_valuebound20.c line 27 function main
Unwinding loop 1  iteration  2   file ps4-ll_valuebound20.c line 27 function main
Not unwinding 
Symex completed in: 0.003s (46 assignments)
Slicing time: 0.000s (removed 37 assignments)
Generated 1 VCC(s), 1 remaining after simplification (9 assignments)
No solver specified; defaulting to Boolector
Encoding remaining VCC(s) using bit-vector/floating-point arithmetic
Encoding to solver time: 0.001s
Solving with solver Boolector 3.2.1
Encoding to solver time: 0.001s
Runtime decision procedure: 0.001s
The forward condition is unable to prove the property
*** Checking inductive step, k = 3
Starting Bounded Model Checking
Unwinding loop 1  iteration  1   file ps4-ll_valuebound20.c line 27 function main
Unwinding loop 1  iteration  2   file ps4-ll_valuebound20.c line 27 function main
Not unwinding 
Symex completed in: 0.002s (65 assignments)
Slicing time: 0.001s (removed 16 assignments)
Generated 3 VCC(s), 3 remaining after simplification (49 assignments)
No solver specified; defaulting to Boolector
Encoding remaining VCC(s) using bit-vector/floating-point arithmetic
Encoding to solver time: 0.001s
Solving with solver Boolector 3.2.1
Encoding to solver time: 0.001s
Runtime decision procedure: 73.899s
The inductive step is unable to prove the property
*** Checking base case, k = 5
Starting Bounded Model Checking
Unwinding loop 1  iteration  1   file ps4-ll_valuebound20.c line 27 function main
Unwinding loop 1  iteration  2   file ps4-ll_valuebound20.c line 27 function main
Unwinding loop 1  iteration  3   file ps4-ll_valuebound20.c line 27 function main
Unwinding loop 1  iteration  4   file ps4-ll_valuebound20.c line 27 function main
Not unwinding 
Symex completed in: 0.003s (64 assignments)
Slicing time: 0.001s (removed 39 assignments)
Generated 2 VCC(s), 2 remaining after simplification (25 assignments)
No solver specified; defaulting to Boolector
Encoding remaining VCC(s) using bit-vector/floating-point arithmetic
Encoding to solver time: 0.001s
Solving with solver Boolector 3.2.1
Encoding to solver time: 0.001s
Runtime decision procedure: 0.029s
BMC program time: 0.034s
No bug has been found in the base case
*** Checking forward condition, k = 5
Starting Bounded Model Checking
Unwinding loop 1  iteration  1   file ps4-ll_valuebound20.c line 27 function main
Unwinding loop 1  iteration  2   file ps4-ll_valuebound20.c line 27 function main
Unwinding loop 1  iteration  3   file ps4-ll_valuebound20.c line 27 function main
Unwinding loop 1  iteration  4   file ps4-ll_valuebound20.c line 27 function main
Not unwinding 
Symex completed in: 0.003s (62 assignments)
Slicing time: 0.000s (removed 51 assignments)
Generated 1 VCC(s), 1 remaining after simplification (11 assignments)
No solver specified; defaulting to Boolector
Encoding remaining VCC(s) using bit-vector/floating-point arithmetic
Encoding to solver time: 0.000s
Solving with solver Boolector 3.2.1
Encoding to solver time: 0.000s
Runtime decision procedure: 0.002s
The forward condition is unable to prove the property
*** Checking base case, k = 7
Starting Bounded Model Checking
Unwinding loop 1  iteration  1   file ps4-ll_valuebound20.c line 27 function main
Unwinding loop 1  iteration  2   file ps4-ll_valuebound20.c line 27 function main
Unwinding loop 1  iteration  3   file ps4-ll_valuebound20.c line 27 function main
Unwinding loop 1  iteration  4   file ps4-ll_valuebound20.c line 27 function main
Unwinding loop 1  iteration  5   file ps4-ll_valuebound20.c line 27 function main
Unwinding loop 1  iteration  6   file ps4-ll_valuebound20.c line 27 function main
Not unwinding 
Symex completed in: 0.004s (80 assignments)
Slicing time: 0.000s (removed 49 assignments)
Generated 2 VCC(s), 2 remaining after simplification (31 assignments)
No solver specified; defaulting to Boolector
Encoding remaining VCC(s) using bit-vector/floating-point arithmetic
Encoding to solver time: 0.001s
Solving with solver Boolector 3.2.1
Encoding to solver time: 0.001s
Runtime decision procedure: 0.081s
BMC program time: 0.088s
No bug has been found in the base case
*** Checking forward condition, k = 7
Starting Bounded Model Checking
Unwinding loop 1  iteration  1   file ps4-ll_valuebound20.c line 27 function main
Unwinding loop 1  iteration  2   file ps4-ll_valuebound20.c line 27 function main
Unwinding loop 1  iteration  3   file ps4-ll_valuebound20.c line 27 function main
Unwinding loop 1  iteration  4   file ps4-ll_valuebound20.c line 27 function main
Unwinding loop 1  iteration  5   file ps4-ll_valuebound20.c line 27 function main
Unwinding loop 1  iteration  6   file ps4-ll_valuebound20.c line 27 function main
Not unwinding 
Symex completed in: 0.004s (78 assignments)
Slicing time: 0.000s (removed 65 assignments)
Generated 1 VCC(s), 1 remaining after simplification (13 assignments)
No solver specified; defaulting to Boolector
Encoding remaining VCC(s) using bit-vector/floating-point arithmetic
Encoding to solver time: 0.000s
Solving with solver Boolector 3.2.1
Encoding to solver time: 0.000s
Runtime decision procedure: 0.002s
The forward condition is unable to prove the property
*** Checking base case, k = 9
Starting Bounded Model Checking
Unwinding loop 1  iteration  1   file ps4-ll_valuebound20.c line 27 function main
Unwinding loop 1  iteration  2   file ps4-ll_valuebound20.c line 27 function main
Unwinding loop 1  iteration  3   file ps4-ll_valuebound20.c line 27 function main
Unwinding loop 1  iteration  4   file ps4-ll_valuebound20.c line 27 function main
Unwinding loop 1  iteration  5   file ps4-ll_valuebound20.c line 27 function main
Unwinding loop 1  iteration  6   file ps4-ll_valuebound20.c line 27 function main
Unwinding loop 1  iteration  7   file ps4-ll_valuebound20.c line 27 function main
Unwinding loop 1  iteration  8   file ps4-ll_valuebound20.c line 27 function main
Not unwinding 
Symex completed in: 0.004s (96 assignments)
Slicing time: 0.001s (removed 59 assignments)
Generated 2 VCC(s), 2 remaining after simplification (37 assignments)
No solver specified; defaulting to Boolector
Encoding remaining VCC(s) using bit-vector/floating-point arithmetic
Encoding to solver time: 0.001s
Solving with solver Boolector 3.2.1
Encoding to solver time: 0.001s
Runtime decision procedure: 0.118s
BMC program time: 0.124s
No bug has been found in the base case
*** Checking forward condition, k = 9
Starting Bounded Model Checking
Unwinding loop 1  iteration  1   file ps4-ll_valuebound20.c line 27 function main
Unwinding loop 1  iteration  2   file ps4-ll_valuebound20.c line 27 function main
Unwinding loop 1  iteration  3   file ps4-ll_valuebound20.c line 27 function main
Unwinding loop 1  iteration  4   file ps4-ll_valuebound20.c line 27 function main
Unwinding loop 1  iteration  5   file ps4-ll_valuebound20.c line 27 function main
Unwinding loop 1  iteration  6   file ps4-ll_valuebound20.c line 27 function main
Unwinding loop 1  iteration  7   file ps4-ll_valuebound20.c line 27 function main
Unwinding loop 1  iteration  8   file ps4-ll_valuebound20.c line 27 function main
Not unwinding 
Symex completed in: 0.005s (94 assignments)
Slicing time: 0.000s (removed 79 assignments)
Generated 1 VCC(s), 1 remaining after simplification (15 assignments)
No solver specified; defaulting to Boolector
Encoding remaining VCC(s) using bit-vector/floating-point arithmetic
Encoding to solver time: 0.000s
Solving with solver Boolector 3.2.1
Encoding to solver time: 0.000s
Runtime decision procedure: 0.002s
The forward condition is unable to prove the property
*** Checking base case, k = 11
Starting Bounded Model Checking
Unwinding loop 1  iteration  1   file ps4-ll_valuebound20.c line 27 function main
Unwinding loop 1  iteration  2   file ps4-ll_valuebound20.c line 27 function main
Unwinding loop 1  iteration  3   file ps4-ll_valuebound20.c line 27 function main
Unwinding loop 1  iteration  4   file ps4-ll_valuebound20.c line 27 function main
Unwinding loop 1  iteration  5   file ps4-ll_valuebound20.c line 27 function main
Unwinding loop 1  iteration  6   file ps4-ll_valuebound20.c line 27 function main
Unwinding loop 1  iteration  7   file ps4-ll_valuebound20.c line 27 function main
Unwinding loop 1  iteration  8   file ps4-ll_valuebound20.c line 27 function main
Unwinding loop 1  iteration  9   file ps4-ll_valuebound20.c line 27 function main
Unwinding loop 1  iteration  10   file ps4-ll_valuebound20.c line 27 function main
Not unwinding 
Symex completed in: 0.006s (112 assignments)
Slicing time: 0.000s (removed 69 assignments)
Generated 2 VCC(s), 2 remaining after simplification (43 assignments)
No solver specified; defaulting to Boolector
Encoding remaining VCC(s) using bit-vector/floating-point arithmetic
Encoding to solver time: 0.001s
Solving with solver Boolector 3.2.1
Encoding to solver time: 0.001s
Runtime decision procedure: 0.140s
BMC program time: 0.148s
No bug has been found in the base case
*** Checking forward condition, k = 11
Starting Bounded Model Checking
Unwinding loop 1  iteration  1   file ps4-ll_valuebound20.c line 27 function main
Unwinding loop 1  iteration  2   file ps4-ll_valuebound20.c line 27 function main
Unwinding loop 1  iteration  3   file ps4-ll_valuebound20.c line 27 function main
Unwinding loop 1  iteration  4   file ps4-ll_valuebound20.c line 27 function main
Unwinding loop 1  iteration  5   file ps4-ll_valuebound20.c line 27 function main
Unwinding loop 1  iteration  6   file ps4-ll_valuebound20.c line 27 function main
Unwinding loop 1  iteration  7   file ps4-ll_valuebound20.c line 27 function main
Unwinding loop 1  iteration  8   file ps4-ll_valuebound20.c line 27 function main
Unwinding loop 1  iteration  9   file ps4-ll_valuebound20.c line 27 function main
Unwinding loop 1  iteration  10   file ps4-ll_valuebound20.c line 27 function main
Not unwinding 
Symex completed in: 0.006s (110 assignments)
Slicing time: 0.000s (removed 93 assignments)
Generated 1 VCC(s), 1 remaining after simplification (17 assignments)
No solver specified; defaulting to Boolector
Encoding remaining VCC(s) using bit-vector/floating-point arithmetic
Encoding to solver time: 0.001s
Solving with solver Boolector 3.2.1
Encoding to solver time: 0.001s
Runtime decision procedure: 0.002s
The forward condition is unable to prove the property
*** Checking base case, k = 13
Starting Bounded Model Checking
Unwinding loop 1  iteration  1   file ps4-ll_valuebound20.c line 27 function main
Unwinding loop 1  iteration  2   file ps4-ll_valuebound20.c line 27 function main
Unwinding loop 1  iteration  3   file ps4-ll_valuebound20.c line 27 function main
Unwinding loop 1  iteration  4   file ps4-ll_valuebound20.c line 27 function main
Unwinding loop 1  iteration  5   file ps4-ll_valuebound20.c line 27 function main
Unwinding loop 1  iteration  6   file ps4-ll_valuebound20.c line 27 function main
Unwinding loop 1  iteration  7   file ps4-ll_valuebound20.c line 27 function main
Unwinding loop 1  iteration  8   file ps4-ll_valuebound20.c line 27 function main
Unwinding loop 1  iteration  9   file ps4-ll_valuebound20.c line 27 function main
Unwinding loop 1  iteration  10   file ps4-ll_valuebound20.c line 27 function main
Unwinding loop 1  iteration  11   file ps4-ll_valuebound20.c line 27 function main
Unwinding loop 1  iteration  12   file ps4-ll_valuebound20.c line 27 function main
Not unwinding 
Symex completed in: 0.006s (128 assignments)
Slicing time: 0.001s (removed 79 assignments)
Generated 2 VCC(s), 2 remaining after simplification (49 assignments)
No solver specified; defaulting to Boolector
Encoding remaining VCC(s) using bit-vector/floating-point arithmetic
Encoding to solver time: 0.001s
Solving with solver Boolector 3.2.1
Encoding to solver time: 0.001s
Runtime decision procedure: 0.174s
BMC program time: 0.182s
No bug has been found in the base case
*** Checking forward condition, k = 13
Starting Bounded Model Checking
Unwinding loop 1  iteration  1   file ps4-ll_valuebound20.c line 27 function main
Unwinding loop 1  iteration  2   file ps4-ll_valuebound20.c line 27 function main
Unwinding loop 1  iteration  3   file ps4-ll_valuebound20.c line 27 function main
Unwinding loop 1  iteration  4   file ps4-ll_valuebound20.c line 27 function main
Unwinding loop 1  iteration  5   file ps4-ll_valuebound20.c line 27 function main
Unwinding loop 1  iteration  6   file ps4-ll_valuebound20.c line 27 function main
Unwinding loop 1  iteration  7   file ps4-ll_valuebound20.c line 27 function main
Unwinding loop 1  iteration  8   file ps4-ll_valuebound20.c line 27 function main
Unwinding loop 1  iteration  9   file ps4-ll_valuebound20.c line 27 function main
Unwinding loop 1  iteration  10   file ps4-ll_valuebound20.c line 27 function main
Unwinding loop 1  iteration  11   file ps4-ll_valuebound20.c line 27 function main
Unwinding loop 1  iteration  12   file ps4-ll_valuebound20.c line 27 function main
Not unwinding 
Symex completed in: 0.006s (126 assignments)
Slicing time: 0.001s (removed 107 assignments)
Generated 1 VCC(s), 1 remaining after simplification (19 assignments)
No solver specified; defaulting to Boolector
Encoding remaining VCC(s) using bit-vector/floating-point arithmetic
Encoding to solver time: 0.001s
Solving with solver Boolector 3.2.1
Encoding to solver time: 0.001s
Runtime decision procedure: 0.002s
The forward condition is unable to prove the property
*** Checking base case, k = 15
Starting Bounded Model Checking
Unwinding loop 1  iteration  1   file ps4-ll_valuebound20.c line 27 function main
Unwinding loop 1  iteration  2   file ps4-ll_valuebound20.c line 27 function main
Unwinding loop 1  iteration  3   file ps4-ll_valuebound20.c line 27 function main
Unwinding loop 1  iteration  4   file ps4-ll_valuebound20.c line 27 function main
Unwinding loop 1  iteration  5   file ps4-ll_valuebound20.c line 27 function main
Unwinding loop 1  iteration  6   file ps4-ll_valuebound20.c line 27 function main
Unwinding loop 1  iteration  7   file ps4-ll_valuebound20.c line 27 function main
Unwinding loop 1  iteration  8   file ps4-ll_valuebound20.c line 27 function main
Unwinding loop 1  iteration  9   file ps4-ll_valuebound20.c line 27 function main
Unwinding loop 1  iteration  10   file ps4-ll_valuebound20.c line 27 function main
Unwinding loop 1  iteration  11   file ps4-ll_valuebound20.c line 27 function main
Unwinding loop 1  iteration  12   file ps4-ll_valuebound20.c line 27 function main
Unwinding loop 1  iteration  13   file ps4-ll_valuebound20.c line 27 function main
Unwinding loop 1  iteration  14   file ps4-ll_valuebound20.c line 27 function main
Not unwinding 
Symex completed in: 0.007s (144 assignments)
Slicing time: 0.001s (removed 89 assignments)
Generated 2 VCC(s), 2 remaining after simplification (55 assignments)
No solver specified; defaulting to Boolector
Encoding remaining VCC(s) using bit-vector/floating-point arithmetic
Encoding to solver time: 0.002s
Solving with solver Boolector 3.2.1
Encoding to solver time: 0.002s
Runtime decision procedure: 0.182s
BMC program time: 0.192s
No bug has been found in the base case
*** Checking forward condition, k = 15
Starting Bounded Model Checking
Unwinding loop 1  iteration  1   file ps4-ll_valuebound20.c line 27 function main
Unwinding loop 1  iteration  2   file ps4-ll_valuebound20.c line 27 function main
Unwinding loop 1  iteration  3   file ps4-ll_valuebound20.c line 27 function main
Unwinding loop 1  iteration  4   file ps4-ll_valuebound20.c line 27 function main
Unwinding loop 1  iteration  5   file ps4-ll_valuebound20.c line 27 function main
Unwinding loop 1  iteration  6   file ps4-ll_valuebound20.c line 27 function main
Unwinding loop 1  iteration  7   file ps4-ll_valuebound20.c line 27 function main
Unwinding loop 1  iteration  8   file ps4-ll_valuebound20.c line 27 function main
Unwinding loop 1  iteration  9   file ps4-ll_valuebound20.c line 27 function main
Unwinding loop 1  iteration  10   file ps4-ll_valuebound20.c line 27 function main
Unwinding loop 1  iteration  11   file ps4-ll_valuebound20.c line 27 function main
Unwinding loop 1  iteration  12   file ps4-ll_valuebound20.c line 27 function main
Unwinding loop 1  iteration  13   file ps4-ll_valuebound20.c line 27 function main
Unwinding loop 1  iteration  14   file ps4-ll_valuebound20.c line 27 function main
Not unwinding 
Symex completed in: 0.007s (142 assignments)
Slicing time: 0.000s (removed 121 assignments)
Generated 1 VCC(s), 1 remaining after simplification (21 assignments)
No solver specified; defaulting to Boolector
Encoding remaining VCC(s) using bit-vector/floating-point arithmetic
Encoding to solver time: 0.000s
Solving with solver Boolector 3.2.1
Encoding to solver time: 0.000s
Runtime decision procedure: 0.003s
The forward condition is unable to prove the property
*** Checking base case, k = 17
Starting Bounded Model Checking
Unwinding loop 1  iteration  1   file ps4-ll_valuebound20.c line 27 function main
Unwinding loop 1  iteration  2   file ps4-ll_valuebound20.c line 27 function main
Unwinding loop 1  iteration  3   file ps4-ll_valuebound20.c line 27 function main
Unwinding loop 1  iteration  4   file ps4-ll_valuebound20.c line 27 function main
Unwinding loop 1  iteration  5   file ps4-ll_valuebound20.c line 27 function main
Unwinding loop 1  iteration  6   file ps4-ll_valuebound20.c line 27 function main
Unwinding loop 1  iteration  7   file ps4-ll_valuebound20.c line 27 function main
Unwinding loop 1  iteration  8   file ps4-ll_valuebound20.c line 27 function main
Unwinding loop 1  iteration  9   file ps4-ll_valuebound20.c line 27 function main
Unwinding loop 1  iteration  10   file ps4-ll_valuebound20.c line 27 function main
Unwinding loop 1  iteration  11   file ps4-ll_valuebound20.c line 27 function main
Unwinding loop 1  iteration  12   file ps4-ll_valuebound20.c line 27 function main
Unwinding loop 1  iteration  13   file ps4-ll_valuebound20.c line 27 function main
Unwinding loop 1  iteration  14   file ps4-ll_valuebound20.c line 27 function main
Unwinding loop 1  iteration  15   file ps4-ll_valuebound20.c line 27 function main
Unwinding loop 1  iteration  16   file ps4-ll_valuebound20.c line 27 function main
Not unwinding 
Symex completed in: 0.008s (160 assignments)
Slicing time: 0.001s (removed 99 assignments)
Generated 2 VCC(s), 2 remaining after simplification (61 assignments)
No solver specified; defaulting to Boolector
Encoding remaining VCC(s) using bit-vector/floating-point arithmetic
Encoding to solver time: 0.001s
Solving with solver Boolector 3.2.1
Encoding to solver time: 0.001s
Runtime decision procedure: 0.203s
BMC program time: 0.215s
No bug has been found in the base case
*** Checking forward condition, k = 17
Starting Bounded Model Checking
Unwinding loop 1  iteration  1   file ps4-ll_valuebound20.c line 27 function main
Unwinding loop 1  iteration  2   file ps4-ll_valuebound20.c line 27 function main
Unwinding loop 1  iteration  3   file ps4-ll_valuebound20.c line 27 function main
Unwinding loop 1  iteration  4   file ps4-ll_valuebound20.c line 27 function main
Unwinding loop 1  iteration  5   file ps4-ll_valuebound20.c line 27 function main
Unwinding loop 1  iteration  6   file ps4-ll_valuebound20.c line 27 function main
Unwinding loop 1  iteration  7   file ps4-ll_valuebound20.c line 27 function main
Unwinding loop 1  iteration  8   file ps4-ll_valuebound20.c line 27 function main
Unwinding loop 1  iteration  9   file ps4-ll_valuebound20.c line 27 function main
Unwinding loop 1  iteration  10   file ps4-ll_valuebound20.c line 27 function main
Unwinding loop 1  iteration  11   file ps4-ll_valuebound20.c line 27 function main
Unwinding loop 1  iteration  12   file ps4-ll_valuebound20.c line 27 function main
Unwinding loop 1  iteration  13   file ps4-ll_valuebound20.c line 27 function main
Unwinding loop 1  iteration  14   file ps4-ll_valuebound20.c line 27 function main
Unwinding loop 1  iteration  15   file ps4-ll_valuebound20.c line 27 function main
Unwinding loop 1  iteration  16   file ps4-ll_valuebound20.c line 27 function main
Not unwinding 
Symex completed in: 0.008s (158 assignments)
Slicing time: 0.000s (removed 135 assignments)
Generated 1 VCC(s), 1 remaining after simplification (23 assignments)
No solver specified; defaulting to Boolector
Encoding remaining VCC(s) using bit-vector/floating-point arithmetic
Encoding to solver time: 0.001s
Solving with solver Boolector 3.2.1
Encoding to solver time: 0.001s
Runtime decision procedure: 0.002s
The forward condition is unable to prove the property
*** Checking base case, k = 19
Starting Bounded Model Checking
Unwinding loop 1  iteration  1   file ps4-ll_valuebound20.c line 27 function main
Unwinding loop 1  iteration  2   file ps4-ll_valuebound20.c line 27 function main
Unwinding loop 1  iteration  3   file ps4-ll_valuebound20.c line 27 function main
Unwinding loop 1  iteration  4   file ps4-ll_valuebound20.c line 27 function main
Unwinding loop 1  iteration  5   file ps4-ll_valuebound20.c line 27 function main
Unwinding loop 1  iteration  6   file ps4-ll_valuebound20.c line 27 function main
Unwinding loop 1  iteration  7   file ps4-ll_valuebound20.c line 27 function main
Unwinding loop 1  iteration  8   file ps4-ll_valuebound20.c line 27 function main
Unwinding loop 1  iteration  9   file ps4-ll_valuebound20.c line 27 function main
Unwinding loop 1  iteration  10   file ps4-ll_valuebound20.c line 27 function main
Unwinding loop 1  iteration  11   file ps4-ll_valuebound20.c line 27 function main
Unwinding loop 1  iteration  12   file ps4-ll_valuebound20.c line 27 function main
Unwinding loop 1  iteration  13   file ps4-ll_valuebound20.c line 27 function main
Unwinding loop 1  iteration  14   file ps4-ll_valuebound20.c line 27 function main
Unwinding loop 1  iteration  15   file ps4-ll_valuebound20.c line 27 function main
Unwinding loop 1  iteration  16   file ps4-ll_valuebound20.c line 27 function main
Unwinding loop 1  iteration  17   file ps4-ll_valuebound20.c line 27 function main
Unwinding loop 1  iteration  18   file ps4-ll_valuebound20.c line 27 function main
Not unwinding 
Symex completed in: 0.009s (176 assignments)
Slicing time: 0.001s (removed 109 assignments)
Generated 2 VCC(s), 2 remaining after simplification (67 assignments)
No solver specified; defaulting to Boolector
Encoding remaining VCC(s) using bit-vector/floating-point arithmetic
Encoding to solver time: 0.002s
Solving with solver Boolector 3.2.1
Encoding to solver time: 0.002s
Runtime decision procedure: 0.194s
BMC program time: 0.207s
No bug has been found in the base case
*** Checking forward condition, k = 19
Starting Bounded Model Checking
Unwinding loop 1  iteration  1   file ps4-ll_valuebound20.c line 27 function main
Unwinding loop 1  iteration  2   file ps4-ll_valuebound20.c line 27 function main
Unwinding loop 1  iteration  3   file ps4-ll_valuebound20.c line 27 function main
Unwinding loop 1  iteration  4   file ps4-ll_valuebound20.c line 27 function main
Unwinding loop 1  iteration  5   file ps4-ll_valuebound20.c line 27 function main
Unwinding loop 1  iteration  6   file ps4-ll_valuebound20.c line 27 function main
Unwinding loop 1  iteration  7   file ps4-ll_valuebound20.c line 27 function main
Unwinding loop 1  iteration  8   file ps4-ll_valuebound20.c line 27 function main
Unwinding loop 1  iteration  9   file ps4-ll_valuebound20.c line 27 function main
Unwinding loop 1  iteration  10   file ps4-ll_valuebound20.c line 27 function main
Unwinding loop 1  iteration  11   file ps4-ll_valuebound20.c line 27 function main
Unwinding loop 1  iteration  12   file ps4-ll_valuebound20.c line 27 function main
Unwinding loop 1  iteration  13   file ps4-ll_valuebound20.c line 27 function main
Unwinding loop 1  iteration  14   file ps4-ll_valuebound20.c line 27 function main
Unwinding loop 1  iteration  15   file ps4-ll_valuebound20.c line 27 function main
Unwinding loop 1  iteration  16   file ps4-ll_valuebound20.c line 27 function main
Unwinding loop 1  iteration  17   file ps4-ll_valuebound20.c line 27 function main
Unwinding loop 1  iteration  18   file ps4-ll_valuebound20.c line 27 function main
Not unwinding 
Symex completed in: 0.009s (174 assignments)
Slicing time: 0.000s (removed 149 assignments)
Generated 1 VCC(s), 1 remaining after simplification (25 assignments)
No solver specified; defaulting to Boolector
Encoding remaining VCC(s) using bit-vector/floating-point arithmetic
Encoding to solver time: 0.001s
Solving with solver Boolector 3.2.1
Encoding to solver time: 0.001s
Runtime decision procedure: 0.002s
The forward condition is unable to prove the property
*** Checking base case, k = 21
Starting Bounded Model Checking
Unwinding loop 1  iteration  1   file ps4-ll_valuebound20.c line 27 function main
Unwinding loop 1  iteration  2   file ps4-ll_valuebound20.c line 27 function main
Unwinding loop 1  iteration  3   file ps4-ll_valuebound20.c line 27 function main
Unwinding loop 1  iteration  4   file ps4-ll_valuebound20.c line 27 function main
Unwinding loop 1  iteration  5   file ps4-ll_valuebound20.c line 27 function main
Unwinding loop 1  iteration  6   file ps4-ll_valuebound20.c line 27 function main
Unwinding loop 1  iteration  7   file ps4-ll_valuebound20.c line 27 function main
Unwinding loop 1  iteration  8   file ps4-ll_valuebound20.c line 27 function main
Unwinding loop 1  iteration  9   file ps4-ll_valuebound20.c line 27 function main
Unwinding loop 1  iteration  10   file ps4-ll_valuebound20.c line 27 function main
Unwinding loop 1  iteration  11   file ps4-ll_valuebound20.c line 27 function main
Unwinding loop 1  iteration  12   file ps4-ll_valuebound20.c line 27 function main
Unwinding loop 1  iteration  13   file ps4-ll_valuebound20.c line 27 function main
Unwinding loop 1  iteration  14   file ps4-ll_valuebound20.c line 27 function main
Unwinding loop 1  iteration  15   file ps4-ll_valuebound20.c line 27 function main
Unwinding loop 1  iteration  16   file ps4-ll_valuebound20.c line 27 function main
Unwinding loop 1  iteration  17   file ps4-ll_valuebound20.c line 27 function main
Unwinding loop 1  iteration  18   file ps4-ll_valuebound20.c line 27 function main
Unwinding loop 1  iteration  19   file ps4-ll_valuebound20.c line 27 function main
Unwinding loop 1  iteration  20   file ps4-ll_valuebound20.c line 27 function main
Not unwinding 
Symex completed in: 0.010s (192 assignments)
Slicing time: 0.001s (removed 119 assignments)
Generated 2 VCC(s), 2 remaining after simplification (73 assignments)
No solver specified; defaulting to Boolector
Encoding remaining VCC(s) using bit-vector/floating-point arithmetic
Encoding to solver time: 0.002s
Solving with solver Boolector 3.2.1
Encoding to solver time: 0.002s
Runtime decision procedure: 0.218s
BMC program time: 0.231s
No bug has been found in the base case
*** Checking forward condition, k = 21
Starting Bounded Model Checking
Unwinding loop 1  iteration  1   file ps4-ll_valuebound20.c line 27 function main
Unwinding loop 1  iteration  2   file ps4-ll_valuebound20.c line 27 function main
Unwinding loop 1  iteration  3   file ps4-ll_valuebound20.c line 27 function main
Unwinding loop 1  iteration  4   file ps4-ll_valuebound20.c line 27 function main
Unwinding loop 1  iteration  5   file ps4-ll_valuebound20.c line 27 function main
Unwinding loop 1  iteration  6   file ps4-ll_valuebound20.c line 27 function main
Unwinding loop 1  iteration  7   file ps4-ll_valuebound20.c line 27 function main
Unwinding loop 1  iteration  8   file ps4-ll_valuebound20.c line 27 function main
Unwinding loop 1  iteration  9   file ps4-ll_valuebound20.c line 27 function main
Unwinding loop 1  iteration  10   file ps4-ll_valuebound20.c line 27 function main
Unwinding loop 1  iteration  11   file ps4-ll_valuebound20.c line 27 function main
Unwinding loop 1  iteration  12   file ps4-ll_valuebound20.c line 27 function main
Unwinding loop 1  iteration  13   file ps4-ll_valuebound20.c line 27 function main
Unwinding loop 1  iteration  14   file ps4-ll_valuebound20.c line 27 function main
Unwinding loop 1  iteration  15   file ps4-ll_valuebound20.c line 27 function main
Unwinding loop 1  iteration  16   file ps4-ll_valuebound20.c line 27 function main
Unwinding loop 1  iteration  17   file ps4-ll_valuebound20.c line 27 function main
Unwinding loop 1  iteration  18   file ps4-ll_valuebound20.c line 27 function main
Unwinding loop 1  iteration  19   file ps4-ll_valuebound20.c line 27 function main
Unwinding loop 1  iteration  20   file ps4-ll_valuebound20.c line 27 function main
Not unwinding 
Symex completed in: 0.009s (190 assignments)
Slicing time: 0.001s (removed 163 assignments)
Generated 1 VCC(s), 1 remaining after simplification (27 assignments)
No solver specified; defaulting to Boolector
Encoding remaining VCC(s) using bit-vector/floating-point arithmetic
Encoding to solver time: 0.001s
Solving with solver Boolector 3.2.1
Encoding to solver time: 0.001s
Runtime decision procedure: 0.001s
BMC program time: 0.013s
Building successful trace

VERIFICATION SUCCESSFUL

Solution found by the forward condition; all states are reachable (k = 21


TRUE
