./esbmc-wrapper.py -p ../sv-benchmarks/c/properties/unreach-call.prp -s kinduction --arch 32 ../sv-benchmarks/c/seq-mthreaded/rekh_nxt.3.M4.c


--------------------------------------------------------------------------------


Verifying with ESBMC
Command: ./esbmc --no-div-by-zero-check --force-malloc-success --state-hashing --no-align-check --k-step 2 --floatbv --unlimited-k-steps ../sv-benchmarks/c/seq-mthreaded/rekh_nxt.3.M4.c --32 --witness-output rekh_nxt.3.M4.c.graphml --no-pointer-check --no-bounds-check --interval-analysis --k-induction --max-inductive-step 3 
ESBMC version 6.8.0 64-bit x86_64 linux
Target: 32-bit little-endian x86_64-unknown-linux with esbmc libc
file ../sv-benchmarks/c/seq-mthreaded/rekh_nxt.3.M4.c: Parsing
Converting
Generating GOTO Program
GOTO program creation time: 0.507s
GOTO program processing time: 0.419s
*** Checking base case, k = 1
Starting Bounded Model Checking
Not unwinding 
Not unwinding 
Not unwinding 
Not unwinding 
Not unwinding 
Not unwinding 
Not unwinding 
Not unwinding 
Not unwinding 
Not unwinding 
Not unwinding 
Not unwinding 
Not unwinding 
Not unwinding 
Not unwinding 
Not unwinding 
Not unwinding 
Not unwinding 
Not unwinding 
Not unwinding 
Not unwinding 
Not unwinding 
Not unwinding 
Not unwinding 
Not unwinding 
Not unwinding 
Not unwinding 
Not unwinding 
Not unwinding 
Not unwinding 
Not unwinding 
Not unwinding 
Not unwinding 
Not unwinding 
Not unwinding 
Not unwinding 
Not unwinding 
Not unwinding 
Not unwinding 
Not unwinding 
Not unwinding 
Not unwinding 
Not unwinding 
Not unwinding 
Not unwinding 
Not unwinding 
Not unwinding 
Not unwinding 
Not unwinding 
Not unwinding 
Not unwinding 
Not unwinding 
Not unwinding 
Not unwinding 
Not unwinding 
Not unwinding 
Not unwinding 
Not unwinding 
Not unwinding 
Not unwinding 
Not unwinding 
Not unwinding 
Not unwinding 
Not unwinding 
Not unwinding 
Not unwinding 
Not unwinding 
Not unwinding 
Not unwinding 
Not unwinding 
Not unwinding 
Not unwinding 
Not unwinding 
Not unwinding 
Not unwinding 
Not unwinding 
Not unwinding 
Not unwinding 
Not unwinding 
Not unwinding 
Not unwinding 
Not unwinding 
Not unwinding 
Not unwinding 
Not unwinding 
Not unwinding 
Not unwinding 
Not unwinding 
Not unwinding 
Not unwinding 
Not unwinding 
Not unwinding 
Not unwinding 
Not unwinding 
Not unwinding 
Not unwinding 
Symex completed in: 9.227s (28319 assignments)
Slicing time: 2.089s (removed 14463 assignments)
Generated 96 VCC(s), 96 remaining after simplification (13856 assignments)
No solver specified; defaulting to Boolector
Encoding remaining VCC(s) using bit-vector/floating-point arithmetic
Encoding to solver time: 0.328s
Solving with solver Boolector 3.2.1
Encoding to solver time: 0.328s
Runtime decision procedure: 9.866s
BMC program time: 21.512s
No bug has been found in the base case
*** Checking forward condition, k = 1
Starting Bounded Model Checking
Not unwinding 
Not unwinding 
Not unwinding 
Not unwinding 
Not unwinding 
Not unwinding 
Not unwinding 
Not unwinding 
Not unwinding 
Not unwinding 
Not unwinding 
Not unwinding 
Not unwinding 
Not unwinding 
Not unwinding 
Not unwinding 
Not unwinding 
Not unwinding 
Not unwinding 
Not unwinding 
Not unwinding 
Not unwinding 
Not unwinding 
Not unwinding 
Not unwinding 
Not unwinding 
Not unwinding 
Not unwinding 
Not unwinding 
Not unwinding 
Not unwinding 
Not unwinding 
Not unwinding 
Not unwinding 
Not unwinding 
Not unwinding 
Not unwinding 
Not unwinding 
Not unwinding 
Not unwinding 
Not unwinding 
Not unwinding 
Not unwinding 
Not unwinding 
Not unwinding 
Not unwinding 
Not unwinding 
Not unwinding 
Not unwinding 
Not unwinding 
Not unwinding 
Not unwinding 
Not unwinding 
Not unwinding 
Not unwinding 
Not unwinding 
Not unwinding 
Not unwinding 
Not unwinding 
Not unwinding 
Not unwinding 
Not unwinding 
Not unwinding 
Not unwinding 
Not unwinding 
Not unwinding 
Not unwinding 
Not unwinding 
Not unwinding 
Not unwinding 
Not unwinding 
Not unwinding 
Not unwinding 
Not unwinding 
Not unwinding 
Not unwinding 
Not unwinding 
Not unwinding 
Not unwinding 
Not unwinding 
Not unwinding 
Not unwinding 
Not unwinding 
Not unwinding 
Not unwinding 
Not unwinding 
Not unwinding 
Not unwinding 
Not unwinding 
Not unwinding 
Not unwinding 
Not unwinding 
Not unwinding 
Not unwinding 
Not unwinding 
Not unwinding 
Symex completed in: 10.686s (28223 assignments)
Slicing time: 2.044s (removed 14463 assignments)
Generated 96 VCC(s), 96 remaining after simplification (13760 assignments)
No solver specified; defaulting to Boolector
Encoding remaining VCC(s) using bit-vector/floating-point arithmetic
Encoding to solver time: 0.327s
Solving with solver Boolector 3.2.1
Encoding to solver time: 0.327s
Runtime decision procedure: 162.219s
The forward condition is unable to prove the property
*** Checking base case, k = 3
Starting Bounded Model Checking
Unwinding loop 1  iteration  1   file rekh_nxt.3.M4.c line 235 function OSEK_Task_ts1
Unwinding loop 1  iteration  2   file rekh_nxt.3.M4.c line 235 function OSEK_Task_ts1
Unwinding loop 1  iteration  1   file rekh_nxt.3.M4.c line 235 function OSEK_Task_ts1
Unwinding loop 1  iteration  2   file rekh_nxt.3.M4.c line 235 function OSEK_Task_ts1
Unwinding loop 1  iteration  1   file rekh_nxt.3.M4.c line 235 function OSEK_Task_ts1
Unwinding loop 1  iteration  2   file rekh_nxt.3.M4.c line 235 function OSEK_Task_ts1
Unwinding loop 1  iteration  1   file rekh_nxt.3.M4.c line 235 function OSEK_Task_ts1
Unwinding loop 1  iteration  2   file rekh_nxt.3.M4.c line 235 function OSEK_Task_ts1
Unwinding loop 1  iteration  1   file rekh_nxt.3.M4.c line 235 function OSEK_Task_ts1
Unwinding loop 1  iteration  2   file rekh_nxt.3.M4.c line 235 function OSEK_Task_ts1
Unwinding loop 1  iteration  1   file rekh_nxt.3.M4.c line 235 function OSEK_Task_ts1
Unwinding loop 1  iteration  2   file rekh_nxt.3.M4.c line 235 function OSEK_Task_ts1
Unwinding loop 1  iteration  1   file rekh_nxt.3.M4.c line 235 function OSEK_Task_ts1
Unwinding loop 1  iteration  2   file rekh_nxt.3.M4.c line 235 function OSEK_Task_ts1
Unwinding loop 1  iteration  1   file rekh_nxt.3.M4.c line 235 function OSEK_Task_ts1
Unwinding loop 1  iteration  2   file rekh_nxt.3.M4.c line 235 function OSEK_Task_ts1
Unwinding loop 1  iteration  1   file rekh_nxt.3.M4.c line 235 function OSEK_Task_ts1
Unwinding loop 1  iteration  2   file rekh_nxt.3.M4.c line 235 function OSEK_Task_ts1
Unwinding loop 1  iteration  1   file rekh_nxt.3.M4.c line 235 function OSEK_Task_ts1
Unwinding loop 1  iteration  2   file rekh_nxt.3.M4.c line 235 function OSEK_Task_ts1
Unwinding loop 1  iteration  1   file rekh_nxt.3.M4.c line 235 function OSEK_Task_ts1
Unwinding loop 1  iteration  2   file rekh_nxt.3.M4.c line 235 function OSEK_Task_ts1
Unwinding loop 1  iteration  1   file rekh_nxt.3.M4.c line 235 function OSEK_Task_ts1
Unwinding loop 1  iteration  2   file rekh_nxt.3.M4.c line 235 function OSEK_Task_ts1
Unwinding loop 1  iteration  1   file rekh_nxt.3.M4.c line 235 function OSEK_Task_ts1
Unwinding loop 1  iteration  2   file rekh_nxt.3.M4.c line 235 function OSEK_Task_ts1
Unwinding loop 1  iteration  1   file rekh_nxt.3.M4.c line 235 function OSEK_Task_ts1
Unwinding loop 1  iteration  2   file rekh_nxt.3.M4.c line 235 function OSEK_Task_ts1
Unwinding loop 1  iteration  1   file rekh_nxt.3.M4.c line 235 function OSEK_Task_ts1
Unwinding loop 1  iteration  2   file rekh_nxt.3.M4.c line 235 function OSEK_Task_ts1
Unwinding loop 1  iteration  1   file rekh_nxt.3.M4.c line 235 function OSEK_Task_ts1
Unwinding loop 1  iteration  2   file rekh_nxt.3.M4.c line 235 function OSEK_Task_ts1
Unwinding loop 1  iteration  1   file rekh_nxt.3.M4.c line 235 function OSEK_Task_ts1
Unwinding loop 1  iteration  2   file rekh_nxt.3.M4.c line 235 function OSEK_Task_ts1
Unwinding loop 1  iteration  1   file rekh_nxt.3.M4.c line 235 function OSEK_Task_ts1
Unwinding loop 1  iteration  2   file rekh_nxt.3.M4.c line 235 function OSEK_Task_ts1
Unwinding loop 1  iteration  1   file rekh_nxt.3.M4.c line 235 function OSEK_Task_ts1
Unwinding loop 1  iteration  2   file rekh_nxt.3.M4.c line 235 function OSEK_Task_ts1
Unwinding loop 1  iteration  1   file rekh_nxt.3.M4.c line 235 function OSEK_Task_ts1
Unwinding loop 1  iteration  2   file rekh_nxt.3.M4.c line 235 function OSEK_Task_ts1
Unwinding loop 1  iteration  1   file rekh_nxt.3.M4.c line 235 function OSEK_Task_ts1
Unwinding loop 1  iteration  2   file rekh_nxt.3.M4.c line 235 function OSEK_Task_ts1
Unwinding loop 1  iteration  1   file rekh_nxt.3.M4.c line 235 function OSEK_Task_ts1
Unwinding loop 1  iteration  2   file rekh_nxt.3.M4.c line 235 function OSEK_Task_ts1
Unwinding loop 1  iteration  1   file rekh_nxt.3.M4.c line 235 function OSEK_Task_ts1
Unwinding loop 1  iteration  2   file rekh_nxt.3.M4.c line 235 function OSEK_Task_ts1
Unwinding loop 1  iteration  1   file rekh_nxt.3.M4.c line 235 function OSEK_Task_ts1
Unwinding loop 1  iteration  2   file rekh_nxt.3.M4.c line 235 function OSEK_Task_ts1
Unwinding loop 1  iteration  1   file rekh_nxt.3.M4.c line 235 function OSEK_Task_ts1
Unwinding loop 1  iteration  2   file rekh_nxt.3.M4.c line 235 function OSEK_Task_ts1
Unwinding loop 1  iteration  1   file rekh_nxt.3.M4.c line 235 function OSEK_Task_ts1
Unwinding loop 1  iteration  2   file rekh_nxt.3.M4.c line 235 function OSEK_Task_ts1
Unwinding loop 1  iteration  1   file rekh_nxt.3.M4.c line 235 function OSEK_Task_ts1
Unwinding loop 1  iteration  2   file rekh_nxt.3.M4.c line 235 function OSEK_Task_ts1
Unwinding loop 1  iteration  1   file rekh_nxt.3.M4.c line 235 function OSEK_Task_ts1
Unwinding loop 1  iteration  2   file rekh_nxt.3.M4.c line 235 function OSEK_Task_ts1
Unwinding loop 1  iteration  1   file rekh_nxt.3.M4.c line 235 function OSEK_Task_ts1
Unwinding loop 1  iteration  2   file rekh_nxt.3.M4.c line 235 function OSEK_Task_ts1
Unwinding loop 1  iteration  1   file rekh_nxt.3.M4.c line 235 function OSEK_Task_ts1
Unwinding loop 1  iteration  2   file rekh_nxt.3.M4.c line 235 function OSEK_Task_ts1
Unwinding loop 1  iteration  1   file rekh_nxt.3.M4.c line 235 function OSEK_Task_ts1
Unwinding loop 1  iteration  2   file rekh_nxt.3.M4.c line 235 function OSEK_Task_ts1
Unwinding loop 1  iteration  1   file rekh_nxt.3.M4.c line 235 function OSEK_Task_ts1
Unwinding loop 1  iteration  2   file rekh_nxt.3.M4.c line 235 function OSEK_Task_ts1
Unwinding loop 1  iteration  1   file rekh_nxt.3.M4.c line 235 function OSEK_Task_ts1
Unwinding loop 1  iteration  2   file rekh_nxt.3.M4.c line 235 function OSEK_Task_ts1
Unwinding loop 1  iteration  1   file rekh_nxt.3.M4.c line 235 function OSEK_Task_ts1
Unwinding loop 1  iteration  2   file rekh_nxt.3.M4.c line 235 function OSEK_Task_ts1
Unwinding loop 1  iteration  1   file rekh_nxt.3.M4.c line 235 function OSEK_Task_ts1
Unwinding loop 1  iteration  2   file rekh_nxt.3.M4.c line 235 function OSEK_Task_ts1
Unwinding loop 1  iteration  1   file rekh_nxt.3.M4.c line 235 function OSEK_Task_ts1
Unwinding loop 1  iteration  2   file rekh_nxt.3.M4.c line 235 function OSEK_Task_ts1
Unwinding loop 1  iteration  1   file rekh_nxt.3.M4.c line 235 function OSEK_Task_ts1
Unwinding loop 1  iteration  2   file rekh_nxt.3.M4.c line 235 function OSEK_Task_ts1
Unwinding loop 1  iteration  1   file rekh_nxt.3.M4.c line 235 function OSEK_Task_ts1
Unwinding loop 1  iteration  2   file rekh_nxt.3.M4.c line 235 function OSEK_Task_ts1
Unwinding loop 1  iteration  1   file rekh_nxt.3.M4.c line 235 function OSEK_Task_ts1
Unwinding loop 1  iteration  2   file rekh_nxt.3.M4.c line 235 function OSEK_Task_ts1
Unwinding loop 1  iteration  1   file rekh_nxt.3.M4.c line 235 function OSEK_Task_ts1
Unwinding loop 1  iteration  2   file rekh_nxt.3.M4.c line 235 function OSEK_Task_ts1
Unwinding loop 1  iteration  1   file rekh_nxt.3.M4.c line 235 function OSEK_Task_ts1
Unwinding loop 1  iteration  2   file rekh_nxt.3.M4.c line 235 function OSEK_Task_ts1
Unwinding loop 1  iteration  1   file rekh_nxt.3.M4.c line 235 function OSEK_Task_ts1
Unwinding loop 1  iteration  2   file rekh_nxt.3.M4.c line 235 function OSEK_Task_ts1
Unwinding loop 1  iteration  1   file rekh_nxt.3.M4.c line 235 function OSEK_Task_ts1
Unwinding loop 1  iteration  2   file rekh_nxt.3.M4.c line 235 function OSEK_Task_ts1
Unwinding loop 1  iteration  1   file rekh_nxt.3.M4.c line 235 function OSEK_Task_ts1
Unwinding loop 1  iteration  2   file rekh_nxt.3.M4.c line 235 function OSEK_Task_ts1
Unwinding loop 1  iteration  1   file rekh_nxt.3.M4.c line 235 function OSEK_Task_ts1
Unwinding loop 1  iteration  2   file rekh_nxt.3.M4.c line 235 function OSEK_Task_ts1
Unwinding loop 1  iteration  1   file rekh_nxt.3.M4.c line 235 function OSEK_Task_ts1
Unwinding loop 1  iteration  2   file rekh_nxt.3.M4.c line 235 function OSEK_Task_ts1
Unwinding loop 1  iteration  1   file rekh_nxt.3.M4.c line 235 function OSEK_Task_ts1
Unwinding loop 1  iteration  2   file rekh_nxt.3.M4.c line 235 function OSEK_Task_ts1
Unwinding loop 1  iteration  1   file rekh_nxt.3.M4.c line 235 function OSEK_Task_ts1
Unwinding loop 1  iteration  2   file rekh_nxt.3.M4.c line 235 function OSEK_Task_ts1
Unwinding loop 1  iteration  1   file rekh_nxt.3.M4.c line 235 function OSEK_Task_ts1
Unwinding loop 1  iteration  2   file rekh_nxt.3.M4.c line 235 function OSEK_Task_ts1
Unwinding loop 1  iteration  1   file rekh_nxt.3.M4.c line 235 function OSEK_Task_ts1
Unwinding loop 1  iteration  2   file rekh_nxt.3.M4.c line 235 function OSEK_Task_ts1
Unwinding loop 1  iteration  1   file rekh_nxt.3.M4.c line 235 function OSEK_Task_ts1
Unwinding loop 1  iteration  2   file rekh_nxt.3.M4.c line 235 function OSEK_Task_ts1
Unwinding loop 1  iteration  1   file rekh_nxt.3.M4.c line 235 function OSEK_Task_ts1
Unwinding loop 1  iteration  2   file rekh_nxt.3.M4.c line 235 function OSEK_Task_ts1
Unwinding loop 1  iteration  1   file rekh_nxt.3.M4.c line 235 function OSEK_Task_ts1
Unwinding loop 1  iteration  2   file rekh_nxt.3.M4.c line 235 function OSEK_Task_ts1
Unwinding loop 1  iteration  1   file rekh_nxt.3.M4.c line 235 function OSEK_Task_ts1
Unwinding loop 1  iteration  2   file rekh_nxt.3.M4.c line 235 function OSEK_Task_ts1
Unwinding loop 1  iteration  1   file rekh_nxt.3.M4.c line 235 function OSEK_Task_ts1
Unwinding loop 1  iteration  2   file rekh_nxt.3.M4.c line 235 function OSEK_Task_ts1
Unwinding loop 1  iteration  1   file rekh_nxt.3.M4.c line 235 function OSEK_Task_ts1
Unwinding loop 1  iteration  2   file rekh_nxt.3.M4.c line 235 function OSEK_Task_ts1
Unwinding loop 1  iteration  1   file rekh_nxt.3.M4.c line 235 function OSEK_Task_ts1
Unwinding loop 1  iteration  2   file rekh_nxt.3.M4.c line 235 function OSEK_Task_ts1
Unwinding loop 1  iteration  1   file rekh_nxt.3.M4.c line 235 function OSEK_Task_ts1
Unwinding loop 1  iteration  2   file rekh_nxt.3.M4.c line 235 function OSEK_Task_ts1
Unwinding loop 1  iteration  1   file rekh_nxt.3.M4.c line 235 function OSEK_Task_ts1
Unwinding loop 1  iteration  2   file rekh_nxt.3.M4.c line 235 function OSEK_Task_ts1
Unwinding loop 1  iteration  1   file rekh_nxt.3.M4.c line 235 function OSEK_Task_ts1
Unwinding loop 1  iteration  2   file rekh_nxt.3.M4.c line 235 function OSEK_Task_ts1
Unwinding loop 1  iteration  1   file rekh_nxt.3.M4.c line 235 function OSEK_Task_ts1
Unwinding loop 1  iteration  2   file rekh_nxt.3.M4.c line 235 function OSEK_Task_ts1
Unwinding loop 1  iteration  1   file rekh_nxt.3.M4.c line 235 function OSEK_Task_ts1
Unwinding loop 1  iteration  2   file rekh_nxt.3.M4.c line 235 function OSEK_Task_ts1
Unwinding loop 1  iteration  1   file rekh_nxt.3.M4.c line 235 function OSEK_Task_ts1
Unwinding loop 1  iteration  2   file rekh_nxt.3.M4.c line 235 function OSEK_Task_ts1
Unwinding loop 1  iteration  1   file rekh_nxt.3.M4.c line 235 function OSEK_Task_ts1
Unwinding loop 1  iteration  2   file rekh_nxt.3.M4.c line 235 function OSEK_Task_ts1
Unwinding loop 1  iteration  1   file rekh_nxt.3.M4.c line 235 function OSEK_Task_ts1
Unwinding loop 1  iteration  2   file rekh_nxt.3.M4.c line 235 function OSEK_Task_ts1
Unwinding loop 1  iteration  1   file rekh_nxt.3.M4.c line 235 function OSEK_Task_ts1
Unwinding loop 1  iteration  2   file rekh_nxt.3.M4.c line 235 function OSEK_Task_ts1
Unwinding loop 1  iteration  1   file rekh_nxt.3.M4.c line 235 function OSEK_Task_ts1
Unwinding loop 1  iteration  2   file rekh_nxt.3.M4.c line 235 function OSEK_Task_ts1
Unwinding loop 1  iteration  1   file rekh_nxt.3.M4.c line 235 function OSEK_Task_ts1
Unwinding loop 1  iteration  2   file rekh_nxt.3.M4.c line 235 function OSEK_Task_ts1
Unwinding loop 1  iteration  1   file rekh_nxt.3.M4.c line 235 function OSEK_Task_ts1
Unwinding loop 1  iteration  2   file rekh_nxt.3.M4.c line 235 function OSEK_Task_ts1
Unwinding loop 1  iteration  1   file rekh_nxt.3.M4.c line 235 function OSEK_Task_ts1
Unwinding loop 1  iteration  2   file rekh_nxt.3.M4.c line 235 function OSEK_Task_ts1
Unwinding loop 1  iteration  1   file rekh_nxt.3.M4.c line 235 function OSEK_Task_ts1
Unwinding loop 1  iteration  2   file rekh_nxt.3.M4.c line 235 function OSEK_Task_ts1
Unwinding loop 1  iteration  1   file rekh_nxt.3.M4.c line 235 function OSEK_Task_ts1
Unwinding loop 1  iteration  2   file rekh_nxt.3.M4.c line 235 function OSEK_Task_ts1
Unwinding loop 1  iteration  1   file rekh_nxt.3.M4.c line 235 function OSEK_Task_ts1
Unwinding loop 1  iteration  2   file rekh_nxt.3.M4.c line 235 function OSEK_Task_ts1
Unwinding loop 1  iteration  1   file rekh_nxt.3.M4.c line 235 function OSEK_Task_ts1
Unwinding loop 1  iteration  2   file rekh_nxt.3.M4.c line 235 function OSEK_Task_ts1
Unwinding loop 1  iteration  1   file rekh_nxt.3.M4.c line 235 function OSEK_Task_ts1
Unwinding loop 1  iteration  2   file rekh_nxt.3.M4.c line 235 function OSEK_Task_ts1
Unwinding loop 1  iteration  1   file rekh_nxt.3.M4.c line 235 function OSEK_Task_ts1
Unwinding loop 1  iteration  2   file rekh_nxt.3.M4.c line 235 function OSEK_Task_ts1
Unwinding loop 1  iteration  1   file rekh_nxt.3.M4.c line 235 function OSEK_Task_ts1
Unwinding loop 1  iteration  2   file rekh_nxt.3.M4.c line 235 function OSEK_Task_ts1
Unwinding loop 1  iteration  1   file rekh_nxt.3.M4.c line 235 function OSEK_Task_ts1
Unwinding loop 1  iteration  2   file rekh_nxt.3.M4.c line 235 function OSEK_Task_ts1
Unwinding loop 1  iteration  1   file rekh_nxt.3.M4.c line 235 function OSEK_Task_ts1
Unwinding loop 1  iteration  2   file rekh_nxt.3.M4.c line 235 function OSEK_Task_ts1
Unwinding loop 1  iteration  1   file rekh_nxt.3.M4.c line 235 function OSEK_Task_ts1
Unwinding loop 1  iteration  2   file rekh_nxt.3.M4.c line 235 function OSEK_Task_ts1
Unwinding loop 1  iteration  1   file rekh_nxt.3.M4.c line 235 function OSEK_Task_ts1
Unwinding loop 1  iteration  2   file rekh_nxt.3.M4.c line 235 function OSEK_Task_ts1
Unwinding loop 1  iteration  1   file rekh_nxt.3.M4.c line 235 function OSEK_Task_ts1
Unwinding loop 1  iteration  2   file rekh_nxt.3.M4.c line 235 function OSEK_Task_ts1
Unwinding loop 1  iteration  1   file rekh_nxt.3.M4.c line 235 function OSEK_Task_ts1
Unwinding loop 1  iteration  2   file rekh_nxt.3.M4.c line 235 function OSEK_Task_ts1
Unwinding loop 1  iteration  1   file rekh_nxt.3.M4.c line 235 function OSEK_Task_ts1
Unwinding loop 1  iteration  2   file rekh_nxt.3.M4.c line 235 function OSEK_Task_ts1
Unwinding loop 1  iteration  1   file rekh_nxt.3.M4.c line 235 function OSEK_Task_ts1
Unwinding loop 1  iteration  2   file rekh_nxt.3.M4.c line 235 function OSEK_Task_ts1
Unwinding loop 1  iteration  1   file rekh_nxt.3.M4.c line 235 function OSEK_Task_ts1
Unwinding loop 1  iteration  2   file rekh_nxt.3.M4.c line 235 function OSEK_Task_ts1
Unwinding loop 1  iteration  1   file rekh_nxt.3.M4.c line 235 function OSEK_Task_ts1
Unwinding loop 1  iteration  2   file rekh_nxt.3.M4.c line 235 function OSEK_Task_ts1
Unwinding loop 1  iteration  1   file rekh_nxt.3.M4.c line 235 function OSEK_Task_ts1
Unwinding loop 1  iteration  2   file rekh_nxt.3.M4.c line 235 function OSEK_Task_ts1
Unwinding loop 1  iteration  1   file rekh_nxt.3.M4.c line 235 function OSEK_Task_ts1
Unwinding loop 1  iteration  2   file rekh_nxt.3.M4.c line 235 function OSEK_Task_ts1
Unwinding loop 1  iteration  1   file rekh_nxt.3.M4.c line 235 function OSEK_Task_ts1
Unwinding loop 1  iteration  2   file rekh_nxt.3.M4.c line 235 function OSEK_Task_ts1
Unwinding loop 1  iteration  1   file rekh_nxt.3.M4.c line 235 function OSEK_Task_ts1
Unwinding loop 1  iteration  2   file rekh_nxt.3.M4.c line 235 function OSEK_Task_ts1
Unwinding loop 1  iteration  1   file rekh_nxt.3.M4.c line 235 function OSEK_Task_ts1
Unwinding loop 1  iteration  2   file rekh_nxt.3.M4.c line 235 function OSEK_Task_ts1
Unwinding loop 1  iteration  1   file rekh_nxt.3.M4.c line 235 function OSEK_Task_ts1
Unwinding loop 1  iteration  2   file rekh_nxt.3.M4.c line 235 function OSEK_Task_ts1
Unwinding loop 1  iteration  1   file rekh_nxt.3.M4.c line 235 function OSEK_Task_ts1
Unwinding loop 1  iteration  2   file rekh_nxt.3.M4.c line 235 function OSEK_Task_ts1
Unwinding loop 1  iteration  1   file rekh_nxt.3.M4.c line 235 function OSEK_Task_ts1
Unwinding loop 1  iteration  2   file rekh_nxt.3.M4.c line 235 function OSEK_Task_ts1
Unwinding loop 1  iteration  1   file rekh_nxt.3.M4.c line 235 function OSEK_Task_ts1
Unwinding loop 1  iteration  2   file rekh_nxt.3.M4.c line 235 function OSEK_Task_ts1
Symex completed in: 14.685s (32739 assignments)
Slicing time: 2.256s (removed 17559 assignments)
Generated 96 VCC(s), 96 remaining after simplification (15180 assignments)
No solver specified; defaulting to Boolector
Encoding remaining VCC(s) using bit-vector/floating-point arithmetic
Encoding to solver time: 0.332s
Solving with solver Boolector 3.2.1
Encoding to solver time: 0.332s
Runtime decision procedure: 39.728s
BMC program time: 57.002s
No bug has been found in the base case
*** Checking forward condition, k = 3
Starting Bounded Model Checking
Unwinding loop 1  iteration  1   file rekh_nxt.3.M4.c line 235 function OSEK_Task_ts1
Unwinding loop 1  iteration  2   file rekh_nxt.3.M4.c line 235 function OSEK_Task_ts1
Unwinding loop 1  iteration  1   file rekh_nxt.3.M4.c line 235 function OSEK_Task_ts1
Unwinding loop 1  iteration  2   file rekh_nxt.3.M4.c line 235 function OSEK_Task_ts1
Unwinding loop 1  iteration  1   file rekh_nxt.3.M4.c line 235 function OSEK_Task_ts1
Unwinding loop 1  iteration  2   file rekh_nxt.3.M4.c line 235 function OSEK_Task_ts1
Unwinding loop 1  iteration  1   file rekh_nxt.3.M4.c line 235 function OSEK_Task_ts1
Unwinding loop 1  iteration  2   file rekh_nxt.3.M4.c line 235 function OSEK_Task_ts1
Unwinding loop 1  iteration  1   file rekh_nxt.3.M4.c line 235 function OSEK_Task_ts1
Unwinding loop 1  iteration  2   file rekh_nxt.3.M4.c line 235 function OSEK_Task_ts1
Unwinding loop 1  iteration  1   file rekh_nxt.3.M4.c line 235 function OSEK_Task_ts1
Unwinding loop 1  iteration  2   file rekh_nxt.3.M4.c line 235 function OSEK_Task_ts1
Unwinding loop 1  iteration  1   file rekh_nxt.3.M4.c line 235 function OSEK_Task_ts1
Unwinding loop 1  iteration  2   file rekh_nxt.3.M4.c line 235 function OSEK_Task_ts1
Unwinding loop 1  iteration  1   file rekh_nxt.3.M4.c line 235 function OSEK_Task_ts1
Unwinding loop 1  iteration  2   file rekh_nxt.3.M4.c line 235 function OSEK_Task_ts1
Unwinding loop 1  iteration  1   file rekh_nxt.3.M4.c line 235 function OSEK_Task_ts1
Unwinding loop 1  iteration  2   file rekh_nxt.3.M4.c line 235 function OSEK_Task_ts1
Unwinding loop 1  iteration  1   file rekh_nxt.3.M4.c line 235 function OSEK_Task_ts1
Unwinding loop 1  iteration  2   file rekh_nxt.3.M4.c line 235 function OSEK_Task_ts1
Unwinding loop 1  iteration  1   file rekh_nxt.3.M4.c line 235 function OSEK_Task_ts1
Unwinding loop 1  iteration  2   file rekh_nxt.3.M4.c line 235 function OSEK_Task_ts1
Unwinding loop 1  iteration  1   file rekh_nxt.3.M4.c line 235 function OSEK_Task_ts1
Unwinding loop 1  iteration  2   file rekh_nxt.3.M4.c line 235 function OSEK_Task_ts1
Unwinding loop 1  iteration  1   file rekh_nxt.3.M4.c line 235 function OSEK_Task_ts1
Unwinding loop 1  iteration  2   file rekh_nxt.3.M4.c line 235 function OSEK_Task_ts1
Unwinding loop 1  iteration  1   file rekh_nxt.3.M4.c line 235 function OSEK_Task_ts1
Unwinding loop 1  iteration  2   file rekh_nxt.3.M4.c line 235 function OSEK_Task_ts1
Unwinding loop 1  iteration  1   file rekh_nxt.3.M4.c line 235 function OSEK_Task_ts1
Unwinding loop 1  iteration  2   file rekh_nxt.3.M4.c line 235 function OSEK_Task_ts1
Unwinding loop 1  iteration  1   file rekh_nxt.3.M4.c line 235 function OSEK_Task_ts1
Unwinding loop 1  iteration  2   file rekh_nxt.3.M4.c line 235 function OSEK_Task_ts1
Unwinding loop 1  iteration  1   file rekh_nxt.3.M4.c line 235 function OSEK_Task_ts1
Unwinding loop 1  iteration  2   file rekh_nxt.3.M4.c line 235 function OSEK_Task_ts1
Unwinding loop 1  iteration  1   file rekh_nxt.3.M4.c line 235 function OSEK_Task_ts1
Unwinding loop 1  iteration  2   file rekh_nxt.3.M4.c line 235 function OSEK_Task_ts1
Unwinding loop 1  iteration  1   file rekh_nxt.3.M4.c line 235 function OSEK_Task_ts1
Unwinding loop 1  iteration  2   file rekh_nxt.3.M4.c line 235 function OSEK_Task_ts1
Unwinding loop 1  iteration  1   file rekh_nxt.3.M4.c line 235 function OSEK_Task_ts1
Unwinding loop 1  iteration  2   file rekh_nxt.3.M4.c line 235 function OSEK_Task_ts1
Unwinding loop 1  iteration  1   file rekh_nxt.3.M4.c line 235 function OSEK_Task_ts1
Unwinding loop 1  iteration  2   file rekh_nxt.3.M4.c line 235 function OSEK_Task_ts1
Unwinding loop 1  iteration  1   file rekh_nxt.3.M4.c line 235 function OSEK_Task_ts1
Unwinding loop 1  iteration  2   file rekh_nxt.3.M4.c line 235 function OSEK_Task_ts1
Unwinding loop 1  iteration  1   file rekh_nxt.3.M4.c line 235 function OSEK_Task_ts1
Unwinding loop 1  iteration  2   file rekh_nxt.3.M4.c line 235 function OSEK_Task_ts1
Unwinding loop 1  iteration  1   file rekh_nxt.3.M4.c line 235 function OSEK_Task_ts1
Unwinding loop 1  iteration  2   file rekh_nxt.3.M4.c line 235 function OSEK_Task_ts1
Unwinding loop 1  iteration  1   file rekh_nxt.3.M4.c line 235 function OSEK_Task_ts1
Unwinding loop 1  iteration  2   file rekh_nxt.3.M4.c line 235 function OSEK_Task_ts1
Unwinding loop 1  iteration  1   file rekh_nxt.3.M4.c line 235 function OSEK_Task_ts1
Unwinding loop 1  iteration  2   file rekh_nxt.3.M4.c line 235 function OSEK_Task_ts1
Unwinding loop 1  iteration  1   file rekh_nxt.3.M4.c line 235 function OSEK_Task_ts1
Unwinding loop 1  iteration  2   file rekh_nxt.3.M4.c line 235 function OSEK_Task_ts1
Unwinding loop 1  iteration  1   file rekh_nxt.3.M4.c line 235 function OSEK_Task_ts1
Unwinding loop 1  iteration  2   file rekh_nxt.3.M4.c line 235 function OSEK_Task_ts1
Unwinding loop 1  iteration  1   file rekh_nxt.3.M4.c line 235 function OSEK_Task_ts1
Unwinding loop 1  iteration  2   file rekh_nxt.3.M4.c line 235 function OSEK_Task_ts1
Unwinding loop 1  iteration  1   file rekh_nxt.3.M4.c line 235 function OSEK_Task_ts1
Unwinding loop 1  iteration  2   file rekh_nxt.3.M4.c line 235 function OSEK_Task_ts1
Unwinding loop 1  iteration  1   file rekh_nxt.3.M4.c line 235 function OSEK_Task_ts1
Unwinding loop 1  iteration  2   file rekh_nxt.3.M4.c line 235 function OSEK_Task_ts1
Unwinding loop 1  iteration  1   file rekh_nxt.3.M4.c line 235 function OSEK_Task_ts1
Unwinding loop 1  iteration  2   file rekh_nxt.3.M4.c line 235 function OSEK_Task_ts1
Unwinding loop 1  iteration  1   file rekh_nxt.3.M4.c line 235 function OSEK_Task_ts1
Unwinding loop 1  iteration  2   file rekh_nxt.3.M4.c line 235 function OSEK_Task_ts1
Unwinding loop 1  iteration  1   file rekh_nxt.3.M4.c line 235 function OSEK_Task_ts1
Unwinding loop 1  iteration  2   file rekh_nxt.3.M4.c line 235 function OSEK_Task_ts1
Unwinding loop 1  iteration  1   file rekh_nxt.3.M4.c line 235 function OSEK_Task_ts1
Unwinding loop 1  iteration  2   file rekh_nxt.3.M4.c line 235 function OSEK_Task_ts1
Unwinding loop 1  iteration  1   file rekh_nxt.3.M4.c line 235 function OSEK_Task_ts1
Unwinding loop 1  iteration  2   file rekh_nxt.3.M4.c line 235 function OSEK_Task_ts1
Unwinding loop 1  iteration  1   file rekh_nxt.3.M4.c line 235 function OSEK_Task_ts1
Unwinding loop 1  iteration  2   file rekh_nxt.3.M4.c line 235 function OSEK_Task_ts1
Unwinding loop 1  iteration  1   file rekh_nxt.3.M4.c line 235 function OSEK_Task_ts1
Unwinding loop 1  iteration  2   file rekh_nxt.3.M4.c line 235 function OSEK_Task_ts1
Unwinding loop 1  iteration  1   file rekh_nxt.3.M4.c line 235 function OSEK_Task_ts1
Unwinding loop 1  iteration  2   file rekh_nxt.3.M4.c line 235 function OSEK_Task_ts1
Unwinding loop 1  iteration  1   file rekh_nxt.3.M4.c line 235 function OSEK_Task_ts1
Unwinding loop 1  iteration  2   file rekh_nxt.3.M4.c line 235 function OSEK_Task_ts1
Unwinding loop 1  iteration  1   file rekh_nxt.3.M4.c line 235 function OSEK_Task_ts1
Unwinding loop 1  iteration  2   file rekh_nxt.3.M4.c line 235 function OSEK_Task_ts1
Unwinding loop 1  iteration  1   file rekh_nxt.3.M4.c line 235 function OSEK_Task_ts1
Unwinding loop 1  iteration  2   file rekh_nxt.3.M4.c line 235 function OSEK_Task_ts1
Unwinding loop 1  iteration  1   file rekh_nxt.3.M4.c line 235 function OSEK_Task_ts1
Unwinding loop 1  iteration  2   file rekh_nxt.3.M4.c line 235 function OSEK_Task_ts1
Unwinding loop 1  iteration  1   file rekh_nxt.3.M4.c line 235 function OSEK_Task_ts1
Unwinding loop 1  iteration  2   file rekh_nxt.3.M4.c line 235 function OSEK_Task_ts1
Unwinding loop 1  iteration  1   file rekh_nxt.3.M4.c line 235 function OSEK_Task_ts1
Unwinding loop 1  iteration  2   file rekh_nxt.3.M4.c line 235 function OSEK_Task_ts1
Unwinding loop 1  iteration  1   file rekh_nxt.3.M4.c line 235 function OSEK_Task_ts1
Unwinding loop 1  iteration  2   file rekh_nxt.3.M4.c line 235 function OSEK_Task_ts1
Unwinding loop 1  iteration  1   file rekh_nxt.3.M4.c line 235 function OSEK_Task_ts1
Unwinding loop 1  iteration  2   file rekh_nxt.3.M4.c line 235 function OSEK_Task_ts1
Unwinding loop 1  iteration  1   file rekh_nxt.3.M4.c line 235 function OSEK_Task_ts1
Unwinding loop 1  iteration  2   file rekh_nxt.3.M4.c line 235 function OSEK_Task_ts1
Unwinding loop 1  iteration  1   file rekh_nxt.3.M4.c line 235 function OSEK_Task_ts1
Unwinding loop 1  iteration  2   file rekh_nxt.3.M4.c line 235 function OSEK_Task_ts1
Unwinding loop 1  iteration  1   file rekh_nxt.3.M4.c line 235 function OSEK_Task_ts1
Unwinding loop 1  iteration  2   file rekh_nxt.3.M4.c line 235 function OSEK_Task_ts1
Unwinding loop 1  iteration  1   file rekh_nxt.3.M4.c line 235 function OSEK_Task_ts1
Unwinding loop 1  iteration  2   file rekh_nxt.3.M4.c line 235 function OSEK_Task_ts1
Unwinding loop 1  iteration  1   file rekh_nxt.3.M4.c line 235 function OSEK_Task_ts1
Unwinding loop 1  iteration  2   file rekh_nxt.3.M4.c line 235 function OSEK_Task_ts1
Unwinding loop 1  iteration  1   file rekh_nxt.3.M4.c line 235 function OSEK_Task_ts1
Unwinding loop 1  iteration  2   file rekh_nxt.3.M4.c line 235 function OSEK_Task_ts1
Unwinding loop 1  iteration  1   file rekh_nxt.3.M4.c line 235 function OSEK_Task_ts1
Unwinding loop 1  iteration  2   file rekh_nxt.3.M4.c line 235 function OSEK_Task_ts1
Unwinding loop 1  iteration  1   file rekh_nxt.3.M4.c line 235 function OSEK_Task_ts1
Unwinding loop 1  iteration  2   file rekh_nxt.3.M4.c line 235 function OSEK_Task_ts1
Unwinding loop 1  iteration  1   file rekh_nxt.3.M4.c line 235 function OSEK_Task_ts1
Unwinding loop 1  iteration  2   file rekh_nxt.3.M4.c line 235 function OSEK_Task_ts1
Unwinding loop 1  iteration  1   file rekh_nxt.3.M4.c line 235 function OSEK_Task_ts1
Unwinding loop 1  iteration  2   file rekh_nxt.3.M4.c line 235 function OSEK_Task_ts1
Unwinding loop 1  iteration  1   file rekh_nxt.3.M4.c line 235 function OSEK_Task_ts1
Unwinding loop 1  iteration  2   file rekh_nxt.3.M4.c line 235 function OSEK_Task_ts1
Unwinding loop 1  iteration  1   file rekh_nxt.3.M4.c line 235 function OSEK_Task_ts1
Unwinding loop 1  iteration  2   file rekh_nxt.3.M4.c line 235 function OSEK_Task_ts1
Unwinding loop 1  iteration  1   file rekh_nxt.3.M4.c line 235 function OSEK_Task_ts1
Unwinding loop 1  iteration  2   file rekh_nxt.3.M4.c line 235 function OSEK_Task_ts1
Unwinding loop 1  iteration  1   file rekh_nxt.3.M4.c line 235 function OSEK_Task_ts1
Unwinding loop 1  iteration  2   file rekh_nxt.3.M4.c line 235 function OSEK_Task_ts1
Unwinding loop 1  iteration  1   file rekh_nxt.3.M4.c line 235 function OSEK_Task_ts1
Unwinding loop 1  iteration  2   file rekh_nxt.3.M4.c line 235 function OSEK_Task_ts1
Unwinding loop 1  iteration  1   file rekh_nxt.3.M4.c line 235 function OSEK_Task_ts1
Unwinding loop 1  iteration  2   file rekh_nxt.3.M4.c line 235 function OSEK_Task_ts1
Unwinding loop 1  iteration  1   file rekh_nxt.3.M4.c line 235 function OSEK_Task_ts1
Unwinding loop 1  iteration  2   file rekh_nxt.3.M4.c line 235 function OSEK_Task_ts1
Unwinding loop 1  iteration  1   file rekh_nxt.3.M4.c line 235 function OSEK_Task_ts1
Unwinding loop 1  iteration  2   file rekh_nxt.3.M4.c line 235 function OSEK_Task_ts1
Unwinding loop 1  iteration  1   file rekh_nxt.3.M4.c line 235 function OSEK_Task_ts1
Unwinding loop 1  iteration  2   file rekh_nxt.3.M4.c line 235 function OSEK_Task_ts1
Unwinding loop 1  iteration  1   file rekh_nxt.3.M4.c line 235 function OSEK_Task_ts1
Unwinding loop 1  iteration  2   file rekh_nxt.3.M4.c line 235 function OSEK_Task_ts1
Unwinding loop 1  iteration  1   file rekh_nxt.3.M4.c line 235 function OSEK_Task_ts1
Unwinding loop 1  iteration  2   file rekh_nxt.3.M4.c line 235 function OSEK_Task_ts1
Unwinding loop 1  iteration  1   file rekh_nxt.3.M4.c line 235 function OSEK_Task_ts1
Unwinding loop 1  iteration  2   file rekh_nxt.3.M4.c line 235 function OSEK_Task_ts1
Unwinding loop 1  iteration  1   file rekh_nxt.3.M4.c line 235 function OSEK_Task_ts1
Unwinding loop 1  iteration  2   file rekh_nxt.3.M4.c line 235 function OSEK_Task_ts1
Unwinding loop 1  iteration  1   file rekh_nxt.3.M4.c line 235 function OSEK_Task_ts1
Unwinding loop 1  iteration  2   file rekh_nxt.3.M4.c line 235 function OSEK_Task_ts1
Unwinding loop 1  iteration  1   file rekh_nxt.3.M4.c line 235 function OSEK_Task_ts1
Unwinding loop 1  iteration  2   file rekh_nxt.3.M4.c line 235 function OSEK_Task_ts1
Unwinding loop 1  iteration  1   file rekh_nxt.3.M4.c line 235 function OSEK_Task_ts1
Unwinding loop 1  iteration  2   file rekh_nxt.3.M4.c line 235 function OSEK_Task_ts1
Unwinding loop 1  iteration  1   file rekh_nxt.3.M4.c line 235 function OSEK_Task_ts1
Unwinding loop 1  iteration  2   file rekh_nxt.3.M4.c line 235 function OSEK_Task_ts1
Unwinding loop 1  iteration  1   file rekh_nxt.3.M4.c line 235 function OSEK_Task_ts1
Unwinding loop 1  iteration  2   file rekh_nxt.3.M4.c line 235 function OSEK_Task_ts1
Unwinding loop 1  iteration  1   file rekh_nxt.3.M4.c line 235 function OSEK_Task_ts1
Unwinding loop 1  iteration  2   file rekh_nxt.3.M4.c line 235 function OSEK_Task_ts1
Unwinding loop 1  iteration  1   file rekh_nxt.3.M4.c line 235 function OSEK_Task_ts1
Unwinding loop 1  iteration  2   file rekh_nxt.3.M4.c line 235 function OSEK_Task_ts1
Unwinding loop 1  iteration  1   file rekh_nxt.3.M4.c line 235 function OSEK_Task_ts1
Unwinding loop 1  iteration  2   file rekh_nxt.3.M4.c line 235 function OSEK_Task_ts1
Unwinding loop 1  iteration  1   file rekh_nxt.3.M4.c line 235 function OSEK_Task_ts1
Unwinding loop 1  iteration  2   file rekh_nxt.3.M4.c line 235 function OSEK_Task_ts1
Unwinding loop 1  iteration  1   file rekh_nxt.3.M4.c line 235 function OSEK_Task_ts1
Unwinding loop 1  iteration  2   file rekh_nxt.3.M4.c line 235 function OSEK_Task_ts1
Unwinding loop 1  iteration  1   file rekh_nxt.3.M4.c line 235 function OSEK_Task_ts1
Unwinding loop 1  iteration  2   file rekh_nxt.3.M4.c line 235 function OSEK_Task_ts1
Unwinding loop 1  iteration  1   file rekh_nxt.3.M4.c line 235 function OSEK_Task_ts1
Unwinding loop 1  iteration  2   file rekh_nxt.3.M4.c line 235 function OSEK_Task_ts1
Unwinding loop 1  iteration  1   file rekh_nxt.3.M4.c line 235 function OSEK_Task_ts1
Unwinding loop 1  iteration  2   file rekh_nxt.3.M4.c line 235 function OSEK_Task_ts1
Unwinding loop 1  iteration  1   file rekh_nxt.3.M4.c line 235 function OSEK_Task_ts1
Unwinding loop 1  iteration  2   file rekh_nxt.3.M4.c line 235 function OSEK_Task_ts1
Unwinding loop 1  iteration  1   file rekh_nxt.3.M4.c line 235 function OSEK_Task_ts1
Unwinding loop 1  iteration  2   file rekh_nxt.3.M4.c line 235 function OSEK_Task_ts1
Unwinding loop 1  iteration  1   file rekh_nxt.3.M4.c line 235 function OSEK_Task_ts1
Unwinding loop 1  iteration  2   file rekh_nxt.3.M4.c line 235 function OSEK_Task_ts1
Unwinding loop 1  iteration  1   file rekh_nxt.3.M4.c line 235 function OSEK_Task_ts1
Unwinding loop 1  iteration  2   file rekh_nxt.3.M4.c line 235 function OSEK_Task_ts1
Unwinding loop 1  iteration  1   file rekh_nxt.3.M4.c line 235 function OSEK_Task_ts1
Unwinding loop 1  iteration  2   file rekh_nxt.3.M4.c line 235 function OSEK_Task_ts1
Unwinding loop 1  iteration  1   file rekh_nxt.3.M4.c line 235 function OSEK_Task_ts1
Unwinding loop 1  iteration  2   file rekh_nxt.3.M4.c line 235 function OSEK_Task_ts1
Unwinding loop 1  iteration  1   file rekh_nxt.3.M4.c line 235 function OSEK_Task_ts1
Unwinding loop 1  iteration  2   file rekh_nxt.3.M4.c line 235 function OSEK_Task_ts1
Unwinding loop 1  iteration  1   file rekh_nxt.3.M4.c line 235 function OSEK_Task_ts1
Unwinding loop 1  iteration  2   file rekh_nxt.3.M4.c line 235 function OSEK_Task_ts1
Unwinding loop 1  iteration  1   file rekh_nxt.3.M4.c line 235 function OSEK_Task_ts1
Unwinding loop 1  iteration  2   file rekh_nxt.3.M4.c line 235 function OSEK_Task_ts1
Unwinding loop 1  iteration  1   file rekh_nxt.3.M4.c line 235 function OSEK_Task_ts1
Unwinding loop 1  iteration  2   file rekh_nxt.3.M4.c line 235 function OSEK_Task_ts1
Unwinding loop 1  iteration  1   file rekh_nxt.3.M4.c line 235 function OSEK_Task_ts1
Unwinding loop 1  iteration  2   file rekh_nxt.3.M4.c line 235 function OSEK_Task_ts1
Unwinding loop 1  iteration  1   file rekh_nxt.3.M4.c line 235 function OSEK_Task_ts1
Unwinding loop 1  iteration  2   file rekh_nxt.3.M4.c line 235 function OSEK_Task_ts1
Unwinding loop 1  iteration  1   file rekh_nxt.3.M4.c line 235 function OSEK_Task_ts1
Unwinding loop 1  iteration  2   file rekh_nxt.3.M4.c line 235 function OSEK_Task_ts1
Symex completed in: 15.807s (32643 assignments)
Slicing time: 2.216s (removed 17559 assignments)
Generated 0 VCC(s), 0 remaining after simplification (15084 assignments)
BMC program time: 18.023s
Building successful trace

VERIFICATION SUCCESSFUL

Solution found by the forward condition; all states are reachable (k = 3


TRUE
