./esbmc-wrapper.py -p ../sv-benchmarks/c/properties/unreach-call.prp -s kinduction --arch 32 ../sv-benchmarks/c/eca-rers2012/Problem14_label43.c


--------------------------------------------------------------------------------


Verifying with ESBMC
Command: ./esbmc --no-div-by-zero-check --force-malloc-success --state-hashing --no-align-check --k-step 2 --floatbv --unlimited-k-steps ../sv-benchmarks/c/eca-rers2012/Problem14_label43.c --32 --witness-output Problem14_label43.c.graphml --no-pointer-check --no-bounds-check --interval-analysis --k-induction --max-inductive-step 3 
ESBMC version 6.8.0 64-bit x86_64 linux
Target: 32-bit little-endian x86_64-unknown-linux with esbmc libc
file ../sv-benchmarks/c/eca-rers2012/Problem14_label43.c: Parsing
Converting
Generating GOTO Program
GOTO program creation time: 0.188s
GOTO program processing time: 0.030s
*** Checking base case, k = 1
Starting Bounded Model Checking
Not unwinding 
Symex completed in: 0.010s (87 assignments)
Slicing time: 0.000s (removed 83 assignments)
Generated 0 VCC(s), 0 remaining after simplification (4 assignments)
BMC program time: 0.010s
No bug has been found in the base case
*** Checking forward condition, k = 1
Starting Bounded Model Checking
Not unwinding 
Symex completed in: 0.007s (87 assignments)
Slicing time: 0.000s (removed 83 assignments)
Generated 1 VCC(s), 1 remaining after simplification (4 assignments)
No solver specified; defaulting to Boolector
Encoding remaining VCC(s) using bit-vector/floating-point arithmetic
Encoding to solver time: 0.000s
Solving with solver Boolector 3.2.1
Encoding to solver time: 0.000s
Runtime decision procedure: 0.002s
The forward condition is unable to prove the property
*** Checking base case, k = 3
Starting Bounded Model Checking
Unwinding loop 1  iteration  1   file Problem14_label43.c line 890 function main
Unwinding loop 1  iteration  2   file Problem14_label43.c line 890 function main
Not unwinding 
Symex completed in: 0.071s (2171 assignments)
Slicing time: 0.006s (removed 1812 assignments)
Generated 2 VCC(s), 2 remaining after simplification (359 assignments)
No solver specified; defaulting to Boolector
Encoding remaining VCC(s) using bit-vector/floating-point arithmetic
Encoding to solver time: 0.004s
Solving with solver Boolector 3.2.1
Encoding to solver time: 0.004s
Runtime decision procedure: 0.006s
BMC program time: 0.089s
No bug has been found in the base case
*** Checking forward condition, k = 3
Starting Bounded Model Checking
Unwinding loop 1  iteration  1   file Problem14_label43.c line 890 function main
Unwinding loop 1  iteration  2   file Problem14_label43.c line 890 function main
Not unwinding 
Symex completed in: 0.079s (2169 assignments)
Slicing time: 0.005s (removed 1812 assignments)
Generated 1 VCC(s), 1 remaining after simplification (357 assignments)
No solver specified; defaulting to Boolector
Encoding remaining VCC(s) using bit-vector/floating-point arithmetic
Encoding to solver time: 0.004s
Solving with solver Boolector 3.2.1
Encoding to solver time: 0.004s
Runtime decision procedure: 0.011s
The forward condition is unable to prove the property
*** Checking inductive step, k = 3
Starting Bounded Model Checking
Unwinding loop 1  iteration  1   file Problem14_label43.c line 890 function main
Unwinding loop 1  iteration  2   file Problem14_label43.c line 890 function main
Not unwinding 
Symex completed in: 0.179s (5591 assignments)
Slicing time: 0.108s (removed 2406 assignments)
Generated 1 VCC(s), 1 remaining after simplification (3185 assignments)
No solver specified; defaulting to Boolector
Encoding remaining VCC(s) using bit-vector/floating-point arithmetic
Encoding to solver time: 0.066s
Solving with solver Boolector 3.2.1
Encoding to solver time: 0.066s
Runtime decision procedure: 11.079s
The inductive step is unable to prove the property
*** Checking base case, k = 5
Starting Bounded Model Checking
Unwinding loop 1  iteration  1   file Problem14_label43.c line 890 function main
Unwinding loop 1  iteration  2   file Problem14_label43.c line 890 function main
Unwinding loop 1  iteration  3   file Problem14_label43.c line 890 function main
Unwinding loop 1  iteration  4   file Problem14_label43.c line 890 function main
Not unwinding 
Symex completed in: 0.208s (5527 assignments)
Slicing time: 0.038s (removed 3056 assignments)
Generated 4 VCC(s), 4 remaining after simplification (2471 assignments)
No solver specified; defaulting to Boolector
Encoding remaining VCC(s) using bit-vector/floating-point arithmetic
Encoding to solver time: 0.046s
Solving with solver Boolector 3.2.1
Encoding to solver time: 0.046s
Runtime decision procedure: 0.132s
BMC program time: 0.425s
No bug has been found in the base case
*** Checking forward condition, k = 5
Starting Bounded Model Checking
Unwinding loop 1  iteration  1   file Problem14_label43.c line 890 function main
Unwinding loop 1  iteration  2   file Problem14_label43.c line 890 function main
Unwinding loop 1  iteration  3   file Problem14_label43.c line 890 function main
Unwinding loop 1  iteration  4   file Problem14_label43.c line 890 function main
Not unwinding 
Symex completed in: 0.206s (5523 assignments)
Slicing time: 0.037s (removed 3056 assignments)
Generated 1 VCC(s), 1 remaining after simplification (2467 assignments)
No solver specified; defaulting to Boolector
Encoding remaining VCC(s) using bit-vector/floating-point arithmetic
Encoding to solver time: 0.043s
Solving with solver Boolector 3.2.1
Encoding to solver time: 0.043s
Runtime decision procedure: 3.817s
The forward condition is unable to prove the property
*** Checking base case, k = 7
Starting Bounded Model Checking
Unwinding loop 1  iteration  1   file Problem14_label43.c line 890 function main
Unwinding loop 1  iteration  2   file Problem14_label43.c line 890 function main
Unwinding loop 1  iteration  3   file Problem14_label43.c line 890 function main
Unwinding loop 1  iteration  4   file Problem14_label43.c line 890 function main
Unwinding loop 1  iteration  5   file Problem14_label43.c line 890 function main
Unwinding loop 1  iteration  6   file Problem14_label43.c line 890 function main
Not unwinding 
Symex completed in: 0.330s (8883 assignments)
Slicing time: 0.067s (removed 4294 assignments)
Generated 6 VCC(s), 6 remaining after simplification (4589 assignments)
No solver specified; defaulting to Boolector
Encoding remaining VCC(s) using bit-vector/floating-point arithmetic
Encoding to solver time: 0.080s
Solving with solver Boolector 3.2.1
Encoding to solver time: 0.080s
Runtime decision procedure: 10.952s
BMC program time: 11.430s
No bug has been found in the base case
*** Checking forward condition, k = 7
Starting Bounded Model Checking
Unwinding loop 1  iteration  1   file Problem14_label43.c line 890 function main
Unwinding loop 1  iteration  2   file Problem14_label43.c line 890 function main
Unwinding loop 1  iteration  3   file Problem14_label43.c line 890 function main
Unwinding loop 1  iteration  4   file Problem14_label43.c line 890 function main
Unwinding loop 1  iteration  5   file Problem14_label43.c line 890 function main
Unwinding loop 1  iteration  6   file Problem14_label43.c line 890 function main
Not unwinding 
Symex completed in: 0.357s (8877 assignments)
Slicing time: 0.068s (removed 4294 assignments)
Generated 1 VCC(s), 1 remaining after simplification (4583 assignments)
No solver specified; defaulting to Boolector
Encoding remaining VCC(s) using bit-vector/floating-point arithmetic
Encoding to solver time: 0.095s
Solving with solver Boolector 3.2.1
Encoding to solver time: 0.095s
Runtime decision procedure: 10.928s
The forward condition is unable to prove the property
*** Checking base case, k = 9
Starting Bounded Model Checking
Unwinding loop 1  iteration  1   file Problem14_label43.c line 890 function main
Unwinding loop 1  iteration  2   file Problem14_label43.c line 890 function main
Unwinding loop 1  iteration  3   file Problem14_label43.c line 890 function main
Unwinding loop 1  iteration  4   file Problem14_label43.c line 890 function main
Unwinding loop 1  iteration  5   file Problem14_label43.c line 890 function main
Unwinding loop 1  iteration  6   file Problem14_label43.c line 890 function main
Unwinding loop 1  iteration  7   file Problem14_label43.c line 890 function main
Unwinding loop 1  iteration  8   file Problem14_label43.c line 890 function main
Not unwinding 
Symex completed in: 0.493s (12239 assignments)
Slicing time: 0.099s (removed 5532 assignments)
Generated 8 VCC(s), 8 remaining after simplification (6707 assignments)
No solver specified; defaulting to Boolector
Encoding remaining VCC(s) using bit-vector/floating-point arithmetic
Encoding to solver time: 0.122s
Solving with solver Boolector 3.2.1
Encoding to solver time: 0.122s
Runtime decision procedure: 13.810s
BMC program time: 14.524s
No bug has been found in the base case
*** Checking forward condition, k = 9
Starting Bounded Model Checking
Unwinding loop 1  iteration  1   file Problem14_label43.c line 890 function main
Unwinding loop 1  iteration  2   file Problem14_label43.c line 890 function main
Unwinding loop 1  iteration  3   file Problem14_label43.c line 890 function main
Unwinding loop 1  iteration  4   file Problem14_label43.c line 890 function main
Unwinding loop 1  iteration  5   file Problem14_label43.c line 890 function main
Unwinding loop 1  iteration  6   file Problem14_label43.c line 890 function main
Unwinding loop 1  iteration  7   file Problem14_label43.c line 890 function main
Unwinding loop 1  iteration  8   file Problem14_label43.c line 890 function main
Not unwinding 
Symex completed in: 0.497s (12231 assignments)
Slicing time: 0.100s (removed 5532 assignments)
Generated 1 VCC(s), 1 remaining after simplification (6699 assignments)
No solver specified; defaulting to Boolector
Encoding remaining VCC(s) using bit-vector/floating-point arithmetic
Encoding to solver time: 0.133s
Solving with solver Boolector 3.2.1
Encoding to solver time: 0.133s
Runtime decision procedure: 31.350s
The forward condition is unable to prove the property
*** Checking base case, k = 11
Starting Bounded Model Checking
Unwinding loop 1  iteration  1   file Problem14_label43.c line 890 function main
Unwinding loop 1  iteration  2   file Problem14_label43.c line 890 function main
Unwinding loop 1  iteration  3   file Problem14_label43.c line 890 function main
Unwinding loop 1  iteration  4   file Problem14_label43.c line 890 function main
Unwinding loop 1  iteration  5   file Problem14_label43.c line 890 function main
Unwinding loop 1  iteration  6   file Problem14_label43.c line 890 function main
Unwinding loop 1  iteration  7   file Problem14_label43.c line 890 function main
Unwinding loop 1  iteration  8   file Problem14_label43.c line 890 function main
Unwinding loop 1  iteration  9   file Problem14_label43.c line 890 function main
Unwinding loop 1  iteration  10   file Problem14_label43.c line 890 function main
Not unwinding 
Symex completed in: 0.605s (15595 assignments)
Slicing time: 0.128s (removed 6770 assignments)
Generated 10 VCC(s), 10 remaining after simplification (8825 assignments)
No solver specified; defaulting to Boolector
Encoding remaining VCC(s) using bit-vector/floating-point arithmetic
Encoding to solver time: 0.165s
Solving with solver Boolector 3.2.1
Encoding to solver time: 0.165s
Runtime decision procedure: 13.556s
BMC program time: 14.454s
No bug has been found in the base case
*** Checking forward condition, k = 11
Starting Bounded Model Checking
Unwinding loop 1  iteration  1   file Problem14_label43.c line 890 function main
Unwinding loop 1  iteration  2   file Problem14_label43.c line 890 function main
Unwinding loop 1  iteration  3   file Problem14_label43.c line 890 function main
Unwinding loop 1  iteration  4   file Problem14_label43.c line 890 function main
Unwinding loop 1  iteration  5   file Problem14_label43.c line 890 function main
Unwinding loop 1  iteration  6   file Problem14_label43.c line 890 function main
Unwinding loop 1  iteration  7   file Problem14_label43.c line 890 function main
Unwinding loop 1  iteration  8   file Problem14_label43.c line 890 function main
Unwinding loop 1  iteration  9   file Problem14_label43.c line 890 function main
Unwinding loop 1  iteration  10   file Problem14_label43.c line 890 function main
Not unwinding 
Symex completed in: 0.624s (15585 assignments)
Slicing time: 0.133s (removed 6770 assignments)
Generated 1 VCC(s), 1 remaining after simplification (8815 assignments)
No solver specified; defaulting to Boolector
Encoding remaining VCC(s) using bit-vector/floating-point arithmetic
Encoding to solver time: 0.181s
Solving with solver Boolector 3.2.1
Encoding to solver time: 0.181s
Runtime decision procedure: 25.712s
The forward condition is unable to prove the property
*** Checking base case, k = 13
Starting Bounded Model Checking
Unwinding loop 1  iteration  1   file Problem14_label43.c line 890 function main
Unwinding loop 1  iteration  2   file Problem14_label43.c line 890 function main
Unwinding loop 1  iteration  3   file Problem14_label43.c line 890 function main
Unwinding loop 1  iteration  4   file Problem14_label43.c line 890 function main
Unwinding loop 1  iteration  5   file Problem14_label43.c line 890 function main
Unwinding loop 1  iteration  6   file Problem14_label43.c line 890 function main
Unwinding loop 1  iteration  7   file Problem14_label43.c line 890 function main
Unwinding loop 1  iteration  8   file Problem14_label43.c line 890 function main
Unwinding loop 1  iteration  9   file Problem14_label43.c line 890 function main
Unwinding loop 1  iteration  10   file Problem14_label43.c line 890 function main
Unwinding loop 1  iteration  11   file Problem14_label43.c line 890 function main
Unwinding loop 1  iteration  12   file Problem14_label43.c line 890 function main
Not unwinding 
Symex completed in: 0.810s (18951 assignments)
Slicing time: 0.166s (removed 8008 assignments)
Generated 12 VCC(s), 12 remaining after simplification (10943 assignments)
No solver specified; defaulting to Boolector
Encoding remaining VCC(s) using bit-vector/floating-point arithmetic
Encoding to solver time: 0.219s
Solving with solver Boolector 3.2.1
Encoding to solver time: 0.219s
Runtime decision procedure: 34.033s
BMC program time: 35.229s
No bug has been found in the base case
*** Checking forward condition, k = 13
Starting Bounded Model Checking
Unwinding loop 1  iteration  1   file Problem14_label43.c line 890 function main
Unwinding loop 1  iteration  2   file Problem14_label43.c line 890 function main
Unwinding loop 1  iteration  3   file Problem14_label43.c line 890 function main
Unwinding loop 1  iteration  4   file Problem14_label43.c line 890 function main
Unwinding loop 1  iteration  5   file Problem14_label43.c line 890 function main
Unwinding loop 1  iteration  6   file Problem14_label43.c line 890 function main
Unwinding loop 1  iteration  7   file Problem14_label43.c line 890 function main
Unwinding loop 1  iteration  8   file Problem14_label43.c line 890 function main
Unwinding loop 1  iteration  9   file Problem14_label43.c line 890 function main
Unwinding loop 1  iteration  10   file Problem14_label43.c line 890 function main
Unwinding loop 1  iteration  11   file Problem14_label43.c line 890 function main
Unwinding loop 1  iteration  12   file Problem14_label43.c line 890 function main
Not unwinding 
Symex completed in: 0.822s (18939 assignments)
Slicing time: 0.165s (removed 8008 assignments)
Generated 1 VCC(s), 1 remaining after simplification (10931 assignments)
No solver specified; defaulting to Boolector
Encoding remaining VCC(s) using bit-vector/floating-point arithmetic
Encoding to solver time: 0.230s
Solving with solver Boolector 3.2.1
Encoding to solver time: 0.230s
Runtime decision procedure: 23.633s
The forward condition is unable to prove the property
*** Checking base case, k = 15
Starting Bounded Model Checking
Unwinding loop 1  iteration  1   file Problem14_label43.c line 890 function main
Unwinding loop 1  iteration  2   file Problem14_label43.c line 890 function main
Unwinding loop 1  iteration  3   file Problem14_label43.c line 890 function main
Unwinding loop 1  iteration  4   file Problem14_label43.c line 890 function main
Unwinding loop 1  iteration  5   file Problem14_label43.c line 890 function main
Unwinding loop 1  iteration  6   file Problem14_label43.c line 890 function main
Unwinding loop 1  iteration  7   file Problem14_label43.c line 890 function main
Unwinding loop 1  iteration  8   file Problem14_label43.c line 890 function main
Unwinding loop 1  iteration  9   file Problem14_label43.c line 890 function main
Unwinding loop 1  iteration  10   file Problem14_label43.c line 890 function main
Unwinding loop 1  iteration  11   file Problem14_label43.c line 890 function main
Unwinding loop 1  iteration  12   file Problem14_label43.c line 890 function main
Unwinding loop 1  iteration  13   file Problem14_label43.c line 890 function main
Unwinding loop 1  iteration  14   file Problem14_label43.c line 890 function main
Not unwinding 
Symex completed in: 0.967s (22307 assignments)
Slicing time: 0.201s (removed 9246 assignments)
Generated 14 VCC(s), 14 remaining after simplification (13061 assignments)
No solver specified; defaulting to Boolector
Encoding remaining VCC(s) using bit-vector/floating-point arithmetic
Encoding to solver time: 0.261s
Solving with solver Boolector 3.2.1
Encoding to solver time: 0.261s
Runtime decision procedure: 23.189s
Building error trace

Counterexample:

State 1 file Problem14_label43.c line 894 function main thread 0
----------------------------------------------------
  input = 5 (00000000 00000000 00000000 00000101)

State 2 file Problem14_label43.c line 894 function main thread 0
----------------------------------------------------
  input = 6 (00000000 00000000 00000000 00000110)

State 3 file Problem14_label43.c line 894 function main thread 0
----------------------------------------------------
  input = 1 (00000000 00000000 00000000 00000001)

State 4 file Problem14_label43.c line 894 function main thread 0
----------------------------------------------------
  input = 5 (00000000 00000000 00000000 00000101)

State 5 file Problem14_label43.c line 894 function main thread 0
----------------------------------------------------
  input = 5 (00000000 00000000 00000000 00000101)

State 6 file Problem14_label43.c line 848 function calculate_output thread 0
----------------------------------------------------
  a12 = 69 (00000000 00000000 00000000 01000101)

State 7 file Problem14_label43.c line 894 function main thread 0
----------------------------------------------------
  input = 2 (00000000 00000000 00000000 00000010)

State 8 file Problem14_label43.c line 258 function calculate_output thread 0
----------------------------------------------------
  a12 = 73280 (00000000 00000001 00011110 01000000)

State 9 file Problem14_label43.c line 894 function main thread 0
----------------------------------------------------
  input = 5 (00000000 00000000 00000000 00000101)

State 10 file Problem14_label43.c line 859 function calculate_output thread 0
----------------------------------------------------
  a12 = -526769 (11111111 11110111 11110110 01001111)

State 11 file Problem14_label43.c line 894 function main thread 0
----------------------------------------------------
  input = 3 (00000000 00000000 00000000 00000011)

State 12 file Problem14_label43.c line 894 function main thread 0
----------------------------------------------------
  input = 2 (00000000 00000000 00000000 00000010)

State 13 file Problem14_label43.c line 632 function calculate_output thread 0
----------------------------------------------------
  a12 = -24 (11111111 11111111 11111111 11101000)

State 14 file Problem14_label43.c line 894 function main thread 0
----------------------------------------------------
  input = 4 (00000000 00000000 00000000 00000100)

State 15 file Problem14_label43.c line 894 function main thread 0
----------------------------------------------------
  input = 3 (00000000 00000000 00000000 00000011)

State 16 file Problem14_label43.c line 478 function calculate_output thread 0
----------------------------------------------------
  a12 = 37 (00000000 00000000 00000000 00100101)

State 17 file Problem14_label43.c line 894 function main thread 0
----------------------------------------------------
  input = 2 (00000000 00000000 00000000 00000010)

State 18 file Problem14_label43.c line 558 function calculate_output thread 0
----------------------------------------------------
  a12 = 95399 (00000000 00000001 01110100 10100111)

State 19 file Problem14_label43.c line 894 function main thread 0
----------------------------------------------------
  input = 6 (00000000 00000000 00000000 00000110)

State 20 file Problem14_label43.c line 547 function calculate_output thread 0
----------------------------------------------------
  a12 = 381748 (00000000 00000101 11010011 00110100)

State 21 file Problem14_label43.c line 894 function main thread 0
----------------------------------------------------
  input = 3 (00000000 00000000 00000000 00000011)

State 22 file Problem14_label43.c line 316 function calculate_output thread 0
----------------------------------------------------
  a12 = -436845 (11111111 11111001 01010101 10010011)

State 23 file Problem14_label43.c line 894 function main thread 0
----------------------------------------------------
  input = 1 (00000000 00000000 00000000 00000001)

State 24 file Problem14_label43.c line 12 function reach_error thread 0
----------------------------------------------------
Violated property:
  file Problem14_label43.c line 12 function reach_error
  assertion 0
  0


VERIFICATION FAILED

Bug found (k = 15)


FALSE_REACH
