./esbmc-wrapper.py -p ../sv-benchmarks/c/properties/unreach-call.prp -s kinduction --arch 64 ../sv-benchmarks/c/ldv-linux-3.4-simple/32_1_cilled_ok_nondet_linux-3.4-32_1-drivers--uio--uio_aec.ko-ldv_main0_sequence_infinite_withcheck_stateful.cil.out.i


--------------------------------------------------------------------------------


Verifying with ESBMC
Command: ./esbmc --no-div-by-zero-check --force-malloc-success --state-hashing --no-align-check --k-step 2 --floatbv --unlimited-k-steps ../sv-benchmarks/c/ldv-linux-3.4-simple/32_1_cilled_ok_nondet_linux-3.4-32_1-drivers--uio--uio_aec.ko-ldv_main0_sequence_infinite_withcheck_stateful.cil.out.i --64 --witness-output 32_1_cilled_ok_nondet_linux-3.4-32_1-drivers--uio--uio_aec.ko-ldv_main0_sequence_infinite_withcheck_stateful.cil.out.i.graphml --no-pointer-check --no-bounds-check --interval-analysis --k-induction --max-inductive-step 3 
ESBMC version 6.8.0 64-bit x86_64 linux
Target: 64-bit little-endian x86_64-unknown-linux with esbmc libc
file ../sv-benchmarks/c/ldv-linux-3.4-simple/32_1_cilled_ok_nondet_linux-3.4-32_1-drivers--uio--uio_aec.ko-ldv_main0_sequence_infinite_withcheck_stateful.cil.out.i: Parsing
Converting
Generating GOTO Program
GOTO program creation time: 0.186s
GOTO program processing time: 0.009s
*** Checking base case, k = 1
Starting Bounded Model Checking
Not unwinding 
Symex completed in: 0.092s (560 assignments)
Slicing time: 0.001s (removed 483 assignments)
Generated 0 VCC(s), 0 remaining after simplification (77 assignments)
BMC program time: 0.093s
No bug has been found in the base case
*** Checking forward condition, k = 1
Starting Bounded Model Checking
Not unwinding 
Symex completed in: 0.032s (560 assignments)
Slicing time: 0.001s (removed 483 assignments)
Generated 1 VCC(s), 1 remaining after simplification (77 assignments)
No solver specified; defaulting to Boolector
Encoding remaining VCC(s) using bit-vector/floating-point arithmetic
Encoding to solver time: 0.003s
Solving with solver Boolector 3.2.1
Encoding to solver time: 0.003s
Runtime decision procedure: 0.447s
The forward condition is unable to prove the property
*** Checking base case, k = 3
Starting Bounded Model Checking
Unwinding loop 1  iteration  1   file 32_1_cilled_ok_nondet_linux-3.4-32_1-drivers--uio--uio_aec.ko-ldv_main0_sequence_infinite_withcheck_stateful.cil.out.i line 2813 function main
Unwinding loop 1  iteration  2   file 32_1_cilled_ok_nondet_linux-3.4-32_1-drivers--uio--uio_aec.ko-ldv_main0_sequence_infinite_withcheck_stateful.cil.out.i line 2813 function main
Not unwinding 
Symex completed in: 0.100s (1631 assignments)
Slicing time: 0.003s (removed 1412 assignments)
Generated 0 VCC(s), 0 remaining after simplification (219 assignments)
BMC program time: 0.103s
No bug has been found in the base case
*** Checking forward condition, k = 3
Starting Bounded Model Checking
Unwinding loop 1  iteration  1   file 32_1_cilled_ok_nondet_linux-3.4-32_1-drivers--uio--uio_aec.ko-ldv_main0_sequence_infinite_withcheck_stateful.cil.out.i line 2813 function main
Unwinding loop 1  iteration  2   file 32_1_cilled_ok_nondet_linux-3.4-32_1-drivers--uio--uio_aec.ko-ldv_main0_sequence_infinite_withcheck_stateful.cil.out.i line 2813 function main
Not unwinding 
Symex completed in: 0.108s (1631 assignments)
Slicing time: 0.004s (removed 1412 assignments)
Generated 1 VCC(s), 1 remaining after simplification (219 assignments)
No solver specified; defaulting to Boolector
Encoding remaining VCC(s) using bit-vector/floating-point arithmetic
Encoding to solver time: 0.014s
Solving with solver Boolector 3.2.1
Encoding to solver time: 0.014s
Runtime decision procedure: 2.197s
The forward condition is unable to prove the property
*** Checking inductive step, k = 3
Starting Bounded Model Checking
Unwinding loop 1  iteration  1   file 32_1_cilled_ok_nondet_linux-3.4-32_1-drivers--uio--uio_aec.ko-ldv_main0_sequence_infinite_withcheck_stateful.cil.out.i line 2813 function main
Unwinding loop 1  iteration  2   file 32_1_cilled_ok_nondet_linux-3.4-32_1-drivers--uio--uio_aec.ko-ldv_main0_sequence_infinite_withcheck_stateful.cil.out.i line 2813 function main
Not unwinding 
Symex completed in: 0.185s (1924 assignments)
Slicing time: 0.007s (removed 1605 assignments)
Generated 0 VCC(s), 0 remaining after simplification (319 assignments)
BMC program time: 0.192s
Building successful trace

VERIFICATION SUCCESSFUL

Solution found by the inductive step (k = 3)

../sv-benchmarks/c/ldv-linux-3.4-simple/32_1_cilled_ok_nondet_linux-3.4-32_1-drivers--uio--uio_aec.ko-ldv_main0_sequence_infinite_withcheck_stateful.cil.out.i:2793:1: warning: return type of 'main' is not 'int' [-Wmain-return-type]
void main(void)
^
../sv-benchmarks/c/ldv-linux-3.4-simple/32_1_cilled_ok_nondet_linux-3.4-32_1-drivers--uio--uio_aec.ko-ldv_main0_sequence_infinite_withcheck_stateful.cil.out.i:2793:1: note: change return type to 'int'
void main(void)
^~~~
int

TRUE
