./esbmc-wrapper.py -p ../sv-benchmarks/c/properties/no-overflow.prp -s kinduction --arch 32 ../sv-benchmarks/c/recursive/EvenOdd03WithOverflowBug.c


--------------------------------------------------------------------------------


Verifying with ESBMC
Command: ./esbmc --no-div-by-zero-check --force-malloc-success --state-hashing --no-align-check --k-step 2 --floatbv --unlimited-k-steps ../sv-benchmarks/c/recursive/EvenOdd03WithOverflowBug.c --32 --witness-output EvenOdd03WithOverflowBug.c.graphml --no-pointer-check --no-bounds-check --overflow-check --no-assertions --k-induction --max-inductive-step 3 
ESBMC version 6.8.0 64-bit x86_64 linux
Target: 32-bit little-endian x86_64-unknown-linux with esbmc libc
file ../sv-benchmarks/c/recursive/EvenOdd03WithOverflowBug.c: Parsing
Converting
Generating GOTO Program
GOTO program creation time: 0.134s
GOTO program processing time: 0.001s
*** Checking base case, k = 1
Starting Bounded Model Checking
Unwinding recursion isEven iteration 1 (1 max)
Symex completed in: 0.001s (38 assignments)
Slicing time: 0.000s (removed 15 assignments)
Generated 3 VCC(s), 3 remaining after simplification (23 assignments)
No solver specified; defaulting to Boolector
Encoding remaining VCC(s) using bit-vector/floating-point arithmetic
Encoding to solver time: 0.001s
Solving with solver Boolector 3.2.1
Encoding to solver time: 0.001s
Runtime decision procedure: 0.011s
Building error trace

Counterexample:

State 1 file EvenOdd03WithOverflowBug.c line 40 function main thread 0
----------------------------------------------------
  n = -2147483648 (10000000 00000000 00000000 00000000)

State 2 file EvenOdd03WithOverflowBug.c line 34 function isEven thread 0
----------------------------------------------------
Violated property:
  file EvenOdd03WithOverflowBug.c line 34 function isEven
  arithmetic overflow on sub
  !overflow("-", n, 1)


VERIFICATION FAILED

Bug found (k = 1)


FALSE_OVERFLOW
