./esbmc-wrapper.py -p ../sv-benchmarks/c/properties/unreach-call.prp -s kinduction --arch 64 ../sv-benchmarks/c/ldv-linux-3.12-rc1/linux-3.12-rc1.tar.xz-08_1a-drivers--staging--comedi--comedi.ko-entry_point_simplified.cil.out.i


--------------------------------------------------------------------------------


Verifying with ESBMC
Command: ./esbmc --no-div-by-zero-check --force-malloc-success --state-hashing --no-align-check --k-step 2 --floatbv --unlimited-k-steps ../sv-benchmarks/c/ldv-linux-3.12-rc1/linux-3.12-rc1.tar.xz-08_1a-drivers--staging--comedi--comedi.ko-entry_point_simplified.cil.out.i --64 --witness-output linux-3.12-rc1.tar.xz-08_1a-drivers--staging--comedi--comedi.ko-entry_point_simplified.cil.out.i.graphml --no-pointer-check --no-bounds-check --interval-analysis --k-induction --max-inductive-step 3 
ESBMC version 6.8.0 64-bit x86_64 linux
Target: 64-bit little-endian x86_64-unknown-linux with esbmc libc
file ../sv-benchmarks/c/ldv-linux-3.12-rc1/linux-3.12-rc1.tar.xz-08_1a-drivers--staging--comedi--comedi.ko-entry_point_simplified.cil.out.i: Parsing
Converting
Generating GOTO Program
GOTO program creation time: 1.083s
GOTO program processing time: 0.096s
*** Checking base case, k = 1
Starting Bounded Model Checking
Not unwinding 
Not unwinding 
Not unwinding 
Not unwinding 
Not unwinding 
Not unwinding 
Not unwinding 
Not unwinding 
Not unwinding 
Not unwinding 
Not unwinding 
Not unwinding 
Not unwinding 
Not unwinding 
Not unwinding 
Not unwinding 
Symex completed in: 0.119s (1007 assignments)
Slicing time: 0.001s (removed 762 assignments)
Generated 0 VCC(s), 0 remaining after simplification (245 assignments)
BMC program time: 0.120s
No bug has been found in the base case
*** Checking forward condition, k = 1
Starting Bounded Model Checking
Not unwinding 
Not unwinding 
Not unwinding 
Not unwinding 
Not unwinding 
Not unwinding 
Not unwinding 
Not unwinding 
Not unwinding 
Not unwinding 
Not unwinding 
Not unwinding 
Not unwinding 
Not unwinding 
Not unwinding 
Not unwinding 
Symex completed in: 0.122s (1007 assignments)
Slicing time: 0.002s (removed 762 assignments)
Generated 16 VCC(s), 16 remaining after simplification (245 assignments)
No solver specified; defaulting to Boolector
Encoding remaining VCC(s) using bit-vector/floating-point arithmetic
Encoding to solver time: 0.029s
Solving with solver Boolector 3.2.1
Encoding to solver time: 0.029s
Runtime decision procedure: 4.357s
The forward condition is unable to prove the property
*** Checking base case, k = 3
Starting Bounded Model Checking
Unwinding loop 49  iteration  1   file string.c line 272 function __memset_impl
Unwinding loop 49  iteration  1   file string.c line 272 function __memset_impl
Unwinding loop 49  iteration  1   file string.c line 272 function __memset_impl
Unwinding loop 49  iteration  1   file string.c line 272 function __memset_impl
Unwinding loop 49  iteration  1   file string.c line 272 function __memset_impl
Unwinding loop 49  iteration  1   file string.c line 272 function __memset_impl
Unwinding loop 49  iteration  2   file string.c line 272 function __memset_impl
Not unwinding 
Unwinding loop 49  iteration  1   file string.c line 272 function __memset_impl
Unwinding loop 49  iteration  2   file string.c line 272 function __memset_impl
Not unwinding 
Unwinding loop 49  iteration  1   file string.c line 272 function __memset_impl
Unwinding loop 49  iteration  2   file string.c line 272 function __memset_impl
Not unwinding 
Unwinding loop 49  iteration  1   file string.c line 272 function __memset_impl
Unwinding loop 49  iteration  1   file string.c line 272 function __memset_impl
Unwinding loop 49  iteration  2   file string.c line 272 function __memset_impl
Not unwinding 
Unwinding loop 49  iteration  1   file string.c line 272 function __memset_impl
Unwinding loop 49  iteration  1   file string.c line 272 function __memset_impl
Unwinding loop 49  iteration  1   file string.c line 272 function __memset_impl
Unwinding loop 49  iteration  1   file string.c line 272 function __memset_impl
Unwinding loop 49  iteration  1   file string.c line 272 function __memset_impl
Unwinding loop 49  iteration  2   file string.c line 272 function __memset_impl
Not unwinding 
Unwinding loop 49  iteration  1   file string.c line 272 function __memset_impl
Unwinding loop 49  iteration  2   file string.c line 272 function __memset_impl
Not unwinding 
Symex completed in: 0.171s (1043 assignments)
Slicing time: 0.001s (removed 818 assignments)
Generated 0 VCC(s), 0 remaining after simplification (225 assignments)
BMC program time: 0.172s
No bug has been found in the base case
*** Checking forward condition, k = 3
Starting Bounded Model Checking
Unwinding loop 49  iteration  1   file string.c line 272 function __memset_impl
Unwinding loop 49  iteration  1   file string.c line 272 function __memset_impl
Unwinding loop 49  iteration  1   file string.c line 272 function __memset_impl
Unwinding loop 49  iteration  1   file string.c line 272 function __memset_impl
Unwinding loop 49  iteration  1   file string.c line 272 function __memset_impl
Unwinding loop 49  iteration  1   file string.c line 272 function __memset_impl
Unwinding loop 49  iteration  2   file string.c line 272 function __memset_impl
Not unwinding 
Unwinding loop 49  iteration  1   file string.c line 272 function __memset_impl
Unwinding loop 49  iteration  2   file string.c line 272 function __memset_impl
Not unwinding 
Unwinding loop 49  iteration  1   file string.c line 272 function __memset_impl
Unwinding loop 49  iteration  2   file string.c line 272 function __memset_impl
Not unwinding 
Unwinding loop 49  iteration  1   file string.c line 272 function __memset_impl
Unwinding loop 49  iteration  1   file string.c line 272 function __memset_impl
Unwinding loop 49  iteration  2   file string.c line 272 function __memset_impl
Not unwinding 
Unwinding loop 49  iteration  1   file string.c line 272 function __memset_impl
Unwinding loop 49  iteration  1   file string.c line 272 function __memset_impl
Unwinding loop 49  iteration  1   file string.c line 272 function __memset_impl
Unwinding loop 49  iteration  1   file string.c line 272 function __memset_impl
Unwinding loop 49  iteration  1   file string.c line 272 function __memset_impl
Unwinding loop 49  iteration  2   file string.c line 272 function __memset_impl
Not unwinding 
Unwinding loop 49  iteration  1   file string.c line 272 function __memset_impl
Unwinding loop 49  iteration  2   file string.c line 272 function __memset_impl
Not unwinding 
Symex completed in: 0.164s (1043 assignments)
Slicing time: 0.002s (removed 818 assignments)
Generated 6 VCC(s), 6 remaining after simplification (225 assignments)
No solver specified; defaulting to Boolector
Encoding remaining VCC(s) using bit-vector/floating-point arithmetic
Encoding to solver time: 0.031s
Solving with solver Boolector 3.2.1
Encoding to solver time: 0.031s
Runtime decision procedure: 4.428s
The forward condition is unable to prove the property
*** Checking inductive step, k = 3
Starting Bounded Model Checking
Unwinding loop 49  iteration  1   file string.c line 272 function __memset_impl
Unwinding loop 49  iteration  2   file string.c line 272 function __memset_impl
Not unwinding 
Unwinding loop 49  iteration  1   file string.c line 272 function __memset_impl
Unwinding loop 49  iteration  2   file string.c line 272 function __memset_impl
Not unwinding 
Unwinding loop 49  iteration  1   file string.c line 272 function __memset_impl
Unwinding loop 49  iteration  2   file string.c line 272 function __memset_impl
Not unwinding 
Unwinding loop 49  iteration  1   file string.c line 272 function __memset_impl
Unwinding loop 49  iteration  2   file string.c line 272 function __memset_impl
Not unwinding 
Unwinding loop 49  iteration  1   file string.c line 272 function __memset_impl
Unwinding loop 49  iteration  2   file string.c line 272 function __memset_impl
Not unwinding 
Unwinding loop 49  iteration  1   file string.c line 272 function __memset_impl
Unwinding loop 49  iteration  2   file string.c line 272 function __memset_impl
Not unwinding 
Unwinding loop 49  iteration  1   file string.c line 272 function __memset_impl
Unwinding loop 49  iteration  2   file string.c line 272 function __memset_impl
Not unwinding 
Unwinding loop 49  iteration  1   file string.c line 272 function __memset_impl
Unwinding loop 49  iteration  2   file string.c line 272 function __memset_impl
Not unwinding 
Unwinding loop 49  iteration  1   file string.c line 272 function __memset_impl
Unwinding loop 49  iteration  2   file string.c line 272 function __memset_impl
Not unwinding 
Unwinding loop 49  iteration  1   file string.c line 272 function __memset_impl
Unwinding loop 49  iteration  2   file string.c line 272 function __memset_impl
Not unwinding 
Unwinding loop 49  iteration  1   file string.c line 272 function __memset_impl
Unwinding loop 49  iteration  2   file string.c line 272 function __memset_impl
Not unwinding 
Unwinding loop 49  iteration  1   file string.c line 272 function __memset_impl
Unwinding loop 49  iteration  2   file string.c line 272 function __memset_impl
Not unwinding 
Unwinding loop 49  iteration  1   file string.c line 272 function __memset_impl
Unwinding loop 49  iteration  2   file string.c line 272 function __memset_impl
Not unwinding 
Unwinding loop 49  iteration  1   file string.c line 272 function __memset_impl
Unwinding loop 49  iteration  2   file string.c line 272 function __memset_impl
Not unwinding 
Unwinding loop 49  iteration  1   file string.c line 272 function __memset_impl
Unwinding loop 49  iteration  2   file string.c line 272 function __memset_impl
Not unwinding 
Unwinding loop 49  iteration  1   file string.c line 272 function __memset_impl
Unwinding loop 49  iteration  2   file string.c line 272 function __memset_impl
Not unwinding 
Symex completed in: 0.228s (1287 assignments)
Slicing time: 0.002s (removed 938 assignments)
Generated 0 VCC(s), 0 remaining after simplification (349 assignments)
BMC program time: 0.230s
Building successful trace

VERIFICATION SUCCESSFUL

Solution found by the inductive step (k = 3)


TRUE
