./esbmc-wrapper.py -p ../sv-benchmarks/c/properties/unreach-call.prp -s kinduction --arch 64 ../sv-benchmarks/c/ldv-linux-3.4-simple/43_1a_cilled_ok_nondet_linux-43_1a-drivers--net--wireless--ath--ath6kl--ath6kl_usb.ko-ldv_main0_sequence_infinite_withcheck_stateful.cil.out.i


--------------------------------------------------------------------------------


Verifying with ESBMC
Command: ./esbmc --no-div-by-zero-check --force-malloc-success --state-hashing --no-align-check --k-step 2 --floatbv --unlimited-k-steps ../sv-benchmarks/c/ldv-linux-3.4-simple/43_1a_cilled_ok_nondet_linux-43_1a-drivers--net--wireless--ath--ath6kl--ath6kl_usb.ko-ldv_main0_sequence_infinite_withcheck_stateful.cil.out.i --64 --witness-output 43_1a_cilled_ok_nondet_linux-43_1a-drivers--net--wireless--ath--ath6kl--ath6kl_usb.ko-ldv_main0_sequence_infinite_withcheck_stateful.cil.out.i.graphml --no-pointer-check --no-bounds-check --interval-analysis --k-induction --max-inductive-step 3 
ESBMC version 6.8.0 64-bit x86_64 linux
Target: 64-bit little-endian x86_64-unknown-linux with esbmc libc
file ../sv-benchmarks/c/ldv-linux-3.4-simple/43_1a_cilled_ok_nondet_linux-43_1a-drivers--net--wireless--ath--ath6kl--ath6kl_usb.ko-ldv_main0_sequence_infinite_withcheck_stateful.cil.out.i: Parsing
Converting
Generating GOTO Program
GOTO program creation time: 0.495s
GOTO program processing time: 0.028s
*** Checking base case, k = 1
Starting Bounded Model Checking
Not unwinding 
Symex completed in: 0.006s (27 assignments)
Slicing time: 0.000s (removed 23 assignments)
Generated 0 VCC(s), 0 remaining after simplification (4 assignments)
BMC program time: 0.006s
No bug has been found in the base case
*** Checking forward condition, k = 1
Starting Bounded Model Checking
Not unwinding 
Symex completed in: 0.006s (27 assignments)
Slicing time: 0.000s (removed 23 assignments)
Generated 1 VCC(s), 1 remaining after simplification (4 assignments)
No solver specified; defaulting to Boolector
Encoding remaining VCC(s) using bit-vector/floating-point arithmetic
Encoding to solver time: 0.000s
Solving with solver Boolector 3.2.1
Encoding to solver time: 0.000s
Runtime decision procedure: 0.001s
The forward condition is unable to prove the property
*** Checking base case, k = 3
Starting Bounded Model Checking
Unwinding loop 2  iteration  1   file 43_1a_cilled_ok_nondet_linux-43_1a-drivers--net--wireless--ath--ath6kl--ath6kl_usb.ko-ldv_main0_sequence_infinite_withcheck_stateful.cil.out.i line 6546 function main
Unwinding loop 1  iteration  1   file string.c line 263 function memcpy
Unwinding loop 1  iteration  2   file string.c line 263 function memcpy
Not unwinding 
Unwinding loop 1  iteration  1   file string.c line 263 function memcpy
Unwinding loop 1  iteration  2   file string.c line 263 function memcpy
Not unwinding 
Unwinding loop 1  iteration  1   file string.c line 263 function memcpy
Unwinding loop 1  iteration  2   file string.c line 263 function memcpy
Not unwinding 
Unwinding loop 1  iteration  1   file string.c line 263 function memcpy
Unwinding loop 1  iteration  2   file string.c line 263 function memcpy
Not unwinding 
Unwinding loop 4  iteration  1   file string.c line 272 function __memset_impl
Unwinding loop 4  iteration  2   file string.c line 272 function __memset_impl
Not unwinding 
Unwinding loop 4  iteration  1   file string.c line 272 function __memset_impl
Unwinding loop 4  iteration  2   file string.c line 272 function __memset_impl
Not unwinding 
Unwinding loop 2  iteration  2   file 43_1a_cilled_ok_nondet_linux-43_1a-drivers--net--wireless--ath--ath6kl--ath6kl_usb.ko-ldv_main0_sequence_infinite_withcheck_stateful.cil.out.i line 6546 function main
Unwinding loop 1  iteration  1   file string.c line 263 function memcpy
Unwinding loop 1  iteration  2   file string.c line 263 function memcpy
Not unwinding 
Unwinding loop 1  iteration  1   file string.c line 263 function memcpy
Unwinding loop 1  iteration  2   file string.c line 263 function memcpy
Not unwinding 
Unwinding loop 1  iteration  1   file string.c line 263 function memcpy
Unwinding loop 1  iteration  2   file string.c line 263 function memcpy
Not unwinding 
Unwinding loop 1  iteration  1   file string.c line 263 function memcpy
Unwinding loop 1  iteration  2   file string.c line 263 function memcpy
Not unwinding 
Unwinding loop 4  iteration  1   file string.c line 272 function __memset_impl
Unwinding loop 4  iteration  2   file string.c line 272 function __memset_impl
Not unwinding 
Unwinding loop 4  iteration  1   file string.c line 272 function __memset_impl
Unwinding loop 4  iteration  2   file string.c line 272 function __memset_impl
Not unwinding 
Not unwinding 
Unwinding loop 3  iteration  1   file 43_1a_cilled_ok_nondet_linux-43_1a-drivers--net--wireless--ath--ath6kl--ath6kl_usb.ko-ldv_main0_sequence_infinite_withcheck_stateful.cil.out.i line 6549 function main
Unwinding loop 1  iteration  1   file string.c line 263 function memcpy
Unwinding loop 1  iteration  2   file string.c line 263 function memcpy
Not unwinding 
Unwinding loop 1  iteration  1   file string.c line 263 function memcpy
Unwinding loop 1  iteration  2   file string.c line 263 function memcpy
Not unwinding 
Unwinding loop 1  iteration  1   file string.c line 263 function memcpy
Unwinding loop 1  iteration  2   file string.c line 263 function memcpy
Not unwinding 
Unwinding loop 1  iteration  1   file string.c line 263 function memcpy
Unwinding loop 1  iteration  2   file string.c line 263 function memcpy
Not unwinding 
Unwinding loop 4  iteration  1   file string.c line 272 function __memset_impl
Unwinding loop 4  iteration  2   file string.c line 272 function __memset_impl
Not unwinding 
Unwinding loop 4  iteration  1   file string.c line 272 function __memset_impl
Unwinding loop 4  iteration  2   file string.c line 272 function __memset_impl
Not unwinding 
Unwinding loop 2  iteration  1   file 43_1a_cilled_ok_nondet_linux-43_1a-drivers--net--wireless--ath--ath6kl--ath6kl_usb.ko-ldv_main0_sequence_infinite_withcheck_stateful.cil.out.i line 6546 function main
Unwinding loop 1  iteration  1   file string.c line 263 function memcpy
Unwinding loop 1  iteration  2   file string.c line 263 function memcpy
Not unwinding 
Unwinding loop 1  iteration  1   file string.c line 263 function memcpy
Unwinding loop 1  iteration  2   file string.c line 263 function memcpy
Not unwinding 
Unwinding loop 1  iteration  1   file string.c line 263 function memcpy
Unwinding loop 1  iteration  2   file string.c line 263 function memcpy
Not unwinding 
Unwinding loop 1  iteration  1   file string.c line 263 function memcpy
Unwinding loop 1  iteration  2   file string.c line 263 function memcpy
Not unwinding 
Unwinding loop 4  iteration  1   file string.c line 272 function __memset_impl
Unwinding loop 4  iteration  2   file string.c line 272 function __memset_impl
Not unwinding 
Unwinding loop 4  iteration  1   file string.c line 272 function __memset_impl
Unwinding loop 4  iteration  2   file string.c line 272 function __memset_impl
Not unwinding 
Unwinding loop 2  iteration  2   file 43_1a_cilled_ok_nondet_linux-43_1a-drivers--net--wireless--ath--ath6kl--ath6kl_usb.ko-ldv_main0_sequence_infinite_withcheck_stateful.cil.out.i line 6546 function main
Unwinding loop 1  iteration  1   file string.c line 263 function memcpy
Unwinding loop 1  iteration  2   file string.c line 263 function memcpy
Not unwinding 
Unwinding loop 1  iteration  1   file string.c line 263 function memcpy
Unwinding loop 1  iteration  2   file string.c line 263 function memcpy
Not unwinding 
Unwinding loop 1  iteration  1   file string.c line 263 function memcpy
Unwinding loop 1  iteration  2   file string.c line 263 function memcpy
Not unwinding 
Unwinding loop 1  iteration  1   file string.c line 263 function memcpy
Unwinding loop 1  iteration  2   file string.c line 263 function memcpy
Not unwinding 
Unwinding loop 4  iteration  1   file string.c line 272 function __memset_impl
Unwinding loop 4  iteration  2   file string.c line 272 function __memset_impl
Not unwinding 
Unwinding loop 4  iteration  1   file string.c line 272 function __memset_impl
Unwinding loop 4  iteration  2   file string.c line 272 function __memset_impl
Not unwinding 
Not unwinding 
Unwinding loop 3  iteration  2   file 43_1a_cilled_ok_nondet_linux-43_1a-drivers--net--wireless--ath--ath6kl--ath6kl_usb.ko-ldv_main0_sequence_infinite_withcheck_stateful.cil.out.i line 6549 function main
Unwinding loop 1  iteration  1   file string.c line 263 function memcpy
Unwinding loop 1  iteration  2   file string.c line 263 function memcpy
Not unwinding 
Unwinding loop 1  iteration  1   file string.c line 263 function memcpy
Unwinding loop 1  iteration  2   file string.c line 263 function memcpy
Not unwinding 
Unwinding loop 1  iteration  1   file string.c line 263 function memcpy
Unwinding loop 1  iteration  2   file string.c line 263 function memcpy
Not unwinding 
Unwinding loop 1  iteration  1   file string.c line 263 function memcpy
Unwinding loop 1  iteration  2   file string.c line 263 function memcpy
Not unwinding 
Unwinding loop 4  iteration  1   file string.c line 272 function __memset_impl
Unwinding loop 4  iteration  2   file string.c line 272 function __memset_impl
Not unwinding 
Unwinding loop 4  iteration  1   file string.c line 272 function __memset_impl
Unwinding loop 4  iteration  2   file string.c line 272 function __memset_impl
Not unwinding 
Unwinding loop 2  iteration  1   file 43_1a_cilled_ok_nondet_linux-43_1a-drivers--net--wireless--ath--ath6kl--ath6kl_usb.ko-ldv_main0_sequence_infinite_withcheck_stateful.cil.out.i line 6546 function main
Unwinding loop 1  iteration  1   file string.c line 263 function memcpy
Unwinding loop 1  iteration  2   file string.c line 263 function memcpy
Not unwinding 
Unwinding loop 1  iteration  1   file string.c line 263 function memcpy
Unwinding loop 1  iteration  2   file string.c line 263 function memcpy
Not unwinding 
Unwinding loop 1  iteration  1   file string.c line 263 function memcpy
Unwinding loop 1  iteration  2   file string.c line 263 function memcpy
Not unwinding 
Unwinding loop 1  iteration  1   file string.c line 263 function memcpy
Unwinding loop 1  iteration  2   file string.c line 263 function memcpy
Not unwinding 
Unwinding loop 4  iteration  1   file string.c line 272 function __memset_impl
Unwinding loop 4  iteration  2   file string.c line 272 function __memset_impl
Not unwinding 
Unwinding loop 4  iteration  1   file string.c line 272 function __memset_impl
Unwinding loop 4  iteration  2   file string.c line 272 function __memset_impl
Not unwinding 
Unwinding loop 2  iteration  2   file 43_1a_cilled_ok_nondet_linux-43_1a-drivers--net--wireless--ath--ath6kl--ath6kl_usb.ko-ldv_main0_sequence_infinite_withcheck_stateful.cil.out.i line 6546 function main
Unwinding loop 1  iteration  1   file string.c line 263 function memcpy
Unwinding loop 1  iteration  2   file string.c line 263 function memcpy
Not unwinding 
Unwinding loop 1  iteration  1   file string.c line 263 function memcpy
Unwinding loop 1  iteration  2   file string.c line 263 function memcpy
Not unwinding 
Unwinding loop 1  iteration  1   file string.c line 263 function memcpy
Unwinding loop 1  iteration  2   file string.c line 263 function memcpy
Not unwinding 
Unwinding loop 1  iteration  1   file string.c line 263 function memcpy
Unwinding loop 1  iteration  2   file string.c line 263 function memcpy
Not unwinding 
Unwinding loop 4  iteration  1   file string.c line 272 function __memset_impl
Unwinding loop 4  iteration  2   file string.c line 272 function __memset_impl
Not unwinding 
Unwinding loop 4  iteration  1   file string.c line 272 function __memset_impl
Unwinding loop 4  iteration  2   file string.c line 272 function __memset_impl
Not unwinding 
Not unwinding 
Not unwinding 
Symex completed in: 1.895s (8172 assignments)
Slicing time: 0.094s (removed 7240 assignments)
Generated 0 VCC(s), 0 remaining after simplification (932 assignments)
BMC program time: 1.989s
No bug has been found in the base case
*** Checking forward condition, k = 3
Starting Bounded Model Checking
Unwinding loop 2  iteration  1   file 43_1a_cilled_ok_nondet_linux-43_1a-drivers--net--wireless--ath--ath6kl--ath6kl_usb.ko-ldv_main0_sequence_infinite_withcheck_stateful.cil.out.i line 6546 function main
Unwinding loop 1  iteration  1   file string.c line 263 function memcpy
Unwinding loop 1  iteration  2   file string.c line 263 function memcpy
Not unwinding 
Unwinding loop 1  iteration  1   file string.c line 263 function memcpy
Unwinding loop 1  iteration  2   file string.c line 263 function memcpy
Not unwinding 
Unwinding loop 1  iteration  1   file string.c line 263 function memcpy
Unwinding loop 1  iteration  2   file string.c line 263 function memcpy
Not unwinding 
Unwinding loop 1  iteration  1   file string.c line 263 function memcpy
Unwinding loop 1  iteration  2   file string.c line 263 function memcpy
Not unwinding 
Unwinding loop 4  iteration  1   file string.c line 272 function __memset_impl
Unwinding loop 4  iteration  2   file string.c line 272 function __memset_impl
Not unwinding 
Unwinding loop 4  iteration  1   file string.c line 272 function __memset_impl
Unwinding loop 4  iteration  2   file string.c line 272 function __memset_impl
Not unwinding 
Unwinding loop 2  iteration  2   file 43_1a_cilled_ok_nondet_linux-43_1a-drivers--net--wireless--ath--ath6kl--ath6kl_usb.ko-ldv_main0_sequence_infinite_withcheck_stateful.cil.out.i line 6546 function main
Unwinding loop 1  iteration  1   file string.c line 263 function memcpy
Unwinding loop 1  iteration  2   file string.c line 263 function memcpy
Not unwinding 
Unwinding loop 1  iteration  1   file string.c line 263 function memcpy
Unwinding loop 1  iteration  2   file string.c line 263 function memcpy
Not unwinding 
Unwinding loop 1  iteration  1   file string.c line 263 function memcpy
Unwinding loop 1  iteration  2   file string.c line 263 function memcpy
Not unwinding 
Unwinding loop 1  iteration  1   file string.c line 263 function memcpy
Unwinding loop 1  iteration  2   file string.c line 263 function memcpy
Not unwinding 
Unwinding loop 4  iteration  1   file string.c line 272 function __memset_impl
Unwinding loop 4  iteration  2   file string.c line 272 function __memset_impl
Not unwinding 
Unwinding loop 4  iteration  1   file string.c line 272 function __memset_impl
Unwinding loop 4  iteration  2   file string.c line 272 function __memset_impl
Not unwinding 
Not unwinding 
Unwinding loop 3  iteration  1   file 43_1a_cilled_ok_nondet_linux-43_1a-drivers--net--wireless--ath--ath6kl--ath6kl_usb.ko-ldv_main0_sequence_infinite_withcheck_stateful.cil.out.i line 6549 function main
Unwinding loop 1  iteration  1   file string.c line 263 function memcpy
Unwinding loop 1  iteration  2   file string.c line 263 function memcpy
Not unwinding 
Unwinding loop 1  iteration  1   file string.c line 263 function memcpy
Unwinding loop 1  iteration  2   file string.c line 263 function memcpy
Not unwinding 
Unwinding loop 1  iteration  1   file string.c line 263 function memcpy
Unwinding loop 1  iteration  2   file string.c line 263 function memcpy
Not unwinding 
Unwinding loop 1  iteration  1   file string.c line 263 function memcpy
Unwinding loop 1  iteration  2   file string.c line 263 function memcpy
Not unwinding 
Unwinding loop 4  iteration  1   file string.c line 272 function __memset_impl
Unwinding loop 4  iteration  2   file string.c line 272 function __memset_impl
Not unwinding 
Unwinding loop 4  iteration  1   file string.c line 272 function __memset_impl
Unwinding loop 4  iteration  2   file string.c line 272 function __memset_impl
Not unwinding 
Unwinding loop 2  iteration  1   file 43_1a_cilled_ok_nondet_linux-43_1a-drivers--net--wireless--ath--ath6kl--ath6kl_usb.ko-ldv_main0_sequence_infinite_withcheck_stateful.cil.out.i line 6546 function main
Unwinding loop 1  iteration  1   file string.c line 263 function memcpy
Unwinding loop 1  iteration  2   file string.c line 263 function memcpy
Not unwinding 
Unwinding loop 1  iteration  1   file string.c line 263 function memcpy
Unwinding loop 1  iteration  2   file string.c line 263 function memcpy
Not unwinding 
Unwinding loop 1  iteration  1   file string.c line 263 function memcpy
Unwinding loop 1  iteration  2   file string.c line 263 function memcpy
Not unwinding 
Unwinding loop 1  iteration  1   file string.c line 263 function memcpy
Unwinding loop 1  iteration  2   file string.c line 263 function memcpy
Not unwinding 
Unwinding loop 4  iteration  1   file string.c line 272 function __memset_impl
Unwinding loop 4  iteration  2   file string.c line 272 function __memset_impl
Not unwinding 
Unwinding loop 4  iteration  1   file string.c line 272 function __memset_impl
Unwinding loop 4  iteration  2   file string.c line 272 function __memset_impl
Not unwinding 
Unwinding loop 2  iteration  2   file 43_1a_cilled_ok_nondet_linux-43_1a-drivers--net--wireless--ath--ath6kl--ath6kl_usb.ko-ldv_main0_sequence_infinite_withcheck_stateful.cil.out.i line 6546 function main
Unwinding loop 1  iteration  1   file string.c line 263 function memcpy
Unwinding loop 1  iteration  2   file string.c line 263 function memcpy
Not unwinding 
Unwinding loop 1  iteration  1   file string.c line 263 function memcpy
Unwinding loop 1  iteration  2   file string.c line 263 function memcpy
Not unwinding 
Unwinding loop 1  iteration  1   file string.c line 263 function memcpy
Unwinding loop 1  iteration  2   file string.c line 263 function memcpy
Not unwinding 
Unwinding loop 1  iteration  1   file string.c line 263 function memcpy
Unwinding loop 1  iteration  2   file string.c line 263 function memcpy
Not unwinding 
Unwinding loop 4  iteration  1   file string.c line 272 function __memset_impl
Unwinding loop 4  iteration  2   file string.c line 272 function __memset_impl
Not unwinding 
Unwinding loop 4  iteration  1   file string.c line 272 function __memset_impl
Unwinding loop 4  iteration  2   file string.c line 272 function __memset_impl
Not unwinding 
Not unwinding 
Unwinding loop 3  iteration  2   file 43_1a_cilled_ok_nondet_linux-43_1a-drivers--net--wireless--ath--ath6kl--ath6kl_usb.ko-ldv_main0_sequence_infinite_withcheck_stateful.cil.out.i line 6549 function main
Unwinding loop 1  iteration  1   file string.c line 263 function memcpy
Unwinding loop 1  iteration  2   file string.c line 263 function memcpy
Not unwinding 
Unwinding loop 1  iteration  1   file string.c line 263 function memcpy
Unwinding loop 1  iteration  2   file string.c line 263 function memcpy
Not unwinding 
Unwinding loop 1  iteration  1   file string.c line 263 function memcpy
Unwinding loop 1  iteration  2   file string.c line 263 function memcpy
Not unwinding 
Unwinding loop 1  iteration  1   file string.c line 263 function memcpy
Unwinding loop 1  iteration  2   file string.c line 263 function memcpy
Not unwinding 
Unwinding loop 4  iteration  1   file string.c line 272 function __memset_impl
Unwinding loop 4  iteration  2   file string.c line 272 function __memset_impl
Not unwinding 
Unwinding loop 4  iteration  1   file string.c line 272 function __memset_impl
Unwinding loop 4  iteration  2   file string.c line 272 function __memset_impl
Not unwinding 
Unwinding loop 2  iteration  1   file 43_1a_cilled_ok_nondet_linux-43_1a-drivers--net--wireless--ath--ath6kl--ath6kl_usb.ko-ldv_main0_sequence_infinite_withcheck_stateful.cil.out.i line 6546 function main
Unwinding loop 1  iteration  1   file string.c line 263 function memcpy
Unwinding loop 1  iteration  2   file string.c line 263 function memcpy
Not unwinding 
Unwinding loop 1  iteration  1   file string.c line 263 function memcpy
Unwinding loop 1  iteration  2   file string.c line 263 function memcpy
Not unwinding 
Unwinding loop 1  iteration  1   file string.c line 263 function memcpy
Unwinding loop 1  iteration  2   file string.c line 263 function memcpy
Not unwinding 
Unwinding loop 1  iteration  1   file string.c line 263 function memcpy
Unwinding loop 1  iteration  2   file string.c line 263 function memcpy
Not unwinding 
Unwinding loop 4  iteration  1   file string.c line 272 function __memset_impl
Unwinding loop 4  iteration  2   file string.c line 272 function __memset_impl
Not unwinding 
Unwinding loop 4  iteration  1   file string.c line 272 function __memset_impl
Unwinding loop 4  iteration  2   file string.c line 272 function __memset_impl
Not unwinding 
Unwinding loop 2  iteration  2   file 43_1a_cilled_ok_nondet_linux-43_1a-drivers--net--wireless--ath--ath6kl--ath6kl_usb.ko-ldv_main0_sequence_infinite_withcheck_stateful.cil.out.i line 6546 function main
Unwinding loop 1  iteration  1   file string.c line 263 function memcpy
Unwinding loop 1  iteration  2   file string.c line 263 function memcpy
Not unwinding 
Unwinding loop 1  iteration  1   file string.c line 263 function memcpy
Unwinding loop 1  iteration  2   file string.c line 263 function memcpy
Not unwinding 
Unwinding loop 1  iteration  1   file string.c line 263 function memcpy
Unwinding loop 1  iteration  2   file string.c line 263 function memcpy
Not unwinding 
Unwinding loop 1  iteration  1   file string.c line 263 function memcpy
Unwinding loop 1  iteration  2   file string.c line 263 function memcpy
Not unwinding 
Unwinding loop 4  iteration  1   file string.c line 272 function __memset_impl
Unwinding loop 4  iteration  2   file string.c line 272 function __memset_impl
Not unwinding 
Unwinding loop 4  iteration  1   file string.c line 272 function __memset_impl
Unwinding loop 4  iteration  2   file string.c line 272 function __memset_impl
Not unwinding 
Not unwinding 
Not unwinding 
Symex completed in: 1.953s (8172 assignments)
Slicing time: 0.095s (removed 7240 assignments)
Generated 52 VCC(s), 52 remaining after simplification (932 assignments)
No solver specified; defaulting to Boolector
Encoding remaining VCC(s) using bit-vector/floating-point arithmetic
Encoding to solver time: 0.701s
Solving with solver Boolector 3.2.1
Encoding to solver time: 0.701s
Runtime decision procedure: 20.755s
The forward condition is unable to prove the property
*** Checking inductive step, k = 3
Starting Bounded Model Checking
Unwinding loop 2  iteration  1   file 43_1a_cilled_ok_nondet_linux-43_1a-drivers--net--wireless--ath--ath6kl--ath6kl_usb.ko-ldv_main0_sequence_infinite_withcheck_stateful.cil.out.i line 6546 function main
Unwinding loop 1  iteration  1   file string.c line 263 function memcpy
Unwinding loop 1  iteration  2   file string.c line 263 function memcpy
Not unwinding 
Unwinding loop 1  iteration  1   file string.c line 263 function memcpy
Unwinding loop 1  iteration  2   file string.c line 263 function memcpy
Not unwinding 
Unwinding loop 1  iteration  1   file string.c line 263 function memcpy
Unwinding loop 1  iteration  2   file string.c line 263 function memcpy
Not unwinding 
Unwinding loop 1  iteration  1   file string.c line 263 function memcpy
Unwinding loop 1  iteration  2   file string.c line 263 function memcpy
Not unwinding 
Unwinding loop 1  iteration  1   file string.c line 263 function memcpy
Unwinding loop 1  iteration  2   file string.c line 263 function memcpy
Not unwinding 
Unwinding loop 1  iteration  1   file string.c line 263 function memcpy
Unwinding loop 1  iteration  2   file string.c line 263 function memcpy
Not unwinding 
Unwinding loop 4  iteration  1   file string.c line 272 function __memset_impl
Unwinding loop 4  iteration  2   file string.c line 272 function __memset_impl
Not unwinding 
Unwinding loop 4  iteration  1   file string.c line 272 function __memset_impl
Unwinding loop 4  iteration  2   file string.c line 272 function __memset_impl
Not unwinding 
Unwinding loop 4  iteration  1   file string.c line 272 function __memset_impl
Unwinding loop 4  iteration  2   file string.c line 272 function __memset_impl
Not unwinding 
Unwinding loop 4  iteration  1   file string.c line 272 function __memset_impl
Unwinding loop 4  iteration  2   file string.c line 272 function __memset_impl
Not unwinding 
Unwinding loop 2  iteration  2   file 43_1a_cilled_ok_nondet_linux-43_1a-drivers--net--wireless--ath--ath6kl--ath6kl_usb.ko-ldv_main0_sequence_infinite_withcheck_stateful.cil.out.i line 6546 function main
Unwinding loop 1  iteration  1   file string.c line 263 function memcpy
Unwinding loop 1  iteration  2   file string.c line 263 function memcpy
Not unwinding 
Unwinding loop 1  iteration  1   file string.c line 263 function memcpy
Unwinding loop 1  iteration  2   file string.c line 263 function memcpy
Not unwinding 
Unwinding loop 1  iteration  1   file string.c line 263 function memcpy
Unwinding loop 1  iteration  2   file string.c line 263 function memcpy
Not unwinding 
Unwinding loop 1  iteration  1   file string.c line 263 function memcpy
Unwinding loop 1  iteration  2   file string.c line 263 function memcpy
Not unwinding 
Unwinding loop 1  iteration  1   file string.c line 263 function memcpy
Unwinding loop 1  iteration  2   file string.c line 263 function memcpy
Not unwinding 
Unwinding loop 1  iteration  1   file string.c line 263 function memcpy
Unwinding loop 1  iteration  2   file string.c line 263 function memcpy
Not unwinding 
Unwinding loop 4  iteration  1   file string.c line 272 function __memset_impl
Unwinding loop 4  iteration  2   file string.c line 272 function __memset_impl
Not unwinding 
Unwinding loop 4  iteration  1   file string.c line 272 function __memset_impl
Unwinding loop 4  iteration  2   file string.c line 272 function __memset_impl
Not unwinding 
Unwinding loop 4  iteration  1   file string.c line 272 function __memset_impl
Unwinding loop 4  iteration  2   file string.c line 272 function __memset_impl
Not unwinding 
Unwinding loop 4  iteration  1   file string.c line 272 function __memset_impl
Unwinding loop 4  iteration  2   file string.c line 272 function __memset_impl
Not unwinding 
Not unwinding 
Unwinding loop 3  iteration  1   file 43_1a_cilled_ok_nondet_linux-43_1a-drivers--net--wireless--ath--ath6kl--ath6kl_usb.ko-ldv_main0_sequence_infinite_withcheck_stateful.cil.out.i line 6549 function main
Unwinding loop 1  iteration  1   file string.c line 263 function memcpy
Unwinding loop 1  iteration  2   file string.c line 263 function memcpy
Not unwinding 
Unwinding loop 1  iteration  1   file string.c line 263 function memcpy
Unwinding loop 1  iteration  2   file string.c line 263 function memcpy
Not unwinding 
Unwinding loop 1  iteration  1   file string.c line 263 function memcpy
Unwinding loop 1  iteration  2   file string.c line 263 function memcpy
Not unwinding 
Unwinding loop 1  iteration  1   file string.c line 263 function memcpy
Unwinding loop 1  iteration  2   file string.c line 263 function memcpy
Not unwinding 
Unwinding loop 1  iteration  1   file string.c line 263 function memcpy
Unwinding loop 1  iteration  2   file string.c line 263 function memcpy
Not unwinding 
Unwinding loop 1  iteration  1   file string.c line 263 function memcpy
Unwinding loop 1  iteration  2   file string.c line 263 function memcpy
Not unwinding 
Unwinding loop 4  iteration  1   file string.c line 272 function __memset_impl
Unwinding loop 4  iteration  2   file string.c line 272 function __memset_impl
Not unwinding 
Unwinding loop 4  iteration  1   file string.c line 272 function __memset_impl
Unwinding loop 4  iteration  2   file string.c line 272 function __memset_impl
Not unwinding 
Unwinding loop 4  iteration  1   file string.c line 272 function __memset_impl
Unwinding loop 4  iteration  2   file string.c line 272 function __memset_impl
Not unwinding 
Unwinding loop 4  iteration  1   file string.c line 272 function __memset_impl
Unwinding loop 4  iteration  2   file string.c line 272 function __memset_impl
Not unwinding 
Unwinding loop 2  iteration  1   file 43_1a_cilled_ok_nondet_linux-43_1a-drivers--net--wireless--ath--ath6kl--ath6kl_usb.ko-ldv_main0_sequence_infinite_withcheck_stateful.cil.out.i line 6546 function main
Unwinding loop 1  iteration  1   file string.c line 263 function memcpy
Unwinding loop 1  iteration  2   file string.c line 263 function memcpy
Not unwinding 
Unwinding loop 1  iteration  1   file string.c line 263 function memcpy
Unwinding loop 1  iteration  2   file string.c line 263 function memcpy
Not unwinding 
Unwinding loop 1  iteration  1   file string.c line 263 function memcpy
Unwinding loop 1  iteration  2   file string.c line 263 function memcpy
Not unwinding 
Unwinding loop 1  iteration  1   file string.c line 263 function memcpy
Unwinding loop 1  iteration  2   file string.c line 263 function memcpy
Not unwinding 
Unwinding loop 1  iteration  1   file string.c line 263 function memcpy
Unwinding loop 1  iteration  2   file string.c line 263 function memcpy
Not unwinding 
Unwinding loop 1  iteration  1   file string.c line 263 function memcpy
Unwinding loop 1  iteration  2   file string.c line 263 function memcpy
Not unwinding 
Unwinding loop 4  iteration  1   file string.c line 272 function __memset_impl
Unwinding loop 4  iteration  2   file string.c line 272 function __memset_impl
Not unwinding 
Unwinding loop 4  iteration  1   file string.c line 272 function __memset_impl
Unwinding loop 4  iteration  2   file string.c line 272 function __memset_impl
Not unwinding 
Unwinding loop 4  iteration  1   file string.c line 272 function __memset_impl
Unwinding loop 4  iteration  2   file string.c line 272 function __memset_impl
Not unwinding 
Unwinding loop 4  iteration  1   file string.c line 272 function __memset_impl
Unwinding loop 4  iteration  2   file string.c line 272 function __memset_impl
Not unwinding 
Unwinding loop 2  iteration  2   file 43_1a_cilled_ok_nondet_linux-43_1a-drivers--net--wireless--ath--ath6kl--ath6kl_usb.ko-ldv_main0_sequence_infinite_withcheck_stateful.cil.out.i line 6546 function main
Unwinding loop 1  iteration  1   file string.c line 263 function memcpy
Unwinding loop 1  iteration  2   file string.c line 263 function memcpy
Not unwinding 
Unwinding loop 1  iteration  1   file string.c line 263 function memcpy
Unwinding loop 1  iteration  2   file string.c line 263 function memcpy
Not unwinding 
Unwinding loop 1  iteration  1   file string.c line 263 function memcpy
Unwinding loop 1  iteration  2   file string.c line 263 function memcpy
Not unwinding 
Unwinding loop 1  iteration  1   file string.c line 263 function memcpy
Unwinding loop 1  iteration  2   file string.c line 263 function memcpy
Not unwinding 
Unwinding loop 1  iteration  1   file string.c line 263 function memcpy
Unwinding loop 1  iteration  2   file string.c line 263 function memcpy
Not unwinding 
Unwinding loop 1  iteration  1   file string.c line 263 function memcpy
Unwinding loop 1  iteration  2   file string.c line 263 function memcpy
Not unwinding 
Unwinding loop 4  iteration  1   file string.c line 272 function __memset_impl
Unwinding loop 4  iteration  2   file string.c line 272 function __memset_impl
Not unwinding 
Unwinding loop 4  iteration  1   file string.c line 272 function __memset_impl
Unwinding loop 4  iteration  2   file string.c line 272 function __memset_impl
Not unwinding 
Unwinding loop 4  iteration  1   file string.c line 272 function __memset_impl
Unwinding loop 4  iteration  2   file string.c line 272 function __memset_impl
Not unwinding 
Unwinding loop 4  iteration  1   file string.c line 272 function __memset_impl
Unwinding loop 4  iteration  2   file string.c line 272 function __memset_impl
Not unwinding 
Not unwinding 
Unwinding loop 3  iteration  2   file 43_1a_cilled_ok_nondet_linux-43_1a-drivers--net--wireless--ath--ath6kl--ath6kl_usb.ko-ldv_main0_sequence_infinite_withcheck_stateful.cil.out.i line 6549 function main
Unwinding loop 1  iteration  1   file string.c line 263 function memcpy
Unwinding loop 1  iteration  2   file string.c line 263 function memcpy
Not unwinding 
Unwinding loop 1  iteration  1   file string.c line 263 function memcpy
Unwinding loop 1  iteration  2   file string.c line 263 function memcpy
Not unwinding 
Unwinding loop 1  iteration  1   file string.c line 263 function memcpy
Unwinding loop 1  iteration  2   file string.c line 263 function memcpy
Not unwinding 
Unwinding loop 1  iteration  1   file string.c line 263 function memcpy
Unwinding loop 1  iteration  2   file string.c line 263 function memcpy
Not unwinding 
Unwinding loop 1  iteration  1   file string.c line 263 function memcpy
Unwinding loop 1  iteration  2   file string.c line 263 function memcpy
Not unwinding 
Unwinding loop 1  iteration  1   file string.c line 263 function memcpy
Unwinding loop 1  iteration  2   file string.c line 263 function memcpy
Not unwinding 
Unwinding loop 4  iteration  1   file string.c line 272 function __memset_impl
Unwinding loop 4  iteration  2   file string.c line 272 function __memset_impl
Not unwinding 
Unwinding loop 4  iteration  1   file string.c line 272 function __memset_impl
Unwinding loop 4  iteration  2   file string.c line 272 function __memset_impl
Not unwinding 
Unwinding loop 4  iteration  1   file string.c line 272 function __memset_impl
Unwinding loop 4  iteration  2   file string.c line 272 function __memset_impl
Not unwinding 
Unwinding loop 4  iteration  1   file string.c line 272 function __memset_impl
Unwinding loop 4  iteration  2   file string.c line 272 function __memset_impl
Not unwinding 
Unwinding loop 2  iteration  1   file 43_1a_cilled_ok_nondet_linux-43_1a-drivers--net--wireless--ath--ath6kl--ath6kl_usb.ko-ldv_main0_sequence_infinite_withcheck_stateful.cil.out.i line 6546 function main
Unwinding loop 1  iteration  1   file string.c line 263 function memcpy
Unwinding loop 1  iteration  2   file string.c line 263 function memcpy
Not unwinding 
Unwinding loop 1  iteration  1   file string.c line 263 function memcpy
Unwinding loop 1  iteration  2   file string.c line 263 function memcpy
Not unwinding 
Unwinding loop 1  iteration  1   file string.c line 263 function memcpy
Unwinding loop 1  iteration  2   file string.c line 263 function memcpy
Not unwinding 
Unwinding loop 1  iteration  1   file string.c line 263 function memcpy
Unwinding loop 1  iteration  2   file string.c line 263 function memcpy
Not unwinding 
Unwinding loop 1  iteration  1   file string.c line 263 function memcpy
Unwinding loop 1  iteration  2   file string.c line 263 function memcpy
Not unwinding 
Unwinding loop 1  iteration  1   file string.c line 263 function memcpy
Unwinding loop 1  iteration  2   file string.c line 263 function memcpy
Not unwinding 
Unwinding loop 4  iteration  1   file string.c line 272 function __memset_impl
Unwinding loop 4  iteration  2   file string.c line 272 function __memset_impl
Not unwinding 
Unwinding loop 4  iteration  1   file string.c line 272 function __memset_impl
Unwinding loop 4  iteration  2   file string.c line 272 function __memset_impl
Not unwinding 
Unwinding loop 4  iteration  1   file string.c line 272 function __memset_impl
Unwinding loop 4  iteration  2   file string.c line 272 function __memset_impl
Not unwinding 
Unwinding loop 4  iteration  1   file string.c line 272 function __memset_impl
Unwinding loop 4  iteration  2   file string.c line 272 function __memset_impl
Not unwinding 
Unwinding loop 2  iteration  2   file 43_1a_cilled_ok_nondet_linux-43_1a-drivers--net--wireless--ath--ath6kl--ath6kl_usb.ko-ldv_main0_sequence_infinite_withcheck_stateful.cil.out.i line 6546 function main
Unwinding loop 1  iteration  1   file string.c line 263 function memcpy
Unwinding loop 1  iteration  2   file string.c line 263 function memcpy
Not unwinding 
Unwinding loop 1  iteration  1   file string.c line 263 function memcpy
Unwinding loop 1  iteration  2   file string.c line 263 function memcpy
Not unwinding 
Unwinding loop 1  iteration  1   file string.c line 263 function memcpy
Unwinding loop 1  iteration  2   file string.c line 263 function memcpy
Not unwinding 
Unwinding loop 1  iteration  1   file string.c line 263 function memcpy
Unwinding loop 1  iteration  2   file string.c line 263 function memcpy
Not unwinding 
Unwinding loop 1  iteration  1   file string.c line 263 function memcpy
Unwinding loop 1  iteration  2   file string.c line 263 function memcpy
Not unwinding 
Unwinding loop 1  iteration  1   file string.c line 263 function memcpy
Unwinding loop 1  iteration  2   file string.c line 263 function memcpy
Not unwinding 
Unwinding loop 4  iteration  1   file string.c line 272 function __memset_impl
Unwinding loop 4  iteration  2   file string.c line 272 function __memset_impl
Not unwinding 
Unwinding loop 4  iteration  1   file string.c line 272 function __memset_impl
Unwinding loop 4  iteration  2   file string.c line 272 function __memset_impl
Not unwinding 
Unwinding loop 4  iteration  1   file string.c line 272 function __memset_impl
Unwinding loop 4  iteration  2   file string.c line 272 function __memset_impl
Not unwinding 
Unwinding loop 4  iteration  1   file string.c line 272 function __memset_impl
Unwinding loop 4  iteration  2   file string.c line 272 function __memset_impl
Not unwinding 
Not unwinding 
Not unwinding 
Symex completed in: 5.319s (13666 assignments)
Slicing time: 0.302s (removed 11435 assignments)
Generated 0 VCC(s), 0 remaining after simplification (2231 assignments)
BMC program time: 5.621s
Building successful trace

VERIFICATION SUCCESSFUL

Solution found by the inductive step (k = 3)

../sv-benchmarks/c/ldv-linux-3.4-simple/43_1a_cilled_ok_nondet_linux-43_1a-drivers--net--wireless--ath--ath6kl--ath6kl_usb.ko-ldv_main0_sequence_infinite_withcheck_stateful.cil.out.i:6420:1: warning: return type of 'main' is not 'int' [-Wmain-return-type]
void main(void)
^
../sv-benchmarks/c/ldv-linux-3.4-simple/43_1a_cilled_ok_nondet_linux-43_1a-drivers--net--wireless--ath--ath6kl--ath6kl_usb.ko-ldv_main0_sequence_infinite_withcheck_stateful.cil.out.i:6420:1: note: change return type to 'int'
void main(void)
^~~~
int

TRUE
