./esbmc-wrapper.py -p ../sv-benchmarks/c/properties/unreach-call.prp -s kinduction --arch 32 ../sv-benchmarks/c/recursive/Fibonacci04.c


--------------------------------------------------------------------------------


Verifying with ESBMC
Command: ./esbmc --no-div-by-zero-check --force-malloc-success --state-hashing --no-align-check --k-step 2 --floatbv --unlimited-k-steps ../sv-benchmarks/c/recursive/Fibonacci04.c --32 --witness-output Fibonacci04.c.graphml --no-pointer-check --no-bounds-check --interval-analysis --k-induction --max-inductive-step 3 
ESBMC version 6.8.0 64-bit x86_64 linux
Target: 32-bit little-endian x86_64-unknown-linux with esbmc libc
file ../sv-benchmarks/c/recursive/Fibonacci04.c: Parsing
Converting
Generating GOTO Program
GOTO program creation time: 0.121s
GOTO program processing time: 0.001s
*** Checking base case, k = 1
Starting Bounded Model Checking
**** WARNING: k-induction does not support recursion yet. Disabling inductive step
Unwinding recursion fibonacci iteration 1 (1 max)
Unwinding recursion fibonacci iteration 1 (1 max)
Symex completed in: 0.001s (27 assignments)
Slicing time: 0.000s (removed 12 assignments)
Generated 1 VCC(s), 1 remaining after simplification (15 assignments)
No solver specified; defaulting to Boolector
Encoding remaining VCC(s) using bit-vector/floating-point arithmetic
Encoding to solver time: 0.001s
Solving with solver Boolector 3.2.1
Encoding to solver time: 0.001s
Runtime decision procedure: 0.000s
BMC program time: 0.002s
No bug has been found in the base case
*** Checking forward condition, k = 1
Starting Bounded Model Checking
Unwinding recursion fibonacci iteration 1 (1 max)
Unwinding recursion fibonacci iteration 1 (1 max)
Symex completed in: 0.001s (26 assignments)
Slicing time: 0.000s (removed 12 assignments)
Generated 2 VCC(s), 2 remaining after simplification (14 assignments)
No solver specified; defaulting to Boolector
Encoding remaining VCC(s) using bit-vector/floating-point arithmetic
Encoding to solver time: 0.000s
Solving with solver Boolector 3.2.1
Encoding to solver time: 0.000s
Runtime decision procedure: 0.002s
The forward condition is unable to prove the property
*** Checking base case, k = 3
Starting Bounded Model Checking
Unwinding recursion fibonacci iteration 1 (3 max)
Unwinding recursion fibonacci iteration 2 (3 max)
Unwinding recursion fibonacci iteration 3 (3 max)
Unwinding recursion fibonacci iteration 3 (3 max)
Unwinding recursion fibonacci iteration 2 (3 max)
Unwinding recursion fibonacci iteration 3 (3 max)
Unwinding recursion fibonacci iteration 3 (3 max)
Unwinding recursion fibonacci iteration 1 (3 max)
Unwinding recursion fibonacci iteration 2 (3 max)
Unwinding recursion fibonacci iteration 3 (3 max)
Unwinding recursion fibonacci iteration 3 (3 max)
Unwinding recursion fibonacci iteration 2 (3 max)
Unwinding recursion fibonacci iteration 3 (3 max)
Unwinding recursion fibonacci iteration 3 (3 max)
Symex completed in: 0.003s (87 assignments)
Slicing time: 0.001s (removed 30 assignments)
Generated 1 VCC(s), 1 remaining after simplification (57 assignments)
No solver specified; defaulting to Boolector
Encoding remaining VCC(s) using bit-vector/floating-point arithmetic
Encoding to solver time: 0.001s
Solving with solver Boolector 3.2.1
Encoding to solver time: 0.001s
Runtime decision procedure: 0.001s
BMC program time: 0.006s
No bug has been found in the base case
*** Checking forward condition, k = 3
Starting Bounded Model Checking
Unwinding recursion fibonacci iteration 1 (3 max)
Unwinding recursion fibonacci iteration 2 (3 max)
Unwinding recursion fibonacci iteration 3 (3 max)
Unwinding recursion fibonacci iteration 3 (3 max)
Unwinding recursion fibonacci iteration 2 (3 max)
Unwinding recursion fibonacci iteration 3 (3 max)
Unwinding recursion fibonacci iteration 3 (3 max)
Unwinding recursion fibonacci iteration 1 (3 max)
Unwinding recursion fibonacci iteration 2 (3 max)
Unwinding recursion fibonacci iteration 3 (3 max)
Unwinding recursion fibonacci iteration 3 (3 max)
Unwinding recursion fibonacci iteration 2 (3 max)
Unwinding recursion fibonacci iteration 3 (3 max)
Unwinding recursion fibonacci iteration 3 (3 max)
Symex completed in: 0.003s (86 assignments)
Slicing time: 0.001s (removed 30 assignments)
Generated 8 VCC(s), 8 remaining after simplification (56 assignments)
No solver specified; defaulting to Boolector
Encoding remaining VCC(s) using bit-vector/floating-point arithmetic
Encoding to solver time: 0.001s
Solving with solver Boolector 3.2.1
Encoding to solver time: 0.001s
Runtime decision procedure: 0.041s
The forward condition is unable to prove the property
*** Checking base case, k = 5
Starting Bounded Model Checking
Unwinding recursion fibonacci iteration 1 (5 max)
Unwinding recursion fibonacci iteration 2 (5 max)
Unwinding recursion fibonacci iteration 3 (5 max)
Unwinding recursion fibonacci iteration 4 (5 max)
Unwinding recursion fibonacci iteration 5 (5 max)
Unwinding recursion fibonacci iteration 5 (5 max)
Unwinding recursion fibonacci iteration 4 (5 max)
Unwinding recursion fibonacci iteration 5 (5 max)
Unwinding recursion fibonacci iteration 5 (5 max)
Unwinding recursion fibonacci iteration 3 (5 max)
Unwinding recursion fibonacci iteration 4 (5 max)
Unwinding recursion fibonacci iteration 5 (5 max)
Unwinding recursion fibonacci iteration 5 (5 max)
Unwinding recursion fibonacci iteration 4 (5 max)
Unwinding recursion fibonacci iteration 5 (5 max)
Unwinding recursion fibonacci iteration 5 (5 max)
Unwinding recursion fibonacci iteration 2 (5 max)
Unwinding recursion fibonacci iteration 3 (5 max)
Unwinding recursion fibonacci iteration 4 (5 max)
Unwinding recursion fibonacci iteration 5 (5 max)
Unwinding recursion fibonacci iteration 5 (5 max)
Unwinding recursion fibonacci iteration 4 (5 max)
Unwinding recursion fibonacci iteration 5 (5 max)
Unwinding recursion fibonacci iteration 5 (5 max)
Unwinding recursion fibonacci iteration 3 (5 max)
Unwinding recursion fibonacci iteration 4 (5 max)
Unwinding recursion fibonacci iteration 5 (5 max)
Unwinding recursion fibonacci iteration 5 (5 max)
Unwinding recursion fibonacci iteration 4 (5 max)
Unwinding recursion fibonacci iteration 5 (5 max)
Unwinding recursion fibonacci iteration 5 (5 max)
Unwinding recursion fibonacci iteration 1 (5 max)
Unwinding recursion fibonacci iteration 2 (5 max)
Unwinding recursion fibonacci iteration 3 (5 max)
Unwinding recursion fibonacci iteration 4 (5 max)
Unwinding recursion fibonacci iteration 5 (5 max)
Unwinding recursion fibonacci iteration 5 (5 max)
Unwinding recursion fibonacci iteration 4 (5 max)
Unwinding recursion fibonacci iteration 5 (5 max)
Unwinding recursion fibonacci iteration 5 (5 max)
Unwinding recursion fibonacci iteration 3 (5 max)
Unwinding recursion fibonacci iteration 4 (5 max)
Unwinding recursion fibonacci iteration 5 (5 max)
Unwinding recursion fibonacci iteration 5 (5 max)
Unwinding recursion fibonacci iteration 4 (5 max)
Unwinding recursion fibonacci iteration 5 (5 max)
Unwinding recursion fibonacci iteration 5 (5 max)
Unwinding recursion fibonacci iteration 2 (5 max)
Unwinding recursion fibonacci iteration 3 (5 max)
Unwinding recursion fibonacci iteration 4 (5 max)
Unwinding recursion fibonacci iteration 5 (5 max)
Unwinding recursion fibonacci iteration 5 (5 max)
Unwinding recursion fibonacci iteration 4 (5 max)
Unwinding recursion fibonacci iteration 5 (5 max)
Unwinding recursion fibonacci iteration 5 (5 max)
Unwinding recursion fibonacci iteration 3 (5 max)
Unwinding recursion fibonacci iteration 4 (5 max)
Unwinding recursion fibonacci iteration 5 (5 max)
Unwinding recursion fibonacci iteration 5 (5 max)
Unwinding recursion fibonacci iteration 4 (5 max)
Unwinding recursion fibonacci iteration 5 (5 max)
Unwinding recursion fibonacci iteration 5 (5 max)
Symex completed in: 0.012s (327 assignments)
Slicing time: 0.003s (removed 102 assignments)
Generated 1 VCC(s), 1 remaining after simplification (225 assignments)
No solver specified; defaulting to Boolector
Encoding remaining VCC(s) using bit-vector/floating-point arithmetic
Encoding to solver time: 0.003s
Solving with solver Boolector 3.2.1
Encoding to solver time: 0.003s
Runtime decision procedure: 0.003s
Building error trace

Counterexample:

State 1 file Fibonacci04.c line 30 function main thread 0
----------------------------------------------------
  x = 5 (00000000 00000000 00000000 00000101)

State 2 file Fibonacci04.c line 31 function main thread 0
----------------------------------------------------
  result = 5 (00000000 00000000 00000000 00000101)

State 3 file Fibonacci04.c line 3 function reach_error thread 0
----------------------------------------------------
Violated property:
  file Fibonacci04.c line 3 function reach_error
  assertion 0
  0


VERIFICATION FAILED

Bug found (k = 5)


FALSE_REACH
