./esbmc-wrapper.py -p ../sv-benchmarks/c/properties/unreach-call.prp -s kinduction --arch 32 ../sv-benchmarks/c/combinations/pals_lcr.7.ufo.BOUNDED-14.pals+Problem12_label07.c


--------------------------------------------------------------------------------


Verifying with ESBMC
Command: ./esbmc --no-div-by-zero-check --force-malloc-success --state-hashing --no-align-check --k-step 2 --floatbv --unlimited-k-steps ../sv-benchmarks/c/combinations/pals_lcr.7.ufo.BOUNDED-14.pals+Problem12_label07.c --32 --witness-output pals_lcr.7.ufo.BOUNDED-14.pals+Problem12_label07.c.graphml --no-pointer-check --no-bounds-check --interval-analysis --k-induction --max-inductive-step 3 
ESBMC version 6.8.0 64-bit x86_64 linux
Target: 32-bit little-endian x86_64-unknown-linux with esbmc libc
file ../sv-benchmarks/c/combinations/pals_lcr.7.ufo.BOUNDED-14.pals+Problem12_label07.c: Parsing
Converting
Generating GOTO Program
GOTO program creation time: 1.242s
GOTO program processing time: 0.560s
*** Checking base case, k = 1
Starting Bounded Model Checking
Not unwinding 
Not unwinding 
Symex completed in: 0.146s (526 assignments)
Slicing time: 0.002s (removed 370 assignments)
Generated 1 VCC(s), 1 remaining after simplification (156 assignments)
No solver specified; defaulting to Boolector
Encoding remaining VCC(s) using bit-vector/floating-point arithmetic
Encoding to solver time: 0.003s
Solving with solver Boolector 3.2.1
Encoding to solver time: 0.003s
Runtime decision procedure: 0.002s
BMC program time: 0.154s
No bug has been found in the base case
*** Checking forward condition, k = 1
Starting Bounded Model Checking
Not unwinding 
Not unwinding 
Symex completed in: 0.156s (525 assignments)
Slicing time: 0.002s (removed 370 assignments)
Generated 2 VCC(s), 2 remaining after simplification (155 assignments)
No solver specified; defaulting to Boolector
Encoding remaining VCC(s) using bit-vector/floating-point arithmetic
Encoding to solver time: 0.003s
Solving with solver Boolector 3.2.1
Encoding to solver time: 0.003s
Runtime decision procedure: 0.080s
The forward condition is unable to prove the property
*** Checking base case, k = 3
Starting Bounded Model Checking
Unwinding loop 2  iteration  1   file pals_lcr.7.ufo.BOUNDED-14.pals+Problem12_label07.c line 557 function main1
Unwinding loop 2  iteration  2   file pals_lcr.7.ufo.BOUNDED-14.pals+Problem12_label07.c line 557 function main1
Not unwinding 
Unwinding loop 3  iteration  1   file pals_lcr.7.ufo.BOUNDED-14.pals+Problem12_label07.c line 5415 function main2
Unwinding loop 3  iteration  2   file pals_lcr.7.ufo.BOUNDED-14.pals+Problem12_label07.c line 5415 function main2
Not unwinding 
Symex completed in: 1.707s (18025 assignments)
Slicing time: 0.165s (removed 13899 assignments)
Generated 5 VCC(s), 5 remaining after simplification (4126 assignments)
No solver specified; defaulting to Boolector
Encoding remaining VCC(s) using bit-vector/floating-point arithmetic
Encoding to solver time: 0.138s
Solving with solver Boolector 3.2.1
Encoding to solver time: 0.138s
Runtime decision procedure: 8.321s
BMC program time: 10.332s
No bug has been found in the base case
*** Checking forward condition, k = 3
Starting Bounded Model Checking
Unwinding loop 2  iteration  1   file pals_lcr.7.ufo.BOUNDED-14.pals+Problem12_label07.c line 557 function main1
Unwinding loop 2  iteration  2   file pals_lcr.7.ufo.BOUNDED-14.pals+Problem12_label07.c line 557 function main1
Not unwinding 
Unwinding loop 3  iteration  1   file pals_lcr.7.ufo.BOUNDED-14.pals+Problem12_label07.c line 5415 function main2
Unwinding loop 3  iteration  2   file pals_lcr.7.ufo.BOUNDED-14.pals+Problem12_label07.c line 5415 function main2
Not unwinding 
Symex completed in: 1.898s (18020 assignments)
Slicing time: 0.174s (removed 13899 assignments)
Generated 2 VCC(s), 2 remaining after simplification (4121 assignments)
No solver specified; defaulting to Boolector
Encoding remaining VCC(s) using bit-vector/floating-point arithmetic
Encoding to solver time: 0.133s
Solving with solver Boolector 3.2.1
Encoding to solver time: 0.133s
Runtime decision procedure: 8.545s
The forward condition is unable to prove the property
*** Checking inductive step, k = 3
Starting Bounded Model Checking
Unwinding loop 2  iteration  1   file pals_lcr.7.ufo.BOUNDED-14.pals+Problem12_label07.c line 557 function main1
Unwinding loop 2  iteration  2   file pals_lcr.7.ufo.BOUNDED-14.pals+Problem12_label07.c line 557 function main1
Not unwinding 
Unwinding loop 3  iteration  1   file pals_lcr.7.ufo.BOUNDED-14.pals+Problem12_label07.c line 5415 function main2
Unwinding loop 3  iteration  2   file pals_lcr.7.ufo.BOUNDED-14.pals+Problem12_label07.c line 5415 function main2
Not unwinding 
Symex completed in: 3.619s (37535 assignments)
Slicing time: 4.472s (removed 16102 assignments)
Generated 2 VCC(s), 2 remaining after simplification (21433 assignments)
No solver specified; defaulting to Boolector
Encoding remaining VCC(s) using bit-vector/floating-point arithmetic
Encoding to solver time: 0.833s
Solving with solver Boolector 3.2.1
Encoding to solver time: 0.833s
Runtime decision procedure: 38.607s
The inductive step is unable to prove the property
*** Checking base case, k = 5
Starting Bounded Model Checking
Unwinding loop 2  iteration  1   file pals_lcr.7.ufo.BOUNDED-14.pals+Problem12_label07.c line 557 function main1
Unwinding loop 2  iteration  2   file pals_lcr.7.ufo.BOUNDED-14.pals+Problem12_label07.c line 557 function main1
Unwinding loop 2  iteration  3   file pals_lcr.7.ufo.BOUNDED-14.pals+Problem12_label07.c line 557 function main1
Unwinding loop 2  iteration  4   file pals_lcr.7.ufo.BOUNDED-14.pals+Problem12_label07.c line 557 function main1
Not unwinding 
Unwinding loop 3  iteration  1   file pals_lcr.7.ufo.BOUNDED-14.pals+Problem12_label07.c line 5415 function main2
Unwinding loop 3  iteration  2   file pals_lcr.7.ufo.BOUNDED-14.pals+Problem12_label07.c line 5415 function main2
Unwinding loop 3  iteration  3   file pals_lcr.7.ufo.BOUNDED-14.pals+Problem12_label07.c line 5415 function main2
Unwinding loop 3  iteration  4   file pals_lcr.7.ufo.BOUNDED-14.pals+Problem12_label07.c line 5415 function main2
Not unwinding 
Symex completed in: 4.700s (41043 assignments)
Slicing time: 1.503s (removed 21457 assignments)
Generated 9 VCC(s), 9 remaining after simplification (19586 assignments)
No solver specified; defaulting to Boolector
Encoding remaining VCC(s) using bit-vector/floating-point arithmetic
Encoding to solver time: 0.713s
Solving with solver Boolector 3.2.1
Encoding to solver time: 0.713s
Runtime decision procedure: 31.400s
Building error trace

Counterexample:

State 1 file pals_lcr.7.ufo.BOUNDED-14.pals+Problem12_label07.c line 5419 function main2 thread 0
----------------------------------------------------
  input = 6 (00000000 00000000 00000000 00000110)

State 2 file pals_lcr.7.ufo.BOUNDED-14.pals+Problem12_label07.c line 5419 function main2 thread 0
----------------------------------------------------
  input = 6 (00000000 00000000 00000000 00000110)

State 3 file pals_lcr.7.ufo.BOUNDED-14.pals+Problem12_label07.c line 1036 function calculate_output thread 0
----------------------------------------------------
  a17 = -22034 (11111111 11111111 10101001 11101110)

State 4 file pals_lcr.7.ufo.BOUNDED-14.pals+Problem12_label07.c line 5419 function main2 thread 0
----------------------------------------------------
  input = 4 (00000000 00000000 00000000 00000100)

State 5 file pals_lcr.7.ufo.BOUNDED-14.pals+Problem12_label07.c line 3344 function calculate_output2 thread 0
----------------------------------------------------
  a2 = 271 (00000000 00000000 00000001 00001111)

State 6 file pals_lcr.7.ufo.BOUNDED-14.pals+Problem12_label07.c line 3345 function calculate_output2 thread 0
----------------------------------------------------
  a17 = 76 (00000000 00000000 00000000 01001100)

State 7 file pals_lcr.7.ufo.BOUNDED-14.pals+Problem12_label07.c line 5419 function main2 thread 0
----------------------------------------------------
  input = 2 (00000000 00000000 00000000 00000010)

State 8 file pals_lcr.7.ufo.BOUNDED-14.pals+Problem12_label07.c line 3805 function calculate_output3 thread 0
----------------------------------------------------
  a2 = -560971 (11111111 11110111 01110000 10110101)

State 9 file pals_lcr.7.ufo.BOUNDED-14.pals+Problem12_label07.c line 3806 function calculate_output3 thread 0
----------------------------------------------------
  a17 = 164 (00000000 00000000 00000000 10100100)

State 10 file pals_lcr.7.ufo.BOUNDED-14.pals+Problem12_label07.c line 5419 function main2 thread 0
----------------------------------------------------
  input = 1 (00000000 00000000 00000000 00000001)

State 11 file pals_lcr.7.ufo.BOUNDED-14.pals+Problem12_label07.c line 20 function reach_error thread 0
----------------------------------------------------
Violated property:
  file pals_lcr.7.ufo.BOUNDED-14.pals+Problem12_label07.c line 20 function reach_error
  assertion 0
  0


VERIFICATION FAILED

Bug found (k = 5)


FALSE_REACH
