./esbmc-wrapper.py -p ../sv-benchmarks/c/properties/unreach-call.prp -s kinduction --arch 64 ../sv-benchmarks/c/ldv-linux-3.4-simple/32_1_cilled_ok_nondet_linux-3.4-32_1-drivers--tty--serial--xilinx_uartps.ko-ldv_main0_sequence_infinite_withcheck_stateful.cil.out.i


--------------------------------------------------------------------------------


Verifying with ESBMC
Command: ./esbmc --no-div-by-zero-check --force-malloc-success --state-hashing --no-align-check --k-step 2 --floatbv --unlimited-k-steps ../sv-benchmarks/c/ldv-linux-3.4-simple/32_1_cilled_ok_nondet_linux-3.4-32_1-drivers--tty--serial--xilinx_uartps.ko-ldv_main0_sequence_infinite_withcheck_stateful.cil.out.i --64 --witness-output 32_1_cilled_ok_nondet_linux-3.4-32_1-drivers--tty--serial--xilinx_uartps.ko-ldv_main0_sequence_infinite_withcheck_stateful.cil.out.i.graphml --no-pointer-check --no-bounds-check --interval-analysis --k-induction --max-inductive-step 3 
ESBMC version 6.8.0 64-bit x86_64 linux
Target: 64-bit little-endian x86_64-unknown-linux with esbmc libc
file ../sv-benchmarks/c/ldv-linux-3.4-simple/32_1_cilled_ok_nondet_linux-3.4-32_1-drivers--tty--serial--xilinx_uartps.ko-ldv_main0_sequence_infinite_withcheck_stateful.cil.out.i: Parsing
Converting
Generating GOTO Program
GOTO program creation time: 0.540s
GOTO program processing time: 0.068s
*** Checking base case, k = 1
Starting Bounded Model Checking
Not unwinding 
Not unwinding 
Not unwinding 
Not unwinding 
Not unwinding 
Not unwinding 
Symex completed in: 0.242s (1645 assignments)
Slicing time: 0.005s (removed 1509 assignments)
Generated 0 VCC(s), 0 remaining after simplification (136 assignments)
BMC program time: 0.247s
No bug has been found in the base case
*** Checking forward condition, k = 1
Starting Bounded Model Checking
Not unwinding 
Not unwinding 
Not unwinding 
Not unwinding 
Not unwinding 
Not unwinding 
Symex completed in: 0.263s (1645 assignments)
Slicing time: 0.005s (removed 1509 assignments)
Generated 6 VCC(s), 6 remaining after simplification (136 assignments)
No solver specified; defaulting to Boolector
Encoding remaining VCC(s) using bit-vector/floating-point arithmetic
Encoding to solver time: 0.005s
Solving with solver Boolector 3.2.1
Encoding to solver time: 0.005s
Runtime decision procedure: 1.442s
The forward condition is unable to prove the property
*** Checking base case, k = 3
Starting Bounded Model Checking
Unwinding loop 4  iteration  1   file 32_1_cilled_ok_nondet_linux-3.4-32_1-drivers--tty--serial--xilinx_uartps.ko-ldv_main0_sequence_infinite_withcheck_stateful.cil.out.i line 4102 function xuartps_start_tx
Unwinding loop 4  iteration  2   file 32_1_cilled_ok_nondet_linux-3.4-32_1-drivers--tty--serial--xilinx_uartps.ko-ldv_main0_sequence_infinite_withcheck_stateful.cil.out.i line 4102 function xuartps_start_tx
Not unwinding 
Unwinding loop 5  iteration  1   file 32_1_cilled_ok_nondet_linux-3.4-32_1-drivers--tty--serial--xilinx_uartps.ko-ldv_main0_sequence_infinite_withcheck_stateful.cil.out.i line 4567 function xuartps_set_termios
Unwinding loop 5  iteration  2   file 32_1_cilled_ok_nondet_linux-3.4-32_1-drivers--tty--serial--xilinx_uartps.ko-ldv_main0_sequence_infinite_withcheck_stateful.cil.out.i line 4567 function xuartps_set_termios
Not unwinding 
Unwinding loop 3  iteration  1   file 32_1_cilled_ok_nondet_linux-3.4-32_1-drivers--tty--serial--xilinx_uartps.ko-ldv_main0_sequence_infinite_withcheck_stateful.cil.out.i line 3874 function xuartps_set_baud_rate
Unwinding loop 3  iteration  2   file 32_1_cilled_ok_nondet_linux-3.4-32_1-drivers--tty--serial--xilinx_uartps.ko-ldv_main0_sequence_infinite_withcheck_stateful.cil.out.i line 3874 function xuartps_set_baud_rate
Not unwinding 
Unwinding loop 1  iteration  1   file 32_1_cilled_ok_nondet_linux-3.4-32_1-drivers--tty--serial--xilinx_uartps.ko-ldv_main0_sequence_infinite_withcheck_stateful.cil.out.i line 3572 function xuartps_isr
Unwinding loop 1  iteration  2   file 32_1_cilled_ok_nondet_linux-3.4-32_1-drivers--tty--serial--xilinx_uartps.ko-ldv_main0_sequence_infinite_withcheck_stateful.cil.out.i line 3572 function xuartps_isr
Not unwinding 
Unwinding loop 2  iteration  1   file 32_1_cilled_ok_nondet_linux-3.4-32_1-drivers--tty--serial--xilinx_uartps.ko-ldv_main0_sequence_infinite_withcheck_stateful.cil.out.i line 3697 function xuartps_isr
Unwinding loop 2  iteration  2   file 32_1_cilled_ok_nondet_linux-3.4-32_1-drivers--tty--serial--xilinx_uartps.ko-ldv_main0_sequence_infinite_withcheck_stateful.cil.out.i line 3697 function xuartps_isr
Not unwinding 
Unwinding loop 7  iteration  1   file 32_1_cilled_ok_nondet_linux-3.4-32_1-drivers--tty--serial--xilinx_uartps.ko-ldv_main0_sequence_infinite_withcheck_stateful.cil.out.i line 5741 function main
Unwinding loop 4  iteration  1   file 32_1_cilled_ok_nondet_linux-3.4-32_1-drivers--tty--serial--xilinx_uartps.ko-ldv_main0_sequence_infinite_withcheck_stateful.cil.out.i line 4102 function xuartps_start_tx
Unwinding loop 4  iteration  2   file 32_1_cilled_ok_nondet_linux-3.4-32_1-drivers--tty--serial--xilinx_uartps.ko-ldv_main0_sequence_infinite_withcheck_stateful.cil.out.i line 4102 function xuartps_start_tx
Not unwinding 
Unwinding loop 5  iteration  1   file 32_1_cilled_ok_nondet_linux-3.4-32_1-drivers--tty--serial--xilinx_uartps.ko-ldv_main0_sequence_infinite_withcheck_stateful.cil.out.i line 4567 function xuartps_set_termios
Unwinding loop 5  iteration  2   file 32_1_cilled_ok_nondet_linux-3.4-32_1-drivers--tty--serial--xilinx_uartps.ko-ldv_main0_sequence_infinite_withcheck_stateful.cil.out.i line 4567 function xuartps_set_termios
Not unwinding 
Unwinding loop 3  iteration  1   file 32_1_cilled_ok_nondet_linux-3.4-32_1-drivers--tty--serial--xilinx_uartps.ko-ldv_main0_sequence_infinite_withcheck_stateful.cil.out.i line 3874 function xuartps_set_baud_rate
Unwinding loop 3  iteration  2   file 32_1_cilled_ok_nondet_linux-3.4-32_1-drivers--tty--serial--xilinx_uartps.ko-ldv_main0_sequence_infinite_withcheck_stateful.cil.out.i line 3874 function xuartps_set_baud_rate
Not unwinding 
Unwinding loop 6  iteration  1   file 32_1_cilled_ok_nondet_linux-3.4-32_1-drivers--tty--serial--xilinx_uartps.ko-ldv_main0_sequence_infinite_withcheck_stateful.cil.out.i line 5314 function xuartps_get_port
Unwinding loop 6  iteration  2   file 32_1_cilled_ok_nondet_linux-3.4-32_1-drivers--tty--serial--xilinx_uartps.ko-ldv_main0_sequence_infinite_withcheck_stateful.cil.out.i line 5314 function xuartps_get_port
Unwinding loop 1  iteration  1   file 32_1_cilled_ok_nondet_linux-3.4-32_1-drivers--tty--serial--xilinx_uartps.ko-ldv_main0_sequence_infinite_withcheck_stateful.cil.out.i line 3572 function xuartps_isr
Unwinding loop 1  iteration  2   file 32_1_cilled_ok_nondet_linux-3.4-32_1-drivers--tty--serial--xilinx_uartps.ko-ldv_main0_sequence_infinite_withcheck_stateful.cil.out.i line 3572 function xuartps_isr
Not unwinding 
Unwinding loop 2  iteration  1   file 32_1_cilled_ok_nondet_linux-3.4-32_1-drivers--tty--serial--xilinx_uartps.ko-ldv_main0_sequence_infinite_withcheck_stateful.cil.out.i line 3697 function xuartps_isr
Unwinding loop 2  iteration  2   file 32_1_cilled_ok_nondet_linux-3.4-32_1-drivers--tty--serial--xilinx_uartps.ko-ldv_main0_sequence_infinite_withcheck_stateful.cil.out.i line 3697 function xuartps_isr
Not unwinding 
Unwinding loop 7  iteration  2   file 32_1_cilled_ok_nondet_linux-3.4-32_1-drivers--tty--serial--xilinx_uartps.ko-ldv_main0_sequence_infinite_withcheck_stateful.cil.out.i line 5741 function main
Unwinding loop 4  iteration  1   file 32_1_cilled_ok_nondet_linux-3.4-32_1-drivers--tty--serial--xilinx_uartps.ko-ldv_main0_sequence_infinite_withcheck_stateful.cil.out.i line 4102 function xuartps_start_tx
Unwinding loop 4  iteration  2   file 32_1_cilled_ok_nondet_linux-3.4-32_1-drivers--tty--serial--xilinx_uartps.ko-ldv_main0_sequence_infinite_withcheck_stateful.cil.out.i line 4102 function xuartps_start_tx
Not unwinding 
Unwinding loop 5  iteration  1   file 32_1_cilled_ok_nondet_linux-3.4-32_1-drivers--tty--serial--xilinx_uartps.ko-ldv_main0_sequence_infinite_withcheck_stateful.cil.out.i line 4567 function xuartps_set_termios
Unwinding loop 5  iteration  2   file 32_1_cilled_ok_nondet_linux-3.4-32_1-drivers--tty--serial--xilinx_uartps.ko-ldv_main0_sequence_infinite_withcheck_stateful.cil.out.i line 4567 function xuartps_set_termios
Not unwinding 
Unwinding loop 3  iteration  1   file 32_1_cilled_ok_nondet_linux-3.4-32_1-drivers--tty--serial--xilinx_uartps.ko-ldv_main0_sequence_infinite_withcheck_stateful.cil.out.i line 3874 function xuartps_set_baud_rate
Unwinding loop 3  iteration  2   file 32_1_cilled_ok_nondet_linux-3.4-32_1-drivers--tty--serial--xilinx_uartps.ko-ldv_main0_sequence_infinite_withcheck_stateful.cil.out.i line 3874 function xuartps_set_baud_rate
Not unwinding 
Unwinding loop 6  iteration  1   file 32_1_cilled_ok_nondet_linux-3.4-32_1-drivers--tty--serial--xilinx_uartps.ko-ldv_main0_sequence_infinite_withcheck_stateful.cil.out.i line 5314 function xuartps_get_port
Unwinding loop 6  iteration  2   file 32_1_cilled_ok_nondet_linux-3.4-32_1-drivers--tty--serial--xilinx_uartps.ko-ldv_main0_sequence_infinite_withcheck_stateful.cil.out.i line 5314 function xuartps_get_port
Unwinding loop 1  iteration  1   file 32_1_cilled_ok_nondet_linux-3.4-32_1-drivers--tty--serial--xilinx_uartps.ko-ldv_main0_sequence_infinite_withcheck_stateful.cil.out.i line 3572 function xuartps_isr
Unwinding loop 1  iteration  2   file 32_1_cilled_ok_nondet_linux-3.4-32_1-drivers--tty--serial--xilinx_uartps.ko-ldv_main0_sequence_infinite_withcheck_stateful.cil.out.i line 3572 function xuartps_isr
Not unwinding 
Unwinding loop 2  iteration  1   file 32_1_cilled_ok_nondet_linux-3.4-32_1-drivers--tty--serial--xilinx_uartps.ko-ldv_main0_sequence_infinite_withcheck_stateful.cil.out.i line 3697 function xuartps_isr
Unwinding loop 2  iteration  2   file 32_1_cilled_ok_nondet_linux-3.4-32_1-drivers--tty--serial--xilinx_uartps.ko-ldv_main0_sequence_infinite_withcheck_stateful.cil.out.i line 3697 function xuartps_isr
Not unwinding 
Not unwinding 
Symex completed in: 2.517s (9319 assignments)
Slicing time: 0.072s (removed 8587 assignments)
Generated 0 VCC(s), 0 remaining after simplification (732 assignments)
BMC program time: 2.589s
No bug has been found in the base case
*** Checking forward condition, k = 3
Starting Bounded Model Checking
Unwinding loop 4  iteration  1   file 32_1_cilled_ok_nondet_linux-3.4-32_1-drivers--tty--serial--xilinx_uartps.ko-ldv_main0_sequence_infinite_withcheck_stateful.cil.out.i line 4102 function xuartps_start_tx
Unwinding loop 4  iteration  2   file 32_1_cilled_ok_nondet_linux-3.4-32_1-drivers--tty--serial--xilinx_uartps.ko-ldv_main0_sequence_infinite_withcheck_stateful.cil.out.i line 4102 function xuartps_start_tx
Not unwinding 
Unwinding loop 5  iteration  1   file 32_1_cilled_ok_nondet_linux-3.4-32_1-drivers--tty--serial--xilinx_uartps.ko-ldv_main0_sequence_infinite_withcheck_stateful.cil.out.i line 4567 function xuartps_set_termios
Unwinding loop 5  iteration  2   file 32_1_cilled_ok_nondet_linux-3.4-32_1-drivers--tty--serial--xilinx_uartps.ko-ldv_main0_sequence_infinite_withcheck_stateful.cil.out.i line 4567 function xuartps_set_termios
Not unwinding 
Unwinding loop 3  iteration  1   file 32_1_cilled_ok_nondet_linux-3.4-32_1-drivers--tty--serial--xilinx_uartps.ko-ldv_main0_sequence_infinite_withcheck_stateful.cil.out.i line 3874 function xuartps_set_baud_rate
Unwinding loop 3  iteration  2   file 32_1_cilled_ok_nondet_linux-3.4-32_1-drivers--tty--serial--xilinx_uartps.ko-ldv_main0_sequence_infinite_withcheck_stateful.cil.out.i line 3874 function xuartps_set_baud_rate
Not unwinding 
Unwinding loop 1  iteration  1   file 32_1_cilled_ok_nondet_linux-3.4-32_1-drivers--tty--serial--xilinx_uartps.ko-ldv_main0_sequence_infinite_withcheck_stateful.cil.out.i line 3572 function xuartps_isr
Unwinding loop 1  iteration  2   file 32_1_cilled_ok_nondet_linux-3.4-32_1-drivers--tty--serial--xilinx_uartps.ko-ldv_main0_sequence_infinite_withcheck_stateful.cil.out.i line 3572 function xuartps_isr
Not unwinding 
Unwinding loop 2  iteration  1   file 32_1_cilled_ok_nondet_linux-3.4-32_1-drivers--tty--serial--xilinx_uartps.ko-ldv_main0_sequence_infinite_withcheck_stateful.cil.out.i line 3697 function xuartps_isr
Unwinding loop 2  iteration  2   file 32_1_cilled_ok_nondet_linux-3.4-32_1-drivers--tty--serial--xilinx_uartps.ko-ldv_main0_sequence_infinite_withcheck_stateful.cil.out.i line 3697 function xuartps_isr
Not unwinding 
Unwinding loop 7  iteration  1   file 32_1_cilled_ok_nondet_linux-3.4-32_1-drivers--tty--serial--xilinx_uartps.ko-ldv_main0_sequence_infinite_withcheck_stateful.cil.out.i line 5741 function main
Unwinding loop 4  iteration  1   file 32_1_cilled_ok_nondet_linux-3.4-32_1-drivers--tty--serial--xilinx_uartps.ko-ldv_main0_sequence_infinite_withcheck_stateful.cil.out.i line 4102 function xuartps_start_tx
Unwinding loop 4  iteration  2   file 32_1_cilled_ok_nondet_linux-3.4-32_1-drivers--tty--serial--xilinx_uartps.ko-ldv_main0_sequence_infinite_withcheck_stateful.cil.out.i line 4102 function xuartps_start_tx
Not unwinding 
Unwinding loop 5  iteration  1   file 32_1_cilled_ok_nondet_linux-3.4-32_1-drivers--tty--serial--xilinx_uartps.ko-ldv_main0_sequence_infinite_withcheck_stateful.cil.out.i line 4567 function xuartps_set_termios
Unwinding loop 5  iteration  2   file 32_1_cilled_ok_nondet_linux-3.4-32_1-drivers--tty--serial--xilinx_uartps.ko-ldv_main0_sequence_infinite_withcheck_stateful.cil.out.i line 4567 function xuartps_set_termios
Not unwinding 
Unwinding loop 3  iteration  1   file 32_1_cilled_ok_nondet_linux-3.4-32_1-drivers--tty--serial--xilinx_uartps.ko-ldv_main0_sequence_infinite_withcheck_stateful.cil.out.i line 3874 function xuartps_set_baud_rate
Unwinding loop 3  iteration  2   file 32_1_cilled_ok_nondet_linux-3.4-32_1-drivers--tty--serial--xilinx_uartps.ko-ldv_main0_sequence_infinite_withcheck_stateful.cil.out.i line 3874 function xuartps_set_baud_rate
Not unwinding 
Unwinding loop 6  iteration  1   file 32_1_cilled_ok_nondet_linux-3.4-32_1-drivers--tty--serial--xilinx_uartps.ko-ldv_main0_sequence_infinite_withcheck_stateful.cil.out.i line 5314 function xuartps_get_port
Unwinding loop 6  iteration  2   file 32_1_cilled_ok_nondet_linux-3.4-32_1-drivers--tty--serial--xilinx_uartps.ko-ldv_main0_sequence_infinite_withcheck_stateful.cil.out.i line 5314 function xuartps_get_port
Unwinding loop 1  iteration  1   file 32_1_cilled_ok_nondet_linux-3.4-32_1-drivers--tty--serial--xilinx_uartps.ko-ldv_main0_sequence_infinite_withcheck_stateful.cil.out.i line 3572 function xuartps_isr
Unwinding loop 1  iteration  2   file 32_1_cilled_ok_nondet_linux-3.4-32_1-drivers--tty--serial--xilinx_uartps.ko-ldv_main0_sequence_infinite_withcheck_stateful.cil.out.i line 3572 function xuartps_isr
Not unwinding 
Unwinding loop 2  iteration  1   file 32_1_cilled_ok_nondet_linux-3.4-32_1-drivers--tty--serial--xilinx_uartps.ko-ldv_main0_sequence_infinite_withcheck_stateful.cil.out.i line 3697 function xuartps_isr
Unwinding loop 2  iteration  2   file 32_1_cilled_ok_nondet_linux-3.4-32_1-drivers--tty--serial--xilinx_uartps.ko-ldv_main0_sequence_infinite_withcheck_stateful.cil.out.i line 3697 function xuartps_isr
Not unwinding 
Unwinding loop 7  iteration  2   file 32_1_cilled_ok_nondet_linux-3.4-32_1-drivers--tty--serial--xilinx_uartps.ko-ldv_main0_sequence_infinite_withcheck_stateful.cil.out.i line 5741 function main
Unwinding loop 4  iteration  1   file 32_1_cilled_ok_nondet_linux-3.4-32_1-drivers--tty--serial--xilinx_uartps.ko-ldv_main0_sequence_infinite_withcheck_stateful.cil.out.i line 4102 function xuartps_start_tx
Unwinding loop 4  iteration  2   file 32_1_cilled_ok_nondet_linux-3.4-32_1-drivers--tty--serial--xilinx_uartps.ko-ldv_main0_sequence_infinite_withcheck_stateful.cil.out.i line 4102 function xuartps_start_tx
Not unwinding 
Unwinding loop 5  iteration  1   file 32_1_cilled_ok_nondet_linux-3.4-32_1-drivers--tty--serial--xilinx_uartps.ko-ldv_main0_sequence_infinite_withcheck_stateful.cil.out.i line 4567 function xuartps_set_termios
Unwinding loop 5  iteration  2   file 32_1_cilled_ok_nondet_linux-3.4-32_1-drivers--tty--serial--xilinx_uartps.ko-ldv_main0_sequence_infinite_withcheck_stateful.cil.out.i line 4567 function xuartps_set_termios
Not unwinding 
Unwinding loop 3  iteration  1   file 32_1_cilled_ok_nondet_linux-3.4-32_1-drivers--tty--serial--xilinx_uartps.ko-ldv_main0_sequence_infinite_withcheck_stateful.cil.out.i line 3874 function xuartps_set_baud_rate
Unwinding loop 3  iteration  2   file 32_1_cilled_ok_nondet_linux-3.4-32_1-drivers--tty--serial--xilinx_uartps.ko-ldv_main0_sequence_infinite_withcheck_stateful.cil.out.i line 3874 function xuartps_set_baud_rate
Not unwinding 
Unwinding loop 6  iteration  1   file 32_1_cilled_ok_nondet_linux-3.4-32_1-drivers--tty--serial--xilinx_uartps.ko-ldv_main0_sequence_infinite_withcheck_stateful.cil.out.i line 5314 function xuartps_get_port
Unwinding loop 6  iteration  2   file 32_1_cilled_ok_nondet_linux-3.4-32_1-drivers--tty--serial--xilinx_uartps.ko-ldv_main0_sequence_infinite_withcheck_stateful.cil.out.i line 5314 function xuartps_get_port
Unwinding loop 1  iteration  1   file 32_1_cilled_ok_nondet_linux-3.4-32_1-drivers--tty--serial--xilinx_uartps.ko-ldv_main0_sequence_infinite_withcheck_stateful.cil.out.i line 3572 function xuartps_isr
Unwinding loop 1  iteration  2   file 32_1_cilled_ok_nondet_linux-3.4-32_1-drivers--tty--serial--xilinx_uartps.ko-ldv_main0_sequence_infinite_withcheck_stateful.cil.out.i line 3572 function xuartps_isr
Not unwinding 
Unwinding loop 2  iteration  1   file 32_1_cilled_ok_nondet_linux-3.4-32_1-drivers--tty--serial--xilinx_uartps.ko-ldv_main0_sequence_infinite_withcheck_stateful.cil.out.i line 3697 function xuartps_isr
Unwinding loop 2  iteration  2   file 32_1_cilled_ok_nondet_linux-3.4-32_1-drivers--tty--serial--xilinx_uartps.ko-ldv_main0_sequence_infinite_withcheck_stateful.cil.out.i line 3697 function xuartps_isr
Not unwinding 
Not unwinding 
Symex completed in: 2.732s (9319 assignments)
Slicing time: 0.072s (removed 8587 assignments)
Generated 16 VCC(s), 16 remaining after simplification (732 assignments)
No solver specified; defaulting to Boolector
Encoding remaining VCC(s) using bit-vector/floating-point arithmetic
Encoding to solver time: 0.046s
Solving with solver Boolector 3.2.1
Encoding to solver time: 0.046s
Runtime decision procedure: 11.266s
The forward condition is unable to prove the property
*** Checking inductive step, k = 3
Starting Bounded Model Checking
Unwinding loop 4  iteration  1   file 32_1_cilled_ok_nondet_linux-3.4-32_1-drivers--tty--serial--xilinx_uartps.ko-ldv_main0_sequence_infinite_withcheck_stateful.cil.out.i line 4102 function xuartps_start_tx
Unwinding loop 4  iteration  2   file 32_1_cilled_ok_nondet_linux-3.4-32_1-drivers--tty--serial--xilinx_uartps.ko-ldv_main0_sequence_infinite_withcheck_stateful.cil.out.i line 4102 function xuartps_start_tx
Not unwinding 
Unwinding loop 5  iteration  1   file 32_1_cilled_ok_nondet_linux-3.4-32_1-drivers--tty--serial--xilinx_uartps.ko-ldv_main0_sequence_infinite_withcheck_stateful.cil.out.i line 4567 function xuartps_set_termios
Unwinding loop 5  iteration  2   file 32_1_cilled_ok_nondet_linux-3.4-32_1-drivers--tty--serial--xilinx_uartps.ko-ldv_main0_sequence_infinite_withcheck_stateful.cil.out.i line 4567 function xuartps_set_termios
Not unwinding 
Unwinding loop 3  iteration  1   file 32_1_cilled_ok_nondet_linux-3.4-32_1-drivers--tty--serial--xilinx_uartps.ko-ldv_main0_sequence_infinite_withcheck_stateful.cil.out.i line 3874 function xuartps_set_baud_rate
Unwinding loop 3  iteration  2   file 32_1_cilled_ok_nondet_linux-3.4-32_1-drivers--tty--serial--xilinx_uartps.ko-ldv_main0_sequence_infinite_withcheck_stateful.cil.out.i line 3874 function xuartps_set_baud_rate
Not unwinding 
Unwinding loop 6  iteration  1   file 32_1_cilled_ok_nondet_linux-3.4-32_1-drivers--tty--serial--xilinx_uartps.ko-ldv_main0_sequence_infinite_withcheck_stateful.cil.out.i line 5314 function xuartps_get_port
Unwinding loop 6  iteration  2   file 32_1_cilled_ok_nondet_linux-3.4-32_1-drivers--tty--serial--xilinx_uartps.ko-ldv_main0_sequence_infinite_withcheck_stateful.cil.out.i line 5314 function xuartps_get_port
Not unwinding 
Unwinding loop 1  iteration  1   file 32_1_cilled_ok_nondet_linux-3.4-32_1-drivers--tty--serial--xilinx_uartps.ko-ldv_main0_sequence_infinite_withcheck_stateful.cil.out.i line 3572 function xuartps_isr
Unwinding loop 1  iteration  2   file 32_1_cilled_ok_nondet_linux-3.4-32_1-drivers--tty--serial--xilinx_uartps.ko-ldv_main0_sequence_infinite_withcheck_stateful.cil.out.i line 3572 function xuartps_isr
Not unwinding 
Unwinding loop 2  iteration  1   file 32_1_cilled_ok_nondet_linux-3.4-32_1-drivers--tty--serial--xilinx_uartps.ko-ldv_main0_sequence_infinite_withcheck_stateful.cil.out.i line 3697 function xuartps_isr
Unwinding loop 2  iteration  2   file 32_1_cilled_ok_nondet_linux-3.4-32_1-drivers--tty--serial--xilinx_uartps.ko-ldv_main0_sequence_infinite_withcheck_stateful.cil.out.i line 3697 function xuartps_isr
Not unwinding 
Unwinding loop 7  iteration  1   file 32_1_cilled_ok_nondet_linux-3.4-32_1-drivers--tty--serial--xilinx_uartps.ko-ldv_main0_sequence_infinite_withcheck_stateful.cil.out.i line 5741 function main
Unwinding loop 4  iteration  1   file 32_1_cilled_ok_nondet_linux-3.4-32_1-drivers--tty--serial--xilinx_uartps.ko-ldv_main0_sequence_infinite_withcheck_stateful.cil.out.i line 4102 function xuartps_start_tx
Unwinding loop 4  iteration  2   file 32_1_cilled_ok_nondet_linux-3.4-32_1-drivers--tty--serial--xilinx_uartps.ko-ldv_main0_sequence_infinite_withcheck_stateful.cil.out.i line 4102 function xuartps_start_tx
Not unwinding 
Unwinding loop 5  iteration  1   file 32_1_cilled_ok_nondet_linux-3.4-32_1-drivers--tty--serial--xilinx_uartps.ko-ldv_main0_sequence_infinite_withcheck_stateful.cil.out.i line 4567 function xuartps_set_termios
Unwinding loop 5  iteration  2   file 32_1_cilled_ok_nondet_linux-3.4-32_1-drivers--tty--serial--xilinx_uartps.ko-ldv_main0_sequence_infinite_withcheck_stateful.cil.out.i line 4567 function xuartps_set_termios
Not unwinding 
Unwinding loop 3  iteration  1   file 32_1_cilled_ok_nondet_linux-3.4-32_1-drivers--tty--serial--xilinx_uartps.ko-ldv_main0_sequence_infinite_withcheck_stateful.cil.out.i line 3874 function xuartps_set_baud_rate
Unwinding loop 3  iteration  2   file 32_1_cilled_ok_nondet_linux-3.4-32_1-drivers--tty--serial--xilinx_uartps.ko-ldv_main0_sequence_infinite_withcheck_stateful.cil.out.i line 3874 function xuartps_set_baud_rate
Not unwinding 
Unwinding loop 6  iteration  1   file 32_1_cilled_ok_nondet_linux-3.4-32_1-drivers--tty--serial--xilinx_uartps.ko-ldv_main0_sequence_infinite_withcheck_stateful.cil.out.i line 5314 function xuartps_get_port
Unwinding loop 6  iteration  2   file 32_1_cilled_ok_nondet_linux-3.4-32_1-drivers--tty--serial--xilinx_uartps.ko-ldv_main0_sequence_infinite_withcheck_stateful.cil.out.i line 5314 function xuartps_get_port
Not unwinding 
Unwinding loop 1  iteration  1   file 32_1_cilled_ok_nondet_linux-3.4-32_1-drivers--tty--serial--xilinx_uartps.ko-ldv_main0_sequence_infinite_withcheck_stateful.cil.out.i line 3572 function xuartps_isr
Unwinding loop 1  iteration  2   file 32_1_cilled_ok_nondet_linux-3.4-32_1-drivers--tty--serial--xilinx_uartps.ko-ldv_main0_sequence_infinite_withcheck_stateful.cil.out.i line 3572 function xuartps_isr
Not unwinding 
Unwinding loop 2  iteration  1   file 32_1_cilled_ok_nondet_linux-3.4-32_1-drivers--tty--serial--xilinx_uartps.ko-ldv_main0_sequence_infinite_withcheck_stateful.cil.out.i line 3697 function xuartps_isr
Unwinding loop 2  iteration  2   file 32_1_cilled_ok_nondet_linux-3.4-32_1-drivers--tty--serial--xilinx_uartps.ko-ldv_main0_sequence_infinite_withcheck_stateful.cil.out.i line 3697 function xuartps_isr
Not unwinding 
Unwinding loop 7  iteration  2   file 32_1_cilled_ok_nondet_linux-3.4-32_1-drivers--tty--serial--xilinx_uartps.ko-ldv_main0_sequence_infinite_withcheck_stateful.cil.out.i line 5741 function main
Unwinding loop 4  iteration  1   file 32_1_cilled_ok_nondet_linux-3.4-32_1-drivers--tty--serial--xilinx_uartps.ko-ldv_main0_sequence_infinite_withcheck_stateful.cil.out.i line 4102 function xuartps_start_tx
Unwinding loop 4  iteration  2   file 32_1_cilled_ok_nondet_linux-3.4-32_1-drivers--tty--serial--xilinx_uartps.ko-ldv_main0_sequence_infinite_withcheck_stateful.cil.out.i line 4102 function xuartps_start_tx
Not unwinding 
Unwinding loop 5  iteration  1   file 32_1_cilled_ok_nondet_linux-3.4-32_1-drivers--tty--serial--xilinx_uartps.ko-ldv_main0_sequence_infinite_withcheck_stateful.cil.out.i line 4567 function xuartps_set_termios
Unwinding loop 5  iteration  2   file 32_1_cilled_ok_nondet_linux-3.4-32_1-drivers--tty--serial--xilinx_uartps.ko-ldv_main0_sequence_infinite_withcheck_stateful.cil.out.i line 4567 function xuartps_set_termios
Not unwinding 
Unwinding loop 3  iteration  1   file 32_1_cilled_ok_nondet_linux-3.4-32_1-drivers--tty--serial--xilinx_uartps.ko-ldv_main0_sequence_infinite_withcheck_stateful.cil.out.i line 3874 function xuartps_set_baud_rate
Unwinding loop 3  iteration  2   file 32_1_cilled_ok_nondet_linux-3.4-32_1-drivers--tty--serial--xilinx_uartps.ko-ldv_main0_sequence_infinite_withcheck_stateful.cil.out.i line 3874 function xuartps_set_baud_rate
Not unwinding 
Unwinding loop 6  iteration  1   file 32_1_cilled_ok_nondet_linux-3.4-32_1-drivers--tty--serial--xilinx_uartps.ko-ldv_main0_sequence_infinite_withcheck_stateful.cil.out.i line 5314 function xuartps_get_port
Unwinding loop 6  iteration  2   file 32_1_cilled_ok_nondet_linux-3.4-32_1-drivers--tty--serial--xilinx_uartps.ko-ldv_main0_sequence_infinite_withcheck_stateful.cil.out.i line 5314 function xuartps_get_port
Not unwinding 
Unwinding loop 1  iteration  1   file 32_1_cilled_ok_nondet_linux-3.4-32_1-drivers--tty--serial--xilinx_uartps.ko-ldv_main0_sequence_infinite_withcheck_stateful.cil.out.i line 3572 function xuartps_isr
Unwinding loop 1  iteration  2   file 32_1_cilled_ok_nondet_linux-3.4-32_1-drivers--tty--serial--xilinx_uartps.ko-ldv_main0_sequence_infinite_withcheck_stateful.cil.out.i line 3572 function xuartps_isr
Not unwinding 
Unwinding loop 2  iteration  1   file 32_1_cilled_ok_nondet_linux-3.4-32_1-drivers--tty--serial--xilinx_uartps.ko-ldv_main0_sequence_infinite_withcheck_stateful.cil.out.i line 3697 function xuartps_isr
Unwinding loop 2  iteration  2   file 32_1_cilled_ok_nondet_linux-3.4-32_1-drivers--tty--serial--xilinx_uartps.ko-ldv_main0_sequence_infinite_withcheck_stateful.cil.out.i line 3697 function xuartps_isr
Not unwinding 
Not unwinding 
Symex completed in: 4.575s (12495 assignments)
Slicing time: 0.166s (removed 11120 assignments)
Generated 0 VCC(s), 0 remaining after simplification (1375 assignments)
BMC program time: 4.742s
Building successful trace

VERIFICATION SUCCESSFUL

Solution found by the inductive step (k = 3)

../sv-benchmarks/c/ldv-linux-3.4-simple/32_1_cilled_ok_nondet_linux-3.4-32_1-drivers--tty--serial--xilinx_uartps.ko-ldv_main0_sequence_infinite_withcheck_stateful.cil.out.i:5623:133: warning: incompatible function pointer types initializing 'int (*)(struct platform_device *, pm_message_t)' (aka 'int (*)(struct platform_device *, struct pm_message)') with an expression of type 'int (*)(struct platform_device *, int)' [-Wincompatible-function-pointer-types]
static struct platform_driver xuartps_platform_driver = {& xuartps_probe, & xuartps_remove, (void (*)(struct platform_device * ))0, & xuartps_suspend,
                                                                                                                                    ^~~~~~~~~~~~~~~~~
../sv-benchmarks/c/ldv-linux-3.4-simple/32_1_cilled_ok_nondet_linux-3.4-32_1-drivers--tty--serial--xilinx_uartps.ko-ldv_main0_sequence_infinite_withcheck_stateful.cil.out.i:5711:1: warning: return type of 'main' is not 'int' [-Wmain-return-type]
void main(void)
^
../sv-benchmarks/c/ldv-linux-3.4-simple/32_1_cilled_ok_nondet_linux-3.4-32_1-drivers--tty--serial--xilinx_uartps.ko-ldv_main0_sequence_infinite_withcheck_stateful.cil.out.i:5711:1: note: change return type to 'int'
void main(void)
^~~~
int

TRUE
