./esbmc-wrapper.py -p ../sv-benchmarks/c/properties/unreach-call.prp -s kinduction --arch 64 ../sv-benchmarks/c/ldv-linux-3.4-simple/43_1a_cilled_ok_nondet_linux-43_1a-drivers--watchdog--wdt_pci.ko-ldv_main0_sequence_infinite_withcheck_stateful.cil.out.i


--------------------------------------------------------------------------------


Verifying with ESBMC
Command: ./esbmc --no-div-by-zero-check --force-malloc-success --state-hashing --no-align-check --k-step 2 --floatbv --unlimited-k-steps ../sv-benchmarks/c/ldv-linux-3.4-simple/43_1a_cilled_ok_nondet_linux-43_1a-drivers--watchdog--wdt_pci.ko-ldv_main0_sequence_infinite_withcheck_stateful.cil.out.i --64 --witness-output 43_1a_cilled_ok_nondet_linux-43_1a-drivers--watchdog--wdt_pci.ko-ldv_main0_sequence_infinite_withcheck_stateful.cil.out.i.graphml --no-pointer-check --no-bounds-check --interval-analysis --k-induction --max-inductive-step 3 
ESBMC version 6.8.0 64-bit x86_64 linux
Target: 64-bit little-endian x86_64-unknown-linux with esbmc libc
file ../sv-benchmarks/c/ldv-linux-3.4-simple/43_1a_cilled_ok_nondet_linux-43_1a-drivers--watchdog--wdt_pci.ko-ldv_main0_sequence_infinite_withcheck_stateful.cil.out.i: Parsing
Converting
Generating GOTO Program
GOTO program creation time: 0.458s
GOTO program processing time: 0.066s
*** Checking base case, k = 1
Starting Bounded Model Checking
Not unwinding 
Symex completed in: 0.011s (46 assignments)
Slicing time: 0.000s (removed 38 assignments)
Generated 0 VCC(s), 0 remaining after simplification (8 assignments)
BMC program time: 0.011s
No bug has been found in the base case
*** Checking forward condition, k = 1
Starting Bounded Model Checking
Not unwinding 
Symex completed in: 0.011s (46 assignments)
Slicing time: 0.000s (removed 38 assignments)
Generated 1 VCC(s), 1 remaining after simplification (8 assignments)
No solver specified; defaulting to Boolector
Encoding remaining VCC(s) using bit-vector/floating-point arithmetic
Encoding to solver time: 0.000s
Solving with solver Boolector 3.2.1
Encoding to solver time: 0.000s
Runtime decision procedure: 0.002s
The forward condition is unable to prove the property
*** Checking base case, k = 3
Starting Bounded Model Checking
Unwinding loop 3  iteration  1   file 43_1a_cilled_ok_nondet_linux-43_1a-drivers--watchdog--wdt_pci.ko-ldv_main0_sequence_infinite_withcheck_stateful.cil.out.i line 3830 function main
Unwinding loop 2  iteration  1   file 43_1a_cilled_ok_nondet_linux-43_1a-drivers--watchdog--wdt_pci.ko-ldv_main0_sequence_infinite_withcheck_stateful.cil.out.i line 3551 function wdtpci_init_one
Unwinding loop 3  iteration  2   file 43_1a_cilled_ok_nondet_linux-43_1a-drivers--watchdog--wdt_pci.ko-ldv_main0_sequence_infinite_withcheck_stateful.cil.out.i line 3830 function main
Unwinding loop 2  iteration  1   file 43_1a_cilled_ok_nondet_linux-43_1a-drivers--watchdog--wdt_pci.ko-ldv_main0_sequence_infinite_withcheck_stateful.cil.out.i line 3551 function wdtpci_init_one
Not unwinding 
Unwinding loop 4  iteration  1   file 43_1a_cilled_ok_nondet_linux-43_1a-drivers--watchdog--wdt_pci.ko-ldv_main0_sequence_infinite_withcheck_stateful.cil.out.i line 3833 function main
Unwinding loop 2  iteration  1   file 43_1a_cilled_ok_nondet_linux-43_1a-drivers--watchdog--wdt_pci.ko-ldv_main0_sequence_infinite_withcheck_stateful.cil.out.i line 3551 function wdtpci_init_one
Unwinding loop 3  iteration  1   file 43_1a_cilled_ok_nondet_linux-43_1a-drivers--watchdog--wdt_pci.ko-ldv_main0_sequence_infinite_withcheck_stateful.cil.out.i line 3830 function main
Unwinding loop 2  iteration  1   file 43_1a_cilled_ok_nondet_linux-43_1a-drivers--watchdog--wdt_pci.ko-ldv_main0_sequence_infinite_withcheck_stateful.cil.out.i line 3551 function wdtpci_init_one
Unwinding loop 3  iteration  2   file 43_1a_cilled_ok_nondet_linux-43_1a-drivers--watchdog--wdt_pci.ko-ldv_main0_sequence_infinite_withcheck_stateful.cil.out.i line 3830 function main
Unwinding loop 2  iteration  1   file 43_1a_cilled_ok_nondet_linux-43_1a-drivers--watchdog--wdt_pci.ko-ldv_main0_sequence_infinite_withcheck_stateful.cil.out.i line 3551 function wdtpci_init_one
Not unwinding 
Unwinding loop 4  iteration  2   file 43_1a_cilled_ok_nondet_linux-43_1a-drivers--watchdog--wdt_pci.ko-ldv_main0_sequence_infinite_withcheck_stateful.cil.out.i line 3833 function main
Unwinding loop 2  iteration  1   file 43_1a_cilled_ok_nondet_linux-43_1a-drivers--watchdog--wdt_pci.ko-ldv_main0_sequence_infinite_withcheck_stateful.cil.out.i line 3551 function wdtpci_init_one
Unwinding loop 3  iteration  1   file 43_1a_cilled_ok_nondet_linux-43_1a-drivers--watchdog--wdt_pci.ko-ldv_main0_sequence_infinite_withcheck_stateful.cil.out.i line 3830 function main
Unwinding loop 2  iteration  1   file 43_1a_cilled_ok_nondet_linux-43_1a-drivers--watchdog--wdt_pci.ko-ldv_main0_sequence_infinite_withcheck_stateful.cil.out.i line 3551 function wdtpci_init_one
Unwinding loop 3  iteration  2   file 43_1a_cilled_ok_nondet_linux-43_1a-drivers--watchdog--wdt_pci.ko-ldv_main0_sequence_infinite_withcheck_stateful.cil.out.i line 3830 function main
Unwinding loop 2  iteration  1   file 43_1a_cilled_ok_nondet_linux-43_1a-drivers--watchdog--wdt_pci.ko-ldv_main0_sequence_infinite_withcheck_stateful.cil.out.i line 3551 function wdtpci_init_one
Not unwinding 
Not unwinding 
Unwinding loop 5  iteration  1   file 43_1a_cilled_ok_nondet_linux-43_1a-drivers--watchdog--wdt_pci.ko-ldv_main0_sequence_infinite_withcheck_stateful.cil.out.i line 3836 function main
Unwinding loop 2  iteration  1   file 43_1a_cilled_ok_nondet_linux-43_1a-drivers--watchdog--wdt_pci.ko-ldv_main0_sequence_infinite_withcheck_stateful.cil.out.i line 3551 function wdtpci_init_one
Unwinding loop 3  iteration  1   file 43_1a_cilled_ok_nondet_linux-43_1a-drivers--watchdog--wdt_pci.ko-ldv_main0_sequence_infinite_withcheck_stateful.cil.out.i line 3830 function main
Unwinding loop 2  iteration  1   file 43_1a_cilled_ok_nondet_linux-43_1a-drivers--watchdog--wdt_pci.ko-ldv_main0_sequence_infinite_withcheck_stateful.cil.out.i line 3551 function wdtpci_init_one
Unwinding loop 3  iteration  2   file 43_1a_cilled_ok_nondet_linux-43_1a-drivers--watchdog--wdt_pci.ko-ldv_main0_sequence_infinite_withcheck_stateful.cil.out.i line 3830 function main
Unwinding loop 2  iteration  1   file 43_1a_cilled_ok_nondet_linux-43_1a-drivers--watchdog--wdt_pci.ko-ldv_main0_sequence_infinite_withcheck_stateful.cil.out.i line 3551 function wdtpci_init_one
Not unwinding 
Unwinding loop 4  iteration  1   file 43_1a_cilled_ok_nondet_linux-43_1a-drivers--watchdog--wdt_pci.ko-ldv_main0_sequence_infinite_withcheck_stateful.cil.out.i line 3833 function main
Unwinding loop 2  iteration  1   file 43_1a_cilled_ok_nondet_linux-43_1a-drivers--watchdog--wdt_pci.ko-ldv_main0_sequence_infinite_withcheck_stateful.cil.out.i line 3551 function wdtpci_init_one
Unwinding loop 3  iteration  1   file 43_1a_cilled_ok_nondet_linux-43_1a-drivers--watchdog--wdt_pci.ko-ldv_main0_sequence_infinite_withcheck_stateful.cil.out.i line 3830 function main
Unwinding loop 2  iteration  1   file 43_1a_cilled_ok_nondet_linux-43_1a-drivers--watchdog--wdt_pci.ko-ldv_main0_sequence_infinite_withcheck_stateful.cil.out.i line 3551 function wdtpci_init_one
Unwinding loop 3  iteration  2   file 43_1a_cilled_ok_nondet_linux-43_1a-drivers--watchdog--wdt_pci.ko-ldv_main0_sequence_infinite_withcheck_stateful.cil.out.i line 3830 function main
Unwinding loop 2  iteration  1   file 43_1a_cilled_ok_nondet_linux-43_1a-drivers--watchdog--wdt_pci.ko-ldv_main0_sequence_infinite_withcheck_stateful.cil.out.i line 3551 function wdtpci_init_one
Not unwinding 
Unwinding loop 4  iteration  2   file 43_1a_cilled_ok_nondet_linux-43_1a-drivers--watchdog--wdt_pci.ko-ldv_main0_sequence_infinite_withcheck_stateful.cil.out.i line 3833 function main
Unwinding loop 2  iteration  1   file 43_1a_cilled_ok_nondet_linux-43_1a-drivers--watchdog--wdt_pci.ko-ldv_main0_sequence_infinite_withcheck_stateful.cil.out.i line 3551 function wdtpci_init_one
Unwinding loop 3  iteration  1   file 43_1a_cilled_ok_nondet_linux-43_1a-drivers--watchdog--wdt_pci.ko-ldv_main0_sequence_infinite_withcheck_stateful.cil.out.i line 3830 function main
Unwinding loop 2  iteration  1   file 43_1a_cilled_ok_nondet_linux-43_1a-drivers--watchdog--wdt_pci.ko-ldv_main0_sequence_infinite_withcheck_stateful.cil.out.i line 3551 function wdtpci_init_one
Unwinding loop 3  iteration  2   file 43_1a_cilled_ok_nondet_linux-43_1a-drivers--watchdog--wdt_pci.ko-ldv_main0_sequence_infinite_withcheck_stateful.cil.out.i line 3830 function main
Unwinding loop 2  iteration  1   file 43_1a_cilled_ok_nondet_linux-43_1a-drivers--watchdog--wdt_pci.ko-ldv_main0_sequence_infinite_withcheck_stateful.cil.out.i line 3551 function wdtpci_init_one
Not unwinding 
Not unwinding 
Unwinding loop 5  iteration  2   file 43_1a_cilled_ok_nondet_linux-43_1a-drivers--watchdog--wdt_pci.ko-ldv_main0_sequence_infinite_withcheck_stateful.cil.out.i line 3836 function main
Unwinding loop 2  iteration  1   file 43_1a_cilled_ok_nondet_linux-43_1a-drivers--watchdog--wdt_pci.ko-ldv_main0_sequence_infinite_withcheck_stateful.cil.out.i line 3551 function wdtpci_init_one
Unwinding loop 3  iteration  1   file 43_1a_cilled_ok_nondet_linux-43_1a-drivers--watchdog--wdt_pci.ko-ldv_main0_sequence_infinite_withcheck_stateful.cil.out.i line 3830 function main
Unwinding loop 2  iteration  1   file 43_1a_cilled_ok_nondet_linux-43_1a-drivers--watchdog--wdt_pci.ko-ldv_main0_sequence_infinite_withcheck_stateful.cil.out.i line 3551 function wdtpci_init_one
Unwinding loop 3  iteration  2   file 43_1a_cilled_ok_nondet_linux-43_1a-drivers--watchdog--wdt_pci.ko-ldv_main0_sequence_infinite_withcheck_stateful.cil.out.i line 3830 function main
Unwinding loop 2  iteration  1   file 43_1a_cilled_ok_nondet_linux-43_1a-drivers--watchdog--wdt_pci.ko-ldv_main0_sequence_infinite_withcheck_stateful.cil.out.i line 3551 function wdtpci_init_one
Not unwinding 
Unwinding loop 4  iteration  1   file 43_1a_cilled_ok_nondet_linux-43_1a-drivers--watchdog--wdt_pci.ko-ldv_main0_sequence_infinite_withcheck_stateful.cil.out.i line 3833 function main
Unwinding loop 2  iteration  1   file 43_1a_cilled_ok_nondet_linux-43_1a-drivers--watchdog--wdt_pci.ko-ldv_main0_sequence_infinite_withcheck_stateful.cil.out.i line 3551 function wdtpci_init_one
Unwinding loop 3  iteration  1   file 43_1a_cilled_ok_nondet_linux-43_1a-drivers--watchdog--wdt_pci.ko-ldv_main0_sequence_infinite_withcheck_stateful.cil.out.i line 3830 function main
Unwinding loop 2  iteration  1   file 43_1a_cilled_ok_nondet_linux-43_1a-drivers--watchdog--wdt_pci.ko-ldv_main0_sequence_infinite_withcheck_stateful.cil.out.i line 3551 function wdtpci_init_one
Unwinding loop 3  iteration  2   file 43_1a_cilled_ok_nondet_linux-43_1a-drivers--watchdog--wdt_pci.ko-ldv_main0_sequence_infinite_withcheck_stateful.cil.out.i line 3830 function main
Unwinding loop 2  iteration  1   file 43_1a_cilled_ok_nondet_linux-43_1a-drivers--watchdog--wdt_pci.ko-ldv_main0_sequence_infinite_withcheck_stateful.cil.out.i line 3551 function wdtpci_init_one
Not unwinding 
Unwinding loop 4  iteration  2   file 43_1a_cilled_ok_nondet_linux-43_1a-drivers--watchdog--wdt_pci.ko-ldv_main0_sequence_infinite_withcheck_stateful.cil.out.i line 3833 function main
Unwinding loop 2  iteration  1   file 43_1a_cilled_ok_nondet_linux-43_1a-drivers--watchdog--wdt_pci.ko-ldv_main0_sequence_infinite_withcheck_stateful.cil.out.i line 3551 function wdtpci_init_one
Unwinding loop 3  iteration  1   file 43_1a_cilled_ok_nondet_linux-43_1a-drivers--watchdog--wdt_pci.ko-ldv_main0_sequence_infinite_withcheck_stateful.cil.out.i line 3830 function main
Unwinding loop 2  iteration  1   file 43_1a_cilled_ok_nondet_linux-43_1a-drivers--watchdog--wdt_pci.ko-ldv_main0_sequence_infinite_withcheck_stateful.cil.out.i line 3551 function wdtpci_init_one
Unwinding loop 3  iteration  2   file 43_1a_cilled_ok_nondet_linux-43_1a-drivers--watchdog--wdt_pci.ko-ldv_main0_sequence_infinite_withcheck_stateful.cil.out.i line 3830 function main
Unwinding loop 2  iteration  1   file 43_1a_cilled_ok_nondet_linux-43_1a-drivers--watchdog--wdt_pci.ko-ldv_main0_sequence_infinite_withcheck_stateful.cil.out.i line 3551 function wdtpci_init_one
Not unwinding 
Not unwinding 
Not unwinding 
Symex completed in: 22.604s (36042 assignments)
Slicing time: 1.043s (removed 32786 assignments)
Generated 0 VCC(s), 0 remaining after simplification (3256 assignments)
BMC program time: 23.647s
No bug has been found in the base case
*** Checking forward condition, k = 3
Starting Bounded Model Checking
Unwinding loop 3  iteration  1   file 43_1a_cilled_ok_nondet_linux-43_1a-drivers--watchdog--wdt_pci.ko-ldv_main0_sequence_infinite_withcheck_stateful.cil.out.i line 3830 function main
Unwinding loop 2  iteration  1   file 43_1a_cilled_ok_nondet_linux-43_1a-drivers--watchdog--wdt_pci.ko-ldv_main0_sequence_infinite_withcheck_stateful.cil.out.i line 3551 function wdtpci_init_one
Unwinding loop 3  iteration  2   file 43_1a_cilled_ok_nondet_linux-43_1a-drivers--watchdog--wdt_pci.ko-ldv_main0_sequence_infinite_withcheck_stateful.cil.out.i line 3830 function main
Unwinding loop 2  iteration  1   file 43_1a_cilled_ok_nondet_linux-43_1a-drivers--watchdog--wdt_pci.ko-ldv_main0_sequence_infinite_withcheck_stateful.cil.out.i line 3551 function wdtpci_init_one
Not unwinding 
Unwinding loop 4  iteration  1   file 43_1a_cilled_ok_nondet_linux-43_1a-drivers--watchdog--wdt_pci.ko-ldv_main0_sequence_infinite_withcheck_stateful.cil.out.i line 3833 function main
Unwinding loop 2  iteration  1   file 43_1a_cilled_ok_nondet_linux-43_1a-drivers--watchdog--wdt_pci.ko-ldv_main0_sequence_infinite_withcheck_stateful.cil.out.i line 3551 function wdtpci_init_one
Unwinding loop 3  iteration  1   file 43_1a_cilled_ok_nondet_linux-43_1a-drivers--watchdog--wdt_pci.ko-ldv_main0_sequence_infinite_withcheck_stateful.cil.out.i line 3830 function main
Unwinding loop 2  iteration  1   file 43_1a_cilled_ok_nondet_linux-43_1a-drivers--watchdog--wdt_pci.ko-ldv_main0_sequence_infinite_withcheck_stateful.cil.out.i line 3551 function wdtpci_init_one
Unwinding loop 3  iteration  2   file 43_1a_cilled_ok_nondet_linux-43_1a-drivers--watchdog--wdt_pci.ko-ldv_main0_sequence_infinite_withcheck_stateful.cil.out.i line 3830 function main
Unwinding loop 2  iteration  1   file 43_1a_cilled_ok_nondet_linux-43_1a-drivers--watchdog--wdt_pci.ko-ldv_main0_sequence_infinite_withcheck_stateful.cil.out.i line 3551 function wdtpci_init_one
Not unwinding 
Unwinding loop 4  iteration  2   file 43_1a_cilled_ok_nondet_linux-43_1a-drivers--watchdog--wdt_pci.ko-ldv_main0_sequence_infinite_withcheck_stateful.cil.out.i line 3833 function main
Unwinding loop 2  iteration  1   file 43_1a_cilled_ok_nondet_linux-43_1a-drivers--watchdog--wdt_pci.ko-ldv_main0_sequence_infinite_withcheck_stateful.cil.out.i line 3551 function wdtpci_init_one
Unwinding loop 3  iteration  1   file 43_1a_cilled_ok_nondet_linux-43_1a-drivers--watchdog--wdt_pci.ko-ldv_main0_sequence_infinite_withcheck_stateful.cil.out.i line 3830 function main
Unwinding loop 2  iteration  1   file 43_1a_cilled_ok_nondet_linux-43_1a-drivers--watchdog--wdt_pci.ko-ldv_main0_sequence_infinite_withcheck_stateful.cil.out.i line 3551 function wdtpci_init_one
Unwinding loop 3  iteration  2   file 43_1a_cilled_ok_nondet_linux-43_1a-drivers--watchdog--wdt_pci.ko-ldv_main0_sequence_infinite_withcheck_stateful.cil.out.i line 3830 function main
Unwinding loop 2  iteration  1   file 43_1a_cilled_ok_nondet_linux-43_1a-drivers--watchdog--wdt_pci.ko-ldv_main0_sequence_infinite_withcheck_stateful.cil.out.i line 3551 function wdtpci_init_one
Not unwinding 
Not unwinding 
Unwinding loop 5  iteration  1   file 43_1a_cilled_ok_nondet_linux-43_1a-drivers--watchdog--wdt_pci.ko-ldv_main0_sequence_infinite_withcheck_stateful.cil.out.i line 3836 function main
Unwinding loop 2  iteration  1   file 43_1a_cilled_ok_nondet_linux-43_1a-drivers--watchdog--wdt_pci.ko-ldv_main0_sequence_infinite_withcheck_stateful.cil.out.i line 3551 function wdtpci_init_one
Unwinding loop 3  iteration  1   file 43_1a_cilled_ok_nondet_linux-43_1a-drivers--watchdog--wdt_pci.ko-ldv_main0_sequence_infinite_withcheck_stateful.cil.out.i line 3830 function main
Unwinding loop 2  iteration  1   file 43_1a_cilled_ok_nondet_linux-43_1a-drivers--watchdog--wdt_pci.ko-ldv_main0_sequence_infinite_withcheck_stateful.cil.out.i line 3551 function wdtpci_init_one
Unwinding loop 3  iteration  2   file 43_1a_cilled_ok_nondet_linux-43_1a-drivers--watchdog--wdt_pci.ko-ldv_main0_sequence_infinite_withcheck_stateful.cil.out.i line 3830 function main
Unwinding loop 2  iteration  1   file 43_1a_cilled_ok_nondet_linux-43_1a-drivers--watchdog--wdt_pci.ko-ldv_main0_sequence_infinite_withcheck_stateful.cil.out.i line 3551 function wdtpci_init_one
Not unwinding 
Unwinding loop 4  iteration  1   file 43_1a_cilled_ok_nondet_linux-43_1a-drivers--watchdog--wdt_pci.ko-ldv_main0_sequence_infinite_withcheck_stateful.cil.out.i line 3833 function main
Unwinding loop 2  iteration  1   file 43_1a_cilled_ok_nondet_linux-43_1a-drivers--watchdog--wdt_pci.ko-ldv_main0_sequence_infinite_withcheck_stateful.cil.out.i line 3551 function wdtpci_init_one
Unwinding loop 3  iteration  1   file 43_1a_cilled_ok_nondet_linux-43_1a-drivers--watchdog--wdt_pci.ko-ldv_main0_sequence_infinite_withcheck_stateful.cil.out.i line 3830 function main
Unwinding loop 2  iteration  1   file 43_1a_cilled_ok_nondet_linux-43_1a-drivers--watchdog--wdt_pci.ko-ldv_main0_sequence_infinite_withcheck_stateful.cil.out.i line 3551 function wdtpci_init_one
Unwinding loop 3  iteration  2   file 43_1a_cilled_ok_nondet_linux-43_1a-drivers--watchdog--wdt_pci.ko-ldv_main0_sequence_infinite_withcheck_stateful.cil.out.i line 3830 function main
Unwinding loop 2  iteration  1   file 43_1a_cilled_ok_nondet_linux-43_1a-drivers--watchdog--wdt_pci.ko-ldv_main0_sequence_infinite_withcheck_stateful.cil.out.i line 3551 function wdtpci_init_one
Not unwinding 
Unwinding loop 4  iteration  2   file 43_1a_cilled_ok_nondet_linux-43_1a-drivers--watchdog--wdt_pci.ko-ldv_main0_sequence_infinite_withcheck_stateful.cil.out.i line 3833 function main
Unwinding loop 2  iteration  1   file 43_1a_cilled_ok_nondet_linux-43_1a-drivers--watchdog--wdt_pci.ko-ldv_main0_sequence_infinite_withcheck_stateful.cil.out.i line 3551 function wdtpci_init_one
Unwinding loop 3  iteration  1   file 43_1a_cilled_ok_nondet_linux-43_1a-drivers--watchdog--wdt_pci.ko-ldv_main0_sequence_infinite_withcheck_stateful.cil.out.i line 3830 function main
Unwinding loop 2  iteration  1   file 43_1a_cilled_ok_nondet_linux-43_1a-drivers--watchdog--wdt_pci.ko-ldv_main0_sequence_infinite_withcheck_stateful.cil.out.i line 3551 function wdtpci_init_one
Unwinding loop 3  iteration  2   file 43_1a_cilled_ok_nondet_linux-43_1a-drivers--watchdog--wdt_pci.ko-ldv_main0_sequence_infinite_withcheck_stateful.cil.out.i line 3830 function main
Unwinding loop 2  iteration  1   file 43_1a_cilled_ok_nondet_linux-43_1a-drivers--watchdog--wdt_pci.ko-ldv_main0_sequence_infinite_withcheck_stateful.cil.out.i line 3551 function wdtpci_init_one
Not unwinding 
Not unwinding 
Unwinding loop 5  iteration  2   file 43_1a_cilled_ok_nondet_linux-43_1a-drivers--watchdog--wdt_pci.ko-ldv_main0_sequence_infinite_withcheck_stateful.cil.out.i line 3836 function main
Unwinding loop 2  iteration  1   file 43_1a_cilled_ok_nondet_linux-43_1a-drivers--watchdog--wdt_pci.ko-ldv_main0_sequence_infinite_withcheck_stateful.cil.out.i line 3551 function wdtpci_init_one
Unwinding loop 3  iteration  1   file 43_1a_cilled_ok_nondet_linux-43_1a-drivers--watchdog--wdt_pci.ko-ldv_main0_sequence_infinite_withcheck_stateful.cil.out.i line 3830 function main
Unwinding loop 2  iteration  1   file 43_1a_cilled_ok_nondet_linux-43_1a-drivers--watchdog--wdt_pci.ko-ldv_main0_sequence_infinite_withcheck_stateful.cil.out.i line 3551 function wdtpci_init_one
Unwinding loop 3  iteration  2   file 43_1a_cilled_ok_nondet_linux-43_1a-drivers--watchdog--wdt_pci.ko-ldv_main0_sequence_infinite_withcheck_stateful.cil.out.i line 3830 function main
Unwinding loop 2  iteration  1   file 43_1a_cilled_ok_nondet_linux-43_1a-drivers--watchdog--wdt_pci.ko-ldv_main0_sequence_infinite_withcheck_stateful.cil.out.i line 3551 function wdtpci_init_one
Not unwinding 
Unwinding loop 4  iteration  1   file 43_1a_cilled_ok_nondet_linux-43_1a-drivers--watchdog--wdt_pci.ko-ldv_main0_sequence_infinite_withcheck_stateful.cil.out.i line 3833 function main
Unwinding loop 2  iteration  1   file 43_1a_cilled_ok_nondet_linux-43_1a-drivers--watchdog--wdt_pci.ko-ldv_main0_sequence_infinite_withcheck_stateful.cil.out.i line 3551 function wdtpci_init_one
Unwinding loop 3  iteration  1   file 43_1a_cilled_ok_nondet_linux-43_1a-drivers--watchdog--wdt_pci.ko-ldv_main0_sequence_infinite_withcheck_stateful.cil.out.i line 3830 function main
Unwinding loop 2  iteration  1   file 43_1a_cilled_ok_nondet_linux-43_1a-drivers--watchdog--wdt_pci.ko-ldv_main0_sequence_infinite_withcheck_stateful.cil.out.i line 3551 function wdtpci_init_one
Unwinding loop 3  iteration  2   file 43_1a_cilled_ok_nondet_linux-43_1a-drivers--watchdog--wdt_pci.ko-ldv_main0_sequence_infinite_withcheck_stateful.cil.out.i line 3830 function main
Unwinding loop 2  iteration  1   file 43_1a_cilled_ok_nondet_linux-43_1a-drivers--watchdog--wdt_pci.ko-ldv_main0_sequence_infinite_withcheck_stateful.cil.out.i line 3551 function wdtpci_init_one
Not unwinding 
Unwinding loop 4  iteration  2   file 43_1a_cilled_ok_nondet_linux-43_1a-drivers--watchdog--wdt_pci.ko-ldv_main0_sequence_infinite_withcheck_stateful.cil.out.i line 3833 function main
Unwinding loop 2  iteration  1   file 43_1a_cilled_ok_nondet_linux-43_1a-drivers--watchdog--wdt_pci.ko-ldv_main0_sequence_infinite_withcheck_stateful.cil.out.i line 3551 function wdtpci_init_one
Unwinding loop 3  iteration  1   file 43_1a_cilled_ok_nondet_linux-43_1a-drivers--watchdog--wdt_pci.ko-ldv_main0_sequence_infinite_withcheck_stateful.cil.out.i line 3830 function main
Unwinding loop 2  iteration  1   file 43_1a_cilled_ok_nondet_linux-43_1a-drivers--watchdog--wdt_pci.ko-ldv_main0_sequence_infinite_withcheck_stateful.cil.out.i line 3551 function wdtpci_init_one
Unwinding loop 3  iteration  2   file 43_1a_cilled_ok_nondet_linux-43_1a-drivers--watchdog--wdt_pci.ko-ldv_main0_sequence_infinite_withcheck_stateful.cil.out.i line 3830 function main
Unwinding loop 2  iteration  1   file 43_1a_cilled_ok_nondet_linux-43_1a-drivers--watchdog--wdt_pci.ko-ldv_main0_sequence_infinite_withcheck_stateful.cil.out.i line 3551 function wdtpci_init_one
Not unwinding 
Not unwinding 
Not unwinding 
Symex completed in: 24.834s (36042 assignments)
Slicing time: 0.920s (removed 32786 assignments)
Generated 13 VCC(s), 13 remaining after simplification (3256 assignments)
No solver specified; defaulting to Boolector
Encoding remaining VCC(s) using bit-vector/floating-point arithmetic
Encoding to solver time: 0.088s
Solving with solver Boolector 3.2.1
Encoding to solver time: 0.088s
Runtime decision procedure: 1.122s
The forward condition is unable to prove the property
*** Checking inductive step, k = 3
Starting Bounded Model Checking
Unwinding loop 3  iteration  1   file 43_1a_cilled_ok_nondet_linux-43_1a-drivers--watchdog--wdt_pci.ko-ldv_main0_sequence_infinite_withcheck_stateful.cil.out.i line 3830 function main
Unwinding loop 2  iteration  1   file 43_1a_cilled_ok_nondet_linux-43_1a-drivers--watchdog--wdt_pci.ko-ldv_main0_sequence_infinite_withcheck_stateful.cil.out.i line 3551 function wdtpci_init_one
Unwinding loop 3  iteration  2   file 43_1a_cilled_ok_nondet_linux-43_1a-drivers--watchdog--wdt_pci.ko-ldv_main0_sequence_infinite_withcheck_stateful.cil.out.i line 3830 function main
Unwinding loop 2  iteration  1   file 43_1a_cilled_ok_nondet_linux-43_1a-drivers--watchdog--wdt_pci.ko-ldv_main0_sequence_infinite_withcheck_stateful.cil.out.i line 3551 function wdtpci_init_one
Not unwinding 
Unwinding loop 4  iteration  1   file 43_1a_cilled_ok_nondet_linux-43_1a-drivers--watchdog--wdt_pci.ko-ldv_main0_sequence_infinite_withcheck_stateful.cil.out.i line 3833 function main
Unwinding loop 2  iteration  1   file 43_1a_cilled_ok_nondet_linux-43_1a-drivers--watchdog--wdt_pci.ko-ldv_main0_sequence_infinite_withcheck_stateful.cil.out.i line 3551 function wdtpci_init_one
Unwinding loop 3  iteration  1   file 43_1a_cilled_ok_nondet_linux-43_1a-drivers--watchdog--wdt_pci.ko-ldv_main0_sequence_infinite_withcheck_stateful.cil.out.i line 3830 function main
Unwinding loop 2  iteration  1   file 43_1a_cilled_ok_nondet_linux-43_1a-drivers--watchdog--wdt_pci.ko-ldv_main0_sequence_infinite_withcheck_stateful.cil.out.i line 3551 function wdtpci_init_one
Unwinding loop 3  iteration  2   file 43_1a_cilled_ok_nondet_linux-43_1a-drivers--watchdog--wdt_pci.ko-ldv_main0_sequence_infinite_withcheck_stateful.cil.out.i line 3830 function main
Unwinding loop 2  iteration  1   file 43_1a_cilled_ok_nondet_linux-43_1a-drivers--watchdog--wdt_pci.ko-ldv_main0_sequence_infinite_withcheck_stateful.cil.out.i line 3551 function wdtpci_init_one
Not unwinding 
Unwinding loop 4  iteration  2   file 43_1a_cilled_ok_nondet_linux-43_1a-drivers--watchdog--wdt_pci.ko-ldv_main0_sequence_infinite_withcheck_stateful.cil.out.i line 3833 function main
Unwinding loop 2  iteration  1   file 43_1a_cilled_ok_nondet_linux-43_1a-drivers--watchdog--wdt_pci.ko-ldv_main0_sequence_infinite_withcheck_stateful.cil.out.i line 3551 function wdtpci_init_one
Unwinding loop 3  iteration  1   file 43_1a_cilled_ok_nondet_linux-43_1a-drivers--watchdog--wdt_pci.ko-ldv_main0_sequence_infinite_withcheck_stateful.cil.out.i line 3830 function main
Unwinding loop 2  iteration  1   file 43_1a_cilled_ok_nondet_linux-43_1a-drivers--watchdog--wdt_pci.ko-ldv_main0_sequence_infinite_withcheck_stateful.cil.out.i line 3551 function wdtpci_init_one
Unwinding loop 3  iteration  2   file 43_1a_cilled_ok_nondet_linux-43_1a-drivers--watchdog--wdt_pci.ko-ldv_main0_sequence_infinite_withcheck_stateful.cil.out.i line 3830 function main
Unwinding loop 2  iteration  1   file 43_1a_cilled_ok_nondet_linux-43_1a-drivers--watchdog--wdt_pci.ko-ldv_main0_sequence_infinite_withcheck_stateful.cil.out.i line 3551 function wdtpci_init_one
Not unwinding 
Not unwinding 
Unwinding loop 5  iteration  1   file 43_1a_cilled_ok_nondet_linux-43_1a-drivers--watchdog--wdt_pci.ko-ldv_main0_sequence_infinite_withcheck_stateful.cil.out.i line 3836 function main
Unwinding loop 2  iteration  1   file 43_1a_cilled_ok_nondet_linux-43_1a-drivers--watchdog--wdt_pci.ko-ldv_main0_sequence_infinite_withcheck_stateful.cil.out.i line 3551 function wdtpci_init_one
Unwinding loop 3  iteration  1   file 43_1a_cilled_ok_nondet_linux-43_1a-drivers--watchdog--wdt_pci.ko-ldv_main0_sequence_infinite_withcheck_stateful.cil.out.i line 3830 function main
Unwinding loop 2  iteration  1   file 43_1a_cilled_ok_nondet_linux-43_1a-drivers--watchdog--wdt_pci.ko-ldv_main0_sequence_infinite_withcheck_stateful.cil.out.i line 3551 function wdtpci_init_one
Unwinding loop 3  iteration  2   file 43_1a_cilled_ok_nondet_linux-43_1a-drivers--watchdog--wdt_pci.ko-ldv_main0_sequence_infinite_withcheck_stateful.cil.out.i line 3830 function main
Unwinding loop 2  iteration  1   file 43_1a_cilled_ok_nondet_linux-43_1a-drivers--watchdog--wdt_pci.ko-ldv_main0_sequence_infinite_withcheck_stateful.cil.out.i line 3551 function wdtpci_init_one
Not unwinding 
Unwinding loop 4  iteration  1   file 43_1a_cilled_ok_nondet_linux-43_1a-drivers--watchdog--wdt_pci.ko-ldv_main0_sequence_infinite_withcheck_stateful.cil.out.i line 3833 function main
Unwinding loop 2  iteration  1   file 43_1a_cilled_ok_nondet_linux-43_1a-drivers--watchdog--wdt_pci.ko-ldv_main0_sequence_infinite_withcheck_stateful.cil.out.i line 3551 function wdtpci_init_one
Unwinding loop 3  iteration  1   file 43_1a_cilled_ok_nondet_linux-43_1a-drivers--watchdog--wdt_pci.ko-ldv_main0_sequence_infinite_withcheck_stateful.cil.out.i line 3830 function main
Unwinding loop 2  iteration  1   file 43_1a_cilled_ok_nondet_linux-43_1a-drivers--watchdog--wdt_pci.ko-ldv_main0_sequence_infinite_withcheck_stateful.cil.out.i line 3551 function wdtpci_init_one
Unwinding loop 3  iteration  2   file 43_1a_cilled_ok_nondet_linux-43_1a-drivers--watchdog--wdt_pci.ko-ldv_main0_sequence_infinite_withcheck_stateful.cil.out.i line 3830 function main
Unwinding loop 2  iteration  1   file 43_1a_cilled_ok_nondet_linux-43_1a-drivers--watchdog--wdt_pci.ko-ldv_main0_sequence_infinite_withcheck_stateful.cil.out.i line 3551 function wdtpci_init_one
Not unwinding 
Unwinding loop 4  iteration  2   file 43_1a_cilled_ok_nondet_linux-43_1a-drivers--watchdog--wdt_pci.ko-ldv_main0_sequence_infinite_withcheck_stateful.cil.out.i line 3833 function main
Unwinding loop 2  iteration  1   file 43_1a_cilled_ok_nondet_linux-43_1a-drivers--watchdog--wdt_pci.ko-ldv_main0_sequence_infinite_withcheck_stateful.cil.out.i line 3551 function wdtpci_init_one
Unwinding loop 3  iteration  1   file 43_1a_cilled_ok_nondet_linux-43_1a-drivers--watchdog--wdt_pci.ko-ldv_main0_sequence_infinite_withcheck_stateful.cil.out.i line 3830 function main
Unwinding loop 2  iteration  1   file 43_1a_cilled_ok_nondet_linux-43_1a-drivers--watchdog--wdt_pci.ko-ldv_main0_sequence_infinite_withcheck_stateful.cil.out.i line 3551 function wdtpci_init_one
Unwinding loop 3  iteration  2   file 43_1a_cilled_ok_nondet_linux-43_1a-drivers--watchdog--wdt_pci.ko-ldv_main0_sequence_infinite_withcheck_stateful.cil.out.i line 3830 function main
Unwinding loop 2  iteration  1   file 43_1a_cilled_ok_nondet_linux-43_1a-drivers--watchdog--wdt_pci.ko-ldv_main0_sequence_infinite_withcheck_stateful.cil.out.i line 3551 function wdtpci_init_one
Not unwinding 
Not unwinding 
Unwinding loop 5  iteration  2   file 43_1a_cilled_ok_nondet_linux-43_1a-drivers--watchdog--wdt_pci.ko-ldv_main0_sequence_infinite_withcheck_stateful.cil.out.i line 3836 function main
Unwinding loop 2  iteration  1   file 43_1a_cilled_ok_nondet_linux-43_1a-drivers--watchdog--wdt_pci.ko-ldv_main0_sequence_infinite_withcheck_stateful.cil.out.i line 3551 function wdtpci_init_one
Unwinding loop 3  iteration  1   file 43_1a_cilled_ok_nondet_linux-43_1a-drivers--watchdog--wdt_pci.ko-ldv_main0_sequence_infinite_withcheck_stateful.cil.out.i line 3830 function main
Unwinding loop 2  iteration  1   file 43_1a_cilled_ok_nondet_linux-43_1a-drivers--watchdog--wdt_pci.ko-ldv_main0_sequence_infinite_withcheck_stateful.cil.out.i line 3551 function wdtpci_init_one
Unwinding loop 3  iteration  2   file 43_1a_cilled_ok_nondet_linux-43_1a-drivers--watchdog--wdt_pci.ko-ldv_main0_sequence_infinite_withcheck_stateful.cil.out.i line 3830 function main
Unwinding loop 2  iteration  1   file 43_1a_cilled_ok_nondet_linux-43_1a-drivers--watchdog--wdt_pci.ko-ldv_main0_sequence_infinite_withcheck_stateful.cil.out.i line 3551 function wdtpci_init_one
Not unwinding 
Unwinding loop 4  iteration  1   file 43_1a_cilled_ok_nondet_linux-43_1a-drivers--watchdog--wdt_pci.ko-ldv_main0_sequence_infinite_withcheck_stateful.cil.out.i line 3833 function main
Unwinding loop 2  iteration  1   file 43_1a_cilled_ok_nondet_linux-43_1a-drivers--watchdog--wdt_pci.ko-ldv_main0_sequence_infinite_withcheck_stateful.cil.out.i line 3551 function wdtpci_init_one
Unwinding loop 3  iteration  1   file 43_1a_cilled_ok_nondet_linux-43_1a-drivers--watchdog--wdt_pci.ko-ldv_main0_sequence_infinite_withcheck_stateful.cil.out.i line 3830 function main
Unwinding loop 2  iteration  1   file 43_1a_cilled_ok_nondet_linux-43_1a-drivers--watchdog--wdt_pci.ko-ldv_main0_sequence_infinite_withcheck_stateful.cil.out.i line 3551 function wdtpci_init_one
Unwinding loop 3  iteration  2   file 43_1a_cilled_ok_nondet_linux-43_1a-drivers--watchdog--wdt_pci.ko-ldv_main0_sequence_infinite_withcheck_stateful.cil.out.i line 3830 function main
Unwinding loop 2  iteration  1   file 43_1a_cilled_ok_nondet_linux-43_1a-drivers--watchdog--wdt_pci.ko-ldv_main0_sequence_infinite_withcheck_stateful.cil.out.i line 3551 function wdtpci_init_one
Not unwinding 
Unwinding loop 4  iteration  2   file 43_1a_cilled_ok_nondet_linux-43_1a-drivers--watchdog--wdt_pci.ko-ldv_main0_sequence_infinite_withcheck_stateful.cil.out.i line 3833 function main
Unwinding loop 2  iteration  1   file 43_1a_cilled_ok_nondet_linux-43_1a-drivers--watchdog--wdt_pci.ko-ldv_main0_sequence_infinite_withcheck_stateful.cil.out.i line 3551 function wdtpci_init_one
Unwinding loop 3  iteration  1   file 43_1a_cilled_ok_nondet_linux-43_1a-drivers--watchdog--wdt_pci.ko-ldv_main0_sequence_infinite_withcheck_stateful.cil.out.i line 3830 function main
Unwinding loop 2  iteration  1   file 43_1a_cilled_ok_nondet_linux-43_1a-drivers--watchdog--wdt_pci.ko-ldv_main0_sequence_infinite_withcheck_stateful.cil.out.i line 3551 function wdtpci_init_one
Unwinding loop 3  iteration  2   file 43_1a_cilled_ok_nondet_linux-43_1a-drivers--watchdog--wdt_pci.ko-ldv_main0_sequence_infinite_withcheck_stateful.cil.out.i line 3830 function main
Unwinding loop 2  iteration  1   file 43_1a_cilled_ok_nondet_linux-43_1a-drivers--watchdog--wdt_pci.ko-ldv_main0_sequence_infinite_withcheck_stateful.cil.out.i line 3551 function wdtpci_init_one
Not unwinding 
Not unwinding 
Not unwinding 
Symex completed in: 24.365s (38575 assignments)
Slicing time: 5.629s (removed 31163 assignments)
Generated 0 VCC(s), 0 remaining after simplification (7412 assignments)
BMC program time: 29.994s
Building successful trace

VERIFICATION SUCCESSFUL

Solution found by the inductive step (k = 3)

../sv-benchmarks/c/ldv-linux-3.4-simple/43_1a_cilled_ok_nondet_linux-43_1a-drivers--watchdog--wdt_pci.ko-ldv_main0_sequence_infinite_withcheck_stateful.cil.out.i:3626:1: warning: return type of 'main' is not 'int' [-Wmain-return-type]
void main(void)
^
../sv-benchmarks/c/ldv-linux-3.4-simple/43_1a_cilled_ok_nondet_linux-43_1a-drivers--watchdog--wdt_pci.ko-ldv_main0_sequence_infinite_withcheck_stateful.cil.out.i:3626:1: note: change return type to 'int'
void main(void)
^~~~
int

TRUE
