./esbmc-wrapper.py -p ../sv-benchmarks/c/properties/unreach-call.prp -s kinduction --arch 64 ../sv-benchmarks/c/ldv-consumption/32_7a_cilled_linux-3.8-rc1-drivers--edac--i7300_edac.ko-main.cil.out.i


--------------------------------------------------------------------------------


Verifying with ESBMC
Command: ./esbmc --no-div-by-zero-check --force-malloc-success --state-hashing --no-align-check --k-step 2 --floatbv --unlimited-k-steps ../sv-benchmarks/c/ldv-consumption/32_7a_cilled_linux-3.8-rc1-drivers--edac--i7300_edac.ko-main.cil.out.i --64 --witness-output 32_7a_cilled_linux-3.8-rc1-drivers--edac--i7300_edac.ko-main.cil.out.i.graphml --no-pointer-check --no-bounds-check --interval-analysis --k-induction --max-inductive-step 3 
ESBMC version 6.8.0 64-bit x86_64 linux
Target: 64-bit little-endian x86_64-unknown-linux with esbmc libc
file ../sv-benchmarks/c/ldv-consumption/32_7a_cilled_linux-3.8-rc1-drivers--edac--i7300_edac.ko-main.cil.out.i: Parsing
Converting
Generating GOTO Program
GOTO program creation time: 0.583s
GOTO program processing time: 0.055s
*** Checking base case, k = 1
Starting Bounded Model Checking
Not unwinding 
Symex completed in: 0.010s (83 assignments)
Slicing time: 0.000s (removed 68 assignments)
Generated 0 VCC(s), 0 remaining after simplification (15 assignments)
BMC program time: 0.011s
No bug has been found in the base case
*** Checking forward condition, k = 1
Starting Bounded Model Checking
Not unwinding 
Symex completed in: 0.010s (83 assignments)
Slicing time: 0.001s (removed 68 assignments)
Generated 1 VCC(s), 1 remaining after simplification (15 assignments)
No solver specified; defaulting to Boolector
Encoding remaining VCC(s) using bit-vector/floating-point arithmetic
Encoding to solver time: 0.000s
Solving with solver Boolector 3.2.1
Encoding to solver time: 0.000s
Runtime decision procedure: 0.004s
The forward condition is unable to prove the property
*** Checking base case, k = 3
Starting Bounded Model Checking
Unwinding loop 11  iteration  1   file 32_7a_cilled_linux-3.8-rc1-drivers--edac--i7300_edac.ko-main.cil.out.i line 4440 function main
Unwinding loop 10  iteration  1   file 32_7a_cilled_linux-3.8-rc1-drivers--edac--i7300_edac.ko-main.cil.out.i line 4139 function i7300_get_devices
Unwinding loop 10  iteration  2   file 32_7a_cilled_linux-3.8-rc1-drivers--edac--i7300_edac.ko-main.cil.out.i line 4139 function i7300_get_devices
Not unwinding 
Unwinding loop 9  iteration  1   file 32_7a_cilled_linux-3.8-rc1-drivers--edac--i7300_edac.ko-main.cil.out.i line 4100 function i7300_put_devices
Unwinding loop 9  iteration  2   file 32_7a_cilled_linux-3.8-rc1-drivers--edac--i7300_edac.ko-main.cil.out.i line 4100 function i7300_put_devices
Unwinding loop 8  iteration  1   file 32_7a_cilled_linux-3.8-rc1-drivers--edac--i7300_edac.ko-main.cil.out.i line 4074 function i7300_get_mc_regs
Unwinding loop 8  iteration  2   file 32_7a_cilled_linux-3.8-rc1-drivers--edac--i7300_edac.ko-main.cil.out.i line 4074 function i7300_get_mc_regs
Not unwinding 
Unwinding loop 9  iteration  1   file 32_7a_cilled_linux-3.8-rc1-drivers--edac--i7300_edac.ko-main.cil.out.i line 4100 function i7300_put_devices
Unwinding loop 9  iteration  2   file 32_7a_cilled_linux-3.8-rc1-drivers--edac--i7300_edac.ko-main.cil.out.i line 4100 function i7300_put_devices
Unwinding loop 11  iteration  2   file 32_7a_cilled_linux-3.8-rc1-drivers--edac--i7300_edac.ko-main.cil.out.i line 4440 function main
Unwinding loop 10  iteration  1   file 32_7a_cilled_linux-3.8-rc1-drivers--edac--i7300_edac.ko-main.cil.out.i line 4139 function i7300_get_devices
Unwinding loop 10  iteration  2   file 32_7a_cilled_linux-3.8-rc1-drivers--edac--i7300_edac.ko-main.cil.out.i line 4139 function i7300_get_devices
Not unwinding 
Unwinding loop 9  iteration  1   file 32_7a_cilled_linux-3.8-rc1-drivers--edac--i7300_edac.ko-main.cil.out.i line 4100 function i7300_put_devices
Unwinding loop 9  iteration  2   file 32_7a_cilled_linux-3.8-rc1-drivers--edac--i7300_edac.ko-main.cil.out.i line 4100 function i7300_put_devices
Unwinding loop 8  iteration  1   file 32_7a_cilled_linux-3.8-rc1-drivers--edac--i7300_edac.ko-main.cil.out.i line 4074 function i7300_get_mc_regs
Unwinding loop 8  iteration  2   file 32_7a_cilled_linux-3.8-rc1-drivers--edac--i7300_edac.ko-main.cil.out.i line 4074 function i7300_get_mc_regs
Not unwinding 
Unwinding loop 9  iteration  1   file 32_7a_cilled_linux-3.8-rc1-drivers--edac--i7300_edac.ko-main.cil.out.i line 4100 function i7300_put_devices
Unwinding loop 9  iteration  2   file 32_7a_cilled_linux-3.8-rc1-drivers--edac--i7300_edac.ko-main.cil.out.i line 4100 function i7300_put_devices
Not unwinding 
Symex completed in: 0.430s (1751 assignments)
Slicing time: 0.009s (removed 1499 assignments)
Generated 0 VCC(s), 0 remaining after simplification (252 assignments)
BMC program time: 0.439s
No bug has been found in the base case
*** Checking forward condition, k = 3
Starting Bounded Model Checking
Unwinding loop 11  iteration  1   file 32_7a_cilled_linux-3.8-rc1-drivers--edac--i7300_edac.ko-main.cil.out.i line 4440 function main
Unwinding loop 10  iteration  1   file 32_7a_cilled_linux-3.8-rc1-drivers--edac--i7300_edac.ko-main.cil.out.i line 4139 function i7300_get_devices
Unwinding loop 10  iteration  2   file 32_7a_cilled_linux-3.8-rc1-drivers--edac--i7300_edac.ko-main.cil.out.i line 4139 function i7300_get_devices
Not unwinding 
Unwinding loop 9  iteration  1   file 32_7a_cilled_linux-3.8-rc1-drivers--edac--i7300_edac.ko-main.cil.out.i line 4100 function i7300_put_devices
Unwinding loop 9  iteration  2   file 32_7a_cilled_linux-3.8-rc1-drivers--edac--i7300_edac.ko-main.cil.out.i line 4100 function i7300_put_devices
Unwinding loop 8  iteration  1   file 32_7a_cilled_linux-3.8-rc1-drivers--edac--i7300_edac.ko-main.cil.out.i line 4074 function i7300_get_mc_regs
Unwinding loop 8  iteration  2   file 32_7a_cilled_linux-3.8-rc1-drivers--edac--i7300_edac.ko-main.cil.out.i line 4074 function i7300_get_mc_regs
Not unwinding 
Unwinding loop 9  iteration  1   file 32_7a_cilled_linux-3.8-rc1-drivers--edac--i7300_edac.ko-main.cil.out.i line 4100 function i7300_put_devices
Unwinding loop 9  iteration  2   file 32_7a_cilled_linux-3.8-rc1-drivers--edac--i7300_edac.ko-main.cil.out.i line 4100 function i7300_put_devices
Unwinding loop 11  iteration  2   file 32_7a_cilled_linux-3.8-rc1-drivers--edac--i7300_edac.ko-main.cil.out.i line 4440 function main
Unwinding loop 10  iteration  1   file 32_7a_cilled_linux-3.8-rc1-drivers--edac--i7300_edac.ko-main.cil.out.i line 4139 function i7300_get_devices
Unwinding loop 10  iteration  2   file 32_7a_cilled_linux-3.8-rc1-drivers--edac--i7300_edac.ko-main.cil.out.i line 4139 function i7300_get_devices
Not unwinding 
Unwinding loop 9  iteration  1   file 32_7a_cilled_linux-3.8-rc1-drivers--edac--i7300_edac.ko-main.cil.out.i line 4100 function i7300_put_devices
Unwinding loop 9  iteration  2   file 32_7a_cilled_linux-3.8-rc1-drivers--edac--i7300_edac.ko-main.cil.out.i line 4100 function i7300_put_devices
Unwinding loop 8  iteration  1   file 32_7a_cilled_linux-3.8-rc1-drivers--edac--i7300_edac.ko-main.cil.out.i line 4074 function i7300_get_mc_regs
Unwinding loop 8  iteration  2   file 32_7a_cilled_linux-3.8-rc1-drivers--edac--i7300_edac.ko-main.cil.out.i line 4074 function i7300_get_mc_regs
Not unwinding 
Unwinding loop 9  iteration  1   file 32_7a_cilled_linux-3.8-rc1-drivers--edac--i7300_edac.ko-main.cil.out.i line 4100 function i7300_put_devices
Unwinding loop 9  iteration  2   file 32_7a_cilled_linux-3.8-rc1-drivers--edac--i7300_edac.ko-main.cil.out.i line 4100 function i7300_put_devices
Not unwinding 
Symex completed in: 0.455s (1751 assignments)
Slicing time: 0.009s (removed 1499 assignments)
Generated 5 VCC(s), 5 remaining after simplification (252 assignments)
No solver specified; defaulting to Boolector
Encoding remaining VCC(s) using bit-vector/floating-point arithmetic
Encoding to solver time: 0.068s
Solving with solver Boolector 3.2.1
Encoding to solver time: 0.068s
Runtime decision procedure: 16.886s
The forward condition is unable to prove the property
*** Checking inductive step, k = 3
Starting Bounded Model Checking
Unwinding loop 10  iteration  1   file 32_7a_cilled_linux-3.8-rc1-drivers--edac--i7300_edac.ko-main.cil.out.i line 4139 function i7300_get_devices
Unwinding loop 10  iteration  2   file 32_7a_cilled_linux-3.8-rc1-drivers--edac--i7300_edac.ko-main.cil.out.i line 4139 function i7300_get_devices
Not unwinding 
Unwinding loop 9  iteration  1   file 32_7a_cilled_linux-3.8-rc1-drivers--edac--i7300_edac.ko-main.cil.out.i line 4100 function i7300_put_devices
Unwinding loop 9  iteration  2   file 32_7a_cilled_linux-3.8-rc1-drivers--edac--i7300_edac.ko-main.cil.out.i line 4100 function i7300_put_devices
Unwinding loop 8  iteration  1   file 32_7a_cilled_linux-3.8-rc1-drivers--edac--i7300_edac.ko-main.cil.out.i line 4074 function i7300_get_mc_regs
Unwinding loop 8  iteration  2   file 32_7a_cilled_linux-3.8-rc1-drivers--edac--i7300_edac.ko-main.cil.out.i line 4074 function i7300_get_mc_regs
Not unwinding 
Unwinding loop 4  iteration  1   file 32_7a_cilled_linux-3.8-rc1-drivers--edac--i7300_edac.ko-main.cil.out.i line 3896 function i7300_init_csrows
Unwinding loop 4  iteration  2   file 32_7a_cilled_linux-3.8-rc1-drivers--edac--i7300_edac.ko-main.cil.out.i line 3896 function i7300_init_csrows
Unwinding loop 7  iteration  1   file 32_7a_cilled_linux-3.8-rc1-drivers--edac--i7300_edac.ko-main.cil.out.i line 3959 function i7300_init_csrows
Unwinding loop 6  iteration  1   file 32_7a_cilled_linux-3.8-rc1-drivers--edac--i7300_edac.ko-main.cil.out.i line 3951 function i7300_init_csrows
Unwinding loop 5  iteration  1   file 32_7a_cilled_linux-3.8-rc1-drivers--edac--i7300_edac.ko-main.cil.out.i line 3943 function i7300_init_csrows
Unwinding loop 5  iteration  2   file 32_7a_cilled_linux-3.8-rc1-drivers--edac--i7300_edac.ko-main.cil.out.i line 3943 function i7300_init_csrows
Unwinding loop 6  iteration  2   file 32_7a_cilled_linux-3.8-rc1-drivers--edac--i7300_edac.ko-main.cil.out.i line 3951 function i7300_init_csrows
Unwinding loop 5  iteration  1   file 32_7a_cilled_linux-3.8-rc1-drivers--edac--i7300_edac.ko-main.cil.out.i line 3943 function i7300_init_csrows
Unwinding loop 5  iteration  2   file 32_7a_cilled_linux-3.8-rc1-drivers--edac--i7300_edac.ko-main.cil.out.i line 3943 function i7300_init_csrows
Unwinding loop 7  iteration  2   file 32_7a_cilled_linux-3.8-rc1-drivers--edac--i7300_edac.ko-main.cil.out.i line 3959 function i7300_init_csrows
Unwinding loop 6  iteration  1   file 32_7a_cilled_linux-3.8-rc1-drivers--edac--i7300_edac.ko-main.cil.out.i line 3951 function i7300_init_csrows
Unwinding loop 5  iteration  1   file 32_7a_cilled_linux-3.8-rc1-drivers--edac--i7300_edac.ko-main.cil.out.i line 3943 function i7300_init_csrows
Unwinding loop 5  iteration  2   file 32_7a_cilled_linux-3.8-rc1-drivers--edac--i7300_edac.ko-main.cil.out.i line 3943 function i7300_init_csrows
Unwinding loop 6  iteration  2   file 32_7a_cilled_linux-3.8-rc1-drivers--edac--i7300_edac.ko-main.cil.out.i line 3951 function i7300_init_csrows
Unwinding loop 5  iteration  1   file 32_7a_cilled_linux-3.8-rc1-drivers--edac--i7300_edac.ko-main.cil.out.i line 3943 function i7300_init_csrows
Unwinding loop 5  iteration  2   file 32_7a_cilled_linux-3.8-rc1-drivers--edac--i7300_edac.ko-main.cil.out.i line 3943 function i7300_init_csrows
Not unwinding 
Unwinding loop 1  iteration  1   file 32_7a_cilled_linux-3.8-rc1-drivers--edac--i7300_edac.ko-main.cil.out.i line 3785 function print_dimm_size
Unwinding loop 1  iteration  2   file 32_7a_cilled_linux-3.8-rc1-drivers--edac--i7300_edac.ko-main.cil.out.i line 3785 function print_dimm_size
Not unwinding 
Unwinding loop 3  iteration  1   file 32_7a_cilled_linux-3.8-rc1-drivers--edac--i7300_edac.ko-main.cil.out.i line 3835 function print_dimm_size
Unwinding loop 2  iteration  1   file 32_7a_cilled_linux-3.8-rc1-drivers--edac--i7300_edac.ko-main.cil.out.i line 3821 function print_dimm_size
Unwinding loop 2  iteration  2   file 32_7a_cilled_linux-3.8-rc1-drivers--edac--i7300_edac.ko-main.cil.out.i line 3821 function print_dimm_size
Not unwinding 
Unwinding loop 3  iteration  2   file 32_7a_cilled_linux-3.8-rc1-drivers--edac--i7300_edac.ko-main.cil.out.i line 3835 function print_dimm_size
Unwinding loop 2  iteration  1   file 32_7a_cilled_linux-3.8-rc1-drivers--edac--i7300_edac.ko-main.cil.out.i line 3821 function print_dimm_size
Unwinding loop 2  iteration  2   file 32_7a_cilled_linux-3.8-rc1-drivers--edac--i7300_edac.ko-main.cil.out.i line 3821 function print_dimm_size
Not unwinding 
Not unwinding 
Unwinding loop 9  iteration  1   file 32_7a_cilled_linux-3.8-rc1-drivers--edac--i7300_edac.ko-main.cil.out.i line 4100 function i7300_put_devices
Unwinding loop 9  iteration  2   file 32_7a_cilled_linux-3.8-rc1-drivers--edac--i7300_edac.ko-main.cil.out.i line 4100 function i7300_put_devices
Unwinding loop 9  iteration  1   file 32_7a_cilled_linux-3.8-rc1-drivers--edac--i7300_edac.ko-main.cil.out.i line 4100 function i7300_put_devices
Unwinding loop 9  iteration  2   file 32_7a_cilled_linux-3.8-rc1-drivers--edac--i7300_edac.ko-main.cil.out.i line 4100 function i7300_put_devices
Unwinding loop 11  iteration  1   file 32_7a_cilled_linux-3.8-rc1-drivers--edac--i7300_edac.ko-main.cil.out.i line 4440 function main
Unwinding loop 10  iteration  1   file 32_7a_cilled_linux-3.8-rc1-drivers--edac--i7300_edac.ko-main.cil.out.i line 4139 function i7300_get_devices
Unwinding loop 10  iteration  2   file 32_7a_cilled_linux-3.8-rc1-drivers--edac--i7300_edac.ko-main.cil.out.i line 4139 function i7300_get_devices
Not unwinding 
Unwinding loop 9  iteration  1   file 32_7a_cilled_linux-3.8-rc1-drivers--edac--i7300_edac.ko-main.cil.out.i line 4100 function i7300_put_devices
Unwinding loop 9  iteration  2   file 32_7a_cilled_linux-3.8-rc1-drivers--edac--i7300_edac.ko-main.cil.out.i line 4100 function i7300_put_devices
Unwinding loop 8  iteration  1   file 32_7a_cilled_linux-3.8-rc1-drivers--edac--i7300_edac.ko-main.cil.out.i line 4074 function i7300_get_mc_regs
Unwinding loop 8  iteration  2   file 32_7a_cilled_linux-3.8-rc1-drivers--edac--i7300_edac.ko-main.cil.out.i line 4074 function i7300_get_mc_regs
Not unwinding 
Unwinding loop 4  iteration  1   file 32_7a_cilled_linux-3.8-rc1-drivers--edac--i7300_edac.ko-main.cil.out.i line 3896 function i7300_init_csrows
Unwinding loop 4  iteration  2   file 32_7a_cilled_linux-3.8-rc1-drivers--edac--i7300_edac.ko-main.cil.out.i line 3896 function i7300_init_csrows
Unwinding loop 7  iteration  1   file 32_7a_cilled_linux-3.8-rc1-drivers--edac--i7300_edac.ko-main.cil.out.i line 3959 function i7300_init_csrows
Unwinding loop 6  iteration  1   file 32_7a_cilled_linux-3.8-rc1-drivers--edac--i7300_edac.ko-main.cil.out.i line 3951 function i7300_init_csrows
Unwinding loop 5  iteration  1   file 32_7a_cilled_linux-3.8-rc1-drivers--edac--i7300_edac.ko-main.cil.out.i line 3943 function i7300_init_csrows
Unwinding loop 5  iteration  2   file 32_7a_cilled_linux-3.8-rc1-drivers--edac--i7300_edac.ko-main.cil.out.i line 3943 function i7300_init_csrows
Unwinding loop 6  iteration  2   file 32_7a_cilled_linux-3.8-rc1-drivers--edac--i7300_edac.ko-main.cil.out.i line 3951 function i7300_init_csrows
Unwinding loop 5  iteration  1   file 32_7a_cilled_linux-3.8-rc1-drivers--edac--i7300_edac.ko-main.cil.out.i line 3943 function i7300_init_csrows
Unwinding loop 5  iteration  2   file 32_7a_cilled_linux-3.8-rc1-drivers--edac--i7300_edac.ko-main.cil.out.i line 3943 function i7300_init_csrows
Unwinding loop 7  iteration  2   file 32_7a_cilled_linux-3.8-rc1-drivers--edac--i7300_edac.ko-main.cil.out.i line 3959 function i7300_init_csrows
Unwinding loop 6  iteration  1   file 32_7a_cilled_linux-3.8-rc1-drivers--edac--i7300_edac.ko-main.cil.out.i line 3951 function i7300_init_csrows
Unwinding loop 5  iteration  1   file 32_7a_cilled_linux-3.8-rc1-drivers--edac--i7300_edac.ko-main.cil.out.i line 3943 function i7300_init_csrows
Unwinding loop 5  iteration  2   file 32_7a_cilled_linux-3.8-rc1-drivers--edac--i7300_edac.ko-main.cil.out.i line 3943 function i7300_init_csrows
Unwinding loop 6  iteration  2   file 32_7a_cilled_linux-3.8-rc1-drivers--edac--i7300_edac.ko-main.cil.out.i line 3951 function i7300_init_csrows
Unwinding loop 5  iteration  1   file 32_7a_cilled_linux-3.8-rc1-drivers--edac--i7300_edac.ko-main.cil.out.i line 3943 function i7300_init_csrows
Unwinding loop 5  iteration  2   file 32_7a_cilled_linux-3.8-rc1-drivers--edac--i7300_edac.ko-main.cil.out.i line 3943 function i7300_init_csrows
Not unwinding 
Unwinding loop 1  iteration  1   file 32_7a_cilled_linux-3.8-rc1-drivers--edac--i7300_edac.ko-main.cil.out.i line 3785 function print_dimm_size
Unwinding loop 1  iteration  2   file 32_7a_cilled_linux-3.8-rc1-drivers--edac--i7300_edac.ko-main.cil.out.i line 3785 function print_dimm_size
Not unwinding 
Unwinding loop 3  iteration  1   file 32_7a_cilled_linux-3.8-rc1-drivers--edac--i7300_edac.ko-main.cil.out.i line 3835 function print_dimm_size
Unwinding loop 2  iteration  1   file 32_7a_cilled_linux-3.8-rc1-drivers--edac--i7300_edac.ko-main.cil.out.i line 3821 function print_dimm_size
Unwinding loop 2  iteration  2   file 32_7a_cilled_linux-3.8-rc1-drivers--edac--i7300_edac.ko-main.cil.out.i line 3821 function print_dimm_size
Not unwinding 
Unwinding loop 3  iteration  2   file 32_7a_cilled_linux-3.8-rc1-drivers--edac--i7300_edac.ko-main.cil.out.i line 3835 function print_dimm_size
Unwinding loop 2  iteration  1   file 32_7a_cilled_linux-3.8-rc1-drivers--edac--i7300_edac.ko-main.cil.out.i line 3821 function print_dimm_size
Unwinding loop 2  iteration  2   file 32_7a_cilled_linux-3.8-rc1-drivers--edac--i7300_edac.ko-main.cil.out.i line 3821 function print_dimm_size
Not unwinding 
Not unwinding 
Unwinding loop 9  iteration  1   file 32_7a_cilled_linux-3.8-rc1-drivers--edac--i7300_edac.ko-main.cil.out.i line 4100 function i7300_put_devices
Unwinding loop 9  iteration  2   file 32_7a_cilled_linux-3.8-rc1-drivers--edac--i7300_edac.ko-main.cil.out.i line 4100 function i7300_put_devices
Unwinding loop 9  iteration  1   file 32_7a_cilled_linux-3.8-rc1-drivers--edac--i7300_edac.ko-main.cil.out.i line 4100 function i7300_put_devices
Unwinding loop 9  iteration  2   file 32_7a_cilled_linux-3.8-rc1-drivers--edac--i7300_edac.ko-main.cil.out.i line 4100 function i7300_put_devices
Unwinding loop 11  iteration  2   file 32_7a_cilled_linux-3.8-rc1-drivers--edac--i7300_edac.ko-main.cil.out.i line 4440 function main
Unwinding loop 10  iteration  1   file 32_7a_cilled_linux-3.8-rc1-drivers--edac--i7300_edac.ko-main.cil.out.i line 4139 function i7300_get_devices
Unwinding loop 10  iteration  2   file 32_7a_cilled_linux-3.8-rc1-drivers--edac--i7300_edac.ko-main.cil.out.i line 4139 function i7300_get_devices
Not unwinding 
Unwinding loop 9  iteration  1   file 32_7a_cilled_linux-3.8-rc1-drivers--edac--i7300_edac.ko-main.cil.out.i line 4100 function i7300_put_devices
Unwinding loop 9  iteration  2   file 32_7a_cilled_linux-3.8-rc1-drivers--edac--i7300_edac.ko-main.cil.out.i line 4100 function i7300_put_devices
Unwinding loop 8  iteration  1   file 32_7a_cilled_linux-3.8-rc1-drivers--edac--i7300_edac.ko-main.cil.out.i line 4074 function i7300_get_mc_regs
Unwinding loop 8  iteration  2   file 32_7a_cilled_linux-3.8-rc1-drivers--edac--i7300_edac.ko-main.cil.out.i line 4074 function i7300_get_mc_regs
Not unwinding 
Unwinding loop 4  iteration  1   file 32_7a_cilled_linux-3.8-rc1-drivers--edac--i7300_edac.ko-main.cil.out.i line 3896 function i7300_init_csrows
Unwinding loop 4  iteration  2   file 32_7a_cilled_linux-3.8-rc1-drivers--edac--i7300_edac.ko-main.cil.out.i line 3896 function i7300_init_csrows
Unwinding loop 7  iteration  1   file 32_7a_cilled_linux-3.8-rc1-drivers--edac--i7300_edac.ko-main.cil.out.i line 3959 function i7300_init_csrows
Unwinding loop 6  iteration  1   file 32_7a_cilled_linux-3.8-rc1-drivers--edac--i7300_edac.ko-main.cil.out.i line 3951 function i7300_init_csrows
Unwinding loop 5  iteration  1   file 32_7a_cilled_linux-3.8-rc1-drivers--edac--i7300_edac.ko-main.cil.out.i line 3943 function i7300_init_csrows
Unwinding loop 5  iteration  2   file 32_7a_cilled_linux-3.8-rc1-drivers--edac--i7300_edac.ko-main.cil.out.i line 3943 function i7300_init_csrows
Unwinding loop 6  iteration  2   file 32_7a_cilled_linux-3.8-rc1-drivers--edac--i7300_edac.ko-main.cil.out.i line 3951 function i7300_init_csrows
Unwinding loop 5  iteration  1   file 32_7a_cilled_linux-3.8-rc1-drivers--edac--i7300_edac.ko-main.cil.out.i line 3943 function i7300_init_csrows
Unwinding loop 5  iteration  2   file 32_7a_cilled_linux-3.8-rc1-drivers--edac--i7300_edac.ko-main.cil.out.i line 3943 function i7300_init_csrows
Unwinding loop 7  iteration  2   file 32_7a_cilled_linux-3.8-rc1-drivers--edac--i7300_edac.ko-main.cil.out.i line 3959 function i7300_init_csrows
Unwinding loop 6  iteration  1   file 32_7a_cilled_linux-3.8-rc1-drivers--edac--i7300_edac.ko-main.cil.out.i line 3951 function i7300_init_csrows
Unwinding loop 5  iteration  1   file 32_7a_cilled_linux-3.8-rc1-drivers--edac--i7300_edac.ko-main.cil.out.i line 3943 function i7300_init_csrows
Unwinding loop 5  iteration  2   file 32_7a_cilled_linux-3.8-rc1-drivers--edac--i7300_edac.ko-main.cil.out.i line 3943 function i7300_init_csrows
Unwinding loop 6  iteration  2   file 32_7a_cilled_linux-3.8-rc1-drivers--edac--i7300_edac.ko-main.cil.out.i line 3951 function i7300_init_csrows
Unwinding loop 5  iteration  1   file 32_7a_cilled_linux-3.8-rc1-drivers--edac--i7300_edac.ko-main.cil.out.i line 3943 function i7300_init_csrows
Unwinding loop 5  iteration  2   file 32_7a_cilled_linux-3.8-rc1-drivers--edac--i7300_edac.ko-main.cil.out.i line 3943 function i7300_init_csrows
Not unwinding 
Unwinding loop 1  iteration  1   file 32_7a_cilled_linux-3.8-rc1-drivers--edac--i7300_edac.ko-main.cil.out.i line 3785 function print_dimm_size
Unwinding loop 1  iteration  2   file 32_7a_cilled_linux-3.8-rc1-drivers--edac--i7300_edac.ko-main.cil.out.i line 3785 function print_dimm_size
Not unwinding 
Unwinding loop 3  iteration  1   file 32_7a_cilled_linux-3.8-rc1-drivers--edac--i7300_edac.ko-main.cil.out.i line 3835 function print_dimm_size
Unwinding loop 2  iteration  1   file 32_7a_cilled_linux-3.8-rc1-drivers--edac--i7300_edac.ko-main.cil.out.i line 3821 function print_dimm_size
Unwinding loop 2  iteration  2   file 32_7a_cilled_linux-3.8-rc1-drivers--edac--i7300_edac.ko-main.cil.out.i line 3821 function print_dimm_size
Not unwinding 
Unwinding loop 3  iteration  2   file 32_7a_cilled_linux-3.8-rc1-drivers--edac--i7300_edac.ko-main.cil.out.i line 3835 function print_dimm_size
Unwinding loop 2  iteration  1   file 32_7a_cilled_linux-3.8-rc1-drivers--edac--i7300_edac.ko-main.cil.out.i line 3821 function print_dimm_size
Unwinding loop 2  iteration  2   file 32_7a_cilled_linux-3.8-rc1-drivers--edac--i7300_edac.ko-main.cil.out.i line 3821 function print_dimm_size
Not unwinding 
Not unwinding 
Unwinding loop 9  iteration  1   file 32_7a_cilled_linux-3.8-rc1-drivers--edac--i7300_edac.ko-main.cil.out.i line 4100 function i7300_put_devices
Unwinding loop 9  iteration  2   file 32_7a_cilled_linux-3.8-rc1-drivers--edac--i7300_edac.ko-main.cil.out.i line 4100 function i7300_put_devices
Unwinding loop 9  iteration  1   file 32_7a_cilled_linux-3.8-rc1-drivers--edac--i7300_edac.ko-main.cil.out.i line 4100 function i7300_put_devices
Unwinding loop 9  iteration  2   file 32_7a_cilled_linux-3.8-rc1-drivers--edac--i7300_edac.ko-main.cil.out.i line 4100 function i7300_put_devices
Not unwinding 
Symex completed in: 6.030s (8925 assignments)
Slicing time: 0.153s (removed 5905 assignments)
Generated 0 VCC(s), 0 remaining after simplification (3020 assignments)
BMC program time: 6.183s
Building successful trace

VERIFICATION SUCCESSFUL

Solution found by the inductive step (k = 3)


TRUE
