./esbmc-wrapper.py -p ../sv-benchmarks/c/properties/unreach-call.prp -s kinduction --arch 64 ../sv-benchmarks/c/ldv-validator-v0.6/linux-stable-a9e7fb5-1-32_7a-drivers--media--rc--imon.ko-entry_point.cil.out.i


--------------------------------------------------------------------------------


Verifying with ESBMC
Command: ./esbmc --no-div-by-zero-check --force-malloc-success --state-hashing --no-align-check --k-step 2 --floatbv --unlimited-k-steps ../sv-benchmarks/c/ldv-validator-v0.6/linux-stable-a9e7fb5-1-32_7a-drivers--media--rc--imon.ko-entry_point.cil.out.i --64 --witness-output linux-stable-a9e7fb5-1-32_7a-drivers--media--rc--imon.ko-entry_point.cil.out.i.graphml --no-pointer-check --no-bounds-check --interval-analysis --k-induction --max-inductive-step 3 
ESBMC version 6.8.0 64-bit x86_64 linux
Target: 64-bit little-endian x86_64-unknown-linux with esbmc libc
file ../sv-benchmarks/c/ldv-validator-v0.6/linux-stable-a9e7fb5-1-32_7a-drivers--media--rc--imon.ko-entry_point.cil.out.i: Parsing
Converting
Generating GOTO Program
GOTO program creation time: 1.169s
GOTO program processing time: 0.391s
*** Checking base case, k = 1
Starting Bounded Model Checking
Not unwinding 
Not unwinding 
Not unwinding 
Not unwinding 
Not unwinding 
Not unwinding 
Not unwinding 
Not unwinding 
Not unwinding 
Not unwinding 
Symex completed in: 0.059s (443 assignments)
Slicing time: 0.001s (removed 378 assignments)
Generated 0 VCC(s), 0 remaining after simplification (65 assignments)
BMC program time: 0.060s
No bug has been found in the base case
*** Checking forward condition, k = 1
Starting Bounded Model Checking
Not unwinding 
Not unwinding 
Not unwinding 
Not unwinding 
Not unwinding 
Not unwinding 
Not unwinding 
Not unwinding 
Not unwinding 
Not unwinding 
Symex completed in: 0.056s (443 assignments)
Slicing time: 0.001s (removed 378 assignments)
Generated 10 VCC(s), 10 remaining after simplification (65 assignments)
No solver specified; defaulting to Boolector
Encoding remaining VCC(s) using bit-vector/floating-point arithmetic
Encoding to solver time: 0.015s
Solving with solver Boolector 3.2.1
Encoding to solver time: 0.015s
Runtime decision procedure: 1.658s
The forward condition is unable to prove the property
*** Checking base case, k = 3
Starting Bounded Model Checking
Unwinding loop 14  iteration  1   file string.c line 272 function __memset_impl
Unwinding loop 14  iteration  1   file string.c line 272 function __memset_impl
Unwinding loop 14  iteration  2   file string.c line 272 function __memset_impl
Not unwinding 
Unwinding loop 14  iteration  1   file string.c line 272 function __memset_impl
Unwinding loop 14  iteration  2   file string.c line 272 function __memset_impl
Not unwinding 
Unwinding loop 14  iteration  1   file string.c line 272 function __memset_impl
Unwinding loop 14  iteration  1   file string.c line 272 function __memset_impl
Unwinding loop 14  iteration  1   file string.c line 272 function __memset_impl
Unwinding loop 14  iteration  1   file string.c line 272 function __memset_impl
Unwinding loop 14  iteration  1   file string.c line 272 function __memset_impl
Unwinding loop 14  iteration  1   file string.c line 272 function __memset_impl
Unwinding loop 14  iteration  2   file string.c line 272 function __memset_impl
Not unwinding 
Unwinding loop 14  iteration  1   file string.c line 272 function __memset_impl
Unwinding loop 14  iteration  2   file string.c line 272 function __memset_impl
Not unwinding 
Symex completed in: 0.076s (465 assignments)
Slicing time: 0.001s (removed 412 assignments)
Generated 0 VCC(s), 0 remaining after simplification (53 assignments)
BMC program time: 0.077s
No bug has been found in the base case
*** Checking forward condition, k = 3
Starting Bounded Model Checking
Unwinding loop 14  iteration  1   file string.c line 272 function __memset_impl
Unwinding loop 14  iteration  1   file string.c line 272 function __memset_impl
Unwinding loop 14  iteration  2   file string.c line 272 function __memset_impl
Not unwinding 
Unwinding loop 14  iteration  1   file string.c line 272 function __memset_impl
Unwinding loop 14  iteration  2   file string.c line 272 function __memset_impl
Not unwinding 
Unwinding loop 14  iteration  1   file string.c line 272 function __memset_impl
Unwinding loop 14  iteration  1   file string.c line 272 function __memset_impl
Unwinding loop 14  iteration  1   file string.c line 272 function __memset_impl
Unwinding loop 14  iteration  1   file string.c line 272 function __memset_impl
Unwinding loop 14  iteration  1   file string.c line 272 function __memset_impl
Unwinding loop 14  iteration  1   file string.c line 272 function __memset_impl
Unwinding loop 14  iteration  2   file string.c line 272 function __memset_impl
Not unwinding 
Unwinding loop 14  iteration  1   file string.c line 272 function __memset_impl
Unwinding loop 14  iteration  2   file string.c line 272 function __memset_impl
Not unwinding 
Symex completed in: 0.074s (465 assignments)
Slicing time: 0.001s (removed 412 assignments)
Generated 4 VCC(s), 4 remaining after simplification (53 assignments)
No solver specified; defaulting to Boolector
Encoding remaining VCC(s) using bit-vector/floating-point arithmetic
Encoding to solver time: 0.015s
Solving with solver Boolector 3.2.1
Encoding to solver time: 0.015s
Runtime decision procedure: 1.661s
The forward condition is unable to prove the property
*** Checking inductive step, k = 3
Starting Bounded Model Checking
Unwinding loop 14  iteration  1   file string.c line 272 function __memset_impl
Unwinding loop 14  iteration  2   file string.c line 272 function __memset_impl
Not unwinding 
Unwinding loop 14  iteration  1   file string.c line 272 function __memset_impl
Unwinding loop 14  iteration  2   file string.c line 272 function __memset_impl
Not unwinding 
Unwinding loop 14  iteration  1   file string.c line 272 function __memset_impl
Unwinding loop 14  iteration  2   file string.c line 272 function __memset_impl
Not unwinding 
Unwinding loop 14  iteration  1   file string.c line 272 function __memset_impl
Unwinding loop 14  iteration  2   file string.c line 272 function __memset_impl
Not unwinding 
Unwinding loop 14  iteration  1   file string.c line 272 function __memset_impl
Unwinding loop 14  iteration  2   file string.c line 272 function __memset_impl
Not unwinding 
Unwinding loop 14  iteration  1   file string.c line 272 function __memset_impl
Unwinding loop 14  iteration  2   file string.c line 272 function __memset_impl
Not unwinding 
Unwinding loop 14  iteration  1   file string.c line 272 function __memset_impl
Unwinding loop 14  iteration  2   file string.c line 272 function __memset_impl
Not unwinding 
Unwinding loop 14  iteration  1   file string.c line 272 function __memset_impl
Unwinding loop 14  iteration  2   file string.c line 272 function __memset_impl
Not unwinding 
Unwinding loop 14  iteration  1   file string.c line 272 function __memset_impl
Unwinding loop 14  iteration  2   file string.c line 272 function __memset_impl
Not unwinding 
Unwinding loop 14  iteration  1   file string.c line 272 function __memset_impl
Unwinding loop 14  iteration  2   file string.c line 272 function __memset_impl
Not unwinding 
**** WARNING: no body for function __builtin_object_size
Unwinding loop 5  iteration  1   file linux-stable-a9e7fb5-1-32_7a-drivers--media--rc--imon.ko-entry_point.cil.out.i line 4454 function vfd_write
Unwinding loop 5  iteration  2   file linux-stable-a9e7fb5-1-32_7a-drivers--media--rc--imon.ko-entry_point.cil.out.i line 4454 function vfd_write
Not unwinding 
Unwinding loop 6  iteration  1   file linux-stable-a9e7fb5-1-32_7a-drivers--media--rc--imon.ko-entry_point.cil.out.i line 4464 function vfd_write
Unwinding loop 6  iteration  2   file linux-stable-a9e7fb5-1-32_7a-drivers--media--rc--imon.ko-entry_point.cil.out.i line 4464 function vfd_write
Not unwinding 
Unwinding loop 1  iteration  1   file string.c line 263 function memcpy
Unwinding loop 1  iteration  2   file string.c line 263 function memcpy
Not unwinding 
Unwinding loop 7  iteration  1   file linux-stable-a9e7fb5-1-32_7a-drivers--media--rc--imon.ko-entry_point.cil.out.i line 4488 function vfd_write
Unwinding loop 1  iteration  1   file string.c line 263 function memcpy
Unwinding loop 1  iteration  2   file string.c line 263 function memcpy
Not unwinding 
Unwinding loop 7  iteration  2   file linux-stable-a9e7fb5-1-32_7a-drivers--media--rc--imon.ko-entry_point.cil.out.i line 4488 function vfd_write
Unwinding loop 1  iteration  1   file string.c line 263 function memcpy
Unwinding loop 1  iteration  2   file string.c line 263 function memcpy
Not unwinding 
Not unwinding 
Unwinding loop 1  iteration  1   file string.c line 263 function memcpy
Unwinding loop 1  iteration  2   file string.c line 263 function memcpy
Not unwinding 
**** WARNING: no body for function __builtin_object_size
Unwinding loop 5  iteration  1   file linux-stable-a
Function call to "c:linux-stable-a9e7fb5-1-32_7a-drivers--media--rc--imon.ko-entry_point.cil.out.i@F@imon_ir_change_protocol": number of arguments doesn't match type definition; some inconsistent rewriting occured


Unknown
