./esbmc-wrapper.py -p ../sv-benchmarks/c/properties/unreach-call.prp -s kinduction --arch 64 ../sv-benchmarks/c/ldv-linux-3.4-simple/32_1_cilled_ok_nondet_linux-3.4-32_1-drivers--media--dvb--dvb-usb--dvb-usb-ttusb2.ko-ldv_main0_sequence_infinite_withcheck_stateful.cil.out.i


--------------------------------------------------------------------------------


Verifying with ESBMC
Command: ./esbmc --no-div-by-zero-check --force-malloc-success --state-hashing --no-align-check --k-step 2 --floatbv --unlimited-k-steps ../sv-benchmarks/c/ldv-linux-3.4-simple/32_1_cilled_ok_nondet_linux-3.4-32_1-drivers--media--dvb--dvb-usb--dvb-usb-ttusb2.ko-ldv_main0_sequence_infinite_withcheck_stateful.cil.out.i --64 --witness-output 32_1_cilled_ok_nondet_linux-3.4-32_1-drivers--media--dvb--dvb-usb--dvb-usb-ttusb2.ko-ldv_main0_sequence_infinite_withcheck_stateful.cil.out.i.graphml --no-pointer-check --no-bounds-check --interval-analysis --k-induction --max-inductive-step 3 
ESBMC version 6.8.0 64-bit x86_64 linux
Target: 64-bit little-endian x86_64-unknown-linux with esbmc libc
file ../sv-benchmarks/c/ldv-linux-3.4-simple/32_1_cilled_ok_nondet_linux-3.4-32_1-drivers--media--dvb--dvb-usb--dvb-usb-ttusb2.ko-ldv_main0_sequence_infinite_withcheck_stateful.cil.out.i: Parsing
Converting
Generating GOTO Program
GOTO program creation time: 0.757s
GOTO program processing time: 0.069s
*** Checking base case, k = 1
Starting Bounded Model Checking
No target candidate for function call *__a
No target candidate for function call *__a
No target candidate for function call *__a___0
Not unwinding 
No target candidate for function call *__a
No target candidate for function call *__a
No target candidate for function call *__a___0
Not unwinding 
Not unwinding 
No target candidate for function call *__a
No target candidate for function call *__a___0
No target candidate for function call *__a
Not unwinding 
Not unwinding 
Symex completed in: 0.536s (2938 assignments)
Slicing time: 0.011s (removed 2561 assignments)
Generated 0 VCC(s), 0 remaining after simplification (377 assignments)
BMC program time: 0.547s
No bug has been found in the base case
*** Checking forward condition, k = 1
Starting Bounded Model Checking
No target candidate for function call *__a
No target candidate for function call *__a
No target candidate for function call *__a___0
Not unwinding 
No target candidate for function call *__a
No target candidate for function call *__a
No target candidate for function call *__a___0
Not unwinding 
Not unwinding 
No target candidate for function call *__a
No target candidate for function call *__a___0
No target candidate for function call *__a
Not unwinding 
Not unwinding 
Symex completed in: 0.611s (2938 assignments)
Slicing time: 0.015s (removed 2561 assignments)
Generated 5 VCC(s), 5 remaining after simplification (377 assignments)
No solver specified; defaulting to Boolector
Encoding remaining VCC(s) using bit-vector/floating-point arithmetic
Encoding to solver time: 0.167s
Solving with solver Boolector 3.2.1
Encoding to solver time: 0.167s
Runtime decision procedure: 14.414s
The forward condition is unable to prove the property
*** Checking base case, k = 3
Starting Bounded Model Checking
No target candidate for function call *__a
No target candidate for function call *__a
No target candidate for function call *__a___0
Unwinding loop 1  iteration  1   file string.c line 263 function memcpy
No target candidate for function call *__a
No target candidate for function call *__a
No target candidate for function call *__a___0
Unwinding loop 1  iteration  1   file string.c line 263 function memcpy
Unwinding loop 1  iteration  1   file string.c line 263 function memcpy
Unwinding loop 1  iteration  2   file string.c line 263 function memcpy
Not unwinding 
No target candidate for function call *__a
No target candidate for function call *__a___0
No target candidate for function call *__a
Unwinding loop 1  iteration  1   file string.c line 263 function memcpy
Unwinding loop 3  iteration  1   file 32_1_cilled_ok_nondet_linux-3.4-32_1-drivers--media--dvb--dvb-usb--dvb-usb-ttusb2.ko-ldv_main0_sequence_infinite_withcheck_stateful.cil.out.i line 9971 function main
No target candidate for function call *__a
No target candidate for function call *__a
No target candidate for function call *__a___0
Unwinding loop 1  iteration  1   file string.c line 263 function memcpy
No target candidate for function call *__a
No target candidate for function call *__a
No target candidate for function call *__a___0
Unwinding loop 1  iteration  1   file string.c line 263 function memcpy
Unwinding loop 1  iteration  1   file string.c line 263 function memcpy
Unwinding loop 1  iteration  2   file string.c line 263 function memcpy
Not unwinding 
No target candidate for function call *__a
No target candidate for function call *__a___0
No target candidate for function call *__a
Unwinding loop 1  iteration  1   file string.c line 263 function memcpy
Unwinding loop 3  iteration  2   file 32_1_cilled_ok_nondet_linux-3.4-32_1-drivers--media--dvb--dvb-usb--dvb-usb-ttusb2.ko-ldv_main0_sequence_infinite_withcheck_stateful.cil.out.i line 9971 function main
No target candidate for function call *__a
No target candidate for function call *__a
No target candidate for function call *__a___0
Unwinding loop 1  iteration  1   file string.c line 263 function memcpy
No target candidate for function call *__a
No target candidate for function call *__a
No target candidate for function call *__a___0
Unwinding loop 1  iteration  1   file string.c line 263 function memcpy
Unwinding loop 1  iteration  1   file string.c line 263 function memcpy
Unwinding loop 1  iteration  2   file string.c line 263 function memcpy
Not unwinding 
No target candidate for function call *__a
No target candidate for function call *__a___0
No target candidate for function call *__a
Unwinding loop 1  iteration  1   file string.c line 263 function memcpy
Not unwinding 
Symex completed in: 3.258s (10044 assignments)
Slicing time: 0.084s (removed 8923 assignments)
Generated 0 VCC(s), 0 remaining after simplification (1121 assignments)
BMC program time: 3.343s
No bug has been found in the base case
*** Checking forward condition, k = 3
Starting Bounded Model Checking
No target candidate for function call *__a
No target candidate for function call *__a
No target candidate for function call *__a___0
Unwinding loop 1  iteration  1   file string.c line 263 function memcpy
No target candidate for function call *__a
No target candidate for function call *__a
No target candidate for function call *__a___0
Unwinding loop 1  iteration  1   file string.c line 263 function memcpy
Unwinding loop 1  iteration  1   file string.c line 263 function memcpy
Unwinding loop 1  iteration  2   file string.c line 263 function memcpy
Not unwinding 
No target candidate for function call *__a
No target candidate for function call *__a___0
No target candidate for function call *__a
Unwinding loop 1  iteration  1   file string.c line 263 function memcpy
Unwinding loop 3  iteration  1   file 32_1_cilled_ok_nondet_linux-3.4-32_1-drivers--media--dvb--dvb-usb--dvb-usb-ttusb2.ko-ldv_main0_sequence_infinite_withcheck_stateful.cil.out.i line 9971 function main
No target candidate for function call *__a
No target candidate for function call *__a
No target candidate for function call *__a___0
Unwinding loop 1  iteration  1   file string.c line 263 function memcpy
No target candidate for function call *__a
No target candidate for function call *__a
No target candidate for function call *__a___0
Unwinding loop 1  iteration  1   file string.c line 263 function memcpy
Unwinding loop 1  iteration  1   file string.c line 263 function memcpy
Unwinding loop 1  iteration  2   file string.c line 263 function memcpy
Not unwinding 
No target candidate for function call *__a
No target candidate for function call *__a___0
No target candidate for function call *__a
Unwinding loop 1  iteration  1   file string.c line 263 function memcpy
Unwinding loop 3  iteration  2   file 32_1_cilled_ok_nondet_linux-3.4-32_1-drivers--media--dvb--dvb-usb--dvb-usb-ttusb2.ko-ldv_main0_sequence_infinite_withcheck_stateful.cil.out.i line 9971 function main
No target candidate for function call *__a
No target candidate for function call *__a
No target candidate for function call *__a___0
Unwinding loop 1  iteration  1   file string.c line 263 function memcpy
No target candidate for function call *__a
No target candidate for function call *__a
No target candidate for function call *__a___0
Unwinding loop 1  iteration  1   file string.c line 263 function memcpy
Unwinding loop 1  iteration  1   file string.c line 263 function memcpy
Unwinding loop 1  iteration  2   file string.c line 263 function memcpy
Not unwinding 
No target candidate for function call *__a
No target candidate for function call *__a___0
No target candidate for function call *__a
Unwinding loop 1  iteration  1   file string.c line 263 function memcpy
Not unwinding 
Symex completed in: 3.806s (10044 assignments)
Slicing time: 0.084s (removed 8923 assignments)
Generated 4 VCC(s), 4 remaining after simplification (1121 assignments)
No solver specified; defaulting to Boolector
Encoding remaining VCC(s) using bit-vector/floating-point arithmetic
Encoding to solver time: 1.515s
Solving with solver Boolector 3.2.1
Encoding to solver time: 1.515s
Runtime decision procedure: 35.480s
The forward condition is unable to prove the property
*** Checking inductive step, k = 3
Starting Bounded Model Checking
No target candidate for function call *__a
No target candidate for function call *__a
No target candidate for function call *__a___0
Unwinding loop 1  iteration  1   file string.c line 263 function memcpy
Unwinding loop 1  iteration  2   file string.c line 263 function memcpy
Not unwinding 
Unwinding loop 1  iteration  1   file string.c line 263 function memcpy
Unwinding loop 1  iteration  2   file string.c line 263 function memcpy
Not unwinding 
No target candidate for function call *__a
No target candidate for function call *__a
No target candidate for function call *__a___0
Unwinding loop 1  iteration  1   file string.c line 263 function memcpy
Unwinding loop 1  iteration  2   file string.c line 263 function memcpy
Not unwinding 
Unwinding loop 1  iteration  1   file string.c line 263 function memcpy
Unwinding loop 1  iteration  2   file string.c line 263 function memcpy
Not unwinding 
Unwinding loop 1  iteration  1   file string.c line 263 function memcpy
Unwinding loop 1  iteration  2   file string.c line 263 function memcpy
Not unwinding 
Unwinding loop 1  iteration  1   file string.c line 263 function memcpy
Unwinding loop 1  iteration  2   file string.c line 263 function memcpy
Not unwinding 
No target candidate for function call *__a
No target candidate for function call *__a___0
No target candidate for function call *__a
Unwinding loop 1  iteration  1   file string.c line 263 function memcpy
Unwinding loop 1  iteration  2   file string.c line 263 function memcpy
Not unwinding 
Unwinding loop 1  iteration  1   file string.c line 263 function memcpy
Unwinding loop 1  iteration  2   file string.c line 263 function memcpy
Not unwinding 
Unwinding loop 3  iteration  1   file 32_1_cilled_ok_nondet_linux-3.4-32_1-drivers--media--dvb--dvb-usb--dvb-usb-ttusb2.ko-ldv_main0_sequence_infinite_withcheck_stateful.cil.out.i line 9971 function main
No target candidate for function call *__a
No target candidate for function call *__a
No target candidate for function call *__a___0
Unwinding loop 1  iteration  1   file string.c line 263 function memcpy
Unwinding loop 1  iteration  2   file string.c line 263 function memcpy
Not unwinding 
Unwinding loop 1  iteration  1   file string.c line 263 function memcpy
Unwinding loop 1  iteration  2   file string.c line 263 function memcpy
Not unwinding 
No target candidate for function call *__a
No target candidate for function call *__a
No target candidate for function call *__a___0
Unwinding loop 1  iteration  1   file string.c line 263 function memcpy
Unwinding loop 1  iteration  2   file string.c line 263 function memcpy
Not unwinding 
Unwinding loop 1  iteration  1   file string.c line 263 function memcpy
Unwinding loop 1  iteration  2   file string.c line 263 function memcpy
Not unwinding 
Unwinding loop 1  iteration  1   file string.c line 263 function memcpy
Unwinding loop 1  iteration  2   file string.c line 263 function memcpy
Not unwinding 
Unwinding loop 1  iteration  1   file string.c line 263 function memcpy
Unwinding loop 1  iteration  2   file string.c line 263 function memcpy
Not unwinding 
No target candidate for function call *__a
No target candidate for function call *__a___0
No target candidate for function call *__a
Unwinding loop 1  iteration  1   file string.c line 263 function memcpy
Unwinding loop 1  iteration  2   file string.c line 263 function memcpy
Not unwinding 
Unwinding loop 1  iteration  1   file string.c line 263 function memcpy
Unwinding loop 1  iteration  2   file string.c line 263 function memcpy
Not unwinding 
Unwinding loop 3  iteration  2   file 32_1_cilled_ok_nondet_linux-3.4-32_1-drivers--media--dvb--dvb-usb--dvb-usb-ttusb2.ko-ldv_main0_sequence_infinite_withcheck_stateful.cil.out.i line 9971 function main
No target candidate for function call *__a
No target candidate for function call *__a
No target candidate for function call *__a___0
Unwinding loop 1  iteration  1   file string.c line 263 function memcpy
Unwinding loop 1  iteration  2   file string.c line 263 function memcpy
Not unwinding 
Unwinding loop 1  iteration  1   file string.c line 263 function memcpy
Unwinding loop 1  iteration  2   file string.c line 263 function memcpy
Not unwinding 
No target candidate for function call *__a
No target candidate for function call *__a
No target candidate for function call *__a___0
Unwinding loop 1  iteration  1   file string.c line 263 function memcpy
Unwinding loop 1  iteration  2   file string.c line 263 function memcpy
Not unwinding 
Unwinding loop 1  iteration  1   file string.c line 263 function memcpy
Unwinding loop 1  iteration  2   file string.c line 263 function memcpy
Not unwinding 
Unwinding loop 1  iteration  1   file string.c line 263 function memcpy
Unwinding loop 1  iteration  2   file string.c line 263 function memcpy
Not unwinding 
Unwinding loop 1  iteration  1   file string.c line 263 function memcpy
Unwinding loop 1  iteration  2   file string.c line 263 function memcpy
Not unwinding 
No target candidate for function call *__a
No target candidate for function call *__a___0
No target candidate for function call *__a
Unwinding loop 1  iteration  1   file string.c line 263 function memcpy
Unwinding loop 1  iteration  2   file string.c line 263 function memcpy
Not unwinding 
Unwinding loop 1  iteration  1   file string.c line 263 function memcpy
Unwinding loop 1  iteration  2   file string.c line 263 function memcpy
Not unwinding 
Not unwinding 
Symex completed in: 10.499s (11413 assignments)
Slicing time: 0.237s (removed 9076 assignments)
Generated 0 VCC(s), 0 remaining after simplification (2337 assignments)
BMC program time: 10.736s
Building successful trace

VERIFICATION SUCCESSFUL

Solution found by the inductive step (k = 3)

../sv-benchmarks/c/ldv-linux-3.4-simple/32_1_cilled_ok_nondet_linux-3.4-32_1-drivers--media--dvb--dvb-usb--dvb-usb-ttusb2.ko-ldv_main0_sequence_infinite_withcheck_stateful.cil.out.i:9949:1: warning: return type of 'main' is not 'int' [-Wmain-return-type]
void main(void)
^
../sv-benchmarks/c/ldv-linux-3.4-simple/32_1_cilled_ok_nondet_linux-3.4-32_1-drivers--media--dvb--dvb-usb--dvb-usb-ttusb2.ko-ldv_main0_sequence_infinite_withcheck_stateful.cil.out.i:9949:1: note: change return type to 'int'
void main(void)
^~~~
int

TRUE
