./esbmc-wrapper.py -p ../sv-benchmarks/c/properties/unreach-call.prp -s kinduction --arch 32 ../sv-benchmarks/c/list-simple/sll2c_update_all_reverse.i


--------------------------------------------------------------------------------


Verifying with ESBMC
Command: ./esbmc --no-div-by-zero-check --force-malloc-success --state-hashing --no-align-check --k-step 2 --floatbv --unlimited-k-steps ../sv-benchmarks/c/list-simple/sll2c_update_all_reverse.i --32 --witness-output sll2c_update_all_reverse.i.graphml --no-pointer-check --no-bounds-check --interval-analysis --k-induction --max-inductive-step 3 
ESBMC version 6.8.0 64-bit x86_64 linux
Target: 32-bit little-endian x86_64-unknown-linux with esbmc libc
file ../sv-benchmarks/c/list-simple/sll2c_update_all_reverse.i: Parsing
Converting
Generating GOTO Program
GOTO program creation time: 0.153s
GOTO program processing time: 0.002s
*** Checking base case, k = 1
Starting Bounded Model Checking
Not unwinding 
Symex completed in: 0.002s (47 assignments)
Slicing time: 0.000s (removed 41 assignments)
Generated 0 VCC(s), 0 remaining after simplification (6 assignments)
BMC program time: 0.002s
No bug has been found in the base case
*** Checking forward condition, k = 1
Starting Bounded Model Checking
Not unwinding 
Symex completed in: 0.002s (47 assignments)
Slicing time: 0.000s (removed 41 assignments)
Generated 1 VCC(s), 1 remaining after simplification (6 assignments)
No solver specified; defaulting to Boolector
Encoding remaining VCC(s) using bit-vector/floating-point arithmetic
Encoding to solver time: 0.001s
Solving with solver Boolector 3.2.1
Encoding to solver time: 0.001s
Runtime decision procedure: 0.054s
The forward condition is unable to prove the property
*** Checking base case, k = 3
Starting Bounded Model Checking
Unwinding loop 2  iteration  1   file sll2c_update_all_reverse.i line 586 function sll_circular_create
Unwinding loop 5  iteration  1   file sll2c_update_all_reverse.i line 614 function sll_circular_update_at
Unwinding loop 6  iteration  1   file sll2c_update_all_reverse.i line 625 function main
Unwinding loop 6  iteration  2   file sll2c_update_all_reverse.i line 625 function main
Unwinding loop 4  iteration  1   file sll2c_update_all_reverse.i line 607 function sll_circular_get_data_at
Unwinding loop 7  iteration  1   file sll2c_update_all_reverse.i line 629 function main
Unwinding loop 7  iteration  2   file sll2c_update_all_reverse.i line 629 function main
Unwinding loop 3  iteration  1   file sll2c_update_all_reverse.i line 598 function sll_circular_destroy
Unwinding loop 3  iteration  2   file sll2c_update_all_reverse.i line 598 function sll_circular_destroy
Not unwinding 
Symex completed in: 0.006s (123 assignments)
Slicing time: 0.001s (removed 94 assignments)
Generated 1 VCC(s), 1 remaining after simplification (29 assignments)
No solver specified; defaulting to Boolector
Encoding remaining VCC(s) using bit-vector/floating-point arithmetic
Encoding to solver time: 0.002s
Solving with solver Boolector 3.2.1
Encoding to solver time: 0.002s
Runtime decision procedure: 0.000s
BMC program time: 0.009s
No bug has been found in the base case
*** Checking forward condition, k = 3
Starting Bounded Model Checking
Unwinding loop 2  iteration  1   file sll2c_update_all_reverse.i line 586 function sll_circular_create
Unwinding loop 5  iteration  1   file sll2c_update_all_reverse.i line 614 function sll_circular_update_at
Unwinding loop 6  iteration  1   file sll2c_update_all_reverse.i line 625 function main
Unwinding loop 6  iteration  2   file sll2c_update_all_reverse.i line 625 function main
Unwinding loop 4  iteration  1   file sll2c_update_all_reverse.i line 607 function sll_circular_get_data_at
Unwinding loop 7  iteration  1   file sll2c_update_all_reverse.i line 629 function main
Unwinding loop 7  iteration  2   file sll2c_update_all_reverse.i line 629 function main
Unwinding loop 3  iteration  1   file sll2c_update_all_reverse.i line 598 function sll_circular_destroy
Unwinding loop 3  iteration  2   file sll2c_update_all_reverse.i line 598 function sll_circular_destroy
Not unwinding 
Symex completed in: 0.006s (122 assignments)
Slicing time: 0.000s (removed 94 assignments)
Generated 1 VCC(s), 1 remaining after simplification (28 assignments)
No solver specified; defaulting to Boolector
Encoding remaining VCC(s) using bit-vector/floating-point arithmetic
Encoding to solver time: 0.001s
Solving with solver Boolector 3.2.1
Encoding to solver time: 0.001s
Runtime decision procedure: 0.000s
BMC program time: 0.008s
Building successful trace

VERIFICATION SUCCESSFUL

Solution found by the forward condition; all states are reachable (k = 3


TRUE
