./esbmc-wrapper.py -p ../sv-benchmarks/c/properties/unreach-call.prp -s kinduction --arch 32 ../sv-benchmarks/c/combinations/pals_lcr.3.ufo.BOUNDED-6.pals+Problem12_label07.c


--------------------------------------------------------------------------------


Verifying with ESBMC
Command: ./esbmc --no-div-by-zero-check --force-malloc-success --state-hashing --no-align-check --k-step 2 --floatbv --unlimited-k-steps ../sv-benchmarks/c/combinations/pals_lcr.3.ufo.BOUNDED-6.pals+Problem12_label07.c --32 --witness-output pals_lcr.3.ufo.BOUNDED-6.pals+Problem12_label07.c.graphml --no-pointer-check --no-bounds-check --interval-analysis --k-induction --max-inductive-step 3 
ESBMC version 6.8.0 64-bit x86_64 linux
Target: 32-bit little-endian x86_64-unknown-linux with esbmc libc
file ../sv-benchmarks/c/combinations/pals_lcr.3.ufo.BOUNDED-6.pals+Problem12_label07.c: Parsing
Converting
Generating GOTO Program
GOTO program creation time: 0.806s
GOTO program processing time: 0.252s
*** Checking base case, k = 1
Starting Bounded Model Checking
Not unwinding 
Not unwinding 
Symex completed in: 0.058s (287 assignments)
Slicing time: 0.001s (removed 216 assignments)
Generated 1 VCC(s), 1 remaining after simplification (71 assignments)
No solver specified; defaulting to Boolector
Encoding remaining VCC(s) using bit-vector/floating-point arithmetic
Encoding to solver time: 0.001s
Solving with solver Boolector 3.2.1
Encoding to solver time: 0.001s
Runtime decision procedure: 0.000s
BMC program time: 0.061s
No bug has been found in the base case
*** Checking forward condition, k = 1
Starting Bounded Model Checking
Not unwinding 
Not unwinding 
Symex completed in: 0.056s (286 assignments)
Slicing time: 0.000s (removed 216 assignments)
Generated 2 VCC(s), 2 remaining after simplification (70 assignments)
No solver specified; defaulting to Boolector
Encoding remaining VCC(s) using bit-vector/floating-point arithmetic
Encoding to solver time: 0.000s
Solving with solver Boolector 3.2.1
Encoding to solver time: 0.000s
Runtime decision procedure: 0.012s
The forward condition is unable to prove the property
*** Checking base case, k = 3
Starting Bounded Model Checking
Unwinding loop 2  iteration  1   file pals_lcr.3.ufo.BOUNDED-6.pals+Problem12_label07.c line 265 function main1
Unwinding loop 2  iteration  2   file pals_lcr.3.ufo.BOUNDED-6.pals+Problem12_label07.c line 265 function main1
Not unwinding 
Unwinding loop 3  iteration  1   file pals_lcr.3.ufo.BOUNDED-6.pals+Problem12_label07.c line 5111 function main2
Unwinding loop 3  iteration  2   file pals_lcr.3.ufo.BOUNDED-6.pals+Problem12_label07.c line 5111 function main2
Not unwinding 
Symex completed in: 0.921s (17546 assignments)
Slicing time: 0.091s (removed 13613 assignments)
Generated 5 VCC(s), 5 remaining after simplification (3933 assignments)
No solver specified; defaulting to Boolector
Encoding remaining VCC(s) using bit-vector/floating-point arithmetic
Encoding to solver time: 0.073s
Solving with solver Boolector 3.2.1
Encoding to solver time: 0.073s
Runtime decision procedure: 4.515s
BMC program time: 5.601s
No bug has been found in the base case
*** Checking forward condition, k = 3
Starting Bounded Model Checking
Unwinding loop 2  iteration  1   file pals_lcr.3.ufo.BOUNDED-6.pals+Problem12_label07.c line 265 function main1
Unwinding loop 2  iteration  2   file pals_lcr.3.ufo.BOUNDED-6.pals+Problem12_label07.c line 265 function main1
Not unwinding 
Unwinding loop 3  iteration  1   file pals_lcr.3.ufo.BOUNDED-6.pals+Problem12_label07.c line 5111 function main2
Unwinding loop 3  iteration  2   file pals_lcr.3.ufo.BOUNDED-6.pals+Problem12_label07.c line 5111 function main2
Not unwinding 
Symex completed in: 1.047s (17541 assignments)
Slicing time: 0.092s (removed 13613 assignments)
Generated 2 VCC(s), 2 remaining after simplification (3928 assignments)
No solver specified; defaulting to Boolector
Encoding remaining VCC(s) using bit-vector/floating-point arithmetic
Encoding to solver time: 0.078s
Solving with solver Boolector 3.2.1
Encoding to solver time: 0.078s
Runtime decision procedure: 4.539s
The forward condition is unable to prove the property
*** Checking inductive step, k = 3
Starting Bounded Model Checking
Unwinding loop 2  iteration  1   file pals_lcr.3.ufo.BOUNDED-6.pals+Problem12_label07.c line 265 function main1
Unwinding loop 2  iteration  2   file pals_lcr.3.ufo.BOUNDED-6.pals+Problem12_label07.c line 265 function main1
Not unwinding 
Unwinding loop 3  iteration  1   file pals_lcr.3.ufo.BOUNDED-6.pals+Problem12_label07.c line 5111 function main2
Unwinding loop 3  iteration  2   file pals_lcr.3.ufo.BOUNDED-6.pals+Problem12_label07.c line 5111 function main2
Not unwinding 
Symex completed in: 2.067s (36808 assignments)
Slicing time: 2.331s (removed 15728 assignments)
Generated 2 VCC(s), 2 remaining after simplification (21080 assignments)
No solver specified; defaulting to Boolector
Encoding remaining VCC(s) using bit-vector/floating-point arithmetic
Encoding to solver time: 0.621s
Solving with solver Boolector 3.2.1
Encoding to solver time: 0.621s
Runtime decision procedure: 23.980s
The inductive step is unable to prove the property
*** Checking base case, k = 5
Starting Bounded Model Checking
Unwinding loop 2  iteration  1   file pals_lcr.3.ufo.BOUNDED-6.pals+Problem12_label07.c line 265 function main1
Unwinding loop 2  iteration  2   file pals_lcr.3.ufo.BOUNDED-6.pals+Problem12_label07.c line 265 function main1
Unwinding loop 2  iteration  3   file pals_lcr.3.ufo.BOUNDED-6.pals+Problem12_label07.c line 265 function main1
Unwinding loop 2  iteration  4   file pals_lcr.3.ufo.BOUNDED-6.pals+Problem12_label07.c line 265 function main1
Not unwinding 
Unwinding loop 3  iteration  1   file pals_lcr.3.ufo.BOUNDED-6.pals+Problem12_label07.c line 5111 function main2
Unwinding loop 3  iteration  2   file pals_lcr.3.ufo.BOUNDED-6.pals+Problem12_label07.c line 5111 function main2
Unwinding loop 3  iteration  3   file pals_lcr.3.ufo.BOUNDED-6.pals+Problem12_label07.c line 5111 function main2
Unwinding loop 3  iteration  4   file pals_lcr.3.ufo.BOUNDED-6.pals+Problem12_label07.c line 5111 function main2
Not unwinding 
Symex completed in: 2.648s (40324 assignments)
Slicing time: 0.833s (removed 21083 assignments)
Generated 9 VCC(s), 9 remaining after simplification (19241 assignments)
No solver specified; defaulting to Boolector
Encoding remaining VCC(s) using bit-vector/floating-point arithmetic
Encoding to solver time: 0.503s
Solving with solver Boolector 3.2.1
Encoding to solver time: 0.503s
Runtime decision procedure: 35.714s
Building error trace

Counterexample:

State 1 file pals_lcr.3.ufo.BOUNDED-6.pals+Problem12_label07.c line 5115 function main2 thread 0
----------------------------------------------------
  input = 6 (00000000 00000000 00000000 00000110)

State 2 file pals_lcr.3.ufo.BOUNDED-6.pals+Problem12_label07.c line 5115 function main2 thread 0
----------------------------------------------------
  input = 6 (00000000 00000000 00000000 00000110)

State 3 file pals_lcr.3.ufo.BOUNDED-6.pals+Problem12_label07.c line 732 function calculate_output thread 0
----------------------------------------------------
  a17 = -22034 (11111111 11111111 10101001 11101110)

State 4 file pals_lcr.3.ufo.BOUNDED-6.pals+Problem12_label07.c line 5115 function main2 thread 0
----------------------------------------------------
  input = 4 (00000000 00000000 00000000 00000100)

State 5 file pals_lcr.3.ufo.BOUNDED-6.pals+Problem12_label07.c line 3040 function calculate_output2 thread 0
----------------------------------------------------
  a2 = 271 (00000000 00000000 00000001 00001111)

State 6 file pals_lcr.3.ufo.BOUNDED-6.pals+Problem12_label07.c line 3041 function calculate_output2 thread 0
----------------------------------------------------
  a17 = 76 (00000000 00000000 00000000 01001100)

State 7 file pals_lcr.3.ufo.BOUNDED-6.pals+Problem12_label07.c line 5115 function main2 thread 0
----------------------------------------------------
  input = 2 (00000000 00000000 00000000 00000010)

State 8 file pals_lcr.3.ufo.BOUNDED-6.pals+Problem12_label07.c line 3501 function calculate_output3 thread 0
----------------------------------------------------
  a2 = -560971 (11111111 11110111 01110000 10110101)

State 9 file pals_lcr.3.ufo.BOUNDED-6.pals+Problem12_label07.c line 3502 function calculate_output3 thread 0
----------------------------------------------------
  a17 = 164 (00000000 00000000 00000000 10100100)

State 10 file pals_lcr.3.ufo.BOUNDED-6.pals+Problem12_label07.c line 5115 function main2 thread 0
----------------------------------------------------
  input = 1 (00000000 00000000 00000000 00000001)

State 11 file pals_lcr.3.ufo.BOUNDED-6.pals+Problem12_label07.c line 20 function reach_error thread 0
----------------------------------------------------
Violated property:
  file pals_lcr.3.ufo.BOUNDED-6.pals+Problem12_label07.c line 20 function reach_error
  assertion 0
  0


VERIFICATION FAILED

Bug found (k = 5)


FALSE_REACH
