./esbmc-wrapper.py -p ../sv-benchmarks/c/properties/unreach-call.prp -s kinduction --arch 32 ../sv-benchmarks/c/product-lines/email_spec27_product19.cil.c


--------------------------------------------------------------------------------


Verifying with ESBMC
Command: ./esbmc --no-div-by-zero-check --force-malloc-success --state-hashing --no-align-check --k-step 2 --floatbv --unlimited-k-steps ../sv-benchmarks/c/product-lines/email_spec27_product19.cil.c --32 --witness-output email_spec27_product19.cil.c.graphml --no-pointer-check --no-bounds-check --interval-analysis --k-induction --max-inductive-step 3 
ESBMC version 6.8.0 64-bit x86_64 linux
Target: 32-bit little-endian x86_64-unknown-linux with esbmc libc
file ../sv-benchmarks/c/product-lines/email_spec27_product19.cil.c: Parsing
Converting
Generating GOTO Program
GOTO program creation time: 0.238s
GOTO program processing time: 0.123s
*** Checking base case, k = 1
Starting Bounded Model Checking
Not unwinding 
Symex completed in: 0.051s (652 assignments)
Slicing time: 0.001s (removed 613 assignments)
Generated 0 VCC(s), 0 remaining after simplification (39 assignments)
BMC program time: 0.052s
No bug has been found in the base case
*** Checking forward condition, k = 1
Starting Bounded Model Checking
Not unwinding 
Symex completed in: 0.043s (652 assignments)
Slicing time: 0.001s (removed 613 assignments)
Generated 1 VCC(s), 1 remaining after simplification (39 assignments)
No solver specified; defaulting to Boolector
Encoding remaining VCC(s) using bit-vector/floating-point arithmetic
Encoding to solver time: 0.003s
Solving with solver Boolector 3.2.1
Encoding to solver time: 0.003s
Runtime decision procedure: 0.186s
The forward condition is unable to prove the property
*** Checking base case, k = 3
Starting Bounded Model Checking
Unwinding loop 4  iteration  1   file email_spec27_product19.cil.c line 840 function test
Unwinding loop 4  iteration  2   file email_spec27_product19.cil.c line 840 function test
Not unwinding 
Symex completed in: 0.208s (2512 assignments)
Slicing time: 0.025s (removed 1717 assignments)
Generated 2 VCC(s), 2 remaining after simplification (795 assignments)
No solver specified; defaulting to Boolector
Encoding remaining VCC(s) using bit-vector/floating-point arithmetic
Encoding to solver time: 0.010s
Solving with solver Boolector 3.2.1
Encoding to solver time: 0.010s
Runtime decision procedure: 0.300s
Building error trace

Counterexample:
bob: 1

rjh: 2

chuck: 3


State 4 file email_spec27_product19.cil.c line 850 function test thread 0
----------------------------------------------------
  tmp___9 = 0 (00000000 00000000 00000000 00000000)

State 5 file email_spec27_product19.cil.c line 864 function test thread 0
----------------------------------------------------
  tmp___8 = 0 (00000000 00000000 00000000 00000000)

State 6 file email_spec27_product19.cil.c line 875 function test thread 0
----------------------------------------------------
  tmp___7 = 0 (00000000 00000000 00000000 00000000)

State 7 file email_spec27_product19.cil.c line 889 function test thread 0
----------------------------------------------------
  tmp___6 = -2147483648 (10000000 00000000 00000000 00000000)

State 8 file email_spec27_product19.cil.c line 850 function test thread 0
----------------------------------------------------
  tmp___9 = 0 (00000000 00000000 00000000 00000000)

State 9 file email_spec27_product19.cil.c line 864 function test thread 0
----------------------------------------------------
  tmp___8 = 0 (00000000 00000000 00000000 00000000)

State 10 file email_spec27_product19.cil.c line 875 function test thread 0
----------------------------------------------------
  tmp___7 = 0 (00000000 00000000 00000000 00000000)

State 11 file email_spec27_product19.cil.c line 903 function test thread 0
----------------------------------------------------
  tmp___5 = 0 (00000000 00000000 00000000 00000000)

State 12 file email_spec27_product19.cil.c line 917 function test thread 0
----------------------------------------------------
  tmp___4 = -2147483648 (10000000 00000000 00000000 00000000)

State 13 file email_spec27_product19.cil.c line 850 function test thread 0
----------------------------------------------------
  tmp___9 = 0 (00000000 00000000 00000000 00000000)

State 14 file email_spec27_product19.cil.c line 864 function test thread 0
----------------------------------------------------
  tmp___8 = 0 (00000000 00000000 00000000 00000000)

State 15 file email_spec27_product19.cil.c line 875 function test thread 0
----------------------------------------------------
  tmp___7 = 0 (00000000 00000000 00000000 00000000)

State 16 file email_spec27_product19.cil.c line 903 function test thread 0
----------------------------------------------------
  tmp___5 = 0 (00000000 00000000 00000000 00000000)

State 17 file email_spec27_product19.cil.c line 931 function test thread 0
----------------------------------------------------
  tmp___3 = 0 (00000000 00000000 00000000 00000000)

State 18 file email_spec27_product19.cil.c line 945 function test thread 0
----------------------------------------------------
  tmp___2 = 0 (00000000 00000000 00000000 00000000)

State 19 file email_spec27_product19.cil.c line 956 function test thread 0
----------------------------------------------------
  tmp___1 = 0 (00000000 00000000 00000000 00000000)

State 20 file email_spec27_product19.cil.c line 970 function test thread 0
----------------------------------------------------
  tmp___0 = 0 (00000000 00000000 00000000 00000000)

State 21 file email_spec27_product19.cil.c line 984 function test thread 0
----------------------------------------------------
  tmp = 0 (00000000 00000000 00000000 00000000)
Please enter a subject and a message body.



State 23 file email_spec27_product19.cil.c line 1735 function getClientPrivateKey thread 0
----------------------------------------------------
  retValue_acc = 123 (00000000 00000000 00000000 01111011)

State 24 file email_spec27_product19.cil.c line 2824 function sign thread 0
----------------------------------------------------
  privkey = 123 (00000000 00000000 00000000 01111011)

State 25 file email_spec27_product19.cil.c line 2565 function setEmailSignKey thread 0
----------------------------------------------------
  __ste_email_signKey0 = 123 (00000000 00000000 00000000 01111011)
mail sent


State 27 file email_spec27_product19.cil.c line 2509 function isSigned thread 0
----------------------------------------------------
  retValue_acc = 1 (00000000 00000000 00000000 00000001)

State 28 file email_spec27_product19.cil.c line 2036 function findPublicKey thread 0
----------------------------------------------------
  retValue_acc = 123 (00000000 00000000 00000000 01111011)

State 29 file email_spec27_product19.cil.c line 2878 function verify thread 0
----------------------------------------------------
  pubkey = 123 (00000000 00000000 00000000 01111011)

State 30 file email_spec27_product19.cil.c line 2546 function getEmailSignKey thread 0
----------------------------------------------------
  retValue_acc = 123 (00000000 00000000 00000000 01111011)
keypair valid 123 123

State 32 file email_spec27_product19.cil.c line 2802 function isKeyPairValid thread 0
----------------------------------------------------
  retValue_acc = 1 (00000000 00000000 00000000 00000001)
before deliver



State 34 file email_spec27_product19.cil.c line 2583 function isVerified thread 0
----------------------------------------------------
  retValue_acc = 1 (00000000 00000000 00000000 00000001)

State 35 file email_spec27_product19.cil.c line 2036 function findPublicKey thread 0
----------------------------------------------------
  retValue_acc = 123 (00000000 00000000 00000000 01111011)

State 36 file email_spec27_product19.cil.c line 438 function __utac_acc__VerifyForward_spec__1 thread 0
----------------------------------------------------
  pubkey = 123 (00000000 00000000 00000000 01111011)
mail delivered



State 38 file email_spec27_product19.cil.c line 2127 function getClientForwardReceiver thread 0
----------------------------------------------------
  retValue_acc = 3 (00000000 00000000 00000000 00000011)

State 39 file email_spec27_product19.cil.c line 2693 function incoming__wrappee__Forward thread 0
----------------------------------------------------
  fwreceiver = 3 (00000000 00000000 00000000 00000011)

State 40 file email_spec27_product19.cil.c line 2339 function setEmailTo thread 0
----------------------------------------------------
  __ste_email_to0 = 3 (00000000 00000000 00000000 00000011)
Forwarding message.


ID:
  0

FROM:
  1

TO:
  0

IS_READABLE
  1

SIGNED
  0

SIGNATURE
  0

SIGNATURE VERIFIED
  0


State 49 file email_spec27_product19.cil.c line 2759 function is_queue_empty thread 0
----------------------------------------------------
  retValue_acc = 0 (00000000 00000000 00000000 00000000)

State 50 file email_spec27_product19.cil.c line 2777 function get_queued_email thread 0
----------------------------------------------------
  retValue_acc = 1 (00000000 00000000 00000000 00000001)

State 51 file email_spec27_product19.cil.c line 2768 function get_queued_client thread 0
----------------------------------------------------
  retValue_acc = 2 (00000000 00000000 00000000 00000010)

State 52 file email_spec27_product19.cil.c line 1739 function getClientPrivateKey thread 0
----------------------------------------------------
  retValue_acc = 456 (00000000 00000000 00000001 11001000)

State 53 file email_spec27_product19.cil.c line 2824 function sign thread 0
----------------------------------------------------
  privkey = 456 (00000000 00000000 00000001 11001000)

State 54 file email_spec27_product19.cil.c line 2565 function setEmailSignKey thread 0
----------------------------------------------------
  __ste_email_signKey0 = 456 (00000000 00000000 00000001 11001000)

State 55 file email_spec27_product19.cil.c line 2302 function setEmailFrom thread 0
----------------------------------------------------
  __ste_email_from0 = 2 (00000000 00000000 00000000 00000010)
mail sent


State 57 file email_spec27_product19.cil.c line 2320 function getEmailTo thread 0
----------------------------------------------------
  retValue_acc = 3 (00000000 00000000 00000000 00000011)

State 58 file email_spec27_product19.cil.c line 2509 function isSigned thread 0
----------------------------------------------------
  retValue_acc = 1 (00000000 00000000 00000000 00000001)

State 59 file email_spec27_product19.cil.c line 2283 function getEmailFrom thread 0
----------------------------------------------------
  retValue_acc = 2 (00000000 00000000 00000000 00000010)

State 60 file email_spec27_product19.cil.c line 2878 function verify thread 0
----------------------------------------------------
  pubkey = 0 (00000000 00000000 00000000 00000000)

State 61 file email_spec27_product19.cil.c line 2667 function deliver thread 0
----------------------------------------------------
  __utac__ad__arg1 = 3 (00000000 00000000 00000000 00000011)

State 62 file email_spec27_product19.cil.c line 2668 function deliver thread 0
----------------------------------------------------
  __utac__ad__arg2 = 1 (00000000 00000000 00000000 00000001)
before deliver



State 64 file email_spec27_product19.cil.c line 2583 function isVerified thread 0
----------------------------------------------------
  retValue_acc = 1 (00000000 00000000 00000000 00000001)

State 65 file email_spec27_product19.cil.c line 2283 function getEmailFrom thread 0
----------------------------------------------------
  retValue_acc = 2 (00000000 00000000 00000000 00000010)

State 66 file email_spec27_product19.cil.c line 438 function __utac_acc__VerifyForward_spec__1 thread 0
----------------------------------------------------
  pubkey = 0 (00000000 00000000 00000000 00000000)

State 67 file email_spec27_product19.cil.c line 3 function reach_error thread 0
----------------------------------------------------
Violated property:
  file email_spec27_product19.cil.c line 3 function reach_error
  assertion 0
  0


VERIFICATION FAILED

Bug found (k = 3)


FALSE_REACH
