./esbmc-wrapper.py -p ../sv-benchmarks/c/properties/unreach-call.prp -s kinduction --arch 32 ../sv-benchmarks/c/seq-mthreaded/pals_lcr.6.ufo.BOUNDED-12.pals.c


--------------------------------------------------------------------------------


Verifying with ESBMC
Command: ./esbmc --no-div-by-zero-check --force-malloc-success --state-hashing --no-align-check --k-step 2 --floatbv --unlimited-k-steps ../sv-benchmarks/c/seq-mthreaded/pals_lcr.6.ufo.BOUNDED-12.pals.c --32 --witness-output pals_lcr.6.ufo.BOUNDED-12.pals.c.graphml --no-pointer-check --no-bounds-check --interval-analysis --k-induction --max-inductive-step 3 
ESBMC version 6.8.0 64-bit x86_64 linux
Target: 32-bit little-endian x86_64-unknown-linux with esbmc libc
file ../sv-benchmarks/c/seq-mthreaded/pals_lcr.6.ufo.BOUNDED-12.pals.c: Parsing
Converting
Generating GOTO Program
GOTO program creation time: 0.161s
GOTO program processing time: 0.038s
*** Checking base case, k = 1
Starting Bounded Model Checking
Not unwinding 
Symex completed in: 0.020s (332 assignments)
Slicing time: 0.000s (removed 205 assignments)
Generated 1 VCC(s), 1 remaining after simplification (127 assignments)
No solver specified; defaulting to Boolector
Encoding remaining VCC(s) using bit-vector/floating-point arithmetic
Encoding to solver time: 0.002s
Solving with solver Boolector 3.2.1
Encoding to solver time: 0.002s
Runtime decision procedure: 0.002s
BMC program time: 0.027s
No bug has been found in the base case
*** Checking forward condition, k = 1
Starting Bounded Model Checking
Not unwinding 
Symex completed in: 0.019s (331 assignments)
Slicing time: 0.001s (removed 205 assignments)
Generated 1 VCC(s), 1 remaining after simplification (126 assignments)
No solver specified; defaulting to Boolector
Encoding remaining VCC(s) using bit-vector/floating-point arithmetic
Encoding to solver time: 0.003s
Solving with solver Boolector 3.2.1
Encoding to solver time: 0.003s
Runtime decision procedure: 0.049s
The forward condition is unable to prove the property
*** Checking base case, k = 3
Starting Bounded Model Checking
Unwinding loop 2  iteration  1   file pals_lcr.6.ufo.BOUNDED-12.pals.c line 467 function main
Unwinding loop 2  iteration  2   file pals_lcr.6.ufo.BOUNDED-12.pals.c line 467 function main
Not unwinding 
Symex completed in: 0.041s (738 assignments)
Slicing time: 0.002s (removed 417 assignments)
Generated 3 VCC(s), 3 remaining after simplification (321 assignments)
No solver specified; defaulting to Boolector
Encoding remaining VCC(s) using bit-vector/floating-point arithmetic
Encoding to solver time: 0.006s
Solving with solver Boolector 3.2.1
Encoding to solver time: 0.006s
Runtime decision procedure: 0.016s
BMC program time: 0.066s
No bug has been found in the base case
*** Checking forward condition, k = 3
Starting Bounded Model Checking
Unwinding loop 2  iteration  1   file pals_lcr.6.ufo.BOUNDED-12.pals.c line 467 function main
Unwinding loop 2  iteration  2   file pals_lcr.6.ufo.BOUNDED-12.pals.c line 467 function main
Not unwinding 
Symex completed in: 0.041s (735 assignments)
Slicing time: 0.002s (removed 417 assignments)
Generated 1 VCC(s), 1 remaining after simplification (318 assignments)
No solver specified; defaulting to Boolector
Encoding remaining VCC(s) using bit-vector/floating-point arithmetic
Encoding to solver time: 0.006s
Solving with solver Boolector 3.2.1
Encoding to solver time: 0.006s
Runtime decision procedure: 0.054s
The forward condition is unable to prove the property
*** Checking inductive step, k = 3
Starting Bounded Model Checking
Unwinding loop 2  iteration  1   file pals_lcr.6.ufo.BOUNDED-12.pals.c line 467 function main
Unwinding loop 2  iteration  2   file pals_lcr.6.ufo.BOUNDED-12.pals.c line 467 function main
Not unwinding 
Symex completed in: 0.074s (1090 assignments)
Slicing time: 0.010s (removed 522 assignments)
Generated 1 VCC(s), 1 remaining after simplification (568 assignments)
No solver specified; defaulting to Boolector
Encoding remaining VCC(s) using bit-vector/floating-point arithmetic
Encoding to solver time: 0.011s
Solving with solver Boolector 3.2.1
Encoding to solver time: 0.011s
Runtime decision procedure: 0.390s
The inductive step is unable to prove the property
*** Checking base case, k = 5
Starting Bounded Model Checking
Unwinding loop 2  iteration  1   file pals_lcr.6.ufo.BOUNDED-12.pals.c line 467 function main
Unwinding loop 2  iteration  2   file pals_lcr.6.ufo.BOUNDED-12.pals.c line 467 function main
Unwinding loop 2  iteration  3   file pals_lcr.6.ufo.BOUNDED-12.pals.c line 467 function main
Unwinding loop 2  iteration  4   file pals_lcr.6.ufo.BOUNDED-12.pals.c line 467 function main
Not unwinding 
Symex completed in: 0.062s (1144 assignments)
Slicing time: 0.004s (removed 563 assignments)
Generated 5 VCC(s), 5 remaining after simplification (581 assignments)
No solver specified; defaulting to Boolector
Encoding remaining VCC(s) using bit-vector/floating-point arithmetic
Encoding to solver time: 0.010s
Solving with solver Boolector 3.2.1
Encoding to solver time: 0.010s
Runtime decision procedure: 0.641s
BMC program time: 0.718s
No bug has been found in the base case
*** Checking forward condition, k = 5
Starting Bounded Model Checking
Unwinding loop 2  iteration  1   file pals_lcr.6.ufo.BOUNDED-12.pals.c line 467 function main
Unwinding loop 2  iteration  2   file pals_lcr.6.ufo.BOUNDED-12.pals.c line 467 function main
Unwinding loop 2  iteration  3   file pals_lcr.6.ufo.BOUNDED-12.pals.c line 467 function main
Unwinding loop 2  iteration  4   file pals_lcr.6.ufo.BOUNDED-12.pals.c line 467 function main
Not unwinding 
Symex completed in: 0.062s (1139 assignments)
Slicing time: 0.004s (removed 563 assignments)
Generated 1 VCC(s), 1 remaining after simplification (576 assignments)
No solver specified; defaulting to Boolector
Encoding remaining VCC(s) using bit-vector/floating-point arithmetic
Encoding to solver time: 0.010s
Solving with solver Boolector 3.2.1
Encoding to solver time: 0.010s
Runtime decision procedure: 0.115s
The forward condition is unable to prove the property
*** Checking base case, k = 7
Starting Bounded Model Checking
Unwinding loop 2  iteration  1   file pals_lcr.6.ufo.BOUNDED-12.pals.c line 467 function main
Unwinding loop 2  iteration  2   file pals_lcr.6.ufo.BOUNDED-12.pals.c line 467 function main
Unwinding loop 2  iteration  3   file pals_lcr.6.ufo.BOUNDED-12.pals.c line 467 function main
Unwinding loop 2  iteration  4   file pals_lcr.6.ufo.BOUNDED-12.pals.c line 467 function main
Unwinding loop 2  iteration  5   file pals_lcr.6.ufo.BOUNDED-12.pals.c line 467 function main
Unwinding loop 2  iteration  6   file pals_lcr.6.ufo.BOUNDED-12.pals.c line 467 function main
Not unwinding 
Symex completed in: 0.084s (1550 assignments)
Slicing time: 0.005s (removed 709 assignments)
Generated 7 VCC(s), 7 remaining after simplification (841 assignments)
No solver specified; defaulting to Boolector
Encoding remaining VCC(s) using bit-vector/floating-point arithmetic
Encoding to solver time: 0.015s
Solving with solver Boolector 3.2.1
Encoding to solver time: 0.015s
Runtime decision procedure: 0.970s
BMC program time: 1.075s
No bug has been found in the base case
*** Checking forward condition, k = 7
Starting Bounded Model Checking
Unwinding loop 2  iteration  1   file pals_lcr.6.ufo.BOUNDED-12.pals.c line 467 function main
Unwinding loop 2  iteration  2   file pals_lcr.6.ufo.BOUNDED-12.pals.c line 467 function main
Unwinding loop 2  iteration  3   file pals_lcr.6.ufo.BOUNDED-12.pals.c line 467 function main
Unwinding loop 2  iteration  4   file pals_lcr.6.ufo.BOUNDED-12.pals.c line 467 function main
Unwinding loop 2  iteration  5   file pals_lcr.6.ufo.BOUNDED-12.pals.c line 467 function main
Unwinding loop 2  iteration  6   file pals_lcr.6.ufo.BOUNDED-12.pals.c line 467 function main
Not unwinding 
Symex completed in: 0.087s (1543 assignments)
Slicing time: 0.005s (removed 709 assignments)
Generated 1 VCC(s), 1 remaining after simplification (834 assignments)
No solver specified; defaulting to Boolector
Encoding remaining VCC(s) using bit-vector/floating-point arithmetic
Encoding to solver time: 0.016s
Solving with solver Boolector 3.2.1
Encoding to solver time: 0.016s
Runtime decision procedure: 0.148s
The forward condition is unable to prove the property
*** Checking base case, k = 9
Starting Bounded Model Checking
Unwinding loop 2  iteration  1   file pals_lcr.6.ufo.BOUNDED-12.pals.c line 467 function main
Unwinding loop 2  iteration  2   file pals_lcr.6.ufo.BOUNDED-12.pals.c line 467 function main
Unwinding loop 2  iteration  3   file pals_lcr.6.ufo.BOUNDED-12.pals.c line 467 function main
Unwinding loop 2  iteration  4   file pals_lcr.6.ufo.BOUNDED-12.pals.c line 467 function main
Unwinding loop 2  iteration  5   file pals_lcr.6.ufo.BOUNDED-12.pals.c line 467 function main
Unwinding loop 2  iteration  6   file pals_lcr.6.ufo.BOUNDED-12.pals.c line 467 function main
Unwinding loop 2  iteration  7   file pals_lcr.6.ufo.BOUNDED-12.pals.c line 467 function main
Unwinding loop 2  iteration  8   file pals_lcr.6.ufo.BOUNDED-12.pals.c line 467 function main
Not unwinding 
Symex completed in: 0.105s (1956 assignments)
Slicing time: 0.006s (removed 855 assignments)
Generated 9 VCC(s), 9 remaining after simplification (1101 assignments)
No solver specified; defaulting to Boolector
Encoding remaining VCC(s) using bit-vector/floating-point arithmetic
Encoding to solver time: 0.020s
Solving with solver Boolector 3.2.1
Encoding to solver time: 0.020s
Runtime decision procedure: 1.725s
BMC program time: 1.857s
No bug has been found in the base case
*** Checking forward condition, k = 9
Starting Bounded Model Checking
Unwinding loop 2  iteration  1   file pals_lcr.6.ufo.BOUNDED-12.pals.c line 467 function main
Unwinding loop 2  iteration  2   file pals_lcr.6.ufo.BOUNDED-12.pals.c line 467 function main
Unwinding loop 2  iteration  3   file pals_lcr.6.ufo.BOUNDED-12.pals.c line 467 function main
Unwinding loop 2  iteration  4   file pals_lcr.6.ufo.BOUNDED-12.pals.c line 467 function main
Unwinding loop 2  iteration  5   file pals_lcr.6.ufo.BOUNDED-12.pals.c line 467 function main
Unwinding loop 2  iteration  6   file pals_lcr.6.ufo.BOUNDED-12.pals.c line 467 function main
Unwinding loop 2  iteration  7   file pals_lcr.6.ufo.BOUNDED-12.pals.c line 467 function main
Unwinding loop 2  iteration  8   file pals_lcr.6.ufo.BOUNDED-12.pals.c line 467 function main
Not unwinding 
Symex completed in: 0.103s (1947 assignments)
Slicing time: 0.006s (removed 855 assignments)
Generated 1 VCC(s), 1 remaining after simplification (1092 assignments)
No solver specified; defaulting to Boolector
Encoding remaining VCC(s) using bit-vector/floating-point arithmetic
Encoding to solver time: 0.020s
Solving with solver Boolector 3.2.1
Encoding to solver time: 0.020s
Runtime decision procedure: 0.176s
The forward condition is unable to prove the property
*** Checking base case, k = 11
Starting Bounded Model Checking
Unwinding loop 2  iteration  1   file pals_lcr.6.ufo.BOUNDED-12.pals.c line 467 function main
Unwinding loop 2  iteration  2   file pals_lcr.6.ufo.BOUNDED-12.pals.c line 467 function main
Unwinding loop 2  iteration  3   file pals_lcr.6.ufo.BOUNDED-12.pals.c line 467 function main
Unwinding loop 2  iteration  4   file pals_lcr.6.ufo.BOUNDED-12.pals.c line 467 function main
Unwinding loop 2  iteration  5   file pals_lcr.6.ufo.BOUNDED-12.pals.c line 467 function main
Unwinding loop 2  iteration  6   file pals_lcr.6.ufo.BOUNDED-12.pals.c line 467 function main
Unwinding loop 2  iteration  7   file pals_lcr.6.ufo.BOUNDED-12.pals.c line 467 function main
Unwinding loop 2  iteration  8   file pals_lcr.6.ufo.BOUNDED-12.pals.c line 467 function main
Unwinding loop 2  iteration  9   file pals_lcr.6.ufo.BOUNDED-12.pals.c line 467 function main
Unwinding loop 2  iteration  10   file pals_lcr.6.ufo.BOUNDED-12.pals.c line 467 function main
Not unwinding 
Symex completed in: 0.124s (2362 assignments)
Slicing time: 0.008s (removed 1001 assignments)
Generated 11 VCC(s), 11 remaining after simplification (1361 assignments)
No solver specified; defaulting to Boolector
Encoding remaining VCC(s) using bit-vector/floating-point arithmetic
Encoding to solver time: 0.024s
Solving with solver Boolector 3.2.1
Encoding to solver time: 0.024s
Runtime decision procedure: 2.522s
BMC program time: 2.679s
No bug has been found in the base case
*** Checking forward condition, k = 11
Starting Bounded Model Checking
Unwinding loop 2  iteration  1   file pals_lcr.6.ufo.BOUNDED-12.pals.c line 467 function main
Unwinding loop 2  iteration  2   file pals_lcr.6.ufo.BOUNDED-12.pals.c line 467 function main
Unwinding loop 2  iteration  3   file pals_lcr.6.ufo.BOUNDED-12.pals.c line 467 function main
Unwinding loop 2  iteration  4   file pals_lcr.6.ufo.BOUNDED-12.pals.c line 467 function main
Unwinding loop 2  iteration  5   file pals_lcr.6.ufo.BOUNDED-12.pals.c line 467 function main
Unwinding loop 2  iteration  6   file pals_lcr.6.ufo.BOUNDED-12.pals.c line 467 function main
Unwinding loop 2  iteration  7   file pals_lcr.6.ufo.BOUNDED-12.pals.c line 467 function main
Unwinding loop 2  iteration  8   file pals_lcr.6.ufo.BOUNDED-12.pals.c line 467 function main
Unwinding loop 2  iteration  9   file pals_lcr.6.ufo.BOUNDED-12.pals.c line 467 function main
Unwinding loop 2  iteration  10   file pals_lcr.6.ufo.BOUNDED-12.pals.c line 467 function main
Not unwinding 
Symex completed in: 0.126s (2351 assignments)
Slicing time: 0.008s (removed 1001 assignments)
Generated 1 VCC(s), 1 remaining after simplification (1350 assignments)
No solver specified; defaulting to Boolector
Encoding remaining VCC(s) using bit-vector/floating-point arithmetic
Encoding to solver time: 0.025s
Solving with solver Boolector 3.2.1
Encoding to solver time: 0.025s
Runtime decision procedure: 0.215s
The forward condition is unable to prove the property
*** Checking base case, k = 13
Starting Bounded Model Checking
Unwinding loop 2  iteration  1   file pals_lcr.6.ufo.BOUNDED-12.pals.c line 467 function main
Unwinding loop 2  iteration  2   file pals_lcr.6.ufo.BOUNDED-12.pals.c line 467 function main
Unwinding loop 2  iteration  3   file pals_lcr.6.ufo.BOUNDED-12.pals.c line 467 function main
Unwinding loop 2  iteration  4   file pals_lcr.6.ufo.BOUNDED-12.pals.c line 467 function main
Unwinding loop 2  iteration  5   file pals_lcr.6.ufo.BOUNDED-12.pals.c line 467 function main
Unwinding loop 2  iteration  6   file pals_lcr.6.ufo.BOUNDED-12.pals.c line 467 function main
Unwinding loop 2  iteration  7   file pals_lcr.6.ufo.BOUNDED-12.pals.c line 467 function main
Unwinding loop 2  iteration  8   file pals_lcr.6.ufo.BOUNDED-12.pals.c line 467 function main
Unwinding loop 2  iteration  9   file pals_lcr.6.ufo.BOUNDED-12.pals.c line 467 function main
Unwinding loop 2  iteration  10   file pals_lcr.6.ufo.BOUNDED-12.pals.c line 467 function main
Unwinding loop 2  iteration  11   file pals_lcr.6.ufo.BOUNDED-12.pals.c line 467 function main
Unwinding loop 2  iteration  12   file pals_lcr.6.ufo.BOUNDED-12.pals.c line 467 function main
Symex completed in: 0.139s (2564 assignments)
Slicing time: 0.009s (removed 1074 assignments)
Generated 12 VCC(s), 12 remaining after simplification (1490 assignments)
No solver specified; defaulting to Boolector
Encoding remaining VCC(s) using bit-vector/floating-point arithmetic
Encoding to solver time: 0.027s
Solving with solver Boolector 3.2.1
Encoding to solver time: 0.027s
Runtime decision procedure: 4.817s
BMC program time: 4.993s
No bug has been found in the base case
*** Checking forward condition, k = 13
Starting Bounded Model Checking
Unwinding loop 2  iteration  1   file pals_lcr.6.ufo.BOUNDED-12.pals.c line 467 function main
Unwinding loop 2  iteration  2   file pals_lcr.6.ufo.BOUNDED-12.pals.c line 467 function main
Unwinding loop 2  iteration  3   file pals_lcr.6.ufo.BOUNDED-12.pals.c line 467 function main
Unwinding loop 2  iteration  4   file pals_lcr.6.ufo.BOUNDED-12.pals.c line 467 function main
Unwinding loop 2  iteration  5   file pals_lcr.6.ufo.BOUNDED-12.pals.c line 467 function main
Unwinding loop 2  iteration  6   file pals_lcr.6.ufo.BOUNDED-12.pals.c line 467 function main
Unwinding loop 2  iteration  7   file pals_lcr.6.ufo.BOUNDED-12.pals.c line 467 function main
Unwinding loop 2  iteration  8   file pals_lcr.6.ufo.BOUNDED-12.pals.c line 467 function main
Unwinding loop 2  iteration  9   file pals_lcr.6.ufo.BOUNDED-12.pals.c line 467 function main
Unwinding loop 2  iteration  10   file pals_lcr.6.ufo.BOUNDED-12.pals.c line 467 function main
Unwinding loop 2  iteration  11   file pals_lcr.6.ufo.BOUNDED-12.pals.c line 467 function main
Unwinding loop 2  iteration  12   file pals_lcr.6.ufo.BOUNDED-12.pals.c line 467 function main
Symex completed in: 0.140s (2552 assignments)
Slicing time: 0.009s (removed 1074 assignments)
Generated 0 VCC(s), 0 remaining after simplification (1478 assignments)
BMC program time: 0.149s
Building successful trace

VERIFICATION SUCCESSFUL

Solution found by the forward condition; all states are reachable (k = 13


TRUE
