./esbmc-wrapper.py -p ../sv-benchmarks/c/properties/unreach-call.prp -s kinduction --arch 64 ../sv-benchmarks/c/ldv-linux-3.4-simple/43_1a_cilled_ok_nondet_linux-43_1a-drivers--net--phy--broadcom.ko-ldv_main0_sequence_infinite_withcheck_stateful.cil.out.i


--------------------------------------------------------------------------------


Verifying with ESBMC
Command: ./esbmc --no-div-by-zero-check --force-malloc-success --state-hashing --no-align-check --k-step 2 --floatbv --unlimited-k-steps ../sv-benchmarks/c/ldv-linux-3.4-simple/43_1a_cilled_ok_nondet_linux-43_1a-drivers--net--phy--broadcom.ko-ldv_main0_sequence_infinite_withcheck_stateful.cil.out.i --64 --witness-output 43_1a_cilled_ok_nondet_linux-43_1a-drivers--net--phy--broadcom.ko-ldv_main0_sequence_infinite_withcheck_stateful.cil.out.i.graphml --no-pointer-check --no-bounds-check --interval-analysis --k-induction --max-inductive-step 3 
ESBMC version 6.8.0 64-bit x86_64 linux
Target: 64-bit little-endian x86_64-unknown-linux with esbmc libc
file ../sv-benchmarks/c/ldv-linux-3.4-simple/43_1a_cilled_ok_nondet_linux-43_1a-drivers--net--phy--broadcom.ko-ldv_main0_sequence_infinite_withcheck_stateful.cil.out.i: Parsing
Converting
Generating GOTO Program
GOTO program creation time: 0.479s
GOTO program processing time: 0.073s
*** Checking base case, k = 1
Starting Bounded Model Checking
Not unwinding 
Symex completed in: 0.029s (108 assignments)
Slicing time: 0.000s (removed 57 assignments)
Generated 0 VCC(s), 0 remaining after simplification (51 assignments)
BMC program time: 0.029s
No bug has been found in the base case
*** Checking forward condition, k = 1
Starting Bounded Model Checking
Not unwinding 
Symex completed in: 0.030s (108 assignments)
Slicing time: 0.000s (removed 57 assignments)
Generated 1 VCC(s), 1 remaining after simplification (51 assignments)
No solver specified; defaulting to Boolector
Encoding remaining VCC(s) using bit-vector/floating-point arithmetic
Encoding to solver time: 0.001s
Solving with solver Boolector 3.2.1
Encoding to solver time: 0.001s
Runtime decision procedure: 0.060s
The forward condition is unable to prove the property
*** Checking base case, k = 3
Starting Bounded Model Checking
Unwinding loop 1  iteration  1   file 43_1a_cilled_ok_nondet_linux-43_1a-drivers--net--phy--broadcom.ko-ldv_main0_sequence_infinite_withcheck_stateful.cil.out.i line 4974 function main
Unwinding loop 1  iteration  2   file 43_1a_cilled_ok_nondet_linux-43_1a-drivers--net--phy--broadcom.ko-ldv_main0_sequence_infinite_withcheck_stateful.cil.out.i line 4974 function main
Not unwinding 
Symex completed in: 5.843s (32771 assignments)
Slicing time: 0.053s (removed 32644 assignments)
Generated 0 VCC(s), 0 remaining after simplification (127 assignments)
BMC program time: 5.896s
No bug has been found in the base case
*** Checking forward condition, k = 3
Starting Bounded Model Checking
Unwinding loop 1  iteration  1   file 43_1a_cilled_ok_nondet_linux-43_1a-drivers--net--phy--broadcom.ko-ldv_main0_sequence_infinite_withcheck_stateful.cil.out.i line 4974 function main
Unwinding loop 1  iteration  2   file 43_1a_cilled_ok_nondet_linux-43_1a-drivers--net--phy--broadcom.ko-ldv_main0_sequence_infinite_withcheck_stateful.cil.out.i line 4974 function main
Not unwinding 
Symex completed in: 7.782s (32771 assignments)
Slicing time: 0.056s (removed 32644 assignments)
Generated 1 VCC(s), 1 remaining after simplification (127 assignments)
No solver specified; defaulting to Boolector
Encoding remaining VCC(s) using bit-vector/floating-point arithmetic
Encoding to solver time: 0.015s
Solving with solver Boolector 3.2.1
Encoding to solver time: 0.015s
Runtime decision procedure: 0.094s
The forward condition is unable to prove the property
*** Checking inductive step, k = 3
Starting Bounded Model Checking
Unwinding loop 1  iteration  1   file 43_1a_cilled_ok_nondet_linux-43_1a-drivers--net--phy--broadcom.ko-ldv_main0_sequence_infinite_withcheck_stateful.cil.out.i line 4974 function main
Unwinding loop 1  iteration  2   file 43_1a_cilled_ok_nondet_linux-43_1a-drivers--net--phy--broadcom.ko-ldv_main0_sequence_infinite_withcheck_stateful.cil.out.i line 4974 function main
Not unwinding 
Symex completed in: 7.907s (34876 assignments)
Slicing time: 1.327s (removed 25498 assignments)
Generated 0 VCC(s), 0 remaining after simplification (9378 assignments)
BMC program time: 9.234s
Building successful trace

VERIFICATION SUCCESSFUL

Solution found by the inductive step (k = 3)

../sv-benchmarks/c/ldv-linux-3.4-simple/43_1a_cilled_ok_nondet_linux-43_1a-drivers--net--phy--broadcom.ko-ldv_main0_sequence_infinite_withcheck_stateful.cil.out.i:4658:1: warning: return type of 'main' is not 'int' [-Wmain-return-type]
void main(void)
^
../sv-benchmarks/c/ldv-linux-3.4-simple/43_1a_cilled_ok_nondet_linux-43_1a-drivers--net--phy--broadcom.ko-ldv_main0_sequence_infinite_withcheck_stateful.cil.out.i:4658:1: note: change return type to 'int'
void main(void)
^~~~
int

TRUE
