./esbmc-wrapper.py -p ../sv-benchmarks/c/properties/termination.prp -s kinduction --arch 32 ../sv-benchmarks/c/loops/sum03-1.i


--------------------------------------------------------------------------------


Verifying with ESBMC
Command: ./esbmc --no-div-by-zero-check --force-malloc-success --state-hashing --no-align-check --k-step 2 --floatbv --unlimited-k-steps ../sv-benchmarks/c/loops/sum03-1.i --32 --witness-output sum03-1.i.graphml --no-pointer-check --no-bounds-check --no-assertions --termination --max-inductive-step 3 
ESBMC version 6.8.0 64-bit x86_64 linux
Target: 32-bit little-endian x86_64-unknown-linux with esbmc libc
file ../sv-benchmarks/c/loops/sum03-1.i: Parsing
Converting
Generating GOTO Program
GOTO program creation time: 0.085s
GOTO program processing time: 0.000s
*** Checking forward condition, k = 1
Starting Bounded Model Checking
Not unwinding 
Symex completed in: 0.001s (20 assignments)
Slicing time: 0.000s (removed 18 assignments)
Generated 1 VCC(s), 1 remaining after simplification (2 assignments)
No solver specified; defaulting to Boolector
Encoding remaining VCC(s) using bit-vector/floating-point arithmetic
Encoding to solver time: 0.000s
Solving with solver Boolector 3.2.1
Encoding to solver time: 0.000s
Runtime decision procedure: 0.001s
The forward condition is unable to prove the property
*** Checking forward condition, k = 3
Starting Bounded Model Checking
Unwinding loop 1  iteration  1   file sum03-1.i line 24 function main
Unwinding loop 1  iteration  2   file sum03-1.i line 24 function main
Not unwinding 
Symex completed in: 0.000s (26 assignments)
Slicing time: 0.000s (removed 24 assignments)
Generated 1 VCC(s), 1 remaining after simplification (2 assignments)
No solver specified; defaulting to Boolector
Encoding remaining VCC(s) using bit-vector/floating-point arithmetic
Encoding to solver time: 0.000s
Solving with solver Boolector 3.2.1
Encoding to solver time: 0.000s
Runtime decision procedure: 0.000s
The forward condition is unable to prove the property
*** Checking forward condition, k = 5
Starting Bounded Model Checking
Unwinding loop 1  iteration  1   file sum03-1.i line 24 function main
Unwinding loop 1  iteration  2   file sum03-1.i line 24 function main
Unwinding loop 1  iteration  3   file sum03-1.i line 24 function main
Unwinding loop 1  iteration  4   file sum03-1.i line 24 function main
Not unwinding 
Symex completed in: 0.001s (32 assignments)
Slicing time: 0.000s (removed 30 assignments)
Generated 1 VCC(s), 1 remaining after simplification (2 assignments)
No solver specified; defaulting to Boolector
Encoding remaining VCC(s) using bit-vector/floating-point arithmetic
Encoding to solver time: 0.000s
Solving with solver Boolector 3.2.1
Encoding to solver time: 0.000s
Runtime decision procedure: 0.000s
The forward condition is unable to prove the property
*** Checking forward condition, k = 7
Starting Bounded Model Checking
Unwinding loop 1  iteration  1   file sum03-1.i line 24 function main
Unwinding loop 1  iteration  2   file sum03-1.i line 24 function main
Unwinding loop 1  iteration  3   file sum03-1.i line 24 function main
Unwinding loop 1  iteration  4   file sum03-1.i line 24 function main
Unwinding loop 1  iteration  5   file sum03-1.i line 24 function main
Unwinding loop 1  iteration  6   file sum03-1.i line 24 function main
Not unwinding 
Symex completed in: 0.000s (38 assignments)
Slicing time: 0.000s (removed 36 assignments)
Generated 1 VCC(s), 1 remaining after simplification (2 assignments)
No solver specified; defaulting to Boolector
Encoding remaining VCC(s) using bit-vector/floating-point arithmetic
Encoding to solver time: 0.000s
Solving with solver Boolector 3.2.1
Encoding to solver time: 0.000s
Runtime decision procedure: 0.000s
The forward condition is unable to prove the property
*** Checking forward condition, k = 9
Starting Bounded Model Checking
Unwinding loop 1  iteration  1   file sum03-1.i line 24 function main
Unwinding loop 1  iteration  2   file sum03-1.i line 24 function main
Unwinding loop 1  iteration  3   file sum03-1.i line 24 function main
Unwinding loop 1  iteration  4   file sum03-1.i line 24 function main
Unwinding loop 1  iteration  5   file sum03-1.i line 24 function main
Unwinding loop 1  iteration  6   file sum03-1.i line 24 function main
Unwinding loop 1  iteration  7   file sum03-1.i line 24 function main
Unwinding loop 1  iteration  8   file sum03-1.i line 24 function main
Not unwinding 
Symex completed in: 0.001s (44 assignments)
Slicing time: 0.000s (removed 42 assignments)
Generated 1 VCC(s), 1 remaining after simplification (2 assignments)
No solver specified; defaulting to Boolector
Encoding remaining VCC(s) using bit-vector/floating-point arithmetic
Encoding to solver time: 0.000s
Solving with solver Boolector 3.2.1
Encoding to solver time: 0.000s
Runtime decision procedure: 0.000s
The forward condition is unable to prove the property
*** Checking forward condition, k = 11
Starting Bounded Model Checking
Unwinding loop 1  iteration  1   file sum03-1.i line 24 function main
Unwinding loop 1  iteration  2   file sum03-1.i line 24 function main
Unwinding loop 1  iteration  3   file sum03-1.i line 24 function main
Unwinding loop 1  iteration  4   file sum03-1.i line 24 function main
Unwinding loop 1  iteration  5   file sum03-1.i line 24 function main
Unwinding loop 1  iteration  6   file sum03-1.i line 24 function main
Unwinding loop 1  iteration  7   file sum03-1.i line 24 function main
Unwinding loop 1  iteration  8   file sum03-1.i line 24 function main
Unwinding loop 1  iteration  9   file sum03-1.i line 24 function main
Unwinding loop 1  iteration  10   file sum03-1.i line 24 function main
Symex completed in: 0.001s (49 assignments)
Slicing time: 0.000s (removed 47 assignments)
Generated 0 VCC(s), 0 remaining after simplification (2 assignments)
BMC program time: 0.001s
Building successful trace

VERIFICATION SUCCESSFUL

Solution found by the forward condition; all states are reachable (k = 11


TRUE
