./esbmc-wrapper.py -p ../sv-benchmarks/c/properties/unreach-call.prp -s kinduction --arch 64 ../sv-benchmarks/c/ldv-linux-3.4-simple/43_1a_cilled_ok_nondet_linux-43_1a-drivers--acpi--fan.ko-ldv_main0_sequence_infinite_withcheck_stateful.cil.out.i


--------------------------------------------------------------------------------


Verifying with ESBMC
Command: ./esbmc --no-div-by-zero-check --force-malloc-success --state-hashing --no-align-check --k-step 2 --floatbv --unlimited-k-steps ../sv-benchmarks/c/ldv-linux-3.4-simple/43_1a_cilled_ok_nondet_linux-43_1a-drivers--acpi--fan.ko-ldv_main0_sequence_infinite_withcheck_stateful.cil.out.i --64 --witness-output 43_1a_cilled_ok_nondet_linux-43_1a-drivers--acpi--fan.ko-ldv_main0_sequence_infinite_withcheck_stateful.cil.out.i.graphml --no-pointer-check --no-bounds-check --interval-analysis --k-induction --max-inductive-step 3 
ESBMC version 6.8.0 64-bit x86_64 linux
Target: 64-bit little-endian x86_64-unknown-linux with esbmc libc
file ../sv-benchmarks/c/ldv-linux-3.4-simple/43_1a_cilled_ok_nondet_linux-43_1a-drivers--acpi--fan.ko-ldv_main0_sequence_infinite_withcheck_stateful.cil.out.i: Parsing
Converting
Generating GOTO Program
GOTO program creation time: 0.324s
GOTO program processing time: 0.013s
*** Checking base case, k = 1
Starting Bounded Model Checking
Not unwinding 
Symex completed in: 0.025s (228 assignments)
Slicing time: 0.001s (removed 204 assignments)
Generated 0 VCC(s), 0 remaining after simplification (24 assignments)
BMC program time: 0.026s
No bug has been found in the base case
*** Checking forward condition, k = 1
Starting Bounded Model Checking
Not unwinding 
Symex completed in: 0.025s (228 assignments)
Slicing time: 0.000s (removed 204 assignments)
Generated 1 VCC(s), 1 remaining after simplification (24 assignments)
No solver specified; defaulting to Boolector
Encoding remaining VCC(s) using bit-vector/floating-point arithmetic
Encoding to solver time: 0.003s
Solving with solver Boolector 3.2.1
Encoding to solver time: 0.003s
Runtime decision procedure: 0.578s
The forward condition is unable to prove the property
*** Checking base case, k = 3
Starting Bounded Model Checking
Unwinding loop 2  iteration  1   file 43_1a_cilled_ok_nondet_linux-43_1a-drivers--acpi--fan.ko-ldv_main0_sequence_infinite_withcheck_stateful.cil.out.i line 3617 function main
Unwinding loop 1  iteration  1   file string.c line 30 function strcpy
Unwinding loop 1  iteration  2   file string.c line 30 function strcpy
Not unwinding 
Unwinding loop 1  iteration  1   file string.c line 30 function strcpy
Unwinding loop 1  iteration  2   file string.c line 30 function strcpy
Not unwinding 
Unwinding loop 2  iteration  2   file 43_1a_cilled_ok_nondet_linux-43_1a-drivers--acpi--fan.ko-ldv_main0_sequence_infinite_withcheck_stateful.cil.out.i line 3617 function main
Unwinding loop 1  iteration  1   file string.c line 30 function strcpy
Unwinding loop 1  iteration  2   file string.c line 30 function strcpy
Not unwinding 
Unwinding loop 1  iteration  1   file string.c line 30 function strcpy
Unwinding loop 1  iteration  2   file string.c line 30 function strcpy
Not unwinding 
Not unwinding 
Symex completed in: 0.138s (1242 assignments)
Slicing time: 0.004s (removed 1002 assignments)
Generated 0 VCC(s), 0 remaining after simplification (240 assignments)
BMC program time: 0.142s
No bug has been found in the base case
*** Checking forward condition, k = 3
Starting Bounded Model Checking
Unwinding loop 2  iteration  1   file 43_1a_cilled_ok_nondet_linux-43_1a-drivers--acpi--fan.ko-ldv_main0_sequence_infinite_withcheck_stateful.cil.out.i line 3617 function main
Unwinding loop 1  iteration  1   file string.c line 30 function strcpy
Unwinding loop 1  iteration  2   file string.c line 30 function strcpy
Not unwinding 
Unwinding loop 1  iteration  1   file string.c line 30 function strcpy
Unwinding loop 1  iteration  2   file string.c line 30 function strcpy
Not unwinding 
Unwinding loop 2  iteration  2   file 43_1a_cilled_ok_nondet_linux-43_1a-drivers--acpi--fan.ko-ldv_main0_sequence_infinite_withcheck_stateful.cil.out.i line 3617 function main
Unwinding loop 1  iteration  1   file string.c line 30 function strcpy
Unwinding loop 1  iteration  2   file string.c line 30 function strcpy
Not unwinding 
Unwinding loop 1  iteration  1   file string.c line 30 function strcpy
Unwinding loop 1  iteration  2   file string.c line 30 function strcpy
Not unwinding 
Not unwinding 
Symex completed in: 0.144s (1242 assignments)
Slicing time: 0.004s (removed 1002 assignments)
Generated 5 VCC(s), 5 remaining after simplification (240 assignments)
No solver specified; defaulting to Boolector
Encoding remaining VCC(s) using bit-vector/floating-point arithmetic
Encoding to solver time: 0.020s
Solving with solver Boolector 3.2.1
Encoding to solver time: 0.020s
Runtime decision procedure: 1.959s
The forward condition is unable to prove the property
*** Checking inductive step, k = 3
Starting Bounded Model Checking
Unwinding loop 2  iteration  1   file 43_1a_cilled_ok_nondet_linux-43_1a-drivers--acpi--fan.ko-ldv_main0_sequence_infinite_withcheck_stateful.cil.out.i line 3617 function main
Unwinding loop 1  iteration  1   file string.c line 30 function strcpy
Unwinding loop 1  iteration  2   file string.c line 30 function strcpy
Not unwinding 
Unwinding loop 1  iteration  1   file string.c line 30 function strcpy
Unwinding loop 1  iteration  2   file string.c line 30 function strcpy
Not unwinding 
Unwinding loop 2  iteration  2   file 43_1a_cilled_ok_nondet_linux-43_1a-drivers--acpi--fan.ko-ldv_main0_sequence_infinite_withcheck_stateful.cil.out.i line 3617 function main
Unwinding loop 1  iteration  1   file string.c line 30 function strcpy
Unwinding loop 1  iteration  2   file string.c line 30 function strcpy
Not unwinding 
Unwinding loop 1  iteration  1   file string.c line 30 function strcpy
Unwinding loop 1  iteration  2   file string.c line 30 function strcpy
Not unwinding 
Not unwinding 
Symex completed in: 0.159s (1320 assignments)
Slicing time: 0.009s (removed 930 assignments)
Generated 0 VCC(s), 0 remaining after simplification (390 assignments)
BMC program time: 0.168s
Building successful trace

VERIFICATION SUCCESSFUL

Solution found by the inductive step (k = 3)

../sv-benchmarks/c/ldv-linux-3.4-simple/43_1a_cilled_ok_nondet_linux-43_1a-drivers--acpi--fan.ko-ldv_main0_sequence_infinite_withcheck_stateful.cil.out.i:2984:63: warning: incompatible function pointer types initializing 'int (*)(struct acpi_device *, pm_message_t)' (aka 'int (*)(struct acpi_device *, struct pm_message)') with an expression of type 'int (*)(struct acpi_device *, int)' [-Wincompatible-function-pointer-types]
                                                              & acpi_fan_suspend,
                                                              ^~~~~~~~~~~~~~~~~~
../sv-benchmarks/c/ldv-linux-3.4-simple/43_1a_cilled_ok_nondet_linux-43_1a-drivers--acpi--fan.ko-ldv_main0_sequence_infinite_withcheck_stateful.cil.out.i:3501:1: warning: return type of 'main' is not 'int' [-Wmain-return-type]
void main(void)
^
../sv-benchmarks/c/ldv-linux-3.4-simple/43_1a_cilled_ok_nondet_linux-43_1a-drivers--acpi--fan.ko-ldv_main0_sequence_infinite_withcheck_stateful.cil.out.i:3501:1: note: change return type to 'int'
void main(void)
^~~~
int

TRUE
