./esbmc-wrapper.py -p ../sv-benchmarks/c/properties/unreach-call.prp -s kinduction --arch 32 ../sv-benchmarks/c/seq-mthreaded/rekh_nxt.3.M1.c


--------------------------------------------------------------------------------


Verifying with ESBMC
Command: ./esbmc --no-div-by-zero-check --force-malloc-success --state-hashing --no-align-check --k-step 2 --floatbv --unlimited-k-steps ../sv-benchmarks/c/seq-mthreaded/rekh_nxt.3.M1.c --32 --witness-output rekh_nxt.3.M1.c.graphml --no-pointer-check --no-bounds-check --interval-analysis --k-induction --max-inductive-step 3 
ESBMC version 6.8.0 64-bit x86_64 linux
Target: 32-bit little-endian x86_64-unknown-linux with esbmc libc
file ../sv-benchmarks/c/seq-mthreaded/rekh_nxt.3.M1.c: Parsing
Converting
Generating GOTO Program
GOTO program creation time: 0.494s
GOTO program processing time: 0.275s
*** Checking base case, k = 1
Starting Bounded Model Checking
Not unwinding 
Not unwinding 
Not unwinding 
Not unwinding 
Not unwinding 
Not unwinding 
Not unwinding 
Not unwinding 
Not unwinding 
Not unwinding 
Not unwinding 
Not unwinding 
Not unwinding 
Not unwinding 
Not unwinding 
Not unwinding 
Not unwinding 
Not unwinding 
Not unwinding 
Not unwinding 
Not unwinding 
Not unwinding 
Not unwinding 
Not unwinding 
Symex completed in: 0.835s (7253 assignments)
Slicing time: 0.605s (removed 3456 assignments)
Generated 24 VCC(s), 24 remaining after simplification (3797 assignments)
No solver specified; defaulting to Boolector
Encoding remaining VCC(s) using bit-vector/floating-point arithmetic
Encoding to solver time: 0.090s
Solving with solver Boolector 3.2.1
Encoding to solver time: 0.090s
Runtime decision procedure: 10.406s
BMC program time: 11.937s
No bug has been found in the base case
*** Checking forward condition, k = 1
Starting Bounded Model Checking
Not unwinding 
Not unwinding 
Not unwinding 
Not unwinding 
Not unwinding 
Not unwinding 
Not unwinding 
Not unwinding 
Not unwinding 
Not unwinding 
Not unwinding 
Not unwinding 
Not unwinding 
Not unwinding 
Not unwinding 
Not unwinding 
Not unwinding 
Not unwinding 
Not unwinding 
Not unwinding 
Not unwinding 
Not unwinding 
Not unwinding 
Not unwinding 
Symex completed in: 0.974s (7229 assignments)
Slicing time: 0.538s (removed 3456 assignments)
Generated 24 VCC(s), 24 remaining after simplification (3773 assignments)
No solver specified; defaulting to Boolector
Encoding remaining VCC(s) using bit-vector/floating-point arithmetic
Encoding to solver time: 0.089s
Solving with solver Boolector 3.2.1
Encoding to solver time: 0.089s
Runtime decision procedure: 11.151s
The forward condition is unable to prove the property
*** Checking base case, k = 3
Starting Bounded Model Checking
Unwinding loop 1  iteration  1   file rekh_nxt.3.M1.c line 236 function OSEK_Task_ts1
Unwinding loop 1  iteration  2   file rekh_nxt.3.M1.c line 236 function OSEK_Task_ts1
Unwinding loop 1  iteration  1   file rekh_nxt.3.M1.c line 236 function OSEK_Task_ts1
Unwinding loop 1  iteration  2   file rekh_nxt.3.M1.c line 236 function OSEK_Task_ts1
Unwinding loop 1  iteration  1   file rekh_nxt.3.M1.c line 236 function OSEK_Task_ts1
Unwinding loop 1  iteration  2   file rekh_nxt.3.M1.c line 236 function OSEK_Task_ts1
Unwinding loop 1  iteration  1   file rekh_nxt.3.M1.c line 236 function OSEK_Task_ts1
Unwinding loop 1  iteration  2   file rekh_nxt.3.M1.c line 236 function OSEK_Task_ts1
Unwinding loop 1  iteration  1   file rekh_nxt.3.M1.c line 236 function OSEK_Task_ts1
Unwinding loop 1  iteration  2   file rekh_nxt.3.M1.c line 236 function OSEK_Task_ts1
Unwinding loop 1  iteration  1   file rekh_nxt.3.M1.c line 236 function OSEK_Task_ts1
Unwinding loop 1  iteration  2   file rekh_nxt.3.M1.c line 236 function OSEK_Task_ts1
Unwinding loop 1  iteration  1   file rekh_nxt.3.M1.c line 236 function OSEK_Task_ts1
Unwinding loop 1  iteration  2   file rekh_nxt.3.M1.c line 236 function OSEK_Task_ts1
Unwinding loop 1  iteration  1   file rekh_nxt.3.M1.c line 236 function OSEK_Task_ts1
Unwinding loop 1  iteration  2   file rekh_nxt.3.M1.c line 236 function OSEK_Task_ts1
Unwinding loop 1  iteration  1   file rekh_nxt.3.M1.c line 236 function OSEK_Task_ts1
Unwinding loop 1  iteration  2   file rekh_nxt.3.M1.c line 236 function OSEK_Task_ts1
Unwinding loop 1  iteration  1   file rekh_nxt.3.M1.c line 236 function OSEK_Task_ts1
Unwinding loop 1  iteration  2   file rekh_nxt.3.M1.c line 236 function OSEK_Task_ts1
Unwinding loop 1  iteration  1   file rekh_nxt.3.M1.c line 236 function OSEK_Task_ts1
Unwinding loop 1  iteration  2   file rekh_nxt.3.M1.c line 236 function OSEK_Task_ts1
Unwinding loop 1  iteration  1   file rekh_nxt.3.M1.c line 236 function OSEK_Task_ts1
Unwinding loop 1  iteration  2   file rekh_nxt.3.M1.c line 236 function OSEK_Task_ts1
Unwinding loop 1  iteration  1   file rekh_nxt.3.M1.c line 236 function OSEK_Task_ts1
Unwinding loop 1  iteration  2   file rekh_nxt.3.M1.c line 236 function OSEK_Task_ts1
Unwinding loop 1  iteration  1   file rekh_nxt.3.M1.c line 236 function OSEK_Task_ts1
Unwinding loop 1  iteration  2   file rekh_nxt.3.M1.c line 236 function OSEK_Task_ts1
Unwinding loop 1  iteration  1   file rekh_nxt.3.M1.c line 236 function OSEK_Task_ts1
Unwinding loop 1  iteration  2   file rekh_nxt.3.M1.c line 236 function OSEK_Task_ts1
Unwinding loop 1  iteration  1   file rekh_nxt.3.M1.c line 236 function OSEK_Task_ts1
Unwinding loop 1  iteration  2   file rekh_nxt.3.M1.c line 236 function OSEK_Task_ts1
Unwinding loop 1  iteration  1   file rekh_nxt.3.M1.c line 236 function OSEK_Task_ts1
Unwinding loop 1  iteration  2   file rekh_nxt.3.M1.c line 236 function OSEK_Task_ts1
Unwinding loop 1  iteration  1   file rekh_nxt.3.M1.c line 236 function OSEK_Task_ts1
Unwinding loop 1  iteration  2   file rekh_nxt.3.M1.c line 236 function OSEK_Task_ts1
Unwinding loop 1  iteration  1   file rekh_nxt.3.M1.c line 236 function OSEK_Task_ts1
Unwinding loop 1  iteration  2   file rekh_nxt.3.M1.c line 236 function OSEK_Task_ts1
Unwinding loop 1  iteration  1   file rekh_nxt.3.M1.c line 236 function OSEK_Task_ts1
Unwinding loop 1  iteration  2   file rekh_nxt.3.M1.c line 236 function OSEK_Task_ts1
Unwinding loop 1  iteration  1   file rekh_nxt.3.M1.c line 236 function OSEK_Task_ts1
Unwinding loop 1  iteration  2   file rekh_nxt.3.M1.c line 236 function OSEK_Task_ts1
Unwinding loop 1  iteration  1   file rekh_nxt.3.M1.c line 236 function OSEK_Task_ts1
Unwinding loop 1  iteration  2   file rekh_nxt.3.M1.c line 236 function OSEK_Task_ts1
Unwinding loop 1  iteration  1   file rekh_nxt.3.M1.c line 236 function OSEK_Task_ts1
Unwinding loop 1  iteration  2   file rekh_nxt.3.M1.c line 236 function OSEK_Task_ts1
Unwinding loop 1  iteration  1   file rekh_nxt.3.M1.c line 236 function OSEK_Task_ts1
Unwinding loop 1  iteration  2   file rekh_nxt.3.M1.c line 236 function OSEK_Task_ts1
Symex completed in: 1.161s (8361 assignments)
Slicing time: 0.621s (removed 4225 assignments)
Generated 24 VCC(s), 24 remaining after simplification (4136 assignments)
No solver specified; defaulting to Boolector
Encoding remaining VCC(s) using bit-vector/floating-point arithmetic
Encoding to solver time: 0.096s
Solving with solver Boolector 3.2.1
Encoding to solver time: 0.096s
Runtime decision procedure: 11.904s
BMC program time: 13.783s
No bug has been found in the base case
*** Checking forward condition, k = 3
Starting Bounded Model Checking
Unwinding loop 1  iteration  1   file rekh_nxt.3.M1.c line 236 function OSEK_Task_ts1
Unwinding loop 1  iteration  2   file rekh_nxt.3.M1.c line 236 function OSEK_Task_ts1
Unwinding loop 1  iteration  1   file rekh_nxt.3.M1.c line 236 function OSEK_Task_ts1
Unwinding loop 1  iteration  2   file rekh_nxt.3.M1.c line 236 function OSEK_Task_ts1
Unwinding loop 1  iteration  1   file rekh_nxt.3.M1.c line 236 function OSEK_Task_ts1
Unwinding loop 1  iteration  2   file rekh_nxt.3.M1.c line 236 function OSEK_Task_ts1
Unwinding loop 1  iteration  1   file rekh_nxt.3.M1.c line 236 function OSEK_Task_ts1
Unwinding loop 1  iteration  2   file rekh_nxt.3.M1.c line 236 function OSEK_Task_ts1
Unwinding loop 1  iteration  1   file rekh_nxt.3.M1.c line 236 function OSEK_Task_ts1
Unwinding loop 1  iteration  2   file rekh_nxt.3.M1.c line 236 function OSEK_Task_ts1
Unwinding loop 1  iteration  1   file rekh_nxt.3.M1.c line 236 function OSEK_Task_ts1
Unwinding loop 1  iteration  2   file rekh_nxt.3.M1.c line 236 function OSEK_Task_ts1
Unwinding loop 1  iteration  1   file rekh_nxt.3.M1.c line 236 function OSEK_Task_ts1
Unwinding loop 1  iteration  2   file rekh_nxt.3.M1.c line 236 function OSEK_Task_ts1
Unwinding loop 1  iteration  1   file rekh_nxt.3.M1.c line 236 function OSEK_Task_ts1
Unwinding loop 1  iteration  2   file rekh_nxt.3.M1.c line 236 function OSEK_Task_ts1
Unwinding loop 1  iteration  1   file rekh_nxt.3.M1.c line 236 function OSEK_Task_ts1
Unwinding loop 1  iteration  2   file rekh_nxt.3.M1.c line 236 function OSEK_Task_ts1
Unwinding loop 1  iteration  1   file rekh_nxt.3.M1.c line 236 function OSEK_Task_ts1
Unwinding loop 1  iteration  2   file rekh_nxt.3.M1.c line 236 function OSEK_Task_ts1
Unwinding loop 1  iteration  1   file rekh_nxt.3.M1.c line 236 function OSEK_Task_ts1
Unwinding loop 1  iteration  2   file rekh_nxt.3.M1.c line 236 function OSEK_Task_ts1
Unwinding loop 1  iteration  1   file rekh_nxt.3.M1.c line 236 function OSEK_Task_ts1
Unwinding loop 1  iteration  2   file rekh_nxt.3.M1.c line 236 function OSEK_Task_ts1
Unwinding loop 1  iteration  1   file rekh_nxt.3.M1.c line 236 function OSEK_Task_ts1
Unwinding loop 1  iteration  2   file rekh_nxt.3.M1.c line 236 function OSEK_Task_ts1
Unwinding loop 1  iteration  1   file rekh_nxt.3.M1.c line 236 function OSEK_Task_ts1
Unwinding loop 1  iteration  2   file rekh_nxt.3.M1.c line 236 function OSEK_Task_ts1
Unwinding loop 1  iteration  1   file rekh_nxt.3.M1.c line 236 function OSEK_Task_ts1
Unwinding loop 1  iteration  2   file rekh_nxt.3.M1.c line 236 function OSEK_Task_ts1
Unwinding loop 1  iteration  1   file rekh_nxt.3.M1.c line 236 function OSEK_Task_ts1
Unwinding loop 1  iteration  2   file rekh_nxt.3.M1.c line 236 function OSEK_Task_ts1
Unwinding loop 1  iteration  1   file rekh_nxt.3.M1.c line 236 function OSEK_Task_ts1
Unwinding loop 1  iteration  2   file rekh_nxt.3.M1.c line 236 function OSEK_Task_ts1
Unwinding loop 1  iteration  1   file rekh_nxt.3.M1.c line 236 function OSEK_Task_ts1
Unwinding loop 1  iteration  2   file rekh_nxt.3.M1.c line 236 function OSEK_Task_ts1
Unwinding loop 1  iteration  1   file rekh_nxt.3.M1.c line 236 function OSEK_Task_ts1
Unwinding loop 1  iteration  2   file rekh_nxt.3.M1.c line 236 function OSEK_Task_ts1
Unwinding loop 1  iteration  1   file rekh_nxt.3.M1.c line 236 function OSEK_Task_ts1
Unwinding loop 1  iteration  2   file rekh_nxt.3.M1.c line 236 function OSEK_Task_ts1
Unwinding loop 1  iteration  1   file rekh_nxt.3.M1.c line 236 function OSEK_Task_ts1
Unwinding loop 1  iteration  2   file rekh_nxt.3.M1.c line 236 function OSEK_Task_ts1
Unwinding loop 1  iteration  1   file rekh_nxt.3.M1.c line 236 function OSEK_Task_ts1
Unwinding loop 1  iteration  2   file rekh_nxt.3.M1.c line 236 function OSEK_Task_ts1
Unwinding loop 1  iteration  1   file rekh_nxt.3.M1.c line 236 function OSEK_Task_ts1
Unwinding loop 1  iteration  2   file rekh_nxt.3.M1.c line 236 function OSEK_Task_ts1
Unwinding loop 1  iteration  1   file rekh_nxt.3.M1.c line 236 function OSEK_Task_ts1
Unwinding loop 1  iteration  2   file rekh_nxt.3.M1.c line 236 function OSEK_Task_ts1
Symex completed in: 1.184s (8337 assignments)
Slicing time: 0.603s (removed 4225 assignments)
Generated 0 VCC(s), 0 remaining after simplification (4112 assignments)
BMC program time: 1.787s
Building successful trace

VERIFICATION SUCCESSFUL

Solution found by the forward condition; all states are reachable (k = 3


TRUE
