./esbmc-wrapper.py -p ../sv-benchmarks/c/properties/unreach-call.prp -s kinduction --arch 64 ../sv-benchmarks/c/ldv-linux-3.16-rc1/43_2a_bitvector_linux-3.16-rc1.tar.xz-43_2a-drivers--net--ethernet--stmicro--stmmac--stmmac.ko-entry_point.cil.out.i


--------------------------------------------------------------------------------


Verifying with ESBMC
Command: ./esbmc --no-div-by-zero-check --force-malloc-success --state-hashing --no-align-check --k-step 2 --floatbv --unlimited-k-steps ../sv-benchmarks/c/ldv-linux-3.16-rc1/43_2a_bitvector_linux-3.16-rc1.tar.xz-43_2a-drivers--net--ethernet--stmicro--stmmac--stmmac.ko-entry_point.cil.out.i --64 --witness-output 43_2a_bitvector_linux-3.16-rc1.tar.xz-43_2a-drivers--net--ethernet--stmicro--stmmac--stmmac.ko-entry_point.cil.out.i.graphml --no-pointer-check --no-bounds-check --interval-analysis --k-induction --max-inductive-step 3 
ESBMC version 6.8.0 64-bit x86_64 linux
Target: 64-bit little-endian x86_64-unknown-linux with esbmc libc
file ../sv-benchmarks/c/ldv-linux-3.16-rc1/43_2a_bitvector_linux-3.16-rc1.tar.xz-43_2a-drivers--net--ethernet--stmicro--stmmac--stmmac.ko-entry_point.cil.out.i: Parsing
Converting
Generating GOTO Program
GOTO program creation time: 2.691s
GOTO program processing time: 3.144s
*** Checking base case, k = 1
Starting Bounded Model Checking
Not unwinding 
Not unwinding 
Not unwinding 
Not unwinding 
Not unwinding 
Not unwinding 
Not unwinding 
Not unwinding 
Symex completed in: 0.177s (527 assignments)
Slicing time: 0.001s (removed 434 assignments)
Generated 0 VCC(s), 0 remaining after simplification (93 assignments)
BMC program time: 0.178s
No bug has been found in the base case
*** Checking forward condition, k = 1
Starting Bounded Model Checking
Not unwinding 
Not unwinding 
Not unwinding 
Not unwinding 
Not unwinding 
Not unwinding 
Not unwinding 
Not unwinding 
Symex completed in: 0.153s (527 assignments)
Slicing time: 0.001s (removed 434 assignments)
Generated 8 VCC(s), 8 remaining after simplification (93 assignments)
No solver specified; defaulting to Boolector
Encoding remaining VCC(s) using bit-vector/floating-point arithmetic
Encoding to solver time: 0.009s
Solving with solver Boolector 3.2.1
Encoding to solver time: 0.009s
Runtime decision procedure: 0.680s
The forward condition is unable to prove the property
*** Checking base case, k = 3
Starting Bounded Model Checking
Unwinding loop 62  iteration  1   file string.c line 272 function __memset_impl
Unwinding loop 62  iteration  2   file string.c line 272 function __memset_impl
Not unwinding 
Unwinding loop 62  iteration  1   file string.c line 272 function __memset_impl
Unwinding loop 62  iteration  1   file string.c line 272 function __memset_impl
Unwinding loop 62  iteration  2   file string.c line 272 function __memset_impl
Not unwinding 
Unwinding loop 62  iteration  1   file string.c line 272 function __memset_impl
Unwinding loop 62  iteration  2   file string.c line 272 function __memset_impl
Not unwinding 
Unwinding loop 62  iteration  1   file string.c line 272 function __memset_impl
Unwinding loop 62  iteration  1   file string.c line 272 function __memset_impl
Unwinding loop 62  iteration  2   file string.c line 272 function __memset_impl
Not unwinding 
Unwinding loop 62  iteration  1   file string.c line 272 function __memset_impl
Unwinding loop 62  iteration  1   file string.c line 272 function __memset_impl
Unwinding loop 62  iteration  2   file string.c line 272 function __memset_impl
Not unwinding 
Symex completed in: 0.175s (555 assignments)
Slicing time: 0.001s (removed 468 assignments)
Generated 0 VCC(s), 0 remaining after simplification (87 assignments)
BMC program time: 0.176s
No bug has been found in the base case
*** Checking forward condition, k = 3
Starting Bounded Model Checking
Unwinding loop 62  iteration  1   file string.c line 272 function __memset_impl
Unwinding loop 62  iteration  2   file string.c line 272 function __memset_impl
Not unwinding 
Unwinding loop 62  iteration  1   file string.c line 272 function __memset_impl
Unwinding loop 62  iteration  1   file string.c line 272 function __memset_impl
Unwinding loop 62  iteration  2   file string.c line 272 function __memset_impl
Not unwinding 
Unwinding loop 62  iteration  1   file string.c line 272 function __memset_impl
Unwinding loop 62  iteration  2   file string.c line 272 function __memset_impl
Not unwinding 
Unwinding loop 62  iteration  1   file string.c line 272 function __memset_impl
Unwinding loop 62  iteration  1   file string.c line 272 function __memset_impl
Unwinding loop 62  iteration  2   file string.c line 272 function __memset_impl
Not unwinding 
Unwinding loop 62  iteration  1   file string.c line 272 function __memset_impl
Unwinding loop 62  iteration  1   file string.c line 272 function __memset_impl
Unwinding loop 62  iteration  2   file string.c line 272 function __memset_impl
Not unwinding 
Symex completed in: 0.190s (555 assignments)
Slicing time: 0.001s (removed 468 assignments)
Generated 5 VCC(s), 5 remaining after simplification (87 assignments)
No solver specified; defaulting to Boolector
Encoding remaining VCC(s) using bit-vector/floating-point arithmetic
Encoding to solver time: 0.008s
Solving with solver Boolector 3.2.1
Encoding to solver time: 0.008s
Runtime decision procedure: 0.668s
The forward condition is unable to prove the property
*** Checking inductive step, k = 3
Starting Bounded Model Checking
Unwinding loop 62  iteration  1   file string.c line 272 function __memset_impl
Unwinding loop 62  iteration  2   file string.c line 272 function __memset_impl
Not unwinding 
Unwinding loop 62  iteration  1   file string.c line 272 function __memset_impl
Unwinding loop 62  iteration  2   file string.c line 272 function __memset_impl
Not unwinding 
Unwinding loop 62  iteration  1   file string.c line 272 function __memset_impl
Unwinding loop 62  iteration  2   file string.c line 272 function __memset_impl
Not unwinding 
Unwinding loop 62  iteration  1   file string.c line 272 function __memset_impl
Unwinding loop 62  iteration  2   file string.c line 272 function __memset_impl
Not unwinding 
Unwinding loop 62  iteration  1   file string.c line 272 function __memset_impl
Unwinding loop 62  iteration  2   file string.c line 272 function __memset_impl
Not unwinding 
Unwinding loop 62  iteration  1   file string.c line 272 function __memset_impl
Unwinding loop 62  iteration  2   file string.c line 272 function __memset_impl
Not unwinding 
Unwinding loop 62  iteration  1   file string.c line 272 function __memset_impl
Unwinding loop 62  iteration  2   file string.c line 272 function __memset_impl
Not unwinding 
Unwinding loop 62  iteration  1   file string.c line 272 function __memset_impl
Unwinding loop 62  iteration  2   file string.c line 272 function __memset_impl
Not unwinding 
Unwinding loop 62  iteration  1   file string.c line 272 function __memset_impl
Unwinding loop 62  iteration  2   file string.c line 272 function __memset_impl
Not unwinding 
Unwinding loop 62  iteration  1   file string.c line 272 function __memset_impl
Unwinding loop 62  iteration  2   file string.c line 272 function __memset_impl
Not unwinding 
Unwinding loop 62  iteration  1   file string.c line 272 function __memset_impl
Unwinding loop 62  iteration  2   file string.c line 272 function __memset_impl
Not unwinding 
Unwinding loop 62  iteration  1   file string.c line 272 function __memset_impl
Unwinding loop 62  iteration  2   file string.c line 272 function __memset_impl
Not unwinding 
Unwinding loop 62  iteration  1   file string.c line 272 function __memset_impl
Unwinding loop 62  iteration  2   file string.c line 272 function __memset_impl
Not unwinding 
Unwinding loop 62  iteration  1   file string.c line 272 function __memset_impl
Unwinding loop 62  iteration  2   file string.c line 272 function __memset_impl
Not unwinding 
Unwinding loop 60  iteration  1   file 43_2a_bitvector_linux-3.16-rc1.tar.xz-43_2a-drivers--net--ethernet--stmicro--stmmac--stmmac.ko-entry_point.cil.out.i line 20618 function stmmac_adjust_systime
Unwinding loop 59  iteration  1   file 43_2a_bitvector_linux-3.16-rc1.tar.xz-43_2a-drivers--net--ethernet--stmicro--stmmac--stmmac.ko-entry_point.cil.out.i line 20611 function stmmac_adjust_systime
Unwinding loop 59  iteration  2   file 43_2a_bitvector_linux-3.16-rc1.tar.xz-43_2a-drivers--net--ethernet--stmicro--stmmac--stmmac.ko-entry_point.cil.out.i line 20611 function stmmac_adjust_systime
Not unwinding 
Unwinding loop 60  iteration  2   file 43_2a_bitvector_linux-3.16-rc1.tar.xz-43_2a-drivers--net--ethernet--stmicro--stmmac--stmmac.ko-entry_point.cil.out.i line 20618 function stmmac_adjust_systime
Unwinding loop 59  iteration  1   file 43_2a_bitvector_linux-3.16-rc1.tar.xz-43_2a-drivers--net--ethernet--stmicro--stmmac--stmmac.ko-entry_point.cil.out.i line 20611 function stmmac_adjust_systime
Unwinding loop 59  iteration  2   file 43_2a_bitvector_linux-3.16-rc1.tar.xz-43_2a-drivers--net--ethernet--stmicro--stmmac--stmmac.ko-entry_point.cil.out.i line 20611 function stmmac_adjust_systime
Not unwinding 
Not unwinding 
Unwinding loop 58  iteration  1   file 43_2a_bitvector_linux-3.16-rc1.tar.xz-43_2a-drivers--net--ethernet--stmicro--stmmac--stmmac.ko-entry_point.cil.out.i line 20570 function stmmac_config_addend
Unwinding loop 57  iteration  1   file 43_2a_bitvector_linux-3.16-rc1.tar.xz-43_2a-drivers--net--ethernet--stmicro--stmmac--stmmac.ko-entry_point.cil.out.i line 20563 function stmmac_config_addend
Unwinding loop 57  iteration  2   file 43_2a_bitvector_linux-3.16-rc1.tar.xz-43_2a-drivers--net--ethernet--stmicro--stmmac--stmmac.ko-entry_point.cil.out.i line 20563 function stmmac_config_addend
Not unwinding 
Unwinding loop 58  iteration  2   file 43_2a_bitvector_linux-3.16-rc1.tar.xz-43_2a-drivers--net--ethernet--stmicro--stmmac--stmmac.ko-entry_point.cil.out.i line 20570 function stmmac_config_addend
Unwinding loop 57  iteration  1   file 43_2a_bitvector_linux-3.16-rc1.tar.xz-43_2a-drivers--net--ethernet--stmicro--stmmac--stmmac.ko-entry_point.cil.out.i line 20563 function stmmac_config_addend
Unwinding loop 57  iteration  2   file 43_2a_bitvector_linux-3.16-rc1.tar.xz-43_2a-drivers--net--ethernet--stmicro--stmmac--stmmac.ko-entry_point.cil.out.i line 20563 function stmmac_config_addend
Not unwinding 
Not unwinding 
Unwinding loop 56  iteration  1   file 43_2a_bitvector_linux-3.16-rc1.tar.xz-43_2a-drivers--net--ethernet--stmicro--stmmac--stmmac.ko-entry_point.cil.out.i line 20523 function stmmac_init_systime
Unwinding loop 55  iteration  1   file 43_2a_bitvector_linux-3.16-rc1.tar.xz-43_2a-drivers--net--ethernet--stmicro--stmmac--stmmac.ko-entry_point.cil.out.i line 20516 function stmmac_init_systime
Unwinding loop 55  iteration  2   file 43_2a_bitvector_linux-3.16-rc1.tar.xz-43_2a-drivers--net--ethernet--stmicro--stmmac--stmmac.ko-entry_point.cil.out.i line 20516 function stmmac_init_systime
Not unwinding 
Unwinding loop 56  iteration  2   file 43_2a_bitvector_linux-3.16-rc1.tar.xz-43_2a-drivers--net--ethernet--stmicro--stmmac--stmmac.ko-entry_point.cil.out.i line 20523 function stmmac_init_systime
Unwinding loop 55  iteration  1   file 43_2a_bitvector_linux-3.16-rc1.tar.xz-43_2a-drivers--net--ethernet--stmicro--stmmac--stmmac.ko-entry_point.cil.out.i line 20516 function stmmac_init_systime
Unwinding loop 55  iteration  2   file 43_2a_bitvector_linux-3.16-rc1.tar.xz-43_2a-drivers--net--ethernet--stmicro--stmmac--stmmac.ko-entry_point.cil.out.i line 20516 function stmmac_init_systime
Not unwinding 
Not unwinding 
No target candidate for function call *priv->hw->mac->set_filter
No target candidate for function call *priv->hw->mac->set_filter
No target candidate for function call *priv->hw->mac->set_filter
Unwinding loop 8  iteration  1   file 43_2a_bitvector_linux-3.16-rc1.tar.xz-43_2a-drivers--net--ethernet--stmicro--stmmac--stmmac.ko-entry_point.cil.out.i line 7763 function napi_disable
Unwinding loop 8  iteration  2   file 43_2a_bitvector_linux-3.16-rc1.tar.xz-43_2a-drivers--net--ethernet--stmicro--stmmac--stmmac.ko-entry_point.cil.out.i line 7763 function napi_disable
Not unwinding 
No target candidate for function call *priv->hw->dma->stop_tx
No target candidate for function call *priv->hw->dma->stop_rx
Unwinding loop 19  iteration  1   file 43_2a_bitvector_linux-3.16-rc1.tar.xz-43_2a-drivers--net--ethernet--stmicro--stmmac--stmmac.ko-entry_point.cil.out.i line 9470 function dma_free_rx_skbufs
No target candidate for function call *ops->unmap_page
Unwinding loop 19  iteration  2   file 43_2a_bitvector_linux-3.16-rc1.tar.xz-43_2a-drivers--net--ethernet--stmicro--stmmac--stmmac.ko-entry_point.cil.out.i line 9470 function dma_free_rx_skbufs
No target candidate for function call *ops->unmap_page
Not unwinding 
Unwinding loop 20  iteration  1   file 43_2a_bitvector_linux-3.16-rc1.tar.xz-43_2a-drivers--net--ethernet--stmicro--stmmac--stmmac.ko-entry_point.cil.out.i line 9505 function dma_free_tx_skbufs
No target candidate for function call *priv->hw->desc->get_tx_len
No target candidate for function call *ops->unmap_page
Unwinding loop 20  iteration  2   file 43_2a_bitvector_linux-3.16-rc1.tar.xz-43_2a-drivers--net--ethernet--stmicro--stmmac--stmmac.ko-entry_point.cil.out.i line 9505 function dma_free_tx_skbufs
No target candidate for function call *priv->hw->desc->get_tx_len
No target candidate for function call *ops->unmap_page
Not unwinding 
No target candidate for function call *ops->free
No target candidate for function call *ops->free
No target candidate for function call *ops->free
No target candidate for function call *ops->free
**** WARNING: no body for function __builtin_object_size
No target candidate for function call *priv->hw->ptp->config_hw_tstamping
No target candidate for function call *priv->hw->ptp->config_hw_tstamping
No target candidate for function call *priv->hw->ptp->config_sub_second_increment
No target candidate for function call *priv->hw->ptp->config_addend
No target candidate for function call *priv->hw->ptp->init_systime
**** WARNING: no body for function __builtin_object_size
**** WARNING: no body for function __builtin_object_size
No target candidate for function call *priv->hw->ptp->config_hw_tstamping
No target candidate for function call *priv->hw->ptp->config_hw_tstamping
No target candidate for function call *priv->hw->ptp->config_sub_second_increment
No target candidate for function call *priv->hw->ptp->config_addend
No target candidate for function call *priv->hw->ptp->init_systime
**** WARNING: no body for function __builtin_object_size
**** WARNING: no body for function __builtin_object_size
No target candidate for function call *priv->hw->ptp->config_hw_tstamping
No target candidate for function call *priv->hw->ptp->config_hw_tstamping
No target candidate for function call *priv->hw->ptp->config_sub_second_increment
No target candidate for function call *priv->hw->ptp->config_addend
No target candidate for function call *priv->hw->ptp->init_systime
**** WARNING: no body for function __builtin_object_size
No target candidate for function call *priv->hw->mac->host_irq_status
No target candidate for function call *priv->hw->dma->dma_interrupt
No target candidate for function call *priv->hw->dma->disable_dma_irq
No target candidate for function call *priv->hw->dma->dma_mode
No target candidate for function call *priv->hw->dma->stop_tx
Unwinding loop 20  iteration  1   file 43_2a_bitvector_linux-3.16-rc1.tar.xz-43_2a-drivers--net--ethernet--stmicro--stmmac--stmmac.ko-entry_point.cil.out.i line 9505 function dma_free_tx_skbufs
No target candidate for function call *priv->hw->desc->get_tx_len
No target candidate for function call *ops->unmap_page
Unwinding loop 20  iteration  2   file 43_2a_bitvector_linux-3.16-rc1.tar.xz-43_2a-drivers--net--ethernet--stmicro--stmmac--stmmac.ko-entry_point.cil.out.i line 9505 function dma_free_tx_skbufs
No target candidate for function call *priv->hw->desc->get_tx_len
No target candidate for function call *ops->unmap_page
Not unwinding 
Unwinding loop 22  iteration  1   file 43_2a_bitvector_linux-3.16-rc1.tar.xz-43_2a-drivers--net--ethernet--stmicro--stmmac--stmmac.ko-entry_point.cil.out.i line 9818 function stmmac_tx_err
No target candidate for function call *priv->hw->desc->init_tx_desc
No target candidate for function call *priv->hw->desc->init_tx_desc
Unwinding loop 22  iteration  2   file 43_2a_bitvector_linux-3.16-rc1.tar.xz-43_2a-drivers--net--ethernet--stmicro--stmmac--stmmac.ko-entry_point.cil.out.i line 9818 function stmmac_tx_err
No target candidate for function call *priv->hw->desc->init_tx_desc
No target candidate for function call *priv->hw->desc->init_tx_desc
Not unwinding 
No target candidate for function call *priv->hw->dma->start_tx
No target candidate for function call *priv->hw->mac->host_irq_status
No target candidate for function call *priv->hw->dma->dma_interrupt
No target candidate for function call *priv->hw->dma->disable_dma_irq
No target candidate for function call *priv->hw->dma->dma_mode
No target candidate for function call *priv->hw->dma->stop_tx
Unwinding loop 20  iteration  1   file 43_2a_bitvector_linux-3.16-rc1.tar.xz-43_2a-drivers--net--ethernet--stmicro--stmmac--stmmac.ko-entry_point.cil.out.i line 9505 function dma_free_tx_skbufs
No target candidate for function call *priv->hw->desc->get_tx_len
No target candidate for function call *ops->unmap_page
Unwinding loop 20  iteration  2   file 43_2a_bitvector_linux-3.16-rc1.tar.xz-43_2a-drivers--net--ethernet--stmicro--stmmac--stmmac.ko-entry_point.cil.out.i line 9505 function dma_free_tx_skbufs
No target candidate for function call *priv->hw->desc->get_tx_len
No target candidate for function call *ops->unmap_page
Not unwinding 
Unwinding loop 22  iteration  1   file 43_2a_bitvector_linux-3.16-rc1.tar.xz-43_2a-drivers--net--ethernet--stmicro--stmmac--stmmac.ko-entry_point.cil.out.i line 9818 function stmmac_tx_err
No target candidate for function call *priv->hw->desc->init_tx_desc
No target candidate for function call *priv->hw->desc->init_tx_desc
Unwinding loop 22  iteration  2   file 43_2a_bitvector_linux-3.16-rc1.tar.xz-43_2a-drivers--net--ethernet--stmicro--stmmac--stmmac.ko-entry_point.cil.out.i line 9818 function stmmac_tx_err
No target candidate for function call *priv->hw->desc->init_tx_desc
No target candidate for function call *priv->hw->desc->init_tx_desc
Not unwinding 
No target candidate for function call *priv->hw->dma->start_tx
No target candidate for function call *priv->hw->mac->host_irq_status
No target candidate for function call *priv->hw->dma->dma_interrupt
No target candidate for function call *priv->hw->dma->disable_dma_irq
No target candidate for function call *priv->hw->dma->dma_mode
No target candidate for function call *priv->hw->dma->stop_tx
Unwinding loop 20  iteration  1   file 43_2a_bitvector_linux-3.16-rc1.tar.xz-43_2a-drivers--net--ethernet--stmicro--stmmac--stmmac.ko-entry_point.cil.out.i line 9505 function dma_free_tx_skbufs
No target candidate for function call *priv->hw->desc->get_tx_len
No target candidate for function call *ops->unmap_page
Unwinding loop 20  iteration  2   file 43_2a_bitvector_linux-3.16-rc1.tar.xz-43_2a-drivers--net--ethernet--stmicro--stmmac--stmmac.ko-entry_point.cil.out.i line 9505 function dma_free_tx_skbufs
No target candidate for function call *priv->hw->desc->get_tx_len
No target candidate for function call *ops->unmap_page
Not unwinding 
Unwinding loop 22  iteration  1   file 43_2a_bitvector_linux-3.16-rc1.tar.xz-43_2a-drivers--net--ethernet--stmicro--stmmac--stmmac.ko-entry_point.cil.out.i line 9818 function stmmac_tx_err
No target candidate for function call *priv->hw->desc->init_tx_desc
No target candidate for function call *priv->hw->desc->init_tx_desc
Unwinding loop 22  iteration  2   file 43_2a_bitvector_linux-3.16-rc1.tar.xz-43_2a-drivers--net--ethernet--stmicro--stmmac--stmmac.ko-entry_point.cil.out.i line 9818 function stmmac_tx_err
No target candidate for function call *priv->hw->desc->init_tx_desc
No target candidate for function call *priv->hw->desc->init_tx_desc
Not unwinding 
No target candidate for function call *priv->hw->dma->start_tx
No target candidate for function call *priv->hw->mac->get_umac_addr
No target candidate for function call *ops->alloc
No target candidate for function call *ops->alloc
No target candidate for function call *ops->free
No target candidate for function call *ops->alloc
No target candidate for function call *ops->alloc
No target candidate for function call *ops->free
No target candidate for function call *priv->hw->mode->set_16kib_bfsize
Unwinding loop 16  iteration  1   file 43_2a_bitvector_linux-3.16-rc1.tar.xz-43_2a-drivers--net--ethernet--stmicro--stmmac--stmmac.ko-entry_point.cil.out.i line 9401 function init_dma_desc_rings
No target candidate for function call *ops->map_page
No target candidate for function call *ops->mapping_error
No target candidate for function call *priv->hw->mode->init_desc3
Unwinding loop 16  iteration  2   file 43_2a_bitvector_linux-3.16-rc1.tar.xz-43_2a-drivers--net--ethernet--stmicro--stmmac--stmmac.ko-entry_point.cil.out.i line 9401 function init_dma_desc_rings
No target candidate for function call *ops->map_page
No target candidate for function call *ops->mapping_error
No target candidate for function call *priv->hw->mode->init_desc3
Not unwinding 
No target candidate for function call *priv->hw->mode->init
No target candidate for function call *priv->hw->mode->init
No target candidate for function call *priv->hw->mode->init
No target candidate for function call *priv->hw->mode->init
Unwinding loop 17  iteration  1   file 43_2a_bitvector_linux-3.16-rc1.tar.xz-43_2a-drivers--net--ethernet--stmicro--stmmac--stmmac.ko-entry_point.cil.out.i line 9435 function init_dma_desc_rings
Unwinding loop 17  iteration  2   file 43_2a_bitvector_linux-3.16-rc1.tar.xz-43_2a-drivers--net--ethernet--stmicro--stmmac--stmmac.ko-entry_point.cil.out.i line 9435 function init_dma_desc_rings
Not unwinding 
Unwinding loop 14  iteration  1   file 43_2a_bitvector_linux-3.16-rc1.tar.xz-43_2a-drivers--net--ethernet--stmicro--stmmac--stmmac.ko-entry_point.cil.out.i line 9222 function stmmac_clear_descriptors
No target candidate for function call *priv->hw->desc->init_rx_desc
No target candidate for function call *priv->hw->desc->init_rx_desc
Unwinding loop 14  iteration  2   file 43_2a_bitvector_linux-3.16-rc1.tar.xz-43_2a-drivers--net--ethernet--stmicro--stmmac--stmmac.ko-entry_point.cil.out.i line 9222 function stmmac_clear_descriptors
No target candidate for function call *priv->hw->desc->init_rx_desc
No target candidate for function call *priv->hw->desc->init_rx_desc
Not unwinding 
Unwinding loop 15  iteration  1   file 43_2a_bitvector_linux-3.16-rc1.tar.xz-43_2a-drivers--net--ethernet--stmicro--stmmac--stmmac.ko-entry_point.cil.out.i line 9238 function stmmac_clear_descriptors
No target candidate for function call *priv->hw->desc->init_tx_desc
No target candidate for function call *priv->hw->desc->init_tx_desc
Unwinding loop 15  iteration  2   file 43_2a_bitvector_linux-3.16-rc1.tar.xz-43_2a-drivers--net--ethernet--stmicro--stmmac--stmmac.ko-entry_point.cil.out.i line 9238 function stmmac_clear_descriptors
No target candidate for function call *priv->hw->desc->init_tx_desc
No target candidate for function call *priv->hw->desc->init_tx_desc
Not unwinding 
Unwinding loop 13  iteration  1   file 43_2a_bitvector_linux-3.16-rc1.tar.xz-43_2a-drivers--net--ethernet--stmicro--stmmac--stmmac.ko-entry_point.cil.out.i line 9155 function stmmac_display_ring
Unwinding loop 13  iteration  2   file 43_2a_bitvector_linux-3.16-rc1.tar.xz-43_2a-drivers--net--ethernet--stmicro--stmmac--stmmac.ko-entry_point.cil.out.i line 9155 function stmmac_display_ring
Not unwinding 
Unwinding loop 13  iteration  1   file 43_2a_bitvector_linux-3.16-rc1.tar.xz-43_2a-drivers--net--ethernet--stmicro--stmmac--stmmac.ko-entry_point.cil.out.i line 9155 function stmmac_display_ring
Unwinding loop 13  iteration  2   file 43_2a_bitvector_linux-3.16-rc1.tar.xz-43_2a-drivers--net--ethernet--stmicro--stmmac--stmmac.ko-entry_point.cil.out.i line 9155 function stmmac_display_ring
Not unwinding 
Unwinding loop 13  iteration  1   file 43_2a_bitvector_linux-3.16-rc1.tar.xz-43_2a-drivers--net--ethernet--stmicro--stmmac--stmmac.ko-entry_point.cil.out.i line 9155 function stmmac_display_ring
Unwinding loop 13  iteration  2   file 43_2a_bitvector_linux-3.16-rc1.tar.xz-43_2a-drivers--net--ethernet--stmicro--stmmac--stmmac.ko-entry_point.cil.out.i line 9155 function stmmac_display_ring
Not unwinding 
Unwinding loop 13  iteration  1   file 43_2a_bitvector_linux-3.16-rc1.tar.xz-43_2a-drivers--net--ethernet--stmicro--stmmac--stmmac.ko-entry_point.cil.out.i line 9155 function stmmac_display_ring
Unwinding loop 13  iteration  2   file 43_2a_bitvector_linux-3.16-rc1.tar.xz-43_2a-drivers--net--ethernet--stmicro--stmmac--stmmac.ko-entry_point.cil.out.i line 9155 function stmmac_display_ring
Not unwinding 
Unwinding loop 18  iteration  1   file 43_2a_bitvector_linux-3.16-rc1.tar.xz-43_2a-drivers--net--ethernet--stmicro--stmmac--stmmac.ko-entry_point.cil.out.i line 9453 function init_dma_desc_rings
No target candidate for function call *ops->unmap_page
Unwinding loop 18  iteration  2   file 43_2a_bitvector_linux-3.16-rc1.tar.xz-43_2a-drivers--net--ethernet--stmicro--stmmac--stmmac.ko-entry_point.cil.out.i line 9453 function init_dma_desc_rings
No target candidate for function call *ops->unmap_page
Not unwinding 
No target candidate for function call *priv->hw->dma->init
No target candidate for function call *priv->hw->mac->set_umac_addr
No target candidate for function call *priv->plat->bus_setup
No target candidate for function call *priv->hw->mac->core_init
No target candidate for function call *priv->hw->dma->dma_mode
No target candidate for function call *priv->hw->dma->dma_mode
No target candidate for function call *priv->hw->dma->dma_mode
No target candidate for function call *priv->hw->dma->start_tx
No target candidate for function call *priv->hw->dma->start_rx
No target candidate for function call *priv->hw->mac->dump_regs
No target candidate for function call *priv->hw->dma->dump_regs
No target candidate for function call *priv->hw->mac->set_eee_timer
No target candidate for function call *priv->hw->mac->set_eee_timer
No target candidate for function call *priv->hw->mac->set_eee_pls
No target candidate for function call *priv->hw->dma->rx_watchdog
No target candidate for function call *priv->hw->mac->ctrl_ane
Unwinding loop 19  iteration  1   file 43_2a_bitvector_linux-3.16-rc1.tar.xz-43_2a-drivers--net--ethernet--stmicro--stmmac--stmmac.ko-entry_point.cil.out.i line 9470 function dma_free_rx_skbufs
No target candidate for function call *ops->unmap_page
Unwinding loop 19  iteration  2   file 43_2a_bitvector_linux-3.16-rc1.tar.xz-43_2a-drivers--net--ethernet--stmicro--stmmac--stmmac.ko-entry_point.cil.out.i line 9470 function dma_free_rx_skbufs
No target candidate for function call *ops->unmap_page
Not unwinding 
Unwinding loop 20  iteration  1   file 43_2a_bitvector_linux-3.16-rc1.tar.xz-43_2a-drivers--net--ethernet--stmicro--stmmac--stmmac.ko-entry_point.cil.out.i line 9505 function dma_free_tx_skbufs
No target candidate for function call *priv->hw->desc->get_tx_len
No target candidate for function call *ops->unmap_page
Unwinding loop 20  iteration  2   file 43_2a_bitvector_linux-3.16-rc1.tar.xz-43_2a-drivers--net--ethernet--stmicro--stmmac--stmmac.ko-entry_point.cil.out.i line 9505 function dma_free_tx_skbufs
No target candidate for function call *priv->hw->desc->get_tx_len
No target candidate for function call *ops->unmap_page
Not unwinding 
No target candidate for function call *ops->free
No target candidate for function call *ops->free
No target candidate for function call *ops->free
No target candidate for function call *ops->free
No target candidate for function call *priv->hw->mac->reset_eee_mode
No target candidate for function call *priv->hw->mode->is_jumbo_frm
No target candidate for function call *ops->map_page
No target candidate for function call *priv->hw->desc->prepare_tx_desc
No target candidate for function call *priv->hw->mode->jumbo_frm
Unwinding loop 23  iteration  1   file 43_2a_bitvector_linux-3.16-rc1.tar.xz-43_2a-drivers--net--ethernet--stmicro--stmmac--stmmac.ko-entry_point.cil.out.i line 10380 function stmmac_xmit
No target candidate for function call *ops->map_page
No target candidate for function call *priv->hw->desc->prepare_tx_desc
No target candidate for function call *priv->hw->desc->set_tx_owner
Unwinding loop 23  iteration  2   file 43_2a_bitvector_linux-3.16-rc1.tar.xz-43_2a-drivers--net--ethernet--stmicro--stmmac--stmmac.ko-entry_point.cil.out.i line 10380 function stmmac_xmit
No target candidate for function call *ops->map_page
No target candidate for function call *priv->hw->desc->prepare_tx_desc
No target candidate for function call *priv->hw->desc->set_tx_owner
Not unwinding 
No target candidate for function call *priv->hw->desc->close_tx_desc
No target candidate for function call *priv->hw->desc->clear_tx_ic
No target candidate for function call *priv->hw->desc->set_tx_owner
Unwinding loop 13  iteration  1   file 43_2a_bitvector_linux-3.16-rc1.tar.xz-43_2a-drivers--net--ethernet--stmicro--stmmac--stmmac.ko-entry_point.cil.out.i line 9155 function stmmac_display_ring
Unwinding loop 13  iteration  2   file 43_2a_bitvector_linux-3.16-rc1.tar.xz-43_2a-drivers--net--ethernet--stmicro--stmmac--stmmac.ko-entry_point.cil.out.i line 9155 function stmmac_display_ring
Not unwinding 
Unwinding loop 13  iteration  1   file 43_2a_bitvector_linux-3.16-rc1.tar.xz-43_2a-drivers--net--ethernet--stmicro--stmmac--stmmac.ko-entry_point.cil.out.i line 9155 function stmmac_display_ring
Unwinding loop 13  iteration  2   file 43_2a_bitvector_linux-3.16-rc1.tar.xz-43_2a-drivers--net--ethernet--stmicro--stmmac--stmmac.ko-entry_point.cil.out.i line 9155 function stmmac_display_ring
Not unwinding 
Unwinding loop 12  iteration  1   file 43_2a_bitvector_linux-3.16-rc1.tar.xz-43_2a-drivers--net--ethernet--stmicro--stmmac--stmmac.ko-entry_point.cil.out.i line 8450 function print_pkt
Unwinding loop 12  iteration  2   file 43_2a_bitvector_linux-3.16-rc1.tar.xz-43_2a-drivers--net--ethernet--stmicro--stmmac--stmmac.ko-entry_point.cil.out.i line 8450 function print_pkt
Not unwinding 
No target candidate for function call *priv->hw->desc->enable_tx_timestamp
No target candidate for function call *priv->hw->dma->enable_dma_transmission
No target candidate for function call *priv->hw->dma->stop_tx
Unwinding loop 20  iteration  1   file 43_2a_bitvector_linux-3.16-rc1.tar.xz-43_2a-drivers--net--ethernet--stmicro--stmmac--stmmac.ko-entry_point.cil.out.i line 9505 function dma_free_tx_skbufs
No target candidate for function call *priv->hw->desc->get_tx_len
No target candidate for function call *ops->unmap_page
Unwinding loop 20  iteration  2   file 43_2a_bitvector_linux-3.16-rc1.tar.xz-43_2a-drivers--net--ethernet--stmicro--stmmac--stmmac.ko-entry_point.cil.out.i line 9505 function dma_free_tx_skbufs
No target candidate for function call *priv->hw->desc->get_tx_len
No target candidate for function call *ops->unmap_page
Not unwinding 
Unwinding loop 22  iteration  1   file 43_2a_bitvector_linux-3.16-rc1.tar.xz-43_2a-drivers--net--ethernet--stmicro--stmmac--stmmac.ko-entry_point.cil.out.i line 9818 function stmmac_tx_err
No target candidate for function call *priv->hw->desc->init_tx_desc
No target candidate for function call *priv->hw->desc->init_tx_desc
Unwinding loop 22  iteration  2   file 43_2a_bitvector_linux-3.16-rc1.tar.xz-43_2a-drivers--net--ethernet--stmicro--stmmac--stmmac.ko-entry_point.cil.out.i line 9818 function stmmac_tx_err
No target candidate for function call *priv->hw->desc->init_tx_desc
No target candidate for function call *priv->hw->desc->init_tx_desc
Not unwinding 
No target candidate for function call *priv->hw->dma->start_tx
No target candidate for function call *priv->hw->dma->stop_tx
Unwinding loop 20  iteration  1   file 43_2a_bitvector_linux-3.16-rc1.tar.xz-43_2a-drivers--net--ethernet--stmicro--stmmac--stmmac.ko-entry_point.cil.out.i line 9505 function dma_free_tx_skbufs
No target candidate for function call *priv->hw->desc->get_tx_len
No target candidate for function call *ops->unmap_page
Unwinding loop 20  iteration  2   file 43_2a_bitvector_linux-3.16-rc1.tar.xz-43_2a-drivers--net--ethernet--stmicro--stmmac--stmmac.ko-entry_point.cil.out.i line 9505 function dma_free_tx_skbufs
No target candidate for function call *priv->hw->desc->get_tx_len
No target candidate for function call *ops->unmap_page
Not unwinding 
Unwinding loop 22  iteration  1   file 43_2a_bitvector_linux-3.16-rc1.tar.xz-43_2a-drivers--net--ethernet--stmicro--stmmac--stmmac.ko-entry_point.cil.out.i line 9818 function stmmac_tx_err
No target candidate for function call *priv->hw->desc->init_tx_desc
No target candidate for function call *priv->hw->desc->init_tx_desc
Unwinding loop 22  iteration  2   file 43_2a_bitvector_linux-3.16-rc1.tar.xz-43_2a-drivers--net--ethernet--stmicro--stmmac--stmmac.ko-entry_point.cil.out.i line 9818 function stmmac_tx_err
No target candidate for function call *priv->hw->desc->init_tx_desc
No target candidate for function call *priv->hw->desc->init_tx_desc
Not unwinding 
No target candidate for function call *priv->hw->dma->start_tx
No target candidate for function call *priv->hw->dma->stop_tx
Unwinding loop 20  iteration  1   file 43_2a_bitvector_linux-3.16-rc1.tar.xz-43_2a-drivers--net--ethernet--stmicro--stmmac--stmmac.ko-entry
../sv-benchmarks/c/ldv-linux-3.16-rc1/43_2a_bitvector_linux-3.16-rc1.tar.xz-43_2a-drivers--net--ethernet--stmicro--stmmac--stmmac.ko-entry_point.cil.out.i:6674:27: warning: declaration of 'struct kobject___0' will not be visible outside of this function [-Wvisibility]
   ssize_t (*show)(struct kobject___0 * , struct attribute___0 * , char * ) ;
                          ^
../sv-benchmarks/c/ldv-linux-3.16-rc1/43_2a_bitvector_linux-3.16-rc1.tar.xz-43_2a-drivers--net--ethernet--stmicro--stmmac--stmmac.ko-entry_point.cil.out.i:6675:28: warning: declaration of 'struct kobject___0' will not be visible outside of this function [-Wvisibility]
   ssize_t (*store)(struct kobject___0 * , struct attribute___0 * , char const * ,
                           ^
Function call to "c:43_2a_bitvector_linux-3.16-rc1.tar.xz-43_2a-drivers--net--ethernet--stmicro--stmmac--stmmac.ko-entry_point.cil.out.i@F@stmmac_ethtool_setsettings": number of arguments doesn't match type definition; some inconsistent rewriting occured


Unknown
