./esbmc-wrapper.py -p ../sv-benchmarks/c/properties/unreach-call.prp -s kinduction --arch 32 ../sv-benchmarks/c/eca-rers2012/Problem12_label32.c


--------------------------------------------------------------------------------


Verifying with ESBMC
Command: ./esbmc --no-div-by-zero-check --force-malloc-success --state-hashing --no-align-check --k-step 2 --floatbv --unlimited-k-steps ../sv-benchmarks/c/eca-rers2012/Problem12_label32.c --32 --witness-output Problem12_label32.c.graphml --no-pointer-check --no-bounds-check --interval-analysis --k-induction --max-inductive-step 3 
ESBMC version 6.8.0 64-bit x86_64 linux
Target: 32-bit little-endian x86_64-unknown-linux with esbmc libc
file ../sv-benchmarks/c/eca-rers2012/Problem12_label32.c: Parsing
Converting
Generating GOTO Program
GOTO program creation time: 1.218s
GOTO program processing time: 0.322s
*** Checking base case, k = 1
Starting Bounded Model Checking
Not unwinding 
Symex completed in: 0.061s (100 assignments)
Slicing time: 0.000s (removed 96 assignments)
Generated 0 VCC(s), 0 remaining after simplification (4 assignments)
BMC program time: 0.061s
No bug has been found in the base case
*** Checking forward condition, k = 1
Starting Bounded Model Checking
Not unwinding 
Symex completed in: 0.059s (100 assignments)
Slicing time: 0.000s (removed 96 assignments)
Generated 1 VCC(s), 1 remaining after simplification (4 assignments)
No solver specified; defaulting to Boolector
Encoding remaining VCC(s) using bit-vector/floating-point arithmetic
Encoding to solver time: 0.000s
Solving with solver Boolector 3.2.1
Encoding to solver time: 0.000s
Runtime decision procedure: 0.003s
The forward condition is unable to prove the property
*** Checking base case, k = 3
Starting Bounded Model Checking
Unwinding loop 1  iteration  1   file Problem12_label32.c line 4828 function main
Unwinding loop 1  iteration  2   file Problem12_label32.c line 4828 function main
Not unwinding 
Symex completed in: 1.297s (17133 assignments)
Slicing time: 0.154s (removed 13380 assignments)
Generated 2 VCC(s), 2 remaining after simplification (3753 assignments)
No solver specified; defaulting to Boolector
Encoding remaining VCC(s) using bit-vector/floating-point arithmetic
Encoding to solver time: 0.100s
Solving with solver Boolector 3.2.1
Encoding to solver time: 0.100s
Runtime decision procedure: 0.096s
BMC program time: 1.648s
No bug has been found in the base case
*** Checking forward condition, k = 3
Starting Bounded Model Checking
Unwinding loop 1  iteration  1   file Problem12_label32.c line 4828 function main
Unwinding loop 1  iteration  2   file Problem12_label32.c line 4828 function main
Not unwinding 
Symex completed in: 1.380s (17131 assignments)
Slicing time: 0.154s (removed 13380 assignments)
Generated 1 VCC(s), 1 remaining after simplification (3751 assignments)
No solver specified; defaulting to Boolector
Encoding remaining VCC(s) using bit-vector/floating-point arithmetic
Encoding to solver time: 0.108s
Solving with solver Boolector 3.2.1
Encoding to solver time: 0.108s
Runtime decision procedure: 7.729s
The forward condition is unable to prove the property
*** Checking inductive step, k = 3
Starting Bounded Model Checking
Unwinding loop 1  iteration  1   file Problem12_label32.c line 4828 function main
Unwinding loop 1  iteration  2   file Problem12_label32.c line 4828 function main
Not unwinding 
Symex completed in: 2.934s (36184 assignments)
Slicing time: 4.315s (removed 15414 assignments)
Generated 1 VCC(s), 1 remaining after simplification (20770 assignments)
No solver specified; defaulting to Boolector
Encoding remaining VCC(s) using bit-vector/floating-point arithmetic
Encoding to solver time: 0.825s
Solving with solver Boolector 3.2.1
Encoding to solver time: 0.825s
Runtime decision procedure: 73.517s
BMC program time: 81.593s
Building successful trace

VERIFICATION SUCCESSFUL

Solution found by the inductive step (k = 3)


TRUE
