./esbmc-wrapper.py -p ../sv-benchmarks/c/properties/unreach-call.prp -s kinduction --arch 64 ../sv-benchmarks/c/ldv-validator-v0.6/linux-stable-2b9ec6c-1-106_1a-drivers--usb--gadget--g_printer.ko-entry_point.cil.out.i


--------------------------------------------------------------------------------


Verifying with ESBMC
Command: ./esbmc --no-div-by-zero-check --force-malloc-success --state-hashing --no-align-check --k-step 2 --floatbv --unlimited-k-steps ../sv-benchmarks/c/ldv-validator-v0.6/linux-stable-2b9ec6c-1-106_1a-drivers--usb--gadget--g_printer.ko-entry_point.cil.out.i --64 --witness-output linux-stable-2b9ec6c-1-106_1a-drivers--usb--gadget--g_printer.ko-entry_point.cil.out.i.graphml --no-pointer-check --no-bounds-check --interval-analysis --k-induction --max-inductive-step 3 
ESBMC version 6.8.0 64-bit x86_64 linux
Target: 64-bit little-endian x86_64-unknown-linux with esbmc libc
file ../sv-benchmarks/c/ldv-validator-v0.6/linux-stable-2b9ec6c-1-106_1a-drivers--usb--gadget--g_printer.ko-entry_point.cil.out.i: Parsing
Converting
Generating GOTO Program
GOTO program creation time: 0.997s
GOTO program processing time: 0.183s
*** Checking base case, k = 1
Starting Bounded Model Checking
Not unwinding 
Not unwinding 
Not unwinding 
Not unwinding 
Not unwinding 
Not unwinding 
Not unwinding 
Not unwinding 
Symex completed in: 0.127s (664 assignments)
Slicing time: 0.002s (removed 487 assignments)
Generated 8 VCC(s), 8 remaining after simplification (177 assignments)
No solver specified; defaulting to Boolector
Encoding remaining VCC(s) using bit-vector/floating-point arithmetic
Encoding to solver time: 0.016s
Solving with solver Boolector 3.2.1
Encoding to solver time: 0.016s
Runtime decision procedure: 0.008s
BMC program time: 0.155s
No bug has been found in the base case
*** Checking forward condition, k = 1
Starting Bounded Model Checking
Not unwinding 
Not unwinding 
Not unwinding 
Not unwinding 
Not unwinding 
Not unwinding 
Not unwinding 
Not unwinding 
Symex completed in: 0.130s (656 assignments)
Slicing time: 0.002s (removed 514 assignments)
Generated 8 VCC(s), 8 remaining after simplification (142 assignments)
No solver specified; defaulting to Boolector
Encoding remaining VCC(s) using bit-vector/floating-point arithmetic
Encoding to solver time: 0.017s
Solving with solver Boolector 3.2.1
Encoding to solver time: 0.017s
Runtime decision procedure: 1.575s
The forward condition is unable to prove the property
*** Checking base case, k = 3
Starting Bounded Model Checking
Unwinding loop 35  iteration  1   file string.c line 272 function __memset_impl
Unwinding loop 35  iteration  2   file string.c line 272 function __memset_impl
Not unwinding 
Unwinding loop 35  iteration  1   file string.c line 272 function __memset_impl
Unwinding loop 35  iteration  1   file string.c line 272 function __memset_impl
Unwinding loop 35  iteration  2   file string.c line 272 function __memset_impl
Not unwinding 
Unwinding loop 35  iteration  1   file string.c line 272 function __memset_impl
Unwinding loop 35  iteration  2   file string.c line 272 function __memset_impl
Not unwinding 
Unwinding loop 35  iteration  1   file string.c line 272 function __memset_impl
Unwinding loop 35  iteration  2   file string.c line 272 function __memset_impl
Not unwinding 
Unwinding loop 35  iteration  1   file string.c line 272 function __memset_impl
Unwinding loop 35  iteration  1   file string.c line 272 function __memset_impl
Unwinding loop 35  iteration  2   file string.c line 272 function __memset_impl
Not unwinding 
Unwinding loop 33  iteration  1   file linux-stable-2b9ec6c-1-106_1a-drivers--usb--gadget--g_printer.ko-entry_point.cil.out.i line 5720 function main
No target candidate for function call *ep->ops->disable
No target candidate for function call *ep->ops->disable
Unwinding loop 25  iteration  1   file linux-stable-2b9ec6c-1-106_1a-drivers--usb--gadget--g_printer.ko-entry_point.cil.out.i line 5163 function printer_unbind
No target candidate for function call *ep->ops->free_request
Unwinding loop 25  iteration  2   file linux-stable-2b9ec6c-1-106_1a-drivers--usb--gadget--g_printer.ko-entry_point.cil.out.i line 5163 function printer_unbind
No target candidate for function call *ep->ops->free_request
Not unwinding 
No target candidate for function call *ep->ops->free_request
Unwinding loop 26  iteration  1   file linux-stable-2b9ec6c-1-106_1a-drivers--usb--gadget--g_printer.ko-entry_point.cil.out.i line 5179 function printer_unbind
No target candidate for function call *ep->ops->free_request
Unwinding loop 26  iteration  2   file linux-stable-2b9ec6c-1-106_1a-drivers--usb--gadget--g_printer.ko-entry_point.cil.out.i line 5179 function printer_unbind
No target candidate for function call *ep->ops->free_request
Not unwinding 
Unwinding loop 27  iteration  1   file linux-stable-2b9ec6c-1-106_1a-drivers--usb--gadget--g_printer.ko-entry_point.cil.out.i line 5191 function printer_unbind
No target candidate for function call *ep->ops->free_request
Unwinding loop 27  iteration  2   file linux-stable-2b9ec6c-1-106_1a-drivers--usb--gadget--g_printer.ko-entry_point.cil.out.i line 5191 function printer_unbind
No target candidate for function call *ep->ops->free_request
Not unwinding 
No target candidate for function call *ep->ops->free_request
Unwinding loop 35  iteration  1   file string.c line 272 function __memset_impl
Unwinding loop 35  iteration  2   file string.c line 272 function __memset_impl
Not unwinding 
Unwinding loop 35  iteration  1   file string.c line 272 function __memset_impl
Unwinding loop 35  iteration  2   file string.c line 272 function __memset_impl
Not unwinding 
Unwinding loop 3  iteration  1   file string.c line 96 function strcmp
Unwinding loop 3  iteration  2   file string.c line 96 function strcmp
Not unwinding 
Unwinding loop 2  iteration  1   file string.c line 78 function strlen
Unwinding loop 2  iteration  2   file string.c line 78 function strlen
Not unwinding 
Unwinding loop 25  iteration  1   file linux-stable-2b9ec6c-1-106_1a-drivers--usb--gadget--g_printer.ko-entry_point.cil.out.i line 5163 function printer_unbind
No target candidate for function call *ep->ops->free_request
Unwinding loop 25  iteration  2   file linux-stable-2b9ec6c-1-106_1a-drivers--usb--gadget--g_printer.ko-entry_point.cil.out.i line 5163 function printer_unbind
No target candidate for function call *ep->ops->free_request
Not unwinding 
No target candidate for function call *ep->ops->free_request
Unwinding loop 26  iteration  1   file linux-stable-2b9ec6c-1-106_1a-drivers--usb--gadget--g_printer.ko-entry_point.cil.out.i line 5179 function printer_unbind
No target candidate for function call *ep->ops->free_request
Unwinding loop 26  iteration  2   file linux-stable-2b9ec6c-1-106_1a-drivers--usb--gadget--g_printer.ko-entry_point.cil.out.i line 5179 function printer_unbind
No target candidate for function call *ep->ops->free_request
Not unwinding 
Unwinding loop 27  iteration  1   file linux-stable-2b9ec6c-1-106_1a-drivers--usb--gadget--g_printer.ko-entry_point.cil.out.i line 5191 function printer_unbind
No target candidate for function call *ep->ops->free_request
Unwinding loop 27  iteration  2   file linux-stable-2b9ec6c-1-106_1a-drivers--usb--gadget--g_printer.ko-entry_point.cil.out.i line 5191 function printer_unbind
No target candidate for function call *ep->ops->free_request
Not unwinding 
No target candidate for function call *ep->ops->free_request
Unwinding loop 9  iteration  1   file string.c line 263 function memcpy
Unwinding loop 9  iteration  2   file string.c line 263 function memcpy
Not unwinding 
Unwinding loop 9  iteration  1   file string.c line 263 function memcpy
Unwinding loop 9  iteration  2   file string.c line 263 function memcpy
Not unwinding 
Unwinding loop 10  iteration  1   file linux-stable-2b9ec6c-1-106_1a-drivers--usb--gadget--g_printer.ko-entry_point.cil.out.i line 3647 function usb_descriptor_fillbuf
Unwinding loop 9  iteration  1   file string.c line 263 function memcpy
Unwinding loop 9  iteration  2   file string.c line 263 function memcpy
Not unwinding 
Unwinding loop 10  iteration  2   file linux-stable-2b9ec6c-1-106_1a-drivers--usb--gadget--g_printer.ko-entry_point.cil.out.i line 3647 function usb_descriptor_fillbuf
Unwinding loop 9  iteration  1   file string.c line 263 function memcpy
Unwinding loop 9  iteration  2   file string.c line 263 function memcpy
Not unwinding 
Not unwinding 
Unwinding loop 8  iteration  1   file linux-stable-2b9ec6c-1-106_1a-drivers--usb--gadget--g_printer.ko-entry_point.cil.out.i line 3597 function usb_gadget_get_string
Unwinding loop 8  iteration  2   file linux-stable-2b9ec6c-1-106_1a-drivers--usb--gadget--g_printer.ko-entry_point.cil.out.i line 3597 function usb_gadget_get_string
Not unwinding 
Unwinding loop 2  iteration  1   file string.c line 78 function strlen
Unwinding loop 2  iteration  2   file string.c line 78 function strlen
Not unwinding 
Unwinding loop 7  iteration  1   file linux-stable-2b9ec6c-1-106_1a-drivers--usb--gadget--g_printer.ko-entry_point.cil.out.i line 3559 function utf8_to_utf16le
Unwinding loop 7  iteration  2   file linux-stable-2b9ec6c-1-106_1a-drivers--usb--gadget--g_printer.ko-entry_point.cil.out.i line 3559 function utf8_to_utf16le
Not unwinding 
No target candidate for function call *gadget->ops->vbus_draw
No target candidate for function call *gadget->ops->vbus_draw
No target candidate for function call *ep->ops->disable
No target candidate for function call *ep->ops->disable
No target candidate for function call *ep->ops->enable
No target candidate for function call *ep->ops->enable
No target candidate for function call *ep->ops->disable
No target candidate for function call *ep->ops->disable
No target candidate for function call *ep->ops->disable
No target candidate for function call *ep->ops->disable
Unwinding loop 9  iteration  1   file string.c line 263 function memcpy
Unwinding loop 9  iteration  2   file string.c line 263 function memcpy
Not unwinding 
No target candidate for function call *ep->ops->disable
No target candidate for function call *ep->ops->disable
Unwinding loop 22  iteration  1   file linux-stable-2b9ec6c-1-106_1a-drivers--usb--gadget--g_printer.ko-entry_point.cil.out.i line 4856 function printer_soft_reset
Unwinding loop 22  iteration  2   file linux-stable-2b9ec6c-1-106_1a-drivers--usb--gadget--g_printer.ko-entry_point.cil.out.i line 4856 function printer_soft_reset
Not unwinding 
Unwinding loop 23  iteration  1   file linux-stable-2b9ec6c-1-106_1a-drivers--usb--gadget--g_printer.ko-entry_point.cil.out.i line 4869 function printer_soft_reset
Unwinding loop 23  iteration  2   file linux-stable-2b9ec6c-1-106_1a-drivers--usb--gadget--g_printer.ko-entry_point.cil.out.i line 4869 function printer_soft_reset
Not unwinding 
Unwinding loop 24  iteration  1   file linux-stable-2b9ec6c-1-106_1a-drivers--usb--gadget--g_printer.ko-entry_point.cil.out.i line 4882 function printer_soft_reset
Unwinding loop 24  iteration  2   file linux-stable-2b9ec6c-1-106_1a-drivers--usb--gadget--g_printer.ko-entry_point.cil.out.i line 4882 function printer_soft_reset
Not unwinding 
No target candidate for function call *ep->ops->enable
No target candidate for function call *ep->ops->enable
No target candidate for function call *ep->ops->queue
Unwinding loop 35  iteration  1   file string.c line 272 function __memset_impl
Unwinding loop 35  iteration  2   file string.c line 272 function __memset_impl
Not unwinding 
Unwinding loop 33  iteration  2   file linux-stable-2b9ec6c-1-106_1a-drivers--usb--gadget--g_printer.ko-entry_point.cil.out.i line 5720 function main
No target candidate for function call *ep->ops->disable
No target candidate for function call *ep->ops->disable
Unwinding loop 25  iteration  1   file linux-stable-2b9ec6c-1-106_1a-drivers--usb--gadget--g_printer.ko-entry_point.cil.out.i line 5163 function printer_unbind
No target candidate for function call *ep->ops->free_request
Unwinding loop 25  iteration  2   file linux-stable-2b9ec6c-1-106_1a-drivers--usb--gadget--g_printer.ko-entry_point.cil.out.i line 5163 function printer_unbind
No target candidate for function call *ep->ops->free_request
Not unwinding 
No target candidate for function call *ep->ops->free_request
Unwinding loop 26  iteration  1   file linux-stable-2b9ec6c-1-106_1a-drivers--usb--gadget--g_printer.ko-entry_point.cil.out.i line 5179 function printer_unbind
No target candidate for function call *ep->ops->free_request
Unwinding loop 26  iteration  2   file linux-stable-2b9ec6c-1-106_1a-drivers--usb--gadget--g_printer.ko-entry_point.cil.out.i line 5179 function printer_unbind
No target candidate for function call *ep->ops->free_request
Not unwinding 
Unwinding loop 27  iteration  1   file linux-stable-2b9ec6c-1-106_1a-drivers--usb--gadget--g_printer.ko-entry_point.cil.out.i line 5191 function printer_unbind
No target candidate for function call *ep->ops->free_request
Unwinding loop 27  iteration  2   file linux-stable-2b9ec6c-1-106_1a-drivers--usb--gadget--g_printer.ko-entry_point.cil.out.i line 5191 function printer_unbind
No target candidate for function call *ep->ops->free_request
Not unwinding 
No target candidate for function call *ep->ops->free_request
Unwinding loop 35  iteration  1   file string.c line 272 function __memset_impl
Unwinding loop 35  iteration  2   file string.c line 272 function __memset_impl
Not unwinding 
Unwinding loop 35  iteration  1   file string.c line 272 function __memset_impl
Unwinding loop 35  iteration  2   file string.c line 272 function __memset_impl
Not unwinding 
Unwinding loop 3  iteration  1   file string.c line 96 function strcmp
Unwinding loop 3  iteration  2   file string.c line 96 function strcmp
Not unwinding 
Unwinding loop 2  iteration  1   file string.c line 78 function strlen
Unwinding loop 2  iteration  2   file string.c line 78 function strlen
Not unwinding 
Unwinding loop 25  iteration  1   file linux-stable-2b9ec6c-1-106_1a-drivers--usb--gadget--g_printer.ko-entry_point.cil.out.i line 5163 function printer_unbind
No target candidate for function call *ep->ops->free_request
Unwinding loop 25  iteration  2   file linux-stable-2b9ec6c-1-106_1a-drivers--usb--gadget--g_printer.ko-entry_point.cil.out.i line 5163 function printer_unbind
No target candidate for function call *ep->ops->free_request
Not unwinding 
No target candidate for function call *ep->ops->free_request
Unwinding loop 26  iteration  1   file linux-stable-2b9ec6c-1-106_1a-drivers--usb--gadget--g_printer.ko-entry_point.cil.out.i line 5179 function printer_unbind
No target candidate for function call *ep->ops->free_request
Unwinding loop 26  iteration  2   file linux-stable-2b9ec6c-1-106_1a-drivers--usb--gadget--g_printer.ko-entry_point.cil.out.i line 5179 function printer_unbind
No target candidate for function call *ep->ops->free_request
Not unwinding 
Unwinding loop 27  iteration  1   file linux-stable-2b9ec6c-1-106_1a-drivers--usb--gadget--g_printer.ko-entry_point.cil.out.i line 5191 function printer_unbind
No target candidate for function call *ep->ops->free_request
Unwinding loop 27  iteration  2   file linux-stable-2b9ec6c-1-106_1a-drivers--usb--gadget--g_printer.ko-entry_point.cil.out.i line 5191 function printer_unbind
No target candidate for function call *ep->ops->free_request
Not unwinding 
No target candidate for function call *ep->ops->free_request
Unwinding loop 9  iteration  1   file string.c line 263 function memcpy
Unwinding loop 9  iteration  2   file string.c line 263 function memcpy
Not unwinding 
Unwinding loop 9  iteration  1   file string.c line 263 function memcpy
Unwinding loop 9  iteration  2   file string.c line 263 function memcpy
Not unwinding 
Unwinding loop 10  iteration  1   file linux-stable-2b9ec6c-1-106_1a-drivers--usb--gadget--g_printer.ko-entry_point.cil.out.i line 3647 function usb_descriptor_fillbuf
Unwinding loop 9  iteration  1   file string.c line 263 function memcpy
Unwinding loop 9  iteration  2   file string.c line 263 function memcpy
Not unwinding 
Unwinding loop 10  iteration  2   file linux-stable-2b9ec6c-1-106_1a-drivers--usb--gadget--g_printer.ko-entry_point.cil.out.i line 3647 function usb_descriptor_fillbuf
Unwinding loop 9  iteration  1   file string.c line 263 function memcpy
Unwinding loop 9  iteration  2   file string.c line 263 function memcpy
Not unwinding 
Not unwinding 
Unwinding loop 8  iteration  1   file linux-stable-2b9ec6c-1-106_1a-drivers--usb--gadget--g_printer.ko-entry_point.cil.out.i line 3597 function usb_gadget_get_string
Unwinding loop 8  iteration  2   file linux-stable-2b9ec6c-1-106_1a-drivers--usb--gadget--g_printer.ko-entry_point.cil.out.i line 3597 function usb_gadget_get_string
Not unwinding 
Unwinding loop 2  iteration  1   file string.c line 78 function strlen
Unwinding loop 2  iteration  2   file string.c line 78 function strlen
Not unwinding 
Unwinding loop 7  iteration  1   file linux-stable-2b9ec6c-1-106_1a-drivers--usb--gadget--g_printer.ko-entry_point.cil.out.i line 3559 function utf8_to_utf16le
Unwinding loop 7  iteration  2   file linux-stable-2b9ec6c-1-106_1a-drivers--usb--gadget--g_printer.ko-entry_point.cil.out.i line 3559 function utf8_to_utf16le
Not unwinding 
No target candidate for function call *gadget->ops->vbus_draw
No target candidate for function call *gadget->ops->vbus_draw
No target candidate for function call *ep->ops->disable
No target candidate for function call *ep->ops->disable
No target candidate for function call *ep->ops->enable
No target candidate for function call *ep->ops->enable
No target candidate for function call *ep->ops->disable
No target candidate for function call *ep->ops->disable
No target candidate for function call *ep->ops->disable
No target candidate for function call *ep->ops->disable
Unwinding loop 9  iteration  1   file string.c line 263 function memcpy
Unwinding loop 9  iteration  2   file string.c line 263 function memcpy
Not unwinding 
No target candidate for function call *ep->ops->disable
No target candidate for function call *ep->ops->disable
Unwinding loop 22  iteration  1   file linux-stable-2b9ec6c-1-106_1a-drivers--usb--gadget--g_printer.ko-entry_point.cil.out.i line 4856 function printer_soft_reset
Unwinding loop 22  iteration  2   file linux-stable-2b9ec6c-1-106_1a-drivers--usb--gadget--g_printer.ko-entry_point.cil.out.i line 4856 function printer_soft_reset
Not unwinding 
Unwinding loop 23  iteration  1   file linux-stable-2b9ec6c-1-106_1a-drivers--usb--gadget--g_printer.ko-entry_point.cil.out.i line 4869 function printer_soft_reset
Unwinding loop 23  iteration  2   file linux-stable-2b9ec6c-1-106_1a-drivers--usb--gadget--g_printer.ko-entry_point.cil.out.i line 4869 function printer_soft_reset
Not unwinding 
Unwinding loop 24  iteration  1   file linux-stable-2b9ec6c-1-106_1a-drivers--usb--gadget--g_printer.ko-entry_point.cil.out.i line 4882 function printer_soft_reset
Unwinding loop 24  iteration  2   file linux-stable-2b9ec6c-1-106_1a-drivers--usb--gadget--g_printer.ko-entry_point.cil.out.i line 4882 function printer_soft_reset
Not unwinding 
No target candidate for function call *ep->ops->enable
No target candidate for function call *ep->ops->enable
No target candidate for function call *ep->ops->queue
Unwinding loop 35  iteration  1   file string.c line 272 function __memset_impl
Unwinding loop 35  iteration  2   file string.c line 272 function __memset_impl
Not unwinding 
Not unwinding 
Symex completed in: 6.268s (6193 assignments)
Slicing time: 0.066s (removed 4478 assignments)
Generated 40 VCC(s), 40 remaining after simplification (1715 assignments)
No solver specified; defaulting to Boolector
Encoding remaining VCC(s) using bit-vector/floating-point arithmetic
Encoding to solver time: 0.821s
Solving with solver Boolector 3.2.1
Encoding to solver time: 0.821s
Runtime decision procedure: 31.122s
Building error trace

Counterexample:

State 1 file linux-stable-2b9ec6c-1-106_1a-drivers--usb--gadget--g_printer.ko-entry_point.cil.out.i line 3938 thread 0
----------------------------------------------------
  usb_printer_gadget = { .lock={ .ldv_5785={ byte_extract_little_endian(0, 0), byte_extract_little_endian(0, 1), byte_extract_little_endian(0, 2), byte_extract_little_endian(0, 3), byte_extract_little_endian(0, 0), byte_extract_little_endian(0, 1), byte_extract_little_endian(0, 2), byte_extract_little_endian(0, 3), byte_extract_little_endian(0, 0), byte_extract_little_endian(0, 1), byte_extract_little_endian(0, 2), byte_extract_little_endian(0, 3), byte_extract_little_endian(0, 0), byte_extract_little_endian(0, 1), byte_extract_little_endian(0, 2), byte_extract_little_endian(0, 3), byte_extract_little_endian(0, 0), byte_extract_little_endian(0, 1), byte_extract_little_endian(0, 2), byte_extract_little_endian(0, 3), byte_extract_little_endian(0, 4), byte_extract_little_endian(0, 5), byte_extract_little_endian(0, 6), byte_extract_little_endian(0, 7), byte_extract_little_endian(0, 0), byte_extract_little_endian(0, 1), byte_extract_little_endian(0, 2), byte_extract_little_endian(0, 3), byte_extract_little_endian(0, 4), byte_extract_little_endian(0, 5), byte_extract_little_endian(0, 6), byte_extract_little_endian(0, 7), byte_extract_little_endian(0, 0), byte_extract_little_endian(0, 1), byte_extract_little_endian(0, 2), byte_extract_little_endian(0, 3), byte_extract_little_endian(0, 4), byte_extract_little_endian(0, 5), byte_extract_little_endian(0, 6), byte_extract_little_endian(0, 7), byte_extract_little_endian(0, 0), byte_extract_little_endian(0, 1), byte_extract_little_endian(0, 2), byte_extract_little_endian(0, 3), byte_extract_little_endian(0, 4), byte_extract_little_endian(0, 5), byte_extract_little_endian(0, 6), byte_extract_little_endian(0, 7), byte_extract_little_endian(0, 0), byte_extract_little_endian(0, 1), byte_extract_little_endian(0, 2), byte_extract_little_endian(0, 3), byte_extract_little_endian(0, 0), byte_extract_little_endian(0, 1), byte_extract_little_endian(0, 2), byte_extract_little_endian(0, 3), byte_extract_little_endian(0, 0), byte_extract_little_endian(0, 1), byte_extract_little_endian(0, 2), byte_extract_little_endian(0, 3), byte_extract_little_endian(0, 4), byte_extract_little_endian(0, 5), byte_extract_little_endian(0, 6), byte_extract_little_endian(0, 7) } }, .lock_printer_io={ .count={ .counter=0 }, .anon_pad$1=0, .wait_lock={ .ldv_5785={ byte_extract_little_endian(0, 0), byte_extract_little_endian(0, 1), byte_extract_little_endian(0, 2), byte_extract_little_endian(0, 3), byte_extract_little_endian(0, 0), byte_extract_little_endian(0, 1), byte_extract_little_endian(0, 2), byte_extract_little_endian(0, 3), byte_extract_little_endian(0, 0), byte_extract_little_endian(0, 1), byte_extract_little_endian(0, 2), byte_extract_little_endian(0, 3), byte_extract_little_endian(0, 0), byte_extract_little_endian(0, 1), byte_extract_little_endian(0, 2), byte_extract_little_endian(0, 3), byte_extract_little_endian(0, 0), byte_extract_little_endian(0, 1), byte_extract_little_endian(0, 2), byte_extract_little_endian(0, 3), byte_extract_little_endian(0, 4), byte_extract_little_endian(0, 5), byte_extract_little_endian(0, 6), byte_extract_little_endian(0, 7), byte_extract_little_endian(0, 0), byte_extract_little_endian(0, 1), byte_extract_little_endian(0, 2), byte_extract_little_endian(0, 3), byte_extract_little_endian(0, 4), byte_extract_little_endian(0, 5), byte_extract_little_endian(0, 6), byte_extract_little_endian(0, 7), byte_extract_little_endian(0, 0), byte_extract_little_endian(0, 1), byte_extract_little_endian(0, 2), byte_extract_little_endian(0, 3), byte_extract_little_endian(0, 4), byte_extract_little_endian(0, 5), byte_extract_little_endian(0, 6), byte_extract_little_endian(0, 7), byte_extract_little_endian(0, 0), byte_extract_little_endian(0, 1), byte_extract_little_endian(0, 2), byte_extract_little_endian(0, 3), byte_extract_little_endian(0, 4), byte_extract_little_endian(0, 5), byte_extract_little_endian(0, 6), byte_extract_little_endian(0, 7), byte_extract_little_endian(0, 0), byte_extract_little_endian(0, 1), byte_extract_little_endian(0, 2), byte_extract_little_endian(0, 3), byte_extract_little_endian(0, 0), byte_extract_little_endian(0, 1), byte_extract_little_endian(0, 2), byte_extract_little_endian(0, 3), byte_extract_little_endian(0, 0), byte_extract_little_endian(0, 1), byte_extract_little_endian(0, 2), byte_extract_little_endian(0, 3), byte_extract_little_endian(0, 4), byte_extract_little_endian(0, 5), byte_extract_little_endian(0, 6), byte_extract_little_endian(0, 7) } }, .wait_list={ .next=0, .prev=0 },
    .owner=0, .name=0,
    .magic=0, .dep_map={ .key=0, .class_cache=0, .name=0, .cpu=0, .anon_pad$4=0,
    .ip=0 } },
    .gadget=0,
    .req=0, .config=0, .interface=0, .anon_pad$6=0,
    .in_ep=0, .out_ep=0, .in=0, .out=0,
    .rx_reqs={ .next=0, .prev=0 }, .rx_reqs_active={ .next=0, .prev=0 },
    .rx_buffers={ .next=0, .prev=0 },
    .rx_wait={ .lock={ .ldv_5785={ byte_extract_little_endian(0, 0), byte_extract_little_endian(0, 1), byte_extract_little_endian(0, 2), byte_extract_little_endian(0, 3), byte_extract_little_endian(0, 0), byte_extract_little_endian(0, 1), byte_extract_little_endian(0, 2), byte_extract_little_endian(0, 3), byte_extract_little_endian(0, 0), byte_extract_little_endian(0, 1), byte_extract_little_endian(0, 2), byte_extract_little_endian(0, 3), byte_extract_little_endian(0, 0), byte_extract_little_endian(0, 1), byte_extract_little_endian(0, 2), byte_extract_little_endian(0, 3), byte_extract_little_endian(0, 0), byte_extract_little_endian(0, 1), byte_extract_little_endian(0, 2), byte_extract_little_endian(0, 3), byte_extract_little_endian(0, 4), byte_extract_little_endian(0, 5), byte_extract_little_endian(0, 6), byte_extract_little_endian(0, 7), byte_extract_little_endian(0, 0), byte_extract_little_endian(0, 1), byte_extract_little_endian(0, 2), byte_extract_little_endian(0, 3), byte_extract_little_endian(0, 4), byte_extract_little_endian(0, 5), byte_extract_little_endian(0, 6), byte_extract_little_endian(0, 7), byte_extract_little_endian(0, 0), byte_extract_little_endian(0, 1), byte_extract_little_endian(0, 2), byte_extract_little_endian(0, 3), byte_extract_little_endian(0, 4), byte_extract_little_endian(0, 5), byte_extract_little_endian(0, 6), byte_extract_little_endian(0, 7), byte_extract_little_endian(0, 0), byte_extract_little_endian(0, 1), byte_extract_little_endian(0, 2), byte_extract_little_endian(0, 3), byte_extract_little_endian(0, 4), byte_extract_little_endian(0, 5), byte_extract_little_endian(0, 6), byte_extract_little_endian(0, 7), byte_extract_little_endian(0, 0), byte_extract_little_endian(0, 1), byte_extract_little_endian(0, 2), byte_extract_little_endian(0, 3), byte_extract_little_endian(0, 0), byte_extract_little_endian(0, 1), byte_extract_little_endian(0, 2), byte_extract_little_endian(0, 3), byte_extract_little_endian(0, 0), byte_extract_little_endian(0, 1), byte_extract_little_endian(0, 2), byte_extract_little_endian(0, 3), byte_extract_little_endian(0, 4), byte_extract_little_endian(0, 5), byte_extract_little_endian(0, 6), byte_extract_little_endian(0, 7) } }, .task_list={ .next=0, .prev=0 } }, .tx_reqs={ .next=0, .prev=0 },
    .tx_reqs_active={ .next=0, .prev=0 }, .tx_wait={ .lock={ .ldv_5785={ byte_extract_little_endian(0, 0), byte_extract_little_endian(0, 1), byte_extract_little_endian(0, 2), byte_extract_little_endian(0, 3), byte_extract_little_endian(0, 0), byte_extract_little_endian(0, 1), byte_extract_little_endian(0, 2), byte_extract_little_endian(0, 3), byte_extract_little_endian(0, 0), byte_extract_little_endian(0, 1), byte_extract_little_endian(0, 2), byte_extract_little_endian(0, 3), byte_extract_little_endian(0, 0), byte_extract_little_endian(0, 1), byte_extract_little_endian(0, 2), byte_extract_little_endian(0, 3), byte_extract_little_endian(0, 0), byte_extract_little_endian(0, 1), byte_extract_little_endian(0, 2), byte_extract_little_endian(0, 3), byte_extract_little_endian(0, 4), byte_extract_little_endian(0, 5), byte_extract_little_endian(0, 6), byte_extract_little_endian(0, 7), byte_extract_little_endian(0, 0), byte_extract_little_endian(0, 1), byte_extract_little_endian(0, 2), byte_extract_little_endian(0, 3), byte_extract_little_endian(0, 4), byte_extract_little_endian(0, 5), byte_extract_little_endian(0, 6), byte_extract_little_endian(0, 7), byte_extract_little_endian(0, 0), byte_extract_little_endian(0, 1), byte_extract_little_endian(0, 2), byte_extract_little_endian(0, 3), byte_extract_little_endian(0, 4), byte_extract_little_endian(0, 5), byte_extract_little_endian(0, 6), byte_extract_little_endian(0, 7), byte_extract_little_endian(0, 0), byte_extract_little_endian(0, 1), byte_extract_little_endian(0, 2), byte_extract_little_endian(0, 3), byte_extract_little_endian(0, 4), byte_extract_little_endian(0, 5), byte_extract_little_endian(0, 6), byte_extract_little_endian(0, 7), byte_extract_little_endian(0, 0), byte_extract_little_endian(0, 1), byte_extract_little_endian(0, 2), byte_extract_little_endian(0, 3), byte_extract_little_endian(0, 0), byte_extract_little_endian(0, 1), byte_extract_little_endian(0, 2), byte_extract_little_endian(0, 3), byte_extract_little_endian(0, 0), byte_extract_little_endian(0, 1), byte_extract_little_endian(0, 2), byte_extract_little_endian(0, 3), byte_extract_little_endian(0, 4), byte_extract_little_endian(0, 5), byte_extract_little_endian(0, 6), byte_extract_little_endian(0, 7) } }, .task_list={ .next=0, .prev=0 } },
    .tx_flush_wait={ .lock={ .ldv_5785={ byte_extract_little_endian(0, 0), byte_extract_little_endian(0, 1), byte_extract_little_endian(0, 2), byte_extract_little_endian(0, 3), byte_extract_little_endian(0, 0), byte_extract_little_endian(0, 1), byte_extract_little_endian(0, 2), byte_extract_little_endian(0, 3), byte_extract_little_endian(0, 0), byte_extract_little_endian(0, 1), byte_extract_little_endian(0, 2), byte_extract_little_endian(0, 3), byte_extract_little_endian(0, 0), byte_extract_little_endian(0, 1), byte_extract_little_endian(0, 2), byte_extract_little_endian(0, 3), byte_extract_little_endian(0, 0), byte_extract_little_endian(0, 1), byte_extract_little_endian(0, 2), byte_extract_little_endian(0, 3), byte_extract_little_endian(0, 4), byte_extract_little_endian(0, 5), byte_extract_little_endian(0, 6), byte_extract_little_endian(0, 7), byte_extract_little_endian(0, 0), byte_extract_little_endian(0, 1), byte_extract_little_endian(0, 2), byte_extract_little_endian(0, 3), byte_extract_little_endian(0, 4), byte_extract_little_endian(0, 5), byte_extract_little_endian(0, 6), byte_extract_little_endian(0, 7), byte_extract_little_endian(0, 0), byte_extract_little_endian(0, 1), byte_extract_little_endian(0, 2), byte_extract_little_endian(0, 3), byte_extract_little_endian(0, 4), byte_extract_little_endian(0, 5), byte_extract_little_endian(0, 6), byte_extract_little_endian(0, 7), byte_extract_little_endian(0, 0), byte_extract_little_endian(0, 1), byte_extract_little_endian(0, 2), byte_extract_little_endian(0, 3), byte_extract_little_endian(0, 4), byte_extract_little_endian(0, 5), byte_extract_little_endian(0, 6), byte_extract_little_endian(0, 7), byte_extract_little_endian(0, 0), byte_extract_little_endian(0, 1), byte_extract_little_endian(0, 2), byte_extract_little_endian(0, 3), byte_extract_little_endian(0, 0), byte_extract_little_endian(0, 1), byte_extract_little_endian(0, 2), byte_extract_little_endian(0, 3), byte_extract_little_endian(0, 0), byte_extract_little_endian(0, 1), byte_extract_little_endian(0, 2), byte_extract_little_endian(0, 3), byte_extract_little_endian(0, 4), byte_extract_little_endian(0, 5), byte_extract_little_endian(0, 6), byte_extract_little_endian(0, 7) } }, .task_list={ .next=0, .prev=0 } },
    .current_rx_req=0,
    .current_rx_bytes=0, .current_rx_buf=0,
    .printer_status=0, .reset_printer=0,
    .anon_pad$24=0, .printer_cdev={ .kobj={ .name=0, .entry={ .next=0, .prev=0 }, .parent=0, .kset=0,
    .ktype=0, .sd=0, .kref={ .refcount={ .counter=0 } }, .state_initialized=0,
    .state_in_sysfs=0, .state_add_uevent_sent=0,
    .state_remove_uevent_sent=0, .uevent_suppress=0,
    .anon_bit_field_pad$12=0, .anon_pad$13=0 }, .owner=0,
    .ops=0, .list={ .next=0, .prev=0 }, .dev=0,
    .count=0 }, .pdev=0,
    .printer_cdev_open=0, .anon_pad$28=0, .wait={ .lock={ .ldv_5785={ byte_extract_little_endian(0, 0), byte_extract_little_endian(0, 1), byte_extract_little_endian(0, 2), byte_extract_little_endian(0, 3), byte_extract_little_endian(0, 0), byte_extract_little_endian(0, 1), byte_extract_little_endian(0, 2), byte_extract_little_endian(0, 3), byte_extract_little_endian(0, 0), byte_extract_little_endian(0, 1), byte_extract_little_endian(0, 2), byte_extract_little_endian(0, 3), byte_extract_little_endian(0, 0), byte_extract_little_endian(0, 1), byte_extract_little_endian(0, 2), byte_extract_little_endian(0, 3), byte_extract_little_endian(0, 0), byte_extract_little_endian(0, 1), byte_extract_little_endian(0, 2), byte_extract_little_endian(0, 3), byte_extract_little_endian(0, 4), byte_extract_little_endian(0, 5), byte_extract_little_endian(0, 6), byte_extract_little_endian(0, 7), byte_extract_little_endian(0, 0), byte_extract_little_endian(0, 1), byte_extract_little_endian(0, 2), byte_extract_little_endian(0, 3), byte_extract_little_endian(0, 4), byte_extract_little_endian(0, 5), byte_extract_little_endian(0, 6), byte_extract_little_endian(0, 7), byte_extract_little_endian(0, 0), byte_extract_little_endian(0, 1), byte_extract_little_endian(0, 2), byte_extract_little_endian(0, 3), byte_extract_little_endian(0, 4), byte_extract_little_endian(0, 5), byte_extract_little_endian(0, 6), byte_extract_little_endian(0, 7), byte_extract_little_endian(0, 0), byte_extract_little_endian(0, 1), byte_extract_little_endian(0, 2), byte_extract_little_endian(0, 3), byte_extract_little_endian(0, 4), byte_extract_little_endian(0, 5), byte_extract_little_endian(0, 6), byte_extract_little_endian(0, 7), byte_extract_little_endian(0, 0), byte_extract_little_endian(0, 1), byte_extract_little_endian(0, 2), byte_extract_little_endian(0, 3), byte_extract_little_endian(0, 0), byte_extract_little_endian(0, 1), byte_extract_little_endian(0, 2), byte_extract_little_endian(0, 3), byte_extract_little_endian(0, 0), byte_extract_little_endian(0, 1), byte_extract_little_endian(0, 2), byte_extract_little_endian(0, 3), byte_extract_little_endian(0, 4), byte_extract_little_endian(0, 5), byte_extract_little_endian(0, 6), byte_extract_little_endian(0, 7) } }, .task_list={ .next=0, .prev=0 } } }

State 2 file linux-stable-2b9ec6c-1-106_1a-drivers--usb--gadget--g_printer.ko-entry_point.cil.out.i line 3206 function ldv_zalloc thread 0
----------------------------------------------------
  tmp___0 = -1 (11111111 11111111 11111111 11111111)

State 3 file linux-stable-2b9ec6c-1-106_1a-drivers--usb--gadget--g_printer.ko-entry_point.cil.out.i line 3206 function ldv_zalloc thread 0
----------------------------------------------------
  tmp___0 = -2147483648 (10000000 00000000 00000000 00000000)

State 4 file linux-stable-2b9ec6c-1-106_1a-drivers--usb--gadget--g_printer.ko-entry_point.cil.out.i line 3206 function ldv_zalloc thread 0
----------------------------------------------------
  tmp___0 = -1 (11111111 11111111 11111111 11111111)

State 5 file linux-stable-2b9ec6c-1-106_1a-drivers--usb--gadget--g_printer.ko-entry_point.cil.out.i line 3206 function ldv_zalloc thread 0
----------------------------------------------------
  tmp___0 = -1 (11111111 11111111 11111111 11111111)

State 6 file linux-stable-2b9ec6c-1-106_1a-drivers--usb--gadget--g_printer.ko-entry_point.cil.out.i line 3206 function ldv_zalloc thread 0
----------------------------------------------------
  tmp___0 = -1 (11111111 11111111 11111111 11111111)

State 7 file linux-stable-2b9ec6c-1-106_1a-drivers--usb--gadget--g_printer.ko-entry_point.cil.out.i line 3206 function ldv_zalloc thread 0
----------------------------------------------------
  tmp___0 = 1024 (00000000 00000000 00000100 00000000)

State 8 file linux-stable-2b9ec6c-1-106_1a-drivers--usb--gadget--g_printer.ko-entry_point.cil.out.i line 5549 function main thread 0
----------------------------------------------------
  tmp___10 = 1 (00000000 00000000 00000000 00000001)

State 9 file linux-stable-2b9ec6c-1-106_1a-drivers--usb--gadget--g_printer.ko-entry_point.cil.out.i line 5600 function main thread 0
----------------------------------------------------
  tmp___12 = 1 (00000000 00000000 00000000 00000001)

State 10 file linux-stable-2b9ec6c-1-106_1a-drivers--usb--gadget--g_printer.ko-entry_point.cil.out.i line 3188 function ldv_malloc thread 0
----------------------------------------------------
  tmp___0 = 1 (00000000 00000000 00000000 00000001)

State 11 file linux-stable-2b9ec6c-1-106_1a-drivers--usb--gadget--g_printer.ko-entry_point.cil.out.i line 5422 function init thread 0
----------------------------------------------------
  usb_gadget_class = ( struct class *)0

State 12 file linux-stable-2b9ec6c-1-106_1a-drivers--usb--gadget--g_printer.ko-entry_point.cil.out.i line 3222 function ldv_undef_int thread 0
----------------------------------------------------
  tmp = 0 (00000000 00000000 00000000 00000000)

State 13 file linux-stable-2b9ec6c-1-106_1a-drivers--usb--gadget--g_printer.ko-entry_point.cil.out.i line 5850 function ldv_undef_int_nonpositive thread 0
----------------------------------------------------
  ret = 0 (00000000 00000000 00000000 00000000)

State 14 file linux-stable-2b9ec6c-1-106_1a-drivers--usb--gadget--g_printer.ko-entry_point.cil.out.i line 3222 function ldv_undef_int thread 0
----------------------------------------------------
  tmp = 0 (00000000 00000000 00000000 00000000)

State 15 file linux-stable-2b9ec6c-1-106_1a-drivers--usb--gadget--g_printer.ko-entry_point.cil.out.i line 5850 function ldv_undef_int_nonpositive thread 0
----------------------------------------------------
  ret = 0 (00000000 00000000 00000000 00000000)

State 16 file linux-stable-2b9ec6c-1-106_1a-drivers--usb--gadget--g_printer.ko-entry_point.cil.out.i line 3206 function ldv_zalloc thread 0
----------------------------------------------------
  tmp___0 = -2147483648 (10000000 00000000 00000000 00000000)

State 17 file linux-stable-2b9ec6c-1-106_1a-drivers--usb--gadget--g_printer.ko-entry_point.cil.out.i line 5476 function ldv_initialize_usb_gadget_driver_1 thread 0
----------------------------------------------------
  printer_driver_group0 = ( struct usb_gadget *)0

State 18 file linux-stable-2b9ec6c-1-106_1a-drivers--usb--gadget--g_printer.ko-entry_point.cil.out.i line 5549 function main thread 0
----------------------------------------------------
  tmp___10 = 1 (00000000 00000000 00000000 00000001)

State 19 file linux-stable-2b9ec6c-1-106_1a-drivers--usb--gadget--g_printer.ko-entry_point.cil.out.i line 5600 function main thread 0
----------------------------------------------------
  tmp___12 = 0 (00000000 00000000 00000000 00000000)

State 20 file linux-stable-2b9ec6c-1-106_1a-drivers--usb--gadget--g_printer.ko-entry_point.cil.out.i line 12 function reach_error thread 0
----------------------------------------------------
Violated property:
  file linux-stable-2b9ec6c-1-106_1a-drivers--usb--gadget--g_printer.ko-entry_point.cil.out.i line 12 function reach_error
  assertion 0
  0


VERIFICATION FAILED

Bug found (k = 3)

../sv-benchmarks/c/ldv-validator-v0.6/linux-stable-2b9ec6c-1-106_1a-drivers--usb--gadget--g_printer.ko-entry_point.cil.out.i:5884:22: warning: incompatible integer to pointer conversion passing 'unsigned long' to parameter of type 'const void *' [-Wint-conversion]
    tmp = ldv_is_err((unsigned long )ptr);
                     ^~~~~~~~~~~~~~~~~~~
../sv-benchmarks/c/ldv-validator-v0.6/linux-stable-2b9ec6c-1-106_1a-drivers--usb--gadget--g_printer.ko-entry_point.cil.out.i:5858:29: note: passing argument to parameter 'ptr' here
long ldv_is_err(void const *ptr )
                            ^

FALSE_REACH
