./esbmc-wrapper.py -p ../sv-benchmarks/c/properties/unreach-call.prp -s kinduction --arch 64 ../sv-benchmarks/c/ldv-linux-3.4-simple/32_1_cilled_ok_nondet_linux-3.4-32_1-drivers--mtd--devices--mtdram.ko-ldv_main0_sequence_infinite_withcheck_stateful.cil.out.i


--------------------------------------------------------------------------------


Verifying with ESBMC
Command: ./esbmc --no-div-by-zero-check --force-malloc-success --state-hashing --no-align-check --k-step 2 --floatbv --unlimited-k-steps ../sv-benchmarks/c/ldv-linux-3.4-simple/32_1_cilled_ok_nondet_linux-3.4-32_1-drivers--mtd--devices--mtdram.ko-ldv_main0_sequence_infinite_withcheck_stateful.cil.out.i --64 --witness-output 32_1_cilled_ok_nondet_linux-3.4-32_1-drivers--mtd--devices--mtdram.ko-ldv_main0_sequence_infinite_withcheck_stateful.cil.out.i.graphml --no-pointer-check --no-bounds-check --interval-analysis --k-induction --max-inductive-step 3 
ESBMC version 6.8.0 64-bit x86_64 linux
Target: 64-bit little-endian x86_64-unknown-linux with esbmc libc
file ../sv-benchmarks/c/ldv-linux-3.4-simple/32_1_cilled_ok_nondet_linux-3.4-32_1-drivers--mtd--devices--mtdram.ko-ldv_main0_sequence_infinite_withcheck_stateful.cil.out.i: Parsing
Converting
Generating GOTO Program
GOTO program creation time: 0.222s
GOTO program processing time: 0.005s
*** Checking base case, k = 1
Starting Bounded Model Checking
Not unwinding 
Symex completed in: 0.009s (137 assignments)
Slicing time: 0.000s (removed 115 assignments)
Generated 0 VCC(s), 0 remaining after simplification (22 assignments)
BMC program time: 0.009s
No bug has been found in the base case
*** Checking forward condition, k = 1
Starting Bounded Model Checking
Not unwinding 
Symex completed in: 0.008s (137 assignments)
Slicing time: 0.000s (removed 115 assignments)
Generated 1 VCC(s), 1 remaining after simplification (22 assignments)
No solver specified; defaulting to Boolector
Encoding remaining VCC(s) using bit-vector/floating-point arithmetic
Encoding to solver time: 0.001s
Solving with solver Boolector 3.2.1
Encoding to solver time: 0.001s
Runtime decision procedure: 0.096s
The forward condition is unable to prove the property
*** Checking base case, k = 3
Starting Bounded Model Checking
Unwinding loop 3  iteration  1   file string.c line 272 function __memset_impl
Unwinding loop 3  iteration  2   file string.c line 272 function __memset_impl
Not unwinding 
Symex completed in: 0.009s (143 assignments)
Slicing time: 0.000s (removed 121 assignments)
Generated 0 VCC(s), 0 remaining after simplification (22 assignments)
BMC program time: 0.009s
No bug has been found in the base case
*** Checking forward condition, k = 3
Starting Bounded Model Checking
Unwinding loop 3  iteration  1   file string.c line 272 function __memset_impl
Unwinding loop 3  iteration  2   file string.c line 272 function __memset_impl
Not unwinding 
Symex completed in: 0.010s (143 assignments)
Slicing time: 0.000s (removed 121 assignments)
Generated 1 VCC(s), 1 remaining after simplification (22 assignments)
No solver specified; defaulting to Boolector
Encoding remaining VCC(s) using bit-vector/floating-point arithmetic
Encoding to solver time: 0.002s
Solving with solver Boolector 3.2.1
Encoding to solver time: 0.002s
Runtime decision procedure: 0.096s
The forward condition is unable to prove the property
*** Checking inductive step, k = 3
Starting Bounded Model Checking
Unwinding loop 3  iteration  1   file string.c line 272 function __memset_impl
Unwinding loop 3  iteration  2   file string.c line 272 function __memset_impl
Not unwinding 
Unwinding loop 3  iteration  1   file string.c line 272 function __memset_impl
Unwinding loop 3  iteration  2   file string.c line 272 function __memset_impl
Not unwinding 
Unwinding loop 2  iteration  1   file 32_1_cilled_ok_nondet_linux-3.4-32_1-drivers--mtd--devices--mtdram.ko-ldv_main0_sequence_infinite_withcheck_stateful.cil.out.i line 1404 function main
Unwinding loop 2  iteration  2   file 32_1_cilled_ok_nondet_linux-3.4-32_1-drivers--mtd--devices--mtdram.ko-ldv_main0_sequence_infinite_withcheck_stateful.cil.out.i line 1404 function main
Not unwinding 
Symex completed in: 0.025s (389 assignments)
Slicing time: 0.001s (removed 335 assignments)
Generated 0 VCC(s), 0 remaining after simplification (54 assignments)
BMC program time: 0.026s
Building successful trace

VERIFICATION SUCCESSFUL

Solution found by the inductive step (k = 3)

../sv-benchmarks/c/ldv-linux-3.4-simple/32_1_cilled_ok_nondet_linux-3.4-32_1-drivers--mtd--devices--mtdram.ko-ldv_main0_sequence_infinite_withcheck_stateful.cil.out.i:1389:1: warning: return type of 'main' is not 'int' [-Wmain-return-type]
void main(void)
^
../sv-benchmarks/c/ldv-linux-3.4-simple/32_1_cilled_ok_nondet_linux-3.4-32_1-drivers--mtd--devices--mtdram.ko-ldv_main0_sequence_infinite_withcheck_stateful.cil.out.i:1389:1: note: change return type to 'int'
void main(void)
^~~~
int

TRUE
