./esbmc-wrapper.py -p ../sv-benchmarks/c/properties/termination.prp -s kinduction --arch 32 ../sv-benchmarks/c/product-lines/email_spec3_product25.cil.c


--------------------------------------------------------------------------------


Verifying with ESBMC
Command: ./esbmc --no-div-by-zero-check --force-malloc-success --state-hashing --no-align-check --k-step 2 --floatbv --unlimited-k-steps ../sv-benchmarks/c/product-lines/email_spec3_product25.cil.c --32 --witness-output email_spec3_product25.cil.c.graphml --no-pointer-check --no-bounds-check --no-assertions --termination --max-inductive-step 3 
ESBMC version 6.8.0 64-bit x86_64 linux
Target: 32-bit little-endian x86_64-unknown-linux with esbmc libc
file ../sv-benchmarks/c/product-lines/email_spec3_product25.cil.c: Parsing
Converting
Generating GOTO Program
GOTO program creation time: 0.294s
GOTO program processing time: 0.006s
*** Checking forward condition, k = 1
Starting Bounded Model Checking
Not unwinding 
Symex completed in: 0.065s (711 assignments)
Slicing time: 0.001s (removed 669 assignments)
Generated 1 VCC(s), 1 remaining after simplification (42 assignments)
No solver specified; defaulting to Boolector
Encoding remaining VCC(s) using bit-vector/floating-point arithmetic
Encoding to solver time: 0.004s
Solving with solver Boolector 3.2.1
Encoding to solver time: 0.004s
Runtime decision procedure: 0.327s
The forward condition is unable to prove the property
*** Checking forward condition, k = 3
Starting Bounded Model Checking
Unwinding loop 4  iteration  1   file email_spec3_product25.cil.c line 886 function test
Unwinding loop 4  iteration  2   file email_spec3_product25.cil.c line 886 function test
Not unwinding 
Symex completed in: 0.654s (4615 assignments)
Slicing time: 0.119s (removed 3294 assignments)
Generated 1 VCC(s), 1 remaining after simplification (1321 assignments)
No solver specified; defaulting to Boolector
Encoding remaining VCC(s) using bit-vector/floating-point arithmetic
Encoding to solver time: 0.028s
Solving with solver Boolector 3.2.1
Encoding to solver time: 0.028s
Runtime decision procedure: 0.979s
The forward condition is unable to prove the property
*** Checking forward condition, k = 5
Starting Bounded Model Checking
Unwinding loop 4  iteration  1   file email_spec3_product25.cil.c line 886 function test
Unwinding loop 4  iteration  2   file email_spec3_product25.cil.c line 886 function test
Unwinding loop 4  iteration  3   file email_spec3_product25.cil.c line 886 function test
Unwinding loop 4  iteration  4   file email_spec3_product25.cil.c line 886 function test
Symex completed in: 0.829s (5277 assignments)
Slicing time: 0.241s (removed 3598 assignments)
Generated 0 VCC(s), 0 remaining after simplification (1679 assignments)
BMC program time: 1.070s
Building successful trace

VERIFICATION SUCCESSFUL

Solution found by the forward condition; all states are reachable (k = 5


TRUE
