./esbmc-wrapper.py -p ../sv-benchmarks/c/properties/termination.prp -s kinduction --arch 32 ../sv-benchmarks/c/seq-mthreaded/pals_opt-floodmax.4.3.ufo.UNBOUNDED.pals.c


--------------------------------------------------------------------------------


Verifying with ESBMC
Command: ./esbmc --no-div-by-zero-check --force-malloc-success --state-hashing --no-align-check --k-step 2 --floatbv --unlimited-k-steps ../sv-benchmarks/c/seq-mthreaded/pals_opt-floodmax.4.3.ufo.UNBOUNDED.pals.c --32 --witness-output pals_opt-floodmax.4.3.ufo.UNBOUNDED.pals.c.graphml --no-pointer-check --no-bounds-check --no-assertions --termination --max-inductive-step 3 
ESBMC version 6.8.0 64-bit x86_64 linux
Target: 32-bit little-endian x86_64-unknown-linux with esbmc libc
file ../sv-benchmarks/c/seq-mthreaded/pals_opt-floodmax.4.3.ufo.UNBOUNDED.pals.c: Parsing
Converting
Generating GOTO Program
GOTO program creation time: 0.204s
GOTO program processing time: 0.003s
*** Checking forward condition, k = 1
Starting Bounded Model Checking
Not unwinding 
Symex completed in: 0.148s (1099 assignments)
Slicing time: 0.006s (removed 725 assignments)
Generated 1 VCC(s), 1 remaining after simplification (374 assignments)
No solver specified; defaulting to Boolector
Encoding remaining VCC(s) using bit-vector/floating-point arithmetic
Encoding to solver time: 0.007s
Solving with solver Boolector 3.2.1
Encoding to solver time: 0.007s
Runtime decision procedure: 0.036s
The forward condition is unable to prove the property
*** Checking forward condition, k = 3
Starting Bounded Model Checking
Unwinding loop 2  iteration  1   file pals_opt-floodmax.4.3.ufo.UNBOUNDED.pals.c line 1284 function main
Unwinding loop 2  iteration  2   file pals_opt-floodmax.4.3.ufo.UNBOUNDED.pals.c line 1284 function main
Not unwinding 
Symex completed in: 0.222s (1927 assignments)
Slicing time: 0.009s (removed 1009 assignments)
Generated 1 VCC(s), 1 remaining after simplification (918 assignments)
No solver specified; defaulting to Boolector
Encoding remaining VCC(s) using bit-vector/floating-point arithmetic
Encoding to solver time: 0.015s
Solving with solver Boolector 3.2.1
Encoding to solver time: 0.015s
Runtime decision procedure: 0.052s
The forward condition is unable to prove the property
*** Checking forward condition, k = 5
Starting Bounded Model Checking
Unwinding loop 2  iteration  1   file pals_opt-floodmax.4.3.ufo.UNBOUNDED.pals.c line 1284 function main
Unwinding loop 2  iteration  2   file pals_opt-floodmax.4.3.ufo.UNBOUNDED.pals.c line 1284 function main
Unwinding loop 2  iteration  3   file pals_opt-floodmax.4.3.ufo.UNBOUNDED.pals.c line 1284 function main
Unwinding loop 2  iteration  4   file pals_opt-floodmax.4.3.ufo.UNBOUNDED.pals.c line 1284 function main
Not unwinding 
Symex completed in: 0.306s (2755 assignments)
Slicing time: 0.012s (removed 1289 assignments)
Generated 1 VCC(s), 1 remaining after simplification (1466 assignments)
No solver specified; defaulting to Boolector
Encoding remaining VCC(s) using bit-vector/floating-point arithmetic
Encoding to solver time: 0.026s
Solving with solver Boolector 3.2.1
Encoding to solver time: 0.026s
Runtime decision procedure: 0.074s
The forward condition is unable to prove the property
*** Checking forward condition, k = 7
Starting Bounded Model Checking
Unwinding loop 2  iteration  1   file pals_opt-floodmax.4.3.ufo.UNBOUNDED.pals.c line 1284 function main
Unwinding loop 2  iteration  2   file pals_opt-floodmax.4.3.ufo.UNBOUNDED.pals.c line 1284 function main
Unwinding loop 2  iteration  3   file pals_opt-floodmax.4.3.ufo.UNBOUNDED.pals.c line 1284 function main
Unwinding loop 2  iteration  4   file pals_opt-floodmax.4.3.ufo.UNBOUNDED.pals.c line 1284 function main
Unwinding loop 2  iteration  5   file pals_opt-floodmax.4.3.ufo.UNBOUNDED.pals.c line 1284 function main
Unwinding loop 2  iteration  6   file pals_opt-floodmax.4.3.ufo.UNBOUNDED.pals.c line 1284 function main
Not unwinding 
Symex completed in: 0.374s (3583 assignments)
Slicing time: 0.013s (removed 1569 assignments)
Generated 1 VCC(s), 1 remaining after simplification (2014 assignments)
No solver specified; defaulting to Boolector
Encoding remaining VCC(s) using bit-vector/floating-point arithmetic
Encoding to solver time: 0.036s
Solving with solver Boolector 3.2.1
Encoding to solver time: 0.036s
Runtime decision procedure: 18.739s
BMC program time: 19.163s
Building successful trace

VERIFICATION SUCCESSFUL

Solution found by the forward condition; all states are reachable (k = 7


TRUE
