./esbmc-wrapper.py -p ../sv-benchmarks/c/properties/unreach-call.prp -s kinduction --arch 32 ../sv-benchmarks/c/nla-digbench-scaling/ps3-ll_unwindbound50.c


--------------------------------------------------------------------------------


Verifying with ESBMC
Command: ./esbmc --no-div-by-zero-check --force-malloc-success --state-hashing --add-symex-value-sets --no-align-check --k-step 5 --floatbv --unlimited-k-steps ../sv-benchmarks/c/nla-digbench-scaling/ps3-ll_unwindbound50.c --32 --witness-output ps3-ll_unwindbound50.c.graphml --no-pointer-check --no-bounds-check --interval-analysis --goto-unwind --unlimited-goto-unwind --k-induction --max-inductive-step 3 
ESBMC version 6.8.0 64-bit x86_64 linux
Target: 32-bit little-endian x86_64-unknown-linux with esbmc libc
file ../sv-benchmarks/c/nla-digbench-scaling/ps3-ll_unwindbound50.c: Parsing
Converting
Generating GOTO Program
GOTO program creation time: 0.136s
GOTO program processing time: 0.001s
*** Checking base case, k = 1
Starting Bounded Model Checking
Not unwinding 
Symex completed in: 0.001s (27 assignments)
Slicing time: 0.000s (removed 23 assignments)
Generated 0 VCC(s), 0 remaining after simplification (4 assignments)
BMC program time: 0.001s
No bug has been found in the base case
*** Checking forward condition, k = 1
Starting Bounded Model Checking
Not unwinding 
Symex completed in: 0.001s (27 assignments)
Slicing time: 0.000s (removed 23 assignments)
Generated 1 VCC(s), 1 remaining after simplification (4 assignments)
No solver specified; defaulting to Boolector
Encoding remaining VCC(s) using bit-vector/floating-point arithmetic
Encoding to solver time: 0.000s
Solving with solver Boolector 3.2.2
Encoding to solver time: 0.000s
Runtime decision procedure: 0.001s
The forward condition is unable to prove the property
*** Checking base case, k = 6
Starting Bounded Model Checking
Unwinding loop 1  iteration  1   file ps3-ll_unwindbound50.c line 27 function main
Unwinding loop 1  iteration  2   file ps3-ll_unwindbound50.c line 27 function main
Unwinding loop 1  iteration  3   file ps3-ll_unwindbound50.c line 27 function main
Unwinding loop 1  iteration  4   file ps3-ll_unwindbound50.c line 27 function main
Unwinding loop 1  iteration  5   file ps3-ll_unwindbound50.c line 27 function main
Not unwinding 
Symex completed in: 0.004s (89 assignments)
Slicing time: 0.000s (removed 67 assignments)
Generated 1 VCC(s), 1 remaining after simplification (22 assignments)
No solver specified; defaulting to Boolector
Encoding remaining VCC(s) using bit-vector/floating-point arithmetic
Encoding to solver time: 0.000s
Solving with solver Boolector 3.2.2
Encoding to solver time: 0.000s
Runtime decision procedure: 0.050s
BMC program time: 0.055s
No bug has been found in the base case
*** Checking forward condition, k = 6
Starting Bounded Model Checking
Unwinding loop 1  iteration  1   file ps3-ll_unwindbound50.c line 27 function main
Unwinding loop 1  iteration  2   file ps3-ll_unwindbound50.c line 27 function main
Unwinding loop 1  iteration  3   file ps3-ll_unwindbound50.c line 27 function main
Unwinding loop 1  iteration  4   file ps3-ll_unwindbound50.c line 27 function main
Unwinding loop 1  iteration  5   file ps3-ll_unwindbound50.c line 27 function main
Not unwinding 
Symex completed in: 0.003s (88 assignments)
Slicing time: 0.001s (removed 79 assignments)
Generated 1 VCC(s), 1 remaining after simplification (9 assignments)
No solver specified; defaulting to Boolector
Encoding remaining VCC(s) using bit-vector/floating-point arithmetic
Encoding to solver time: 0.000s
Solving with solver Boolector 3.2.2
Encoding to solver time: 0.000s
Runtime decision procedure: 0.004s
The forward condition is unable to prove the property
*** Checking base case, k = 11
Starting Bounded Model Checking
Unwinding loop 1  iteration  1   file ps3-ll_unwindbound50.c line 27 function main
Unwinding loop 1  iteration  2   file ps3-ll_unwindbound50.c line 27 function main
Unwinding loop 1  iteration  3   file ps3-ll_unwindbound50.c line 27 function main
Unwinding loop 1  iteration  4   file ps3-ll_unwindbound50.c line 27 function main
Unwinding loop 1  iteration  5   file ps3-ll_unwindbound50.c line 27 function main
Unwinding loop 1  iteration  6   file ps3-ll_unwindbound50.c line 27 function main
Unwinding loop 1  iteration  7   file ps3-ll_unwindbound50.c line 27 function main
Unwinding loop 1  iteration  8   file ps3-ll_unwindbound50.c line 27 function main
Unwinding loop 1  iteration  9   file ps3-ll_unwindbound50.c line 27 function main
Unwinding loop 1  iteration  10   file ps3-ll_unwindbound50.c line 27 function main
Not unwinding 
Symex completed in: 0.006s (149 assignments)
Slicing time: 0.001s (removed 112 assignments)
Generated 1 VCC(s), 1 remaining after simplification (37 assignments)
No solver specified; defaulting to Boolector
Encoding remaining VCC(s) using bit-vector/floating-point arithmetic
Encoding to solver time: 0.000s
Solving with solver Boolector 3.2.2
Encoding to solver time: 0.000s
Runtime decision procedure: 0.104s
BMC program time: 0.112s
No bug has been found in the base case
*** Checking forward condition, k = 11
Starting Bounded Model Checking
Unwinding loop 1  iteration  1   file ps3-ll_unwindbound50.c line 27 function main
Unwinding loop 1  iteration  2   file ps3-ll_unwindbound50.c line 27 function main
Unwinding loop 1  iteration  3   file ps3-ll_unwindbound50.c line 27 function main
Unwinding loop 1  iteration  4   file ps3-ll_unwindbound50.c line 27 function main
Unwinding loop 1  iteration  5   file ps3-ll_unwindbound50.c line 27 function main
Unwinding loop 1  iteration  6   file ps3-ll_unwindbound50.c line 27 function main
Unwinding loop 1  iteration  7   file ps3-ll_unwindbound50.c line 27 function main
Unwinding loop 1  iteration  8   file ps3-ll_unwindbound50.c line 27 function main
Unwinding loop 1  iteration  9   file ps3-ll_unwindbound50.c line 27 function main
Unwinding loop 1  iteration  10   file ps3-ll_unwindbound50.c line 27 function main
Not unwinding 
Symex completed in: 0.006s (148 assignments)
Slicing time: 0.000s (removed 134 assignments)
Generated 1 VCC(s), 1 remaining after simplification (14 assignments)
No solver specified; defaulting to Boolector
Encoding remaining VCC(s) using bit-vector/floating-point arithmetic
Encoding to solver time: 0.000s
Solving with solver Boolector 3.2.2
Encoding to solver time: 0.000s
Runtime decision procedure: 0.006s
The forward condition is unable to prove the property
*** Checking base case, k = 16
Starting Bounded Model Checking
Unwinding loop 1  iteration  1   file ps3-ll_unwindbound50.c line 27 function main
Unwinding loop 1  iteration  2   file ps3-ll_unwindbound50.c line 27 function main
Unwinding loop 1  iteration  3   file ps3-ll_unwindbound50.c line 27 function main
Unwinding loop 1  iteration  4   file ps3-ll_unwindbound50.c line 27 function main
Unwinding loop 1  iteration  5   file ps3-ll_unwindbound50.c line 27 function main
Unwinding loop 1  iteration  6   file ps3-ll_unwindbound50.c line 27 function main
Unwinding loop 1  iteration  7   file ps3-ll_unwindbound50.c line 27 function main
Unwinding loop 1  iteration  8   file ps3-ll_unwindbound50.c line 27 function main
Unwinding loop 1  iteration  9   file ps3-ll_unwindbound50.c line 27 function main
Unwinding loop 1  iteration  10   file ps3-ll_unwindbound50.c line 27 function main
Unwinding loop 1  iteration  11   file ps3-ll_unwindbound50.c line 27 function main
Unwinding loop 1  iteration  12   file ps3-ll_unwindbound50.c line 27 function main
Unwinding loop 1  iteration  13   file ps3-ll_unwindbound50.c line 27 function main
Unwinding loop 1  iteration  14   file ps3-ll_unwindbound50.c line 27 function main
Unwinding loop 1  iteration  15   file ps3-ll_unwindbound50.c line 27 function main
Not unwinding 
Symex completed in: 0.008s (209 assignments)
Slicing time: 0.001s (removed 157 assignments)
Generated 1 VCC(s), 1 remaining after simplification (52 assignments)
No solver specified; defaulting to Boolector
Encoding remaining VCC(s) using bit-vector/floating-point arithmetic
Encoding to solver time: 0.001s
Solving with solver Boolector 3.2.2
Encoding to solver time: 0.001s
Runtime decision procedure: 0.134s
BMC program time: 0.145s
No bug has been found in the base case
*** Checking forward condition, k = 16
Starting Bounded Model Checking
Unwinding loop 1  iteration  1   file ps3-ll_unwindbound50.c line 27 function main
Unwinding loop 1  iteration  2   file ps3-ll_unwindbound50.c line 27 function main
Unwinding loop 1  iteration  3   file ps3-ll_unwindbound50.c line 27 function main
Unwinding loop 1  iteration  4   file ps3-ll_unwindbound50.c line 27 function main
Unwinding loop 1  iteration  5   file ps3-ll_unwindbound50.c line 27 function main
Unwinding loop 1  iteration  6   file ps3-ll_unwindbound50.c line 27 function main
Unwinding loop 1  iteration  7   file ps3-ll_unwindbound50.c line 27 function main
Unwinding loop 1  iteration  8   file ps3-ll_unwindbound50.c line 27 function main
Unwinding loop 1  iteration  9   file ps3-ll_unwindbound50.c line 27 function main
Unwinding loop 1  iteration  10   file ps3-ll_unwindbound50.c line 27 function main
Unwinding loop 1  iteration  11   file ps3-ll_unwindbound50.c line 27 function main
Unwinding loop 1  iteration  12   file ps3-ll_unwindbound50.c line 27 function main
Unwinding loop 1  iteration  13   file ps3-ll_unwindbound50.c line 27 function main
Unwinding loop 1  iteration  14   file ps3-ll_unwindbound50.c line 27 function main
Unwinding loop 1  iteration  15   file ps3-ll_unwindbound50.c line 27 function main
Not unwinding 
Symex completed in: 0.009s (208 assignments)
Slicing time: 0.000s (removed 189 assignments)
Generated 1 VCC(s), 1 remaining after simplification (19 assignments)
No solver specified; defaulting to Boolector
Encoding remaining VCC(s) using bit-vector/floating-point arithmetic
Encoding to solver time: 0.000s
Solving with solver Boolector 3.2.2
Encoding to solver time: 0.000s
Runtime decision procedure: 0.009s
The forward condition is unable to prove the property
*** Checking base case, k = 21
Starting Bounded Model Checking
Unwinding loop 1  iteration  1   file ps3-ll_unwindbound50.c line 27 function main
Unwinding loop 1  iteration  2   file ps3-ll_unwindbound50.c line 27 function main
Unwinding loop 1  iteration  3   file ps3-ll_unwindbound50.c line 27 function main
Unwinding loop 1  iteration  4   file ps3-ll_unwindbound50.c line 27 function main
Unwinding loop 1  iteration  5   file ps3-ll_unwindbound50.c line 27 function main
Unwinding loop 1  iteration  6   file ps3-ll_unwindbound50.c line 27 function main
Unwinding loop 1  iteration  7   file ps3-ll_unwindbound50.c line 27 function main
Unwinding loop 1  iteration  8   file ps3-ll_unwindbound50.c line 27 function main
Unwinding loop 1  iteration  9   file ps3-ll_unwindbound50.c line 27 function main
Unwinding loop 1  iteration  10   file ps3-ll_unwindbound50.c line 27 function main
Unwinding loop 1  iteration  11   file ps3-ll_unwindbound50.c line 27 function main
Unwinding loop 1  iteration  12   file ps3-ll_unwindbound50.c line 27 function main
Unwinding loop 1  iteration  13   file ps3-ll_unwindbound50.c line 27 function main
Unwinding loop 1  iteration  14   file ps3-ll_unwindbound50.c line 27 function main
Unwinding loop 1  iteration  15   file ps3-ll_unwindbound50.c line 27 function main
Unwinding loop 1  iteration  16   file ps3-ll_unwindbound50.c line 27 function main
Unwinding loop 1  iteration  17   file ps3-ll_unwindbound50.c line 27 function main
Unwinding loop 1  iteration  18   file ps3-ll_unwindbound50.c line 27 function main
Unwinding loop 1  iteration  19   file ps3-ll_unwindbound50.c line 27 function main
Unwinding loop 1  iteration  20   file ps3-ll_unwindbound50.c line 27 function main
Not unwinding 
Symex completed in: 0.011s (269 assignments)
Slicing time: 0.001s (removed 202 assignments)
Generated 1 VCC(s), 1 remaining after simplification (67 assignments)
No solver specified; defaulting to Boolector
Encoding remaining VCC(s) using bit-vector/floating-point arithmetic
Encoding to solver time: 0.001s
Solving with solver Boolector 3.2.2
Encoding to solver time: 0.001s
Runtime decision procedure: 0.172s
BMC program time: 0.186s
No bug has been found in the base case
*** Checking forward condition, k = 21
Starting Bounded Model Checking
Unwinding loop 1  iteration  1   file ps3-ll_unwindbound50.c line 27 function main
Unwinding loop 1  iteration  2   file ps3-ll_unwindbound50.c line 27 function main
Unwinding loop 1  iteration  3   file ps3-ll_unwindbound50.c line 27 function main
Unwinding loop 1  iteration  4   file ps3-ll_unwindbound50.c line 27 function main
Unwinding loop 1  iteration  5   file ps3-ll_unwindbound50.c line 27 function main
Unwinding loop 1  iteration  6   file ps3-ll_unwindbound50.c line 27 function main
Unwinding loop 1  iteration  7   file ps3-ll_unwindbound50.c line 27 function main
Unwinding loop 1  iteration  8   file ps3-ll_unwindbound50.c line 27 function main
Unwinding loop 1  iteration  9   file ps3-ll_unwindbound50.c line 27 function main
Unwinding loop 1  iteration  10   file ps3-ll_unwindbound50.c line 27 function main
Unwinding loop 1  iteration  11   file ps3-ll_unwindbound50.c line 27 function main
Unwinding loop 1  iteration  12   file ps3-ll_unwindbound50.c line 27 function main
Unwinding loop 1  iteration  13   file ps3-ll_unwindbound50.c line 27 function main
Unwinding loop 1  iteration  14   file ps3-ll_unwindbound50.c line 27 function main
Unwinding loop 1  iteration  15   file ps3-ll_unwindbound50.c line 27 function main
Unwinding loop 1  iteration  16   file ps3-ll_unwindbound50.c line 27 function main
Unwinding loop 1  iteration  17   file ps3-ll_unwindbound50.c line 27 function main
Unwinding loop 1  iteration  18   file ps3-ll_unwindbound50.c line 27 function main
Unwinding loop 1  iteration  19   file ps3-ll_unwindbound50.c line 27 function main
Unwinding loop 1  iteration  20   file ps3-ll_unwindbound50.c line 27 function main
Not unwinding 
Symex completed in: 0.011s (268 assignments)
Slicing time: 0.001s (removed 244 assignments)
Generated 1 VCC(s), 1 remaining after simplification (24 assignments)
No solver specified; defaulting to Boolector
Encoding remaining VCC(s) using bit-vector/floating-point arithmetic
Encoding to solver time: 0.001s
Solving with solver Boolector 3.2.2
Encoding to solver time: 0.001s
Runtime decision procedure: 0.007s
The forward condition is unable to prove the property
*** Checking base case, k = 26
Starting Bounded Model Checking
Unwinding loop 1  iteration  1   file ps3-ll_unwindbound50.c line 27 function main
Unwinding loop 1  iteration  2   file ps3-ll_unwindbound50.c line 27 function main
Unwinding loop 1  iteration  3   file ps3-ll_unwindbound50.c line 27 function main
Unwinding loop 1  iteration  4   file ps3-ll_unwindbound50.c line 27 function main
Unwinding loop 1  iteration  5   file ps3-ll_unwindbound50.c line 27 function main
Unwinding loop 1  iteration  6   file ps3-ll_unwindbound50.c line 27 function main
Unwinding loop 1  iteration  7   file ps3-ll_unwindbound50.c line 27 function main
Unwinding loop 1  iteration  8   file ps3-ll_unwindbound50.c line 27 function main
Unwinding loop 1  iteration  9   file ps3-ll_unwindbound50.c line 27 function main
Unwinding loop 1  iteration  10   file ps3-ll_unwindbound50.c line 27 function main
Unwinding loop 1  iteration  11   file ps3-ll_unwindbound50.c line 27 function main
Unwinding loop 1  iteration  12   file ps3-ll_unwindbound50.c line 27 function main
Unwinding loop 1  iteration  13   file ps3-ll_unwindbound50.c line 27 function main
Unwinding loop 1  iteration  14   file ps3-ll_unwindbound50.c line 27 function main
Unwinding loop 1  iteration  15   file ps3-ll_unwindbound50.c line 27 function main
Unwinding loop 1  iteration  16   file ps3-ll_unwindbound50.c line 27 function main
Unwinding loop 1  iteration  17   file ps3-ll_unwindbound50.c line 27 function main
Unwinding loop 1  iteration  18   file ps3-ll_unwindbound50.c line 27 function main
Unwinding loop 1  iteration  19   file ps3-ll_unwindbound50.c line 27 function main
Unwinding loop 1  iteration  20   file ps3-ll_unwindbound50.c line 27 function main
Unwinding loop 1  iteration  21   file ps3-ll_unwindbound50.c line 27 function main
Unwinding loop 1  iteration  22   file ps3-ll_unwindbound50.c line 27 function main
Unwinding loop 1  iteration  23   file ps3-ll_unwindbound50.c line 27 function main
Unwinding loop 1  iteration  24   file ps3-ll_unwindbound50.c line 27 function main
Unwinding loop 1  iteration  25   file ps3-ll_unwindbound50.c line 27 function main
Not unwinding 
Symex completed in: 0.014s (329 assignments)
Slicing time: 0.001s (removed 247 assignments)
Generated 1 VCC(s), 1 remaining after simplification (82 assignments)
No solver specified; defaulting to Boolector
Encoding remaining VCC(s) using bit-vector/floating-point arithmetic
Encoding to solver time: 0.002s
Solving with solver Boolector 3.2.2
Encoding to solver time: 0.002s
Runtime decision procedure: 0.190s
BMC program time: 0.208s
No bug has been found in the base case
*** Checking forward condition, k = 26
Starting Bounded Model Checking
Unwinding loop 1  iteration  1   file ps3-ll_unwindbound50.c line 27 function main
Unwinding loop 1  iteration  2   file ps3-ll_unwindbound50.c line 27 function main
Unwinding loop 1  iteration  3   file ps3-ll_unwindbound50.c line 27 function main
Unwinding loop 1  iteration  4   file ps3-ll_unwindbound50.c line 27 function main
Unwinding loop 1  iteration  5   file ps3-ll_unwindbound50.c line 27 function main
Unwinding loop 1  iteration  6   file ps3-ll_unwindbound50.c line 27 function main
Unwinding loop 1  iteration  7   file ps3-ll_unwindbound50.c line 27 function main
Unwinding loop 1  iteration  8   file ps3-ll_unwindbound50.c line 27 function main
Unwinding loop 1  iteration  9   file ps3-ll_unwindbound50.c line 27 function main
Unwinding loop 1  iteration  10   file ps3-ll_unwindbound50.c line 27 function main
Unwinding loop 1  iteration  11   file ps3-ll_unwindbound50.c line 27 function main
Unwinding loop 1  iteration  12   file ps3-ll_unwindbound50.c line 27 function main
Unwinding loop 1  iteration  13   file ps3-ll_unwindbound50.c line 27 function main
Unwinding loop 1  iteration  14   file ps3-ll_unwindbound50.c line 27 function main
Unwinding loop 1  iteration  15   file ps3-ll_unwindbound50.c line 27 function main
Unwinding loop 1  iteration  16   file ps3-ll_unwindbound50.c line 27 function main
Unwinding loop 1  iteration  17   file ps3-ll_unwindbound50.c line 27 function main
Unwinding loop 1  iteration  18   file ps3-ll_unwindbound50.c line 27 function main
Unwinding loop 1  iteration  19   file ps3-ll_unwindbound50.c line 27 function main
Unwinding loop 1  iteration  20   file ps3-ll_unwindbound50.c line 27 function main
Unwinding loop 1  iteration  21   file ps3-ll_unwindbound50.c line 27 function main
Unwinding loop 1  iteration  22   file ps3-ll_unwindbound50.c line 27 function main
Unwinding loop 1  iteration  23   file ps3-ll_unwindbound50.c line 27 function main
Unwinding loop 1  iteration  24   file ps3-ll_unwindbound50.c line 27 function main
Unwinding loop 1  iteration  25   file ps3-ll_unwindbound50.c line 27 function main
Not unwinding 
Symex completed in: 0.013s (328 assignments)
Slicing time: 0.001s (removed 299 assignments)
Generated 1 VCC(s), 1 remaining after simplification (29 assignments)
No solver specified; defaulting to Boolector
Encoding remaining VCC(s) using bit-vector/floating-point arithmetic
Encoding to solver time: 0.001s
Solving with solver Boolector 3.2.2
Encoding to solver time: 0.001s
Runtime decision procedure: 0.013s
The forward condition is unable to prove the property
*** Checking base case, k = 31
Starting Bounded Model Checking
Unwinding loop 1  iteration  1   file ps3-ll_unwindbound50.c line 27 function main
Unwinding loop 1  iteration  2   file ps3-ll_unwindbound50.c line 27 function main
Unwinding loop 1  iteration  3   file ps3-ll_unwindbound50.c line 27 function main
Unwinding loop 1  iteration  4   file ps3-ll_unwindbound50.c line 27 function main
Unwinding loop 1  iteration  5   file ps3-ll_unwindbound50.c line 27 function main
Unwinding loop 1  iteration  6   file ps3-ll_unwindbound50.c line 27 function main
Unwinding loop 1  iteration  7   file ps3-ll_unwindbound50.c line 27 function main
Unwinding loop 1  iteration  8   file ps3-ll_unwindbound50.c line 27 function main
Unwinding loop 1  iteration  9   file ps3-ll_unwindbound50.c line 27 function main
Unwinding loop 1  iteration  10   file ps3-ll_unwindbound50.c line 27 function main
Unwinding loop 1  iteration  11   file ps3-ll_unwindbound50.c line 27 function main
Unwinding loop 1  iteration  12   file ps3-ll_unwindbound50.c line 27 function main
Unwinding loop 1  iteration  13   file ps3-ll_unwindbound50.c line 27 function main
Unwinding loop 1  iteration  14   file ps3-ll_unwindbound50.c line 27 function main
Unwinding loop 1  iteration  15   file ps3-ll_unwindbound50.c line 27 function main
Unwinding loop 1  iteration  16   file ps3-ll_unwindbound50.c line 27 function main
Unwinding loop 1  iteration  17   file ps3-ll_unwindbound50.c line 27 function main
Unwinding loop 1  iteration  18   file ps3-ll_unwindbound50.c line 27 function main
Unwinding loop 1  iteration  19   file ps3-ll_unwindbound50.c line 27 function main
Unwinding loop 1  iteration  20   file ps3-ll_unwindbound50.c line 27 function main
Unwinding loop 1  iteration  21   file ps3-ll_unwindbound50.c line 27 function main
Unwinding loop 1  iteration  22   file ps3-ll_unwindbound50.c line 27 function main
Unwinding loop 1  iteration  23   file ps3-ll_unwindbound50.c line 27 function main
Unwinding loop 1  iteration  24   file ps3-ll_unwindbound50.c line 27 function main
Unwinding loop 1  iteration  25   file ps3-ll_unwindbound50.c line 27 function main
Unwinding loop 1  iteration  26   file ps3-ll_unwindbound50.c line 27 function main
Unwinding loop 1  iteration  27   file ps3-ll_unwindbound50.c line 27 function main
Unwinding loop 1  iteration  28   file ps3-ll_unwindbound50.c line 27 function main
Unwinding loop 1  iteration  29   file ps3-ll_unwindbound50.c line 27 function main
Unwinding loop 1  iteration  30   file ps3-ll_unwindbound50.c line 27 function main
Not unwinding 
Symex completed in: 0.016s (389 assignments)
Slicing time: 0.002s (removed 292 assignments)
Generated 1 VCC(s), 1 remaining after simplification (97 assignments)
No solver specified; defaulting to Boolector
Encoding remaining VCC(s) using bit-vector/floating-point arithmetic
Encoding to solver time: 0.003s
Solving with solver Boolector 3.2.2
Encoding to solver time: 0.003s
Runtime decision procedure: 0.210s
BMC program time: 0.231s
No bug has been found in the base case
*** Checking forward condition, k = 31
Starting Bounded Model Checking
Unwinding loop 1  iteration  1   file ps3-ll_unwindbound50.c line 27 function main
Unwinding loop 1  iteration  2   file ps3-ll_unwindbound50.c line 27 function main
Unwinding loop 1  iteration  3   file ps3-ll_unwindbound50.c line 27 function main
Unwinding loop 1  iteration  4   file ps3-ll_unwindbound50.c line 27 function main
Unwinding loop 1  iteration  5   file ps3-ll_unwindbound50.c line 27 function main
Unwinding loop 1  iteration  6   file ps3-ll_unwindbound50.c line 27 function main
Unwinding loop 1  iteration  7   file ps3-ll_unwindbound50.c line 27 function main
Unwinding loop 1  iteration  8   file ps3-ll_unwindbound50.c line 27 function main
Unwinding loop 1  iteration  9   file ps3-ll_unwindbound50.c line 27 function main
Unwinding loop 1  iteration  10   file ps3-ll_unwindbound50.c line 27 function main
Unwinding loop 1  iteration  11   file ps3-ll_unwindbound50.c line 27 function main
Unwinding loop 1  iteration  12   file ps3-ll_unwindbound50.c line 27 function main
Unwinding loop 1  iteration  13   file ps3-ll_unwindbound50.c line 27 function main
Unwinding loop 1  iteration  14   file ps3-ll_unwindbound50.c line 27 function main
Unwinding loop 1  iteration  15   file ps3-ll_unwindbound50.c line 27 function main
Unwinding loop 1  iteration  16   file ps3-ll_unwindbound50.c line 27 function main
Unwinding loop 1  iteration  17   file ps3-ll_unwindbound50.c line 27 function main
Unwinding loop 1  iteration  18   file ps3-ll_unwindbound50.c line 27 function main
Unwinding loop 1  iteration  19   file ps3-ll_unwindbound50.c line 27 function main
Unwinding loop 1  iteration  20   file ps3-ll_unwindbound50.c line 27 function main
Unwinding loop 1  iteration  21   file ps3-ll_unwindbound50.c line 27 function main
Unwinding loop 1  iteration  22   file ps3-ll_unwindbound50.c line 27 function main
Unwinding loop 1  iteration  23   file ps3-ll_unwindbound50.c line 27 function main
Unwinding loop 1  iteration  24   file ps3-ll_unwindbound50.c line 27 function main
Unwinding loop 1  iteration  25   file ps3-ll_unwindbound50.c line 27 function main
Unwinding loop 1  iteration  26   file ps3-ll_unwindbound50.c line 27 function main
Unwinding loop 1  iteration  27   file ps3-ll_unwindbound50.c line 27 function main
Unwinding loop 1  iteration  28   file ps3-ll_unwindbound50.c line 27 function main
Unwinding loop 1  iteration  29   file ps3-ll_unwindbound50.c line 27 function main
Unwinding loop 1  iteration  30   file ps3-ll_unwindbound50.c line 27 function main
Not unwinding 
Symex completed in: 0.016s (388 assignments)
Slicing time: 0.001s (removed 354 assignments)
Generated 1 VCC(s), 1 remaining after simplification (34 assignments)
No solver specified; defaulting to Boolector
Encoding remaining VCC(s) using bit-vector/floating-point arithmetic
Encoding to solver time: 0.001s
Solving with solver Boolector 3.2.2
Encoding to solver time: 0.001s
Runtime decision procedure: 0.016s
The forward condition is unable to prove the property
*** Checking base case, k = 36
Starting Bounded Model Checking
Unwinding loop 1  iteration  1   file ps3-ll_unwindbound50.c line 27 function main
Unwinding loop 1  iteration  2   file ps3-ll_unwindbound50.c line 27 function main
Unwinding loop 1  iteration  3   file ps3-ll_unwindbound50.c line 27 function main
Unwinding loop 1  iteration  4   file ps3-ll_unwindbound50.c line 27 function main
Unwinding loop 1  iteration  5   file ps3-ll_unwindbound50.c line 27 function main
Unwinding loop 1  iteration  6   file ps3-ll_unwindbound50.c line 27 function main
Unwinding loop 1  iteration  7   file ps3-ll_unwindbound50.c line 27 function main
Unwinding loop 1  iteration  8   file ps3-ll_unwindbound50.c line 27 function main
Unwinding loop 1  iteration  9   file ps3-ll_unwindbound50.c line 27 function main
Unwinding loop 1  iteration  10   file ps3-ll_unwindbound50.c line 27 function main
Unwinding loop 1  iteration  11   file ps3-ll_unwindbound50.c line 27 function main
Unwinding loop 1  iteration  12   file ps3-ll_unwindbound50.c line 27 function main
Unwinding loop 1  iteration  13   file ps3-ll_unwindbound50.c line 27 function main
Unwinding loop 1  iteration  14   file ps3-ll_unwindbound50.c line 27 function main
Unwinding loop 1  iteration  15   file ps3-ll_unwindbound50.c line 27 function main
Unwinding loop 1  iteration  16   file ps3-ll_unwindbound50.c line 27 function main
Unwinding loop 1  iteration  17   file ps3-ll_unwindbound50.c line 27 function main
Unwinding loop 1  iteration  18   file ps3-ll_unwindbound50.c line 27 function main
Unwinding loop 1  iteration  19   file ps3-ll_unwindbound50.c line 27 function main
Unwinding loop 1  iteration  20   file ps3-ll_unwindbound50.c line 27 function main
Unwinding loop 1  iteration  21   file ps3-ll_unwindbound50.c line 27 function main
Unwinding loop 1  iteration  22   file ps3-ll_unwindbound50.c line 27 function main
Unwinding loop 1  iteration  23   file ps3-ll_unwindbound50.c line 27 function main
Unwinding loop 1  iteration  24   file ps3-ll_unwindbound50.c line 27 function main
Unwinding loop 1  iteration  25   file ps3-ll_unwindbound50.c line 27 function main
Unwinding loop 1  iteration  26   file ps3-ll_unwindbound50.c line 27 function main
Unwinding loop 1  iteration  27   file ps3-ll_unwindbound50.c line 27 function main
Unwinding loop 1  iteration  28   file ps3-ll_unwindbound50.c line 27 function main
Unwinding loop 1  iteration  29   file ps3-ll_unwindbound50.c line 27 function main
Unwinding loop 1  iteration  30   file ps3-ll_unwindbound50.c line 27 function main
Unwinding loop 1  iteration  31   file ps3-ll_unwindbound50.c line 27 function main
Unwinding loop 1  iteration  32   file ps3-ll_unwindbound50.c line 27 function main
Unwinding loop 1  iteration  33   file ps3-ll_unwindbound50.c line 27 function main
Unwinding loop 1  iteration  34   file ps3-ll_unwindbound50.c line 27 function main
Unwinding loop 1  iteration  35   file ps3-ll_unwindbound50.c line 27 function main
Not unwinding 
Symex completed in: 0.019s (449 assignments)
Slicing time: 0.002s (removed 337 assignments)
Generated 1 VCC(s), 1 remaining after simplification (112 assignments)
No solver specified; defaulting to Boolector
Encoding remaining VCC(s) using bit-vector/floating-point arithmetic
Encoding to solver time: 0.003s
Solving with solver Boolector 3.2.2
Encoding to solver time: 0.003s
Runtime decision procedure: 0.273s
BMC program time: 0.298s
No bug has been found in the base case
*** Checking forward condition, k = 36
Starting Bounded Model Checking
Unwinding loop 1  iteration  1   file ps3-ll_unwindbound50.c line 27 function main
Unwinding loop 1  iteration  2   file ps3-ll_unwindbound50.c line 27 function main
Unwinding loop 1  iteration  3   file ps3-ll_unwindbound50.c line 27 function main
Unwinding loop 1  iteration  4   file ps3-ll_unwindbound50.c line 27 function main
Unwinding loop 1  iteration  5   file ps3-ll_unwindbound50.c line 27 function main
Unwinding loop 1  iteration  6   file ps3-ll_unwindbound50.c line 27 function main
Unwinding loop 1  iteration  7   file ps3-ll_unwindbound50.c line 27 function main
Unwinding loop 1  iteration  8   file ps3-ll_unwindbound50.c line 27 function main
Unwinding loop 1  iteration  9   file ps3-ll_unwindbound50.c line 27 function main
Unwinding loop 1  iteration  10   file ps3-ll_unwindbound50.c line 27 function main
Unwinding loop 1  iteration  11   file ps3-ll_unwindbound50.c line 27 function main
Unwinding loop 1  iteration  12   file ps3-ll_unwindbound50.c line 27 function main
Unwinding loop 1  iteration  13   file ps3-ll_unwindbound50.c line 27 function main
Unwinding loop 1  iteration  14   file ps3-ll_unwindbound50.c line 27 function main
Unwinding loop 1  iteration  15   file ps3-ll_unwindbound50.c line 27 function main
Unwinding loop 1  iteration  16   file ps3-ll_unwindbound50.c line 27 function main
Unwinding loop 1  iteration  17   file ps3-ll_unwindbound50.c line 27 function main
Unwinding loop 1  iteration  18   file ps3-ll_unwindbound50.c line 27 function main
Unwinding loop 1  iteration  19   file ps3-ll_unwindbound50.c line 27 function main
Unwinding loop 1  iteration  20   file ps3-ll_unwindbound50.c line 27 function main
Unwinding loop 1  iteration  21   file ps3-ll_unwindbound50.c line 27 function main
Unwinding loop 1  iteration  22   file ps3-ll_unwindbound50.c line 27 function main
Unwinding loop 1  iteration  23   file ps3-ll_unwindbound50.c line 27 function main
Unwinding loop 1  iteration  24   file ps3-ll_unwindbound50.c line 27 function main
Unwinding loop 1  iteration  25   file ps3-ll_unwindbound50.c line 27 function main
Unwinding loop 1  iteration  26   file ps3-ll_unwindbound50.c line 27 function main
Unwinding loop 1  iteration  27   file ps3-ll_unwindbound50.c line 27 function main
Unwinding loop 1  iteration  28   file ps3-ll_unwindbound50.c line 27 function main
Unwinding loop 1  iteration  29   file ps3-ll_unwindbound50.c line 27 function main
Unwinding loop 1  iteration  30   file ps3-ll_unwindbound50.c line 27 function main
Unwinding loop 1  iteration  31   file ps3-ll_unwindbound50.c line 27 function main
Unwinding loop 1  iteration  32   file ps3-ll_unwindbound50.c line 27 function main
Unwinding loop 1  iteration  33   file ps3-ll_unwindbound50.c line 27 function main
Unwinding loop 1  iteration  34   file ps3-ll_unwindbound50.c line 27 function main
Unwinding loop 1  iteration  35   file ps3-ll_unwindbound50.c line 27 function main
Not unwinding 
Symex completed in: 0.019s (448 assignments)
Slicing time: 0.001s (removed 409 assignments)
Generated 1 VCC(s), 1 remaining after simplification (39 assignments)
No solver specified; defaulting to Boolector
Encoding remaining VCC(s) using bit-vector/floating-point arithmetic
Encoding to solver time: 0.002s
Solving with solver Boolector 3.2.2
Encoding to solver time: 0.002s
Runtime decision procedure: 0.015s
The forward condition is unable to prove the property
*** Checking base case, k = 41
Starting Bounded Model Checking
Unwinding loop 1  iteration  1   file ps3-ll_unwindbound50.c line 27 function main
Unwinding loop 1  iteration  2   file ps3-ll_unwindbound50.c line 27 function main
Unwinding loop 1  iteration  3   file ps3-ll_unwindbound50.c line 27 function main
Unwinding loop 1  iteration  4   file ps3-ll_unwindbound50.c line 27 function main
Unwinding loop 1  iteration  5   file ps3-ll_unwindbound50.c line 27 function main
Unwinding loop 1  iteration  6   file ps3-ll_unwindbound50.c line 27 function main
Unwinding loop 1  iteration  7   file ps3-ll_unwindbound50.c line 27 function main
Unwinding loop 1  iteration  8   file ps3-ll_unwindbound50.c line 27 function main
Unwinding loop 1  iteration  9   file ps3-ll_unwindbound50.c line 27 function main
Unwinding loop 1  iteration  10   file ps3-ll_unwindbound50.c line 27 function main
Unwinding loop 1  iteration  11   file ps3-ll_unwindbound50.c line 27 function main
Unwinding loop 1  iteration  12   file ps3-ll_unwindbound50.c line 27 function main
Unwinding loop 1  iteration  13   file ps3-ll_unwindbound50.c line 27 function main
Unwinding loop 1  iteration  14   file ps3-ll_unwindbound50.c line 27 function main
Unwinding loop 1  iteration  15   file ps3-ll_unwindbound50.c line 27 function main
Unwinding loop 1  iteration  16   file ps3-ll_unwindbound50.c line 27 function main
Unwinding loop 1  iteration  17   file ps3-ll_unwindbound50.c line 27 function main
Unwinding loop 1  iteration  18   file ps3-ll_unwindbound50.c line 27 function main
Unwinding loop 1  iteration  19   file ps3-ll_unwindbound50.c line 27 function main
Unwinding loop 1  iteration  20   file ps3-ll_unwindbound50.c line 27 function main
Unwinding loop 1  iteration  21   file ps3-ll_unwindbound50.c line 27 function main
Unwinding loop 1  iteration  22   file ps3-ll_unwindbound50.c line 27 function main
Unwinding loop 1  iteration  23   file ps3-ll_unwindbound50.c line 27 function main
Unwinding loop 1  iteration  24   file ps3-ll_unwindbound50.c line 27 function main
Unwinding loop 1  iteration  25   file ps3-ll_unwindbound50.c line 27 function main
Unwinding loop 1  iteration  26   file ps3-ll_unwindbound50.c line 27 function main
Unwinding loop 1  iteration  27   file ps3-ll_unwindbound50.c line 27 function main
Unwinding loop 1  iteration  28   file ps3-ll_unwindbound50.c line 27 function main
Unwinding loop 1  iteration  29   file ps3-ll_unwindbound50.c line 27 function main
Unwinding loop 1  iteration  30   file ps3-ll_unwindbound50.c line 27 function main
Unwinding loop 1  iteration  31   file ps3-ll_unwindbound50.c line 27 function main
Unwinding loop 1  iteration  32   file ps3-ll_unwindbound50.c line 27 function main
Unwinding loop 1  iteration  33   file ps3-ll_unwindbound50.c line 27 function main
Unwinding loop 1  iteration  34   file ps3-ll_unwindbound50.c line 27 function main
Unwinding loop 1  iteration  35   file ps3-ll_unwindbound50.c line 27 function main
Unwinding loop 1  iteration  36   file ps3-ll_unwindbound50.c line 27 function main
Unwinding loop 1  iteration  37   file ps3-ll_unwindbound50.c line 27 function main
Unwinding loop 1  iteration  38   file ps3-ll_unwindbound50.c line 27 function main
Unwinding loop 1  iteration  39   file ps3-ll_unwindbound50.c line 27 function main
Unwinding loop 1  iteration  40   file ps3-ll_unwindbound50.c line 27 function main
Not unwinding 
Symex completed in: 0.022s (509 assignments)
Slicing time: 0.002s (removed 382 assignments)
Generated 1 VCC(s), 1 remaining after simplification (127 assignments)
No solver specified; defaulting to Boolector
Encoding remaining VCC(s) using bit-vector/floating-point arithmetic
Encoding to solver time: 0.003s
Solving with solver Boolector 3.2.2
Encoding to solver time: 0.003s
Runtime decision procedure: 0.304s
BMC program time: 0.332s
No bug has been found in the base case
*** Checking forward condition, k = 41
Starting Bounded Model Checking
Unwinding loop 1  iteration  1   file ps3-ll_unwindbound50.c line 27 function main
Unwinding loop 1  iteration  2   file ps3-ll_unwindbound50.c line 27 function main
Unwinding loop 1  iteration  3   file ps3-ll_unwindbound50.c line 27 function main
Unwinding loop 1  iteration  4   file ps3-ll_unwindbound50.c line 27 function main
Unwinding loop 1  iteration  5   file ps3-ll_unwindbound50.c line 27 function main
Unwinding loop 1  iteration  6   file ps3-ll_unwindbound50.c line 27 function main
Unwinding loop 1  iteration  7   file ps3-ll_unwindbound50.c line 27 function main
Unwinding loop 1  iteration  8   file ps3-ll_unwindbound50.c line 27 function main
Unwinding loop 1  iteration  9   file ps3-ll_unwindbound50.c line 27 function main
Unwinding loop 1  iteration  10   file ps3-ll_unwindbound50.c line 27 function main
Unwinding loop 1  iteration  11   file ps3-ll_unwindbound50.c line 27 function main
Unwinding loop 1  iteration  12   file ps3-ll_unwindbound50.c line 27 function main
Unwinding loop 1  iteration  13   file ps3-ll_unwindbound50.c line 27 function main
Unwinding loop 1  iteration  14   file ps3-ll_unwindbound50.c line 27 function main
Unwinding loop 1  iteration  15   file ps3-ll_unwindbound50.c line 27 function main
Unwinding loop 1  iteration  16   file ps3-ll_unwindbound50.c line 27 function main
Unwinding loop 1  iteration  17   file ps3-ll_unwindbound50.c line 27 function main
Unwinding loop 1  iteration  18   file ps3-ll_unwindbound50.c line 27 function main
Unwinding loop 1  iteration  19   file ps3-ll_unwindbound50.c line 27 function main
Unwinding loop 1  iteration  20   file ps3-ll_unwindbound50.c line 27 function main
Unwinding loop 1  iteration  21   file ps3-ll_unwindbound50.c line 27 function main
Unwinding loop 1  iteration  22   file ps3-ll_unwindbound50.c line 27 function main
Unwinding loop 1  iteration  23   file ps3-ll_unwindbound50.c line 27 function main
Unwinding loop 1  iteration  24   file ps3-ll_unwindbound50.c line 27 function main
Unwinding loop 1  iteration  25   file ps3-ll_unwindbound50.c line 27 function main
Unwinding loop 1  iteration  26   file ps3-ll_unwindbound50.c line 27 function main
Unwinding loop 1  iteration  27   file ps3-ll_unwindbound50.c line 27 function main
Unwinding loop 1  iteration  28   file ps3-ll_unwindbound50.c line 27 function main
Unwinding loop 1  iteration  29   file ps3-ll_unwindbound50.c line 27 function main
Unwinding loop 1  iteration  30   file ps3-ll_unwindbound50.c line 27 function main
Unwinding loop 1  iteration  31   file ps3-ll_unwindbound50.c line 27 function main
Unwinding loop 1  iteration  32   file ps3-ll_unwindbound50.c line 27 function main
Unwinding loop 1  iteration  33   file ps3-ll_unwindbound50.c line 27 function main
Unwinding loop 1  iteration  34   file ps3-ll_unwindbound50.c line 27 function main
Unwinding loop 1  iteration  35   file ps3-ll_unwindbound50.c line 27 function main
Unwinding loop 1  iteration  36   file ps3-ll_unwindbound50.c line 27 function main
Unwinding loop 1  iteration  37   file ps3-ll_unwindbound50.c line 27 function main
Unwinding loop 1  iteration  38   file ps3-ll_unwindbound50.c line 27 function main
Unwinding loop 1  iteration  39   file ps3-ll_unwindbound50.c line 27 function main
Unwinding loop 1  iteration  40   file ps3-ll_unwindbound50.c line 27 function main
Not unwinding 
Symex completed in: 0.022s (508 assignments)
Slicing time: 0.001s (removed 464 assignments)
Generated 1 VCC(s), 1 remaining after simplification (44 assignments)
No solver specified; defaulting to Boolector
Encoding remaining VCC(s) using bit-vector/floating-point arithmetic
Encoding to solver time: 0.002s
Solving with solver Boolector 3.2.2
Encoding to solver time: 0.002s
Runtime decision procedure: 0.020s
The forward condition is unable to prove the property
*** Checking base case, k = 46
Starting Bounded Model Checking
Unwinding loop 1  iteration  1   file ps3-ll_unwindbound50.c line 27 function main
Unwinding loop 1  iteration  2   file ps3-ll_unwindbound50.c line 27 function main
Unwinding loop 1  iteration  3   file ps3-ll_unwindbound50.c line 27 function main
Unwinding loop 1  iteration  4   file ps3-ll_unwindbound50.c line 27 function main
Unwinding loop 1  iteration  5   file ps3-ll_unwindbound50.c line 27 function main
Unwinding loop 1  iteration  6   file ps3-ll_unwindbound50.c line 27 function main
Unwinding loop 1  iteration  7   file ps3-ll_unwindbound50.c line 27 function main
Unwinding loop 1  iteration  8   file ps3-ll_unwindbound50.c line 27 function main
Unwinding loop 1  iteration  9   file ps3-ll_unwindbound50.c line 27 function main
Unwinding loop 1  iteration  10   file ps3-ll_unwindbound50.c line 27 function main
Unwinding loop 1  iteration  11   file ps3-ll_unwindbound50.c line 27 function main
Unwinding loop 1  iteration  12   file ps3-ll_unwindbound50.c line 27 function main
Unwinding loop 1  iteration  13   file ps3-ll_unwindbound50.c line 27 function main
Unwinding loop 1  iteration  14   file ps3-ll_unwindbound50.c line 27 function main
Unwinding loop 1  iteration  15   file ps3-ll_unwindbound50.c line 27 function main
Unwinding loop 1  iteration  16   file ps3-ll_unwindbound50.c line 27 function main
Unwinding loop 1  iteration  17   file ps3-ll_unwindbound50.c line 27 function main
Unwinding loop 1  iteration  18   file ps3-ll_unwindbound50.c line 27 function main
Unwinding loop 1  iteration  19   file ps3-ll_unwindbound50.c line 27 function main
Unwinding loop 1  iteration  20   file ps3-ll_unwindbound50.c line 27 function main
Unwinding loop 1  iteration  21   file ps3-ll_unwindbound50.c line 27 function main
Unwinding loop 1  iteration  22   file ps3-ll_unwindbound50.c line 27 function main
Unwinding loop 1  iteration  23   file ps3-ll_unwindbound50.c line 27 function main
Unwinding loop 1  iteration  24   file ps3-ll_unwindbound50.c line 27 function main
Unwinding loop 1  iteration  25   file ps3-ll_unwindbound50.c line 27 function main
Unwinding loop 1  iteration  26   file ps3-ll_unwindbound50.c line 27 function main
Unwinding loop 1  iteration  27   file ps3-ll_unwindbound50.c line 27 function main
Unwinding loop 1  iteration  28   file ps3-ll_unwindbound50.c line 27 function main
Unwinding loop 1  iteration  29   file ps3-ll_unwindbound50.c line 27 function main
Unwinding loop 1  iteration  30   file ps3-ll_unwindbound50.c line 27 function main
Unwinding loop 1  iteration  31   file ps3-ll_unwindbound50.c line 27 function main
Unwinding loop 1  iteration  32   file ps3-ll_unwindbound50.c line 27 function main
Unwinding loop 1  iteration  33   file ps3-ll_unwindbound50.c line 27 function main
Unwinding loop 1  iteration  34   file ps3-ll_unwindbound50.c line 27 function main
Unwinding loop 1  iteration  35   file ps3-ll_unwindbound50.c line 27 function main
Unwinding loop 1  iteration  36   file ps3-ll_unwindbound50.c line 27 function main
Unwinding loop 1  iteration  37   file ps3-ll_unwindbound50.c line 27 function main
Unwinding loop 1  iteration  38   file ps3-ll_unwindbound50.c line 27 function main
Unwinding loop 1  iteration  39   file ps3-ll_unwindbound50.c line 27 function main
Unwinding loop 1  iteration  40   file ps3-ll_unwindbound50.c line 27 function main
Unwinding loop 1  iteration  41   file ps3-ll_unwindbound50.c line 27 function main
Unwinding loop 1  iteration  42   file ps3-ll_unwindbound50.c line 27 function main
Unwinding loop 1  iteration  43   file ps3-ll_unwindbound50.c line 27 function main
Unwinding loop 1  iteration  44   file ps3-ll_unwindbound50.c line 27 function main
Unwinding loop 1  iteration  45   file ps3-ll_unwindbound50.c line 27 function main
Not unwinding 
Symex completed in: 0.025s (569 assignments)
Slicing time: 0.003s (removed 427 assignments)
Generated 1 VCC(s), 1 remaining after simplification (142 assignments)
No solver specified; defaulting to Boolector
Encoding remaining VCC(s) using bit-vector/floating-point arithmetic
Encoding to solver time: 0.004s
Solving with solver Boolector 3.2.2
Encoding to solver time: 0.004s
Runtime decision procedure: 0.412s
BMC program time: 0.444s
No bug has been found in the base case
*** Checking forward condition, k = 46
Starting Bounded Model Checking
Unwinding loop 1  iteration  1   file ps3-ll_unwindbound50.c line 27 function main
Unwinding loop 1  iteration  2   file ps3-ll_unwindbound50.c line 27 function main
Unwinding loop 1  iteration  3   file ps3-ll_unwindbound50.c line 27 function main
Unwinding loop 1  iteration  4   file ps3-ll_unwindbound50.c line 27 function main
Unwinding loop 1  iteration  5   file ps3-ll_unwindbound50.c line 27 function main
Unwinding loop 1  iteration  6   file ps3-ll_unwindbound50.c line 27 function main
Unwinding loop 1  iteration  7   file ps3-ll_unwindbound50.c line 27 function main
Unwinding loop 1  iteration  8   file ps3-ll_unwindbound50.c line 27 function main
Unwinding loop 1  iteration  9   file ps3-ll_unwindbound50.c line 27 function main
Unwinding loop 1  iteration  10   file ps3-ll_unwindbound50.c line 27 function main
Unwinding loop 1  iteration  11   file ps3-ll_unwindbound50.c line 27 function main
Unwinding loop 1  iteration  12   file ps3-ll_unwindbound50.c line 27 function main
Unwinding loop 1  iteration  13   file ps3-ll_unwindbound50.c line 27 function main
Unwinding loop 1  iteration  14   file ps3-ll_unwindbound50.c line 27 function main
Unwinding loop 1  iteration  15   file ps3-ll_unwindbound50.c line 27 function main
Unwinding loop 1  iteration  16   file ps3-ll_unwindbound50.c line 27 function main
Unwinding loop 1  iteration  17   file ps3-ll_unwindbound50.c line 27 function main
Unwinding loop 1  iteration  18   file ps3-ll_unwindbound50.c line 27 function main
Unwinding loop 1  iteration  19   file ps3-ll_unwindbound50.c line 27 function main
Unwinding loop 1  iteration  20   file ps3-ll_unwindbound50.c line 27 function main
Unwinding loop 1  iteration  21   file ps3-ll_unwindbound50.c line 27 function main
Unwinding loop 1  iteration  22   file ps3-ll_unwindbound50.c line 27 function main
Unwinding loop 1  iteration  23   file ps3-ll_unwindbound50.c line 27 function main
Unwinding loop 1  iteration  24   file ps3-ll_unwindbound50.c line 27 function main
Unwinding loop 1  iteration  25   file ps3-ll_unwindbound50.c line 27 function main
Unwinding loop 1  iteration  26   file ps3-ll_unwindbound50.c line 27 function main
Unwinding loop 1  iteration  27   file ps3-ll_unwindbound50.c line 27 function main
Unwinding loop 1  iteration  28   file ps3-ll_unwindbound50.c line 27 function main
Unwinding loop 1  iteration  29   file ps3-ll_unwindbound50.c line 27 function main
Unwinding loop 1  iteration  30   file ps3-ll_unwindbound50.c line 27 function main
Unwinding loop 1  iteration  31   file ps3-ll_unwindbound50.c line 27 function main
Unwinding loop 1  iteration  32   file ps3-ll_unwindbound50.c line 27 function main
Unwinding loop 1  iteration  33   file ps3-ll_unwindbound50.c line 27 function main
Unwinding loop 1  iteration  34   file ps3-ll_unwindbound50.c line 27 function main
Unwinding loop 1  iteration  35   file ps3-ll_unwindbound50.c line 27 function main
Unwinding loop 1  iteration  36   file ps3-ll_unwindbound50.c line 27 function main
Unwinding loop 1  iteration  37   file ps3-ll_unwindbound50.c line 27 function main
Unwinding loop 1  iteration  38   file ps3-ll_unwindbound50.c line 27 function main
Unwinding loop 1  iteration  39   file ps3-ll_unwindbound50.c line 27 function main
Unwinding loop 1  iteration  40   file ps3-ll_unwindbound50.c line 27 function main
Unwinding loop 1  iteration  41   file ps3-ll_unwindbound50.c line 27 function main
Unwinding loop 1  iteration  42   file ps3-ll_unwindbound50.c line 27 function main
Unwinding loop 1  iteration  43   file ps3-ll_unwindbound50.c line 27 function main
Unwinding loop 1  iteration  44   file ps3-ll_unwindbound50.c line 27 function main
Unwinding loop 1  iteration  45   file ps3-ll_unwindbound50.c line 27 function main
Not unwinding 
Symex completed in: 0.025s (568 assignments)
Slicing time: 0.001s (removed 519 assignments)
Generated 1 VCC(s), 1 remaining after simplification (49 assignments)
No solver specified; defaulting to Boolector
Encoding remaining VCC(s) using bit-vector/floating-point arithmetic
Encoding to solver time: 0.002s
Solving with solver Boolector 3.2.2
Encoding to solver time: 0.002s
Runtime decision procedure: 0.022s
The forward condition is unable to prove the property
*** Checking base case, k = 51
Starting Bounded Model Checking
Unwinding loop 1  iteration  1   file ps3-ll_unwindbound50.c line 27 function main
Unwinding loop 1  iteration  2   file ps3-ll_unwindbound50.c line 27 function main
Unwinding loop 1  iteration  3   file ps3-ll_unwindbound50.c line 27 function main
Unwinding loop 1  iteration  4   file ps3-ll_unwindbound50.c line 27 function main
Unwinding loop 1  iteration  5   file ps3-ll_unwindbound50.c line 27 function main
Unwinding loop 1  iteration  6   file ps3-ll_unwindbound50.c line 27 function main
Unwinding loop 1  iteration  7   file ps3-ll_unwindbound50.c line 27 function main
Unwinding loop 1  iteration  8   file ps3-ll_unwindbound50.c line 27 function main
Unwinding loop 1  iteration  9   file ps3-ll_unwindbound50.c line 27 function main
Unwinding loop 1  iteration  10   file ps3-ll_unwindbound50.c line 27 function main
Unwinding loop 1  iteration  11   file ps3-ll_unwindbound50.c line 27 function main
Unwinding loop 1  iteration  12   file ps3-ll_unwindbound50.c line 27 function main
Unwinding loop 1  iteration  13   file ps3-ll_unwindbound50.c line 27 function main
Unwinding loop 1  iteration  14   file ps3-ll_unwindbound50.c line 27 function main
Unwinding loop 1  iteration  15   file ps3-ll_unwindbound50.c line 27 function main
Unwinding loop 1  iteration  16   file ps3-ll_unwindbound50.c line 27 function main
Unwinding loop 1  iteration  17   file ps3-ll_unwindbound50.c line 27 function main
Unwinding loop 1  iteration  18   file ps3-ll_unwindbound50.c line 27 function main
Unwinding loop 1  iteration  19   file ps3-ll_unwindbound50.c line 27 function main
Unwinding loop 1  iteration  20   file ps3-ll_unwindbound50.c line 27 function main
Unwinding loop 1  iteration  21   file ps3-ll_unwindbound50.c line 27 function main
Unwinding loop 1  iteration  22   file ps3-ll_unwindbound50.c line 27 function main
Unwinding loop 1  iteration  23   file ps3-ll_unwindbound50.c line 27 function main
Unwinding loop 1  iteration  24   file ps3-ll_unwindbound50.c line 27 function main
Unwinding loop 1  iteration  25   file ps3-ll_unwindbound50.c line 27 function main
Unwinding loop 1  iteration  26   file ps3-ll_unwindbound50.c line 27 function main
Unwinding loop 1  iteration  27   file ps3-ll_unwindbound50.c line 27 function main
Unwinding loop 1  iteration  28   file ps3-ll_unwindbound50.c line 27 function main
Unwinding loop 1  iteration  29   file ps3-ll_unwindbound50.c line 27 function main
Unwinding loop 1  iteration  30   file ps3-ll_unwindbound50.c line 27 function main
Unwinding loop 1  iteration  31   file ps3-ll_unwindbound50.c line 27 function main
Unwinding loop 1  iteration  32   file ps3-ll_unwindbound50.c line 27 function main
Unwinding loop 1  iteration  33   file ps3-ll_unwindbound50.c line 27 function main
Unwinding loop 1  iteration  34   file ps3-ll_unwindbound50.c line 27 function main
Unwinding loop 1  iteration  35   file ps3-ll_unwindbound50.c line 27 function main
Unwinding loop 1  iteration  36   file ps3-ll_unwindbound50.c line 27 function main
Unwinding loop 1  iteration  37   file ps3-ll_unwindbound50.c line 27 function main
Unwinding loop 1  iteration  38   file ps3-ll_unwindbound50.c line 27 function main
Unwinding loop 1  iteration  39   file ps3-ll_unwindbound50.c line 27 function main
Unwinding loop 1  iteration  40   file ps3-ll_unwindbound50.c line 27 function main
Unwinding loop 1  iteration  41   file ps3-ll_unwindbound50.c line 27 function main
Unwinding loop 1  iteration  42   file ps3-ll_unwindbound50.c line 27 function main
Unwinding loop 1  iteration  43   file ps3-ll_unwindbound50.c line 27 function main
Unwinding loop 1  iteration  44   file ps3-ll_unwindbound50.c line 27 function main
Unwinding loop 1  iteration  45   file ps3-ll_unwindbound50.c line 27 function main
Unwinding loop 1  iteration  46   file ps3-ll_unwindbound50.c line 27 function main
Unwinding loop 1  iteration  47   file ps3-ll_unwindbound50.c line 27 function main
Unwinding loop 1  iteration  48   file ps3-ll_unwindbound50.c line 27 function main
Unwinding loop 1  iteration  49   file ps3-ll_unwindbound50.c line 27 function main
Unwinding loop 1  iteration  50   file ps3-ll_unwindbound50.c line 27 function main
Symex completed in: 0.028s (620 assignments)
Slicing time: 0.001s (removed 465 assignments)
Generated 1 VCC(s), 1 remaining after simplification (155 assignments)
No solver specified; defaulting to Boolector
Encoding remaining VCC(s) using bit-vector/floating-point arithmetic
Encoding to solver time: 0.003s
Solving with solver Boolector 3.2.2
Encoding to solver time: 0.003s
Runtime decision procedure: 0.309s
BMC program time: 0.342s
No bug has been found in the base case
*** Checking forward condition, k = 51
Starting Bounded Model Checking
Unwinding loop 1  iteration  1   file ps3-ll_unwindbound50.c line 27 function main
Unwinding loop 1  iteration  2   file ps3-ll_unwindbound50.c line 27 function main
Unwinding loop 1  iteration  3   file ps3-ll_unwindbound50.c line 27 function main
Unwinding loop 1  iteration  4   file ps3-ll_unwindbound50.c line 27 function main
Unwinding loop 1  iteration  5   file ps3-ll_unwindbound50.c line 27 function main
Unwinding loop 1  iteration  6   file ps3-ll_unwindbound50.c line 27 function main
Unwinding loop 1  iteration  7   file ps3-ll_unwindbound50.c line 27 function main
Unwinding loop 1  iteration  8   file ps3-ll_unwindbound50.c line 27 function main
Unwinding loop 1  iteration  9   file ps3-ll_unwindbound50.c line 27 function main
Unwinding loop 1  iteration  10   file ps3-ll_unwindbound50.c line 27 function main
Unwinding loop 1  iteration  11   file ps3-ll_unwindbound50.c line 27 function main
Unwinding loop 1  iteration  12   file ps3-ll_unwindbound50.c line 27 function main
Unwinding loop 1  iteration  13   file ps3-ll_unwindbound50.c line 27 function main
Unwinding loop 1  iteration  14   file ps3-ll_unwindbound50.c line 27 function main
Unwinding loop 1  iteration  15   file ps3-ll_unwindbound50.c line 27 function main
Unwinding loop 1  iteration  16   file ps3-ll_unwindbound50.c line 27 function main
Unwinding loop 1  iteration  17   file ps3-ll_unwindbound50.c line 27 function main
Unwinding loop 1  iteration  18   file ps3-ll_unwindbound50.c line 27 function main
Unwinding loop 1  iteration  19   file ps3-ll_unwindbound50.c line 27 function main
Unwinding loop 1  iteration  20   file ps3-ll_unwindbound50.c line 27 function main
Unwinding loop 1  iteration  21   file ps3-ll_unwindbound50.c line 27 function main
Unwinding loop 1  iteration  22   file ps3-ll_unwindbound50.c line 27 function main
Unwinding loop 1  iteration  23   file ps3-ll_unwindbound50.c line 27 function main
Unwinding loop 1  iteration  24   file ps3-ll_unwindbound50.c line 27 function main
Unwinding loop 1  iteration  25   file ps3-ll_unwindbound50.c line 27 function main
Unwinding loop 1  iteration  26   file ps3-ll_unwindbound50.c line 27 function main
Unwinding loop 1  iteration  27   file ps3-ll_unwindbound50.c line 27 function main
Unwinding loop 1  iteration  28   file ps3-ll_unwindbound50.c line 27 function main
Unwinding loop 1  iteration  29   file ps3-ll_unwindbound50.c line 27 function main
Unwinding loop 1  iteration  30   file ps3-ll_unwindbound50.c line 27 function main
Unwinding loop 1  iteration  31   file ps3-ll_unwindbound50.c line 27 function main
Unwinding loop 1  iteration  32   file ps3-ll_unwindbound50.c line 27 function main
Unwinding loop 1  iteration  33   file ps3-ll_unwindbound50.c line 27 function main
Unwinding loop 1  iteration  34   file ps3-ll_unwindbound50.c line 27 function main
Unwinding loop 1  iteration  35   file ps3-ll_unwindbound50.c line 27 function main
Unwinding loop 1  iteration  36   file ps3-ll_unwindbound50.c line 27 function main
Unwinding loop 1  iteration  37   file ps3-ll_unwindbound50.c line 27 function main
Unwinding loop 1  iteration  38   file ps3-ll_unwindbound50.c line 27 function main
Unwinding loop 1  iteration  39   file ps3-ll_unwindbound50.c line 27 function main
Unwinding loop 1  iteration  40   file ps3-ll_unwindbound50.c line 27 function main
Unwinding loop 1  iteration  41   file ps3-ll_unwindbound50.c line 27 function main
Unwinding loop 1  iteration  42   file ps3-ll_unwindbound50.c line 27 function main
Unwinding loop 1  iteration  43   file ps3-ll_unwindbound50.c line 27 function main
Unwinding loop 1  iteration  44   file ps3-ll_unwindbound50.c line 27 function main
Unwinding loop 1  iteration  45   file ps3-ll_unwindbound50.c line 27 function main
Unwinding loop 1  iteration  46   file ps3-ll_unwindbound50.c line 27 function main
Unwinding loop 1  iteration  47   file ps3-ll_unwindbound50.c line 27 function main
Unwinding loop 1  iteration  48   file ps3-ll_unwindbound50.c line 27 function main
Unwinding loop 1  iteration  49   file ps3-ll_unwindbound50.c line 27 function main
Unwinding loop 1  iteration  50   file ps3-ll_unwindbound50.c line 27 function main
Symex completed in: 0.028s (619 assignments)
Slicing time: 0.000s (removed 618 assignments)
Generated 0 VCC(s), 0 remaining after simplification (1 assignments)
BMC program time: 0.028s
Building successful trace

VERIFICATION SUCCESSFUL

Solution found by the forward condition; all states are reachable (k = 51


TRUE
