./esbmc-wrapper.py -p ../sv-benchmarks/c/properties/unreach-call.prp -s kinduction --arch 32 ../sv-benchmarks/c/list-ext3-properties/sll_length_check-2.i


--------------------------------------------------------------------------------


Verifying with ESBMC
Command: ./esbmc --no-div-by-zero-check --force-malloc-success --state-hashing --add-symex-value-sets --no-align-check --k-step 5 --floatbv --unlimited-k-steps ../sv-benchmarks/c/list-ext3-properties/sll_length_check-2.i --32 --witness-output sll_length_check-2.i.graphml --no-pointer-check --no-bounds-check --interval-analysis --goto-unwind --unlimited-goto-unwind --k-induction --max-inductive-step 3 
ESBMC version 6.8.0 64-bit x86_64 linux
Target: 32-bit little-endian x86_64-unknown-linux with esbmc libc
file ../sv-benchmarks/c/list-ext3-properties/sll_length_check-2.i: Parsing
Converting
Generating GOTO Program
GOTO program creation time: 0.146s
GOTO program processing time: 0.002s
*** Checking base case, k = 1
Starting Bounded Model Checking
Not unwinding 
Not unwinding 
Not unwinding 
Symex completed in: 0.008s (181 assignments)
Slicing time: 0.001s (removed 78 assignments)
Generated 1 VCC(s), 1 remaining after simplification (103 assignments)
No solver specified; defaulting to Boolector
Encoding remaining VCC(s) using bit-vector/floating-point arithmetic
Encoding to solver time: 0.002s
Solving with solver Boolector 3.2.2
Encoding to solver time: 0.002s
Runtime decision procedure: 0.001s
BMC program time: 0.013s
No bug has been found in the base case
*** Checking forward condition, k = 1
Starting Bounded Model Checking
Not unwinding 
Not unwinding 
Not unwinding 
Symex completed in: 0.007s (180 assignments)
Slicing time: 0.001s (removed 78 assignments)
Generated 3 VCC(s), 3 remaining after simplification (102 assignments)
No solver specified; defaulting to Boolector
Encoding remaining VCC(s) using bit-vector/floating-point arithmetic
Encoding to solver time: 0.002s
Solving with solver Boolector 3.2.2
Encoding to solver time: 0.002s
Runtime decision procedure: 0.018s
The forward condition is unable to prove the property
*** Checking base case, k = 6
Starting Bounded Model Checking
Unwinding loop 2  iteration  1   file sll_length_check-2.i line 576 function sll_create
Unwinding loop 2  iteration  2   file sll_length_check-2.i line 576 function sll_create
Unwinding loop 2  iteration  3   file sll_length_check-2.i line 576 function sll_create
Unwinding loop 2  iteration  4   file sll_length_check-2.i line 576 function sll_create
Unwinding loop 2  iteration  5   file sll_length_check-2.i line 576 function sll_create
Not unwinding 
Unwinding loop 3  iteration  1   file sll_length_check-2.i line 589 function sll_length
Unwinding loop 3  iteration  2   file sll_length_check-2.i line 589 function sll_length
Unwinding loop 3  iteration  3   file sll_length_check-2.i line 589 function sll_length
Unwinding loop 3  iteration  4   file sll_length_check-2.i line 589 function sll_length
Unwinding loop 3  iteration  5   file sll_length_check-2.i line 589 function sll_length
Not unwinding 
Unwinding loop 4  iteration  1   file sll_length_check-2.i line 596 function sll_destroy
Unwinding loop 4  iteration  2   file sll_length_check-2.i line 596 function sll_destroy
Unwinding loop 4  iteration  3   file sll_length_check-2.i line 596 function sll_destroy
Unwinding loop 4  iteration  4   file sll_length_check-2.i line 596 function sll_destroy
Unwinding loop 4  iteration  5   file sll_length_check-2.i line 596 function sll_destroy
Not unwinding 
Symex completed in: 0.015s (341 assignments)
Slicing time: 0.002s (removed 173 assignments)
Generated 1 VCC(s), 1 remaining after simplification (168 assignments)
No solver specified; defaulting to Boolector
Encoding remaining VCC(s) using bit-vector/floating-point arithmetic
Encoding to solver time: 0.006s
Solving with solver Boolector 3.2.2
Encoding to solver time: 0.006s
Runtime decision procedure: 0.425s
BMC program time: 0.449s
No bug has been found in the base case
*** Checking forward condition, k = 6
Starting Bounded Model Checking
Unwinding loop 2  iteration  1   file sll_length_check-2.i line 576 function sll_create
Unwinding loop 2  iteration  2   file sll_length_check-2.i line 576 function sll_create
Unwinding loop 2  iteration  3   file sll_length_check-2.i line 576 function sll_create
Unwinding loop 2  iteration  4   file sll_length_check-2.i line 576 function sll_create
Unwinding loop 2  iteration  5   file sll_length_check-2.i line 576 function sll_create
Not unwinding 
Unwinding loop 3  iteration  1   file sll_length_check-2.i line 589 function sll_length
Unwinding loop 3  iteration  2   file sll_length_check-2.i line 589 function sll_length
Unwinding loop 3  iteration  3   file sll_length_check-2.i line 589 function sll_length
Unwinding loop 3  iteration  4   file sll_length_check-2.i line 589 function sll_length
Unwinding loop 3  iteration  5   file sll_length_check-2.i line 589 function sll_length
Not unwinding 
Unwinding loop 4  iteration  1   file sll_length_check-2.i line 596 function sll_destroy
Unwinding loop 4  iteration  2   file sll_length_check-2.i line 596 function sll_destroy
Unwinding loop 4  iteration  3   file sll_length_check-2.i line 596 function sll_destroy
Unwinding loop 4  iteration  4   file sll_length_check-2.i line 596 function sll_destroy
Unwinding loop 4  iteration  5   file sll_length_check-2.i line 596 function sll_destroy
Not unwinding 
Symex completed in: 0.017s (340 assignments)
Slicing time: 0.002s (removed 173 assignments)
Generated 3 VCC(s), 3 remaining after simplification (167 assignments)
No solver specified; defaulting to Boolector
Encoding remaining VCC(s) using bit-vector/floating-point arithmetic
Encoding to solver time: 0.006s
Solving with solver Boolector 3.2.2
Encoding to solver time: 0.006s
Runtime decision procedure: 0.468s
The forward condition is unable to prove the property
*** Checking base case, k = 11
Starting Bounded Model Checking
Unwinding loop 2  iteration  1   file sll_length_check-2.i line 576 function sll_create
Unwinding loop 2  iteration  2   file sll_length_check-2.i line 576 function sll_create
Unwinding loop 2  iteration  3   file sll_length_check-2.i line 576 function sll_create
Unwinding loop 2  iteration  4   file sll_length_check-2.i line 576 function sll_create
Unwinding loop 2  iteration  5   file sll_length_check-2.i line 576 function sll_create
Unwinding loop 2  iteration  6   file sll_length_check-2.i line 576 function sll_create
Unwinding loop 2  iteration  7   file sll_length_check-2.i line 576 function sll_create
Unwinding loop 2  iteration  8   file sll_length_check-2.i line 576 function sll_create
Unwinding loop 2  iteration  9   file sll_length_check-2.i line 576 function sll_create
Unwinding loop 2  iteration  10   file sll_length_check-2.i line 576 function sll_create
Not unwinding 
Unwinding loop 3  iteration  1   file sll_length_check-2.i line 589 function sll_length
Unwinding loop 3  iteration  2   file sll_length_check-2.i line 589 function sll_length
Unwinding loop 3  iteration  3   file sll_length_check-2.i line 589 function sll_length
Unwinding loop 3  iteration  4   file sll_length_check-2.i line 589 function sll_length
Unwinding loop 3  iteration  5   file sll_length_check-2.i line 589 function sll_length
Unwinding loop 3  iteration  6   file sll_length_check-2.i line 589 function sll_length
Unwinding loop 3  iteration  7   file sll_length_check-2.i line 589 function sll_length
Unwinding loop 3  iteration  8   file sll_length_check-2.i line 589 function sll_length
Unwinding loop 3  iteration  9   file sll_length_check-2.i line 589 function sll_length
Unwinding loop 3  iteration  10   file sll_length_check-2.i line 589 function sll_length
Not unwinding 
Unwinding loop 4  iteration  1   file sll_length_check-2.i line 596 function sll_destroy
Unwinding loop 4  iteration  2   file sll_length_check-2.i line 596 function sll_destroy
Unwinding loop 4  iteration  3   file sll_length_check-2.i line 596 function sll_destroy
Unwinding loop 4  iteration  4   file sll_length_check-2.i line 596 function sll_destroy
Unwinding loop 4  iteration  5   file sll_length_check-2.i line 596 function sll_destroy
Unwinding loop 4  iteration  6   file sll_length_check-2.i line 596 function sll_destroy
Unwinding loop 4  iteration  7   file sll_length_check-2.i line 596 function sll_destroy
Unwinding loop 4  iteration  8   file sll_length_check-2.i line 596 function sll_destroy
Unwinding loop 4  iteration  9   file sll_length_check-2.i line 596 function sll_destroy
Unwinding loop 4  iteration  10   file sll_length_check-2.i line 596 function sll_destroy
Not unwinding 
Symex completed in: 0.033s (501 assignments)
Slicing time: 0.003s (removed 273 assignments)
Generated 1 VCC(s), 1 remaining after simplification (228 assignments)
No solver specified; defaulting to Boolector
Encoding remaining VCC(s) using bit-vector/floating-point arithmetic
Encoding to solver time: 0.012s
Solving with solver Boolector 3.2.2
Encoding to solver time: 0.012s
Runtime decision procedure: 1.355s
BMC program time: 1.404s
No bug has been found in the base case
*** Checking forward condition, k = 11
Starting Bounded Model Checking
Unwinding loop 2  iteration  1   file sll_length_check-2.i line 576 function sll_create
Unwinding loop 2  iteration  2   file sll_length_check-2.i line 576 function sll_create
Unwinding loop 2  iteration  3   file sll_length_check-2.i line 576 function sll_create
Unwinding loop 2  iteration  4   file sll_length_check-2.i line 576 function sll_create
Unwinding loop 2  iteration  5   file sll_length_check-2.i line 576 function sll_create
Unwinding loop 2  iteration  6   file sll_length_check-2.i line 576 function sll_create
Unwinding loop 2  iteration  7   file sll_length_check-2.i line 576 function sll_create
Unwinding loop 2  iteration  8   file sll_length_check-2.i line 576 function sll_create
Unwinding loop 2  iteration  9   file sll_length_check-2.i line 576 function sll_create
Unwinding loop 2  iteration  10   file sll_length_check-2.i line 576 function sll_create
Not unwinding 
Unwinding loop 3  iteration  1   file sll_length_check-2.i line 589 function sll_length
Unwinding loop 3  iteration  2   file sll_length_check-2.i line 589 function sll_length
Unwinding loop 3  iteration  3   file sll_length_check-2.i line 589 function sll_length
Unwinding loop 3  iteration  4   file sll_length_check-2.i line 589 function sll_length
Unwinding loop 3  iteration  5   file sll_length_check-2.i line 589 function sll_length
Unwinding loop 3  iteration  6   file sll_length_check-2.i line 589 function sll_length
Unwinding loop 3  iteration  7   file sll_length_check-2.i line 589 function sll_length
Unwinding loop 3  iteration  8   file sll_length_check-2.i line 589 function sll_length
Unwinding loop 3  iteration  9   file sll_length_check-2.i line 589 function sll_length
Unwinding loop 3  iteration  10   file sll_length_check-2.i line 589 function sll_length
Not unwinding 
Unwinding loop 4  iteration  1   file sll_length_check-2.i line 596 function sll_destroy
Unwinding loop 4  iteration  2   file sll_length_check-2.i line 596 function sll_destroy
Unwinding loop 4  iteration  3   file sll_length_check-2.i line 596 function sll_destroy
Unwinding loop 4  iteration  4   file sll_length_check-2.i line 596 function sll_destroy
Unwinding loop 4  iteration  5   file sll_length_check-2.i line 596 function sll_destroy
Unwinding loop 4  iteration  6   file sll_length_check-2.i line 596 function sll_destroy
Unwinding loop 4  iteration  7   file sll_length_check-2.i line 596 function sll_destroy
Unwinding loop 4  iteration  8   file sll_length_check-2.i line 596 function sll_destroy
Unwinding loop 4  iteration  9   file sll_length_check-2.i line 596 function sll_destroy
Unwinding loop 4  iteration  10   file sll_length_check-2.i line 596 function sll_destroy
Not unwinding 
Symex completed in: 0.035s (500 assignments)
Slicing time: 0.003s (removed 273 assignments)
Generated 3 VCC(s), 3 remaining after simplification (227 assignments)
No solver specified; defaulting to Boolector
Encoding remaining VCC(s) using bit-vector/floating-point arithmetic
Encoding to solver time: 0.013s
Solving with solver Boolector 3.2.2
Encoding to solver time: 0.013s
Runtime decision procedure: 1.378s
The forward condition is unable to prove the property
*** Checking base case, k = 16
Starting Bounded Model Checking
Unwinding loop 2  iteration  1   file sll_length_check-2.i line 576 function sll_create
Unwinding loop 2  iteration  2   file sll_length_check-2.i line 576 function sll_create
Unwinding loop 2  iteration  3   file sll_length_check-2.i line 576 function sll_create
Unwinding loop 2  iteration  4   file sll_length_check-2.i line 576 function sll_create
Unwinding loop 2  iteration  5   file sll_length_check-2.i line 576 function sll_create
Unwinding loop 2  iteration  6   file sll_length_check-2.i line 576 function sll_create
Unwinding loop 2  iteration  7   file sll_length_check-2.i line 576 function sll_create
Unwinding loop 2  iteration  8   file sll_length_check-2.i line 576 function sll_create
Unwinding loop 2  iteration  9   file sll_length_check-2.i line 576 function sll_create
Unwinding loop 2  iteration  10   file sll_length_check-2.i line 576 function sll_create
Unwinding loop 2  iteration  11   file sll_length_check-2.i line 576 function sll_create
Unwinding loop 2  iteration  12   file sll_length_check-2.i line 576 function sll_create
Unwinding loop 2  iteration  13   file sll_length_check-2.i line 576 function sll_create
Unwinding loop 2  iteration  14   file sll_length_check-2.i line 576 function sll_create
Unwinding loop 2  iteration  15   file sll_length_check-2.i line 576 function sll_create
Not unwinding 
Unwinding loop 3  iteration  1   file sll_length_check-2.i line 589 function sll_length
Unwinding loop 3  iteration  2   file sll_length_check-2.i line 589 function sll_length
Unwinding loop 3  iteration  3   file sll_length_check-2.i line 589 function sll_length
Unwinding loop 3  iteration  4   file sll_length_check-2.i line 589 function sll_length
Unwinding loop 3  iteration  5   file sll_length_check-2.i line 589 function sll_length
Unwinding loop 3  iteration  6   file sll_length_check-2.i line 589 function sll_length
Unwinding loop 3  iteration  7   file sll_length_check-2.i line 589 function sll_length
Unwinding loop 3  iteration  8   file sll_length_check-2.i line 589 function sll_length
Unwinding loop 3  iteration  9   file sll_length_check-2.i line 589 function sll_length
Unwinding loop 3  iteration  10   file sll_length_check-2.i line 589 function sll_length
Unwinding loop 3  iteration  11   file sll_length_check-2.i line 589 function sll_length
Unwinding loop 3  iteration  12   file sll_length_check-2.i line 589 function sll_length
Unwinding loop 3  iteration  13   file sll_length_check-2.i line 589 function sll_length
Unwinding loop 3  iteration  14   file sll_length_check-2.i line 589 function sll_length
Unwinding loop 3  iteration  15   file sll_length_check-2.i line 589 function sll_length
Not unwinding 
Unwinding loop 4  iteration  1   file sll_length_check-2.i line 596 function sll_destroy
Unwinding loop 4  iteration  2   file sll_length_check-2.i line 596 function sll_destroy
Unwinding loop 4  iteration  3   file sll_length_check-2.i line 596 function sll_destroy
Unwinding loop 4  iteration  4   file sll_length_check-2.i line 596 function sll_destroy
Unwinding loop 4  iteration  5   file sll_length_check-2.i line 596 function sll_destroy
Unwinding loop 4  iteration  6   file sll_length_check-2.i line 596 function sll_destroy
Unwinding loop 4  iteration  7   file sll_length_check-2.i line 596 function sll_destroy
Unwinding loop 4  iteration  8   file sll_length_check-2.i line 596 function sll_destroy
Unwinding loop 4  iteration  9   file sll_length_check-2.i line 596 function sll_destroy
Unwinding loop 4  iteration  10   file sll_length_check-2.i line 596 function sll_destroy
Unwinding loop 4  iteration  11   file sll_length_check-2.i line 596 function sll_destroy
Unwinding loop 4  iteration  12   file sll_length_check-2.i line 596 function sll_destroy
Unwinding loop 4  iteration  13   file sll_length_check-2.i line 596 function sll_destroy
Unwinding loop 4  iteration  14   file sll_length_check-2.i line 596 function sll_destroy
Unwinding loop 4  iteration  15   file sll_length_check-2.i line 596 function sll_destroy
Not unwinding 
Symex completed in: 0.057s (661 assignments)
Slicing time: 0.005s (removed 373 assignments)
Generated 1 VCC(s), 1 remaining after simplification (288 assignments)
No solver specified; defaulting to Boolector
Encoding remaining VCC(s) using bit-vector/floating-point arithmetic
Encoding to solver time: 0.023s
Solving with solver Boolector 3.2.2
Encoding to solver time: 0.023s
Runtime decision procedure: 2.980s
BMC program time: 3.066s
No bug has been found in the base case
*** Checking forward condition, k = 16
Starting Bounded Model Checking
Unwinding loop 2  iteration  1   file sll_length_check-2.i line 576 function sll_create
Unwinding loop 2  iteration  2   file sll_length_check-2.i line 576 function sll_create
Unwinding loop 2  iteration  3   file sll_length_check-2.i line 576 function sll_create
Unwinding loop 2  iteration  4   file sll_length_check-2.i line 576 function sll_create
Unwinding loop 2  iteration  5   file sll_length_check-2.i line 576 function sll_create
Unwinding loop 2  iteration  6   file sll_length_check-2.i line 576 function sll_create
Unwinding loop 2  iteration  7   file sll_length_check-2.i line 576 function sll_create
Unwinding loop 2  iteration  8   file sll_length_check-2.i line 576 function sll_create
Unwinding loop 2  iteration  9   file sll_length_check-2.i line 576 function sll_create
Unwinding loop 2  iteration  10   file sll_length_check-2.i line 576 function sll_create
Unwinding loop 2  iteration  11   file sll_length_check-2.i line 576 function sll_create
Unwinding loop 2  iteration  12   file sll_length_check-2.i line 576 function sll_create
Unwinding loop 2  iteration  13   file sll_length_check-2.i line 576 function sll_create
Unwinding loop 2  iteration  14   file sll_length_check-2.i line 576 function sll_create
Unwinding loop 2  iteration  15   file sll_length_check-2.i line 576 function sll_create
Not unwinding 
Unwinding loop 3  iteration  1   file sll_length_check-2.i line 589 function sll_length
Unwinding loop 3  iteration  2   file sll_length_check-2.i line 589 function sll_length
Unwinding loop 3  iteration  3   file sll_length_check-2.i line 589 function sll_length
Unwinding loop 3  iteration  4   file sll_length_check-2.i line 589 function sll_length
Unwinding loop 3  iteration  5   file sll_length_check-2.i line 589 function sll_length
Unwinding loop 3  iteration  6   file sll_length_check-2.i line 589 function sll_length
Unwinding loop 3  iteration  7   file sll_length_check-2.i line 589 function sll_length
Unwinding loop 3  iteration  8   file sll_length_check-2.i line 589 function sll_length
Unwinding loop 3  iteration  9   file sll_length_check-2.i line 589 function sll_length
Unwinding loop 3  iteration  10   file sll_length_check-2.i line 589 function sll_length
Unwinding loop 3  iteration  11   file sll_length_check-2.i line 589 function sll_length
Unwinding loop 3  iteration  12   file sll_length_check-2.i line 589 function sll_length
Unwinding loop 3  iteration  13   file sll_length_check-2.i line 589 function sll_length
Unwinding loop 3  iteration  14   file sll_length_check-2.i line 589 function sll_length
Unwinding loop 3  iteration  15   file sll_length_check-2.i line 589 function sll_length
Not unwinding 
Unwinding loop 4  iteration  1   file sll_length_check-2.i line 596 function sll_destroy
Unwinding loop 4  iteration  2   file sll_length_check-2.i line 596 function sll_destroy
Unwinding loop 4  iteration  3   file sll_length_check-2.i line 596 function sll_destroy
Unwinding loop 4  iteration  4   file sll_length_check-2.i line 596 function sll_destroy
Unwinding loop 4  iteration  5   file sll_length_check-2.i line 596 function sll_destroy
Unwinding loop 4  iteration  6   file sll_length_check-2.i line 596 function sll_destroy
Unwinding loop 4  iteration  7   file sll_length_check-2.i line 596 function sll_destroy
Unwinding loop 4  iteration  8   file sll_length_check-2.i line 596 function sll_destroy
Unwinding loop 4  iteration  9   file sll_length_check-2.i line 596 function sll_destroy
Unwinding loop 4  iteration  10   file sll_length_check-2.i line 596 function sll_destroy
Unwinding loop 4  iteration  11   file sll_length_check-2.i line 596 function sll_destroy
Unwinding loop 4  iteration  12   file sll_length_check-2.i line 596 function sll_destroy
Unwinding loop 4  iteration  13   file sll_length_check-2.i line 596 function sll_destroy
Unwinding loop 4  iteration  14   file sll_length_check-2.i line 596 function sll_destroy
Unwinding loop 4  iteration  15   file sll_length_check-2.i line 596 function sll_destroy
Not unwinding 
Symex completed in: 0.064s (660 assignments)
Slicing time: 0.006s (removed 373 assignments)
Generated 3 VCC(s), 3 remaining after simplification (287 assignments)
No solver specified; defaulting to Boolector
Encoding remaining VCC(s) using bit-vector/floating-point arithmetic
Encoding to solver time: 0.025s
Solving with solver Boolector 3.2.2
Encoding to solver time: 0.025s
Runtime decision procedure: 2.947s
The forward condition is unable to prove the property
*** Checking base case, k = 21
Starting Bounded Model Checking
Unwinding loop 2  iteration  1   file sll_length_check-2.i line 576 function sll_create
Unwinding loop 2  iteration  2   file sll_length_check-2.i line 576 function sll_create
Unwinding loop 2  iteration  3   file sll_length_check-2.i line 576 function sll_create
Unwinding loop 2  iteration  4   file sll_length_check-2.i line 576 function sll_create
Unwinding loop 2  iteration  5   file sll_length_check-2.i line 576 function sll_create
Unwinding loop 2  iteration  6   file sll_length_check-2.i line 576 function sll_create
Unwinding loop 2  iteration  7   file sll_length_check-2.i line 576 function sll_create
Unwinding loop 2  iteration  8   file sll_length_check-2.i line 576 function sll_create
Unwinding loop 2  iteration  9   file sll_length_check-2.i line 576 function sll_create
Unwinding loop 2  iteration  10   file sll_length_check-2.i line 576 function sll_create
Unwinding loop 2  iteration  11   file sll_length_check-2.i line 576 function sll_create
Unwinding loop 2  iteration  12   file sll_length_check-2.i line 576 function sll_create
Unwinding loop 2  iteration  13   file sll_length_check-2.i line 576 function sll_create
Unwinding loop 2  iteration  14   file sll_length_check-2.i line 576 function sll_create
Unwinding loop 2  iteration  15   file sll_length_check-2.i line 576 function sll_create
Unwinding loop 2  iteration  16   file sll_length_check-2.i line 576 function sll_create
Unwinding loop 2  iteration  17   file sll_length_check-2.i line 576 function sll_create
Unwinding loop 2  iteration  18   file sll_length_check-2.i line 576 function sll_create
Unwinding loop 2  iteration  19   file sll_length_check-2.i line 576 function sll_create
Unwinding loop 2  iteration  20   file sll_length_check-2.i line 576 function sll_create
Not unwinding 
Unwinding loop 3  iteration  1   file sll_length_check-2.i line 589 function sll_length
Unwinding loop 3  iteration  2   file sll_length_check-2.i line 589 function sll_length
Unwinding loop 3  iteration  3   file sll_length_check-2.i line 589 function sll_length
Unwinding loop 3  iteration  4   file sll_length_check-2.i line 589 function sll_length
Unwinding loop 3  iteration  5   file sll_length_check-2.i line 589 function sll_length
Unwinding loop 3  iteration  6   file sll_length_check-2.i line 589 function sll_length
Unwinding loop 3  iteration  7   file sll_length_check-2.i line 589 function sll_length
Unwinding loop 3  iteration  8   file sll_length_check-2.i line 589 function sll_length
Unwinding loop 3  iteration  9   file sll_length_check-2.i line 589 function sll_length
Unwinding loop 3  iteration  10   file sll_length_check-2.i line 589 function sll_length
Unwinding loop 3  iteration  11   file sll_length_check-2.i line 589 function sll_length
Unwinding loop 3  iteration  12   file sll_length_check-2.i line 589 function sll_length
Unwinding loop 3  iteration  13   file sll_length_check-2.i line 589 function sll_length
Unwinding loop 3  iteration  14   file sll_length_check-2.i line 589 function sll_length
Unwinding loop 3  iteration  15   file sll_length_check-2.i line 589 function sll_length
Unwinding loop 3  iteration  16   file sll_length_check-2.i line 589 function sll_length
Unwinding loop 3  iteration  17   file sll_length_check-2.i line 589 function sll_length
Unwinding loop 3  iteration  18   file sll_length_check-2.i line 589 function sll_length
Unwinding loop 3  iteration  19   file sll_length_check-2.i line 589 function sll_length
Unwinding loop 3  iteration  20   file sll_length_check-2.i line 589 function sll_length
Not unwinding 
Unwinding loop 4  iteration  1   file sll_length_check-2.i line 596 function sll_destroy
Unwinding loop 4  iteration  2   file sll_length_check-2.i line 596 function sll_destroy
Unwinding loop 4  iteration  3   file sll_length_check-2.i line 596 function sll_destroy
Unwinding loop 4  iteration  4   file sll_length_check-2.i line 596 function sll_destroy
Unwinding loop 4  iteration  5   file sll_length_check-2.i line 596 function sll_destroy
Unwinding loop 4  iteration  6   file sll_length_check-2.i line 596 function sll_destroy
Unwinding loop 4  iteration  7   file sll_length_check-2.i line 596 function sll_destroy
Unwinding loop 4  iteration  8   file sll_length_check-2.i line 596 function sll_destroy
Unwinding loop 4  iteration  9   file sll_length_check-2.i line 596 function sll_destroy
Unwinding loop 4  iteration  10   file sll_length_check-2.i line 596 function sll_destroy
Unwinding loop 4  iteration  11   file sll_length_check-2.i line 596 function sll_destroy
Unwinding loop 4  iteration  12   file sll_length_check-2.i line 596 function sll_destroy
Unwinding loop 4  iteration  13   file sll_length_check-2.i line 596 function sll_destroy
Unwinding loop 4  iteration  14   file sll_length_check-2.i line 596 function sll_destroy
Unwinding loop 4  iteration  15   file sll_length_check-2.i line 596 function sll_destroy
Unwinding loop 4  iteration  16   file sll_length_check-2.i line 596 function sll_destroy
Unwinding loop 4  iteration  17   file sll_length_check-2.i line 596 function sll_destroy
Unwinding loop 4  iteration  18   file sll_length_check-2.i line 596 function sll_destroy
Unwinding loop 4  iteration  19   file sll_length_check-2.i line 596 function sll_destroy
Unwinding loop 4  iteration  20   file sll_length_check-2.i line 596 function sll_destroy
Not unwinding 
Symex completed in: 0.085s (821 assignments)
Slicing time: 0.008s (removed 473 assignments)
Generated 1 VCC(s), 1 remaining after simplification (348 assignments)
No solver specified; defaulting to Boolector
Encoding remaining VCC(s) using bit-vector/floating-point arithmetic
Encoding to solver time: 0.035s
Solving with solver Boolector 3.2.2
Encoding to solver time: 0.035s
Runtime decision procedure: 4.855s
BMC program time: 4.984s
No bug has been found in the base case
*** Checking forward condition, k = 21
Starting Bounded Model Checking
Unwinding loop 2  iteration  1   file sll_length_check-2.i line 576 function sll_create
Unwinding loop 2  iteration  2   file sll_length_check-2.i line 576 function sll_create
Unwinding loop 2  iteration  3   file sll_length_check-2.i line 576 function sll_create
Unwinding loop 2  iteration  4   file sll_length_check-2.i line 576 function sll_create
Unwinding loop 2  iteration  5   file sll_length_check-2.i line 576 function sll_create
Unwinding loop 2  iteration  6   file sll_length_check-2.i line 576 function sll_create
Unwinding loop 2  iteration  7   file sll_length_check-2.i line 576 function sll_create
Unwinding loop 2  iteration  8   file sll_length_check-2.i line 576 function sll_create
Unwinding loop 2  iteration  9   file sll_length_check-2.i line 576 function sll_create
Unwinding loop 2  iteration  10   file sll_length_check-2.i line 576 function sll_create
Unwinding loop 2  iteration  11   file sll_length_check-2.i line 576 function sll_create
Unwinding loop 2  iteration  12   file sll_length_check-2.i line 576 function sll_create
Unwinding loop 2  iteration  13   file sll_length_check-2.i line 576 function sll_create
Unwinding loop 2  iteration  14   file sll_length_check-2.i line 576 function sll_create
Unwinding loop 2  iteration  15   file sll_length_check-2.i line 576 function sll_create
Unwinding loop 2  iteration  16   file sll_length_check-2.i line 576 function sll_create
Unwinding loop 2  iteration  17   file sll_length_check-2.i line 576 function sll_create
Unwinding loop 2  iteration  18   file sll_length_check-2.i line 576 function sll_create
Unwinding loop 2  iteration  19   file sll_length_check-2.i line 576 function sll_create
Unwinding loop 2  iteration  20   file sll_length_check-2.i line 576 function sll_create
Not unwinding 
Unwinding loop 3  iteration  1   file sll_length_check-2.i line 589 function sll_length
Unwinding loop 3  iteration  2   file sll_length_check-2.i line 589 function sll_length
Unwinding loop 3  iteration  3   file sll_length_check-2.i line 589 function sll_length
Unwinding loop 3  iteration  4   file sll_length_check-2.i line 589 function sll_length
Unwinding loop 3  iteration  5   file sll_length_check-2.i line 589 function sll_length
Unwinding loop 3  iteration  6   file sll_length_check-2.i line 589 function sll_length
Unwinding loop 3  iteration  7   file sll_length_check-2.i line 589 function sll_length
Unwinding loop 3  iteration  8   file sll_length_check-2.i line 589 function sll_length
Unwinding loop 3  iteration  9   file sll_length_check-2.i line 589 function sll_length
Unwinding loop 3  iteration  10   file sll_length_check-2.i line 589 function sll_length
Unwinding loop 3  iteration  11   file sll_length_check-2.i line 589 function sll_length
Unwinding loop 3  iteration  12   file sll_length_check-2.i line 589 function sll_length
Unwinding loop 3  iteration  13   file sll_length_check-2.i line 589 function sll_length
Unwinding loop 3  iteration  14   file sll_length_check-2.i line 589 function sll_length
Unwinding loop 3  iteration  15   file sll_length_check-2.i line 589 function sll_length
Unwinding loop 3  iteration  16   file sll_length_check-2.i line 589 function sll_length
Unwinding loop 3  iteration  17   file sll_length_check-2.i line 589 function sll_length
Unwinding loop 3  iteration  18   file sll_length_check-2.i line 589 function sll_length
Unwinding loop 3  iteration  19   file sll_length_check-2.i line 589 function sll_length
Unwinding loop 3  iteration  20   file sll_length_check-2.i line 589 function sll_length
Not unwinding 
Unwinding loop 4  iteration  1   file sll_length_check-2.i line 596 function sll_destroy
Unwinding loop 4  iteration  2   file sll_length_check-2.i line 596 function sll_destroy
Unwinding loop 4  iteration  3   file sll_length_check-2.i line 596 function sll_destroy
Unwinding loop 4  iteration  4   file sll_length_check-2.i line 596 function sll_destroy
Unwinding loop 4  iteration  5   file sll_length_check-2.i line 596 function sll_destroy
Unwinding loop 4  iteration  6   file sll_length_check-2.i line 596 function sll_destroy
Unwinding loop 4  iteration  7   file sll_length_check-2.i line 596 function sll_destroy
Unwinding loop 4  iteration  8   file sll_length_check-2.i line 596 function sll_destroy
Unwinding loop 4  iteration  9   file sll_length_check-2.i line 596 function sll_destroy
Unwinding loop 4  iteration  10   file sll_length_check-2.i line 596 function sll_destroy
Unwinding loop 4  iteration  11   file sll_length_check-2.i line 596 function sll_destroy
Unwinding loop 4  iteration  12   file sll_length_check-2.i line 596 function sll_destroy
Unwinding loop 4  iteration  13   file sll_length_check-2.i line 596 function sll_destroy
Unwinding loop 4  iteration  14   file sll_length_check-2.i line 596 function sll_destroy
Unwinding loop 4  iteration  15   file sll_length_check-2.i line 596 function sll_destroy
Unwinding loop 4  iteration  16   file sll_length_check-2.i line 596 function sll_destroy
Unwinding loop 4  iteration  17   file sll_length_check-2.i line 596 function sll_destroy
Unwinding loop 4  iteration  18   file sll_length_check-2.i line 596 function sll_destroy
Unwinding loop 4  iteration  19   file sll_length_check-2.i line 596 function sll_destroy
Unwinding loop 4  iteration  20   file sll_length_check-2.i line 596 function sll_destroy
Not unwinding 
Symex completed in: 0.095s (820 assignments)
Slicing time: 0.008s (removed 473 assignments)
Generated 3 VCC(s), 3 remaining after simplification (347 assignments)
No solver specified; defaulting to Boolector
Encoding remaining VCC(s) using bit-vector/floating-point arithmetic
Encoding to solver time: 0.039s
Solving with solver Boolector 3.2.2
Encoding to solver time: 0.039s
Runtime decision procedure: 4.629s
The forward condition is unable to prove the property
*** Checking base case, k = 26
Starting Bounded Model Checking
Unwinding loop 2  iteration  1   file sll_length_check-2.i line 576 function sll_create
Unwinding loop 2  iteration  2   file sll_length_check-2.i line 576 function sll_create
Unwinding loop 2  iteration  3   file sll_length_check-2.i line 576 function sll_create
Unwinding loop 2  iteration  4   file sll_length_check-2.i line 576 function sll_create
Unwinding loop 2  iteration  5   file sll_length_check-2.i line 576 function sll_create
Unwinding loop 2  iteration  6   file sll_length_check-2.i line 576 function sll_create
Unwinding loop 2  iteration  7   file sll_length_check-2.i line 576 function sll_create
Unwinding loop 2  iteration  8   file sll_length_check-2.i line 576 function sll_create
Unwinding loop 2  iteration  9   file sll_length_check-2.i line 576 function sll_create
Unwinding loop 2  iteration  10   file sll_length_check-2.i line 576 function sll_create
Unwinding loop 2  iteration  11   file sll_length_check-2.i line 576 function sll_create
Unwinding loop 2  iteration  12   file sll_length_check-2.i line 576 function sll_create
Unwinding loop 2  iteration  13   file sll_length_check-2.i line 576 function sll_create
Unwinding loop 2  iteration  14   file sll_length_check-2.i line 576 function sll_create
Unwinding loop 2  iteration  15   file sll_length_check-2.i line 576 function sll_create
Unwinding loop 2  iteration  16   file sll_length_check-2.i line 576 function sll_create
Unwinding loop 2  iteration  17   file sll_length_check-2.i line 576 function sll_create
Unwinding loop 2  iteration  18   file sll_length_check-2.i line 576 function sll_create
Unwinding loop 2  iteration  19   file sll_length_check-2.i line 576 function sll_create
Unwinding loop 2  iteration  20   file sll_length_check-2.i line 576 function sll_create
Unwinding loop 2  iteration  21   file sll_length_check-2.i line 576 function sll_create
Unwinding loop 2  iteration  22   file sll_length_check-2.i line 576 function sll_create
Unwinding loop 2  iteration  23   file sll_length_check-2.i line 576 function sll_create
Unwinding loop 2  iteration  24   file sll_length_check-2.i line 576 function sll_create
Unwinding loop 2  iteration  25   file sll_length_check-2.i line 576 function sll_create
Not unwinding 
Unwinding loop 3  iteration  1   file sll_length_check-2.i line 589 function sll_length
Unwinding loop 3  iteration  2   file sll_length_check-2.i line 589 function sll_length
Unwinding loop 3  iteration  3   file sll_length_check-2.i line 589 function sll_length
Unwinding loop 3  iteration  4   file sll_length_check-2.i line 589 function sll_length
Unwinding loop 3  iteration  5   file sll_length_check-2.i line 589 function sll_length
Unwinding loop 3  iteration  6   file sll_length_check-2.i line 589 function sll_length
Unwinding loop 3  iteration  7   file sll_length_check-2.i line 589 function sll_length
Unwinding loop 3  iteration  8   file sll_length_check-2.i line 589 function sll_length
Unwinding loop 3  iteration  9   file sll_length_check-2.i line 589 function sll_length
Unwinding loop 3  iteration  10   file sll_length_check-2.i line 589 function sll_length
Unwinding loop 3  iteration  11   file sll_length_check-2.i line 589 function sll_length
Unwinding loop 3  iteration  12   file sll_length_check-2.i line 589 function sll_length
Unwinding loop 3  iteration  13   file sll_length_check-2.i line 589 function sll_length
Unwinding loop 3  iteration  14   file sll_length_check-2.i line 589 function sll_length
Unwinding loop 3  iteration  15   file sll_length_check-2.i line 589 function sll_length
Unwinding loop 3  iteration  16   file sll_length_check-2.i line 589 function sll_length
Unwinding loop 3  iteration  17   file sll_length_check-2.i line 589 function sll_length
Unwinding loop 3  iteration  18   file sll_length_check-2.i line 589 function sll_length
Unwinding loop 3  iteration  19   file sll_length_check-2.i line 589 function sll_length
Unwinding loop 3  iteration  20   file sll_length_check-2.i line 589 function sll_length
Unwinding loop 3  iteration  21   file sll_length_check-2.i line 589 function sll_length
Unwinding loop 3  iteration  22   file sll_length_check-2.i line 589 function sll_length
Unwinding loop 3  iteration  23   file sll_length_check-2.i line 589 function sll_length
Unwinding loop 3  iteration  24   file sll_length_check-2.i line 589 function sll_length
Unwinding loop 3  iteration  25   file sll_length_check-2.i line 589 function sll_length
Not unwinding 
Unwinding loop 4  iteration  1   file sll_length_check-2.i line 596 function sll_destroy
Unwinding loop 4  iteration  2   file sll_length_check-2.i line 596 function sll_destroy
Unwinding loop 4  iteration  3   file sll_length_check-2.i line 596 function sll_destroy
Unwinding loop 4  iteration  4   file sll_length_check-2.i line 596 function sll_destroy
Unwinding loop 4  iteration  5   file sll_length_check-2.i line 596 function sll_destroy
Unwinding loop 4  iteration  6   file sll_length_check-2.i line 596 function sll_destroy
Unwinding loop 4  iteration  7   file sll_length_check-2.i line 596 function sll_destroy
Unwinding loop 4  iteration  8   file sll_length_check-2.i line 596 function sll_destroy
Unwinding loop 4  iteration  9   file sll_length_check-2.i line 596 function sll_destroy
Unwinding loop 4  iteration  10   file sll_length_check-2.i line 596 function sll_destroy
Unwinding loop 4  iteration  11   file sll_length_check-2.i line 596 function sll_destroy
Unwinding loop 4  iteration  12   file sll_length_check-2.i line 596 function sll_destroy
Unwinding loop 4  iteration  13   file sll_length_check-2.i line 596 function sll_destroy
Unwinding loop 4  iteration  14   file sll_length_check-2.i line 596 function sll_destroy
Unwinding loop 4  iteration  15   file sll_length_check-2.i line 596 function sll_destroy
Unwinding loop 4  iteration  16   file sll_length_check-2.i line 596 function sll_destroy
Unwinding loop 4  iteration  17   file sll_length_check-2.i line 596 function sll_destroy
Unwinding loop 4  iteration  18   file sll_length_check-2.i line 596 function sll_destroy
Unwinding loop 4  iteration  19   file sll_length_check-2.i line 596 function sll_destroy
Unwinding loop 4  iteration  20   file sll_length_check-2.i line 596 function sll_destroy
Unwinding loop 4  iteration  21   file sll_length_check-2.i line 596 function sll_destroy
Unwinding loop 4  iteration  22   file sll_length_check-2.i line 596 function sll_destroy
Unwinding loop 4  iteration  23   file sll_length_check-2.i line 596 function sll_destroy
Unwinding loop 4  iteration  24   file sll_length_check-2.i line 596 function sll_destroy
Unwinding loop 4  iteration  25   file sll_length_check-2.i line 596 function sll_destroy
Not unwinding 
Symex completed in: 0.126s (981 assignments)
Slicing time: 0.011s (removed 573 assignments)
Generated 1 VCC(s), 1 remaining after simplification (408 assignments)
No solver specified; defaulting to Boolector
Encoding remaining VCC(s) using bit-vector/floating-point arithmetic
Encoding to solver time: 0.053s
Solving with solver Boolector 3.2.2
Encoding to solver time: 0.053s
Runtime decision procedure: 7.654s
BMC program time: 7.846s
No bug has been found in the base case
*** Checking forward condition, k = 26
Starting Bounded Model Checking
Unwinding loop 2  iteration  1   file sll_length_check-2.i line 576 function sll_create
Unwinding loop 2  iteration  2   file sll_length_check-2.i line 576 function sll_create
Unwinding loop 2  iteration  3   file sll_length_check-2.i line 576 function sll_create
Unwinding loop 2  iteration  4   file sll_length_check-2.i line 576 function sll_create
Unwinding loop 2  iteration  5   file sll_length_check-2.i line 576 function sll_create
Unwinding loop 2  iteration  6   file sll_length_check-2.i line 576 function sll_create
Unwinding loop 2  iteration  7   file sll_length_check-2.i line 576 function sll_create
Unwinding loop 2  iteration  8   file sll_length_check-2.i line 576 function sll_create
Unwinding loop 2  iteration  9   file sll_length_check-2.i line 576 function sll_create
Unwinding loop 2  iteration  10   file sll_length_check-2.i line 576 function sll_create
Unwinding loop 2  iteration  11   file sll_length_check-2.i line 576 function sll_create
Unwinding loop 2  iteration  12   file sll_length_check-2.i line 576 function sll_create
Unwinding loop 2  iteration  13   file sll_length_check-2.i line 576 function sll_create
Unwinding loop 2  iteration  14   file sll_length_check-2.i line 576 function sll_create
Unwinding loop 2  iteration  15   file sll_length_check-2.i line 576 function sll_create
Unwinding loop 2  iteration  16   file sll_length_check-2.i line 576 function sll_create
Unwinding loop 2  iteration  17   file sll_length_check-2.i line 576 function sll_create
Unwinding loop 2  iteration  18   file sll_length_check-2.i line 576 function sll_create
Unwinding loop 2  iteration  19   file sll_length_check-2.i line 576 function sll_create
Unwinding loop 2  iteration  20   file sll_length_check-2.i line 576 function sll_create
Unwinding loop 2  iteration  21   file sll_length_check-2.i line 576 function sll_create
Unwinding loop 2  iteration  22   file sll_length_check-2.i line 576 function sll_create
Unwinding loop 2  iteration  23   file sll_length_check-2.i line 576 function sll_create
Unwinding loop 2  iteration  24   file sll_length_check-2.i line 576 function sll_create
Unwinding loop 2  iteration  25   file sll_length_check-2.i line 576 function sll_create
Not unwinding 
Unwinding loop 3  iteration  1   file sll_length_check-2.i line 589 function sll_length
Unwinding loop 3  iteration  2   file sll_length_check-2.i line 589 function sll_length
Unwinding loop 3  iteration  3   file sll_length_check-2.i line 589 function sll_length
Unwinding loop 3  iteration  4   file sll_length_check-2.i line 589 function sll_length
Unwinding loop 3  iteration  5   file sll_length_check-2.i line 589 function sll_length
Unwinding loop 3  iteration  6   file sll_length_check-2.i line 589 function sll_length
Unwinding loop 3  iteration  7   file sll_length_check-2.i line 589 function sll_length
Unwinding loop 3  iteration  8   file sll_length_check-2.i line 589 function sll_length
Unwinding loop 3  iteration  9   file sll_length_check-2.i line 589 function sll_length
Unwinding loop 3  iteration  10   file sll_length_check-2.i line 589 function sll_length
Unwinding loop 3  iteration  11   file sll_length_check-2.i line 589 function sll_length
Unwinding loop 3  iteration  12   file sll_length_check-2.i line 589 function sll_length
Unwinding loop 3  iteration  13   file sll_length_check-2.i line 589 function sll_length
Unwinding loop 3  iteration  14   file sll_length_check-2.i line 589 function sll_length
Unwinding loop 3  iteration  15   file sll_length_check-2.i line 589 function sll_length
Unwinding loop 3  iteration  16   file sll_length_check-2.i line 589 function sll_length
Unwinding loop 3  iteration  17   file sll_length_check-2.i line 589 function sll_length
Unwinding loop 3  iteration  18   file sll_length_check-2.i line 589 function sll_length
Unwinding loop 3  iteration  19   file sll_length_check-2.i line 589 function sll_length
Unwinding loop 3  iteration  20   file sll_length_check-2.i line 589 function sll_length
Unwinding loop 3  iteration  21   file sll_length_check-2.i line 589 function sll_length
Unwinding loop 3  iteration  22   file sll_length_check-2.i line 589 function sll_length
Unwinding loop 3  iteration  23   file sll_length_check-2.i line 589 function sll_length
Unwinding loop 3  iteration  24   file sll_length_check-2.i line 589 function sll_length
Unwinding loop 3  iteration  25   file sll_length_check-2.i line 589 function sll_length
Not unwinding 
Unwinding loop 4  iteration  1   file sll_length_check-2.i line 596 function sll_destroy
Unwinding loop 4  iteration  2   file sll_length_check-2.i line 596 function sll_destroy
Unwinding loop 4  iteration  3   file sll_length_check-2.i line 596 function sll_destroy
Unwinding loop 4  iteration  4   file sll_length_check-2.i line 596 function sll_destroy
Unwinding loop 4  iteration  5   file sll_length_check-2.i line 596 function sll_destroy
Unwinding loop 4  iteration  6   file sll_length_check-2.i line 596 function sll_destroy
Unwinding loop 4  iteration  7   file sll_length_check-2.i line 596 function sll_destroy
Unwinding loop 4  iteration  8   file sll_length_check-2.i line 596 function sll_destroy
Unwinding loop 4  iteration  9   file sll_length_check-2.i line 596 function sll_destroy
Unwinding loop 4  iteration  10   file sll_length_check-2.i line 596 function sll_destroy
Unwinding loop 4  iteration  11   file sll_length_check-2.i line 596 function sll_destroy
Unwinding loop 4  iteration  12   file sll_length_check-2.i line 596 function sll_destroy
Unwinding loop 4  iteration  13   file sll_length_check-2.i line 596 function sll_destroy
Unwinding loop 4  iteration  14   file sll_length_check-2.i line 596 function sll_destroy
Unwinding loop 4  iteration  15   file sll_length_check-2.i line 596 function sll_destroy
Unwinding loop 4  iteration  16   file sll_length_check-2.i line 596 function sll_destroy
Unwinding loop 4  iteration  17   file sll_length_check-2.i line 596 function sll_destroy
Unwinding loop 4  iteration  18   file sll_length_check-2.i line 596 function sll_destroy
Unwinding loop 4  iteration  19   file sll_length_check-2.i line 596 function sll_destroy
Unwinding loop 4  iteration  20   file sll_length_check-2.i line 596 function sll_destroy
Unwinding loop 4  iteration  21   file sll_length_check-2.i line 596 function sll_destroy
Unwinding loop 4  iteration  22   file sll_length_check-2.i line 596 function sll_destroy
Unwinding loop 4  iteration  23   file sll_length_check-2.i line 596 function sll_destroy
Unwinding loop 4  iteration  24   file sll_length_check-2.i line 596 function sll_destroy
Unwinding loop 4  iteration  25   file sll_length_check-2.i line 596 function sll_destroy
Not unwinding 
Symex completed in: 0.137s (980 assignments)
Slicing time: 0.011s (removed 573 assignments)
Generated 3 VCC(s), 3 remaining after simplification (407 assignments)
No solver specified; defaulting to Boolector
Encoding remaining VCC(s) using bit-vector/floating-point arithmetic
Encoding to solver time: 0.057s
Solving with solver Boolector 3.2.2
Encoding to solver time: 0.057s
Runtime decision procedure: 7.233s
The forward condition is unable to prove the property
*** Checking base case, k = 31
Starting Bounded Model Checking
Unwinding loop 2  iteration  1   file sll_length_check-2.i line 576 function sll_create
Unwinding loop 2  iteration  2   file sll_length_check-2.i line 576 function sll_create
Unwinding loop 2  iteration  3   file sll_length_check-2.i line 576 function sll_create
Unwinding loop 2  iteration  4   file sll_length_check-2.i line 576 function sll_create
Unwinding loop 2  iteration  5   file sll_length_check-2.i line 576 function sll_create
Unwinding loop 2  iteration  6   file sll_length_check-2.i line 576 function sll_create
Unwinding loop 2  iteration  7   file sll_length_check-2.i line 576 function sll_create
Unwinding loop 2  iteration  8   file sll_length_check-2.i line 576 function sll_create
Unwinding loop 2  iteration  9   file sll_length_check-2.i line 576 function sll_create
Unwinding loop 2  iteration  10   file sll_length_check-2.i line 576 function sll_create
Unwinding loop 2  iteration  11   file sll_length_check-2.i line 576 function sll_create
Unwinding loop 2  iteration  12   file sll_length_check-2.i line 576 function sll_create
Unwinding loop 2  iteration  13   file sll_length_check-2.i line 576 function sll_create
Unwinding loop 2  iteration  14   file sll_length_check-2.i line 576 function sll_create
Unwinding loop 2  iteration  15   file sll_length_check-2.i line 576 function sll_create
Unwinding loop 2  iteration  16   file sll_length_check-2.i line 576 function sll_create
Unwinding loop 2  iteration  17   file sll_length_check-2.i line 576 function sll_create
Unwinding loop 2  iteration  18   file sll_length_check-2.i line 576 function sll_create
Unwinding loop 2  iteration  19   file sll_length_check-2.i line 576 function sll_create
Unwinding loop 2  iteration  20   file sll_length_check-2.i line 576 function sll_create
Unwinding loop 2  iteration  21   file sll_length_check-2.i line 576 function sll_create
Unwinding loop 2  iteration  22   file sll_length_check-2.i line 576 function sll_create
Unwinding loop 2  iteration  23   file sll_length_check-2.i line 576 function sll_create
Unwinding loop 2  iteration  24   file sll_length_check-2.i line 576 function sll_create
Unwinding loop 2  iteration  25   file sll_length_check-2.i line 576 function sll_create
Unwinding loop 2  iteration  26   file sll_length_check-2.i line 576 function sll_create
Unwinding loop 2  iteration  27   file sll_length_check-2.i line 576 function sll_create
Unwinding loop 2  iteration  28   file sll_length_check-2.i line 576 function sll_create
Unwinding loop 2  iteration  29   file sll_length_check-2.i line 576 function sll_create
Unwinding loop 2  iteration  30   file sll_length_check-2.i line 576 function sll_create
Not unwinding 
Unwinding loop 3  iteration  1   file sll_length_check-2.i line 589 function sll_length
Unwinding loop 3  iteration  2   file sll_length_check-2.i line 589 function sll_length
Unwinding loop 3  iteration  3   file sll_length_check-2.i line 589 function sll_length
Unwinding loop 3  iteration  4   file sll_length_check-2.i line 589 function sll_length
Unwinding loop 3  iteration  5   file sll_length_check-2.i line 589 function sll_length
Unwinding loop 3  iteration  6   file sll_length_check-2.i line 589 function sll_length
Unwinding loop 3  iteration  7   file sll_length_check-2.i line 589 function sll_length
Unwinding loop 3  iteration  8   file sll_length_check-2.i line 589 function sll_length
Unwinding loop 3  iteration  9   file sll_length_check-2.i line 589 function sll_length
Unwinding loop 3  iteration  10   file sll_length_check-2.i line 589 function sll_length
Unwinding loop 3  iteration  11   file sll_length_check-2.i line 589 function sll_length
Unwinding loop 3  iteration  12   file sll_length_check-2.i line 589 function sll_length
Unwinding loop 3  iteration  13   file sll_length_check-2.i line 589 function sll_length
Unwinding loop 3  iteration  14   file sll_length_check-2.i line 589 function sll_length
Unwinding loop 3  iteration  15   file sll_length_check-2.i line 589 function sll_length
Unwinding loop 3  iteration  16   file sll_length_check-2.i line 589 function sll_length
Unwinding loop 3  iteration  17   file sll_length_check-2.i line 589 function sll_length
Unwinding loop 3  iteration  18   file sll_length_check-2.i line 589 function sll_length
Unwinding loop 3  iteration  19   file sll_length_check-2.i line 589 function sll_length
Unwinding loop 3  iteration  20   file sll_length_check-2.i line 589 function sll_length
Unwinding loop 3  iteration  21   file sll_length_check-2.i line 589 function sll_length
Unwinding loop 3  iteration  22   file sll_length_check-2.i line 589 function sll_length
Unwinding loop 3  iteration  23   file sll_length_check-2.i line 589 function sll_length
Unwinding loop 3  iteration  24   file sll_length_check-2.i line 589 function sll_length
Unwinding loop 3  iteration  25   file sll_length_check-2.i line 589 function sll_length
Unwinding loop 3  iteration  26   file sll_length_check-2.i line 589 function sll_length
Unwinding loop 3  iteration  27   file sll_length_check-2.i line 589 function sll_length
Unwinding loop 3  iteration  28   file sll_length_check-2.i line 589 function sll_length
Unwinding loop 3  iteration  29   file sll_length_check-2.i line 589 function sll_length
Unwinding loop 3  iteration  30   file sll_length_check-2.i line 589 function sll_length
Not unwinding 
Unwinding loop 4  iteration  1   file sll_length_check-2.i line 596 function sll_destroy
Unwinding loop 4  iteration  2   file sll_length_check-2.i line 596 function sll_destroy
Unwinding loop 4  iteration  3   file sll_length_check-2.i line 596 function sll_destroy
Unwinding loop 4  iteration  4   file sll_length_check-2.i line 596 function sll_destroy
Unwinding loop 4  iteration  5   file sll_length_check-2.i line 596 function sll_destroy
Unwinding loop 4  iteration  6   file sll_length_check-2.i line 596 function sll_destroy
Unwinding loop 4  iteration  7   file sll_length_check-2.i line 596 function sll_destroy
Unwinding loop 4  iteration  8   file sll_length_check-2.i line 596 function sll_destroy
Unwinding loop 4  iteration  9   file sll_length_check-2.i line 596 function sll_destroy
Unwinding loop 4  iteration  10   file sll_length_check-2.i line 596 function sll_destroy
Unwinding loop 4  iteration  11   file sll_length_check-2.i line 596 function sll_destroy
Unwinding loop 4  iteration  12   file sll_length_check-2.i line 596 function sll_destroy
Unwinding loop 4  iteration  13   file sll_length_check-2.i line 596 function sll_destroy
Unwinding loop 4  iteration  14   file sll_length_check-2.i line 596 function sll_destroy
Unwinding loop 4  iteration  15   file sll_length_check-2.i line 596 function sll_destroy
Unwinding loop 4  iteration  16   file sll_length_check-2.i line 596 function sll_destroy
Unwinding loop 4  iteration  17   file sll_length_check-2.i line 596 function sll_destroy
Unwinding loop 4  iteration  18   file sll_length_check-2.i line 596 function sll_destroy
Unwinding loop 4  iteration  19   file sll_length_check-2.i line 596 function sll_destroy
Unwinding loop 4  iteration  20   file sll_length_check-2.i line 596 function sll_destroy
Unwinding loop 4  iteration  21   file sll_length_check-2.i line 596 function sll_destroy
Unwinding loop 4  iteration  22   file sll_length_check-2.i line 596 function sll_destroy
Unwinding loop 4  iteration  23   file sll_length_check-2.i line 596 function sll_destroy
Unwinding loop 4  iteration  24   file sll_length_check-2.i line 596 function sll_destroy
Unwinding loop 4  iteration  25   file sll_length_check-2.i line 596 function sll_destroy
Unwinding loop 4  iteration  26   file sll_length_check-2.i line 596 function sll_destroy
Unwinding loop 4  iteration  27   file sll_length_check-2.i line 596 function sll_destroy
Unwinding loop 4  iteration  28   file sll_length_check-2.i line 596 function sll_destroy
Unwinding loop 4  iteration  29   file sll_length_check-2.i line 596 function sll_destroy
Unwinding loop 4  iteration  30   file sll_length_check-2.i line 596 function sll_destroy
Not unwinding 
Symex completed in: 0.185s (1141 assignments)
Slicing time: 0.013s (removed 673 assignments)
Generated 1 VCC(s), 1 remaining after simplification (468 assignments)
No solver specified; defaulting to Boolector
Encoding remaining VCC(s) using bit-vector/floating-point arithmetic
Encoding to solver time: 0.079s
Solving with solver Boolector 3.2.2
Encoding to solver time: 0.079s
Runtime decision procedure: 11.157s
BMC program time: 11.435s
No bug has been found in the base case
*** Checking forward condition, k = 31
Starting Bounded Model Checking
Unwinding loop 2  iteration  1   file sll_length_check-2.i line 576 function sll_create
Unwinding loop 2  iteration  2   file sll_length_check-2.i line 576 function sll_create
Unwinding loop 2  iteration  3   file sll_length_check-2.i line 576 function sll_create
Unwinding loop 2  iteration  4   file sll_length_check-2.i line 576 function sll_create
Unwinding loop 2  iteration  5   file sll_length_check-2.i line 576 function sll_create
Unwinding loop 2  iteration  6   file sll_length_check-2.i line 576 function sll_create
Unwinding loop 2  iteration  7   file sll_length_check-2.i line 576 function sll_create
Unwinding loop 2  iteration  8   file sll_length_check-2.i line 576 function sll_create
Unwinding loop 2  iteration  9   file sll_length_check-2.i line 576 function sll_create
Unwinding loop 2  iteration  10   file sll_length_check-2.i line 576 function sll_create
Unwinding loop 2  iteration  11   file sll_length_check-2.i line 576 function sll_create
Unwinding loop 2  iteration  12   file sll_length_check-2.i line 576 function sll_create
Unwinding loop 2  iteration  13   file sll_length_check-2.i line 576 function sll_create
Unwinding loop 2  iteration  14   file sll_length_check-2.i line 576 function sll_create
Unwinding loop 2  iteration  15   file sll_length_check-2.i line 576 function sll_create
Unwinding loop 2  iteration  16   file sll_length_check-2.i line 576 function sll_create
Unwinding loop 2  iteration  17   file sll_length_check-2.i line 576 function sll_create
Unwinding loop 2  iteration  18   file sll_length_check-2.i line 576 function sll_create
Unwinding loop 2  iteration  19   file sll_length_check-2.i line 576 function sll_create
Unwinding loop 2  iteration  20   file sll_length_check-2.i line 576 function sll_create
Unwinding loop 2  iteration  21   file sll_length_check-2.i line 576 function sll_create
Unwinding loop 2  iteration  22   file sll_length_check-2.i line 576 function sll_create
Unwinding loop 2  iteration  23   file sll_length_check-2.i line 576 function sll_create
Unwinding loop 2  iteration  24   file sll_length_check-2.i line 576 function sll_create
Unwinding loop 2  iteration  25   file sll_length_check-2.i line 576 function sll_create
Unwinding loop 2  iteration  26   file sll_length_check-2.i line 576 function sll_create
Unwinding loop 2  iteration  27   file sll_length_check-2.i line 576 function sll_create
Unwinding loop 2  iteration  28   file sll_length_check-2.i line 576 function sll_create
Unwinding loop 2  iteration  29   file sll_length_check-2.i line 576 function sll_create
Unwinding loop 2  iteration  30   file sll_length_check-2.i line 576 function sll_create
Not unwinding 
Unwinding loop 3  iteration  1   file sll_length_check-2.i line 589 function sll_length
Unwinding loop 3  iteration  2   file sll_length_check-2.i line 589 function sll_length
Unwinding loop 3  iteration  3   file sll_length_check-2.i line 589 function sll_length
Unwinding loop 3  iteration  4   file sll_length_check-2.i line 589 function sll_length
Unwinding loop 3  iteration  5   file sll_length_check-2.i line 589 function sll_length
Unwinding loop 3  iteration  6   file sll_length_check-2.i line 589 function sll_length
Unwinding loop 3  iteration  7   file sll_length_check-2.i line 589 function sll_length
Unwinding loop 3  iteration  8   file sll_length_check-2.i line 589 function sll_length
Unwinding loop 3  iteration  9   file sll_length_check-2.i line 589 function sll_length
Unwinding loop 3  iteration  10   file sll_length_check-2.i line 589 function sll_length
Unwinding loop 3  iteration  11   file sll_length_check-2.i line 589 function sll_length
Unwinding loop 3  iteration  12   file sll_length_check-2.i line 589 function sll_length
Unwinding loop 3  iteration  13   file sll_length_check-2.i line 589 function sll_length
Unwinding loop 3  iteration  14   file sll_length_check-2.i line 589 function sll_length
Unwinding loop 3  iteration  15   file sll_length_check-2.i line 589 function sll_length
Unwinding loop 3  iteration  16   file sll_length_check-2.i line 589 function sll_length
Unwinding loop 3  iteration  17   file sll_length_check-2.i line 589 function sll_length
Unwinding loop 3  iteration  18   file sll_length_check-2.i line 589 function sll_length
Unwinding loop 3  iteration  19   file sll_length_check-2.i line 589 function sll_length
Unwinding loop 3  iteration  20   file sll_length_check-2.i line 589 function sll_length
Unwinding loop 3  iteration  21   file sll_length_check-2.i line 589 function sll_length
Unwinding loop 3  iteration  22   file sll_length_check-2.i line 589 function sll_length
Unwinding loop 3  iteration  23   file sll_length_check-2.i line 589 function sll_length
Unwinding loop 3  iteration  24   file sll_length_check-2.i line 589 function sll_length
Unwinding loop 3  iteration  25   file sll_length_check-2.i line 589 function sll_length
Unwinding loop 3  iteration  26   file sll_length_check-2.i line 589 function sll_length
Unwinding loop 3  iteration  27   file sll_length_check-2.i line 589 function sll_length
Unwinding loop 3  iteration  28   file sll_length_check-2.i line 589 function sll_length
Unwinding loop 3  iteration  29   file sll_length_check-2.i line 589 function sll_length
Unwinding loop 3  iteration  30   file sll_length_check-2.i line 589 function sll_length
Not unwinding 
Unwinding loop 4  iteration  1   file sll_length_check-2.i line 596 function sll_destroy
Unwinding loop 4  iteration  2   file sll_length_check-2.i line 596 function sll_destroy
Unwinding loop 4  iteration  3   file sll_length_check-2.i line 596 function sll_destroy
Unwinding loop 4  iteration  4   file sll_length_check-2.i line 596 function sll_destroy
Unwinding loop 4  iteration  5   file sll_length_check-2.i line 596 function sll_destroy
Unwinding loop 4  iteration  6   file sll_length_check-2.i line 596 function sll_destroy
Unwinding loop 4  iteration  7   file sll_length_check-2.i line 596 function sll_destroy
Unwinding loop 4  iteration  8   file sll_length_check-2.i line 596 function sll_destroy
Unwinding loop 4  iteration  9   file sll_length_check-2.i line 596 function sll_destroy
Unwinding loop 4  iteration  10   file sll_length_check-2.i line 596 function sll_destroy
Unwinding loop 4  iteration  11   file sll_length_check-2.i line 596 function sll_destroy
Unwinding loop 4  iteration  12   file sll_length_check-2.i line 596 function sll_destroy
Unwinding loop 4  iteration  13   file sll_length_check-2.i line 596 function sll_destroy
Unwinding loop 4  iteration  14   file sll_length_check-2.i line 596 function sll_destroy
Unwinding loop 4  iteration  15   file sll_length_check-2.i line 596 function sll_destroy
Unwinding loop 4  iteration  16   file sll_length_check-2.i line 596 function sll_destroy
Unwinding loop 4  iteration  17   file sll_length_check-2.i line 596 function sll_destroy
Unwinding loop 4  iteration  18   file sll_length_check-2.i line 596 function sll_destroy
Unwinding loop 4  iteration  19   file sll_length_check-2.i line 596 function sll_destroy
Unwinding loop 4  iteration  20   file sll_length_check-2.i line 596 function sll_destroy
Unwinding loop 4  iteration  21   file sll_length_check-2.i line 596 function sll_destroy
Unwinding loop 4  iteration  22   file sll_length_check-2.i line 596 function sll_destroy
Unwinding loop 4  iteration  23   file sll_length_check-2.i line 596 function sll_destroy
Unwinding loop 4  iteration  24   file sll_length_check-2.i line 596 function sll_destroy
Unwinding loop 4  iteration  25   file sll_length_check-2.i line 596 function sll_destroy
Unwinding loop 4  iteration  26   file sll_length_check-2.i line 596 function sll_destroy
Unwinding loop 4  iteration  27   file sll_length_check-2.i line 596 function sll_destroy
Unwinding loop 4  iteration  28   file sll_length_check-2.i line 596 function sll_destroy
Unwinding loop 4  iteration  29   file sll_length_check-2.i line 596 function sll_destroy
Unwinding loop 4  iteration  30   file sll_length_check-2.i line 596 function sll_destroy
Not unwinding 
Symex completed in: 0.188s (1140 assignments)
Slicing time: 0.015s (removed 673 assignments)
Generated 3 VCC(s), 3 remaining after simplification (467 assignments)
No solver specified; defaulting to Boolector
Encoding remaining VCC(s) using bit-vector/floating-point arithmetic
Encoding to solver time: 0.081s
Solving with solver Boolector 3.2.2
Encoding to solver time: 0.081s
Runtime decision procedure: 10.320s
The forward condition is unable to prove the property
*** Checking base case, k = 36
Starting Bounded Model Checking
Unwinding loop 2  iteration  1   file sll_length_check-2.i line 576 function sll_create
Unwinding loop 2  iteration  2   file sll_length_check-2.i line 576 function sll_create
Unwinding loop 2  iteration  3   file sll_length_check-2.i line 576 function sll_create
Unwinding loop 2  iteration  4   file sll_length_check-2.i line 576 function sll_create
Unwinding loop 2  iteration  5   file sll_length_check-2.i line 576 function sll_create
Unwinding loop 2  iteration  6   file sll_length_check-2.i line 576 function sll_create
Unwinding loop 2  iteration  7   file sll_length_check-2.i line 576 function sll_create
Unwinding loop 2  iteration  8   file sll_length_check-2.i line 576 function sll_create
Unwinding loop 2  iteration  9   file sll_length_check-2.i line 576 function sll_create
Unwinding loop 2  iteration  10   file sll_length_check-2.i line 576 function sll_create
Unwinding loop 2  iteration  11   file sll_length_check-2.i line 576 function sll_create
Unwinding loop 2  iteration  12   file sll_length_check-2.i line 576 function sll_create
Unwinding loop 2  iteration  13   file sll_length_check-2.i line 576 function sll_create
Unwinding loop 2  iteration  14   file sll_length_check-2.i line 576 function sll_create
Unwinding loop 2  iteration  15   file sll_length_check-2.i line 576 function sll_create
Unwinding loop 2  iteration  16   file sll_length_check-2.i line 576 function sll_create
Unwinding loop 2  iteration  17   file sll_length_check-2.i line 576 function sll_create
Unwinding loop 2  iteration  18   file sll_length_check-2.i line 576 function sll_create
Unwinding loop 2  iteration  19   file sll_length_check-2.i line 576 function sll_create
Unwinding loop 2  iteration  20   file sll_length_check-2.i line 576 function sll_create
Unwinding loop 2  iteration  21   file sll_length_check-2.i line 576 function sll_create
Unwinding loop 2  iteration  22   file sll_length_check-2.i line 576 function sll_create
Unwinding loop 2  iteration  23   file sll_length_check-2.i line 576 function sll_create
Unwinding loop 2  iteration  24   file sll_length_check-2.i line 576 function sll_create
Unwinding loop 2  iteration  25   file sll_length_check-2.i line 576 function sll_create
Unwinding loop 2  iteration  26   file sll_length_check-2.i line 576 function sll_create
Unwinding loop 2  iteration  27   file sll_length_check-2.i line 576 function sll_create
Unwinding loop 2  iteration  28   file sll_length_check-2.i line 576 function sll_create
Unwinding loop 2  iteration  29   file sll_length_check-2.i line 576 function sll_create
Unwinding loop 2  iteration  30   file sll_length_check-2.i line 576 function sll_create
Unwinding loop 2  iteration  31   file sll_length_check-2.i line 576 function sll_create
Unwinding loop 2  iteration  32   file sll_length_check-2.i line 576 function sll_create
Unwinding loop 2  iteration  33   file sll_length_check-2.i line 576 function sll_create
Unwinding loop 2  iteration  34   file sll_length_check-2.i line 576 function sll_create
Unwinding loop 2  iteration  35   file sll_length_check-2.i line 576 function sll_create
Not unwinding 
Unwinding loop 3  iteration  1   file sll_length_check-2.i line 589 function sll_length
Unwinding loop 3  iteration  2   file sll_length_check-2.i line 589 function sll_length
Unwinding loop 3  iteration  3   file sll_length_check-2.i line 589 function sll_length
Unwinding loop 3  iteration  4   file sll_length_check-2.i line 589 function sll_length
Unwinding loop 3  iteration  5   file sll_length_check-2.i line 589 function sll_length
Unwinding loop 3  iteration  6   file sll_length_check-2.i line 589 function sll_length
Unwinding loop 3  iteration  7   file sll_length_check-2.i line 589 function sll_length
Unwinding loop 3  iteration  8   file sll_length_check-2.i line 589 function sll_length
Unwinding loop 3  iteration  9   file sll_length_check-2.i line 589 function sll_length
Unwinding loop 3  iteration  10   file sll_length_check-2.i line 589 function sll_length
Unwinding loop 3  iteration  11   file sll_length_check-2.i line 589 function sll_length
Unwinding loop 3  iteration  12   file sll_length_check-2.i line 589 function sll_length
Unwinding loop 3  iteration  13   file sll_length_check-2.i line 589 function sll_length
Unwinding loop 3  iteration  14   file sll_length_check-2.i line 589 function sll_length
Unwinding loop 3  iteration  15   file sll_length_check-2.i line 589 function sll_length
Unwinding loop 3  iteration  16   file sll_length_check-2.i line 589 function sll_length
Unwinding loop 3  iteration  17   file sll_length_check-2.i line 589 function sll_length
Unwinding loop 3  iteration  18   file sll_length_check-2.i line 589 function sll_length
Unwinding loop 3  iteration  19   file sll_length_check-2.i line 589 function sll_length
Unwinding loop 3  iteration  20   file sll_length_check-2.i line 589 function sll_length
Unwinding loop 3  iteration  21   file sll_length_check-2.i line 589 function sll_length
Unwinding loop 3  iteration  22   file sll_length_check-2.i line 589 function sll_length
Unwinding loop 3  iteration  23   file sll_length_check-2.i line 589 function sll_length
Unwinding loop 3  iteration  24   file sll_length_check-2.i line 589 function sll_length
Unwinding loop 3  iteration  25   file sll_length_check-2.i line 589 function sll_length
Unwinding loop 3  iteration  26   file sll_length_check-2.i line 589 function sll_length
Unwinding loop 3  iteration  27   file sll_length_check-2.i line 589 function sll_length
Unwinding loop 3  iteration  28   file sll_length_check-2.i line 589 function sll_length
Unwinding loop 3  iteration  29   file sll_length_check-2.i line 589 function sll_length
Unwinding loop 3  iteration  30   file sll_length_check-2.i line 589 function sll_length
Unwinding loop 3  iteration  31   file sll_length_check-2.i line 589 function sll_length
Unwinding loop 3  iteration  32   file sll_length_check-2.i line 589 function sll_length
Unwinding loop 3  iteration  33   file sll_length_check-2.i line 589 function sll_length
Unwinding loop 3  iteration  34   file sll_length_check-2.i line 589 function sll_length
Unwinding loop 3  iteration  35   file sll_length_check-2.i line 589 function sll_length
Not unwinding 
Unwinding loop 4  iteration  1   file sll_length_check-2.i line 596 function sll_destroy
Unwinding loop 4  iteration  2   file sll_length_check-2.i line 596 function sll_destroy
Unwinding loop 4  iteration  3   file sll_length_check-2.i line 596 function sll_destroy
Unwinding loop 4  iteration  4   file sll_length_check-2.i line 596 function sll_destroy
Unwinding loop 4  iteration  5   file sll_length_check-2.i line 596 function sll_destroy
Unwinding loop 4  iteration  6   file sll_length_check-2.i line 596 function sll_destroy
Unwinding loop 4  iteration  7   file sll_length_check-2.i line 596 function sll_destroy
Unwinding loop 4  iteration  8   file sll_length_check-2.i line 596 function sll_destroy
Unwinding loop 4  iteration  9   file sll_length_check-2.i line 596 function sll_destroy
Unwinding loop 4  iteration  10   file sll_length_check-2.i line 596 function sll_destroy
Unwinding loop 4  iteration  11   file sll_length_check-2.i line 596 function sll_destroy
Unwinding loop 4  iteration  12   file sll_length_check-2.i line 596 function sll_destroy
Unwinding loop 4  iteration  13   file sll_length_check-2.i line 596 function sll_destroy
Unwinding loop 4  iteration  14   file sll_length_check-2.i line 596 function sll_destroy
Unwinding loop 4  iteration  15   file sll_length_check-2.i line 596 function sll_destroy
Unwinding loop 4  iteration  16   file sll_length_check-2.i line 596 function sll_destroy
Unwinding loop 4  iteration  17   file sll_length_check-2.i line 596 function sll_destroy
Unwinding loop 4  iteration  18   file sll_length_check-2.i line 596 function sll_destroy
Unwinding loop 4  iteration  19   file sll_length_check-2.i line 596 function sll_destroy
Unwinding loop 4  iteration  20   file sll_length_check-2.i line 596 function sll_destroy
Unwinding loop 4  iteration  21   file sll_length_check-2.i line 596 function sll_destroy
Unwinding loop 4  iteration  22   file sll_length_check-2.i line 596 function sll_destroy
Unwinding loop 4  iteration  23   file sll_length_check-2.i line 596 function sll_destroy
Unwinding loop 4  iteration  24   file sll_length_check-2.i line 596 function sll_destroy
Unwinding loop 4  iteration  25   file sll_length_check-2.i line 596 function sll_destroy
Unwinding loop 4  iteration  26   file sll_length_check-2.i line 596 function sll_destroy
Unwinding loop 4  iteration  27   file sll_length_check-2.i line 596 function sll_destroy
Unwinding loop 4  iteration  28   file sll_length_check-2.i line 596 function sll_destroy
Unwinding loop 4  iteration  29   file sll_length_check-2.i line 596 function sll_destroy
Unwinding loop 4  iteration  30   file sll_length_check-2.i line 596 function sll_destroy
Unwinding loop 4  iteration  31   file sll_length_check-2.i line 596 function sll_destroy
Unwinding loop 4  iteration  32   file sll_length_check-2.i line 596 function sll_destroy
Unwinding loop 4  iteration  33   file sll_length_check-2.i line 596 function sll_destroy
Unwinding loop 4  iteration  34   file sll_length_check-2.i line 596 function sll_destroy
Unwinding loop 4  iteration  35   file sll_length_check-2.i line 596 function sll_destroy
Not unwinding 
Symex completed in: 0.261s (1301 assignments)
Slicing time: 0.018s (removed 773 assignments)
Generated 1 VCC(s), 1 remaining after simplification (528 assignments)
No solver specified; defaulting to Boolector
Encoding remaining VCC(s) using bit-vector/floating-point arithmetic
Encoding to solver time: 0.106s
Solving with solver Boolector 3.2.2
Encoding to solver time: 0.106s
Runtime decision procedure: 14.904s
BMC program time: 15.290s
No bug has been found in the base case
*** Checking forward condition, k = 36
Starting Bounded Model Checking
Unwinding loop 2  iteration  1   file sll_length_check-2.i line 576 function sll_create
Unwinding loop 2  iteration  2   file sll_length_check-2.i line 576 function sll_create
Unwinding loop 2  iteration  3   file sll_length_check-2.i line 576 function sll_create
Unwinding loop 2  iteration  4   file sll_length_check-2.i line 576 function sll_create
Unwinding loop 2  iteration  5   file sll_length_check-2.i line 576 function sll_create
Unwinding loop 2  iteration  6   file sll_length_check-2.i line 576 function sll_create
Unwinding loop 2  iteration  7   file sll_length_check-2.i line 576 function sll_create
Unwinding loop 2  iteration  8   file sll_length_check-2.i line 576 function sll_create
Unwinding loop 2  iteration  9   file sll_length_check-2.i line 576 function sll_create
Unwinding loop 2  iteration  10   file sll_length_check-2.i line 576 function sll_create
Unwinding loop 2  iteration  11   file sll_length_check-2.i line 576 function sll_create
Unwinding loop 2  iteration  12   file sll_length_check-2.i line 576 function sll_create
Unwinding loop 2  iteration  13   file sll_length_check-2.i line 576 function sll_create
Unwinding loop 2  iteration  14   file sll_length_check-2.i line 576 function sll_create
Unwinding loop 2  iteration  15   file sll_length_check-2.i line 576 function sll_create
Unwinding loop 2  iteration  16   file sll_length_check-2.i line 576 function sll_create
Unwinding loop 2  iteration  17   file sll_length_check-2.i line 576 function sll_create
Unwinding loop 2  iteration  18   file sll_length_check-2.i line 576 function sll_create
Unwinding loop 2  iteration  19   file sll_length_check-2.i line 576 function sll_create
Unwinding loop 2  iteration  20   file sll_length_check-2.i line 576 function sll_create
Unwinding loop 2  iteration  21   file sll_length_check-2.i line 576 function sll_create
Unwinding loop 2  iteration  22   file sll_length_check-2.i line 576 function sll_create
Unwinding loop 2  iteration  23   file sll_length_check-2.i line 576 function sll_create
Unwinding loop 2  iteration  24   file sll_length_check-2.i line 576 function sll_create
Unwinding loop 2  iteration  25   file sll_length_check-2.i line 576 function sll_create
Unwinding loop 2  iteration  26   file sll_length_check-2.i line 576 function sll_create
Unwinding loop 2  iteration  27   file sll_length_check-2.i line 576 function sll_create
Unwinding loop 2  iteration  28   file sll_length_check-2.i line 576 function sll_create
Unwinding loop 2  iteration  29   file sll_length_check-2.i line 576 function sll_create
Unwinding loop 2  iteration  30   file sll_length_check-2.i line 576 function sll_create
Unwinding loop 2  iteration  31   file sll_length_check-2.i line 576 function sll_create
Unwinding loop 2  iteration  32   file sll_length_check-2.i line 576 function sll_create
Unwinding loop 2  iteration  33   file sll_length_check-2.i line 576 function sll_create
Unwinding loop 2  iteration  34   file sll_length_check-2.i line 576 function sll_create
Unwinding loop 2  iteration  35   file sll_length_check-2.i line 576 function sll_create
Not unwinding 
Unwinding loop 3  iteration  1   file sll_length_check-2.i line 589 function sll_length
Unwinding loop 3  iteration  2   file sll_length_check-2.i line 589 function sll_length
Unwinding loop 3  iteration  3   file sll_length_check-2.i line 589 function sll_length
Unwinding loop 3  iteration  4   file sll_length_check-2.i line 589 function sll_length
Unwinding loop 3  iteration  5   file sll_length_check-2.i line 589 function sll_length
Unwinding loop 3  iteration  6   file sll_length_check-2.i line 589 function sll_length
Unwinding loop 3  iteration  7   file sll_length_check-2.i line 589 function sll_length
Unwinding loop 3  iteration  8   file sll_length_check-2.i line 589 function sll_length
Unwinding loop 3  iteration  9   file sll_length_check-2.i line 589 function sll_length
Unwinding loop 3  iteration  10   file sll_length_check-2.i line 589 function sll_length
Unwinding loop 3  iteration  11   file sll_length_check-2.i line 589 function sll_length
Unwinding loop 3  iteration  12   file sll_length_check-2.i line 589 function sll_length
Unwinding loop 3  iteration  13   file sll_length_check-2.i line 589 function sll_length
Unwinding loop 3  iteration  14   file sll_length_check-2.i line 589 function sll_length
Unwinding loop 3  iteration  15   file sll_length_check-2.i line 589 function sll_length
Unwinding loop 3  iteration  16   file sll_length_check-2.i line 589 function sll_length
Unwinding loop 3  iteration  17   file sll_length_check-2.i line 589 function sll_length
Unwinding loop 3  iteration  18   file sll_length_check-2.i line 589 function sll_length
Unwinding loop 3  iteration  19   file sll_length_check-2.i line 589 function sll_length
Unwinding loop 3  iteration  20   file sll_length_check-2.i line 589 function sll_length
Unwinding loop 3  iteration  21   file sll_length_check-2.i line 589 function sll_length
Unwinding loop 3  iteration  22   file sll_length_check-2.i line 589 function sll_length
Unwinding loop 3  iteration  23   file sll_length_check-2.i line 589 function sll_length
Unwinding loop 3  iteration  24   file sll_length_check-2.i line 589 function sll_length
Unwinding loop 3  iteration  25   file sll_length_check-2.i line 589 function sll_length
Unwinding loop 3  iteration  26   file sll_length_check-2.i line 589 function sll_length
Unwinding loop 3  iteration  27   file sll_length_check-2.i line 589 function sll_length
Unwinding loop 3  iteration  28   file sll_length_check-2.i line 589 function sll_length
Unwinding loop 3  iteration  29   file sll_length_check-2.i line 589 function sll_length
Unwinding loop 3  iteration  30   file sll_length_check-2.i line 589 function sll_length
Unwinding loop 3  iteration  31   file sll_length_check-2.i line 589 function sll_length
Unwinding loop 3  iteration  32   file sll_length_check-2.i line 589 function sll_length
Unwinding loop 3  iteration  33   file sll_length_check-2.i line 589 function sll_length
Unwinding loop 3  iteration  34   file sll_length_check-2.i line 589 function sll_length
Unwinding loop 3  iteration  35   file sll_length_check-2.i line 589 function sll_length
Not unwinding 
Unwinding loop 4  iteration  1   file sll_length_check-2.i line 596 function sll_destroy
Unwinding loop 4  iteration  2   file sll_length_check-2.i line 596 function sll_destroy
Unwinding loop 4  iteration  3   file sll_length_check-2.i line 596 function sll_destroy
Unwinding loop 4  iteration  4   file sll_length_check-2.i line 596 function sll_destroy
Unwinding loop 4  iteration  5   file sll_length_check-2.i line 596 function sll_destroy
Unwinding loop 4  iteration  6   file sll_length_check-2.i line 596 function sll_destroy
Unwinding loop 4  iteration  7   file sll_length_check-2.i line 596 function sll_destroy
Unwinding loop 4  iteration  8   file sll_length_check-2.i line 596 function sll_destroy
Unwinding loop 4  iteration  9   file sll_length_check-2.i line 596 function sll_destroy
Unwinding loop 4  iteration  10   file sll_length_check-2.i line 596 function sll_destroy
Unwinding loop 4  iteration  11   file sll_length_check-2.i line 596 function sll_destroy
Unwinding loop 4  iteration  12   file sll_length_check-2.i line 596 function sll_destroy
Unwinding loop 4  iteration  13   file sll_length_check-2.i line 596 function sll_destroy
Unwinding loop 4  iteration  14   file sll_length_check-2.i line 596 function sll_destroy
Unwinding loop 4  iteration  15   file sll_length_check-2.i line 596 function sll_destroy
Unwinding loop 4  iteration  16   file sll_length_check-2.i line 596 function sll_destroy
Unwinding loop 4  iteration  17   file sll_length_check-2.i line 596 function sll_destroy
Unwinding loop 4  iteration  18   file sll_length_check-2.i line 596 function sll_destroy
Unwinding loop 4  iteration  19   file sll_length_check-2.i line 596 function sll_destroy
Unwinding loop 4  iteration  20   file sll_length_check-2.i line 596 function sll_destroy
Unwinding loop 4  iteration  21   file sll_length_check-2.i line 596 function sll_destroy
Unwinding loop 4  iteration  22   file sll_length_check-2.i line 596 function sll_destroy
Unwinding loop 4  iteration  23   file sll_length_check-2.i line 596 function sll_destroy
Unwinding loop 4  iteration  24   file sll_length_check-2.i line 596 function sll_destroy
Unwinding loop 4  iteration  25   file sll_length_check-2.i line 596 function sll_destroy
Unwinding loop 4  iteration  26   file sll_length_check-2.i line 596 function sll_destroy
Unwinding loop 4  iteration  27   file sll_length_check-2.i line 596 function sll_destroy
Unwinding loop 4  iteration  28   file sll_length_check-2.i line 596 function sll_destroy
Unwinding loop 4  iteration  29   file sll_length_check-2.i line 596 function sll_destroy
Unwinding loop 4  iteration  30   file sll_length_check-2.i line 596 function sll_destroy
Unwinding loop 4  iteration  31   file sll_length_check-2.i line 596 function sll_destroy
Unwinding loop 4  iteration  32   file sll_length_check-2.i line 596 function sll_destroy
Unwinding loop 4  iteration  33   file sll_length_check-2.i line 596 function sll_destroy
Unwinding loop 4  iteration  34   file sll_length_check-2.i line 596 function sll_destroy
Unwinding loop 4  iteration  35   file sll_length_check-2.i line 596 function sll_destroy
Not unwinding 
Symex completed in: 0.263s (1300 assignments)
Slicing time: 0.018s (removed 773 assignments)
Generated 3 VCC(s), 3 remaining after simplification (527 assignments)
No solver specified; defaulting to Boolector
Encoding remaining VCC(s) using bit-vector/floating-point arithmetic
Encoding to solver time: 0.111s
Solving with solver Boolector 3.2.2
Encoding to solver time: 0.111s
Runtime decision procedure: 0.601s
BMC program time: 0.994s
Building successful trace

VERIFICATION SUCCESSFUL

Solution found by the forward condition; all states are reachable (k = 36


TRUE
