./esbmc-wrapper.py -p ../sv-benchmarks/c/properties/unreach-call.prp -s kinduction --arch 64 ../sv-benchmarks/c/ldv-linux-4.0-rc1-mav/linux-4.0-rc1---drivers--xen--xen-pciback--xen-pciback.ko.cil.i


--------------------------------------------------------------------------------


Verifying with ESBMC
Command: ./esbmc --no-div-by-zero-check --force-malloc-success --state-hashing --add-symex-value-sets --no-align-check --k-step 5 --floatbv --unlimited-k-steps ../sv-benchmarks/c/ldv-linux-4.0-rc1-mav/linux-4.0-rc1---drivers--xen--xen-pciback--xen-pciback.ko.cil.i --64 --witness-output linux-4.0-rc1---drivers--xen--xen-pciback--xen-pciback.ko.cil.i.graphml --no-pointer-check --no-bounds-check --interval-analysis --goto-unwind --unlimited-goto-unwind --k-induction --max-inductive-step 3 
ESBMC version 6.8.0 64-bit x86_64 linux
Target: 64-bit little-endian x86_64-unknown-linux with esbmc libc
file ../sv-benchmarks/c/ldv-linux-4.0-rc1-mav/linux-4.0-rc1---drivers--xen--xen-pciback--xen-pciback.ko.cil.i: Parsing
Converting
Generating GOTO Program
GOTO program creation time: 2.084s
GOTO program processing time: 1.051s
*** Checking base case, k = 1
Starting Bounded Model Checking
**** WARNING: no body for function sscanf
**** WARNING: no body for function sscanf
**** WARNING: no body for function sscanf
**** WARNING: no body for function sscanf
**** WARNING: no body for function sscanf
**** WARNING: no body for function sscanf
Not unwinding 
Not unwinding 
Not unwinding 
Not unwinding 
Not unwinding 
Not unwinding 
Not unwinding 
Not unwinding 
Not unwinding 
Not unwinding 
Not unwinding 
Not unwinding 
Not unwinding 
Not unwinding 
Not unwinding 
Not unwinding 
Not unwinding 
Not unwinding 
Not unwinding 
No target candidate for function call *publish_cb
Not unwinding 
Not unwinding 
Not unwinding 
Not unwinding 
Not unwinding 
Not unwinding 
Not unwinding 
**** WARNING: no body for function sscanf
**** WARNING: no body for function sscanf
**** WARNING: no body for function sscanf
**** WARNING: no body for function sscanf
**** WARNING: no body for function sscanf
**** WARNING: no body for function sscanf
Not unwinding 
Not unwinding 
**** WARNING: no body for function sscanf
**** WARNING: no body for function sscanf
Not unwinding 
Not unwinding 
**** WARNING: no body for function sscanf
**** WARNING: no body for function sscanf
**** WARNING: no body for function sscanf
**** WARNING: no body for function sscanf
**** WARNING: no body for function sscanf
**** WARNING: no body for function sscanf
Not unwinding 
Not unwinding 
**** WARNING: no body for function sscanf
**** WARNING: no body for function sscanf
**** WARNING: no body for function sscanf
**** WARNING: no body for function sscanf
**** WARNING: no body for function sscanf
**** WARNING: no body for function sscanf
Not unwinding 
Not unwinding 
**** WARNING: no body for function sscanf
**** WARNING: no body for function sscanf
**** WARNING: no body for function sscanf
**** WARNING: no body for function sscanf
**** WARNING: no body for function sscanf
**** WARNING: no body for function sscanf
Not unwinding 
Not unwinding 
**** WARNING: no body for function sscanf
**** WARNING: no body for function sscanf
**** WARNING: no body for function sscanf
**** WARNING: no body for function sscanf
**** WARNING: no body for function sscanf
**** WARNING: no body for function sscanf
Not unwinding 
Not unwinding 
Not unwinding 
Not unwinding 
Not unwinding 
Not unwinding 
Not unwinding 
Not unwinding 
Not unwinding 
Not unwinding 
Not unwinding 
Not unwinding 
Not unwinding 
Symex completed in: 2.841s (5325 assignments)
Slicing time: 0.019s (removed 4208 assignments)
Generated 0 VCC(s), 0 remaining after simplification (1117 assignments)
BMC program time: 2.860s
No bug has been found in the base case
*** Checking forward condition, k = 1
Starting Bounded Model Checking
**** WARNING: no body for function sscanf
**** WARNING: no body for function sscanf
**** WARNING: no body for function sscanf
**** WARNING: no body for function sscanf
**** WARNING: no body for function sscanf
**** WARNING: no body for function sscanf
Not unwinding 
Not unwinding 
Not unwinding 
Not unwinding 
Not unwinding 
Not unwinding 
Not unwinding 
Not unwinding 
Not unwinding 
Not unwinding 
Not unwinding 
Not unwinding 
Not unwinding 
Not unwinding 
Not unwinding 
Not unwinding 
Not unwinding 
Not unwinding 
Not unwinding 
No target candidate for function call *publish_cb
Not unwinding 
Not unwinding 
Not unwinding 
Not unwinding 
Not unwinding 
Not unwinding 
Not unwinding 
**** WARNING: no body for function sscanf
**** WARNING: no body for function sscanf
**** WARNING: no body for function sscanf
**** WARNING: no body for function sscanf
**** WARNING: no body for function sscanf
**** WARNING: no body for function sscanf
Not unwinding 
Not unwinding 
**** WARNING: no body for function sscanf
**** 
Couldn't convert expression in unrecognised format
code_printf
* operands : 
  0: address_of
    * pointer_obj : index
        * source_value : symbol
            * name : c:linux-4.0-rc1---drivers--xen--xen-pciback--xen-pciback.ko.cil.i@355959@F@xen_pcibk_publish_pci_root@str
            * renamelev : Level 1
            * level1_num : 1
            * level2_num : 0
            * thread_num : 0
            * node_num : 0
            * type : array
              * subtype : signedbv
                  * width : 8
              * array_size : constant_int
                  * value : 64
                  * type : signedbv
                    * width : 32
              * size_is_infinite : false
        * index : constant_int
            * value : 0
            * type : signedbv
              * width : 64
        * type : signedbv
          * width : 8
    * type : pointer
      * subtype : signedbv
          * width : 8
  1: constant_int
    * value : 64
    * type : unsignedbv
      * width : 64
  2: address_of
    * pointer_obj : index
        * source_value : constant_string
            * value : root-%d
            * type : string
              * width : 8
        * index : constant_int
            * value : 0
            * type : signedbv
              * width : 64
        * type : signedbv
          * width : 8
    * type : pointer
      * subtype : signedbv
          * width : 8
  3: constant_int
    * value : 0
    * type : signedbv
      * width : 32

* type : empty

Unknown
