./esbmc-wrapper.py -p ../sv-benchmarks/c/properties/no-overflow.prp -s kinduction --arch 64 ../sv-benchmarks/c/termination-crafted-lit/ChenFlurMukhopadhyay-SAS2012-Ex2.18.c


--------------------------------------------------------------------------------


Verifying with ESBMC
Command: ./esbmc --no-div-by-zero-check --force-malloc-success --state-hashing --add-symex-value-sets --no-align-check --k-step 5 --floatbv --unlimited-k-steps ../sv-benchmarks/c/termination-crafted-lit/ChenFlurMukhopadhyay-SAS2012-Ex2.18.c --64 --witness-output ChenFlurMukhopadhyay-SAS2012-Ex2.18.c.graphml --no-pointer-check --no-bounds-check --overflow-check --no-assertions --k-induction --max-inductive-step 3 
ESBMC version 6.8.0 64-bit x86_64 linux
Target: 64-bit little-endian x86_64-unknown-linux with esbmc libc
file ../sv-benchmarks/c/termination-crafted-lit/ChenFlurMukhopadhyay-SAS2012-Ex2.18.c: Parsing
Converting
Generating GOTO Program
GOTO program creation time: 0.126s
GOTO program processing time: 0.001s
*** Checking base case, k = 1
Starting Bounded Model Checking
Not unwinding 
Symex completed in: 0.001s (22 assignments)
Slicing time: 0.000s (removed 13 assignments)
Generated 4 VCC(s), 4 remaining after simplification (9 assignments)
No solver specified; defaulting to Boolector
Encoding remaining VCC(s) using bit-vector/floating-point arithmetic
Encoding to solver time: 0.001s
Solving with solver Boolector 3.2.2
Encoding to solver time: 0.001s
Runtime decision procedure: 0.035s
Building error trace

Counterexample:

State 1 file ChenFlurMukhopadhyay-SAS2012-Ex2.18.c line 24 function main thread 0
----------------------------------------------------
  x = 33583672 (00000010 00000000 01110010 00111000)

State 2 file ChenFlurMukhopadhyay-SAS2012-Ex2.18.c line 25 function main thread 0
----------------------------------------------------
  y = 1761744265 (01101001 00000010 00010101 10001001)

State 6 file ChenFlurMukhopadhyay-SAS2012-Ex2.18.c line 28 function main thread 0
----------------------------------------------------
Violated property:
  file ChenFlurMukhopadhyay-SAS2012-Ex2.18.c line 28 function main
  arithmetic overflow on mul
  !overflow("*", -2, y)


VERIFICATION FAILED

Bug found (k = 1)


FALSE_OVERFLOW
