./esbmc-wrapper.py -p ../sv-benchmarks/c/properties/unreach-call.prp -s kinduction --arch 32 ../sv-benchmarks/c/nla-digbench-scaling/knuth_valuebound2.i


--------------------------------------------------------------------------------


Verifying with ESBMC
Command: ./esbmc --no-div-by-zero-check --force-malloc-success --state-hashing --add-symex-value-sets --no-align-check --k-step 5 --floatbv --unlimited-k-steps ../sv-benchmarks/c/nla-digbench-scaling/knuth_valuebound2.i --32 --witness-output knuth_valuebound2.i.graphml --no-pointer-check --no-bounds-check --interval-analysis --goto-unwind --unlimited-goto-unwind --k-induction --max-inductive-step 3 
ESBMC version 6.8.0 64-bit x86_64 linux
Target: 32-bit little-endian x86_64-unknown-linux with esbmc libc
file ../sv-benchmarks/c/nla-digbench-scaling/knuth_valuebound2.i: Parsing
Converting
Generating GOTO Program
GOTO program creation time: 0.142s
GOTO program processing time: 0.002s
*** Checking base case, k = 1
Starting Bounded Model Checking
Not unwinding 
Symex completed in: 0.005s (98 assignments)
Slicing time: 0.000s (removed 67 assignments)
Generated 3 VCC(s), 3 remaining after simplification (31 assignments)
No solver specified; defaulting to Boolector
Encoding remaining VCC(s) using bit-vector/floating-point arithmetic
Encoding to solver time: 0.013s
Solving with solver Boolector 3.2.2
Encoding to solver time: 0.013s
Runtime decision procedure: 0.017s
BMC program time: 0.036s
No bug has been found in the base case
*** Checking forward condition, k = 1
Starting Bounded Model Checking
Not unwinding 
Symex completed in: 0.004s (95 assignments)
Slicing time: 0.000s (removed 75 assignments)
Generated 1 VCC(s), 1 remaining after simplification (20 assignments)
No solver specified; defaulting to Boolector
Encoding remaining VCC(s) using bit-vector/floating-point arithmetic
Encoding to solver time: 0.012s
Solving with solver Boolector 3.2.2
Encoding to solver time: 0.012s
Runtime decision procedure: 0.028s
BMC program time: 0.045s
Building successful trace

VERIFICATION SUCCESSFUL

Solution found by the forward condition; all states are reachable (k = 1


TRUE
