./esbmc-wrapper.py -p ../sv-benchmarks/c/properties/unreach-call.prp -s kinduction --arch 32 ../sv-benchmarks/c/systemc/token_ring.13.cil-1.c


--------------------------------------------------------------------------------


Verifying with ESBMC
Command: ./esbmc --no-div-by-zero-check --force-malloc-success --state-hashing --add-symex-value-sets --no-align-check --k-step 5 --floatbv --unlimited-k-steps ../sv-benchmarks/c/systemc/token_ring.13.cil-1.c --32 --witness-output token_ring.13.cil-1.c.graphml --no-pointer-check --no-bounds-check --interval-analysis --goto-unwind --unlimited-goto-unwind --k-induction --max-inductive-step 3 
ESBMC version 6.8.0 64-bit x86_64 linux
Target: 32-bit little-endian x86_64-unknown-linux with esbmc libc
file ../sv-benchmarks/c/systemc/token_ring.13.cil-1.c: Parsing
Converting
Generating GOTO Program
GOTO program creation time: 0.193s
GOTO program processing time: 0.928s
*** Checking base case, k = 1
Starting Bounded Model Checking
Not unwinding 
Symex completed in: 0.049s (278 assignments)
Slicing time: 0.001s (removed 276 assignments)
Generated 0 VCC(s), 0 remaining after simplification (2 assignments)
BMC program time: 0.050s
No bug has been found in the base case
*** Checking forward condition, k = 1
Starting Bounded Model Checking
Not unwinding 
Symex completed in: 0.033s (278 assignments)
Slicing time: 0.000s (removed 276 assignments)
Generated 1 VCC(s), 1 remaining after simplification (2 assignments)
No solver specified; defaulting to Boolector
Encoding remaining VCC(s) using bit-vector/floating-point arithmetic
Encoding to solver time: 0.000s
Solving with solver Boolector 3.2.2
Encoding to solver time: 0.000s
Runtime decision procedure: 0.001s
The forward condition is unable to prove the property
*** Checking base case, k = 6
Starting Bounded Model Checking
Unwinding loop 15  iteration  1   file token_ring.13.cil-1.c line 1066 function eval
Unwinding loop 1  iteration  1   file token_ring.13.cil-1.c line 119 function master
Unwinding loop 2  iteration  1   file token_ring.13.cil-1.c line 175 function transmit1
Unwinding loop 3  iteration  1   file token_ring.13.cil-1.c line 211 function transmit2
Unwinding loop 4  iteration  1   file token_ring.13.cil-1.c line 247 function transmit3
Unwinding loop 5  iteration  1   file token_ring.13.cil-1.c line 283 function transmit4
Unwinding loop 6  iteration  1   file token_ring.13.cil-1.c line 319 function transmit5
Unwinding loop 7  iteration  1   file token_ring.13.cil-1.c line 355 function transmit6
Unwinding loop 8  iteration  1   file token_ring.13.cil-1.c line 391 function transmit7
Unwinding loop 9  iteration  1   file token_ring.13.cil-1.c line 427 function transmit8
Unwinding loop 10  iteration  1   file token_ring.13.cil-1.c line 463 function transmit9
Unwinding loop 11  iteration  1   file token_ring.13.cil-1.c line 499 function transmit10
Unwinding loop 12  iteration  1   file token_ring.13.cil-1.c line 535 function transmit11
Unwinding loop 13  iteration  1   file token_ring.13.cil-1.c line 571 function transmit12
Unwinding loop 14  iteration  1   file token_ring.13.cil-1.c line 607 function transmit13
Unwinding loop 15  iteration  2   file token_ring.13.cil-1.c line 1066 function eval
Unwinding loop 1  iteration  1   file token_ring.13.cil-1.c line 119 function master
Unwinding loop 2  iteration  1   file token_ring.13.cil-1.c line 175 function transmit1
Unwinding loop 3  iteration  1   file token_ring.13.cil-1.c line 211 function transmit2
Unwinding loop 4  iteration  1   file token_ring.13.cil-1.c line 247 function transmit3
Unwinding loop 5  iteration  1   file token_ring.13.cil-1.c line 283 function transmit4
Unwinding loop 6  iteration  1   file token_ring.13.cil-1.c line 319 function transmit5
Unwinding loop 7  iteration  1   file token_ring.13.cil-1.c line 355 function transmit6
Unwinding loop 8  iteration  1   file token_ring.13.cil-1.c line 391 function transmit7
Unwinding loop 9  iteration  1   file token_ring.13.cil-1.c line 427 function transmit8
Unwinding loop 10  iteration  1   file token_ring.13.cil-1.c line 463 function transmit9
Unwinding loop 11  iteration  1   file token_ring.13.cil-1.c line 499 function transmit10
Unwinding loop 12  iteration  1   file token_ring.13.cil-1.c line 535 function transmit11
Unwinding loop 13  iteration  1   file token_ring.13.cil-1.c line 571 function transmit12
Unwinding loop 14  iteration  1   file token_ring.13.cil-1.c line 607 function transmit13
Unwinding loop 15  iteration  3   file token_ring.13.cil-1.c line 1066 function eval
Unwinding loop 1  iteration  1   file token_ring.13.cil-1.c line 119 function master
Unwinding loop 2  iteration  1   file token_ring.13.cil-1.c line 175 function transmit1
Unwinding loop 3  iteration  1   file token_ring.13.cil-1.c line 211 function transmit2
Unwinding loop 4  iteration  1   file token_ring.13.cil-1.c line 247 function transmit3
Unwinding loop 5  iteration  1   file token_ring.13.cil-1.c line 283 function transmit4
Unwinding loop 6  iteration  1   file token_ring.13.cil-1.c line 319 function transmit5
Unwinding loop 7  iteration  1   file token_ring.13.cil-1.c line 355 function transmit6
Unwinding loop 8  iteration  1   file token_ring.13.cil-1.c line 391 function transmit7
Unwinding loop 9  iteration  1   file token_ring.13.cil-1.c line 427 function transmit8
Unwinding loop 10  iteration  1   file token_ring.13.cil-1.c line 463 function transmit9
Unwinding loop 11  iteration  1   file token_ring.13.cil-1.c line 499 function transmit10
Unwinding loop 12  iteration  1   file token_ring.13.cil-1.c line 535 function transmit11
Unwinding loop 13  iteration  1   file token_ring.13.cil-1.c line 571 function transmit12
Unwinding loop 14  iteration  1   file token_ring.13.cil-1.c line 607 function transmit13
Unwinding loop 15  iteration  4   file token_ring.13.cil-1.c line 1066 function eval
Unwinding loop 1  iteration  1   file token_ring.13.cil-1.c line 119 function master
Unwinding loop 2  iteration  1   file token_ring.13.cil-1.c line 175 function transmit1
Unwinding loop 3  iteration  1   file token_ring.13.cil-1.c line 211 function transmit2
Unwinding loop 4  iteration  1   file token_ring.13.cil-1.c line 247 function transmit3
Unwinding loop 5  iteration  1   file token_ring.13.cil-1.c line 283 function transmit4
Unwinding loop 6  iteration  1   file token_ring.13.cil-1.c line 319 function transmit5
Unwinding loop 7  iteration  1   file token_ring.13.cil-1.c line 355 function transmit6
Unwinding loop 8  iteration  1   file token_ring.13.cil-1.c line 391 function transmit7
Unwinding loop 9  iteration  1   file token_ring.13.cil-1.c line 427 function transmit8
Unwinding loop 10  iteration  1   file token_ring.13.cil-1.c line 463 function transmit9
Unwinding loop 11  iteration  1   file token_ring.13.cil-1.c line 499 function transmit10
Unwinding loop 12  iteration  1   file token_ring.13.cil-1.c line 535 function transmit11
Unwinding loop 13  iteration  1   file token_ring.13.cil-1.c line 571 function transmit12
Unwinding loop 14  iteration  1   file token_ring.13.cil-1.c line 607 function transmit13
Unwinding loop 15  iteration  5   file token_ring.13.cil-1.c line 1066 function eval
Unwinding loop 1  iteration  1   file token_ring.13.cil-1.c line 119 function master
Unwinding loop 2  iteration  1   file token_ring.13.cil-1.c line 175 function transmit1
Unwinding loop 3  iteration  1   file token_ring.13.cil-1.c line 211 function transmit2
Unwinding loop 4  iteration  1   file token_ring.13.cil-1.c line 247 function transmit3
Unwinding loop 5  iteration  1   file token_ring.13.cil-1.c line 283 function transmit4
Unwinding loop 6  iteration  1   file token_ring.13.cil-1.c line 319 function transmit5
Unwinding loop 7  iteration  1   file token_ring.13.cil-1.c line 355 function transmit6
Unwinding loop 8  iteration  1   file token_ring.13.cil-1.c line 391 function transmit7
Unwinding loop 9  iteration  1   file token_ring.13.cil-1.c line 427 function transmit8
Unwinding loop 10  iteration  1   file token_ring.13.cil-1.c line 463 function transmit9
Unwinding loop 11  iteration  1   file token_ring.13.cil-1.c line 499 function transmit10
Unwinding loop 12  iteration  1   file token_ring.13.cil-1.c line 535 function transmit11
Unwinding loop 13  iteration  1   file token_ring.13.cil-1.c line 571 function transmit12
Unwinding loop 14  iteration  1   file token_ring.13.cil-1.c line 607 function transmit13
Not unwinding 
Unwinding loop 16  iteration  1   file token_ring.13.cil-1.c line 1932 function start_simulation
Unwinding loop 1  iteration  1   file token_ring.13.cil-1.c line 119 function master
Unwinding loop 2  iteration  1   file token_ring.13.cil-1.c line 175 function transmit1
Unwinding loop 3  iteration  1   file token_ring.13.cil-1.c line 211 function transmit2
Unwinding loop 4  iteration  1   file token_ring.13.cil-1.c line 247 function transmit3
Unwinding loop 5  iteration  1   file token_ring.13.cil-1.c line 283 function transmit4
Unwinding loop 6  iteration  1   file token_ring.13.cil-1.c line 319 function transmit5
Unwinding loop 7  iteration  1   file token_ring.13.cil-1.c line 355 function transmit6
Unwinding loop 8  iteration  1   file token_ring.13.cil-1.c line 391 function transmit7
Unwinding loop 9  iteration  1   file token_ring.13.cil-1.c line 427 function transmit8
Unwinding loop 10  iteration  1   file token_ring.13.cil-1.c line 463 function transmit9
Unwinding loop 11  iteration  1   file token_ring.13.cil-1.c line 499 function transmit10
Unwinding loop 12  iteration  1   file token_ring.13.cil-1.c line 535 function transmit11
Unwinding loop 13  iteration  1   file token_ring.13.cil-1.c line 571 function transmit12
Unwinding loop 14  iteration  1   file token_ring.13.cil-1.c line 607 function transmit13
Unwinding loop 15  iteration  1   file token_ring.13.cil-1.c line 1066 function eval
Unwinding loop 1  iteration  1   file token_ring.13.cil-1.c line 119 function master
Unwinding loop 2  iteration  1   file token_ring.13.cil-1.c line 175 function transmit1
Unwinding loop 3  iteration  1   file token_ring.13.cil-1.c line 211 function transmit2
Unwinding loop 4  iteration  1   file token_ring.13.cil-1.c line 247 function transmit3
Unwinding loop 5  iteration  1   file token_ring.13.cil-1.c line 283 function transmit4
Unwinding loop 6  iteration  1   file token_ring.13.cil-1.c line 319 function transmit5
Unwinding loop 7  iteration  1   file token_ring.13.cil-1.c line 355 function transmit6
Unwinding loop 8  iteration  1   file token_ring.13.cil-1.c line 391 function transmit7
Unwinding loop 9  iteration  1   file token_ring.13.cil-1.c line 427 function transmit8
Unwinding loop 10  iteration  1   file token_ring.13.cil-1.c line 463 function transmit9
Unwinding loop 11  iteration  1   file token_ring.13.cil-1.c line 499 function transmit10
Unwinding loop 12  iteration  1   file token_ring.13.cil-1.c line 535 function transmit11
Unwinding loop 13  iteration  1   file token_ring.13.cil-1.c line 571 function transmit12
Unwinding loop 14  iteration  1   file token_ring.13.cil-1.c line 607 function transmit13
Unwinding loop 15  iteration  2   file token_ring.13.cil-1.c line 1066 function eval
Unwinding loop 1  iteration  1   file token_ring.13.cil-1.c line 119 function master
Unwinding loop 2  iteration  1   file token_ring.13.cil-1.c line 175 function transmit1
Unwinding loop 3  iteration  1   file token_ring.13.cil-1.c line 211 function transmit2
Unwinding loop 4  iteration  1   file token_ring.13.cil-1.c line 247 function transmit3
Unwinding loop 5  iteration  1   file token_ring.13.cil-1.c line 283 function transmit4
Unwinding loop 6  iteration  1   file token_ring.13.cil-1.c line 319 function transmit5
Unwinding loop 7  iteration  1   file token_ring.13.cil-1.c line 355 function transmit6
Unwinding loop 8  iteration  1   file token_ring.13.cil-1.c line 391 function transmit7
Unwinding loop 9  iteration  1   file token_ring.13.cil-1.c line 427 function transmit8
Unwinding loop 10  iteration  1   file token_ring.13.cil-1.c line 463 function transmit9
Unwinding loop 11  iteration  1   file token_ring.13.cil-1.c line 499 function transmit10
Unwinding loop 12  iteration  1   file token_ring.13.cil-1.c line 535 function transmit11
Unwinding loop 13  iteration  1   file token_ring.13.cil-1.c line 571 function transmit12
Unwinding loop 14  iteration  1   file token_ring.13.cil-1.c line 607 function transmit13
Unwinding loop 15  iteration  3   file token_ring.13.cil-1.c line 1066 function eval
Unwinding loop 1  iteration  1   file token_ring.13.cil-1.c line 119 function master
Unwinding loop 2  iteration  1   file token_ring.13.cil-1.c line 175 function transmit1
Unwinding loop 3  iteration  1   file token_ring.13.cil-1.c line 211 function transmit2
Unwinding loop 4  iteration  1   file token_ring.13.cil-1.c line 247 function transmit3
Unwinding loop 5  iteration  1   file token_ring.13.cil-1.c line 283 function transmit4
Unwinding loop 6  iteration  1   file token_ring.13.cil-1.c line 319 function transmit5
Unwinding loop 7  iteration  1   file token_ring.13.cil-1.c line 355 function transmit6
Unwinding loop 8  iteration  1   file token_ring.13.cil-1.c line 391 function transmit7
Unwinding loop 9  iteration  1   file token_ring.13.cil-1.c line 427 function transmit8
Unwinding loop 10  iteration  1   file token_ring.13.cil-1.c line 463 function transmit9
Unwinding loop 11  iteration  1   file token_ring.13.cil-1.c line 499 function transmit10
Unwinding loop 12  iteration  1   file token_ring.13.cil-1.c line 535 function transmit11
Unwinding loop 13  iteration  1   file token_ring.13.cil-1.c line 571 function transmit12
Unwinding loop 14  iteration  1   file token_ring.13.cil-1.c line 607 function transmit13
Unwinding loop 15  iteration  4   file token_ring.13.cil-1.c line 1066 function eval
Unwinding loop 1  iteration  1   file token_ring.13.cil-1.c line 119 function master
Unwinding loop 2  iteration  1   file token_ring.13.cil-1.c line 175 function transmit1
Unwinding loop 3  iteration  1   file token_ring.13.cil-1.c line 211 function transmit2
Unwinding loop 4  iteration  1   file token_ring.13.cil-1.c line 247 function transmit3
Unwinding loop 5  iteration  1   file token_ring.13.cil-1.c line 283 function transmit4
Unwinding loop 6  iteration  1   file token_ring.13.cil-1.c line 319 function transmit5
Unwinding loop 7  iteration  1   file token_ring.13.cil-1.c line 355 function transmit6
Unwinding loop 8  iteration  1   file token_ring.13.cil-1.c line 391 function transmit7
Unwinding loop 9  iteration  1   file token_ring.13.cil-1.c line 427 function transmit8
Unwinding loop 10  iteration  1   file token_ring.13.cil-1.c line 463 function transmit9
Unwinding loop 11  iteration  1   file token_ring.13.cil-1.c line 499 function transmit10
Unwinding loop 12  iteration  1   file token_ring.13.cil-1.c line 535 function transmit11
Unwinding loop 13  iteration  1   file token_ring.13.cil-1.c line 571 function transmit12
Unwinding loop 14  iteration  1   file token_ring.13.cil-1.c line 607 function transmit13
Unwinding loop 15  iteration  5   file token_ring.13.cil-1.c line 1066 function eval
Unwinding loop 1  iteration  1   file token_ring.13.cil-1.c line 119 function master
Unwinding loop 2  iteration  1   file token_ring.13.cil-1.c line 175 function transmit1
Unwinding loop 3  iteration  1   file token_ring.13.cil-1.c line 211 function transmit2
Unwinding loop 4  iteration  1   file token_ring.13.cil-1.c line 247 function transmit3
Unwinding loop 5  iteration  1   file token_ring.13.cil-1.c line 283 function transmit4
Unwinding loop 6  iteration  1   file token_ring.13.cil-1.c line 319 function transmit5
Unwinding loop 7  iteration  1   file token_ring.13.cil-1.c line 355 function transmit6
Unwinding loop 8  iteration  1   file token_ring.13.cil-1.c line 391 function transmit7
Unwinding loop 9  iteration  1   file token_ring.13.cil-1.c line 427 function transmit8
Unwinding loop 10  iteration  1   file token_ring.13.cil-1.c line 463 function transmit9
Unwinding loop 11  iteration  1   file token_ring.13.cil-1.c line 499 function transmit10
Unwinding loop 12  iteration  1   file token_ring.13.cil-1.c line 535 function transmit11
Unwinding loop 13  iteration  1   file token_ring.13.cil-1.c line 571 function transmit12
Unwinding loop 14  iteration  1   file token_ring.13.cil-1.c line 607 function transmit13
Not unwinding 
Unwinding loop 16  iteration  2   file token_ring.13.cil-1.c line 1932 function start_simulation
Unwinding loop 1  iteration  1   file token_ring.13.cil-1.c line 119 function master
Unwinding loop 2  iteration  1   file token_ring.13.cil-1.c line 175 function transmit1
Unwinding loop 3  iteration  1   file token_ring.13.cil-1.c line 211 function transmit2
Unwinding loop 4  iteration  1   file token_ring.13.cil-1.c line 247 function transmit3
Unwinding loop 5  iteration  1   file token_ring.13.cil-1.c line 283 function transmit4
Unwinding loop 6  iteration  1   file token_ring.13.cil-1.c line 319 function transmit5
Unwinding loop 7  iteration  1   file token_ring.13.cil-1.c line 355 function transmit6
Unwinding loop 8  iteration  1   file token_ring.13.cil-1.c line 391 function transmit7
Unwinding loop 9  iteration  1   file token_ring.13.cil-1.c line 427 function transmit8
Unwinding loop 10  iteration  1   file token_ring.13.cil-1.c line 463 function transmit9
Unwinding loop 11  iteration  1   file token_ring.13.cil-1.c line 499 function transmit10
Unwinding loop 12  iteration  1   file token_ring.13.cil-1.c line 535 function transmit11
Unwinding loop 13  iteration  1   file token_ring.13.cil-1.c line 571 function transmit12
Unwinding loop 14  iteration  1   file token_ring.13.cil-1.c line 607 function transmit13
Unwinding loop 15  iteration  1   file token_ring.13.cil-1.c line 1066 function eval
Unwinding loop 1  iteration  1   file token_ring.13.cil-1.c line 119 function master
Unwinding loop 2  iteration  1   file token_ring.13.cil-1.c line 175 function transmit1
Unwinding loop 3  iteration  1   file token_ring.13.cil-1.c line 211 function transmit2
Unwinding loop 4  iteration  1   file token_ring.13.cil-1.c line 247 function transmit3
Unwinding loop 5  iteration  1   file token_ring.13.cil-1.c line 283 function transmit4
Unwinding loop 6  iteration  1   file token_ring.13.cil-1.c line 319 function transmit5
Unwinding loop 7  iteration  1   file token_ring.13.cil-1.c line 355 function transmit6
Unwinding loop 8  iteration  1   file token_ring.13.cil-1.c line 391 function transmit7
Unwinding loop 9  iteration  1   file token_ring.13.cil-1.c line 427 function transmit8
Unwinding loop 10  iteration  1   file token_ring.13.cil-1.c line 463 function transmit9
Unwinding loop 11  iteration  1   file token_ring.13.cil-1.c line 499 function transmit10
Unwinding loop 12  iteration  1   file token_ring.13.cil-1.c line 535 function transmit11
Unwinding loop 13  iteration  1   file token_ring.13.cil-1.c line 571 function transmit12
Unwinding loop 14  iteration  1   file token_ring.13.cil-1.c line 607 function transmit13
Unwinding loop 15  iteration  2   file token_ring.13.cil-1.c line 1066 function eval
Unwinding loop 1  iteration  1   file token_ring.13.cil-1.c line 119 function master
Unwinding loop 2  iteration  1   file token_ring.13.cil-1.c line 175 function transmit1
Unwinding loop 3  iteration  1   file token_ring.13.cil-1.c line 211 function transmit2
Unwinding loop 4  iteration  1   file token_ring.13.cil-1.c line 247 function transmit3
Unwinding loop 5  iteration  1   file token_ring.13.cil-1.c line 283 function transmit4
Unwinding loop 6  iteration  1   file token_ring.13.cil-1.c line 319 function transmit5
Unwinding loop 7  iteration  1   file token_ring.13.cil-1.c line 355 function transmit6
Unwinding loop 8  iteration  1   file token_ring.13.cil-1.c line 391 function transmit7
Unwinding loop 9  iteration  1   file token_ring.13.cil-1.c line 427 function transmit8
Unwinding loop 10  iteration  1   file token_ring.13.cil-1.c line 463 function transmit9
Unwinding loop 11  iteration  1   file token_ring.13.cil-1.c line 499 function transmit10
Unwinding loop 12  iteration  1   file token_ring.13.cil-1.c line 535 function transmit11
Unwinding loop 13  iteration  1   file token_ring.13.cil-1.c line 571 function transmit12
Unwinding loop 14  iteration  1   file token_ring.13.cil-1.c line 607 function transmit13
Unwinding loop 15  iteration  3   file token_ring.13.cil-1.c line 1066 function eval
Unwinding loop 1  iteration  1   file token_ring.13.cil-1.c line 119 function master
Unwinding loop 2  iteration  1   file token_ring.13.cil-1.c line 175 function transmit1
Unwinding loop 3  iteration  1   file token_ring.13.cil-1.c line 211 function transmit2
Unwinding loop 4  iteration  1   file token_ring.13.cil-1.c line 247 function transmit3
Unwinding loop 5  iteration  1   file token_ring.13.cil-1.c line 283 function transmit4
Unwinding loop 6  iteration  1   file token_ring.13.cil-1.c line 319 function transmit5
Unwinding loop 7  iteration  1   file token_ring.13.cil-1.c line 355 function transmit6
Unwinding loop 8  iteration  1   file token_ring.13.cil-1.c line 391 function transmit7
Unwinding loop 9  iteration  1   file token_ring.13.cil-1.c line 427 function transmit8
Unwinding loop 10  iteration  1   file token_ring.13.cil-1.c line 463 function transmit9
Unwinding loop 11  iteration  1   file token_ring.13.cil-1.c line 499 function transmit10
Unwinding loop 12  iteration  1   file token_ring.13.cil-1.c line 535 function transmit11
Unwinding loop 13  iteration  1   file token_ring.13.cil-1.c line 571 function transmit12
Unwinding loop 14  iteration  1   file token_ring.13.cil-1.c line 607 function transmit13
Unwinding loop 15  iteration  4   file token_ring.13.cil-1.c line 1066 function eval
Unwinding loop 1  iteration  1   file token_ring.13.cil-1.c line 119 function master
Unwinding loop 2  iteration  1   file token_ring.13.cil-1.c line 175 function transmit1
Unwinding loop 3  iteration  1   file token_ring.13.cil-1.c line 211 function transmit2
Unwinding loop 4  iteration  1   file token_ring.13.cil-1.c line 247 function transmit3
Unwinding loop 5  iteration  1   file token_ring.13.cil-1.c line 283 function transmit4
Unwinding loop 6  iteration  1   file token_ring.13.cil-1.c line 319 function transmit5
Unwinding loop 7  iteration  1   file token_ring.13.cil-1.c line 355 function transmit6
Unwinding loop 8  iteration  1   file token_ring.13.cil-1.c line 391 function transmit7
Unwinding loop 9  iteration  1   file token_ring.13.cil-1.c line 427 function transmit8
Unwinding loop 10  iteration  1   file token_ring.13.cil-1.c line 463 function transmit9
Unwinding loop 11  iteration  1   file token_ring.13.cil-1.c line 499 function transmit10
Unwinding loop 12  iteration  1   file token_ring.13.cil-1.c line 535 function transmit11
Unwinding loop 13  iteration  1   file token_ring.13.cil-1.c line 571 function transmit12
Unwinding loop 14  iteration  1   file token_ring.13.cil-1.c line 607 function transmit13
Unwinding loop 15  iteration  5   file token_ring.13.cil-1.c line 1066 function eval
Unwinding loop 1  iteration  1   file token_ring.13.cil-1.c line 119 function master
Unwinding loop 2  iteration  1   file token_ring.13.cil-1.c line 175 function transmit1
Unwinding loop 3  iteration  1   file token_ring.13.cil-1.c line 211 function transmit2
Unwinding loop 4  iteration  1   file token_ring.13.cil-1.c line 247 function transmit3
Unwinding loop 5  iteration  1   file token_ring.13.cil-1.c line 283 function transmit4
Unwinding loop 6  iteration  1   file token_ring.13.cil-1.c line 319 function transmit5
Unwinding loop 7  iteration  1   file token_ring.13.cil-1.c line 355 function transmit6
Unwinding loop 8  iteration  1   file token_ring.13.cil-1.c line 391 function transmit7
Unwinding loop 9  iteration  1   file token_ring.13.cil-1.c line 427 function transmit8
Unwinding loop 10  iteration  1   file token_ring.13.cil-1.c line 463 function transmit9
Unwinding loop 11  iteration  1   file token_ring.13.cil-1.c line 499 function transmit10
Unwinding loop 12  iteration  1   file token_ring.13.cil-1.c line 535 function transmit11
Unwinding loop 13  iteration  1   file token_ring.13.cil-1.c line 571 function transmit12
Unwinding loop 14  iteration  1   file token_ring.13.cil-1.c line 607 function transmit13
Not unwinding 
Unwinding loop 16  iteration  3   file token_ring.13.cil-1.c line 1932 function start_simulation
Unwinding loop 1  iteration  1   file token_ring.13.cil-1.c line 119 function master
Unwinding loop 2  iteration  1   file token_ring.13.cil-1.c line 175 function transmit1
Unwinding loop 3  iteration  1   file token_ring.13.cil-1.c line 211 function transmit2
Unwinding loop 4  iteration  1   file token_ring.13.cil-1.c line 247 function transmit3
Unwinding loop 5  iteration  1   file token_ring.13.cil-1.c line 283 function transmit4
Unwinding loop 6  iteration  1   file token_ring.13.cil-1.c line 319 function transmit5
Unwinding loop 7  iteration  1   file token_ring.13.cil-1.c line 355 function transmit6
Unwinding loop 8  iteration  1   file token_ring.13.cil-1.c line 391 function transmit7
Unwinding loop 9  iteration  1   file token_ring.13.cil-1.c line 427 function transmit8
Unwinding loop 10  iteration  1   file token_ring.13.cil-1.c line 463 function transmit9
Unwinding loop 11  iteration  1   file token_ring.13.cil-1.c line 499 function transmit10
Unwinding loop 12  iteration  1   file token_ring.13.cil-1.c line 535 function transmit11
Unwinding loop 13  iteration  1   file token_ring.13.cil-1.c line 571 function transmit12
Unwinding loop 14  iteration  1   file token_ring.13.cil-1.c line 607 function transmit13
Unwinding loop 15  iteration  1   file token_ring.13.cil-1.c line 1066 function eval
Unwinding loop 1  iteration  1   file token_ring.13.cil-1.c line 119 function master
Unwinding loop 2  iteration  1   file token_ring.13.cil-1.c line 175 function transmit1
Unwinding loop 3  iteration  1   file token_ring.13.cil-1.c line 211 function transmit2
Unwinding loop 4  iteration  1   file token_ring.13.cil-1.c line 247 function transmit3
Unwinding loop 5  iteration  1   file token_ring.13.cil-1.c line 283 function transmit4
Unwinding loop 6  iteration  1   file token_ring.13.cil-1.c line 319 function transmit5
Unwinding loop 7  iteration  1   file token_ring.13.cil-1.c line 355 function transmit6
Unwinding loop 8  iteration  1   file token_ring.13.cil-1.c line 391 function transmit7
Unwinding loop 9  iteration  1   file token_ring.13.cil-1.c line 427 function transmit8
Unwinding loop 10  iteration  1   file token_ring.13.cil-1.c line 463 function transmit9
Unwinding loop 11  iteration  1   file token_ring.13.cil-1.c line 499 function transmit10
Unwinding loop 12  iteration  1   file token_ring.13.cil-1.c line 535 function transmit11
Unwinding loop 13  iteration  1   file token_ring.13.cil-1.c line 571 function transmit12
Unwinding loop 14  iteration  1   file token_ring.13.cil-1.c line 607 function transmit13
Unwinding loop 15  iteration  2   file token_ring.13.cil-1.c line 1066 function eval
Unwinding loop 1  iteration  1   file token_ring.13.cil-1.c line 119 function master
Unwinding loop 2  iteration  1   file token_ring.13.cil-1.c line 175 function transmit1
Unwinding loop 3  iteration  1   file token_ring.13.cil-1.c line 211 function transmit2
Unwinding loop 4  iteration  1   file token_ring.13.cil-1.c line 247 function transmit3
Unwinding loop 5  iteration  1   file token_ring.13.cil-1.c line 283 function transmit4
Unwinding loop 6  iteration  1   file token_ring.13.cil-1.c line 319 function transmit5
Unwinding loop 7  iteration  1   file token_ring.13.cil-1.c line 355 function transmit6
Unwinding loop 8  iteration  1   file token_ring.13.cil-1.c line 391 function transmit7
Unwinding loop 9  iteration  1   file token_ring.13.cil-1.c line 427 function transmit8
Unwinding loop 10  iteration  1   file token_ring.13.cil-1.c line 463 function transmit9
Unwinding loop 11  iteration  1   file token_ring.13.cil-1.c line 499 function transmit10
Unwinding loop 12  iteration  1   file token_ring.13.cil-1.c line 535 function transmit11
Unwinding loop 13  iteration  1   file token_ring.13.cil-1.c line 571 function transmit12
Unwinding loop 14  iteration  1   file token_ring.13.cil-1.c line 607 function transmit13
Unwinding loop 15  iteration  3   file token_ring.13.cil-1.c line 1066 function eval
Unwinding loop 1  iteration  1   file token_ring.13.cil-1.c line 119 function master
Unwinding loop 2  iteration  1   file token_ring.13.cil-1.c line 175 function transmit1
Unwinding loop 3  iteration  1   file token_ring.13.cil-1.c line 211 function transmit2
Unwinding loop 4  iteration  1   file token_ring.13.cil-1.c line 247 function transmit3
Unwinding loop 5  iteration  1   file token_ring.13.cil-1.c line 283 function transmit4
Unwinding loop 6  iteration  1   file token_ring.13.cil-1.c line 319 function transmit5
Unwinding loop 7  iteration  1   file token_ring.13.cil-1.c line 355 function transmit6
Unwinding loop 8  iteration  1   file token_ring.13.cil-1.c line 391 function transmit7
Unwinding loop 9  iteration  1   file token_ring.13.cil-1.c line 427 function transmit8
Unwinding loop 10  iteration  1   file token_ring.13.cil-1.c line 463 function transmit9
Unwinding loop 11  iteration  1   file token_ring.13.cil-1.c line 499 function transmit10
Unwinding loop 12  iteration  1   file token_ring.13.cil-1.c line 535 function transmit11
Unwinding loop 13  iteration  1   file token_ring.13.cil-1.c line 571 function transmit12
Unwinding loop 14  iteration  1   file token_ring.13.cil-1.c line 607 function transmit13
Unwinding loop 15  iteration  4   file token_ring.13.cil-1.c line 1066 function eval
Unwinding loop 1  iteration  1   file token_ring.13.cil-1.c line 119 function master
Unwinding loop 2  iteration  1   file token_ring.13.cil-1.c line 175 function transmit1
Unwinding loop 3  iteration  1   file token_ring.13.cil-1.c line 211 function transmit2
Unwinding loop 4  iteration  1   file token_ring.13.cil-1.c line 247 function transmit3
Unwinding loop 5  iteration  1   file token_ring.13.cil-1.c line 283 function transmit4
Unwinding loop 6  iteration  1   file token_ring.13.cil-1.c line 319 function transmit5
Unwinding loop 7  iteration  1   file token_ring.13.cil-1.c line 355 function transmit6
Unwinding loop 8  iteration  1   file token_ring.13.cil-1.c line 391 function transmit7
Unwinding loop 9  iteration  1   file token_ring.13.cil-1.c line 427 function transmit8
Unwinding loop 10  iteration  1   file token_ring.13.cil-1.c line 463 function transmit9
Unwinding loop 11  iteration  1   file token_ring.13.cil-1.c line 499 function transmit10
Unwinding loop 12  iteration  1   file token_ring.13.cil-1.c line 535 function transmit11
Unwinding loop 13  iteration  1   file token_ring.13.cil-1.c line 571 function transmit12
Unwinding loop 14  iteration  1   file token_ring.13.cil-1.c line 607 function transmit13
Unwinding loop 15  iteration  5   file token_ring.13.cil-1.c line 1066 function eval
Unwinding loop 1  iteration  1   file token_ring.13.cil-1.c line 119 function master
Unwinding loop 2  iteration  1   file token_ring.13.cil-1.c line 175 function transmit1
Unwinding loop 3  iteration  1   file token_ring.13.cil-1.c line 211 function transmit2
Unwinding loop 4  iteration  1   file token_ring.13.cil-1.c line 247 function transmit3
Unwinding loop 5  iteration  1   file token_ring.13.cil-1.c line 283 function transmit4
Unwinding loop 6  iteration  1   file token_ring.13.cil-1.c line 319 function transmit5
Unwinding loop 7  iteration  1   file token_ring.13.cil-1.c line 355 function transmit6
Unwinding loop 8  iteration  1   file token_ring.13.cil-1.c line 391 function transmit7
Unwinding loop 9  iteration  1   file token_ring.13.cil-1.c line 427 function transmit8
Unwinding loop 10  iteration  1   file token_ring.13.cil-1.c line 463 function transmit9
Unwinding loop 11  iteration  1   file token_ring.13.cil-1.c line 499 function transmit10
Unwinding loop 12  iteration  1   file token_ring.13.cil-1.c line 535 function transmit11
Unwinding loop 13  iteration  1   file token_ring.13.cil-1.c line 571 function transmit12
Unwinding loop 14  iteration  1   file token_ring.13.cil-1.c line 607 function transmit13
Not unwinding 
Unwinding loop 16  iteration  4   file token_ring.13.cil-1.c line 1932 function start_simulation
Unwinding loop 1  iteration  1   file token_ring.13.cil-1.c line 119 function master
Unwinding loop 2  iteration  1   file token_ring.13.cil-1.c line 175 function transmit1
Unwinding loop 3  iteration  1   file token_ring.13.cil-1.c line 211 function transmit2
Unwinding loop 4  iteration  1   file token_ring.13.cil-1.c line 247 function transmit3
Unwinding loop 5  iteration  1   file token_ring.13.cil-1.c line 283 function transmit4
Unwinding loop 6  iteration  1   file token_ring.13.cil-1.c line 319 function transmit5
Unwinding loop 7  iteration  1   file token_ring.13.cil-1.c line 355 function transmit6
Unwinding loop 8  iteration  1   file token_ring.13.cil-1.c line 391 function transmit7
Unwinding loop 9  iteration  1   file token_ring.13.cil-1.c line 427 function transmit8
Unwinding loop 10  iteration  1   file token_ring.13.cil-1.c line 463 function transmit9
Unwinding loop 11  iteration  1   file token_ring.13.cil-1.c line 499 function transmit10
Unwinding loop 12  iteration  1   file token_ring.13.cil-1.c line 535 function transmit11
Unwinding loop 13  iteration  1   file token_ring.13.cil-1.c line 571 function transmit12
Unwinding loop 14  iteration  1   file token_ring.13.cil-1.c line 607 function transmit13
Unwinding loop 15  iteration  1   file token_ring.13.cil-1.c line 1066 function eval
Unwinding loop 1  iteration  1   file token_ring.13.cil-1.c line 119 function master
Unwinding loop 2  iteration  1   file token_ring.13.cil-1.c line 175 function transmit1
Unwinding loop 3  iteration  1   file token_ring.13.cil-1.c line 211 function transmit2
Unwinding loop 4  iteration  1   file token_ring.13.cil-1.c line 247 function transmit3
Unwinding loop 5  iteration  1   file token_ring.13.cil-1.c line 283 function transmit4
Unwinding loop 6  iteration  1   file token_ring.13.cil-1.c line 319 function transmit5
Unwinding loop 7  iteration  1   file token_ring.13.cil-1.c line 355 function transmit6
Unwinding loop 8  iteration  1   file token_ring.13.cil-1.c line 391 function transmit7
Unwinding loop 9  iteration  1   file token_ring.13.cil-1.c line 427 function transmit8
Unwinding loop 10  iteration  1   file token_ring.13.cil-1.c line 463 function transmit9
Unwinding loop 11  iteration  1   file token_ring.13.cil-1.c line 499 function transmit10
Unwinding loop 12  iteration  1   file token_ring.13.cil-1.c line 535 function transmit11
Unwinding loop 13  iteration  1   file token_ring.13.cil-1.c line 571 function transmit12
Unwinding loop 14  iteration  1   file token_ring.13.cil-1.c line 607 function transmit13
Unwinding loop 15  iteration  2   file token_ring.13.cil-1.c line 1066 function eval
Unwinding loop 1  iteration  1   file token_ring.13.cil-1.c line 119 function master
Unwinding loop 2  iteration  1   file token_ring.13.cil-1.c line 175 function transmit1
Unwinding loop 3  iteration  1   file token_ring.13.cil-1.c line 211 function transmit2
Unwinding loop 4  iteration  1   file token_ring.13.cil-1.c line 247 function transmit3
Unwinding loop 5  iteration  1   file token_ring.13.cil-1.c line 283 function transmit4
Unwinding loop 6  iteration  1   file token_ring.13.cil-1.c line 319 function transmit5
Unwinding loop 7  iteration  1   file token_ring.13.cil-1.c line 355 function transmit6
Unwinding loop 8  iteration  1   file token_ring.13.cil-1.c line 391 function transmit7
Unwinding loop 9  iteration  1   file token_ring.13.cil-1.c line 427 function transmit8
Unwinding loop 10  iteration  1   file token_ring.13.cil-1.c line 463 function transmit9
Unwinding loop 11  iteration  1   file token_ring.13.cil-1.c line 499 function transmit10
Unwinding loop 12  iteration  1   file token_ring.13.cil-1.c line 535 function transmit11
Unwinding loop 13  iteration  1   file token_ring.13.cil-1.c line 571 function transmit12
Unwinding loop 14  iteration  1   file token_ring.13.cil-1.c line 607 function transmit13
Unwinding loop 15  iteration  3   file token_ring.13.cil-1.c line 1066 function eval
Unwinding loop 1  iteration  1   file token_ring.13.cil-1.c line 119 function master
Unwinding loop 2  iteration  1   file token_ring.13.cil-1.c line 175 function transmit1
Unwinding loop 3  iteration  1   file token_ring.13.cil-1.c line 211 function transmit2
Unwinding loop 4  iteration  1   file token_ring.13.cil-1.c line 247 function transmit3
Unwinding loop 5  iteration  1   file token_ring.13.cil-1.c line 283 function transmit4
Unwinding loop 6  iteration  1   file token_ring.13.cil-1.c line 319 function transmit5
Unwinding loop 7  iteration  1   file token_ring.13.cil-1.c line 355 function transmit6
Unwinding loop 8  iteration  1   file token_ring.13.cil-1.c line 391 function transmit7
Unwinding loop 9  iteration  1   file token_ring.13.cil-1.c line 427 function transmit8
Unwinding loop 10  iteration  1   file token_ring.13.cil-1.c line 463 function transmit9
Unwinding loop 11  iteration  1   file token_ring.13.cil-1.c line 499 function transmit10
Unwinding loop 12  iteration  1   file token_ring.13.cil-1.c line 535 function transmit11
Unwinding loop 13  iteration  1   file token_ring.13.cil-1.c line 571 function transmit12
Unwinding loop 14  iteration  1   file token_ring.13.cil-1.c line 607 function transmit13
Unwinding loop 15  iteration  4   file token_ring.13.cil-1.c line 1066 function eval
Unwinding loop 1  iteration  1   file token_ring.13.cil-1.c line 119 function master
Unwinding loop 2  iteration  1   file token_ring.13.cil-1.c line 175 function transmit1
Unwinding loop 3  iteration  1   file token_ring.13.cil-1.c line 211 function transmit2
Unwinding loop 4  iteration  1   file token_ring.13.cil-1.c line 247 function transmit3
Unwinding loop 5  iteration  1   file token_ring.13.cil-1.c line 283 function transmit4
Unwinding loop 6  iteration  1   file token_ring.13.cil-1.c line 319 function transmit5
Unwinding loop 7  iteration  1   file token_ring.13.cil-1.c line 355 function transmit6
Unwinding loop 8  iteration  1   file token_ring.13.cil-1.c line 391 function transmit7
Unwinding loop 9  iteration  1   file token_ring.13.cil-1.c line 427 function transmit8
Unwinding loop 10  iteration  1   file token_ring.13.cil-1.c line 463 function transmit9
Unwinding loop 11  iteration  1   file token_ring.13.cil-1.c line 499 function transmit10
Unwinding loop 12  iteration  1   file token_ring.13.cil-1.c line 535 function transmit11
Unwinding loop 13  iteration  1   file token_ring.13.cil-1.c line 571 function transmit12
Unwinding loop 14  iteration  1   file token_ring.13.cil-1.c line 607 function transmit13
Unwinding loop 15  iteration  5   file token_ring.13.cil-1.c line 1066 function eval
Unwinding loop 1  iteration  1   file token_ring.13.cil-1.c line 119 function master
Unwinding loop 2  iteration  1   file token_ring.13.cil-1.c line 175 function transmit1
Unwinding loop 3  iteration  1   file token_ring.13.cil-1.c line 211 function transmit2
Unwinding loop 4  iteration  1   file token_ring.13.cil-1.c line 247 function transmit3
Unwinding loop 5  iteration  1   file token_ring.13.cil-1.c line 283 function transmit4
Unwinding loop 6  iteration  1   file token_ring.13.cil-1.c line 319 function transmit5
Unwinding loop 7  iteration  1   file token_ring.13.cil-1.c line 355 function transmit6
Unwinding loop 8  iteration  1   file token_ring.13.cil-1.c line 391 function transmit7
Unwinding loop 9  iteration  1   file token_ring.13.cil-1.c line 427 function transmit8
Unwinding loop 10  iteration  1   file token_ring.13.cil-1.c line 463 function transmit9
Unwinding loop 11  iteration  1   file token_ring.13.cil-1.c line 499 function transmit10
Unwinding loop 12  iteration  1   file token_ring.13.cil-1.c line 535 function transmit11
Unwinding loop 13  iteration  1   file token_ring.13.cil-1.c line 571 function transmit12
Unwinding loop 14  iteration  1   file token_ring.13.cil-1.c line 607 function transmit13
Not unwinding 
Unwinding loop 16  iteration  5   file token_ring.13.cil-1.c line 1932 function start_simulation
Unwinding loop 1  iteration  1   file token_ring.13.cil-1.c line 119 function master
Unwinding loop 2  iteration  1   file token_ring.13.cil-1.c line 175 function transmit1
Unwinding loop 3  iteration  1   file token_ring.13.cil-1.c line 211 function transmit2
Unwinding loop 4  iteration  1   file token_ring.13.cil-1.c line 247 function transmit3
Unwinding loop 5  iteration  1   file token_ring.13.cil-1.c line 283 function transmit4
Unwinding loop 6  iteration  1   file token_ring.13.cil-1.c line 319 function transmit5
Unwinding loop 7  iteration  1   file token_ring.13.cil-1.c line 355 function transmit6
Unwinding loop 8  iteration  1   file token_ring.13.cil-1.c line 391 function transmit7
Unwinding loop 9  iteration  1   file token_ring.13.cil-1.c line 427 function transmit8
Unwinding loop 10  iteration  1   file token_ring.13.cil-1.c line 463 function transmit9
Unwinding loop 11  iteration  1   file token_ring.13.cil-1.c line 499 function transmit10
Unwinding loop 12  iteration  1   file token_ring.13.cil-1.c line 535 function transmit11
Unwinding loop 13  iteration  1   file token_ring.13.cil-1.c line 571 function transmit12
Unwinding loop 14  iteration  1   file token_ring.13.cil-1.c line 607 function transmit13
Unwinding loop 15  iteration  1   file token_ring.13.cil-1.c line 1066 function eval
Unwinding loop 1  iteration  1   file token_ring.13.cil-1.c line 119 function master
Unwinding loop 2  iteration  1   file token_ring.13.cil-1.c line 175 function transmit1
Unwinding loop 3  iteration  1   file token_ring.13.cil-1.c line 211 function transmit2
Unwinding loop 4  iteration  1   file token_ring.13.cil-1.c line 247 function transmit3
Unwinding loop 5  iteration  1   file token_ring.13.cil-1.c line 283 function transmit4
Unwinding loop 6  iteration  1   file token_ring.13.cil-1.c line 319 function transmit5
Unwinding loop 7  iteration  1   file token_ring.13.cil-1.c line 355 function transmit6
Unwinding loop 8  iteration  1   file token_ring.13.cil-1.c line 391 function transmit7
Unwinding loop 9  iteration  1   file token_ring.13.cil-1.c line 427 function transmit8
Unwinding loop 10  iteration  1   file token_ring.13.cil-1.c line 463 function transmit9
Unwinding loop 11  iteration  1   file token_ring.13.cil-1.c line 499 function transmit10
Unwinding loop 12  iteration  1   file token_ring.13.cil-1.c line 535 function transmit11
Unwinding loop 13  iteration  1   file token_ring.13.cil-1.c line 571 function transmit12
Unwinding loop 14  iteration  1   file token_ring.13.cil-1.c line 607 function transmit13
Unwinding loop 15  iteration  2   file token_ring.13.cil-1.c line 1066 function eval
Unwinding loop 1  iteration  1   file token_ring.13.cil-1.c line 119 function master
Unwinding loop 2  iteration  1   file token_ring.13.cil-1.c line 175 function transmit1
Unwinding loop 3  iteration  1   file token_ring.13.cil-1.c line 211 function transmit2
Unwinding loop 4  iteration  1   file token_ring.13.cil-1.c line 247 function transmit3
Unwinding loop 5  iteration  1   file token_ring.13.cil-1.c line 283 function transmit4
Unwinding loop 6  iteration  1   file token_ring.13.cil-1.c line 319 function transmit5
Unwinding loop 7  iteration  1   file token_ring.13.cil-1.c line 355 function transmit6
Unwinding loop 8  iteration  1   file token_ring.13.cil-1.c line 391 function transmit7
Unwinding loop 9  iteration  1   file token_ring.13.cil-1.c line 427 function transmit8
Unwinding loop 10  iteration  1   file token_ring.13.cil-1.c line 463 function transmit9
Unwinding loop 11  iteration  1   file token_ring.13.cil-1.c line 499 function transmit10
Unwinding loop 12  iteration  1   file token_ring.13.cil-1.c line 535 function transmit11
Unwinding loop 13  iteration  1   file token_ring.13.cil-1.c line 571 function transmit12
Unwinding loop 14  iteration  1   file token_ring.13.cil-1.c line 607 function transmit13
Unwinding loop 15  iteration  3   file token_ring.13.cil-1.c line 1066 function eval
Unwinding loop 1  iteration  1   file token_ring.13.cil-1.c line 119 function master
Unwinding loop 2  iteration  1   file token_ring.13.cil-1.c line 175 function transmit1
Unwinding loop 3  iteration  1   file token_ring.13.cil-1.c line 211 function transmit2
Unwinding loop 4  iteration  1   file token_ring.13.cil-1.c line 247 function transmit3
Unwinding loop 5  iteration  1   file token_ring.13.cil-1.c line 283 function transmit4
Unwinding loop 6  iteration  1   file token_ring.13.cil-1.c line 319 function transmit5
Unwinding loop 7  iteration  1   file token_ring.13.cil-1.c line 355 function transmit6
Unwinding loop 8  iteration  1   file token_ring.13.cil-1.c line 391 function transmit7
Unwinding loop 9  iteration  1   file token_ring.13.cil-1.c line 427 function transmit8
Unwinding loop 10  iteration  1   file token_ring.13.cil-1.c line 463 function transmit9
Unwinding loop 11  iteration  1   file token_ring.13.cil-1.c line 499 function transmit10
Unwinding loop 12  iteration  1   file token_ring.13.cil-1.c line 535 function transmit11
Unwinding loop 13  iteration  1   file token_ring.13.cil-1.c line 571 function transmit12
Unwinding loop 14  iteration  1   file token_ring.13.cil-1.c line 607 function transmit13
Unwinding loop 15  iteration  4   file token_ring.13.cil-1.c line 1066 function eval
Unwinding loop 1  iteration  1   file token_ring.13.cil-1.c line 119 function master
Unwinding loop 2  iteration  1   file token_ring.13.cil-1.c line 175 function transmit1
Unwinding loop 3  iteration  1   file token_ring.13.cil-1.c line 211 function transmit2
Unwinding loop 4  iteration  1   file token_ring.13.cil-1.c line 247 function transmit3
Unwinding loop 5  iteration  1   file token_ring.13.cil-1.c line 283 function transmit4
Unwinding loop 6  iteration  1   file token_ring.13.cil-1.c line 319 function transmit5
Unwinding loop 7  iteration  1   file token_ring.13.cil-1.c line 355 function transmit6
Unwinding loop 8  iteration  1   file token_ring.13.cil-1.c line 391 function transmit7
Unwinding loop 9  iteration  1   file token_ring.13.cil-1.c line 427 function transmit8
Unwinding loop 10  iteration  1   file token_ring.13.cil-1.c line 463 function transmit9
Unwinding loop 11  iteration  1   file token_ring.13.cil-1.c line 499 function transmit10
Unwinding loop 12  iteration  1   file token_ring.13.cil-1.c line 535 function transmit11
Unwinding loop 13  iteration  1   file token_ring.13.cil-1.c line 571 function transmit12
Unwinding loop 14  iteration  1   file token_ring.13.cil-1.c line 607 function transmit13
Unwinding loop 15  iteration  5   file token_ring.13.cil-1.c line 1066 function eval
Unwinding loop 1  iteration  1   file token_ring.13.cil-1.c line 119 function master
Unwinding loop 2  iteration  1   file token_ring.13.cil-1.c line 175 function transmit1
Unwinding loop 3  iteration  1   file token_ring.13.cil-1.c line 211 function transmit2
Unwinding loop 4  iteration  1   file token_ring.13.cil-1.c line 247 function transmit3
Unwinding loop 5  iteration  1   file token_ring.13.cil-1.c line 283 function transmit4
Unwinding loop 6  iteration  1   file token_ring.13.cil-1.c line 319 function transmit5
Unwinding loop 7  iteration  1   file token_ring.13.cil-1.c line 355 function transmit6
Unwinding loop 8  iteration  1   file token_ring.13.cil-1.c line 391 function transmit7
Unwinding loop 9  iteration  1   file token_ring.13.cil-1.c line 427 function transmit8
Unwinding loop 10  iteration  1   file token_ring.13.cil-1.c line 463 function transmit9
Unwinding loop 11  iteration  1   file token_ring.13.cil-1.c line 499 function transmit10
Unwinding loop 12  iteration  1   file token_ring.13.cil-1.c line 535 function transmit11
Unwinding loop 13  iteration  1   file token_ring.13.cil-1.c line 571 function transmit12
Unwinding loop 14  iteration  1   file token_ring.13.cil-1.c line 607 function transmit13
Not unwinding 
Not unwinding 
Symex completed in: 21.093s (45616 assignments)
Slicing time: 0.129s (removed 34048 assignments)
Generated 70 VCC(s), 70 remaining after simplification (11568 assignments)
No solver specified; defaulting to Boolector
Encoding remaining VCC(s) using bit-vector/floating-point arithmetic
Encoding to solver time: 0.209s
Solving with solver Boolector 3.2.2
Encoding to solver time: 0.209s
Runtime decision procedure: 17.687s
Building error trace

Counterexample:

State 1 file token_ring.13.cil-1.c line 1078 function eval thread 0
----------------------------------------------------
  tmp_ndt_1 = 0 (00000000 00000000 00000000 00000000)

State 2 file token_ring.13.cil-1.c line 1092 function eval thread 0
----------------------------------------------------
  tmp_ndt_2 = 0 (00000000 00000000 00000000 00000000)

State 3 file token_ring.13.cil-1.c line 1106 function eval thread 0
----------------------------------------------------
  tmp_ndt_3 = 1 (00000000 00000000 00000000 00000001)

State 4 file token_ring.13.cil-1.c line 1120 function eval thread 0
----------------------------------------------------
  tmp_ndt_4 = 8 (00000000 00000000 00000000 00001000)

State 5 file token_ring.13.cil-1.c line 1134 function eval thread 0
----------------------------------------------------
  tmp_ndt_5 = 8 (00000000 00000000 00000000 00001000)

State 6 file token_ring.13.cil-1.c line 1148 function eval thread 0
----------------------------------------------------
  tmp_ndt_6 = 4 (00000000 00000000 00000000 00000100)

State 7 file token_ring.13.cil-1.c line 1162 function eval thread 0
----------------------------------------------------
  tmp_ndt_7 = 0 (00000000 00000000 00000000 00000000)

State 8 file token_ring.13.cil-1.c line 1176 function eval thread 0
----------------------------------------------------
  tmp_ndt_8 = 0 (00000000 00000000 00000000 00000000)

State 9 file token_ring.13.cil-1.c line 1190 function eval thread 0
----------------------------------------------------
  tmp_ndt_9 = 0 (00000000 00000000 00000000 00000000)

State 10 file token_ring.13.cil-1.c line 1204 function eval thread 0
----------------------------------------------------
  tmp_ndt_10 = 0 (00000000 00000000 00000000 00000000)

State 11 file token_ring.13.cil-1.c line 1218 function eval thread 0
----------------------------------------------------
  tmp_ndt_11 = 1 (00000000 00000000 00000000 00000001)

State 12 file token_ring.13.cil-1.c line 1232 function eval thread 0
----------------------------------------------------
  tmp_ndt_12 = 32768 (00000000 00000000 10000000 00000000)

State 13 file token_ring.13.cil-1.c line 1246 function eval thread 0
----------------------------------------------------
  tmp_ndt_13 = 0 (00000000 00000000 00000000 00000000)

State 14 file token_ring.13.cil-1.c line 1260 function eval thread 0
----------------------------------------------------
  tmp_ndt_14 = 0 (00000000 00000000 00000000 00000000)

State 15 file token_ring.13.cil-1.c line 1078 function eval thread 0
----------------------------------------------------
  tmp_ndt_1 = 0 (00000000 00000000 00000000 00000000)

State 16 file token_ring.13.cil-1.c line 1092 function eval thread 0
----------------------------------------------------
  tmp_ndt_2 = 2 (00000000 00000000 00000000 00000010)

State 17 file token_ring.13.cil-1.c line 1162 function eval thread 0
----------------------------------------------------
  tmp_ndt_7 = 0 (00000000 00000000 00000000 00000000)

State 18 file token_ring.13.cil-1.c line 1176 function eval thread 0
----------------------------------------------------
  tmp_ndt_8 = 1 (00000000 00000000 00000000 00000001)

State 19 file token_ring.13.cil-1.c line 1190 function eval thread 0
----------------------------------------------------
  tmp_ndt_9 = 0 (00000000 00000000 00000000 00000000)

State 20 file token_ring.13.cil-1.c line 1204 function eval thread 0
----------------------------------------------------
  tmp_ndt_10 = 0 (00000000 00000000 00000000 00000000)

State 21 file token_ring.13.cil-1.c line 1246 function eval thread 0
----------------------------------------------------
  tmp_ndt_13 = 0 (00000000 00000000 00000000 00000000)

State 22 file token_ring.13.cil-1.c line 1260 function eval thread 0
----------------------------------------------------
  tmp_ndt_14 = 0 (00000000 00000000 00000000 00000000)

State 23 file token_ring.13.cil-1.c line 1078 function eval thread 0
----------------------------------------------------
  tmp_ndt_1 = 0 (00000000 00000000 00000000 00000000)

State 24 file token_ring.13.cil-1.c line 1162 function eval thread 0
----------------------------------------------------
  tmp_ndt_7 = 16 (00000000 00000000 00000000 00010000)

State 25 file token_ring.13.cil-1.c line 1190 function eval thread 0
----------------------------------------------------
  tmp_ndt_9 = 128 (00000000 00000000 00000000 10000000)

State 26 file token_ring.13.cil-1.c line 1204 function eval thread 0
----------------------------------------------------
  tmp_ndt_10 = 1 (00000000 00000000 00000000 00000001)

State 27 file token_ring.13.cil-1.c line 1246 function eval thread 0
----------------------------------------------------
  tmp_ndt_13 = 2 (00000000 00000000 00000000 00000010)

State 28 file token_ring.13.cil-1.c line 1260 function eval thread 0
----------------------------------------------------
  tmp_ndt_14 = 8 (00000000 00000000 00000000 00001000)

State 29 file token_ring.13.cil-1.c line 1078 function eval thread 0
----------------------------------------------------
  tmp_ndt_1 = 1 (00000000 00000000 00000000 00000001)

State 30 file token_ring.13.cil-1.c line 106 function master thread 0
----------------------------------------------------
  tmp_var = -2147483643 (10000000 00000000 00000000 00000101)

State 31 file token_ring.13.cil-1.c line 122 function master thread 0
----------------------------------------------------
  token = 892321779 (00110101 00101111 10111111 11110011)

State 32 file token_ring.13.cil-1.c line 123 function master thread 0
----------------------------------------------------
  local = 892321779 (00110101 00101111 10111111 11110011)

State 33 file token_ring.13.cil-1.c line 1092 function eval thread 0
----------------------------------------------------
  tmp_ndt_2 = 1 (00000000 00000000 00000000 00000001)

State 34 file token_ring.13.cil-1.c line 183 function transmit1 thread 0
----------------------------------------------------
  token = 892321780 (00110101 00101111 10111111 11110100)

State 35 file token_ring.13.cil-1.c line 1106 function eval thread 0
----------------------------------------------------
  tmp_ndt_3 = 1 (00000000 00000000 00000000 00000001)

State 36 file token_ring.13.cil-1.c line 219 function transmit2 thread 0
----------------------------------------------------
  token = 892321781 (00110101 00101111 10111111 11110101)

State 37 file token_ring.13.cil-1.c line 1120 function eval thread 0
----------------------------------------------------
  tmp_ndt_4 = 1 (00000000 00000000 00000000 00000001)

State 38 file token_ring.13.cil-1.c line 255 function transmit3 thread 0
----------------------------------------------------
  token = 892321782 (00110101 00101111 10111111 11110110)

State 39 file token_ring.13.cil-1.c line 1134 function eval thread 0
----------------------------------------------------
  tmp_ndt_5 = 64 (00000000 00000000 00000000 01000000)

State 40 file token_ring.13.cil-1.c line 291 function transmit4 thread 0
----------------------------------------------------
  token = 892321783 (00110101 00101111 10111111 11110111)

State 41 file token_ring.13.cil-1.c line 1148 function eval thread 0
----------------------------------------------------
  tmp_ndt_6 = 1 (00000000 00000000 00000000 00000001)

State 42 file token_ring.13.cil-1.c line 327 function transmit5 thread 0
----------------------------------------------------
  token = 892321784 (00110101 00101111 10111111 11111000)

State 43 file token_ring.13.cil-1.c line 1162 function eval thread 0
----------------------------------------------------
  tmp_ndt_7 = 1 (00000000 00000000 00000000 00000001)

State 44 file token_ring.13.cil-1.c line 363 function transmit6 thread 0
----------------------------------------------------
  token = 892321785 (00110101 00101111 10111111 11111001)

State 45 file token_ring.13.cil-1.c line 1176 function eval thread 0
----------------------------------------------------
  tmp_ndt_8 = 1 (00000000 00000000 00000000 00000001)

State 46 file token_ring.13.cil-1.c line 399 function transmit7 thread 0
----------------------------------------------------
  token = 892321786 (00110101 00101111 10111111 11111010)

State 47 file token_ring.13.cil-1.c line 1190 function eval thread 0
----------------------------------------------------
  tmp_ndt_9 = 2 (00000000 00000000 00000000 00000010)

State 48 file token_ring.13.cil-1.c line 435 function transmit8 thread 0
----------------------------------------------------
  token = 892321787 (00110101 00101111 10111111 11111011)

State 49 file token_ring.13.cil-1.c line 1204 function eval thread 0
----------------------------------------------------
  tmp_ndt_10 = 4 (00000000 00000000 00000000 00000100)

State 50 file token_ring.13.cil-1.c line 471 function transmit9 thread 0
----------------------------------------------------
  token = 892321788 (00110101 00101111 10111111 11111100)

State 51 file token_ring.13.cil-1.c line 1218 function eval thread 0
----------------------------------------------------
  tmp_ndt_11 = 1 (00000000 00000000 00000000 00000001)

State 52 file token_ring.13.cil-1.c line 507 function transmit10 thread 0
----------------------------------------------------
  token = 892321789 (00110101 00101111 10111111 11111101)

State 53 file token_ring.13.cil-1.c line 1232 function eval thread 0
----------------------------------------------------
  tmp_ndt_12 = 8 (00000000 00000000 00000000 00001000)

State 54 file token_ring.13.cil-1.c line 543 function transmit11 thread 0
----------------------------------------------------
  token = 892321790 (00110101 00101111 10111111 11111110)

State 55 file token_ring.13.cil-1.c line 1246 function eval thread 0
----------------------------------------------------
  tmp_ndt_13 = 2 (00000000 00000000 00000000 00000010)

State 56 file token_ring.13.cil-1.c line 579 function transmit12 thread 0
----------------------------------------------------
  token = 892321791 (00110101 00101111 10111111 11111111)

State 57 file token_ring.13.cil-1.c line 1260 function eval thread 0
----------------------------------------------------
  tmp_ndt_14 = 0 (00000000 00000000 00000000 00000000)

State 58 file token_ring.13.cil-1.c line 1260 function eval thread 0
----------------------------------------------------
  tmp_ndt_14 = 1 (00000000 00000000 00000000 00000001)

State 59 file token_ring.13.cil-1.c line 615 function transmit13 thread 0
----------------------------------------------------
  token = 892321792 (00110101 00101111 11000000 00000000)

State 60 file token_ring.13.cil-1.c line 1078 function eval thread 0
----------------------------------------------------
  tmp_ndt_1 = 1 (00000000 00000000 00000000 00000001)

State 61 file token_ring.13.cil-1.c line 106 function master thread 0
----------------------------------------------------
  tmp_var = 5 (00000000 00000000 00000000 00000101)

State 62 file token_ring.13.cil-1.c line 3 function reach_error thread 0
----------------------------------------------------
Violated property:
  file token_ring.13.cil-1.c line 3 function reach_error
  assertion 0
  0


VERIFICATION FAILED

Bug found (k = 6)


FALSE_REACH
