./esbmc-wrapper.py -p ../sv-benchmarks/c/properties/unreach-call.prp -s kinduction --arch 32 ../sv-benchmarks/c/eca-rers2012/Problem04_label17.c


--------------------------------------------------------------------------------


Verifying with ESBMC
Command: ./esbmc --no-div-by-zero-check --force-malloc-success --state-hashing --add-symex-value-sets --no-align-check --k-step 5 --floatbv --unlimited-k-steps ../sv-benchmarks/c/eca-rers2012/Problem04_label17.c --32 --witness-output Problem04_label17.c.graphml --no-pointer-check --no-bounds-check --interval-analysis --goto-unwind --unlimited-goto-unwind --k-induction --max-inductive-step 3 
ESBMC version 6.8.0 64-bit x86_64 linux
Target: 32-bit little-endian x86_64-unknown-linux with esbmc libc
file ../sv-benchmarks/c/eca-rers2012/Problem04_label17.c: Parsing
Converting
Generating GOTO Program
GOTO program creation time: 0.765s
GOTO program processing time: 0.303s
*** Checking base case, k = 1
Starting Bounded Model Checking
Not unwinding 
Symex completed in: 0.099s (1600 assignments)
Slicing time: 0.001s (removed 1596 assignments)
Generated 0 VCC(s), 0 remaining after simplification (4 assignments)
BMC program time: 0.100s
No bug has been found in the base case
*** Checking forward condition, k = 1
Starting Bounded Model Checking
Not unwinding 
Symex completed in: 0.109s (1600 assignments)
Slicing time: 0.001s (removed 1596 assignments)
Generated 1 VCC(s), 1 remaining after simplification (4 assignments)
No solver specified; defaulting to Boolector
Encoding remaining VCC(s) using bit-vector/floating-point arithmetic
Encoding to solver time: 0.000s
Solving with solver Boolector 3.2.2
Encoding to solver time: 0.000s
Runtime decision procedure: 0.002s
The forward condition is unable to prove the property
*** Checking base case, k = 6
Starting Bounded Model Checking
Unwinding loop 1  iteration  1   file Problem04_label17.c line 4826 function main
Unwinding loop 1  iteration  2   file Problem04_label17.c line 4826 function main
Unwinding loop 1  iteration  3   file Problem04_label17.c line 4826 function main
Unwinding loop 1  iteration  4   file Problem04_label17.c line 4826 function main
Unwinding loop 1  iteration  5   file Problem04_label17.c line 4826 function main
Not unwinding 
Symex completed in: 2.618s (60120 assignments)
Slicing time: 0.507s (removed 29677 assignments)
Generated 4 VCC(s), 4 remaining after simplification (30443 assignments)
No solver specified; defaulting to Boolector
Encoding remaining VCC(s) using bit-vector/floating-point arithmetic
Encoding to solver time: 0.501s
Solving with solver Boolector 3.2.2
Encoding to solver time: 0.501s
Runtime decision procedure: 2.365s
BMC program time: 5.992s
No bug has been found in the base case
*** Checking forward condition, k = 6
Starting Bounded Model Checking
Unwinding loop 1  iteration  1   file Problem04_label17.c line 4826 function main
Unwinding loop 1  iteration  2   file Problem04_label17.c line 4826 function main
Unwinding loop 1  iteration  3   file Problem04_label17.c line 4826 function main
Unwinding loop 1  iteration  4   file Problem04_label17.c line 4826 function main
Unwinding loop 1  iteration  5   file Problem04_label17.c line 4826 function main
Not unwinding 
Symex completed in: 3.258s (60116 assignments)
Slicing time: 0.492s (removed 29677 assignments)
Generated 1 VCC(s), 1 remaining after simplification (30439 assignments)
No solver specified; defaulting to Boolector
Encoding remaining VCC(s) using bit-vector/floating-point arithmetic
Encoding to solver time: 0.514s
Solving with solver Boolector 3.2.2
Encoding to solver time: 0.514s
Runtime decision procedure: 2.290s
The forward condition is unable to prove the property
*** Checking base case, k = 11
Starting Bounded Model Checking
Unwinding loop 1  iteration  1   file Problem04_label17.c line 4826 function main
Unwinding loop 1  iteration  2   file Problem04_label17.c line 4826 function main
Unwinding loop 1  iteration  3   file Problem04_label17.c line 4826 function main
Unwinding loop 1  iteration  4   file Problem04_label17.c line 4826 function main
Unwinding loop 1  iteration  5   file Problem04_label17.c line 4826 function main
Unwinding loop 1  iteration  6   file Problem04_label17.c line 4826 function main
Unwinding loop 1  iteration  7   file Problem04_label17.c line 4826 function main
Unwinding loop 1  iteration  8   file Problem04_label17.c line 4826 function main
Unwinding loop 1  iteration  9   file Problem04_label17.c line 4826 function main
Unwinding loop 1  iteration  10   file Problem04_label17.c line 4826 function main
Not unwinding 
Symex completed in: 6.635s (129300 assignments)
Slicing time: 1.117s (removed 56622 assignments)
Generated 9 VCC(s), 9 remaining after simplification (72678 assignments)
No solver specified; defaulting to Boolector
Encoding remaining VCC(s) using bit-vector/floating-point arithmetic
Encoding to solver time: 1.323s
Solving with solver Boolector 3.2.2
Encoding to solver time: 1.323s
Runtime decision procedure: 13.342s
BMC program time: 22.418s
No bug has been found in the base case
*** Checking forward condition, k = 11
Starting Bounded Model Checking
Unwinding loop 1  iteration  1   file Problem04_label17.c line 4826 function main
Unwinding loop 1  iteration  2   file Problem04_label17.c line 4826 function main
Unwinding loop 1  iteration  3   file Problem04_label17.c line 4826 function main
Unwinding loop 1  iteration  4   file Problem04_label17.c line 4826 function main
Unwinding loop 1  iteration  5   file Problem04_label17.c line 4826 function main
Unwinding loop 1  iteration  6   file Problem04_label17.c line 4826 function main
Unwinding loop 1  iteration  7   file Problem04_label17.c line 4826 function main
Unwinding loop 1  iteration  8   file Problem04_label17.c line 4826 function main
Unwinding loop 1  iteration  9   file Problem04_label17.c line 4826 function main
Unwinding loop 1  iteration  10   file Problem04_label17.c line 4826 function main
Not unwinding 
Symex completed in: 7.673s (129291 assignments)
Slicing time: 1.133s (removed 56622 assignments)
Generated 1 VCC(s), 1 remaining after simplification (72669 assignments)
No solver specified; defaulting to Boolector
Encoding remaining VCC(s) using bit-vector/floating-point arithmetic
Encoding to solver time: 1.442s
Solving with solver Boolector 3.2.2
Encoding to solver time: 1.442s
Runtime decision procedure: 7.368s
The forward condition is unable to prove the property
*** Checking base case, k = 16
Starting Bounded Model Checking
Unwinding loop 1  iteration  1   file Problem04_label17.c line 4826 function main
Unwinding loop 1  iteration  2   file Problem04_label17.c line 4826 function main
Unwinding loop 1  iteration  3   file Problem04_label17.c line 4826 function main
Unwinding loop 1  iteration  4   file Problem04_label17.c line 4826 function main
Unwinding loop 1  iteration  5   file Problem04_label17.c line 4826 function main
Unwinding loop 1  iteration  6   file Problem04_label17.c line 4826 function main
Unwinding loop 1  iteration  7   file Problem04_label17.c line 4826 function main
Unwinding loop 1  iteration  8   file Problem04_label17.c line 4826 function main
Unwinding loop 1  iteration  9   file Problem04_label17.c line 4826 function main
Unwinding loop 1  iteration  10   file Problem04_label17.c line 4826 function main
Unwinding loop 1  iteration  11   file Problem04_label17.c line 4826 function main
Unwinding loop 1  iteration  12   file Problem04_label17.c line 4826 function main
Unwinding loop 1  iteration  13   file Problem04_label17.c line 4826 function main
Unwinding loop 1  iteration  14   file Problem04_label17.c line 4826 function main
Unwinding loop 1  iteration  15   file Problem04_label17.c line 4826 function main
Not unwinding 
Symex completed in: 11.485s (198480 assignments)
Slicing time: 1.816s (removed 83567 assignments)
Generated 14 VCC(s), 14 remaining after simplification (114913 assignments)
No solver specified; defaulting to Boolector
Encoding remaining VCC(s) using bit-vector/floating-point arithmetic
Encoding to solver time: 1.911s
Solving with solver Boolector 3.2.2
Encoding to solver time: 1.911s
Runtime decision procedure: 29.257s
BMC program time: 44.470s
No bug has been found in the base case
*** Checking forward condition, k = 16
Starting Bounded Model Checking
Unwinding loop 1  iteration  1   file Problem04_label17.c line 4826 function main
Unwinding loop 1  iteration  2   file Problem04_label17.c line 4826 function main
Unwinding loop 1  iteration  3   file Problem04_label17.c line 4826 function main
Unwinding loop 1  iteration  4   file Problem04_label17.c line 4826 function main
Unwinding loop 1  iteration  5   file Problem04_label17.c line 4826 function main
Unwinding loop 1  iteration  6   file Problem04_label17.c line 4826 function main
Unwinding loop 1  iteration  7   file Problem04_label17.c line 4826 function main
Unwinding loop 1  iteration  8   file Problem04_label17.c line 4826 function main
Unwinding loop 1  iteration  9   file Problem04_label17.c line 4826 function main
Unwinding loop 1  iteration  10   file Problem04_label17.c line 4826 function main
Unwinding loop 1  iteration  11   file Problem04_label17.c line 4826 function main
Unwinding loop 1  iteration  12   file Problem04_label17.c line 4826 function main
Unwinding loop 1  iteration  13   file Problem04_label17.c line 4826 function main
Unwinding loop 1  iteration  14   file Problem04_label17.c line 4826 function main
Unwinding loop 1  iteration  15   file Problem04_label17.c line 4826 function main
Not unwinding 
Symex completed in: 12.269s (198466 assignments)
Slicing time: 1.781s (removed 83567 assignments)
Generated 1 VCC(s), 1 remaining after simplification (114899 assignments)
No solver specified; defaulting to Boolector
Encoding remaining VCC(s) using bit-vector/floating-point arithmetic
Encoding to solver time: 2.313s
Solving with solver Boolector 3.2.2
Encoding to solver time: 2.313s
Runtime decision procedure: 12.182s
The forward condition is unable to prove the property
*** Checking base case, k = 21
Starting Bounded Model Checking
Unwinding loop 1  iteration  1   file Problem04_label17.c line 4826 function main
Unwinding loop 1  iteration  2   file Problem04_label17.c line 4826 function main
Unwinding loop 1  iteration  3   file Problem04_label17.c line 4826 function main
Unwinding loop 1  iteration  4   file Problem04_label17.c line 4826 function main
Unwinding loop 1  iteration  5   file Problem04_label17.c line 4826 function main
Unwinding loop 1  iteration  6   file Problem04_label17.c line 4826 function main
Unwinding loop 1  iteration  7   file Problem04_label17.c line 4826 function main
Unwinding loop 1  iteration  8   file Problem04_label17.c line 4826 function main
Unwinding loop 1  iteration  9   file Problem04_label17.c line 4826 function main
Unwinding loop 1  iteration  10   file Problem04_label17.c line 4826 function main
Unwinding loop 1  iteration  11   file Problem04_label17.c line 4826 function main
Unwinding loop 1  iteration  12   file Problem04_label17.c line 4826 function main
Unwinding loop 1  iteration  13   file Problem04_label17.c line 4826 function main
Unwinding loop 1  iteration  14   file Problem04_label17.c line 4826 function main
Unwinding loop 1  iteration  15   file Problem04_label17.c line 4826 function main
Unwinding loop 1  iteration  16   file Problem04_label17.c line 4826 function main
Unwinding loop 1  iteration  17   file Problem04_label17.c line 4826 function main
Unwinding loop 1  iteration  18   file Problem04_label17.c line 4826 function main
Unwinding loop 1  iteration  19   file Problem04_label17.c line 4826 function main
Unwinding loop 1  iteration  20   file Problem04_label17.c line 4826 function main
Not unwinding 
Symex completed in: 16.657s (267660 assignments)
Slicing time: 2.481s (removed 110512 assignments)
Generated 19 VCC(s), 19 remaining after simplification (157148 assignments)
No solver specified; defaulting to Boolector
Encoding remaining VCC(s) using bit-vector/floating-point arithmetic
Encoding to solver time: 3.085s
Solving with solver Boolector 3.2.2
Encoding to solver time: 3.085s
Runtime decision procedure: 39.291s
Building error trace

Counterexample:

State 1 file Problem04_label17.c line 4830 function main thread 0
----------------------------------------------------
  input = 2 (00000000 00000000 00000000 00000010)

State 2 file Problem04_label17.c line 4830 function main thread 0
----------------------------------------------------
  input = 6 (00000000 00000000 00000000 00000110)

State 3 file Problem04_label17.c line 4830 function main thread 0
----------------------------------------------------
  input = 4 (00000000 00000000 00000000 00000100)

State 4 file Problem04_label17.c line 4830 function main thread 0
----------------------------------------------------
  input = 5 (00000000 00000000 00000000 00000101)

State 5 file Problem04_label17.c line 4830 function main thread 0
----------------------------------------------------
  input = 2 (00000000 00000000 00000000 00000010)

State 6 file Problem04_label17.c line 4830 function main thread 0
----------------------------------------------------
  input = 3 (00000000 00000000 00000000 00000011)

State 7 file Problem04_label17.c line 4830 function main thread 0
----------------------------------------------------
  input = 6 (00000000 00000000 00000000 00000110)

State 8 file Problem04_label17.c line 4830 function main thread 0
----------------------------------------------------
  input = 4 (00000000 00000000 00000000 00000100)

State 9 file Problem04_label17.c line 4830 function main thread 0
----------------------------------------------------
  input = 1 (00000000 00000000 00000000 00000001)

State 10 file Problem04_label17.c line 4830 function main thread 0
----------------------------------------------------
  input = 1 (00000000 00000000 00000000 00000001)

State 11 file Problem04_label17.c line 4830 function main thread 0
----------------------------------------------------
  input = 4 (00000000 00000000 00000000 00000100)

State 12 file Problem04_label17.c line 4830 function main thread 0
----------------------------------------------------
  input = 1 (00000000 00000000 00000000 00000001)

State 13 file Problem04_label17.c line 4830 function main thread 0
----------------------------------------------------
  input = 1 (00000000 00000000 00000000 00000001)

State 14 file Problem04_label17.c line 4830 function main thread 0
----------------------------------------------------
  input = 3 (00000000 00000000 00000000 00000011)

State 15 file Problem04_label17.c line 4830 function main thread 0
----------------------------------------------------
  input = 5 (00000000 00000000 00000000 00000101)

State 16 file Problem04_label17.c line 4830 function main thread 0
----------------------------------------------------
  input = 6 (00000000 00000000 00000000 00000110)

State 17 file Problem04_label17.c line 4830 function main thread 0
----------------------------------------------------
  input = 5 (00000000 00000000 00000000 00000101)

State 18 file Problem04_label17.c line 15 function reach_error thread 0
----------------------------------------------------
Violated property:
  file Problem04_label17.c line 15 function reach_error
  assertion 0
  0


VERIFICATION FAILED

Bug found (k = 21)


FALSE_REACH
