./esbmc-wrapper.py -p ../sv-benchmarks/c/properties/no-overflow.prp -s kinduction --arch 64 ../sv-benchmarks/c/termination-numeric/java_LogBuiltIn.c


--------------------------------------------------------------------------------


Verifying with ESBMC
Command: ./esbmc --no-div-by-zero-check --force-malloc-success --state-hashing --add-symex-value-sets --no-align-check --k-step 5 --floatbv --unlimited-k-steps ../sv-benchmarks/c/termination-numeric/java_LogBuiltIn.c --64 --witness-output java_LogBuiltIn.c.graphml --no-pointer-check --no-bounds-check --overflow-check --no-assertions --k-induction --max-inductive-step 3 
ESBMC version 6.8.0 64-bit x86_64 linux
Target: 64-bit little-endian x86_64-unknown-linux with esbmc libc
file ../sv-benchmarks/c/termination-numeric/java_LogBuiltIn.c: Parsing
Converting
Generating GOTO Program
GOTO program creation time: 0.128s
GOTO program processing time: 0.000s
*** Checking base case, k = 1
Starting Bounded Model Checking
Not unwinding 
Symex completed in: 0.001s (22 assignments)
Slicing time: 0.000s (removed 15 assignments)
Generated 2 VCC(s), 2 remaining after simplification (7 assignments)
No solver specified; defaulting to Boolector
Encoding remaining VCC(s) using bit-vector/floating-point arithmetic
Encoding to solver time: 0.000s
Solving with solver Boolector 3.2.2
Encoding to solver time: 0.000s
Runtime decision procedure: 0.000s
BMC program time: 0.002s
No bug has been found in the base case
*** Checking forward condition, k = 1
Starting Bounded Model Checking
Not unwinding 
Symex completed in: 0.001s (22 assignments)
Slicing time: 0.000s (removed 15 assignments)
Generated 3 VCC(s), 3 remaining after simplification (7 assignments)
No solver specified; defaulting to Boolector
Encoding remaining VCC(s) using bit-vector/floating-point arithmetic
Encoding to solver time: 0.000s
Solving with solver Boolector 3.2.2
Encoding to solver time: 0.000s
Runtime decision procedure: 0.002s
The forward condition is unable to prove the property
*** Checking base case, k = 6
Starting Bounded Model Checking
Unwinding loop 1  iteration  1   file java_LogBuiltIn.c line 7 function mlog
Unwinding loop 1  iteration  2   file java_LogBuiltIn.c line 7 function mlog
Unwinding loop 1  iteration  3   file java_LogBuiltIn.c line 7 function mlog
Unwinding loop 1  iteration  4   file java_LogBuiltIn.c line 7 function mlog
Unwinding loop 1  iteration  5   file java_LogBuiltIn.c line 7 function mlog
Not unwinding 
Symex completed in: 0.002s (57 assignments)
Slicing time: 0.000s (removed 30 assignments)
Generated 12 VCC(s), 12 remaining after simplification (27 assignments)
No solver specified; defaulting to Boolector
Encoding remaining VCC(s) using bit-vector/floating-point arithmetic
Encoding to solver time: 0.001s
Solving with solver Boolector 3.2.2
Encoding to solver time: 0.001s
Runtime decision procedure: 0.000s
BMC program time: 0.003s
No bug has been found in the base case
*** Checking forward condition, k = 6
Starting Bounded Model Checking
Unwinding loop 1  iteration  1   file java_LogBuiltIn.c line 7 function mlog
Unwinding loop 1  iteration  2   file java_LogBuiltIn.c line 7 function mlog
Unwinding loop 1  iteration  3   file java_LogBuiltIn.c line 7 function mlog
Unwinding loop 1  iteration  4   file java_LogBuiltIn.c line 7 function mlog
Unwinding loop 1  iteration  5   file java_LogBuiltIn.c line 7 function mlog
Not unwinding 
Symex completed in: 0.002s (57 assignments)
Slicing time: 0.000s (removed 30 assignments)
Generated 13 VCC(s), 13 remaining after simplification (27 assignments)
No solver specified; defaulting to Boolector
Encoding remaining VCC(s) using bit-vector/floating-point arithmetic
Encoding to solver time: 0.001s
Solving with solver Boolector 3.2.2
Encoding to solver time: 0.001s
Runtime decision procedure: 0.003s
The forward condition is unable to prove the property
*** Checking base case, k = 11
Starting Bounded Model Checking
Unwinding loop 1  iteration  1   file java_LogBuiltIn.c line 7 function mlog
Unwinding loop 1  iteration  2   file java_LogBuiltIn.c line 7 function mlog
Unwinding loop 1  iteration  3   file java_LogBuiltIn.c line 7 function mlog
Unwinding loop 1  iteration  4   file java_LogBuiltIn.c line 7 function mlog
Unwinding loop 1  iteration  5   file java_LogBuiltIn.c line 7 function mlog
Unwinding loop 1  iteration  6   file java_LogBuiltIn.c line 7 function mlog
Unwinding loop 1  iteration  7   file java_LogBuiltIn.c line 7 function mlog
Unwinding loop 1  iteration  8   file java_LogBuiltIn.c line 7 function mlog
Unwinding loop 1  iteration  9   file java_LogBuiltIn.c line 7 function mlog
Unwinding loop 1  iteration  10   file java_LogBuiltIn.c line 7 function mlog
Not unwinding 
Symex completed in: 0.002s (92 assignments)
Slicing time: 0.001s (removed 45 assignments)
Generated 22 VCC(s), 22 remaining after simplification (47 assignments)
No solver specified; defaulting to Boolector
Encoding remaining VCC(s) using bit-vector/floating-point arithmetic
Encoding to solver time: 0.001s
Solving with solver Boolector 3.2.2
Encoding to solver time: 0.001s
Runtime decision procedure: 0.000s
BMC program time: 0.004s
No bug has been found in the base case
*** Checking forward condition, k = 11
Starting Bounded Model Checking
Unwinding loop 1  iteration  1   file java_LogBuiltIn.c line 7 function mlog
Unwinding loop 1  iteration  2   file java_LogBuiltIn.c line 7 function mlog
Unwinding loop 1  iteration  3   file java_LogBuiltIn.c line 7 function mlog
Unwinding loop 1  iteration  4   file java_LogBuiltIn.c line 7 function mlog
Unwinding loop 1  iteration  5   file java_LogBuiltIn.c line 7 function mlog
Unwinding loop 1  iteration  6   file java_LogBuiltIn.c line 7 function mlog
Unwinding loop 1  iteration  7   file java_LogBuiltIn.c line 7 function mlog
Unwinding loop 1  iteration  8   file java_LogBuiltIn.c line 7 function mlog
Unwinding loop 1  iteration  9   file java_LogBuiltIn.c line 7 function mlog
Unwinding loop 1  iteration  10   file java_LogBuiltIn.c line 7 function mlog
Not unwinding 
Symex completed in: 0.002s (92 assignments)
Slicing time: 0.001s (removed 45 assignments)
Generated 23 VCC(s), 23 remaining after simplification (47 assignments)
No solver specified; defaulting to Boolector
Encoding remaining VCC(s) using bit-vector/floating-point arithmetic
Encoding to solver time: 0.001s
Solving with solver Boolector 3.2.2
Encoding to solver time: 0.001s
Runtime decision procedure: 0.005s
The forward condition is unable to prove the property
*** Checking base case, k = 16
Starting Bounded Model Checking
Unwinding loop 1  iteration  1   file java_LogBuiltIn.c line 7 function mlog
Unwinding loop 1  iteration  2   file java_LogBuiltIn.c line 7 function mlog
Unwinding loop 1  iteration  3   file java_LogBuiltIn.c line 7 function mlog
Unwinding loop 1  iteration  4   file java_LogBuiltIn.c line 7 function mlog
Unwinding loop 1  iteration  5   file java_LogBuiltIn.c line 7 function mlog
Unwinding loop 1  iteration  6   file java_LogBuiltIn.c line 7 function mlog
Unwinding loop 1  iteration  7   file java_LogBuiltIn.c line 7 function mlog
Unwinding loop 1  iteration  8   file java_LogBuiltIn.c line 7 function mlog
Unwinding loop 1  iteration  9   file java_LogBuiltIn.c line 7 function mlog
Unwinding loop 1  iteration  10   file java_LogBuiltIn.c line 7 function mlog
Unwinding loop 1  iteration  11   file java_LogBuiltIn.c line 7 function mlog
Unwinding loop 1  iteration  12   file java_LogBuiltIn.c line 7 function mlog
Unwinding loop 1  iteration  13   file java_LogBuiltIn.c line 7 function mlog
Unwinding loop 1  iteration  14   file java_LogBuiltIn.c line 7 function mlog
Unwinding loop 1  iteration  15   file java_LogBuiltIn.c line 7 function mlog
Not unwinding 
Symex completed in: 0.003s (127 assignments)
Slicing time: 0.001s (removed 60 assignments)
Generated 32 VCC(s), 32 remaining after simplification (67 assignments)
No solver specified; defaulting to Boolector
Encoding remaining VCC(s) using bit-vector/floating-point arithmetic
Encoding to solver time: 0.001s
Solving with solver Boolector 3.2.2
Encoding to solver time: 0.001s
Runtime decision procedure: 0.000s
BMC program time: 0.006s
No bug has been found in the base case
*** Checking forward condition, k = 16
Starting Bounded Model Checking
Unwinding loop 1  iteration  1   file java_LogBuiltIn.c line 7 function mlog
Unwinding loop 1  iteration  2   file java_LogBuiltIn.c line 7 function mlog
Unwinding loop 1  iteration  3   file java_LogBuiltIn.c line 7 function mlog
Unwinding loop 1  iteration  4   file java_LogBuiltIn.c line 7 function mlog
Unwinding loop 1  iteration  5   file java_LogBuiltIn.c line 7 function mlog
Unwinding loop 1  iteration  6   file java_LogBuiltIn.c line 7 function mlog
Unwinding loop 1  iteration  7   file java_LogBuiltIn.c line 7 function mlog
Unwinding loop 1  iteration  8   file java_LogBuiltIn.c line 7 function mlog
Unwinding loop 1  iteration  9   file java_LogBuiltIn.c line 7 function mlog
Unwinding loop 1  iteration  10   file java_LogBuiltIn.c line 7 function mlog
Unwinding loop 1  iteration  11   file java_LogBuiltIn.c line 7 function mlog
Unwinding loop 1  iteration  12   file java_LogBuiltIn.c line 7 function mlog
Unwinding loop 1  iteration  13   file java_LogBuiltIn.c line 7 function mlog
Unwinding loop 1  iteration  14   file java_LogBuiltIn.c line 7 function mlog
Unwinding loop 1  iteration  15   file java_LogBuiltIn.c line 7 function mlog
Not unwinding 
Symex completed in: 0.003s (127 assignments)
Slicing time: 0.001s (removed 60 assignments)
Generated 33 VCC(s), 33 remaining after simplification (67 assignments)
No solver specified; defaulting to Boolector
Encoding remaining VCC(s) using bit-vector/floating-point arithmetic
Encoding to solver time: 0.001s
Solving with solver Boolector 3.2.2
Encoding to solver time: 0.001s
Runtime decision procedure: 0.007s
The forward condition is unable to prove the property
*** Checking base case, k = 21
Starting Bounded Model Checking
Unwinding loop 1  iteration  1   file java_LogBuiltIn.c line 7 function mlog
Unwinding loop 1  iteration  2   file java_LogBuiltIn.c line 7 function mlog
Unwinding loop 1  iteration  3   file java_LogBuiltIn.c line 7 function mlog
Unwinding loop 1  iteration  4   file java_LogBuiltIn.c line 7 function mlog
Unwinding loop 1  iteration  5   file java_LogBuiltIn.c line 7 function mlog
Unwinding loop 1  iteration  6   file java_LogBuiltIn.c line 7 function mlog
Unwinding loop 1  iteration  7   file java_LogBuiltIn.c line 7 function mlog
Unwinding loop 1  iteration  8   file java_LogBuiltIn.c line 7 function mlog
Unwinding loop 1  iteration  9   file java_LogBuiltIn.c line 7 function mlog
Unwinding loop 1  iteration  10   file java_LogBuiltIn.c line 7 function mlog
Unwinding loop 1  iteration  11   file java_LogBuiltIn.c line 7 function mlog
Unwinding loop 1  iteration  12   file java_LogBuiltIn.c line 7 function mlog
Unwinding loop 1  iteration  13   file java_LogBuiltIn.c line 7 function mlog
Unwinding loop 1  iteration  14   file java_LogBuiltIn.c line 7 function mlog
Unwinding loop 1  iteration  15   file java_LogBuiltIn.c line 7 function mlog
Unwinding loop 1  iteration  16   file java_LogBuiltIn.c line 7 function mlog
Unwinding loop 1  iteration  17   file java_LogBuiltIn.c line 7 function mlog
Unwinding loop 1  iteration  18   file java_LogBuiltIn.c line 7 function mlog
Unwinding loop 1  iteration  19   file java_LogBuiltIn.c line 7 function mlog
Unwinding loop 1  iteration  20   file java_LogBuiltIn.c line 7 function mlog
Not unwinding 
Symex completed in: 0.004s (162 assignments)
Slicing time: 0.002s (removed 75 assignments)
Generated 42 VCC(s), 42 remaining after simplification (87 assignments)
No solver specified; defaulting to Boolector
Encoding remaining VCC(s) using bit-vector/floating-point arithmetic
Encoding to solver time: 0.001s
Solving with solver Boolector 3.2.2
Encoding to solver time: 0.001s
Runtime decision procedure: 0.000s
BMC program time: 0.008s
No bug has been found in the base case
*** Checking forward condition, k = 21
Starting Bounded Model Checking
Unwinding loop 1  iteration  1   file java_LogBuiltIn.c line 7 function mlog
Unwinding loop 1  iteration  2   file java_LogBuiltIn.c line 7 function mlog
Unwinding loop 1  iteration  3   file java_LogBuiltIn.c line 7 function mlog
Unwinding loop 1  iteration  4   file java_LogBuiltIn.c line 7 function mlog
Unwinding loop 1  iteration  5   file java_LogBuiltIn.c line 7 function mlog
Unwinding loop 1  iteration  6   file java_LogBuiltIn.c line 7 function mlog
Unwinding loop 1  iteration  7   file java_LogBuiltIn.c line 7 function mlog
Unwinding loop 1  iteration  8   file java_LogBuiltIn.c line 7 function mlog
Unwinding loop 1  iteration  9   file java_LogBuiltIn.c line 7 function mlog
Unwinding loop 1  iteration  10   file java_LogBuiltIn.c line 7 function mlog
Unwinding loop 1  iteration  11   file java_LogBuiltIn.c line 7 function mlog
Unwinding loop 1  iteration  12   file java_LogBuiltIn.c line 7 function mlog
Unwinding loop 1  iteration  13   file java_LogBuiltIn.c line 7 function mlog
Unwinding loop 1  iteration  14   file java_LogBuiltIn.c line 7 function mlog
Unwinding loop 1  iteration  15   file java_LogBuiltIn.c line 7 function mlog
Unwinding loop 1  iteration  16   file java_LogBuiltIn.c line 7 function mlog
Unwinding loop 1  iteration  17   file java_LogBuiltIn.c line 7 function mlog
Unwinding loop 1  iteration  18   file java_LogBuiltIn.c line 7 function mlog
Unwinding loop 1  iteration  19   file java_LogBuiltIn.c line 7 function mlog
Unwinding loop 1  iteration  20   file java_LogBuiltIn.c line 7 function mlog
Not unwinding 
Symex completed in: 0.004s (162 assignments)
Slicing time: 0.002s (removed 75 assignments)
Generated 43 VCC(s), 43 remaining after simplification (87 assignments)
No solver specified; defaulting to Boolector
Encoding remaining VCC(s) using bit-vector/floating-point arithmetic
Encoding to solver time: 0.002s
Solving with solver Boolector 3.2.2
Encoding to solver time: 0.002s
Runtime decision procedure: 0.008s
The forward condition is unable to prove the property
*** Checking base case, k = 26
Starting Bounded Model Checking
Unwinding loop 1  iteration  1   file java_LogBuiltIn.c line 7 function mlog
Unwinding loop 1  iteration  2   file java_LogBuiltIn.c line 7 function mlog
Unwinding loop 1  iteration  3   file java_LogBuiltIn.c line 7 function mlog
Unwinding loop 1  iteration  4   file java_LogBuiltIn.c line 7 function mlog
Unwinding loop 1  iteration  5   file java_LogBuiltIn.c line 7 function mlog
Unwinding loop 1  iteration  6   file java_LogBuiltIn.c line 7 function mlog
Unwinding loop 1  iteration  7   file java_LogBuiltIn.c line 7 function mlog
Unwinding loop 1  iteration  8   file java_LogBuiltIn.c line 7 function mlog
Unwinding loop 1  iteration  9   file java_LogBuiltIn.c line 7 function mlog
Unwinding loop 1  iteration  10   file java_LogBuiltIn.c line 7 function mlog
Unwinding loop 1  iteration  11   file java_LogBuiltIn.c line 7 function mlog
Unwinding loop 1  iteration  12   file java_LogBuiltIn.c line 7 function mlog
Unwinding loop 1  iteration  13   file java_LogBuiltIn.c line 7 function mlog
Unwinding loop 1  iteration  14   file java_LogBuiltIn.c line 7 function mlog
Unwinding loop 1  iteration  15   file java_LogBuiltIn.c line 7 function mlog
Unwinding loop 1  iteration  16   file java_LogBuiltIn.c line 7 function mlog
Unwinding loop 1  iteration  17   file java_LogBuiltIn.c line 7 function mlog
Unwinding loop 1  iteration  18   file java_LogBuiltIn.c line 7 function mlog
Unwinding loop 1  iteration  19   file java_LogBuiltIn.c line 7 function mlog
Unwinding loop 1  iteration  20   file java_LogBuiltIn.c line 7 function mlog
Unwinding loop 1  iteration  21   file java_LogBuiltIn.c line 7 function mlog
Unwinding loop 1  iteration  22   file java_LogBuiltIn.c line 7 function mlog
Unwinding loop 1  iteration  23   file java_LogBuiltIn.c line 7 function mlog
Unwinding loop 1  iteration  24   file java_LogBuiltIn.c line 7 function mlog
Unwinding loop 1  iteration  25   file java_LogBuiltIn.c line 7 function mlog
Not unwinding 
Symex completed in: 0.005s (197 assignments)
Slicing time: 0.003s (removed 90 assignments)
Generated 52 VCC(s), 52 remaining after simplification (107 assignments)
No solver specified; defaulting to Boolector
Encoding remaining VCC(s) using bit-vector/floating-point arithmetic
Encoding to solver time: 0.002s
Solving with solver Boolector 3.2.2
Encoding to solver time: 0.002s
Runtime decision procedure: 0.000s
BMC program time: 0.011s
No bug has been found in the base case
*** Checking forward condition, k = 26
Starting Bounded Model Checking
Unwinding loop 1  iteration  1   file java_LogBuiltIn.c line 7 function mlog
Unwinding loop 1  iteration  2   file java_LogBuiltIn.c line 7 function mlog
Unwinding loop 1  iteration  3   file java_LogBuiltIn.c line 7 function mlog
Unwinding loop 1  iteration  4   file java_LogBuiltIn.c line 7 function mlog
Unwinding loop 1  iteration  5   file java_LogBuiltIn.c line 7 function mlog
Unwinding loop 1  iteration  6   file java_LogBuiltIn.c line 7 function mlog
Unwinding loop 1  iteration  7   file java_LogBuiltIn.c line 7 function mlog
Unwinding loop 1  iteration  8   file java_LogBuiltIn.c line 7 function mlog
Unwinding loop 1  iteration  9   file java_LogBuiltIn.c line 7 function mlog
Unwinding loop 1  iteration  10   file java_LogBuiltIn.c line 7 function mlog
Unwinding loop 1  iteration  11   file java_LogBuiltIn.c line 7 function mlog
Unwinding loop 1  iteration  12   file java_LogBuiltIn.c line 7 function mlog
Unwinding loop 1  iteration  13   file java_LogBuiltIn.c line 7 function mlog
Unwinding loop 1  iteration  14   file java_LogBuiltIn.c line 7 function mlog
Unwinding loop 1  iteration  15   file java_LogBuiltIn.c line 7 function mlog
Unwinding loop 1  iteration  16   file java_LogBuiltIn.c line 7 function mlog
Unwinding loop 1  iteration  17   file java_LogBuiltIn.c line 7 function mlog
Unwinding loop 1  iteration  18   file java_LogBuiltIn.c line 7 function mlog
Unwinding loop 1  iteration  19   file java_LogBuiltIn.c line 7 function mlog
Unwinding loop 1  iteration  20   file java_LogBuiltIn.c line 7 function mlog
Unwinding loop 1  iteration  21   file java_LogBuiltIn.c line 7 function mlog
Unwinding loop 1  iteration  22   file java_LogBuiltIn.c line 7 function mlog
Unwinding loop 1  iteration  23   file java_LogBuiltIn.c line 7 function mlog
Unwinding loop 1  iteration  24   file java_LogBuiltIn.c line 7 function mlog
Unwinding loop 1  iteration  25   file java_LogBuiltIn.c line 7 function mlog
Not unwinding 
Symex completed in: 0.005s (197 assignments)
Slicing time: 0.003s (removed 90 assignments)
Generated 53 VCC(s), 53 remaining after simplification (107 assignments)
No solver specified; defaulting to Boolector
Encoding remaining VCC(s) using bit-vector/floating-point arithmetic
Encoding to solver time: 0.002s
Solving with solver Boolector 3.2.2
Encoding to solver time: 0.002s
Runtime decision procedure: 0.009s
The forward condition is unable to prove the property
*** Checking base case, k = 31
Starting Bounded Model Checking
Unwinding loop 1  iteration  1   file java_LogBuiltIn.c line 7 function mlog
Unwinding loop 1  iteration  2   file java_LogBuiltIn.c line 7 function mlog
Unwinding loop 1  iteration  3   file java_LogBuiltIn.c line 7 function mlog
Unwinding loop 1  iteration  4   file java_LogBuiltIn.c line 7 function mlog
Unwinding loop 1  iteration  5   file java_LogBuiltIn.c line 7 function mlog
Unwinding loop 1  iteration  6   file java_LogBuiltIn.c line 7 function mlog
Unwinding loop 1  iteration  7   file java_LogBuiltIn.c line 7 function mlog
Unwinding loop 1  iteration  8   file java_LogBuiltIn.c line 7 function mlog
Unwinding loop 1  iteration  9   file java_LogBuiltIn.c line 7 function mlog
Unwinding loop 1  iteration  10   file java_LogBuiltIn.c line 7 function mlog
Unwinding loop 1  iteration  11   file java_LogBuiltIn.c line 7 function mlog
Unwinding loop 1  iteration  12   file java_LogBuiltIn.c line 7 function mlog
Unwinding loop 1  iteration  13   file java_LogBuiltIn.c line 7 function mlog
Unwinding loop 1  iteration  14   file java_LogBuiltIn.c line 7 function mlog
Unwinding loop 1  iteration  15   file java_LogBuiltIn.c line 7 function mlog
Unwinding loop 1  iteration  16   file java_LogBuiltIn.c line 7 function mlog
Unwinding loop 1  iteration  17   file java_LogBuiltIn.c line 7 function mlog
Unwinding loop 1  iteration  18   file java_LogBuiltIn.c line 7 function mlog
Unwinding loop 1  iteration  19   file java_LogBuiltIn.c line 7 function mlog
Unwinding loop 1  iteration  20   file java_LogBuiltIn.c line 7 function mlog
Unwinding loop 1  iteration  21   file java_LogBuiltIn.c line 7 function mlog
Unwinding loop 1  iteration  22   file java_LogBuiltIn.c line 7 function mlog
Unwinding loop 1  iteration  23   file java_LogBuiltIn.c line 7 function mlog
Unwinding loop 1  iteration  24   file java_LogBuiltIn.c line 7 function mlog
Unwinding loop 1  iteration  25   file java_LogBuiltIn.c line 7 function mlog
Unwinding loop 1  iteration  26   file java_LogBuiltIn.c line 7 function mlog
Unwinding loop 1  iteration  27   file java_LogBuiltIn.c line 7 function mlog
Unwinding loop 1  iteration  28   file java_LogBuiltIn.c line 7 function mlog
Unwinding loop 1  iteration  29   file java_LogBuiltIn.c line 7 function mlog
Unwinding loop 1  iteration  30   file java_LogBuiltIn.c line 7 function mlog
Not unwinding 
Symex completed in: 0.006s (232 assignments)
Slicing time: 0.004s (removed 105 assignments)
Generated 62 VCC(s), 62 remaining after simplification (127 assignments)
No solver specified; defaulting to Boolector
Encoding remaining VCC(s) using bit-vector/floating-point arithmetic
Encoding to solver time: 0.003s
Solving with solver Boolector 3.2.2
Encoding to solver time: 0.003s
Runtime decision procedure: 0.000s
BMC program time: 0.014s
No bug has been found in the base case
*** Checking forward condition, k = 31
Starting Bounded Model Checking
Unwinding loop 1  iteration  1   file java_LogBuiltIn.c line 7 function mlog
Unwinding loop 1  iteration  2   file java_LogBuiltIn.c line 7 function mlog
Unwinding loop 1  iteration  3   file java_LogBuiltIn.c line 7 function mlog
Unwinding loop 1  iteration  4   file java_LogBuiltIn.c line 7 function mlog
Unwinding loop 1  iteration  5   file java_LogBuiltIn.c line 7 function mlog
Unwinding loop 1  iteration  6   file java_LogBuiltIn.c line 7 function mlog
Unwinding loop 1  iteration  7   file java_LogBuiltIn.c line 7 function mlog
Unwinding loop 1  iteration  8   file java_LogBuiltIn.c line 7 function mlog
Unwinding loop 1  iteration  9   file java_LogBuiltIn.c line 7 function mlog
Unwinding loop 1  iteration  10   file java_LogBuiltIn.c line 7 function mlog
Unwinding loop 1  iteration  11   file java_LogBuiltIn.c line 7 function mlog
Unwinding loop 1  iteration  12   file java_LogBuiltIn.c line 7 function mlog
Unwinding loop 1  iteration  13   file java_LogBuiltIn.c line 7 function mlog
Unwinding loop 1  iteration  14   file java_LogBuiltIn.c line 7 function mlog
Unwinding loop 1  iteration  15   file java_LogBuiltIn.c line 7 function mlog
Unwinding loop 1  iteration  16   file java_LogBuiltIn.c line 7 function mlog
Unwinding loop 1  iteration  17   file java_LogBuiltIn.c line 7 function mlog
Unwinding loop 1  iteration  18   file java_LogBuiltIn.c line 7 function mlog
Unwinding loop 1  iteration  19   file java_LogBuiltIn.c line 7 function mlog
Unwinding loop 1  iteration  20   file java_LogBuiltIn.c line 7 function mlog
Unwinding loop 1  iteration  21   file java_LogBuiltIn.c line 7 function mlog
Unwinding loop 1  iteration  22   file java_LogBuiltIn.c line 7 function mlog
Unwinding loop 1  iteration  23   file java_LogBuiltIn.c line 7 function mlog
Unwinding loop 1  iteration  24   file java_LogBuiltIn.c line 7 function mlog
Unwinding loop 1  iteration  25   file java_LogBuiltIn.c line 7 function mlog
Unwinding loop 1  iteration  26   file java_LogBuiltIn.c line 7 function mlog
Unwinding loop 1  iteration  27   file java_LogBuiltIn.c line 7 function mlog
Unwinding loop 1  iteration  28   file java_LogBuiltIn.c line 7 function mlog
Unwinding loop 1  iteration  29   file java_LogBuiltIn.c line 7 function mlog
Unwinding loop 1  iteration  30   file java_LogBuiltIn.c line 7 function mlog
Not unwinding 
Symex completed in: 0.006s (232 assignments)
Slicing time: 0.004s (removed 105 assignments)
Generated 63 VCC(s), 63 remaining after simplification (127 assignments)
No solver specified; defaulting to Boolector
Encoding remaining VCC(s) using bit-vector/floating-point arithmetic
Encoding to solver time: 0.003s
Solving with solver Boolector 3.2.2
Encoding to solver time: 0.003s
Runtime decision procedure: 0.003s
BMC program time: 0.017s
Building successful trace

VERIFICATION SUCCESSFUL

Solution found by the forward condition; all states are reachable (k = 31


TRUE
