./esbmc-wrapper.py -p ../sv-benchmarks/c/properties/termination.prp -s kinduction --arch 32 ../sv-benchmarks/c/loop-acceleration/diamond_1-1.c


--------------------------------------------------------------------------------


Verifying with ESBMC
Command: ./esbmc --no-div-by-zero-check --force-malloc-success --state-hashing --add-symex-value-sets --no-align-check --k-step 5 --floatbv --unlimited-k-steps ../sv-benchmarks/c/loop-acceleration/diamond_1-1.c --32 --witness-output diamond_1-1.c.graphml --no-pointer-check --no-bounds-check --no-assertions --termination --max-inductive-step 3 
ESBMC version 6.8.0 64-bit x86_64 linux
Target: 32-bit little-endian x86_64-unknown-linux with esbmc libc
file ../sv-benchmarks/c/loop-acceleration/diamond_1-1.c: Parsing
Converting
Generating GOTO Program
GOTO program creation time: 0.086s
GOTO program processing time: 0.000s
*** Checking forward condition, k = 1
Starting Bounded Model Checking
Not unwinding 
Symex completed in: 0.001s (19 assignments)
Slicing time: 0.000s (removed 17 assignments)
Generated 1 VCC(s), 1 remaining after simplification (2 assignments)
No solver specified; defaulting to Boolector
Encoding remaining VCC(s) using bit-vector/floating-point arithmetic
Encoding to solver time: 0.000s
Solving with solver Boolector 3.2.2
Encoding to solver time: 0.000s
Runtime decision procedure: 0.001s
The forward condition is unable to prove the property
*** Checking forward condition, k = 6
Starting Bounded Model Checking
Unwinding loop 1  iteration  1   file diamond_1-1.c line 17 function main
Unwinding loop 1  iteration  2   file diamond_1-1.c line 17 function main
Unwinding loop 1  iteration  3   file diamond_1-1.c line 17 function main
Unwinding loop 1  iteration  4   file diamond_1-1.c line 17 function main
Unwinding loop 1  iteration  5   file diamond_1-1.c line 17 function main
Not unwinding 
Symex completed in: 0.001s (57 assignments)
Slicing time: 0.000s (removed 18 assignments)
Generated 1 VCC(s), 1 remaining after simplification (39 assignments)
No solver specified; defaulting to Boolector
Encoding remaining VCC(s) using bit-vector/floating-point arithmetic
Encoding to solver time: 0.000s
Solving with solver Boolector 3.2.2
Encoding to solver time: 0.000s
Runtime decision procedure: 0.001s
The forward condition is unable to prove the property
*** Checking forward condition, k = 11
Starting Bounded Model Checking
Unwinding loop 1  iteration  1   file diamond_1-1.c line 17 function main
Unwinding loop 1  iteration  2   file diamond_1-1.c line 17 function main
Unwinding loop 1  iteration  3   file diamond_1-1.c line 17 function main
Unwinding loop 1  iteration  4   file diamond_1-1.c line 17 function main
Unwinding loop 1  iteration  5   file diamond_1-1.c line 17 function main
Unwinding loop 1  iteration  6   file diamond_1-1.c line 17 function main
Unwinding loop 1  iteration  7   file diamond_1-1.c line 17 function main
Unwinding loop 1  iteration  8   file diamond_1-1.c line 17 function main
Unwinding loop 1  iteration  9   file diamond_1-1.c line 17 function main
Unwinding loop 1  iteration  10   file diamond_1-1.c line 17 function main
Not unwinding 
Symex completed in: 0.001s (92 assignments)
Slicing time: 0.001s (removed 18 assignments)
Generated 1 VCC(s), 1 remaining after simplification (74 assignments)
No solver specified; defaulting to Boolector
Encoding remaining VCC(s) using bit-vector/floating-point arithmetic
Encoding to solver time: 0.001s
Solving with solver Boolector 3.2.2
Encoding to solver time: 0.001s
Runtime decision procedure: 0.002s
The forward condition is unable to prove the property
*** Checking forward condition, k = 16
Starting Bounded Model Checking
Unwinding loop 1  iteration  1   file diamond_1-1.c line 17 function main
Unwinding loop 1  iteration  2   file diamond_1-1.c line 17 function main
Unwinding loop 1  iteration  3   file diamond_1-1.c line 17 function main
Unwinding loop 1  iteration  4   file diamond_1-1.c line 17 function main
Unwinding loop 1  iteration  5   file diamond_1-1.c line 17 function main
Unwinding loop 1  iteration  6   file diamond_1-1.c line 17 function main
Unwinding loop 1  iteration  7   file diamond_1-1.c line 17 function main
Unwinding loop 1  iteration  8   file diamond_1-1.c line 17 function main
Unwinding loop 1  iteration  9   file diamond_1-1.c line 17 function main
Unwinding loop 1  iteration  10   file diamond_1-1.c line 17 function main
Unwinding loop 1  iteration  11   file diamond_1-1.c line 17 function main
Unwinding loop 1  iteration  12   file diamond_1-1.c line 17 function main
Unwinding loop 1  iteration  13   file diamond_1-1.c line 17 function main
Unwinding loop 1  iteration  14   file diamond_1-1.c line 17 function main
Unwinding loop 1  iteration  15   file diamond_1-1.c line 17 function main
Not unwinding 
Symex completed in: 0.003s (127 assignments)
Slicing time: 0.000s (removed 18 assignments)
Generated 1 VCC(s), 1 remaining after simplification (109 assignments)
No solver specified; defaulting to Boolector
Encoding remaining VCC(s) using bit-vector/floating-point arithmetic
Encoding to solver time: 0.001s
Solving with solver Boolector 3.2.2
Encoding to solver time: 0.001s
Runtime decision procedure: 0.002s
The forward condition is unable to prove the property
*** Checking forward condition, k = 21
Starting Bounded Model Checking
Unwinding loop 1  iteration  1   file diamond_1-1.c line 17 function main
Unwinding loop 1  iteration  2   file diamond_1-1.c line 17 function main
Unwinding loop 1  iteration  3   file diamond_1-1.c line 17 function main
Unwinding loop 1  iteration  4   file diamond_1-1.c line 17 function main
Unwinding loop 1  iteration  5   file diamond_1-1.c line 17 function main
Unwinding loop 1  iteration  6   file diamond_1-1.c line 17 function main
Unwinding loop 1  iteration  7   file diamond_1-1.c line 17 function main
Unwinding loop 1  iteration  8   file diamond_1-1.c line 17 function main
Unwinding loop 1  iteration  9   file diamond_1-1.c line 17 function main
Unwinding loop 1  iteration  10   file diamond_1-1.c line 17 function main
Unwinding loop 1  iteration  11   file diamond_1-1.c line 17 function main
Unwinding loop 1  iteration  12   file diamond_1-1.c line 17 function main
Unwinding loop 1  iteration  13   file diamond_1-1.c line 17 function main
Unwinding loop 1  iteration  14   file diamond_1-1.c line 17 function main
Unwinding loop 1  iteration  15   file diamond_1-1.c line 17 function main
Unwinding loop 1  iteration  16   file diamond_1-1.c line 17 function main
Unwinding loop 1  iteration  17   file diamond_1-1.c line 17 function main
Unwinding loop 1  iteration  18   file diamond_1-1.c line 17 function main
Unwinding loop 1  iteration  19   file diamond_1-1.c line 17 function main
Unwinding loop 1  iteration  20   file diamond_1-1.c line 17 function main
Not unwinding 
Symex completed in: 0.004s (162 assignments)
Slicing time: 0.001s (removed 18 assignments)
Generated 1 VCC(s), 1 remaining after simplification (144 assignments)
No solver specified; defaulting to Boolector
Encoding remaining VCC(s) using bit-vector/floating-point arithmetic
Encoding to solver time: 0.001s
Solving with solver Boolector 3.2.2
Encoding to solver time: 0.001s
Runtime decision procedure: 0.003s
The forward condition is unable to prove the property
*** Checking forward condition, k = 26
Starting Bounded Model Checking
Unwinding loop 1  iteration  1   file diamond_1-1.c line 17 function main
Unwinding loop 1  iteration  2   file diamond_1-1.c line 17 function main
Unwinding loop 1  iteration  3   file diamond_1-1.c line 17 function main
Unwinding loop 1  iteration  4   file diamond_1-1.c line 17 function main
Unwinding loop 1  iteration  5   file diamond_1-1.c line 17 function main
Unwinding loop 1  iteration  6   file diamond_1-1.c line 17 function main
Unwinding loop 1  iteration  7   file diamond_1-1.c line 17 function main
Unwinding loop 1  iteration  8   file diamond_1-1.c line 17 function main
Unwinding loop 1  iteration  9   file diamond_1-1.c line 17 function main
Unwinding loop 1  iteration  10   file diamond_1-1.c line 17 function main
Unwinding loop 1  iteration  11   file diamond_1-1.c line 17 function main
Unwinding loop 1  iteration  12   file diamond_1-1.c line 17 function main
Unwinding loop 1  iteration  13   file diamond_1-1.c line 17 function main
Unwinding loop 1  iteration  14   file diamond_1-1.c line 17 function main
Unwinding loop 1  iteration  15   file diamond_1-1.c line 17 function main
Unwinding loop 1  iteration  16   file diamond_1-1.c line 17 function main
Unwinding loop 1  iteration  17   file diamond_1-1.c line 17 function main
Unwinding loop 1  iteration  18   file diamond_1-1.c line 17 function main
Unwinding loop 1  iteration  19   file diamond_1-1.c line 17 function main
Unwinding loop 1  iteration  20   file diamond_1-1.c line 17 function main
Unwinding loop 1  iteration  21   file diamond_1-1.c line 17 function main
Unwinding loop 1  iteration  22   file diamond_1-1.c line 17 function main
Unwinding loop 1  iteration  23   file diamond_1-1.c line 17 function main
Unwinding loop 1  iteration  24   file diamond_1-1.c line 17 function main
Unwinding loop 1  iteration  25   file diamond_1-1.c line 17 function main
Not unwinding 
Symex completed in: 0.005s (197 assignments)
Slicing time: 0.001s (removed 18 assignments)
Generated 1 VCC(s), 1 remaining after simplification (179 assignments)
No solver specified; defaulting to Boolector
Encoding remaining VCC(s) using bit-vector/floating-point arithmetic
Encoding to solver time: 0.002s
Solving with solver Boolector 3.2.2
Encoding to solver time: 0.002s
Runtime decision procedure: 0.003s
The forward condition is unable to prove the property
*** Checking forward condition, k = 31
Starting Bounded Model Checking
Unwinding loop 1  iteration  1   file diamond_1-1.c line 17 function main
Unwinding loop 1  iteration  2   file diamond_1-1.c line 17 function main
Unwinding loop 1  iteration  3   file diamond_1-1.c line 17 function main
Unwinding loop 1  iteration  4   file diamond_1-1.c line 17 function main
Unwinding loop 1  iteration  5   file diamond_1-1.c line 17 function main
Unwinding loop 1  iteration  6   file diamond_1-1.c line 17 function main
Unwinding loop 1  iteration  7   file diamond_1-1.c line 17 function main
Unwinding loop 1  iteration  8   file diamond_1-1.c line 17 function main
Unwinding loop 1  iteration  9   file diamond_1-1.c line 17 function main
Unwinding loop 1  iteration  10   file diamond_1-1.c line 17 function main
Unwinding loop 1  iteration  11   file diamond_1-1.c line 17 function main
Unwinding loop 1  iteration  12   file diamond_1-1.c line 17 function main
Unwinding loop 1  iteration  13   file diamond_1-1.c line 17 function main
Unwinding loop 1  iteration  14   file diamond_1-1.c line 17 function main
Unwinding loop 1  iteration  15   file diamond_1-1.c line 17 function main
Unwinding loop 1  iteration  16   file diamond_1-1.c line 17 function main
Unwinding loop 1  iteration  17   file diamond_1-1.c line 17 function main
Unwinding loop 1  iteration  18   file diamond_1-1.c line 17 function main
Unwinding loop 1  iteration  19   file diamond_1-1.c line 17 function main
Unwinding loop 1  iteration  20   file diamond_1-1.c line 17 function main
Unwinding loop 1  iteration  21   file diamond_1-1.c line 17 function main
Unwinding loop 1  iteration  22   file diamond_1-1.c line 17 function main
Unwinding loop 1  iteration  23   file diamond_1-1.c line 17 function main
Unwinding loop 1  iteration  24   file diamond_1-1.c line 17 function main
Unwinding loop 1  iteration  25   file diamond_1-1.c line 17 function main
Unwinding loop 1  iteration  26   file diamond_1-1.c line 17 function main
Unwinding loop 1  iteration  27   file diamond_1-1.c line 17 function main
Unwinding loop 1  iteration  28   file diamond_1-1.c line 17 function main
Unwinding loop 1  iteration  29   file diamond_1-1.c line 17 function main
Unwinding loop 1  iteration  30   file diamond_1-1.c line 17 function main
Not unwinding 
Symex completed in: 0.006s (232 assignments)
Slicing time: 0.001s (removed 18 assignments)
Generated 1 VCC(s), 1 remaining after simplification (214 assignments)
No solver specified; defaulting to Boolector
Encoding remaining VCC(s) using bit-vector/floating-point arithmetic
Encoding to solver time: 0.002s
Solving with solver Boolector 3.2.2
Encoding to solver time: 0.002s
Runtime decision procedure: 0.004s
The forward condition is unable to prove the property
*** Checking forward condition, k = 36
Starting Bounded Model Checking
Unwinding loop 1  iteration  1   file diamond_1-1.c line 17 function main
Unwinding loop 1  iteration  2   file diamond_1-1.c line 17 function main
Unwinding loop 1  iteration  3   file diamond_1-1.c line 17 function main
Unwinding loop 1  iteration  4   file diamond_1-1.c line 17 function main
Unwinding loop 1  iteration  5   file diamond_1-1.c line 17 function main
Unwinding loop 1  iteration  6   file diamond_1-1.c line 17 function main
Unwinding loop 1  iteration  7   file diamond_1-1.c line 17 function main
Unwinding loop 1  iteration  8   file diamond_1-1.c line 17 function main
Unwinding loop 1  iteration  9   file diamond_1-1.c line 17 function main
Unwinding loop 1  iteration  10   file diamond_1-1.c line 17 function main
Unwinding loop 1  iteration  11   file diamond_1-1.c line 17 function main
Unwinding loop 1  iteration  12   file diamond_1-1.c line 17 function main
Unwinding loop 1  iteration  13   file diamond_1-1.c line 17 function main
Unwinding loop 1  iteration  14   file diamond_1-1.c line 17 function main
Unwinding loop 1  iteration  15   file diamond_1-1.c line 17 function main
Unwinding loop 1  iteration  16   file diamond_1-1.c line 17 function main
Unwinding loop 1  iteration  17   file diamond_1-1.c line 17 function main
Unwinding loop 1  iteration  18   file diamond_1-1.c line 17 function main
Unwinding loop 1  iteration  19   file diamond_1-1.c line 17 function main
Unwinding loop 1  iteration  20   file diamond_1-1.c line 17 function main
Unwinding loop 1  iteration  21   file diamond_1-1.c line 17 function main
Unwinding loop 1  iteration  22   file diamond_1-1.c line 17 function main
Unwinding loop 1  iteration  23   file diamond_1-1.c line 17 function main
Unwinding loop 1  iteration  24   file diamond_1-1.c line 17 function main
Unwinding loop 1  iteration  25   file diamond_1-1.c line 17 function main
Unwinding loop 1  iteration  26   file diamond_1-1.c line 17 function main
Unwinding loop 1  iteration  27   file diamond_1-1.c line 17 function main
Unwinding loop 1  iteration  28   file diamond_1-1.c line 17 function main
Unwinding loop 1  iteration  29   file diamond_1-1.c line 17 function main
Unwinding loop 1  iteration  30   file diamond_1-1.c line 17 function main
Unwinding loop 1  iteration  31   file diamond_1-1.c line 17 function main
Unwinding loop 1  iteration  32   file diamond_1-1.c line 17 function main
Unwinding loop 1  iteration  33   file diamond_1-1.c line 17 function main
Unwinding loop 1  iteration  34   file diamond_1-1.c line 17 function main
Unwinding loop 1  iteration  35   file diamond_1-1.c line 17 function main
Not unwinding 
Symex completed in: 0.007s (267 assignments)
Slicing time: 0.002s (removed 18 assignments)
Generated 1 VCC(s), 1 remaining after simplification (249 assignments)
No solver specified; defaulting to Boolector
Encoding remaining VCC(s) using bit-vector/floating-point arithmetic
Encoding to solver time: 0.003s
Solving with solver Boolector 3.2.2
Encoding to solver time: 0.003s
Runtime decision procedure: 0.004s
The forward condition is unable to prove the property
*** Checking forward condition, k = 41
Starting Bounded Model Checking
Unwinding loop 1  iteration  1   file diamond_1-1.c line 17 function main
Unwinding loop 1  iteration  2   file diamond_1-1.c line 17 function main
Unwinding loop 1  iteration  3   file diamond_1-1.c line 17 function main
Unwinding loop 1  iteration  4   file diamond_1-1.c line 17 function main
Unwinding loop 1  iteration  5   file diamond_1-1.c line 17 function main
Unwinding loop 1  iteration  6   file diamond_1-1.c line 17 function main
Unwinding loop 1  iteration  7   file diamond_1-1.c line 17 function main
Unwinding loop 1  iteration  8   file diamond_1-1.c line 17 function main
Unwinding loop 1  iteration  9   file diamond_1-1.c line 17 function main
Unwinding loop 1  iteration  10   file diamond_1-1.c line 17 function main
Unwinding loop 1  iteration  11   file diamond_1-1.c line 17 function main
Unwinding loop 1  iteration  12   file diamond_1-1.c line 17 function main
Unwinding loop 1  iteration  13   file diamond_1-1.c line 17 function main
Unwinding loop 1  iteration  14   file diamond_1-1.c line 17 function main
Unwinding loop 1  iteration  15   file diamond_1-1.c line 17 function main
Unwinding loop 1  iteration  16   file diamond_1-1.c line 17 function main
Unwinding loop 1  iteration  17   file diamond_1-1.c line 17 function main
Unwinding loop 1  iteration  18   file diamond_1-1.c line 17 function main
Unwinding loop 1  iteration  19   file diamond_1-1.c line 17 function main
Unwinding loop 1  iteration  20   file diamond_1-1.c line 17 function main
Unwinding loop 1  iteration  21   file diamond_1-1.c line 17 function main
Unwinding loop 1  iteration  22   file diamond_1-1.c line 17 function main
Unwinding loop 1  iteration  23   file diamond_1-1.c line 17 function main
Unwinding loop 1  iteration  24   file diamond_1-1.c line 17 function main
Unwinding loop 1  iteration  25   file diamond_1-1.c line 17 function main
Unwinding loop 1  iteration  26   file diamond_1-1.c line 17 function main
Unwinding loop 1  iteration  27   file diamond_1-1.c line 17 function main
Unwinding loop 1  iteration  28   file diamond_1-1.c line 17 function main
Unwinding loop 1  iteration  29   file diamond_1-1.c line 17 function main
Unwinding loop 1  iteration  30   file diamond_1-1.c line 17 function main
Unwinding loop 1  iteration  31   file diamond_1-1.c line 17 function main
Unwinding loop 1  iteration  32   file diamond_1-1.c line 17 function main
Unwinding loop 1  iteration  33   file diamond_1-1.c line 17 function main
Unwinding loop 1  iteration  34   file diamond_1-1.c line 17 function main
Unwinding loop 1  iteration  35   file diamond_1-1.c line 17 function main
Unwinding loop 1  iteration  36   file diamond_1-1.c line 17 function main
Unwinding loop 1  iteration  37   file diamond_1-1.c line 17 function main
Unwinding loop 1  iteration  38   file diamond_1-1.c line 17 function main
Unwinding loop 1  iteration  39   file diamond_1-1.c line 17 function main
Unwinding loop 1  iteration  40   file diamond_1-1.c line 17 function main
Not unwinding 
Symex completed in: 0.007s (302 assignments)
Slicing time: 0.003s (removed 18 assignments)
Generated 1 VCC(s), 1 remaining after simplification (284 assignments)
No solver specified; defaulting to Boolector
Encoding remaining VCC(s) using bit-vector/floating-point arithmetic
Encoding to solver time: 0.003s
Solving with solver Boolector 3.2.2
Encoding to solver time: 0.003s
Runtime decision procedure: 0.004s
The forward condition is unable to prove the property
*** Checking forward condition, k = 46
Starting Bounded Model Checking
Unwinding loop 1  iteration  1   file diamond_1-1.c line 17 function main
Unwinding loop 1  iteration  2   file diamond_1-1.c line 17 function main
Unwinding loop 1  iteration  3   file diamond_1-1.c line 17 function main
Unwinding loop 1  iteration  4   file diamond_1-1.c line 17 function main
Unwinding loop 1  iteration  5   file diamond_1-1.c line 17 function main
Unwinding loop 1  iteration  6   file diamond_1-1.c line 17 function main
Unwinding loop 1  iteration  7   file diamond_1-1.c line 17 function main
Unwinding loop 1  iteration  8   file diamond_1-1.c line 17 function main
Unwinding loop 1  iteration  9   file diamond_1-1.c line 17 function main
Unwinding loop 1  iteration  10   file diamond_1-1.c line 17 function main
Unwinding loop 1  iteration  11   file diamond_1-1.c line 17 function main
Unwinding loop 1  iteration  12   file diamond_1-1.c line 17 function main
Unwinding loop 1  iteration  13   file diamond_1-1.c line 17 function main
Unwinding loop 1  iteration  14   file diamond_1-1.c line 17 function main
Unwinding loop 1  iteration  15   file diamond_1-1.c line 17 function main
Unwinding loop 1  iteration  16   file diamond_1-1.c line 17 function main
Unwinding loop 1  iteration  17   file diamond_1-1.c line 17 function main
Unwinding loop 1  iteration  18   file diamond_1-1.c line 17 function main
Unwinding loop 1  iteration  19   file diamond_1-1.c line 17 function main
Unwinding loop 1  iteration  20   file diamond_1-1.c line 17 function main
Unwinding loop 1  iteration  21   file diamond_1-1.c line 17 function main
Unwinding loop 1  iteration  22   file diamond_1-1.c line 17 function main
Unwinding loop 1  iteration  23   file diamond_1-1.c line 17 function main
Unwinding loop 1  iteration  24   file diamond_1-1.c line 17 function main
Unwinding loop 1  iteration  25   file diamond_1-1.c line 17 function main
Unwinding loop 1  iteration  26   file diamond_1-1.c line 17 function main
Unwinding loop 1  iteration  27   file diamond_1-1.c line 17 function main
Unwinding loop 1  iteration  28   file diamond_1-1.c line 17 function main
Unwinding loop 1  iteration  29   file diamond_1-1.c line 17 function main
Unwinding loop 1  iteration  30   file diamond_1-1.c line 17 function main
Unwinding loop 1  iteration  31   file diamond_1-1.c line 17 function main
Unwinding loop 1  iteration  32   file diamond_1-1.c line 17 function main
Unwinding loop 1  iteration  33   file diamond_1-1.c line 17 function main
Unwinding loop 1  iteration  34   file diamond_1-1.c line 17 function main
Unwinding loop 1  iteration  35   file diamond_1-1.c line 17 function main
Unwinding loop 1  iteration  36   file diamond_1-1.c line 17 function main
Unwinding loop 1  iteration  37   file diamond_1-1.c line 17 function main
Unwinding loop 1  iteration  38   file diamond_1-1.c line 17 function main
Unwinding loop 1  iteration  39   file diamond_1-1.c line 17 function main
Unwinding loop 1  iteration  40   file diamond_1-1.c line 17 function main
Unwinding loop 1  iteration  41   file diamond_1-1.c line 17 function main
Unwinding loop 1  iteration  42   file diamond_1-1.c line 17 function main
Unwinding loop 1  iteration  43   file diamond_1-1.c line 17 function main
Unwinding loop 1  iteration  44   file diamond_1-1.c line 17 function main
Unwinding loop 1  iteration  45   file diamond_1-1.c line 17 function main
Not unwinding 
Symex completed in: 0.009s (337 assignments)
Slicing time: 0.003s (removed 18 assignments)
Generated 1 VCC(s), 1 remaining after simplification (319 assignments)
No solver specified; defaulting to Boolector
Encoding remaining VCC(s) using bit-vector/floating-point arithmetic
Encoding to solver time: 0.004s
Solving with solver Boolector 3.2.2
Encoding to solver time: 0.004s
Runtime decision procedure: 0.005s
The forward condition is unable to prove the property
*** Checking forward condition, k = 51
Starting Bounded Model Checking
Unwinding loop 1  iteration  1   file diamond_1-1.c line 17 function main
Unwinding loop 1  iteration  2   file diamond_1-1.c line 17 function main
Unwinding loop 1  iteration  3   file diamond_1-1.c line 17 function main
Unwinding loop 1  iteration  4   file diamond_1-1.c line 17 function main
Unwinding loop 1  iteration  5   file diamond_1-1.c line 17 function main
Unwinding loop 1  iteration  6   file diamond_1-1.c line 17 function main
Unwinding loop 1  iteration  7   file diamond_1-1.c line 17 function main
Unwinding loop 1  iteration  8   file diamond_1-1.c line 17 function main
Unwinding loop 1  iteration  9   file diamond_1-1.c line 17 function main
Unwinding loop 1  iteration  10   file diamond_1-1.c line 17 function main
Unwinding loop 1  iteration  11   file diamond_1-1.c line 17 function main
Unwinding loop 1  iteration  12   file diamond_1-1.c line 17 function main
Unwinding loop 1  iteration  13   file diamond_1-1.c line 17 function main
Unwinding loop 1  iteration  14   file diamond_1-1.c line 17 function main
Unwinding loop 1  iteration  15   file diamond_1-1.c line 17 function main
Unwinding loop 1  iteration  16   file diamond_1-1.c line 17 function main
Unwinding loop 1  iteration  17   file diamond_1-1.c line 17 function main
Unwinding loop 1  iteration  18   file diamond_1-1.c line 17 function main
Unwinding loop 1  iteration  19   file diamond_1-1.c line 17 function main
Unwinding loop 1  iteration  20   file diamond_1-1.c line 17 function main
Unwinding loop 1  iteration  21   file diamond_1-1.c line 17 function main
Unwinding loop 1  iteration  22   file diamond_1-1.c line 17 function main
Unwinding loop 1  iteration  23   file diamond_1-1.c line 17 function main
Unwinding loop 1  iteration  24   file diamond_1-1.c line 17 function main
Unwinding loop 1  iteration  25   file diamond_1-1.c line 17 function main
Unwinding loop 1  iteration  26   file diamond_1-1.c line 17 function main
Unwinding loop 1  iteration  27   file diamond_1-1.c line 17 function main
Unwinding loop 1  iteration  28   file diamond_1-1.c line 17 function main
Unwinding loop 1  iteration  29   file diamond_1-1.c line 17 function main
Unwinding loop 1  iteration  30   file diamond_1-1.c line 17 function main
Unwinding loop 1  iteration  31   file diamond_1-1.c line 17 function main
Unwinding loop 1  iteration  32   file diamond_1-1.c line 17 function main
Unwinding loop 1  iteration  33   file diamond_1-1.c line 17 function main
Unwinding loop 1  iteration  34   file diamond_1-1.c line 17 function main
Unwinding loop 1  iteration  35   file diamond_1-1.c line 17 function main
Unwinding loop 1  iteration  36   file diamond_1-1.c line 17 function main
Unwinding loop 1  iteration  37   file diamond_1-1.c line 17 function main
Unwinding loop 1  iteration  38   file diamond_1-1.c line 17 function main
Unwinding loop 1  iteration  39   file diamond_1-1.c line 17 function main
Unwinding loop 1  iteration  40   file diamond_1-1.c line 17 function main
Unwinding loop 1  iteration  41   file diamond_1-1.c line 17 function main
Unwinding loop 1  iteration  42   file diamond_1-1.c line 17 function main
Unwinding loop 1  iteration  43   file diamond_1-1.c line 17 function main
Unwinding loop 1  iteration  44   file diamond_1-1.c line 17 function main
Unwinding loop 1  iteration  45   file diamond_1-1.c line 17 function main
Unwinding loop 1  iteration  46   file diamond_1-1.c line 17 function main
Unwinding loop 1  iteration  47   file diamond_1-1.c line 17 function main
Unwinding loop 1  iteration  48   file diamond_1-1.c line 17 function main
Unwinding loop 1  iteration  49   file diamond_1-1.c line 17 function main
Unwinding loop 1  iteration  50   file diamond_1-1.c line 17 function main
Not unwinding 
Symex completed in: 0.010s (372 assignments)
Slicing time: 0.004s (removed 18 assignments)
Generated 1 VCC(s), 1 remaining after simplification (354 assignments)
No solver specified; defaulting to Boolector
Encoding remaining VCC(s) using bit-vector/floating-point arithmetic
Encoding to solver time: 0.004s
Solving with solver Boolector 3.2.2
Encoding to solver time: 0.004s
Runtime decision procedure: 0.005s
The forward condition is unable to prove the property
*** Checking forward condition, k = 56
Starting Bounded Model Checking
Unwinding loop 1  iteration  1   file diamond_1-1.c line 17 function main
Unwinding loop 1  iteration  2   file diamond_1-1.c line 17 function main
Unwinding loop 1  iteration  3   file diamond_1-1.c line 17 function main
Unwinding loop 1  iteration  4   file diamond_1-1.c line 17 function main
Unwinding loop 1  iteration  5   file diamond_1-1.c line 17 function main
Unwinding loop 1  iteration  6   file diamond_1-1.c line 17 function main
Unwinding loop 1  iteration  7   file diamond_1-1.c line 17 function main
Unwinding loop 1  iteration  8   file diamond_1-1.c line 17 function main
Unwinding loop 1  iteration  9   file diamond_1-1.c line 17 function main
Unwinding loop 1  iteration  10   file diamond_1-1.c line 17 function main
Unwinding loop 1  iteration  11   file diamond_1-1.c line 17 function main
Unwinding loop 1  iteration  12   file diamond_1-1.c line 17 function main
Unwinding loop 1  iteration  13   file diamond_1-1.c line 17 function main
Unwinding loop 1  iteration  14   file diamond_1-1.c line 17 function main
Unwinding loop 1  iteration  15   file diamond_1-1.c line 17 function main
Unwinding loop 1  iteration  16   file diamond_1-1.c line 17 function main
Unwinding loop 1  iteration  17   file diamond_1-1.c line 17 function main
Unwinding loop 1  iteration  18   file diamond_1-1.c line 17 function main
Unwinding loop 1  iteration  19   file diamond_1-1.c line 17 function main
Unwinding loop 1  iteration  20   file diamond_1-1.c line 17 function main
Unwinding loop 1  iteration  21   file diamond_1-1.c line 17 function main
Unwinding loop 1  iteration  22   file diamond_1-1.c line 17 function main
Unwinding loop 1  iteration  23   file diamond_1-1.c line 17 function main
Unwinding loop 1  iteration  24   file diamond_1-1.c line 17 function main
Unwinding loop 1  iteration  25   file diamond_1-1.c line 17 function main
Unwinding loop 1  iteration  26   file diamond_1-1.c line 17 function main
Unwinding loop 1  iteration  27   file diamond_1-1.c line 17 function main
Unwinding loop 1  iteration  28   file diamond_1-1.c line 17 function main
Unwinding loop 1  iteration  29   file diamond_1-1.c line 17 function main
Unwinding loop 1  iteration  30   file diamond_1-1.c line 17 function main
Unwinding loop 1  iteration  31   file diamond_1-1.c line 17 function main
Unwinding loop 1  iteration  32   file diamond_1-1.c line 17 function main
Unwinding loop 1  iteration  33   file diamond_1-1.c line 17 function main
Unwinding loop 1  iteration  34   file diamond_1-1.c line 17 function main
Unwinding loop 1  iteration  35   file diamond_1-1.c line 17 function main
Unwinding loop 1  iteration  36   file diamond_1-1.c line 17 function main
Unwinding loop 1  iteration  37   file diamond_1-1.c line 17 function main
Unwinding loop 1  iteration  38   file diamond_1-1.c line 17 function main
Unwinding loop 1  iteration  39   file diamond_1-1.c line 17 function main
Unwinding loop 1  iteration  40   file diamond_1-1.c line 17 function main
Unwinding loop 1  iteration  41   file diamond_1-1.c line 17 function main
Unwinding loop 1  iteration  42   file diamond_1-1.c line 17 function main
Unwinding loop 1  iteration  43   file diamond_1-1.c line 17 function main
Unwinding loop 1  iteration  44   file diamond_1-1.c line 17 function main
Unwinding loop 1  iteration  45   file diamond_1-1.c line 17 function main
Unwinding loop 1  iteration  46   file diamond_1-1.c line 17 function main
Unwinding loop 1  iteration  47   file diamond_1-1.c line 17 function main
Unwinding loop 1  iteration  48   file diamond_1-1.c line 17 function main
Unwinding loop 1  iteration  49   file diamond_1-1.c line 17 function main
Unwinding loop 1  iteration  50   file diamond_1-1.c line 17 function main
Unwinding loop 1  iteration  51   file diamond_1-1.c line 17 function main
Unwinding loop 1  iteration  52   file diamond_1-1.c line 17 function main
Unwinding loop 1  iteration  53   file diamond_1-1.c line 17 function main
Unwinding loop 1  iteration  54   file diamond_1-1.c line 17 function main
Unwinding loop 1  iteration  55   file diamond_1-1.c line 17 function main
Not unwinding 
Symex completed in: 0.011s (407 assignments)
Slicing time: 0.004s (removed 18 assignments)
Generated 1 VCC(s), 1 remaining after simplification (389 assignments)
No solver specified; defaulting to Boolector
Encoding remaining VCC(s) using bit-vector/floating-point arithmetic
Encoding to solver time: 0.003s
Solving with solver Boolector 3.2.2
Encoding to solver time: 0.003s
Runtime decision procedure: 0.006s
The forward condition is unable to prove the property
*** Checking forward condition, k = 61
Starting Bounded Model Checking
Unwinding loop 1  iteration  1   file diamond_1-1.c line 17 function main
Unwinding loop 1  iteration  2   file diamond_1-1.c line 17 function main
Unwinding loop 1  iteration  3   file diamond_1-1.c line 17 function main
Unwinding loop 1  iteration  4   file diamond_1-1.c line 17 function main
Unwinding loop 1  iteration  5   file diamond_1-1.c line 17 function main
Unwinding loop 1  iteration  6   file diamond_1-1.c line 17 function main
Unwinding loop 1  iteration  7   file diamond_1-1.c line 17 function main
Unwinding loop 1  iteration  8   file diamond_1-1.c line 17 function main
Unwinding loop 1  iteration  9   file diamond_1-1.c line 17 function main
Unwinding loop 1  iteration  10   file diamond_1-1.c line 17 function main
Unwinding loop 1  iteration  11   file diamond_1-1.c line 17 function main
Unwinding loop 1  iteration  12   file diamond_1-1.c line 17 function main
Unwinding loop 1  iteration  13   file diamond_1-1.c line 17 function main
Unwinding loop 1  iteration  14   file diamond_1-1.c line 17 function main
Unwinding loop 1  iteration  15   file diamond_1-1.c line 17 function main
Unwinding loop 1  iteration  16   file diamond_1-1.c line 17 function main
Unwinding loop 1  iteration  17   file diamond_1-1.c line 17 function main
Unwinding loop 1  iteration  18   file diamond_1-1.c line 17 function main
Unwinding loop 1  iteration  19   file diamond_1-1.c line 17 function main
Unwinding loop 1  iteration  20   file diamond_1-1.c line 17 function main
Unwinding loop 1  iteration  21   file diamond_1-1.c line 17 function main
Unwinding loop 1  iteration  22   file diamond_1-1.c line 17 function main
Unwinding loop 1  iteration  23   file diamond_1-1.c line 17 function main
Unwinding loop 1  iteration  24   file diamond_1-1.c line 17 function main
Unwinding loop 1  iteration  25   file diamond_1-1.c line 17 function main
Unwinding loop 1  iteration  26   file diamond_1-1.c line 17 function main
Unwinding loop 1  iteration  27   file diamond_1-1.c line 17 function main
Unwinding loop 1  iteration  28   file diamond_1-1.c line 17 function main
Unwinding loop 1  iteration  29   file diamond_1-1.c line 17 function main
Unwinding loop 1  iteration  30   file diamond_1-1.c line 17 function main
Unwinding loop 1  iteration  31   file diamond_1-1.c line 17 function main
Unwinding loop 1  iteration  32   file diamond_1-1.c line 17 function main
Unwinding loop 1  iteration  33   file diamond_1-1.c line 17 function main
Unwinding loop 1  iteration  34   file diamond_1-1.c line 17 function main
Unwinding loop 1  iteration  35   file diamond_1-1.c line 17 function main
Unwinding loop 1  iteration  36   file diamond_1-1.c line 17 function main
Unwinding loop 1  iteration  37   file diamond_1-1.c line 17 function main
Unwinding loop 1  iteration  38   file diamond_1-1.c line 17 function main
Unwinding loop 1  iteration  39   file diamond_1-1.c line 17 function main
Unwinding loop 1  iteration  40   file diamond_1-1.c line 17 function main
Unwinding loop 1  iteration  41   file diamond_1-1.c line 17 function main
Unwinding loop 1  iteration  42   file diamond_1-1.c line 17 function main
Unwinding loop 1  iteration  43   file diamond_1-1.c line 17 function main
Unwinding loop 1  iteration  44   file diamond_1-1.c line 17 function main
Unwinding loop 1  iteration  45   file diamond_1-1.c line 17 function main
Unwinding loop 1  iteration  46   file diamond_1-1.c line 17 function main
Unwinding loop 1  iteration  47   file diamond_1-1.c line 17 function main
Unwinding loop 1  iteration  48   file diamond_1-1.c line 17 function main
Unwinding loop 1  iteration  49   file diamond_1-1.c line 17 function main
Unwinding loop 1  iteration  50   file diamond_1-1.c line 17 function main
Unwinding loop 1  iteration  51   file diamond_1-1.c line 17 function main
Unwinding loop 1  iteration  52   file diamond_1-1.c line 17 function main
Unwinding loop 1  iteration  53   file diamond_1-1.c line 17 function main
Unwinding loop 1  iteration  54   file diamond_1-1.c line 17 function main
Unwinding loop 1  iteration  55   file diamond_1-1.c line 17 function main
Unwinding loop 1  iteration  56   file diamond_1-1.c line 17 function main
Unwinding loop 1  iteration  57   file diamond_1-1.c line 17 function main
Unwinding loop 1  iteration  58   file diamond_1-1.c line 17 function main
Unwinding loop 1  iteration  59   file diamond_1-1.c line 17 function main
Unwinding loop 1  iteration  60   file diamond_1-1.c line 17 function main
Not unwinding 
Symex completed in: 0.013s (442 assignments)
Slicing time: 0.004s (removed 18 assignments)
Generated 1 VCC(s), 1 remaining after simplification (424 assignments)
No solver specified; defaulting to Boolector
Encoding remaining VCC(s) using bit-vector/floating-point arithmetic
Encoding to solver time: 0.004s
Solving with solver Boolector 3.2.2
Encoding to solver time: 0.004s
Runtime decision procedure: 0.006s
The forward condition is unable to prove the property
*** Checking forward condition, k = 66
Starting Bounded Model Checking
Unwinding loop 1  iteration  1   file diamond_1-1.c line 17 function main
Unwinding loop 1  iteration  2   file diamond_1-1.c line 17 function main
Unwinding loop 1  iteration  3   file diamond_1-1.c line 17 function main
Unwinding loop 1  iteration  4   file diamond_1-1.c line 17 function main
Unwinding loop 1  iteration  5   file diamond_1-1.c line 17 function main
Unwinding loop 1  iteration  6   file diamond_1-1.c line 17 function main
Unwinding loop 1  iteration  7   file diamond_1-1.c line 17 function main
Unwinding loop 1  iteration  8   file diamond_1-1.c line 17 function main
Unwinding loop 1  iteration  9   file diamond_1-1.c line 17 function main
Unwinding loop 1  iteration  10   file diamond_1-1.c line 17 function main
Unwinding loop 1  iteration  11   file diamond_1-1.c line 17 function main
Unwinding loop 1  iteration  12   file diamond_1-1.c line 17 function main
Unwinding loop 1  iteration  13   file diamond_1-1.c line 17 function main
Unwinding loop 1  iteration  14   file diamond_1-1.c line 17 function main
Unwinding loop 1  iteration  15   file diamond_1-1.c line 17 function main
Unwinding loop 1  iteration  16   file diamond_1-1.c line 17 function main
Unwinding loop 1  iteration  17   file diamond_1-1.c line 17 function main
Unwinding loop 1  iteration  18   file diamond_1-1.c line 17 function main
Unwinding loop 1  iteration  19   file diamond_1-1.c line 17 function main
Unwinding loop 1  iteration  20   file diamond_1-1.c line 17 function main
Unwinding loop 1  iteration  21   file diamond_1-1.c line 17 function main
Unwinding loop 1  iteration  22   file diamond_1-1.c line 17 function main
Unwinding loop 1  iteration  23   file diamond_1-1.c line 17 function main
Unwinding loop 1  iteration  24   file diamond_1-1.c line 17 function main
Unwinding loop 1  iteration  25   file diamond_1-1.c line 17 function main
Unwinding loop 1  iteration  26   file diamond_1-1.c line 17 function main
Unwinding loop 1  iteration  27   file diamond_1-1.c line 17 function main
Unwinding loop 1  iteration  28   file diamond_1-1.c line 17 function main
Unwinding loop 1  iteration  29   file diamond_1-1.c line 17 function main
Unwinding loop 1  iteration  30   file diamond_1-1.c line 17 function main
Unwinding loop 1  iteration  31   file diamond_1-1.c line 17 function main
Unwinding loop 1  iteration  32   file diamond_1-1.c line 17 function main
Unwinding loop 1  iteration  33   file diamond_1-1.c line 17 function main
Unwinding loop 1  iteration  34   file diamond_1-1.c line 17 function main
Unwinding loop 1  iteration  35   file diamond_1-1.c line 17 function main
Unwinding loop 1  iteration  36   file diamond_1-1.c line 17 function main
Unwinding loop 1  iteration  37   file diamond_1-1.c line 17 function main
Unwinding loop 1  iteration  38   file diamond_1-1.c line 17 function main
Unwinding loop 1  iteration  39   file diamond_1-1.c line 17 function main
Unwinding loop 1  iteration  40   file diamond_1-1.c line 17 function main
Unwinding loop 1  iteration  41   file diamond_1-1.c line 17 function main
Unwinding loop 1  iteration  42   file diamond_1-1.c line 17 function main
Unwinding loop 1  iteration  43   file diamond_1-1.c line 17 function main
Unwinding loop 1  iteration  44   file diamond_1-1.c line 17 function main
Unwinding loop 1  iteration  45   file diamond_1-1.c line 17 function main
Unwinding loop 1  iteration  46   file diamond_1-1.c line 17 function main
Unwinding loop 1  iteration  47   file diamond_1-1.c line 17 function main
Unwinding loop 1  iteration  48   file diamond_1-1.c line 17 function main
Unwinding loop 1  iteration  49   file diamond_1-1.c line 17 function main
Unwinding loop 1  iteration  50   file diamond_1-1.c line 17 function main
Unwinding loop 1  iteration  51   file diamond_1-1.c line 17 function main
Unwinding loop 1  iteration  52   file diamond_1-1.c line 17 function main
Unwinding loop 1  iteration  53   file diamond_1-1.c line 17 function main
Unwinding loop 1  iteration  54   file diamond_1-1.c line 17 function main
Unwinding loop 1  iteration  55   file diamond_1-1.c line 17 function main
Unwinding loop 1  iteration  56   file diamond_1-1.c line 17 function main
Unwinding loop 1  iteration  57   file diamond_1-1.c line 17 function main
Unwinding loop 1  iteration  58   file diamond_1-1.c line 17 function main
Unwinding loop 1  iteration  59   file diamond_1-1.c line 17 function main
Unwinding loop 1  iteration  60   file diamond_1-1.c line 17 function main
Unwinding loop 1  iteration  61   file diamond_1-1.c line 17 function main
Unwinding loop 1  iteration  62   file diamond_1-1.c line 17 function main
Unwinding loop 1  iteration  63   file diamond_1-1.c line 17 function main
Unwinding loop 1  iteration  64   file diamond_1-1.c line 17 function main
Unwinding loop 1  iteration  65   file diamond_1-1.c line 17 function main
Not unwinding 
Symex completed in: 0.015s (477 assignments)
Slicing time: 0.005s (removed 18 assignments)
Generated 1 VCC(s), 1 remaining after simplification (459 assignments)
No solver specified; defaulting to Boolector
Encoding remaining VCC(s) using bit-vector/floating-point arithmetic
Encoding to solver time: 0.004s
Solving with solver Boolector 3.2.2
Encoding to solver time: 0.004s
Runtime decision procedure: 0.007s
The forward condition is unable to prove the property
*** Checking forward condition, k = 71
Starting Bounded Model Checking
Unwinding loop 1  iteration  1   file diamond_1-1.c line 17 function main
Unwinding loop 1  iteration  2   file diamond_1-1.c line 17 function main
Unwinding loop 1  iteration  3   file diamond_1-1.c line 17 function main
Unwinding loop 1  iteration  4   file diamond_1-1.c line 17 function main
Unwinding loop 1  iteration  5   file diamond_1-1.c line 17 function main
Unwinding loop 1  iteration  6   file diamond_1-1.c line 17 function main
Unwinding loop 1  iteration  7   file diamond_1-1.c line 17 function main
Unwinding loop 1  iteration  8   file diamond_1-1.c line 17 function main
Unwinding loop 1  iteration  9   file diamond_1-1.c line 17 function main
Unwinding loop 1  iteration  10   file diamond_1-1.c line 17 function main
Unwinding loop 1  iteration  11   file diamond_1-1.c line 17 function main
Unwinding loop 1  iteration  12   file diamond_1-1.c line 17 function main
Unwinding loop 1  iteration  13   file diamond_1-1.c line 17 function main
Unwinding loop 1  iteration  14   file diamond_1-1.c line 17 function main
Unwinding loop 1  iteration  15   file diamond_1-1.c line 17 function main
Unwinding loop 1  iteration  16   file diamond_1-1.c line 17 function main
Unwinding loop 1  iteration  17   file diamond_1-1.c line 17 function main
Unwinding loop 1  iteration  18   file diamond_1-1.c line 17 function main
Unwinding loop 1  iteration  19   file diamond_1-1.c line 17 function main
Unwinding loop 1  iteration  20   file diamond_1-1.c line 17 function main
Unwinding loop 1  iteration  21   file diamond_1-1.c line 17 function main
Unwinding loop 1  iteration  22   file diamond_1-1.c line 17 function main
Unwinding loop 1  iteration  23   file diamond_1-1.c line 17 function main
Unwinding loop 1  iteration  24   file diamond_1-1.c line 17 function main
Unwinding loop 1  iteration  25   file diamond_1-1.c line 17 function main
Unwinding loop 1  iteration  26   file diamond_1-1.c line 17 function main
Unwinding loop 1  iteration  27   file diamond_1-1.c line 17 function main
Unwinding loop 1  iteration  28   file diamond_1-1.c line 17 function main
Unwinding loop 1  iteration  29   file diamond_1-1.c line 17 function main
Unwinding loop 1  iteration  30   file diamond_1-1.c line 17 function main
Unwinding loop 1  iteration  31   file diamond_1-1.c line 17 function main
Unwinding loop 1  iteration  32   file diamond_1-1.c line 17 function main
Unwinding loop 1  iteration  33   file diamond_1-1.c line 17 function main
Unwinding loop 1  iteration  34   file diamond_1-1.c line 17 function main
Unwinding loop 1  iteration  35   file diamond_1-1.c line 17 function main
Unwinding loop 1  iteration  36   file diamond_1-1.c line 17 function main
Unwinding loop 1  iteration  37   file diamond_1-1.c line 17 function main
Unwinding loop 1  iteration  38   file diamond_1-1.c line 17 function main
Unwinding loop 1  iteration  39   file diamond_1-1.c line 17 function main
Unwinding loop 1  iteration  40   file diamond_1-1.c line 17 function main
Unwinding loop 1  iteration  41   file diamond_1-1.c line 17 function main
Unwinding loop 1  iteration  42   file diamond_1-1.c line 17 function main
Unwinding loop 1  iteration  43   file diamond_1-1.c line 17 function main
Unwinding loop 1  iteration  44   file diamond_1-1.c line 17 function main
Unwinding loop 1  iteration  45   file diamond_1-1.c line 17 function main
Unwinding loop 1  iteration  46   file diamond_1-1.c line 17 function main
Unwinding loop 1  iteration  47   file diamond_1-1.c line 17 function main
Unwinding loop 1  iteration  48   file diamond_1-1.c line 17 function main
Unwinding loop 1  iteration  49   file diamond_1-1.c line 17 function main
Unwinding loop 1  iteration  50   file diamond_1-1.c line 17 function main
Unwinding loop 1  iteration  51   file diamond_1-1.c line 17 function main
Unwinding loop 1  iteration  52   file diamond_1-1.c line 17 function main
Unwinding loop 1  iteration  53   file diamond_1-1.c line 17 function main
Unwinding loop 1  iteration  54   file diamond_1-1.c line 17 function main
Unwinding loop 1  iteration  55   file diamond_1-1.c line 17 function main
Unwinding loop 1  iteration  56   file diamond_1-1.c line 17 function main
Unwinding loop 1  iteration  57   file diamond_1-1.c line 17 function main
Unwinding loop 1  iteration  58   file diamond_1-1.c line 17 function main
Unwinding loop 1  iteration  59   file diamond_1-1.c line 17 function main
Unwinding loop 1  iteration  60   file diamond_1-1.c line 17 function main
Unwinding loop 1  iteration  61   file diamond_1-1.c line 17 function main
Unwinding loop 1  iteration  62   file diamond_1-1.c line 17 function main
Unwinding loop 1  iteration  63   file diamond_1-1.c line 17 function main
Unwinding loop 1  iteration  64   file diamond_1-1.c line 17 function main
Unwinding loop 1  iteration  65   file diamond_1-1.c line 17 function main
Unwinding loop 1  iteration  66   file diamond_1-1.c line 17 function main
Unwinding loop 1  iteration  67   file diamond_1-1.c line 17 function main
Unwinding loop 1  iteration  68   file diamond_1-1.c line 17 function main
Unwinding loop 1  iteration  69   file diamond_1-1.c line 17 function main
Unwinding loop 1  iteration  70   file diamond_1-1.c line 17 function main
Not unwinding 
Symex completed in: 0.016s (512 assignments)
Slicing time: 0.006s (removed 18 assignments)
Generated 1 VCC(s), 1 remaining after simplification (494 assignments)
No solver specified; defaulting to Boolector
Encoding remaining VCC(s) using bit-vector/floating-point arithmetic
Encoding to solver time: 0.005s
Solving with solver Boolector 3.2.2
Encoding to solver time: 0.005s
Runtime decision procedure: 0.008s
The forward condition is unable to prove the property
*** Checking forward condition, k = 76
Starting Bounded Model Checking
Unwinding loop 1  iteration  1   file diamond_1-1.c line 17 function main
Unwinding loop 1  iteration  2   file diamond_1-1.c line 17 function main
Unwinding loop 1  iteration  3   file diamond_1-1.c line 17 function main
Unwinding loop 1  iteration  4   file diamond_1-1.c line 17 function main
Unwinding loop 1  iteration  5   file diamond_1-1.c line 17 function main
Unwinding loop 1  iteration  6   file diamond_1-1.c line 17 function main
Unwinding loop 1  iteration  7   file diamond_1-1.c line 17 function main
Unwinding loop 1  iteration  8   file diamond_1-1.c line 17 function main
Unwinding loop 1  iteration  9   file diamond_1-1.c line 17 function main
Unwinding loop 1  iteration  10   file diamond_1-1.c line 17 function main
Unwinding loop 1  iteration  11   file diamond_1-1.c line 17 function main
Unwinding loop 1  iteration  12   file diamond_1-1.c line 17 function main
Unwinding loop 1  iteration  13   file diamond_1-1.c line 17 function main
Unwinding loop 1  iteration  14   file diamond_1-1.c line 17 function main
Unwinding loop 1  iteration  15   file diamond_1-1.c line 17 function main
Unwinding loop 1  iteration  16   file diamond_1-1.c line 17 function main
Unwinding loop 1  iteration  17   file diamond_1-1.c line 17 function main
Unwinding loop 1  iteration  18   file diamond_1-1.c line 17 function main
Unwinding loop 1  iteration  19   file diamond_1-1.c line 17 function main
Unwinding loop 1  iteration  20   file diamond_1-1.c line 17 function main
Unwinding loop 1  iteration  21   file diamond_1-1.c line 17 function main
Unwinding loop 1  iteration  22   file diamond_1-1.c line 17 function main
Unwinding loop 1  iteration  23   file diamond_1-1.c line 17 function main
Unwinding loop 1  iteration  24   file diamond_1-1.c line 17 function main
Unwinding loop 1  iteration  25   file diamond_1-1.c line 17 function main
Unwinding loop 1  iteration  26   file diamond_1-1.c line 17 function main
Unwinding loop 1  iteration  27   file diamond_1-1.c line 17 function main
Unwinding loop 1  iteration  28   file diamond_1-1.c line 17 function main
Unwinding loop 1  iteration  29   file diamond_1-1.c line 17 function main
Unwinding loop 1  iteration  30   file diamond_1-1.c line 17 function main
Unwinding loop 1  iteration  31   file diamond_1-1.c line 17 function main
Unwinding loop 1  iteration  32   file diamond_1-1.c line 17 function main
Unwinding loop 1  iteration  33   file diamond_1-1.c line 17 function main
Unwinding loop 1  iteration  34   file diamond_1-1.c line 17 function main
Unwinding loop 1  iteration  35   file diamond_1-1.c line 17 function main
Unwinding loop 1  iteration  36   file diamond_1-1.c line 17 function main
Unwinding loop 1  iteration  37   file diamond_1-1.c line 17 function main
Unwinding loop 1  iteration  38   file diamond_1-1.c line 17 function main
Unwinding loop 1  iteration  39   file diamond_1-1.c line 17 function main
Unwinding loop 1  iteration  40   file diamond_1-1.c line 17 function main
Unwinding loop 1  iteration  41   file diamond_1-1.c line 17 function main
Unwinding loop 1  iteration  42   file diamond_1-1.c line 17 function main
Unwinding loop 1  iteration  43   file diamond_1-1.c line 17 function main
Unwinding loop 1  iteration  44   file diamond_1-1.c line 17 function main
Unwinding loop 1  iteration  45   file diamond_1-1.c line 17 function main
Unwinding loop 1  iteration  46   file diamond_1-1.c line 17 function main
Unwinding loop 1  iteration  47   file diamond_1-1.c line 17 function main
Unwinding loop 1  iteration  48   file diamond_1-1.c line 17 function main
Unwinding loop 1  iteration  49   file diamond_1-1.c line 17 function main
Unwinding loop 1  iteration  50   file diamond_1-1.c line 17 function main
Unwinding loop 1  iteration  51   file diamond_1-1.c line 17 function main
Unwinding loop 1  iteration  52   file diamond_1-1.c line 17 function main
Unwinding loop 1  iteration  53   file diamond_1-1.c line 17 function main
Unwinding loop 1  iteration  54   file diamond_1-1.c line 17 function main
Unwinding loop 1  iteration  55   file diamond_1-1.c line 17 function main
Unwinding loop 1  iteration  56   file diamond_1-1.c line 17 function main
Unwinding loop 1  iteration  57   file diamond_1-1.c line 17 function main
Unwinding loop 1  iteration  58   file diamond_1-1.c line 17 function main
Unwinding loop 1  iteration  59   file diamond_1-1.c line 17 function main
Unwinding loop 1  iteration  60   file diamond_1-1.c line 17 function main
Unwinding loop 1  iteration  61   file diamond_1-1.c line 17 function main
Unwinding loop 1  iteration  62   file diamond_1-1.c line 17 function main
Unwinding loop 1  iteration  63   file diamond_1-1.c line 17 function main
Unwinding loop 1  iteration  64   file diamond_1-1.c line 17 function main
Unwinding loop 1  iteration  65   file diamond_1-1.c line 17 function main
Unwinding loop 1  iteration  66   file diamond_1-1.c line 17 function main
Unwinding loop 1  iteration  67   file diamond_1-1.c line 17 function main
Unwinding loop 1  iteration  68   file diamond_1-1.c line 17 function main
Unwinding loop 1  iteration  69   file diamond_1-1.c line 17 function main
Unwinding loop 1  iteration  70   file diamond_1-1.c line 17 function main
Unwinding loop 1  iteration  71   file diamond_1-1.c line 17 function main
Unwinding loop 1  iteration  72   file diamond_1-1.c line 17 function main
Unwinding loop 1  iteration  73   file diamond_1-1.c line 17 function main
Unwinding loop 1  iteration  74   file diamond_1-1.c line 17 function main
Unwinding loop 1  iteration  75   file diamond_1-1.c line 17 function main
Not unwinding 
Symex completed in: 0.018s (547 assignments)
Slicing time: 0.007s (removed 18 assignments)
Generated 1 VCC(s), 1 remaining after simplification (529 assignments)
No solver specified; defaulting to Boolector
Encoding remaining VCC(s) using bit-vector/floating-point arithmetic
Encoding to solver time: 0.006s
Solving with solver Boolector 3.2.2
Encoding to solver time: 0.006s
Runtime decision procedure: 0.008s
The forward condition is unable to prove the property
*** Checking forward condition, k = 81
Starting Bounded Model Checking
Unwinding loop 1  iteration  1   file diamond_1-1.c line 17 function main
Unwinding loop 1  iteration  2   file diamond_1-1.c line 17 function main
Unwinding loop 1  iteration  3   file diamond_1-1.c line 17 function main
Unwinding loop 1  iteration  4   file diamond_1-1.c line 17 function main
Unwinding loop 1  iteration  5   file diamond_1-1.c line 17 function main
Unwinding loop 1  iteration  6   file diamond_1-1.c line 17 function main
Unwinding loop 1  iteration  7   file diamond_1-1.c line 17 function main
Unwinding loop 1  iteration  8   file diamond_1-1.c line 17 function main
Unwinding loop 1  iteration  9   file diamond_1-1.c line 17 function main
Unwinding loop 1  iteration  10   file diamond_1-1.c line 17 function main
Unwinding loop 1  iteration  11   file diamond_1-1.c line 17 function main
Unwinding loop 1  iteration  12   file diamond_1-1.c line 17 function main
Unwinding loop 1  iteration  13   file diamond_1-1.c line 17 function main
Unwinding loop 1  iteration  14   file diamond_1-1.c line 17 function main
Unwinding loop 1  iteration  15   file diamond_1-1.c line 17 function main
Unwinding loop 1  iteration  16   file diamond_1-1.c line 17 function main
Unwinding loop 1  iteration  17   file diamond_1-1.c line 17 function main
Unwinding loop 1  iteration  18   file diamond_1-1.c line 17 function main
Unwinding loop 1  iteration  19   file diamond_1-1.c line 17 function main
Unwinding loop 1  iteration  20   file diamond_1-1.c line 17 function main
Unwinding loop 1  iteration  21   file diamond_1-1.c line 17 function main
Unwinding loop 1  iteration  22   file diamond_1-1.c line 17 function main
Unwinding loop 1  iteration  23   file diamond_1-1.c line 17 function main
Unwinding loop 1  iteration  24   file diamond_1-1.c line 17 function main
Unwinding loop 1  iteration  25   file diamond_1-1.c line 17 function main
Unwinding loop 1  iteration  26   file diamond_1-1.c line 17 function main
Unwinding loop 1  iteration  27   file diamond_1-1.c line 17 function main
Unwinding loop 1  iteration  28   file diamond_1-1.c line 17 function main
Unwinding loop 1  iteration  29   file diamond_1-1.c line 17 function main
Unwinding loop 1  iteration  30   file diamond_1-1.c line 17 function main
Unwinding loop 1  iteration  31   file diamond_1-1.c line 17 function main
Unwinding loop 1  iteration  32   file diamond_1-1.c line 17 function main
Unwinding loop 1  iteration  33   file diamond_1-1.c line 17 function main
Unwinding loop 1  iteration  34   file diamond_1-1.c line 17 function main
Unwinding loop 1  iteration  35   file diamond_1-1.c line 17 function main
Unwinding loop 1  iteration  36   file diamond_1-1.c line 17 function main
Unwinding loop 1  iteration  37   file diamond_1-1.c line 17 function main
Unwinding loop 1  iteration  38   file diamond_1-1.c line 17 function main
Unwinding loop 1  iteration  39   file diamond_1-1.c line 17 function main
Unwinding loop 1  iteration  40   file diamond_1-1.c line 17 function main
Unwinding loop 1  iteration  41   file diamond_1-1.c line 17 function main
Unwinding loop 1  iteration  42   file diamond_1-1.c line 17 function main
Unwinding loop 1  iteration  43   file diamond_1-1.c line 17 function main
Unwinding loop 1  iteration  44   file diamond_1-1.c line 17 function main
Unwinding loop 1  iteration  45   file diamond_1-1.c line 17 function main
Unwinding loop 1  iteration  46   file diamond_1-1.c line 17 function main
Unwinding loop 1  iteration  47   file diamond_1-1.c line 17 function main
Unwinding loop 1  iteration  48   file diamond_1-1.c line 17 function main
Unwinding loop 1  iteration  49   file diamond_1-1.c line 17 function main
Unwinding loop 1  iteration  50   file diamond_1-1.c line 17 function main
Unwinding loop 1  iteration  51   file diamond_1-1.c line 17 function main
Unwinding loop 1  iteration  52   file diamond_1-1.c line 17 function main
Unwinding loop 1  iteration  53   file diamond_1-1.c line 17 function main
Unwinding loop 1  iteration  54   file diamond_1-1.c line 17 function main
Unwinding loop 1  iteration  55   file diamond_1-1.c line 17 function main
Unwinding loop 1  iteration  56   file diamond_1-1.c line 17 function main
Unwinding loop 1  iteration  57   file diamond_1-1.c line 17 function main
Unwinding loop 1  iteration  58   file diamond_1-1.c line 17 function main
Unwinding loop 1  iteration  59   file diamond_1-1.c line 17 function main
Unwinding loop 1  iteration  60   file diamond_1-1.c line 17 function main
Unwinding loop 1  iteration  61   file diamond_1-1.c line 17 function main
Unwinding loop 1  iteration  62   file diamond_1-1.c line 17 function main
Unwinding loop 1  iteration  63   file diamond_1-1.c line 17 function main
Unwinding loop 1  iteration  64   file diamond_1-1.c line 17 function main
Unwinding loop 1  iteration  65   file diamond_1-1.c line 17 function main
Unwinding loop 1  iteration  66   file diamond_1-1.c line 17 function main
Unwinding loop 1  iteration  67   file diamond_1-1.c line 17 function main
Unwinding loop 1  iteration  68   file diamond_1-1.c line 17 function main
Unwinding loop 1  iteration  69   file diamond_1-1.c line 17 function main
Unwinding loop 1  iteration  70   file diamond_1-1.c line 17 function main
Unwinding loop 1  iteration  71   file diamond_1-1.c line 17 function main
Unwinding loop 1  iteration  72   file diamond_1-1.c line 17 function main
Unwinding loop 1  iteration  73   file diamond_1-1.c line 17 function main
Unwinding loop 1  iteration  74   file diamond_1-1.c line 17 function main
Unwinding loop 1  iteration  75   file diamond_1-1.c line 17 function main
Unwinding loop 1  iteration  76   file diamond_1-1.c line 17 function main
Unwinding loop 1  iteration  77   file diamond_1-1.c line 17 function main
Unwinding loop 1  iteration  78   file diamond_1-1.c line 17 function main
Unwinding loop 1  iteration  79   file diamond_1-1.c line 17 function main
Unwinding loop 1  iteration  80   file diamond_1-1.c line 17 function main
Not unwinding 
Symex completed in: 0.019s (582 assignments)
Slicing time: 0.007s (removed 18 assignments)
Generated 1 VCC(s), 1 remaining after simplification (564 assignments)
No solver specified; defaulting to Boolector
Encoding remaining VCC(s) using bit-vector/floating-point arithmetic
Encoding to solver time: 0.006s
Solving with solver Boolector 3.2.2
Encoding to solver time: 0.006s
Runtime decision procedure: 0.008s
The forward condition is unable to prove the property
*** Checking forward condition, k = 86
Starting Bounded Model Checking
Unwinding loop 1  iteration  1   file diamond_1-1.c line 17 function main
Unwinding loop 1  iteration  2   file diamond_1-1.c line 17 function main
Unwinding loop 1  iteration  3   file diamond_1-1.c line 17 function main
Unwinding loop 1  iteration  4   file diamond_1-1.c line 17 function main
Unwinding loop 1  iteration  5   file diamond_1-1.c line 17 function main
Unwinding loop 1  iteration  6   file diamond_1-1.c line 17 function main
Unwinding loop 1  iteration  7   file diamond_1-1.c line 17 function main
Unwinding loop 1  iteration  8   file diamond_1-1.c line 17 function main
Unwinding loop 1  iteration  9   file diamond_1-1.c line 17 function main
Unwinding loop 1  iteration  10   file diamond_1-1.c line 17 function main
Unwinding loop 1  iteration  11   file diamond_1-1.c line 17 function main
Unwinding loop 1  iteration  12   file diamond_1-1.c line 17 function main
Unwinding loop 1  iteration  13   file diamond_1-1.c line 17 function main
Unwinding loop 1  iteration  14   file diamond_1-1.c line 17 function main
Unwinding loop 1  iteration  15   file diamond_1-1.c line 17 function main
Unwinding loop 1  iteration  16   file diamond_1-1.c line 17 function main
Unwinding loop 1  iteration  17   file diamond_1-1.c line 17 function main
Unwinding loop 1  iteration  18   file diamond_1-1.c line 17 function main
Unwinding loop 1  iteration  19   file diamond_1-1.c line 17 function main
Unwinding loop 1  iteration  20   file diamond_1-1.c line 17 function main
Unwinding loop 1  iteration  21   file diamond_1-1.c line 17 function main
Unwinding loop 1  iteration  22   file diamond_1-1.c line 17 function main
Unwinding loop 1  iteration  23   file diamond_1-1.c line 17 function main
Unwinding loop 1  iteration  24   file diamond_1-1.c line 17 function main
Unwinding loop 1  iteration  25   file diamond_1-1.c line 17 function main
Unwinding loop 1  iteration  26   file diamond_1-1.c line 17 function main
Unwinding loop 1  iteration  27   file diamond_1-1.c line 17 function main
Unwinding loop 1  iteration  28   file diamond_1-1.c line 17 function main
Unwinding loop 1  iteration  29   file diamond_1-1.c line 17 function main
Unwinding loop 1  iteration  30   file diamond_1-1.c line 17 function main
Unwinding loop 1  iteration  31   file diamond_1-1.c line 17 function main
Unwinding loop 1  iteration  32   file diamond_1-1.c line 17 function main
Unwinding loop 1  iteration  33   file diamond_1-1.c line 17 function main
Unwinding loop 1  iteration  34   file diamond_1-1.c line 17 function main
Unwinding loop 1  iteration  35   file diamond_1-1.c line 17 function main
Unwinding loop 1  iteration  36   file diamond_1-1.c line 17 function main
Unwinding loop 1  iteration  37   file diamond_1-1.c line 17 function main
Unwinding loop 1  iteration  38   file diamond_1-1.c line 17 function main
Unwinding loop 1  iteration  39   file diamond_1-1.c line 17 function main
Unwinding loop 1  iteration  40   file diamond_1-1.c line 17 function main
Unwinding loop 1  iteration  41   file diamond_1-1.c line 17 function main
Unwinding loop 1  iteration  42   file diamond_1-1.c line 17 function main
Unwinding loop 1  iteration  43   file diamond_1-1.c line 17 function main
Unwinding loop 1  iteration  44   file diamond_1-1.c line 17 function main
Unwinding loop 1  iteration  45   file diamond_1-1.c line 17 function main
Unwinding loop 1  iteration  46   file diamond_1-1.c line 17 function main
Unwinding loop 1  iteration  47   file diamond_1-1.c line 17 function main
Unwinding loop 1  iteration  48   file diamond_1-1.c line 17 function main
Unwinding loop 1  iteration  49   file diamond_1-1.c line 17 function main
Unwinding loop 1  iteration  50   file diamond_1-1.c line 17 function main
Unwinding loop 1  iteration  51   file diamond_1-1.c line 17 function main
Unwinding loop 1  iteration  52   file diamond_1-1.c line 17 function main
Unwinding loop 1  iteration  53   file diamond_1-1.c line 17 function main
Unwinding loop 1  iteration  54   file diamond_1-1.c line 17 function main
Unwinding loop 1  iteration  55   file diamond_1-1.c line 17 function main
Unwinding loop 1  iteration  56   file diamond_1-1.c line 17 function main
Unwinding loop 1  iteration  57   file diamond_1-1.c line 17 function main
Unwinding loop 1  iteration  58   file diamond_1-1.c line 17 function main
Unwinding loop 1  iteration  59   file diamond_1-1.c line 17 function main
Unwinding loop 1  iteration  60   file diamond_1-1.c line 17 function main
Unwinding loop 1  iteration  61   file diamond_1-1.c line 17 function main
Unwinding loop 1  iteration  62   file diamond_1-1.c line 17 function main
Unwinding loop 1  iteration  63   file diamond_1-1.c line 17 function main
Unwinding loop 1  iteration  64   file diamond_1-1.c line 17 function main
Unwinding loop 1  iteration  65   file diamond_1-1.c line 17 function main
Unwinding loop 1  iteration  66   file diamond_1-1.c line 17 function main
Unwinding loop 1  iteration  67   file diamond_1-1.c line 17 function main
Unwinding loop 1  iteration  68   file diamond_1-1.c line 17 function main
Unwinding loop 1  iteration  69   file diamond_1-1.c line 17 function main
Unwinding loop 1  iteration  70   file diamond_1-1.c line 17 function main
Unwinding loop 1  iteration  71   file diamond_1-1.c line 17 function main
Unwinding loop 1  iteration  72   file diamond_1-1.c line 17 function main
Unwinding loop 1  iteration  73   file diamond_1-1.c line 17 function main
Unwinding loop 1  iteration  74   file diamond_1-1.c line 17 function main
Unwinding loop 1  iteration  75   file diamond_1-1.c line 17 function main
Unwinding loop 1  iteration  76   file diamond_1-1.c line 17 function main
Unwinding loop 1  iteration  77   file diamond_1-1.c line 17 function main
Unwinding loop 1  iteration  78   file diamond_1-1.c line 17 function main
Unwinding loop 1  iteration  79   file diamond_1-1.c line 17 function main
Unwinding loop 1  iteration  80   file diamond_1-1.c line 17 function main
Unwinding loop 1  iteration  81   file diamond_1-1.c line 17 function main
Unwinding loop 1  iteration  82   file diamond_1-1.c line 17 function main
Unwinding loop 1  iteration  83   file diamond_1-1.c line 17 function main
Unwinding loop 1  iteration  84   file diamond_1-1.c line 17 function main
Unwinding loop 1  iteration  85   file diamond_1-1.c line 17 function main
Not unwinding 
Symex completed in: 0.021s (617 assignments)
Slicing time: 0.008s (removed 18 assignments)
Generated 1 VCC(s), 1 remaining after simplification (599 assignments)
No solver specified; defaulting to Boolector
Encoding remaining VCC(s) using bit-vector/floating-point arithmetic
Encoding to solver time: 0.007s
Solving with solver Boolector 3.2.2
Encoding to solver time: 0.007s
Runtime decision procedure: 0.008s
The forward condition is unable to prove the property
*** Checking forward condition, k = 91
Starting Bounded Model Checking
Unwinding loop 1  iteration  1   file diamond_1-1.c line 17 function main
Unwinding loop 1  iteration  2   file diamond_1-1.c line 17 function main
Unwinding loop 1  iteration  3   file diamond_1-1.c line 17 function main
Unwinding loop 1  iteration  4   file diamond_1-1.c line 17 function main
Unwinding loop 1  iteration  5   file diamond_1-1.c line 17 function main
Unwinding loop 1  iteration  6   file diamond_1-1.c line 17 function main
Unwinding loop 1  iteration  7   file diamond_1-1.c line 17 function main
Unwinding loop 1  iteration  8   file diamond_1-1.c line 17 function main
Unwinding loop 1  iteration  9   file diamond_1-1.c line 17 function main
Unwinding loop 1  iteration  10   file diamond_1-1.c line 17 function main
Unwinding loop 1  iteration  11   file diamond_1-1.c line 17 function main
Unwinding loop 1  iteration  12   file diamond_1-1.c line 17 function main
Unwinding loop 1  iteration  13   file diamond_1-1.c line 17 function main
Unwinding loop 1  iteration  14   file diamond_1-1.c line 17 function main
Unwinding loop 1  iteration  15   file diamond_1-1.c line 17 function main
Unwinding loop 1  iteration  16   file diamond_1-1.c line 17 function main
Unwinding loop 1  iteration  17   file diamond_1-1.c line 17 function main
Unwinding loop 1  iteration  18   file diamond_1-1.c line 17 function main
Unwinding loop 1  iteration  19   file diamond_1-1.c line 17 function main
Unwinding loop 1  iteration  20   file diamond_1-1.c line 17 function main
Unwinding loop 1  iteration  21   file diamond_1-1.c line 17 function main
Unwinding loop 1  iteration  22   file diamond_1-1.c line 17 function main
Unwinding loop 1  iteration  23   file diamond_1-1.c line 17 function main
Unwinding loop 1  iteration  24   file diamond_1-1.c line 17 function main
Unwinding loop 1  iteration  25   file diamond_1-1.c line 17 function main
Unwinding loop 1  iteration  26   file diamond_1-1.c line 17 function main
Unwinding loop 1  iteration  27   file diamond_1-1.c line 17 function main
Unwinding loop 1  iteration  28   file diamond_1-1.c line 17 function main
Unwinding loop 1  iteration  29   file diamond_1-1.c line 17 function main
Unwinding loop 1  iteration  30   file diamond_1-1.c line 17 function main
Unwinding loop 1  iteration  31   file diamond_1-1.c line 17 function main
Unwinding loop 1  iteration  32   file diamond_1-1.c line 17 function main
Unwinding loop 1  iteration  33   file diamond_1-1.c line 17 function main
Unwinding loop 1  iteration  34   file diamond_1-1.c line 17 function main
Unwinding loop 1  iteration  35   file diamond_1-1.c line 17 function main
Unwinding loop 1  iteration  36   file diamond_1-1.c line 17 function main
Unwinding loop 1  iteration  37   file diamond_1-1.c line 17 function main
Unwinding loop 1  iteration  38   file diamond_1-1.c line 17 function main
Unwinding loop 1  iteration  39   file diamond_1-1.c line 17 function main
Unwinding loop 1  iteration  40   file diamond_1-1.c line 17 function main
Unwinding loop 1  iteration  41   file diamond_1-1.c line 17 function main
Unwinding loop 1  iteration  42   file diamond_1-1.c line 17 function main
Unwinding loop 1  iteration  43   file diamond_1-1.c line 17 function main
Unwinding loop 1  iteration  44   file diamond_1-1.c line 17 function main
Unwinding loop 1  iteration  45   file diamond_1-1.c line 17 function main
Unwinding loop 1  iteration  46   file diamond_1-1.c line 17 function main
Unwinding loop 1  iteration  47   file diamond_1-1.c line 17 function main
Unwinding loop 1  iteration  48   file diamond_1-1.c line 17 function main
Unwinding loop 1  iteration  49   file diamond_1-1.c line 17 function main
Unwinding loop 1  iteration  50   file diamond_1-1.c line 17 function main
Unwinding loop 1  iteration  51   file diamond_1-1.c line 17 function main
Unwinding loop 1  iteration  52   file diamond_1-1.c line 17 function main
Unwinding loop 1  iteration  53   file diamond_1-1.c line 17 function main
Unwinding loop 1  iteration  54   file diamond_1-1.c line 17 function main
Unwinding loop 1  iteration  55   file diamond_1-1.c line 17 function main
Unwinding loop 1  iteration  56   file diamond_1-1.c line 17 function main
Unwinding loop 1  iteration  57   file diamond_1-1.c line 17 function main
Unwinding loop 1  iteration  58   file diamond_1-1.c line 17 function main
Unwinding loop 1  iteration  59   file diamond_1-1.c line 17 function main
Unwinding loop 1  iteration  60   file diamond_1-1.c line 17 function main
Unwinding loop 1  iteration  61   file diamond_1-1.c line 17 function main
Unwinding loop 1  iteration  62   file diamond_1-1.c line 17 function main
Unwinding loop 1  iteration  63   file diamond_1-1.c line 17 function main
Unwinding loop 1  iteration  64   file diamond_1-1.c line 17 function main
Unwinding loop 1  iteration  65   file diamond_1-1.c line 17 function main
Unwinding loop 1  iteration  66   file diamond_1-1.c line 17 function main
Unwinding loop 1  iteration  67   file diamond_1-1.c line 17 function main
Unwinding loop 1  iteration  68   file diamond_1-1.c line 17 function main
Unwinding loop 1  iteration  69   file diamond_1-1.c line 17 function main
Unwinding loop 1  iteration  70   file diamond_1-1.c line 17 function main
Unwinding loop 1  iteration  71   file diamond_1-1.c line 17 function main
Unwinding loop 1  iteration  72   file diamond_1-1.c line 17 function main
Unwinding loop 1  iteration  73   file diamond_1-1.c line 17 function main
Unwinding loop 1  iteration  74   file diamond_1-1.c line 17 function main
Unwinding loop 1  iteration  75   file diamond_1-1.c line 17 function main
Unwinding loop 1  iteration  76   file diamond_1-1.c line 17 function main
Unwinding loop 1  iteration  77   file diamond_1-1.c line 17 function main
Unwinding loop 1  iteration  78   file diamond_1-1.c line 17 function main
Unwinding loop 1  iteration  79   file diamond_1-1.c line 17 function main
Unwinding loop 1  iteration  80   file diamond_1-1.c line 17 function main
Unwinding loop 1  iteration  81   file diamond_1-1.c line 17 function main
Unwinding loop 1  iteration  82   file diamond_1-1.c line 17 function main
Unwinding loop 1  iteration  83   file diamond_1-1.c line 17 function main
Unwinding loop 1  iteration  84   file diamond_1-1.c line 17 function main
Unwinding loop 1  iteration  85   file diamond_1-1.c line 17 function main
Unwinding loop 1  iteration  86   file diamond_1-1.c line 17 function main
Unwinding loop 1  iteration  87   file diamond_1-1.c line 17 function main
Unwinding loop 1  iteration  88   file diamond_1-1.c line 17 function main
Unwinding loop 1  iteration  89   file diamond_1-1.c line 17 function main
Unwinding loop 1  iteration  90   file diamond_1-1.c line 17 function main
Not unwinding 
Symex completed in: 0.021s (652 assignments)
Slicing time: 0.009s (removed 18 assignments)
Generated 1 VCC(s), 1 remaining after simplification (634 assignments)
No solver specified; defaulting to Boolector
Encoding remaining VCC(s) using bit-vector/floating-point arithmetic
Encoding to solver time: 0.007s
Solving with solver Boolector 3.2.2
Encoding to solver time: 0.007s
Runtime decision procedure: 0.009s
The forward condition is unable to prove the property
*** Checking forward condition, k = 96
Starting Bounded Model Checking
Unwinding loop 1  iteration  1   file diamond_1-1.c line 17 function main
Unwinding loop 1  iteration  2   file diamond_1-1.c line 17 function main
Unwinding loop 1  iteration  3   file diamond_1-1.c line 17 function main
Unwinding loop 1  iteration  4   file diamond_1-1.c line 17 function main
Unwinding loop 1  iteration  5   file diamond_1-1.c line 17 function main
Unwinding loop 1  iteration  6   file diamond_1-1.c line 17 function main
Unwinding loop 1  iteration  7   file diamond_1-1.c line 17 function main
Unwinding loop 1  iteration  8   file diamond_1-1.c line 17 function main
Unwinding loop 1  iteration  9   file diamond_1-1.c line 17 function main
Unwinding loop 1  iteration  10   file diamond_1-1.c line 17 function main
Unwinding loop 1  iteration  11   file diamond_1-1.c line 17 function main
Unwinding loop 1  iteration  12   file diamond_1-1.c line 17 function main
Unwinding loop 1  iteration  13   file diamond_1-1.c line 17 function main
Unwinding loop 1  iteration  14   file diamond_1-1.c line 17 function main
Unwinding loop 1  iteration  15   file diamond_1-1.c line 17 function main
Unwinding loop 1  iteration  16   file diamond_1-1.c line 17 function main
Unwinding loop 1  iteration  17   file diamond_1-1.c line 17 function main
Unwinding loop 1  iteration  18   file diamond_1-1.c line 17 function main
Unwinding loop 1  iteration  19   file diamond_1-1.c line 17 function main
Unwinding loop 1  iteration  20   file diamond_1-1.c line 17 function main
Unwinding loop 1  iteration  21   file diamond_1-1.c line 17 function main
Unwinding loop 1  iteration  22   file diamond_1-1.c line 17 function main
Unwinding loop 1  iteration  23   file diamond_1-1.c line 17 function main
Unwinding loop 1  iteration  24   file diamond_1-1.c line 17 function main
Unwinding loop 1  iteration  25   file diamond_1-1.c line 17 function main
Unwinding loop 1  iteration  26   file diamond_1-1.c line 17 function main
Unwinding loop 1  iteration  27   file diamond_1-1.c line 17 function main
Unwinding loop 1  iteration  28   file diamond_1-1.c line 17 function main
Unwinding loop 1  iteration  29   file diamond_1-1.c line 17 function main
Unwinding loop 1  iteration  30   file diamond_1-1.c line 17 function main
Unwinding loop 1  iteration  31   file diamond_1-1.c line 17 function main
Unwinding loop 1  iteration  32   file diamond_1-1.c line 17 function main
Unwinding loop 1  iteration  33   file diamond_1-1.c line 17 function main
Unwinding loop 1  iteration  34   file diamond_1-1.c line 17 function main
Unwinding loop 1  iteration  35   file diamond_1-1.c line 17 function main
Unwinding loop 1  iteration  36   file diamond_1-1.c line 17 function main
Unwinding loop 1  iteration  37   file diamond_1-1.c line 17 function main
Unwinding loop 1  iteration  38   file diamond_1-1.c line 17 function main
Unwinding loop 1  iteration  39   file diamond_1-1.c line 17 function main
Unwinding loop 1  iteration  40   file diamond_1-1.c line 17 function main
Unwinding loop 1  iteration  41   file diamond_1-1.c line 17 function main
Unwinding loop 1  iteration  42   file diamond_1-1.c line 17 function main
Unwinding loop 1  iteration  43   file diamond_1-1.c line 17 function main
Unwinding loop 1  iteration  44   file diamond_1-1.c line 17 function main
Unwinding loop 1  iteration  45   file diamond_1-1.c line 17 function main
Unwinding loop 1  iteration  46   file diamond_1-1.c line 17 function main
Unwinding loop 1  iteration  47   file diamond_1-1.c line 17 function main
Unwinding loop 1  iteration  48   file diamond_1-1.c line 17 function main
Unwinding loop 1  iteration  49   file diamond_1-1.c line 17 function main
Unwinding loop 1  iteration  50   file diamond_1-1.c line 17 function main
Unwinding loop 1  iteration  51   file diamond_1-1.c line 17 function main
Unwinding loop 1  iteration  52   file diamond_1-1.c line 17 function main
Unwinding loop 1  iteration  53   file diamond_1-1.c line 17 function main
Unwinding loop 1  iteration  54   file diamond_1-1.c line 17 function main
Unwinding loop 1  iteration  55   file diamond_1-1.c line 17 function main
Unwinding loop 1  iteration  56   file diamond_1-1.c line 17 function main
Unwinding loop 1  iteration  57   file diamond_1-1.c line 17 function main
Unwinding loop 1  iteration  58   file diamond_1-1.c line 17 function main
Unwinding loop 1  iteration  59   file diamond_1-1.c line 17 function main
Unwinding loop 1  iteration  60   file diamond_1-1.c line 17 function main
Unwinding loop 1  iteration  61   file diamond_1-1.c line 17 function main
Unwinding loop 1  iteration  62   file diamond_1-1.c line 17 function main
Unwinding loop 1  iteration  63   file diamond_1-1.c line 17 function main
Unwinding loop 1  iteration  64   file diamond_1-1.c line 17 function main
Unwinding loop 1  iteration  65   file diamond_1-1.c line 17 function main
Unwinding loop 1  iteration  66   file diamond_1-1.c line 17 function main
Unwinding loop 1  iteration  67   file diamond_1-1.c line 17 function main
Unwinding loop 1  iteration  68   file diamond_1-1.c line 17 function main
Unwinding loop 1  iteration  69   file diamond_1-1.c line 17 function main
Unwinding loop 1  iteration  70   file diamond_1-1.c line 17 function main
Unwinding loop 1  iteration  71   file diamond_1-1.c line 17 function main
Unwinding loop 1  iteration  72   file diamond_1-1.c line 17 function main
Unwinding loop 1  iteration  73   file diamond_1-1.c line 17 function main
Unwinding loop 1  iteration  74   file diamond_1-1.c line 17 function main
Unwinding loop 1  iteration  75   file diamond_1-1.c line 17 function main
Unwinding loop 1  iteration  76   file diamond_1-1.c line 17 function main
Unwinding loop 1  iteration  77   file diamond_1-1.c line 17 function main
Unwinding loop 1  iteration  78   file diamond_1-1.c line 17 function main
Unwinding loop 1  iteration  79   file diamond_1-1.c line 17 function main
Unwinding loop 1  iteration  80   file diamond_1-1.c line 17 function main
Unwinding loop 1  iteration  81   file diamond_1-1.c line 17 function main
Unwinding loop 1  iteration  82   file diamond_1-1.c line 17 function main
Unwinding loop 1  iteration  83   file diamond_1-1.c line 17 function main
Unwinding loop 1  iteration  84   file diamond_1-1.c line 17 function main
Unwinding loop 1  iteration  85   file diamond_1-1.c line 17 function main
Unwinding loop 1  iteration  86   file diamond_1-1.c line 17 function main
Unwinding loop 1  iteration  87   file diamond_1-1.c line 17 function main
Unwinding loop 1  iteration  88   file diamond_1-1.c line 17 function main
Unwinding loop 1  iteration  89   file diamond_1-1.c line 17 function main
Unwinding loop 1  iteration  90   file diamond_1-1.c line 17 function main
Unwinding loop 1  iteration  91   file diamond_1-1.c line 17 function main
Unwinding loop 1  iteration  92   file diamond_1-1.c line 17 function main
Unwinding loop 1  iteration  93   file diamond_1-1.c line 17 function main
Unwinding loop 1  iteration  94   file diamond_1-1.c line 17 function main
Unwinding loop 1  iteration  95   file diamond_1-1.c line 17 function main
Not unwinding 
Symex completed in: 0.024s (687 assignments)
Slicing time: 0.010s (removed 18 assignments)
Generated 1 VCC(s), 1 remaining after simplification (669 assignments)
No solver specified; defaulting to Boolector
Encoding remaining VCC(s) using bit-vector/floating-point arithmetic
Encoding to solver time: 0.007s
Solving with solver Boolector 3.2.2
Encoding to solver time: 0.007s
Runtime decision procedure: 0.010s
The forward condition is unable to prove the property
*** Checking forward condition, k = 101
Starting Bounded Model Checking
Unwinding loop 1  iteration  1   file diamond_1-1.c line 17 function main
Unwinding loop 1  iteration  2   file diamond_1-1.c line 17 function main
Unwinding loop 1  iteration  3   file diamond_1-1.c line 17 function main
Unwinding loop 1  iteration  4   file diamond_1-1.c line 17 function main
Unwinding loop 1  iteration  5   file diamond_1-1.c line 17 function main
Unwinding loop 1  iteration  6   file diamond_1-1.c line 17 function main
Unwinding loop 1  iteration  7   file diamond_1-1.c line 17 function main
Unwinding loop 1  iteration  8   file diamond_1-1.c line 17 function main
Unwinding loop 1  iteration  9   file diamond_1-1.c line 17 function main
Unwinding loop 1  iteration  10   file diamond_1-1.c line 17 function main
Unwinding loop 1  iteration  11   file diamond_1-1.c line 17 function main
Unwinding loop 1  iteration  12   file diamond_1-1.c line 17 function main
Unwinding loop 1  iteration  13   file diamond_1-1.c line 17 function main
Unwinding loop 1  iteration  14   file diamond_1-1.c line 17 function main
Unwinding loop 1  iteration  15   file diamond_1-1.c line 17 function main
Unwinding loop 1  iteration  16   file diamond_1-1.c line 17 function main
Unwinding loop 1  iteration  17   file diamond_1-1.c line 17 function main
Unwinding loop 1  iteration  18   file diamond_1-1.c line 17 function main
Unwinding loop 1  iteration  19   file diamond_1-1.c line 17 function main
Unwinding loop 1  iteration  20   file diamond_1-1.c line 17 function main
Unwinding loop 1  iteration  21   file diamond_1-1.c line 17 function main
Unwinding loop 1  iteration  22   file diamond_1-1.c line 17 function main
Unwinding loop 1  iteration  23   file diamond_1-1.c line 17 function main
Unwinding loop 1  iteration  24   file diamond_1-1.c line 17 function main
Unwinding loop 1  iteration  25   file diamond_1-1.c line 17 function main
Unwinding loop 1  iteration  26   file diamond_1-1.c line 17 function main
Unwinding loop 1  iteration  27   file diamond_1-1.c line 17 function main
Unwinding loop 1  iteration  28   file diamond_1-1.c line 17 function main
Unwinding loop 1  iteration  29   file diamond_1-1.c line 17 function main
Unwinding loop 1  iteration  30   file diamond_1-1.c line 17 function main
Unwinding loop 1  iteration  31   file diamond_1-1.c line 17 function main
Unwinding loop 1  iteration  32   file diamond_1-1.c line 17 function main
Unwinding loop 1  iteration  33   file diamond_1-1.c line 17 function main
Unwinding loop 1  iteration  34   file diamond_1-1.c line 17 function main
Unwinding loop 1  iteration  35   file diamond_1-1.c line 17 function main
Unwinding loop 1  iteration  36   file diamond_1-1.c line 17 function main
Unwinding loop 1  iteration  37   file diamond_1-1.c line 17 function main
Unwinding loop 1  iteration  38   file diamond_1-1.c line 17 function main
Unwinding loop 1  iteration  39   file diamond_1-1.c line 17 function main
Unwinding loop 1  iteration  40   file diamond_1-1.c line 17 function main
Unwinding loop 1  iteration  41   file diamond_1-1.c line 17 function main
Unwinding loop 1  iteration  42   file diamond_1-1.c line 17 function main
Unwinding loop 1  iteration  43   file diamond_1-1.c line 17 function main
Unwinding loop 1  iteration  44   file diamond_1-1.c line 17 function main
Unwinding loop 1  iteration  45   file diamond_1-1.c line 17 function main
Unwinding loop 1  iteration  46   file diamond_1-1.c line 17 function main
Unwinding loop 1  iteration  47   file diamond_1-1.c line 17 function main
Unwinding loop 1  iteration  48   file diamond_1-1.c line 17 function main
Unwinding loop 1  iteration  49   file diamond_1-1.c line 17 function main
Unwinding loop 1  iteration  50   file diamond_1-1.c line 17 function main
Unwinding loop 1  iteration  51   file diamond_1-1.c line 17 function main
Unwinding loop 1  iteration  52   file diamond_1-1.c line 17 function main
Unwinding loop 1  iteration  53   file diamond_1-1.c line 17 function main
Unwinding loop 1  iteration  54   file diamond_1-1.c line 17 function main
Unwinding loop 1  iteration  55   file diamond_1-1.c line 17 function main
Unwinding loop 1  iteration  56   file diamond_1-1.c line 17 function main
Unwinding loop 1  iteration  57   file diamond_1-1.c line 17 function main
Unwinding loop 1  iteration  58   file diamond_1-1.c line 17 function main
Unwinding loop 1  iteration  59   file diamond_1-1.c line 17 function main
Unwinding loop 1  iteration  60   file diamond_1-1.c line 17 function main
Unwinding loop 1  iteration  61   file diamond_1-1.c line 17 function main
Unwinding loop 1  iteration  62   file diamond_1-1.c line 17 function main
Unwinding loop 1  iteration  63   file diamond_1-1.c line 17 function main
Unwinding loop 1  iteration  64   file diamond_1-1.c line 17 function main
Unwinding loop 1  iteration  65   file diamond_1-1.c line 17 function main
Unwinding loop 1  iteration  66   file diamond_1-1.c line 17 function main
Unwinding loop 1  iteration  67   file diamond_1-1.c line 17 function main
Unwinding loop 1  iteration  68   file diamond_1-1.c line 17 function main
Unwinding loop 1  iteration  69   file diamond_1-1.c line 17 function main
Unwinding loop 1  iteration  70   file diamond_1-1.c line 17 function main
Unwinding loop 1  iteration  71   file diamond_1-1.c line 17 function main
Unwinding loop 1  iteration  72   file diamond_1-1.c line 17 function main
Unwinding loop 1  iteration  73   file diamond_1-1.c line 17 function main
Unwinding loop 1  iteration  74   file diamond_1-1.c line 17 function main
Unwinding loop 1  iteration  75   file diamond_1-1.c line 17 function main
Unwinding loop 1  iteration  76   file diamond_1-1.c line 17 function main
Unwinding loop 1  iteration  77   file diamond_1-1.c line 17 function main
Unwinding loop 1  iteration  78   file diamond_1-1.c line 17 function main
Unwinding loop 1  iteration  79   file diamond_1-1.c line 17 function main
Unwinding loop 1  iteration  80   file diamond_1-1.c line 17 function main
Unwinding loop 1  iteration  81   file diamond_1-1.c line 17 function main
Unwinding loop 1  iteration  82   file diamond_1-1.c line 17 function main
Unwinding loop 1  iteration  83   file diamond_1-1.c line 17 function main
Unwinding loop 1  iteration  84   file diamond_1-1.c line 17 function main
Unwinding loop 1  iteration  85   file diamond_1-1.c line 17 function main
Unwinding loop 1  iteration  86   file diamond_1-1.c line 17 function main
Unwinding loop 1  iteration  87   file diamond_1-1.c line 17 function main
Unwinding loop 1  iteration  88   file diamond_1-1.c line 17 function main
Unwinding loop 1  iteration  89   file diamond_1-1.c line 17 function main
Unwinding loop 1  iteration  90   file diamond_1-1.c line 17 function main
Unwinding loop 1  iteration  91   file diamond_1-1.c line 17 function main
Unwinding loop 1  iteration  92   file diamond_1-1.c line 17 function main
Unwinding loop 1  iteration  93   file diamond_1-1.c line 17 function main
Unwinding loop 1  iteration  94   file diamond_1-1.c line 17 function main
Unwinding loop 1  iteration  95   file diamond_1-1.c line 17 function main
Unwinding loop 1  iteration  96   file diamond_1-1.c line 17 function main
Unwinding loop 1  iteration  97   file diamond_1-1.c line 17 function main
Unwinding loop 1  iteration  98   file diamond_1-1.c line 17 function main
Unwinding loop 1  iteration  99   file diamond_1-1.c line 17 function main
Unwinding loop 1  iteration  100   file diamond_1-1.c line 17 function main
Not unwinding 
Symex completed in: 0.026s (722 assignments)
Slicing time: 0.011s (removed 18 assignments)
Generated 1 VCC(s), 1 remaining after simplification (704 assignments)
No solver specified; defaulting to Boolector
Encoding remaining VCC(s) using bit-vector/floating-point arithmetic
Encoding to solver time: 0.008s
Solving with solver Boolector 3.2.2
Encoding to solver time: 0.008s
Runtime decision procedure: 0.009s
BMC program time: 0.054s
Building successful trace

VERIFICATION SUCCESSFUL

Solution found by the forward condition; all states are reachable (k = 101


TRUE
