./esbmc-wrapper.py -p ../sv-benchmarks/c/properties/unreach-call.prp -s kinduction --arch 32 ../sv-benchmarks/c/seq-mthreaded/pals_STARTPALS_Triplicated.1.ufo.BOUNDED-10.pals.c


--------------------------------------------------------------------------------


Verifying with ESBMC
Command: ./esbmc --no-div-by-zero-check --force-malloc-success --state-hashing --add-symex-value-sets --no-align-check --k-step 5 --floatbv --unlimited-k-steps ../sv-benchmarks/c/seq-mthreaded/pals_STARTPALS_Triplicated.1.ufo.BOUNDED-10.pals.c --32 --witness-output pals_STARTPALS_Triplicated.1.ufo.BOUNDED-10.pals.c.graphml --no-pointer-check --no-bounds-check --interval-analysis --goto-unwind --unlimited-goto-unwind --k-induction --max-inductive-step 3 
ESBMC version 6.8.0 64-bit x86_64 linux
Target: 32-bit little-endian x86_64-unknown-linux with esbmc libc
file ../sv-benchmarks/c/seq-mthreaded/pals_STARTPALS_Triplicated.1.ufo.BOUNDED-10.pals.c: Parsing
Converting
Generating GOTO Program
GOTO program creation time: 0.163s
GOTO program processing time: 0.017s
*** Checking base case, k = 1
Starting Bounded Model Checking
Symex completed in: 0.245s (3825 assignments)
Slicing time: 0.017s (removed 2383 assignments)
Generated 19 VCC(s), 19 remaining after simplification (1442 assignments)
No solver specified; defaulting to Boolector
Encoding remaining VCC(s) using bit-vector/floating-point arithmetic
Encoding to solver time: 0.026s
Solving with solver Boolector 3.2.2
Encoding to solver time: 0.026s
Runtime decision procedure: 0.395s
Building error trace

Counterexample:

State 1 file pals_STARTPALS_Triplicated.1.ufo.BOUNDED-10.pals.c line 487 function main thread 0
----------------------------------------------------
  gate1Failed_History_0 = 0

State 2 file pals_STARTPALS_Triplicated.1.ufo.BOUNDED-10.pals.c line 490 function main thread 0
----------------------------------------------------
  gate2Failed_History_0 = 0

State 3 file pals_STARTPALS_Triplicated.1.ufo.BOUNDED-10.pals.c line 493 function main thread 0
----------------------------------------------------
  gate3Failed_History_0 = 0

State 4 file pals_STARTPALS_Triplicated.1.ufo.BOUNDED-10.pals.c line 496 function main thread 0
----------------------------------------------------
  votedValue_History_0 = -2 (11111110)

State 5 file pals_STARTPALS_Triplicated.1.ufo.BOUNDED-10.pals.c line 73 function add_history_type thread 0
----------------------------------------------------
  tmp = 0 (00000000 00000000 00000000 00000000)

State 6 file pals_STARTPALS_Triplicated.1.ufo.BOUNDED-10.pals.c line 73 function add_history_type thread 0
----------------------------------------------------
  tmp = 0 (00000000 00000000 00000000 00000000)

State 7 file pals_STARTPALS_Triplicated.1.ufo.BOUNDED-10.pals.c line 73 function add_history_type thread 0
----------------------------------------------------
  tmp = 0 (00000000 00000000 00000000 00000000)

State 8 file pals_STARTPALS_Triplicated.1.ufo.BOUNDED-10.pals.c line 79 function add_history_type thread 0
----------------------------------------------------
  tmp___0 = 0 (00000000 00000000 00000000 00000000)

State 9 file pals_STARTPALS_Triplicated.1.ufo.BOUNDED-10.pals.c line 79 function add_history_type thread 0
----------------------------------------------------
  tmp___0 = 0 (00000000 00000000 00000000 00000000)

State 10 file pals_STARTPALS_Triplicated.1.ufo.BOUNDED-10.pals.c line 79 function add_history_type thread 0
----------------------------------------------------
  tmp___0 = 0 (00000000 00000000 00000000 00000000)

State 11 file pals_STARTPALS_Triplicated.1.ufo.BOUNDED-10.pals.c line 85 function add_history_type thread 0
----------------------------------------------------
  tmp___1 = 0 (00000000 00000000 00000000 00000000)

State 12 file pals_STARTPALS_Triplicated.1.ufo.BOUNDED-10.pals.c line 85 function add_history_type thread 0
----------------------------------------------------
  tmp___1 = 0 (00000000 00000000 00000000 00000000)

State 13 file pals_STARTPALS_Triplicated.1.ufo.BOUNDED-10.pals.c line 85 function add_history_type thread 0
----------------------------------------------------
  tmp___1 = 0 (00000000 00000000 00000000 00000000)

State 14 file pals_STARTPALS_Triplicated.1.ufo.BOUNDED-10.pals.c line 91 function add_history_type thread 0
----------------------------------------------------
  tmp___2 = -2 (11111111 11111111 11111111 11111110)

State 15 file pals_STARTPALS_Triplicated.1.ufo.BOUNDED-10.pals.c line 91 function add_history_type thread 0
----------------------------------------------------
  tmp___2 = -2 (11111111 11111111 11111111 11111110)

State 16 file pals_STARTPALS_Triplicated.1.ufo.BOUNDED-10.pals.c line 91 function add_history_type thread 0
----------------------------------------------------
  tmp___2 = -2 (11111111 11111111 11111111 11111110)

State 17 file pals_STARTPALS_Triplicated.1.ufo.BOUNDED-10.pals.c line 343 function gate1_each_pals_period thread 0
----------------------------------------------------
  gate1Failed = 0

State 18 file pals_STARTPALS_Triplicated.1.ufo.BOUNDED-10.pals.c line 183 function write_history_bool thread 0
----------------------------------------------------
  gate1Failed_History_1 = 0

State 19 file pals_STARTPALS_Triplicated.1.ufo.BOUNDED-10.pals.c line 184 function write_history_bool thread 0
----------------------------------------------------
  gate1Failed_History_0 = 0

State 20 file pals_STARTPALS_Triplicated.1.ufo.BOUNDED-10.pals.c line 349 function gate1_each_pals_period thread 0
----------------------------------------------------
  tmp = 2 (00000010)

State 21 file pals_STARTPALS_Triplicated.1.ufo.BOUNDED-10.pals.c line 350 function gate1_each_pals_period thread 0
----------------------------------------------------
  next_state = 2 (00000010)

State 22 file pals_STARTPALS_Triplicated.1.ufo.BOUNDED-10.pals.c line 363 function gate1_each_pals_period thread 0
----------------------------------------------------
  g1v_new = 2 (00000010)

State 23 file pals_STARTPALS_Triplicated.1.ufo.BOUNDED-10.pals.c line 374 function gate2_each_pals_period thread 0
----------------------------------------------------
  gate2Failed = 0

State 24 file pals_STARTPALS_Triplicated.1.ufo.BOUNDED-10.pals.c line 188 function write_history_bool thread 0
----------------------------------------------------
  gate2Failed_History_1 = 0

State 25 file pals_STARTPALS_Triplicated.1.ufo.BOUNDED-10.pals.c line 189 function write_history_bool thread 0
----------------------------------------------------
  gate2Failed_History_0 = 0

State 26 file pals_STARTPALS_Triplicated.1.ufo.BOUNDED-10.pals.c line 380 function gate2_each_pals_period thread 0
----------------------------------------------------
  tmp = 0 (00000000)

State 27 file pals_STARTPALS_Triplicated.1.ufo.BOUNDED-10.pals.c line 381 function gate2_each_pals_period thread 0
----------------------------------------------------
  next_state = 0 (00000000)

State 28 file pals_STARTPALS_Triplicated.1.ufo.BOUNDED-10.pals.c line 394 function gate2_each_pals_period thread 0
----------------------------------------------------
  g2v_new = 0 (00000000)

State 29 file pals_STARTPALS_Triplicated.1.ufo.BOUNDED-10.pals.c line 405 function gate3_each_pals_period thread 0
----------------------------------------------------
  gate3Failed = 0

State 30 file pals_STARTPALS_Triplicated.1.ufo.BOUNDED-10.pals.c line 193 function write_history_bool thread 0
----------------------------------------------------
  gate3Failed_History_1 = 0

State 31 file pals_STARTPALS_Triplicated.1.ufo.BOUNDED-10.pals.c line 194 function write_history_bool thread 0
----------------------------------------------------
  gate3Failed_History_0 = 0

State 32 file pals_STARTPALS_Triplicated.1.ufo.BOUNDED-10.pals.c line 411 function gate3_each_pals_period thread 0
----------------------------------------------------
  tmp = 0 (00000000)

State 33 file pals_STARTPALS_Triplicated.1.ufo.BOUNDED-10.pals.c line 412 function gate3_each_pals_period thread 0
----------------------------------------------------
  next_state = 0 (00000000)

State 34 file pals_STARTPALS_Triplicated.1.ufo.BOUNDED-10.pals.c line 425 function gate3_each_pals_period thread 0
----------------------------------------------------
  g3v_new = 0 (00000000)

State 35 file pals_STARTPALS_Triplicated.1.ufo.BOUNDED-10.pals.c line 168 function write_history_int8 thread 0
----------------------------------------------------
  votedValue_History_1 = -2 (11111110)

State 36 file pals_STARTPALS_Triplicated.1.ufo.BOUNDED-10.pals.c line 514 function main thread 0
----------------------------------------------------
  g1v_old = 2 (00000010)

State 37 file pals_STARTPALS_Triplicated.1.ufo.BOUNDED-10.pals.c line 516 function main thread 0
----------------------------------------------------
  g2v_old = 0 (00000000)

State 38 file pals_STARTPALS_Triplicated.1.ufo.BOUNDED-10.pals.c line 518 function main thread 0
----------------------------------------------------
  g3v_old = 0 (00000000)

State 39 file pals_STARTPALS_Triplicated.1.ufo.BOUNDED-10.pals.c line 343 function gate1_each_pals_period thread 0
----------------------------------------------------
  gate1Failed = 0

State 40 file pals_STARTPALS_Triplicated.1.ufo.BOUNDED-10.pals.c line 183 function write_history_bool thread 0
----------------------------------------------------
  gate1Failed_History_1 = 0

State 41 file pals_STARTPALS_Triplicated.1.ufo.BOUNDED-10.pals.c line 184 function write_history_bool thread 0
----------------------------------------------------
  gate1Failed_History_0 = 0

State 42 file pals_STARTPALS_Triplicated.1.ufo.BOUNDED-10.pals.c line 349 function gate1_each_pals_period thread 0
----------------------------------------------------
  tmp = 0 (00000000)

State 43 file pals_STARTPALS_Triplicated.1.ufo.BOUNDED-10.pals.c line 350 function gate1_each_pals_period thread 0
----------------------------------------------------
  next_state = 0 (00000000)

State 44 file pals_STARTPALS_Triplicated.1.ufo.BOUNDED-10.pals.c line 363 function gate1_each_pals_period thread 0
----------------------------------------------------
  g1v_new = 0 (00000000)

State 45 file pals_STARTPALS_Triplicated.1.ufo.BOUNDED-10.pals.c line 374 function gate2_each_pals_period thread 0
----------------------------------------------------
  gate2Failed = 0

State 46 file pals_STARTPALS_Triplicated.1.ufo.BOUNDED-10.pals.c line 188 function write_history_bool thread 0
----------------------------------------------------
  gate2Failed_History_1 = 0

State 47 file pals_STARTPALS_Triplicated.1.ufo.BOUNDED-10.pals.c line 189 function write_history_bool thread 0
----------------------------------------------------
  gate2Failed_History_0 = 0

State 48 file pals_STARTPALS_Triplicated.1.ufo.BOUNDED-10.pals.c line 380 function gate2_each_pals_period thread 0
----------------------------------------------------
  tmp = 2 (00000010)

State 49 file pals_STARTPALS_Triplicated.1.ufo.BOUNDED-10.pals.c line 381 function gate2_each_pals_period thread 0
----------------------------------------------------
  next_state = 2 (00000010)

State 50 file pals_STARTPALS_Triplicated.1.ufo.BOUNDED-10.pals.c line 394 function gate2_each_pals_period thread 0
----------------------------------------------------
  g2v_new = 2 (00000010)

State 51 file pals_STARTPALS_Triplicated.1.ufo.BOUNDED-10.pals.c line 405 function gate3_each_pals_period thread 0
----------------------------------------------------
  gate3Failed = 0

State 52 file pals_STARTPALS_Triplicated.1.ufo.BOUNDED-10.pals.c line 193 function write_history_bool thread 0
----------------------------------------------------
  gate3Failed_History_1 = 0

State 53 file pals_STARTPALS_Triplicated.1.ufo.BOUNDED-10.pals.c line 194 function write_history_bool thread 0
----------------------------------------------------
  gate3Failed_History_0 = 0

State 54 file pals_STARTPALS_Triplicated.1.ufo.BOUNDED-10.pals.c line 411 function gate3_each_pals_period thread 0
----------------------------------------------------
  tmp = 1 (00000001)

State 55 file pals_STARTPALS_Triplicated.1.ufo.BOUNDED-10.pals.c line 412 function gate3_each_pals_period thread 0
----------------------------------------------------
  next_state = 1 (00000001)

State 56 file pals_STARTPALS_Triplicated.1.ufo.BOUNDED-10.pals.c line 425 function gate3_each_pals_period thread 0
----------------------------------------------------
  g3v_new = 1 (00000001)

State 57 file pals_STARTPALS_Triplicated.1.ufo.BOUNDED-10.pals.c line 435 function voter thread 0
----------------------------------------------------
  VALUE1 = 2 (00000010)

State 58 file pals_STARTPALS_Triplicated.1.ufo.BOUNDED-10.pals.c line 437 function voter thread 0
----------------------------------------------------
  VALUE2 = 0 (00000000)

State 59 file pals_STARTPALS_Triplicated.1.ufo.BOUNDED-10.pals.c line 439 function voter thread 0
----------------------------------------------------
  VALUE3 = 0 (00000000)

State 60 file pals_STARTPALS_Triplicated.1.ufo.BOUNDED-10.pals.c line 456 function voter thread 0
----------------------------------------------------
  voted_value = 0 (00000000)

State 61 file pals_STARTPALS_Triplicated.1.ufo.BOUNDED-10.pals.c line 169 function write_history_int8 thread 0
----------------------------------------------------
  votedValue_History_0 = 0 (00000000)

State 62 file pals_STARTPALS_Triplicated.1.ufo.BOUNDED-10.pals.c line 514 function main thread 0
----------------------------------------------------
  g1v_old = 0 (00000000)

State 63 file pals_STARTPALS_Triplicated.1.ufo.BOUNDED-10.pals.c line 516 function main thread 0
----------------------------------------------------
  g2v_old = 2 (00000010)

State 64 file pals_STARTPALS_Triplicated.1.ufo.BOUNDED-10.pals.c line 518 function main thread 0
----------------------------------------------------
  g3v_old = 1 (00000001)

State 65 file pals_STARTPALS_Triplicated.1.ufo.BOUNDED-10.pals.c line 274 function check thread 0
----------------------------------------------------
  temp_count = 1 (00000000 00000000 00000000 00000001)

State 66 file pals_STARTPALS_Triplicated.1.ufo.BOUNDED-10.pals.c line 278 function check thread 0
----------------------------------------------------
  temp_count = 2 (00000000 00000000 00000000 00000010)

State 67 file pals_STARTPALS_Triplicated.1.ufo.BOUNDED-10.pals.c line 343 function gate1_each_pals_period thread 0
----------------------------------------------------
  gate1Failed = 1

State 68 file pals_STARTPALS_Triplicated.1.ufo.BOUNDED-10.pals.c line 183 function write_history_bool thread 0
----------------------------------------------------
  gate1Failed_History_1 = 0

State 69 file pals_STARTPALS_Triplicated.1.ufo.BOUNDED-10.pals.c line 184 function write_history_bool thread 0
----------------------------------------------------
  gate1Failed_History_0 = 1

State 70 file pals_STARTPALS_Triplicated.1.ufo.BOUNDED-10.pals.c line 374 function gate2_each_pals_period thread 0
----------------------------------------------------
  gate2Failed = 1

State 71 file pals_STARTPALS_Triplicated.1.ufo.BOUNDED-10.pals.c line 188 function write_history_bool thread 0
----------------------------------------------------
  gate2Failed_History_1 = 0

State 72 file pals_STARTPALS_Triplicated.1.ufo.BOUNDED-10.pals.c line 189 function write_history_bool thread 0
----------------------------------------------------
  gate2Failed_History_0 = 1

State 73 file pals_STARTPALS_Triplicated.1.ufo.BOUNDED-10.pals.c line 405 function gate3_each_pals_period thread 0
----------------------------------------------------
  gate3Failed = 0

State 74 file pals_STARTPALS_Triplicated.1.ufo.BOUNDED-10.pals.c line 193 function write_history_bool thread 0
----------------------------------------------------
  gate3Failed_History_1 = 0

State 75 file pals_STARTPALS_Triplicated.1.ufo.BOUNDED-10.pals.c line 194 function write_history_bool thread 0
----------------------------------------------------
  gate3Failed_History_0 = 0

State 76 file pals_STARTPALS_Triplicated.1.ufo.BOUNDED-10.pals.c line 411 function gate3_each_pals_period thread 0
----------------------------------------------------
  tmp = 2 (00000010)

State 77 file pals_STARTPALS_Triplicated.1.ufo.BOUNDED-10.pals.c line 412 function gate3_each_pals_period thread 0
----------------------------------------------------
  next_state = 2 (00000010)

State 78 file pals_STARTPALS_Triplicated.1.ufo.BOUNDED-10.pals.c line 425 function gate3_each_pals_period thread 0
----------------------------------------------------
  g3v_new = 2 (00000010)

State 79 file pals_STARTPALS_Triplicated.1.ufo.BOUNDED-10.pals.c line 435 function voter thread 0
----------------------------------------------------
  VALUE1 = 0 (00000000)

State 80 file pals_STARTPALS_Triplicated.1.ufo.BOUNDED-10.pals.c line 437 function voter thread 0
----------------------------------------------------
  VALUE2 = 2 (00000010)

State 81 file pals_STARTPALS_Triplicated.1.ufo.BOUNDED-10.pals.c line 439 function voter thread 0
----------------------------------------------------
  VALUE3 = 1 (00000001)

State 82 file pals_STARTPALS_Triplicated.1.ufo.BOUNDED-10.pals.c line 460 function voter thread 0
----------------------------------------------------
  voted_value = 0 (00000000)

State 83 file pals_STARTPALS_Triplicated.1.ufo.BOUNDED-10.pals.c line 168 function write_history_int8 thread 0
----------------------------------------------------
  votedValue_History_1 = 0 (00000000)

State 84 file pals_STARTPALS_Triplicated.1.ufo.BOUNDED-10.pals.c line 169 function write_history_int8 thread 0
----------------------------------------------------
  votedValue_History_0 = 0 (00000000)

State 85 file pals_STARTPALS_Triplicated.1.ufo.BOUNDED-10.pals.c line 514 function main thread 0
----------------------------------------------------
  g1v_old = -1 (11111111)

State 86 file pals_STARTPALS_Triplicated.1.ufo.BOUNDED-10.pals.c line 516 function main thread 0
----------------------------------------------------
  g2v_old = -1 (11111111)

State 87 file pals_STARTPALS_Triplicated.1.ufo.BOUNDED-10.pals.c line 518 function main thread 0
----------------------------------------------------
  g3v_old = 2 (00000010)

State 88 file pals_STARTPALS_Triplicated.1.ufo.BOUNDED-10.pals.c line 343 function gate1_each_pals_period thread 0
----------------------------------------------------
  gate1Failed = 0

State 89 file pals_STARTPALS_Triplicated.1.ufo.BOUNDED-10.pals.c line 183 function write_history_bool thread 0
----------------------------------------------------
  gate1Failed_History_1 = 1

State 90 file pals_STARTPALS_Triplicated.1.ufo.BOUNDED-10.pals.c line 184 function write_history_bool thread 0
----------------------------------------------------
  gate1Failed_History_0 = 0

State 91 file pals_STARTPALS_Triplicated.1.ufo.BOUNDED-10.pals.c line 349 function gate1_each_pals_period thread 0
----------------------------------------------------
  tmp = 2 (00000010)

State 92 file pals_STARTPALS_Triplicated.1.ufo.BOUNDED-10.pals.c line 350 function gate1_each_pals_period thread 0
----------------------------------------------------
  next_state = 2 (00000010)

State 93 file pals_STARTPALS_Triplicated.1.ufo.BOUNDED-10.pals.c line 363 function gate1_each_pals_period thread 0
----------------------------------------------------
  g1v_new = 2 (00000010)

State 94 file pals_STARTPALS_Triplicated.1.ufo.BOUNDED-10.pals.c line 374 function gate2_each_pals_period thread 0
----------------------------------------------------
  gate2Failed = 0

State 95 file pals_STARTPALS_Triplicated.1.ufo.BOUNDED-10.pals.c line 188 function write_history_bool thread 0
----------------------------------------------------
  gate2Failed_History_1 = 1

State 96 file pals_STARTPALS_Triplicated.1.ufo.BOUNDED-10.pals.c line 189 function write_history_bool thread 0
----------------------------------------------------
  gate2Failed_History_0 = 0

State 97 file pals_STARTPALS_Triplicated.1.ufo.BOUNDED-10.pals.c line 380 function gate2_each_pals_period thread 0
----------------------------------------------------
  tmp = 1 (00000001)

State 98 file pals_STARTPALS_Triplicated.1.ufo.BOUNDED-10.pals.c line 381 function gate2_each_pals_period thread 0
----------------------------------------------------
  next_state = 1 (00000001)

State 99 file pals_STARTPALS_Triplicated.1.ufo.BOUNDED-10.pals.c line 394 function gate2_each_pals_period thread 0
----------------------------------------------------
  g2v_new = 1 (00000001)

State 100 file pals_STARTPALS_Triplicated.1.ufo.BOUNDED-10.pals.c line 405 function gate3_each_pals_period thread 0
----------------------------------------------------
  gate3Failed = 0

State 101 file pals_STARTPALS_Triplicated.1.ufo.BOUNDED-10.pals.c line 193 function write_history_bool thread 0
----------------------------------------------------
  gate3Failed_History_1 = 0

State 102 file pals_STARTPALS_Triplicated.1.ufo.BOUNDED-10.pals.c line 194 function write_history_bool thread 0
----------------------------------------------------
  gate3Failed_History_0 = 0

State 103 file pals_STARTPALS_Triplicated.1.ufo.BOUNDED-10.pals.c line 411 function gate3_each_pals_period thread 0
----------------------------------------------------
  tmp = 0 (00000000)

State 104 file pals_STARTPALS_Triplicated.1.ufo.BOUNDED-10.pals.c line 412 function gate3_each_pals_period thread 0
----------------------------------------------------
  next_state = 0 (00000000)

State 105 file pals_STARTPALS_Triplicated.1.ufo.BOUNDED-10.pals.c line 425 function gate3_each_pals_period thread 0
----------------------------------------------------
  g3v_new = 0 (00000000)

State 106 file pals_STARTPALS_Triplicated.1.ufo.BOUNDED-10.pals.c line 435 function voter thread 0
----------------------------------------------------
  VALUE1 = -1 (11111111)

State 107 file pals_STARTPALS_Triplicated.1.ufo.BOUNDED-10.pals.c line 437 function voter thread 0
----------------------------------------------------
  VALUE2 = -1 (11111111)

State 108 file pals_STARTPALS_Triplicated.1.ufo.BOUNDED-10.pals.c line 439 function voter thread 0
----------------------------------------------------
  VALUE3 = 2 (00000010)

State 109 file pals_STARTPALS_Triplicated.1.ufo.BOUNDED-10.pals.c line 442 function voter thread 0
----------------------------------------------------
  voted_value = -1 (11111111)

State 110 file pals_STARTPALS_Triplicated.1.ufo.BOUNDED-10.pals.c line 168 function write_history_int8 thread 0
----------------------------------------------------
  votedValue_History_1 = 0 (00000000)

State 111 file pals_STARTPALS_Triplicated.1.ufo.BOUNDED-10.pals.c line 169 function write_history_int8 thread 0
----------------------------------------------------
  votedValue_History_0 = -1 (11111111)

State 112 file pals_STARTPALS_Triplicated.1.ufo.BOUNDED-10.pals.c line 514 function main thread 0
----------------------------------------------------
  g1v_old = 2 (00000010)

State 113 file pals_STARTPALS_Triplicated.1.ufo.BOUNDED-10.pals.c line 516 function main thread 0
----------------------------------------------------
  g2v_old = 1 (00000001)

State 114 file pals_STARTPALS_Triplicated.1.ufo.BOUNDED-10.pals.c line 518 function main thread 0
----------------------------------------------------
  g3v_old = 0 (00000000)

State 115 file pals_STARTPALS_Triplicated.1.ufo.BOUNDED-10.pals.c line 3 function reach_error thread 0
----------------------------------------------------
Violated property:
  file pals_STARTPALS_Triplicated.1.ufo.BOUNDED-10.pals.c line 3 function reach_error
  assertion 0
  0


VERIFICATION FAILED

Bug found (k = 1)

../sv-benchmarks/c/seq-mthreaded/pals_STARTPALS_Triplicated.1.ufo.BOUNDED-10.pals.c:346:21: warning: self-comparison always evaluates to false [-Wtautological-compare]
    g1v_new = nomsg != nomsg && g1v_new == nomsg ? nomsg : g1v_new;
                    ^
../sv-benchmarks/c/seq-mthreaded/pals_STARTPALS_Triplicated.1.ufo.BOUNDED-10.pals.c:377:21: warning: self-comparison always evaluates to false [-Wtautological-compare]
    g2v_new = nomsg != nomsg && g2v_new == nomsg ? nomsg : g2v_new;
                    ^
../sv-benchmarks/c/seq-mthreaded/pals_STARTPALS_Triplicated.1.ufo.BOUNDED-10.pals.c:408:21: warning: self-comparison always evaluates to false [-Wtautological-compare]
    g3v_new = nomsg != nomsg && g3v_new == nomsg ? nomsg : g3v_new;
                    ^

FALSE_REACH
