./esbmc-wrapper.py -p ../sv-benchmarks/c/properties/unreach-call.prp -s kinduction --arch 32 ../sv-benchmarks/c/reducercommutativity/rangesum20.i


--------------------------------------------------------------------------------


Verifying with ESBMC
Command: ./esbmc --no-div-by-zero-check --force-malloc-success --state-hashing --add-symex-value-sets --no-align-check --k-step 5 --floatbv --unlimited-k-steps ../sv-benchmarks/c/reducercommutativity/rangesum20.i --32 --witness-output rangesum20.i.graphml --no-pointer-check --no-bounds-check --interval-analysis --goto-unwind --unlimited-goto-unwind --k-induction --max-inductive-step 3 
ESBMC version 6.8.0 64-bit x86_64 linux
Target: 32-bit little-endian x86_64-unknown-linux with esbmc libc
file ../sv-benchmarks/c/reducercommutativity/rangesum20.i: Parsing
Converting
Generating GOTO Program
GOTO program creation time: 0.090s
GOTO program processing time: 0.001s
*** Checking base case, k = 1
Starting Bounded Model Checking
Not unwinding 
Symex completed in: 0.010s (170 assignments)
Slicing time: 0.000s (removed 168 assignments)
Generated 0 VCC(s), 0 remaining after simplification (2 assignments)
BMC program time: 0.010s
No bug has been found in the base case
*** Checking forward condition, k = 1
Starting Bounded Model Checking
Not unwinding 
Symex completed in: 0.009s (170 assignments)
Slicing time: 0.000s (removed 168 assignments)
Generated 1 VCC(s), 1 remaining after simplification (2 assignments)
No solver specified; defaulting to Boolector
Encoding remaining VCC(s) using bit-vector/floating-point arithmetic
Encoding to solver time: 0.000s
Solving with solver Boolector 3.2.2
Encoding to solver time: 0.000s
Runtime decision procedure: 0.000s
The forward condition is unable to prove the property
*** Checking base case, k = 6
Starting Bounded Model Checking
Unwinding loop 1  iteration  1   file rangesum20.i line 54 function main
Unwinding loop 1  iteration  2   file rangesum20.i line 54 function main
Unwinding loop 1  iteration  3   file rangesum20.i line 54 function main
Unwinding loop 1  iteration  4   file rangesum20.i line 54 function main
Unwinding loop 1  iteration  5   file rangesum20.i line 54 function main
Not unwinding 
Symex completed in: 0.009s (180 assignments)
Slicing time: 0.000s (removed 178 assignments)
Generated 0 VCC(s), 0 remaining after simplification (2 assignments)
BMC program time: 0.010s
No bug has been found in the base case
*** Checking forward condition, k = 6
Starting Bounded Model Checking
Unwinding loop 1  iteration  1   file rangesum20.i line 54 function main
Unwinding loop 1  iteration  2   file rangesum20.i line 54 function main
Unwinding loop 1  iteration  3   file rangesum20.i line 54 function main
Unwinding loop 1  iteration  4   file rangesum20.i line 54 function main
Unwinding loop 1  iteration  5   file rangesum20.i line 54 function main
Not unwinding 
Symex completed in: 0.009s (180 assignments)
Slicing time: 0.000s (removed 178 assignments)
Generated 1 VCC(s), 1 remaining after simplification (2 assignments)
No solver specified; defaulting to Boolector
Encoding remaining VCC(s) using bit-vector/floating-point arithmetic
Encoding to solver time: 0.000s
Solving with solver Boolector 3.2.2
Encoding to solver time: 0.000s
Runtime decision procedure: 0.000s
The forward condition is unable to prove the property
*** Checking base case, k = 11
Starting Bounded Model Checking
Unwinding loop 1  iteration  1   file rangesum20.i line 54 function main
Unwinding loop 1  iteration  2   file rangesum20.i line 54 function main
Unwinding loop 1  iteration  3   file rangesum20.i line 54 function main
Unwinding loop 1  iteration  4   file rangesum20.i line 54 function main
Unwinding loop 1  iteration  5   file rangesum20.i line 54 function main
Unwinding loop 1  iteration  6   file rangesum20.i line 54 function main
Unwinding loop 1  iteration  7   file rangesum20.i line 54 function main
Unwinding loop 1  iteration  8   file rangesum20.i line 54 function main
Unwinding loop 1  iteration  9   file rangesum20.i line 54 function main
Unwinding loop 1  iteration  10   file rangesum20.i line 54 function main
Not unwinding 
Symex completed in: 0.010s (190 assignments)
Slicing time: 0.000s (removed 188 assignments)
Generated 0 VCC(s), 0 remaining after simplification (2 assignments)
BMC program time: 0.010s
No bug has been found in the base case
*** Checking forward condition, k = 11
Starting Bounded Model Checking
Unwinding loop 1  iteration  1   file rangesum20.i line 54 function main
Unwinding loop 1  iteration  2   file rangesum20.i line 54 function main
Unwinding loop 1  iteration  3   file rangesum20.i line 54 function main
Unwinding loop 1  iteration  4   file rangesum20.i line 54 function main
Unwinding loop 1  iteration  5   file rangesum20.i line 54 function main
Unwinding loop 1  iteration  6   file rangesum20.i line 54 function main
Unwinding loop 1  iteration  7   file rangesum20.i line 54 function main
Unwinding loop 1  iteration  8   file rangesum20.i line 54 function main
Unwinding loop 1  iteration  9   file rangesum20.i line 54 function main
Unwinding loop 1  iteration  10   file rangesum20.i line 54 function main
Not unwinding 
Symex completed in: 0.010s (190 assignments)
Slicing time: 0.000s (removed 188 assignments)
Generated 1 VCC(s), 1 remaining after simplification (2 assignments)
No solver specified; defaulting to Boolector
Encoding remaining VCC(s) using bit-vector/floating-point arithmetic
Encoding to solver time: 0.000s
Solving with solver Boolector 3.2.2
Encoding to solver time: 0.000s
Runtime decision procedure: 0.001s
The forward condition is unable to prove the property
*** Checking base case, k = 16
Starting Bounded Model Checking
Unwinding loop 1  iteration  1   file rangesum20.i line 54 function main
Unwinding loop 1  iteration  2   file rangesum20.i line 54 function main
Unwinding loop 1  iteration  3   file rangesum20.i line 54 function main
Unwinding loop 1  iteration  4   file rangesum20.i line 54 function main
Unwinding loop 1  iteration  5   file rangesum20.i line 54 function main
Unwinding loop 1  iteration  6   file rangesum20.i line 54 function main
Unwinding loop 1  iteration  7   file rangesum20.i line 54 function main
Unwinding loop 1  iteration  8   file rangesum20.i line 54 function main
Unwinding loop 1  iteration  9   file rangesum20.i line 54 function main
Unwinding loop 1  iteration  10   file rangesum20.i line 54 function main
Unwinding loop 1  iteration  11   file rangesum20.i line 54 function main
Unwinding loop 1  iteration  12   file rangesum20.i line 54 function main
Unwinding loop 1  iteration  13   file rangesum20.i line 54 function main
Unwinding loop 1  iteration  14   file rangesum20.i line 54 function main
Unwinding loop 1  iteration  15   file rangesum20.i line 54 function main
Not unwinding 
Symex completed in: 0.009s (200 assignments)
Slicing time: 0.000s (removed 198 assignments)
Generated 0 VCC(s), 0 remaining after simplification (2 assignments)
BMC program time: 0.010s
No bug has been found in the base case
*** Checking forward condition, k = 16
Starting Bounded Model Checking
Unwinding loop 1  iteration  1   file rangesum20.i line 54 function main
Unwinding loop 1  iteration  2   file rangesum20.i line 54 function main
Unwinding loop 1  iteration  3   file rangesum20.i line 54 function main
Unwinding loop 1  iteration  4   file rangesum20.i line 54 function main
Unwinding loop 1  iteration  5   file rangesum20.i line 54 function main
Unwinding loop 1  iteration  6   file rangesum20.i line 54 function main
Unwinding loop 1  iteration  7   file rangesum20.i line 54 function main
Unwinding loop 1  iteration  8   file rangesum20.i line 54 function main
Unwinding loop 1  iteration  9   file rangesum20.i line 54 function main
Unwinding loop 1  iteration  10   file rangesum20.i line 54 function main
Unwinding loop 1  iteration  11   file rangesum20.i line 54 function main
Unwinding loop 1  iteration  12   file rangesum20.i line 54 function main
Unwinding loop 1  iteration  13   file rangesum20.i line 54 function main
Unwinding loop 1  iteration  14   file rangesum20.i line 54 function main
Unwinding loop 1  iteration  15   file rangesum20.i line 54 function main
Not unwinding 
Symex completed in: 0.010s (200 assignments)
Slicing time: 0.000s (removed 198 assignments)
Generated 1 VCC(s), 1 remaining after simplification (2 assignments)
No solver specified; defaulting to Boolector
Encoding remaining VCC(s) using bit-vector/floating-point arithmetic
Encoding to solver time: 0.000s
Solving with solver Boolector 3.2.2
Encoding to solver time: 0.000s
Runtime decision procedure: 0.001s
The forward condition is unable to prove the property
*** Checking base case, k = 21
Starting Bounded Model Checking
Unwinding loop 1  iteration  1   file rangesum20.i line 54 function main
Unwinding loop 1  iteration  2   file rangesum20.i line 54 function main
Unwinding loop 1  iteration  3   file rangesum20.i line 54 function main
Unwinding loop 1  iteration  4   file rangesum20.i line 54 function main
Unwinding loop 1  iteration  5   file rangesum20.i line 54 function main
Unwinding loop 1  iteration  6   file rangesum20.i line 54 function main
Unwinding loop 1  iteration  7   file rangesum20.i line 54 function main
Unwinding loop 1  iteration  8   file rangesum20.i line 54 function main
Unwinding loop 1  iteration  9   file rangesum20.i line 54 function main
Unwinding loop 1  iteration  10   file rangesum20.i line 54 function main
Unwinding loop 1  iteration  11   file rangesum20.i line 54 function main
Unwinding loop 1  iteration  12   file rangesum20.i line 54 function main
Unwinding loop 1  iteration  13   file rangesum20.i line 54 function main
Unwinding loop 1  iteration  14   file rangesum20.i line 54 function main
Unwinding loop 1  iteration  15   file rangesum20.i line 54 function main
Unwinding loop 1  iteration  16   file rangesum20.i line 54 function main
Unwinding loop 1  iteration  17   file rangesum20.i line 54 function main
Unwinding loop 1  iteration  18   file rangesum20.i line 54 function main
Unwinding loop 1  iteration  19   file rangesum20.i line 54 function main
Symex completed in: 0.013s (253 assignments)
Slicing time: 0.000s (removed 173 assignments)
Generated 1 VCC(s), 1 remaining after simplification (80 assignments)
No solver specified; defaulting to Boolector
Encoding remaining VCC(s) using bit-vector/floating-point arithmetic
Encoding to solver time: 0.002s
Solving with solver Boolector 3.2.2
Encoding to solver time: 0.002s
Runtime decision procedure: 0.238s
Building error trace

Counterexample:

State 1 file rangesum20.i line 18 function init_nondet thread 0
----------------------------------------------------
  *(x + i) = 0 (00000000 00000000 00000000 00000000)

State 2 file rangesum20.i line 18 function init_nondet thread 0
----------------------------------------------------
  *(x + i) = 1361690354 (01010001 00101001 10111110 11110010)

State 3 file rangesum20.i line 18 function init_nondet thread 0
----------------------------------------------------
  *(x + i) = 0 (00000000 00000000 00000000 00000000)

State 4 file rangesum20.i line 18 function init_nondet thread 0
----------------------------------------------------
  *(x + i) = 0 (00000000 00000000 00000000 00000000)

State 5 file rangesum20.i line 18 function init_nondet thread 0
----------------------------------------------------
  *(x + i) = 0 (00000000 00000000 00000000 00000000)

State 6 file rangesum20.i line 18 function init_nondet thread 0
----------------------------------------------------
  *(x + i) = 0 (00000000 00000000 00000000 00000000)

State 7 file rangesum20.i line 18 function init_nondet thread 0
----------------------------------------------------
  *(x + i) = 0 (00000000 00000000 00000000 00000000)

State 8 file rangesum20.i line 18 function init_nondet thread 0
----------------------------------------------------
  *(x + i) = 0 (00000000 00000000 00000000 00000000)

State 9 file rangesum20.i line 18 function init_nondet thread 0
----------------------------------------------------
  *(x + i) = 0 (00000000 00000000 00000000 00000000)

State 10 file rangesum20.i line 18 function init_nondet thread 0
----------------------------------------------------
  *(x + i) = 0 (00000000 00000000 00000000 00000000)

State 11 file rangesum20.i line 18 function init_nondet thread 0
----------------------------------------------------
  *(x + i) = 0 (00000000 00000000 00000000 00000000)

State 12 file rangesum20.i line 18 function init_nondet thread 0
----------------------------------------------------
  *(x + i) = -1241092569 (10110110 00000110 01101110 00100111)

State 13 file rangesum20.i line 18 function init_nondet thread 0
----------------------------------------------------
  *(x + i) = -2119581606 (10000001 10101001 11000000 01011010)

State 14 file rangesum20.i line 18 function init_nondet thread 0
----------------------------------------------------
  *(x + i) = -2135932926 (10000000 10110000 01000000 00000010)

State 15 file rangesum20.i line 18 function init_nondet thread 0
----------------------------------------------------
  *(x + i) = -886963968 (11001011 00100010 00000001 00000000)

State 16 file rangesum20.i line 18 function init_nondet thread 0
----------------------------------------------------
  *(x + i) = -2011398132 (10001000 00011100 10000000 00001100)

State 17 file rangesum20.i line 18 function init_nondet thread 0
----------------------------------------------------
  *(x + i) = -1999962897 (10001000 11001010 11111100 11101111)

State 18 file rangesum20.i line 18 function init_nondet thread 0
----------------------------------------------------
  *(x + i) = 26875779 (00000001 10011010 00010111 10000011)

State 19 file rangesum20.i line 18 function init_nondet thread 0
----------------------------------------------------
  *(x + i) = 4088339 (00000000 00111110 01100010 00010011)

State 20 file rangesum20.i line 18 function init_nondet thread 0
----------------------------------------------------
  *(x + i) = -157660896 (11110110 10011010 01001001 00100000)

State 21 file rangesum20.i line 30 function rangesum thread 0
----------------------------------------------------
  ret = -1241092569 (11111111 11111111 11111111 11111111 10110110 00000110 01101110 00100111)

State 22 file rangesum20.i line 30 function rangesum thread 0
----------------------------------------------------
  ret = -3360674175 (11111111 11111111 11111111 11111111 00110111 10110000 00101110 10000001)

State 23 file rangesum20.i line 30 function rangesum thread 0
----------------------------------------------------
  ret = -5496607101 (11111111 11111111 11111111 11111110 10111000 01100000 01101110 10000011)

State 24 file rangesum20.i line 30 function rangesum thread 0
----------------------------------------------------
  ret = -6383571069 (11111111 11111111 11111111 11111110 10000011 10000010 01101111 10000011)

State 25 file rangesum20.i line 30 function rangesum thread 0
----------------------------------------------------
  ret = -8394969201 (11111111 11111111 11111111 11111110 00001011 10011110 11101111 10001111)

State 26 file rangesum20.i line 30 function rangesum thread 0
----------------------------------------------------
  ret = -10394932098 (11111111 11111111 11111111 11111101 10010100 01101001 11101100 01111110)

State 27 file rangesum20.i line 30 function rangesum thread 0
----------------------------------------------------
  ret = -10368056319 (11111111 11111111 11111111 11111101 10010110 00000100 00000100 00000001)

State 28 file rangesum20.i line 30 function rangesum thread 0
----------------------------------------------------
  ret = -10363967980 (11111111 11111111 11111111 11111101 10010110 01000010 01100110 00010100)

State 29 file rangesum20.i line 30 function rangesum thread 0
----------------------------------------------------
  ret = -10521628876 (11111111 11111111 11111111 11111101 10001100 11011100 10101111 00110100)

State 30 file rangesum20.i line 51 function main thread 0
----------------------------------------------------
  temp = 0 (00000000 00000000 00000000 00000000)

State 31 file rangesum20.i line 51 function main thread 0
----------------------------------------------------
  x[0] = 1361690354 (01010001 00101001 10111110 11110010)

State 32 file rangesum20.i line 51 function main thread 0
----------------------------------------------------
  x[1] = 0 (00000000 00000000 00000000 00000000)

State 33 file rangesum20.i line 30 function rangesum thread 0
----------------------------------------------------
  ret = -1241092569 (11111111 11111111 11111111 11111111 10110110 00000110 01101110 00100111)

State 34 file rangesum20.i line 30 function rangesum thread 0
----------------------------------------------------
  ret = -3360674175 (11111111 11111111 11111111 11111111 00110111 10110000 00101110 10000001)

State 35 file rangesum20.i line 30 function rangesum thread 0
----------------------------------------------------
  ret = -5496607101 (11111111 11111111 11111111 11111110 10111000 01100000 01101110 10000011)

State 36 file rangesum20.i line 30 function rangesum thread 0
----------------------------------------------------
  ret = -6383571069 (11111111 11111111 11111111 11111110 10000011 10000010 01101111 10000011)

State 37 file rangesum20.i line 30 function rangesum thread 0
----------------------------------------------------
  ret = -8394969201 (11111111 11111111 11111111 11111110 00001011 10011110 11101111 10001111)

State 38 file rangesum20.i line 30 function rangesum thread 0
----------------------------------------------------
  ret = -10394932098 (11111111 11111111 11111111 11111101 10010100 01101001 11101100 01111110)

State 39 file rangesum20.i line 30 function rangesum thread 0
----------------------------------------------------
  ret = -10368056319 (11111111 11111111 11111111 11111101 10010110 00000100 00000100 00000001)

State 40 file rangesum20.i line 30 function rangesum thread 0
----------------------------------------------------
  ret = -10363967980 (11111111 11111111 11111111 11111101 10010110 01000010 01100110 00010100)

State 41 file rangesum20.i line 30 function rangesum thread 0
----------------------------------------------------
  ret = -10521628876 (11111111 11111111 11111111 11111101 10001100 11011100 10101111 00110100)

State 42 file rangesum20.i line 53 function main thread 0
----------------------------------------------------
  temp = 1361690354 (01010001 00101001 10111110 11110010)

State 43 file rangesum20.i line 55 function main thread 0
----------------------------------------------------
  x[0] = 0 (00000000 00000000 00000000 00000000)

State 44 file rangesum20.i line 55 function main thread 0
----------------------------------------------------
  x[1] = 0 (00000000 00000000 00000000 00000000)

State 45 file rangesum20.i line 55 function main thread 0
----------------------------------------------------
  x[2] = 0 (00000000 00000000 00000000 00000000)

State 46 file rangesum20.i line 55 function main thread 0
----------------------------------------------------
  x[3] = 0 (00000000 00000000 00000000 00000000)

State 47 file rangesum20.i line 55 function main thread 0
----------------------------------------------------
  x[4] = 0 (00000000 00000000 00000000 00000000)

State 48 file rangesum20.i line 55 function main thread 0
----------------------------------------------------
  x[5] = 0 (00000000 00000000 00000000 00000000)

State 49 file rangesum20.i line 55 function main thread 0
----------------------------------------------------
  x[6] = 0 (00000000 00000000 00000000 00000000)

State 50 file rangesum20.i line 55 function main thread 0
----------------------------------------------------
  x[7] = 0 (00000000 00000000 00000000 00000000)

State 51 file rangesum20.i line 55 function main thread 0
----------------------------------------------------
  x[8] = 0 (00000000 00000000 00000000 00000000)

State 52 file rangesum20.i line 55 function main thread 0
----------------------------------------------------
  x[9] = 0 (00000000 00000000 00000000 00000000)

State 53 file rangesum20.i line 55 function main thread 0
----------------------------------------------------
  x[10] = -1241092569 (10110110 00000110 01101110 00100111)

State 54 file rangesum20.i line 55 function main thread 0
----------------------------------------------------
  x[11] = -2119581606 (10000001 10101001 11000000 01011010)

State 55 file rangesum20.i line 55 function main thread 0
----------------------------------------------------
  x[12] = -2135932926 (10000000 10110000 01000000 00000010)

State 56 file rangesum20.i line 55 function main thread 0
----------------------------------------------------
  x[13] = -886963968 (11001011 00100010 00000001 00000000)

State 57 file rangesum20.i line 55 function main thread 0
----------------------------------------------------
  x[14] = -2011398132 (10001000 00011100 10000000 00001100)

State 58 file rangesum20.i line 55 function main thread 0
----------------------------------------------------
  x[15] = -1999962897 (10001000 11001010 11111100 11101111)

State 59 file rangesum20.i line 55 function main thread 0
----------------------------------------------------
  x[16] = 26875779 (00000001 10011010 00010111 10000011)

State 60 file rangesum20.i line 55 function main thread 0
----------------------------------------------------
  x[17] = 4088339 (00000000 00111110 01100010 00010011)

State 61 file rangesum20.i line 55 function main thread 0
----------------------------------------------------
  x[18] = -157660896 (11110110 10011010 01001001 00100000)

State 62 file rangesum20.i line 57 function main thread 0
----------------------------------------------------
  x[19] = 1361690354 (01010001 00101001 10111110 11110010)

State 63 file rangesum20.i line 30 function rangesum thread 0
----------------------------------------------------
  ret = -2119581606 (11111111 11111111 11111111 11111111 10000001 10101001 11000000 01011010)

State 64 file rangesum20.i line 30 function rangesum thread 0
----------------------------------------------------
  ret = -4255514532 (11111111 11111111 11111111 11111111 00000010 01011010 00000000 01011100)

State 65 file rangesum20.i line 30 function rangesum thread 0
----------------------------------------------------
  ret = -5142478500 (11111111 11111111 11111111 11111110 11001101 01111100 00000001 01011100)

State 66 file rangesum20.i line 30 function rangesum thread 0
----------------------------------------------------
  ret = -7153876632 (11111111 11111111 11111111 11111110 01010101 10011000 10000001 01101000)

State 67 file rangesum20.i line 30 function rangesum thread 0
----------------------------------------------------
  ret = -9153839529 (11111111 11111111 11111111 11111101 11011110 01100011 01111110 01010111)

State 68 file rangesum20.i line 30 function rangesum thread 0
----------------------------------------------------
  ret = -9126963750 (11111111 11111111 11111111 11111101 11011111 11111101 10010101 11011010)

State 69 file rangesum20.i line 30 function rangesum thread 0
----------------------------------------------------
  ret = -9122875411 (11111111 11111111 11111111 11111101 11100000 00111011 11110111 11101101)

State 70 file rangesum20.i line 30 function rangesum thread 0
----------------------------------------------------
  ret = -9280536307 (11111111 11111111 11111111 11111101 11010110 11010110 01000001 00001101)

State 71 file rangesum20.i line 30 function rangesum thread 0
----------------------------------------------------
  ret = -7918845953 (11111111 11111111 11111111 11111110 00100111 11111111 11111111 11111111)

State 72 file rangesum20.i line 12 function reach_error thread 0
----------------------------------------------------
Violated property:
  file rangesum20.i line 12 function reach_error
  assertion 0
  0


VERIFICATION FAILED

Bug found (k = 21)


FALSE_REACH
