./esbmc-wrapper.py -p ../sv-benchmarks/c/properties/unreach-call.prp -s kinduction --arch 64 ../sv-benchmarks/c/aws-c-common/aws_array_eq_harness-1.i


--------------------------------------------------------------------------------


Verifying with ESBMC
Command: ./esbmc --no-div-by-zero-check --force-malloc-success --state-hashing --add-symex-value-sets --no-align-check --k-step 5 --floatbv --unlimited-k-steps ../sv-benchmarks/c/aws-c-common/aws_array_eq_harness-1.i --64 --witness-output aws_array_eq_harness-1.i.graphml --no-pointer-check --no-bounds-check --interval-analysis --goto-unwind --unlimited-goto-unwind --k-induction --max-inductive-step 3 
ESBMC version 6.8.0 64-bit x86_64 linux
Target: 64-bit little-endian x86_64-unknown-linux with esbmc libc
file ../sv-benchmarks/c/aws-c-common/aws_array_eq_harness-1.i: Parsing
Converting
Generating GOTO Program
GOTO program creation time: 0.604s
GOTO program processing time: 0.034s
*** Checking base case, k = 1
Starting Bounded Model Checking
Not unwinding 
Symex completed in: 0.119s (180 assignments)
Slicing time: 0.001s (removed 71 assignments)
Generated 5 VCC(s), 5 remaining after simplification (109 assignments)
No solver specified; defaulting to Boolector
Encoding remaining VCC(s) using bit-vector/floating-point arithmetic
Encoding to solver time: 0.004s
Solving with solver Boolector 3.2.2
Encoding to solver time: 0.004s
Runtime decision procedure: 0.003s
BMC program time: 0.127s
No bug has been found in the base case
*** Checking forward condition, k = 1
Starting Bounded Model Checking
Not unwinding 
Symex completed in: 0.020s (175 assignments)
Slicing time: 0.000s (removed 71 assignments)
Generated 1 VCC(s), 1 remaining after simplification (104 assignments)
No solver specified; defaulting to Boolector
Encoding remaining VCC(s) using bit-vector/floating-point arithmetic
Encoding to solver time: 0.004s
Solving with solver Boolector 3.2.2
Encoding to solver time: 0.004s
Runtime decision procedure: 0.483s
The forward condition is unable to prove the property
*** Checking base case, k = 6
Starting Bounded Model Checking
Unwinding loop 6  iteration  1   file string.c line 308 function memcmp
Unwinding loop 6  iteration  2   file string.c line 308 function memcmp
Unwinding loop 6  iteration  3   file string.c line 308 function memcmp
Unwinding loop 6  iteration  4   file string.c line 308 function memcmp
Unwinding loop 6  iteration  5   file string.c line 308 function memcmp
Not unwinding 
Symex completed in: 0.028s (302 assignments)
Slicing time: 0.002s (removed 146 assignments)
Generated 5 VCC(s), 5 remaining after simplification (156 assignments)
No solver specified; defaulting to Boolector
Encoding remaining VCC(s) using bit-vector/floating-point arithmetic
Encoding to solver time: 0.006s
Solving with solver Boolector 3.2.2
Encoding to solver time: 0.006s
Runtime decision procedure: 0.652s
BMC program time: 0.688s
No bug has been found in the base case
*** Checking forward condition, k = 6
Starting Bounded Model Checking
Unwinding loop 6  iteration  1   file string.c line 308 function memcmp
Unwinding loop 6  iteration  2   file string.c line 308 function memcmp
Unwinding loop 6  iteration  3   file string.c line 308 function memcmp
Unwinding loop 6  iteration  4   file string.c line 308 function memcmp
Unwinding loop 6  iteration  5   file string.c line 308 function memcmp
Not unwinding 
Symex completed in: 0.031s (297 assignments)
Slicing time: 0.001s (removed 146 assignments)
Generated 1 VCC(s), 1 remaining after simplification (151 assignments)
No solver specified; defaulting to Boolector
Encoding remaining VCC(s) using bit-vector/floating-point arithmetic
Encoding to solver time: 0.006s
Solving with solver Boolector 3.2.2
Encoding to solver time: 0.006s
Runtime decision procedure: 0.528s
The forward condition is unable to prove the property
*** Checking base case, k = 11
Starting Bounded Model Checking
Unwinding loop 6  iteration  1   file string.c line 308 function memcmp
Unwinding loop 6  iteration  2   file string.c line 308 function memcmp
Unwinding loop 6  iteration  3   file string.c line 308 function memcmp
Unwinding loop 6  iteration  4   file string.c line 308 function memcmp
Unwinding loop 6  iteration  5   file string.c line 308 function memcmp
Unwinding loop 6  iteration  6   file string.c line 308 function memcmp
Unwinding loop 6  iteration  7   file string.c line 308 function memcmp
Unwinding loop 6  iteration  8   file string.c line 308 function memcmp
Unwinding loop 6  iteration  9   file string.c line 308 function memcmp
Unwinding loop 6  iteration  10   file string.c line 308 function memcmp
Not unwinding 
Symex completed in: 0.044s (422 assignments)
Slicing time: 0.003s (removed 221 assignments)
Generated 5 VCC(s), 5 remaining after simplification (201 assignments)
No solver specified; defaulting to Boolector
Encoding remaining VCC(s) using bit-vector/floating-point arithmetic
Encoding to solver time: 0.006s
Solving with solver Boolector 3.2.2
Encoding to solver time: 0.006s
Runtime decision procedure: 0.569s
BMC program time: 0.624s
No bug has been found in the base case
*** Checking forward condition, k = 11
Starting Bounded Model Checking
Unwinding loop 6  iteration  1   file string.c line 308 function memcmp
Unwinding loop 6  iteration  2   file string.c line 308 function memcmp
Unwinding loop 6  iteration  3   file string.c line 308 function memcmp
Unwinding loop 6  iteration  4   file string.c line 308 function memcmp
Unwinding loop 6  iteration  5   file string.c line 308 function memcmp
Unwinding loop 6  iteration  6   file string.c line 308 function memcmp
Unwinding loop 6  iteration  7   file string.c line 308 function memcmp
Unwinding loop 6  iteration  8   file string.c line 308 function memcmp
Unwinding loop 6  iteration  9   file string.c line 308 function memcmp
Unwinding loop 6  iteration  10   file string.c line 308 function memcmp
Not unwinding 
Symex completed in: 0.046s (417 assignments)
Slicing time: 0.003s (removed 221 assignments)
Generated 1 VCC(s), 1 remaining after simplification (196 assignments)
No solver specified; defaulting to Boolector
Encoding remaining VCC(s) using bit-vector/floating-point arithmetic
Encoding to solver time: 0.007s
Solving with solver Boolector 3.2.2
Encoding to solver time: 0.007s
Runtime decision procedure: 0.058s
BMC program time: 0.115s
Building successful trace

VERIFICATION SUCCESSFUL

Solution found by the forward condition; all states are reachable (k = 11

../sv-benchmarks/c/aws-c-common/aws_array_eq_harness-1.i:1632:45: warning: attribute declaration must precede definition [-Wignored-attributes]
extern void my_abort (void) __attribute__ ((__nothrow__ , __leaf__)) __attribute__ ((__noreturn__));
                                            ^
../sv-benchmarks/c/aws-c-common/aws_array_eq_harness-1.i:232:6: note: previous definition is here
void my_abort(void) {
     ^
../sv-benchmarks/c/aws-c-common/aws_array_eq_harness-1.i:5785:12: warning: implicit declaration of function '__ESBMC_atomic_load' is invalid in C99 [-Wimplicit-function-declaration]
    return __atomic_load_n(&(*(aws_atomic_impl_int_t *)(var)), aws_atomic_priv_xlate_order(memory_order));
           ^
esbmc_intrinsics.h:99:5: note: expanded from here
    __ESBMC_atomic_load(__atomic_load_ptr, &__atomic_load_tmp, (MO));          \
    ^
../sv-benchmarks/c/aws-c-common/aws_array_eq_harness-1.i:5793:12: warning: implicit declaration of function '__ESBMC_atomic_load' is invalid in C99 [-Wimplicit-function-declaration]
    return __atomic_load_n(&((var)->value), aws_atomic_priv_xlate_order(memory_order));
           ^
esbmc_intrinsics.h:99:5: note: expanded from here
    __ESBMC_atomic_load(__atomic_load_ptr, &__atomic_load_tmp, (MO));          \
    ^
../sv-benchmarks/c/aws-c-common/aws_array_eq_harness-1.i:5801:5: warning: implicit declaration of function '__ESBMC_atomic_store' is invalid in C99 [-Wimplicit-function-declaration]
    __atomic_store_n(&(*(aws_atomic_impl_int_t *)(var)), n, aws_atomic_priv_xlate_order(memory_order));
    ^
esbmc_intrinsics.h:107:5: note: expanded from here
    __ESBMC_atomic_store(__atomic_store_ptr, &__atomic_store_tmp, (MO));       \
    ^
../sv-benchmarks/c/aws-c-common/aws_array_eq_harness-1.i:5809:5: warning: implicit declaration of function '__ESBMC_atomic_store' is invalid in C99 [-Wimplicit-function-declaration]
    __atomic_store_n(&((var)->value), p, aws_atomic_priv_xlate_order(memory_order));
    ^
esbmc_intrinsics.h:107:5: note: expanded from here
    __ESBMC_atomic_store(__atomic_store_ptr, &__atomic_store_tmp, (MO));       \
    ^

TRUE
