./esbmc-wrapper.py -p ../sv-benchmarks/c/properties/unreach-call.prp -s kinduction --arch 32 ../sv-benchmarks/c/forester-heap/sll-circular-2.i


--------------------------------------------------------------------------------


Verifying with ESBMC
Command: ./esbmc --no-div-by-zero-check --force-malloc-success --state-hashing --add-symex-value-sets --no-align-check --k-step 5 --floatbv --unlimited-k-steps ../sv-benchmarks/c/forester-heap/sll-circular-2.i --32 --witness-output sll-circular-2.i.graphml --no-pointer-check --no-bounds-check --interval-analysis --goto-unwind --unlimited-goto-unwind --k-induction --max-inductive-step 3 
ESBMC version 6.8.0 64-bit x86_64 linux
Target: 32-bit little-endian x86_64-unknown-linux with esbmc libc
file ../sv-benchmarks/c/forester-heap/sll-circular-2.i: Parsing
Converting
Generating GOTO Program
GOTO program creation time: 0.158s
GOTO program processing time: 0.002s
*** Checking base case, k = 1
Starting Bounded Model Checking
Not unwinding 
Not unwinding 
Not unwinding 
Symex completed in: 0.005s (71 assignments)
Slicing time: 0.001s (removed 41 assignments)
Generated 3 VCC(s), 3 remaining after simplification (30 assignments)
No solver specified; defaulting to Boolector
Encoding remaining VCC(s) using bit-vector/floating-point arithmetic
Encoding to solver time: 0.002s
Solving with solver Boolector 3.2.2
Encoding to solver time: 0.002s
Runtime decision procedure: 0.055s
Building error trace

Counterexample:

State 1 file sll-circular-2.i line 997 function main thread 0
----------------------------------------------------
  head->next = ( struct TSLL *)((void *)(&dynamic_1_value))

State 2 file sll-circular-2.i line 998 function main thread 0
----------------------------------------------------
  head->data = 0 (00000000 00000000 00000000 00000000)

State 3 file sll-circular-2.i line 1025 function main thread 0
----------------------------------------------------
  x->data = 1 (00000000 00000000 00000000 00000001)

State 4 file sll-circular-2.i line 1027 function main thread 0
----------------------------------------------------
  x = dynamic_1_value.next

State 5 file sll-circular-2.i line 985 function reach_error thread 0
----------------------------------------------------
Violated property:
  file sll-circular-2.i line 985 function reach_error
  assertion 0
  0


VERIFICATION FAILED

Bug found (k = 1)


FALSE_REACH
