./esbmc-wrapper.py -p ../sv-benchmarks/c/properties/unreach-call.prp -s kinduction --arch 32 ../sv-benchmarks/c/combinations/pals_lcr.7.ufo.UNBOUNDED.pals+Problem12_label08.c


--------------------------------------------------------------------------------


Verifying with ESBMC
Command: ./esbmc --no-div-by-zero-check --force-malloc-success --state-hashing --add-symex-value-sets --no-align-check --k-step 5 --floatbv --unlimited-k-steps ../sv-benchmarks/c/combinations/pals_lcr.7.ufo.UNBOUNDED.pals+Problem12_label08.c --32 --witness-output pals_lcr.7.ufo.UNBOUNDED.pals+Problem12_label08.c.graphml --no-pointer-check --no-bounds-check --interval-analysis --goto-unwind --unlimited-goto-unwind --k-induction --max-inductive-step 3 
ESBMC version 6.8.0 64-bit x86_64 linux
Target: 32-bit little-endian x86_64-unknown-linux with esbmc libc
file ../sv-benchmarks/c/combinations/pals_lcr.7.ufo.UNBOUNDED.pals+Problem12_label08.c: Parsing
Converting
Generating GOTO Program
GOTO program creation time: 1.257s
GOTO program processing time: 0.550s
*** Checking base case, k = 1
Starting Bounded Model Checking
Not unwinding 
Not unwinding 
Symex completed in: 0.282s (1883 assignments)
Slicing time: 0.004s (removed 1725 assignments)
Generated 1 VCC(s), 1 remaining after simplification (158 assignments)
No solver specified; defaulting to Boolector
Encoding remaining VCC(s) using bit-vector/floating-point arithmetic
Encoding to solver time: 0.004s
Solving with solver Boolector 3.2.2
Encoding to solver time: 0.004s
Runtime decision procedure: 0.003s
BMC program time: 0.318s
No bug has been found in the base case
*** Checking forward condition, k = 1
Starting Bounded Model Checking
Not unwinding 
Not unwinding 
Symex completed in: 0.281s (1882 assignments)
Slicing time: 0.004s (removed 1725 assignments)
Generated 2 VCC(s), 2 remaining after simplification (157 assignments)
No solver specified; defaulting to Boolector
Encoding remaining VCC(s) using bit-vector/floating-point arithmetic
Encoding to solver time: 0.004s
Solving with solver Boolector 3.2.2
Encoding to solver time: 0.004s
Runtime decision procedure: 0.078s
The forward condition is unable to prove the property
*** Checking base case, k = 6
Starting Bounded Model Checking
Unwinding loop 2  iteration  1   file pals_lcr.7.ufo.UNBOUNDED.pals+Problem12_label08.c line 560 function main1
Unwinding loop 2  iteration  2   file pals_lcr.7.ufo.UNBOUNDED.pals+Problem12_label08.c line 560 function main1
Unwinding loop 2  iteration  3   file pals_lcr.7.ufo.UNBOUNDED.pals+Problem12_label08.c line 560 function main1
Unwinding loop 2  iteration  4   file pals_lcr.7.ufo.UNBOUNDED.pals+Problem12_label08.c line 560 function main1
Unwinding loop 2  iteration  5   file pals_lcr.7.ufo.UNBOUNDED.pals+Problem12_label08.c line 560 function main1
Not unwinding 
Unwinding loop 3  iteration  1   file pals_lcr.7.ufo.UNBOUNDED.pals+Problem12_label08.c line 5417 function main2
Unwinding loop 3  iteration  2   file pals_lcr.7.ufo.UNBOUNDED.pals+Problem12_label08.c line 5417 function main2
Unwinding loop 3  iteration  3   file pals_lcr.7.ufo.UNBOUNDED.pals+Problem12_label08.c line 5417 function main2
Unwinding loop 3  iteration  4   file pals_lcr.7.ufo.UNBOUNDED.pals+Problem12_label08.c line 5417 function main2
Unwinding loop 3  iteration  5   file pals_lcr.7.ufo.UNBOUNDED.pals+Problem12_label08.c line 5417 function main2
Not unwinding 
Symex completed in: 5.355s (54591 assignments)
Slicing time: 2.007s (removed 27263 assignments)
Generated 11 VCC(s), 11 remaining after simplification (27328 assignments)
No solver specified; defaulting to Boolector
Encoding remaining VCC(s) using bit-vector/floating-point arithmetic
Encoding to solver time: 0.901s
Solving with solver Boolector 3.2.2
Encoding to solver time: 0.901s
Runtime decision procedure: 127.715s
Building error trace

Counterexample:

State 1 file pals_lcr.7.ufo.UNBOUNDED.pals+Problem12_label08.c line 5421 function main2 thread 0
----------------------------------------------------
  input = 5 (00000000 00000000 00000000 00000101)

State 2 file pals_lcr.7.ufo.UNBOUNDED.pals+Problem12_label08.c line 5421 function main2 thread 0
----------------------------------------------------
  input = 3 (00000000 00000000 00000000 00000011)

State 3 file pals_lcr.7.ufo.UNBOUNDED.pals+Problem12_label08.c line 5421 function main2 thread 0
----------------------------------------------------
  input = 2 (00000000 00000000 00000000 00000010)

State 4 file pals_lcr.7.ufo.UNBOUNDED.pals+Problem12_label08.c line 2255 function calculate_output thread 0
----------------------------------------------------
  a2 = 233 (00000000 00000000 00000000 11101001)

State 5 file pals_lcr.7.ufo.UNBOUNDED.pals+Problem12_label08.c line 2256 function calculate_output thread 0
----------------------------------------------------
  a17 = -210522 (11111111 11111100 11001001 10100110)

State 6 file pals_lcr.7.ufo.UNBOUNDED.pals+Problem12_label08.c line 5421 function main2 thread 0
----------------------------------------------------
  input = 1 (00000000 00000000 00000000 00000001)

State 7 file pals_lcr.7.ufo.UNBOUNDED.pals+Problem12_label08.c line 5109 function calculate_output3 thread 0
----------------------------------------------------
  a17 = 179 (00000000 00000000 00000000 10110011)

State 8 file pals_lcr.7.ufo.UNBOUNDED.pals+Problem12_label08.c line 5421 function main2 thread 0
----------------------------------------------------
  input = 5 (00000000 00000000 00000000 00000101)

State 9 file pals_lcr.7.ufo.UNBOUNDED.pals+Problem12_label08.c line 1198 function calculate_output thread 0
----------------------------------------------------
  a2 = -1713 (11111111 11111111 11111001 01001111)

State 10 file pals_lcr.7.ufo.UNBOUNDED.pals+Problem12_label08.c line 1199 function calculate_output thread 0
----------------------------------------------------
  a17 = 99716 (00000000 00000001 10000101 10000100)

State 11 file pals_lcr.7.ufo.UNBOUNDED.pals+Problem12_label08.c line 5421 function main2 thread 0
----------------------------------------------------
  input = 6 (00000000 00000000 00000000 00000110)

State 12 file pals_lcr.7.ufo.UNBOUNDED.pals+Problem12_label08.c line 20 function reach_error thread 0
----------------------------------------------------
Violated property:
  file pals_lcr.7.ufo.UNBOUNDED.pals+Problem12_label08.c line 20 function reach_error
  assertion 0
  0


VERIFICATION FAILED

Bug found (k = 6)


FALSE_REACH
