./esbmc-wrapper.py -p ../sv-benchmarks/c/properties/unreach-call.prp -s kinduction --arch 32 ../sv-benchmarks/c/seq-mthreaded/rekh_ctm.1.c


--------------------------------------------------------------------------------


Verifying with ESBMC
Command: ./esbmc --no-div-by-zero-check --force-malloc-success --state-hashing --add-symex-value-sets --no-align-check --k-step 5 --floatbv --unlimited-k-steps ../sv-benchmarks/c/seq-mthreaded/rekh_ctm.1.c --32 --witness-output rekh_ctm.1.c.graphml --no-pointer-check --no-bounds-check --interval-analysis --goto-unwind --unlimited-goto-unwind --k-induction --max-inductive-step 3 
ESBMC version 6.8.0 64-bit x86_64 linux
Target: 32-bit little-endian x86_64-unknown-linux with esbmc libc
file ../sv-benchmarks/c/seq-mthreaded/rekh_ctm.1.c: Parsing
Converting
Generating GOTO Program
GOTO program creation time: 0.586s
GOTO program processing time: 0.950s
*** Checking base case, k = 1
Starting Bounded Model Checking
Symex completed in: 28.308s (25496 assignments)
Slicing time: 6.530s (removed 5726 assignments)
Generated 8 VCC(s), 8 remaining after simplification (19770 assignments)
No solver specified; defaulting to Boolector
Encoding remaining VCC(s) using bit-vector/floating-point arithmetic
Encoding to solver time: 0.523s
Solving with solver Boolector 3.2.2
Encoding to solver time: 0.523s
Runtime decision procedure: 91.938s
BMC program time: 127.300s
No bug has been found in the base case
*** Checking forward condition, k = 1
Starting Bounded Model Checking
Symex completed in: 31.761s (25488 assignments)
Slicing time: 7.327s (removed 5726 assignments)
Generated 0 VCC(s), 0 remaining after simplification (19762 assignments)
BMC program time: 39.088s
Building successful trace

VERIFICATION SUCCESSFUL

Solution found by the forward condition; all states are reachable (k = 1


TRUE
