./esbmc-wrapper.py -p ../sv-benchmarks/c/properties/termination.prp -s kinduction --arch 32 ../sv-benchmarks/c/seq-mthreaded/rekh_ctm.3-2.c


--------------------------------------------------------------------------------


Verifying with ESBMC
Command: ./esbmc --no-div-by-zero-check --force-malloc-success --state-hashing --add-symex-value-sets --no-align-check --k-step 5 --floatbv --unlimited-k-steps ../sv-benchmarks/c/seq-mthreaded/rekh_ctm.3-2.c --32 --witness-output rekh_ctm.3-2.c.graphml --no-pointer-check --no-bounds-check --no-assertions --termination --max-inductive-step 3 
ESBMC version 6.8.0 64-bit x86_64 linux
Target: 32-bit little-endian x86_64-unknown-linux with esbmc libc
file ../sv-benchmarks/c/seq-mthreaded/rekh_ctm.3-2.c: Parsing
Converting
Generating GOTO Program
GOTO program creation time: 0.364s
GOTO program processing time: 0.007s
*** Checking forward condition, k = 1
Starting Bounded Model Checking
Symex completed in: 40.395s (37890 assignments)
Slicing time: 5.465s (removed 8424 assignments)
Generated 0 VCC(s), 0 remaining after simplification (29466 assignments)
BMC program time: 45.860s
Building successful trace

VERIFICATION SUCCESSFUL

Solution found by the forward condition; all states are reachable (k = 1


TRUE
