./esbmc-wrapper.py -p ../sv-benchmarks/c/properties/unreach-call.prp -s kinduction --arch 32 ../sv-benchmarks/c/seq-mthreaded/pals_floodmax.3.2.ufo.BOUNDED-6.pals.c


--------------------------------------------------------------------------------


Verifying with ESBMC
Command: ./esbmc --no-div-by-zero-check --force-malloc-success --state-hashing --add-symex-value-sets --no-align-check --k-step 5 --floatbv --unlimited-k-steps ../sv-benchmarks/c/seq-mthreaded/pals_floodmax.3.2.ufo.BOUNDED-6.pals.c --32 --witness-output pals_floodmax.3.2.ufo.BOUNDED-6.pals.c.graphml --no-pointer-check --no-bounds-check --interval-analysis --goto-unwind --unlimited-goto-unwind --k-induction --max-inductive-step 3 
ESBMC version 6.8.0 64-bit x86_64 linux
Target: 32-bit little-endian x86_64-unknown-linux with esbmc libc
file ../sv-benchmarks/c/seq-mthreaded/pals_floodmax.3.2.ufo.BOUNDED-6.pals.c: Parsing
Converting
Generating GOTO Program
GOTO program creation time: 0.103s
GOTO program processing time: 0.025s
*** Checking base case, k = 1
Starting Bounded Model Checking
Symex completed in: 0.056s (1490 assignments)
Slicing time: 0.004s (removed 608 assignments)
Generated 6 VCC(s), 6 remaining after simplification (882 assignments)
No solver specified; defaulting to Boolector
Encoding remaining VCC(s) using bit-vector/floating-point arithmetic
Encoding to solver time: 0.009s
Solving with solver Boolector 3.2.2
Encoding to solver time: 0.009s
Runtime decision procedure: 0.569s
Building error trace

Counterexample:

State 1 file pals_floodmax.3.2.ufo.BOUNDED-6.pals.c line 481 function main thread 0
----------------------------------------------------
  ep12 = 0

State 2 file pals_floodmax.3.2.ufo.BOUNDED-6.pals.c line 482 function main thread 0
----------------------------------------------------
  ep13 = 1

State 3 file pals_floodmax.3.2.ufo.BOUNDED-6.pals.c line 483 function main thread 0
----------------------------------------------------
  ep21 = 1

State 4 file pals_floodmax.3.2.ufo.BOUNDED-6.pals.c line 484 function main thread 0
----------------------------------------------------
  ep23 = 0

State 5 file pals_floodmax.3.2.ufo.BOUNDED-6.pals.c line 485 function main thread 0
----------------------------------------------------
  ep31 = 0

State 6 file pals_floodmax.3.2.ufo.BOUNDED-6.pals.c line 486 function main thread 0
----------------------------------------------------
  ep32 = 1

State 7 file pals_floodmax.3.2.ufo.BOUNDED-6.pals.c line 487 function main thread 0
----------------------------------------------------
  id1 = 45 (00101101)

State 8 file pals_floodmax.3.2.ufo.BOUNDED-6.pals.c line 488 function main thread 0
----------------------------------------------------
  r1 = 0 (00000000)

State 9 file pals_floodmax.3.2.ufo.BOUNDED-6.pals.c line 489 function main thread 0
----------------------------------------------------
  st1 = 0 (00000000)

State 10 file pals_floodmax.3.2.ufo.BOUNDED-6.pals.c line 490 function main thread 0
----------------------------------------------------
  nl1 = 0 (00000000)

State 11 file pals_floodmax.3.2.ufo.BOUNDED-6.pals.c line 492 function main thread 0
----------------------------------------------------
  max1 = 45 (00101101)

State 12 file pals_floodmax.3.2.ufo.BOUNDED-6.pals.c line 493 function main thread 0
----------------------------------------------------
  mode1 = 0

State 13 file pals_floodmax.3.2.ufo.BOUNDED-6.pals.c line 494 function main thread 0
----------------------------------------------------
  id2 = 61 (00111101)

State 14 file pals_floodmax.3.2.ufo.BOUNDED-6.pals.c line 495 function main thread 0
----------------------------------------------------
  r2 = 0 (00000000)

State 15 file pals_floodmax.3.2.ufo.BOUNDED-6.pals.c line 496 function main thread 0
----------------------------------------------------
  st2 = 0 (00000000)

State 16 file pals_floodmax.3.2.ufo.BOUNDED-6.pals.c line 497 function main thread 0
----------------------------------------------------
  nl2 = 0 (00000000)

State 17 file pals_floodmax.3.2.ufo.BOUNDED-6.pals.c line 499 function main thread 0
----------------------------------------------------
  max2 = 61 (00111101)

State 18 file pals_floodmax.3.2.ufo.BOUNDED-6.pals.c line 500 function main thread 0
----------------------------------------------------
  mode2 = 0

State 19 file pals_floodmax.3.2.ufo.BOUNDED-6.pals.c line 501 function main thread 0
----------------------------------------------------
  id3 = 60 (00111100)

State 20 file pals_floodmax.3.2.ufo.BOUNDED-6.pals.c line 502 function main thread 0
----------------------------------------------------
  r3 = 0 (00000000)

State 21 file pals_floodmax.3.2.ufo.BOUNDED-6.pals.c line 503 function main thread 0
----------------------------------------------------
  st3 = 0 (00000000)

State 22 file pals_floodmax.3.2.ufo.BOUNDED-6.pals.c line 504 function main thread 0
----------------------------------------------------
  nl3 = 0 (00000000)

State 23 file pals_floodmax.3.2.ufo.BOUNDED-6.pals.c line 506 function main thread 0
----------------------------------------------------
  max3 = 60 (00111100)

State 24 file pals_floodmax.3.2.ufo.BOUNDED-6.pals.c line 507 function main thread 0
----------------------------------------------------
  mode3 = 0

State 25 file pals_floodmax.3.2.ufo.BOUNDED-6.pals.c line 222 function init thread 0
----------------------------------------------------
  r121 = 0

State 26 file pals_floodmax.3.2.ufo.BOUNDED-6.pals.c line 223 function init thread 0
----------------------------------------------------
  r131 = 1

State 27 file pals_floodmax.3.2.ufo.BOUNDED-6.pals.c line 224 function init thread 0
----------------------------------------------------
  r211 = 1

State 28 file pals_floodmax.3.2.ufo.BOUNDED-6.pals.c line 225 function init thread 0
----------------------------------------------------
  r231 = 0

State 29 file pals_floodmax.3.2.ufo.BOUNDED-6.pals.c line 226 function init thread 0
----------------------------------------------------
  r311 = 0

State 30 file pals_floodmax.3.2.ufo.BOUNDED-6.pals.c line 227 function init thread 0
----------------------------------------------------
  r321 = 1

State 31 file pals_floodmax.3.2.ufo.BOUNDED-6.pals.c line 240 function init thread 0
----------------------------------------------------
  r122 = 1

State 32 file pals_floodmax.3.2.ufo.BOUNDED-6.pals.c line 253 function init thread 0
----------------------------------------------------
  r132 = 1

State 33 file pals_floodmax.3.2.ufo.BOUNDED-6.pals.c line 266 function init thread 0
----------------------------------------------------
  r212 = 1

State 34 file pals_floodmax.3.2.ufo.BOUNDED-6.pals.c line 279 function init thread 0
----------------------------------------------------
  r232 = 1

State 35 file pals_floodmax.3.2.ufo.BOUNDED-6.pals.c line 292 function init thread 0
----------------------------------------------------
  r312 = 1

State 36 file pals_floodmax.3.2.ufo.BOUNDED-6.pals.c line 305 function init thread 0
----------------------------------------------------
  r322 = 1

State 37 file pals_floodmax.3.2.ufo.BOUNDED-6.pals.c line 105 function node1 thread 0
----------------------------------------------------
  p13_new = 45 (00101101)

State 38 file pals_floodmax.3.2.ufo.BOUNDED-6.pals.c line 145 function node2 thread 0
----------------------------------------------------
  p21_new = 61 (00111101)

State 39 file pals_floodmax.3.2.ufo.BOUNDED-6.pals.c line 191 function node3 thread 0
----------------------------------------------------
  p32_new = 60 (00111100)

State 40 file pals_floodmax.3.2.ufo.BOUNDED-6.pals.c line 528 function main thread 0
----------------------------------------------------
  p12_old = -1 (11111111)

State 41 file pals_floodmax.3.2.ufo.BOUNDED-6.pals.c line 530 function main thread 0
----------------------------------------------------
  p13_old = 45 (00101101)

State 42 file pals_floodmax.3.2.ufo.BOUNDED-6.pals.c line 532 function main thread 0
----------------------------------------------------
  p21_old = 61 (00111101)

State 43 file pals_floodmax.3.2.ufo.BOUNDED-6.pals.c line 534 function main thread 0
----------------------------------------------------
  p23_old = -1 (11111111)

State 44 file pals_floodmax.3.2.ufo.BOUNDED-6.pals.c line 536 function main thread 0
----------------------------------------------------
  p31_old = -1 (11111111)

State 45 file pals_floodmax.3.2.ufo.BOUNDED-6.pals.c line 538 function main thread 0
----------------------------------------------------
  p32_old = 60 (00111100)

State 46 file pals_floodmax.3.2.ufo.BOUNDED-6.pals.c line 76 function node1 thread 0
----------------------------------------------------
  r1 = 1 (00000001)

State 47 file pals_floodmax.3.2.ufo.BOUNDED-6.pals.c line 78 function node1 thread 0
----------------------------------------------------
  m1 = 61 (00111101)

State 48 file pals_floodmax.3.2.ufo.BOUNDED-6.pals.c line 81 function node1 thread 0
----------------------------------------------------
  max1 = 61 (00111101)

State 49 file pals_floodmax.3.2.ufo.BOUNDED-6.pals.c line 119 function node2 thread 0
----------------------------------------------------
  r2 = 1 (00000001)

State 50 file pals_floodmax.3.2.ufo.BOUNDED-6.pals.c line 128 function node2 thread 0
----------------------------------------------------
  m2 = 60 (00111100)

State 51 file pals_floodmax.3.2.ufo.BOUNDED-6.pals.c line 162 function node3 thread 0
----------------------------------------------------
  r3 = 1 (00000001)

State 52 file pals_floodmax.3.2.ufo.BOUNDED-6.pals.c line 164 function node3 thread 0
----------------------------------------------------
  m3 = 45 (00101101)

State 53 file pals_floodmax.3.2.ufo.BOUNDED-6.pals.c line 528 function main thread 0
----------------------------------------------------
  p12_old = -1 (11111111)

State 54 file pals_floodmax.3.2.ufo.BOUNDED-6.pals.c line 530 function main thread 0
----------------------------------------------------
  p13_old = -1 (11111111)

State 55 file pals_floodmax.3.2.ufo.BOUNDED-6.pals.c line 532 function main thread 0
----------------------------------------------------
  p21_old = -1 (11111111)

State 56 file pals_floodmax.3.2.ufo.BOUNDED-6.pals.c line 534 function main thread 0
----------------------------------------------------
  p23_old = -1 (11111111)

State 57 file pals_floodmax.3.2.ufo.BOUNDED-6.pals.c line 536 function main thread 0
----------------------------------------------------
  p31_old = -1 (11111111)

State 58 file pals_floodmax.3.2.ufo.BOUNDED-6.pals.c line 538 function main thread 0
----------------------------------------------------
  p32_old = -1 (11111111)

State 59 file pals_floodmax.3.2.ufo.BOUNDED-6.pals.c line 3 function reach_error thread 0
----------------------------------------------------
Violated property:
  file pals_floodmax.3.2.ufo.BOUNDED-6.pals.c line 3 function reach_error
  assertion 0
  0


VERIFICATION FAILED

Bug found (k = 1)


FALSE_REACH
