./esbmc-wrapper.py -p ../sv-benchmarks/c/properties/unreach-call.prp -s kinduction --arch 32 ../sv-benchmarks/c/ddv-machzwd/ddv_machzwd_outb.i


--------------------------------------------------------------------------------


Found pthread benchmark!
Verifying with ESBMC
Command: ./esbmc --no-div-by-zero-check --force-malloc-success --state-hashing --add-symex-value-sets --no-align-check --k-step 5 --floatbv --unlimited-k-steps ../sv-benchmarks/c/ddv-machzwd/ddv_machzwd_outb.i --32  --no-por --context-bound 2 --no-goto-merge --witness-output ddv_machzwd_outb.i.graphml --no-pointer-check --no-bounds-check --goto-unwind --unlimited-goto-unwind --incremental-bmc 
ESBMC version 6.8.0 64-bit x86_64 linux
Target: 32-bit little-endian x86_64-unknown-linux with esbmc libc
file ../sv-benchmarks/c/ddv-machzwd/ddv_machzwd_outb.i: Parsing
Converting
Generating GOTO Program
GOTO program creation time: 0.432s
GOTO program processing time: 0.011s
*** Checking base case, k = 1
Starting Bounded Model Checking
Symex completed in: 0.009s (107 assignments)
Slicing time: 0.000s (removed 104 assignments)
Generated 1 VCC(s), 1 remaining after simplification (3 assignments)
No solver specified; defaulting to Boolector
Encoding remaining VCC(s) using bit-vector/floating-point arithmetic
Encoding to solver time: 0.000s
Solving with solver Boolector 3.2.2
Encoding to solver time: 0.000s
Runtime decision procedure: 0.001s
Building error trace

Counterexample:

State 1 file ddv_machzwd_outb.i line 3 function reach_error thread 0
----------------------------------------------------
Violated property:
  file ddv_machzwd_outb.i line 3 function reach_error
  assertion 0
  0


VERIFICATION FAILED

Bug found (k = 1)

../sv-benchmarks/c/ddv-machzwd/ddv_machzwd_outb.i:659:1: warning: non-void function does not return a value [-Wreturn-type]
}
^
../sv-benchmarks/c/ddv-machzwd/ddv_machzwd_outb.i:663:1: warning: non-void function does not return a value [-Wreturn-type]
}
^
../sv-benchmarks/c/ddv-machzwd/ddv_machzwd_outb.i:3135:1: warning: non-void function does not return a value [-Wreturn-type]
}
^
../sv-benchmarks/c/ddv-machzwd/ddv_machzwd_outb.i:3159:68: warning: 'sizeof (driver->id_table)' will return the size of the pointer, not the array itself [-Wsizeof-pointer-div]
 registered_pci_driver.no_pci_device_id = sizeof(driver->id_table) / sizeof(struct pci_device_id);
                                          ~~~~~~~~~~~~~~~~~~~~~~~~ ^
../sv-benchmarks/c/ddv-machzwd/ddv_machzwd_outb.i:3752:1: warning: non-void function does not return a value in all control paths [-Wreturn-type]
}
^
../sv-benchmarks/c/ddv-machzwd/ddv_machzwd_outb.i:3838:1: warning: non-void function does not return a value in all control paths [-Wreturn-type]
}
^
../sv-benchmarks/c/ddv-machzwd/ddv_machzwd_outb.i:4272:1: warning: non-void function does not return a value [-Wreturn-type]
}
^
../sv-benchmarks/c/ddv-machzwd/ddv_machzwd_outb.i:4282:1: warning: non-void function does not return a value [-Wreturn-type]
}
^
../sv-benchmarks/c/ddv-machzwd/ddv_machzwd_outb.i:4399:1: warning: non-void function does not return a value [-Wreturn-type]
}
^
../sv-benchmarks/c/ddv-machzwd/ddv_machzwd_outb.i:4407:1: warning: non-void function does not return a value [-Wreturn-type]
}
^
../sv-benchmarks/c/ddv-machzwd/ddv_machzwd_outb.i:4415:1: warning: non-void function does not return a value [-Wreturn-type]
}
^
../sv-benchmarks/c/ddv-machzwd/ddv_machzwd_outb.i:4424:1: warning: non-void function does not return a value [-Wreturn-type]
}
^
../sv-benchmarks/c/ddv-machzwd/ddv_machzwd_outb.i:4432:1: warning: non-void function does not return a value [-Wreturn-type]
}
^
../sv-benchmarks/c/ddv-machzwd/ddv_machzwd_outb.i:4440:1: warning: non-void function does not return a value [-Wreturn-type]
}
^

FALSE_REACH
