./esbmc-wrapper.py -p ../sv-benchmarks/c/properties/unreach-call.prp -s kinduction --arch 32 ../sv-benchmarks/c/loop-invariants/linear-inequality-inv-b.c


--------------------------------------------------------------------------------


Verifying with ESBMC
Command: ./esbmc --no-div-by-zero-check --force-malloc-success --state-hashing --no-align-check --k-step 2 --floatbv --unlimited-k-steps ../sv-benchmarks/c/loop-invariants/linear-inequality-inv-b.c --32 --witness-output linear-inequality-inv-b.c.graphml --no-pointer-check --no-bounds-check --interval-analysis --k-induction --max-inductive-step 3 
ESBMC version 6.8.0 64-bit x86_64 linux
Target: 32-bit little-endian x86_64-unknown-linux with esbmc libc
file ../sv-benchmarks/c/loop-invariants/linear-inequality-inv-b.c: Parsing
Converting
Generating GOTO Program
GOTO program creation time: 0.081s
GOTO program processing time: 0.001s
*** Checking base case, k = 1
Starting Bounded Model Checking
Not unwinding 
Symex completed in: 0.001s (24 assignments)
Slicing time: 0.000s (removed 18 assignments)
Generated 0 VCC(s), 0 remaining after simplification (6 assignments)
BMC program time: 0.001s
No bug has been found in the base case
*** Checking forward condition, k = 1
Starting Bounded Model Checking
Not unwinding 
Symex completed in: 0.000s (24 assignments)
Slicing time: 0.000s (removed 18 assignments)
Generated 1 VCC(s), 1 remaining after simplification (6 assignments)
No solver specified; defaulting to Boolector
Encoding remaining VCC(s) using bit-vector/floating-point arithmetic
Encoding to solver time: 0.000s
Solving with solver Boolector 3.2.1
Encoding to solver time: 0.000s
Runtime decision procedure: 0.000s
The forward condition is unable to prove the property
*** Checking base case, k = 3
Starting Bounded Model Checking
Unwinding loop 1  iteration  1   file linear-inequality-inv-b.c line 12 function main
Unwinding loop 1  iteration  2   file linear-inequality-inv-b.c line 12 function main
Not unwinding 
Symex completed in: 0.001s (42 assignments)
Slicing time: 0.000s (removed 20 assignments)
Generated 2 VCC(s), 2 remaining after simplification (22 assignments)
No solver specified; defaulting to Boolector
Encoding remaining VCC(s) using bit-vector/floating-point arithmetic
Encoding to solver time: 0.000s
Solving with solver Boolector 3.2.1
Encoding to solver time: 0.000s
Runtime decision procedure: 0.002s
Building error trace

Counterexample:

State 1 file linear-inequality-inv-b.c line 5 function main thread 0
----------------------------------------------------
  n = 2 (00000010)

State 2 file linear-inequality-inv-b.c line 13 function main thread 0
----------------------------------------------------
  v = 129 (10000001)

State 3 file linear-inequality-inv-b.c line 14 function main thread 0
----------------------------------------------------
  s = 129 (10000001)

State 4 file linear-inequality-inv-b.c line 13 function main thread 0
----------------------------------------------------
  v = 251 (11111011)

State 5 file linear-inequality-inv-b.c line 14 function main thread 0
----------------------------------------------------
  s = 124 (01111100)

State 6 file linear-inequality-inv-b.c line 2 function reach_error thread 0
----------------------------------------------------
Violated property:
  file linear-inequality-inv-b.c line 2 function reach_error
  assertion 0
  0


VERIFICATION FAILED

Bug found (k = 3)

../sv-benchmarks/c/loop-invariants/linear-inequality-inv-b.c:21:9: warning: result of comparison of constant 65025 with expression of type 'unsigned char' is always false [-Wtautological-constant-out-of-range-compare]
  if (s > 65025) {
      ~ ^ ~~~~~

FALSE_REACH
