./esbmc-wrapper.py -p ../sv-benchmarks/c/properties/no-overflow.prp -s kinduction --arch 64 ../sv-benchmarks/c/termination-crafted/Singapore_v2.c


--------------------------------------------------------------------------------


Verifying with ESBMC
Command: ./esbmc --no-div-by-zero-check --force-malloc-success --state-hashing --no-align-check --k-step 2 --floatbv --unlimited-k-steps ../sv-benchmarks/c/termination-crafted/Singapore_v2.c --64 --witness-output Singapore_v2.c.graphml --no-pointer-check --no-bounds-check --overflow-check --no-assertions --k-induction --max-inductive-step 3 
ESBMC version 6.8.0 64-bit x86_64 linux
Target: 64-bit little-endian x86_64-unknown-linux with esbmc libc
file ../sv-benchmarks/c/termination-crafted/Singapore_v2.c: Parsing
Converting
Generating GOTO Program
GOTO program creation time: 0.126s
GOTO program processing time: 0.000s
*** Checking base case, k = 1
Starting Bounded Model Checking
Not unwinding 
Symex completed in: 0.001s (25 assignments)
Slicing time: 0.000s (removed 15 assignments)
Generated 4 VCC(s), 4 remaining after simplification (10 assignments)
No solver specified; defaulting to Boolector
Encoding remaining VCC(s) using bit-vector/floating-point arithmetic
Encoding to solver time: 0.000s
Solving with solver Boolector 3.2.1
Encoding to solver time: 0.000s
Runtime decision procedure: 0.055s
Building error trace

Counterexample:

State 1 file Singapore_v2.c line 14 function main thread 0
----------------------------------------------------
  x = 1073495760 (00111111 11111100 00111110 11010000)

State 2 file Singapore_v2.c line 15 function main thread 0
----------------------------------------------------
  y = 1520698433 (01011010 10100100 00000100 01000001)

State 3 file Singapore_v2.c line 16 function main thread 0
----------------------------------------------------
Violated property:
  file Singapore_v2.c line 16 function main
  arithmetic overflow on add
  !overflow("+", x, y)


VERIFICATION FAILED

Bug found (k = 1)


FALSE_OVERFLOW
