./esbmc-wrapper.py -p ../sv-benchmarks/c/properties/termination.prp -s kinduction --arch 32 ../sv-benchmarks/c/product-lines/email_spec3_productSimulator.cil.c


--------------------------------------------------------------------------------


Verifying with ESBMC
Command: ./esbmc --no-div-by-zero-check --force-malloc-success --state-hashing --no-align-check --k-step 2 --floatbv --unlimited-k-steps ../sv-benchmarks/c/product-lines/email_spec3_productSimulator.cil.c --32 --witness-output email_spec3_productSimulator.cil.c.graphml --no-pointer-check --no-bounds-check --no-assertions --termination --max-inductive-step 3 
ESBMC version 6.8.0 64-bit x86_64 linux
Target: 32-bit little-endian x86_64-unknown-linux with esbmc libc
file ../sv-benchmarks/c/product-lines/email_spec3_productSimulator.cil.c: Parsing
Converting
Generating GOTO Program
GOTO program creation time: 0.183s
GOTO program processing time: 0.004s
*** Checking forward condition, k = 1
Starting Bounded Model Checking
Not unwinding 
Symex completed in: 0.288s (2394 assignments)
Slicing time: 0.005s (removed 2041 assignments)
Generated 1 VCC(s), 1 remaining after simplification (353 assignments)
No solver specified; defaulting to Boolector
Encoding remaining VCC(s) using bit-vector/floating-point arithmetic
Encoding to solver time: 0.006s
Solving with solver Boolector 3.2.1
Encoding to solver time: 0.006s
Runtime decision procedure: 0.274s
The forward condition is unable to prove the property
*** Checking forward condition, k = 3
Starting Bounded Model Checking
Unwinding loop 4  iteration  1   file email_spec3_productSimulator.cil.c line 1796 function test
Unwinding loop 4  iteration  2   file email_spec3_productSimulator.cil.c line 1796 function test
Not unwinding 
Symex completed in: 6.507s (50795 assignments)
Slicing time: 0.566s (removed 41397 assignments)
Generated 1 VCC(s), 1 remaining after simplification (9398 assignments)
No solver specified; defaulting to Boolector
Encoding remaining VCC(s) using bit-vector/floating-point arithmetic
Encoding to solver time: 0.133s
Solving with solver Boolector 3.2.1
Encoding to solver time: 0.133s
Runtime decision procedure: 0.796s
The forward condition is unable to prove the property
*** Checking forward condition, k = 5
Starting Bounded Model Checking
Unwinding loop 4  iteration  1   file email_spec3_productSimulator.cil.c line 1796 function test
Unwinding loop 4  iteration  2   file email_spec3_productSimulator.cil.c line 1796 function test
Unwinding loop 4  iteration  3   file email_spec3_productSimulator.cil.c line 1796 function test
Unwinding loop 4  iteration  4   file email_spec3_productSimulator.cil.c line 1796 function test
Symex completed in: 8.108s (51503 assignments)
Slicing time: 1.059s (removed 41641 assignments)
Generated 0 VCC(s), 0 remaining after simplification (9862 assignments)
BMC program time: 9.167s
Building successful trace

VERIFICATION SUCCESSFUL

Solution found by the forward condition; all states are reachable (k = 5


TRUE
