./esbmc-wrapper.py -p ../sv-benchmarks/c/properties/unreach-call.prp -s kinduction --arch 32 ../sv-benchmarks/c/seq-pthread/cs_lamport.i


--------------------------------------------------------------------------------


Verifying with ESBMC
Command: ./esbmc --no-div-by-zero-check --force-malloc-success --state-hashing --no-align-check --k-step 2 --floatbv --unlimited-k-steps ../sv-benchmarks/c/seq-pthread/cs_lamport.i --32 --witness-output cs_lamport.i.graphml --no-pointer-check --no-bounds-check --interval-analysis --k-induction --max-inductive-step 3 
ESBMC version 6.8.0 64-bit x86_64 linux
Target: 32-bit little-endian x86_64-unknown-linux with esbmc libc
file ../sv-benchmarks/c/seq-pthread/cs_lamport.i: Parsing
Converting
Generating GOTO Program
GOTO program creation time: 0.141s
GOTO program processing time: 0.006s
*** Checking base case, k = 1
Starting Bounded Model Checking
Not unwinding 
Symex completed in: 0.001s (43 assignments)
Slicing time: 0.000s (removed 41 assignments)
Generated 0 VCC(s), 0 remaining after simplification (2 assignments)
BMC program time: 0.001s
No bug has been found in the base case
*** Checking forward condition, k = 1
Starting Bounded Model Checking
Not unwinding 
Symex completed in: 0.001s (43 assignments)
Slicing time: 0.000s (removed 41 assignments)
Generated 1 VCC(s), 1 remaining after simplification (2 assignments)
No solver specified; defaulting to Boolector
Encoding remaining VCC(s) using bit-vector/floating-point arithmetic
Encoding to solver time: 0.000s
Solving with solver Boolector 3.2.1
Encoding to solver time: 0.000s
Runtime decision procedure: 0.000s
The forward condition is unable to prove the property
*** Checking base case, k = 3
Starting Bounded Model Checking
Unwinding loop 11  iteration  1   file cs_lamport.i line 875 function main
Unwinding loop 11  iteration  2   file cs_lamport.i line 875 function main
Not unwinding 
Symex completed in: 0.002s (51 assignments)
Slicing time: 0.000s (removed 49 assignments)
Generated 0 VCC(s), 0 remaining after simplification (2 assignments)
BMC program time: 0.002s
No bug has been found in the base case
*** Checking forward condition, k = 3
Starting Bounded Model Checking
Unwinding loop 11  iteration  1   file cs_lamport.i line 875 function main
Unwinding loop 11  iteration  2   file cs_lamport.i line 875 function main
Not unwinding 
Symex completed in: 0.001s (51 assignments)
Slicing time: 0.000s (removed 49 assignments)
Generated 1 VCC(s), 1 remaining after simplification (2 assignments)
No solver specified; defaulting to Boolector
Encoding remaining VCC(s) using bit-vector/floating-point arithmetic
Encoding to solver time: 0.000s
Solving with solver Boolector 3.2.1
Encoding to solver time: 0.000s
Runtime decision procedure: 0.000s
The forward condition is unable to prove the property
*** Checking inductive step, k = 3
Starting Bounded Model Checking
Unwinding loop 11  iteration  1   file cs_lamport.i line 875 function main
Unwinding loop 11  iteration  2   file cs_lamport.i line 875 function main
Not unwinding 
Unwinding loop 12  iteration  1   file cs_lamport.i line 869 function main
Unwinding loop 11  iteration  1   file cs_lamport.i line 875 function main
Unwinding loop 11  iteration  2   file cs_lamport.i line 875 function main
Not unwinding 
Unwinding loop 12  iteration  2   file cs_lamport.i line 869 function main
Unwinding loop 11  iteration  1   file cs_lamport.i line 875 function main
Unwinding loop 11  iteration  2   file cs_lamport.i line 875 function main
Not unwinding 
Not unwinding 
Unwinding loop 3  iteration  1   file cs_lamport.i line 706 function thr1
Unwinding loop 3  iteration  2   file cs_lamport.i line 706 function thr1
Not unwinding 
Unwinding loop 4  iteration  1   file cs_lamport.i line 724 function thr1
Unwinding loop 4  iteration  2   file cs_lamport.i line 724 function thr1
Not unwinding 
Unwinding loop 5  iteration  1   file cs_lamport.i line 734 function thr1
Unwinding loop 5  iteration  2   file cs_lamport.i line 734 function thr1
Not unwinding 
Unwinding loop 6  iteration  1   file cs_lamport.i line 694 function thr1
Unwinding loop 3  iteration  1   file cs_lamport.i line 706 function thr1
Unwinding loop 3  iteration  2   file cs_lamport.i line 706 function thr1
Not unwinding 
Unwinding loop 4  iteration  1   file cs_lamport.i line 724 function thr1
Unwinding loop 4  iteration  2   file cs_lamport.i line 724 function thr1
Not unwinding 
Unwinding loop 5  iteration  1   file cs_lamport.i line 734 function thr1
Unwinding loop 5  iteration  2   file cs_lamport.i line 734 function thr1
Not unwinding 
Unwinding loop 6  iteration  2   file cs_lamport.i line 694 function thr1
Unwinding loop 3  iteration  1   file cs_lamport.i line 706 function thr1
Unwinding loop 3  iteration  2   file cs_lamport.i line 706 function thr1
Not unwinding 
Unwinding loop 4  iteration  1   file cs_lamport.i line 724 function thr1
Unwinding loop 4  iteration  2   file cs_lamport.i line 724 function thr1
Not unwinding 
Unwinding loop 5  iteration  1   file cs_lamport.i line 734 function thr1
Unwinding loop 5  iteration  2   file cs_lamport.i line 734 function thr1
Not unwinding 
Not unwinding 
Unwinding loop 7  iteration  1   file cs_lamport.i line 783 function thr2
Unwinding loop 7  iteration  2   file cs_lamport.i line 783 function thr2
Not unwinding 
Unwinding loop 8  iteration  1   file cs_lamport.i line 801 function thr2
Unwinding loop 8  iteration  2   file cs_lamport.i line 801 function thr2
Not unwinding 
Unwinding loop 9  iteration  1   file cs_lamport.i line 811 function thr2
Unwinding loop 9  iteration  2   file cs_lamport.i line 811 function thr2
Not unwinding 
Unwinding loop 10  iteration  1   file cs_lamport.i line 771 function thr2
Unwinding loop 7  iteration  1   file cs_lamport.i line 783 function thr2
Unwinding loop 7  iteration  2   file cs_lamport.i line 783 function thr2
Not unwinding 
Unwinding loop 8  iteration  1   file cs_lamport.i line 801 function thr2
Unwinding loop 8  iteration  2   file cs_lamport.i line 801 function thr2
Not unwinding 
Unwinding loop 9  iteration  1   file cs_lamport.i line 811 function thr2
Unwinding loop 9  iteration  2   file cs_lamport.i line 811 function thr2
Not unwinding 
Unwinding loop 10  iteration  2   file cs_lamport.i line 771 function thr2
Unwinding loop 7  iteration  1   file cs_lamport.i line 783 function thr2
Unwinding loop 7  iteration  2   file cs_lamport.i line 783 function thr2
Not unwinding 
Unwinding loop 8  iteration  1   file cs_lamport.i line 801 function thr2
Unwinding loop 8  iteration  2   file cs_lamport.i line 801 function thr2
Not unwinding 
Unwinding loop 9  iteration  1   file cs_lamport.i line 811 function thr2
Unwinding loop 9  iteration  2   file cs_lamport.i line 811 function thr2
Not unwinding 
Not unwinding 
Unwinding loop 3  iteration  1   file cs_lamport.i line 706 function thr1
Unwinding loop 3  iteration  2   file cs_lamport.i line 706 function thr1
Not unwinding 
Unwinding loop 4  iteration  1   file cs_lamport.i line 724 function thr1
Unwinding loop 4  iteration  2   file cs_lamport.i line 724 function thr1
Not unwinding 
Unwinding loop 5  iteration  1   file cs_lamport.i line 734 function thr1
Unwinding loop 5  iteration  2   file cs_lamport.i line 734 function thr1
Not unwinding 
Unwinding loop 6  iteration  1   file cs_lamport.i line 694 function thr1
Unwinding loop 3  iteration  1   file cs_lamport.i line 706 function thr1
Unwinding loop 3  iteration  2   file cs_lamport.i line 706 function thr1
Not unwinding 
Unwinding loop 4  iteration  1   file cs_lamport.i line 724 function thr1
Unwinding loop 4  iteration  2   file cs_lamport.i line 724 function thr1
Not unwinding 
Unwinding loop 5  iteration  1   file cs_lamport.i line 734 function thr1
Unwinding loop 5  iteration  2   file cs_lamport.i line 734 function thr1
Not unwinding 
Unwinding loop 6  iteration  2   file cs_lamport.i line 694 function thr1
Unwinding loop 3  iteration  1   file cs_lamport.i line 706 function thr1
Unwinding loop 3  iteration  2   file cs_lamport.i line 706 function thr1
Not unwinding 
Unwinding loop 4  iteration  1   file cs_lamport.i line 724 function thr1
Unwinding loop 4  iteration  2   file cs_lamport.i line 724 function thr1
Not unwinding 
Unwinding loop 5  iteration  1   file cs_lamport.i line 734 function thr1
Unwinding loop 5  iteration  2   file cs_lamport.i line 734 function thr1
Not unwinding 
Not unwinding 
Unwinding loop 7  iteration  1   file cs_lamport.i line 783 function thr2
Unwinding loop 7  iteration  2   file cs_lamport.i line 783 function thr2
Not unwinding 
Unwinding loop 8  iteration  1   file cs_lamport.i line 801 function thr2
Unwinding loop 8  iteration  2   file cs_lamport.i line 801 function thr2
Not unwinding 
Unwinding loop 9  iteration  1   file cs_lamport.i line 811 function thr2
Unwinding loop 9  iteration  2   file cs_lamport.i line 811 function thr2
Not unwinding 
Unwinding loop 10  iteration  1   file cs_lamport.i line 771 function thr2
Unwinding loop 7  iteration  1   file cs_lamport.i line 783 function thr2
Unwinding loop 7  iteration  2   file cs_lamport.i line 783 function thr2
Not unwinding 
Unwinding loop 8  iteration  1   file cs_lamport.i line 801 function thr2
Unwinding loop 8  iteration  2   file cs_lamport.i line 801 function thr2
Not unwinding 
Unwinding loop 9  iteration  1   file cs_lamport.i line 811 function thr2
Unwinding loop 9  iteration  2   file cs_lamport.i line 811 function thr2
Not unwinding 
Unwinding loop 10  iteration  2   file cs_lamport.i line 771 function thr2
Unwinding loop 7  iteration  1   file cs_lamport.i line 783 function thr2
Unwinding loop 7  iteration  2   file cs_lamport.i line 783 function thr2
Not unwinding 
Unwinding loop 8  iteration  1   file cs_lamport.i line 801 function thr2
Unwinding loop 8  iteration  2   file cs_lamport.i line 801 function thr2
Not unwinding 
Unwinding loop 9  iteration  1   file cs_lamport.i line 811 function thr2
Unwinding loop 9  iteration  2   file cs_lamport.i line 811 function thr2
Not unwinding 
Not unwinding 
Symex completed in: 4.046s (8247 assignments)
Slicing time: 0.343s (removed 682 assignments)
Generated 0 VCC(s), 0 remaining after simplification (7565 assignments)
BMC program time: 4.389s
Building successful trace

VERIFICATION SUCCESSFUL

Solution found by the inductive step (k = 3)

../sv-benchmarks/c/seq-pthread/cs_lamport.i:767:1: warning: non-void function does not return a value in all control paths [-Wreturn-type]
}
^
../sv-benchmarks/c/seq-pthread/cs_lamport.i:844:1: warning: non-void function does not return a value in all control paths [-Wreturn-type]
}
^
../sv-benchmarks/c/seq-pthread/cs_lamport.i:858:2: warning: non-void function does not return a value in all control paths [-Wreturn-type]
 }
 ^

TRUE
