./esbmc-wrapper.py -p ../sv-benchmarks/c/properties/unreach-call.prp -s kinduction --arch 32 ../sv-benchmarks/c/seq-pthread/cs_stateful-1.i


--------------------------------------------------------------------------------


Verifying with ESBMC
Command: ./esbmc --no-div-by-zero-check --force-malloc-success --state-hashing --no-align-check --k-step 2 --floatbv --unlimited-k-steps ../sv-benchmarks/c/seq-pthread/cs_stateful-1.i --32 --witness-output cs_stateful-1.i.graphml --no-pointer-check --no-bounds-check --interval-analysis --k-induction --max-inductive-step 3 
ESBMC version 6.8.0 64-bit x86_64 linux
Target: 32-bit little-endian x86_64-unknown-linux with esbmc libc
file ../sv-benchmarks/c/seq-pthread/cs_stateful-1.i: Parsing
Converting
Generating GOTO Program
GOTO program creation time: 0.119s
GOTO program processing time: 0.005s
*** Checking base case, k = 1
Starting Bounded Model Checking
Not unwinding 
Symex completed in: 0.001s (37 assignments)
Slicing time: 0.000s (removed 35 assignments)
Generated 0 VCC(s), 0 remaining after simplification (2 assignments)
BMC program time: 0.001s
No bug has been found in the base case
*** Checking forward condition, k = 1
Starting Bounded Model Checking
Not unwinding 
Symex completed in: 0.001s (37 assignments)
Slicing time: 0.000s (removed 35 assignments)
Generated 1 VCC(s), 1 remaining after simplification (2 assignments)
No solver specified; defaulting to Boolector
Encoding remaining VCC(s) using bit-vector/floating-point arithmetic
Encoding to solver time: 0.000s
Solving with solver Boolector 3.2.1
Encoding to solver time: 0.000s
Runtime decision procedure: 0.001s
The forward condition is unable to prove the property
*** Checking base case, k = 3
Starting Bounded Model Checking
Unwinding loop 3  iteration  1   file cs_stateful-1.i line 759 function main
Unwinding loop 3  iteration  2   file cs_stateful-1.i line 759 function main
Not unwinding 
Symex completed in: 0.001s (45 assignments)
Slicing time: 0.000s (removed 43 assignments)
Generated 0 VCC(s), 0 remaining after simplification (2 assignments)
BMC program time: 0.001s
No bug has been found in the base case
*** Checking forward condition, k = 3
Starting Bounded Model Checking
Unwinding loop 3  iteration  1   file cs_stateful-1.i line 759 function main
Unwinding loop 3  iteration  2   file cs_stateful-1.i line 759 function main
Not unwinding 
Symex completed in: 0.001s (45 assignments)
Slicing time: 0.000s (removed 43 assignments)
Generated 1 VCC(s), 1 remaining after simplification (2 assignments)
No solver specified; defaulting to Boolector
Encoding remaining VCC(s) using bit-vector/floating-point arithmetic
Encoding to solver time: 0.000s
Solving with solver Boolector 3.2.1
Encoding to solver time: 0.000s
Runtime decision procedure: 0.001s
The forward condition is unable to prove the property
*** Checking inductive step, k = 3
Starting Bounded Model Checking
Unwinding loop 3  iteration  1   file cs_stateful-1.i line 759 function main
Unwinding loop 3  iteration  2   file cs_stateful-1.i line 759 function main
Not unwinding 
Unwinding loop 4  iteration  1   file cs_stateful-1.i line 758 function main
Unwinding loop 3  iteration  1   file cs_stateful-1.i line 759 function main
Unwinding loop 3  iteration  2   file cs_stateful-1.i line 759 function main
Not unwinding 
Unwinding loop 4  iteration  2   file cs_stateful-1.i line 758 function main
Unwinding loop 3  iteration  1   file cs_stateful-1.i line 759 function main
Unwinding loop 3  iteration  2   file cs_stateful-1.i line 759 function main
Not unwinding 
Not unwinding 
Symex completed in: 0.151s (1679 assignments)
Slicing time: 0.009s (removed 282 assignments)
Generated 0 VCC(s), 0 remaining after simplification (1397 assignments)
BMC program time: 0.160s
Building successful trace

VERIFICATION SUCCESSFUL

Solution found by the inductive step (k = 3)

../sv-benchmarks/c/seq-pthread/cs_stateful-1.i:700:1: warning: non-void function does not return a value in all control paths [-Wreturn-type]
}
^
../sv-benchmarks/c/seq-pthread/cs_stateful-1.i:716:1: warning: non-void function does not return a value in all control paths [-Wreturn-type]
}
^
../sv-benchmarks/c/seq-pthread/cs_stateful-1.i:749:2: warning: non-void function does not return a value in all control paths [-Wreturn-type]
 }
 ^

TRUE
