./esbmc-wrapper.py -p ../sv-benchmarks/c/properties/unreach-call.prp -s kinduction --arch 32 ../sv-benchmarks/c/product-lines/elevator_spec1_productSimulator.cil.c


--------------------------------------------------------------------------------


Verifying with ESBMC
Command: ./esbmc --no-div-by-zero-check --force-malloc-success --state-hashing --no-align-check --k-step 2 --floatbv --unlimited-k-steps ../sv-benchmarks/c/product-lines/elevator_spec1_productSimulator.cil.c --32 --witness-output elevator_spec1_productSimulator.cil.c.graphml --no-pointer-check --no-bounds-check --interval-analysis --k-induction --max-inductive-step 3 
ESBMC version 6.8.0 64-bit x86_64 linux
Target: 32-bit little-endian x86_64-unknown-linux with esbmc libc
file ../sv-benchmarks/c/product-lines/elevator_spec1_productSimulator.cil.c: Parsing
Converting
Generating GOTO Program
GOTO program creation time: 0.201s
GOTO program processing time: 1.147s
*** Checking base case, k = 1
Starting Bounded Model Checking
Not unwinding 
Symex completed in: 0.067s (765 assignments)
Slicing time: 0.000s (removed 742 assignments)
Generated 0 VCC(s), 0 remaining after simplification (23 assignments)
BMC program time: 0.067s
No bug has been found in the base case
*** Checking forward condition, k = 1
Starting Bounded Model Checking
Not unwinding 
Symex completed in: 0.067s (765 assignments)
Slicing time: 0.000s (removed 742 assignments)
Generated 1 VCC(s), 1 remaining after simplification (23 assignments)
No solver specified; defaulting to Boolector
Encoding remaining VCC(s) using bit-vector/floating-point arithmetic
Encoding to solver time: 0.001s
Solving with solver Boolector 3.2.1
Encoding to solver time: 0.001s
Runtime decision procedure: 0.001s
The forward condition is unable to prove the property
*** Checking base case, k = 3
Starting Bounded Model Checking
Unwinding loop 4  iteration  1   file elevator_spec1_productSimulator.cil.c line 3464 function cleanup
Unwinding loop 4  iteration  2   file elevator_spec1_productSimulator.cil.c line 3464 function cleanup
Not unwinding 
Symex completed in: 0.555s (6587 assignments)
Slicing time: 0.006s (removed 6533 assignments)
Generated 1 VCC(s), 1 remaining after simplification (54 assignments)
No solver specified; defaulting to Boolector
Encoding remaining VCC(s) using bit-vector/floating-point arithmetic
Encoding to solver time: 0.002s
Solving with solver Boolector 3.2.1
Encoding to solver time: 0.002s
Runtime decision procedure: 0.001s
Building error trace

Counterexample:

State 1 file elevator_spec1_productSimulator.cil.c line 54 function select_one thread 0
----------------------------------------------------
  choice = 3 (00000000 00000000 00000000 00000011)

State 2 file elevator_spec1_productSimulator.cil.c line 57 function select_one thread 0
----------------------------------------------------
  retValue_acc = 3 (00000000 00000000 00000000 00000011)

State 3 file elevator_spec1_productSimulator.cil.c line 54 function select_one thread 0
----------------------------------------------------
  choice = 0 (00000000 00000000 00000000 00000000)

State 4 file elevator_spec1_productSimulator.cil.c line 57 function select_one thread 0
----------------------------------------------------
  retValue_acc = 0 (00000000 00000000 00000000 00000000)

State 5 file elevator_spec1_productSimulator.cil.c line 54 function select_one thread 0
----------------------------------------------------
  choice = 511 (00000000 00000000 00000001 11111111)

State 6 file elevator_spec1_productSimulator.cil.c line 57 function select_one thread 0
----------------------------------------------------
  retValue_acc = 511 (00000000 00000000 00000001 11111111)

State 7 file elevator_spec1_productSimulator.cil.c line 113 function valid_product thread 0
----------------------------------------------------
  retValue_acc = 1 (00000000 00000000 00000000 00000001)

State 8 file elevator_spec1_productSimulator.cil.c line 1699 function getCurrentFloorID thread 0
----------------------------------------------------
  retValue_acc = 1 (00000000 00000000 00000000 00000001)

State 9 file elevator_spec1_productSimulator.cil.c line 573 function __utac_acc__Specification1_spec__3 thread 0
----------------------------------------------------
  floor = 1 (00000000 00000000 00000000 00000001)

State 10 file elevator_spec1_productSimulator.cil.c line 1457 function isBlocked__role__overloaded thread 0
----------------------------------------------------
  retValue_acc = 1 (00000000 00000000 00000000 00000001)

State 11 file elevator_spec1_productSimulator.cil.c line 3 function reach_error thread 0
----------------------------------------------------
Violated property:
  file elevator_spec1_productSimulator.cil.c line 3 function reach_error
  assertion 0
  0


VERIFICATION FAILED

Bug found (k = 3)

../sv-benchmarks/c/product-lines/elevator_spec1_productSimulator.cil.c:2869:10: warning: format string is not a string literal (potentially insecure) [-Wformat-security]
  printf(__cil_tmp6);
         ^~~~~~~~~~
../sv-benchmarks/c/product-lines/elevator_spec1_productSimulator.cil.c:2869:10: note: treat the string as an argument to avoid this
  printf(__cil_tmp6);
         ^
         "%s", 
../sv-benchmarks/c/product-lines/elevator_spec1_productSimulator.cil.c:2874:12: warning: format string is not a string literal (potentially insecure) [-Wformat-security]
    printf(__cil_tmp7);
           ^~~~~~~~~~
../sv-benchmarks/c/product-lines/elevator_spec1_productSimulator.cil.c:2874:12: note: treat the string as an argument to avoid this
    printf(__cil_tmp7);
           ^
           "%s", 
../sv-benchmarks/c/product-lines/elevator_spec1_productSimulator.cil.c:2879:12: warning: format string is not a string literal (potentially insecure) [-Wformat-security]
    printf(__cil_tmp8);
           ^~~~~~~~~~
../sv-benchmarks/c/product-lines/elevator_spec1_productSimulator.cil.c:2879:12: note: treat the string as an argument to avoid this
    printf(__cil_tmp8);
           ^
           "%s", 
../sv-benchmarks/c/product-lines/elevator_spec1_productSimulator.cil.c:2884:10: warning: format string is not a string literal (potentially insecure) [-Wformat-security]
  printf(__cil_tmp9);
         ^~~~~~~~~~
../sv-benchmarks/c/product-lines/elevator_spec1_productSimulator.cil.c:2884:10: note: treat the string as an argument to avoid this
  printf(__cil_tmp9);
         ^
         "%s", 
../sv-benchmarks/c/product-lines/elevator_spec1_productSimulator.cil.c:2888:10: warning: format string is not a string literal (potentially insecure) [-Wformat-security]
  printf(__cil_tmp11);
         ^~~~~~~~~~~
../sv-benchmarks/c/product-lines/elevator_spec1_productSimulator.cil.c:2888:10: note: treat the string as an argument to avoid this
  printf(__cil_tmp11);
         ^
         "%s", 
../sv-benchmarks/c/product-lines/elevator_spec1_productSimulator.cil.c:2893:12: warning: format string is not a string literal (potentially insecure) [-Wformat-security]
    printf(__cil_tmp12);
           ^~~~~~~~~~~
../sv-benchmarks/c/product-lines/elevator_spec1_productSimulator.cil.c:2893:12: note: treat the string as an argument to avoid this
    printf(__cil_tmp12);
           ^
           "%s", 
../sv-benchmarks/c/product-lines/elevator_spec1_productSimulator.cil.c:2898:12: warning: format string is not a string literal (potentially insecure) [-Wformat-security]
    printf(__cil_tmp13);
           ^~~~~~~~~~~
../sv-benchmarks/c/product-lines/elevator_spec1_productSimulator.cil.c:2898:12: note: treat the string as an argument to avoid this
    printf(__cil_tmp13);
           ^
           "%s", 
../sv-benchmarks/c/product-lines/elevator_spec1_productSimulator.cil.c:2903:10: warning: format string is not a string literal (potentially insecure) [-Wformat-security]
  printf(__cil_tmp14);
         ^~~~~~~~~~~
../sv-benchmarks/c/product-lines/elevator_spec1_productSimulator.cil.c:2903:10: note: treat the string as an argument to avoid this
  printf(__cil_tmp14);
         ^
         "%s", 
../sv-benchmarks/c/product-lines/elevator_spec1_productSimulator.cil.c:2947:10: warning: format string is not a string literal (potentially insecure) [-Wformat-security]
  printf(__cil_tmp20);
         ^~~~~~~~~~~
../sv-benchmarks/c/product-lines/elevator_spec1_productSimulator.cil.c:2947:10: note: treat the string as an argument to avoid this
  printf(__cil_tmp20);
         ^
         "%s", 
../sv-benchmarks/c/product-lines/elevator_spec1_productSimulator.cil.c:3004:10: warning: format string is not a string literal (potentially insecure) [-Wformat-security]
  printf(__cil_tmp26);
         ^~~~~~~~~~~
../sv-benchmarks/c/product-lines/elevator_spec1_productSimulator.cil.c:3004:10: note: treat the string as an argument to avoid this
  printf(__cil_tmp26);
         ^
         "%s", 
../sv-benchmarks/c/product-lines/elevator_spec1_productSimulator.cil.c:3020:12: warning: format string is not a string literal (potentially insecure) [-Wformat-security]
    printf(__cil_tmp2);
           ^~~~~~~~~~
../sv-benchmarks/c/product-lines/elevator_spec1_productSimulator.cil.c:3020:12: note: treat the string as an argument to avoid this
    printf(__cil_tmp2);
           ^
           "%s", 

FALSE_REACH
