./esbmc-wrapper.py -p ../sv-benchmarks/c/properties/unreach-call.prp -s kinduction --arch 32 ../sv-benchmarks/c/float-benchs/filter1.c


--------------------------------------------------------------------------------


Verifying with ESBMC
Command: ./esbmc --no-div-by-zero-check --force-malloc-success --state-hashing --no-align-check --k-step 2 --floatbv --unlimited-k-steps ../sv-benchmarks/c/float-benchs/filter1.c --32 --witness-output filter1.c.graphml --no-pointer-check --no-bounds-check --interval-analysis --k-induction --max-inductive-step 3 
ESBMC version 6.8.0 64-bit x86_64 linux
Target: 32-bit little-endian x86_64-unknown-linux with esbmc libc
file ../sv-benchmarks/c/float-benchs/filter1.c: Parsing
Converting
Generating GOTO Program
GOTO program creation time: 0.093s
GOTO program processing time: 0.001s
*** Checking base case, k = 1
Starting Bounded Model Checking
Not unwinding 
Symex completed in: 0.001s (30 assignments)
Slicing time: 0.000s (removed 16 assignments)
Generated 1 VCC(s), 1 remaining after simplification (14 assignments)
No solver specified; defaulting to Boolector
Encoding remaining VCC(s) using bit-vector/floating-point arithmetic
Encoding to solver time: 0.003s
Solving with solver Boolector 3.2.1
Encoding to solver time: 0.003s
Runtime decision procedure: 0.006s
BMC program time: 0.010s
No bug has been found in the base case
*** Checking forward condition, k = 1
Starting Bounded Model Checking
Not unwinding 
Symex completed in: 0.001s (29 assignments)
Slicing time: 0.000s (removed 16 assignments)
Generated 1 VCC(s), 1 remaining after simplification (13 assignments)
No solver specified; defaulting to Boolector
Encoding remaining VCC(s) using bit-vector/floating-point arithmetic
Encoding to solver time: 0.002s
Solving with solver Boolector 3.2.1
Encoding to solver time: 0.002s
Runtime decision procedure: 0.015s
The forward condition is unable to prove the property
*** Checking base case, k = 3
Starting Bounded Model Checking
Unwinding loop 1  iteration  1   file filter1.c line 28 function main
Unwinding loop 1  iteration  2   file filter1.c line 28 function main
Not unwinding 
Symex completed in: 0.001s (62 assignments)
Slicing time: 0.000s (removed 20 assignments)
Generated 3 VCC(s), 3 remaining after simplification (42 assignments)
No solver specified; defaulting to Boolector
Encoding remaining VCC(s) using bit-vector/floating-point arithmetic
Encoding to solver time: 0.010s
Solving with solver Boolector 3.2.1
Encoding to solver time: 0.010s
Runtime decision procedure: 20.849s
BMC program time: 20.861s
No bug has been found in the base case
*** Checking forward condition, k = 3
Starting Bounded Model Checking
Unwinding loop 1  iteration  1   file filter1.c line 28 function main
Unwinding loop 1  iteration  2   file filter1.c line 28 function main
Not unwinding 
Symex completed in: 0.002s (59 assignments)
Slicing time: 0.000s (removed 20 assignments)
Generated 1 VCC(s), 1 remaining after simplification (39 assignments)
No solver specified; defaulting to Boolector
Encoding remaining VCC(s) using bit-vector/floating-point arithmetic
Encoding to solver time: 0.010s
Solving with solver Boolector 3.2.1
Encoding to solver time: 0.010s
Runtime decision procedure: 12.411s
The forward condition is unable to prove the property
*** Checking inductive step, k = 3
Starting Bounded Model Checking
Unwinding loop 1  iteration  1   file filter1.c line 28 function main
Unwinding loop 1  iteration  2   file filter1.c line 28 function main
Not unwinding 
Symex completed in: 0.002s (101 assignments)
Slicing time: 0.000s (removed 30 assignments)
Generated 1 VCC(s), 1 remaining after simplification (71 assignments)
No solver specified; defaulting to Boolector
Encoding remaining VCC(s) using bit-vector/floating-point arithmetic
Encoding to solver time: 0.011s
Solving with solver Boolector 3.2.1
Encoding to solver time: 0.011s
Runtime decision procedure: 12.808s
BMC program time: 12.822s
Building successful trace

VERIFICATION SUCCESSFUL

Solution found by the inductive step (k = 3)


TRUE
