./esbmc-wrapper.py -p ../sv-benchmarks/c/properties/unreach-call.prp -s kinduction --arch 32 ../sv-benchmarks/c/combinations/pals_lcr.4.ufo.BOUNDED-8.pals+Problem12_label08.c


--------------------------------------------------------------------------------


Verifying with ESBMC
Command: ./esbmc --no-div-by-zero-check --force-malloc-success --state-hashing --no-align-check --k-step 2 --floatbv --unlimited-k-steps ../sv-benchmarks/c/combinations/pals_lcr.4.ufo.BOUNDED-8.pals+Problem12_label08.c --32 --witness-output pals_lcr.4.ufo.BOUNDED-8.pals+Problem12_label08.c.graphml --no-pointer-check --no-bounds-check --interval-analysis --k-induction --max-inductive-step 3 
ESBMC version 6.8.0 64-bit x86_64 linux
Target: 32-bit little-endian x86_64-unknown-linux with esbmc libc
file ../sv-benchmarks/c/combinations/pals_lcr.4.ufo.BOUNDED-8.pals+Problem12_label08.c: Parsing
Converting
Generating GOTO Program
GOTO program creation time: 1.218s
GOTO program processing time: 0.459s
*** Checking base case, k = 1
Starting Bounded Model Checking
Not unwinding 
Not unwinding 
Symex completed in: 0.106s (342 assignments)
Slicing time: 0.001s (removed 253 assignments)
Generated 1 VCC(s), 1 remaining after simplification (89 assignments)
No solver specified; defaulting to Boolector
Encoding remaining VCC(s) using bit-vector/floating-point arithmetic
Encoding to solver time: 0.001s
Solving with solver Boolector 3.2.1
Encoding to solver time: 0.001s
Runtime decision procedure: 0.002s
BMC program time: 0.111s
No bug has been found in the base case
*** Checking forward condition, k = 1
Starting Bounded Model Checking
Not unwinding 
Not unwinding 
Symex completed in: 0.106s (341 assignments)
Slicing time: 0.001s (removed 253 assignments)
Generated 2 VCC(s), 2 remaining after simplification (88 assignments)
No solver specified; defaulting to Boolector
Encoding remaining VCC(s) using bit-vector/floating-point arithmetic
Encoding to solver time: 0.002s
Solving with solver Boolector 3.2.1
Encoding to solver time: 0.002s
Runtime decision procedure: 0.031s
The forward condition is unable to prove the property
*** Checking base case, k = 3
Starting Bounded Model Checking
Unwinding loop 2  iteration  1   file pals_lcr.4.ufo.BOUNDED-8.pals+Problem12_label08.c line 331 function main1
Unwinding loop 2  iteration  2   file pals_lcr.4.ufo.BOUNDED-8.pals+Problem12_label08.c line 331 function main1
Not unwinding 
Unwinding loop 3  iteration  1   file pals_lcr.4.ufo.BOUNDED-8.pals+Problem12_label08.c line 5180 function main2
Unwinding loop 3  iteration  2   file pals_lcr.4.ufo.BOUNDED-8.pals+Problem12_label08.c line 5180 function main2
Not unwinding 
Symex completed in: 1.556s (17661 assignments)
Slicing time: 0.160s (removed 13683 assignments)
Generated 5 VCC(s), 5 remaining after simplification (3978 assignments)
No solver specified; defaulting to Boolector
Encoding remaining VCC(s) using bit-vector/floating-point arithmetic
Encoding to solver time: 0.107s
Solving with solver Boolector 3.2.1
Encoding to solver time: 0.107s
Runtime decision procedure: 8.258s
BMC program time: 10.082s
No bug has been found in the base case
*** Checking forward condition, k = 3
Starting Bounded Model Checking
Unwinding loop 2  iteration  1   file pals_lcr.4.ufo.BOUNDED-8.pals+Problem12_label08.c line 331 function main1
Unwinding loop 2  iteration  2   file pals_lcr.4.ufo.BOUNDED-8.pals+Problem12_label08.c line 331 function main1
Not unwinding 
Unwinding loop 3  iteration  1   file pals_lcr.4.ufo.BOUNDED-8.pals+Problem12_label08.c line 5180 function main2
Unwinding loop 3  iteration  2   file pals_lcr.4.ufo.BOUNDED-8.pals+Problem12_label08.c line 5180 function main2
Not unwinding 
Symex completed in: 1.720s (17656 assignments)
Slicing time: 0.170s (removed 13683 assignments)
Generated 2 VCC(s), 2 remaining after simplification (3973 assignments)
No solver specified; defaulting to Boolector
Encoding remaining VCC(s) using bit-vector/floating-point arithmetic
Encoding to solver time: 0.115s
Solving with solver Boolector 3.2.1
Encoding to solver time: 0.115s
Runtime decision procedure: 8.322s
The forward condition is unable to prove the property
*** Checking inductive step, k = 3
Starting Bounded Model Checking
Unwinding loop 2  iteration  1   file pals_lcr.4.ufo.BOUNDED-8.pals+Problem12_label08.c line 331 function main1
Unwinding loop 2  iteration  2   file pals_lcr.4.ufo.BOUNDED-8.pals+Problem12_label08.c line 331 function main1
Not unwinding 
Unwinding loop 3  iteration  1   file pals_lcr.4.ufo.BOUNDED-8.pals+Problem12_label08.c line 5180 function main2
Unwinding loop 3  iteration  2   file pals_lcr.4.ufo.BOUNDED-8.pals+Problem12_label08.c line 5180 function main2
Not unwinding 
Symex completed in: 3.057s (36982 assignments)
Slicing time: 4.237s (removed 15820 assignments)
Generated 2 VCC(s), 2 remaining after simplification (21162 assignments)
No solver specified; defaulting to Boolector
Encoding remaining VCC(s) using bit-vector/floating-point arithmetic
Encoding to solver time: 0.815s
Solving with solver Boolector 3.2.1
Encoding to solver time: 0.815s
Runtime decision procedure: 38.584s
The inductive step is unable to prove the property
*** Checking base case, k = 5
Starting Bounded Model Checking
Unwinding loop 2  iteration  1   file pals_lcr.4.ufo.BOUNDED-8.pals+Problem12_label08.c line 331 function main1
Unwinding loop 2  iteration  2   file pals_lcr.4.ufo.BOUNDED-8.pals+Problem12_label08.c line 331 function main1
Unwinding loop 2  iteration  3   file pals_lcr.4.ufo.BOUNDED-8.pals+Problem12_label08.c line 331 function main1
Unwinding loop 2  iteration  4   file pals_lcr.4.ufo.BOUNDED-8.pals+Problem12_label08.c line 331 function main1
Not unwinding 
Unwinding loop 3  iteration  1   file pals_lcr.4.ufo.BOUNDED-8.pals+Problem12_label08.c line 5180 function main2
Unwinding loop 3  iteration  2   file pals_lcr.4.ufo.BOUNDED-8.pals+Problem12_label08.c line 5180 function main2
Unwinding loop 3  iteration  3   file pals_lcr.4.ufo.BOUNDED-8.pals+Problem12_label08.c line 5180 function main2
Unwinding loop 3  iteration  4   file pals_lcr.4.ufo.BOUNDED-8.pals+Problem12_label08.c line 5180 function main2
Not unwinding 
Symex completed in: 4.165s (40499 assignments)
Slicing time: 1.375s (removed 21175 assignments)
Generated 9 VCC(s), 9 remaining after simplification (19324 assignments)
No solver specified; defaulting to Boolector
Encoding remaining VCC(s) using bit-vector/floating-point arithmetic
Encoding to solver time: 0.663s
Solving with solver Boolector 3.2.1
Encoding to solver time: 0.663s
Runtime decision procedure: 37.019s
Building error trace

Counterexample:

State 1 file pals_lcr.4.ufo.BOUNDED-8.pals+Problem12_label08.c line 5184 function main2 thread 0
----------------------------------------------------
  input = 5 (00000000 00000000 00000000 00000101)

State 2 file pals_lcr.4.ufo.BOUNDED-8.pals+Problem12_label08.c line 5184 function main2 thread 0
----------------------------------------------------
  input = 3 (00000000 00000000 00000000 00000011)

State 3 file pals_lcr.4.ufo.BOUNDED-8.pals+Problem12_label08.c line 5184 function main2 thread 0
----------------------------------------------------
  input = 1 (00000000 00000000 00000000 00000001)

State 4 file pals_lcr.4.ufo.BOUNDED-8.pals+Problem12_label08.c line 2996 function calculate_output2 thread 0
----------------------------------------------------
  a2 = 239 (00000000 00000000 00000000 11101111)

State 5 file pals_lcr.4.ufo.BOUNDED-8.pals+Problem12_label08.c line 5184 function main2 thread 0
----------------------------------------------------
  input = 5 (00000000 00000000 00000000 00000101)

State 6 file pals_lcr.4.ufo.BOUNDED-8.pals+Problem12_label08.c line 961 function calculate_output thread 0
----------------------------------------------------
  a2 = -1713 (11111111 11111111 11111001 01001111)

State 7 file pals_lcr.4.ufo.BOUNDED-8.pals+Problem12_label08.c line 962 function calculate_output thread 0
----------------------------------------------------
  a17 = 99714 (00000000 00000001 10000101 10000010)

State 8 file pals_lcr.4.ufo.BOUNDED-8.pals+Problem12_label08.c line 5184 function main2 thread 0
----------------------------------------------------
  input = 3 (00000000 00000000 00000000 00000011)

State 9 file pals_lcr.4.ufo.BOUNDED-8.pals+Problem12_label08.c line 20 function reach_error thread 0
----------------------------------------------------
Violated property:
  file pals_lcr.4.ufo.BOUNDED-8.pals+Problem12_label08.c line 20 function reach_error
  assertion 0
  0


VERIFICATION FAILED

Bug found (k = 5)


FALSE_REACH
