./esbmc-wrapper.py -p ../sv-benchmarks/c/properties/unreach-call.prp -s kinduction --arch 32 ../sv-benchmarks/c/nla-digbench-scaling/ps4-ll_unwindbound20.c


--------------------------------------------------------------------------------


Verifying with ESBMC
Command: ./esbmc --no-div-by-zero-check --force-malloc-success --state-hashing --no-align-check --k-step 2 --floatbv --unlimited-k-steps ../sv-benchmarks/c/nla-digbench-scaling/ps4-ll_unwindbound20.c --32 --witness-output ps4-ll_unwindbound20.c.graphml --no-pointer-check --no-bounds-check --interval-analysis --k-induction --max-inductive-step 3 
ESBMC version 6.8.0 64-bit x86_64 linux
Target: 32-bit little-endian x86_64-unknown-linux with esbmc libc
file ../sv-benchmarks/c/nla-digbench-scaling/ps4-ll_unwindbound20.c: Parsing
Converting
Generating GOTO Program
GOTO program creation time: 0.140s
GOTO program processing time: 0.001s
*** Checking base case, k = 1
Starting Bounded Model Checking
Not unwinding 
Symex completed in: 0.001s (28 assignments)
Slicing time: 0.000s (removed 24 assignments)
Generated 0 VCC(s), 0 remaining after simplification (4 assignments)
BMC program time: 0.001s
No bug has been found in the base case
*** Checking forward condition, k = 1
Starting Bounded Model Checking
Not unwinding 
Symex completed in: 0.001s (28 assignments)
Slicing time: 0.000s (removed 24 assignments)
Generated 1 VCC(s), 1 remaining after simplification (4 assignments)
No solver specified; defaulting to Boolector
Encoding remaining VCC(s) using bit-vector/floating-point arithmetic
Encoding to solver time: 0.000s
Solving with solver Boolector 3.2.1
Encoding to solver time: 0.000s
Runtime decision procedure: 0.001s
The forward condition is unable to prove the property
*** Checking base case, k = 3
Starting Bounded Model Checking
Unwinding loop 1  iteration  1   file ps4-ll_unwindbound20.c line 27 function main
Unwinding loop 1  iteration  2   file ps4-ll_unwindbound20.c line 27 function main
Not unwinding 
Symex completed in: 0.003s (56 assignments)
Slicing time: 0.000s (removed 40 assignments)
Generated 2 VCC(s), 2 remaining after simplification (16 assignments)
No solver specified; defaulting to Boolector
Encoding remaining VCC(s) using bit-vector/floating-point arithmetic
Encoding to solver time: 0.001s
Solving with solver Boolector 3.2.1
Encoding to solver time: 0.001s
Runtime decision procedure: 0.005s
BMC program time: 0.009s
No bug has been found in the base case
*** Checking forward condition, k = 3
Starting Bounded Model Checking
Unwinding loop 1  iteration  1   file ps4-ll_unwindbound20.c line 27 function main
Unwinding loop 1  iteration  2   file ps4-ll_unwindbound20.c line 27 function main
Not unwinding 
Symex completed in: 0.002s (54 assignments)
Slicing time: 0.000s (removed 48 assignments)
Generated 1 VCC(s), 1 remaining after simplification (6 assignments)
No solver specified; defaulting to Boolector
Encoding remaining VCC(s) using bit-vector/floating-point arithmetic
Encoding to solver time: 0.000s
Solving with solver Boolector 3.2.1
Encoding to solver time: 0.000s
Runtime decision procedure: 0.002s
The forward condition is unable to prove the property
*** Checking inductive step, k = 3
Starting Bounded Model Checking
Unwinding loop 1  iteration  1   file ps4-ll_unwindbound20.c line 27 function main
Unwinding loop 1  iteration  2   file ps4-ll_unwindbound20.c line 27 function main
Not unwinding 
Symex completed in: 0.003s (95 assignments)
Slicing time: 0.001s (removed 29 assignments)
Generated 3 VCC(s), 3 remaining after simplification (66 assignments)
No solver specified; defaulting to Boolector
Encoding remaining VCC(s) using bit-vector/floating-point arithmetic
Encoding to solver time: 0.001s
Solving with solver Boolector 3.2.1
Encoding to solver time: 0.001s
Runtime decision procedure: 136.199s
The inductive step is unable to prove the property
*** Checking base case, k = 5
Starting Bounded Model Checking
Unwinding loop 1  iteration  1   file ps4-ll_unwindbound20.c line 27 function main
Unwinding loop 1  iteration  2   file ps4-ll_unwindbound20.c line 27 function main
Unwinding loop 1  iteration  3   file ps4-ll_unwindbound20.c line 27 function main
Unwinding loop 1  iteration  4   file ps4-ll_unwindbound20.c line 27 function main
Not unwinding 
Symex completed in: 0.004s (80 assignments)
Slicing time: 0.000s (removed 58 assignments)
Generated 2 VCC(s), 2 remaining after simplification (22 assignments)
No solver specified; defaulting to Boolector
Encoding remaining VCC(s) using bit-vector/floating-point arithmetic
Encoding to solver time: 0.001s
Solving with solver Boolector 3.2.1
Encoding to solver time: 0.001s
Runtime decision procedure: 0.037s
BMC program time: 0.043s
No bug has been found in the base case
*** Checking forward condition, k = 5
Starting Bounded Model Checking
Unwinding loop 1  iteration  1   file ps4-ll_unwindbound20.c line 27 function main
Unwinding loop 1  iteration  2   file ps4-ll_unwindbound20.c line 27 function main
Unwinding loop 1  iteration  3   file ps4-ll_unwindbound20.c line 27 function main
Unwinding loop 1  iteration  4   file ps4-ll_unwindbound20.c line 27 function main
Not unwinding 
Symex completed in: 0.003s (78 assignments)
Slicing time: 0.000s (removed 70 assignments)
Generated 1 VCC(s), 1 remaining after simplification (8 assignments)
No solver specified; defaulting to Boolector
Encoding remaining VCC(s) using bit-vector/floating-point arithmetic
Encoding to solver time: 0.000s
Solving with solver Boolector 3.2.1
Encoding to solver time: 0.000s
Runtime decision procedure: 0.003s
The forward condition is unable to prove the property
*** Checking base case, k = 7
Starting Bounded Model Checking
Unwinding loop 1  iteration  1   file ps4-ll_unwindbound20.c line 27 function main
Unwinding loop 1  iteration  2   file ps4-ll_unwindbound20.c line 27 function main
Unwinding loop 1  iteration  3   file ps4-ll_unwindbound20.c line 27 function main
Unwinding loop 1  iteration  4   file ps4-ll_unwindbound20.c line 27 function main
Unwinding loop 1  iteration  5   file ps4-ll_unwindbound20.c line 27 function main
Unwinding loop 1  iteration  6   file ps4-ll_unwindbound20.c line 27 function main
Not unwinding 
Symex completed in: 0.005s (104 assignments)
Slicing time: 0.000s (removed 76 assignments)
Generated 2 VCC(s), 2 remaining after simplification (28 assignments)
No solver specified; defaulting to Boolector
Encoding remaining VCC(s) using bit-vector/floating-point arithmetic
Encoding to solver time: 0.000s
Solving with solver Boolector 3.2.1
Encoding to solver time: 0.000s
Runtime decision procedure: 0.091s
BMC program time: 0.098s
No bug has been found in the base case
*** Checking forward condition, k = 7
Starting Bounded Model Checking
Unwinding loop 1  iteration  1   file ps4-ll_unwindbound20.c line 27 function main
Unwinding loop 1  iteration  2   file ps4-ll_unwindbound20.c line 27 function main
Unwinding loop 1  iteration  3   file ps4-ll_unwindbound20.c line 27 function main
Unwinding loop 1  iteration  4   file ps4-ll_unwindbound20.c line 27 function main
Unwinding loop 1  iteration  5   file ps4-ll_unwindbound20.c line 27 function main
Unwinding loop 1  iteration  6   file ps4-ll_unwindbound20.c line 27 function main
Not unwinding 
Symex completed in: 0.004s (102 assignments)
Slicing time: 0.000s (removed 92 assignments)
Generated 1 VCC(s), 1 remaining after simplification (10 assignments)
No solver specified; defaulting to Boolector
Encoding remaining VCC(s) using bit-vector/floating-point arithmetic
Encoding to solver time: 0.000s
Solving with solver Boolector 3.2.1
Encoding to solver time: 0.000s
Runtime decision procedure: 0.004s
The forward condition is unable to prove the property
*** Checking base case, k = 9
Starting Bounded Model Checking
Unwinding loop 1  iteration  1   file ps4-ll_unwindbound20.c line 27 function main
Unwinding loop 1  iteration  2   file ps4-ll_unwindbound20.c line 27 function main
Unwinding loop 1  iteration  3   file ps4-ll_unwindbound20.c line 27 function main
Unwinding loop 1  iteration  4   file ps4-ll_unwindbound20.c line 27 function main
Unwinding loop 1  iteration  5   file ps4-ll_unwindbound20.c line 27 function main
Unwinding loop 1  iteration  6   file ps4-ll_unwindbound20.c line 27 function main
Unwinding loop 1  iteration  7   file ps4-ll_unwindbound20.c line 27 function main
Unwinding loop 1  iteration  8   file ps4-ll_unwindbound20.c line 27 function main
Not unwinding 
Symex completed in: 0.005s (128 assignments)
Slicing time: 0.001s (removed 94 assignments)
Generated 2 VCC(s), 2 remaining after simplification (34 assignments)
No solver specified; defaulting to Boolector
Encoding remaining VCC(s) using bit-vector/floating-point arithmetic
Encoding to solver time: 0.001s
Solving with solver Boolector 3.2.1
Encoding to solver time: 0.001s
Runtime decision procedure: 0.143s
BMC program time: 0.150s
No bug has been found in the base case
*** Checking forward condition, k = 9
Starting Bounded Model Checking
Unwinding loop 1  iteration  1   file ps4-ll_unwindbound20.c line 27 function main
Unwinding loop 1  iteration  2   file ps4-ll_unwindbound20.c line 27 function main
Unwinding loop 1  iteration  3   file ps4-ll_unwindbound20.c line 27 function main
Unwinding loop 1  iteration  4   file ps4-ll_unwindbound20.c line 27 function main
Unwinding loop 1  iteration  5   file ps4-ll_unwindbound20.c line 27 function main
Unwinding loop 1  iteration  6   file ps4-ll_unwindbound20.c line 27 function main
Unwinding loop 1  iteration  7   file ps4-ll_unwindbound20.c line 27 function main
Unwinding loop 1  iteration  8   file ps4-ll_unwindbound20.c line 27 function main
Not unwinding 
Symex completed in: 0.006s (126 assignments)
Slicing time: 0.000s (removed 114 assignments)
Generated 1 VCC(s), 1 remaining after simplification (12 assignments)
No solver specified; defaulting to Boolector
Encoding remaining VCC(s) using bit-vector/floating-point arithmetic
Encoding to solver time: 0.001s
Solving with solver Boolector 3.2.1
Encoding to solver time: 0.001s
Runtime decision procedure: 0.005s
The forward condition is unable to prove the property
*** Checking base case, k = 11
Starting Bounded Model Checking
Unwinding loop 1  iteration  1   file ps4-ll_unwindbound20.c line 27 function main
Unwinding loop 1  iteration  2   file ps4-ll_unwindbound20.c line 27 function main
Unwinding loop 1  iteration  3   file ps4-ll_unwindbound20.c line 27 function main
Unwinding loop 1  iteration  4   file ps4-ll_unwindbound20.c line 27 function main
Unwinding loop 1  iteration  5   file ps4-ll_unwindbound20.c line 27 function main
Unwinding loop 1  iteration  6   file ps4-ll_unwindbound20.c line 27 function main
Unwinding loop 1  iteration  7   file ps4-ll_unwindbound20.c line 27 function main
Unwinding loop 1  iteration  8   file ps4-ll_unwindbound20.c line 27 function main
Unwinding loop 1  iteration  9   file ps4-ll_unwindbound20.c line 27 function main
Unwinding loop 1  iteration  10   file ps4-ll_unwindbound20.c line 27 function main
Not unwinding 
Symex completed in: 0.006s (152 assignments)
Slicing time: 0.001s (removed 112 assignments)
Generated 2 VCC(s), 2 remaining after simplification (40 assignments)
No solver specified; defaulting to Boolector
Encoding remaining VCC(s) using bit-vector/floating-point arithmetic
Encoding to solver time: 0.001s
Solving with solver Boolector 3.2.1
Encoding to solver time: 0.001s
Runtime decision procedure: 0.152s
BMC program time: 0.160s
No bug has been found in the base case
*** Checking forward condition, k = 11
Starting Bounded Model Checking
Unwinding loop 1  iteration  1   file ps4-ll_unwindbound20.c line 27 function main
Unwinding loop 1  iteration  2   file ps4-ll_unwindbound20.c line 27 function main
Unwinding loop 1  iteration  3   file ps4-ll_unwindbound20.c line 27 function main
Unwinding loop 1  iteration  4   file ps4-ll_unwindbound20.c line 27 function main
Unwinding loop 1  iteration  5   file ps4-ll_unwindbound20.c line 27 function main
Unwinding loop 1  iteration  6   file ps4-ll_unwindbound20.c line 27 function main
Unwinding loop 1  iteration  7   file ps4-ll_unwindbound20.c line 27 function main
Unwinding loop 1  iteration  8   file ps4-ll_unwindbound20.c line 27 function main
Unwinding loop 1  iteration  9   file ps4-ll_unwindbound20.c line 27 function main
Unwinding loop 1  iteration  10   file ps4-ll_unwindbound20.c line 27 function main
Not unwinding 
Symex completed in: 0.006s (150 assignments)
Slicing time: 0.001s (removed 136 assignments)
Generated 1 VCC(s), 1 remaining after simplification (14 assignments)
No solver specified; defaulting to Boolector
Encoding remaining VCC(s) using bit-vector/floating-point arithmetic
Encoding to solver time: 0.001s
Solving with solver Boolector 3.2.1
Encoding to solver time: 0.001s
Runtime decision procedure: 0.006s
The forward condition is unable to prove the property
*** Checking base case, k = 13
Starting Bounded Model Checking
Unwinding loop 1  iteration  1   file ps4-ll_unwindbound20.c line 27 function main
Unwinding loop 1  iteration  2   file ps4-ll_unwindbound20.c line 27 function main
Unwinding loop 1  iteration  3   file ps4-ll_unwindbound20.c line 27 function main
Unwinding loop 1  iteration  4   file ps4-ll_unwindbound20.c line 27 function main
Unwinding loop 1  iteration  5   file ps4-ll_unwindbound20.c line 27 function main
Unwinding loop 1  iteration  6   file ps4-ll_unwindbound20.c line 27 function main
Unwinding loop 1  iteration  7   file ps4-ll_unwindbound20.c line 27 function main
Unwinding loop 1  iteration  8   file ps4-ll_unwindbound20.c line 27 function main
Unwinding loop 1  iteration  9   file ps4-ll_unwindbound20.c line 27 function main
Unwinding loop 1  iteration  10   file ps4-ll_unwindbound20.c line 27 function main
Unwinding loop 1  iteration  11   file ps4-ll_unwindbound20.c line 27 function main
Unwinding loop 1  iteration  12   file ps4-ll_unwindbound20.c line 27 function main
Not unwinding 
Symex completed in: 0.008s (176 assignments)
Slicing time: 0.001s (removed 130 assignments)
Generated 2 VCC(s), 2 remaining after simplification (46 assignments)
No solver specified; defaulting to Boolector
Encoding remaining VCC(s) using bit-vector/floating-point arithmetic
Encoding to solver time: 0.001s
Solving with solver Boolector 3.2.1
Encoding to solver time: 0.001s
Runtime decision procedure: 0.149s
BMC program time: 0.159s
No bug has been found in the base case
*** Checking forward condition, k = 13
Starting Bounded Model Checking
Unwinding loop 1  iteration  1   file ps4-ll_unwindbound20.c line 27 function main
Unwinding loop 1  iteration  2   file ps4-ll_unwindbound20.c line 27 function main
Unwinding loop 1  iteration  3   file ps4-ll_unwindbound20.c line 27 function main
Unwinding loop 1  iteration  4   file ps4-ll_unwindbound20.c line 27 function main
Unwinding loop 1  iteration  5   file ps4-ll_unwindbound20.c line 27 function main
Unwinding loop 1  iteration  6   file ps4-ll_unwindbound20.c line 27 function main
Unwinding loop 1  iteration  7   file ps4-ll_unwindbound20.c line 27 function main
Unwinding loop 1  iteration  8   file ps4-ll_unwindbound20.c line 27 function main
Unwinding loop 1  iteration  9   file ps4-ll_unwindbound20.c line 27 function main
Unwinding loop 1  iteration  10   file ps4-ll_unwindbound20.c line 27 function main
Unwinding loop 1  iteration  11   file ps4-ll_unwindbound20.c line 27 function main
Unwinding loop 1  iteration  12   file ps4-ll_unwindbound20.c line 27 function main
Not unwinding 
Symex completed in: 0.007s (174 assignments)
Slicing time: 0.001s (removed 158 assignments)
Generated 1 VCC(s), 1 remaining after simplification (16 assignments)
No solver specified; defaulting to Boolector
Encoding remaining VCC(s) using bit-vector/floating-point arithmetic
Encoding to solver time: 0.001s
Solving with solver Boolector 3.2.1
Encoding to solver time: 0.001s
Runtime decision procedure: 0.005s
The forward condition is unable to prove the property
*** Checking base case, k = 15
Starting Bounded Model Checking
Unwinding loop 1  iteration  1   file ps4-ll_unwindbound20.c line 27 function main
Unwinding loop 1  iteration  2   file ps4-ll_unwindbound20.c line 27 function main
Unwinding loop 1  iteration  3   file ps4-ll_unwindbound20.c line 27 function main
Unwinding loop 1  iteration  4   file ps4-ll_unwindbound20.c line 27 function main
Unwinding loop 1  iteration  5   file ps4-ll_unwindbound20.c line 27 function main
Unwinding loop 1  iteration  6   file ps4-ll_unwindbound20.c line 27 function main
Unwinding loop 1  iteration  7   file ps4-ll_unwindbound20.c line 27 function main
Unwinding loop 1  iteration  8   file ps4-ll_unwindbound20.c line 27 function main
Unwinding loop 1  iteration  9   file ps4-ll_unwindbound20.c line 27 function main
Unwinding loop 1  iteration  10   file ps4-ll_unwindbound20.c line 27 function main
Unwinding loop 1  iteration  11   file ps4-ll_unwindbound20.c line 27 function main
Unwinding loop 1  iteration  12   file ps4-ll_unwindbound20.c line 27 function main
Unwinding loop 1  iteration  13   file ps4-ll_unwindbound20.c line 27 function main
Unwinding loop 1  iteration  14   file ps4-ll_unwindbound20.c line 27 function main
Not unwinding 
Symex completed in: 0.008s (200 assignments)
Slicing time: 0.001s (removed 148 assignments)
Generated 2 VCC(s), 2 remaining after simplification (52 assignments)
No solver specified; defaulting to Boolector
Encoding remaining VCC(s) using bit-vector/floating-point arithmetic
Encoding to solver time: 0.002s
Solving with solver Boolector 3.2.1
Encoding to solver time: 0.002s
Runtime decision procedure: 0.174s
BMC program time: 0.186s
No bug has been found in the base case
*** Checking forward condition, k = 15
Starting Bounded Model Checking
Unwinding loop 1  iteration  1   file ps4-ll_unwindbound20.c line 27 function main
Unwinding loop 1  iteration  2   file ps4-ll_unwindbound20.c line 27 function main
Unwinding loop 1  iteration  3   file ps4-ll_unwindbound20.c line 27 function main
Unwinding loop 1  iteration  4   file ps4-ll_unwindbound20.c line 27 function main
Unwinding loop 1  iteration  5   file ps4-ll_unwindbound20.c line 27 function main
Unwinding loop 1  iteration  6   file ps4-ll_unwindbound20.c line 27 function main
Unwinding loop 1  iteration  7   file ps4-ll_unwindbound20.c line 27 function main
Unwinding loop 1  iteration  8   file ps4-ll_unwindbound20.c line 27 function main
Unwinding loop 1  iteration  9   file ps4-ll_unwindbound20.c line 27 function main
Unwinding loop 1  iteration  10   file ps4-ll_unwindbound20.c line 27 function main
Unwinding loop 1  iteration  11   file ps4-ll_unwindbound20.c line 27 function main
Unwinding loop 1  iteration  12   file ps4-ll_unwindbound20.c line 27 function main
Unwinding loop 1  iteration  13   file ps4-ll_unwindbound20.c line 27 function main
Unwinding loop 1  iteration  14   file ps4-ll_unwindbound20.c line 27 function main
Not unwinding 
Symex completed in: 0.008s (198 assignments)
Slicing time: 0.001s (removed 180 assignments)
Generated 1 VCC(s), 1 remaining after simplification (18 assignments)
No solver specified; defaulting to Boolector
Encoding remaining VCC(s) using bit-vector/floating-point arithmetic
Encoding to solver time: 0.001s
Solving with solver Boolector 3.2.1
Encoding to solver time: 0.001s
Runtime decision procedure: 0.006s
The forward condition is unable to prove the property
*** Checking base case, k = 17
Starting Bounded Model Checking
Unwinding loop 1  iteration  1   file ps4-ll_unwindbound20.c line 27 function main
Unwinding loop 1  iteration  2   file ps4-ll_unwindbound20.c line 27 function main
Unwinding loop 1  iteration  3   file ps4-ll_unwindbound20.c line 27 function main
Unwinding loop 1  iteration  4   file ps4-ll_unwindbound20.c line 27 function main
Unwinding loop 1  iteration  5   file ps4-ll_unwindbound20.c line 27 function main
Unwinding loop 1  iteration  6   file ps4-ll_unwindbound20.c line 27 function main
Unwinding loop 1  iteration  7   file ps4-ll_unwindbound20.c line 27 function main
Unwinding loop 1  iteration  8   file ps4-ll_unwindbound20.c line 27 function main
Unwinding loop 1  iteration  9   file ps4-ll_unwindbound20.c line 27 function main
Unwinding loop 1  iteration  10   file ps4-ll_unwindbound20.c line 27 function main
Unwinding loop 1  iteration  11   file ps4-ll_unwindbound20.c line 27 function main
Unwinding loop 1  iteration  12   file ps4-ll_unwindbound20.c line 27 function main
Unwinding loop 1  iteration  13   file ps4-ll_unwindbound20.c line 27 function main
Unwinding loop 1  iteration  14   file ps4-ll_unwindbound20.c line 27 function main
Unwinding loop 1  iteration  15   file ps4-ll_unwindbound20.c line 27 function main
Unwinding loop 1  iteration  16   file ps4-ll_unwindbound20.c line 27 function main
Not unwinding 
Symex completed in: 0.010s (224 assignments)
Slicing time: 0.001s (removed 166 assignments)
Generated 2 VCC(s), 2 remaining after simplification (58 assignments)
No solver specified; defaulting to Boolector
Encoding remaining VCC(s) using bit-vector/floating-point arithmetic
Encoding to solver time: 0.001s
Solving with solver Boolector 3.2.1
Encoding to solver time: 0.001s
Runtime decision procedure: 0.208s
BMC program time: 0.221s
No bug has been found in the base case
*** Checking forward condition, k = 17
Starting Bounded Model Checking
Unwinding loop 1  iteration  1   file ps4-ll_unwindbound20.c line 27 function main
Unwinding loop 1  iteration  2   file ps4-ll_unwindbound20.c line 27 function main
Unwinding loop 1  iteration  3   file ps4-ll_unwindbound20.c line 27 function main
Unwinding loop 1  iteration  4   file ps4-ll_unwindbound20.c line 27 function main
Unwinding loop 1  iteration  5   file ps4-ll_unwindbound20.c line 27 function main
Unwinding loop 1  iteration  6   file ps4-ll_unwindbound20.c line 27 function main
Unwinding loop 1  iteration  7   file ps4-ll_unwindbound20.c line 27 function main
Unwinding loop 1  iteration  8   file ps4-ll_unwindbound20.c line 27 function main
Unwinding loop 1  iteration  9   file ps4-ll_unwindbound20.c line 27 function main
Unwinding loop 1  iteration  10   file ps4-ll_unwindbound20.c line 27 function main
Unwinding loop 1  iteration  11   file ps4-ll_unwindbound20.c line 27 function main
Unwinding loop 1  iteration  12   file ps4-ll_unwindbound20.c line 27 function main
Unwinding loop 1  iteration  13   file ps4-ll_unwindbound20.c line 27 function main
Unwinding loop 1  iteration  14   file ps4-ll_unwindbound20.c line 27 function main
Unwinding loop 1  iteration  15   file ps4-ll_unwindbound20.c line 27 function main
Unwinding loop 1  iteration  16   file ps4-ll_unwindbound20.c line 27 function main
Not unwinding 
Symex completed in: 0.009s (222 assignments)
Slicing time: 0.001s (removed 202 assignments)
Generated 1 VCC(s), 1 remaining after simplification (20 assignments)
No solver specified; defaulting to Boolector
Encoding remaining VCC(s) using bit-vector/floating-point arithmetic
Encoding to solver time: 0.001s
Solving with solver Boolector 3.2.1
Encoding to solver time: 0.001s
Runtime decision procedure: 0.008s
The forward condition is unable to prove the property
*** Checking base case, k = 19
Starting Bounded Model Checking
Unwinding loop 1  iteration  1   file ps4-ll_unwindbound20.c line 27 function main
Unwinding loop 1  iteration  2   file ps4-ll_unwindbound20.c line 27 function main
Unwinding loop 1  iteration  3   file ps4-ll_unwindbound20.c line 27 function main
Unwinding loop 1  iteration  4   file ps4-ll_unwindbound20.c line 27 function main
Unwinding loop 1  iteration  5   file ps4-ll_unwindbound20.c line 27 function main
Unwinding loop 1  iteration  6   file ps4-ll_unwindbound20.c line 27 function main
Unwinding loop 1  iteration  7   file ps4-ll_unwindbound20.c line 27 function main
Unwinding loop 1  iteration  8   file ps4-ll_unwindbound20.c line 27 function main
Unwinding loop 1  iteration  9   file ps4-ll_unwindbound20.c line 27 function main
Unwinding loop 1  iteration  10   file ps4-ll_unwindbound20.c line 27 function main
Unwinding loop 1  iteration  11   file ps4-ll_unwindbound20.c line 27 function main
Unwinding loop 1  iteration  12   file ps4-ll_unwindbound20.c line 27 function main
Unwinding loop 1  iteration  13   file ps4-ll_unwindbound20.c line 27 function main
Unwinding loop 1  iteration  14   file ps4-ll_unwindbound20.c line 27 function main
Unwinding loop 1  iteration  15   file ps4-ll_unwindbound20.c line 27 function main
Unwinding loop 1  iteration  16   file ps4-ll_unwindbound20.c line 27 function main
Unwinding loop 1  iteration  17   file ps4-ll_unwindbound20.c line 27 function main
Unwinding loop 1  iteration  18   file ps4-ll_unwindbound20.c line 27 function main
Not unwinding 
Symex completed in: 0.011s (248 assignments)
Slicing time: 0.001s (removed 184 assignments)
Generated 2 VCC(s), 2 remaining after simplification (64 assignments)
No solver specified; defaulting to Boolector
Encoding remaining VCC(s) using bit-vector/floating-point arithmetic
Encoding to solver time: 0.001s
Solving with solver Boolector 3.2.1
Encoding to solver time: 0.001s
Runtime decision procedure: 0.217s
BMC program time: 0.231s
No bug has been found in the base case
*** Checking forward condition, k = 19
Starting Bounded Model Checking
Unwinding loop 1  iteration  1   file ps4-ll_unwindbound20.c line 27 function main
Unwinding loop 1  iteration  2   file ps4-ll_unwindbound20.c line 27 function main
Unwinding loop 1  iteration  3   file ps4-ll_unwindbound20.c line 27 function main
Unwinding loop 1  iteration  4   file ps4-ll_unwindbound20.c line 27 function main
Unwinding loop 1  iteration  5   file ps4-ll_unwindbound20.c line 27 function main
Unwinding loop 1  iteration  6   file ps4-ll_unwindbound20.c line 27 function main
Unwinding loop 1  iteration  7   file ps4-ll_unwindbound20.c line 27 function main
Unwinding loop 1  iteration  8   file ps4-ll_unwindbound20.c line 27 function main
Unwinding loop 1  iteration  9   file ps4-ll_unwindbound20.c line 27 function main
Unwinding loop 1  iteration  10   file ps4-ll_unwindbound20.c line 27 function main
Unwinding loop 1  iteration  11   file ps4-ll_unwindbound20.c line 27 function main
Unwinding loop 1  iteration  12   file ps4-ll_unwindbound20.c line 27 function main
Unwinding loop 1  iteration  13   file ps4-ll_unwindbound20.c line 27 function main
Unwinding loop 1  iteration  14   file ps4-ll_unwindbound20.c line 27 function main
Unwinding loop 1  iteration  15   file ps4-ll_unwindbound20.c line 27 function main
Unwinding loop 1  iteration  16   file ps4-ll_unwindbound20.c line 27 function main
Unwinding loop 1  iteration  17   file ps4-ll_unwindbound20.c line 27 function main
Unwinding loop 1  iteration  18   file ps4-ll_unwindbound20.c line 27 function main
Not unwinding 
Symex completed in: 0.010s (246 assignments)
Slicing time: 0.001s (removed 224 assignments)
Generated 1 VCC(s), 1 remaining after simplification (22 assignments)
No solver specified; defaulting to Boolector
Encoding remaining VCC(s) using bit-vector/floating-point arithmetic
Encoding to solver time: 0.000s
Solving with solver Boolector 3.2.1
Encoding to solver time: 0.000s
Runtime decision procedure: 0.010s
The forward condition is unable to prove the property
*** Checking base case, k = 21
Starting Bounded Model Checking
Unwinding loop 1  iteration  1   file ps4-ll_unwindbound20.c line 27 function main
Unwinding loop 1  iteration  2   file ps4-ll_unwindbound20.c line 27 function main
Unwinding loop 1  iteration  3   file ps4-ll_unwindbound20.c line 27 function main
Unwinding loop 1  iteration  4   file ps4-ll_unwindbound20.c line 27 function main
Unwinding loop 1  iteration  5   file ps4-ll_unwindbound20.c line 27 function main
Unwinding loop 1  iteration  6   file ps4-ll_unwindbound20.c line 27 function main
Unwinding loop 1  iteration  7   file ps4-ll_unwindbound20.c line 27 function main
Unwinding loop 1  iteration  8   file ps4-ll_unwindbound20.c line 27 function main
Unwinding loop 1  iteration  9   file ps4-ll_unwindbound20.c line 27 function main
Unwinding loop 1  iteration  10   file ps4-ll_unwindbound20.c line 27 function main
Unwinding loop 1  iteration  11   file ps4-ll_unwindbound20.c line 27 function main
Unwinding loop 1  iteration  12   file ps4-ll_unwindbound20.c line 27 function main
Unwinding loop 1  iteration  13   file ps4-ll_unwindbound20.c line 27 function main
Unwinding loop 1  iteration  14   file ps4-ll_unwindbound20.c line 27 function main
Unwinding loop 1  iteration  15   file ps4-ll_unwindbound20.c line 27 function main
Unwinding loop 1  iteration  16   file ps4-ll_unwindbound20.c line 27 function main
Unwinding loop 1  iteration  17   file ps4-ll_unwindbound20.c line 27 function main
Unwinding loop 1  iteration  18   file ps4-ll_unwindbound20.c line 27 function main
Unwinding loop 1  iteration  19   file ps4-ll_unwindbound20.c line 27 function main
Unwinding loop 1  iteration  20   file ps4-ll_unwindbound20.c line 27 function main
Symex completed in: 0.011s (263 assignments)
Slicing time: 0.001s (removed 195 assignments)
Generated 2 VCC(s), 2 remaining after simplification (68 assignments)
No solver specified; defaulting to Boolector
Encoding remaining VCC(s) using bit-vector/floating-point arithmetic
Encoding to solver time: 0.001s
Solving with solver Boolector 3.2.1
Encoding to solver time: 0.001s
Runtime decision procedure: 0.250s
Building error trace

Counterexample:

State 1 file ps4-ll_unwindbound20.c line 21 function main thread 0
----------------------------------------------------
  k = 16399 (01000000 00001111)

State 2 file ps4-ll_unwindbound20.c line 3 function reach_error thread 0
----------------------------------------------------
Violated property:
  file ps4-ll_unwindbound20.c line 3 function reach_error
  assertion 0
  0


VERIFICATION FAILED

Bug found (k = 21)


FALSE_REACH
