./esbmc-wrapper.py -p ../sv-benchmarks/c/properties/unreach-call.prp -s kinduction --arch 64 ../sv-benchmarks/c/ldv-linux-3.4-simple/43_1a_cilled_ok_nondet_linux-43_1a-drivers--net--ppp--bsd_comp.ko-ldv_main0_sequence_infinite_withcheck_stateful.cil.out.i


--------------------------------------------------------------------------------


Verifying with ESBMC
Command: ./esbmc --no-div-by-zero-check --force-malloc-success --state-hashing --no-align-check --k-step 2 --floatbv --unlimited-k-steps ../sv-benchmarks/c/ldv-linux-3.4-simple/43_1a_cilled_ok_nondet_linux-43_1a-drivers--net--ppp--bsd_comp.ko-ldv_main0_sequence_infinite_withcheck_stateful.cil.out.i --64 --witness-output 43_1a_cilled_ok_nondet_linux-43_1a-drivers--net--ppp--bsd_comp.ko-ldv_main0_sequence_infinite_withcheck_stateful.cil.out.i.graphml --no-pointer-check --no-bounds-check --interval-analysis --k-induction --max-inductive-step 3 
ESBMC version 6.8.0 64-bit x86_64 linux
Target: 64-bit little-endian x86_64-unknown-linux with esbmc libc
file ../sv-benchmarks/c/ldv-linux-3.4-simple/43_1a_cilled_ok_nondet_linux-43_1a-drivers--net--ppp--bsd_comp.ko-ldv_main0_sequence_infinite_withcheck_stateful.cil.out.i: Parsing
Converting
Generating GOTO Program
GOTO program creation time: 0.251s
GOTO program processing time: 0.087s
*** Checking base case, k = 1
Starting Bounded Model Checking
Not unwinding 
Symex completed in: 0.002s (27 assignments)
Slicing time: 0.000s (removed 18 assignments)
Generated 0 VCC(s), 0 remaining after simplification (9 assignments)
BMC program time: 0.002s
No bug has been found in the base case
*** Checking forward condition, k = 1
Starting Bounded Model Checking
Not unwinding 
Symex completed in: 0.001s (27 assignments)
Slicing time: 0.000s (removed 18 assignments)
Generated 1 VCC(s), 1 remaining after simplification (9 assignments)
No solver specified; defaulting to Boolector
Encoding remaining VCC(s) using bit-vector/floating-point arithmetic
Encoding to solver time: 0.000s
Solving with solver Boolector 3.2.1
Encoding to solver time: 0.000s
Runtime decision procedure: 0.001s
The forward condition is unable to prove the property
*** Checking base case, k = 3
Starting Bounded Model Checking
Unwinding loop 11  iteration  1   file 43_1a_cilled_ok_nondet_linux-43_1a-drivers--net--ppp--bsd_comp.ko-ldv_main0_sequence_infinite_withcheck_stateful.cil.out.i line 3081 function main
Unwinding loop 12  iteration  1   file string.c line 272 function __memset_impl
Unwinding loop 12  iteration  2   file string.c line 272 function __memset_impl
Not unwinding 
Unwinding loop 2  iteration  1   file 43_1a_cilled_ok_nondet_linux-43_1a-drivers--net--ppp--bsd_comp.ko-ldv_main0_sequence_infinite_withcheck_stateful.cil.out.i line 1333 function bsd_init
Unwinding loop 2  iteration  2   file 43_1a_cilled_ok_nondet_linux-43_1a-drivers--net--ppp--bsd_comp.ko-ldv_main0_sequence_infinite_withcheck_stateful.cil.out.i line 1333 function bsd_init
Not unwinding 
Unwinding loop 5  iteration  1   file 43_1a_cilled_ok_nondet_linux-43_1a-drivers--net--ppp--bsd_comp.ko-ldv_main0_sequence_infinite_withcheck_stateful.cil.out.i line 1927 function bsd_compress
Unwinding loop 3  iteration  1   file 43_1a_cilled_ok_nondet_linux-43_1a-drivers--net--ppp--bsd_comp.ko-ldv_main0_sequence_infinite_withcheck_stateful.cil.out.i line 1795 function bsd_compress
Unwinding loop 3  iteration  2   file 43_1a_cilled_ok_nondet_linux-43_1a-drivers--net--ppp--bsd_comp.ko-ldv_main0_sequence_infinite_withcheck_stateful.cil.out.i line 1795 function bsd_compress
Not unwinding 
Unwinding loop 4  iteration  1   file 43_1a_cilled_ok_nondet_linux-43_1a-drivers--net--ppp--bsd_comp.ko-ldv_main0_sequence_infinite_withcheck_stateful.cil.out.i line 1834 function bsd_compress
Unwinding loop 4  iteration  2   file 43_1a_cilled_ok_nondet_linux-43_1a-drivers--net--ppp--bsd_comp.ko-ldv_main0_sequence_infinite_withcheck_stateful.cil.out.i line 1834 function bsd_compress
Not unwinding 
Unwinding loop 5  iteration  2   file 43_1a_cilled_ok_nondet_linux-43_1a-drivers--net--ppp--bsd_comp.ko-ldv_main0_sequence_infinite_withcheck_stateful.cil.out.i line 1927 function bsd_compress
Unwinding loop 3  iteration  1   file 43_1a_cilled_ok_nondet_linux-43_1a-drivers--net--ppp--bsd_comp.ko-ldv_main0_sequence_infinite_withcheck_stateful.cil.out.i line 1795 function bsd_compress
Unwinding loop 3  iteration  2   file 43_1a_cilled_ok_nondet_linux-43_1a-drivers--net--ppp--bsd_comp.ko-ldv_main0_sequence_infinite_withcheck_stateful.cil.out.i line 1795 function bsd_compress
Not unwinding 
Unwinding loop 4  iteration  1   file 43_1a_cilled_ok_nondet_linux-43_1a-drivers--net--ppp--bsd_comp.ko-ldv_main0_sequence_infinite_withcheck_stateful.cil.out.i line 1834 function bsd_compress
Unwinding loop 4  iteration  2   file 43_1a_cilled_ok_nondet_linux-43_1a-drivers--net--ppp--bsd_comp.ko-ldv_main0_sequence_infinite_withcheck_stateful.cil.out.i line 1834 function bsd_compress
Not unwinding 
Not unwinding 
Unwinding loop 6  iteration  1   file 43_1a_cilled_ok_nondet_linux-43_1a-drivers--net--ppp--bsd_comp.ko-ldv_main0_sequence_infinite_withcheck_stateful.cil.out.i line 1958 function bsd_compress
Unwinding loop 6  iteration  2   file 43_1a_cilled_ok_nondet_linux-43_1a-drivers--net--ppp--bsd_comp.ko-ldv_main0_sequence_infinite_withcheck_stateful.cil.out.i line 1958 function bsd_compress
Not unwinding 
Unwinding loop 7  iteration  1   file 43_1a_cilled_ok_nondet_linux-43_1a-drivers--net--ppp--bsd_comp.ko-ldv_main0_sequence_infinite_withcheck_stateful.cil.out.i line 2038 function bsd_compress
Unwinding loop 7  iteration  2   file 43_1a_cilled_ok_nondet_linux-43_1a-drivers--net--ppp--bsd_comp.ko-ldv_main0_sequence_infinite_withcheck_stateful.cil.out.i line 2038 function bsd_compress
Not unwinding 
Unwinding loop 12  iteration  1   file string.c line 272 function __memset_impl
Unwinding loop 12  iteration  2   file string.c line 272 function __memset_impl
Not unwinding 
Unwinding loop 1  iteration  1   file 43_1a_cilled_ok_nondet_linux-43_1a-drivers--net--ppp--bsd_comp.ko-ldv_main0_sequence_infinite_withcheck_stateful.cil.out.i line 1300 function bsd_init
Unwinding loop 1  iteration  2   file 43_1a_cilled_ok_nondet_linux-43_1a-drivers--net--ppp--bsd_comp.ko-ldv_main0_sequence_infinite_withcheck_stateful.cil.out.i line 1300 function bsd_init
Not unwinding 
Unwinding loop 8  iteration  1   file 43_1a_cilled_ok_nondet_linux-43_1a-drivers--net--ppp--bsd_comp.ko-ldv_main0_sequence_infinite_withcheck_stateful.cil.out.i line 2667 function bsd_decompress
Unwinding loop 8  iteration  2   file 43_1a_cilled_ok_nondet_linux-43_1a-drivers--net--ppp--bsd_comp.ko-ldv_main0_sequence_infinite_withcheck_stateful.cil.out.i line 2667 function bsd_decompress
Not unwinding 
Unwinding loop 10  iteration  1   file 43_1a_cilled_ok_nondet_linux-43_1a-drivers--net--ppp--bsd_comp.ko-ldv_main0_sequence_infinite_withcheck_stateful.cil.out.i line 2833 function bsd_decompress
Unwinding loop 8  iteration  1   file 43_1a_cilled_ok_nondet_linux-43_1a-drivers--net--ppp--bsd_comp.ko-ldv_main0_sequence_infinite_withcheck_stateful.cil.out.i line 2667 function bsd_decompress
Unwinding loop 8  iteration  2   file 43_1a_cilled_ok_nondet_linux-43_1a-drivers--net--ppp--bsd_comp.ko-ldv_main0_sequence_infinite_withcheck_stateful.cil.out.i line 2667 function bsd_decompress
Not unwinding 
Unwinding loop 9  iteration  1   file 43_1a_cilled_ok_nondet_linux-43_1a-drivers--net--ppp--bsd_comp.ko-ldv_main0_sequence_infinite_withcheck_stateful.cil.out.i line 2743 function bsd_decompress
Unwinding loop 9  iteration  2   file 43_1a_cilled_ok_nondet_linux-43_1a-drivers--net--ppp--bsd_comp.ko-ldv_main0_sequence_infinite_withcheck_stateful.cil.out.i line 2743 function bsd_decompress
Not unwinding 
Unwinding loop 10  iteration  2   file 43_1a_cilled_ok_nondet_linux-43_1a-drivers--net--ppp--bsd_comp.ko-ldv_main0_sequence_infinite_withcheck_stateful.cil.out.i line 2833 function bsd_decompress
Unwinding loop 8  iteration  1   file 43_1a_cilled_ok_nondet_linux-43_1a-drivers--net--ppp--bsd_comp.ko-ldv_main0_sequence_infinite_withcheck_stateful.cil.out.i line 2667 function bsd_decompress
Unwinding loop 8  iteration  2   file 43_1a_cilled_ok_nondet_linux-43_1a-drivers--net--ppp--bsd_comp.ko-ldv_main0_sequence_infinite_withcheck_stateful.cil.out.i line 2667 function bsd_decompress
Not unwinding 
Unwinding loop 9  iteration  1   file 43_1a_cilled_ok_nondet_linux-43_1a-drivers--net--ppp--bsd_comp.ko-ldv_main0_sequence_infinite_withcheck_stateful.cil.out.i line 2743 function bsd_decompress
Unwinding loop 9  iteration  2   file 43_1a_cilled_ok_nondet_linux-43_1a-drivers--net--ppp--bsd_comp.ko-ldv_main0_sequence_infinite_withcheck_stateful.cil.out.i line 2743 function bsd_decompress
Not unwinding 
Not unwinding 
Unwinding loop 5  iteration  1   file 43_1a_cilled_ok_nondet_linux-43_1a-drivers--net--ppp--bsd_comp.ko-ldv_main0_sequence_infinite_withcheck_stateful.cil.out.i line 1927 function bsd_compress
Unwinding loop 3  iteration  1   file 43_1a_cilled_ok_nondet_linux-43_1a-drivers--net--ppp--bsd_comp.ko-ldv_main0_sequence_infinite_withcheck_stateful.cil.out.i line 1795 function bsd_compress
Unwinding loop 3  iteration  2   file 43_1a_cilled_ok_nondet_linux-43_1a-drivers--net--ppp--bsd_comp.ko-ldv_main0_sequence_infinite_withcheck_stateful.cil.out.i line 1795 function bsd_compress
Not unwinding 
Unwinding loop 4  iteration  1   file 43_1a_cilled_ok_nondet_linux-43_1a-drivers--net--ppp--bsd_comp.ko-ldv_main0_sequence_infinite_withcheck_stateful.cil.out.i line 1834 function bsd_compress
Unwinding loop 4  iteration  2   file 43_1a_cilled_ok_nondet_linux-43_1a-drivers--net--ppp--bsd_comp.ko-ldv_main0_sequence_infinite_withcheck_stateful.cil.out.i line 1834 function bsd_compress
Not unwinding 
Unwinding loop 5  iteration  2   file 43_1a_cilled_ok_nondet_linux-43_1a-drivers--net--ppp--bsd_comp.ko-ldv_main0_sequence_infinite_withcheck_stateful.cil.out.i line 1927 function bsd_compress
Unwinding loop 3  iteration  1   file 43_1a_cilled_ok_nondet_linux-43_1a-drivers--net--ppp--bsd_comp.ko-ldv_main0_sequence_infinite_withcheck_stateful.cil.out.i line 1795 function bsd_compress
Unwinding loop 3  iteration  2   file 43_1a_cilled_ok_nondet_linux-43_1a-drivers--net--ppp--bsd_comp.ko-ldv_main0_sequence_infinite_withcheck_stateful.cil.out.i line 1795 function bsd_compress
Not unwinding 
Unwinding loop 4  iteration  1   file 43_1a_cilled_ok_nondet_linux-43_1a-drivers--net--ppp--bsd_comp.ko-ldv_main0_sequence_infinite_withcheck_stateful.cil.out.i line 1834 function bsd_compress
Unwinding loop 4  iteration  2   file 43_1a_cilled_ok_nondet_linux-43_1a-drivers--net--ppp--bsd_comp.ko-ldv_main0_sequence_infinite_withcheck_stateful.cil.out.i line 1834 function bsd_compress
Not unwinding 
Not unwinding 
Unwinding loop 6  iteration  1   file 43_1a_cilled_ok_nondet_linux-43_1a-drivers--net--ppp--bsd_comp.ko-ldv_main0_sequence_infinite_withcheck_stateful.cil.out.i line 1958 function bsd_compress
Unwinding loop 6  iteration  2   file 43_1a_cilled_ok_nondet_linux-43_1a-drivers--net--ppp--bsd_comp.ko-ldv_main0_sequence_infinite_withcheck_stateful.cil.out.i line 1958 function bsd_compress
Not unwinding 
Unwinding loop 7  iteration  1   file 43_1a_cilled_ok_nondet_linux-43_1a-drivers--net--ppp--bsd_comp.ko-ldv_main0_sequence_infinite_withcheck_stateful.cil.out.i line 2038 function bsd_compress
Unwinding loop 7  iteration  2   file 43_1a_cilled_ok_nondet_linux-43_1a-drivers--net--ppp--bsd_comp.ko-ldv_main0_sequence_infinite_withcheck_stateful.cil.out.i line 2038 function bsd_compress
Not unwinding 
Unwinding loop 11  iteration  2   file 43_1a_cilled_ok_nondet_linux-43_1a-drivers--net--ppp--bsd_comp.ko-ldv_main0_sequence_infinite_withcheck_stateful.cil.out.i line 3081 function main
Unwinding loop 12  iteration  1   file string.c line 272 function __memset_impl
Unwinding loop 12  iteration  2   file string.c line 272 function __memset_impl
Not unwinding 
Unwinding loop 2  iteration  1   file 43_1a_cilled_ok_nondet_linux-43_1a-drivers--net--ppp--bsd_comp.ko-ldv_main0_sequence_infinite_withcheck_stateful.cil.out.i line 1333 function bsd_init
Unwinding loop 2  iteration  2   file 43_1a_cilled_ok_nondet_linux-43_1a-drivers--net--ppp--bsd_comp.ko-ldv_main0_sequence_infinite_withcheck_stateful.cil.out.i line 1333 function bsd_init
Not unwinding 
Unwinding loop 5  iteration  1   file 43_1a_cilled_ok_nondet_linux-43_1a-drivers--net--ppp--bsd_comp.ko-ldv_main0_sequence_infinite_withcheck_stateful.cil.out.i line 1927 function bsd_compress
Unwinding loop 3  iteration  1   file 43_1a_cilled_ok_nondet_linux-43_1a-drivers--net--ppp--bsd_comp.ko-ldv_main0_sequence_infinite_withcheck_stateful.cil.out.i line 1795 function bsd_compress
Unwinding loop 3  iteration  2   file 43_1a_cilled_ok_nondet_linux-43_1a-drivers--net--ppp--bsd_comp.ko-ldv_main0_sequence_infinite_withcheck_stateful.cil.out.i line 1795 function bsd_compress
Not unwinding 
Unwinding loop 4  iteration  1   file 43_1a_cilled_ok_nondet_linux-43_1a-drivers--net--ppp--bsd_comp.ko-ldv_main0_sequence_infinite_withcheck_stateful.cil.out.i line 1834 function bsd_compress
Unwinding loop 4  iteration  2   file 43_1a_cilled_ok_nondet_linux-43_1a-drivers--net--ppp--bsd_comp.ko-ldv_main0_sequence_infinite_withcheck_stateful.cil.out.i line 1834 function bsd_compress
Not unwinding 
Unwinding loop 5  iteration  2   file 43_1a_cilled_ok_nondet_linux-43_1a-drivers--net--ppp--bsd_comp.ko-ldv_main0_sequence_infinite_withcheck_stateful.cil.out.i line 1927 function bsd_compress
Unwinding loop 3  iteration  1   file 43_1a_cilled_ok_nondet_linux-43_1a-drivers--net--ppp--bsd_comp.ko-ldv_main0_sequence_infinite_withcheck_stateful.cil.out.i line 1795 function bsd_compress
Unwinding loop 3  iteration  2   file 43_1a_cilled_ok_nondet_linux-43_1a-drivers--net--ppp--bsd_comp.ko-ldv_main0_sequence_infinite_withcheck_stateful.cil.out.i line 1795 function bsd_compress
Not unwinding 
Unwinding loop 4  iteration  1   file 43_1a_cilled_ok_nondet_linux-43_1a-drivers--net--ppp--bsd_comp.ko-ldv_main0_sequence_infinite_withcheck_stateful.cil.out.i line 1834 function bsd_compress
Unwinding loop 4  iteration  2   file 43_1a_cilled_ok_nondet_linux-43_1a-drivers--net--ppp--bsd_comp.ko-ldv_main0_sequence_infinite_withcheck_stateful.cil.out.i line 1834 function bsd_compress
Not unwinding 
Not unwinding 
Unwinding loop 6  iteration  1   file 43_1a_cilled_ok_nondet_linux-43_1a-drivers--net--ppp--bsd_comp.ko-ldv_main0_sequence_infinite_withcheck_stateful.cil.out.i line 1958 function bsd_compress
Unwinding loop 6  iteration  2   file 43_1a_cilled_ok_nondet_linux-43_1a-drivers--net--ppp--bsd_comp.ko-ldv_main0_sequence_infinite_withcheck_stateful.cil.out.i line 1958 function bsd_compress
Not unwinding 
Unwinding loop 7  iteration  1   file 43_1a_cilled_ok_nondet_linux-43_1a-drivers--net--ppp--bsd_comp.ko-ldv_main0_sequence_infinite_withcheck_stateful.cil.out.i line 2038 function bsd_compress
Unwinding loop 7  iteration  2   file 43_1a_cilled_ok_nondet_linux-43_1a-drivers--net--ppp--bsd_comp.ko-ldv_main0_sequence_infinite_withcheck_stateful.cil.out.i line 2038 function bsd_compress
Not unwinding 
Unwinding loop 12  iteration  1   file string.c line 272 function __memset_impl
Unwinding loop 12  iteration  2   file string.c line 272 function __memset_impl
Not unwinding 
Unwinding loop 1  iteration  1   file 43_1a_cilled_ok_nondet_linux-43_1a-drivers--net--ppp--bsd_comp.ko-ldv_main0_sequence_infinite_withcheck_stateful.cil.out.i line 1300 function bsd_init
Unwinding loop 1  iteration  2   file 43_1a_cilled_ok_nondet_linux-43_1a-drivers--net--ppp--bsd_comp.ko-ldv_main0_sequence_infinite_withcheck_stateful.cil.out.i line 1300 function bsd_init
Not unwinding 
Unwinding loop 8  iteration  1   file 43_1a_cilled_ok_nondet_linux-43_1a-drivers--net--ppp--bsd_comp.ko-ldv_main0_sequence_infinite_withcheck_stateful.cil.out.i line 2667 function bsd_decompress
Unwinding loop 8  iteration  2   file 43_1a_cilled_ok_nondet_linux-43_1a-drivers--net--ppp--bsd_comp.ko-ldv_main0_sequence_infinite_withcheck_stateful.cil.out.i line 2667 function bsd_decompress
Not unwinding 
Unwinding loop 10  iteration  1   file 43_1a_cilled_ok_nondet_linux-43_1a-drivers--net--ppp--bsd_comp.ko-ldv_main0_sequence_infinite_withcheck_stateful.cil.out.i line 2833 function bsd_decompress
Unwinding loop 8  iteration  1   file 43_1a_cilled_ok_nondet_linux-43_1a-drivers--net--ppp--bsd_comp.ko-ldv_main0_sequence_infinite_withcheck_stateful.cil.out.i line 2667 function bsd_decompress
Unwinding loop 8  iteration  2   file 43_1a_cilled_ok_nondet_linux-43_1a-drivers--net--ppp--bsd_comp.ko-ldv_main0_sequence_infinite_withcheck_stateful.cil.out.i line 2667 function bsd_decompress
Not unwinding 
Unwinding loop 9  iteration  1   file 43_1a_cilled_ok_nondet_linux-43_1a-drivers--net--ppp--bsd_comp.ko-ldv_main0_sequence_infinite_withcheck_stateful.cil.out.i line 2743 function bsd_decompress
Unwinding loop 9  iteration  2   file 43_1a_cilled_ok_nondet_linux-43_1a-drivers--net--ppp--bsd_comp.ko-ldv_main0_sequence_infinite_withcheck_stateful.cil.out.i line 2743 function bsd_decompress
Not unwinding 
Unwinding loop 10  iteration  2   file 43_1a_cilled_ok_nondet_linux-43_1a-drivers--net--ppp--bsd_comp.ko-ldv_main0_sequence_infinite_withcheck_stateful.cil.out.i line 2833 function bsd_decompress
Unwinding loop 8  iteration  1   file 43_1a_cilled_ok_nondet_linux-43_1a-drivers--net--ppp--bsd_comp.ko-ldv_main0_sequence_infinite_withcheck_stateful.cil.out.i line 2667 function bsd_decompress
Unwinding loop 8  iteration  2   file 43_1a_cilled_ok_nondet_linux-43_1a-drivers--net--ppp--bsd_comp.ko-ldv_main0_sequence_infinite_withcheck_stateful.cil.out.i line 2667 function bsd_decompress
Not unwinding 
Unwinding loop 9  iteration  1   file 43_1a_cilled_ok_nondet_linux-43_1a-drivers--net--ppp--bsd_comp.ko-ldv_main0_sequence_infinite_withcheck_stateful.cil.out.i line 2743 function bsd_decompress
Unwinding loop 9  iteration  2   file 43_1a_cilled_ok_nondet_linux-43_1a-drivers--net--ppp--bsd_comp.ko-ldv_main0_sequence_infinite_withcheck_stateful.cil.out.i line 2743 function bsd_decompress
Not unwinding 
Not unwinding 
Unwinding loop 5  iteration  1   file 43_1a_cilled_ok_nondet_linux-43_1a-drivers--net--ppp--bsd_comp.ko-ldv_main0_sequence_infinite_withcheck_stateful.cil.out.i line 1927 function bsd_compress
Unwinding loop 3  iteration  1   file 43_1a_cilled_ok_nondet_linux-43_1a-drivers--net--ppp--bsd_comp.ko-ldv_main0_sequence_infinite_withcheck_stateful.cil.out.i line 1795 function bsd_compress
Unwinding loop 3  iteration  2   file 43_1a_cilled_ok_nondet_linux-43_1a-drivers--net--ppp--bsd_comp.ko-ldv_main0_sequence_infinite_withcheck_stateful.cil.out.i line 1795 function bsd_compress
Not unwinding 
Unwinding loop 4  iteration  1   file 43_1a_cilled_ok_nondet_linux-43_1a-drivers--net--ppp--bsd_comp.ko-ldv_main0_sequence_infinite_withcheck_stateful.cil.out.i line 1834 function bsd_compress
Unwinding loop 4  iteration  2   file 43_1a_cilled_ok_nondet_linux-43_1a-drivers--net--ppp--bsd_comp.ko-ldv_main0_sequence_infinite_withcheck_stateful.cil.out.i line 1834 function bsd_compress
Not unwinding 
Unwinding loop 5  iteration  2   file 43_1a_cilled_ok_nondet_linux-43_1a-drivers--net--ppp--bsd_comp.ko-ldv_main0_sequence_infinite_withcheck_stateful.cil.out.i line 1927 function bsd_compress
Unwinding loop 3  iteration  1   file 43_1a_cilled_ok_nondet_linux-43_1a-drivers--net--ppp--bsd_comp.ko-ldv_main0_sequence_infinite_withcheck_stateful.cil.out.i line 1795 function bsd_compress
Unwinding loop 3  iteration  2   file 43_1a_cilled_ok_nondet_linux-43_1a-drivers--net--ppp--bsd_comp.ko-ldv_main0_sequence_infinite_withcheck_stateful.cil.out.i line 1795 function bsd_compress
Not unwinding 
Unwinding loop 4  iteration  1   file 43_1a_cilled_ok_nondet_linux-43_1a-drivers--net--ppp--bsd_comp.ko-ldv_main0_sequence_infinite_withcheck_stateful.cil.out.i line 1834 function bsd_compress
Unwinding loop 4  iteration  2   file 43_1a_cilled_ok_nondet_linux-43_1a-drivers--net--ppp--bsd_comp.ko-ldv_main0_sequence_infinite_withcheck_stateful.cil.out.i line 1834 function bsd_compress
Not unwinding 
Not unwinding 
Unwinding loop 6  iteration  1   file 43_1a_cilled_ok_nondet_linux-43_1a-drivers--net--ppp--bsd_comp.ko-ldv_main0_sequence_infinite_withcheck_stateful.cil.out.i line 1958 function bsd_compress
Unwinding loop 6  iteration  2   file 43_1a_cilled_ok_nondet_linux-43_1a-drivers--net--ppp--bsd_comp.ko-ldv_main0_sequence_infinite_withcheck_stateful.cil.out.i line 1958 function bsd_compress
Not unwinding 
Unwinding loop 7  iteration  1   file 43_1a_cilled_ok_nondet_linux-43_1a-drivers--net--ppp--bsd_comp.ko-ldv_main0_sequence_infinite_withcheck_stateful.cil.out.i line 2038 function bsd_compress
Unwinding loop 7  iteration  2   file 43_1a_cilled_ok_nondet_linux-43_1a-drivers--net--ppp--bsd_comp.ko-ldv_main0_sequence_infinite_withcheck_stateful.cil.out.i line 2038 function bsd_compress
Not unwinding 
Not unwinding 
Symex completed in: 2.014s (16314 assignments)
Slicing time: 0.053s (removed 14949 assignments)
Generated 0 VCC(s), 0 remaining after simplification (1365 assignments)
BMC program time: 2.067s
No bug has been found in the base case
*** Checking forward condition, k = 3
Starting Bounded Model Checking
Unwinding loop 11  iteration  1   file 43_1a_cilled_ok_nondet_linux-43_1a-drivers--net--ppp--bsd_comp.ko-ldv_main0_sequence_infinite_withcheck_stateful.cil.out.i line 3081 function main
Unwinding loop 12  iteration  1   file string.c line 272 function __memset_impl
Unwinding loop 12  iteration  2   file string.c line 272 function __memset_impl
Not unwinding 
Unwinding loop 2  iteration  1   file 43_1a_cilled_ok_nondet_linux-43_1a-drivers--net--ppp--bsd_comp.ko-ldv_main0_sequence_infinite_withcheck_stateful.cil.out.i line 1333 function bsd_init
Unwinding loop 2  iteration  2   file 43_1a_cilled_ok_nondet_linux-43_1a-drivers--net--ppp--bsd_comp.ko-ldv_main0_sequence_infinite_withcheck_stateful.cil.out.i line 1333 function bsd_init
Not unwinding 
Unwinding loop 5  iteration  1   file 43_1a_cilled_ok_nondet_linux-43_1a-drivers--net--ppp--bsd_comp.ko-ldv_main0_sequence_infinite_withcheck_stateful.cil.out.i line 1927 function bsd_compress
Unwinding loop 3  iteration  1   file 43_1a_cilled_ok_nondet_linux-43_1a-drivers--net--ppp--bsd_comp.ko-ldv_main0_sequence_infinite_withcheck_stateful.cil.out.i line 1795 function bsd_compress
Unwinding loop 3  iteration  2   file 43_1a_cilled_ok_nondet_linux-43_1a-drivers--net--ppp--bsd_comp.ko-ldv_main0_sequence_infinite_withcheck_stateful.cil.out.i line 1795 function bsd_compress
Not unwinding 
Unwinding loop 4  iteration  1   file 43_1a_cilled_ok_nondet_linux-43_1a-drivers--net--ppp--bsd_comp.ko-ldv_main0_sequence_infinite_withcheck_stateful.cil.out.i line 1834 function bsd_compress
Unwinding loop 4  iteration  2   file 43_1a_cilled_ok_nondet_linux-43_1a-drivers--net--ppp--bsd_comp.ko-ldv_main0_sequence_infinite_withcheck_stateful.cil.out.i line 1834 function bsd_compress
Not unwinding 
Unwinding loop 5  iteration  2   file 43_1a_cilled_ok_nondet_linux-43_1a-drivers--net--ppp--bsd_comp.ko-ldv_main0_sequence_infinite_withcheck_stateful.cil.out.i line 1927 function bsd_compress
Unwinding loop 3  iteration  1   file 43_1a_cilled_ok_nondet_linux-43_1a-drivers--net--ppp--bsd_comp.ko-ldv_main0_sequence_infinite_withcheck_stateful.cil.out.i line 1795 function bsd_compress
Unwinding loop 3  iteration  2   file 43_1a_cilled_ok_nondet_linux-43_1a-drivers--net--ppp--bsd_comp.ko-ldv_main0_sequence_infinite_withcheck_stateful.cil.out.i line 1795 function bsd_compress
Not unwinding 
Unwinding loop 4  iteration  1   file 43_1a_cilled_ok_nondet_linux-43_1a-drivers--net--ppp--bsd_comp.ko-ldv_main0_sequence_infinite_withcheck_stateful.cil.out.i line 1834 function bsd_compress
Unwinding loop 4  iteration  2   file 43_1a_cilled_ok_nondet_linux-43_1a-drivers--net--ppp--bsd_comp.ko-ldv_main0_sequence_infinite_withcheck_stateful.cil.out.i line 1834 function bsd_compress
Not unwinding 
Not unwinding 
Unwinding loop 6  iteration  1   file 43_1a_cilled_ok_nondet_linux-43_1a-drivers--net--ppp--bsd_comp.ko-ldv_main0_sequence_infinite_withcheck_stateful.cil.out.i line 1958 function bsd_compress
Unwinding loop 6  iteration  2   file 43_1a_cilled_ok_nondet_linux-43_1a-drivers--net--ppp--bsd_comp.ko-ldv_main0_sequence_infinite_withcheck_stateful.cil.out.i line 1958 function bsd_compress
Not unwinding 
Unwinding loop 7  iteration  1   file 43_1a_cilled_ok_nondet_linux-43_1a-drivers--net--ppp--bsd_comp.ko-ldv_main0_sequence_infinite_withcheck_stateful.cil.out.i line 2038 function bsd_compress
Unwinding loop 7  iteration  2   file 43_1a_cilled_ok_nondet_linux-43_1a-drivers--net--ppp--bsd_comp.ko-ldv_main0_sequence_infinite_withcheck_stateful.cil.out.i line 2038 function bsd_compress
Not unwinding 
Unwinding loop 12  iteration  1   file string.c line 272 function __memset_impl
Unwinding loop 12  iteration  2   file string.c line 272 function __memset_impl
Not unwinding 
Unwinding loop 1  iteration  1   file 43_1a_cilled_ok_nondet_linux-43_1a-drivers--net--ppp--bsd_comp.ko-ldv_main0_sequence_infinite_withcheck_stateful.cil.out.i line 1300 function bsd_init
Unwinding loop 1  iteration  2   file 43_1a_cilled_ok_nondet_linux-43_1a-drivers--net--ppp--bsd_comp.ko-ldv_main0_sequence_infinite_withcheck_stateful.cil.out.i line 1300 function bsd_init
Not unwinding 
Unwinding loop 8  iteration  1   file 43_1a_cilled_ok_nondet_linux-43_1a-drivers--net--ppp--bsd_comp.ko-ldv_main0_sequence_infinite_withcheck_stateful.cil.out.i line 2667 function bsd_decompress
Unwinding loop 8  iteration  2   file 43_1a_cilled_ok_nondet_linux-43_1a-drivers--net--ppp--bsd_comp.ko-ldv_main0_sequence_infinite_withcheck_stateful.cil.out.i line 2667 function bsd_decompress
Not unwinding 
Unwinding loop 10  iteration  1   file 43_1a_cilled_ok_nondet_linux-43_1a-drivers--net--ppp--bsd_comp.ko-ldv_main0_sequence_infinite_withcheck_stateful.cil.out.i line 2833 function bsd_decompress
Unwinding loop 8  iteration  1   file 43_1a_cilled_ok_nondet_linux-43_1a-drivers--net--ppp--bsd_comp.ko-ldv_main0_sequence_infinite_withcheck_stateful.cil.out.i line 2667 function bsd_decompress
Unwinding loop 8  iteration  2   file 43_1a_cilled_ok_nondet_linux-43_1a-drivers--net--ppp--bsd_comp.ko-ldv_main0_sequence_infinite_withcheck_stateful.cil.out.i line 2667 function bsd_decompress
Not unwinding 
Unwinding loop 9  iteration  1   file 43_1a_cilled_ok_nondet_linux-43_1a-drivers--net--ppp--bsd_comp.ko-ldv_main0_sequence_infinite_withcheck_stateful.cil.out.i line 2743 function bsd_decompress
Unwinding loop 9  iteration  2   file 43_1a_cilled_ok_nondet_linux-43_1a-drivers--net--ppp--bsd_comp.ko-ldv_main0_sequence_infinite_withcheck_stateful.cil.out.i line 2743 function bsd_decompress
Not unwinding 
Unwinding loop 10  iteration  2   file 43_1a_cilled_ok_nondet_linux-43_1a-drivers--net--ppp--bsd_comp.ko-ldv_main0_sequence_infinite_withcheck_stateful.cil.out.i line 2833 function bsd_decompress
Unwinding loop 8  iteration  1   file 43_1a_cilled_ok_nondet_linux-43_1a-drivers--net--ppp--bsd_comp.ko-ldv_main0_sequence_infinite_withcheck_stateful.cil.out.i line 2667 function bsd_decompress
Unwinding loop 8  iteration  2   file 43_1a_cilled_ok_nondet_linux-43_1a-drivers--net--ppp--bsd_comp.ko-ldv_main0_sequence_infinite_withcheck_stateful.cil.out.i line 2667 function bsd_decompress
Not unwinding 
Unwinding loop 9  iteration  1   file 43_1a_cilled_ok_nondet_linux-43_1a-drivers--net--ppp--bsd_comp.ko-ldv_main0_sequence_infinite_withcheck_stateful.cil.out.i line 2743 function bsd_decompress
Unwinding loop 9  iteration  2   file 43_1a_cilled_ok_nondet_linux-43_1a-drivers--net--ppp--bsd_comp.ko-ldv_main0_sequence_infinite_withcheck_stateful.cil.out.i line 2743 function bsd_decompress
Not unwinding 
Not unwinding 
Unwinding loop 5  iteration  1   file 43_1a_cilled_ok_nondet_linux-43_1a-drivers--net--ppp--bsd_comp.ko-ldv_main0_sequence_infinite_withcheck_stateful.cil.out.i line 1927 function bsd_compress
Unwinding loop 3  iteration  1   file 43_1a_cilled_ok_nondet_linux-43_1a-drivers--net--ppp--bsd_comp.ko-ldv_main0_sequence_infinite_withcheck_stateful.cil.out.i line 1795 function bsd_compress
Unwinding loop 3  iteration  2   file 43_1a_cilled_ok_nondet_linux-43_1a-drivers--net--ppp--bsd_comp.ko-ldv_main0_sequence_infinite_withcheck_stateful.cil.out.i line 1795 function bsd_compress
Not unwinding 
Unwinding loop 4  iteration  1   file 43_1a_cilled_ok_nondet_linux-43_1a-drivers--net--ppp--bsd_comp.ko-ldv_main0_sequence_infinite_withcheck_stateful.cil.out.i line 1834 function bsd_compress
Unwinding loop 4  iteration  2   file 43_1a_cilled_ok_nondet_linux-43_1a-drivers--net--ppp--bsd_comp.ko-ldv_main0_sequence_infinite_withcheck_stateful.cil.out.i line 1834 function bsd_compress
Not unwinding 
Unwinding loop 5  iteration  2   file 43_1a_cilled_ok_nondet_linux-43_1a-drivers--net--ppp--bsd_comp.ko-ldv_main0_sequence_infinite_withcheck_stateful.cil.out.i line 1927 function bsd_compress
Unwinding loop 3  iteration  1   file 43_1a_cilled_ok_nondet_linux-43_1a-drivers--net--ppp--bsd_comp.ko-ldv_main0_sequence_infinite_withcheck_stateful.cil.out.i line 1795 function bsd_compress
Unwinding loop 3  iteration  2   file 43_1a_cilled_ok_nondet_linux-43_1a-drivers--net--ppp--bsd_comp.ko-ldv_main0_sequence_infinite_withcheck_stateful.cil.out.i line 1795 function bsd_compress
Not unwinding 
Unwinding loop 4  iteration  1   file 43_1a_cilled_ok_nondet_linux-43_1a-drivers--net--ppp--bsd_comp.ko-ldv_main0_sequence_infinite_withcheck_stateful.cil.out.i line 1834 function bsd_compress
Unwinding loop 4  iteration  2   file 43_1a_cilled_ok_nondet_linux-43_1a-drivers--net--ppp--bsd_comp.ko-ldv_main0_sequence_infinite_withcheck_stateful.cil.out.i line 1834 function bsd_compress
Not unwinding 
Not unwinding 
Unwinding loop 6  iteration  1   file 43_1a_cilled_ok_nondet_linux-43_1a-drivers--net--ppp--bsd_comp.ko-ldv_main0_sequence_infinite_withcheck_stateful.cil.out.i line 1958 function bsd_compress
Unwinding loop 6  iteration  2   file 43_1a_cilled_ok_nondet_linux-43_1a-drivers--net--ppp--bsd_comp.ko-ldv_main0_sequence_infinite_withcheck_stateful.cil.out.i line 1958 function bsd_compress
Not unwinding 
Unwinding loop 7  iteration  1   file 43_1a_cilled_ok_nondet_linux-43_1a-drivers--net--ppp--bsd_comp.ko-ldv_main0_sequence_infinite_withcheck_stateful.cil.out.i line 2038 function bsd_compress
Unwinding loop 7  iteration  2   file 43_1a_cilled_ok_nondet_linux-43_1a-drivers--net--ppp--bsd_comp.ko-ldv_main0_sequence_infinite_withcheck_stateful.cil.out.i line 2038 function bsd_compress
Not unwinding 
Unwinding loop 11  iteration  2   file 43_1a_cilled_ok_nondet_linux-43_1a-drivers--net--ppp--bsd_comp.ko-ldv_main0_sequence_infinite_withcheck_stateful.cil.out.i line 3081 function main
Unwinding loop 12  iteration  1   file string.c line 272 function __memset_impl
Unwinding loop 12  iteration  2   file string.c line 272 function __memset_impl
Not unwinding 
Unwinding loop 2  iteration  1   file 43_1a_cilled_ok_nondet_linux-43_1a-drivers--net--ppp--bsd_comp.ko-ldv_main0_sequence_infinite_withcheck_stateful.cil.out.i line 1333 function bsd_init
Unwinding loop 2  iteration  2   file 43_1a_cilled_ok_nondet_linux-43_1a-drivers--net--ppp--bsd_comp.ko-ldv_main0_sequence_infinite_withcheck_stateful.cil.out.i line 1333 function bsd_init
Not unwinding 
Unwinding loop 5  iteration  1   file 43_1a_cilled_ok_nondet_linux-43_1a-drivers--net--ppp--bsd_comp.ko-ldv_main0_sequence_infinite_withcheck_stateful.cil.out.i line 1927 function bsd_compress
Unwinding loop 3  iteration  1   file 43_1a_cilled_ok_nondet_linux-43_1a-drivers--net--ppp--bsd_comp.ko-ldv_main0_sequence_infinite_withcheck_stateful.cil.out.i line 1795 function bsd_compress
Unwinding loop 3  iteration  2   file 43_1a_cilled_ok_nondet_linux-43_1a-drivers--net--ppp--bsd_comp.ko-ldv_main0_sequence_infinite_withcheck_stateful.cil.out.i line 1795 function bsd_compress
Not unwinding 
Unwinding loop 4  iteration  1   file 43_1a_cilled_ok_nondet_linux-43_1a-drivers--net--ppp--bsd_comp.ko-ldv_main0_sequence_infinite_withcheck_stateful.cil.out.i line 1834 function bsd_compress
Unwinding loop 4  iteration  2   file 43_1a_cilled_ok_nondet_linux-43_1a-drivers--net--ppp--bsd_comp.ko-ldv_main0_sequence_infinite_withcheck_stateful.cil.out.i line 1834 function bsd_compress
Not unwinding 
Unwinding loop 5  iteration  2   file 43_1a_cilled_ok_nondet_linux-43_1a-drivers--net--ppp--bsd_comp.ko-ldv_main0_sequence_infinite_withcheck_stateful.cil.out.i line 1927 function bsd_compress
Unwinding loop 3  iteration  1   file 43_1a_cilled_ok_nondet_linux-43_1a-drivers--net--ppp--bsd_comp.ko-ldv_main0_sequence_infinite_withcheck_stateful.cil.out.i line 1795 function bsd_compress
Unwinding loop 3  iteration  2   file 43_1a_cilled_ok_nondet_linux-43_1a-drivers--net--ppp--bsd_comp.ko-ldv_main0_sequence_infinite_withcheck_stateful.cil.out.i line 1795 function bsd_compress
Not unwinding 
Unwinding loop 4  iteration  1   file 43_1a_cilled_ok_nondet_linux-43_1a-drivers--net--ppp--bsd_comp.ko-ldv_main0_sequence_infinite_withcheck_stateful.cil.out.i line 1834 function bsd_compress
Unwinding loop 4  iteration  2   file 43_1a_cilled_ok_nondet_linux-43_1a-drivers--net--ppp--bsd_comp.ko-ldv_main0_sequence_infinite_withcheck_stateful.cil.out.i line 1834 function bsd_compress
Not unwinding 
Not unwinding 
Unwinding loop 6  iteration  1   file 43_1a_cilled_ok_nondet_linux-43_1a-drivers--net--ppp--bsd_comp.ko-ldv_main0_sequence_infinite_withcheck_stateful.cil.out.i line 1958 function bsd_compress
Unwinding loop 6  iteration  2   file 43_1a_cilled_ok_nondet_linux-43_1a-drivers--net--ppp--bsd_comp.ko-ldv_main0_sequence_infinite_withcheck_stateful.cil.out.i line 1958 function bsd_compress
Not unwinding 
Unwinding loop 7  iteration  1   file 43_1a_cilled_ok_nondet_linux-43_1a-drivers--net--ppp--bsd_comp.ko-ldv_main0_sequence_infinite_withcheck_stateful.cil.out.i line 2038 function bsd_compress
Unwinding loop 7  iteration  2   file 43_1a_cilled_ok_nondet_linux-43_1a-drivers--net--ppp--bsd_comp.ko-ldv_main0_sequence_infinite_withcheck_stateful.cil.out.i line 2038 function bsd_compress
Not unwinding 
Unwinding loop 12  iteration  1   file string.c line 272 function __memset_impl
Unwinding loop 12  iteration  2   file string.c line 272 function __memset_impl
Not unwinding 
Unwinding loop 1  iteration  1   file 43_1a_cilled_ok_nondet_linux-43_1a-drivers--net--ppp--bsd_comp.ko-ldv_main0_sequence_infinite_withcheck_stateful.cil.out.i line 1300 function bsd_init
Unwinding loop 1  iteration  2   file 43_1a_cilled_ok_nondet_linux-43_1a-drivers--net--ppp--bsd_comp.ko-ldv_main0_sequence_infinite_withcheck_stateful.cil.out.i line 1300 function bsd_init
Not unwinding 
Unwinding loop 8  iteration  1   file 43_1a_cilled_ok_nondet_linux-43_1a-drivers--net--ppp--bsd_comp.ko-ldv_main0_sequence_infinite_withcheck_stateful.cil.out.i line 2667 function bsd_decompress
Unwinding loop 8  iteration  2   file 43_1a_cilled_ok_nondet_linux-43_1a-drivers--net--ppp--bsd_comp.ko-ldv_main0_sequence_infinite_withcheck_stateful.cil.out.i line 2667 function bsd_decompress
Not unwinding 
Unwinding loop 10  iteration  1   file 43_1a_cilled_ok_nondet_linux-43_1a-drivers--net--ppp--bsd_comp.ko-ldv_main0_sequence_infinite_withcheck_stateful.cil.out.i line 2833 function bsd_decompress
Unwinding loop 8  iteration  1   file 43_1a_cilled_ok_nondet_linux-43_1a-drivers--net--ppp--bsd_comp.ko-ldv_main0_sequence_infinite_withcheck_stateful.cil.out.i line 2667 function bsd_decompress
Unwinding loop 8  iteration  2   file 43_1a_cilled_ok_nondet_linux-43_1a-drivers--net--ppp--bsd_comp.ko-ldv_main0_sequence_infinite_withcheck_stateful.cil.out.i line 2667 function bsd_decompress
Not unwinding 
Unwinding loop 9  iteration  1   file 43_1a_cilled_ok_nondet_linux-43_1a-drivers--net--ppp--bsd_comp.ko-ldv_main0_sequence_infinite_withcheck_stateful.cil.out.i line 2743 function bsd_decompress
Unwinding loop 9  iteration  2   file 43_1a_cilled_ok_nondet_linux-43_1a-drivers--net--ppp--bsd_comp.ko-ldv_main0_sequence_infinite_withcheck_stateful.cil.out.i line 2743 function bsd_decompress
Not unwinding 
Unwinding loop 10  iteration  2   file 43_1a_cilled_ok_nondet_linux-43_1a-drivers--net--ppp--bsd_comp.ko-ldv_main0_sequence_infinite_withcheck_stateful.cil.out.i line 2833 function bsd_decompress
Unwinding loop 8  iteration  1   file 43_1a_cilled_ok_nondet_linux-43_1a-drivers--net--ppp--bsd_comp.ko-ldv_main0_sequence_infinite_withcheck_stateful.cil.out.i line 2667 function bsd_decompress
Unwinding loop 8  iteration  2   file 43_1a_cilled_ok_nondet_linux-43_1a-drivers--net--ppp--bsd_comp.ko-ldv_main0_sequence_infinite_withcheck_stateful.cil.out.i line 2667 function bsd_decompress
Not unwinding 
Unwinding loop 9  iteration  1   file 43_1a_cilled_ok_nondet_linux-43_1a-drivers--net--ppp--bsd_comp.ko-ldv_main0_sequence_infinite_withcheck_stateful.cil.out.i line 2743 function bsd_decompress
Unwinding loop 9  iteration  2   file 43_1a_cilled_ok_nondet_linux-43_1a-drivers--net--ppp--bsd_comp.ko-ldv_main0_sequence_infinite_withcheck_stateful.cil.out.i line 2743 function bsd_decompress
Not unwinding 
Not unwinding 
Unwinding loop 5  iteration  1   file 43_1a_cilled_ok_nondet_linux-43_1a-drivers--net--ppp--bsd_comp.ko-ldv_main0_sequence_infinite_withcheck_stateful.cil.out.i line 1927 function bsd_compress
Unwinding loop 3  iteration  1   file 43_1a_cilled_ok_nondet_linux-43_1a-drivers--net--ppp--bsd_comp.ko-ldv_main0_sequence_infinite_withcheck_stateful.cil.out.i line 1795 function bsd_compress
Unwinding loop 3  iteration  2   file 43_1a_cilled_ok_nondet_linux-43_1a-drivers--net--ppp--bsd_comp.ko-ldv_main0_sequence_infinite_withcheck_stateful.cil.out.i line 1795 function bsd_compress
Not unwinding 
Unwinding loop 4  iteration  1   file 43_1a_cilled_ok_nondet_linux-43_1a-drivers--net--ppp--bsd_comp.ko-ldv_main0_sequence_infinite_withcheck_stateful.cil.out.i line 1834 function bsd_compress
Unwinding loop 4  iteration  2   file 43_1a_cilled_ok_nondet_linux-43_1a-drivers--net--ppp--bsd_comp.ko-ldv_main0_sequence_infinite_withcheck_stateful.cil.out.i line 1834 function bsd_compress
Not unwinding 
Unwinding loop 5  iteration  2   file 43_1a_cilled_ok_nondet_linux-43_1a-drivers--net--ppp--bsd_comp.ko-ldv_main0_sequence_infinite_withcheck_stateful.cil.out.i line 1927 function bsd_compress
Unwinding loop 3  iteration  1   file 43_1a_cilled_ok_nondet_linux-43_1a-drivers--net--ppp--bsd_comp.ko-ldv_main0_sequence_infinite_withcheck_stateful.cil.out.i line 1795 function bsd_compress
Unwinding loop 3  iteration  2   file 43_1a_cilled_ok_nondet_linux-43_1a-drivers--net--ppp--bsd_comp.ko-ldv_main0_sequence_infinite_withcheck_stateful.cil.out.i line 1795 function bsd_compress
Not unwinding 
Unwinding loop 4  iteration  1   file 43_1a_cilled_ok_nondet_linux-43_1a-drivers--net--ppp--bsd_comp.ko-ldv_main0_sequence_infinite_withcheck_stateful.cil.out.i line 1834 function bsd_compress
Unwinding loop 4  iteration  2   file 43_1a_cilled_ok_nondet_linux-43_1a-drivers--net--ppp--bsd_comp.ko-ldv_main0_sequence_infinite_withcheck_stateful.cil.out.i line 1834 function bsd_compress
Not unwinding 
Not unwinding 
Unwinding loop 6  iteration  1   file 43_1a_cilled_ok_nondet_linux-43_1a-drivers--net--ppp--bsd_comp.ko-ldv_main0_sequence_infinite_withcheck_stateful.cil.out.i line 1958 function bsd_compress
Unwinding loop 6  iteration  2   file 43_1a_cilled_ok_nondet_linux-43_1a-drivers--net--ppp--bsd_comp.ko-ldv_main0_sequence_infinite_withcheck_stateful.cil.out.i line 1958 function bsd_compress
Not unwinding 
Unwinding loop 7  iteration  1   file 43_1a_cilled_ok_nondet_linux-43_1a-drivers--net--ppp--bsd_comp.ko-ldv_main0_sequence_infinite_withcheck_stateful.cil.out.i line 2038 function bsd_compress
Unwinding loop 7  iteration  2   file 43_1a_cilled_ok_nondet_linux-43_1a-drivers--net--ppp--bsd_comp.ko-ldv_main0_sequence_infinite_withcheck_stateful.cil.out.i line 2038 function bsd_compress
Not unwinding 
Not unwinding 
Symex completed in: 2.275s (16314 assignments)
Slicing time: 0.055s (removed 14949 assignments)
Generated 49 VCC(s), 49 remaining after simplification (1365 assignments)
No solver specified; defaulting to Boolector
Encoding remaining VCC(s) using bit-vector/floating-point arithmetic
Encoding to solver time: 0.029s
Solving with solver Boolector 3.2.1
Encoding to solver time: 0.029s
Runtime decision procedure: 2.415s
The forward condition is unable to prove the property
*** Checking inductive step, k = 3
Starting Bounded Model Checking
Unwinding loop 11  iteration  1   file 43_1a_cilled_ok_nondet_linux-43_1a-drivers--net--ppp--bsd_comp.ko-ldv_main0_sequence_infinite_withcheck_stateful.cil.out.i line 3081 function main
Unwinding loop 12  iteration  1   file string.c line 272 function __memset_impl
Unwinding loop 12  iteration  2   file string.c line 272 function __memset_impl
Not unwinding 
Unwinding loop 2  iteration  1   file 43_1a_cilled_ok_nondet_linux-43_1a-drivers--net--ppp--bsd_comp.ko-ldv_main0_sequence_infinite_withcheck_stateful.cil.out.i line 1333 function bsd_init
Unwinding loop 2  iteration  2   file 43_1a_cilled_ok_nondet_linux-43_1a-drivers--net--ppp--bsd_comp.ko-ldv_main0_sequence_infinite_withcheck_stateful.cil.out.i line 1333 function bsd_init
Not unwinding 
Unwinding loop 5  iteration  1   file 43_1a_cilled_ok_nondet_linux-43_1a-drivers--net--ppp--bsd_comp.ko-ldv_main0_sequence_infinite_withcheck_stateful.cil.out.i line 1927 function bsd_compress
Unwinding loop 3  iteration  1   file 43_1a_cilled_ok_nondet_linux-43_1a-drivers--net--ppp--bsd_comp.ko-ldv_main0_sequence_infinite_withcheck_stateful.cil.out.i line 1795 function bsd_compress
Unwinding loop 3  iteration  2   file 43_1a_cilled_ok_nondet_linux-43_1a-drivers--net--ppp--bsd_comp.ko-ldv_main0_sequence_infinite_withcheck_stateful.cil.out.i line 1795 function bsd_compress
Not unwinding 
Unwinding loop 4  iteration  1   file 43_1a_cilled_ok_nondet_linux-43_1a-drivers--net--ppp--bsd_comp.ko-ldv_main0_sequence_infinite_withcheck_stateful.cil.out.i line 1834 function bsd_compress
Unwinding loop 4  iteration  2   file 43_1a_cilled_ok_nondet_linux-43_1a-drivers--net--ppp--bsd_comp.ko-ldv_main0_sequence_infinite_withcheck_stateful.cil.out.i line 1834 function bsd_compress
Not unwinding 
Unwinding loop 5  iteration  2   file 43_1a_cilled_ok_nondet_linux-43_1a-drivers--net--ppp--bsd_comp.ko-ldv_main0_sequence_infinite_withcheck_stateful.cil.out.i line 1927 function bsd_compress
Unwinding loop 3  iteration  1   file 43_1a_cilled_ok_nondet_linux-43_1a-drivers--net--ppp--bsd_comp.ko-ldv_main0_sequence_infinite_withcheck_stateful.cil.out.i line 1795 function bsd_compress
Unwinding loop 3  iteration  2   file 43_1a_cilled_ok_nondet_linux-43_1a-drivers--net--ppp--bsd_comp.ko-ldv_main0_sequence_infinite_withcheck_stateful.cil.out.i line 1795 function bsd_compress
Not unwinding 
Unwinding loop 4  iteration  1   file 43_1a_cilled_ok_nondet_linux-43_1a-drivers--net--ppp--bsd_comp.ko-ldv_main0_sequence_infinite_withcheck_stateful.cil.out.i line 1834 function bsd_compress
Unwinding loop 4  iteration  2   file 43_1a_cilled_ok_nondet_linux-43_1a-drivers--net--ppp--bsd_comp.ko-ldv_main0_sequence_infinite_withcheck_stateful.cil.out.i line 1834 function bsd_compress
Not unwinding 
Not unwinding 
Unwinding loop 6  iteration  1   file 43_1a_cilled_ok_nondet_linux-43_1a-drivers--net--ppp--bsd_comp.ko-ldv_main0_sequence_infinite_withcheck_stateful.cil.out.i line 1958 function bsd_compress
Unwinding loop 6  iteration  2   file 43_1a_cilled_ok_nondet_linux-43_1a-drivers--net--ppp--bsd_comp.ko-ldv_main0_sequence_infinite_withcheck_stateful.cil.out.i line 1958 function bsd_compress
Not unwinding 
Unwinding loop 7  iteration  1   file 43_1a_cilled_ok_nondet_linux-43_1a-drivers--net--ppp--bsd_comp.ko-ldv_main0_sequence_infinite_withcheck_stateful.cil.out.i line 2038 function bsd_compress
Unwinding loop 7  iteration  2   file 43_1a_cilled_ok_nondet_linux-43_1a-drivers--net--ppp--bsd_comp.ko-ldv_main0_sequence_infinite_withcheck_stateful.cil.out.i line 2038 function bsd_compress
Not unwinding 
Unwinding loop 12  iteration  1   file string.c line 272 function __memset_impl
Unwinding loop 12  iteration  2   file string.c line 272 function __memset_impl
Not unwinding 
Unwinding loop 1  iteration  1   file 43_1a_cilled_ok_nondet_linux-43_1a-drivers--net--ppp--bsd_comp.ko-ldv_main0_sequence_infinite_withcheck_stateful.cil.out.i line 1300 function bsd_init
Unwinding loop 1  iteration  2   file 43_1a_cilled_ok_nondet_linux-43_1a-drivers--net--ppp--bsd_comp.ko-ldv_main0_sequence_infinite_withcheck_stateful.cil.out.i line 1300 function bsd_init
Not unwinding 
Unwinding loop 2  iteration  1   file 43_1a_cilled_ok_nondet_linux-43_1a-drivers--net--ppp--bsd_comp.ko-ldv_main0_sequence_infinite_withcheck_stateful.cil.out.i line 1333 function bsd_init
Unwinding loop 2  iteration  2   file 43_1a_cilled_ok_nondet_linux-43_1a-drivers--net--ppp--bsd_comp.ko-ldv_main0_sequence_infinite_withcheck_stateful.cil.out.i line 1333 function bsd_init
Not unwinding 
Unwinding loop 8  iteration  1   file 43_1a_cilled_ok_nondet_linux-43_1a-drivers--net--ppp--bsd_comp.ko-ldv_main0_sequence_infinite_withcheck_stateful.cil.out.i line 2667 function bsd_decompress
Unwinding loop 8  iteration  2   file 43_1a_cilled_ok_nondet_linux-43_1a-drivers--net--ppp--bsd_comp.ko-ldv_main0_sequence_infinite_withcheck_stateful.cil.out.i line 2667 function bsd_decompress
Not unwinding 
Unwinding loop 9  iteration  1   file 43_1a_cilled_ok_nondet_linux-43_1a-drivers--net--ppp--bsd_comp.ko-ldv_main0_sequence_infinite_withcheck_stateful.cil.out.i line 2743 function bsd_decompress
Unwinding loop 9  iteration  2   file 43_1a_cilled_ok_nondet_linux-43_1a-drivers--net--ppp--bsd_comp.ko-ldv_main0_sequence_infinite_withcheck_stateful.cil.out.i line 2743 function bsd_decompress
Not unwinding 
Unwinding loop 10  iteration  1   file 43_1a_cilled_ok_nondet_linux-43_1a-drivers--net--ppp--bsd_comp.ko-ldv_main0_sequence_infinite_withcheck_stateful.cil.out.i line 2833 function bsd_decompress
Unwinding loop 8  iteration  1   file 43_1a_cilled_ok_nondet_linux-43_1a-drivers--net--ppp--bsd_comp.ko-ldv_main0_sequence_infinite_withcheck_stateful.cil.out.i line 2667 function bsd_decompress
Unwinding loop 8  iteration  2   file 43_1a_cilled_ok_nondet_linux-43_1a-drivers--net--ppp--bsd_comp.ko-ldv_main0_sequence_infinite_withcheck_stateful.cil.out.i line 2667 function bsd_decompress
Not unwinding 
Unwinding loop 9  iteration  1   file 43_1a_cilled_ok_nondet_linux-43_1a-drivers--net--ppp--bsd_comp.ko-ldv_main0_sequence_infinite_withcheck_stateful.cil.out.i line 2743 function bsd_decompress
Unwinding loop 9  iteration  2   file 43_1a_cilled_ok_nondet_linux-43_1a-drivers--net--ppp--bsd_comp.ko-ldv_main0_sequence_infinite_withcheck_stateful.cil.out.i line 2743 function bsd_decompress
Not unwinding 
Unwinding loop 10  iteration  2   file 43_1a_cilled_ok_nondet_linux-43_1a-drivers--net--ppp--bsd_comp.ko-ldv_main0_sequence_infinite_withcheck_stateful.cil.out.i line 2833 function bsd_decompress
Unwinding loop 8  iteration  1   file 43_1a_cilled_ok_nondet_linux-43_1a-drivers--net--ppp--bsd_comp.ko-ldv_main0_sequence_infinite_withcheck_stateful.cil.out.i line 2667 function bsd_decompress
Unwinding loop 8  iteration  2   file 43_1a_cilled_ok_nondet_linux-43_1a-drivers--net--ppp--bsd_comp.ko-ldv_main0_sequence_infinite_withcheck_stateful.cil.out.i line 2667 function bsd_decompress
Not unwinding 
Unwinding loop 9  iteration  1   file 43_1a_cilled_ok_nondet_linux-43_1a-drivers--net--ppp--bsd_comp.ko-ldv_main0_sequence_infinite_withcheck_stateful.cil.out.i line 2743 function bsd_decompress
Unwinding loop 9  iteration  2   file 43_1a_cilled_ok_nondet_linux-43_1a-drivers--net--ppp--bsd_comp.ko-ldv_main0_sequence_infinite_withcheck_stateful.cil.out.i line 2743 function bsd_decompress
Not unwinding 
Not unwinding 
Unwinding loop 5  iteration  1   file 43_1a_cilled_ok_nondet_linux-43_1a-drivers--net--ppp--bsd_comp.ko-ldv_main0_sequence_infinite_withcheck_stateful.cil.out.i line 1927 function bsd_compress
Unwinding loop 3  iteration  1   file 43_1a_cilled_ok_nondet_linux-43_1a-drivers--net--ppp--bsd_comp.ko-ldv_main0_sequence_infinite_withcheck_stateful.cil.out.i line 1795 function bsd_compress
Unwinding loop 3  iteration  2   file 43_1a_cilled_ok_nondet_linux-43_1a-drivers--net--ppp--bsd_comp.ko-ldv_main0_sequence_infinite_withcheck_stateful.cil.out.i line 1795 function bsd_compress
Not unwinding 
Unwinding loop 4  iteration  1   file 43_1a_cilled_ok_nondet_linux-43_1a-drivers--net--ppp--bsd_comp.ko-ldv_main0_sequence_infinite_withcheck_stateful.cil.out.i line 1834 function bsd_compress
Unwinding loop 4  iteration  2   file 43_1a_cilled_ok_nondet_linux-43_1a-drivers--net--ppp--bsd_comp.ko-ldv_main0_sequence_infinite_withcheck_stateful.cil.out.i line 1834 function bsd_compress
Not unwinding 
Unwinding loop 5  iteration  2   file 43_1a_cilled_ok_nondet_linux-43_1a-drivers--net--ppp--bsd_comp.ko-ldv_main0_sequence_infinite_withcheck_stateful.cil.out.i line 1927 function bsd_compress
Unwinding loop 3  iteration  1   file 43_1a_cilled_ok_nondet_linux-43_1a-drivers--net--ppp--bsd_comp.ko-ldv_main0_sequence_infinite_withcheck_stateful.cil.out.i line 1795 function bsd_compress
Unwinding loop 3  iteration  2   file 43_1a_cilled_ok_nondet_linux-43_1a-drivers--net--ppp--bsd_comp.ko-ldv_main0_sequence_infinite_withcheck_stateful.cil.out.i line 1795 function bsd_compress
Not unwinding 
Unwinding loop 4  iteration  1   file 43_1a_cilled_ok_nondet_linux-43_1a-drivers--net--ppp--bsd_comp.ko-ldv_main0_sequence_infinite_withcheck_stateful.cil.out.i line 1834 function bsd_compress
Unwinding loop 4  iteration  2   file 43_1a_cilled_ok_nondet_linux-43_1a-drivers--net--ppp--bsd_comp.ko-ldv_main0_sequence_infinite_withcheck_stateful.cil.out.i line 1834 function bsd_compress
Not unwinding 
Not unwinding 
Unwinding loop 6  iteration  1   file 43_1a_cilled_ok_nondet_linux-43_1a-drivers--net--ppp--bsd_comp.ko-ldv_main0_sequence_infinite_withcheck_stateful.cil.out.i line 1958 function bsd_compress
Unwinding loop 6  iteration  2   file 43_1a_cilled_ok_nondet_linux-43_1a-drivers--net--ppp--bsd_comp.ko-ldv_main0_sequence_infinite_withcheck_stateful.cil.out.i line 1958 function bsd_compress
Not unwinding 
Unwinding loop 7  iteration  1   file 43_1a_cilled_ok_nondet_linux-43_1a-drivers--net--ppp--bsd_comp.ko-ldv_main0_sequence_infinite_withcheck_stateful.cil.out.i line 2038 function bsd_compress
Unwinding loop 7  iteration  2   file 43_1a_cilled_ok_nondet_linux-43_1a-drivers--net--ppp--bsd_comp.ko-ldv_main0_sequence_infinite_withcheck_stateful.cil.out.i line 2038 function bsd_compress
Not unwinding 
Unwinding loop 11  iteration  2   file 43_1a_cilled_ok_nondet_linux-43_1a-drivers--net--ppp--bsd_comp.ko-ldv_main0_sequence_infinite_withcheck_stateful.cil.out.i line 3081 function main
Unwinding loop 12  iteration  1   file string.c line 272 function __memset_impl
Unwinding loop 12  iteration  2   file string.c line 272 function __memset_impl
Not unwinding 
Unwinding loop 2  iteration  1   file 43_1a_cilled_ok_nondet_linux-43_1a-drivers--net--ppp--bsd_comp.ko-ldv_main0_sequence_infinite_withcheck_stateful.cil.out.i line 1333 function bsd_init
Unwinding loop 2  iteration  2   file 43_1a_cilled_ok_nondet_linux-43_1a-drivers--net--ppp--bsd_comp.ko-ldv_main0_sequence_infinite_withcheck_stateful.cil.out.i line 1333 function bsd_init
Not unwinding 
Unwinding loop 5  iteration  1   file 43_1a_cilled_ok_nondet_linux-43_1a-drivers--net--ppp--bsd_comp.ko-ldv_main0_sequence_infinite_withcheck_stateful.cil.out.i line 1927 function bsd_compress
Unwinding loop 3  iteration  1   file 43_1a_cilled_ok_nondet_linux-43_1a-drivers--net--ppp--bsd_comp.ko-ldv_main0_sequence_infinite_withcheck_stateful.cil.out.i line 1795 function bsd_compress
Unwinding loop 3  iteration  2   file 43_1a_cilled_ok_nondet_linux-43_1a-drivers--net--ppp--bsd_comp.ko-ldv_main0_sequence_infinite_withcheck_stateful.cil.out.i line 1795 function bsd_compress
Not unwinding 
Unwinding loop 4  iteration  1   file 43_1a_cilled_ok_nondet_linux-43_1a-drivers--net--ppp--bsd_comp.ko-ldv_main0_sequence_infinite_withcheck_stateful.cil.out.i line 1834 function bsd_compress
Unwinding loop 4  iteration  2   file 43_1a_cilled_ok_nondet_linux-43_1a-drivers--net--ppp--bsd_comp.ko-ldv_main0_sequence_infinite_withcheck_stateful.cil.out.i line 1834 function bsd_compress
Not unwinding 
Unwinding loop 5  iteration  2   file 43_1a_cilled_ok_nondet_linux-43_1a-drivers--net--ppp--bsd_comp.ko-ldv_main0_sequence_infinite_withcheck_stateful.cil.out.i line 1927 function bsd_compress
Unwinding loop 3  iteration  1   file 43_1a_cilled_ok_nondet_linux-43_1a-drivers--net--ppp--bsd_comp.ko-ldv_main0_sequence_infinite_withcheck_stateful.cil.out.i line 1795 function bsd_compress
Unwinding loop 3  iteration  2   file 43_1a_cilled_ok_nondet_linux-43_1a-drivers--net--ppp--bsd_comp.ko-ldv_main0_sequence_infinite_withcheck_stateful.cil.out.i line 1795 function bsd_compress
Not unwinding 
Unwinding loop 4  iteration  1   file 43_1a_cilled_ok_nondet_linux-43_1a-drivers--net--ppp--bsd_comp.ko-ldv_main0_sequence_infinite_withcheck_stateful.cil.out.i line 1834 function bsd_compress
Unwinding loop 4  iteration  2   file 43_1a_cilled_ok_nondet_linux-43_1a-drivers--net--ppp--bsd_comp.ko-ldv_main0_sequence_infinite_withcheck_stateful.cil.out.i line 1834 function bsd_compress
Not unwinding 
Not unwinding 
Unwinding loop 6  iteration  1   file 43_1a_cilled_ok_nondet_linux-43_1a-drivers--net--ppp--bsd_comp.ko-ldv_main0_sequence_infinite_withcheck_stateful.cil.out.i line 1958 function bsd_compress
Unwinding loop 6  iteration  2   file 43_1a_cilled_ok_nondet_linux-43_1a-drivers--net--ppp--bsd_comp.ko-ldv_main0_sequence_infinite_withcheck_stateful.cil.out.i line 1958 function bsd_compress
Not unwinding 
Unwinding loop 7  iteration  1   file 43_1a_cilled_ok_nondet_linux-43_1a-drivers--net--ppp--bsd_comp.ko-ldv_main0_sequence_infinite_withcheck_stateful.cil.out.i line 2038 function bsd_compress
Unwinding loop 7  iteration  2   file 43_1a_cilled_ok_nondet_linux-43_1a-drivers--net--ppp--bsd_comp.ko-ldv_main0_sequence_infinite_withcheck_stateful.cil.out.i line 2038 function bsd_compress
Not unwinding 
Unwinding loop 12  iteration  1   file string.c line 272 function __memset_impl
Unwinding loop 12  iteration  2   file string.c line 272 function __memset_impl
Not unwinding 
Unwinding loop 1  iteration  1   file 43_1a_cilled_ok_nondet_linux-43_1a-drivers--net--ppp--bsd_comp.ko-ldv_main0_sequence_infinite_withcheck_stateful.cil.out.i line 1300 function bsd_init
Unwinding loop 1  iteration  2   file 43_1a_cilled_ok_nondet_linux-43_1a-drivers--net--ppp--bsd_comp.ko-ldv_main0_sequence_infinite_withcheck_stateful.cil.out.i line 1300 function bsd_init
Not unwinding 
Unwinding loop 2  iteration  1   file 43_1a_cilled_ok_nondet_linux-43_1a-drivers--net--ppp--bsd_comp.ko-ldv_main0_sequence_infinite_withcheck_stateful.cil.out.i line 1333 function bsd_init
Unwinding loop 2  iteration  2   file 43_1a_cilled_ok_nondet_linux-43_1a-drivers--net--ppp--bsd_comp.ko-ldv_main0_sequence_infinite_withcheck_stateful.cil.out.i line 1333 function bsd_init
Not unwinding 
Unwinding loop 8  iteration  1   file 43_1a_cilled_ok_nondet_linux-43_1a-drivers--net--ppp--bsd_comp.ko-ldv_main0_sequence_infinite_withcheck_stateful.cil.out.i line 2667 function bsd_decompress
Unwinding loop 8  iteration  2   file 43_1a_cilled_ok_nondet_linux-43_1a-drivers--net--ppp--bsd_comp.ko-ldv_main0_sequence_infinite_withcheck_stateful.cil.out.i line 2667 function bsd_decompress
Not unwinding 
Unwinding loop 9  iteration  1   file 43_1a_cilled_ok_nondet_linux-43_1a-drivers--net--ppp--bsd_comp.ko-ldv_main0_sequence_infinite_withcheck_stateful.cil.out.i line 2743 function bsd_decompress
Unwinding loop 9  iteration  2   file 43_1a_cilled_ok_nondet_linux-43_1a-drivers--net--ppp--bsd_comp.ko-ldv_main0_sequence_infinite_withcheck_stateful.cil.out.i line 2743 function bsd_decompress
Not unwinding 
Unwinding loop 10  iteration  1   file 43_1a_cilled_ok_nondet_linux-43_1a-drivers--net--ppp--bsd_comp.ko-ldv_main0_sequence_infinite_withcheck_stateful.cil.out.i line 2833 function bsd_decompress
Unwinding loop 8  iteration  1   file 43_1a_cilled_ok_nondet_linux-43_1a-drivers--net--ppp--bsd_comp.ko-ldv_main0_sequence_infinite_withcheck_stateful.cil.out.i line 2667 function bsd_decompress
Unwinding loop 8  iteration  2   file 43_1a_cilled_ok_nondet_linux-43_1a-drivers--net--ppp--bsd_comp.ko-ldv_main0_sequence_infinite_withcheck_stateful.cil.out.i line 2667 function bsd_decompress
Not unwinding 
Unwinding loop 9  iteration  1   file 43_1a_cilled_ok_nondet_linux-43_1a-drivers--net--ppp--bsd_comp.ko-ldv_main0_sequence_infinite_withcheck_stateful.cil.out.i line 2743 function bsd_decompress
Unwinding loop 9  iteration  2   file 43_1a_cilled_ok_nondet_linux-43_1a-drivers--net--ppp--bsd_comp.ko-ldv_main0_sequence_infinite_withcheck_stateful.cil.out.i line 2743 function bsd_decompress
Not unwinding 
Unwinding loop 10  iteration  2   file 43_1a_cilled_ok_nondet_linux-43_1a-drivers--net--ppp--bsd_comp.ko-ldv_main0_sequence_infinite_withcheck_stateful.cil.out.i line 2833 function bsd_decompress
Unwinding loop 8  iteration  1   file 43_1a_cilled_ok_nondet_linux-43_1a-drivers--net--ppp--bsd_comp.ko-ldv_main0_sequence_infinite_withcheck_stateful.cil.out.i line 2667 function bsd_decompress
Unwinding loop 8  iteration  2   file 43_1a_cilled_ok_nondet_linux-43_1a-drivers--net--ppp--bsd_comp.ko-ldv_main0_sequence_infinite_withcheck_stateful.cil.out.i line 2667 function bsd_decompress
Not unwinding 
Unwinding loop 9  iteration  1   file 43_1a_cilled_ok_nondet_linux-43_1a-drivers--net--ppp--bsd_comp.ko-ldv_main0_sequence_infinite_withcheck_stateful.cil.out.i line 2743 function bsd_decompress
Unwinding loop 9  iteration  2   file 43_1a_cilled_ok_nondet_linux-43_1a-drivers--net--ppp--bsd_comp.ko-ldv_main0_sequence_infinite_withcheck_stateful.cil.out.i line 2743 function bsd_decompress
Not unwinding 
Not unwinding 
Unwinding loop 5  iteration  1   file 43_1a_cilled_ok_nondet_linux-43_1a-drivers--net--ppp--bsd_comp.ko-ldv_main0_sequence_infinite_withcheck_stateful.cil.out.i line 1927 function bsd_compress
Unwinding loop 3  iteration  1   file 43_1a_cilled_ok_nondet_linux-43_1a-drivers--net--ppp--bsd_comp.ko-ldv_main0_sequence_infinite_withcheck_stateful.cil.out.i line 1795 function bsd_compress
Unwinding loop 3  iteration  2   file 43_1a_cilled_ok_nondet_linux-43_1a-drivers--net--ppp--bsd_comp.ko-ldv_main0_sequence_infinite_withcheck_stateful.cil.out.i line 1795 function bsd_compress
Not unwinding 
Unwinding loop 4  iteration  1   file 43_1a_cilled_ok_nondet_linux-43_1a-drivers--net--ppp--bsd_comp.ko-ldv_main0_sequence_infinite_withcheck_stateful.cil.out.i line 1834 function bsd_compress
Unwinding loop 4  iteration  2   file 43_1a_cilled_ok_nondet_linux-43_1a-drivers--net--ppp--bsd_comp.ko-ldv_main0_sequence_infinite_withcheck_stateful.cil.out.i line 1834 function bsd_compress
Not unwinding 
Unwinding loop 5  iteration  2   file 43_1a_cilled_ok_nondet_linux-43_1a-drivers--net--ppp--bsd_comp.ko-ldv_main0_sequence_infinite_withcheck_stateful.cil.out.i line 1927 function bsd_compress
Unwinding loop 3  iteration  1   file 43_1a_cilled_ok_nondet_linux-43_1a-drivers--net--ppp--bsd_comp.ko-ldv_main0_sequence_infinite_withcheck_stateful.cil.out.i line 1795 function bsd_compress
Unwinding loop 3  iteration  2   file 43_1a_cilled_ok_nondet_linux-43_1a-drivers--net--ppp--bsd_comp.ko-ldv_main0_sequence_infinite_withcheck_stateful.cil.out.i line 1795 function bsd_compress
Not unwinding 
Unwinding loop 4  iteration  1   file 43_1a_cilled_ok_nondet_linux-43_1a-drivers--net--ppp--bsd_comp.ko-ldv_main0_sequence_infinite_withcheck_stateful.cil.out.i line 1834 function bsd_compress
Unwinding loop 4  iteration  2   file 43_1a_cilled_ok_nondet_linux-43_1a-drivers--net--ppp--bsd_comp.ko-ldv_main0_sequence_infinite_withcheck_stateful.cil.out.i line 1834 function bsd_compress
Not unwinding 
Not unwinding 
Unwinding loop 6  iteration  1   file 43_1a_cilled_ok_nondet_linux-43_1a-drivers--net--ppp--bsd_comp.ko-ldv_main0_sequence_infinite_withcheck_stateful.cil.out.i line 1958 function bsd_compress
Unwinding loop 6  iteration  2   file 43_1a_cilled_ok_nondet_linux-43_1a-drivers--net--ppp--bsd_comp.ko-ldv_main0_sequence_infinite_withcheck_stateful.cil.out.i line 1958 function bsd_compress
Not unwinding 
Unwinding loop 7  iteration  1   file 43_1a_cilled_ok_nondet_linux-43_1a-drivers--net--ppp--bsd_comp.ko-ldv_main0_sequence_infinite_withcheck_stateful.cil.out.i line 2038 function bsd_compress
Unwinding loop 7  iteration  2   file 43_1a_cilled_ok_nondet_linux-43_1a-drivers--net--ppp--bsd_comp.ko-ldv_main0_sequence_infinite_withcheck_stateful.cil.out.i line 2038 function bsd_compress
Not unwinding 
Not unwinding 
Symex completed in: 2.353s (22902 assignments)
Slicing time: 0.163s (removed 19372 assignments)
Generated 0 VCC(s), 0 remaining after simplification (3530 assignments)
BMC program time: 2.516s
Building successful trace

VERIFICATION SUCCESSFUL

Solution found by the inductive step (k = 3)

../sv-benchmarks/c/ldv-linux-3.4-simple/43_1a_cilled_ok_nondet_linux-43_1a-drivers--net--ppp--bsd_comp.ko-ldv_main0_sequence_infinite_withcheck_stateful.cil.out.i:2927:1: warning: return type of 'main' is not 'int' [-Wmain-return-type]
void main(void)
^
../sv-benchmarks/c/ldv-linux-3.4-simple/43_1a_cilled_ok_nondet_linux-43_1a-drivers--net--ppp--bsd_comp.ko-ldv_main0_sequence_infinite_withcheck_stateful.cil.out.i:2927:1: note: change return type to 'int'
void main(void)
^~~~
int

TRUE
