./esbmc-wrapper.py -p ../sv-benchmarks/c/properties/unreach-call.prp -s kinduction --arch 32 ../sv-benchmarks/c/float-newlib/double_req_bl_0873b.c


--------------------------------------------------------------------------------


Verifying with ESBMC
Command: ./esbmc --no-div-by-zero-check --force-malloc-success --state-hashing --no-align-check --k-step 2 --floatbv --unlimited-k-steps ../sv-benchmarks/c/float-newlib/double_req_bl_0873b.c --32 --witness-output double_req_bl_0873b.c.graphml --no-pointer-check --no-bounds-check --interval-analysis --k-induction --max-inductive-step 3 
ESBMC version 6.8.0 64-bit x86_64 linux
Target: 32-bit little-endian x86_64-unknown-linux with esbmc libc
file ../sv-benchmarks/c/float-newlib/double_req_bl_0873b.c: Parsing
Converting
Generating GOTO Program
GOTO program creation time: 0.153s
GOTO program processing time: 0.006s
*** Checking base case, k = 1
Starting Bounded Model Checking
Not unwinding 
Not unwinding 
Not unwinding 
Symex completed in: 0.051s (891 assignments)
Slicing time: 0.011s (removed 300 assignments)
Generated 1 VCC(s), 1 remaining after simplification (591 assignments)
No solver specified; defaulting to Boolector
Encoding remaining VCC(s) using bit-vector/floating-point arithmetic
Encoding to solver time: 0.221s
Solving with solver Boolector 3.2.1
Encoding to solver time: 0.221s
Runtime decision procedure: 0.213s
BMC program time: 0.497s
No bug has been found in the base case
*** Checking forward condition, k = 1
Starting Bounded Model Checking
Not unwinding 
Not unwinding 
Not unwinding 
Symex completed in: 0.069s (890 assignments)
Slicing time: 0.001s (removed 837 assignments)
Generated 3 VCC(s), 3 remaining after simplification (53 assignments)
No solver specified; defaulting to Boolector
Encoding remaining VCC(s) using bit-vector/floating-point arithmetic
Encoding to solver time: 0.002s
Solving with solver Boolector 3.2.1
Encoding to solver time: 0.002s
Runtime decision procedure: 0.001s
BMC program time: 0.075s
Building successful trace

VERIFICATION SUCCESSFUL

Solution found by the forward condition; all states are reachable (k = 1


TRUE
