./esbmc-wrapper.py -p ../sv-benchmarks/c/properties/unreach-call.prp -s kinduction --arch 32 ../sv-benchmarks/c/product-lines/email_spec4_product34.cil.c


--------------------------------------------------------------------------------


Verifying with ESBMC
Command: ./esbmc --no-div-by-zero-check --force-malloc-success --state-hashing --no-align-check --k-step 2 --floatbv --unlimited-k-steps ../sv-benchmarks/c/product-lines/email_spec4_product34.cil.c --32 --witness-output email_spec4_product34.cil.c.graphml --no-pointer-check --no-bounds-check --interval-analysis --k-induction --max-inductive-step 3 
ESBMC version 6.8.0 64-bit x86_64 linux
Target: 32-bit little-endian x86_64-unknown-linux with esbmc libc
file ../sv-benchmarks/c/product-lines/email_spec4_product34.cil.c: Parsing
Converting
Generating GOTO Program
GOTO program creation time: 0.182s
GOTO program processing time: 0.185s
*** Checking base case, k = 1
Starting Bounded Model Checking
Not unwinding 
Symex completed in: 0.062s (749 assignments)
Slicing time: 0.001s (removed 710 assignments)
Generated 0 VCC(s), 0 remaining after simplification (39 assignments)
BMC program time: 0.063s
No bug has been found in the base case
*** Checking forward condition, k = 1
Starting Bounded Model Checking
Not unwinding 
Symex completed in: 0.049s (749 assignments)
Slicing time: 0.001s (removed 710 assignments)
Generated 1 VCC(s), 1 remaining after simplification (39 assignments)
No solver specified; defaulting to Boolector
Encoding remaining VCC(s) using bit-vector/floating-point arithmetic
Encoding to solver time: 0.002s
Solving with solver Boolector 3.2.1
Encoding to solver time: 0.002s
Runtime decision procedure: 0.192s
The forward condition is unable to prove the property
*** Checking base case, k = 3
Starting Bounded Model Checking
Unwinding loop 1  iteration  1   file email_spec4_product34.cil.c line 2305 function test
Unwinding loop 1  iteration  2   file email_spec4_product34.cil.c line 2305 function test
Not unwinding 
Symex completed in: 0.517s (5379 assignments)
Slicing time: 0.044s (removed 4475 assignments)
Generated 6 VCC(s), 6 remaining after simplification (904 assignments)
No solver specified; defaulting to Boolector
Encoding remaining VCC(s) using bit-vector/floating-point arithmetic
Encoding to solver time: 0.013s
Solving with solver Boolector 3.2.1
Encoding to solver time: 0.013s
Runtime decision procedure: 0.486s
Building error trace

Counterexample:
bob: 1

rjh: 2

chuck: 3


State 4 file email_spec4_product34.cil.c line 2315 function test thread 0
----------------------------------------------------
  tmp___9 = 0 (00000000 00000000 00000000 00000000)

State 5 file email_spec4_product34.cil.c line 2329 function test thread 0
----------------------------------------------------
  tmp___8 = 0 (00000000 00000000 00000000 00000000)

State 6 file email_spec4_product34.cil.c line 2340 function test thread 0
----------------------------------------------------
  tmp___7 = -2147483648 (10000000 00000000 00000000 00000000)

State 7 file email_spec4_product34.cil.c line 2315 function test thread 0
----------------------------------------------------
  tmp___9 = 0 (00000000 00000000 00000000 00000000)

State 8 file email_spec4_product34.cil.c line 2329 function test thread 0
----------------------------------------------------
  tmp___8 = 0 (00000000 00000000 00000000 00000000)

State 9 file email_spec4_product34.cil.c line 2354 function test thread 0
----------------------------------------------------
  tmp___6 = 0 (00000000 00000000 00000000 00000000)

State 10 file email_spec4_product34.cil.c line 2368 function test thread 0
----------------------------------------------------
  tmp___5 = 0 (00000000 00000000 00000000 00000000)

State 11 file email_spec4_product34.cil.c line 2382 function test thread 0
----------------------------------------------------
  tmp___4 = -2147483648 (10000000 00000000 00000000 00000000)

State 12 file email_spec4_product34.cil.c line 2315 function test thread 0
----------------------------------------------------
  tmp___9 = 0 (00000000 00000000 00000000 00000000)

State 13 file email_spec4_product34.cil.c line 2329 function test thread 0
----------------------------------------------------
  tmp___8 = 0 (00000000 00000000 00000000 00000000)

State 14 file email_spec4_product34.cil.c line 2354 function test thread 0
----------------------------------------------------
  tmp___6 = 0 (00000000 00000000 00000000 00000000)

State 15 file email_spec4_product34.cil.c line 2368 function test thread 0
----------------------------------------------------
  tmp___5 = 0 (00000000 00000000 00000000 00000000)

State 16 file email_spec4_product34.cil.c line 2396 function test thread 0
----------------------------------------------------
  tmp___3 = 0 (00000000 00000000 00000000 00000000)

State 17 file email_spec4_product34.cil.c line 2410 function test thread 0
----------------------------------------------------
  tmp___2 = 0 (00000000 00000000 00000000 00000000)

State 18 file email_spec4_product34.cil.c line 2424 function test thread 0
----------------------------------------------------
  tmp___1 = 0 (00000000 00000000 00000000 00000000)

State 19 file email_spec4_product34.cil.c line 2438 function test thread 0
----------------------------------------------------
  tmp___0 = 0 (00000000 00000000 00000000 00000000)

State 20 file email_spec4_product34.cil.c line 2452 function test thread 0
----------------------------------------------------
  tmp = 0 (00000000 00000000 00000000 00000000)
Please enter a subject and a message body.



State 22 file email_spec4_product34.cil.c line 976 function getClientPrivateKey thread 0
----------------------------------------------------
  retValue_acc = 123 (00000000 00000000 00000000 01111011)

State 23 file email_spec4_product34.cil.c line 1792 function sign thread 0
----------------------------------------------------
  privkey = 123 (00000000 00000000 00000000 01111011)

State 24 file email_spec4_product34.cil.c line 520 function getClientAddressBookSize thread 0
----------------------------------------------------
  retValue_acc = 0 (00000000 00000000 00000000 00000000)

State 25 file email_spec4_product34.cil.c line 1549 function outgoing__wrappee__AddressBook thread 0
----------------------------------------------------
  size = 0 (00000000 00000000 00000000 00000000)
before mail



State 27 file email_spec4_product34.cil.c line 2161 function isSigned thread 0
----------------------------------------------------
  retValue_acc = 1 (00000000 00000000 00000000 00000001)

State 28 file email_spec4_product34.cil.c line 976 function getClientPrivateKey thread 0
----------------------------------------------------
  retValue_acc = 123 (00000000 00000000 00000000 01111011)
mail sent

mail delivered



State 31 file email_spec4_product34.cil.c line 1368 function getClientForwardReceiver thread 0
----------------------------------------------------
  retValue_acc = 3 (00000000 00000000 00000000 00000011)

State 32 file email_spec4_product34.cil.c line 1613 function incoming__wrappee__Forward thread 0
----------------------------------------------------
  fwreceiver = 3 (00000000 00000000 00000000 00000011)

State 33 file email_spec4_product34.cil.c line 1991 function setEmailTo thread 0
----------------------------------------------------
  __ste_email_to0 = 3 (00000000 00000000 00000000 00000011)
Forwarding message.


ID:
  0

FROM:
  1

TO:
  0

IS_READABLE
  0

ENCRYPTED
  0

ENCRYPTION KEY
  0

SIGNED
  0

SIGNATURE
  0

SIGNATURE VERIFIED
  0


State 44 file email_spec4_product34.cil.c line 1720 function is_queue_empty thread 0
----------------------------------------------------
  retValue_acc = 0 (00000000 00000000 00000000 00000000)

State 45 file email_spec4_product34.cil.c line 1738 function get_queued_email thread 0
----------------------------------------------------
  retValue_acc = 1 (00000000 00000000 00000000 00000001)

State 46 file email_spec4_product34.cil.c line 1729 function get_queued_client thread 0
----------------------------------------------------
  retValue_acc = 2 (00000000 00000000 00000000 00000010)

State 47 file email_spec4_product34.cil.c line 980 function getClientPrivateKey thread 0
----------------------------------------------------
  retValue_acc = 0 (00000000 00000000 00000000 00000000)

State 48 file email_spec4_product34.cil.c line 1792 function sign thread 0
----------------------------------------------------
  privkey = 0 (00000000 00000000 00000000 00000000)

State 49 file email_spec4_product34.cil.c line 1549 function outgoing__wrappee__AddressBook thread 0
----------------------------------------------------
  size = 0 (00000000 00000000 00000000 00000000)

State 50 file email_spec4_product34.cil.c line 1488 function mail thread 0
----------------------------------------------------
  __utac__ad__arg1 = 2 (00000000 00000000 00000000 00000010)

State 51 file email_spec4_product34.cil.c line 1489 function mail thread 0
----------------------------------------------------
  __utac__ad__arg2 = 1 (00000000 00000000 00000000 00000001)
before mail



State 53 file email_spec4_product34.cil.c line 2161 function isSigned thread 0
----------------------------------------------------
  retValue_acc = 1 (00000000 00000000 00000000 00000001)

State 54 file email_spec4_product34.cil.c line 980 function getClientPrivateKey thread 0
----------------------------------------------------
  retValue_acc = 0 (00000000 00000000 00000000 00000000)

State 55 file email_spec4_product34.cil.c line 3 function reach_error thread 0
----------------------------------------------------
Violated property:
  file email_spec4_product34.cil.c line 3 function reach_error
  assertion 0
  0


VERIFICATION FAILED

Bug found (k = 3)


FALSE_REACH
