./esbmc-wrapper.py -p ../sv-benchmarks/c/properties/unreach-call.prp -s kinduction --arch 32 ../sv-benchmarks/c/float-newlib/float_req_bl_0610.c


--------------------------------------------------------------------------------


Verifying with ESBMC
Command: ./esbmc --no-div-by-zero-check --force-malloc-success --state-hashing --no-align-check --k-step 2 --floatbv --unlimited-k-steps ../sv-benchmarks/c/float-newlib/float_req_bl_0610.c --32 --witness-output float_req_bl_0610.c.graphml --no-pointer-check --no-bounds-check --interval-analysis --k-induction --max-inductive-step 3 
ESBMC version 6.8.0 64-bit x86_64 linux
Target: 32-bit little-endian x86_64-unknown-linux with esbmc libc
file ../sv-benchmarks/c/float-newlib/float_req_bl_0610.c: Parsing
Converting
Generating GOTO Program
GOTO program creation time: 0.171s
GOTO program processing time: 0.002s
*** Checking base case, k = 1
Starting Bounded Model Checking
Symex completed in: 0.007s (96 assignments)
Slicing time: 0.001s (removed 39 assignments)
Generated 1 VCC(s), 1 remaining after simplification (57 assignments)
No solver specified; defaulting to Boolector
Encoding remaining VCC(s) using bit-vector/floating-point arithmetic
Encoding to solver time: 0.069s
Solving with solver Boolector 3.2.1
Encoding to solver time: 0.069s
Runtime decision procedure: 0.062s
BMC program time: 0.141s
No bug has been found in the base case
*** Checking forward condition, k = 1
Starting Bounded Model Checking
Symex completed in: 0.008s (95 assignments)
Slicing time: 0.000s (removed 94 assignments)
Generated 0 VCC(s), 0 remaining after simplification (1 assignments)
BMC program time: 0.008s
Building successful trace

VERIFICATION SUCCESSFUL

Solution found by the forward condition; all states are reachable (k = 1


TRUE
