./esbmc-wrapper.py -p ../sv-benchmarks/c/properties/unreach-call.prp -s kinduction --arch 32 ../sv-benchmarks/c/eca-rers2012/Problem14_label11.c


--------------------------------------------------------------------------------


Verifying with ESBMC
Command: ./esbmc --no-div-by-zero-check --force-malloc-success --state-hashing --no-align-check --k-step 2 --floatbv --unlimited-k-steps ../sv-benchmarks/c/eca-rers2012/Problem14_label11.c --32 --witness-output Problem14_label11.c.graphml --no-pointer-check --no-bounds-check --interval-analysis --k-induction --max-inductive-step 3 
ESBMC version 6.8.0 64-bit x86_64 linux
Target: 32-bit little-endian x86_64-unknown-linux with esbmc libc
file ../sv-benchmarks/c/eca-rers2012/Problem14_label11.c: Parsing
Converting
Generating GOTO Program
GOTO program creation time: 0.202s
GOTO program processing time: 0.032s
*** Checking base case, k = 1
Starting Bounded Model Checking
Not unwinding 
Symex completed in: 0.009s (87 assignments)
Slicing time: 0.000s (removed 83 assignments)
Generated 0 VCC(s), 0 remaining after simplification (4 assignments)
BMC program time: 0.009s
No bug has been found in the base case
*** Checking forward condition, k = 1
Starting Bounded Model Checking
Not unwinding 
Symex completed in: 0.008s (87 assignments)
Slicing time: 0.000s (removed 83 assignments)
Generated 1 VCC(s), 1 remaining after simplification (4 assignments)
No solver specified; defaulting to Boolector
Encoding remaining VCC(s) using bit-vector/floating-point arithmetic
Encoding to solver time: 0.000s
Solving with solver Boolector 3.2.1
Encoding to solver time: 0.000s
Runtime decision procedure: 0.002s
The forward condition is unable to prove the property
*** Checking base case, k = 3
Starting Bounded Model Checking
Unwinding loop 1  iteration  1   file Problem14_label11.c line 890 function main
Unwinding loop 1  iteration  2   file Problem14_label11.c line 890 function main
Not unwinding 
Symex completed in: 0.074s (2171 assignments)
Slicing time: 0.006s (removed 1813 assignments)
Generated 1 VCC(s), 1 remaining after simplification (358 assignments)
No solver specified; defaulting to Boolector
Encoding remaining VCC(s) using bit-vector/floating-point arithmetic
Encoding to solver time: 0.005s
Solving with solver Boolector 3.2.1
Encoding to solver time: 0.005s
Runtime decision procedure: 0.004s
BMC program time: 0.090s
No bug has been found in the base case
*** Checking forward condition, k = 3
Starting Bounded Model Checking
Unwinding loop 1  iteration  1   file Problem14_label11.c line 890 function main
Unwinding loop 1  iteration  2   file Problem14_label11.c line 890 function main
Not unwinding 
Symex completed in: 0.079s (2170 assignments)
Slicing time: 0.006s (removed 1813 assignments)
Generated 1 VCC(s), 1 remaining after simplification (357 assignments)
No solver specified; defaulting to Boolector
Encoding remaining VCC(s) using bit-vector/floating-point arithmetic
Encoding to solver time: 0.004s
Solving with solver Boolector 3.2.1
Encoding to solver time: 0.004s
Runtime decision procedure: 0.011s
The forward condition is unable to prove the property
*** Checking inductive step, k = 3
Starting Bounded Model Checking
Unwinding loop 1  iteration  1   file Problem14_label11.c line 890 function main
Unwinding loop 1  iteration  2   file Problem14_label11.c line 890 function main
Not unwinding 
Symex completed in: 0.182s (5591 assignments)
Slicing time: 0.109s (removed 2406 assignments)
Generated 1 VCC(s), 1 remaining after simplification (3185 assignments)
No solver specified; defaulting to Boolector
Encoding remaining VCC(s) using bit-vector/floating-point arithmetic
Encoding to solver time: 0.068s
Solving with solver Boolector 3.2.1
Encoding to solver time: 0.068s
Runtime decision procedure: 8.643s
The inductive step is unable to prove the property
*** Checking base case, k = 5
Starting Bounded Model Checking
Unwinding loop 1  iteration  1   file Problem14_label11.c line 890 function main
Unwinding loop 1  iteration  2   file Problem14_label11.c line 890 function main
Unwinding loop 1  iteration  3   file Problem14_label11.c line 890 function main
Unwinding loop 1  iteration  4   file Problem14_label11.c line 890 function main
Not unwinding 
Symex completed in: 0.207s (5527 assignments)
Slicing time: 0.039s (removed 3057 assignments)
Generated 3 VCC(s), 3 remaining after simplification (2470 assignments)
No solver specified; defaulting to Boolector
Encoding remaining VCC(s) using bit-vector/floating-point arithmetic
Encoding to solver time: 0.045s
Solving with solver Boolector 3.2.1
Encoding to solver time: 0.045s
Runtime decision procedure: 0.690s
BMC program time: 0.982s
No bug has been found in the base case
*** Checking forward condition, k = 5
Starting Bounded Model Checking
Unwinding loop 1  iteration  1   file Problem14_label11.c line 890 function main
Unwinding loop 1  iteration  2   file Problem14_label11.c line 890 function main
Unwinding loop 1  iteration  3   file Problem14_label11.c line 890 function main
Unwinding loop 1  iteration  4   file Problem14_label11.c line 890 function main
Not unwinding 
Symex completed in: 0.210s (5524 assignments)
Slicing time: 0.035s (removed 3057 assignments)
Generated 1 VCC(s), 1 remaining after simplification (2467 assignments)
No solver specified; defaulting to Boolector
Encoding remaining VCC(s) using bit-vector/floating-point arithmetic
Encoding to solver time: 0.045s
Solving with solver Boolector 3.2.1
Encoding to solver time: 0.045s
Runtime decision procedure: 3.880s
The forward condition is unable to prove the property
*** Checking base case, k = 7
Starting Bounded Model Checking
Unwinding loop 1  iteration  1   file Problem14_label11.c line 890 function main
Unwinding loop 1  iteration  2   file Problem14_label11.c line 890 function main
Unwinding loop 1  iteration  3   file Problem14_label11.c line 890 function main
Unwinding loop 1  iteration  4   file Problem14_label11.c line 890 function main
Unwinding loop 1  iteration  5   file Problem14_label11.c line 890 function main
Unwinding loop 1  iteration  6   file Problem14_label11.c line 890 function main
Not unwinding 
Symex completed in: 0.329s (8883 assignments)
Slicing time: 0.068s (removed 4295 assignments)
Generated 5 VCC(s), 5 remaining after simplification (4588 assignments)
No solver specified; defaulting to Boolector
Encoding remaining VCC(s) using bit-vector/floating-point arithmetic
Encoding to solver time: 0.083s
Solving with solver Boolector 3.2.1
Encoding to solver time: 0.083s
Runtime decision procedure: 11.775s
BMC program time: 12.256s
No bug has been found in the base case
*** Checking forward condition, k = 7
Starting Bounded Model Checking
Unwinding loop 1  iteration  1   file Problem14_label11.c line 890 function main
Unwinding loop 1  iteration  2   file Problem14_label11.c line 890 function main
Unwinding loop 1  iteration  3   file Problem14_label11.c line 890 function main
Unwinding loop 1  iteration  4   file Problem14_label11.c line 890 function main
Unwinding loop 1  iteration  5   file Problem14_label11.c line 890 function main
Unwinding loop 1  iteration  6   file Problem14_label11.c line 890 function main
Not unwinding 
Symex completed in: 0.352s (8878 assignments)
Slicing time: 0.068s (removed 4295 assignments)
Generated 1 VCC(s), 1 remaining after simplification (4583 assignments)
No solver specified; defaulting to Boolector
Encoding remaining VCC(s) using bit-vector/floating-point arithmetic
Encoding to solver time: 0.088s
Solving with solver Boolector 3.2.1
Encoding to solver time: 0.088s
Runtime decision procedure: 11.446s
The forward condition is unable to prove the property
*** Checking base case, k = 9
Starting Bounded Model Checking
Unwinding loop 1  iteration  1   file Problem14_label11.c line 890 function main
Unwinding loop 1  iteration  2   file Problem14_label11.c line 890 function main
Unwinding loop 1  iteration  3   file Problem14_label11.c line 890 function main
Unwinding loop 1  iteration  4   file Problem14_label11.c line 890 function main
Unwinding loop 1  iteration  5   file Problem14_label11.c line 890 function main
Unwinding loop 1  iteration  6   file Problem14_label11.c line 890 function main
Unwinding loop 1  iteration  7   file Problem14_label11.c line 890 function main
Unwinding loop 1  iteration  8   file Problem14_label11.c line 890 function main
Not unwinding 
Symex completed in: 0.486s (12239 assignments)
Slicing time: 0.102s (removed 5533 assignments)
Generated 7 VCC(s), 7 remaining after simplification (6706 assignments)
No solver specified; defaulting to Boolector
Encoding remaining VCC(s) using bit-vector/floating-point arithmetic
Encoding to solver time: 0.126s
Solving with solver Boolector 3.2.1
Encoding to solver time: 0.126s
Runtime decision procedure: 14.516s
BMC program time: 15.231s
No bug has been found in the base case
*** Checking forward condition, k = 9
Starting Bounded Model Checking
Unwinding loop 1  iteration  1   file Problem14_label11.c line 890 function main
Unwinding loop 1  iteration  2   file Problem14_label11.c line 890 function main
Unwinding loop 1  iteration  3   file Problem14_label11.c line 890 function main
Unwinding loop 1  iteration  4   file Problem14_label11.c line 890 function main
Unwinding loop 1  iteration  5   file Problem14_label11.c line 890 function main
Unwinding loop 1  iteration  6   file Problem14_label11.c line 890 function main
Unwinding loop 1  iteration  7   file Problem14_label11.c line 890 function main
Unwinding loop 1  iteration  8   file Problem14_label11.c line 890 function main
Not unwinding 
Symex completed in: 0.498s (12232 assignments)
Slicing time: 0.098s (removed 5533 assignments)
Generated 1 VCC(s), 1 remaining after simplification (6699 assignments)
No solver specified; defaulting to Boolector
Encoding remaining VCC(s) using bit-vector/floating-point arithmetic
Encoding to solver time: 0.129s
Solving with solver Boolector 3.2.1
Encoding to solver time: 0.129s
Runtime decision procedure: 33.600s
The forward condition is unable to prove the property
*** Checking base case, k = 11
Starting Bounded Model Checking
Unwinding loop 1  iteration  1   file Problem14_label11.c line 890 function main
Unwinding loop 1  iteration  2   file Problem14_label11.c line 890 function main
Unwinding loop 1  iteration  3   file Problem14_label11.c line 890 function main
Unwinding loop 1  iteration  4   file Problem14_label11.c line 890 function main
Unwinding loop 1  iteration  5   file Problem14_label11.c line 890 function main
Unwinding loop 1  iteration  6   file Problem14_label11.c line 890 function main
Unwinding loop 1  iteration  7   file Problem14_label11.c line 890 function main
Unwinding loop 1  iteration  8   file Problem14_label11.c line 890 function main
Unwinding loop 1  iteration  9   file Problem14_label11.c line 890 function main
Unwinding loop 1  iteration  10   file Problem14_label11.c line 890 function main
Not unwinding 
Symex completed in: 0.638s (15595 assignments)
Slicing time: 0.132s (removed 6771 assignments)
Generated 9 VCC(s), 9 remaining after simplification (8824 assignments)
No solver specified; defaulting to Boolector
Encoding remaining VCC(s) using bit-vector/floating-point arithmetic
Encoding to solver time: 0.182s
Solving with solver Boolector 3.2.1
Encoding to solver time: 0.182s
Runtime decision procedure: 23.058s
BMC program time: 24.011s
No bug has been found in the base case
*** Checking forward condition, k = 11
Starting Bounded Model Checking
Unwinding loop 1  iteration  1   file Problem14_label11.c line 890 function main
Unwinding loop 1  iteration  2   file Problem14_label11.c line 890 function main
Unwinding loop 1  iteration  3   file Problem14_label11.c line 890 function main
Unwinding loop 1  iteration  4   file Problem14_label11.c line 890 function main
Unwinding loop 1  iteration  5   file Problem14_label11.c line 890 function main
Unwinding loop 1  iteration  6   file Problem14_label11.c line 890 function main
Unwinding loop 1  iteration  7   file Problem14_label11.c line 890 function main
Unwinding loop 1  iteration  8   file Problem14_label11.c line 890 function main
Unwinding loop 1  iteration  9   file Problem14_label11.c line 890 function main
Unwinding loop 1  iteration  10   file Problem14_label11.c line 890 function main
Not unwinding 
Symex completed in: 0.648s (15586 assignments)
Slicing time: 0.130s (removed 6771 assignments)
Generated 1 VCC(s), 1 remaining after simplification (8815 assignments)
No solver specified; defaulting to Boolector
Encoding remaining VCC(s) using bit-vector/floating-point arithmetic
Encoding to solver time: 0.189s
Solving with solver Boolector 3.2.1
Encoding to solver time: 0.189s
Runtime decision procedure: 27.338s
The forward condition is unable to prove the property
*** Checking base case, k = 13
Starting Bounded Model Checking
Unwinding loop 1  iteration  1   file Problem14_label11.c line 890 function main
Unwinding loop 1  iteration  2   file Problem14_label11.c line 890 function main
Unwinding loop 1  iteration  3   file Problem14_label11.c line 890 function main
Unwinding loop 1  iteration  4   file Problem14_label11.c line 890 function main
Unwinding loop 1  iteration  5   file Problem14_label11.c line 890 function main
Unwinding loop 1  iteration  6   file Problem14_label11.c line 890 function main
Unwinding loop 1  iteration  7   file Problem14_label11.c line 890 function main
Unwinding loop 1  iteration  8   file Problem14_label11.c line 890 function main
Unwinding loop 1  iteration  9   file Problem14_label11.c line 890 function main
Unwinding loop 1  iteration  10   file Problem14_label11.c line 890 function main
Unwinding loop 1  iteration  11   file Problem14_label11.c line 890 function main
Unwinding loop 1  iteration  12   file Problem14_label11.c line 890 function main
Not unwinding 
Symex completed in: 0.825s (18951 assignments)
Slicing time: 0.163s (removed 8009 assignments)
Generated 11 VCC(s), 11 remaining after simplification (10942 assignments)
No solver specified; defaulting to Boolector
Encoding remaining VCC(s) using bit-vector/floating-point arithmetic
Encoding to solver time: 0.223s
Solving with solver Boolector 3.2.1
Encoding to solver time: 0.223s
Runtime decision procedure: 147.105s
Building error trace

Counterexample:

State 1 file Problem14_label11.c line 894 function main thread 0
----------------------------------------------------
  input = 5 (00000000 00000000 00000000 00000101)

State 2 file Problem14_label11.c line 894 function main thread 0
----------------------------------------------------
  input = 6 (00000000 00000000 00000000 00000110)

State 3 file Problem14_label11.c line 894 function main thread 0
----------------------------------------------------
  input = 1 (00000000 00000000 00000000 00000001)

State 4 file Problem14_label11.c line 894 function main thread 0
----------------------------------------------------
  input = 5 (00000000 00000000 00000000 00000101)

State 5 file Problem14_label11.c line 894 function main thread 0
----------------------------------------------------
  input = 5 (00000000 00000000 00000000 00000101)

State 6 file Problem14_label11.c line 848 function calculate_output thread 0
----------------------------------------------------
  a12 = 69 (00000000 00000000 00000000 01000101)

State 7 file Problem14_label11.c line 894 function main thread 0
----------------------------------------------------
  input = 2 (00000000 00000000 00000000 00000010)

State 8 file Problem14_label11.c line 258 function calculate_output thread 0
----------------------------------------------------
  a12 = 73280 (00000000 00000001 00011110 01000000)

State 9 file Problem14_label11.c line 894 function main thread 0
----------------------------------------------------
  input = 5 (00000000 00000000 00000000 00000101)

State 10 file Problem14_label11.c line 859 function calculate_output thread 0
----------------------------------------------------
  a12 = -526769 (11111111 11110111 11110110 01001111)

State 11 file Problem14_label11.c line 894 function main thread 0
----------------------------------------------------
  input = 3 (00000000 00000000 00000000 00000011)

State 12 file Problem14_label11.c line 894 function main thread 0
----------------------------------------------------
  input = 2 (00000000 00000000 00000000 00000010)

State 13 file Problem14_label11.c line 632 function calculate_output thread 0
----------------------------------------------------
  a12 = -24 (11111111 11111111 11111111 11101000)

State 14 file Problem14_label11.c line 894 function main thread 0
----------------------------------------------------
  input = 4 (00000000 00000000 00000000 00000100)

State 15 file Problem14_label11.c line 894 function main thread 0
----------------------------------------------------
  input = 3 (00000000 00000000 00000000 00000011)

State 16 file Problem14_label11.c line 478 function calculate_output thread 0
----------------------------------------------------
  a12 = 37 (00000000 00000000 00000000 00100101)

State 17 file Problem14_label11.c line 894 function main thread 0
----------------------------------------------------
  input = 5 (00000000 00000000 00000000 00000101)

State 18 file Problem14_label11.c line 894 function main thread 0
----------------------------------------------------
  input = 1 (00000000 00000000 00000000 00000001)

State 19 file Problem14_label11.c line 12 function reach_error thread 0
----------------------------------------------------
Violated property:
  file Problem14_label11.c line 12 function reach_error
  assertion 0
  0


VERIFICATION FAILED

Bug found (k = 13)


FALSE_REACH
