./esbmc-wrapper.py -p ../sv-benchmarks/c/properties/unreach-call.prp -s kinduction --arch 32 ../sv-benchmarks/c/seq-mthreaded/rekh_nxt.1.M4-2.c


--------------------------------------------------------------------------------


Verifying with ESBMC
Command: ./esbmc --no-div-by-zero-check --force-malloc-success --state-hashing --no-align-check --k-step 2 --floatbv --unlimited-k-steps ../sv-benchmarks/c/seq-mthreaded/rekh_nxt.1.M4-2.c --32 --witness-output rekh_nxt.1.M4-2.c.graphml --no-pointer-check --no-bounds-check --interval-analysis --k-induction --max-inductive-step 3 
ESBMC version 6.8.0 64-bit x86_64 linux
Target: 32-bit little-endian x86_64-unknown-linux with esbmc libc
file ../sv-benchmarks/c/seq-mthreaded/rekh_nxt.1.M4-2.c: Parsing
Converting
Generating GOTO Program
GOTO program creation time: 0.271s
GOTO program processing time: 0.200s
*** Checking base case, k = 1
Starting Bounded Model Checking
Not unwinding 
Not unwinding 
Not unwinding 
Not unwinding 
Not unwinding 
Not unwinding 
Not unwinding 
Not unwinding 
Not unwinding 
Not unwinding 
Not unwinding 
Not unwinding 
Not unwinding 
Not unwinding 
Not unwinding 
Not unwinding 
Not unwinding 
Not unwinding 
Not unwinding 
Not unwinding 
Not unwinding 
Not unwinding 
Not unwinding 
Not unwinding 
Not unwinding 
Not unwinding 
Not unwinding 
Not unwinding 
Not unwinding 
Not unwinding 
Not unwinding 
Not unwinding 
Not unwinding 
Not unwinding 
Not unwinding 
Not unwinding 
Not unwinding 
Not unwinding 
Not unwinding 
Not unwinding 
Not unwinding 
Not unwinding 
Not unwinding 
Not unwinding 
Not unwinding 
Not unwinding 
Not unwinding 
Not unwinding 
Not unwinding 
Not unwinding 
Not unwinding 
Not unwinding 
Not unwinding 
Not unwinding 
Not unwinding 
Not unwinding 
Not unwinding 
Not unwinding 
Not unwinding 
Not unwinding 
Not unwinding 
Not unwinding 
Not unwinding 
Not unwinding 
Not unwinding 
Not unwinding 
Not unwinding 
Not unwinding 
Not unwinding 
Not unwinding 
Not unwinding 
Not unwinding 
Not unwinding 
Not unwinding 
Not unwinding 
Not unwinding 
Not unwinding 
Not unwinding 
Not unwinding 
Not unwinding 
Not unwinding 
Not unwinding 
Not unwinding 
Not unwinding 
Not unwinding 
Not unwinding 
Not unwinding 
Not unwinding 
Not unwinding 
Not unwinding 
Not unwinding 
Not unwinding 
Not unwinding 
Not unwinding 
Not unwinding 
Not unwinding 
Symex completed in: 4.984s (25145 assignments)
Slicing time: 0.726s (removed 13681 assignments)
Generated 1 VCC(s), 1 remaining after simplification (11464 assignments)
No solver specified; defaulting to Boolector
Encoding remaining VCC(s) using bit-vector/floating-point arithmetic
Encoding to solver time: 0.193s
Solving with solver Boolector 3.2.1
Encoding to solver time: 0.193s
Runtime decision procedure: 3.520s
BMC program time: 9.424s
No bug has been found in the base case
*** Checking forward condition, k = 1
Starting Bounded Model Checking
Not unwinding 
Not unwinding 
Not unwinding 
Not unwinding 
Not unwinding 
Not unwinding 
Not unwinding 
Not unwinding 
Not unwinding 
Not unwinding 
Not unwinding 
Not unwinding 
Not unwinding 
Not unwinding 
Not unwinding 
Not unwinding 
Not unwinding 
Not unwinding 
Not unwinding 
Not unwinding 
Not unwinding 
Not unwinding 
Not unwinding 
Not unwinding 
Not unwinding 
Not unwinding 
Not unwinding 
Not unwinding 
Not unwinding 
Not unwinding 
Not unwinding 
Not unwinding 
Not unwinding 
Not unwinding 
Not unwinding 
Not unwinding 
Not unwinding 
Not unwinding 
Not unwinding 
Not unwinding 
Not unwinding 
Not unwinding 
Not unwinding 
Not unwinding 
Not unwinding 
Not unwinding 
Not unwinding 
Not unwinding 
Not unwinding 
Not unwinding 
Not unwinding 
Not unwinding 
Not unwinding 
Not unwinding 
Not unwinding 
Not unwinding 
Not unwinding 
Not unwinding 
Not unwinding 
Not unwinding 
Not unwinding 
Not unwinding 
Not unwinding 
Not unwinding 
Not unwinding 
Not unwinding 
Not unwinding 
Not unwinding 
Not unwinding 
Not unwinding 
Not unwinding 
Not unwinding 
Not unwinding 
Not unwinding 
Not unwinding 
Not unwinding 
Not unwinding 
Not unwinding 
Not unwinding 
Not unwinding 
Not unwinding 
Not unwinding 
Not unwinding 
Not unwinding 
Not unwinding 
Not unwinding 
Not unwinding 
Not unwinding 
Not unwinding 
Not unwinding 
Not unwinding 
Not unwinding 
Not unwinding 
Not unwinding 
Not unwinding 
Not unwinding 
Symex completed in: 6.829s (25144 assignments)
Slicing time: 0.738s (removed 13681 assignments)
Generated 96 VCC(s), 96 remaining after simplification (11463 assignments)
No solver specified; defaulting to Boolector
Encoding remaining VCC(s) using bit-vector/floating-point arithmetic
Encoding to solver time: 0.205s
Solving with solver Boolector 3.2.1
Encoding to solver time: 0.205s
Runtime decision procedure: 175.908s
The forward condition is unable to prove the property
*** Checking base case, k = 3
Starting Bounded Model Checking
Unwinding loop 1  iteration  1   file rekh_nxt.1.M4-2.c line 222 function OSEK_Task_ts1
Unwinding loop 1  iteration  2   file rekh_nxt.1.M4-2.c line 222 function OSEK_Task_ts1
Unwinding loop 1  iteration  1   file rekh_nxt.1.M4-2.c line 222 function OSEK_Task_ts1
Unwinding loop 1  iteration  2   file rekh_nxt.1.M4-2.c line 222 function OSEK_Task_ts1
Unwinding loop 1  iteration  1   file rekh_nxt.1.M4-2.c line 222 function OSEK_Task_ts1
Unwinding loop 1  iteration  2   file rekh_nxt.1.M4-2.c line 222 function OSEK_Task_ts1
Unwinding loop 1  iteration  1   file rekh_nxt.1.M4-2.c line 222 function OSEK_Task_ts1
Unwinding loop 1  iteration  2   file rekh_nxt.1.M4-2.c line 222 function OSEK_Task_ts1
Unwinding loop 1  iteration  1   file rekh_nxt.1.M4-2.c line 222 function OSEK_Task_ts1
Unwinding loop 1  iteration  2   file rekh_nxt.1.M4-2.c line 222 function OSEK_Task_ts1
Unwinding loop 1  iteration  1   file rekh_nxt.1.M4-2.c line 222 function OSEK_Task_ts1
Unwinding loop 1  iteration  2   file rekh_nxt.1.M4-2.c line 222 function OSEK_Task_ts1
Unwinding loop 1  iteration  1   file rekh_nxt.1.M4-2.c line 222 function OSEK_Task_ts1
Unwinding loop 1  iteration  2   file rekh_nxt.1.M4-2.c line 222 function OSEK_Task_ts1
Unwinding loop 1  iteration  1   file rekh_nxt.1.M4-2.c line 222 function OSEK_Task_ts1
Unwinding loop 1  iteration  2   file rekh_nxt.1.M4-2.c line 222 function OSEK_Task_ts1
Unwinding loop 1  iteration  1   file rekh_nxt.1.M4-2.c line 222 function OSEK_Task_ts1
Unwinding loop 1  iteration  2   file rekh_nxt.1.M4-2.c line 222 function OSEK_Task_ts1
Unwinding loop 1  iteration  1   file rekh_nxt.1.M4-2.c line 222 function OSEK_Task_ts1
Unwinding loop 1  iteration  2   file rekh_nxt.1.M4-2.c line 222 function OSEK_Task_ts1
Unwinding loop 1  iteration  1   file rekh_nxt.1.M4-2.c line 222 function OSEK_Task_ts1
Unwinding loop 1  iteration  2   file rekh_nxt.1.M4-2.c line 222 function OSEK_Task_ts1
Unwinding loop 1  iteration  1   file rekh_nxt.1.M4-2.c line 222 function OSEK_Task_ts1
Unwinding loop 1  iteration  2   file rekh_nxt.1.M4-2.c line 222 function OSEK_Task_ts1
Unwinding loop 1  iteration  1   file rekh_nxt.1.M4-2.c line 222 function OSEK_Task_ts1
Unwinding loop 1  iteration  2   file rekh_nxt.1.M4-2.c line 222 function OSEK_Task_ts1
Unwinding loop 1  iteration  1   file rekh_nxt.1.M4-2.c line 222 function OSEK_Task_ts1
Unwinding loop 1  iteration  2   file rekh_nxt.1.M4-2.c line 222 function OSEK_Task_ts1
Unwinding loop 1  iteration  1   file rekh_nxt.1.M4-2.c line 222 function OSEK_Task_ts1
Unwinding loop 1  iteration  2   file rekh_nxt.1.M4-2.c line 222 function OSEK_Task_ts1
Unwinding loop 1  iteration  1   file rekh_nxt.1.M4-2.c line 222 function OSEK_Task_ts1
Unwinding loop 1  iteration  2   file rekh_nxt.1.M4-2.c line 222 function OSEK_Task_ts1
Unwinding loop 1  iteration  1   file rekh_nxt.1.M4-2.c line 222 function OSEK_Task_ts1
Unwinding loop 1  iteration  2   file rekh_nxt.1.M4-2.c line 222 function OSEK_Task_ts1
Unwinding loop 1  iteration  1   file rekh_nxt.1.M4-2.c line 222 function OSEK_Task_ts1
Unwinding loop 1  iteration  2   file rekh_nxt.1.M4-2.c line 222 function OSEK_Task_ts1
Unwinding loop 1  iteration  1   file rekh_nxt.1.M4-2.c line 222 function OSEK_Task_ts1
Unwinding loop 1  iteration  2   file rekh_nxt.1.M4-2.c line 222 function OSEK_Task_ts1
Unwinding loop 1  iteration  1   file rekh_nxt.1.M4-2.c line 222 function OSEK_Task_ts1
Unwinding loop 1  iteration  2   file rekh_nxt.1.M4-2.c line 222 function OSEK_Task_ts1
Unwinding loop 1  iteration  1   file rekh_nxt.1.M4-2.c line 222 function OSEK_Task_ts1
Unwinding loop 1  iteration  2   file rekh_nxt.1.M4-2.c line 222 function OSEK_Task_ts1
Unwinding loop 1  iteration  1   file rekh_nxt.1.M4-2.c line 222 function OSEK_Task_ts1
Unwinding loop 1  iteration  2   file rekh_nxt.1.M4-2.c line 222 function OSEK_Task_ts1
Unwinding loop 1  iteration  1   file rekh_nxt.1.M4-2.c line 222 function OSEK_Task_ts1
Unwinding loop 1  iteration  2   file rekh_nxt.1.M4-2.c line 222 function OSEK_Task_ts1
Unwinding loop 1  iteration  1   file rekh_nxt.1.M4-2.c line 222 function OSEK_Task_ts1
Unwinding loop 1  iteration  2   file rekh_nxt.1.M4-2.c line 222 function OSEK_Task_ts1
Unwinding loop 1  iteration  1   file rekh_nxt.1.M4-2.c line 222 function OSEK_Task_ts1
Unwinding loop 1  iteration  2   file rekh_nxt.1.M4-2.c line 222 function OSEK_Task_ts1
Unwinding loop 1  iteration  1   file rekh_nxt.1.M4-2.c line 222 function OSEK_Task_ts1
Unwinding loop 1  iteration  2   file rekh_nxt.1.M4-2.c line 222 function OSEK_Task_ts1
Unwinding loop 1  iteration  1   file rekh_nxt.1.M4-2.c line 222 function OSEK_Task_ts1
Unwinding loop 1  iteration  2   file rekh_nxt.1.M4-2.c line 222 function OSEK_Task_ts1
Unwinding loop 1  iteration  1   file rekh_nxt.1.M4-2.c line 222 function OSEK_Task_ts1
Unwinding loop 1  iteration  2   file rekh_nxt.1.M4-2.c line 222 function OSEK_Task_ts1
Unwinding loop 1  iteration  1   file rekh_nxt.1.M4-2.c line 222 function OSEK_Task_ts1
Unwinding loop 1  iteration  2   file rekh_nxt.1.M4-2.c line 222 function OSEK_Task_ts1
Unwinding loop 1  iteration  1   file rekh_nxt.1.M4-2.c line 222 function OSEK_Task_ts1
Unwinding loop 1  iteration  2   file rekh_nxt.1.M4-2.c line 222 function OSEK_Task_ts1
Unwinding loop 1  iteration  1   file rekh_nxt.1.M4-2.c line 222 function OSEK_Task_ts1
Unwinding loop 1  iteration  2   file rekh_nxt.1.M4-2.c line 222 function OSEK_Task_ts1
Unwinding loop 1  iteration  1   file rekh_nxt.1.M4-2.c line 222 function OSEK_Task_ts1
Unwinding loop 1  iteration  2   file rekh_nxt.1.M4-2.c line 222 function OSEK_Task_ts1
Unwinding loop 1  iteration  1   file rekh_nxt.1.M4-2.c line 222 function OSEK_Task_ts1
Unwinding loop 1  iteration  2   file rekh_nxt.1.M4-2.c line 222 function OSEK_Task_ts1
Unwinding loop 1  iteration  1   file rekh_nxt.1.M4-2.c line 222 function OSEK_Task_ts1
Unwinding loop 1  iteration  2   file rekh_nxt.1.M4-2.c line 222 function OSEK_Task_ts1
Unwinding loop 1  iteration  1   file rekh_nxt.1.M4-2.c line 222 function OSEK_Task_ts1
Unwinding loop 1  iteration  2   file rekh_nxt.1.M4-2.c line 222 function OSEK_Task_ts1
Unwinding loop 1  iteration  1   file rekh_nxt.1.M4-2.c line 222 function OSEK_Task_ts1
Unwinding loop 1  iteration  2   file rekh_nxt.1.M4-2.c line 222 function OSEK_Task_ts1
Unwinding loop 1  iteration  1   file rekh_nxt.1.M4-2.c line 222 function OSEK_Task_ts1
Unwinding loop 1  iteration  2   file rekh_nxt.1.M4-2.c line 222 function OSEK_Task_ts1
Unwinding loop 1  iteration  1   file rekh_nxt.1.M4-2.c line 222 function OSEK_Task_ts1
Unwinding loop 1  iteration  2   file rekh_nxt.1.M4-2.c line 222 function OSEK_Task_ts1
Unwinding loop 1  iteration  1   file rekh_nxt.1.M4-2.c line 222 function OSEK_Task_ts1
Unwinding loop 1  iteration  2   file rekh_nxt.1.M4-2.c line 222 function OSEK_Task_ts1
Unwinding loop 1  iteration  1   file rekh_nxt.1.M4-2.c line 222 function OSEK_Task_ts1
Unwinding loop 1  iteration  2   file rekh_nxt.1.M4-2.c line 222 function OSEK_Task_ts1
Unwinding loop 1  iteration  1   file rekh_nxt.1.M4-2.c line 222 function OSEK_Task_ts1
Unwinding loop 1  iteration  2   file rekh_nxt.1.M4-2.c line 222 function OSEK_Task_ts1
Unwinding loop 1  iteration  1   file rekh_nxt.1.M4-2.c line 222 function OSEK_Task_ts1
Unwinding loop 1  iteration  2   file rekh_nxt.1.M4-2.c line 222 function OSEK_Task_ts1
Unwinding loop 1  iteration  1   file rekh_nxt.1.M4-2.c line 222 function OSEK_Task_ts1
Unwinding loop 1  iteration  2   file rekh_nxt.1.M4-2.c line 222 function OSEK_Task_ts1
Unwinding loop 1  iteration  1   file rekh_nxt.1.M4-2.c line 222 function OSEK_Task_ts1
Unwinding loop 1  iteration  2   file rekh_nxt.1.M4-2.c line 222 function OSEK_Task_ts1
Unwinding loop 1  iteration  1   file rekh_nxt.1.M4-2.c line 222 function OSEK_Task_ts1
Unwinding loop 1  iteration  2   file rekh_nxt.1.M4-2.c line 222 function OSEK_Task_ts1
Unwinding loop 1  iteration  1   file rekh_nxt.1.M4-2.c line 222 function OSEK_Task_ts1
Unwinding loop 1  iteration  2   file rekh_nxt.1.M4-2.c line 222 function OSEK_Task_ts1
Unwinding loop 1  iteration  1   file rekh_nxt.1.M4-2.c line 222 function OSEK_Task_ts1
Unwinding loop 1  iteration  2   file rekh_nxt.1.M4-2.c line 222 function OSEK_Task_ts1
Unwinding loop 1  iteration  1   file rekh_nxt.1.M4-2.c line 222 function OSEK_Task_ts1
Unwinding loop 1  iteration  2   file rekh_nxt.1.M4-2.c line 222 function OSEK_Task_ts1
Unwinding loop 1  iteration  1   file rekh_nxt.1.M4-2.c line 222 function OSEK_Task_ts1
Unwinding loop 1  iteration  2   file rekh_nxt.1.M4-2.c line 222 function OSEK_Task_ts1
Unwinding loop 1  iteration  1   file rekh_nxt.1.M4-2.c line 222 function OSEK_Task_ts1
Unwinding loop 1  iteration  2   file rekh_nxt.1.M4-2.c line 222 function OSEK_Task_ts1
Unwinding loop 1  iteration  1   file rekh_nxt.1.M4-2.c line 222 function OSEK_Task_ts1
Unwinding loop 1  iteration  2   file rekh_nxt.1.M4-2.c line 222 function OSEK_Task_ts1
Unwinding loop 1  iteration  1   file rekh_nxt.1.M4-2.c line 222 function OSEK_Task_ts1
Unwinding loop 1  iteration  2   file rekh_nxt.1.M4-2.c line 222 function OSEK_Task_ts1
Unwinding loop 1  iteration  1   file rekh_nxt.1.M4-2.c line 222 function OSEK_Task_ts1
Unwinding loop 1  iteration  2   file rekh_nxt.1.M4-2.c line 222 function OSEK_Task_ts1
Unwinding loop 1  iteration  1   file rekh_nxt.1.M4-2.c line 222 function OSEK_Task_ts1
Unwinding loop 1  iteration  2   file rekh_nxt.1.M4-2.c line 222 function OSEK_Task_ts1
Unwinding loop 1  iteration  1   file rekh_nxt.1.M4-2.c line 222 function OSEK_Task_ts1
Unwinding loop 1  iteration  2   file rekh_nxt.1.M4-2.c line 222 function OSEK_Task_ts1
Unwinding loop 1  iteration  1   file rekh_nxt.1.M4-2.c line 222 function OSEK_Task_ts1
Unwinding loop 1  iteration  2   file rekh_nxt.1.M4-2.c line 222 function OSEK_Task_ts1
Unwinding loop 1  iteration  1   file rekh_nxt.1.M4-2.c line 222 function OSEK_Task_ts1
Unwinding loop 1  iteration  2   file rekh_nxt.1.M4-2.c line 222 function OSEK_Task_ts1
Unwinding loop 1  iteration  1   file rekh_nxt.1.M4-2.c line 222 function OSEK_Task_ts1
Unwinding loop 1  iteration  2   file rekh_nxt.1.M4-2.c line 222 function OSEK_Task_ts1
Unwinding loop 1  iteration  1   file rekh_nxt.1.M4-2.c line 222 function OSEK_Task_ts1
Unwinding loop 1  iteration  2   file rekh_nxt.1.M4-2.c line 222 function OSEK_Task_ts1
Unwinding loop 1  iteration  1   file rekh_nxt.1.M4-2.c line 222 function OSEK_Task_ts1
Unwinding loop 1  iteration  2   file rekh_nxt.1.M4-2.c line 222 function OSEK_Task_ts1
Unwinding loop 1  iteration  1   file rekh_nxt.1.M4-2.c line 222 function OSEK_Task_ts1
Unwinding loop 1  iteration  2   file rekh_nxt.1.M4-2.c line 222 function OSEK_Task_ts1
Unwinding loop 1  iteration  1   file rekh_nxt.1.M4-2.c line 222 function OSEK_Task_ts1
Unwinding loop 1  iteration  2   file rekh_nxt.1.M4-2.c line 222 function OSEK_Task_ts1
Unwinding loop 1  iteration  1   file rekh_nxt.1.M4-2.c line 222 function OSEK_Task_ts1
Unwinding loop 1  iteration  2   file rekh_nxt.1.M4-2.c line 222 function OSEK_Task_ts1
Unwinding loop 1  iteration  1   file rekh_nxt.1.M4-2.c line 222 function OSEK_Task_ts1
Unwinding loop 1  iteration  2   file rekh_nxt.1.M4-2.c line 222 function OSEK_Task_ts1
Unwinding loop 1  iteration  1   file rekh_nxt.1.M4-2.c line 222 function OSEK_Task_ts1
Unwinding loop 1  iteration  2   file rekh_nxt.1.M4-2.c line 222 function OSEK_Task_ts1
Unwinding loop 1  iteration  1   file rekh_nxt.1.M4-2.c line 222 function OSEK_Task_ts1
Unwinding loop 1  iteration  2   file rekh_nxt.1.M4-2.c line 222 function OSEK_Task_ts1
Unwinding loop 1  iteration  1   file rekh_nxt.1.M4-2.c line 222 function OSEK_Task_ts1
Unwinding loop 1  iteration  2   file rekh_nxt.1.M4-2.c line 222 function OSEK_Task_ts1
Unwinding loop 1  iteration  1   file rekh_nxt.1.M4-2.c line 222 function OSEK_Task_ts1
Unwinding loop 1  iteration  2   file rekh_nxt.1.M4-2.c line 222 function OSEK_Task_ts1
Unwinding loop 1  iteration  1   file rekh_nxt.1.M4-2.c line 222 function OSEK_Task_ts1
Unwinding loop 1  iteration  2   file rekh_nxt.1.M4-2.c line 222 function OSEK_Task_ts1
Unwinding loop 1  iteration  1   file rekh_nxt.1.M4-2.c line 222 function OSEK_Task_ts1
Unwinding loop 1  iteration  2   file rekh_nxt.1.M4-2.c line 222 function OSEK_Task_ts1
Unwinding loop 1  iteration  1   file rekh_nxt.1.M4-2.c line 222 function OSEK_Task_ts1
Unwinding loop 1  iteration  2   file rekh_nxt.1.M4-2.c line 222 function OSEK_Task_ts1
Unwinding loop 1  iteration  1   file rekh_nxt.1.M4-2.c line 222 function OSEK_Task_ts1
Unwinding loop 1  iteration  2   file rekh_nxt.1.M4-2.c line 222 function OSEK_Task_ts1
Unwinding loop 1  iteration  1   file rekh_nxt.1.M4-2.c line 222 function OSEK_Task_ts1
Unwinding loop 1  iteration  2   file rekh_nxt.1.M4-2.c line 222 function OSEK_Task_ts1
Unwinding loop 1  iteration  1   file rekh_nxt.1.M4-2.c line 222 function OSEK_Task_ts1
Unwinding loop 1  iteration  2   file rekh_nxt.1.M4-2.c line 222 function OSEK_Task_ts1
Unwinding loop 1  iteration  1   file rekh_nxt.1.M4-2.c line 222 function OSEK_Task_ts1
Unwinding loop 1  iteration  2   file rekh_nxt.1.M4-2.c line 222 function OSEK_Task_ts1
Unwinding loop 1  iteration  1   file rekh_nxt.1.M4-2.c line 222 function OSEK_Task_ts1
Unwinding loop 1  iteration  2   file rekh_nxt.1.M4-2.c line 222 function OSEK_Task_ts1
Unwinding loop 1  iteration  1   file rekh_nxt.1.M4-2.c line 222 function OSEK_Task_ts1
Unwinding loop 1  iteration  2   file rekh_nxt.1.M4-2.c line 222 function OSEK_Task_ts1
Unwinding loop 1  iteration  1   file rekh_nxt.1.M4-2.c line 222 function OSEK_Task_ts1
Unwinding loop 1  iteration  2   file rekh_nxt.1.M4-2.c line 222 function OSEK_Task_ts1
Unwinding loop 1  iteration  1   file rekh_nxt.1.M4-2.c line 222 function OSEK_Task_ts1
Unwinding loop 1  iteration  2   file rekh_nxt.1.M4-2.c line 222 function OSEK_Task_ts1
Unwinding loop 1  iteration  1   file rekh_nxt.1.M4-2.c line 222 function OSEK_Task_ts1
Unwinding loop 1  iteration  2   file rekh_nxt.1.M4-2.c line 222 function OSEK_Task_ts1
Unwinding loop 1  iteration  1   file rekh_nxt.1.M4-2.c line 222 function OSEK_Task_ts1
Unwinding loop 1  iteration  2   file rekh_nxt.1.M4-2.c line 222 function OSEK_Task_ts1
Unwinding loop 1  iteration  1   file rekh_nxt.1.M4-2.c line 222 function OSEK_Task_ts1
Unwinding loop 1  iteration  2   file rekh_nxt.1.M4-2.c line 222 function OSEK_Task_ts1
Unwinding loop 1  iteration  1   file rekh_nxt.1.M4-2.c line 222 function OSEK_Task_ts1
Unwinding loop 1  iteration  2   file rekh_nxt.1.M4-2.c line 222 function OSEK_Task_ts1
Unwinding loop 1  iteration  1   file rekh_nxt.1.M4-2.c line 222 function OSEK_Task_ts1
Unwinding loop 1  iteration  2   file rekh_nxt.1.M4-2.c line 222 function OSEK_Task_ts1
Unwinding loop 1  iteration  1   file rekh_nxt.1.M4-2.c line 222 function OSEK_Task_ts1
Unwinding loop 1  iteration  2   file rekh_nxt.1.M4-2.c line 222 function OSEK_Task_ts1
Unwinding loop 1  iteration  1   file rekh_nxt.1.M4-2.c line 222 function OSEK_Task_ts1
Unwinding loop 1  iteration  2   file rekh_nxt.1.M4-2.c line 222 function OSEK_Task_ts1
Unwinding loop 1  iteration  1   file rekh_nxt.1.M4-2.c line 222 function OSEK_Task_ts1
Unwinding loop 1  iteration  2   file rekh_nxt.1.M4-2.c line 222 function OSEK_Task_ts1
Unwinding loop 1  iteration  1   file rekh_nxt.1.M4-2.c line 222 function OSEK_Task_ts1
Unwinding loop 1  iteration  2   file rekh_nxt.1.M4-2.c line 222 function OSEK_Task_ts1
Unwinding loop 1  iteration  1   file rekh_nxt.1.M4-2.c line 222 function OSEK_Task_ts1
Unwinding loop 1  iteration  2   file rekh_nxt.1.M4-2.c line 222 function OSEK_Task_ts1
Unwinding loop 1  iteration  1   file rekh_nxt.1.M4-2.c line 222 function OSEK_Task_ts1
Unwinding loop 1  iteration  2   file rekh_nxt.1.M4-2.c line 222 function OSEK_Task_ts1
Unwinding loop 1  iteration  1   file rekh_nxt.1.M4-2.c line 222 function OSEK_Task_ts1
Unwinding loop 1  iteration  2   file rekh_nxt.1.M4-2.c line 222 function OSEK_Task_ts1
Unwinding loop 1  iteration  1   file rekh_nxt.1.M4-2.c line 222 function OSEK_Task_ts1
Unwinding loop 1  iteration  2   file rekh_nxt.1.M4-2.c line 222 function OSEK_Task_ts1
Unwinding loop 1  iteration  1   file rekh_nxt.1.M4-2.c line 222 function OSEK_Task_ts1
Unwinding loop 1  iteration  2   file rekh_nxt.1.M4-2.c line 222 function OSEK_Task_ts1
Unwinding loop 1  iteration  1   file rekh_nxt.1.M4-2.c line 222 function OSEK_Task_ts1
Unwinding loop 1  iteration  2   file rekh_nxt.1.M4-2.c line 222 function OSEK_Task_ts1
Unwinding loop 1  iteration  1   file rekh_nxt.1.M4-2.c line 222 function OSEK_Task_ts1
Unwinding loop 1  iteration  2   file rekh_nxt.1.M4-2.c line 222 function OSEK_Task_ts1
Unwinding loop 1  iteration  1   file rekh_nxt.1.M4-2.c line 222 function OSEK_Task_ts1
Unwinding loop 1  iteration  2   file rekh_nxt.1.M4-2.c line 222 function OSEK_Task_ts1
Symex completed in: 9.949s (29469 assignments)
Slicing time: 0.765s (removed 16776 assignments)
Generated 1 VCC(s), 1 remaining after simplification (12693 assignments)
No solver specified; defaulting to Boolector
Encoding remaining VCC(s) using bit-vector/floating-point arithmetic
Encoding to solver time: 0.218s
Solving with solver Boolector 3.2.1
Encoding to solver time: 0.218s
Runtime decision procedure: 9.770s
BMC program time: 20.703s
No bug has been found in the base case
*** Checking forward condition, k = 3
Starting Bounded Model Checking
Unwinding loop 1  iteration  1   file rekh_nxt.1.M4-2.c line 222 function OSEK_Task_ts1
Unwinding loop 1  iteration  2   file rekh_nxt.1.M4-2.c line 222 function OSEK_Task_ts1
Unwinding loop 1  iteration  1   file rekh_nxt.1.M4-2.c line 222 function OSEK_Task_ts1
Unwinding loop 1  iteration  2   file rekh_nxt.1.M4-2.c line 222 function OSEK_Task_ts1
Unwinding loop 1  iteration  1   file rekh_nxt.1.M4-2.c line 222 function OSEK_Task_ts1
Unwinding loop 1  iteration  2   file rekh_nxt.1.M4-2.c line 222 function OSEK_Task_ts1
Unwinding loop 1  iteration  1   file rekh_nxt.1.M4-2.c line 222 function OSEK_Task_ts1
Unwinding loop 1  iteration  2   file rekh_nxt.1.M4-2.c line 222 function OSEK_Task_ts1
Unwinding loop 1  iteration  1   file rekh_nxt.1.M4-2.c line 222 function OSEK_Task_ts1
Unwinding loop 1  iteration  2   file rekh_nxt.1.M4-2.c line 222 function OSEK_Task_ts1
Unwinding loop 1  iteration  1   file rekh_nxt.1.M4-2.c line 222 function OSEK_Task_ts1
Unwinding loop 1  iteration  2   file rekh_nxt.1.M4-2.c line 222 function OSEK_Task_ts1
Unwinding loop 1  iteration  1   file rekh_nxt.1.M4-2.c line 222 function OSEK_Task_ts1
Unwinding loop 1  iteration  2   file rekh_nxt.1.M4-2.c line 222 function OSEK_Task_ts1
Unwinding loop 1  iteration  1   file rekh_nxt.1.M4-2.c line 222 function OSEK_Task_ts1
Unwinding loop 1  iteration  2   file rekh_nxt.1.M4-2.c line 222 function OSEK_Task_ts1
Unwinding loop 1  iteration  1   file rekh_nxt.1.M4-2.c line 222 function OSEK_Task_ts1
Unwinding loop 1  iteration  2   file rekh_nxt.1.M4-2.c line 222 function OSEK_Task_ts1
Unwinding loop 1  iteration  1   file rekh_nxt.1.M4-2.c line 222 function OSEK_Task_ts1
Unwinding loop 1  iteration  2   file rekh_nxt.1.M4-2.c line 222 function OSEK_Task_ts1
Unwinding loop 1  iteration  1   file rekh_nxt.1.M4-2.c line 222 function OSEK_Task_ts1
Unwinding loop 1  iteration  2   file rekh_nxt.1.M4-2.c line 222 function OSEK_Task_ts1
Unwinding loop 1  iteration  1   file rekh_nxt.1.M4-2.c line 222 function OSEK_Task_ts1
Unwinding loop 1  iteration  2   file rekh_nxt.1.M4-2.c line 222 function OSEK_Task_ts1
Unwinding loop 1  iteration  1   file rekh_nxt.1.M4-2.c line 222 function OSEK_Task_ts1
Unwinding loop 1  iteration  2   file rekh_nxt.1.M4-2.c line 222 function OSEK_Task_ts1
Unwinding loop 1  iteration  1   file rekh_nxt.1.M4-2.c line 222 function OSEK_Task_ts1
Unwinding loop 1  iteration  2   file rekh_nxt.1.M4-2.c line 222 function OSEK_Task_ts1
Unwinding loop 1  iteration  1   file rekh_nxt.1.M4-2.c line 222 function OSEK_Task_ts1
Unwinding loop 1  iteration  2   file rekh_nxt.1.M4-2.c line 222 function OSEK_Task_ts1
Unwinding loop 1  iteration  1   file rekh_nxt.1.M4-2.c line 222 function OSEK_Task_ts1
Unwinding loop 1  iteration  2   file rekh_nxt.1.M4-2.c line 222 function OSEK_Task_ts1
Unwinding loop 1  iteration  1   file rekh_nxt.1.M4-2.c line 222 function OSEK_Task_ts1
Unwinding loop 1  iteration  2   file rekh_nxt.1.M4-2.c line 222 function OSEK_Task_ts1
Unwinding loop 1  iteration  1   file rekh_nxt.1.M4-2.c line 222 function OSEK_Task_ts1
Unwinding loop 1  iteration  2   file rekh_nxt.1.M4-2.c line 222 function OSEK_Task_ts1
Unwinding loop 1  iteration  1   file rekh_nxt.1.M4-2.c line 222 function OSEK_Task_ts1
Unwinding loop 1  iteration  2   file rekh_nxt.1.M4-2.c line 222 function OSEK_Task_ts1
Unwinding loop 1  iteration  1   file rekh_nxt.1.M4-2.c line 222 function OSEK_Task_ts1
Unwinding loop 1  iteration  2   file rekh_nxt.1.M4-2.c line 222 function OSEK_Task_ts1
Unwinding loop 1  iteration  1   file rekh_nxt.1.M4-2.c line 222 function OSEK_Task_ts1
Unwinding loop 1  iteration  2   file rekh_nxt.1.M4-2.c line 222 function OSEK_Task_ts1
Unwinding loop 1  iteration  1   file rekh_nxt.1.M4-2.c line 222 function OSEK_Task_ts1
Unwinding loop 1  iteration  2   file rekh_nxt.1.M4-2.c line 222 function OSEK_Task_ts1
Unwinding loop 1  iteration  1   file rekh_nxt.1.M4-2.c line 222 function OSEK_Task_ts1
Unwinding loop 1  iteration  2   file rekh_nxt.1.M4-2.c line 222 function OSEK_Task_ts1
Unwinding loop 1  iteration  1   file rekh_nxt.1.M4-2.c line 222 function OSEK_Task_ts1
Unwinding loop 1  iteration  2   file rekh_nxt.1.M4-2.c line 222 function OSEK_Task_ts1
Unwinding loop 1  iteration  1   file rekh_nxt.1.M4-2.c line 222 function OSEK_Task_ts1
Unwinding loop 1  iteration  2   file rekh_nxt.1.M4-2.c line 222 function OSEK_Task_ts1
Unwinding loop 1  iteration  1   file rekh_nxt.1.M4-2.c line 222 function OSEK_Task_ts1
Unwinding loop 1  iteration  2   file rekh_nxt.1.M4-2.c line 222 function OSEK_Task_ts1
Unwinding loop 1  iteration  1   file rekh_nxt.1.M4-2.c line 222 function OSEK_Task_ts1
Unwinding loop 1  iteration  2   file rekh_nxt.1.M4-2.c line 222 function OSEK_Task_ts1
Unwinding loop 1  iteration  1   file rekh_nxt.1.M4-2.c line 222 function OSEK_Task_ts1
Unwinding loop 1  iteration  2   file rekh_nxt.1.M4-2.c line 222 function OSEK_Task_ts1
Unwinding loop 1  iteration  1   file rekh_nxt.1.M4-2.c line 222 function OSEK_Task_ts1
Unwinding loop 1  iteration  2   file rekh_nxt.1.M4-2.c line 222 function OSEK_Task_ts1
Unwinding loop 1  iteration  1   file rekh_nxt.1.M4-2.c line 222 function OSEK_Task_ts1
Unwinding loop 1  iteration  2   file rekh_nxt.1.M4-2.c line 222 function OSEK_Task_ts1
Unwinding loop 1  iteration  1   file rekh_nxt.1.M4-2.c line 222 function OSEK_Task_ts1
Unwinding loop 1  iteration  2   file rekh_nxt.1.M4-2.c line 222 function OSEK_Task_ts1
Unwinding loop 1  iteration  1   file rekh_nxt.1.M4-2.c line 222 function OSEK_Task_ts1
Unwinding loop 1  iteration  2   file rekh_nxt.1.M4-2.c line 222 function OSEK_Task_ts1
Unwinding loop 1  iteration  1   file rekh_nxt.1.M4-2.c line 222 function OSEK_Task_ts1
Unwinding loop 1  iteration  2   file rekh_nxt.1.M4-2.c line 222 function OSEK_Task_ts1
Unwinding loop 1  iteration  1   file rekh_nxt.1.M4-2.c line 222 function OSEK_Task_ts1
Unwinding loop 1  iteration  2   file rekh_nxt.1.M4-2.c line 222 function OSEK_Task_ts1
Unwinding loop 1  iteration  1   file rekh_nxt.1.M4-2.c line 222 function OSEK_Task_ts1
Unwinding loop 1  iteration  2   file rekh_nxt.1.M4-2.c line 222 function OSEK_Task_ts1
Unwinding loop 1  iteration  1   file rekh_nxt.1.M4-2.c line 222 function OSEK_Task_ts1
Unwinding loop 1  iteration  2   file rekh_nxt.1.M4-2.c line 222 function OSEK_Task_ts1
Unwinding loop 1  iteration  1   file rekh_nxt.1.M4-2.c line 222 function OSEK_Task_ts1
Unwinding loop 1  iteration  2   file rekh_nxt.1.M4-2.c line 222 function OSEK_Task_ts1
Unwinding loop 1  iteration  1   file rekh_nxt.1.M4-2.c line 222 function OSEK_Task_ts1
Unwinding loop 1  iteration  2   file rekh_nxt.1.M4-2.c line 222 function OSEK_Task_ts1
Unwinding loop 1  iteration  1   file rekh_nxt.1.M4-2.c line 222 function OSEK_Task_ts1
Unwinding loop 1  iteration  2   file rekh_nxt.1.M4-2.c line 222 function OSEK_Task_ts1
Unwinding loop 1  iteration  1   file rekh_nxt.1.M4-2.c line 222 function OSEK_Task_ts1
Unwinding loop 1  iteration  2   file rekh_nxt.1.M4-2.c line 222 function OSEK_Task_ts1
Unwinding loop 1  iteration  1   file rekh_nxt.1.M4-2.c line 222 function OSEK_Task_ts1
Unwinding loop 1  iteration  2   file rekh_nxt.1.M4-2.c line 222 function OSEK_Task_ts1
Unwinding loop 1  iteration  1   file rekh_nxt.1.M4-2.c line 222 function OSEK_Task_ts1
Unwinding loop 1  iteration  2   file rekh_nxt.1.M4-2.c line 222 function OSEK_Task_ts1
Unwinding loop 1  iteration  1   file rekh_nxt.1.M4-2.c line 222 function OSEK_Task_ts1
Unwinding loop 1  iteration  2   file rekh_nxt.1.M4-2.c line 222 function OSEK_Task_ts1
Unwinding loop 1  iteration  1   file rekh_nxt.1.M4-2.c line 222 function OSEK_Task_ts1
Unwinding loop 1  iteration  2   file rekh_nxt.1.M4-2.c line 222 function OSEK_Task_ts1
Unwinding loop 1  iteration  1   file rekh_nxt.1.M4-2.c line 222 function OSEK_Task_ts1
Unwinding loop 1  iteration  2   file rekh_nxt.1.M4-2.c line 222 function OSEK_Task_ts1
Unwinding loop 1  iteration  1   file rekh_nxt.1.M4-2.c line 222 function OSEK_Task_ts1
Unwinding loop 1  iteration  2   file rekh_nxt.1.M4-2.c line 222 function OSEK_Task_ts1
Unwinding loop 1  iteration  1   file rekh_nxt.1.M4-2.c line 222 function OSEK_Task_ts1
Unwinding loop 1  iteration  2   file rekh_nxt.1.M4-2.c line 222 function OSEK_Task_ts1
Unwinding loop 1  iteration  1   file rekh_nxt.1.M4-2.c line 222 function OSEK_Task_ts1
Unwinding loop 1  iteration  2   file rekh_nxt.1.M4-2.c line 222 function OSEK_Task_ts1
Unwinding loop 1  iteration  1   file rekh_nxt.1.M4-2.c line 222 function OSEK_Task_ts1
Unwinding loop 1  iteration  2   file rekh_nxt.1.M4-2.c line 222 function OSEK_Task_ts1
Unwinding loop 1  iteration  1   file rekh_nxt.1.M4-2.c line 222 function OSEK_Task_ts1
Unwinding loop 1  iteration  2   file rekh_nxt.1.M4-2.c line 222 function OSEK_Task_ts1
Unwinding loop 1  iteration  1   file rekh_nxt.1.M4-2.c line 222 function OSEK_Task_ts1
Unwinding loop 1  iteration  2   file rekh_nxt.1.M4-2.c line 222 function OSEK_Task_ts1
Unwinding loop 1  iteration  1   file rekh_nxt.1.M4-2.c line 222 function OSEK_Task_ts1
Unwinding loop 1  iteration  2   file rekh_nxt.1.M4-2.c line 222 function OSEK_Task_ts1
Unwinding loop 1  iteration  1   file rekh_nxt.1.M4-2.c line 222 function OSEK_Task_ts1
Unwinding loop 1  iteration  2   file rekh_nxt.1.M4-2.c line 222 function OSEK_Task_ts1
Unwinding loop 1  iteration  1   file rekh_nxt.1.M4-2.c line 222 function OSEK_Task_ts1
Unwinding loop 1  iteration  2   file rekh_nxt.1.M4-2.c line 222 function OSEK_Task_ts1
Unwinding loop 1  iteration  1   file rekh_nxt.1.M4-2.c line 222 function OSEK_Task_ts1
Unwinding loop 1  iteration  2   file rekh_nxt.1.M4-2.c line 222 function OSEK_Task_ts1
Unwinding loop 1  iteration  1   file rekh_nxt.1.M4-2.c line 222 function OSEK_Task_ts1
Unwinding loop 1  iteration  2   file rekh_nxt.1.M4-2.c line 222 function OSEK_Task_ts1
Unwinding loop 1  iteration  1   file rekh_nxt.1.M4-2.c line 222 function OSEK_Task_ts1
Unwinding loop 1  iteration  2   file rekh_nxt.1.M4-2.c line 222 function OSEK_Task_ts1
Unwinding loop 1  iteration  1   file rekh_nxt.1.M4-2.c line 222 function OSEK_Task_ts1
Unwinding loop 1  iteration  2   file rekh_nxt.1.M4-2.c line 222 function OSEK_Task_ts1
Unwinding loop 1  iteration  1   file rekh_nxt.1.M4-2.c line 222 function OSEK_Task_ts1
Unwinding loop 1  iteration  2   file rekh_nxt.1.M4-2.c line 222 function OSEK_Task_ts1
Unwinding loop 1  iteration  1   file rekh_nxt.1.M4-2.c line 222 function OSEK_Task_ts1
Unwinding loop 1  iteration  2   file rekh_nxt.1.M4-2.c line 222 function OSEK_Task_ts1
Unwinding loop 1  iteration  1   file rekh_nxt.1.M4-2.c line 222 function OSEK_Task_ts1
Unwinding loop 1  iteration  2   file rekh_nxt.1.M4-2.c line 222 function OSEK_Task_ts1
Unwinding loop 1  iteration  1   file rekh_nxt.1.M4-2.c line 222 function OSEK_Task_ts1
Unwinding loop 1  iteration  2   file rekh_nxt.1.M4-2.c line 222 function OSEK_Task_ts1
Unwinding loop 1  iteration  1   file rekh_nxt.1.M4-2.c line 222 function OSEK_Task_ts1
Unwinding loop 1  iteration  2   file rekh_nxt.1.M4-2.c line 222 function OSEK_Task_ts1
Unwinding loop 1  iteration  1   file rekh_nxt.1.M4-2.c line 222 function OSEK_Task_ts1
Unwinding loop 1  iteration  2   file rekh_nxt.1.M4-2.c line 222 function OSEK_Task_ts1
Unwinding loop 1  iteration  1   file rekh_nxt.1.M4-2.c line 222 function OSEK_Task_ts1
Unwinding loop 1  iteration  2   file rekh_nxt.1.M4-2.c line 222 function OSEK_Task_ts1
Unwinding loop 1  iteration  1   file rekh_nxt.1.M4-2.c line 222 function OSEK_Task_ts1
Unwinding loop 1  iteration  2   file rekh_nxt.1.M4-2.c line 222 function OSEK_Task_ts1
Unwinding loop 1  iteration  1   file rekh_nxt.1.M4-2.c line 222 function OSEK_Task_ts1
Unwinding loop 1  iteration  2   file rekh_nxt.1.M4-2.c line 222 function OSEK_Task_ts1
Unwinding loop 1  iteration  1   file rekh_nxt.1.M4-2.c line 222 function OSEK_Task_ts1
Unwinding loop 1  iteration  2   file rekh_nxt.1.M4-2.c line 222 function OSEK_Task_ts1
Unwinding loop 1  iteration  1   file rekh_nxt.1.M4-2.c line 222 function OSEK_Task_ts1
Unwinding loop 1  iteration  2   file rekh_nxt.1.M4-2.c line 222 function OSEK_Task_ts1
Unwinding loop 1  iteration  1   file rekh_nxt.1.M4-2.c line 222 function OSEK_Task_ts1
Unwinding loop 1  iteration  2   file rekh_nxt.1.M4-2.c line 222 function OSEK_Task_ts1
Unwinding loop 1  iteration  1   file rekh_nxt.1.M4-2.c line 222 function OSEK_Task_ts1
Unwinding loop 1  iteration  2   file rekh_nxt.1.M4-2.c line 222 function OSEK_Task_ts1
Unwinding loop 1  iteration  1   file rekh_nxt.1.M4-2.c line 222 function OSEK_Task_ts1
Unwinding loop 1  iteration  2   file rekh_nxt.1.M4-2.c line 222 function OSEK_Task_ts1
Unwinding loop 1  iteration  1   file rekh_nxt.1.M4-2.c line 222 function OSEK_Task_ts1
Unwinding loop 1  iteration  2   file rekh_nxt.1.M4-2.c line 222 function OSEK_Task_ts1
Unwinding loop 1  iteration  1   file rekh_nxt.1.M4-2.c line 222 function OSEK_Task_ts1
Unwinding loop 1  iteration  2   file rekh_nxt.1.M4-2.c line 222 function OSEK_Task_ts1
Unwinding loop 1  iteration  1   file rekh_nxt.1.M4-2.c line 222 function OSEK_Task_ts1
Unwinding loop 1  iteration  2   file rekh_nxt.1.M4-2.c line 222 function OSEK_Task_ts1
Unwinding loop 1  iteration  1   file rekh_nxt.1.M4-2.c line 222 function OSEK_Task_ts1
Unwinding loop 1  iteration  2   file rekh_nxt.1.M4-2.c line 222 function OSEK_Task_ts1
Unwinding loop 1  iteration  1   file rekh_nxt.1.M4-2.c line 222 function OSEK_Task_ts1
Unwinding loop 1  iteration  2   file rekh_nxt.1.M4-2.c line 222 function OSEK_Task_ts1
Unwinding loop 1  iteration  1   file rekh_nxt.1.M4-2.c line 222 function OSEK_Task_ts1
Unwinding loop 1  iteration  2   file rekh_nxt.1.M4-2.c line 222 function OSEK_Task_ts1
Unwinding loop 1  iteration  1   file rekh_nxt.1.M4-2.c line 222 function OSEK_Task_ts1
Unwinding loop 1  iteration  2   file rekh_nxt.1.M4-2.c line 222 function OSEK_Task_ts1
Unwinding loop 1  iteration  1   file rekh_nxt.1.M4-2.c line 222 function OSEK_Task_ts1
Unwinding loop 1  iteration  2   file rekh_nxt.1.M4-2.c line 222 function OSEK_Task_ts1
Unwinding loop 1  iteration  1   file rekh_nxt.1.M4-2.c line 222 function OSEK_Task_ts1
Unwinding loop 1  iteration  2   file rekh_nxt.1.M4-2.c line 222 function OSEK_Task_ts1
Unwinding loop 1  iteration  1   file rekh_nxt.1.M4-2.c line 222 function OSEK_Task_ts1
Unwinding loop 1  iteration  2   file rekh_nxt.1.M4-2.c line 222 function OSEK_Task_ts1
Unwinding loop 1  iteration  1   file rekh_nxt.1.M4-2.c line 222 function OSEK_Task_ts1
Unwinding loop 1  iteration  2   file rekh_nxt.1.M4-2.c line 222 function OSEK_Task_ts1
Unwinding loop 1  iteration  1   file rekh_nxt.1.M4-2.c line 222 function OSEK_Task_ts1
Unwinding loop 1  iteration  2   file rekh_nxt.1.M4-2.c line 222 function OSEK_Task_ts1
Unwinding loop 1  iteration  1   file rekh_nxt.1.M4-2.c line 222 function OSEK_Task_ts1
Unwinding loop 1  iteration  2   file rekh_nxt.1.M4-2.c line 222 function OSEK_Task_ts1
Unwinding loop 1  iteration  1   file rekh_nxt.1.M4-2.c line 222 function OSEK_Task_ts1
Unwinding loop 1  iteration  2   file rekh_nxt.1.M4-2.c line 222 function OSEK_Task_ts1
Unwinding loop 1  iteration  1   file rekh_nxt.1.M4-2.c line 222 function OSEK_Task_ts1
Unwinding loop 1  iteration  2   file rekh_nxt.1.M4-2.c line 222 function OSEK_Task_ts1
Unwinding loop 1  iteration  1   file rekh_nxt.1.M4-2.c line 222 function OSEK_Task_ts1
Unwinding loop 1  iteration  2   file rekh_nxt.1.M4-2.c line 222 function OSEK_Task_ts1
Unwinding loop 1  iteration  1   file rekh_nxt.1.M4-2.c line 222 function OSEK_Task_ts1
Unwinding loop 1  iteration  2   file rekh_nxt.1.M4-2.c line 222 function OSEK_Task_ts1
Unwinding loop 1  iteration  1   file rekh_nxt.1.M4-2.c line 222 function OSEK_Task_ts1
Unwinding loop 1  iteration  2   file rekh_nxt.1.M4-2.c line 222 function OSEK_Task_ts1
Unwinding loop 1  iteration  1   file rekh_nxt.1.M4-2.c line 222 function OSEK_Task_ts1
Unwinding loop 1  iteration  2   file rekh_nxt.1.M4-2.c line 222 function OSEK_Task_ts1
Unwinding loop 1  iteration  1   file rekh_nxt.1.M4-2.c line 222 function OSEK_Task_ts1
Unwinding loop 1  iteration  2   file rekh_nxt.1.M4-2.c line 222 function OSEK_Task_ts1
Unwinding loop 1  iteration  1   file rekh_nxt.1.M4-2.c line 222 function OSEK_Task_ts1
Unwinding loop 1  iteration  2   file rekh_nxt.1.M4-2.c line 222 function OSEK_Task_ts1
Unwinding loop 1  iteration  1   file rekh_nxt.1.M4-2.c line 222 function OSEK_Task_ts1
Unwinding loop 1  iteration  2   file rekh_nxt.1.M4-2.c line 222 function OSEK_Task_ts1
Unwinding loop 1  iteration  1   file rekh_nxt.1.M4-2.c line 222 function OSEK_Task_ts1
Unwinding loop 1  iteration  2   file rekh_nxt.1.M4-2.c line 222 function OSEK_Task_ts1
Unwinding loop 1  iteration  1   file rekh_nxt.1.M4-2.c line 222 function OSEK_Task_ts1
Unwinding loop 1  iteration  2   file rekh_nxt.1.M4-2.c line 222 function OSEK_Task_ts1
Symex completed in: 11.245s (29468 assignments)
Slicing time: 0.761s (removed 16776 assignments)
Generated 0 VCC(s), 0 remaining after simplification (12692 assignments)
BMC program time: 12.006s
Building successful trace

VERIFICATION SUCCESSFUL

Solution found by the forward condition; all states are reachable (k = 3


TRUE
