./esbmc-wrapper.py -p ../sv-benchmarks/c/properties/unreach-call.prp -s kinduction --arch 32 ../sv-benchmarks/c/product-lines/elevator_spec1_product27.cil.c


--------------------------------------------------------------------------------


Verifying with ESBMC
Command: ./esbmc --no-div-by-zero-check --force-malloc-success --state-hashing --no-align-check --k-step 2 --floatbv --unlimited-k-steps ../sv-benchmarks/c/product-lines/elevator_spec1_product27.cil.c --32 --witness-output elevator_spec1_product27.cil.c.graphml --no-pointer-check --no-bounds-check --interval-analysis --k-induction --max-inductive-step 3 
ESBMC version 6.8.0 64-bit x86_64 linux
Target: 32-bit little-endian x86_64-unknown-linux with esbmc libc
file ../sv-benchmarks/c/product-lines/elevator_spec1_product27.cil.c: Parsing
Converting
Generating GOTO Program
GOTO program creation time: 0.312s
GOTO program processing time: 0.768s
*** Checking base case, k = 1
Starting Bounded Model Checking
Not unwinding 
Symex completed in: 0.031s (221 assignments)
Slicing time: 0.000s (removed 219 assignments)
Generated 0 VCC(s), 0 remaining after simplification (2 assignments)
BMC program time: 0.031s
No bug has been found in the base case
*** Checking forward condition, k = 1
Starting Bounded Model Checking
Not unwinding 
Symex completed in: 0.028s (221 assignments)
Slicing time: 0.001s (removed 219 assignments)
Generated 1 VCC(s), 1 remaining after simplification (2 assignments)
No solver specified; defaulting to Boolector
Encoding remaining VCC(s) using bit-vector/floating-point arithmetic
Encoding to solver time: 0.001s
Solving with solver Boolector 3.2.1
Encoding to solver time: 0.001s
Runtime decision procedure: 0.000s
The forward condition is unable to prove the property
*** Checking base case, k = 3
Starting Bounded Model Checking
Unwinding loop 1  iteration  1   file elevator_spec1_product27.cil.c line 190 function cleanup
Unwinding loop 1  iteration  2   file elevator_spec1_product27.cil.c line 190 function cleanup
Not unwinding 
Symex completed in: 0.060s (365 assignments)
Slicing time: 0.000s (removed 363 assignments)
Generated 0 VCC(s), 0 remaining after simplification (2 assignments)
BMC program time: 0.060s
No bug has been found in the base case
*** Checking forward condition, k = 3
Starting Bounded Model Checking
Unwinding loop 1  iteration  1   file elevator_spec1_product27.cil.c line 190 function cleanup
Unwinding loop 1  iteration  2   file elevator_spec1_product27.cil.c line 190 function cleanup
Not unwinding 
Symex completed in: 0.061s (365 assignments)
Slicing time: 0.001s (removed 363 assignments)
Generated 1 VCC(s), 1 remaining after simplification (2 assignments)
No solver specified; defaulting to Boolector
Encoding remaining VCC(s) using bit-vector/floating-point arithmetic
Encoding to solver time: 0.000s
Solving with solver Boolector 3.2.1
Encoding to solver time: 0.000s
Runtime decision procedure: 0.001s
The forward condition is unable to prove the property
*** Checking inductive step, k = 3
Starting Bounded Model Checking
Unwinding loop 1  iteration  1   file elevator_spec1_product27.cil.c line 190 function cleanup
Unwinding loop 1  iteration  2   file elevator_spec1_product27.cil.c line 190 function cleanup
Not unwinding 
Symex completed in: 2.157s (9921 assignments)
Slicing time: 0.181s (removed 3786 assignments)
Generated 5 VCC(s), 5 remaining after simplification (6135 assignments)
No solver specified; defaulting to Boolector
Encoding remaining VCC(s) using bit-vector/floating-point arithmetic
Encoding to solver time: 0.190s
Solving with solver Boolector 3.2.1
Encoding to solver time: 0.190s
Runtime decision procedure: 5.390s
The inductive step is unable to prove the property
*** Checking base case, k = 5
Starting Bounded Model Checking
Unwinding loop 1  iteration  1   file elevator_spec1_product27.cil.c line 190 function cleanup
Unwinding loop 1  iteration  2   file elevator_spec1_product27.cil.c line 190 function cleanup
Unwinding loop 1  iteration  3   file elevator_spec1_product27.cil.c line 190 function cleanup
Unwinding loop 1  iteration  4   file elevator_spec1_product27.cil.c line 190 function cleanup
Not unwinding 
Symex completed in: 0.102s (497 assignments)
Slicing time: 0.001s (removed 495 assignments)
Generated 0 VCC(s), 0 remaining after simplification (2 assignments)
BMC program time: 0.103s
No bug has been found in the base case
*** Checking forward condition, k = 5
Starting Bounded Model Checking
Unwinding loop 1  iteration  1   file elevator_spec1_product27.cil.c line 190 function cleanup
Unwinding loop 1  iteration  2   file elevator_spec1_product27.cil.c line 190 function cleanup
Unwinding loop 1  iteration  3   file elevator_spec1_product27.cil.c line 190 function cleanup
Unwinding loop 1  iteration  4   file elevator_spec1_product27.cil.c line 190 function cleanup
Not unwinding 
Symex completed in: 0.092s (497 assignments)
Slicing time: 0.001s (removed 495 assignments)
Generated 1 VCC(s), 1 remaining after simplification (2 assignments)
No solver specified; defaulting to Boolector
Encoding remaining VCC(s) using bit-vector/floating-point arithmetic
Encoding to solver time: 0.000s
Solving with solver Boolector 3.2.1
Encoding to solver time: 0.000s
Runtime decision procedure: 0.000s
The forward condition is unable to prove the property
*** Checking base case, k = 7
Starting Bounded Model Checking
Unwinding loop 1  iteration  1   file elevator_spec1_product27.cil.c line 190 function cleanup
Unwinding loop 1  iteration  2   file elevator_spec1_product27.cil.c line 190 function cleanup
Unwinding loop 1  iteration  3   file elevator_spec1_product27.cil.c line 190 function cleanup
Unwinding loop 1  iteration  4   file elevator_spec1_product27.cil.c line 190 function cleanup
Unwinding loop 1  iteration  5   file elevator_spec1_product27.cil.c line 190 function cleanup
Unwinding loop 1  iteration  6   file elevator_spec1_product27.cil.c line 190 function cleanup
Not unwinding 
Symex completed in: 0.119s (627 assignments)
Slicing time: 0.001s (removed 625 assignments)
Generated 0 VCC(s), 0 remaining after simplification (2 assignments)
BMC program time: 0.120s
No bug has been found in the base case
*** Checking forward condition, k = 7
Starting Bounded Model Checking
Unwinding loop 1  iteration  1   file elevator_spec1_product27.cil.c line 190 function cleanup
Unwinding loop 1  iteration  2   file elevator_spec1_product27.cil.c line 190 function cleanup
Unwinding loop 1  iteration  3   file elevator_spec1_product27.cil.c line 190 function cleanup
Unwinding loop 1  iteration  4   file elevator_spec1_product27.cil.c line 190 function cleanup
Unwinding loop 1  iteration  5   file elevator_spec1_product27.cil.c line 190 function cleanup
Unwinding loop 1  iteration  6   file elevator_spec1_product27.cil.c line 190 function cleanup
Not unwinding 
Symex completed in: 0.118s (627 assignments)
Slicing time: 0.001s (removed 625 assignments)
Generated 1 VCC(s), 1 remaining after simplification (2 assignments)
No solver specified; defaulting to Boolector
Encoding remaining VCC(s) using bit-vector/floating-point arithmetic
Encoding to solver time: 0.000s
Solving with solver Boolector 3.2.1
Encoding to solver time: 0.000s
Runtime decision procedure: 0.001s
The forward condition is unable to prove the property
*** Checking base case, k = 9
Starting Bounded Model Checking
Unwinding loop 1  iteration  1   file elevator_spec1_product27.cil.c line 190 function cleanup
Unwinding loop 1  iteration  2   file elevator_spec1_product27.cil.c line 190 function cleanup
Unwinding loop 1  iteration  3   file elevator_spec1_product27.cil.c line 190 function cleanup
Unwinding loop 1  iteration  4   file elevator_spec1_product27.cil.c line 190 function cleanup
Unwinding loop 1  iteration  5   file elevator_spec1_product27.cil.c line 190 function cleanup
Unwinding loop 1  iteration  6   file elevator_spec1_product27.cil.c line 190 function cleanup
Unwinding loop 1  iteration  7   file elevator_spec1_product27.cil.c line 190 function cleanup
Unwinding loop 1  iteration  8   file elevator_spec1_product27.cil.c line 190 function cleanup
Symex completed in: 0.138s (727 assignments)
Slicing time: 0.001s (removed 726 assignments)
Generated 0 VCC(s), 0 remaining after simplification (1 assignments)
BMC program time: 0.140s
No bug has been found in the base case
*** Checking forward condition, k = 9
Starting Bounded Model Checking
Unwinding loop 1  iteration  1   file elevator_spec1_product27.cil.c line 190 function cleanup
Unwinding loop 1  iteration  2   file elevator_spec1_product27.cil.c line 190 function cleanup
Unwinding loop 1  iteration  3   file elevator_spec1_product27.cil.c line 190 function cleanup
Unwinding loop 1  iteration  4   file elevator_spec1_product27.cil.c line 190 function cleanup
Unwinding loop 1  iteration  5   file elevator_spec1_product27.cil.c line 190 function cleanup
Unwinding loop 1  iteration  6   file elevator_spec1_product27.cil.c line 190 function cleanup
Unwinding loop 1  iteration  7   file elevator_spec1_product27.cil.c line 190 function cleanup
Unwinding loop 1  iteration  8   file elevator_spec1_product27.cil.c line 190 function cleanup
Symex completed in: 0.140s (727 assignments)
Slicing time: 0.001s (removed 726 assignments)
Generated 0 VCC(s), 0 remaining after simplification (1 assignments)
BMC program time: 0.141s
Building successful trace

VERIFICATION SUCCESSFUL

Solution found by the forward condition; all states are reachable (k = 9

../sv-benchmarks/c/product-lines/elevator_spec1_product27.cil.c:3121:10: warning: format string is not a string literal (potentially insecure) [-Wformat-security]
  printf(__cil_tmp6);
         ^~~~~~~~~~
../sv-benchmarks/c/product-lines/elevator_spec1_product27.cil.c:3121:10: note: treat the string as an argument to avoid this
  printf(__cil_tmp6);
         ^
         "%s", 
../sv-benchmarks/c/product-lines/elevator_spec1_product27.cil.c:3126:12: warning: format string is not a string literal (potentially insecure) [-Wformat-security]
    printf(__cil_tmp7);
           ^~~~~~~~~~
../sv-benchmarks/c/product-lines/elevator_spec1_product27.cil.c:3126:12: note: treat the string as an argument to avoid this
    printf(__cil_tmp7);
           ^
           "%s", 
../sv-benchmarks/c/product-lines/elevator_spec1_product27.cil.c:3131:12: warning: format string is not a string literal (potentially insecure) [-Wformat-security]
    printf(__cil_tmp8);
           ^~~~~~~~~~
../sv-benchmarks/c/product-lines/elevator_spec1_product27.cil.c:3131:12: note: treat the string as an argument to avoid this
    printf(__cil_tmp8);
           ^
           "%s", 
../sv-benchmarks/c/product-lines/elevator_spec1_product27.cil.c:3136:10: warning: format string is not a string literal (potentially insecure) [-Wformat-security]
  printf(__cil_tmp9);
         ^~~~~~~~~~
../sv-benchmarks/c/product-lines/elevator_spec1_product27.cil.c:3136:10: note: treat the string as an argument to avoid this
  printf(__cil_tmp9);
         ^
         "%s", 
../sv-benchmarks/c/product-lines/elevator_spec1_product27.cil.c:3140:10: warning: format string is not a string literal (potentially insecure) [-Wformat-security]
  printf(__cil_tmp11);
         ^~~~~~~~~~~
../sv-benchmarks/c/product-lines/elevator_spec1_product27.cil.c:3140:10: note: treat the string as an argument to avoid this
  printf(__cil_tmp11);
         ^
         "%s", 
../sv-benchmarks/c/product-lines/elevator_spec1_product27.cil.c:3145:12: warning: format string is not a string literal (potentially insecure) [-Wformat-security]
    printf(__cil_tmp12);
           ^~~~~~~~~~~
../sv-benchmarks/c/product-lines/elevator_spec1_product27.cil.c:3145:12: note: treat the string as an argument to avoid this
    printf(__cil_tmp12);
           ^
           "%s", 
../sv-benchmarks/c/product-lines/elevator_spec1_product27.cil.c:3150:12: warning: format string is not a string literal (potentially insecure) [-Wformat-security]
    printf(__cil_tmp13);
           ^~~~~~~~~~~
../sv-benchmarks/c/product-lines/elevator_spec1_product27.cil.c:3150:12: note: treat the string as an argument to avoid this
    printf(__cil_tmp13);
           ^
           "%s", 
../sv-benchmarks/c/product-lines/elevator_spec1_product27.cil.c:3155:10: warning: format string is not a string literal (potentially insecure) [-Wformat-security]
  printf(__cil_tmp14);
         ^~~~~~~~~~~
../sv-benchmarks/c/product-lines/elevator_spec1_product27.cil.c:3155:10: note: treat the string as an argument to avoid this
  printf(__cil_tmp14);
         ^
         "%s", 
../sv-benchmarks/c/product-lines/elevator_spec1_product27.cil.c:3199:10: warning: format string is not a string literal (potentially insecure) [-Wformat-security]
  printf(__cil_tmp20);
         ^~~~~~~~~~~
../sv-benchmarks/c/product-lines/elevator_spec1_product27.cil.c:3199:10: note: treat the string as an argument to avoid this
  printf(__cil_tmp20);
         ^
         "%s", 
../sv-benchmarks/c/product-lines/elevator_spec1_product27.cil.c:3256:10: warning: format string is not a string literal (potentially insecure) [-Wformat-security]
  printf(__cil_tmp26);
         ^~~~~~~~~~~
../sv-benchmarks/c/product-lines/elevator_spec1_product27.cil.c:3256:10: note: treat the string as an argument to avoid this
  printf(__cil_tmp26);
         ^
         "%s", 

TRUE
