./esbmc-wrapper.py -p ../sv-benchmarks/c/properties/unreach-call.prp -s kinduction --arch 64 ../sv-benchmarks/c/ldv-linux-3.4-simple/32_1_cilled_ok_nondet_linux-3.4-32_1-drivers--block--paride--on26.ko-ldv_main0_sequence_infinite_withcheck_stateful.cil.out.i


--------------------------------------------------------------------------------


Verifying with ESBMC
Command: ./esbmc --no-div-by-zero-check --force-malloc-success --state-hashing --no-align-check --k-step 2 --floatbv --unlimited-k-steps ../sv-benchmarks/c/ldv-linux-3.4-simple/32_1_cilled_ok_nondet_linux-3.4-32_1-drivers--block--paride--on26.ko-ldv_main0_sequence_infinite_withcheck_stateful.cil.out.i --64 --witness-output 32_1_cilled_ok_nondet_linux-3.4-32_1-drivers--block--paride--on26.ko-ldv_main0_sequence_infinite_withcheck_stateful.cil.out.i.graphml --no-pointer-check --no-bounds-check --interval-analysis --k-induction --max-inductive-step 3 
ESBMC version 6.8.0 64-bit x86_64 linux
Target: 64-bit little-endian x86_64-unknown-linux with esbmc libc
file ../sv-benchmarks/c/ldv-linux-3.4-simple/32_1_cilled_ok_nondet_linux-3.4-32_1-drivers--block--paride--on26.ko-ldv_main0_sequence_infinite_withcheck_stateful.cil.out.i: Parsing
Converting
Generating GOTO Program
GOTO program creation time: 1.089s
GOTO program processing time: 0.366s
*** Checking base case, k = 1
Starting Bounded Model Checking
Not unwinding 
Not unwinding 
Not unwinding 
Not unwinding 
Not unwinding 
Not unwinding 
Not unwinding 
Not unwinding 
Not unwinding 
Not unwinding 
Not unwinding 
Symex completed in: 3.983s (10706 assignments)
Slicing time: 0.015s (removed 10581 assignments)
Generated 0 VCC(s), 0 remaining after simplification (125 assignments)
BMC program time: 3.998s
No bug has been found in the base case
*** Checking forward condition, k = 1
Starting Bounded Model Checking
Not unwinding 
Not unwinding 
Not unwinding 
Not unwinding 
Not unwinding 
Not unwinding 
Not unwinding 
Not unwinding 
Not unwinding 
Not unwinding 
Not unwinding 
Symex completed in: 4.685s (10706 assignments)
Slicing time: 0.016s (removed 10581 assignments)
Generated 11 VCC(s), 11 remaining after simplification (125 assignments)
No solver specified; defaulting to Boolector
Encoding remaining VCC(s) using bit-vector/floating-point arithmetic
Encoding to solver time: 0.005s
Solving with solver Boolector 3.2.1
Encoding to solver time: 0.005s
Runtime decision procedure: 0.080s
The forward condition is unable to prove the property
*** Checking base case, k = 3
Starting Bounded Model Checking
Unwinding loop 8  iteration  1   file 32_1_cilled_ok_nondet_linux-3.4-32_1-drivers--block--paride--on26.ko-ldv_main0_sequence_infinite_withcheck_stateful.cil.out.i line 15672 function on26_write_block
Unwinding loop 8  iteration  2   file 32_1_cilled_ok_nondet_linux-3.4-32_1-drivers--block--paride--on26.ko-ldv_main0_sequence_infinite_withcheck_stateful.cil.out.i line 15672 function on26_write_block
Not unwinding 
Unwinding loop 9  iteration  1   file 32_1_cilled_ok_nondet_linux-3.4-32_1-drivers--block--paride--on26.ko-ldv_main0_sequence_infinite_withcheck_stateful.cil.out.i line 16248 function on26_write_block
Unwinding loop 9  iteration  2   file 32_1_cilled_ok_nondet_linux-3.4-32_1-drivers--block--paride--on26.ko-ldv_main0_sequence_infinite_withcheck_stateful.cil.out.i line 16248 function on26_write_block
Not unwinding 
Unwinding loop 10  iteration  1   file 32_1_cilled_ok_nondet_linux-3.4-32_1-drivers--block--paride--on26.ko-ldv_main0_sequence_infinite_withcheck_stateful.cil.out.i line 16478 function on26_write_block
Unwinding loop 10  iteration  2   file 32_1_cilled_ok_nondet_linux-3.4-32_1-drivers--block--paride--on26.ko-ldv_main0_sequence_infinite_withcheck_stateful.cil.out.i line 16478 function on26_write_block
Not unwinding 
Unwinding loop 11  iteration  1   file 32_1_cilled_ok_nondet_linux-3.4-32_1-drivers--block--paride--on26.ko-ldv_main0_sequence_infinite_withcheck_stateful.cil.out.i line 16711 function on26_write_block
Unwinding loop 11  iteration  2   file 32_1_cilled_ok_nondet_linux-3.4-32_1-drivers--block--paride--on26.ko-ldv_main0_sequence_infinite_withcheck_stateful.cil.out.i line 16711 function on26_write_block
Not unwinding 
Unwinding loop 3  iteration  1   file 32_1_cilled_ok_nondet_linux-3.4-32_1-drivers--block--paride--on26.ko-ldv_main0_sequence_infinite_withcheck_stateful.cil.out.i line 12112 function on26_read_block
Unwinding loop 3  iteration  2   file 32_1_cilled_ok_nondet_linux-3.4-32_1-drivers--block--paride--on26.ko-ldv_main0_sequence_infinite_withcheck_stateful.cil.out.i line 12112 function on26_read_block
Not unwinding 
Unwinding loop 4  iteration  1   file 32_1_cilled_ok_nondet_linux-3.4-32_1-drivers--block--paride--on26.ko-ldv_main0_sequence_infinite_withcheck_stateful.cil.out.i line 13117 function on26_read_block
Unwinding loop 4  iteration  2   file 32_1_cilled_ok_nondet_linux-3.4-32_1-drivers--block--paride--on26.ko-ldv_main0_sequence_infinite_withcheck_stateful.cil.out.i line 13117 function on26_read_block
Not unwinding 
Unwinding loop 5  iteration  1   file 32_1_cilled_ok_nondet_linux-3.4-32_1-drivers--block--paride--on26.ko-ldv_main0_sequence_infinite_withcheck_stateful.cil.out.i line 13646 function on26_read_block
Unwinding loop 5  iteration  2   file 32_1_cilled_ok_nondet_linux-3.4-32_1-drivers--block--paride--on26.ko-ldv_main0_sequence_infinite_withcheck_stateful.cil.out.i line 13646 function on26_read_block
Not unwinding 
Unwinding loop 6  iteration  1   file 32_1_cilled_ok_nondet_linux-3.4-32_1-drivers--block--paride--on26.ko-ldv_main0_sequence_infinite_withcheck_stateful.cil.out.i line 13877 function on26_read_block
Unwinding loop 6  iteration  2   file 32_1_cilled_ok_nondet_linux-3.4-32_1-drivers--block--paride--on26.ko-ldv_main0_sequence_infinite_withcheck_stateful.cil.out.i line 13877 function on26_read_block
Not unwinding 
Unwinding loop 7  iteration  1   file 32_1_cilled_ok_nondet_linux-3.4-32_1-drivers--block--paride--on26.ko-ldv_main0_sequence_infinite_withcheck_stateful.cil.out.i line 14112 function on26_read_block
Unwinding loop 7  iteration  2   file 32_1_cilled_ok_nondet_linux-3.4-32_1-drivers--block--paride--on26.ko-ldv_main0_sequence_infinite_withcheck_stateful.cil.out.i line 14112 function on26_read_block
Not unwinding 
Unwinding loop 1  iteration  1   file 32_1_cilled_ok_nondet_linux-3.4-32_1-drivers--block--paride--on26.ko-ldv_main0_sequence_infinite_withcheck_stateful.cil.out.i line 9556 function on26_test_port
Unwinding loop 1  iteration  2   file 32_1_cilled_ok_nondet_linux-3.4-32_1-drivers--block--paride--on26.ko-ldv_main0_sequence_infinite_withcheck_stateful.cil.out.i line 9556 function on26_test_port
Not unwinding 
Unwinding loop 12  iteration  1   file 32_1_cilled_ok_nondet_linux-3.4-32_1-drivers--block--paride--on26.ko-ldv_main0_sequence_infinite_withcheck_stateful.cil.out.i line 16938 function main
Unwinding loop 8  iteration  1   file 32_1_cilled_ok_nondet_linux-3.4-32_1-drivers--block--paride--on26.ko-ldv_main0_sequence_infinite_withcheck_stateful.cil.out.i line 15672 function on26_write_block
Unwinding loop 8  iteration  2   file 32_1_cilled_ok_nondet_linux-3.4-32_1-drivers--block--paride--on26.ko-ldv_main0_sequence_infinite_withcheck_stateful.cil.out.i line 15672 function on26_write_block
Not unwinding 
Unwinding loop 9  iteration  1   file 32_1_cilled_ok_nondet_linux-3.4-32_1-drivers--block--paride--on26.ko-ldv_main0_sequence_infinite_withcheck_stateful.cil.out.i line 16248 function on26_write_block
Unwinding loop 9  iteration  2   file 32_1_cilled_ok_nondet_linux-3.4-32_1-drivers--block--paride--on26.ko-ldv_main0_sequence_infinite_withcheck_stateful.cil.out.i line 16248 function on26_write_block
Not unwinding 
Unwinding loop 10  iteration  1   file 32_1_cilled_ok_nondet_linux-3.4-32_1-drivers--block--paride--on26.ko-ldv_main0_sequence_infinite_withcheck_stateful.cil.out.i line 16478 function on26_write_block
Unwinding loop 10  iteration  2   file 32_1_cilled_ok_nondet_linux-3.4-32_1-drivers--block--paride--on26.ko-ldv_main0_sequence_infinite_withcheck_stateful.cil.out.i line 16478 function on26_write_block
Not unwinding 
Unwinding loop 11  iteration  1   file 32_1_cilled_ok_nondet_linux-3.4-32_1-drivers--block--paride--on26.ko-ldv_main0_sequence_infinite_withcheck_stateful.cil.out.i line 16711 function on26_write_block
Unwinding loop 11  iteration  2   file 32_1_cilled_ok_nondet_linux-3.4-32_1-drivers--block--paride--on26.ko-ldv_main0_sequence_infinite_withcheck_stateful.cil.out.i line 16711 function on26_write_block
Not unwinding 
Unwinding loop 3  iteration  1   file 32_1_cilled_ok_nondet_linux-3.4-32_1-drivers--block--paride--on26.ko-ldv_main0_sequence_infinite_withcheck_stateful.cil.out.i line 12112 function on26_read_block
Unwinding loop 3  iteration  2   file 32_1_cilled_ok_nondet_linux-3.4-32_1-drivers--block--paride--on26.ko-ldv_main0_sequence_infinite_withcheck_stateful.cil.out.i line 12112 function on26_read_block
Not unwinding 
Unwinding loop 4  iteration  1   file 32_1_cilled_ok_nondet_linux-3.4-32_1-drivers--block--paride--on26.ko-ldv_main0_sequence_infinite_withcheck_stateful.cil.out.i line 13117 function on26_read_block
Unwinding loop 4  iteration  2   file 32_1_cilled_ok_nondet_linux-3.4-32_1-drivers--block--paride--on26.ko-ldv_main0_sequence_infinite_withcheck_stateful.cil.out.i line 13117 function on26_read_block
Not unwinding 
Unwinding loop 5  iteration  1   file 32_1_cilled_ok_nondet_linux-3.4-32_1-drivers--block--paride--on26.ko-ldv_main0_sequence_infinite_withcheck_stateful.cil.out.i line 13646 function on26_read_block
Unwinding loop 5  iteration  2   file 32_1_cilled_ok_nondet_linux-3.4-32_1-drivers--block--paride--on26.ko-ldv_main0_sequence_infinite_withcheck_stateful.cil.out.i line 13646 function on26_read_block
Not unwinding 
Unwinding loop 6  iteration  1   file 32_1_cilled_ok_nondet_linux-3.4-32_1-drivers--block--paride--on26.ko-ldv_main0_sequence_infinite_withcheck_stateful.cil.out.i line 13877 function on26_read_block
Unwinding loop 6  iteration  2   file 32_1_cilled_ok_nondet_linux-3.4-32_1-drivers--block--paride--on26.ko-ldv_main0_sequence_infinite_withcheck_stateful.cil.out.i line 13877 function on26_read_block
Not unwinding 
Unwinding loop 7  iteration  1   file 32_1_cilled_ok_nondet_linux-3.4-32_1-drivers--block--paride--on26.ko-ldv_main0_sequence_infinite_withcheck_stateful.cil.out.i line 14112 function on26_read_block
Unwinding loop 7  iteration  2   file 32_1_cilled_ok_nondet_linux-3.4-32_1-drivers--block--paride--on26.ko-ldv_main0_sequence_infinite_withcheck_stateful.cil.out.i line 14112 function on26_read_block
Not unwinding 
Unwinding loop 1  iteration  1   file 32_1_cilled_ok_nondet_linux-3.4-32_1-drivers--block--paride--on26.ko-ldv_main0_sequence_infinite_withcheck_stateful.cil.out.i line 9556 function on26_test_port
Unwinding loop 1  iteration  2   file 32_1_cilled_ok_nondet_linux-3.4-32_1-drivers--block--paride--on26.ko-ldv_main0_sequence_infinite_withcheck_stateful.cil.out.i line 9556 function on26_test_port
Not unwinding 
Unwinding loop 12  iteration  2   file 32_1_cilled_ok_nondet_linux-3.4-32_1-drivers--block--paride--on26.ko-ldv_main0_sequence_infinite_withcheck_stateful.cil.out.i line 16938 function main
Unwinding loop 8  iteration  1   file 32_1_cilled_ok_nondet_linux-3.4-32_1-drivers--block--paride--on26.ko-ldv_main0_sequence_infinite_withcheck_stateful.cil.out.i line 15672 function on26_write_block
Unwinding loop 8  iteration  2   file 32_1_cilled_ok_nondet_linux-3.4-32_1-drivers--block--paride--on26.ko-ldv_main0_sequence_infinite_withcheck_stateful.cil.out.i line 15672 function on26_write_block
Not unwinding 
Unwinding loop 9  iteration  1   file 32_1_cilled_ok_nondet_linux-3.4-32_1-drivers--block--paride--on26.ko-ldv_main0_sequence_infinite_withcheck_stateful.cil.out.i line 16248 function on26_write_block
Unwinding loop 9  iteration  2   file 32_1_cilled_ok_nondet_linux-3.4-32_1-drivers--block--paride--on26.ko-ldv_main0_sequence_infinite_withcheck_stateful.cil.out.i line 16248 function on26_write_block
Not unwinding 
Unwinding loop 10  iteration  1   file 32_1_cilled_ok_nondet_linux-3.4-32_1-drivers--block--paride--on26.ko-ldv_main0_sequence_infinite_withcheck_stateful.cil.out.i line 16478 function on26_write_block
Unwinding loop 10  iteration  2   file 32_1_cilled_ok_nondet_linux-3.4-32_1-drivers--block--paride--on26.ko-ldv_main0_sequence_infinite_withcheck_stateful.cil.out.i line 16478 function on26_write_block
Not unwinding 
Unwinding loop 11  iteration  1   file 32_1_cilled_ok_nondet_linux-3.4-32_1-drivers--block--paride--on26.ko-ldv_main0_sequence_infinite_withcheck_stateful.cil.out.i line 16711 function on26_write_block
Unwinding loop 11  iteration  2   file 32_1_cilled_ok_nondet_linux-3.4-32_1-drivers--block--paride--on26.ko-ldv_main0_sequence_infinite_withcheck_stateful.cil.out.i line 16711 function on26_write_block
Not unwinding 
Unwinding loop 3  iteration  1   file 32_1_cilled_ok_nondet_linux-3.4-32_1-drivers--block--paride--on26.ko-ldv_main0_sequence_infinite_withcheck_stateful.cil.out.i line 12112 function on26_read_block
Unwinding loop 3  iteration  2   file 32_1_cilled_ok_nondet_linux-3.4-32_1-drivers--block--paride--on26.ko-ldv_main0_sequence_infinite_withcheck_stateful.cil.out.i line 12112 function on26_read_block
Not unwinding 
Unwinding loop 4  iteration  1   file 32_1_cilled_ok_nondet_linux-3.4-32_1-drivers--block--paride--on26.ko-ldv_main0_sequence_infinite_withcheck_stateful.cil.out.i line 13117 function on26_read_block
Unwinding loop 4  iteration  2   file 32_1_cilled_ok_nondet_linux-3.4-32_1-drivers--block--paride--on26.ko-ldv_main0_sequence_infinite_withcheck_stateful.cil.out.i line 13117 function on26_read_block
Not unwinding 
Unwinding loop 5  iteration  1   file 32_1_cilled_ok_nondet_linux-3.4-32_1-drivers--block--paride--on26.ko-ldv_main0_sequence_infinite_withcheck_stateful.cil.out.i line 13646 function on26_read_block
Unwinding loop 5  iteration  2   file 32_1_cilled_ok_nondet_linux-3.4-32_1-drivers--block--paride--on26.ko-ldv_main0_sequence_infinite_withcheck_stateful.cil.out.i line 13646 function on26_read_block
Not unwinding 
Unwinding loop 6  iteration  1   file 32_1_cilled_ok_nondet_linux-3.4-32_1-drivers--block--paride--on26.ko-ldv_main0_sequence_infinite_withcheck_stateful.cil.out.i line 13877 function on26_read_block
Unwinding loop 6  iteration  2   file 32_1_cilled_ok_nondet_linux-3.4-32_1-drivers--block--paride--on26.ko-ldv_main0_sequence_infinite_withcheck_stateful.cil.out.i line 13877 function on26_read_block
Not unwinding 
Unwinding loop 7  iteration  1   file 32_1_cilled_ok_nondet_linux-3.4-32_1-drivers--block--paride--on26.ko-ldv_main0_sequence_infinite_withcheck_stateful.cil.out.i line 14112 function on26_read_block
Unwinding loop 7  iteration  2   file 32_1_cilled_ok_nondet_linux-3.4-32_1-drivers--block--paride--on26.ko-ldv_main0_sequence_infinite_withcheck_stateful.cil.out.i line 14112 function on26_read_block
Not unwinding 
Unwinding loop 1  iteration  1   file 32_1_cilled_ok_nondet_linux-3.4-32_1-drivers--block--paride--on26.ko-ldv_main0_sequence_infinite_withcheck_stateful.cil.out.i line 9556 function on26_test_port
Unwinding loop 1  iteration  2   file 32_1_cilled_ok_nondet_linux-3.4-32_1-drivers--block--paride--on26.ko-ldv_main0_sequence_infinite_withcheck_stateful.cil.out.i line 9556 function on26_test_port
Not unwinding 
Not unwinding 
Symex completed in: 17.054s (36837 assignments)
Slicing time: 0.053s (removed 36358 assignments)
Generated 0 VCC(s), 0 remaining after simplification (479 assignments)
BMC program time: 17.107s
No bug has been found in the base case
*** Checking forward condition, k = 3
Starting Bounded Model Checking
Unwinding loop 8  iteration  1   file 32_1_cilled_ok_nondet_linux-3.4-32_1-drivers--block--paride--on26.ko-ldv_main0_sequence_infinite_withcheck_stateful.cil.out.i line 15672 function on26_write_block
Unwinding loop 8  iteration  2   file 32_1_cilled_ok_nondet_linux-3.4-32_1-drivers--block--paride--on26.ko-ldv_main0_sequence_infinite_withcheck_stateful.cil.out.i line 15672 function on26_write_block
Not unwinding 
Unwinding loop 9  iteration  1   file 32_1_cilled_ok_nondet_linux-3.4-32_1-drivers--block--paride--on26.ko-ldv_main0_sequence_infinite_withcheck_stateful.cil.out.i line 16248 function on26_write_block
Unwinding loop 9  iteration  2   file 32_1_cilled_ok_nondet_linux-3.4-32_1-drivers--block--paride--on26.ko-ldv_main0_sequence_infinite_withcheck_stateful.cil.out.i line 16248 function on26_write_block
Not unwinding 
Unwinding loop 10  iteration  1   file 32_1_cilled_ok_nondet_linux-3.4-32_1-drivers--block--paride--on26.ko-ldv_main0_sequence_infinite_withcheck_stateful.cil.out.i line 16478 function on26_write_block
Unwinding loop 10  iteration  2   file 32_1_cilled_ok_nondet_linux-3.4-32_1-drivers--block--paride--on26.ko-ldv_main0_sequence_infinite_withcheck_stateful.cil.out.i line 16478 function on26_write_block
Not unwinding 
Unwinding loop 11  iteration  1   file 32_1_cilled_ok_nondet_linux-3.4-32_1-drivers--block--paride--on26.ko-ldv_main0_sequence_infinite_withcheck_stateful.cil.out.i line 16711 function on26_write_block
Unwinding loop 11  iteration  2   file 32_1_cilled_ok_nondet_linux-3.4-32_1-drivers--block--paride--on26.ko-ldv_main0_sequence_infinite_withcheck_stateful.cil.out.i line 16711 function on26_write_block
Not unwinding 
Unwinding loop 3  iteration  1   file 32_1_cilled_ok_nondet_linux-3.4-32_1-drivers--block--paride--on26.ko-ldv_main0_sequence_infinite_withcheck_stateful.cil.out.i line 12112 function on26_read_block
Unwinding loop 3  iteration  2   file 32_1_cilled_ok_nondet_linux-3.4-32_1-drivers--block--paride--on26.ko-ldv_main0_sequence_infinite_withcheck_stateful.cil.out.i line 12112 function on26_read_block
Not unwinding 
Unwinding loop 4  iteration  1   file 32_1_cilled_ok_nondet_linux-3.4-32_1-drivers--block--paride--on26.ko-ldv_main0_sequence_infinite_withcheck_stateful.cil.out.i line 13117 function on26_read_block
Unwinding loop 4  iteration  2   file 32_1_cilled_ok_nondet_linux-3.4-32_1-drivers--block--paride--on26.ko-ldv_main0_sequence_infinite_withcheck_stateful.cil.out.i line 13117 function on26_read_block
Not unwinding 
Unwinding loop 5  iteration  1   file 32_1_cilled_ok_nondet_linux-3.4-32_1-drivers--block--paride--on26.ko-ldv_main0_sequence_infinite_withcheck_stateful.cil.out.i line 13646 function on26_read_block
Unwinding loop 5  iteration  2   file 32_1_cilled_ok_nondet_linux-3.4-32_1-drivers--block--paride--on26.ko-ldv_main0_sequence_infinite_withcheck_stateful.cil.out.i line 13646 function on26_read_block
Not unwinding 
Unwinding loop 6  iteration  1   file 32_1_cilled_ok_nondet_linux-3.4-32_1-drivers--block--paride--on26.ko-ldv_main0_sequence_infinite_withcheck_stateful.cil.out.i line 13877 function on26_read_block
Unwinding loop 6  iteration  2   file 32_1_cilled_ok_nondet_linux-3.4-32_1-drivers--block--paride--on26.ko-ldv_main0_sequence_infinite_withcheck_stateful.cil.out.i line 13877 function on26_read_block
Not unwinding 
Unwinding loop 7  iteration  1   file 32_1_cilled_ok_nondet_linux-3.4-32_1-drivers--block--paride--on26.ko-ldv_main0_sequence_infinite_withcheck_stateful.cil.out.i line 14112 function on26_read_block
Unwinding loop 7  iteration  2   file 32_1_cilled_ok_nondet_linux-3.4-32_1-drivers--block--paride--on26.ko-ldv_main0_sequence_infinite_withcheck_stateful.cil.out.i line 14112 function on26_read_block
Not unwinding 
Unwinding loop 1  iteration  1   file 32_1_cilled_ok_nondet_linux-3.4-32_1-drivers--block--paride--on26.ko-ldv_main0_sequence_infinite_withcheck_stateful.cil.out.i line 9556 function on26_test_port
Unwinding loop 1  iteration  2   file 32_1_cilled_ok_nondet_linux-3.4-32_1-drivers--block--paride--on26.ko-ldv_main0_sequence_infinite_withcheck_stateful.cil.out.i line 9556 function on26_test_port
Not unwinding 
Unwinding loop 12  iteration  1   file 32_1_cilled_ok_nondet_linux-3.4-32_1-drivers--block--paride--on26.ko-ldv_main0_sequence_infinite_withcheck_stateful.cil.out.i line 16938 function main
Unwinding loop 8  iteration  1   file 32_1_cilled_ok_nondet_linux-3.4-32_1-drivers--block--paride--on26.ko-ldv_main0_sequence_infinite_withcheck_stateful.cil.out.i line 15672 function on26_write_block
Unwinding loop 8  iteration  2   file 32_1_cilled_ok_nondet_linux-3.4-32_1-drivers--block--paride--on26.ko-ldv_main0_sequence_infinite_withcheck_stateful.cil.out.i line 15672 function on26_write_block
Not unwinding 
Unwinding loop 9  iteration  1   file 32_1_cilled_ok_nondet_linux-3.4-32_1-drivers--block--paride--on26.ko-ldv_main0_sequence_infinite_withcheck_stateful.cil.out.i line 16248 function on26_write_block
Unwinding loop 9  iteration  2   file 32_1_cilled_ok_nondet_linux-3.4-32_1-drivers--block--paride--on26.ko-ldv_main0_sequence_infinite_withcheck_stateful.cil.out.i line 16248 function on26_write_block
Not unwinding 
Unwinding loop 10  iteration  1   file 32_1_cilled_ok_nondet_linux-3.4-32_1-drivers--block--paride--on26.ko-ldv_main0_sequence_infinite_withcheck_stateful.cil.out.i line 16478 function on26_write_block
Unwinding loop 10  iteration  2   file 32_1_cilled_ok_nondet_linux-3.4-32_1-drivers--block--paride--on26.ko-ldv_main0_sequence_infinite_withcheck_stateful.cil.out.i line 16478 function on26_write_block
Not unwinding 
Unwinding loop 11  iteration  1   file 32_1_cilled_ok_nondet_linux-3.4-32_1-drivers--block--paride--on26.ko-ldv_main0_sequence_infinite_withcheck_stateful.cil.out.i line 16711 function on26_write_block
Unwinding loop 11  iteration  2   file 32_1_cilled_ok_nondet_linux-3.4-32_1-drivers--block--paride--on26.ko-ldv_main0_sequence_infinite_withcheck_stateful.cil.out.i line 16711 function on26_write_block
Not unwinding 
Unwinding loop 3  iteration  1   file 32_1_cilled_ok_nondet_linux-3.4-32_1-drivers--block--paride--on26.ko-ldv_main0_sequence_infinite_withcheck_stateful.cil.out.i line 12112 function on26_read_block
Unwinding loop 3  iteration  2   file 32_1_cilled_ok_nondet_linux-3.4-32_1-drivers--block--paride--on26.ko-ldv_main0_sequence_infinite_withcheck_stateful.cil.out.i line 12112 function on26_read_block
Not unwinding 
Unwinding loop 4  iteration  1   file 32_1_cilled_ok_nondet_linux-3.4-32_1-drivers--block--paride--on26.ko-ldv_main0_sequence_infinite_withcheck_stateful.cil.out.i line 13117 function on26_read_block
Unwinding loop 4  iteration  2   file 32_1_cilled_ok_nondet_linux-3.4-32_1-drivers--block--paride--on26.ko-ldv_main0_sequence_infinite_withcheck_stateful.cil.out.i line 13117 function on26_read_block
Not unwinding 
Unwinding loop 5  iteration  1   file 32_1_cilled_ok_nondet_linux-3.4-32_1-drivers--block--paride--on26.ko-ldv_main0_sequence_infinite_withcheck_stateful.cil.out.i line 13646 function on26_read_block
Unwinding loop 5  iteration  2   file 32_1_cilled_ok_nondet_linux-3.4-32_1-drivers--block--paride--on26.ko-ldv_main0_sequence_infinite_withcheck_stateful.cil.out.i line 13646 function on26_read_block
Not unwinding 
Unwinding loop 6  iteration  1   file 32_1_cilled_ok_nondet_linux-3.4-32_1-drivers--block--paride--on26.ko-ldv_main0_sequence_infinite_withcheck_stateful.cil.out.i line 13877 function on26_read_block
Unwinding loop 6  iteration  2   file 32_1_cilled_ok_nondet_linux-3.4-32_1-drivers--block--paride--on26.ko-ldv_main0_sequence_infinite_withcheck_stateful.cil.out.i line 13877 function on26_read_block
Not unwinding 
Unwinding loop 7  iteration  1   file 32_1_cilled_ok_nondet_linux-3.4-32_1-drivers--block--paride--on26.ko-ldv_main0_sequence_infinite_withcheck_stateful.cil.out.i line 14112 function on26_read_block
Unwinding loop 7  iteration  2   file 32_1_cilled_ok_nondet_linux-3.4-32_1-drivers--block--paride--on26.ko-ldv_main0_sequence_infinite_withcheck_stateful.cil.out.i line 14112 function on26_read_block
Not unwinding 
Unwinding loop 1  iteration  1   file 32_1_cilled_ok_nondet_linux-3.4-32_1-drivers--block--paride--on26.ko-ldv_main0_sequence_infinite_withcheck_stateful.cil.out.i line 9556 function on26_test_port
Unwinding loop 1  iteration  2   file 32_1_cilled_ok_nondet_linux-3.4-32_1-drivers--block--paride--on26.ko-ldv_main0_sequence_infinite_withcheck_stateful.cil.out.i line 9556 function on26_test_port
Not unwinding 
Unwinding loop 12  iteration  2   file 32_1_cilled_ok_nondet_linux-3.4-32_1-drivers--block--paride--on26.ko-ldv_main0_sequence_infinite_withcheck_stateful.cil.out.i line 16938 function main
Unwinding loop 8  iteration  1   file 32_1_cilled_ok_nondet_linux-3.4-32_1-drivers--block--paride--on26.ko-ldv_main0_sequence_infinite_withcheck_stateful.cil.out.i line 15672 function on26_write_block
Unwinding loop 8  iteration  2   file 32_1_cilled_ok_nondet_linux-3.4-32_1-drivers--block--paride--on26.ko-ldv_main0_sequence_infinite_withcheck_stateful.cil.out.i line 15672 function on26_write_block
Not unwinding 
Unwinding loop 9  iteration  1   file 32_1_cilled_ok_nondet_linux-3.4-32_1-drivers--block--paride--on26.ko-ldv_main0_sequence_infinite_withcheck_stateful.cil.out.i line 16248 function on26_write_block
Unwinding loop 9  iteration  2   file 32_1_cilled_ok_nondet_linux-3.4-32_1-drivers--block--paride--on26.ko-ldv_main0_sequence_infinite_withcheck_stateful.cil.out.i line 16248 function on26_write_block
Not unwinding 
Unwinding loop 10  iteration  1   file 32_1_cilled_ok_nondet_linux-3.4-32_1-drivers--block--paride--on26.ko-ldv_main0_sequence_infinite_withcheck_stateful.cil.out.i line 16478 function on26_write_block
Unwinding loop 10  iteration  2   file 32_1_cilled_ok_nondet_linux-3.4-32_1-drivers--block--paride--on26.ko-ldv_main0_sequence_infinite_withcheck_stateful.cil.out.i line 16478 function on26_write_block
Not unwinding 
Unwinding loop 11  iteration  1   file 32_1_cilled_ok_nondet_linux-3.4-32_1-drivers--block--paride--on26.ko-ldv_main0_sequence_infinite_withcheck_stateful.cil.out.i line 16711 function on26_write_block
Unwinding loop 11  iteration  2   file 32_1_cilled_ok_nondet_linux-3.4-32_1-drivers--block--paride--on26.ko-ldv_main0_sequence_infinite_withcheck_stateful.cil.out.i line 16711 function on26_write_block
Not unwinding 
Unwinding loop 3  iteration  1   file 32_1_cilled_ok_nondet_linux-3.4-32_1-drivers--block--paride--on26.ko-ldv_main0_sequence_infinite_withcheck_stateful.cil.out.i line 12112 function on26_read_block
Unwinding loop 3  iteration  2   file 32_1_cilled_ok_nondet_linux-3.4-32_1-drivers--block--paride--on26.ko-ldv_main0_sequence_infinite_withcheck_stateful.cil.out.i line 12112 function on26_read_block
Not unwinding 
Unwinding loop 4  iteration  1   file 32_1_cilled_ok_nondet_linux-3.4-32_1-drivers--block--paride--on26.ko-ldv_main0_sequence_infinite_withcheck_stateful.cil.out.i line 13117 function on26_read_block
Unwinding loop 4  iteration  2   file 32_1_cilled_ok_nondet_linux-3.4-32_1-drivers--block--paride--on26.ko-ldv_main0_sequence_infinite_withcheck_stateful.cil.out.i line 13117 function on26_read_block
Not unwinding 
Unwinding loop 5  iteration  1   file 32_1_cilled_ok_nondet_linux-3.4-32_1-drivers--block--paride--on26.ko-ldv_main0_sequence_infinite_withcheck_stateful.cil.out.i line 13646 function on26_read_block
Unwinding loop 5  iteration  2   file 32_1_cilled_ok_nondet_linux-3.4-32_1-drivers--block--paride--on26.ko-ldv_main0_sequence_infinite_withcheck_stateful.cil.out.i line 13646 function on26_read_block
Not unwinding 
Unwinding loop 6  iteration  1   file 32_1_cilled_ok_nondet_linux-3.4-32_1-drivers--block--paride--on26.ko-ldv_main0_sequence_infinite_withcheck_stateful.cil.out.i line 13877 function on26_read_block
Unwinding loop 6  iteration  2   file 32_1_cilled_ok_nondet_linux-3.4-32_1-drivers--block--paride--on26.ko-ldv_main0_sequence_infinite_withcheck_stateful.cil.out.i line 13877 function on26_read_block
Not unwinding 
Unwinding loop 7  iteration  1   file 32_1_cilled_ok_nondet_linux-3.4-32_1-drivers--block--paride--on26.ko-ldv_main0_sequence_infinite_withcheck_stateful.cil.out.i line 14112 function on26_read_block
Unwinding loop 7  iteration  2   file 32_1_cilled_ok_nondet_linux-3.4-32_1-drivers--block--paride--on26.ko-ldv_main0_sequence_infinite_withcheck_stateful.cil.out.i line 14112 function on26_read_block
Not unwinding 
Unwinding loop 1  iteration  1   file 32_1_cilled_ok_nondet_linux-3.4-32_1-drivers--block--paride--on26.ko-ldv_main0_sequence_infinite_withcheck_stateful.cil.out.i line 9556 function on26_test_port
Unwinding loop 1  iteration  2   file 32_1_cilled_ok_nondet_linux-3.4-32_1-drivers--block--paride--on26.ko-ldv_main0_sequence_infinite_withcheck_stateful.cil.out.i line 9556 function on26_test_port
Not unwinding 
Not unwinding 
Symex completed in: 21.278s (36837 assignments)
Slicing time: 0.053s (removed 36358 assignments)
Generated 31 VCC(s), 31 remaining after simplification (479 assignments)
No solver specified; defaulting to Boolector
Encoding remaining VCC(s) using bit-vector/floating-point arithmetic
Encoding to solver time: 0.017s
Solving with solver Boolector 3.2.1
Encoding to solver time: 0.017s
Runtime decision procedure: 0.132s
The forward condition is unable to prove the property
*** Checking inductive step, k = 3
Starting Bounded Model Checking
Unwinding loop 8  iteration  1   file 32_1_cilled_ok_nondet_linux-3.4-32_1-drivers--block--paride--on26.ko-ldv_main0_sequence_infinite_withcheck_stateful.cil.out.i line 15672 function on26_write_block
Unwinding loop 8  iteration  2   file 32_1_cilled_ok_nondet_linux-3.4-32_1-drivers--block--paride--on26.ko-ldv_main0_sequence_infinite_withcheck_stateful.cil.out.i line 15672 function on26_write_block
Not unwinding 
Unwinding loop 9  iteration  1   file 32_1_cilled_ok_nondet_linux-3.4-32_1-drivers--block--paride--on26.ko-ldv_main0_sequence_infinite_withcheck_stateful.cil.out.i line 16248 function on26_write_block
Unwinding loop 9  iteration  2   file 32_1_cilled_ok_nondet_linux-3.4-32_1-drivers--block--paride--on26.ko-ldv_main0_sequence_infinite_withcheck_stateful.cil.out.i line 16248 function on26_write_block
Not unwinding 
Unwinding loop 10  iteration  1   file 32_1_cilled_ok_nondet_linux-3.4-32_1-drivers--block--paride--on26.ko-ldv_main0_sequence_infinite_withcheck_stateful.cil.out.i line 16478 function on26_write_block
Unwinding loop 10  iteration  2   file 32_1_cilled_ok_nondet_linux-3.4-32_1-drivers--block--paride--on26.ko-ldv_main0_sequence_infinite_withcheck_stateful.cil.out.i line 16478 function on26_write_block
Not unwinding 
Unwinding loop 11  iteration  1   file 32_1_cilled_ok_nondet_linux-3.4-32_1-drivers--block--paride--on26.ko-ldv_main0_sequence_infinite_withcheck_stateful.cil.out.i line 16711 function on26_write_block
Unwinding loop 11  iteration  2   file 32_1_cilled_ok_nondet_linux-3.4-32_1-drivers--block--paride--on26.ko-ldv_main0_sequence_infinite_withcheck_stateful.cil.out.i line 16711 function on26_write_block
Not unwinding 
Unwinding loop 3  iteration  1   file 32_1_cilled_ok_nondet_linux-3.4-32_1-drivers--block--paride--on26.ko-ldv_main0_sequence_infinite_withcheck_stateful.cil.out.i line 12112 function on26_read_block
Unwinding loop 3  iteration  2   file 32_1_cilled_ok_nondet_linux-3.4-32_1-drivers--block--paride--on26.ko-ldv_main0_sequence_infinite_withcheck_stateful.cil.out.i line 12112 function on26_read_block
Not unwinding 
Unwinding loop 4  iteration  1   file 32_1_cilled_ok_nondet_linux-3.4-32_1-drivers--block--paride--on26.ko-ldv_main0_sequence_infinite_withcheck_stateful.cil.out.i line 13117 function on26_read_block
Unwinding loop 4  iteration  2   file 32_1_cilled_ok_nondet_linux-3.4-32_1-drivers--block--paride--on26.ko-ldv_main0_sequence_infinite_withcheck_stateful.cil.out.i line 13117 function on26_read_block
Not unwinding 
Unwinding loop 5  iteration  1   file 32_1_cilled_ok_nondet_linux-3.4-32_1-drivers--block--paride--on26.ko-ldv_main0_sequence_infinite_withcheck_stateful.cil.out.i line 13646 function on26_read_block
Unwinding loop 5  iteration  2   file 32_1_cilled_ok_nondet_linux-3.4-32_1-drivers--block--paride--on26.ko-ldv_main0_sequence_infinite_withcheck_stateful.cil.out.i line 13646 function on26_read_block
Not unwinding 
Unwinding loop 6  iteration  1   file 32_1_cilled_ok_nondet_linux-3.4-32_1-drivers--block--paride--on26.ko-ldv_main0_sequence_infinite_withcheck_stateful.cil.out.i line 13877 function on26_read_block
Unwinding loop 6  iteration  2   file 32_1_cilled_ok_nondet_linux-3.4-32_1-drivers--block--paride--on26.ko-ldv_main0_sequence_infinite_withcheck_stateful.cil.out.i line 13877 function on26_read_block
Not unwinding 
Unwinding loop 7  iteration  1   file 32_1_cilled_ok_nondet_linux-3.4-32_1-drivers--block--paride--on26.ko-ldv_main0_sequence_infinite_withcheck_stateful.cil.out.i line 14112 function on26_read_block
Unwinding loop 7  iteration  2   file 32_1_cilled_ok_nondet_linux-3.4-32_1-drivers--block--paride--on26.ko-ldv_main0_sequence_infinite_withcheck_stateful.cil.out.i line 14112 function on26_read_block
Not unwinding 
Unwinding loop 1  iteration  1   file 32_1_cilled_ok_nondet_linux-3.4-32_1-drivers--block--paride--on26.ko-ldv_main0_sequence_infinite_withcheck_stateful.cil.out.i line 9556 function on26_test_port
Unwinding loop 1  iteration  2   file 32_1_cilled_ok_nondet_linux-3.4-32_1-drivers--block--paride--on26.ko-ldv_main0_sequence_infinite_withcheck_stateful.cil.out.i line 9556 function on26_test_port
Not unwinding 
Unwinding loop 2  iteration  1   file 32_1_cilled_ok_nondet_linux-3.4-32_1-drivers--block--paride--on26.ko-ldv_main0_sequence_infinite_withcheck_stateful.cil.out.i line 9536 function on26_test_port
Unwinding loop 1  iteration  1   file 32_1_cilled_ok_nondet_linux-3.4-32_1-drivers--block--paride--on26.ko-ldv_main0_sequence_infinite_withcheck_stateful.cil.out.i line 9556 function on26_test_port
Unwinding loop 1  iteration  2   file 32_1_cilled_ok_nondet_linux-3.4-32_1-drivers--block--paride--on26.ko-ldv_main0_sequence_infinite_withcheck_stateful.cil.out.i line 9556 function on26_test_port
Not unwinding 
Unwinding loop 2  iteration  2   file 32_1_cilled_ok_nondet_linux-3.4-32_1-drivers--block--paride--on26.ko-ldv_main0_sequence_infinite_withcheck_stateful.cil.out.i line 9536 function on26_test_port
Unwinding loop 1  iteration  1   file 32_1_cilled_ok_nondet_linux-3.4-32_1-drivers--block--paride--on26.ko-ldv_main0_sequence_infinite_withcheck_stateful.cil.out.i line 9556 function on26_test_port
Unwinding loop 1  iteration  2   file 32_1_cilled_ok_nondet_linux-3.4-32_1-drivers--block--paride--on26.ko-ldv_main0_sequence_infinite_withcheck_stateful.cil.out.i line 9556 function on26_test_port
Not unwinding 
Not unwinding 
Unwinding loop 12  iteration  1   file 32_1_cilled_ok_nondet_linux-3.4-32_1-drivers--block--paride--on26.ko-ldv_main0_sequence_infinite_withcheck_stateful.cil.out.i line 16938 function main
Unwinding loop 8  iteration  1   file 32_1_cilled_ok_nondet_linux-3.4-32_1-drivers--block--paride--on26.ko-ldv_main0_sequence_infinite_withcheck_stateful.cil.out.i line 15672 function on26_write_block
Unwinding loop 8  iteration  2   file 32_1_cilled_ok_nondet_linux-3.4-32_1-drivers--block--paride--on26.ko-ldv_main0_sequence_infinite_withcheck_stateful.cil.out.i line 15672 function on26_write_block
Not unwinding 
Unwinding loop 9  iteration  1   file 32_1_cilled_ok_nondet_linux-3.4-32_1-drivers--block--paride--on26.ko-ldv_main0_sequence_infinite_withcheck_stateful.cil.out.i line 16248 function on26_write_block
Unwinding loop 9  iteration  2   file 32_1_cilled_ok_nondet_linux-3.4-32_1-drivers--block--paride--on26.ko-ldv_main0_sequence_infinite_withcheck_stateful.cil.out.i line 16248 function on26_write_block
Not unwinding 
Unwinding loop 10  iteration  1   file 32_1_cilled_ok_nondet_linux-3.4-32_1-drivers--block--paride--on26.ko-ldv_main0_sequence_infinite_withcheck_stateful.cil.out.i line 16478 function on26_write_block
Unwinding loop 10  iteration  2   file 32_1_cilled_ok_nondet_linux-3.4-32_1-drivers--block--paride--on26.ko-ldv_main0_sequence_infinite_withcheck_stateful.cil.out.i line 16478 function on26_write_block
Not unwinding 
Unwinding loop 11  iteration  1   file 32_1_cilled_ok_nondet_linux-3.4-32_1-drivers--block--paride--on26.ko-ldv_main0_sequence_infinite_withcheck_stateful.cil.out.i line 16711 function on26_write_block
Unwinding loop 11  iteration  2   file 32_1_cilled_ok_nondet_linux-3.4-32_1-drivers--block--paride--on26.ko-ldv_main0_sequence_infinite_withcheck_stateful.cil.out.i line 16711 function on26_write_block
Not unwinding 
Unwinding loop 3  iteration  1   file 32_1_cilled_ok_nondet_linux-3.4-32_1-drivers--block--paride--on26.ko-ldv_main0_sequence_infinite_withcheck_stateful.cil.out.i line 12112 function on26_read_block
Unwinding loop 3  iteration  2   file 32_1_cilled_ok_nondet_linux-3.4-32_1-drivers--block--paride--on26.ko-ldv_main0_sequence_infinite_withcheck_stateful.cil.out.i line 12112 function on26_read_block
Not unwinding 
Unwinding loop 4  iteration  1   file 32_1_cilled_ok_nondet_linux-3.4-32_1-drivers--block--paride--on26.ko-ldv_main0_sequence_infinite_withcheck_stateful.cil.out.i line 13117 function on26_read_block
Unwinding loop 4  iteration  2   file 32_1_cilled_ok_nondet_linux-3.4-32_1-drivers--block--paride--on26.ko-ldv_main0_sequence_infinite_withcheck_stateful.cil.out.i line 13117 function on26_read_block
Not unwinding 
Unwinding loop 5  iteration  1   file 32_1_cilled_ok_nondet_linux-3.4-32_1-drivers--block--paride--on26.ko-ldv_main0_sequence_infinite_withcheck_stateful.cil.out.i line 13646 function on26_read_block
Unwinding loop 5  iteration  2   file 32_1_cilled_ok_nondet_linux-3.4-32_1-drivers--block--paride--on26.ko-ldv_main0_sequence_infinite_withcheck_stateful.cil.out.i line 13646 function on26_read_block
Not unwinding 
Unwinding loop 6  iteration  1   file 32_1_cilled_ok_nondet_linux-3.4-32_1-drivers--block--paride--on26.ko-ldv_main0_sequence_infinite_withcheck_stateful.cil.out.i line 13877 function on26_read_block
Unwinding loop 6  iteration  2   file 32_1_cilled_ok_nondet_linux-3.4-32_1-drivers--block--paride--on26.ko-ldv_main0_sequence_infinite_withcheck_stateful.cil.out.i line 13877 function on26_read_block
Not unwinding 
Unwinding loop 7  iteration  1   file 32_1_cilled_ok_nondet_linux-3.4-32_1-drivers--block--paride--on26.ko-ldv_main0_sequence_infinite_withcheck_stateful.cil.out.i line 14112 function on26_read_block
Unwinding loop 7  iteration  2   file 32_1_cilled_ok_nondet_linux-3.4-32_1-drivers--block--paride--on26.ko-ldv_main0_sequence_infinite_withcheck_stateful.cil.out.i line 14112 function on26_read_block
Not unwinding 
Unwinding loop 1  iteration  1   file 32_1_cilled_ok_nondet_linux-3.4-32_1-drivers--block--paride--on26.ko-ldv_main0_sequence_infinite_withcheck_stateful.cil.out.i line 9556 function on26_test_port
Unwinding loop 1  iteration  2   file 32_1_cilled_ok_nondet_linux-3.4-32_1-drivers--block--paride--on26.ko-ldv_main0_sequence_infinite_withcheck_stateful.cil.out.i line 9556 function on26_test_port
Not unwinding 
Unwinding loop 2  iteration  1   file 32_1_cilled_ok_nondet_linux-3.4-32_1-drivers--block--paride--on26.ko-ldv_main0_sequence_infinite_withcheck_stateful.cil.out.i line 9536 function on26_test_port
Unwinding loop 1  iteration  1   file 32_1_cilled_ok_nondet_linux-3.4-32_1-drivers--block--paride--on26.ko-ldv_main0_sequence_infinite_withcheck_stateful.cil.out.i line 9556 function on26_test_port
Unwinding loop 1  iteration  2   file 32_1_cilled_ok_nondet_linux-3.4-32_1-drivers--block--paride--on26.ko-ldv_main0_sequence_infinite_withcheck_stateful.cil.out.i line 9556 function on26_test_port
Not unwinding 
Unwinding loop 2  iteration  2   file 32_1_cilled_ok_nondet_linux-3.4-32_1-drivers--block--paride--on26.ko-ldv_main0_sequence_infinite_withcheck_stateful.cil.out.i line 9536 function on26_test_port
Unwinding loop 1  iteration  1   file 32_1_cilled_ok_nondet_linux-3.4-32_1-drivers--block--paride--on26.ko-ldv_main0_sequence_infinite_withcheck_stateful.cil.out.i line 9556 function on26_test_port
Unwinding loop 1  iteration  2   file 32_1_cilled_ok_nondet_linux-3.4-32_1-drivers--block--paride--on26.ko-ldv_main0_sequence_infinite_withcheck_stateful.cil.out.i line 9556 function on26_test_port
Not unwinding 
Not unwinding 
Unwinding loop 12  iteration  2   file 32_1_cilled_ok_nondet_linux-3.4-32_1-drivers--block--paride--on26.ko-ldv_main0_sequence_infinite_withcheck_stateful.cil.out.i line 16938 function main
Unwinding loop 8  iteration  1   file 32_1_cilled_ok_nondet_linux-3.4-32_1-drivers--block--paride--on26.ko-ldv_main0_sequence_infinite_withcheck_stateful.cil.out.i line 15672 function on26_write_block
Unwinding loop 8  iteration  2   file 32_1_cilled_ok_nondet_linux-3.4-32_1-drivers--block--paride--on26.ko-ldv_main0_sequence_infinite_withcheck_stateful.cil.out.i line 15672 function on26_write_block
Not unwinding 
Unwinding loop 9  iteration  1   file 32_1_cilled_ok_nondet_linux-3.4-32_1-drivers--block--paride--on26.ko-ldv_main0_sequence_infinite_withcheck_stateful.cil.out.i line 16248 function on26_write_block
Unwinding loop 9  iteration  2   file 32_1_cilled_ok_nondet_linux-3.4-32_1-drivers--block--paride--on26.ko-ldv_main0_sequence_infinite_withcheck_stateful.cil.out.i line 16248 function on26_write_block
Not unwinding 
Unwinding loop 10  iteration  1   file 32_1_cilled_ok_nondet_linux-3.4-32_1-drivers--block--paride--on26.ko-ldv_main0_sequence_infinite_withcheck_stateful.cil.out.i line 16478 function on26_write_block
Unwinding loop 10  iteration  2   file 32_1_cilled_ok_nondet_linux-3.4-32_1-drivers--block--paride--on26.ko-ldv_main0_sequence_infinite_withcheck_stateful.cil.out.i line 16478 function on26_write_block
Not unwinding 
Unwinding loop 11  iteration  1   file 32_1_cilled_ok_nondet_linux-3.4-32_1-drivers--block--paride--on26.ko-ldv_main0_sequence_infinite_withcheck_stateful.cil.out.i line 16711 function on26_write_block
Unwinding loop 11  iteration  2   file 32_1_cilled_ok_nondet_linux-3.4-32_1-drivers--block--paride--on26.ko-ldv_main0_sequence_infinite_withcheck_stateful.cil.out.i line 16711 function on26_write_block
Not unwinding 
Unwinding loop 3  iteration  1   file 32_1_cilled_ok_nondet_linux-3.4-32_1-drivers--block--paride--on26.ko-ldv_main0_sequence_infinite_withcheck_stateful.cil.out.i line 12112 function on26_read_block
Unwinding loop 3  iteration  2   file 32_1_cilled_ok_nondet_linux-3.4-32_1-drivers--block--paride--on26.ko-ldv_main0_sequence_infinite_withcheck_stateful.cil.out.i line 12112 function on26_read_block
Not unwinding 
Unwinding loop 4  iteration  1   file 32_1_cilled_ok_nondet_linux-3.4-32_1-drivers--block--paride--on26.ko-ldv_main0_sequence_infinite_withcheck_stateful.cil.out.i line 13117 function on26_read_block
Unwinding loop 4  iteration  2   file 32_1_cilled_ok_nondet_linux-3.4-32_1-drivers--block--paride--on26.ko-ldv_main0_sequence_infinite_withcheck_stateful.cil.out.i line 13117 function on26_read_block
Not unwinding 
Unwinding loop 5  iteration  1   file 32_1_cilled_ok_nondet_linux-3.4-32_1-drivers--block--paride--on26.ko-ldv_main0_sequence_infinite_withcheck_stateful.cil.out.i line 13646 function on26_read_block
Unwinding loop 5  iteration  2   file 32_1_cilled_ok_nondet_linux-3.4-32_1-drivers--block--paride--on26.ko-ldv_main0_sequence_infinite_withcheck_stateful.cil.out.i line 13646 function on26_read_block
Not unwinding 
Unwinding loop 6  iteration  1   file 32_1_cilled_ok_nondet_linux-3.4-32_1-drivers--block--paride--on26.ko-ldv_main0_sequence_infinite_withcheck_stateful.cil.out.i line 13877 function on26_read_block
Unwinding loop 6  iteration  2   file 32_1_cilled_ok_nondet_linux-3.4-32_1-drivers--block--paride--on26.ko-ldv_main0_sequence_infinite_withcheck_stateful.cil.out.i line 13877 function on26_read_block
Not unwinding 
Unwinding loop 7  iteration  1   file 32_1_cilled_ok_nondet_linux-3.4-32_1-drivers--block--paride--on26.ko-ldv_main0_sequence_infinite_withcheck_stateful.cil.out.i line 14112 function on26_read_block
Unwinding loop 7  iteration  2   file 32_1_cilled_ok_nondet_linux-3.4-32_1-drivers--block--paride--on26.ko-ldv_main0_sequence_infinite_withcheck_stateful.cil.out.i line 14112 function on26_read_block
Not unwinding 
Unwinding loop 1  iteration  1   file 32_1_cilled_ok_nondet_linux-3.4-32_1-drivers--block--paride--on26.ko-ldv_main0_sequence_infinite_withcheck_stateful.cil.out.i line 9556 function on26_test_port
Unwinding loop 1  iteration  2   file 32_1_cilled_ok_nondet_linux-3.4-32_1-drivers--block--paride--on26.ko-ldv_main0_sequence_infinite_withcheck_stateful.cil.out.i line 9556 function on26_test_port
Not unwinding 
Unwinding loop 2  iteration  1   file 32_1_cilled_ok_nondet_linux-3.4-32_1-drivers--block--paride--on26.ko-ldv_main0_sequence_infinite_withcheck_stateful.cil.out.i line 9536 function on26_test_port
Unwinding loop 1  iteration  1   file 32_1_cilled_ok_nondet_linux-3.4-32_1-drivers--block--paride--on26.ko-ldv_main0_sequence_infinite_withcheck_stateful.cil.out.i line 9556 function on26_test_port
Unwinding loop 1  iteration  2   file 32_1_cilled_ok_nondet_linux-3.4-32_1-drivers--block--paride--on26.ko-ldv_main0_sequence_infinite_withcheck_stateful.cil.out.i line 9556 function on26_test_port
Not unwinding 
Unwinding loop 2  iteration  2   file 32_1_cilled_ok_nondet_linux-3.4-32_1-drivers--block--paride--on26.ko-ldv_main0_sequence_infinite_withcheck_stateful.cil.out.i line 9536 function on26_test_port
Unwinding loop 1  iteration  1   file 32_1_cilled_ok_nondet_linux-3.4-32_1-drivers--block--paride--on26.ko-ldv_main0_sequence_infinite_withcheck_stateful.cil.out.i line 9556 function on26_test_port
Unwinding loop 1  iteration  2   file 32_1_cilled_ok_nondet_linux-3.4-32_1-drivers--block--paride--on26.ko-ldv_main0_sequence_infinite_withcheck_stateful.cil.out.i line 9556 function on26_test_port
Not unwinding 
Not unwinding 
Not unwinding 
Symex completed in: 113.883s (102921 assignments)
Slicing time: 0.139s (removed 101848 assignments)
Generated 0 VCC(s), 0 remaining after simplification (1073 assignments)
BMC program time: 114.022s
Building successful trace

VERIFICATION SUCCESSFUL

Solution found by the inductive step (k = 3)

../sv-benchmarks/c/ldv-linux-3.4-simple/32_1_cilled_ok_nondet_linux-3.4-32_1-drivers--block--paride--on26.ko-ldv_main0_sequence_infinite_withcheck_stateful.cil.out.i:16901:1: warning: return type of 'main' is not 'int' [-Wmain-return-type]
void main(void)
^
../sv-benchmarks/c/ldv-linux-3.4-simple/32_1_cilled_ok_nondet_linux-3.4-32_1-drivers--block--paride--on26.ko-ldv_main0_sequence_infinite_withcheck_stateful.cil.out.i:16901:1: note: change return type to 'int'
void main(void)
^~~~
int

TRUE
