./esbmc-wrapper.py -p ../sv-benchmarks/c/properties/unreach-call.prp -s kinduction --arch 32 ../sv-benchmarks/c/array-tiling/revcpyswp2.c


--------------------------------------------------------------------------------


Verifying with ESBMC
Command: ./esbmc --no-div-by-zero-check --force-malloc-success --state-hashing --no-align-check --k-step 2 --floatbv --unlimited-k-steps ../sv-benchmarks/c/array-tiling/revcpyswp2.c --32 --witness-output revcpyswp2.c.graphml --no-pointer-check --no-bounds-check --interval-analysis --k-induction --max-inductive-step 3 
ESBMC version 6.8.0 64-bit x86_64 linux
Target: 32-bit little-endian x86_64-unknown-linux with esbmc libc
file ../sv-benchmarks/c/array-tiling/revcpyswp2.c: Parsing
Converting
Generating GOTO Program
GOTO program creation time: 0.135s
GOTO program processing time: 0.001s
*** Checking base case, k = 1
Starting Bounded Model Checking
Not unwinding 
Not unwinding 
Not unwinding 
Not unwinding 
Not unwinding 
Symex completed in: 0.126s (110 assignments)
Slicing time: 0.000s (removed 83 assignments)
Generated 1 VCC(s), 1 remaining after simplification (27 assignments)
No solver specified; defaulting to Boolector
Encoding remaining VCC(s) using bit-vector/floating-point arithmetic
Encoding to solver time: 0.001s
Solving with solver Boolector 3.2.1
Encoding to solver time: 0.001s
Runtime decision procedure: 0.000s
BMC program time: 0.128s
No bug has been found in the base case
*** Checking forward condition, k = 1
Starting Bounded Model Checking
Not unwinding 
Not unwinding 
Not unwinding 
Not unwinding 
Not unwinding 
Symex completed in: 0.024s (109 assignments)
Slicing time: 0.000s (removed 83 assignments)
Generated 5 VCC(s), 5 remaining after simplification (26 assignments)
No solver specified; defaulting to Boolector
Encoding remaining VCC(s) using bit-vector/floating-point arithmetic
Encoding to solver time: 0.001s
Solving with solver Boolector 3.2.1
Encoding to solver time: 0.001s
Runtime decision procedure: 0.003s
The forward condition is unable to prove the property
*** Checking base case, k = 3
Starting Bounded Model Checking
Unwinding loop 1  iteration  1   file revcpyswp2.c line 29 function main
Unwinding loop 1  iteration  2   file revcpyswp2.c line 29 function main
Not unwinding 
Unwinding loop 2  iteration  1   file revcpyswp2.c line 36 function main
Unwinding loop 2  iteration  2   file revcpyswp2.c line 36 function main
Not unwinding 
Unwinding loop 3  iteration  1   file revcpyswp2.c line 43 function main
Unwinding loop 3  iteration  2   file revcpyswp2.c line 43 function main
Not unwinding 
Unwinding loop 4  iteration  1   file revcpyswp2.c line 51 function main
Unwinding loop 4  iteration  2   file revcpyswp2.c line 51 function main
Not unwinding 
Unwinding loop 5  iteration  1   file revcpyswp2.c line 59 function main
Unwinding loop 5  iteration  2   file revcpyswp2.c line 59 function main
Not unwinding 
Symex completed in: 0.070s (236 assignments)
Slicing time: 0.002s (removed 121 assignments)
Generated 3 VCC(s), 3 remaining after simplification (115 assignments)
No solver specified; defaulting to Boolector
Encoding remaining VCC(s) using bit-vector/floating-point arithmetic
Encoding to solver time: 0.004s
Solving with solver Boolector 3.2.1
Encoding to solver time: 0.004s
Runtime decision procedure: 0.003s
BMC program time: 0.080s
No bug has been found in the base case
*** Checking forward condition, k = 3
Starting Bounded Model Checking
Unwinding loop 1  iteration  1   file revcpyswp2.c line 29 function main
Unwinding loop 1  iteration  2   file revcpyswp2.c line 29 function main
Not unwinding 
Unwinding loop 2  iteration  1   file revcpyswp2.c line 36 function main
Unwinding loop 2  iteration  2   file revcpyswp2.c line 36 function main
Not unwinding 
Unwinding loop 3  iteration  1   file revcpyswp2.c line 43 function main
Unwinding loop 3  iteration  2   file revcpyswp2.c line 43 function main
Not unwinding 
Unwinding loop 4  iteration  1   file revcpyswp2.c line 51 function main
Unwinding loop 4  iteration  2   file revcpyswp2.c line 51 function main
Not unwinding 
Unwinding loop 5  iteration  1   file revcpyswp2.c line 59 function main
Unwinding loop 5  iteration  2   file revcpyswp2.c line 59 function main
Not unwinding 
Symex completed in: 0.073s (233 assignments)
Slicing time: 0.003s (removed 121 assignments)
Generated 5 VCC(s), 5 remaining after simplification (112 assignments)
No solver specified; defaulting to Boolector
Encoding remaining VCC(s) using bit-vector/floating-point arithmetic
Encoding to solver time: 0.004s
Solving with solver Boolector 3.2.1
Encoding to solver time: 0.004s
Runtime decision procedure: 0.012s
The forward condition is unable to prove the property
*** Checking inductive step, k = 3
Starting Bounded Model Checking
Unwinding loop 1  iteration  1   file revcpyswp2.c line 29 function main
Unwinding loop 1  iteration  2   file revcpyswp2.c line 29 function main
Not unwinding 
Unwinding loop 2  iteration  1   file revcpyswp2.c line 36 function main
Unwinding loop 2  iteration  2   file revcpyswp2.c line 36 function main
Not unwinding 
Unwinding loop 3  iteration  1   file revcpyswp2.c line 43 function main
Unwinding loop 3  iteration  2   file revcpyswp2.c line 43 function main
Not unwinding 
Unwinding loop 4  iteration  1   file revcpyswp2.c line 51 function main
Unwinding loop 4  iteration  2   file revcpyswp2.c line 51 function main
Not unwinding 
Unwinding loop 5  iteration  1   file revcpyswp2.c line 59 function main
Unwinding loop 5  iteration  2   file revcpyswp2.c line 59 function main
Not unwinding 
Symex completed in: 0.007s (160 assignments)
Slicing time: 0.001s (removed 130 assignments)
Generated 1 VCC(s), 1 remaining after simplification (30 assignments)
No solver specified; defaulting to Boolector
Encoding remaining VCC(s) using bit-vector/floating-point arithmetic
Encoding to solver time: 0.001s
Solving with solver Boolector 3.2.1
Encoding to solver time: 0.001s
Runtime decision procedure: 0.000s
BMC program time: 0.009s
Building successful trace

VERIFICATION SUCCESSFUL

Solution found by the inductive step (k = 3)


TRUE
