./esbmc-wrapper.py -p ../sv-benchmarks/c/properties/unreach-call.prp -s kinduction --arch 32 ../sv-benchmarks/c/eca-rers2012/Problem12_label34.c


--------------------------------------------------------------------------------


Verifying with ESBMC
Command: ./esbmc --no-div-by-zero-check --force-malloc-success --state-hashing --no-align-check --k-step 2 --floatbv --unlimited-k-steps ../sv-benchmarks/c/eca-rers2012/Problem12_label34.c --32 --witness-output Problem12_label34.c.graphml --no-pointer-check --no-bounds-check --interval-analysis --k-induction --max-inductive-step 3 
ESBMC version 6.8.0 64-bit x86_64 linux
Target: 32-bit little-endian x86_64-unknown-linux with esbmc libc
file ../sv-benchmarks/c/eca-rers2012/Problem12_label34.c: Parsing
Converting
Generating GOTO Program
GOTO program creation time: 1.289s
GOTO program processing time: 0.331s
*** Checking base case, k = 1
Starting Bounded Model Checking
Not unwinding 
Symex completed in: 0.064s (100 assignments)
Slicing time: 0.000s (removed 96 assignments)
Generated 0 VCC(s), 0 remaining after simplification (4 assignments)
BMC program time: 0.064s
No bug has been found in the base case
*** Checking forward condition, k = 1
Starting Bounded Model Checking
Not unwinding 
Symex completed in: 0.060s (100 assignments)
Slicing time: 0.001s (removed 96 assignments)
Generated 1 VCC(s), 1 remaining after simplification (4 assignments)
No solver specified; defaulting to Boolector
Encoding remaining VCC(s) using bit-vector/floating-point arithmetic
Encoding to solver time: 0.000s
Solving with solver Boolector 3.2.1
Encoding to solver time: 0.000s
Runtime decision procedure: 0.003s
The forward condition is unable to prove the property
*** Checking base case, k = 3
Starting Bounded Model Checking
Unwinding loop 1  iteration  1   file Problem12_label34.c line 4828 function main
Unwinding loop 1  iteration  2   file Problem12_label34.c line 4828 function main
Not unwinding 
Symex completed in: 1.314s (17133 assignments)
Slicing time: 0.164s (removed 13380 assignments)
Generated 2 VCC(s), 2 remaining after simplification (3753 assignments)
No solver specified; defaulting to Boolector
Encoding remaining VCC(s) using bit-vector/floating-point arithmetic
Encoding to solver time: 0.110s
Solving with solver Boolector 3.2.1
Encoding to solver time: 0.110s
Runtime decision procedure: 0.105s
BMC program time: 1.694s
No bug has been found in the base case
*** Checking forward condition, k = 3
Starting Bounded Model Checking
Unwinding loop 1  iteration  1   file Problem12_label34.c line 4828 function main
Unwinding loop 1  iteration  2   file Problem12_label34.c line 4828 function main
Not unwinding 
Symex completed in: 1.421s (17131 assignments)
Slicing time: 0.148s (removed 13380 assignments)
Generated 1 VCC(s), 1 remaining after simplification (3751 assignments)
No solver specified; defaulting to Boolector
Encoding remaining VCC(s) using bit-vector/floating-point arithmetic
Encoding to solver time: 0.107s
Solving with solver Boolector 3.2.1
Encoding to solver time: 0.107s
Runtime decision procedure: 7.894s
The forward condition is unable to prove the property
*** Checking inductive step, k = 3
Starting Bounded Model Checking
Unwinding loop 1  iteration  1   file Problem12_label34.c line 4828 function main
Unwinding loop 1  iteration  2   file Problem12_label34.c line 4828 function main
Not unwinding 
Symex completed in: 2.879s (36184 assignments)
Slicing time: 4.117s (removed 15414 assignments)
Generated 1 VCC(s), 1 remaining after simplification (20770 assignments)
No solver specified; defaulting to Boolector
Encoding remaining VCC(s) using bit-vector/floating-point arithmetic
Encoding to solver time: 0.800s
Solving with solver Boolector 3.2.1
Encoding to solver time: 0.800s
Runtime decision procedure: 48.293s
The inductive step is unable to prove the property
*** Checking base case, k = 5
Starting Bounded Model Checking
Unwinding loop 1  iteration  1   file Problem12_label34.c line 4828 function main
Unwinding loop 1  iteration  2   file Problem12_label34.c line 4828 function main
Unwinding loop 1  iteration  3   file Problem12_label34.c line 4828 function main
Unwinding loop 1  iteration  4   file Problem12_label34.c line 4828 function main
Not unwinding 
Symex completed in: 3.516s (39685 assignments)
Slicing time: 1.386s (removed 20770 assignments)
Generated 4 VCC(s), 4 remaining after simplification (18915 assignments)
No solver specified; defaulting to Boolector
Encoding remaining VCC(s) using bit-vector/floating-point arithmetic
Encoding to solver time: 0.665s
Solving with solver Boolector 3.2.1
Encoding to solver time: 0.665s
Runtime decision procedure: 52.897s
Building error trace

Counterexample:

State 1 file Problem12_label34.c line 4832 function main thread 0
----------------------------------------------------
  input = 5 (00000000 00000000 00000000 00000101)

State 2 file Problem12_label34.c line 4832 function main thread 0
----------------------------------------------------
  input = 1 (00000000 00000000 00000000 00000001)

State 3 file Problem12_label34.c line 4832 function main thread 0
----------------------------------------------------
  input = 2 (00000000 00000000 00000000 00000010)

State 4 file Problem12_label34.c line 1982 function calculate_output2 thread 0
----------------------------------------------------
  a2 = 272 (00000000 00000000 00000001 00010000)

State 5 file Problem12_label34.c line 1983 function calculate_output2 thread 0
----------------------------------------------------
  a17 = 350 (00000000 00000000 00000001 01011110)

State 6 file Problem12_label34.c line 4832 function main thread 0
----------------------------------------------------
  input = 1 (00000000 00000000 00000000 00000001)

State 7 file Problem12_label34.c line 2824 function calculate_output2 thread 0
----------------------------------------------------
  a2 = -106817 (11111111 11111110 01011110 10111111)

State 8 file Problem12_label34.c line 4832 function main thread 0
----------------------------------------------------
  input = 2 (00000000 00000000 00000000 00000010)

State 9 file Problem12_label34.c line 15 function reach_error thread 0
----------------------------------------------------
Violated property:
  file Problem12_label34.c line 15 function reach_error
  assertion 0
  0


VERIFICATION FAILED

Bug found (k = 5)


FALSE_REACH
