./esbmc-wrapper.py -p ../sv-benchmarks/c/properties/unreach-call.prp -s kinduction --arch 32 ../sv-benchmarks/c/recursive-simple/id_b3_o2-2.c


--------------------------------------------------------------------------------


Verifying with ESBMC
Command: ./esbmc --no-div-by-zero-check --force-malloc-success --state-hashing --no-align-check --k-step 2 --floatbv --unlimited-k-steps ../sv-benchmarks/c/recursive-simple/id_b3_o2-2.c --32 --witness-output id_b3_o2-2.c.graphml --no-pointer-check --no-bounds-check --interval-analysis --k-induction --max-inductive-step 3 
ESBMC version 6.8.0 64-bit x86_64 linux
Target: 32-bit little-endian x86_64-unknown-linux with esbmc libc
file ../sv-benchmarks/c/recursive-simple/id_b3_o2-2.c: Parsing
Converting
Generating GOTO Program
GOTO program creation time: 0.085s
GOTO program processing time: 0.000s
*** Checking base case, k = 1
Starting Bounded Model Checking
**** WARNING: k-induction does not support recursion yet. Disabling inductive step
Unwinding recursion id iteration 1 (1 max)
Symex completed in: 0.001s (27 assignments)
Slicing time: 0.000s (removed 12 assignments)
Generated 1 VCC(s), 1 remaining after simplification (15 assignments)
No solver specified; defaulting to Boolector
Encoding remaining VCC(s) using bit-vector/floating-point arithmetic
Encoding to solver time: 0.000s
Solving with solver Boolector 3.2.1
Encoding to solver time: 0.000s
Runtime decision procedure: 0.000s
BMC program time: 0.002s
No bug has been found in the base case
*** Checking forward condition, k = 1
Starting Bounded Model Checking
Unwinding recursion id iteration 1 (1 max)
Symex completed in: 0.001s (26 assignments)
Slicing time: 0.000s (removed 12 assignments)
Generated 1 VCC(s), 1 remaining after simplification (14 assignments)
No solver specified; defaulting to Boolector
Encoding remaining VCC(s) using bit-vector/floating-point arithmetic
Encoding to solver time: 0.000s
Solving with solver Boolector 3.2.1
Encoding to solver time: 0.000s
Runtime decision procedure: 0.001s
The forward condition is unable to prove the property
*** Checking base case, k = 3
Starting Bounded Model Checking
Unwinding recursion id iteration 1 (3 max)
Unwinding recursion id iteration 2 (3 max)
Unwinding recursion id iteration 3 (3 max)
Symex completed in: 0.001s (47 assignments)
Slicing time: 0.000s (removed 18 assignments)
Generated 1 VCC(s), 1 remaining after simplification (29 assignments)
No solver specified; defaulting to Boolector
Encoding remaining VCC(s) using bit-vector/floating-point arithmetic
Encoding to solver time: 0.000s
Solving with solver Boolector 3.2.1
Encoding to solver time: 0.000s
Runtime decision procedure: 0.001s
Building error trace

Counterexample:

State 1 file id_b3_o2-2.c line 14 function main thread 0
----------------------------------------------------
  input = 2 (00000000 00000000 00000000 00000010)

State 2 file id_b3_o2-2.c line 8 function id thread 0
----------------------------------------------------
  ret = 1 (00000000 00000000 00000000 00000001)

State 3 file id_b3_o2-2.c line 8 function id thread 0
----------------------------------------------------
  ret = 2 (00000000 00000000 00000000 00000010)

State 4 file id_b3_o2-2.c line 15 function main thread 0
----------------------------------------------------
  result = 2 (00000000 00000000 00000000 00000010)

State 5 file id_b3_o2-2.c line 4 function reach_error thread 0
----------------------------------------------------
Violated property:
  file id_b3_o2-2.c line 4 function reach_error
  assertion 0
  0


VERIFICATION FAILED

Bug found (k = 3)


FALSE_REACH
