./esbmc-wrapper.py -p ../sv-benchmarks/c/properties/unreach-call.prp -s kinduction --arch 32 ../sv-benchmarks/c/eca-rers2012/Problem18_label37.c


--------------------------------------------------------------------------------


Verifying with ESBMC
Command: ./esbmc --no-div-by-zero-check --force-malloc-success --state-hashing --no-align-check --k-step 2 --floatbv --unlimited-k-steps ../sv-benchmarks/c/eca-rers2012/Problem18_label37.c --32 --witness-output Problem18_label37.c.graphml --no-pointer-check --no-bounds-check --interval-analysis --k-induction --max-inductive-step 3 
ESBMC version 6.8.0 64-bit x86_64 linux
Target: 32-bit little-endian x86_64-unknown-linux with esbmc libc
file ../sv-benchmarks/c/eca-rers2012/Problem18_label37.c: Parsing
Converting
Generating GOTO Program
GOTO program creation time: 0.571s
GOTO program processing time: 0.131s
*** Checking base case, k = 1
Starting Bounded Model Checking
Not unwinding 
Symex completed in: 0.036s (89 assignments)
Slicing time: 0.000s (removed 85 assignments)
Generated 0 VCC(s), 0 remaining after simplification (4 assignments)
BMC program time: 0.036s
No bug has been found in the base case
*** Checking forward condition, k = 1
Starting Bounded Model Checking
Not unwinding 
Symex completed in: 0.025s (89 assignments)
Slicing time: 0.001s (removed 85 assignments)
Generated 1 VCC(s), 1 remaining after simplification (4 assignments)
No solver specified; defaulting to Boolector
Encoding remaining VCC(s) using bit-vector/floating-point arithmetic
Encoding to solver time: 0.000s
Solving with solver Boolector 3.2.1
Encoding to solver time: 0.000s
Runtime decision procedure: 0.003s
The forward condition is unable to prove the property
*** Checking base case, k = 3
Starting Bounded Model Checking
Unwinding loop 1  iteration  1   file Problem18_label37.c line 4269 function main
Unwinding loop 1  iteration  2   file Problem18_label37.c line 4269 function main
Not unwinding 
Symex completed in: 0.451s (9758 assignments)
Slicing time: 0.011s (removed 9382 assignments)
Generated 1 VCC(s), 1 remaining after simplification (376 assignments)
No solver specified; defaulting to Boolector
Encoding remaining VCC(s) using bit-vector/floating-point arithmetic
Encoding to solver time: 0.006s
Solving with solver Boolector 3.2.1
Encoding to solver time: 0.006s
Runtime decision procedure: 0.003s
BMC program time: 0.473s
No bug has been found in the base case
*** Checking forward condition, k = 3
Starting Bounded Model Checking
Unwinding loop 1  iteration  1   file Problem18_label37.c line 4269 function main
Unwinding loop 1  iteration  2   file Problem18_label37.c line 4269 function main
Not unwinding 
Symex completed in: 0.486s (9757 assignments)
Slicing time: 0.011s (removed 9382 assignments)
Generated 1 VCC(s), 1 remaining after simplification (375 assignments)
No solver specified; defaulting to Boolector
Encoding remaining VCC(s) using bit-vector/floating-point arithmetic
Encoding to solver time: 0.006s
Solving with solver Boolector 3.2.1
Encoding to solver time: 0.006s
Runtime decision procedure: 0.009s
The forward condition is unable to prove the property
*** Checking inductive step, k = 3
Starting Bounded Model Checking
Unwinding loop 1  iteration  1   file Problem18_label37.c line 4269 function main
Unwinding loop 1  iteration  2   file Problem18_label37.c line 4269 function main
Not unwinding 
Symex completed in: 1.315s (30353 assignments)
Slicing time: 2.257s (removed 13423 assignments)
Generated 1 VCC(s), 1 remaining after simplification (16930 assignments)
No solver specified; defaulting to Boolector
Encoding remaining VCC(s) using bit-vector/floating-point arithmetic
Encoding to solver time: 0.408s
Solving with solver Boolector 3.2.1
Encoding to solver time: 0.408s
Runtime decision procedure: 13.948s
BMC program time: 17.929s
Building successful trace

VERIFICATION SUCCESSFUL

Solution found by the inductive step (k = 3)


TRUE
