./esbmc-wrapper.py -p ../sv-benchmarks/c/properties/unreach-call.prp -s kinduction --arch 64 ../sv-benchmarks/c/ldv-linux-3.12-rc1/linux-3.12-rc1.tar.xz-144_2a-drivers--net--wireless--p54--p54usb.ko-entry_point.cil.out.i


--------------------------------------------------------------------------------


Verifying with ESBMC
Command: ./esbmc --no-div-by-zero-check --force-malloc-success --state-hashing --no-align-check --k-step 2 --floatbv --unlimited-k-steps ../sv-benchmarks/c/ldv-linux-3.12-rc1/linux-3.12-rc1.tar.xz-144_2a-drivers--net--wireless--p54--p54usb.ko-entry_point.cil.out.i --64 --witness-output linux-3.12-rc1.tar.xz-144_2a-drivers--net--wireless--p54--p54usb.ko-entry_point.cil.out.i.graphml --no-pointer-check --no-bounds-check --interval-analysis --k-induction --max-inductive-step 3 
ESBMC version 6.8.0 64-bit x86_64 linux
Target: 64-bit little-endian x86_64-unknown-linux with esbmc libc
file ../sv-benchmarks/c/ldv-linux-3.12-rc1/linux-3.12-rc1.tar.xz-144_2a-drivers--net--wireless--p54--p54usb.ko-entry_point.cil.out.i: Parsing
Converting
Generating GOTO Program
GOTO program creation time: 0.852s
GOTO program processing time: 0.327s
*** Checking base case, k = 1
Starting Bounded Model Checking
Not unwinding 
Not unwinding 
Symex completed in: 0.013s (88 assignments)
Slicing time: 0.000s (removed 79 assignments)
Generated 0 VCC(s), 0 remaining after simplification (9 assignments)
BMC program time: 0.013s
No bug has been found in the base case
*** Checking forward condition, k = 1
Starting Bounded Model Checking
Not unwinding 
Not unwinding 
Symex completed in: 0.011s (88 assignments)
Slicing time: 0.000s (removed 79 assignments)
Generated 2 VCC(s), 2 remaining after simplification (9 assignments)
No solver specified; defaulting to Boolector
Encoding remaining VCC(s) using bit-vector/floating-point arithmetic
Encoding to solver time: 0.001s
Solving with solver Boolector 3.2.1
Encoding to solver time: 0.001s
Runtime decision procedure: 0.032s
The forward condition is unable to prove the property
*** Checking base case, k = 3
Starting Bounded Model Checking
Unwinding loop 26  iteration  1   file string.c line 272 function __memset_impl
Unwinding loop 26  iteration  2   file string.c line 272 function __memset_impl
Not unwinding 
Unwinding loop 26  iteration  1   file string.c line 272 function __memset_impl
Unwinding loop 26  iteration  2   file string.c line 272 function __memset_impl
Not unwinding 
Symex completed in: 0.013s (98 assignments)
Slicing time: 0.000s (removed 89 assignments)
Generated 0 VCC(s), 0 remaining after simplification (9 assignments)
BMC program time: 0.013s
No bug has been found in the base case
*** Checking forward condition, k = 3
Starting Bounded Model Checking
Unwinding loop 26  iteration  1   file string.c line 272 function __memset_impl
Unwinding loop 26  iteration  2   file string.c line 272 function __memset_impl
Not unwinding 
Unwinding loop 26  iteration  1   file string.c line 272 function __memset_impl
Unwinding loop 26  iteration  2   file string.c line 272 function __memset_impl
Not unwinding 
Symex completed in: 0.012s (98 assignments)
Slicing time: 0.001s (removed 89 assignments)
Generated 2 VCC(s), 2 remaining after simplification (9 assignments)
No solver specified; defaulting to Boolector
Encoding remaining VCC(s) using bit-vector/floating-point arithmetic
Encoding to solver time: 0.001s
Solving with solver Boolector 3.2.1
Encoding to solver time: 0.001s
Runtime decision procedure: 0.031s
The forward condition is unable to prove the property
*** Checking inductive step, k = 3
Starting Bounded Model Checking
Unwinding loop 26  iteration  1   file string.c line 272 function __memset_impl
Unwinding loop 26  iteration  2   file string.c line 272 function __memset_impl
Not unwinding 
Unwinding loop 26  iteration  1   file string.c line 272 function __memset_impl
Unwinding loop 26  iteration  2   file string.c line 272 function __memset_impl
Not unwinding 
Unwinding loop 23  iteration  1   file linux-3.12-rc1.tar.xz-144_2a-drivers--net--wireless--p54--p54usb.ko-entry_point.cil.out.i line 7944 function p54u_probe
Unwinding loop 23  iteration  2   file linux-3.12-rc1.tar.xz-144_2a-drivers--net--wireless--p54--p54usb.ko-entry_point.cil.out.i line 7944 function p54u_probe
Not unwinding 
Unwinding loop 22  iteration  1   file linux-3.12-rc1.tar.xz-144_2a-drivers--net--wireless--p54--p54usb.ko-entry_point.cil.out.i line 7765 function p54_find_type
Unwinding loop 22  iteration  2   file linux-3.12-rc1.tar.xz-144_2a-drivers--net--wireless--p54--p54usb.ko-entry_point.cil.out.i line 7765 function p54_find_type
Not unwinding 
No target candidate for function call *priv->upload_fw
No target candidate for function call *priv->upload_fw
Unwinding loop 26  iteration  1   file string.c line 272 function __memset_impl
Unwinding loop 26  iteration  2   file string.c line 272 function __memset_impl
Not unwinding 
Unwinding loop 24  iteration  1   file linux-3.12-rc1.tar.xz-144_2a-drivers--net--wireless--p54--p54usb.ko-entry_point.cil.out.i line 8229 function main
Unwinding loop 23  iteration  1   file linux-3.12-rc1.tar.xz-144_2a-drivers--net--wireless--p54--p54usb.ko-entry_point.cil.out.i line 7944 function p54u_probe
Unwinding loop 23  iteration  2   file linux-3.12-rc1.tar.xz-144_2a-drivers--net--wireless--p54--p54usb.ko-entry_point.cil.out.i line 7944 function p54u_probe
Not unwinding 
Unwinding loop 22  iteration  1   file linux-3.12-rc1.tar.xz-144_2a-drivers--net--wireless--p54--p54usb.ko-entry_point.cil.out.i line 7765 function p54_find_type
Unwinding loop 22  iteration  2   file linux-3.12-rc1.tar.xz-144_2a-drivers--net--wireless--p54--p54usb.ko-entry_point.cil.out.i line 7765 function p54_find_type
Not unwinding 
No target candidate for function call *priv->upload_fw
No target candidate for function call *priv->upload_fw
Unwinding loop 26  iteration  1   file string.c line 272 function __memset_impl
Unwinding loop 26  iteration  2   file string.c line 272 function __memset_impl
Not unwinding 
Unwinding loop 24  iteration  2   file linux-3.12-rc1.tar.xz-144_2a-drivers--net--wireless--p54--p54usb.ko-entry_point.cil.out.i line 8229 function main
Unwinding loop 23  iteration  1   file linux-3.12-rc1.tar.xz-144_2a-drivers--net--wireless--p54--p54usb.ko-entry_point.cil.out.i line 7944 function p54u_probe
Unwinding loop 23  iteration  2   file linux-3.12-rc1.tar.xz-144_2a-drivers--net--wireless--p54--p54usb.ko-entry_point.cil.out.i line 7944 function p54u_probe
Not unwinding 
Unwinding loop 22  iteration  1   file linux-3.12-rc1.tar.xz-144_2a-drivers--net--wireless--p54--p54usb.ko-entry_point.cil.out.i line 7765 function p54_find_type
Unwinding loop 22  iteration  2   file linux-3.12-rc1.tar.xz-144_2a-drivers--net--wireless--p54--p54usb.ko-entry_point.cil.out.i line 7765 function p54_find_type
Not unwinding 
No target candidate for function call *priv->upload_fw
No target candidate for function call *priv->upload_fw
Unwinding loop 26  iteration  1   file string.c line 272 function __memset_impl
Unwinding loop 26  iteration  2   file string.c line 272 function __memset_impl
Not unwinding 
Not unwinding 
Symex completed in: 1.174s (3105 assignments)
Slicing time: 0.048s (removed 1852 assignments)
Generated 3 VCC(s), 3 remaining after simplification (1253 assignments)
No solver specified; defaulting to Boolector
Encoding remaining VCC(s) using bit-vector/floating-point arithmetic
Encoding to solver time: 0.230s
Solving with solver Boolector 3.2.1
Encoding to solver time: 0.230s
Runtime decision procedure: 20.077s
The inductive step is unable to prove the property
*** Checking base case, k = 5
Starting Bounded Model Checking
Unwinding loop 26  iteration  1   file string.c line 272 function __memset_impl
Unwinding loop 26  iteration  2   file string.c line 272 function __memset_impl
Unwinding loop 26  iteration  3   file string.c line 272 function __memset_impl
Unwinding loop 26  iteration  4   file string.c line 272 function __memset_impl
Not unwinding 
Unwinding loop 26  iteration  1   file string.c line 272 function __memset_impl
Unwinding loop 26  iteration  2   file string.c line 272 function __memset_impl
Unwinding loop 26  iteration  3   file string.c line 272 function __memset_impl
Unwinding loop 26  iteration  4   file string.c line 272 function __memset_impl
Unwinding loop 26  iteration  1   file string.c line 272 function __memset_impl
Unwinding loop 26  iteration  2   file string.c line 272 function __memset_impl
Unwinding loop 26  iteration  3   file string.c line 272 function __memset_impl
Unwinding loop 26  iteration  4   file string.c line 272 function __memset_impl
Not unwinding 
Unwinding loop 24  iteration  1   file linux-3.12-rc1.tar.xz-144_2a-drivers--net--wireless--p54--p54usb.ko-entry_point.cil.out.i line 8229 function main
Unwinding loop 23  iteration  1   file linux-3.12-rc1.tar.xz-144_2a-drivers--net--wireless--p54--p54usb.ko-entry_point.cil.out.i line 7944 function p54u_probe
Unwinding loop 23  iteration  2   file linux-3.12-rc1.tar.xz-144_2a-drivers--net--wireless--p54--p54usb.ko-entry_point.cil.out.i line 7944 function p54u_probe
Unwinding loop 23  iteration  3   file linux-3.12-rc1.tar.xz-144_2a-drivers--net--wireless--p54--p54usb.ko-entry_point.cil.out.i line 7944 function p54u_probe
Unwinding loop 23  iteration  4   file linux-3.12-rc1.tar.xz-144_2a-drivers--net--wireless--p54--p54usb.ko-entry_point.cil.out.i line 7944 function p54u_probe
Not unwinding 
Unwinding loop 22  iteration  1   file linux-3.12-rc1.tar.xz-144_2a-drivers--net--wireless--p54--p54usb.ko-entry_point.cil.out.i line 7765 function p54_find_type
Unwinding loop 22  iteration  2   file linux-3.12-rc1.tar.xz-144_2a-drivers--net--wireless--p54--p54usb.ko-entry_point.cil.out.i line 7765 function p54_find_type
Unwinding loop 22  iteration  3   file linux-3.12-rc1.tar.xz-144_2a-drivers--net--wireless--p54--p54usb.ko-entry_point.cil.out.i line 7765 function p54_find_type
No target candidate for function call *priv->upload_fw
No target candidate for function call *priv->upload_fw
Unwinding loop 26  iteration  1   file string.c line 272 function __memset_impl
Unwinding loop 26  iteration  2   file string.c line 272 function __memset_impl
Unwinding loop 26  iteration  3   file string.c line 272 function __memset_impl
Unwinding loop 26  iteration  4   file string.c line 272 function __memset_impl
Not unwinding 
Unwinding loop 24  iteration  2   file linux-3.12-rc1.tar.xz-144_2a-drivers--net--wireless--p54--p54usb.ko-entry_point.cil.out.i line 8229 function main
Unwinding loop 23  iteration  1   file linux-3.12-rc1.tar.xz-144_2a-drivers--net--wireless--p54--p54usb.ko-entry_point.cil.out.i line 7944 function p54u_probe
Unwinding loop 23  iteration  2   file linux-3.12-rc1.tar.xz-144_2a-drivers--net--wireless--p54--p54usb.ko-entry_point.cil.out.i line 7944 function p54u_probe
Unwinding loop 23  iteration  3   file linux-3.12-rc1.tar.xz-144_2a-drivers--net--wireless--p54--p54usb.ko-entry_point.cil.out.i line 7944 function p54u_probe
Unwinding loop 23  iteration  4   file linux-3.12-rc1.tar.xz-144_2a-drivers--net--wireless--p54--p54usb.ko-entry_point.cil.out.i line 7944 function p54u_probe
Not unwinding 
Unwinding loop 22  iteration  1   file linux-3.12-rc1.tar.xz-144_2a-drivers--net--wireless--p54--p54usb.ko-entry_point.cil.out.i line 7765 function p54_find_type
Unwinding loop 22  iteration  2   file linux-3.12-rc1.tar.xz-144_2a-drivers--net--wireless--p54--p54usb.ko-entry_point.cil.out.i line 7765 function p54_find_type
Unwinding loop 22  iteration  3   file linux-3.12-rc1.tar.xz-144_2a-drivers--net--wireless--p54--p54usb.ko-entry_point.cil.out.i line 7765 function p54_find_type
No target candidate for function call *priv->upload_fw
No target candidate for function call *priv->upload_fw
Unwinding loop 26  iteration  1   file string.c line 272 function __memset_impl
Unwinding loop 26  iteration  2   file string.c line 272 function __memset_impl
Unwinding loop 26  iteration  3   file string.c line 272 function __memset_impl
Unwinding loop 26  iteration  4   file string.c line 272 function __memset_impl
Not unwinding 
Unwinding loop 24  iteration  3   file linux-3.12-rc1.tar.xz-144_2a-drivers--net--wireless--p54--p54usb.ko-entry_point.cil.out.i line 8229 function main
Unwinding loop 23  iteration  1   file linux-3.12-rc1.tar.xz-144_2a-drivers--net--wireless--p54--p54usb.ko-entry_point.cil.out.i line 7944 function p54u_probe
Unwinding loop 23  iteration  2   file linux-3.12-rc1.tar.xz-144_2a-drivers--net--wireless--p54--p54usb.ko-entry_point.cil.out.i line 7944 function p54u_probe
Unwinding loop 23  iteration  3   file linux-3.12-rc1.tar.xz-144_2a-drivers--net--wireless--p54--p54usb.ko-entry_point.cil.out.i line 7944 function p54u_probe
Unwinding loop 23  iteration  4   file linux-3.12-rc1.tar.xz-144_2a-drivers--net--wireless--p54--p54usb.ko-entry_point.cil.out.i line 7944 function p54u_probe
Not unwinding 
Unwinding loop 22  iteration  1   file linux-3.12-rc1.tar.xz-144_2a-drivers--net--wireless--p54--p54usb.ko-entry_point.cil.out.i line 7765 function p54_find_type
Unwinding loop 22  iteration  2   file linux-3.12-rc1.tar.xz-144_2a-drivers--net--wireless--p54--p54usb.ko-entry_point.cil.out.i line 7765 function p54_find_type
Unwinding loop 22  iteration  3   file linux-3.12-rc1.tar.xz-144_2a-drivers--net--wireless--p54--p54usb.ko-entry_point.cil.out.i line 7765 function p54_find_type
No target candidate for function call *priv->upload_fw
No target candidate for function call *priv->upload_fw
Unwinding loop 26  iteration  1   file string.c line 272 function __memset_impl
Unwinding loop 26  iteration  2   file string.c line 272 function __memset_impl
Unwinding loop 26  iteration  3   file string.c line 272 function __memset_impl
Unwinding loop 26  iteration  4   file string.c line 272 function __memset_impl
Not unwinding 
Unwinding loop 24  iteration  4   file linux-3.12-rc1.tar.xz-144_2a-drivers--net--wireless--p54--p54usb.ko-entry_point.cil.out.i line 8229 function main
Unwinding loop 23  iteration  1   file linux-3.12-rc1.tar.xz-144_2a-drivers--net--wireless--p54--p54usb.ko-entry_point.cil.out.i line 7944 function p54u_probe
Unwinding loop 23  iteration  2   file linux-3.12-rc1.tar.xz-144_2a-drivers--net--wireless--p54--p54usb.ko-entry_point.cil.out.i line 7944 function p54u_probe
Unwinding loop 23  iteration  3   file linux-3.12-rc1.tar.xz-144_2a-drivers--net--wireless--p54--p54usb.ko-entry_point.cil.out.i line 7944 function p54u_probe
Unwinding loop 23  iteration  4   file linux-3.12-rc1.tar.xz-144_2a-drivers--net--wireless--p54--p54usb.ko-entry_point.cil.out.i line 7944 function p54u_probe
Not unwinding 
Unwinding loop 22  iteration  1   file linux-3.12-rc1.tar.xz-144_2a-drivers--net--wireless--p54--p54usb.ko-entry_point.cil.out.i line 7765 function p54_find_type
Unwinding loop 22  iteration  2   file linux-3.12-rc1.tar.xz-144_2a-drivers--net--wireless--p54--p54usb.ko-entry_point.cil.out.i line 7765 function p54_find_type
Unwinding loop 22  iteration  3   file linux-3.12-rc1.tar.xz-144_2a-drivers--net--wireless--p54--p54usb.ko-entry_point.cil.out.i line 7765 function p54_find_type
No target candidate for function call *priv->upload_fw
No target candidate for function call *priv->upload_fw
Unwinding loop 26  iteration  1   file string.c line 272 function __memset_impl
Unwinding loop 26  iteration  2   file string.c line 272 function __memset_impl
Unwinding loop 26  iteration  3   file string.c line 272 function __memset_impl
Unwinding loop 26  iteration  4   file string.c line 272 function __memset_impl
Not unwinding 
Not unwinding 
Symex completed in: 2.416s (4042 assignments)
Slicing time: 0.050s (removed 2775 assignments)
Generated 3 VCC(s), 3 remaining after simplification (1267 assignments)
No solver specified; defaulting to Boolector
Encoding remaining VCC(s) using bit-vector/floating-point arithmetic
Encoding to solver time: 0.321s
Solving with solver Boolector 3.2.1
Encoding to solver time: 0.321s
Runtime decision procedure: 19.738s
Building error trace

Counterexample:

State 1 file linux-3.12-rc1.tar.xz-144_2a-drivers--net--wireless--p54--p54usb.ko-entry_point.cil.out.i line 6263 function ldv_zalloc thread 0
----------------------------------------------------
  tmp___0 = -1 (11111111 11111111 11111111 11111111)

State 2 file linux-3.12-rc1.tar.xz-144_2a-drivers--net--wireless--p54--p54usb.ko-entry_point.cil.out.i line 8123 function main thread 0
----------------------------------------------------
  tmp___0 = 1 (00000000 00000000 00000000 00000001)

State 3 file linux-3.12-rc1.tar.xz-144_2a-drivers--net--wireless--p54--p54usb.ko-entry_point.cil.out.i line 8193 function main thread 0
----------------------------------------------------
  tmp___2 = 1 (00000000 00000000 00000000 00000001)

State 4 file linux-3.12-rc1.tar.xz-144_2a-drivers--net--wireless--p54--p54usb.ko-entry_point.cil.out.i line 8412 function ldv_usb_register_driver_30 thread 0
----------------------------------------------------
  ldv_func_res = 0 (00000000 00000000 00000000 00000000)

State 5 file linux-3.12-rc1.tar.xz-144_2a-drivers--net--wireless--p54--p54usb.ko-entry_point.cil.out.i line 6263 function ldv_zalloc thread 0
----------------------------------------------------
  tmp___0 = 1024 (00000000 00000000 00000100 00000000)

State 6 file linux-3.12-rc1.tar.xz-144_2a-drivers--net--wireless--p54--p54usb.ko-entry_point.cil.out.i line 8123 function main thread 0
----------------------------------------------------
  tmp___0 = 0 (00000000 00000000 00000000 00000000)

State 7 file linux-3.12-rc1.tar.xz-144_2a-drivers--net--wireless--p54--p54usb.ko-entry_point.cil.out.i line 8127 function main thread 0
----------------------------------------------------
  tmp___1 = 0 (00000000 00000000 00000000 00000000)

State 8 file linux-3.12-rc1.tar.xz-144_2a-drivers--net--wireless--p54--p54usb.ko-entry_point.cil.out.i line 6246 function ldv_malloc thread 0
----------------------------------------------------
  tmp___0 = 0 (00000000 00000000 00000000 00000000)

State 9 file linux-3.12-rc1.tar.xz-144_2a-drivers--net--wireless--p54--p54usb.ko-entry_point.cil.out.i line 8553 function ldv_interface_to_usbdev thread 0
----------------------------------------------------
  result = &dynamic_182_array[0]

State 10 file linux-3.12-rc1.tar.xz-144_2a-drivers--net--wireless--p54--p54usb.ko-entry_point.cil.out.i line 7908 function p54u_probe thread 0
----------------------------------------------------
  udev = &dynamic_182_array[0]

State 11 file linux-3.12-rc1.tar.xz-144_2a-drivers--net--wireless--p54--p54usb.ko-entry_point.cil.out.i line 6246 function ldv_malloc thread 0
----------------------------------------------------
  tmp___0 = 0 (00000000 00000000 00000000 00000000)

State 12 file linux-3.12-rc1.tar.xz-144_2a-drivers--net--wireless--p54--p54usb.ko-entry_point.cil.out.i line 8455 function ldv_usb_set_intfdata thread 0
----------------------------------------------------
  usb_intfdata = &dynamic_184_array[0]

State 13 file linux-3.12-rc1.tar.xz-144_2a-drivers--net--wireless--p54--p54usb.ko-entry_point.cil.out.i line 6278 function ldv_undef_int thread 0
----------------------------------------------------
  tmp = 0 (00000000 00000000 00000000 00000000)

State 14 file linux-3.12-rc1.tar.xz-144_2a-drivers--net--wireless--p54--p54usb.ko-entry_point.cil.out.i line 7924 function p54u_probe thread 0
----------------------------------------------------
  i = 3 (00000000 00000000 00000000 00000011)

State 15 file linux-3.12-rc1.tar.xz-144_2a-drivers--net--wireless--p54--p54usb.ko-entry_point.cil.out.i line 7941 function p54u_probe thread 0
----------------------------------------------------
  tmp___0 = 3 (00000000 00000000 00000000 00000011)

State 16 file linux-3.12-rc1.tar.xz-144_2a-drivers--net--wireless--p54--p54usb.ko-entry_point.cil.out.i line 7942 function p54u_probe thread 0
----------------------------------------------------
  i = 2 (00000000 00000000 00000000 00000010)

State 17 file linux-3.12-rc1.tar.xz-144_2a-drivers--net--wireless--p54--p54usb.ko-entry_point.cil.out.i line 7941 function p54u_probe thread 0
----------------------------------------------------
  tmp___0 = 2 (00000000 00000000 00000000 00000010)

State 18 file linux-3.12-rc1.tar.xz-144_2a-drivers--net--wireless--p54--p54usb.ko-entry_point.cil.out.i line 7942 function p54u_probe thread 0
----------------------------------------------------
  i = 1 (00000000 00000000 00000000 00000001)

State 19 file linux-3.12-rc1.tar.xz-144_2a-drivers--net--wireless--p54--p54usb.ko-entry_point.cil.out.i line 7941 function p54u_probe thread 0
----------------------------------------------------
  tmp___0 = 1 (00000000 00000000 00000000 00000001)

State 20 file linux-3.12-rc1.tar.xz-144_2a-drivers--net--wireless--p54--p54usb.ko-entry_point.cil.out.i line 7942 function p54u_probe thread 0
----------------------------------------------------
  i = 0 (00000000 00000000 00000000 00000000)

State 21 file linux-3.12-rc1.tar.xz-144_2a-drivers--net--wireless--p54--p54usb.ko-entry_point.cil.out.i line 7941 function p54u_probe thread 0
----------------------------------------------------
  tmp___0 = 0 (00000000 00000000 00000000 00000000)

State 22 file linux-3.12-rc1.tar.xz-144_2a-drivers--net--wireless--p54--p54usb.ko-entry_point.cil.out.i line 7942 function p54u_probe thread 0
----------------------------------------------------
  i = 4294967295 (11111111 11111111 11111111 11111111)

State 23 file linux-3.12-rc1.tar.xz-144_2a-drivers--net--wireless--p54--p54usb.ko-entry_point.cil.out.i line 6246 function ldv_malloc thread 0
----------------------------------------------------
  tmp___0 = 0 (00000000 00000000 00000000 00000000)

State 24 file linux-3.12-rc1.tar.xz-144_2a-drivers--net--wireless--p54--p54usb.ko-entry_point.cil.out.i line 8553 function ldv_interface_to_usbdev thread 0
----------------------------------------------------
  result = &dynamic_192_array[0]

State 25 file linux-3.12-rc1.tar.xz-144_2a-drivers--net--wireless--p54--p54usb.ko-entry_point.cil.out.i line 7874 function p54u_load_firmware thread 0
----------------------------------------------------
  udev = &dynamic_192_array[0]

State 26 file linux-3.12-rc1.tar.xz-144_2a-drivers--net--wireless--p54--p54usb.ko-entry_point.cil.out.i line 8123 function main thread 0
----------------------------------------------------
  tmp___0 = 1 (00000000 00000000 00000000 00000001)

State 27 file linux-3.12-rc1.tar.xz-144_2a-drivers--net--wireless--p54--p54usb.ko-entry_point.cil.out.i line 8193 function main thread 0
----------------------------------------------------
  tmp___2 = 1 (00000000 00000000 00000000 00000001)

State 28 file linux-3.12-rc1.tar.xz-144_2a-drivers--net--wireless--p54--p54usb.ko-entry_point.cil.out.i line 8123 function main thread 0
----------------------------------------------------
  tmp___0 = 0 (00000000 00000000 00000000 00000000)

State 29 file linux-3.12-rc1.tar.xz-144_2a-drivers--net--wireless--p54--p54usb.ko-entry_point.cil.out.i line 8127 function main thread 0
----------------------------------------------------
  tmp___1 = 0 (00000000 00000000 00000000 00000000)

State 30 file linux-3.12-rc1.tar.xz-144_2a-drivers--net--wireless--p54--p54usb.ko-entry_point.cil.out.i line 6246 function ldv_malloc thread 0
----------------------------------------------------
  tmp___0 = 0 (00000000 00000000 00000000 00000000)

State 31 file linux-3.12-rc1.tar.xz-144_2a-drivers--net--wireless--p54--p54usb.ko-entry_point.cil.out.i line 8553 function ldv_interface_to_usbdev thread 0
----------------------------------------------------
  result = &dynamic_234_array[0]

State 32 file linux-3.12-rc1.tar.xz-144_2a-drivers--net--wireless--p54--p54usb.ko-entry_point.cil.out.i line 7908 function p54u_probe thread 0
----------------------------------------------------
  udev = &dynamic_234_array[0]

State 33 file linux-3.12-rc1.tar.xz-144_2a-drivers--net--wireless--p54--p54usb.ko-entry_point.cil.out.i line 6246 function ldv_malloc thread 0
----------------------------------------------------
  tmp___0 = 0 (00000000 00000000 00000000 00000000)

State 34 file linux-3.12-rc1.tar.xz-144_2a-drivers--net--wireless--p54--p54usb.ko-entry_point.cil.out.i line 8455 function ldv_usb_set_intfdata thread 0
----------------------------------------------------
  usb_intfdata = &dynamic_236_array[0]

State 35 file linux-3.12-rc1.tar.xz-144_2a-drivers--net--wireless--p54--p54usb.ko-entry_point.cil.out.i line 6278 function ldv_undef_int thread 0
----------------------------------------------------
  tmp = 0 (00000000 00000000 00000000 00000000)

State 36 file linux-3.12-rc1.tar.xz-144_2a-drivers--net--wireless--p54--p54usb.ko-entry_point.cil.out.i line 7924 function p54u_probe thread 0
----------------------------------------------------
  i = 2 (00000000 00000000 00000000 00000010)

State 37 file linux-3.12-rc1.tar.xz-144_2a-drivers--net--wireless--p54--p54usb.ko-entry_point.cil.out.i line 7941 function p54u_probe thread 0
----------------------------------------------------
  tmp___0 = 2 (00000000 00000000 00000000 00000010)

State 38 file linux-3.12-rc1.tar.xz-144_2a-drivers--net--wireless--p54--p54usb.ko-entry_point.cil.out.i line 7942 function p54u_probe thread 0
----------------------------------------------------
  i = 1 (00000000 00000000 00000000 00000001)

State 39 file linux-3.12-rc1.tar.xz-144_2a-drivers--net--wireless--p54--p54usb.ko-entry_point.cil.out.i line 7941 function p54u_probe thread 0
----------------------------------------------------
  tmp___0 = 1 (00000000 00000000 00000000 00000001)

State 40 file linux-3.12-rc1.tar.xz-144_2a-drivers--net--wireless--p54--p54usb.ko-entry_point.cil.out.i line 7942 function p54u_probe thread 0
----------------------------------------------------
  i = 0 (00000000 00000000 00000000 00000000)

State 41 file linux-3.12-rc1.tar.xz-144_2a-drivers--net--wireless--p54--p54usb.ko-entry_point.cil.out.i line 7941 function p54u_probe thread 0
----------------------------------------------------
  tmp___0 = 0 (00000000 00000000 00000000 00000000)

State 42 file linux-3.12-rc1.tar.xz-144_2a-drivers--net--wireless--p54--p54usb.ko-entry_point.cil.out.i line 7942 function p54u_probe thread 0
----------------------------------------------------
  i = 4294967295 (11111111 11111111 11111111 11111111)

State 43 file linux-3.12-rc1.tar.xz-144_2a-drivers--net--wireless--p54--p54usb.ko-entry_point.cil.out.i line 6246 function ldv_malloc thread 0
----------------------------------------------------
  tmp___0 = 0 (00000000 00000000 00000000 00000000)

State 44 file linux-3.12-rc1.tar.xz-144_2a-drivers--net--wireless--p54--p54usb.ko-entry_point.cil.out.i line 8553 function ldv_interface_to_usbdev thread 0
----------------------------------------------------
  result = &dynamic_244_array[0]

State 45 file linux-3.12-rc1.tar.xz-144_2a-drivers--net--wireless--p54--p54usb.ko-entry_point.cil.out.i line 7874 function p54u_load_firmware thread 0
----------------------------------------------------
  udev = &dynamic_244_array[0]

State 46 file linux-3.12-rc1.tar.xz-144_2a-drivers--net--wireless--p54--p54usb.ko-entry_point.cil.out.i line 6278 function ldv_undef_int thread 0
----------------------------------------------------
  tmp = 134217728 (00001000 00000000 00000000 00000000)

State 47 file linux-3.12-rc1.tar.xz-144_2a-drivers--net--wireless--p54--p54usb.ko-entry_point.cil.out.i line 8568 function ldv_get_dev thread 0
----------------------------------------------------
  dev_counter = 1 (00000000 00000000 00000000 00000001)

State 48 file linux-3.12-rc1.tar.xz-144_2a-drivers--net--wireless--p54--p54usb.ko-entry_point.cil.out.i line 8569 function ldv_get_dev thread 0
----------------------------------------------------
  usb_dev = &dynamic_244_array[0]

State 49 file linux-3.12-rc1.tar.xz-144_2a-drivers--net--wireless--p54--p54usb.ko-entry_point.cil.out.i line 8123 function main thread 0
----------------------------------------------------
  tmp___0 = 1 (00000000 00000000 00000000 00000001)

State 50 file linux-3.12-rc1.tar.xz-144_2a-drivers--net--wireless--p54--p54usb.ko-entry_point.cil.out.i line 8193 function main thread 0
----------------------------------------------------
  tmp___2 = 0 (00000000 00000000 00000000 00000000)

State 51 file linux-3.12-rc1.tar.xz-144_2a-drivers--net--wireless--p54--p54usb.ko-entry_point.cil.out.i line 12 function reach_error thread 0
----------------------------------------------------
Violated property:
  file linux-3.12-rc1.tar.xz-144_2a-drivers--net--wireless--p54--p54usb.ko-entry_point.cil.out.i line 12 function reach_error
  assertion 0
  0


VERIFICATION FAILED

Bug found (k = 5)


FALSE_REACH
