./esbmc-wrapper.py -p ../sv-benchmarks/c/properties/unreach-call.prp -s kinduction --arch 32 ../sv-benchmarks/c/eca-rers2012/Problem14_label36.c


--------------------------------------------------------------------------------


Verifying with ESBMC
Command: ./esbmc --no-div-by-zero-check --force-malloc-success --state-hashing --no-align-check --k-step 2 --floatbv --unlimited-k-steps ../sv-benchmarks/c/eca-rers2012/Problem14_label36.c --32 --witness-output Problem14_label36.c.graphml --no-pointer-check --no-bounds-check --interval-analysis --k-induction --max-inductive-step 3 
ESBMC version 6.8.0 64-bit x86_64 linux
Target: 32-bit little-endian x86_64-unknown-linux with esbmc libc
file ../sv-benchmarks/c/eca-rers2012/Problem14_label36.c: Parsing
Converting
Generating GOTO Program
GOTO program creation time: 0.295s
GOTO program processing time: 0.057s
*** Checking base case, k = 1
Starting Bounded Model Checking
Not unwinding 
Symex completed in: 0.016s (87 assignments)
Slicing time: 0.000s (removed 83 assignments)
Generated 0 VCC(s), 0 remaining after simplification (4 assignments)
BMC program time: 0.016s
No bug has been found in the base case
*** Checking forward condition, k = 1
Starting Bounded Model Checking
Not unwinding 
Symex completed in: 0.014s (87 assignments)
Slicing time: 0.000s (removed 83 assignments)
Generated 1 VCC(s), 1 remaining after simplification (4 assignments)
No solver specified; defaulting to Boolector
Encoding remaining VCC(s) using bit-vector/floating-point arithmetic
Encoding to solver time: 0.000s
Solving with solver Boolector 3.2.1
Encoding to solver time: 0.000s
Runtime decision procedure: 0.004s
The forward condition is unable to prove the property
*** Checking base case, k = 3
Starting Bounded Model Checking
Unwinding loop 1  iteration  1   file Problem14_label36.c line 890 function main
Unwinding loop 1  iteration  2   file Problem14_label36.c line 890 function main
Not unwinding 
Symex completed in: 0.129s (2171 assignments)
Slicing time: 0.011s (removed 1813 assignments)
Generated 1 VCC(s), 1 remaining after simplification (358 assignments)
No solver specified; defaulting to Boolector
Encoding remaining VCC(s) using bit-vector/floating-point arithmetic
Encoding to solver time: 0.006s
Solving with solver Boolector 3.2.1
Encoding to solver time: 0.006s
Runtime decision procedure: 0.005s
BMC program time: 0.153s
No bug has been found in the base case
*** Checking forward condition, k = 3
Starting Bounded Model Checking
Unwinding loop 1  iteration  1   file Problem14_label36.c line 890 function main
Unwinding loop 1  iteration  2   file Problem14_label36.c line 890 function main
Not unwinding 
Symex completed in: 0.133s (2170 assignments)
Slicing time: 0.011s (removed 1813 assignments)
Generated 1 VCC(s), 1 remaining after simplification (357 assignments)
No solver specified; defaulting to Boolector
Encoding remaining VCC(s) using bit-vector/floating-point arithmetic
Encoding to solver time: 0.007s
Solving with solver Boolector 3.2.1
Encoding to solver time: 0.007s
Runtime decision procedure: 0.018s
The forward condition is unable to prove the property
*** Checking inductive step, k = 3
Starting Bounded Model Checking
Unwinding loop 1  iteration  1   file Problem14_label36.c line 890 function main
Unwinding loop 1  iteration  2   file Problem14_label36.c line 890 function main
Not unwinding 
Symex completed in: 0.312s (5591 assignments)
Slicing time: 0.209s (removed 2406 assignments)
Generated 1 VCC(s), 1 remaining after simplification (3185 assignments)
No solver specified; defaulting to Boolector
Encoding remaining VCC(s) using bit-vector/floating-point arithmetic
Encoding to solver time: 0.100s
Solving with solver Boolector 3.2.1
Encoding to solver time: 0.100s
Runtime decision procedure: 18.716s
BMC program time: 19.337s
Building successful trace

VERIFICATION SUCCESSFUL

Solution found by the inductive step (k = 3)


TRUE
