./esbmc-wrapper.py -p ../sv-benchmarks/c/properties/unreach-call.prp -s kinduction --arch 64 ../sv-benchmarks/c/ldv-linux-3.4-simple/32_1_cilled_ok_nondet_linux-3.4-32_1-drivers--media--dvb--ttpci--budget-patch.ko-ldv_main0_sequence_infinite_withcheck_stateful.cil.out.i


--------------------------------------------------------------------------------


Verifying with ESBMC
Command: ./esbmc --no-div-by-zero-check --force-malloc-success --state-hashing --no-align-check --k-step 2 --floatbv --unlimited-k-steps ../sv-benchmarks/c/ldv-linux-3.4-simple/32_1_cilled_ok_nondet_linux-3.4-32_1-drivers--media--dvb--ttpci--budget-patch.ko-ldv_main0_sequence_infinite_withcheck_stateful.cil.out.i --64 --witness-output 32_1_cilled_ok_nondet_linux-3.4-32_1-drivers--media--dvb--ttpci--budget-patch.ko-ldv_main0_sequence_infinite_withcheck_stateful.cil.out.i.graphml --no-pointer-check --no-bounds-check --interval-analysis --k-induction --max-inductive-step 3 
ESBMC version 6.8.0 64-bit x86_64 linux
Target: 64-bit little-endian x86_64-unknown-linux with esbmc libc
file ../sv-benchmarks/c/ldv-linux-3.4-simple/32_1_cilled_ok_nondet_linux-3.4-32_1-drivers--media--dvb--ttpci--budget-patch.ko-ldv_main0_sequence_infinite_withcheck_stateful.cil.out.i: Parsing
Converting
Generating GOTO Program
GOTO program creation time: 0.376s
GOTO program processing time: 0.019s
*** Checking base case, k = 1
Starting Bounded Model Checking
Not unwinding 
Not unwinding 
Symex completed in: 0.010s (168 assignments)
Slicing time: 0.000s (removed 157 assignments)
Generated 0 VCC(s), 0 remaining after simplification (11 assignments)
BMC program time: 0.010s
No bug has been found in the base case
*** Checking forward condition, k = 1
Starting Bounded Model Checking
Not unwinding 
Not unwinding 
Symex completed in: 0.010s (168 assignments)
Slicing time: 0.000s (removed 157 assignments)
Generated 2 VCC(s), 2 remaining after simplification (11 assignments)
No solver specified; defaulting to Boolector
Encoding remaining VCC(s) using bit-vector/floating-point arithmetic
Encoding to solver time: 0.000s
Solving with solver Boolector 3.2.1
Encoding to solver time: 0.000s
Runtime decision procedure: 0.001s
The forward condition is unable to prove the property
*** Checking base case, k = 3
Starting Bounded Model Checking
Unwinding loop 8  iteration  1   file 32_1_cilled_ok_nondet_linux-3.4-32_1-drivers--media--dvb--ttpci--budget-patch.ko-ldv_main0_sequence_infinite_withcheck_stateful.cil.out.i line 9234 function budget_patch_attach
Unwinding loop 8  iteration  2   file 32_1_cilled_ok_nondet_linux-3.4-32_1-drivers--media--dvb--ttpci--budget-patch.ko-ldv_main0_sequence_infinite_withcheck_stateful.cil.out.i line 9234 function budget_patch_attach
Not unwinding 
Unwinding loop 10  iteration  1   file 32_1_cilled_ok_nondet_linux-3.4-32_1-drivers--media--dvb--ttpci--budget-patch.ko-ldv_main0_sequence_infinite_withcheck_stateful.cil.out.i line 9723 function main
Unwinding loop 8  iteration  1   file 32_1_cilled_ok_nondet_linux-3.4-32_1-drivers--media--dvb--ttpci--budget-patch.ko-ldv_main0_sequence_infinite_withcheck_stateful.cil.out.i line 9234 function budget_patch_attach
Unwinding loop 8  iteration  2   file 32_1_cilled_ok_nondet_linux-3.4-32_1-drivers--media--dvb--ttpci--budget-patch.ko-ldv_main0_sequence_infinite_withcheck_stateful.cil.out.i line 9234 function budget_patch_attach
Not unwinding 
Unwinding loop 10  iteration  2   file 32_1_cilled_ok_nondet_linux-3.4-32_1-drivers--media--dvb--ttpci--budget-patch.ko-ldv_main0_sequence_infinite_withcheck_stateful.cil.out.i line 9723 function main
Unwinding loop 8  iteration  1   file 32_1_cilled_ok_nondet_linux-3.4-32_1-drivers--media--dvb--ttpci--budget-patch.ko-ldv_main0_sequence_infinite_withcheck_stateful.cil.out.i line 9234 function budget_patch_attach
Unwinding loop 8  iteration  2   file 32_1_cilled_ok_nondet_linux-3.4-32_1-drivers--media--dvb--ttpci--budget-patch.ko-ldv_main0_sequence_infinite_withcheck_stateful.cil.out.i line 9234 function budget_patch_attach
Not unwinding 
Not unwinding 
Symex completed in: 0.022s (446 assignments)
Slicing time: 0.001s (removed 425 assignments)
Generated 0 VCC(s), 0 remaining after simplification (21 assignments)
BMC program time: 0.023s
No bug has been found in the base case
*** Checking forward condition, k = 3
Starting Bounded Model Checking
Unwinding loop 8  iteration  1   file 32_1_cilled_ok_nondet_linux-3.4-32_1-drivers--media--dvb--ttpci--budget-patch.ko-ldv_main0_sequence_infinite_withcheck_stateful.cil.out.i line 9234 function budget_patch_attach
Unwinding loop 8  iteration  2   file 32_1_cilled_ok_nondet_linux-3.4-32_1-drivers--media--dvb--ttpci--budget-patch.ko-ldv_main0_sequence_infinite_withcheck_stateful.cil.out.i line 9234 function budget_patch_attach
Not unwinding 
Unwinding loop 10  iteration  1   file 32_1_cilled_ok_nondet_linux-3.4-32_1-drivers--media--dvb--ttpci--budget-patch.ko-ldv_main0_sequence_infinite_withcheck_stateful.cil.out.i line 9723 function main
Unwinding loop 8  iteration  1   file 32_1_cilled_ok_nondet_linux-3.4-32_1-drivers--media--dvb--ttpci--budget-patch.ko-ldv_main0_sequence_infinite_withcheck_stateful.cil.out.i line 9234 function budget_patch_attach
Unwinding loop 8  iteration  2   file 32_1_cilled_ok_nondet_linux-3.4-32_1-drivers--media--dvb--ttpci--budget-patch.ko-ldv_main0_sequence_infinite_withcheck_stateful.cil.out.i line 9234 function budget_patch_attach
Not unwinding 
Unwinding loop 10  iteration  2   file 32_1_cilled_ok_nondet_linux-3.4-32_1-drivers--media--dvb--ttpci--budget-patch.ko-ldv_main0_sequence_infinite_withcheck_stateful.cil.out.i line 9723 function main
Unwinding loop 8  iteration  1   file 32_1_cilled_ok_nondet_linux-3.4-32_1-drivers--media--dvb--ttpci--budget-patch.ko-ldv_main0_sequence_infinite_withcheck_stateful.cil.out.i line 9234 function budget_patch_attach
Unwinding loop 8  iteration  2   file 32_1_cilled_ok_nondet_linux-3.4-32_1-drivers--media--dvb--ttpci--budget-patch.ko-ldv_main0_sequence_infinite_withcheck_stateful.cil.out.i line 9234 function budget_patch_attach
Not unwinding 
Not unwinding 
Symex completed in: 0.023s (446 assignments)
Slicing time: 0.001s (removed 425 assignments)
Generated 4 VCC(s), 4 remaining after simplification (21 assignments)
No solver specified; defaulting to Boolector
Encoding remaining VCC(s) using bit-vector/floating-point arithmetic
Encoding to solver time: 0.000s
Solving with solver Boolector 3.2.1
Encoding to solver time: 0.000s
Runtime decision procedure: 0.004s
The forward condition is unable to prove the property
*** Checking inductive step, k = 3
Starting Bounded Model Checking
Unwinding loop 8  iteration  1   file 32_1_cilled_ok_nondet_linux-3.4-32_1-drivers--media--dvb--ttpci--budget-patch.ko-ldv_main0_sequence_infinite_withcheck_stateful.cil.out.i line 9234 function budget_patch_attach
Unwinding loop 8  iteration  2   file 32_1_cilled_ok_nondet_linux-3.4-32_1-drivers--media--dvb--ttpci--budget-patch.ko-ldv_main0_sequence_infinite_withcheck_stateful.cil.out.i line 9234 function budget_patch_attach
Not unwinding 
Unwinding loop 9  iteration  1   file 32_1_cilled_ok_nondet_linux-3.4-32_1-drivers--media--dvb--ttpci--budget-patch.ko-ldv_main0_sequence_infinite_withcheck_stateful.cil.out.i line 9254 function budget_patch_attach
Unwinding loop 9  iteration  2   file 32_1_cilled_ok_nondet_linux-3.4-32_1-drivers--media--dvb--ttpci--budget-patch.ko-ldv_main0_sequence_infinite_withcheck_stateful.cil.out.i line 9254 function budget_patch_attach
Not unwinding 
No target candidate for function call *__a
No target candidate for function call *__a___0
No target candidate for function call *__a___1
Unwinding loop 10  iteration  1   file 32_1_cilled_ok_nondet_linux-3.4-32_1-drivers--media--dvb--ttpci--budget-patch.ko-ldv_main0_sequence_infinite_withcheck_stateful.cil.out.i line 9723 function main
Unwinding loop 8  iteration  1   file 32_1_cilled_ok_nondet_linux-3.4-32_1-drivers--media--dvb--ttpci--budget-patch.ko-ldv_main0_sequence_infinite_withcheck_stateful.cil.out.i line 9234 function budget_patch_attach
Unwinding loop 8  iteration  2   file 32_1_cilled_ok_nondet_linux-3.4-32_1-drivers--media--dvb--ttpci--budget-patch.ko-ldv_main0_sequence_infinite_withcheck_stateful.cil.out.i line 9234 function budget_patch_attach
Not unwinding 
Unwinding loop 9  iteration  1   file 32_1_cilled_ok_nondet_linux-3.4-32_1-drivers--media--dvb--ttpci--budget-patch.ko-ldv_main0_sequence_infinite_withcheck_stateful.cil.out.i line 9254 function budget_patch_attach
Unwinding loop 9  iteration  2   file 32_1_cilled_ok_nondet_linux-3.4-32_1-drivers--media--dvb--ttpci--budget-patch.ko-ldv_main0_sequence_infinite_withcheck_stateful.cil.out.i line 9254 function budget_patch_attach
Not unwinding 
No target candidate for function call *__a
No target candidate for function call *__a___0
No target candidate for function call *__a___1
Unwinding loop 10  iteration  2   file 32_1_cilled_ok_nondet_linux-3.4-32_1-drivers--media--dvb--ttpci--budget-patch.ko-ldv_main0_sequence_infinite_withcheck_stateful.cil.out.i line 9723 function main
Unwinding loop 8  iteration  1   file 32_1_cilled_ok_nondet_linux-3.4-32_1-drivers--media--dvb--ttpci--budget-patch.ko-ldv_main0_sequence_infinite_withcheck_stateful.cil.out.i line 9234 function budget_patch_attach
Unwinding loop 8  iteration  2   file 32_1_cilled_ok_nondet_linux-3.4-32_1-drivers--media--dvb--ttpci--budget-patch.ko-ldv_main0_sequence_infinite_withcheck_stateful.cil.out.i line 9234 function budget_patch_attach
Not unwinding 
Unwinding loop 9  iteration  1   file 32_1_cilled_ok_nondet_linux-3.4-32_1-drivers--media--dvb--ttpci--budget-patch.ko-ldv_main0_sequence_infinite_withcheck_stateful.cil.out.i line 9254 function budget_patch_attach
Unwinding loop 9  iteration  2   file 32_1_cilled_ok_nondet_linux-3.4-32_1-drivers--media--dvb--ttpci--budget-patch.ko-ldv_main0_sequence_infinite_withcheck_stateful.cil.out.i line 9254 function budget_patch_attach
Not unwinding 
No target candidate for function call *__a
No target candidate for function call *__a___0
No target candidate for function call *__a___1
Not unwinding 
Symex completed in: 0.614s (3998 assignments)
Slicing time: 0.010s (removed 3426 assignments)
Generated 0 VCC(s), 0 remaining after simplification (572 assignments)
BMC program time: 0.625s
Building successful trace

VERIFICATION SUCCESSFUL

Solution found by the inductive step (k = 3)

../sv-benchmarks/c/ldv-linux-3.4-simple/32_1_cilled_ok_nondet_linux-3.4-32_1-drivers--media--dvb--ttpci--budget-patch.ko-ldv_main0_sequence_infinite_withcheck_stateful.cil.out.i:9706:1: warning: return type of 'main' is not 'int' [-Wmain-return-type]
void main(void)
^
../sv-benchmarks/c/ldv-linux-3.4-simple/32_1_cilled_ok_nondet_linux-3.4-32_1-drivers--media--dvb--ttpci--budget-patch.ko-ldv_main0_sequence_infinite_withcheck_stateful.cil.out.i:9706:1: note: change return type to 'int'
void main(void)
^~~~
int

TRUE
