./esbmc-wrapper.py -p ../sv-benchmarks/c/properties/unreach-call.prp -s kinduction --arch 32 ../sv-benchmarks/c/product-lines/email_spec8_product29.cil.c


--------------------------------------------------------------------------------


Verifying with ESBMC
Command: ./esbmc --no-div-by-zero-check --force-malloc-success --state-hashing --no-align-check --k-step 2 --floatbv --unlimited-k-steps ../sv-benchmarks/c/product-lines/email_spec8_product29.cil.c --32 --witness-output email_spec8_product29.cil.c.graphml --no-pointer-check --no-bounds-check --interval-analysis --k-induction --max-inductive-step 3 
ESBMC version 6.8.0 64-bit x86_64 linux
Target: 32-bit little-endian x86_64-unknown-linux with esbmc libc
file ../sv-benchmarks/c/product-lines/email_spec8_product29.cil.c: Parsing
Converting
Generating GOTO Program
GOTO program creation time: 0.279s
GOTO program processing time: 0.200s
*** Checking base case, k = 1
Starting Bounded Model Checking
Not unwinding 
Symex completed in: 0.089s (738 assignments)
Slicing time: 0.001s (removed 695 assignments)
Generated 0 VCC(s), 0 remaining after simplification (43 assignments)
BMC program time: 0.090s
No bug has been found in the base case
*** Checking forward condition, k = 1
Starting Bounded Model Checking
Not unwinding 
Symex completed in: 0.076s (738 assignments)
Slicing time: 0.002s (removed 695 assignments)
Generated 1 VCC(s), 1 remaining after simplification (43 assignments)
No solver specified; defaulting to Boolector
Encoding remaining VCC(s) using bit-vector/floating-point arithmetic
Encoding to solver time: 0.005s
Solving with solver Boolector 3.2.1
Encoding to solver time: 0.005s
Runtime decision procedure: 0.333s
The forward condition is unable to prove the property
*** Checking base case, k = 3
Starting Bounded Model Checking
Unwinding loop 4  iteration  1   file email_spec8_product29.cil.c line 1116 function test
Unwinding loop 4  iteration  2   file email_spec8_product29.cil.c line 1116 function test
Not unwinding 
Symex completed in: 0.354s (2664 assignments)
Slicing time: 0.032s (removed 2109 assignments)
Generated 1 VCC(s), 1 remaining after simplification (555 assignments)
No solver specified; defaulting to Boolector
Encoding remaining VCC(s) using bit-vector/floating-point arithmetic
Encoding to solver time: 0.015s
Solving with solver Boolector 3.2.1
Encoding to solver time: 0.015s
Runtime decision procedure: 0.039s
BMC program time: 0.441s
No bug has been found in the base case
*** Checking forward condition, k = 3
Starting Bounded Model Checking
Unwinding loop 4  iteration  1   file email_spec8_product29.cil.c line 1116 function test
Unwinding loop 4  iteration  2   file email_spec8_product29.cil.c line 1116 function test
Not unwinding 
Symex completed in: 0.369s (2663 assignments)
Slicing time: 0.031s (removed 2109 assignments)
Generated 1 VCC(s), 1 remaining after simplification (554 assignments)
No solver specified; defaulting to Boolector
Encoding remaining VCC(s) using bit-vector/floating-point arithmetic
Encoding to solver time: 0.016s
Solving with solver Boolector 3.2.1
Encoding to solver time: 0.016s
Runtime decision procedure: 0.829s
The forward condition is unable to prove the property
*** Checking inductive step, k = 3
Starting Bounded Model Checking
Unwinding loop 4  iteration  1   file email_spec8_product29.cil.c line 1116 function test
Unwinding loop 4  iteration  2   file email_spec8_product29.cil.c line 1116 function test
Not unwinding 
Symex completed in: 0.477s (3237 assignments)
Slicing time: 0.183s (removed 1788 assignments)
Generated 1 VCC(s), 1 remaining after simplification (1449 assignments)
No solver specified; defaulting to Boolector
Encoding remaining VCC(s) using bit-vector/floating-point arithmetic
Encoding to solver time: 0.027s
Solving with solver Boolector 3.2.1
Encoding to solver time: 0.027s
Runtime decision procedure: 0.933s
The inductive step is unable to prove the property
*** Checking base case, k = 5
Starting Bounded Model Checking
Unwinding loop 4  iteration  1   file email_spec8_product29.cil.c line 1116 function test
Unwinding loop 4  iteration  2   file email_spec8_product29.cil.c line 1116 function test
Unwinding loop 4  iteration  3   file email_spec8_product29.cil.c line 1116 function test
Unwinding loop 4  iteration  4   file email_spec8_product29.cil.c line 1116 function test
Symex completed in: 0.488s (3311 assignments)
Slicing time: 0.063s (removed 2501 assignments)
Generated 1 VCC(s), 1 remaining after simplification (810 assignments)
No solver specified; defaulting to Boolector
Encoding remaining VCC(s) using bit-vector/floating-point arithmetic
Encoding to solver time: 0.021s
Solving with solver Boolector 3.2.1
Encoding to solver time: 0.021s
Runtime decision procedure: 0.051s
BMC program time: 0.624s
No bug has been found in the base case
*** Checking forward condition, k = 5
Starting Bounded Model Checking
Unwinding loop 4  iteration  1   file email_spec8_product29.cil.c line 1116 function test
Unwinding loop 4  iteration  2   file email_spec8_product29.cil.c line 1116 function test
Unwinding loop 4  iteration  3   file email_spec8_product29.cil.c line 1116 function test
Unwinding loop 4  iteration  4   file email_spec8_product29.cil.c line 1116 function test
Symex completed in: 0.509s (3310 assignments)
Slicing time: 0.060s (removed 2501 assignments)
Generated 0 VCC(s), 0 remaining after simplification (809 assignments)
BMC program time: 0.569s
Building successful trace

VERIFICATION SUCCESSFUL

Solution found by the forward condition; all states are reachable (k = 5


TRUE
