./esbmc-wrapper.py -p ../sv-benchmarks/c/properties/unreach-call.prp -s kinduction --arch 32 ../sv-benchmarks/c/eca-rers2012/Problem18_label34.c


--------------------------------------------------------------------------------


Verifying with ESBMC
Command: ./esbmc --no-div-by-zero-check --force-malloc-success --state-hashing --no-align-check --k-step 2 --floatbv --unlimited-k-steps ../sv-benchmarks/c/eca-rers2012/Problem18_label34.c --32 --witness-output Problem18_label34.c.graphml --no-pointer-check --no-bounds-check --interval-analysis --k-induction --max-inductive-step 3 
ESBMC version 6.8.0 64-bit x86_64 linux
Target: 32-bit little-endian x86_64-unknown-linux with esbmc libc
file ../sv-benchmarks/c/eca-rers2012/Problem18_label34.c: Parsing
Converting
Generating GOTO Program
GOTO program creation time: 0.897s
GOTO program processing time: 0.232s
*** Checking base case, k = 1
Starting Bounded Model Checking
Not unwinding 
Symex completed in: 0.056s (89 assignments)
Slicing time: 0.000s (removed 85 assignments)
Generated 0 VCC(s), 0 remaining after simplification (4 assignments)
BMC program time: 0.056s
No bug has been found in the base case
*** Checking forward condition, k = 1
Starting Bounded Model Checking
Not unwinding 
Symex completed in: 0.044s (89 assignments)
Slicing time: 0.000s (removed 85 assignments)
Generated 1 VCC(s), 1 remaining after simplification (4 assignments)
No solver specified; defaulting to Boolector
Encoding remaining VCC(s) using bit-vector/floating-point arithmetic
Encoding to solver time: 0.000s
Solving with solver Boolector 3.2.1
Encoding to solver time: 0.000s
Runtime decision procedure: 0.004s
The forward condition is unable to prove the property
*** Checking base case, k = 3
Starting Bounded Model Checking
Unwinding loop 1  iteration  1   file Problem18_label34.c line 4269 function main
Unwinding loop 1  iteration  2   file Problem18_label34.c line 4269 function main
Not unwinding 
Symex completed in: 0.742s (9758 assignments)
Slicing time: 0.019s (removed 9382 assignments)
Generated 1 VCC(s), 1 remaining after simplification (376 assignments)
No solver specified; defaulting to Boolector
Encoding remaining VCC(s) using bit-vector/floating-point arithmetic
Encoding to solver time: 0.014s
Solving with solver Boolector 3.2.1
Encoding to solver time: 0.014s
Runtime decision procedure: 0.007s
BMC program time: 0.792s
No bug has been found in the base case
*** Checking forward condition, k = 3
Starting Bounded Model Checking
Unwinding loop 1  iteration  1   file Problem18_label34.c line 4269 function main
Unwinding loop 1  iteration  2   file Problem18_label34.c line 4269 function main
Not unwinding 
Symex completed in: 0.826s (9757 assignments)
Slicing time: 0.017s (removed 9382 assignments)
Generated 1 VCC(s), 1 remaining after simplification (375 assignments)
No solver specified; defaulting to Boolector
Encoding remaining VCC(s) using bit-vector/floating-point arithmetic
Encoding to solver time: 0.009s
Solving with solver Boolector 3.2.1
Encoding to solver time: 0.009s
Runtime decision procedure: 0.014s
The forward condition is unable to prove the property
*** Checking inductive step, k = 3
Starting Bounded Model Checking
Unwinding loop 1  iteration  1   file Problem18_label34.c line 4269 function main
Unwinding loop 1  iteration  2   file Problem18_label34.c line 4269 function main
Not unwinding 
Symex completed in: 2.166s (30353 assignments)
Slicing time: 3.957s (removed 13423 assignments)
Generated 1 VCC(s), 1 remaining after simplification (16930 assignments)
No solver specified; defaulting to Boolector
Encoding remaining VCC(s) using bit-vector/floating-point arithmetic
Encoding to solver time: 0.567s
Solving with solver Boolector 3.2.1
Encoding to solver time: 0.567s
Runtime decision procedure: 21.110s
The inductive step is unable to prove the property
*** Checking base case, k = 5
Starting Bounded Model Checking
Unwinding loop 1  iteration  1   file Problem18_label34.c line 4269 function main
Unwinding loop 1  iteration  2   file Problem18_label34.c line 4269 function main
Unwinding loop 1  iteration  3   file Problem18_label34.c line 4269 function main
Unwinding loop 1  iteration  4   file Problem18_label34.c line 4269 function main
Not unwinding 
Symex completed in: 2.411s (28228 assignments)
Slicing time: 0.711s (removed 16324 assignments)
Generated 3 VCC(s), 3 remaining after simplification (11904 assignments)
No solver specified; defaulting to Boolector
Encoding remaining VCC(s) using bit-vector/floating-point arithmetic
Encoding to solver time: 0.328s
Solving with solver Boolector 3.2.1
Encoding to solver time: 0.328s
Runtime decision procedure: 1.089s
BMC program time: 4.541s
No bug has been found in the base case
*** Checking forward condition, k = 5
Starting Bounded Model Checking
Unwinding loop 1  iteration  1   file Problem18_label34.c line 4269 function main
Unwinding loop 1  iteration  2   file Problem18_label34.c line 4269 function main
Unwinding loop 1  iteration  3   file Problem18_label34.c line 4269 function main
Unwinding loop 1  iteration  4   file Problem18_label34.c line 4269 function main
Not unwinding 
Symex completed in: 2.423s (28225 assignments)
Slicing time: 0.667s (removed 16324 assignments)
Generated 1 VCC(s), 1 remaining after simplification (11901 assignments)
No solver specified; defaulting to Boolector
Encoding remaining VCC(s) using bit-vector/floating-point arithmetic
Encoding to solver time: 0.391s
Solving with solver Boolector 3.2.1
Encoding to solver time: 0.391s
Runtime decision procedure: 13.439s
The forward condition is unable to prove the property
*** Checking base case, k = 7
Starting Bounded Model Checking
Unwinding loop 1  iteration  1   file Problem18_label34.c line 4269 function main
Unwinding loop 1  iteration  2   file Problem18_label34.c line 4269 function main
Unwinding loop 1  iteration  3   file Problem18_label34.c line 4269 function main
Unwinding loop 1  iteration  4   file Problem18_label34.c line 4269 function main
Unwinding loop 1  iteration  5   file Problem18_label34.c line 4269 function main
Unwinding loop 1  iteration  6   file Problem18_label34.c line 4269 function main
Not unwinding 
Symex completed in: 4.049s (46698 assignments)
Slicing time: 1.338s (removed 23266 assignments)
Generated 5 VCC(s), 5 remaining after simplification (23432 assignments)
No solver specified; defaulting to Boolector
Encoding remaining VCC(s) using bit-vector/floating-point arithmetic
Encoding to solver time: 0.711s
Solving with solver Boolector 3.2.1
Encoding to solver time: 0.711s
Runtime decision procedure: 21.551s
BMC program time: 27.650s
No bug has been found in the base case
*** Checking forward condition, k = 7
Starting Bounded Model Checking
Unwinding loop 1  iteration  1   file Problem18_label34.c line 4269 function main
Unwinding loop 1  iteration  2   file Problem18_label34.c line 4269 function main
Unwinding loop 1  iteration  3   file Problem18_label34.c line 4269 function main
Unwinding loop 1  iteration  4   file Problem18_label34.c line 4269 function main
Unwinding loop 1  iteration  5   file Problem18_label34.c line 4269 function main
Unwinding loop 1  iteration  6   file Problem18_label34.c line 4269 function main
Not unwinding 
Symex completed in: 4.196s (46693 assignments)
Slicing time: 1.411s (removed 23266 assignments)
Generated 1 VCC(s), 1 remaining after simplification (23427 assignments)
No solver specified; defaulting to Boolector
Encoding remaining VCC(s) using bit-vector/floating-point arithmetic
Encoding to solver time: 0.719s
Solving with solver Boolector 3.2.1
Encoding to solver time: 0.719s
Runtime decision procedure: 20.888s
The forward condition is unable to prove the property
*** Checking base case, k = 9
Starting Bounded Model Checking
Unwinding loop 1  iteration  1   file Problem18_label34.c line 4269 function main
Unwinding loop 1  iteration  2   file Problem18_label34.c line 4269 function main
Unwinding loop 1  iteration  3   file Problem18_label34.c line 4269 function main
Unwinding loop 1  iteration  4   file Problem18_label34.c line 4269 function main
Unwinding loop 1  iteration  5   file Problem18_label34.c line 4269 function main
Unwinding loop 1  iteration  6   file Problem18_label34.c line 4269 function main
Unwinding loop 1  iteration  7   file Problem18_label34.c line 4269 function main
Unwinding loop 1  iteration  8   file Problem18_label34.c line 4269 function main
Not unwinding 
Symex completed in: 5.831s (65168 assignments)
Slicing time: 2.152s (removed 30208 assignments)
Generated 7 VCC(s), 7 remaining after simplification (34960 assignments)
No solver specified; defaulting to Boolector
Encoding remaining VCC(s) using bit-vector/floating-point arithmetic
Encoding to solver time: 1.228s
Solving with solver Boolector 3.2.1
Encoding to solver time: 1.228s
Runtime decision procedure: 71.614s
Building error trace

Counterexample:

State 1 file Problem18_label34.c line 4273 function main thread 0
----------------------------------------------------
  input = 2 (00000000 00000000 00000000 00000010)

State 2 file Problem18_label34.c line 4273 function main thread 0
----------------------------------------------------
  input = 4 (00000000 00000000 00000000 00000100)

State 3 file Problem18_label34.c line 4273 function main thread 0
----------------------------------------------------
  input = 3 (00000000 00000000 00000000 00000011)

State 4 file Problem18_label34.c line 4273 function main thread 0
----------------------------------------------------
  input = 5 (00000000 00000000 00000000 00000101)

State 5 file Problem18_label34.c line 269 function calculate_output thread 0
----------------------------------------------------
  a3 = 158364 (00000000 00000010 01101010 10011100)

State 6 file Problem18_label34.c line 4273 function main thread 0
----------------------------------------------------
  input = 5 (00000000 00000000 00000000 00000101)

State 7 file Problem18_label34.c line 2152 function calculate_output2 thread 0
----------------------------------------------------
  a3 = -441614 (11111111 11111001 01000010 11110010)

State 8 file Problem18_label34.c line 4273 function main thread 0
----------------------------------------------------
  input = 1 (00000000 00000000 00000000 00000001)

State 9 file Problem18_label34.c line 3087 function calculate_output3 thread 0
----------------------------------------------------
  a3 = 141 (00000000 00000000 00000000 10001101)

State 10 file Problem18_label34.c line 4273 function main thread 0
----------------------------------------------------
  input = 6 (00000000 00000000 00000000 00000110)

State 11 file Problem18_label34.c line 1023 function calculate_output thread 0
----------------------------------------------------
  a3 = 593828 (00000000 00001001 00001111 10100100)

State 12 file Problem18_label34.c line 4273 function main thread 0
----------------------------------------------------
  input = 2 (00000000 00000000 00000000 00000010)

State 13 file Problem18_label34.c line 14 function reach_error thread 0
----------------------------------------------------
Violated property:
  file Problem18_label34.c line 14 function reach_error
  assertion 0
  0


VERIFICATION FAILED

Bug found (k = 9)


FALSE_REACH
