./esbmc-wrapper.py -p ../sv-benchmarks/c/properties/unreach-call.prp -s kinduction --arch 32 ../sv-benchmarks/c/array-fpi/sqm-iff.c


--------------------------------------------------------------------------------


Verifying with ESBMC
Command: ./esbmc --no-div-by-zero-check --force-malloc-success --state-hashing --no-align-check --k-step 2 --floatbv --unlimited-k-steps ../sv-benchmarks/c/array-fpi/sqm-iff.c --32 --witness-output sqm-iff.c.graphml --no-pointer-check --no-bounds-check --interval-analysis --k-induction --max-inductive-step 3 
ESBMC version 6.8.0 64-bit x86_64 linux
Target: 32-bit little-endian x86_64-unknown-linux with esbmc libc
file ../sv-benchmarks/c/array-fpi/sqm-iff.c: Parsing
Converting
Generating GOTO Program
GOTO program creation time: 0.131s
GOTO program processing time: 0.001s
*** Checking base case, k = 1
Starting Bounded Model Checking
Not unwinding 
Not unwinding 
Not unwinding 
Symex completed in: 0.104s (67 assignments)
Slicing time: 0.001s (removed 43 assignments)
Generated 1 VCC(s), 1 remaining after simplification (24 assignments)
No solver specified; defaulting to Boolector
Encoding remaining VCC(s) using bit-vector/floating-point arithmetic
Encoding to solver time: 0.000s
Solving with solver Boolector 3.2.1
Encoding to solver time: 0.000s
Runtime decision procedure: 0.000s
BMC program time: 0.106s
No bug has been found in the base case
*** Checking forward condition, k = 1
Starting Bounded Model Checking
Not unwinding 
Not unwinding 
Not unwinding 
Symex completed in: 0.004s (66 assignments)
Slicing time: 0.000s (removed 43 assignments)
Generated 3 VCC(s), 3 remaining after simplification (23 assignments)
No solver specified; defaulting to Boolector
Encoding remaining VCC(s) using bit-vector/floating-point arithmetic
Encoding to solver time: 0.001s
Solving with solver Boolector 3.2.1
Encoding to solver time: 0.001s
Runtime decision procedure: 0.003s
The forward condition is unable to prove the property
*** Checking base case, k = 3
Starting Bounded Model Checking
Unwinding loop 1  iteration  1   file sqm-iff.c line 31 function main
Unwinding loop 1  iteration  2   file sqm-iff.c line 31 function main
Not unwinding 
Unwinding loop 2  iteration  1   file sqm-iff.c line 40 function main
Unwinding loop 2  iteration  2   file sqm-iff.c line 40 function main
Not unwinding 
Unwinding loop 3  iteration  1   file sqm-iff.c line 49 function main
Unwinding loop 3  iteration  2   file sqm-iff.c line 49 function main
Not unwinding 
Symex completed in: 0.063s (129 assignments)
Slicing time: 0.002s (removed 63 assignments)
Generated 3 VCC(s), 3 remaining after simplification (66 assignments)
No solver specified; defaulting to Boolector
Encoding remaining VCC(s) using bit-vector/floating-point arithmetic
Encoding to solver time: 0.002s
Solving with solver Boolector 3.2.1
Encoding to solver time: 0.002s
Runtime decision procedure: 0.044s
Building error trace

Counterexample:

State 1 file sqm-iff.c line 23 function main thread 0
----------------------------------------------------
  N = 1 (00000000 00000000 00000000 00000001)

State 2 file sqm-iff.c line 34 function main thread 0
----------------------------------------------------
  *(b + 0) = 1 (00000000 00000000 00000000 00000000 00000000 00000000 00000000 00000001)

State 3 file sqm-iff.c line 34 function main thread 0
----------------------------------------------------
  *(b + 0) = 1 (00000000 00000000 00000000 00000000 00000000 00000000 00000000 00000001)

State 4 file sqm-iff.c line 34 function main thread 0
----------------------------------------------------
  *(b + 0) = 1 (00000000 00000000 00000000 00000000 00000000 00000000 00000000 00000001)

State 5 file sqm-iff.c line 34 function main thread 0
----------------------------------------------------
  *(b + 0) = 1 (00000000 00000000 00000000 00000000 00000000 00000000 00000000 00000001)

State 6 file sqm-iff.c line 34 function main thread 0
----------------------------------------------------
  *(b + 0) = 1 (00000000 00000000 00000000 00000000 00000000 00000000 00000000 00000001)

State 7 file sqm-iff.c line 34 function main thread 0
----------------------------------------------------
  *(b + 0) = 1 (00000000 00000000 00000000 00000000 00000000 00000000 00000000 00000001)

State 8 file sqm-iff.c line 34 function main thread 0
----------------------------------------------------
  *(b + 0) = 1 (00000000 00000000 00000000 00000000 00000000 00000000 00000000 00000001)

State 9 file sqm-iff.c line 34 function main thread 0
----------------------------------------------------
  *(b + 0) = 1 (00000000 00000000 00000000 00000000 00000000 00000000 00000000 00000001)

State 10 file sqm-iff.c line 43 function main thread 0
----------------------------------------------------
  *(a + 0) = 1 (00000000 00000000 00000000 00000000 00000000 00000000 00000000 00000001)

State 11 file sqm-iff.c line 43 function main thread 0
----------------------------------------------------
  *(a + 0) = 1 (00000000 00000000 00000000 00000000 00000000 00000000 00000000 00000001)

State 12 file sqm-iff.c line 43 function main thread 0
----------------------------------------------------
  *(a + 0) = 1 (00000000 00000000 00000000 00000000 00000000 00000000 00000000 00000001)

State 13 file sqm-iff.c line 43 function main thread 0
----------------------------------------------------
  *(a + 0) = 1 (00000000 00000000 00000000 00000000 00000000 00000000 00000000 00000001)

State 14 file sqm-iff.c line 43 function main thread 0
----------------------------------------------------
  *(a + 0) = 1 (00000000 00000000 00000000 00000000 00000000 00000000 00000000 00000001)

State 15 file sqm-iff.c line 43 function main thread 0
----------------------------------------------------
  *(a + 0) = 1 (00000000 00000000 00000000 00000000 00000000 00000000 00000000 00000001)

State 16 file sqm-iff.c line 43 function main thread 0
----------------------------------------------------
  *(a + 0) = 1 (00000000 00000000 00000000 00000000 00000000 00000000 00000000 00000001)

State 17 file sqm-iff.c line 43 function main thread 0
----------------------------------------------------
  *(a + 0) = 1 (00000000 00000000 00000000 00000000 00000000 00000000 00000000 00000001)

State 18 file sqm-iff.c line 10 function reach_error thread 0
----------------------------------------------------
Violated property:
  file sqm-iff.c line 10 function reach_error
  assertion 0
  0


VERIFICATION FAILED

Bug found (k = 3)


FALSE_REACH
