./esbmc-wrapper.py -p ../sv-benchmarks/c/properties/termination.prp -s kinduction --arch 64 ../sv-benchmarks/c/termination-memory-alloca/java_Nested-alloca.i


--------------------------------------------------------------------------------


Verifying with ESBMC
Command: ./esbmc --no-div-by-zero-check --force-malloc-success --state-hashing --no-align-check --k-step 2 --floatbv --unlimited-k-steps ../sv-benchmarks/c/termination-memory-alloca/java_Nested-alloca.i --64 --witness-output java_Nested-alloca.i.graphml --no-pointer-check --no-bounds-check --no-assertions --termination --max-inductive-step 3 
ESBMC version 6.8.0 64-bit x86_64 linux
Target: 64-bit little-endian x86_64-unknown-linux with esbmc libc
file ../sv-benchmarks/c/termination-memory-alloca/java_Nested-alloca.i: Parsing
Converting
Generating GOTO Program
GOTO program creation time: 0.149s
GOTO program processing time: 0.001s
*** Checking forward condition, k = 1
Starting Bounded Model Checking
Not unwinding 
Symex completed in: 0.001s (35 assignments)
Slicing time: 0.000s (removed 33 assignments)
Generated 1 VCC(s), 1 remaining after simplification (2 assignments)
No solver specified; defaulting to Boolector
Encoding remaining VCC(s) using bit-vector/floating-point arithmetic
Encoding to solver time: 0.000s
Solving with solver Boolector 3.2.1
Encoding to solver time: 0.000s
Runtime decision procedure: 0.001s
The forward condition is unable to prove the property
*** Checking forward condition, k = 3
Starting Bounded Model Checking
Unwinding loop 1  iteration  1   file java_Nested-alloca.i line 553 function main
Unwinding loop 1  iteration  2   file java_Nested-alloca.i line 553 function main
Not unwinding 
Symex completed in: 0.002s (41 assignments)
Slicing time: 0.000s (removed 39 assignments)
Generated 1 VCC(s), 1 remaining after simplification (2 assignments)
No solver specified; defaulting to Boolector
Encoding remaining VCC(s) using bit-vector/floating-point arithmetic
Encoding to solver time: 0.000s
Solving with solver Boolector 3.2.1
Encoding to solver time: 0.000s
Runtime decision procedure: 0.001s
The forward condition is unable to prove the property
*** Checking forward condition, k = 5
Starting Bounded Model Checking
Unwinding loop 1  iteration  1   file java_Nested-alloca.i line 553 function main
Unwinding loop 1  iteration  2   file java_Nested-alloca.i line 553 function main
Unwinding loop 1  iteration  3   file java_Nested-alloca.i line 553 function main
Unwinding loop 1  iteration  4   file java_Nested-alloca.i line 553 function main
Not unwinding 
Symex completed in: 0.002s (47 assignments)
Slicing time: 0.000s (removed 45 assignments)
Generated 1 VCC(s), 1 remaining after simplification (2 assignments)
No solver specified; defaulting to Boolector
Encoding remaining VCC(s) using bit-vector/floating-point arithmetic
Encoding to solver time: 0.000s
Solving with solver Boolector 3.2.1
Encoding to solver time: 0.000s
Runtime decision procedure: 0.000s
The forward condition is unable to prove the property
*** Checking forward condition, k = 7
Starting Bounded Model Checking
Unwinding loop 1  iteration  1   file java_Nested-alloca.i line 553 function main
Unwinding loop 1  iteration  2   file java_Nested-alloca.i line 553 function main
Unwinding loop 1  iteration  3   file java_Nested-alloca.i line 553 function main
Unwinding loop 1  iteration  4   file java_Nested-alloca.i line 553 function main
Unwinding loop 1  iteration  5   file java_Nested-alloca.i line 553 function main
Unwinding loop 1  iteration  6   file java_Nested-alloca.i line 553 function main
Not unwinding 
Symex completed in: 0.002s (53 assignments)
Slicing time: 0.001s (removed 51 assignments)
Generated 1 VCC(s), 1 remaining after simplification (2 assignments)
No solver specified; defaulting to Boolector
Encoding remaining VCC(s) using bit-vector/floating-point arithmetic
Encoding to solver time: 0.000s
Solving with solver Boolector 3.2.1
Encoding to solver time: 0.000s
Runtime decision procedure: 0.001s
The forward condition is unable to prove the property
*** Checking forward condition, k = 9
Starting Bounded Model Checking
Unwinding loop 1  iteration  1   file java_Nested-alloca.i line 553 function main
Unwinding loop 1  iteration  2   file java_Nested-alloca.i line 553 function main
Unwinding loop 1  iteration  3   file java_Nested-alloca.i line 553 function main
Unwinding loop 1  iteration  4   file java_Nested-alloca.i line 553 function main
Unwinding loop 1  iteration  5   file java_Nested-alloca.i line 553 function main
Unwinding loop 1  iteration  6   file java_Nested-alloca.i line 553 function main
Unwinding loop 1  iteration  7   file java_Nested-alloca.i line 553 function main
Unwinding loop 1  iteration  8   file java_Nested-alloca.i line 553 function main
Not unwinding 
Symex completed in: 0.003s (59 assignments)
Slicing time: 0.001s (removed 57 assignments)
Generated 1 VCC(s), 1 remaining after simplification (2 assignments)
No solver specified; defaulting to Boolector
Encoding remaining VCC(s) using bit-vector/floating-point arithmetic
Encoding to solver time: 0.000s
Solving with solver Boolector 3.2.1
Encoding to solver time: 0.000s
Runtime decision procedure: 0.001s
The forward condition is unable to prove the property
*** Checking forward condition, k = 11
Starting Bounded Model Checking
Unwinding loop 1  iteration  1   file java_Nested-alloca.i line 553 function main
Unwinding loop 1  iteration  2   file java_Nested-alloca.i line 553 function main
Unwinding loop 1  iteration  3   file java_Nested-alloca.i line 553 function main
Unwinding loop 1  iteration  4   file java_Nested-alloca.i line 553 function main
Unwinding loop 1  iteration  5   file java_Nested-alloca.i line 553 function main
Unwinding loop 1  iteration  6   file java_Nested-alloca.i line 553 function main
Unwinding loop 1  iteration  7   file java_Nested-alloca.i line 553 function main
Unwinding loop 1  iteration  8   file java_Nested-alloca.i line 553 function main
Unwinding loop 1  iteration  9   file java_Nested-alloca.i line 553 function main
Unwinding loop 2  iteration  1   file java_Nested-alloca.i line 552 function main
Unwinding loop 1  iteration  1   file java_Nested-alloca.i line 553 function main
Unwinding loop 1  iteration  2   file java_Nested-alloca.i line 553 function main
Unwinding loop 1  iteration  3   file java_Nested-alloca.i line 553 function main
Unwinding loop 1  iteration  4   file java_Nested-alloca.i line 553 function main
Unwinding loop 1  iteration  5   file java_Nested-alloca.i line 553 function main
Unwinding loop 1  iteration  6   file java_Nested-alloca.i line 553 function main
Unwinding loop 1  iteration  7   file java_Nested-alloca.i line 553 function main
Unwinding loop 1  iteration  8   file java_Nested-alloca.i line 553 function main
Unwinding loop 1  iteration  9   file java_Nested-alloca.i line 553 function main
Unwinding loop 2  iteration  2   file java_Nested-alloca.i line 552 function main
Unwinding loop 1  iteration  1   file java_Nested-alloca.i line 553 function main
Unwinding loop 1  iteration  2   file java_Nested-alloca.i line 553 function main
Unwinding loop 1  iteration  3   file java_Nested-alloca.i line 553 function main
Unwinding loop 1  iteration  4   file java_Nested-alloca.i line 553 function main
Unwinding loop 1  iteration  5   file java_Nested-alloca.i line 553 function main
Unwinding loop 1  iteration  6   file java_Nested-alloca.i line 553 function main
Unwinding loop 1  iteration  7   file java_Nested-alloca.i line 553 function main
Unwinding loop 1  iteration  8   file java_Nested-alloca.i line 553 function main
Unwinding loop 1  iteration  9   file java_Nested-alloca.i line 553 function main
Unwinding loop 2  iteration  3   file java_Nested-alloca.i line 552 function main
Unwinding loop 1  iteration  1   file java_Nested-alloca.i line 553 function main
Unwinding loop 1  iteration  2   file java_Nested-alloca.i line 553 function main
Unwinding loop 1  iteration  3   file java_Nested-alloca.i line 553 function main
Unwinding loop 1  iteration  4   file java_Nested-alloca.i line 553 function main
Unwinding loop 1  iteration  5   file java_Nested-alloca.i line 553 function main
Unwinding loop 1  iteration  6   file java_Nested-alloca.i line 553 function main
Unwinding loop 1  iteration  7   file java_Nested-alloca.i line 553 function main
Unwinding loop 1  iteration  8   file java_Nested-alloca.i line 553 function main
Unwinding loop 1  iteration  9   file java_Nested-alloca.i line 553 function main
Unwinding loop 2  iteration  4   file java_Nested-alloca.i line 552 function main
Unwinding loop 1  iteration  1   file java_Nested-alloca.i line 553 function main
Unwinding loop 1  iteration  2   file java_Nested-alloca.i line 553 function main
Unwinding loop 1  iteration  3   file java_Nested-alloca.i line 553 function main
Unwinding loop 1  iteration  4   file java_Nested-alloca.i line 553 function main
Unwinding loop 1  iteration  5   file java_Nested-alloca.i line 553 function main
Unwinding loop 1  iteration  6   file java_Nested-alloca.i line 553 function main
Unwinding loop 1  iteration  7   file java_Nested-alloca.i line 553 function main
Unwinding loop 1  iteration  8   file java_Nested-alloca.i line 553 function main
Unwinding loop 1  iteration  9   file java_Nested-alloca.i line 553 function main
Unwinding loop 2  iteration  5   file java_Nested-alloca.i line 552 function main
Unwinding loop 1  iteration  1   file java_Nested-alloca.i line 553 function main
Unwinding loop 1  iteration  2   file java_Nested-alloca.i line 553 function main
Unwinding loop 1  iteration  3   file java_Nested-alloca.i line 553 function main
Unwinding loop 1  iteration  4   file java_Nested-alloca.i line 553 function main
Unwinding loop 1  iteration  5   file java_Nested-alloca.i line 553 function main
Unwinding loop 1  iteration  6   file java_Nested-alloca.i line 553 function main
Unwinding loop 1  iteration  7   file java_Nested-alloca.i line 553 function main
Unwinding loop 1  iteration  8   file java_Nested-alloca.i line 553 function main
Unwinding loop 1  iteration  9   file java_Nested-alloca.i line 553 function main
Unwinding loop 2  iteration  6   file java_Nested-alloca.i line 552 function main
Unwinding loop 1  iteration  1   file java_Nested-alloca.i line 553 function main
Unwinding loop 1  iteration  2   file java_Nested-alloca.i line 553 function main
Unwinding loop 1  iteration  3   file java_Nested-alloca.i line 553 function main
Unwinding loop 1  iteration  4   file java_Nested-alloca.i line 553 function main
Unwinding loop 1  iteration  5   file java_Nested-alloca.i line 553 function main
Unwinding loop 1  iteration  6   file java_Nested-alloca.i line 553 function main
Unwinding loop 1  iteration  7   file java_Nested-alloca.i line 553 function main
Unwinding loop 1  iteration  8   file java_Nested-alloca.i line 553 function main
Unwinding loop 1  iteration  9   file java_Nested-alloca.i line 553 function main
Unwinding loop 2  iteration  7   file java_Nested-alloca.i line 552 function main
Unwinding loop 1  iteration  1   file java_Nested-alloca.i line 553 function main
Unwinding loop 1  iteration  2   file java_Nested-alloca.i line 553 function main
Unwinding loop 1  iteration  3   file java_Nested-alloca.i line 553 function main
Unwinding loop 1  iteration  4   file java_Nested-alloca.i line 553 function main
Unwinding loop 1  iteration  5   file java_Nested-alloca.i line 553 function main
Unwinding loop 1  iteration  6   file java_Nested-alloca.i line 553 function main
Unwinding loop 1  iteration  7   file java_Nested-alloca.i line 553 function main
Unwinding loop 1  iteration  8   file java_Nested-alloca.i line 553 function main
Unwinding loop 1  iteration  9   file java_Nested-alloca.i line 553 function main
Unwinding loop 2  iteration  8   file java_Nested-alloca.i line 552 function main
Unwinding loop 1  iteration  1   file java_Nested-alloca.i line 553 function main
Unwinding loop 1  iteration  2   file java_Nested-alloca.i line 553 function main
Unwinding loop 1  iteration  3   file java_Nested-alloca.i line 553 function main
Unwinding loop 1  iteration  4   file java_Nested-alloca.i line 553 function main
Unwinding loop 1  iteration  5   file java_Nested-alloca.i line 553 function main
Unwinding loop 1  iteration  6   file java_Nested-alloca.i line 553 function main
Unwinding loop 1  iteration  7   file java_Nested-alloca.i line 553 function main
Unwinding loop 1  iteration  8   file java_Nested-alloca.i line 553 function main
Unwinding loop 1  iteration  9   file java_Nested-alloca.i line 553 function main
Unwinding loop 2  iteration  9   file java_Nested-alloca.i line 552 function main
Unwinding loop 1  iteration  1   file java_Nested-alloca.i line 553 function main
Unwinding loop 1  iteration  2   file java_Nested-alloca.i line 553 function main
Unwinding loop 1  iteration  3   file java_Nested-alloca.i line 553 function main
Unwinding loop 1  iteration  4   file java_Nested-alloca.i line 553 function main
Unwinding loop 1  iteration  5   file java_Nested-alloca.i line 553 function main
Unwinding loop 1  iteration  6   file java_Nested-alloca.i line 553 function main
Unwinding loop 1  iteration  7   file java_Nested-alloca.i line 553 function main
Unwinding loop 1  iteration  8   file java_Nested-alloca.i line 553 function main
Unwinding loop 1  iteration  9   file java_Nested-alloca.i line 553 function main
Unwinding loop 2  iteration  10   file java_Nested-alloca.i line 552 function main
Symex completed in: 0.028s (320 assignments)
Slicing time: 0.000s (removed 319 assignments)
Generated 0 VCC(s), 0 remaining after simplification (1 assignments)
BMC program time: 0.028s
Building successful trace

VERIFICATION SUCCESSFUL

Solution found by the forward condition; all states are reachable (k = 11


TRUE
