./esbmc-wrapper.py -p ../sv-benchmarks/c/properties/unreach-call.prp -s kinduction --arch 32 ../sv-benchmarks/c/seq-mthreaded/pals_floodmax.4.ufo.BOUNDED-8.pals.c


--------------------------------------------------------------------------------


Verifying with ESBMC
Command: ./esbmc --no-div-by-zero-check --force-malloc-success --state-hashing --no-align-check --k-step 2 --floatbv --unlimited-k-steps ../sv-benchmarks/c/seq-mthreaded/pals_floodmax.4.ufo.BOUNDED-8.pals.c --32 --witness-output pals_floodmax.4.ufo.BOUNDED-8.pals.c.graphml --no-pointer-check --no-bounds-check --interval-analysis --k-induction --max-inductive-step 3 
ESBMC version 6.8.0 64-bit x86_64 linux
Target: 32-bit little-endian x86_64-unknown-linux with esbmc libc
file ../sv-benchmarks/c/seq-mthreaded/pals_floodmax.4.ufo.BOUNDED-8.pals.c: Parsing
Converting
Generating GOTO Program
GOTO program creation time: 0.193s
GOTO program processing time: 0.239s
*** Checking base case, k = 1
Starting Bounded Model Checking
Not unwinding 
Symex completed in: 0.149s (1001 assignments)
Slicing time: 0.006s (removed 642 assignments)
Generated 1 VCC(s), 1 remaining after simplification (359 assignments)
No solver specified; defaulting to Boolector
Encoding remaining VCC(s) using bit-vector/floating-point arithmetic
Encoding to solver time: 0.007s
Solving with solver Boolector 3.2.1
Encoding to solver time: 0.007s
Runtime decision procedure: 0.006s
BMC program time: 0.169s
No bug has been found in the base case
*** Checking forward condition, k = 1
Starting Bounded Model Checking
Not unwinding 
Symex completed in: 0.140s (1000 assignments)
Slicing time: 0.006s (removed 642 assignments)
Generated 1 VCC(s), 1 remaining after simplification (358 assignments)
No solver specified; defaulting to Boolector
Encoding remaining VCC(s) using bit-vector/floating-point arithmetic
Encoding to solver time: 0.007s
Solving with solver Boolector 3.2.1
Encoding to solver time: 0.007s
Runtime decision procedure: 0.040s
The forward condition is unable to prove the property
*** Checking base case, k = 3
Starting Bounded Model Checking
Unwinding loop 2  iteration  1   file pals_floodmax.4.ufo.BOUNDED-8.pals.c line 1203 function main
Unwinding loop 2  iteration  2   file pals_floodmax.4.ufo.BOUNDED-8.pals.c line 1203 function main
Not unwinding 
Symex completed in: 0.197s (1665 assignments)
Slicing time: 0.007s (removed 868 assignments)
Generated 3 VCC(s), 3 remaining after simplification (797 assignments)
No solver specified; defaulting to Boolector
Encoding remaining VCC(s) using bit-vector/floating-point arithmetic
Encoding to solver time: 0.014s
Solving with solver Boolector 3.2.1
Encoding to solver time: 0.014s
Runtime decision procedure: 0.045s
BMC program time: 0.264s
No bug has been found in the base case
*** Checking forward condition, k = 3
Starting Bounded Model Checking
Unwinding loop 2  iteration  1   file pals_floodmax.4.ufo.BOUNDED-8.pals.c line 1203 function main
Unwinding loop 2  iteration  2   file pals_floodmax.4.ufo.BOUNDED-8.pals.c line 1203 function main
Not unwinding 
Symex completed in: 0.203s (1662 assignments)
Slicing time: 0.007s (removed 868 assignments)
Generated 1 VCC(s), 1 remaining after simplification (794 assignments)
No solver specified; defaulting to Boolector
Encoding remaining VCC(s) using bit-vector/floating-point arithmetic
Encoding to solver time: 0.014s
Solving with solver Boolector 3.2.1
Encoding to solver time: 0.014s
Runtime decision procedure: 0.047s
The forward condition is unable to prove the property
*** Checking inductive step, k = 3
Starting Bounded Model Checking
Unwinding loop 2  iteration  1   file pals_floodmax.4.ufo.BOUNDED-8.pals.c line 1203 function main
Unwinding loop 2  iteration  2   file pals_floodmax.4.ufo.BOUNDED-8.pals.c line 1203 function main
Not unwinding 
Symex completed in: 0.375s (2329 assignments)
Slicing time: 0.108s (removed 991 assignments)
Generated 1 VCC(s), 1 remaining after simplification (1338 assignments)
No solver specified; defaulting to Boolector
Encoding remaining VCC(s) using bit-vector/floating-point arithmetic
Encoding to solver time: 0.038s
Solving with solver Boolector 3.2.1
Encoding to solver time: 0.038s
Runtime decision procedure: 0.813s
The inductive step is unable to prove the property
*** Checking base case, k = 5
Starting Bounded Model Checking
Unwinding loop 2  iteration  1   file pals_floodmax.4.ufo.BOUNDED-8.pals.c line 1203 function main
Unwinding loop 2  iteration  2   file pals_floodmax.4.ufo.BOUNDED-8.pals.c line 1203 function main
Unwinding loop 2  iteration  3   file pals_floodmax.4.ufo.BOUNDED-8.pals.c line 1203 function main
Unwinding loop 2  iteration  4   file pals_floodmax.4.ufo.BOUNDED-8.pals.c line 1203 function main
Not unwinding 
Symex completed in: 0.277s (2329 assignments)
Slicing time: 0.012s (removed 1094 assignments)
Generated 5 VCC(s), 5 remaining after simplification (1235 assignments)
No solver specified; defaulting to Boolector
Encoding remaining VCC(s) using bit-vector/floating-point arithmetic
Encoding to solver time: 0.024s
Solving with solver Boolector 3.2.1
Encoding to solver time: 0.024s
Runtime decision procedure: 0.077s
BMC program time: 0.390s
No bug has been found in the base case
*** Checking forward condition, k = 5
Starting Bounded Model Checking
Unwinding loop 2  iteration  1   file pals_floodmax.4.ufo.BOUNDED-8.pals.c line 1203 function main
Unwinding loop 2  iteration  2   file pals_floodmax.4.ufo.BOUNDED-8.pals.c line 1203 function main
Unwinding loop 2  iteration  3   file pals_floodmax.4.ufo.BOUNDED-8.pals.c line 1203 function main
Unwinding loop 2  iteration  4   file pals_floodmax.4.ufo.BOUNDED-8.pals.c line 1203 function main
Not unwinding 
Symex completed in: 0.271s (2324 assignments)
Slicing time: 0.011s (removed 1094 assignments)
Generated 1 VCC(s), 1 remaining after simplification (1230 assignments)
No solver specified; defaulting to Boolector
Encoding remaining VCC(s) using bit-vector/floating-point arithmetic
Encoding to solver time: 0.024s
Solving with solver Boolector 3.2.1
Encoding to solver time: 0.024s
Runtime decision procedure: 0.072s
The forward condition is unable to prove the property
*** Checking base case, k = 7
Starting Bounded Model Checking
Unwinding loop 2  iteration  1   file pals_floodmax.4.ufo.BOUNDED-8.pals.c line 1203 function main
Unwinding loop 2  iteration  2   file pals_floodmax.4.ufo.BOUNDED-8.pals.c line 1203 function main
Unwinding loop 2  iteration  3   file pals_floodmax.4.ufo.BOUNDED-8.pals.c line 1203 function main
Unwinding loop 2  iteration  4   file pals_floodmax.4.ufo.BOUNDED-8.pals.c line 1203 function main
Unwinding loop 2  iteration  5   file pals_floodmax.4.ufo.BOUNDED-8.pals.c line 1203 function main
Unwinding loop 2  iteration  6   file pals_floodmax.4.ufo.BOUNDED-8.pals.c line 1203 function main
Not unwinding 
Symex completed in: 0.344s (2993 assignments)
Slicing time: 0.013s (removed 1320 assignments)
Generated 7 VCC(s), 7 remaining after simplification (1673 assignments)
No solver specified; defaulting to Boolector
Encoding remaining VCC(s) using bit-vector/floating-point arithmetic
Encoding to solver time: 0.031s
Solving with solver Boolector 3.2.1
Encoding to solver time: 0.031s
Runtime decision procedure: 66.829s
BMC program time: 67.218s
No bug has been found in the base case
*** Checking forward condition, k = 7
Starting Bounded Model Checking
Unwinding loop 2  iteration  1   file pals_floodmax.4.ufo.BOUNDED-8.pals.c line 1203 function main
Unwinding loop 2  iteration  2   file pals_floodmax.4.ufo.BOUNDED-8.pals.c line 1203 function main
Unwinding loop 2  iteration  3   file pals_floodmax.4.ufo.BOUNDED-8.pals.c line 1203 function main
Unwinding loop 2  iteration  4   file pals_floodmax.4.ufo.BOUNDED-8.pals.c line 1203 function main
Unwinding loop 2  iteration  5   file pals_floodmax.4.ufo.BOUNDED-8.pals.c line 1203 function main
Unwinding loop 2  iteration  6   file pals_floodmax.4.ufo.BOUNDED-8.pals.c line 1203 function main
Not unwinding 
Symex completed in: 0.368s (2986 assignments)
Slicing time: 0.013s (removed 1320 assignments)
Generated 1 VCC(s), 1 remaining after simplification (1666 assignments)
No solver specified; defaulting to Boolector
Encoding remaining VCC(s) using bit-vector/floating-point arithmetic
Encoding to solver time: 0.035s
Solving with solver Boolector 3.2.1
Encoding to solver time: 0.035s
Runtime decision procedure: 0.298s
The forward condition is unable to prove the property
*** Checking base case, k = 9
Starting Bounded Model Checking
Unwinding loop 2  iteration  1   file pals_floodmax.4.ufo.BOUNDED-8.pals.c line 1203 function main
Unwinding loop 2  iteration  2   file pals_floodmax.4.ufo.BOUNDED-8.pals.c line 1203 function main
Unwinding loop 2  iteration  3   file pals_floodmax.4.ufo.BOUNDED-8.pals.c line 1203 function main
Unwinding loop 2  iteration  4   file pals_floodmax.4.ufo.BOUNDED-8.pals.c line 1203 function main
Unwinding loop 2  iteration  5   file pals_floodmax.4.ufo.BOUNDED-8.pals.c line 1203 function main
Unwinding loop 2  iteration  6   file pals_floodmax.4.ufo.BOUNDED-8.pals.c line 1203 function main
Unwinding loop 2  iteration  7   file pals_floodmax.4.ufo.BOUNDED-8.pals.c line 1203 function main
Unwinding loop 2  iteration  8   file pals_floodmax.4.ufo.BOUNDED-8.pals.c line 1203 function main
Symex completed in: 0.408s (3324 assignments)
Slicing time: 0.014s (removed 1433 assignments)
Generated 8 VCC(s), 8 remaining after simplification (1891 assignments)
No solver specified; defaulting to Boolector
Encoding remaining VCC(s) using bit-vector/floating-point arithmetic
Encoding to solver time: 0.038s
Solving with solver Boolector 3.2.1
Encoding to solver time: 0.038s
Runtime decision procedure: 31.396s
BMC program time: 31.857s
No bug has been found in the base case
*** Checking forward condition, k = 9
Starting Bounded Model Checking
Unwinding loop 2  iteration  1   file pals_floodmax.4.ufo.BOUNDED-8.pals.c line 1203 function main
Unwinding loop 2  iteration  2   file pals_floodmax.4.ufo.BOUNDED-8.pals.c line 1203 function main
Unwinding loop 2  iteration  3   file pals_floodmax.4.ufo.BOUNDED-8.pals.c line 1203 function main
Unwinding loop 2  iteration  4   file pals_floodmax.4.ufo.BOUNDED-8.pals.c line 1203 function main
Unwinding loop 2  iteration  5   file pals_floodmax.4.ufo.BOUNDED-8.pals.c line 1203 function main
Unwinding loop 2  iteration  6   file pals_floodmax.4.ufo.BOUNDED-8.pals.c line 1203 function main
Unwinding loop 2  iteration  7   file pals_floodmax.4.ufo.BOUNDED-8.pals.c line 1203 function main
Unwinding loop 2  iteration  8   file pals_floodmax.4.ufo.BOUNDED-8.pals.c line 1203 function main
Symex completed in: 0.379s (3316 assignments)
Slicing time: 0.016s (removed 1433 assignments)
Generated 0 VCC(s), 0 remaining after simplification (1883 assignments)
BMC program time: 0.395s
Building successful trace

VERIFICATION SUCCESSFUL

Solution found by the forward condition; all states are reachable (k = 9


TRUE
