./esbmc-wrapper.py -p ../sv-benchmarks/c/properties/unreach-call.prp -s kinduction --arch 64 ../sv-benchmarks/c/ldv-linux-3.4-simple/32_1_cilled_ok_nondet_linux-3.4-32_1-drivers--staging--iio--addac--adt7316-i2c.ko-ldv_main0_sequence_infinite_withcheck_stateful.cil.out.i


--------------------------------------------------------------------------------


Verifying with ESBMC
Command: ./esbmc --no-div-by-zero-check --force-malloc-success --state-hashing --no-align-check --k-step 2 --floatbv --unlimited-k-steps ../sv-benchmarks/c/ldv-linux-3.4-simple/32_1_cilled_ok_nondet_linux-3.4-32_1-drivers--staging--iio--addac--adt7316-i2c.ko-ldv_main0_sequence_infinite_withcheck_stateful.cil.out.i --64 --witness-output 32_1_cilled_ok_nondet_linux-3.4-32_1-drivers--staging--iio--addac--adt7316-i2c.ko-ldv_main0_sequence_infinite_withcheck_stateful.cil.out.i.graphml --no-pointer-check --no-bounds-check --interval-analysis --k-induction --max-inductive-step 3 
ESBMC version 6.8.0 64-bit x86_64 linux
Target: 64-bit little-endian x86_64-unknown-linux with esbmc libc
file ../sv-benchmarks/c/ldv-linux-3.4-simple/32_1_cilled_ok_nondet_linux-3.4-32_1-drivers--staging--iio--addac--adt7316-i2c.ko-ldv_main0_sequence_infinite_withcheck_stateful.cil.out.i: Parsing
Converting
Generating GOTO Program
GOTO program creation time: 0.166s
GOTO program processing time: 0.005s
*** Checking base case, k = 1
Starting Bounded Model Checking
Not unwinding 
Not unwinding 
Not unwinding 
Symex completed in: 0.011s (247 assignments)
Slicing time: 0.000s (removed 204 assignments)
Generated 0 VCC(s), 0 remaining after simplification (43 assignments)
BMC program time: 0.011s
No bug has been found in the base case
*** Checking forward condition, k = 1
Starting Bounded Model Checking
Not unwinding 
Not unwinding 
Not unwinding 
Symex completed in: 0.011s (247 assignments)
Slicing time: 0.000s (removed 204 assignments)
Generated 3 VCC(s), 3 remaining after simplification (43 assignments)
No solver specified; defaulting to Boolector
Encoding remaining VCC(s) using bit-vector/floating-point arithmetic
Encoding to solver time: 0.001s
Solving with solver Boolector 3.2.1
Encoding to solver time: 0.001s
Runtime decision procedure: 0.004s
The forward condition is unable to prove the property
*** Checking base case, k = 3
Starting Bounded Model Checking
Unwinding loop 1  iteration  1   file 32_1_cilled_ok_nondet_linux-3.4-32_1-drivers--staging--iio--addac--adt7316-i2c.ko-ldv_main0_sequence_infinite_withcheck_stateful.cil.out.i line 2119 function adt7316_i2c_multi_read
Unwinding loop 1  iteration  2   file 32_1_cilled_ok_nondet_linux-3.4-32_1-drivers--staging--iio--addac--adt7316-i2c.ko-ldv_main0_sequence_infinite_withcheck_stateful.cil.out.i line 2119 function adt7316_i2c_multi_read
Not unwinding 
Unwinding loop 2  iteration  1   file 32_1_cilled_ok_nondet_linux-3.4-32_1-drivers--staging--iio--addac--adt7316-i2c.ko-ldv_main0_sequence_infinite_withcheck_stateful.cil.out.i line 2176 function adt7316_i2c_multi_write
Unwinding loop 2  iteration  2   file 32_1_cilled_ok_nondet_linux-3.4-32_1-drivers--staging--iio--addac--adt7316-i2c.ko-ldv_main0_sequence_infinite_withcheck_stateful.cil.out.i line 2176 function adt7316_i2c_multi_write
Not unwinding 
Unwinding loop 3  iteration  1   file 32_1_cilled_ok_nondet_linux-3.4-32_1-drivers--staging--iio--addac--adt7316-i2c.ko-ldv_main0_sequence_infinite_withcheck_stateful.cil.out.i line 2445 function main
Unwinding loop 1  iteration  1   file 32_1_cilled_ok_nondet_linux-3.4-32_1-drivers--staging--iio--addac--adt7316-i2c.ko-ldv_main0_sequence_infinite_withcheck_stateful.cil.out.i line 2119 function adt7316_i2c_multi_read
Unwinding loop 1  iteration  2   file 32_1_cilled_ok_nondet_linux-3.4-32_1-drivers--staging--iio--addac--adt7316-i2c.ko-ldv_main0_sequence_infinite_withcheck_stateful.cil.out.i line 2119 function adt7316_i2c_multi_read
Not unwinding 
Unwinding loop 2  iteration  1   file 32_1_cilled_ok_nondet_linux-3.4-32_1-drivers--staging--iio--addac--adt7316-i2c.ko-ldv_main0_sequence_infinite_withcheck_stateful.cil.out.i line 2176 function adt7316_i2c_multi_write
Unwinding loop 2  iteration  2   file 32_1_cilled_ok_nondet_linux-3.4-32_1-drivers--staging--iio--addac--adt7316-i2c.ko-ldv_main0_sequence_infinite_withcheck_stateful.cil.out.i line 2176 function adt7316_i2c_multi_write
Not unwinding 
Unwinding loop 3  iteration  2   file 32_1_cilled_ok_nondet_linux-3.4-32_1-drivers--staging--iio--addac--adt7316-i2c.ko-ldv_main0_sequence_infinite_withcheck_stateful.cil.out.i line 2445 function main
Unwinding loop 1  iteration  1   file 32_1_cilled_ok_nondet_linux-3.4-32_1-drivers--staging--iio--addac--adt7316-i2c.ko-ldv_main0_sequence_infinite_withcheck_stateful.cil.out.i line 2119 function adt7316_i2c_multi_read
Unwinding loop 1  iteration  2   file 32_1_cilled_ok_nondet_linux-3.4-32_1-drivers--staging--iio--addac--adt7316-i2c.ko-ldv_main0_sequence_infinite_withcheck_stateful.cil.out.i line 2119 function adt7316_i2c_multi_read
Not unwinding 
Unwinding loop 2  iteration  1   file 32_1_cilled_ok_nondet_linux-3.4-32_1-drivers--staging--iio--addac--adt7316-i2c.ko-ldv_main0_sequence_infinite_withcheck_stateful.cil.out.i line 2176 function adt7316_i2c_multi_write
Unwinding loop 2  iteration  2   file 32_1_cilled_ok_nondet_linux-3.4-32_1-drivers--staging--iio--addac--adt7316-i2c.ko-ldv_main0_sequence_infinite_withcheck_stateful.cil.out.i line 2176 function adt7316_i2c_multi_write
Not unwinding 
Not unwinding 
Symex completed in: 0.059s (1545 assignments)
Slicing time: 0.005s (removed 1306 assignments)
Generated 0 VCC(s), 0 remaining after simplification (239 assignments)
BMC program time: 0.064s
No bug has been found in the base case
*** Checking forward condition, k = 3
Starting Bounded Model Checking
Unwinding loop 1  iteration  1   file 32_1_cilled_ok_nondet_linux-3.4-32_1-drivers--staging--iio--addac--adt7316-i2c.ko-ldv_main0_sequence_infinite_withcheck_stateful.cil.out.i line 2119 function adt7316_i2c_multi_read
Unwinding loop 1  iteration  2   file 32_1_cilled_ok_nondet_linux-3.4-32_1-drivers--staging--iio--addac--adt7316-i2c.ko-ldv_main0_sequence_infinite_withcheck_stateful.cil.out.i line 2119 function adt7316_i2c_multi_read
Not unwinding 
Unwinding loop 2  iteration  1   file 32_1_cilled_ok_nondet_linux-3.4-32_1-drivers--staging--iio--addac--adt7316-i2c.ko-ldv_main0_sequence_infinite_withcheck_stateful.cil.out.i line 2176 function adt7316_i2c_multi_write
Unwinding loop 2  iteration  2   file 32_1_cilled_ok_nondet_linux-3.4-32_1-drivers--staging--iio--addac--adt7316-i2c.ko-ldv_main0_sequence_infinite_withcheck_stateful.cil.out.i line 2176 function adt7316_i2c_multi_write
Not unwinding 
Unwinding loop 3  iteration  1   file 32_1_cilled_ok_nondet_linux-3.4-32_1-drivers--staging--iio--addac--adt7316-i2c.ko-ldv_main0_sequence_infinite_withcheck_stateful.cil.out.i line 2445 function main
Unwinding loop 1  iteration  1   file 32_1_cilled_ok_nondet_linux-3.4-32_1-drivers--staging--iio--addac--adt7316-i2c.ko-ldv_main0_sequence_infinite_withcheck_stateful.cil.out.i line 2119 function adt7316_i2c_multi_read
Unwinding loop 1  iteration  2   file 32_1_cilled_ok_nondet_linux-3.4-32_1-drivers--staging--iio--addac--adt7316-i2c.ko-ldv_main0_sequence_infinite_withcheck_stateful.cil.out.i line 2119 function adt7316_i2c_multi_read
Not unwinding 
Unwinding loop 2  iteration  1   file 32_1_cilled_ok_nondet_linux-3.4-32_1-drivers--staging--iio--addac--adt7316-i2c.ko-ldv_main0_sequence_infinite_withcheck_stateful.cil.out.i line 2176 function adt7316_i2c_multi_write
Unwinding loop 2  iteration  2   file 32_1_cilled_ok_nondet_linux-3.4-32_1-drivers--staging--iio--addac--adt7316-i2c.ko-ldv_main0_sequence_infinite_withcheck_stateful.cil.out.i line 2176 function adt7316_i2c_multi_write
Not unwinding 
Unwinding loop 3  iteration  2   file 32_1_cilled_ok_nondet_linux-3.4-32_1-drivers--staging--iio--addac--adt7316-i2c.ko-ldv_main0_sequence_infinite_withcheck_stateful.cil.out.i line 2445 function main
Unwinding loop 1  iteration  1   file 32_1_cilled_ok_nondet_linux-3.4-32_1-drivers--staging--iio--addac--adt7316-i2c.ko-ldv_main0_sequence_infinite_withcheck_stateful.cil.out.i line 2119 function adt7316_i2c_multi_read
Unwinding loop 1  iteration  2   file 32_1_cilled_ok_nondet_linux-3.4-32_1-drivers--staging--iio--addac--adt7316-i2c.ko-ldv_main0_sequence_infinite_withcheck_stateful.cil.out.i line 2119 function adt7316_i2c_multi_read
Not unwinding 
Unwinding loop 2  iteration  1   file 32_1_cilled_ok_nondet_linux-3.4-32_1-drivers--staging--iio--addac--adt7316-i2c.ko-ldv_main0_sequence_infinite_withcheck_stateful.cil.out.i line 2176 function adt7316_i2c_multi_write
Unwinding loop 2  iteration  2   file 32_1_cilled_ok_nondet_linux-3.4-32_1-drivers--staging--iio--addac--adt7316-i2c.ko-ldv_main0_sequence_infinite_withcheck_stateful.cil.out.i line 2176 function adt7316_i2c_multi_write
Not unwinding 
Not unwinding 
Symex completed in: 0.065s (1545 assignments)
Slicing time: 0.004s (removed 1306 assignments)
Generated 7 VCC(s), 7 remaining after simplification (239 assignments)
No solver specified; defaulting to Boolector
Encoding remaining VCC(s) using bit-vector/floating-point arithmetic
Encoding to solver time: 0.004s
Solving with solver Boolector 3.2.1
Encoding to solver time: 0.004s
Runtime decision procedure: 0.014s
The forward condition is unable to prove the property
*** Checking inductive step, k = 3
Starting Bounded Model Checking
Unwinding loop 1  iteration  1   file 32_1_cilled_ok_nondet_linux-3.4-32_1-drivers--staging--iio--addac--adt7316-i2c.ko-ldv_main0_sequence_infinite_withcheck_stateful.cil.out.i line 2119 function adt7316_i2c_multi_read
Unwinding loop 1  iteration  2   file 32_1_cilled_ok_nondet_linux-3.4-32_1-drivers--staging--iio--addac--adt7316-i2c.ko-ldv_main0_sequence_infinite_withcheck_stateful.cil.out.i line 2119 function adt7316_i2c_multi_read
Not unwinding 
Unwinding loop 2  iteration  1   file 32_1_cilled_ok_nondet_linux-3.4-32_1-drivers--staging--iio--addac--adt7316-i2c.ko-ldv_main0_sequence_infinite_withcheck_stateful.cil.out.i line 2176 function adt7316_i2c_multi_write
Unwinding loop 2  iteration  2   file 32_1_cilled_ok_nondet_linux-3.4-32_1-drivers--staging--iio--addac--adt7316-i2c.ko-ldv_main0_sequence_infinite_withcheck_stateful.cil.out.i line 2176 function adt7316_i2c_multi_write
Not unwinding 
Unwinding loop 3  iteration  1   file 32_1_cilled_ok_nondet_linux-3.4-32_1-drivers--staging--iio--addac--adt7316-i2c.ko-ldv_main0_sequence_infinite_withcheck_stateful.cil.out.i line 2445 function main
Unwinding loop 1  iteration  1   file 32_1_cilled_ok_nondet_linux-3.4-32_1-drivers--staging--iio--addac--adt7316-i2c.ko-ldv_main0_sequence_infinite_withcheck_stateful.cil.out.i line 2119 function adt7316_i2c_multi_read
Unwinding loop 1  iteration  2   file 32_1_cilled_ok_nondet_linux-3.4-32_1-drivers--staging--iio--addac--adt7316-i2c.ko-ldv_main0_sequence_infinite_withcheck_stateful.cil.out.i line 2119 function adt7316_i2c_multi_read
Not unwinding 
Unwinding loop 2  iteration  1   file 32_1_cilled_ok_nondet_linux-3.4-32_1-drivers--staging--iio--addac--adt7316-i2c.ko-ldv_main0_sequence_infinite_withcheck_stateful.cil.out.i line 2176 function adt7316_i2c_multi_write
Unwinding loop 2  iteration  2   file 32_1_cilled_ok_nondet_linux-3.4-32_1-drivers--staging--iio--addac--adt7316-i2c.ko-ldv_main0_sequence_infinite_withcheck_stateful.cil.out.i line 2176 function adt7316_i2c_multi_write
Not unwinding 
Unwinding loop 3  iteration  2   file 32_1_cilled_ok_nondet_linux-3.4-32_1-drivers--staging--iio--addac--adt7316-i2c.ko-ldv_main0_sequence_infinite_withcheck_stateful.cil.out.i line 2445 function main
Unwinding loop 1  iteration  1   file 32_1_cilled_ok_nondet_linux-3.4-32_1-drivers--staging--iio--addac--adt7316-i2c.ko-ldv_main0_sequence_infinite_withcheck_stateful.cil.out.i line 2119 function adt7316_i2c_multi_read
Unwinding loop 1  iteration  2   file 32_1_cilled_ok_nondet_linux-3.4-32_1-drivers--staging--iio--addac--adt7316-i2c.ko-ldv_main0_sequence_infinite_withcheck_stateful.cil.out.i line 2119 function adt7316_i2c_multi_read
Not unwinding 
Unwinding loop 2  iteration  1   file 32_1_cilled_ok_nondet_linux-3.4-32_1-drivers--staging--iio--addac--adt7316-i2c.ko-ldv_main0_sequence_infinite_withcheck_stateful.cil.out.i line 2176 function adt7316_i2c_multi_write
Unwinding loop 2  iteration  2   file 32_1_cilled_ok_nondet_linux-3.4-32_1-drivers--staging--iio--addac--adt7316-i2c.ko-ldv_main0_sequence_infinite_withcheck_stateful.cil.out.i line 2176 function adt7316_i2c_multi_write
Not unwinding 
Not unwinding 
Symex completed in: 0.114s (2541 assignments)
Slicing time: 0.017s (removed 1962 assignments)
Generated 0 VCC(s), 0 remaining after simplification (579 assignments)
BMC program time: 0.131s
Building successful trace

VERIFICATION SUCCESSFUL

Solution found by the inductive step (k = 3)

../sv-benchmarks/c/ldv-linux-3.4-simple/32_1_cilled_ok_nondet_linux-3.4-32_1-drivers--staging--iio--addac--adt7316-i2c.ko-ldv_main0_sequence_infinite_withcheck_stateful.cil.out.i:2302:11: warning: 'attach_adapter' is deprecated [-Wdeprecated-declarations]
     {0U, (int (*)(struct i2c_adapter * ))0, (int (*)(struct i2c_adapter * ))0, & adt7316_i2c_probe,
          ^
../sv-benchmarks/c/ldv-linux-3.4-simple/32_1_cilled_ok_nondet_linux-3.4-32_1-drivers--staging--iio--addac--adt7316-i2c.ko-ldv_main0_sequence_infinite_withcheck_stateful.cil.out.i:1736:64: note: 'attach_adapter' has been explicitly marked deprecated here
   int (*attach_adapter)(struct i2c_adapter * ) __attribute__((__deprecated__)) ;
                                                               ^
../sv-benchmarks/c/ldv-linux-3.4-simple/32_1_cilled_ok_nondet_linux-3.4-32_1-drivers--staging--iio--addac--adt7316-i2c.ko-ldv_main0_sequence_infinite_withcheck_stateful.cil.out.i:2302:46: warning: 'detach_adapter' is deprecated [-Wdeprecated-declarations]
     {0U, (int (*)(struct i2c_adapter * ))0, (int (*)(struct i2c_adapter * ))0, & adt7316_i2c_probe,
                                             ^
../sv-benchmarks/c/ldv-linux-3.4-simple/32_1_cilled_ok_nondet_linux-3.4-32_1-drivers--staging--iio--addac--adt7316-i2c.ko-ldv_main0_sequence_infinite_withcheck_stateful.cil.out.i:1737:64: note: 'detach_adapter' has been explicitly marked deprecated here
   int (*detach_adapter)(struct i2c_adapter * ) __attribute__((__deprecated__)) ;
                                                               ^
../sv-benchmarks/c/ldv-linux-3.4-simple/32_1_cilled_ok_nondet_linux-3.4-32_1-drivers--staging--iio--addac--adt7316-i2c.ko-ldv_main0_sequence_infinite_withcheck_stateful.cil.out.i:2417:1: warning: return type of 'main' is not 'int' [-Wmain-return-type]
void main(void)
^
../sv-benchmarks/c/ldv-linux-3.4-simple/32_1_cilled_ok_nondet_linux-3.4-32_1-drivers--staging--iio--addac--adt7316-i2c.ko-ldv_main0_sequence_infinite_withcheck_stateful.cil.out.i:2417:1: note: change return type to 'int'
void main(void)
^~~~
int

TRUE
