./esbmc-wrapper.py -p ../sv-benchmarks/c/properties/unreach-call.prp -s kinduction --arch 64 ../sv-benchmarks/c/ldv-linux-3.4-simple/32_1_cilled_ok_nondet_linux-3.4-32_1-drivers--net--phy--broadcom.ko-ldv_main0_sequence_infinite_withcheck_stateful.cil.out.i


--------------------------------------------------------------------------------


Verifying with ESBMC
Command: ./esbmc --no-div-by-zero-check --force-malloc-success --state-hashing --no-align-check --k-step 2 --floatbv --unlimited-k-steps ../sv-benchmarks/c/ldv-linux-3.4-simple/32_1_cilled_ok_nondet_linux-3.4-32_1-drivers--net--phy--broadcom.ko-ldv_main0_sequence_infinite_withcheck_stateful.cil.out.i --64 --witness-output 32_1_cilled_ok_nondet_linux-3.4-32_1-drivers--net--phy--broadcom.ko-ldv_main0_sequence_infinite_withcheck_stateful.cil.out.i.graphml --no-pointer-check --no-bounds-check --interval-analysis --k-induction --max-inductive-step 3 
ESBMC version 6.8.0 64-bit x86_64 linux
Target: 64-bit little-endian x86_64-unknown-linux with esbmc libc
file ../sv-benchmarks/c/ldv-linux-3.4-simple/32_1_cilled_ok_nondet_linux-3.4-32_1-drivers--net--phy--broadcom.ko-ldv_main0_sequence_infinite_withcheck_stateful.cil.out.i: Parsing
Converting
Generating GOTO Program
GOTO program creation time: 0.396s
GOTO program processing time: 0.067s
*** Checking base case, k = 1
Starting Bounded Model Checking
Not unwinding 
Symex completed in: 2.548s (15079 assignments)
Slicing time: 0.026s (removed 14992 assignments)
Generated 0 VCC(s), 0 remaining after simplification (87 assignments)
BMC program time: 2.574s
No bug has been found in the base case
*** Checking forward condition, k = 1
Starting Bounded Model Checking
Not unwinding 
Symex completed in: 3.241s (15079 assignments)
Slicing time: 0.026s (removed 14992 assignments)
Generated 1 VCC(s), 1 remaining after simplification (87 assignments)
No solver specified; defaulting to Boolector
Encoding remaining VCC(s) using bit-vector/floating-point arithmetic
Encoding to solver time: 0.007s
Solving with solver Boolector 3.2.1
Encoding to solver time: 0.007s
Runtime decision procedure: 0.086s
The forward condition is unable to prove the property
*** Checking base case, k = 3
Starting Bounded Model Checking
Unwinding loop 1  iteration  1   file 32_1_cilled_ok_nondet_linux-3.4-32_1-drivers--net--phy--broadcom.ko-ldv_main0_sequence_infinite_withcheck_stateful.cil.out.i line 4801 function main
Unwinding loop 1  iteration  2   file 32_1_cilled_ok_nondet_linux-3.4-32_1-drivers--net--phy--broadcom.ko-ldv_main0_sequence_infinite_withcheck_stateful.cil.out.i line 4801 function main
Not unwinding 
Symex completed in: 9.350s (45023 assignments)
Slicing time: 0.083s (removed 44860 assignments)
Generated 0 VCC(s), 0 remaining after simplification (163 assignments)
BMC program time: 9.433s
No bug has been found in the base case
*** Checking forward condition, k = 3
Starting Bounded Model Checking
Unwinding loop 1  iteration  1   file 32_1_cilled_ok_nondet_linux-3.4-32_1-drivers--net--phy--broadcom.ko-ldv_main0_sequence_infinite_withcheck_stateful.cil.out.i line 4801 function main
Unwinding loop 1  iteration  2   file 32_1_cilled_ok_nondet_linux-3.4-32_1-drivers--net--phy--broadcom.ko-ldv_main0_sequence_infinite_withcheck_stateful.cil.out.i line 4801 function main
Not unwinding 
Symex completed in: 11.467s (45023 assignments)
Slicing time: 0.082s (removed 44860 assignments)
Generated 1 VCC(s), 1 remaining after simplification (163 assignments)
No solver specified; defaulting to Boolector
Encoding remaining VCC(s) using bit-vector/floating-point arithmetic
Encoding to solver time: 0.018s
Solving with solver Boolector 3.2.1
Encoding to solver time: 0.018s
Runtime decision procedure: 0.118s
The forward condition is unable to prove the property
*** Checking inductive step, k = 3
Starting Bounded Model Checking
Unwinding loop 1  iteration  1   file 32_1_cilled_ok_nondet_linux-3.4-32_1-drivers--net--phy--broadcom.ko-ldv_main0_sequence_infinite_withcheck_stateful.cil.out.i line 4801 function main
Unwinding loop 1  iteration  2   file 32_1_cilled_ok_nondet_linux-3.4-32_1-drivers--net--phy--broadcom.ko-ldv_main0_sequence_infinite_withcheck_stateful.cil.out.i line 4801 function main
Not unwinding 
Symex completed in: 22.381s (48378 assignments)
Slicing time: 2.840s (removed 34923 assignments)
Generated 0 VCC(s), 0 remaining after simplification (13455 assignments)
BMC program time: 25.221s
Building successful trace

VERIFICATION SUCCESSFUL

Solution found by the inductive step (k = 3)

../sv-benchmarks/c/ldv-linux-3.4-simple/32_1_cilled_ok_nondet_linux-3.4-32_1-drivers--net--phy--broadcom.ko-ldv_main0_sequence_infinite_withcheck_stateful.cil.out.i:4785:1: warning: return type of 'main' is not 'int' [-Wmain-return-type]
void main(void)
^
../sv-benchmarks/c/ldv-linux-3.4-simple/32_1_cilled_ok_nondet_linux-3.4-32_1-drivers--net--phy--broadcom.ko-ldv_main0_sequence_infinite_withcheck_stateful.cil.out.i:4785:1: note: change return type to 'int'
void main(void)
^~~~
int

TRUE
