./esbmc-wrapper.py -p ../sv-benchmarks/c/properties/unreach-call.prp -s kinduction --arch 32 ../sv-benchmarks/c/nla-digbench-scaling/sqrt1-ll_unwindbound10.c


--------------------------------------------------------------------------------


Verifying with ESBMC
Command: ./esbmc --no-div-by-zero-check --force-malloc-success --state-hashing --no-align-check --k-step 2 --floatbv --unlimited-k-steps ../sv-benchmarks/c/nla-digbench-scaling/sqrt1-ll_unwindbound10.c --32 --witness-output sqrt1-ll_unwindbound10.c.graphml --no-pointer-check --no-bounds-check --interval-analysis --k-induction --max-inductive-step 3 
ESBMC version 6.8.0 64-bit x86_64 linux
Target: 32-bit little-endian x86_64-unknown-linux with esbmc libc
file ../sv-benchmarks/c/nla-digbench-scaling/sqrt1-ll_unwindbound10.c: Parsing
Converting
Generating GOTO Program
GOTO program creation time: 0.140s
GOTO program processing time: 0.002s
*** Checking base case, k = 1
Starting Bounded Model Checking
Not unwinding 
Symex completed in: 0.001s (31 assignments)
Slicing time: 0.000s (removed 27 assignments)
Generated 0 VCC(s), 0 remaining after simplification (4 assignments)
BMC program time: 0.001s
No bug has been found in the base case
*** Checking forward condition, k = 1
Starting Bounded Model Checking
Not unwinding 
Symex completed in: 0.002s (31 assignments)
Slicing time: 0.000s (removed 27 assignments)
Generated 1 VCC(s), 1 remaining after simplification (4 assignments)
No solver specified; defaulting to Boolector
Encoding remaining VCC(s) using bit-vector/floating-point arithmetic
Encoding to solver time: 0.000s
Solving with solver Boolector 3.2.1
Encoding to solver time: 0.000s
Runtime decision procedure: 0.001s
The forward condition is unable to prove the property
*** Checking base case, k = 3
Starting Bounded Model Checking
Unwinding loop 1  iteration  1   file sqrt1-ll_unwindbound10.c line 30 function main
Unwinding loop 1  iteration  2   file sqrt1-ll_unwindbound10.c line 30 function main
Not unwinding 
Symex completed in: 0.003s (65 assignments)
Slicing time: 0.000s (removed 44 assignments)
Generated 3 VCC(s), 3 remaining after simplification (21 assignments)
No solver specified; defaulting to Boolector
Encoding remaining VCC(s) using bit-vector/floating-point arithmetic
Encoding to solver time: 0.001s
Solving with solver Boolector 3.2.1
Encoding to solver time: 0.001s
Runtime decision procedure: 0.015s
BMC program time: 0.019s
No bug has been found in the base case
*** Checking forward condition, k = 3
Starting Bounded Model Checking
Unwinding loop 1  iteration  1   file sqrt1-ll_unwindbound10.c line 30 function main
Unwinding loop 1  iteration  2   file sqrt1-ll_unwindbound10.c line 30 function main
Not unwinding 
Symex completed in: 0.003s (62 assignments)
Slicing time: 0.000s (removed 56 assignments)
Generated 1 VCC(s), 1 remaining after simplification (6 assignments)
No solver specified; defaulting to Boolector
Encoding remaining VCC(s) using bit-vector/floating-point arithmetic
Encoding to solver time: 0.000s
Solving with solver Boolector 3.2.1
Encoding to solver time: 0.000s
Runtime decision procedure: 0.003s
The forward condition is unable to prove the property
*** Checking inductive step, k = 3
Starting Bounded Model Checking
Unwinding loop 1  iteration  1   file sqrt1-ll_unwindbound10.c line 30 function main
Unwinding loop 1  iteration  2   file sqrt1-ll_unwindbound10.c line 30 function main
Not unwinding 
Symex completed in: 0.005s (129 assignments)
Slicing time: 0.001s (removed 22 assignments)
Generated 6 VCC(s), 6 remaining after simplification (107 assignments)
No solver specified; defaulting to Boolector
Encoding remaining VCC(s) using bit-vector/floating-point arithmetic
Encoding to solver time: 0.002s
Solving with solver Boolector 3.2.1
Encoding to solver time: 0.002s
Runtime decision procedure: 12.559s
The inductive step is unable to prove the property
*** Checking base case, k = 5
Starting Bounded Model Checking
Unwinding loop 1  iteration  1   file sqrt1-ll_unwindbound10.c line 30 function main
Unwinding loop 1  iteration  2   file sqrt1-ll_unwindbound10.c line 30 function main
Unwinding loop 1  iteration  3   file sqrt1-ll_unwindbound10.c line 30 function main
Unwinding loop 1  iteration  4   file sqrt1-ll_unwindbound10.c line 30 function main
Not unwinding 
Symex completed in: 0.004s (93 assignments)
Slicing time: 0.001s (removed 64 assignments)
Generated 3 VCC(s), 3 remaining after simplification (29 assignments)
No solver specified; defaulting to Boolector
Encoding remaining VCC(s) using bit-vector/floating-point arithmetic
Encoding to solver time: 0.001s
Solving with solver Boolector 3.2.1
Encoding to solver time: 0.001s
Runtime decision procedure: 0.052s
BMC program time: 0.058s
No bug has been found in the base case
*** Checking forward condition, k = 5
Starting Bounded Model Checking
Unwinding loop 1  iteration  1   file sqrt1-ll_unwindbound10.c line 30 function main
Unwinding loop 1  iteration  2   file sqrt1-ll_unwindbound10.c line 30 function main
Unwinding loop 1  iteration  3   file sqrt1-ll_unwindbound10.c line 30 function main
Unwinding loop 1  iteration  4   file sqrt1-ll_unwindbound10.c line 30 function main
Not unwinding 
Symex completed in: 0.004s (90 assignments)
Slicing time: 0.001s (removed 82 assignments)
Generated 1 VCC(s), 1 remaining after simplification (8 assignments)
No solver specified; defaulting to Boolector
Encoding remaining VCC(s) using bit-vector/floating-point arithmetic
Encoding to solver time: 0.001s
Solving with solver Boolector 3.2.1
Encoding to solver time: 0.001s
Runtime decision procedure: 0.003s
The forward condition is unable to prove the property
*** Checking base case, k = 7
Starting Bounded Model Checking
Unwinding loop 1  iteration  1   file sqrt1-ll_unwindbound10.c line 30 function main
Unwinding loop 1  iteration  2   file sqrt1-ll_unwindbound10.c line 30 function main
Unwinding loop 1  iteration  3   file sqrt1-ll_unwindbound10.c line 30 function main
Unwinding loop 1  iteration  4   file sqrt1-ll_unwindbound10.c line 30 function main
Unwinding loop 1  iteration  5   file sqrt1-ll_unwindbound10.c line 30 function main
Unwinding loop 1  iteration  6   file sqrt1-ll_unwindbound10.c line 30 function main
Not unwinding 
Symex completed in: 0.006s (121 assignments)
Slicing time: 0.000s (removed 84 assignments)
Generated 3 VCC(s), 3 remaining after simplification (37 assignments)
No solver specified; defaulting to Boolector
Encoding remaining VCC(s) using bit-vector/floating-point arithmetic
Encoding to solver time: 0.001s
Solving with solver Boolector 3.2.1
Encoding to solver time: 0.001s
Runtime decision procedure: 0.057s
BMC program time: 0.065s
No bug has been found in the base case
*** Checking forward condition, k = 7
Starting Bounded Model Checking
Unwinding loop 1  iteration  1   file sqrt1-ll_unwindbound10.c line 30 function main
Unwinding loop 1  iteration  2   file sqrt1-ll_unwindbound10.c line 30 function main
Unwinding loop 1  iteration  3   file sqrt1-ll_unwindbound10.c line 30 function main
Unwinding loop 1  iteration  4   file sqrt1-ll_unwindbound10.c line 30 function main
Unwinding loop 1  iteration  5   file sqrt1-ll_unwindbound10.c line 30 function main
Unwinding loop 1  iteration  6   file sqrt1-ll_unwindbound10.c line 30 function main
Not unwinding 
Symex completed in: 0.006s (118 assignments)
Slicing time: 0.000s (removed 108 assignments)
Generated 1 VCC(s), 1 remaining after simplification (10 assignments)
No solver specified; defaulting to Boolector
Encoding remaining VCC(s) using bit-vector/floating-point arithmetic
Encoding to solver time: 0.001s
Solving with solver Boolector 3.2.1
Encoding to solver time: 0.001s
Runtime decision procedure: 0.006s
The forward condition is unable to prove the property
*** Checking base case, k = 9
Starting Bounded Model Checking
Unwinding loop 1  iteration  1   file sqrt1-ll_unwindbound10.c line 30 function main
Unwinding loop 1  iteration  2   file sqrt1-ll_unwindbound10.c line 30 function main
Unwinding loop 1  iteration  3   file sqrt1-ll_unwindbound10.c line 30 function main
Unwinding loop 1  iteration  4   file sqrt1-ll_unwindbound10.c line 30 function main
Unwinding loop 1  iteration  5   file sqrt1-ll_unwindbound10.c line 30 function main
Unwinding loop 1  iteration  6   file sqrt1-ll_unwindbound10.c line 30 function main
Unwinding loop 1  iteration  7   file sqrt1-ll_unwindbound10.c line 30 function main
Unwinding loop 1  iteration  8   file sqrt1-ll_unwindbound10.c line 30 function main
Not unwinding 
Symex completed in: 0.007s (149 assignments)
Slicing time: 0.001s (removed 104 assignments)
Generated 3 VCC(s), 3 remaining after simplification (45 assignments)
No solver specified; defaulting to Boolector
Encoding remaining VCC(s) using bit-vector/floating-point arithmetic
Encoding to solver time: 0.001s
Solving with solver Boolector 3.2.1
Encoding to solver time: 0.001s
Runtime decision procedure: 0.077s
BMC program time: 0.086s
No bug has been found in the base case
*** Checking forward condition, k = 9
Starting Bounded Model Checking
Unwinding loop 1  iteration  1   file sqrt1-ll_unwindbound10.c line 30 function main
Unwinding loop 1  iteration  2   file sqrt1-ll_unwindbound10.c line 30 function main
Unwinding loop 1  iteration  3   file sqrt1-ll_unwindbound10.c line 30 function main
Unwinding loop 1  iteration  4   file sqrt1-ll_unwindbound10.c line 30 function main
Unwinding loop 1  iteration  5   file sqrt1-ll_unwindbound10.c line 30 function main
Unwinding loop 1  iteration  6   file sqrt1-ll_unwindbound10.c line 30 function main
Unwinding loop 1  iteration  7   file sqrt1-ll_unwindbound10.c line 30 function main
Unwinding loop 1  iteration  8   file sqrt1-ll_unwindbound10.c line 30 function main
Not unwinding 
Symex completed in: 0.007s (146 assignments)
Slicing time: 0.000s (removed 134 assignments)
Generated 1 VCC(s), 1 remaining after simplification (12 assignments)
No solver specified; defaulting to Boolector
Encoding remaining VCC(s) using bit-vector/floating-point arithmetic
Encoding to solver time: 0.000s
Solving with solver Boolector 3.2.1
Encoding to solver time: 0.000s
Runtime decision procedure: 0.008s
The forward condition is unable to prove the property
*** Checking base case, k = 11
Starting Bounded Model Checking
Unwinding loop 1  iteration  1   file sqrt1-ll_unwindbound10.c line 30 function main
Unwinding loop 1  iteration  2   file sqrt1-ll_unwindbound10.c line 30 function main
Unwinding loop 1  iteration  3   file sqrt1-ll_unwindbound10.c line 30 function main
Unwinding loop 1  iteration  4   file sqrt1-ll_unwindbound10.c line 30 function main
Unwinding loop 1  iteration  5   file sqrt1-ll_unwindbound10.c line 30 function main
Unwinding loop 1  iteration  6   file sqrt1-ll_unwindbound10.c line 30 function main
Unwinding loop 1  iteration  7   file sqrt1-ll_unwindbound10.c line 30 function main
Unwinding loop 1  iteration  8   file sqrt1-ll_unwindbound10.c line 30 function main
Unwinding loop 1  iteration  9   file sqrt1-ll_unwindbound10.c line 30 function main
Unwinding loop 1  iteration  10   file sqrt1-ll_unwindbound10.c line 30 function main
Symex completed in: 0.008s (166 assignments)
Slicing time: 0.001s (removed 115 assignments)
Generated 3 VCC(s), 3 remaining after simplification (51 assignments)
No solver specified; defaulting to Boolector
Encoding remaining VCC(s) using bit-vector/floating-point arithmetic
Encoding to solver time: 0.002s
Solving with solver Boolector 3.2.1
Encoding to solver time: 0.002s
Runtime decision procedure: 0.084s
BMC program time: 0.095s
No bug has been found in the base case
*** Checking forward condition, k = 11
Starting Bounded Model Checking
Unwinding loop 1  iteration  1   file sqrt1-ll_unwindbound10.c line 30 function main
Unwinding loop 1  iteration  2   file sqrt1-ll_unwindbound10.c line 30 function main
Unwinding loop 1  iteration  3   file sqrt1-ll_unwindbound10.c line 30 function main
Unwinding loop 1  iteration  4   file sqrt1-ll_unwindbound10.c line 30 function main
Unwinding loop 1  iteration  5   file sqrt1-ll_unwindbound10.c line 30 function main
Unwinding loop 1  iteration  6   file sqrt1-ll_unwindbound10.c line 30 function main
Unwinding loop 1  iteration  7   file sqrt1-ll_unwindbound10.c line 30 function main
Unwinding loop 1  iteration  8   file sqrt1-ll_unwindbound10.c line 30 function main
Unwinding loop 1  iteration  9   file sqrt1-ll_unwindbound10.c line 30 function main
Unwinding loop 1  iteration  10   file sqrt1-ll_unwindbound10.c line 30 function main
Symex completed in: 0.008s (163 assignments)
Slicing time: 0.000s (removed 162 assignments)
Generated 0 VCC(s), 0 remaining after simplification (1 assignments)
BMC program time: 0.008s
Building successful trace

VERIFICATION SUCCESSFUL

Solution found by the forward condition; all states are reachable (k = 11


TRUE
