./esbmc-wrapper.py -p ../sv-benchmarks/c/properties/unreach-call.prp -s kinduction --arch 64 ../sv-benchmarks/c/ldv-linux-3.16-rc1/43_2a_consumption_linux-3.16-rc1.tar.xz-43_2a-drivers--isdn--hisax--hfc_usb.ko-entry_point.cil.out.i


--------------------------------------------------------------------------------


Verifying with ESBMC
Command: ./esbmc --no-div-by-zero-check --force-malloc-success --state-hashing --no-align-check --k-step 2 --floatbv --unlimited-k-steps ../sv-benchmarks/c/ldv-linux-3.16-rc1/43_2a_consumption_linux-3.16-rc1.tar.xz-43_2a-drivers--isdn--hisax--hfc_usb.ko-entry_point.cil.out.i --64 --witness-output 43_2a_consumption_linux-3.16-rc1.tar.xz-43_2a-drivers--isdn--hisax--hfc_usb.ko-entry_point.cil.out.i.graphml --no-pointer-check --no-bounds-check --interval-analysis --k-induction --max-inductive-step 3 
ESBMC version 6.8.0 64-bit x86_64 linux
Target: 64-bit little-endian x86_64-unknown-linux with esbmc libc
file ../sv-benchmarks/c/ldv-linux-3.16-rc1/43_2a_consumption_linux-3.16-rc1.tar.xz-43_2a-drivers--isdn--hisax--hfc_usb.ko-entry_point.cil.out.i: Parsing
Converting
Generating GOTO Program
GOTO program creation time: 0.733s
GOTO program processing time: 0.111s
*** Checking base case, k = 1
Starting Bounded Model Checking
Not unwinding 
No target candidate for function call *timer->function
**** WARNING: no body for function sscanf
Not unwinding 
No target candidate for function call *timer->function
Not unwinding 
Symex completed in: 0.033s (301 assignments)
Slicing time: 0.000s (removed 268 assignments)
Generated 0 VCC(s), 0 remaining after simplification (33 assignments)
BMC program time: 0.033s
No bug has been found in the base case
*** Checking forward condition, k = 1
Starting Bounded Model Checking
Not unwinding 
No target candidate for function call *timer->function
**** WARNING: no body for function sscanf
Not unwinding 
No target candidate for function call *timer->function
Not unwinding 
Symex completed in: 0.030s (301 assignments)
Slicing time: 0.001s (removed 268 assignments)
Generated 3 VCC(s), 3 remaining after simplification (33 assignments)
No solver specified; defaulting to Boolector
Encoding remaining VCC(s) using bit-vector/floating-point arithmetic
Encoding to solver time: 0.002s
Solving with solver Boolector 3.2.1
Encoding to solver time: 0.002s
Runtime decision procedure: 0.126s
The forward condition is unable to prove the property
*** Checking base case, k = 3
Starting Bounded Model Checking
Unwinding loop 27  iteration  1   file string.c line 272 function __memset_impl
Unwinding loop 27  iteration  2   file string.c line 272 function __memset_impl
Not unwinding 
No target candidate for function call *timer->function
**** WARNING: no body for function sscanf
Unwinding loop 27  iteration  1   file string.c line 272 function __memset_impl
Unwinding loop 27  iteration  2   file string.c line 272 function __memset_impl
Not unwinding 
No target candidate for function call *timer->function
Unwinding loop 26  iteration  1   file 43_2a_consumption_linux-3.16-rc1.tar.xz-43_2a-drivers--isdn--hisax--hfc_usb.ko-entry_point.cil.out.i line 8963 function main
No target candidate for function call *timer->function
**** WARNING: no body for function sscanf
Unwinding loop 27  iteration  1   file string.c line 272 function __memset_impl
Unwinding loop 27  iteration  2   file string.c line 272 function __memset_impl
Not unwinding 
Unwinding loop 19  iteration  1   file 43_2a_consumption_linux-3.16-rc1.tar.xz-43_2a-drivers--isdn--hisax--hfc_usb.ko-entry_point.cil.out.i line 8440 function hfc_usb_probe
Unwinding loop 19  iteration  2   file 43_2a_consumption_linux-3.16-rc1.tar.xz-43_2a-drivers--isdn--hisax--hfc_usb.ko-entry_point.cil.out.i line 8440 function hfc_usb_probe
Not unwinding 
Unwinding loop 25  iteration  1   file 43_2a_consumption_linux-3.16-rc1.tar.xz-43_2a-drivers--isdn--hisax--hfc_usb.ko-entry_point.cil.out.i line 8711 function hfc_usb_disconnect
Unwinding loop 9  iteration  1   file 43_2a_consumption_linux-3.16-rc1.tar.xz-43_2a-drivers--isdn--hisax--hfc_usb.ko-entry_point.cil.out.i line 7590 function stop_isoc_chain
Unwinding loop 9  iteration  2   file 43_2a_consumption_linux-3.16-rc1.tar.xz-43_2a-drivers--isdn--hisax--hfc_usb.ko-entry_point.cil.out.i line 7590 function stop_isoc_chain
Unwinding loop 25  iteration  2   file 43_2a_consumption_linux-3.16-rc1.tar.xz-43_2a-drivers--isdn--hisax--hfc_usb.ko-entry_point.cil.out.i line 8711 function hfc_usb_disconnect
Unwinding loop 9  iteration  1   file 43_2a_consumption_linux-3.16-rc1.tar.xz-43_2a-drivers--isdn--hisax--hfc_usb.ko-entry_point.cil.out.i line 7590 function stop_isoc_chain
Unwinding loop 9  iteration  2   file 43_2a_consumption_linux-3.16-rc1.tar.xz-43_2a-drivers--isdn--hisax--hfc_usb.ko-entry_point.cil.out.i line 7590 function stop_isoc_chain
Not unwinding 
No target candidate for function call *timer->function
Unwinding loop 26  iteration  2   file 43_2a_consumption_linux-3.16-rc1.tar.xz-43_2a-drivers--isdn--hisax--hfc_usb.ko-entry_point.cil.out.i line 8963 function main
No target candidate for function call *timer->function
**** WARNING: no body for function sscanf
Unwinding loop 27  iteration  1   file string.c line 272 function __memset_impl
Unwinding loop 27  iteration  2   file string.c line 272 function __memset_impl
Not unwinding 
Unwinding loop 19  iteration  1   file 43_2a_consumption_linux-3.16-rc1.tar.xz-43_2a-drivers--isdn--hisax--hfc_usb.ko-entry_point.cil.out.i line 8440 function hfc_usb_probe
Unwinding loop 19  iteration  2   file 43_2a_consumption_linux-3.16-rc1.tar.xz-43_2a-drivers--isdn--hisax--hfc_usb.ko-entry_point.cil.out.i line 8440 function hfc_usb_probe
Not unwinding 
Unwinding loop 25  iteration  1   file 43_2a_consumption_linux-3.16-rc1.tar.xz-43_2a-drivers--isdn--hisax--hfc_usb.ko-entry_point.cil.out.i line 8711 function hfc_usb_disconnect
Unwinding loop 9  iteration  1   file 43_2a_consumption_linux-3.16-rc1.tar.xz-43_2a-drivers--isdn--hisax--hfc_usb.ko-entry_point.cil.out.i line 7590 function stop_isoc_chain
Unwinding loop 9  iteration  2   file 43_2a_consumption_linux-3.16-rc1.tar.xz-43_2a-drivers--isdn--hisax--hfc_usb.ko-entry_point.cil.out.i line 7590 function stop_isoc_chain
Unwinding loop 25  iteration  2   file 43_2a_consumption_linux-3.16-rc1.tar.xz-43_2a-drivers--isdn--hisax--hfc_usb.ko-entry_point.cil.out.i line 8711 function hfc_usb_disconnect
Unwinding loop 9  iteration  1   file 43_2a_consumption_linux-3.16-rc1.tar.xz-43_2a-drivers--isdn--hisax--hfc_usb.ko-entry_point.cil.out.i line 7590 function stop_isoc_chain
Unwinding loop 9  iteration  2   file 43_2a_consumption_linux-3.16-rc1.tar.xz-43_2a-drivers--isdn--hisax--hfc_usb.ko-entry_point.cil.out.i line 7590 function stop_isoc_chain
Not unwinding 
No target candidate for function call *timer->function
Not unwinding 
Symex completed in: 0.375s (1352 assignments)
Slicing time: 0.004s (removed 1208 assignments)
Generated 0 VCC(s), 0 remaining after simplification (144 assignments)
BMC program time: 0.379s
No bug has been found in the base case
*** Checking forward condition, k = 3
Starting Bounded Model Checking
Unwinding loop 27  iteration  1   file string.c line 272 function __memset_impl
Unwinding loop 27  iteration  2   file string.c line 272 function __memset_impl
Not unwinding 
No target candidate for function call *timer->function
**** WARNING: no body for function sscanf
Unwinding loop 27  iteration  1   file string.c line 272 function __memset_impl
Unwinding loop 27  iteration  2   file string.c line 272 function __memset_impl
Not unwinding 
No target candidate for function call *timer->function
Unwinding loop 26  iteration  1   file 43_2a_consumption_linux-3.16-rc1.tar.xz-43_2a-drivers--isdn--hisax--hfc_usb.ko-entry_point.cil.out.i line 8963 function main
No target candidate for function call *timer->function
**** WARNING: no body for function sscanf
Unwinding loop 27  iteration  1   file string.c line 272 function __memset_impl
Unwinding loop 27  iteration  2   file string.c line 272 function __memset_impl
Not unwinding 
Unwinding loop 19  iteration  1   file 43_2a_consumption_linux-3.16-rc1.tar.xz-43_2a-drivers--isdn--hisax--hfc_usb.ko-entry_point.cil.out.i line 8440 function hfc_usb_probe
Unwinding loop 19  iteration  2   file 43_2a_consumption_linux-3.16-rc1.tar.xz-43_2a-drivers--isdn--hisax--hfc_usb.ko-entry_point.cil.out.i line 8440 function hfc_usb_probe
Not unwinding 
Unwinding loop 25  iteration  1   file 43_2a_consumption_linux-3.16-rc1.tar.xz-43_2a-drivers--isdn--hisax--hfc_usb.ko-entry_point.cil.out.i line 8711 function hfc_usb_disconnect
Unwinding loop 9  iteration  1   file 43_2a_consumption_linux-3.16-rc1.tar.xz-43_2a-drivers--isdn--hisax--hfc_usb.ko-entry_point.cil.out.i line 7590 function stop_isoc_chain
Unwinding loop 9  iteration  2   file 43_2a_consumption_linux-3.16-rc1.tar.xz-43_2a-drivers--isdn--hisax--hfc_usb.ko-entry_point.cil.out.i line 7590 function stop_isoc_chain
Unwinding loop 25  iteration  2   file 43_2a_consumption_linux-3.16-rc1.tar.xz-43_2a-drivers--isdn--hisax--hfc_usb.ko-entry_point.cil.out.i line 8711 function hfc_usb_disconnect
Unwinding loop 9  iteration  1   file 43_2a_consumption_linux-3.16-rc1.tar.xz-43_2a-drivers--isdn--hisax--hfc_usb.ko-entry_point.cil.out.i line 7590 function stop_isoc_chain
Unwinding loop 9  iteration  2   file 43_2a_consumption_linux-3.16-rc1.tar.xz-43_2a-drivers--isdn--hisax--hfc_usb.ko-entry_point.cil.out.i line 7590 function stop_isoc_chain
Not unwinding 
No target candidate for function call *timer->function
Unwinding loop 26  iteration  2   file 43_2a_consumption_linux-3.16-rc1.tar.xz-43_2a-drivers--isdn--hisax--hfc_usb.ko-entry_point.cil.out.i line 8963 function main
No target candidate for function call *timer->function
**** WARNING: no body for function sscanf
Unwinding loop 27  iteration  1   file string.c line 272 function __memset_impl
Unwinding loop 27  iteration  2   file string.c line 272 function __memset_impl
Not unwinding 
Unwinding loop 19  iteration  1   file 43_2a_consumption_linux-3.16-rc1.tar.xz-43_2a-drivers--isdn--hisax--hfc_usb.ko-entry_point.cil.out.i line 8440 function hfc_usb_probe
Unwinding loop 19  iteration  2   file 43_2a_consumption_linux-3.16-rc1.tar.xz-43_2a-drivers--isdn--hisax--hfc_usb.ko-entry_point.cil.out.i line 8440 function hfc_usb_probe
Not unwinding 
Unwinding loop 25  iteration  1   file 43_2a_consumption_linux-3.16-rc1.tar.xz-43_2a-drivers--isdn--hisax--hfc_usb.ko-entry_point.cil.out.i line 8711 function hfc_usb_disconnect
Unwinding loop 9  iteration  1   file 43_2a_consumption_linux-3.16-rc1.tar.xz-43_2a-drivers--isdn--hisax--hfc_usb.ko-entry_point.cil.out.i line 7590 function stop_isoc_chain
Unwinding loop 9  iteration  2   file 43_2a_consumption_linux-3.16-rc1.tar.xz-43_2a-drivers--isdn--hisax--hfc_usb.ko-entry_point.cil.out.i line 7590 function stop_isoc_chain
Unwinding loop 25  iteration  2   file 43_2a_consumption_linux-3.16-rc1.tar.xz-43_2a-drivers--isdn--hisax--hfc_usb.ko-entry_point.cil.out.i line 8711 function hfc_usb_disconnect
Unwinding loop 9  iteration  1   file 43_2a_consumption_linux-3.16-rc1.tar.xz-43_2a-drivers--isdn--hisax--hfc_usb.ko-entry_point.cil.out.i line 7590 function stop_isoc_chain
Unwinding loop 9  iteration  2   file 43_2a_consumption_linux-3.16-rc1.tar.xz-43_2a-drivers--isdn--hisax--hfc_usb.ko-entry_point.cil.out.i line 7590 function stop_isoc_chain
Not unwinding 
No target candidate for function call *timer->function
Not unwinding 
Symex completed in: 0.400s (1352 assignments)
Slicing time: 0.005s (removed 1208 assignments)
Generated 9 VCC(s), 9 remaining after simplification (144 assignments)
No solver specified; defaulting to Boolector
Encoding remaining VCC(s) using bit-vector/floating-point arithmetic
Encoding to solver time: 0.007s
Solving with solver Boolector 3.2.1
Encoding to solver time: 0.007s
Runtime decision procedure: 0.434s
The forward condition is unable to prove the property
*** Checking inductive step, k = 3
Starting Bounded Model Checking
Unwinding loop 27  iteration  1   file string.c line 272 function __memset_impl
Unwinding loop 27  iteration  2   file string.c line 272 function __memset_impl
Not unwinding 
No target candidate for function call *timer->function
**** WARNING: no body for function sscanf
Unwinding loop 27  iteration  1   file string.c line 272 function __memset_impl
Unwinding loop 27  iteration  2   file string.c line 272 function __memset_impl
Not unwinding 
Unwinding loop 19  iteration  1   file 43_2a_consumption_linux-3.16-rc1.tar.xz-43_2a-drivers--isdn--hisax--hfc_usb.ko-entry_point.cil.out.i line 8440 function hfc_usb_probe
Unwinding loop 19  iteration  2   file 43_2a_consumption_linux-3.16-rc1.tar.xz-43_2a-drivers--isdn--hisax--hfc_usb.ko-entry_point.cil.out.i line 8440 function hfc_usb_probe
Not unwinding 
Unwinding loop 23  iteration  1   file 43_2a_consumption_linux-3.16-rc1.tar.xz-43_2a-drivers--isdn--hisax--hfc_usb.ko-entry_point.cil.out.i line 8534 function hfc_usb_probe
Unwinding loop 22  iteration  1   file 43_2a_consumption_linux-3.16-rc1.tar.xz-43_2a-drivers--isdn--hisax--hfc_usb.ko-entry_point.cil.out.i line 8528 function hfc_usb_probe
Unwinding loop 1  iteration  1   file string.c line 263 function memcpy
Unwinding loop 1  iteration  2   file string.c line 263 function memcpy
Not unwinding 
Unwinding loop 20  iteration  1   file 43_2a_consumption_linux-3.16-rc1.tar.xz-43_2a-drivers--isdn--hisax--hfc_usb.ko-entry_point.cil.out.i line 8500 function hfc_usb_probe
Unwinding loop 20  iteration  2   file 43_2a_consumption_linux-3.16-rc1.tar.xz-43_2a-drivers--isdn--hisax--hfc_usb.ko-entry_point.cil.out.i line 8500 function hfc_usb_probe
Not unwinding 
Unwinding loop 21  iteration  1   file 43_2a_consumption_linux-3.16-rc1.tar.xz-43_2a-drivers--isdn--hisax--hfc_usb.ko-entry_point.cil.out.i line 8513 function hfc_usb_probe
Unwinding loop 21  iteration  2   file 43_2a_consumption_linux-3.16-rc1.tar.xz-43_2a-drivers--isdn--hisax--hfc_usb.ko-entry_point.cil.out.i line 8513 function hfc_usb_probe
Not unwinding 
Unwinding loop 22  iteration  2   file 43_2a_consumption_linux-3.16-rc1.tar.xz-43_2a-drivers--isdn--hisax--hfc_usb.ko-entry_point.cil.out.i line 8528 function hfc_usb_probe
Unwinding loop 1  iteration  1   file string.c line 263 function memcpy
Unwinding loop 1  iteration  2   file string.c line 263 function memcpy
Not unwinding 
Unwinding loop 20  iteration  1   file 43_2a_consumption_linux-3.16-rc1.tar.xz-43_2a-drivers--isdn--hisax--hfc_usb.ko-entry_point.cil.out.i line 8500 function hfc_usb_probe
Unwinding loop 20  iteration  2   file 43_2a_consumption_linux-3.16-rc1.tar.xz-43_2a-drivers--isdn--hisax--hfc_usb.ko-entry_point.cil.out.i line 8500 function hfc_usb_probe
Not unwinding 
Unwinding loop 21  iteration  1   file 43_2a_consumption_linux-3.16-rc1.tar.xz-43_2a-drivers--isdn--hisax--hfc_usb.ko-entry_point.cil.out.i line 8513 function hfc_usb_probe
Unwinding loop 21  iteration  2   file 43_2a_consumption_linux-3.16-rc1.tar.xz-43_2a-drivers--isdn--hisax--hfc_usb.ko-entry_point.cil.out.i line 8513 function hfc_usb_probe
Not unwinding 
Not unwinding 
Unwinding loop 23  iteration  2   file 43_2a_consumption_linux-3.16-rc1.tar.xz-43_2a-drivers--isdn--hisax--hfc_usb.ko-entry_point.cil.out.i line 8534 function hfc_usb_probe
Unwinding loop 22  iteration  1   file 43_2a_consumption_linux-3.16-rc1.tar.xz-43_2a-drivers--isdn--hisax--hfc_usb.ko-entry_point.cil.out.i line 8528 function hfc_usb_probe
Unwinding loop 1  iteration  1   file string.c line 263 function memcpy
Unwinding loop 1  iteration  2   file string.c line 263 function memcpy
Not unwinding 
Unwinding loop 20  iteration  1   file 43_2a_consumption_linux-3.16-rc1.tar.xz-43_2a-drivers--isdn--hisax--hfc_usb.ko-entry_point.cil.out.i line 8500 function hfc_usb_probe
Unwinding loop 20  iteration  2   file 43_2a_consumption_linux-3.16-rc1.tar.xz-43_2a-drivers--isdn--hisax--hfc_usb.ko-entry_point.cil.out.i line 8500 function hfc_usb_probe
Not unwinding 
Unwinding loop 21  iteration  1   file 43_2a_consumption_linux-3.16-rc1.tar.xz-43_2a-drivers--isdn--hisax--hfc_usb.ko-entry_point.cil.out.i line 8513 function hfc_usb_probe
Unwinding loop 21  iteration  2   file 43_2a_consumption_linux-3.16-rc1.tar.xz-43_2a-drivers--isdn--hisax--hfc_usb.ko-entry_point.cil.out.i line 8513 function hfc_usb_probe
Not unwinding 
Unwinding loop 22  iteration  2   file 43_2a_consumption_linux-3.16-rc1.tar.xz-43_2a-drivers--isdn--hisax--hfc_usb.ko-entry_point.cil.out.i line 8528 function hfc_usb_probe
Unwinding loop 1  iteration  1   file string.c line 263 function memcpy
Unwinding loop 1  iteration  2   file string.c line 263 function memcpy
Not unwinding 
Unwinding loop 20  iteration  1   file 43_2a_consumption_linux-3.16-rc1.tar.xz-43_2a-drivers--isdn--hisax--hfc_usb.ko-entry_point.cil.out.i line 8500 function hfc_usb_probe
Unwinding loop 20  iteration  2   file 43_2a_consumption_linux-3.16-rc1.tar.xz-43_2a-drivers--isdn--hisax--hfc_usb.ko-entry_point.cil.out.i line 8500 function hfc_usb_probe
Not unwinding 
Unwinding loop 21  iteration  1   file 43_2a_consumption_linux-3.16-rc1.tar.xz-43_2a-drivers--isdn--hisax--hfc_usb.ko-entry_point.cil.out.i line 8513 function hfc_usb_probe
Unwinding loop 21  iteration  2   file 43_2a_consumption_linux-3.16-rc1.tar.xz-43_2a-drivers--isdn--hisax--hfc_usb.ko-entry_point.cil.out.i line 8513 function hfc_usb_probe
Not unwinding 
Not unwinding 
Not unwinding 
Unwinding loop 24  iteration  1   file 43_2a_consumption_linux-3.16-rc1.tar.xz-43_2a-drivers--isdn--hisax--hfc_usb.ko-entry_point.cil.out.i line 8606 function hfc_usb_probe
Unwinding loop 24  iteration  2   file 43_2a_consumption_linux-3.16-rc1.tar.xz-43_2a-drivers--isdn--hisax--hfc_usb.ko-entry_point.cil.out.i line 8606 function hfc_usb_probe
Not unwinding 
Unwinding loop 14  iteration  1   file 43_2a_consumption_linux-3.16-rc1.tar.xz-43_2a-drivers--isdn--hisax--hfc_usb.ko-entry_point.cil.out.i line 8266 function hfc_usb_init
Unwinding loop 14  iteration  2   file 43_2a_consumption_linux-3.16-rc1.tar.xz-43_2a-drivers--isdn--hisax--hfc_usb.ko-entry_point.cil.out.i line 8266 function hfc_usb_init
Not unwinding 
Unwinding loop 15  iteration  1   file 43_2a_consumption_linux-3.16-rc1.tar.xz-43_2a-drivers--isdn--hisax--hfc_usb.ko-entry_point.cil.out.i line 8309 function hfc_usb_init
Unwinding loop 15  iteration  2   file 43_2a_consumption_linux-3.16-rc1.tar.xz-43_2a-drivers--isdn--hisax--hfc_usb.ko-entry_point.cil.out.i line 8309 function hfc_usb_init
Not unwinding 
Unwinding loop 16  iteration  1   file 43_2a_consumption_linux-3.16-rc1.tar.xz-43_2a-drivers--isdn--hisax--hfc_usb.ko-entry_point.cil.out.i line 8324 function hfc_usb_init
Unwinding loop 16  iteration  2   file 43_2a_consumption_linux-3.16-rc1.tar.xz-43_2a-drivers--isdn--hisax--hfc_usb.ko-entry_point.cil.out.i line 8324 function hfc_usb_init
Unwinding loop 17  iteration  1   file 43_2a_consumption_linux-3.16-rc1.tar.xz-43_2a-drivers--isdn--hisax--hfc_usb.ko-entry_point.cil.out.i line 8343 function hfc_usb_init
Unwinding loop 17  iteration  2   file 43_2a_consumption_linux-3.16-rc1.tar.xz-43_2a-drivers--isdn--hisax--hfc_usb.ko-entry_point.cil.out.i line 8343 function hfc_usb_init
Not unwinding 
Unwinding loop 18  iteration  1   file 43_2a_consumption_linux-3.16-rc1.tar.xz-43_2a-drivers--isdn--hisax--hfc_usb.ko-entry_point.cil.out.i line 8353 function hfc_usb_init
Unwinding loop 18  iteration  2   file 43_2a_consumption_linux-3.16-rc1.tar.xz-43_2a-drivers--isdn--hisax--hfc_usb.ko-entry_point.cil.out.i line 8353 function hfc_usb_init
Not unwinding 
Unwinding loop 8  iteration  1   file 43_2a_consumption_linux-3.16-rc1.tar.xz-43_2a-drivers--isdn--hisax--hfc_usb.ko-entry_point.cil.out.i line 7563 function start_isoc_chain
Unwinding loop 6  iteration  1   file 43_2a_consumption_linux-3.16-rc1.tar.xz-43_2a-drivers--isdn--hisax--hfc_usb.ko-entry_point.cil.out.i line 7501 function fill_isoc_urb
Unwinding loop 6  iteration  2   file 43_2a_consumption_linux-3.16-rc1.tar.xz-43_2a-drivers--isdn--hisax--hfc_usb.ko-entry_point.cil.out.i line 7501 function fill_isoc_urb
Not unwinding 
Unwinding loop 7  iteration  1   file 43_2a_consumption_linux-3.16-rc1.tar.xz-43_2a-drivers--isdn--hisax--hfc_usb.ko-entry_point.cil.out.i line 7543 function start_isoc_chain
Unwinding loop 7  iteration  2   file 43_2a_consumption_linux-3.16-rc1.tar.xz-43_2a-drivers--isdn--hisax--hfc_usb.ko-entry_point.cil.out.i line 7543 function start_isoc_chain
Not unwinding 
Unwinding loop 5  iteration  1   file 43_2a_consumption_linux-3.16-rc1.tar.xz-43_2a-drivers--isdn--hisax--hfc_usb.ko-entry_point.cil.out.i line 7222 function symbolic
Unwinding loop 5  iteration  2   file 43_2a_consumption_linux-3.16-rc1.tar.xz-43_2a-drivers--isdn--hisax--hfc_usb.ko-entry_point.cil.out.i line 7222 function symbolic
Not unwinding 
Unwinding loop 8  iteration  2   file 43_2a_consumption_linux-3.16-rc1.tar.xz-43_2a-drivers--isdn--hisax--hfc_usb.ko-entry_point.cil.out.i line 7563 function start_isoc_chain
Unwinding loop 6  iteration  1   file 43_2a_consumption_linux-3.16-rc1.tar.xz-43_2a-drivers--isdn--hisax--hfc_usb.ko-entry_point.cil.out.i line 7501 function fill_isoc_urb
Unwinding loop 6  iteration  2   file 43_2a_consumption_linux-3.16-rc1.tar.xz-43_2a-drivers--isdn--hisax--hfc_usb.ko-entry_point.cil.out.i line 7501 function fill_isoc_urb
Not unwinding 
Unwinding loop 7  iteration  1   file 43_2a_consumption_linux-3.16-rc1.tar.xz-43_2a-drivers--isdn--hisax--hfc_usb.ko-entry_point.cil.out.i line 7543 function start_isoc_chain
Unwinding loop 7  iteration  2   file 43_2a_consumption_linux-3.16-rc1.tar.xz-43_2a-drivers--isdn--hisax--hfc_usb.ko-entry_point.cil.out.i line 7543 function start_isoc_chain
Not unwinding 
Unwinding loop 5  iteration  1   file 43_2a_consumption_linux-3.16-rc1.tar.xz-43_2a-drivers--isdn--hisax--hfc_usb.ko-entry_point.cil.out.i line 7222 function symbolic
Unwinding loop 5  iteration  2   file 43_2a_consumption_linux-3.16-rc1.tar.xz-43_2a-drivers--isdn--hisax--hfc_usb.ko-entry_point.cil.out.i line 7222 function symbolic
Not unwinding 
Unwinding loop 8  iteration  1   file 43_2a_consumption_linux-3.16-rc1.tar.xz-43_2a-drivers--isdn--hisax--hfc_usb.ko-entry_point.cil.out.i line 7563 function start_isoc_chain
Unwinding loop 6  iteration  1   file 43_2a_consumption_linux-3.16-rc1.tar.xz-43_2a-drivers--isdn--hisax--hfc_usb.ko-entry_point.cil.out.i line 7501 function fill_isoc_urb
Unwinding loop 6  iteration  2   file 43_2a_consumption_linux-3.16-rc1.tar.xz-43_2a-drivers--isdn--hisax--hfc_usb.ko-entry_point.cil.out.i line 7501 function fill_isoc_urb
Not unwinding 
Unwinding loop 7  iteration  1   file 43_2a_consumption_linux-3.16-rc1.tar.xz-43_2a-drivers--isdn--hisax--hfc_usb.ko-entry_point.cil.out.i line 7543 function start_isoc_chain
Unwinding loop 7  iteration  2   file 43_2a_consumption_linux-3.16-rc1.tar.xz-43_2a-drivers--isdn--hisax--hfc_usb.ko-entry_point.cil.out.i line 7543 function start_isoc_chain
Not unwinding 
Unwinding loop 5  iteration  1   file 43_2a_consumption_linux-3.16-rc1.tar.xz-43_2a-drivers--isdn--hisax--hfc_usb.ko-entry_point.cil.out.i line 7222 function symbolic
Unwinding loop 5  iteration  2   file 43_2a_consumption_linux-3.16-rc1.tar.xz-43_2a-drivers--isdn--hisax--hfc_usb.ko-entry_point.cil.out.i line 7222 function symbolic
Not unwinding 
Unwinding loop 8  iteration  2   file 43_2a_consumption_linux-3.16-rc1.tar.xz-43_2a-drivers--isdn--hisax--hfc_usb.ko-entry_point.cil.out.i line 7563 function start_isoc_chain
Unwinding loop 6  iteration  1   file 43_2a_consumption_linux-3.16-rc1.tar.xz-43_2a-drivers--isdn--hisax--hfc_usb.ko-entry_point.cil.out.i line 7501 function fill_isoc_urb
Unwinding loop 6  iteration  2   file 43_2a_consumption_linux-3.16-rc1.tar.xz-43_2a-drivers--isdn--hisax--hfc_usb.ko-entry_point.cil.out.i line 7501 function fill_isoc_urb
Not unwinding 
Unwinding loop 7  iteration  1   file 43_2a_consumption_linux-3.16-rc1.tar.xz-43_2a-drivers--isdn--hisax--hfc_usb.ko-entry_point.cil.out.i line 7543 function start_isoc_chain
Unwinding loop 7  iteration  2   file 43_2a_consumption_linux-3.16-rc1.tar.xz-43_2a-drivers--isdn--hisax--hfc_usb.ko-entry_point.cil.out.i line 7543 function start_isoc_chain
Not unwinding 
Unwinding loop 5  iteration  1   file 43_2a_consumption_linux-3.16-rc1.tar.xz-43_2a-drivers--isdn--hisax--hfc_usb.ko-entry_point.cil.out.i line 7222 function symbolic
Unwinding loop 5  iteration  2   file 43_2a_consumption_linux-3.16-rc1.tar.xz-43_2a-drivers--isdn--hisax--hfc_usb.ko-entry_point.cil.out.i line 7222 function symbolic
Not unwinding 
Unwinding loop 8  iteration  1   file 43_2a_consumption_linux-3.16-rc1.tar.xz-43_2a-drivers--isdn--hisax--hfc_usb.ko-entry_point.cil.out.i line 7563 function start_isoc_chain
Unwinding loop 6  iteration  1   file 43_2a_consumption_linux-3.16-rc1.tar.xz-43_2a-drivers--isdn--hisax--hfc_usb.ko-entry_point.cil.out.i line 7501 function fill_isoc_urb
Unwinding loop 6  iteration  2   file 43_2a_consumption_linux-3.16-rc1.tar.xz-43_2a-drivers--isdn--hisax--hfc_usb.ko-entry_point.cil.out.i line 7501 function fill_isoc_urb
Not unwinding 
Unwinding loop 7  iteration  1   file 43_2a_consumption_linux-3.16-rc1.tar.xz-43_2a-drivers--isdn--hisax--hfc_usb.ko-entry_point.cil.out.i line 7543 function start_isoc_chain
Unwinding loop 7  iteration  2   file 43_2a_consumption_linux-3.16-rc1.tar.xz-43_2a-drivers--isdn--hisax--hfc_usb.ko-entry_point.cil.out.i line 7543 function start_isoc_chain
Not unwinding 
Unwinding loop 5  iteration  1   file 43_2a_consumption_linux-3.16-rc1.tar.xz-43_2a-drivers--isdn--hisax--hfc_usb.ko-entry_point.cil.out.i line 7222 function symbolic
Unwinding loop 5  iteration  2   file 43_2a_consumption_linux-3.16-rc1.tar.xz-43_2a-drivers--isdn--hisax--hfc_usb.ko-entry_point.cil.out.i line 7222 function symbolic
Not unwinding 
Unwinding loop 8  iteration  2   file 43_2a_consumption_linux-3.16-rc1.tar.xz-43_2a-drivers--isdn--hisax--hfc_usb.ko-entry_point.cil.out.i line 7563 function start_isoc_chain
Unwinding loop 6  iteration  1   file 43_2a_consumption_linux-3.16-rc1.tar.xz-43_2a-drivers--isdn--hisax--hfc_usb.ko-entry_point.cil.out.i line 7501 function fill_isoc_urb
Unwinding loop 6  iteration  2   file 43_2a_consumption_linux-3.16-rc1.tar.xz-43_2a-drivers--isdn--hisax--hfc_usb.ko-entry_point.cil.out.i line 7501 function fill_isoc_urb
Not unwinding 
Unwinding loop 7  iteration  1   file 43_2a_consumption_linux-3.16-rc1.tar.xz-43_2a-drivers--isdn--hisax--hfc_usb.ko-entry_point.cil.out.i line 7543 function start_isoc_chain
Unwinding loop 7  iteration  2   file 43_2a_consumption_linux-3.16-rc1.tar.xz-43_2a-drivers--isdn--hisax--hfc_usb.ko-entry_point.cil.out.i line 7543 function start_isoc_chain
Not unwinding 
Unwinding loop 5  iteration  1   file 43_2a_consumption_linux-3.16-rc1.tar.xz-43_2a-drivers--isdn--hisax--hfc_usb.ko-entry_point.cil.out.i line 7222 function symbolic
Unwinding loop 5  iteration  2   file 43_2a_consumption_linux-3.16-rc1.tar.xz-43_2a-drivers--isdn--hisax--hfc_usb.ko-entry_point.cil.out.i line 7222 function symbolic
Not unwinding 
Unwinding loop 8  iteration  1   file 43_2a_consumption_linux-3.16-rc1.tar.xz-43_2a-drivers--isdn--hisax--hfc_usb.ko-entry_point.cil.out.i line 7563 function start_isoc_chain
Unwinding loop 6  iteration  1   file 43_2a_consumption_linux-3.16-rc1.tar.xz-43_2a-drivers--isdn--hisax--hfc_usb.ko-entry_point.cil.out.i line 7501 function fill_isoc_urb
Unwinding loop 6  iteration  2   file 43_2a_consumption_linux-3.16-rc1.tar.xz-43_2a-drivers--isdn--hisax--hfc_usb.ko-entry_point.cil.out.i line 7501 function fill_isoc_urb
Not unwinding 
Unwinding loop 7  iteration  1   file 43_2a_consumption_linux-3.16-rc1.tar.xz-43_2a-drivers--isdn--hisax--hfc_usb.ko-entry_point.cil.out.i line 7543 function start_isoc_chain
Unwinding loop 7  iteration  2   file 43_2a_consumption_linux-3.16-rc1.tar.xz-43_2a-drivers--isdn--hisax--hfc_usb.ko-entry_point.cil.out.i line 7543 function start_isoc_chain
Not unwinding 
Unwinding loop 5  iteration  1   file 43_2a_consumption_linux-3.16-rc1.tar.xz-43_2a-drivers--isdn--hisax--hfc_usb.ko-entry_point.cil.out.i line 7222 function symbolic
Unwinding loop 5  iteration  2   file 43_2a_consumption_linux-3.16-rc1.tar.xz-43_2a-drivers--isdn--hisax--hfc_usb.ko-entry_point.cil.out.i line 7222 function symbolic
Not unwinding 
Unwinding loop 8  iteration  2   file 43_2a_consumption_linux-3.16-rc1.tar.xz-43_2a-drivers--isdn--hisax--hfc_usb.ko-entry_point.cil.out.i line 7563 function start_isoc_chain
Unwinding loop 6  iteration  1   file 43_2a_consumption_linux-3.16-rc1.tar.xz-43_2a-drivers--isdn--hisax--hfc_usb.ko-entry_point.cil.out.i line 7501 function fill_isoc_urb
Unwinding loop 6  iteration  2   file 43_2a_consumption_linux-3.16-rc1.tar.xz-43_2a-drivers--isdn--hisax--hfc_usb.ko-entry_point.cil.out.i line 7501 function fill_isoc_urb
Not unwinding 
Unwinding loop 7  iteration  1   file 43_2a_consumption_linux-3.16-rc1.tar.xz-43_2a-drivers--isdn--hisax--hfc_usb.ko-entry_point.cil.out.i line 7543 function start_isoc_chain
Unwinding loop 7  iteration  2   file 43_2a_consumption_linux-3.16-rc1.tar.xz-43_2a-drivers--isdn--hisax--hfc_usb.ko-entry_point.cil.out.i line 7543 function start_isoc_chain
Not unwinding 
Unwinding loop 5  iteration  1   file 43_2a_consumption_linux-3.16-rc1.tar.xz-43_2a-drivers--isdn--hisax--hfc_usb.ko-entry_point.cil.out.i line 7222 function symbolic
Unwinding loop 5  iteration  2   file 43_2a_consumption_linux-3.16-rc1.tar.xz-43_2a-drivers--isdn--hisax--hfc_usb.ko-entry_point.cil.out.i line 7222 function symbolic
Not unwinding 
Unwinding loop 8  iteration  1   file 43_2a_consumption_linux-3.16-rc1.tar.xz-43_2a-drivers--isdn--hisax--hfc_usb.ko-entry_point.cil.out.i line 7563 function start_isoc_chain
Unwinding loop 6  iteration  1   file 43_2a_consumption_linux-3.16-rc1.tar.xz-43_2a-drivers--isdn--hisax--hfc_usb.ko-entry_point.cil.out.i line 7501 function fill_isoc_urb
Unwinding loop 6  iteration  2   file 43_2a_consumption_linux-3.16-rc1.tar.xz-43_2a-drivers--isdn--hisax--hfc_usb.ko-entry_point.cil.out.i line 7501 function fill_isoc_urb
Not unwinding 
Unwinding loop 7  iteration  1   file 43_2a_consumption_linux-3.16-rc1.tar.xz-43_2a-drivers--isdn--hisax--hfc_usb.ko-entry_point.cil.out.i line 7543 function start_isoc_chain
Unwinding loop 7  iteration  2   file 43_2a_consumption_linux-3.16-rc1.tar.xz-43_2a-drivers--isdn--hisax--hfc_usb.ko-entry_point.cil.out.i line 7543 function start_isoc_chain
Not unwinding 
Unwinding loop 5  iteration  1   file 43_2a_consumption_linux-3.16-rc1.tar.xz-43_2a-drivers--isdn--hisax--hfc_usb.ko-entry_point.cil.out.i line 7222 function symbolic
Unwinding loop 5  iteration  2   file 43_2a_consumption_linux-3.16-rc1.tar.xz-43_2a-drivers--isdn--hisax--hfc_usb.ko-entry_point.cil.out.i line 7222 function symbolic
Not unwinding 
Unwinding loop 8  iteration  2   file 43_2a_consumption_linux-3.16-rc1.tar.xz-43_2a-drivers--isdn--hisax--hfc_usb.ko-entry_point.cil.out.i line 7563 function start_isoc_chain
Unwinding loop 6  iteration  1   file 43_2a_consumption_linux-3.16-rc1.tar.xz-43_2a-drivers--isdn--hisax--hfc_usb.ko-entry_point.cil.out.i line 7501 function fill_isoc_urb
Unwinding loop 6  iteration  2   file 43_2a_consumption_linux-3.16-rc1.tar.xz-43_2a-drivers--isdn--hisax--hfc_usb.ko-entry_point.cil.out.i line 7501 function fill_isoc_urb
Not unwinding 
Unwinding loop 7  iteration  1   file 43_2a_consumption_linux-3.16-rc1.tar.xz-43_2a-drivers--isdn--hisax--hfc_usb.ko-entry_point.cil.out.i line 7543 function start_isoc_chain
Unwinding loop 7  iteration  2   file 43_2a_consumption_linux-3.16-rc1.tar.xz-43_2a-drivers--isdn--hisax--hfc_usb.ko-entry_point.cil.out.i line 7543 function start_isoc_chain
Not unwinding 
Unwinding loop 5  iteration  1   file 43_2a_consumption_linux-3.16-rc1.tar.xz-43_2a-drivers--isdn--hisax--hfc_usb.ko-entry_point.cil.out.i line 7222 function symbolic
Unwinding loop 5  iteration  2   file 43_2a_consumption_linux-3.16-rc1.tar.xz-43_2a-drivers--isdn--hisax--hfc_usb.ko-entry_point.cil.out.i line 7222 function symbolic
Not unwinding 
Unwinding loop 8  iteration  1   file 43_2a_consumption_linux-3.16-rc1.tar.xz-43_2a-drivers--isdn--hisax--hfc_usb.ko-entry_point.cil.out.i line 7563 function start_isoc_chain
Unwinding loop 6  iteration  1   file 43_2a_consumption_linux-3.16-rc1.tar.xz-43_2a-drivers--isdn--hisax--hfc_usb.ko-entry_point.cil.out.i line 7501 function fill_isoc_urb
Unwinding loop 6  iteration  2   file 43_2a_consumption_linux-3.16-rc1.tar.xz-43_2a-drivers--isdn--hisax--hfc_usb.ko-entry_point.cil.out.i line 7501 function fill_isoc_urb
Not unwinding 
Unwinding loop 7  iteration  1   file 43_2a_consumption_linux-3.16-rc1.tar.xz-43_2a-drivers--isdn--hisax--hfc_usb.ko-entry_point.cil.out.i line 7543 function start_isoc_chain
Unwinding loop 7  iteration  2   file 43_2a_consumption_linux-3.16-rc1.tar.xz-43_2a-drivers--isdn--hisax--hfc_usb.ko-entry_point.cil.out.i line 7543 function start_isoc_chain
Not unwinding 
Unwinding loop 5  iteration  1   file 43_2a_consumption_linux-3.16-rc1.tar.xz-43_2a-drivers--isdn--hisax--hfc_usb.ko-entry_point.cil.out.i line 7222 function symbolic
Unwinding loop 5  iteration  2   file 43_2a_consumption_linux-3.16-rc1.tar.xz-43_2a-drivers--isdn--hisax--hfc_usb.ko-entry_point.cil.out.i line 7222 function symbolic
Not unwinding 
Unwinding loop 8  iteration  2   file 43_2a_consumption_linux-3.16-rc1.tar.xz-43_2a-drivers--isdn--hisax--hfc_usb.ko-entry_point.cil.out.i line 7563 function start_isoc_chain
Unwinding loop 6  iteration  1   file 43_2a_consumption_linux-3.16-rc1.tar.xz-43_2a-drivers--isdn--hisax--hfc_usb.ko-entry_point.cil.out.i line 7501 function fill_isoc_urb
Unwinding loop 6  iteration  2   file 43_2a_consumption_linux-3.16-rc1.tar.xz-43_2a-drivers--isdn--hisax--hfc_usb.ko-entry_point.cil.out.i line 7501 function fill_isoc_urb
Not unwinding 
Unwinding loop 7  iteration  1   file 43_2a_consumption_linux-3.16-rc1.tar.xz-43_2a-drivers--isdn--hisax--hfc_usb.ko-entry_point.cil.out.i line 7543 function start_isoc_chain
Unwinding loop 7  iteration  2   file 43_2a_consumption_linux-3.16-rc1.tar.xz-43_2a-drivers--isdn--hisax--hfc_usb.ko-entry_point.cil.out.i line 7543 function start_isoc_chain
Not unwinding 
Unwinding loop 5  iteration  1   file 43_2a_consumption_linux-3.16-rc1.tar.xz-43_2a-drivers--isdn--hisax--hfc_usb.ko-entry_point.cil.out.i line 7222 function symbolic
Unwinding loop 5  iteration  2   file 43_2a_consumption_linux-3.16-rc1.tar.xz-43_2a-drivers--isdn--hisax--hfc_usb.ko-entry_point.cil.out.i line 7222 function symbolic
Not unwinding 
Unwinding loop 8  iteration  1   file 43_2a_consumption_linux-3.16-rc1.tar.xz-43_2a-drivers--isdn--hisax--hfc_usb.ko-entry_point.cil.out.i line 7563 function start_isoc_chain
Unwinding loop 6  iteration  1   file 43_2a_consumption_linux-3.16-rc1.tar.xz-43_2a-drivers--isdn--hisax--hfc_usb.ko-entry_point.cil.out.i line 7501 function fill_isoc_urb
Unwinding loop 6  iteration  2   file 43_2a_consumption_linux-3.16-rc1.tar.xz-43_2a-drivers--isdn--hisax--hfc_usb.ko-entry_point.cil.out.i line 7501 function fill_isoc_urb
Not unwinding 
Unwinding loop 7  iteration  1   file 43_2a_consumption_linux-3.16-rc1.tar.xz-43_2a-drivers--isdn--hisax--hfc_usb.ko-entry_point.cil.out.i line 7543 function start_isoc_chain
Unwinding loop 7  iteration  2   file 43_2a_consumption_linux-3.16-rc1.tar.xz-43_2a-drivers--isdn--hisax--hfc_usb.ko-entry_point.cil.out.i line 7543 function start_isoc_chain
Not unwinding 
Unwinding loop 5  iteration  1   file 43_2a_consumption_linux-3.16-rc1.tar.xz-43_2a-drivers--isdn--hisax--hfc_usb.ko-entry_point.cil.out.i line 7222 function symbolic
Unwinding loop 5  iteration  2   file 43_2a_consumption_linux-3.16-rc1.tar.xz-43_2a-drivers--isdn--hisax--hfc_usb.ko-entry_point.cil.out.i line 7222 function symbolic
Not unwinding 
Unwinding loop 8  iteration  2   file 43_2a_consumption_linux-3.16-rc1.tar.xz-43_2a-drivers--isdn--hisax--hfc_usb.ko-entry_point.cil.out.i line 7563 function start_isoc_chain
Unwinding loop 6  iteration  1   file 43_2a_consumption_linux-3.16-rc1.tar.xz-43_2a-drivers--isdn--hisax--hfc_usb.ko-entry_point.cil.out.i line 7501 function fill_isoc_urb
Unwinding loop 6  iteration  2   file 43_2a_consumption_linux-3.16-rc1.tar.xz-43_2a-drivers--isdn--hisax--hfc_usb.ko-entry_point.cil.out.i line 7501 function fill_isoc_urb
Not unwinding 
Unwinding loop 7  iteration  1   file 43_2a_consumption_linux-3.16-rc1.tar.xz-43_2a-drivers--isdn--hisax--hfc_usb.ko-entry_point.cil.out.i line 7543 function start_isoc_chain
Unwinding loop 7  iteration  2   file 43_2a_consumption_linux-3.16-rc1.tar.xz-43_2a-drivers--isdn--hisax--hfc_usb.ko-entry_point.cil.out.i line 7543 function start_isoc_chain
Not unwinding 
Unwinding loop 5  iteration  1   file 43_2a_consumption_linux-3.16-rc1.tar.xz-43_2a-drivers--isdn--hisax--hfc_usb.ko-entry_point.cil.out.i line 7222 function symbolic
Unwinding loop 5  iteration  2   file 43_2a_consumption_linux-3.16-rc1.tar.xz-43_2a-drivers--isdn--hisax--hfc_usb.ko-entry_point.cil.out.i line 7222 function symbolic
Not unwinding 
Unwinding loop 25  iteration  1   file 43_2a_consumption_linux-3.16-rc1.tar.xz-43_2a-drivers--isdn--hisax--hfc_usb.ko-entry_point.cil.out.i line 8711 function hfc_usb_disconnect
Unwinding loop 9  iteration  1   file 43_2a_consumption_linux-3.16-rc1.tar.xz-43_2a-drivers--isdn--hisax--hfc_usb.ko-entry_point.cil.out.i line 7590 function stop_isoc_chain
Unwinding loop 9  iteration  2   file 43_2a_consumption_linux-3.16-rc1.tar.xz-43_2a-drivers--isdn--hisax--hfc_usb.ko-entry_point.cil.out.i line 7590 function stop_isoc_chain
Unwinding loop 25  iteration  2   file 43_2a_consumption_linux-3.16-rc1.tar.xz-43_2a-drivers--isdn--hisax--hfc_usb.ko-entry_point.cil.out.i line 8711 function hfc_usb_disconnect
Unwinding loop 9  iteration  1   file 43_2a_consumption_linux-3.16-rc1.tar.xz-43_2a-drivers--isdn--hisax--hfc_usb.ko-entry_point.cil.out.i line 7590 function stop_isoc_chain
Unwinding loop 9  iteration  2   file 43_2a_consumption_linux-3.16-rc1.tar.xz-43_2a-drivers--isdn--hisax--hfc_usb.ko-entry_point.cil.out.i line 7590 function stop_isoc_chain
Not unwinding 
No target candidate for function call *timer->function
Unwinding loop 26  iteration  1   file 43_2a_consumption_linux-3.16-rc1.tar.xz-43_2a-drivers--isdn--hisax--hfc_usb.ko-entry_point.cil.out.i line 8963 function main
No target candidate for function call *timer->function
**** WARNING: no body for function sscanf
Unwinding loop 27  iteration  1   file string.c line 272 function __memset_impl
Unwinding loop 27  iteration  2   file string.c line 272 function __memset_impl
Not unwinding 
Unwinding loop 19  iteration  1   file 43_2a_consumption_linux-3.16-rc1.tar.xz-43_2a-drivers--isdn--hisax--hfc_usb.ko-entry_point.cil.out.i line 8440 function hfc_usb_probe
Unwinding loop 19  iteration  2   file 43_2a_consumption_linux-3.16-rc1.tar.xz-43_2a-drivers--isdn--hisax--hfc_usb.ko-entry_point.cil.out.i line 8440 function hfc_usb_probe
Not unwinding 
Unwinding loop 23  iteration  1   file 43_2a_consumption_linux-3.16-rc1.tar.xz-43_2a-drivers--isdn--hisax--hfc_usb.ko-entry_point.cil.out.i line 8534 function hfc_usb_probe
Unwinding loop 22  iteration  1   file 43_2a_consumption_linux-3.16-rc1.tar.xz-43_2a-drivers--isdn--hisax--hfc_usb.ko-entry_point.cil.out.i line 8528 function hfc_usb_probe
Unwinding loop 1  iteration  1   file string.c line 263 function memcpy
Unwinding loop 1  iteration  2   file string.c line 263 function memcpy
Not unwinding 
Unwinding loop 20  iteration  1   file 43_2a_consumption_linux-3.16-rc1.tar.xz-43_2a-drivers--isdn--hisax--hfc_usb.ko-entry_point.cil.out.i line 8500 function hfc_usb_probe
Unwinding loop 20  iteration  2   file 43_2a_consumption_linux-3.16-rc1.tar.xz-43_2a-drivers--isdn--hisax--hfc_usb.ko-entry_point.cil.out.i line 8500 function hfc_usb_probe
Not unwinding 
Unwinding loop 21  iteration  1   file 43_2a_consumption_linux-3.16-rc1.tar.xz-43_2a-drivers--isdn--hisax--hfc_usb.ko-entry_point.cil.out.i line 8513 function hfc_usb_probe
Unwinding loop 21  iteration  2   file 43_2a_consumption_linux-3.16-rc1.tar.xz-43_2a-drivers--isdn--hisax--hfc_usb.ko-entry_point.cil.out.i line 8513 function hfc_usb_probe
Not unwinding 
Unwinding loop 22  iteration  2   file 43_2a_consumption_linux-3.16-rc1.tar.xz-43_2a-drivers--isdn--hisax--hfc_usb.ko-entry_point.cil.out.i line 8528 function hfc_usb_probe
Unwinding loop 1  iteration  1   file string.c line 263 function memcpy
Unwinding loop 1  iteration  2   file string.c line 263 function memcpy
Not unwinding 
Unwinding loop 20  iteration  1   file 43_2a_consumption_linux-3.16-rc1.tar.xz-43_2a-drivers--isdn--hisax--hfc_usb.ko-entry_point.cil.out.i line 8500 function hfc_usb_probe
Unwinding loop 20  iteration  2   file 43_2a_consumption_linux-3.16-rc1.tar.xz-43_2a-drivers--isdn--hisax--hfc_usb.ko-entry_point.cil.out.i line 8500 function hfc_usb_probe
Not unwinding 
Unwinding loop 21  iteration  1   file 43_2a_consumption_linux-3.16-rc1.tar.xz-43_2a-drivers--isdn--hisax--hfc_usb.ko-entry_point.cil.out.i line 8513 function hfc_usb_probe
Unwinding loop 21  iteration  2   file 43_2a_consumption_linux-3.16-rc1.tar.xz-43_2a-drivers--isdn--hisax--hfc_usb.ko-entry_point.cil.out.i line 8513 function hfc_usb_probe
Not unwinding 
Not unwinding 
Unwinding loop 23  iteration  2   file 43_2a_consumption_linux-3.16-rc1.tar.xz-43_2a-drivers--isdn--hisax--hfc_usb.ko-entry_point.cil.out.i line 8534 function hfc_usb_probe
Unwinding loop 22  iteration  1   file 43_2a_consumption_linux-3.16-rc1.tar.xz-43_2a-drivers--isdn--hisax--hfc_usb.ko-entry_point.cil.out.i line 8528 function hfc_usb_probe
Unwinding loop 1  iteration  1   file string.c line 263 function memcpy
Unwinding loop 1  iteration  2   file string.c line 263 function memcpy
Not unwinding 
Unwinding loop 20  iteration  1   file 43_2a_consumption_linux-3.16-rc1.tar.xz-43_2a-drivers--isdn--hisax--hfc_usb.ko-entry_point.cil.out.i line 8500 function hfc_usb_probe
Unwinding loop 20  iteration  2   file 43_2a_consumption_linux-3.16-rc1.tar.xz-43_2a-drivers--isdn--hisax--hfc_usb.ko-entry_point.cil.out.i line 8500 function hfc_usb_probe
Not unwinding 
Unwinding loop 21  iteration  1   file 43_2a_consumption_linux-3.16-rc1.tar.xz-43_2a-drivers--isdn--hisax--hfc_usb.ko-entry_point.cil.out.i line 8513 function hfc_usb_probe
Unwinding loop 21  iteration  2   file 43_2a_consumption_linux-3.16-rc1.tar.xz-43_2a-drivers--isdn--hisax--hfc_usb.ko-entry_point.cil.out.i line 8513 function hfc_usb_probe
Not unwinding 
Unwinding loop 22  iteration  2   file 43_2a_consumption_linux-3.16-rc1.tar.xz-43_2a-drivers--isdn--hisax--hfc_usb.ko-entry_point.cil.out.i line 8528 function hfc_usb_probe
Unwinding loop 1  iteration  1   file string.c line 263 function memcpy
Unwinding loop 1  iteration  2   file string.c line 263 function memcpy
Not unwinding 
Unwinding loop 20  iteration  1   file 43_2a_consumption_linux-3.16-rc1.tar.xz-43_2a-drivers--isdn--hisax--hfc_usb.ko-entry_point.cil.out.i line 8500 function hfc_usb_probe
Unwinding loop 20  iteration  2   file 43_2a_consumption_linux-3.16-rc1.tar.xz-43_2a-drivers--isdn--hisax--hfc_usb.ko-entry_point.cil.out.i line 8500 function hfc_usb_probe
Not unwinding 
Unwinding loop 21  iteration  1   file 43_2a_consumption_linux-3.16-rc1.tar.xz-43_2a-drivers--isdn--hisax--hfc_usb.ko-entry_point.cil.out.i line 8513 function hfc_usb_probe
Unwinding loop 21  iteration  2   file 43_2a_consumption_linux-3.16-rc1.tar.xz-43_2a-drivers--isdn--hisax--hfc_usb.ko-entry_point.cil.out.i line 8513 function hfc_usb_probe
Not unwinding 
Not unwinding 
Not unwinding 
Unwinding loop 24  iteration  1   file 43_2a_consumption_linux-3.16-rc1.tar.xz-43_2a-drivers--isdn--hisax--hfc_usb.ko-entry_point.cil.out.i line 8606 function hfc_usb_probe
Unwinding loop 24  iteration  2   file 43_2a_consumption_linux-3.16-rc1.tar.xz-43_2a-drivers--isdn--hisax--hfc_usb.ko-entry_point.cil.out.i line 8606 function hfc_usb_probe
Not unwinding 
Unwinding loop 14  iteration  1   file 43_2a_consumption_linux-3.16-rc1.tar.xz-43_2a-drivers--isdn--hisax--hfc_usb.ko-entry_point.cil.out.i line 8266 function hfc_usb_init
Unwinding loop 14  iteration  2   file 43_2a_consumption_linux-3.16-rc1.tar.xz-43_2a-drivers--isdn--hisax--hfc_usb.ko-entry_point.cil.out.i line 8266 function hfc_usb_init
Not unwinding 
Unwinding loop 15  iteration  1   file 43_2a_consumption_linux-3.16-rc1.tar.xz-43_2a-drivers--isdn--hisax--hfc_usb.ko-entry_point.cil.out.i line 8309 function hfc_usb_init
Unwinding loop 15  iteration  2   file 43_2a_consumption_linux-3.16-rc1.tar.xz-43_2a-drivers--isdn--hisax--hfc_usb.ko-entry_point.cil.out.i line 8309 function hfc_usb_init
Not unwinding 
Unwinding loop 16  iteration  1   file 43_2a_consumption_linux-3.16-rc1.tar.xz-43_2a-drivers--isdn--hisax--hfc_usb.ko-entry_point.cil.out.i line 8324 function hfc_usb_init
Unwinding loop 16  iteration  2   file 43_2a_consumption_linux-3.16-rc1.tar.xz-43_2a-drivers--isdn--hisax--hfc_usb.ko-entry_point.cil.out.i line 8324 function hfc_usb_init
Unwinding loop 17  iteration  1   file 43_2a_consumption_linux-3.16-rc1.tar.xz-43_2a-drivers--isdn--hisax--hfc_usb.ko-entry_point.cil.out.i line 8343 function hfc_usb_init
Unwinding loop 17  iteration  2   file 43_2a_consumption_linux-3.16-rc1.tar.xz-43_2a-drivers--isdn--hisax--hfc_usb.ko-entry_point.cil.out.i line 8343 function hfc_usb_init
Not unwinding 
Unwinding loop 18  iteration  1   file 43_2a_consumption_linux-3.16-rc1.tar.xz-43_2a-drivers--isdn--hisax--hfc_usb.ko-entry_point.cil.out.i line 8353 function hfc_usb_init
Unwinding loop 18  iteration  2   file 43_2a_consumption_linux-3.16-rc1.tar.xz-43_2a-drivers--isdn--hisax--hfc_usb.ko-entry_point.cil.out.i line 8353 function hfc_usb_init
Not unwinding 
Unwinding loop 8  iteration  1   file 43_2a_consumption_linux-3.16-rc1.tar.xz-43_2a-drivers--isdn--hisax--hfc_usb.ko-entry_point.cil.out.i line 7563 function start_isoc_chain
Unwinding loop 6  iteration  1   file 43_2a_consumption_linux-3.16-rc1.tar.xz-43_2a-drivers--isdn--hisax--hfc_usb.ko-entry_point.cil.out.i line 7501 function fill_isoc_urb
Unwinding loop 6  iteration  2   file 43_2a_consumption_linux-3.16-rc1.tar.xz-43_2a-drivers--isdn--hisax--hfc_usb.ko-entry_point.cil.out.i line 7501 function fill_isoc_urb
Not unwinding 
Unwinding loop 7  iteration  1   file 43_2a_consumption_linux-3.16-rc1.tar.xz-43_2a-drivers--isdn--hisax--hfc_usb.ko-entry_point.cil.out.i line 7543 function start_isoc_chain
Unwinding loop 7  iteration  2   file 43_2a_consumption_linux-3.16-rc1.tar.xz-43_2a-drivers--isdn--hisax--hfc_usb.ko-entry_point.cil.out.i line 7543 function start_isoc_chain
Not unwinding 
Unwinding loop 5  iteration  1   file 43_2a_consumption_linux-3.16-rc1.tar.xz-43_2a-drivers--isdn--hisax--hfc_usb.ko-entry_point.cil.out.i line 7222 function symbolic
Unwinding loop 5  iteration  2   file 43_2a_consumption_linux-3.16-rc1.tar.xz-43_2a-drivers--isdn--hisax--hfc_usb.ko-entry_point.cil.out.i line 7222 function symbolic
Not unwinding 
Unwinding loop 8  iteration  2   file 43_2a_consumption_linux-3.16-rc1.tar.xz-43_2a-drivers--isdn--hisax--hfc_usb.ko-entry_point.cil.out.i line 7563 function start_isoc_chain
Unwinding loop 6  iteration  1   file 43_2a_consumption_linux-3.16-rc1.tar.xz-43_2a-drivers--isdn--hisax--hfc_usb.ko-entry_point.cil.out.i line 7501 function fill_isoc_urb
Unwinding loop 6  iteration  2   file 43_2a_consumption_linux-3.16-rc1.tar.xz-43_2a-drivers--isdn--hisax--hfc_usb.ko-entry_point.cil.out.i line 7501 function fill_isoc_urb
Not unwinding 
Unwinding loop 7  iteration  1   file 43_2a_consumption_linux-3.16-rc1.tar.xz-43_2a-drivers--isdn--hisax--hfc_usb.ko-entry_point.cil.out.i line 7543 function start_isoc_chain
Unwinding loop 7  iteration  2   file 43_2a_consumption_linux-3.16-rc1.tar.xz-43_2a-drivers--isdn--hisax--hfc_usb.ko-entry_point.cil.out.i line 7543 function start_isoc_chain
Not unwinding 
Unwinding loop 5  iteration  1   file 43_2a_consumption_linux-3.16-rc1.tar.xz-43_2a-drivers--isdn--hisax--hfc_usb.ko-entry_point.cil.out.i line 7222 function symbolic
Unwinding loop 5  iteration  2   file 43_2a_consumption_linux-3.16-rc1.tar.xz-43_2a-drivers--isdn--hisax--hfc_usb.ko-entry_point.cil.out.i line 7222 function symbolic
Not unwinding 
Unwinding loop 8  iteration  1   file 43_2a_consumption_linux-3.16-rc1.tar.xz-43_2a-drivers--isdn--hisax--hfc_usb.ko-entry_point.cil.out.i line 7563 function start_isoc_chain
Unwinding loop 6  iteration  1   file 43_2a_consumption_linux-3.16-rc1.tar.xz-43_2a-drivers--isdn--hisax--hfc_usb.ko-entry_point.cil.out.i line 7501 function fill_isoc_urb
Unwinding loop 6  iteration  2   file 43_2a_consumption_linux-3.16-rc1.tar.xz-43_2a-drivers--isdn--hisax--hfc_usb.ko-entry_point.cil.out.i line 7501 function fill_isoc_urb
Not unwinding 
Unwinding loop 7  iteration  1   file 43_2a_consumption_linux-3.16-rc1.tar.xz-43_2a-drivers--isdn--hisax--hfc_usb.ko-entry_point.cil.out.i line 7543 function start_isoc_chain
Unwinding loop 7  iteration  2   file 43_2a_consumption_linux-3.16-rc1.tar.xz-43_2a-drivers--isdn--hisax--hfc_usb.ko-entry_point.cil.out.i line 7543 function start_isoc_chain
Not unwinding 
Unwinding loop 5  iteration  1   file 43_2a_consumption_linux-3.16-rc1.tar.xz-43_2a-drivers--isdn--hisax--hfc_usb.ko-entry_point.cil.out.i line 7222 function symbolic
Unwinding loop 5  iteration  2   file 43_2a_consumption_linux-3.16-rc1.tar.xz-43_2a-drivers--isdn--hisax--hfc_usb.ko-entry_point.cil.out.i line 7222 function symbolic
Not unwinding 
Unwinding loop 8  iteration  2   file 43_2a_consumption_linux-3.16-rc1.tar.xz-43_2a-drivers--isdn--hisax--hfc_usb.ko-entry_point.cil.out.i line 7563 function start_isoc_chain
Unwinding loop 6  iteration  1   file 43_2a_consumption_linux-3.16-rc1.tar.xz-43_2a-drivers--isdn--hisax--hfc_usb.ko-entry_point.cil.out.i line 7501 function fill_isoc_urb
Unwinding loop 6  iteration  2   file 43_2a_consumption_linux-3.16-rc1.tar.xz-43_2a-drivers--isdn--hisax--hfc_usb.ko-entry_point.cil.out.i line 7501 function fill_isoc_urb
Not unwinding 
Unwinding loop 7  iteration  1   file 43_2a_consumption_linux-3.16-rc1.tar.xz-43_2a-drivers--isdn--hisax--hfc_usb.ko-entry_point.cil.out.i line 7543 function start_isoc_chain
Unwinding loop 7  iteration  2   file 43_2a_consumption_linux-3.16-rc1.tar.xz-43_2a-drivers--isdn--hisax--hfc_usb.ko-entry_point.cil.out.i line 7543 function start_isoc_chain
Not unwinding 
Unwinding loop 5  iteration  1   file 43_2a_consumption_linux-3.16-rc1.tar.xz-43_2a-drivers--isdn--hisax--hfc_usb.ko-entry_point.cil.out.i line 7222 function symbolic
Unwinding loop 5  iteration  2   file 43_2a_consumption_linux-3.16-rc1.tar.xz-43_2a-drivers--isdn--hisax--hfc_usb.ko-entry_point.cil.out.i line 7222 function symbolic
Not unwinding 
Unwinding loop 8  iteration  1   file 43_2a_consumption_linux-3.16-rc1.tar.xz-43_2a-drivers--isdn--hisax--hfc_usb.ko-entry_point.cil.out.i line 7563 function start_isoc_chain
Unwinding loop 6  iteration  1   file 43_2a_consumption_linux-3.16-rc1.tar.xz-43_2a-drivers--isdn--hisax--hfc_usb.ko-entry_point.cil.out.i line 7501 function fill_isoc_urb
Unwinding loop 6  iteration  2   file 43_2a_consumption_linux-3.16-rc1.tar.xz-43_2a-drivers--isdn--hisax--hfc_usb.ko-entry_point.cil.out.i line 7501 function fill_isoc_urb
Not unwinding 
Unwinding loop 7  iteration  1   file 43_2a_consumption_linux-3.16-rc1.tar.xz-43_2a-drivers--isdn--hisax--hfc_usb.ko-entry_point.cil.out.i line 7543 function start_isoc_chain
Unwinding loop 7  iteration  2   file 43_2a_consumption_linux-3.16-rc1.tar.xz-43_2a-drivers--isdn--hisax--hfc_usb.ko-entry_point.cil.out.i line 7543 function start_isoc_chain
Not unwinding 
Unwinding loop 5  iteration  1   file 43_2a_consumption_linux-3.16-rc1.tar.xz-43_2a-drivers--isdn--hisax--hfc_usb.ko-entry_point.cil.out.i line 7222 function symbolic
Unwinding loop 5  iteration  2   file 43_2a_consumption_linux-3.16-rc1.tar.xz-43_2a-drivers--isdn--hisax--hfc_usb.ko-entry_point.cil.out.i line 7222 function symbolic
Not unwinding 
Unwinding loop 8  iteration  2   file 43_2a_consumption_linux-3.16-rc1.tar.xz-43_2a-drivers--isdn--hisax--hfc_usb.ko-entry_point.cil.out.i line 7563 function start_isoc_chain
Unwinding loop 6  iteration  1   file 43_2a_consumption_linux-3.16-rc1.tar.xz-43_2a-drivers--isdn--hisax--hfc_usb.ko-entry_point.cil.out.i line 7501 function fill_isoc_urb
Unwinding loop 6  iteration  2   file 43_2a_consumption_linux-3.16-rc1.tar.xz-43_2a-drivers--isdn--hisax--hfc_usb.ko-entry_point.cil.out.i line 7501 function fill_isoc_urb
Not unwinding 
Unwinding loop 7  iteration  1   file 43_2a_consumption_linux-3.16-rc1.tar.xz-43_2a-drivers--isdn--hisax--hfc_usb.ko-entry_point.cil.out.i line 7543 function start_isoc_chain
Unwinding loop 7  iteration  2   file 43_2a_consumption_linux-3.16-rc1.tar.xz-43_2a-drivers--isdn--hisax--hfc_usb.ko-entry_point.cil.out.i line 7543 function start_isoc_chain
Not unwinding 
Unwinding loop 5  iteration  1   file 43_2a_consumption_linux-3.16-rc1.tar.xz-43_2a-drivers--isdn--hisax--hfc_usb.ko-entry_point.cil.out.i line 7222 function symbolic
Unwinding loop 5  iteration  2   file 43_2a_consumption_linux-3.16-rc1.tar.xz-43_2a-drivers--isdn--hisax--hfc_usb.ko-entry_point.cil.out.i line 7222 function symbolic
Not unwinding 
Unwinding loop 8  iteration  1   file 43_2a_consumption_linux-3.16-rc1.tar.xz-43_2a-drivers--isdn--hisax--hfc_usb.ko-entry_point.cil.out.i line 7563 function start_isoc_chain
Unwinding loop 6  iteration  1   file 43_2a_consumption_linux-3.16-rc1.tar.xz-43_2a-drivers--isdn--hisax--hfc_usb.ko-entry_point.cil.out.i line 7501 function fill_isoc_urb
Unwinding loop 6  iteration  2   file 43_2a_consumption_linux-3.16-rc1.tar.xz-43_2a-drivers--isdn--hisax--hfc_usb.ko-entry_point.cil.out.i line 7501 function fill_isoc_urb
Not unwinding 
Unwinding loop 7  iteration  1   file 43_2a_consumption_linux-3.16-rc1.tar.xz-43_2a-drivers--isdn--hisax--hfc_usb.ko-entry_point.cil.out.i line 7543 function start_isoc_chain
Unwinding loop 7  iteration  2   file 43_2a_consumption_linux-3.16-rc1.tar.xz-43_2a-drivers--isdn--hisax--hfc_usb.ko-entry_point.cil.out.i line 7543 function start_isoc_chain
Not unwinding 
Unwinding loop 5  iteration  1   file 43_2a_consumption_linux-3.16-rc1.tar.xz-43_2a-drivers--isdn--hisax--hfc_usb.ko-entry_point.cil.out.i line 7222 function symbolic
Unwinding loop 5  iteration  2   file 43_2a_consumption_linux-3.16-rc1.tar.xz-43_2a-drivers--isdn--hisax--hfc_usb.ko-entry_point.cil.out.i line 7222 function symbolic
Not unwinding 
Unwinding loop 8  iteration  2   file 43_2a_consumption_linux-3.16-rc1.tar.xz-43_2a-drivers--isdn--hisax--hfc_usb.ko-entry_point.cil.out.i line 7563 function start_isoc_chain
Unwinding loop 6  iteration  1   file 43_2a_consumption_linux-3.16-rc1.tar.xz-43_2a-drivers--isdn--hisax--hfc_usb.ko-entry_point.cil.out.i line 7501 function fill_isoc_urb
Unwinding loop 6  iteration  2   file 43_2a_consumption_linux-3.16-rc1.tar.xz-43_2a-drivers--isdn--hisax--hfc_usb.ko-entry_point.cil.out.i line 7501 function fill_isoc_urb
Not unwinding 
Unwinding loop 7  iteration  1   file 43_2a_consumption_linux-3.16-rc1.tar.xz-43_2a-drivers--isdn--hisax--hfc_usb.ko-entry_point.cil.out.i line 7543 function start_isoc_chain
Unwinding loop 7  iteration  2   file 43_2a_consumption_linux-3.16-rc1.tar.xz-43_2a-drivers--isdn--hisax--hfc_usb.ko-entry_point.cil.out.i line 7543 function start_isoc_chain
Not unwinding 
Unwinding loop 5  iteration  1   file 43_2a_consumption_linux-3.16-rc1.tar.xz-43_2a-drivers--isdn--hisax--hfc_usb.ko-entry_point.cil.out.i line 7222 function symbolic
Unwinding loop 5  iteration  2   file 43_2a_consumption_linux-3.16-rc1.tar.xz-43_2a-drivers--isdn--hisax--hfc_usb.ko-entry_point.cil.out.i line 7222 function symbolic
Not unwinding 
Unwinding loop 8  iteration  1   file 43_2a_consumption_linux-3.16-rc1.tar.xz-43_2a-drivers--isdn--hisax--hfc_usb.ko-entry_point.cil.out.i line 7563 function start_isoc_chain
Unwinding loop 6  iteration  1   file 43_2a_consumption_linux-3.16-rc1.tar.xz-43_2a-drivers--isdn--hisax--hfc_usb.ko-entry_point.cil.out.i line 7501 function fill_isoc_urb
Unwinding loop 6  iteration  2   file 43_2a_consumption_linux-3.16-rc1.tar.xz-43_2a-drivers--isdn--hisax--hfc_usb.ko-entry_point.cil.out.i line 7501 function fill_isoc_urb
Not unwinding 
Unwinding loop 7  iteration  1   file 43_2a_consumption_linux-3.16-rc1.tar.xz-43_2a-drivers--isdn--hisax--hfc_usb.ko-entry_point.cil.out.i line 7543 function start_isoc_chain
Unwinding loop 7  iteration  2   file 43_2a_consumption_linux-3.16-rc1.tar.xz-43_2a-drivers--isdn--hisax--hfc_usb.ko-entry_point.cil.out.i line 7543 function start_isoc_chain
Not unwinding 
Unwinding loop 5  iteration  1   file 43_2a_consumption_linux-3.16-rc1.tar.xz-43_2a-drivers--isdn--hisax--hfc_usb.ko-entry_point.cil.out.i line 7222 function symbolic
Unwinding loop 5  iteration  2   file 43_2a_consumption_linux-3.16-rc1.tar.xz-43_2a-drivers--isdn--hisax--hfc_usb.ko-entry_point.cil.out.i line 7222 function symbolic
Not unwinding 
Unwinding loop 8  iteration  2   file 43_2a_consumption_linux-3.16-rc1.tar.xz-43_2a-drivers--isdn--hisax--hfc_usb.ko-entry_point.cil.out.i line 7563 function start_isoc_chain
Unwinding loop 6  iteration  1   file 43_2a_consumption_linux-3.16-rc1.tar.xz-43_2a-drivers--isdn--hisax--hfc_usb.ko-entry_point.cil.out.i line 7501 function fill_isoc_urb
Unwinding loop 6  iteration  2   file 43_2a_consumption_linux-3.16-rc1.tar.xz-43_2a-drivers--isdn--hisax--hfc_usb.ko-entry_point.cil.out.i line 7501 function fill_isoc_urb
Not unwinding 
Unwinding loop 7  iteration  1   file 43_2a_consumption_linux-3.16-rc1.tar.xz-43_2a-drivers--isdn--hisax--hfc_usb.ko-entry_point.cil.out.i line 7543 function start_isoc_chain
Unwinding loop 7  iteration  2   file 43_2a_consumption_linux-3.16-rc1.tar.xz-43_2a-drivers--isdn--hisax--hfc_usb.ko-entry_point.cil.out.i line 7543 function start_isoc_chain
Not unwinding 
Unwinding loop 5  iteration  1   file 43_2a_consumption_linux-3.16-rc1.tar.xz-43_2a-drivers--isdn--hisax--hfc_usb.ko-entry_point.cil.out.i line 7222 function symbolic
Unwinding loop 5  iteration  2   file 43_2a_consumption_linux-3.16-rc1.tar.xz-43_2a-drivers--isdn--hisax--hfc_usb.ko-entry_point.cil.out.i line 7222 function symbolic
Not unwinding 
Unwinding loop 8  iteration  1   file 43_2a_consumption_linux-3.16-rc1.tar.xz-43_2a-drivers--isdn--hisax--hfc_usb.ko-entry_point.cil.out.i line 7563 function start_isoc_chain
Unwinding loop 6  iteration  1   file 43_2a_consumption_linux-3.16-rc1.tar.xz-43_2a-drivers--isdn--hisax--hfc_usb.ko-entry_point.cil.out.i line 7501 function fill_isoc_urb
Unwinding loop 6  iteration  2   file 43_2a_consumption_linux-3.16-rc1.tar.xz-43_2a-drivers--isdn--hisax--hfc_usb.ko-entry_point.cil.out.i line 7501 function fill_isoc_urb
Not unwinding 
Unwinding loop 7  iteration  1   file 43_2a_consumption_linux-3.16-rc1.tar.xz-43_2a-drivers--isdn--hisax--hfc_usb.ko-entry_point.cil.out.i line 7543 function start_isoc_chain
Unwinding loop 7  iteration  2   file 43_2a_consumption_linux-3.16-rc1.tar.xz-43_2a-drivers--isdn--hisax--hfc_usb.ko-entry_point.cil.out.i line 7543 function start_isoc_chain
Not unwinding 
Unwinding loop 5  iteration  1   file 43_2a_consumption_linux-3.16-rc1.tar.xz-43_2a-drivers--isdn--hisax--hfc_usb.ko-entry_point.cil.out.i line 7222 function symbolic
Unwinding loop 5  iteration  2   file 43_2a_consumption_linux-3.16-rc1.tar.xz-43_2a-drivers--isdn--hisax--hfc_usb.ko-entry_point.cil.out.i line 7222 function symbolic
Not unwinding 
Unwinding loop 8  iteration  2   file 43_2a_consumption_linux-3.16-rc1.tar.xz-43_2a-drivers--isdn--hisax--hfc_usb.ko-entry_point.cil.out.i line 7563 function start_isoc_chain
Unwinding loop 6  iteration  1   file 43_2a_consumption_linux-3.16-rc1.tar.xz-43_2a-drivers--isdn--hisax--hfc_usb.ko-entry_point.cil.out.i line 7501 function fill_isoc_urb
Unwinding loop 6  iteration  2   file 43_2a_consumption_linux-3.16-rc1.tar.xz-43_2a-drivers--isdn--hisax--hfc_usb.ko-entry_point.cil.out.i line 7501 function fill_isoc_urb
Not unwinding 
Unwinding loop 7  iteration  1   file 43_2a_consumption_linux-3.16-rc1.tar.xz-43_2a-drivers--isdn--hisax--hfc_usb.ko-entry_point.cil.out.i line 7543 function start_isoc_chain
Unwinding loop 7  iteration  2   file 43_2a_consumption_linux-3.16-rc1.tar.xz-43_2a-drivers--isdn--hisax--hfc_usb.ko-entry_point.cil.out.i line 7543 function start_isoc_chain
Not unwinding 
Unwinding loop 5  iteration  1   file 43_2a_consumption_linux-3.16-rc1.tar.xz-43_2a-drivers--isdn--hisax--hfc_usb.ko-entry_point.cil.out.i line 7222 function symbolic
Unwinding loop 5  iteration  2   file 43_2a_consumption_linux-3.16-rc1.tar.xz-43_2a-drivers--isdn--hisax--hfc_usb.ko-entry_point.cil.out.i line 7222 function symbolic
Not unwinding 
Unwinding loop 8  iteration  1   file 43_2a_consumption_linux-3.16-rc1.tar.xz-43_2a-drivers--isdn--hisax--hfc_usb.ko-entry_point.cil.out.i line 7563 function start_isoc_chain
Unwinding loop 6  iteration  1   file 43_2a_consumption_linux-3.16-rc1.tar.xz-43_2a-drivers--isdn--hisax--hfc_usb.ko-entry_point.cil.out.i line 7501 function fill_isoc_urb
Unwinding loop 6  iteration  2   file 43_2a_consumption_linux-3.16-rc1.tar.xz-43_2a-drivers--isdn--hisax--hfc_usb.ko-entry_point.cil.out.i line 7501 function fill_isoc_urb
Not unwinding 
Unwinding loop 7  iteration  1   file 43_2a_consumption_linux-3.16-rc1.tar.xz-43_2a-drivers--isdn--hisax--hfc_usb.ko-entry_point.cil.out.i line 7543 function start_isoc_chain
Unwinding loop 7  iteration  2   file 43_2a_consumption_linux-3.16-rc1.tar.xz-43_2a-drivers--isdn--hisax--hfc_usb.ko-entry_point.cil.out.i line 7543 function start_isoc_chain
Not unwinding 
Unwinding loop 5  iteration  1   file 43_2a_consumption_linux-3.16-rc1.tar.xz-43_2a-drivers--isdn--hisax--hfc_usb.ko-entry_point.cil.out.i line 7222 function symbolic
Unwinding loop 5  iteration  2   file 43_2a_consumption_linux-3.16-rc1.tar.xz-43_2a-drivers--isdn--hisax--hfc_usb.ko-entry_point.cil.out.i line 7222 function symbolic
Not unwinding 
Unwinding loop 8  iteration  2   file 43_2a_consumption_linux-3.16-rc1.tar.xz-43_2a-drivers--isdn--hisax--hfc_usb.ko-entry_point.cil.out.i line 7563 function start_isoc_chain
Unwinding loop 6  iteration  1   file 43_2a_consumption_linux-3.16-rc1.tar.xz-43_2a-drivers--isdn--hisax--hfc_usb.ko-entry_point.cil.out.i line 7501 function fill_isoc_urb
Unwinding loop 6  iteration  2   file 43_2a_consumption_linux-3.16-rc1.tar.xz-43_2a-drivers--isdn--hisax--hfc_usb.ko-entry_point.cil.out.i line 7501 function fill_isoc_urb
Not unwinding 
Unwinding loop 7  iteration  1   file 43_2a_consumption_linux-3.16-rc1.tar.xz-43_2a-drivers--isdn--hisax--hfc_usb.ko-entry_point.cil.out.i line 7543 function start_isoc_chain
Unwinding loop 7  iteration  2   file 43_2a_consumption_linux-3.16-rc1.tar.xz-43_2a-drivers--isdn--hisax--hfc_usb.ko-entry_point.cil.out.i line 7543 function start_isoc_chain
Not unwinding 
Unwinding loop 5  iteration  1   file 43_2a_consumption_linux-3.16-rc1.tar.xz-43_2a-drivers--isdn--hisax--hfc_usb.ko-entry_point.cil.out.i line 7222 function symbolic
Unwinding loop 5  iteration  2   file 43_2a_consumption_linux-3.16-rc1.tar.xz-43_2a-drivers--isdn--hisax--hfc_usb.ko-entry_point.cil.out.i line 7222 function symbolic
Not unwinding 
Unwinding loop 25  iteration  1   file 43_2a_consumption_linux-3.16-rc1.tar.xz-43_2a-drivers--isdn--hisax--hfc_usb.ko-entry_point.cil.out.i line 8711 function hfc_usb_disconnect
Unwinding loop 9  iteration  1   file 43_2a_consumption_linux-3.16-rc1.tar.xz-43_2a-drivers--isdn--hisax--hfc_usb.ko-entry_point.cil.out.i line 7590 function stop_isoc_chain
Unwinding loop 9  iteration  2   file 43_2a_consumption_linux-3.16-rc1.tar.xz-43_2a-drivers--isdn--hisax--hfc_usb.ko-entry_point.cil.out.i line 7590 function stop_isoc_chain
Unwinding loop 25  iteration  2   file 43_2a_consumption_linux-3.16-rc1.tar.xz-43_2a-drivers--isdn--hisax--hfc_usb.ko-entry_point.cil.out.i line 8711 function hfc_usb_disconnect
Unwinding loop 9  iteration  1   file 43_2a_consumption_linux-3.16-rc1.tar.xz-43_2a-drivers--isdn--hisax--hfc_usb.ko-entry_point.cil.out.i line 7590 function stop_isoc_chain
Unwinding loop 9  iteration  2   file 43_2a_consumption_linux-3.16-rc1.tar.xz-43_2a-drivers--isdn--hisax--hfc_usb.ko-entry_point.cil.out.i line 7590 function stop_isoc_chain
Not unwinding 
No target candidate for function call *timer->function
Unwinding loop 26  iteration  2   file 43_2a_consumption_linux-3.16-rc1.tar.xz-43_2a-drivers--isdn--hisax--hfc_usb.ko-entry_point.cil.out.i line 8963 function main
No target candidate for function call *timer->function
**** WARNING: no body for function sscanf
Unwinding loop 27  iteration  1   file string.c line 272 function __memset_impl
Unwinding loop 27  iteration  2   file string.c line 272 function __memset_impl
Not unwinding 
Unwinding loop 19  iteration  1   file 43_2a_consumption_linux-3.16-rc1.tar.xz-43_2a-drivers--isdn--hisax--hfc_usb.ko-entry_point.cil.out.i line 8440 function hfc_usb_probe
Unwinding loop 19  iteration  2   file 43_2a_consumption_linux-3.16-rc1.tar.xz-43_2a-drivers--isdn--hisax--hfc_usb.ko-entry_point.cil.out.i line 8440 function hfc_usb_probe
Not unwinding 
Unwinding loop 23  iteration  1   file 43_2a_consumption_linux-3.16-rc1.tar.xz-43_2a-drivers--isdn--hisax--hfc_usb.ko-entry_point.cil.out.i line 8534 function hfc_usb_probe
Unwinding loop 22  iteration  1   file 43_2a_consumption_linux-3.16-rc1.tar.xz-43_2a-drivers--isdn--hisax--hfc_usb.ko-entry_point.cil.out.i line 8528 function hfc_usb_probe
Unwinding loop 1  iteration  1   file string.c line 263 function memcpy
Unwinding loop 1  iteration  2   file string.c line 263 function memcpy
Not unwinding 
Unwinding loop 20  iteration  1   file 43_2a_consumption_linux-3.16-rc1.tar.xz-43_2a-drivers--isdn--hisax--hfc_usb.ko-entry_point.cil.out.i line 8500 function hfc_usb_probe
Unwinding loop 20  iteration  2   file 43_2a_consumption_linux-3.16-rc1.tar.xz-43_2a-drivers--isdn--hisax--hfc_usb.ko-entry_point.cil.out.i line 8500 function hfc_usb_probe
Not unwinding 
Unwinding loop 21  iteration  1   file 43_2a_consumption_linux-3.16-rc1.tar.xz-43_2a-drivers--isdn--hisax--hfc_usb.ko-entry_point.cil.out.i line 8513 function hfc_usb_probe
Unwinding loop 21  iteration  2   file 43_2a_consumption_linux-3.16-rc1.tar.xz-43_2a-drivers--isdn--hisax--hfc_usb.ko-entry_point.cil.out.i line 8513 function hfc_usb_probe
Not unwinding 
Unwinding loop 22  iteration  2   file 43_2a_consumption_linux-3.16-rc1.tar.xz-43_2a-drivers--isdn--hisax--hfc_usb.ko-entry_point.cil.out.i line 8528 function hfc_usb_probe
Unwinding loop 1  iteration  1   file string.c line 263 function memcpy
Unwinding loop 1  iteration  2   file string.c line 263 function memcpy
Not unwinding 
Unwinding loop 20  iteration  1   file 43_2a_consumption_linux-3.16-rc1.tar.xz-43_2a-drivers--isdn--hisax--hfc_usb.ko-entry_point.cil.out.i line 8500 function hfc_usb_probe
Unwinding loop 20  iteration  2   file 43_2a_consumption_linux-3.16-rc1.tar.xz-43_2a-drivers--isdn--hisax--hfc_usb.ko-entry_point.cil.out.i line 8500 function hfc_usb_probe
Not unwinding 
Unwinding loop 21  iteration  1   file 43_2a_consumption_linux-3.16-rc1.tar.xz-43_2a-drivers--isdn--hisax--hfc_usb.ko-entry_point.cil.out.i line 8513 function hfc_usb_probe
Unwinding loop 21  iteration  2   file 43_2a_consumption_linux-3.16-rc1.tar.xz-43_2a-drivers--isdn--hisax--hfc_usb.ko-entry_point.cil.out.i line 8513 function hfc_usb_probe
Not unwinding 
Not unwinding 
Unwinding loop 23  iteration  2   file 43_2a_consumption_linux-3.16-rc1.tar.xz-43_2a-drivers--isdn--hisax--hfc_usb.ko-entry_point.cil.out.i line 8534 function hfc_usb_probe
Unwinding loop 22  iteration  1   file 43_2a_consumption_linux-3.16-rc1.tar.xz-43_2a-drivers--isdn--hisax--hfc_usb.ko-entry_point.cil.out.i line 8528 function hfc_usb_probe
Unwinding loop 1  iteration  1   file string.c line 263 function memcpy
Unwinding loop 1  iteration  2   file string.c line 263 function memcpy
Not unwinding 
Unwinding loop 20  iteration  1   file 43_2a_consumption_linux-3.16-rc1.tar.xz-43_2a-drivers--isdn--hisax--hfc_usb.ko-entry_point.cil.out.i line 8500 function hfc_usb_probe
Unwinding loop 20  iteration  2   file 43_2a_consumption_linux-3.16-rc1.tar.xz-43_2a-drivers--isdn--hisax--hfc_usb.ko-entry_point.cil.out.i line 8500 function hfc_usb_probe
Not unwinding 
Unwinding loop 21  iteration  1   file 43_2a_consumption_linux-3.16-rc1.tar.xz-43_2a-drivers--isdn--hisax--hfc_usb.ko-entry_point.cil.out.i line 8513 function hfc_usb_probe
Unwinding loop 21  iteration  2   file 43_2a_consumption_linux-3.16-rc1.tar.xz-43_2a-drivers--isdn--hisax--hfc_usb.ko-entry_point.cil.out.i line 8513 function hfc_usb_probe
Not unwinding 
Unwinding loop 22  iteration  2   file 43_2a_consumption_linux-3.16-rc1.tar.xz-43_2a-drivers--isdn--hisax--hfc_usb.ko-entry_point.cil.out.i line 8528 function hfc_usb_probe
Unwinding loop 1  iteration  1   file string.c line 263 function memcpy
Unwinding loop 1  iteration  2   file string.c line 263 function memcpy
Not unwinding 
Unwinding loop 20  iteration  1   file 43_2a_consumption_linux-3.16-rc1.tar.xz-43_2a-drivers--isdn--hisax--hfc_usb.ko-entry_point.cil.out.i line 8500 function hfc_usb_probe
Unwinding loop 20  iteration  2   file 43_2a_consumption_linux-3.16-rc1.tar.xz-43_2a-drivers--isdn--hisax--hfc_usb.ko-entry_point.cil.out.i line 8500 function hfc_usb_probe
Not unwinding 
Unwinding loop 21  iteration  1   file 43_2a_consumption_linux-3.16-rc1.tar.xz-43_2a-drivers--isdn--hisax--hfc_usb.ko-entry_point.cil.out.i line 8513 function hfc_usb_probe
Unwinding loop 21  iteration  2   file 43_2a_consumption_linux-3.16-rc1.tar.xz-43_2a-drivers--isdn--hisax--hfc_usb.ko-entry_point.cil.out.i line 8513 function hfc_usb_probe
Not unwinding 
Not unwinding 
Not unwinding 
Unwinding loop 24  iteration  1   file 43_2a_consumption_linux-3.16-rc1.tar.xz-43_2a-drivers--isdn--hisax--hfc_usb.ko-entry_point.cil.out.i line 8606 function hfc_usb_probe
Unwinding loop 24  iteration  2   file 43_2a_consumption_linux-3.16-rc1.tar.xz-43_2a-drivers--isdn--hisax--hfc_usb.ko-entry_point.cil.out.i line 8606 function hfc_usb_probe
Not unwinding 
Unwinding loop 14  iteration  1   file 43_2a_consumption_linux-3.16-rc1.tar.xz-43_2a-drivers--isdn--hisax--hfc_usb.ko-entry_point.cil.out.i line 8266 function hfc_usb_init
Unwinding loop 14  iteration  2   file 43_2a_consumption_linux-3.16-rc1.tar.xz-43_2a-drivers--isdn--hisax--hfc_usb.ko-entry_point.cil.out.i line 8266 function hfc_usb_init
Not unwinding 
Unwinding loop 15  iteration  1   file 43_2a_consumption_linux-3.16-rc1.tar.xz-43_2a-drivers--isdn--hisax--hfc_usb.ko-entry_point.cil.out.i line 8309 function hfc_usb_init
Unwinding loop 15  iteration  2   file 43_2a_consumption_linux-3.16-rc1.tar.xz-43_2a-drivers--isdn--hisax--hfc_usb.ko-entry_point.cil.out.i line 8309 function hfc_usb_init
Not unwinding 
Unwinding loop 16  iteration  1   file 43_2a_consumption_linux-3.16-rc1.tar.xz-43_2a-drivers--isdn--hisax--hfc_usb.ko-entry_point.cil.out.i line 8324 function hfc_usb_init
Unwinding loop 16  iteration  2   file 43_2a_consumption_linux-3.16-rc1.tar.xz-43_2a-drivers--isdn--hisax--hfc_usb.ko-entry_point.cil.out.i line 8324 function hfc_usb_init
Unwinding loop 17  iteration  1   file 43_2a_consumption_linux-3.16-rc1.tar.xz-43_2a-drivers--isdn--hisax--hfc_usb.ko-entry_point.cil.out.i line 8343 function hfc_usb_init
Unwinding loop 17  iteration  2   file 43_2a_consumption_linux-3.16-rc1.tar.xz-43_2a-drivers--isdn--hisax--hfc_usb.ko-entry_point.cil.out.i line 8343 function hfc_usb_init
Not unwinding 
Unwinding loop 18  iteration  1   file 43_2a_consumption_linux-3.16-rc1.tar.xz-43_2a-drivers--isdn--hisax--hfc_usb.ko-entry_point.cil.out.i line 8353 function hfc_usb_init
Unwinding loop 18  iteration  2   file 43_2a_consumption_linux-3.16-rc1.tar.xz-43_2a-drivers--isdn--hisax--hfc_usb.ko-entry_point.cil.out.i line 8353 function hfc_usb_init
Not unwinding 
Unwinding loop 8  iteration  1   file 43_2a_consumption_linux-3.16-rc1.tar.xz-43_2a-drivers--isdn--hisax--hfc_usb.ko-entry_point.cil.out.i line 7563 function start_isoc_chain
Unwinding loop 6  iteration  1   file 43_2a_consumption_linux-3.16-rc1.tar.xz-43_2a-drivers--isdn--hisax--hfc_usb.ko-entry_point.cil.out.i line 7501 function fill_isoc_urb
Unwinding loop 6  iteration  2   file 43_2a_consumption_linux-3.16-rc1.tar.xz-43_2a-drivers--isdn--hisax--hfc_usb.ko-entry_point.cil.out.i line 7501 function fill_isoc_urb
Not unwinding 
Unwinding loop 7  iteration  1   file 43_2a_consumption_linux-3.16-rc1.tar.xz-43_2a-drivers--isdn--hisax--hfc_usb.ko-entry_point.cil.out.i line 7543 function start_isoc_chain
Unwinding loop 7  iteration  2   file 43_2a_consumption_linux-3.16-rc1.tar.xz-43_2a-drivers--isdn--hisax--hfc_usb.ko-entry_point.cil.out.i line 7543 function start_isoc_chain
Not unwinding 
Unwinding loop 5  iteration  1   file 43_2a_consumption_linux-3.16-rc1.tar.xz-43_2a-drivers--isdn--hisax--hfc_usb.ko-entry_point.cil.out.i line 7222 function symbolic
Unwinding loop 5  iteration  2   file 43_2a_consumption_linux-3.16-rc1.tar.xz-43_2a-drivers--isdn--hisax--hfc_usb.ko-entry_point.cil.out.i line 7222 function symbolic
Not unwinding 
Unwinding loop 8  iteration  2   file 43_2a_consumption_linux-3.16-rc1.tar.xz-43_2a-drivers--isdn--hisax--hfc_usb.ko-entry_point.cil.out.i line 7563 function start_isoc_chain
Unwinding loop 6  iteration  1   file 43_2a_consumption_linux-3.16-rc1.tar.xz-43_2a-drivers--isdn--hisax--hfc_usb.ko-entry_point.cil.out.i line 7501 function fill_isoc_urb
Unwinding loop 6  iteration  2   file 43_2a_consumption_linux-3.16-rc1.tar.xz-43_2a-drivers--isdn--hisax--hfc_usb.ko-entry_point.cil.out.i line 7501 function fill_isoc_urb
Not unwinding 
Unwinding loop 7  iteration  1   file 43_2a_consumption_linux-3.16-rc1.tar.xz-43_2a-drivers--isdn--hisax--hfc_usb.ko-entry_point.cil.out.i line 7543 function start_isoc_chain
Unwinding loop 7  iteration  2   file 43_2a_consumption_linux-3.16-rc1.tar.xz-43_2a-drivers--isdn--hisax--hfc_usb.ko-entry_point.cil.out.i line 7543 function start_isoc_chain
Not unwinding 
Unwinding loop 5  iteration  1   file 43_2a_consumption_linux-3.16-rc1.tar.xz-43_2a-drivers--isdn--hisax--hfc_usb.ko-entry_point.cil.out.i line 7222 function symbolic
Unwinding loop 5  iteration  2   file 43_2a_consumption_linux-3.16-rc1.tar.xz-43_2a-drivers--isdn--hisax--hfc_usb.ko-entry_point.cil.out.i line 7222 function symbolic
Not unwinding 
Unwinding loop 8  iteration  1   file 43_2a_consumption_linux-3.16-rc1.tar.xz-43_2a-drivers--isdn--hisax--hfc_usb.ko-entry_point.cil.out.i line 7563 function start_isoc_chain
Unwinding loop 6  iteration  1   file 43_2a_consumption_linux-3.16-rc1.tar.xz-43_2a-drivers--isdn--hisax--hfc_usb.ko-entry_point.cil.out.i line 7501 function fill_isoc_urb
Unwinding loop 6  iteration  2   file 43_2a_consumption_linux-3.16-rc1.tar.xz-43_2a-drivers--isdn--hisax--hfc_usb.ko-entry_point.cil.out.i line 7501 function fill_isoc_urb
Not unwinding 
Unwinding loop 7  iteration  1   file 43_2a_consumption_linux-3.16-rc1.tar.xz-43_2a-drivers--isdn--hisax--hfc_usb.ko-entry_point.cil.out.i line 7543 function start_isoc_chain
Unwinding loop 7  iteration  2   file 43_2a_consumption_linux-3.16-rc1.tar.xz-43_2a-drivers--isdn--hisax--hfc_usb.ko-entry_point.cil.out.i line 7543 function start_isoc_chain
Not unwinding 
Unwinding loop 5  iteration  1   file 43_2a_consumption_linux-3.16-rc1.tar.xz-43_2a-drivers--isdn--hisax--hfc_usb.ko-entry_point.cil.out.i line 7222 function symbolic
Unwinding loop 5  iteration  2   file 43_2a_consumption_linux-3.16-rc1.tar.xz-43_2a-drivers--isdn--hisax--hfc_usb.ko-entry_point.cil.out.i line 7222 function symbolic
Not unwinding 
Unwinding loop 8  iteration  2   file 43_2a_consumption_linux-3.16-rc1.tar.xz-43_2a-drivers--isdn--hisax--hfc_usb.ko-entry_point.cil.out.i line 7563 function start_isoc_chain
Unwinding loop 6  iteration  1   file 43_2a_consumption_linux-3.16-rc1.tar.xz-43_2a-drivers--isdn--hisax--hfc_usb.ko-entry_point.cil.out.i line 7501 function fill_isoc_urb
Unwinding loop 6  iteration  2   file 43_2a_consumption_linux-3.16-rc1.tar.xz-43_2a-drivers--isdn--hisax--hfc_usb.ko-entry_point.cil.out.i line 7501 function fill_isoc_urb
Not unwinding 
Unwinding loop 7  iteration  1   file 43_2a_consumption_linux-3.16-rc1.tar.xz-43_2a-drivers--isdn--hisax--hfc_usb.ko-entry_point.cil.out.i line 7543 function start_isoc_chain
Unwinding loop 7  iteration  2   file 43_2a_consumption_linux-3.16-rc1.tar.xz-43_2a-drivers--isdn--hisax--hfc_usb.ko-entry_point.cil.out.i line 7543 function start_isoc_chain
Not unwinding 
Unwinding loop 5  iteration  1   file 43_2a_consumption_linux-3.16-rc1.tar.xz-43_2a-drivers--isdn--hisax--hfc_usb.ko-entry_point.cil.out.i line 7222 function symbolic
Unwinding loop 5  iteration  2   file 43_2a_consumption_linux-3.16-rc1.tar.xz-43_2a-drivers--isdn--hisax--hfc_usb.ko-entry_point.cil.out.i line 7222 function symbolic
Not unwinding 
Unwinding loop 8  iteration  1   file 43_2a_consumption_linux-3.16-rc1.tar.xz-43_2a-drivers--isdn--hisax--hfc_usb.ko-entry_point.cil.out.i line 7563 function start_isoc_chain
Unwinding loop 6  iteration  1   file 43_2a_consumption_linux-3.16-rc1.tar.xz-43_2a-drivers--isdn--hisax--hfc_usb.ko-entry_point.cil.out.i line 7501 function fill_isoc_urb
Unwinding loop 6  iteration  2   file 43_2a_consumption_linux-3.16-rc1.tar.xz-43_2a-drivers--isdn--hisax--hfc_usb.ko-entry_point.cil.out.i line 7501 function fill_isoc_urb
Not unwinding 
Unwinding loop 7  iteration  1   file 43_2a_consumption_linux-3.16-rc1.tar.xz-43_2a-drivers--isdn--hisax--hfc_usb.ko-entry_point.cil.out.i line 7543 function start_isoc_chain
Unwinding loop 7  iteration  2   file 43_2a_consumption_linux-3.16-rc1.tar.xz-43_2a-drivers--isdn--hisax--hfc_usb.ko-entry_point.cil.out.i line 7543 function start_isoc_chain
Not unwinding 
Unwinding loop 5  iteration  1   file 43_2a_consumption_linux-3.16-rc1.tar.xz-43_2a-drivers--isdn--hisax--hfc_usb.ko-entry_point.cil.out.i line 7222 function symbolic
Unwinding loop 5  iteration  2   file 43_2a_consumption_linux-3.16-rc1.tar.xz-43_2a-drivers--isdn--hisax--hfc_usb.ko-entry_point.cil.out.i line 7222 function symbolic
Not unwinding 
Unwinding loop 8  iteration  2   file 43_2a_consumption_linux-3.16-rc1.tar.xz-43_2a-drivers--isdn--hisax--hfc_usb.ko-entry_point.cil.out.i line 7563 function start_isoc_chain
Unwinding loop 6  iteration  1   file 43_2a_consumption_linux-3.16-rc1.tar.xz-43_2a-drivers--isdn--hisax--hfc_usb.ko-entry_point.cil.out.i line 7501 function fill_isoc_urb
Unwinding loop 6  iteration  2   file 43_2a_consumption_linux-3.16-rc1.tar.xz-43_2a-drivers--isdn--hisax--hfc_usb.ko-entry_point.cil.out.i line 7501 function fill_isoc_urb
Not unwinding 
Unwinding loop 7  iteration  1   file 43_2a_consumption_linux-3.16-rc1.tar.xz-43_2a-drivers--isdn--hisax--hfc_usb.ko-entry_point.cil.out.i line 7543 function start_isoc_chain
Unwinding loop 7  iteration  2   file 43_2a_consumption_linux-3.16-rc1.tar.xz-43_2a-drivers--isdn--hisax--hfc_usb.ko-entry_point.cil.out.i line 7543 function start_isoc_chain
Not unwinding 
Unwinding loop 5  iteration  1   file 43_2a_consumption_linux-3.16-rc1.tar.xz-43_2a-drivers--isdn--hisax--hfc_usb.ko-entry_point.cil.out.i line 7222 function symbolic
Unwinding loop 5  iteration  2   file 43_2a_consumption_linux-3.16-rc1.tar.xz-43_2a-drivers--isdn--hisax--hfc_usb.ko-entry_point.cil.out.i line 7222 function symbolic
Not unwinding 
Unwinding loop 8  iteration  1   file 43_2a_consumption_linux-3.16-rc1.tar.xz-43_2a-drivers--isdn--hisax--hfc_usb.ko-entry_point.cil.out.i line 7563 function start_isoc_chain
Unwinding loop 6  iteration  1   file 43_2a_consumption_linux-3.16-rc1.tar.xz-43_2a-drivers--isdn--hisax--hfc_usb.ko-entry_point.cil.out.i line 7501 function fill_isoc_urb
Unwinding loop 6  iteration  2   file 43_2a_consumption_linux-3.16-rc1.tar.xz-43_2a-drivers--isdn--hisax--hfc_usb.ko-entry_point.cil.out.i line 7501 function fill_isoc_urb
Not unwinding 
Unwinding loop 7  iteration  1   file 43_2a_consumption_linux-3.16-rc1.tar.xz-43_2a-drivers--isdn--hisax--hfc_usb.ko-entry_point.cil.out.i line 7543 function start_isoc_chain
Unwinding loop 7  iteration  2   file 43_2a_consumption_linux-3.16-rc1.tar.xz-43_2a-drivers--isdn--hisax--hfc_usb.ko-entry_point.cil.out.i line 7543 function start_isoc_chain
Not unwinding 
Unwinding loop 5  iteration  1   file 43_2a_consumption_linux-3.16-rc1.tar.xz-43_2a-drivers--isdn--hisax--hfc_usb.ko-entry_point.cil.out.i line 7222 function symbolic
Unwinding loop 5  iteration  2   file 43_2a_consumption_linux-3.16-rc1.tar.xz-43_2a-drivers--isdn--hisax--hfc_usb.ko-entry_point.cil.out.i line 7222 function symbolic
Not unwinding 
Unwinding loop 8  iteration  2   file 43_2a_consumption_linux-3.16-rc1.tar.xz-43_2a-drivers--isdn--hisax--hfc_usb.ko-entry_point.cil.out.i line 7563 function start_isoc_chain
Unwinding loop 6  iteration  1   file 43_2a_consumption_linux-3.16-rc1.tar.xz-43_2a-drivers--isdn--hisax--hfc_usb.ko-entry_point.cil.out.i line 7501 function fill_isoc_urb
Unwinding loop 6  iteration  2   file 43_2a_consumption_linux-3.16-rc1.tar.xz-43_2a-drivers--isdn--hisax--hfc_usb.ko-entry_point.cil.out.i line 7501 function fill_isoc_urb
Not unwinding 
Unwinding loop 7  iteration  1   file 43_2a_consumption_linux-3.16-rc1.tar.xz-43_2a-drivers--isdn--hisax--hfc_usb.ko-entry_point.cil.out.i line 7543 function start_isoc_chain
Unwinding loop 7  iteration  2   file 43_2a_consumption_linux-3.16-rc1.tar.xz-43_2a-drivers--isdn--hisax--hfc_usb.ko-entry_point.cil.out.i line 7543 function start_isoc_chain
Not unwinding 
Unwinding loop 5  iteration  1   file 43_2a_consumption_linux-3.16-rc1.tar.xz-43_2a-drivers--isdn--hisax--hfc_usb.ko-entry_point.cil.out.i line 7222 function symbolic
Unwinding loop 5  iteration  2   file 43_2a_consumption_linux-3.16-rc1.tar.xz-43_2a-drivers--isdn--hisax--hfc_usb.ko-entry_point.cil.out.i line 7222 function symbolic
Not unwinding 
Unwinding loop 8  iteration  1   file 43_2a_consumption_linux-3.16-rc1.tar.xz-43_2a-drivers--isdn--hisax--hfc_usb.ko-entry_point.cil.out.i line 7563 function start_isoc_chain
Unwinding loop 6  iteration  1   file 43_2a_consumption_linux-3.16-rc1.tar.xz-43_2a-drivers--isdn--hisax--hfc_usb.ko-entry_point.cil.out.i line 7501 function fill_isoc_urb
Unwinding loop 6  iteration  2   file 43_2a_consumption_linux-3.16-rc1.tar.xz-43_2a-drivers--isdn--hisax--hfc_usb.ko-entry_point.cil.out.i line 7501 function fill_isoc_urb
Not unwinding 
Unwinding loop 7  iteration  1   file 43_2a_consumption_linux-3.16-rc1.tar.xz-43_2a-drivers--isdn--hisax--hfc_usb.ko-entry_point.cil.out.i line 7543 function start_isoc_chain
Unwinding loop 7  iteration  2   file 43_2a_consumption_linux-3.16-rc1.tar.xz-43_2a-drivers--isdn--hisax--hfc_usb.ko-entry_point.cil.out.i line 7543 function start_isoc_chain
Not unwinding 
Unwinding loop 5  iteration  1   file 43_2a_consumption_linux-3.16-rc1.tar.xz-43_2a-drivers--isdn--hisax--hfc_usb.ko-entry_point.cil.out.i line 7222 function symbolic
Unwinding loop 5  iteration  2   file 43_2a_consumption_linux-3.16-rc1.tar.xz-43_2a-drivers--isdn--hisax--hfc_usb.ko-entry_point.cil.out.i line 7222 function symbolic
Not unwinding 
Unwinding loop 8  iteration  2   file 43_2a_consumption_linux-3.16-rc1.tar.xz-43_2a-drivers--isdn--hisax--hfc_usb.ko-entry_point.cil.out.i line 7563 function start_isoc_chain
Unwinding loop 6  iteration  1   file 43_2a_consumption_linux-3.16-rc1.tar.xz-43_2a-drivers--isdn--hisax--hfc_usb.ko-entry_point.cil.out.i line 7501 function fill_isoc_urb
Unwinding loop 6  iteration  2   file 43_2a_consumption_linux-3.16-rc1.tar.xz-43_2a-drivers--isdn--hisax--hfc_usb.ko-entry_point.cil.out.i line 7501 function fill_isoc_urb
Not unwinding 
Unwinding loop 7  iteration  1   file 43_2a_consumption_linux-3.16-rc1.tar.xz-43_2a-drivers--isdn--hisax--hfc_usb.ko-entry_point.cil.out.i line 7543 function start_isoc_chain
Unwinding loop 7  iteration  2   file 43_2a_consumption_linux-3.16-rc1.tar.xz-43_2a-drivers--isdn--hisax--hfc_usb.ko-entry_point.cil.out.i line 7543 function start_isoc_chain
Not unwinding 
Unwinding loop 5  iteration  1   file 43_2a_consumption_linux-3.16-rc1.tar.xz-43_2a-drivers--isdn--hisax--hfc_usb.ko-entry_point.cil.out.i line 7222 function symbolic
Unwinding loop 5  iteration  2   file 43_2a_consumption_linux-3.16-rc1.tar.xz-43_2a-drivers--isdn--hisax--hfc_usb.ko-entry_point.cil.out.i line 7222 function symbolic
Not unwinding 
Unwinding loop 8  iteration  1   file 43_2a_consumption_linux-3.16-rc1.tar.xz-43_2a-drivers--isdn--hisax--hfc_usb.ko-entry_point.cil.out.i line 7563 function start_isoc_chain
Unwinding loop 6  iteration  1   file 43_2a_consumption_linux-3.16-rc1.tar.xz-43_2a-drivers--isdn--hisax--hfc_usb.ko-entry_point.cil.out.i line 7501 function fill_isoc_urb
Unwinding loop 6  iteration  2   file 43_2a_consumption_linux-3.16-rc1.tar.xz-43_2a-drivers--isdn--hisax--hfc_usb.ko-entry_point.cil.out.i line 7501 function fill_isoc_urb
Not unwinding 
Unwinding loop 7  iteration  1   file 43_2a_consumption_linux-3.16-rc1.tar.xz-43_2a-drivers--isdn--hisax--hfc_usb.ko-entry_point.cil.out.i line 7543 function start_isoc_chain
Unwinding loop 7  iteration  2   file 43_2a_consumption_linux-3.16-rc1.tar.xz-43_2a-drivers--isdn--hisax--hfc_usb.ko-entry_point.cil.out.i line 7543 function start_isoc_chain
Not unwinding 
Unwinding loop 5  iteration  1   file 43_2a_consumption_linux-3.16-rc1.tar.xz-43_2a-drivers--isdn--hisax--hfc_usb.ko-entry_point.cil.out.i line 7222 function symbolic
Unwinding loop 5  iteration  2   file 43_2a_consumption_linux-3.16-rc1.tar.xz-43_2a-drivers--isdn--hisax--hfc_usb.ko-entry_point.cil.out.i line 7222 function symbolic
Not unwinding 
Unwinding loop 8  iteration  2   file 43_2a_consumption_linux-3.16-rc1.tar.xz-43_2a-drivers--isdn--hisax--hfc_usb.ko-entry_point.cil.out.i line 7563 function start_isoc_chain
Unwinding loop 6  iteration  1   file 43_2a_consumption_linux-3.16-rc1.tar.xz-43_2a-drivers--isdn--hisax--hfc_usb.ko-entry_point.cil.out.i line 7501 function fill_isoc_urb
Unwinding loop 6  iteration  2   file 43_2a_consumption_linux-3.16-rc1.tar.xz-43_2a-drivers--isdn--hisax--hfc_usb.ko-entry_point.cil.out.i line 7501 function fill_isoc_urb
Not unwinding 
Unwinding loop 7  iteration  1   file 43_2a_consumption_linux-3.16-rc1.tar.xz-43_2a-drivers--isdn--hisax--hfc_usb.ko-entry_point.cil.out.i line 7543 function start_isoc_chain
Unwinding loop 7  iteration  2   file 43_2a_consumption_linux-3.16-rc1.tar.xz-43_2a-drivers--isdn--hisax--hfc_usb.ko-entry_point.cil.out.i line 7543 function start_isoc_chain
Not unwinding 
Unwinding loop 5  iteration  1   file 43_2a_consumption_linux-3.16-rc1.tar.xz-43_2a-drivers--isdn--hisax--hfc_usb.ko-entry_point.cil.out.i line 7222 function symbolic
Unwinding loop 5  iteration  2   file 43_2a_consumption_linux-3.16-rc1.tar.xz-43_2a-drivers--isdn--hisax--hfc_usb.ko-entry_point.cil.out.i line 7222 function symbolic
Not unwinding 
Unwinding loop 8  iteration  1   file 43_2a_consumption_linux-3.16-rc1.tar.xz-43_2a-drivers--isdn--hisax--hfc_usb.ko-entry_point.cil.out.i line 7563 function start_isoc_chain
Unwinding loop 6  iteration  1   file 43_2a_consumption_linux-3.16-rc1.tar.xz-43_2a-drivers--isdn--hisax--hfc_usb.ko-entry_point.cil.out.i line 7501 function fill_isoc_urb
Unwinding loop 6  iteration  2   file 43_2a_consumption_linux-3.16-rc1.tar.xz-43_2a-drivers--isdn--hisax--hfc_usb.ko-entry_point.cil.out.i line 7501 function fill_isoc_urb
Not unwinding 
Unwinding loop 7  iteration  1   file 43_2a_consumption_linux-3.16-rc1.tar.xz-43_2a-drivers--isdn--hisax--hfc_usb.ko-entry_point.cil.out.i line 7543 function start_isoc_chain
Unwinding loop 7  iteration  2   file 43_2a_consumption_linux-3.16-rc1.tar.xz-43_2a-drivers--isdn--hisax--hfc_usb.ko-entry_point.cil.out.i line 7543 function start_isoc_chain
Not unwinding 
Unwinding loop 5  iteration  1   file 43_2a_consumption_linux-3.16-rc1.tar.xz-43_2a-drivers--isdn--hisax--hfc_usb.ko-entry_point.cil.out.i line 7222 function symbolic
Unwinding loop 5  iteration  2   file 43_2a_consumption_linux-3.16-rc1.tar.xz-43_2a-drivers--isdn--hisax--hfc_usb.ko-entry_point.cil.out.i line 7222 function symbolic
Not unwinding 
Unwinding loop 8  iteration  2   file 43_2a_consumption_linux-3.16-rc1.tar.xz-43_2a-drivers--isdn--hisax--hfc_usb.ko-entry_point.cil.out.i line 7563 function start_isoc_chain
Unwinding loop 6  iteration  1   file 43_2a_consumption_linux-3.16-rc1.tar.xz-43_2a-drivers--isdn--hisax--hfc_usb.ko-entry_point.cil.out.i line 7501 function fill_isoc_urb
Unwinding loop 6  iteration  2   file 43_2a_consumption_linux-3.16-rc1.tar.xz-43_2a-drivers--isdn--hisax--hfc_usb.ko-entry_point.cil.out.i line 7501 function fill_isoc_urb
Not unwinding 
Unwinding loop 7  iteration  1   file 43_2a_consumption_linux-3.16-rc1.tar.xz-43_2a-drivers--isdn--hisax--hfc_usb.ko-entry_point.cil.out.i line 7543 function start_isoc_chain
Unwinding loop 7  iteration  2   file 43_2a_consumption_linux-3.16-rc1.tar.xz-43_2a-drivers--isdn--hisax--hfc_usb.ko-entry_point.cil.out.i line 7543 function start_isoc_chain
Not unwinding 
Unwinding loop 5  iteration  1   file 43_2a_consumption_linux-3.16-rc1.tar.xz-43_2a-drivers--isdn--hisax--hfc_usb.ko-entry_point.cil.out.i line 7222 function symbolic
Unwinding loop 5  iteration  2   file 43_2a_consumption_linux-3.16-rc1.tar.xz-43_2a-drivers--isdn--hisax--hfc_usb.ko-entry_point.cil.out.i line 7222 function symbolic
Not unwinding 
Unwinding loop 25  iteration  1   file 43_2a_consumption_linux-3.16-rc1.tar.xz-43_2a-drivers--isdn--hisax--hfc_usb.ko-entry_point.cil.out.i line 8711 function hfc_usb_disconnect
Unwinding loop 9  iteration  1   file 43_2a_consumption_linux-3.16-rc1.tar.xz-43_2a-drivers--isdn--hisax--hfc_usb.ko-entry_point.cil.out.i line 7590 function stop_isoc_chain
Unwinding loop 9  iteration  2   file 43_2a_consumption_linux-3.16-rc1.tar.xz-43_2a-drivers--isdn--hisax--hfc_usb.ko-entry_point.cil.out.i line 7590 function stop_isoc_chain
Unwinding loop 25  iteration  2   file 43_2a_consumption_linux-3.16-rc1.tar.xz-43_2a-drivers--isdn--hisax--hfc_usb.ko-entry_point.cil.out.i line 8711 function hfc_usb_disconnect
Unwinding loop 9  iteration  1   file 43_2a_consumption_linux-3.16-rc1.tar.xz-43_2a-drivers--isdn--hisax--hfc_usb.ko-entry_point.cil.out.i line 7590 function stop_isoc_chain
Unwinding loop 9  iteration  2   file 43_2a_consumption_linux-3.16-rc1.tar.xz-43_2a-drivers--isdn--hisax--hfc_usb.ko-entry_point.cil.out.i line 7590 function stop_isoc_chain
Not unwinding 
No target candidate for function call *timer->function
Not unwinding 
Symex completed in: 22.640s (14225 assignments)
Slicing time: 0.281s (removed 10148 assignments)
Generated 0 VCC(s), 0 remaining after simplification (4077 assignments)
BMC program time: 22.921s
Building successful trace

VERIFICATION SUCCESSFUL

Solution found by the inductive step (k = 3)

../sv-benchmarks/c/ldv-linux-3.16-rc1/43_2a_consumption_linux-3.16-rc1.tar.xz-43_2a-drivers--isdn--hisax--hfc_usb.ko-entry_point.cil.out.i:6708:27: warning: declaration of 'struct kobject___0' will not be visible outside of this function [-Wvisibility]
   ssize_t (*show)(struct kobject___0 * , struct attribute___0 * , char * ) ;
                          ^
../sv-benchmarks/c/ldv-linux-3.16-rc1/43_2a_consumption_linux-3.16-rc1.tar.xz-43_2a-drivers--isdn--hisax--hfc_usb.ko-entry_point.cil.out.i:6709:28: warning: declaration of 'struct kobject___0' will not be visible outside of this function [-Wvisibility]
   ssize_t (*store)(struct kobject___0 * , struct attribute___0 * , char const * ,
                           ^

TRUE
