./esbmc-wrapper.py -p ../sv-benchmarks/c/properties/unreach-call.prp -s kinduction --arch 32 ../sv-benchmarks/c/list-properties/splice-2.i


--------------------------------------------------------------------------------


Verifying with ESBMC
Command: ./esbmc --no-div-by-zero-check --force-malloc-success --state-hashing --no-align-check --k-step 2 --floatbv --unlimited-k-steps ../sv-benchmarks/c/list-properties/splice-2.i --32 --witness-output splice-2.i.graphml --no-pointer-check --no-bounds-check --interval-analysis --k-induction --max-inductive-step 3 
ESBMC version 6.8.0 64-bit x86_64 linux
Target: 32-bit little-endian x86_64-unknown-linux with esbmc libc
file ../sv-benchmarks/c/list-properties/splice-2.i: Parsing
Converting
Generating GOTO Program
GOTO program creation time: 0.155s
GOTO program processing time: 0.002s
*** Checking base case, k = 1
Starting Bounded Model Checking
Not unwinding 
Not unwinding 
Not unwinding 
Not unwinding 
Symex completed in: 0.003s (82 assignments)
Slicing time: 0.001s (removed 60 assignments)
Generated 1 VCC(s), 1 remaining after simplification (22 assignments)
No solver specified; defaulting to Boolector
Encoding remaining VCC(s) using bit-vector/floating-point arithmetic
Encoding to solver time: 0.002s
Solving with solver Boolector 3.2.1
Encoding to solver time: 0.002s
Runtime decision procedure: 0.000s
BMC program time: 0.006s
No bug has been found in the base case
*** Checking forward condition, k = 1
Starting Bounded Model Checking
Not unwinding 
Not unwinding 
Not unwinding 
Not unwinding 
Symex completed in: 0.003s (81 assignments)
Slicing time: 0.001s (removed 60 assignments)
Generated 4 VCC(s), 4 remaining after simplification (21 assignments)
No solver specified; defaulting to Boolector
Encoding remaining VCC(s) using bit-vector/floating-point arithmetic
Encoding to solver time: 0.001s
Solving with solver Boolector 3.2.1
Encoding to solver time: 0.001s
Runtime decision procedure: 0.051s
The forward condition is unable to prove the property
*** Checking base case, k = 3
Starting Bounded Model Checking
Unwinding loop 2  iteration  1   file splice-2.i line 541 function main
Unwinding loop 2  iteration  2   file splice-2.i line 541 function main
Not unwinding 
Unwinding loop 3  iteration  1   file splice-2.i line 560 function main
Unwinding loop 3  iteration  2   file splice-2.i line 560 function main
Not unwinding 
Unwinding loop 4  iteration  1   file splice-2.i line 574 function main
Unwinding loop 4  iteration  2   file splice-2.i line 574 function main
Not unwinding 
Unwinding loop 5  iteration  1   file splice-2.i line 579 function main
Unwinding loop 5  iteration  2   file splice-2.i line 579 function main
Not unwinding 
Symex completed in: 0.009s (178 assignments)
Slicing time: 0.002s (removed 106 assignments)
Generated 1 VCC(s), 1 remaining after simplification (72 assignments)
No solver specified; defaulting to Boolector
Encoding remaining VCC(s) using bit-vector/floating-point arithmetic
Encoding to solver time: 0.004s
Solving with solver Boolector 3.2.1
Encoding to solver time: 0.004s
Runtime decision procedure: 0.001s
BMC program time: 0.016s
No bug has been found in the base case
*** Checking forward condition, k = 3
Starting Bounded Model Checking
Unwinding loop 2  iteration  1   file splice-2.i line 541 function main
Unwinding loop 2  iteration  2   file splice-2.i line 541 function main
Not unwinding 
Unwinding loop 3  iteration  1   file splice-2.i line 560 function main
Unwinding loop 3  iteration  2   file splice-2.i line 560 function main
Not unwinding 
Unwinding loop 4  iteration  1   file splice-2.i line 574 function main
Unwinding loop 4  iteration  2   file splice-2.i line 574 function main
Not unwinding 
Unwinding loop 5  iteration  1   file splice-2.i line 579 function main
Unwinding loop 5  iteration  2   file splice-2.i line 579 function main
Not unwinding 
Symex completed in: 0.010s (177 assignments)
Slicing time: 0.001s (removed 106 assignments)
Generated 4 VCC(s), 4 remaining after simplification (71 assignments)
No solver specified; defaulting to Boolector
Encoding remaining VCC(s) using bit-vector/floating-point arithmetic
Encoding to solver time: 0.003s
Solving with solver Boolector 3.2.1
Encoding to solver time: 0.003s
Runtime decision procedure: 0.185s
The forward condition is unable to prove the property
*** Checking inductive step, k = 3
Starting Bounded Model Checking
Unwinding loop 2  iteration  1   file splice-2.i line 541 function main
Unwinding loop 2  iteration  2   file splice-2.i line 541 function main
Not unwinding 
Unwinding loop 3  iteration  1   file splice-2.i line 560 function main
Unwinding loop 3  iteration  2   file splice-2.i line 560 function main
Not unwinding 
Unwinding loop 4  iteration  1   file splice-2.i line 574 function main
Unwinding loop 4  iteration  2   file splice-2.i line 574 function main
Not unwinding 
Unwinding loop 5  iteration  1   file splice-2.i line 579 function main
Unwinding loop 5  iteration  2   file splice-2.i line 579 function main
Not unwinding 
Symex completed in: 0.010s (258 assignments)
Slicing time: 0.003s (removed 157 assignments)
Generated 0 VCC(s), 0 remaining after simplification (101 assignments)
BMC program time: 0.013s
Building successful trace

VERIFICATION SUCCESSFUL

Solution found by the inductive step (k = 3)


TRUE
