./esbmc-wrapper.py -p ../sv-benchmarks/c/properties/no-overflow.prp -s kinduction --arch 32 ../sv-benchmarks/c/bitvector/soft_float_3.c.cil.c


--------------------------------------------------------------------------------


Verifying with ESBMC
Command: ./esbmc --no-div-by-zero-check --force-malloc-success --state-hashing --no-align-check --k-step 2 --floatbv --unlimited-k-steps ../sv-benchmarks/c/bitvector/soft_float_3.c.cil.c --32 --witness-output soft_float_3.c.cil.c.graphml --no-pointer-check --no-bounds-check --overflow-check --no-assertions --k-induction --max-inductive-step 3 
ESBMC version 6.8.0 64-bit x86_64 linux
Target: 32-bit little-endian x86_64-unknown-linux with esbmc libc
file ../sv-benchmarks/c/bitvector/soft_float_3.c.cil.c: Parsing
Converting
Generating GOTO Program
GOTO program creation time: 0.149s
GOTO program processing time: 0.001s
*** Checking base case, k = 1
Starting Bounded Model Checking
Not unwinding 
Symex completed in: 0.002s (29 assignments)
Slicing time: 0.000s (removed 25 assignments)
Generated 2 VCC(s), 2 remaining after simplification (4 assignments)
No solver specified; defaulting to Boolector
Encoding remaining VCC(s) using bit-vector/floating-point arithmetic
Encoding to solver time: 0.001s
Solving with solver Boolector 3.2.1
Encoding to solver time: 0.001s
Runtime decision procedure: 0.000s
BMC program time: 0.003s
No bug has been found in the base case
*** Checking forward condition, k = 1
Starting Bounded Model Checking
Not unwinding 
Symex completed in: 0.001s (29 assignments)
Slicing time: 0.000s (removed 25 assignments)
Generated 3 VCC(s), 3 remaining after simplification (4 assignments)
No solver specified; defaulting to Boolector
Encoding remaining VCC(s) using bit-vector/floating-point arithmetic
Encoding to solver time: 0.000s
Solving with solver Boolector 3.2.1
Encoding to solver time: 0.000s
Runtime decision procedure: 0.001s
The forward condition is unable to prove the property
*** Checking base case, k = 3
Starting Bounded Model Checking
Unwinding loop 1  iteration  1   file soft_float_3.c.cil.c line 29 function base2flt
Unwinding loop 1  iteration  2   file soft_float_3.c.cil.c line 29 function base2flt
Not unwinding 
Symex completed in: 0.001s (37 assignments)
Slicing time: 0.000s (removed 29 assignments)
Generated 6 VCC(s), 6 remaining after simplification (8 assignments)
No solver specified; defaulting to Boolector
Encoding remaining VCC(s) using bit-vector/floating-point arithmetic
Encoding to solver time: 0.000s
Solving with solver Boolector 3.2.1
Encoding to solver time: 0.000s
Runtime decision procedure: 0.000s
BMC program time: 0.002s
No bug has been found in the base case
*** Checking forward condition, k = 3
Starting Bounded Model Checking
Unwinding loop 1  iteration  1   file soft_float_3.c.cil.c line 29 function base2flt
Unwinding loop 1  iteration  2   file soft_float_3.c.cil.c line 29 function base2flt
Not unwinding 
Symex completed in: 0.001s (37 assignments)
Slicing time: 0.000s (removed 29 assignments)
Generated 7 VCC(s), 7 remaining after simplification (8 assignments)
No solver specified; defaulting to Boolector
Encoding remaining VCC(s) using bit-vector/floating-point arithmetic
Encoding to solver time: 0.000s
Solving with solver Boolector 3.2.1
Encoding to solver time: 0.000s
Runtime decision procedure: 0.000s
The forward condition is unable to prove the property
*** Checking base case, k = 5
Starting Bounded Model Checking
Unwinding loop 1  iteration  1   file soft_float_3.c.cil.c line 29 function base2flt
Unwinding loop 1  iteration  2   file soft_float_3.c.cil.c line 29 function base2flt
Unwinding loop 1  iteration  3   file soft_float_3.c.cil.c line 29 function base2flt
Unwinding loop 1  iteration  4   file soft_float_3.c.cil.c line 29 function base2flt
Not unwinding 
Symex completed in: 0.002s (45 assignments)
Slicing time: 0.000s (removed 33 assignments)
Generated 10 VCC(s), 10 remaining after simplification (12 assignments)
No solver specified; defaulting to Boolector
Encoding remaining VCC(s) using bit-vector/floating-point arithmetic
Encoding to solver time: 0.001s
Solving with solver Boolector 3.2.1
Encoding to solver time: 0.001s
Runtime decision procedure: 0.000s
BMC program time: 0.003s
No bug has been found in the base case
*** Checking forward condition, k = 5
Starting Bounded Model Checking
Unwinding loop 1  iteration  1   file soft_float_3.c.cil.c line 29 function base2flt
Unwinding loop 1  iteration  2   file soft_float_3.c.cil.c line 29 function base2flt
Unwinding loop 1  iteration  3   file soft_float_3.c.cil.c line 29 function base2flt
Unwinding loop 1  iteration  4   file soft_float_3.c.cil.c line 29 function base2flt
Not unwinding 
Symex completed in: 0.001s (45 assignments)
Slicing time: 0.000s (removed 33 assignments)
Generated 11 VCC(s), 11 remaining after simplification (12 assignments)
No solver specified; defaulting to Boolector
Encoding remaining VCC(s) using bit-vector/floating-point arithmetic
Encoding to solver time: 0.000s
Solving with solver Boolector 3.2.1
Encoding to solver time: 0.000s
Runtime decision procedure: 0.000s
The forward condition is unable to prove the property
*** Checking base case, k = 7
Starting Bounded Model Checking
Unwinding loop 1  iteration  1   file soft_float_3.c.cil.c line 29 function base2flt
Unwinding loop 1  iteration  2   file soft_float_3.c.cil.c line 29 function base2flt
Unwinding loop 1  iteration  3   file soft_float_3.c.cil.c line 29 function base2flt
Unwinding loop 1  iteration  4   file soft_float_3.c.cil.c line 29 function base2flt
Unwinding loop 1  iteration  5   file soft_float_3.c.cil.c line 29 function base2flt
Unwinding loop 1  iteration  6   file soft_float_3.c.cil.c line 29 function base2flt
Not unwinding 
Symex completed in: 0.001s (53 assignments)
Slicing time: 0.000s (removed 37 assignments)
Generated 14 VCC(s), 14 remaining after simplification (16 assignments)
No solver specified; defaulting to Boolector
Encoding remaining VCC(s) using bit-vector/floating-point arithmetic
Encoding to solver time: 0.000s
Solving with solver Boolector 3.2.1
Encoding to solver time: 0.000s
Runtime decision procedure: 0.000s
BMC program time: 0.002s
No bug has been found in the base case
*** Checking forward condition, k = 7
Starting Bounded Model Checking
Unwinding loop 1  iteration  1   file soft_float_3.c.cil.c line 29 function base2flt
Unwinding loop 1  iteration  2   file soft_float_3.c.cil.c line 29 function base2flt
Unwinding loop 1  iteration  3   file soft_float_3.c.cil.c line 29 function base2flt
Unwinding loop 1  iteration  4   file soft_float_3.c.cil.c line 29 function base2flt
Unwinding loop 1  iteration  5   file soft_float_3.c.cil.c line 29 function base2flt
Unwinding loop 1  iteration  6   file soft_float_3.c.cil.c line 29 function base2flt
Not unwinding 
Symex completed in: 0.002s (53 assignments)
Slicing time: 0.000s (removed 37 assignments)
Generated 15 VCC(s), 15 remaining after simplification (16 assignments)
No solver specified; defaulting to Boolector
Encoding remaining VCC(s) using bit-vector/floating-point arithmetic
Encoding to solver time: 0.000s
Solving with solver Boolector 3.2.1
Encoding to solver time: 0.000s
Runtime decision procedure: 0.000s
The forward condition is unable to prove the property
*** Checking base case, k = 9
Starting Bounded Model Checking
Unwinding loop 1  iteration  1   file soft_float_3.c.cil.c line 29 function base2flt
Unwinding loop 1  iteration  2   file soft_float_3.c.cil.c line 29 function base2flt
Unwinding loop 1  iteration  3   file soft_float_3.c.cil.c line 29 function base2flt
Unwinding loop 1  iteration  4   file soft_float_3.c.cil.c line 29 function base2flt
Unwinding loop 1  iteration  5   file soft_float_3.c.cil.c line 29 function base2flt
Unwinding loop 1  iteration  6   file soft_float_3.c.cil.c line 29 function base2flt
Unwinding loop 1  iteration  7   file soft_float_3.c.cil.c line 29 function base2flt
Unwinding loop 1  iteration  8   file soft_float_3.c.cil.c line 29 function base2flt
Not unwinding 
Symex completed in: 0.002s (61 assignments)
Slicing time: 0.000s (removed 41 assignments)
Generated 18 VCC(s), 18 remaining after simplification (20 assignments)
No solver specified; defaulting to Boolector
Encoding remaining VCC(s) using bit-vector/floating-point arithmetic
Encoding to solver time: 0.000s
Solving with solver Boolector 3.2.1
Encoding to solver time: 0.000s
Runtime decision procedure: 0.000s
BMC program time: 0.003s
No bug has been found in the base case
*** Checking forward condition, k = 9
Starting Bounded Model Checking
Unwinding loop 1  iteration  1   file soft_float_3.c.cil.c line 29 function base2flt
Unwinding loop 1  iteration  2   file soft_float_3.c.cil.c line 29 function base2flt
Unwinding loop 1  iteration  3   file soft_float_3.c.cil.c line 29 function base2flt
Unwinding loop 1  iteration  4   file soft_float_3.c.cil.c line 29 function base2flt
Unwinding loop 1  iteration  5   file soft_float_3.c.cil.c line 29 function base2flt
Unwinding loop 1  iteration  6   file soft_float_3.c.cil.c line 29 function base2flt
Unwinding loop 1  iteration  7   file soft_float_3.c.cil.c line 29 function base2flt
Unwinding loop 1  iteration  8   file soft_float_3.c.cil.c line 29 function base2flt
Not unwinding 
Symex completed in: 0.002s (61 assignments)
Slicing time: 0.000s (removed 41 assignments)
Generated 19 VCC(s), 19 remaining after simplification (20 assignments)
No solver specified; defaulting to Boolector
Encoding remaining VCC(s) using bit-vector/floating-point arithmetic
Encoding to solver time: 0.000s
Solving with solver Boolector 3.2.1
Encoding to solver time: 0.000s
Runtime decision procedure: 0.000s
The forward condition is unable to prove the property
*** Checking base case, k = 11
Starting Bounded Model Checking
Unwinding loop 1  iteration  1   file soft_float_3.c.cil.c line 29 function base2flt
Unwinding loop 1  iteration  2   file soft_float_3.c.cil.c line 29 function base2flt
Unwinding loop 1  iteration  3   file soft_float_3.c.cil.c line 29 function base2flt
Unwinding loop 1  iteration  4   file soft_float_3.c.cil.c line 29 function base2flt
Unwinding loop 1  iteration  5   file soft_float_3.c.cil.c line 29 function base2flt
Unwinding loop 1  iteration  6   file soft_float_3.c.cil.c line 29 function base2flt
Unwinding loop 1  iteration  7   file soft_float_3.c.cil.c line 29 function base2flt
Unwinding loop 1  iteration  8   file soft_float_3.c.cil.c line 29 function base2flt
Unwinding loop 1  iteration  9   file soft_float_3.c.cil.c line 29 function base2flt
Unwinding loop 1  iteration  10   file soft_float_3.c.cil.c line 29 function base2flt
Not unwinding 
Symex completed in: 0.003s (69 assignments)
Slicing time: 0.000s (removed 45 assignments)
Generated 22 VCC(s), 22 remaining after simplification (24 assignments)
No solver specified; defaulting to Boolector
Encoding remaining VCC(s) using bit-vector/floating-point arithmetic
Encoding to solver time: 0.001s
Solving with solver Boolector 3.2.1
Encoding to solver time: 0.001s
Runtime decision procedure: 0.000s
BMC program time: 0.004s
No bug has been found in the base case
*** Checking forward condition, k = 11
Starting Bounded Model Checking
Unwinding loop 1  iteration  1   file soft_float_3.c.cil.c line 29 function base2flt
Unwinding loop 1  iteration  2   file soft_float_3.c.cil.c line 29 function base2flt
Unwinding loop 1  iteration  3   file soft_float_3.c.cil.c line 29 function base2flt
Unwinding loop 1  iteration  4   file soft_float_3.c.cil.c line 29 function base2flt
Unwinding loop 1  iteration  5   file soft_float_3.c.cil.c line 29 function base2flt
Unwinding loop 1  iteration  6   file soft_float_3.c.cil.c line 29 function base2flt
Unwinding loop 1  iteration  7   file soft_float_3.c.cil.c line 29 function base2flt
Unwinding loop 1  iteration  8   file soft_float_3.c.cil.c line 29 function base2flt
Unwinding loop 1  iteration  9   file soft_float_3.c.cil.c line 29 function base2flt
Unwinding loop 1  iteration  10   file soft_float_3.c.cil.c line 29 function base2flt
Not unwinding 
Symex completed in: 0.002s (69 assignments)
Slicing time: 0.000s (removed 45 assignments)
Generated 23 VCC(s), 23 remaining after simplification (24 assignments)
No solver specified; defaulting to Boolector
Encoding remaining VCC(s) using bit-vector/floating-point arithmetic
Encoding to solver time: 0.000s
Solving with solver Boolector 3.2.1
Encoding to solver time: 0.000s
Runtime decision procedure: 0.001s
The forward condition is unable to prove the property
*** Checking base case, k = 13
Starting Bounded Model Checking
Unwinding loop 1  iteration  1   file soft_float_3.c.cil.c line 29 function base2flt
Unwinding loop 1  iteration  2   file soft_float_3.c.cil.c line 29 function base2flt
Unwinding loop 1  iteration  3   file soft_float_3.c.cil.c line 29 function base2flt
Unwinding loop 1  iteration  4   file soft_float_3.c.cil.c line 29 function base2flt
Unwinding loop 1  iteration  5   file soft_float_3.c.cil.c line 29 function base2flt
Unwinding loop 1  iteration  6   file soft_float_3.c.cil.c line 29 function base2flt
Unwinding loop 1  iteration  7   file soft_float_3.c.cil.c line 29 function base2flt
Unwinding loop 1  iteration  8   file soft_float_3.c.cil.c line 29 function base2flt
Unwinding loop 1  iteration  9   file soft_float_3.c.cil.c line 29 function base2flt
Unwinding loop 1  iteration  10   file soft_float_3.c.cil.c line 29 function base2flt
Unwinding loop 1  iteration  11   file soft_float_3.c.cil.c line 29 function base2flt
Unwinding loop 1  iteration  12   file soft_float_3.c.cil.c line 29 function base2flt
Not unwinding 
Symex completed in: 0.002s (77 assignments)
Slicing time: 0.001s (removed 49 assignments)
Generated 26 VCC(s), 26 remaining after simplification (28 assignments)
No solver specified; defaulting to Boolector
Encoding remaining VCC(s) using bit-vector/floating-point arithmetic
Encoding to solver time: 0.000s
Solving with solver Boolector 3.2.1
Encoding to solver time: 0.000s
Runtime decision procedure: 0.000s
BMC program time: 0.003s
No bug has been found in the base case
*** Checking forward condition, k = 13
Starting Bounded Model Checking
Unwinding loop 1  iteration  1   file soft_float_3.c.cil.c line 29 function base2flt
Unwinding loop 1  iteration  2   file soft_float_3.c.cil.c line 29 function base2flt
Unwinding loop 1  iteration  3   file soft_float_3.c.cil.c line 29 function base2flt
Unwinding loop 1  iteration  4   file soft_float_3.c.cil.c line 29 function base2flt
Unwinding loop 1  iteration  5   file soft_float_3.c.cil.c line 29 function base2flt
Unwinding loop 1  iteration  6   file soft_float_3.c.cil.c line 29 function base2flt
Unwinding loop 1  iteration  7   file soft_float_3.c.cil.c line 29 function base2flt
Unwinding loop 1  iteration  8   file soft_float_3.c.cil.c line 29 function base2flt
Unwinding loop 1  iteration  9   file soft_float_3.c.cil.c line 29 function base2flt
Unwinding loop 1  iteration  10   file soft_float_3.c.cil.c line 29 function base2flt
Unwinding loop 1  iteration  11   file soft_float_3.c.cil.c line 29 function base2flt
Unwinding loop 1  iteration  12   file soft_float_3.c.cil.c line 29 function base2flt
Not unwinding 
Symex completed in: 0.002s (77 assignments)
Slicing time: 0.000s (removed 49 assignments)
Generated 27 VCC(s), 27 remaining after simplification (28 assignments)
No solver specified; defaulting to Boolector
Encoding remaining VCC(s) using bit-vector/floating-point arithmetic
Encoding to solver time: 0.000s
Solving with solver Boolector 3.2.1
Encoding to solver time: 0.000s
Runtime decision procedure: 0.001s
The forward condition is unable to prove the property
*** Checking base case, k = 15
Starting Bounded Model Checking
Unwinding loop 1  iteration  1   file soft_float_3.c.cil.c line 29 function base2flt
Unwinding loop 1  iteration  2   file soft_float_3.c.cil.c line 29 function base2flt
Unwinding loop 1  iteration  3   file soft_float_3.c.cil.c line 29 function base2flt
Unwinding loop 1  iteration  4   file soft_float_3.c.cil.c line 29 function base2flt
Unwinding loop 1  iteration  5   file soft_float_3.c.cil.c line 29 function base2flt
Unwinding loop 1  iteration  6   file soft_float_3.c.cil.c line 29 function base2flt
Unwinding loop 1  iteration  7   file soft_float_3.c.cil.c line 29 function base2flt
Unwinding loop 1  iteration  8   file soft_float_3.c.cil.c line 29 function base2flt
Unwinding loop 1  iteration  9   file soft_float_3.c.cil.c line 29 function base2flt
Unwinding loop 1  iteration  10   file soft_float_3.c.cil.c line 29 function base2flt
Unwinding loop 1  iteration  11   file soft_float_3.c.cil.c line 29 function base2flt
Unwinding loop 1  iteration  12   file soft_float_3.c.cil.c line 29 function base2flt
Unwinding loop 1  iteration  13   file soft_float_3.c.cil.c line 29 function base2flt
Unwinding loop 1  iteration  14   file soft_float_3.c.cil.c line 29 function base2flt
Not unwinding 
Symex completed in: 0.003s (85 assignments)
Slicing time: 0.000s (removed 53 assignments)
Generated 30 VCC(s), 30 remaining after simplification (32 assignments)
No solver specified; defaulting to Boolector
Encoding remaining VCC(s) using bit-vector/floating-point arithmetic
Encoding to solver time: 0.001s
Solving with solver Boolector 3.2.1
Encoding to solver time: 0.001s
Runtime decision procedure: 0.000s
BMC program time: 0.004s
No bug has been found in the base case
*** Checking forward condition, k = 15
Starting Bounded Model Checking
Unwinding loop 1  iteration  1   file soft_float_3.c.cil.c line 29 function base2flt
Unwinding loop 1  iteration  2   file soft_float_3.c.cil.c line 29 function base2flt
Unwinding loop 1  iteration  3   file soft_float_3.c.cil.c line 29 function base2flt
Unwinding loop 1  iteration  4   file soft_float_3.c.cil.c line 29 function base2flt
Unwinding loop 1  iteration  5   file soft_float_3.c.cil.c line 29 function base2flt
Unwinding loop 1  iteration  6   file soft_float_3.c.cil.c line 29 function base2flt
Unwinding loop 1  iteration  7   file soft_float_3.c.cil.c line 29 function base2flt
Unwinding loop 1  iteration  8   file soft_float_3.c.cil.c line 29 function base2flt
Unwinding loop 1  iteration  9   file soft_float_3.c.cil.c line 29 function base2flt
Unwinding loop 1  iteration  10   file soft_float_3.c.cil.c line 29 function base2flt
Unwinding loop 1  iteration  11   file soft_float_3.c.cil.c line 29 function base2flt
Unwinding loop 1  iteration  12   file soft_float_3.c.cil.c line 29 function base2flt
Unwinding loop 1  iteration  13   file soft_float_3.c.cil.c line 29 function base2flt
Unwinding loop 1  iteration  14   file soft_float_3.c.cil.c line 29 function base2flt
Not unwinding 
Symex completed in: 0.003s (85 assignments)
Slicing time: 0.000s (removed 53 assignments)
Generated 31 VCC(s), 31 remaining after simplification (32 assignments)
No solver specified; defaulting to Boolector
Encoding remaining VCC(s) using bit-vector/floating-point arithmetic
Encoding to solver time: 0.001s
Solving with solver Boolector 3.2.1
Encoding to solver time: 0.001s
Runtime decision procedure: 0.000s
The forward condition is unable to prove the property
*** Checking base case, k = 17
Starting Bounded Model Checking
Unwinding loop 1  iteration  1   file soft_float_3.c.cil.c line 29 function base2flt
Unwinding loop 1  iteration  2   file soft_float_3.c.cil.c line 29 function base2flt
Unwinding loop 1  iteration  3   file soft_float_3.c.cil.c line 29 function base2flt
Unwinding loop 1  iteration  4   file soft_float_3.c.cil.c line 29 function base2flt
Unwinding loop 1  iteration  5   file soft_float_3.c.cil.c line 29 function base2flt
Unwinding loop 1  iteration  6   file soft_float_3.c.cil.c line 29 function base2flt
Unwinding loop 1  iteration  7   file soft_float_3.c.cil.c line 29 function base2flt
Unwinding loop 1  iteration  8   file soft_float_3.c.cil.c line 29 function base2flt
Unwinding loop 1  iteration  9   file soft_float_3.c.cil.c line 29 function base2flt
Unwinding loop 1  iteration  10   file soft_float_3.c.cil.c line 29 function base2flt
Unwinding loop 1  iteration  11   file soft_float_3.c.cil.c line 29 function base2flt
Unwinding loop 1  iteration  12   file soft_float_3.c.cil.c line 29 function base2flt
Unwinding loop 1  iteration  13   file soft_float_3.c.cil.c line 29 function base2flt
Unwinding loop 1  iteration  14   file soft_float_3.c.cil.c line 29 function base2flt
Unwinding loop 1  iteration  15   file soft_float_3.c.cil.c line 29 function base2flt
Unwinding loop 1  iteration  16   file soft_float_3.c.cil.c line 29 function base2flt
Not unwinding 
Symex completed in: 0.003s (93 assignments)
Slicing time: 0.001s (removed 57 assignments)
Generated 34 VCC(s), 34 remaining after simplification (36 assignments)
No solver specified; defaulting to Boolector
Encoding remaining VCC(s) using bit-vector/floating-point arithmetic
Encoding to solver time: 0.001s
Solving with solver Boolector 3.2.1
Encoding to solver time: 0.001s
Runtime decision procedure: 0.000s
BMC program time: 0.005s
No bug has been found in the base case
*** Checking forward condition, k = 17
Starting Bounded Model Checking
Unwinding loop 1  iteration  1   file soft_float_3.c.cil.c line 29 function base2flt
Unwinding loop 1  iteration  2   file soft_float_3.c.cil.c line 29 function base2flt
Unwinding loop 1  iteration  3   file soft_float_3.c.cil.c line 29 function base2flt
Unwinding loop 1  iteration  4   file soft_float_3.c.cil.c line 29 function base2flt
Unwinding loop 1  iteration  5   file soft_float_3.c.cil.c line 29 function base2flt
Unwinding loop 1  iteration  6   file soft_float_3.c.cil.c line 29 function base2flt
Unwinding loop 1  iteration  7   file soft_float_3.c.cil.c line 29 function base2flt
Unwinding loop 1  iteration  8   file soft_float_3.c.cil.c line 29 function base2flt
Unwinding loop 1  iteration  9   file soft_float_3.c.cil.c line 29 function base2flt
Unwinding loop 1  iteration  10   file soft_float_3.c.cil.c line 29 function base2flt
Unwinding loop 1  iteration  11   file soft_float_3.c.cil.c line 29 function base2flt
Unwinding loop 1  iteration  12   file soft_float_3.c.cil.c line 29 function base2flt
Unwinding loop 1  iteration  13   file soft_float_3.c.cil.c line 29 function base2flt
Unwinding loop 1  iteration  14   file soft_float_3.c.cil.c line 29 function base2flt
Unwinding loop 1  iteration  15   file soft_float_3.c.cil.c line 29 function base2flt
Unwinding loop 1  iteration  16   file soft_float_3.c.cil.c line 29 function base2flt
Not unwinding 
Symex completed in: 0.003s (93 assignments)
Slicing time: 0.000s (removed 57 assignments)
Generated 35 VCC(s), 35 remaining after simplification (36 assignments)
No solver specified; defaulting to Boolector
Encoding remaining VCC(s) using bit-vector/floating-point arithmetic
Encoding to solver time: 0.000s
Solving with solver Boolector 3.2.1
Encoding to solver time: 0.000s
Runtime decision procedure: 0.000s
The forward condition is unable to prove the property
*** Checking base case, k = 19
Starting Bounded Model Checking
Unwinding loop 1  iteration  1   file soft_float_3.c.cil.c line 29 function base2flt
Unwinding loop 1  iteration  2   file soft_float_3.c.cil.c line 29 function base2flt
Unwinding loop 1  iteration  3   file soft_float_3.c.cil.c line 29 function base2flt
Unwinding loop 1  iteration  4   file soft_float_3.c.cil.c line 29 function base2flt
Unwinding loop 1  iteration  5   file soft_float_3.c.cil.c line 29 function base2flt
Unwinding loop 1  iteration  6   file soft_float_3.c.cil.c line 29 function base2flt
Unwinding loop 1  iteration  7   file soft_float_3.c.cil.c line 29 function base2flt
Unwinding loop 1  iteration  8   file soft_float_3.c.cil.c line 29 function base2flt
Unwinding loop 1  iteration  9   file soft_float_3.c.cil.c line 29 function base2flt
Unwinding loop 1  iteration  10   file soft_float_3.c.cil.c line 29 function base2flt
Unwinding loop 1  iteration  11   file soft_float_3.c.cil.c line 29 function base2flt
Unwinding loop 1  iteration  12   file soft_float_3.c.cil.c line 29 function base2flt
Unwinding loop 1  iteration  13   file soft_float_3.c.cil.c line 29 function base2flt
Unwinding loop 1  iteration  14   file soft_float_3.c.cil.c line 29 function base2flt
Unwinding loop 1  iteration  15   file soft_float_3.c.cil.c line 29 function base2flt
Unwinding loop 1  iteration  16   file soft_float_3.c.cil.c line 29 function base2flt
Unwinding loop 1  iteration  17   file soft_float_3.c.cil.c line 29 function base2flt
Unwinding loop 1  iteration  18   file soft_float_3.c.cil.c line 29 function base2flt
Not unwinding 
Symex completed in: 0.003s (101 assignments)
Slicing time: 0.000s (removed 61 assignments)
Generated 38 VCC(s), 38 remaining after simplification (40 assignments)
No solver specified; defaulting to Boolector
Encoding remaining VCC(s) using bit-vector/floating-point arithmetic
Encoding to solver time: 0.001s
Solving with solver Boolector 3.2.1
Encoding to solver time: 0.001s
Runtime decision procedure: 0.000s
BMC program time: 0.004s
No bug has been found in the base case
*** Checking forward condition, k = 19
Starting Bounded Model Checking
Unwinding loop 1  iteration  1   file soft_float_3.c.cil.c line 29 function base2flt
Unwinding loop 1  iteration  2   file soft_float_3.c.cil.c line 29 function base2flt
Unwinding loop 1  iteration  3   file soft_float_3.c.cil.c line 29 function base2flt
Unwinding loop 1  iteration  4   file soft_float_3.c.cil.c line 29 function base2flt
Unwinding loop 1  iteration  5   file soft_float_3.c.cil.c line 29 function base2flt
Unwinding loop 1  iteration  6   file soft_float_3.c.cil.c line 29 function base2flt
Unwinding loop 1  iteration  7   file soft_float_3.c.cil.c line 29 function base2flt
Unwinding loop 1  iteration  8   file soft_float_3.c.cil.c line 29 function base2flt
Unwinding loop 1  iteration  9   file soft_float_3.c.cil.c line 29 function base2flt
Unwinding loop 1  iteration  10   file soft_float_3.c.cil.c line 29 function base2flt
Unwinding loop 1  iteration  11   file soft_float_3.c.cil.c line 29 function base2flt
Unwinding loop 1  iteration  12   file soft_float_3.c.cil.c line 29 function base2flt
Unwinding loop 1  iteration  13   file soft_float_3.c.cil.c line 29 function base2flt
Unwinding loop 1  iteration  14   file soft_float_3.c.cil.c line 29 function base2flt
Unwinding loop 1  iteration  15   file soft_float_3.c.cil.c line 29 function base2flt
Unwinding loop 1  iteration  16   file soft_float_3.c.cil.c line 29 function base2flt
Unwinding loop 1  iteration  17   file soft_float_3.c.cil.c line 29 function base2flt
Unwinding loop 1  iteration  18   file soft_float_3.c.cil.c line 29 function base2flt
Not unwinding 
Symex completed in: 0.003s (101 assignments)
Slicing time: 0.000s (removed 61 assignments)
Generated 39 VCC(s), 39 remaining after simplification (40 assignments)
No solver specified; defaulting to Boolector
Encoding remaining VCC(s) using bit-vector/floating-point arithmetic
Encoding to solver time: 0.000s
Solving with solver Boolector 3.2.1
Encoding to solver time: 0.000s
Runtime decision procedure: 0.001s
The forward condition is unable to prove the property
*** Checking base case, k = 21
Starting Bounded Model Checking
Unwinding loop 1  iteration  1   file soft_float_3.c.cil.c line 29 function base2flt
Unwinding loop 1  iteration  2   file soft_float_3.c.cil.c line 29 function base2flt
Unwinding loop 1  iteration  3   file soft_float_3.c.cil.c line 29 function base2flt
Unwinding loop 1  iteration  4   file soft_float_3.c.cil.c line 29 function base2flt
Unwinding loop 1  iteration  5   file soft_float_3.c.cil.c line 29 function base2flt
Unwinding loop 1  iteration  6   file soft_float_3.c.cil.c line 29 function base2flt
Unwinding loop 1  iteration  7   file soft_float_3.c.cil.c line 29 function base2flt
Unwinding loop 1  iteration  8   file soft_float_3.c.cil.c line 29 function base2flt
Unwinding loop 1  iteration  9   file soft_float_3.c.cil.c line 29 function base2flt
Unwinding loop 1  iteration  10   file soft_float_3.c.cil.c line 29 function base2flt
Unwinding loop 1  iteration  11   file soft_float_3.c.cil.c line 29 function base2flt
Unwinding loop 1  iteration  12   file soft_float_3.c.cil.c line 29 function base2flt
Unwinding loop 1  iteration  13   file soft_float_3.c.cil.c line 29 function base2flt
Unwinding loop 1  iteration  14   file soft_float_3.c.cil.c line 29 function base2flt
Unwinding loop 1  iteration  15   file soft_float_3.c.cil.c line 29 function base2flt
Unwinding loop 1  iteration  16   file soft_float_3.c.cil.c line 29 function base2flt
Unwinding loop 1  iteration  17   file soft_float_3.c.cil.c line 29 function base2flt
Unwinding loop 1  iteration  18   file soft_float_3.c.cil.c line 29 function base2flt
Unwinding loop 1  iteration  19   file soft_float_3.c.cil.c line 29 function base2flt
Unwinding loop 1  iteration  20   file soft_float_3.c.cil.c line 29 function base2flt
Not unwinding 
Symex completed in: 0.003s (109 assignments)
Slicing time: 0.001s (removed 65 assignments)
Generated 42 VCC(s), 42 remaining after simplification (44 assignments)
No solver specified; defaulting to Boolector
Encoding remaining VCC(s) using bit-vector/floating-point arithmetic
Encoding to solver time: 0.001s
Solving with solver Boolector 3.2.1
Encoding to solver time: 0.001s
Runtime decision procedure: 0.000s
BMC program time: 0.005s
No bug has been found in the base case
*** Checking forward condition, k = 21
Starting Bounded Model Checking
Unwinding loop 1  iteration  1   file soft_float_3.c.cil.c line 29 function base2flt
Unwinding loop 1  iteration  2   file soft_float_3.c.cil.c line 29 function base2flt
Unwinding loop 1  iteration  3   file soft_float_3.c.cil.c line 29 function base2flt
Unwinding loop 1  iteration  4   file soft_float_3.c.cil.c line 29 function base2flt
Unwinding loop 1  iteration  5   file soft_float_3.c.cil.c line 29 function base2flt
Unwinding loop 1  iteration  6   file soft_float_3.c.cil.c line 29 function base2flt
Unwinding loop 1  iteration  7   file soft_float_3.c.cil.c line 29 function base2flt
Unwinding loop 1  iteration  8   file soft_float_3.c.cil.c line 29 function base2flt
Unwinding loop 1  iteration  9   file soft_float_3.c.cil.c line 29 function base2flt
Unwinding loop 1  iteration  10   file soft_float_3.c.cil.c line 29 function base2flt
Unwinding loop 1  iteration  11   file soft_float_3.c.cil.c line 29 function base2flt
Unwinding loop 1  iteration  12   file soft_float_3.c.cil.c line 29 function base2flt
Unwinding loop 1  iteration  13   file soft_float_3.c.cil.c line 29 function base2flt
Unwinding loop 1  iteration  14   file soft_float_3.c.cil.c line 29 function base2flt
Unwinding loop 1  iteration  15   file soft_float_3.c.cil.c line 29 function base2flt
Unwinding loop 1  iteration  16   file soft_float_3.c.cil.c line 29 function base2flt
Unwinding loop 1  iteration  17   file soft_float_3.c.cil.c line 29 function base2flt
Unwinding loop 1  iteration  18   file soft_float_3.c.cil.c line 29 function base2flt
Unwinding loop 1  iteration  19   file soft_float_3.c.cil.c line 29 function base2flt
Unwinding loop 1  iteration  20   file soft_float_3.c.cil.c line 29 function base2flt
Not unwinding 
Symex completed in: 0.003s (109 assignments)
Slicing time: 0.000s (removed 65 assignments)
Generated 43 VCC(s), 43 remaining after simplification (44 assignments)
No solver specified; defaulting to Boolector
Encoding remaining VCC(s) using bit-vector/floating-point arithmetic
Encoding to solver time: 0.000s
Solving with solver Boolector 3.2.1
Encoding to solver time: 0.000s
Runtime decision procedure: 0.001s
The forward condition is unable to prove the property
*** Checking base case, k = 23
Starting Bounded Model Checking
Unwinding loop 1  iteration  1   file soft_float_3.c.cil.c line 29 function base2flt
Unwinding loop 1  iteration  2   file soft_float_3.c.cil.c line 29 function base2flt
Unwinding loop 1  iteration  3   file soft_float_3.c.cil.c line 29 function base2flt
Unwinding loop 1  iteration  4   file soft_float_3.c.cil.c line 29 function base2flt
Unwinding loop 1  iteration  5   file soft_float_3.c.cil.c line 29 function base2flt
Unwinding loop 1  iteration  6   file soft_float_3.c.cil.c line 29 function base2flt
Unwinding loop 1  iteration  7   file soft_float_3.c.cil.c line 29 function base2flt
Unwinding loop 1  iteration  8   file soft_float_3.c.cil.c line 29 function base2flt
Unwinding loop 1  iteration  9   file soft_float_3.c.cil.c line 29 function base2flt
Unwinding loop 1  iteration  10   file soft_float_3.c.cil.c line 29 function base2flt
Unwinding loop 1  iteration  11   file soft_float_3.c.cil.c line 29 function base2flt
Unwinding loop 1  iteration  12   file soft_float_3.c.cil.c line 29 function base2flt
Unwinding loop 1  iteration  13   file soft_float_3.c.cil.c line 29 function base2flt
Unwinding loop 1  iteration  14   file soft_float_3.c.cil.c line 29 function base2flt
Unwinding loop 1  iteration  15   file soft_float_3.c.cil.c line 29 function base2flt
Unwinding loop 1  iteration  16   file soft_float_3.c.cil.c line 29 function base2flt
Unwinding loop 1  iteration  17   file soft_float_3.c.cil.c line 29 function base2flt
Unwinding loop 1  iteration  18   file soft_float_3.c.cil.c line 29 function base2flt
Unwinding loop 1  iteration  19   file soft_float_3.c.cil.c line 29 function base2flt
Unwinding loop 1  iteration  20   file soft_float_3.c.cil.c line 29 function base2flt
Unwinding loop 1  iteration  21   file soft_float_3.c.cil.c line 29 function base2flt
Unwinding loop 1  iteration  22   file soft_float_3.c.cil.c line 29 function base2flt
Not unwinding 
Symex completed in: 0.004s (117 assignments)
Slicing time: 0.000s (removed 69 assignments)
Generated 46 VCC(s), 46 remaining after simplification (48 assignments)
No solver specified; defaulting to Boolector
Encoding remaining VCC(s) using bit-vector/floating-point arithmetic
Encoding to solver time: 0.000s
Solving with solver Boolector 3.2.1
Encoding to solver time: 0.000s
Runtime decision procedure: 0.000s
BMC program time: 0.005s
No bug has been found in the base case
*** Checking forward condition, k = 23
Starting Bounded Model Checking
Unwinding loop 1  iteration  1   file soft_float_3.c.cil.c line 29 function base2flt
Unwinding loop 1  iteration  2   file soft_float_3.c.cil.c line 29 function base2flt
Unwinding loop 1  iteration  3   file soft_float_3.c.cil.c line 29 function base2flt
Unwinding loop 1  iteration  4   file soft_float_3.c.cil.c line 29 function base2flt
Unwinding loop 1  iteration  5   file soft_float_3.c.cil.c line 29 function base2flt
Unwinding loop 1  iteration  6   file soft_float_3.c.cil.c line 29 function base2flt
Unwinding loop 1  iteration  7   file soft_float_3.c.cil.c line 29 function base2flt
Unwinding loop 1  iteration  8   file soft_float_3.c.cil.c line 29 function base2flt
Unwinding loop 1  iteration  9   file soft_float_3.c.cil.c line 29 function base2flt
Unwinding loop 1  iteration  10   file soft_float_3.c.cil.c line 29 function base2flt
Unwinding loop 1  iteration  11   file soft_float_3.c.cil.c line 29 function base2flt
Unwinding loop 1  iteration  12   file soft_float_3.c.cil.c line 29 function base2flt
Unwinding loop 1  iteration  13   file soft_float_3.c.cil.c line 29 function base2flt
Unwinding loop 1  iteration  14   file soft_float_3.c.cil.c line 29 function base2flt
Unwinding loop 1  iteration  15   file soft_float_3.c.cil.c line 29 function base2flt
Unwinding loop 1  iteration  16   file soft_float_3.c.cil.c line 29 function base2flt
Unwinding loop 1  iteration  17   file soft_float_3.c.cil.c line 29 function base2flt
Unwinding loop 1  iteration  18   file soft_float_3.c.cil.c line 29 function base2flt
Unwinding loop 1  iteration  19   file soft_float_3.c.cil.c line 29 function base2flt
Unwinding loop 1  iteration  20   file soft_float_3.c.cil.c line 29 function base2flt
Unwinding loop 1  iteration  21   file soft_float_3.c.cil.c line 29 function base2flt
Unwinding loop 1  iteration  22   file soft_float_3.c.cil.c line 29 function base2flt
Not unwinding 
Symex completed in: 0.004s (117 assignments)
Slicing time: 0.000s (removed 69 assignments)
Generated 47 VCC(s), 47 remaining after simplification (48 assignments)
No solver specified; defaulting to Boolector
Encoding remaining VCC(s) using bit-vector/floating-point arithmetic
Encoding to solver time: 0.000s
Solving with solver Boolector 3.2.1
Encoding to solver time: 0.000s
Runtime decision procedure: 0.001s
The forward condition is unable to prove the property
*** Checking base case, k = 25
Starting Bounded Model Checking
Unwinding loop 1  iteration  1   file soft_float_3.c.cil.c line 29 function base2flt
Unwinding loop 1  iteration  2   file soft_float_3.c.cil.c line 29 function base2flt
Unwinding loop 1  iteration  3   file soft_float_3.c.cil.c line 29 function base2flt
Unwinding loop 1  iteration  4   file soft_float_3.c.cil.c line 29 function base2flt
Unwinding loop 1  iteration  5   file soft_float_3.c.cil.c line 29 function base2flt
Unwinding loop 1  iteration  6   file soft_float_3.c.cil.c line 29 function base2flt
Unwinding loop 1  iteration  7   file soft_float_3.c.cil.c line 29 function base2flt
Unwinding loop 1  iteration  8   file soft_float_3.c.cil.c line 29 function base2flt
Unwinding loop 1  iteration  9   file soft_float_3.c.cil.c line 29 function base2flt
Unwinding loop 1  iteration  10   file soft_float_3.c.cil.c line 29 function base2flt
Unwinding loop 1  iteration  11   file soft_float_3.c.cil.c line 29 function base2flt
Unwinding loop 1  iteration  12   file soft_float_3.c.cil.c line 29 function base2flt
Unwinding loop 1  iteration  13   file soft_float_3.c.cil.c line 29 function base2flt
Unwinding loop 1  iteration  14   file soft_float_3.c.cil.c line 29 function base2flt
Unwinding loop 1  iteration  15   file soft_float_3.c.cil.c line 29 function base2flt
Unwinding loop 1  iteration  16   file soft_float_3.c.cil.c line 29 function base2flt
Unwinding loop 1  iteration  17   file soft_float_3.c.cil.c line 29 function base2flt
Unwinding loop 1  iteration  18   file soft_float_3.c.cil.c line 29 function base2flt
Unwinding loop 1  iteration  19   file soft_float_3.c.cil.c line 29 function base2flt
Unwinding loop 1  iteration  20   file soft_float_3.c.cil.c line 29 function base2flt
Unwinding loop 1  iteration  21   file soft_float_3.c.cil.c line 29 function base2flt
Unwinding loop 1  iteration  22   file soft_float_3.c.cil.c line 29 function base2flt
Unwinding loop 1  iteration  23   file soft_float_3.c.cil.c line 29 function base2flt
Unwinding loop 1  iteration  1   file soft_float_3.c.cil.c line 29 function base2flt
Unwinding loop 1  iteration  2   file soft_float_3.c.cil.c line 29 function base2flt
Unwinding loop 1  iteration  3   file soft_float_3.c.cil.c line 29 function base2flt
Unwinding loop 1  iteration  4   file soft_float_3.c.cil.c line 29 function base2flt
Unwinding loop 1  iteration  5   file soft_float_3.c.cil.c line 29 function base2flt
Unwinding loop 1  iteration  6   file soft_float_3.c.cil.c line 29 function base2flt
Unwinding loop 1  iteration  7   file soft_float_3.c.cil.c line 29 function base2flt
Unwinding loop 1  iteration  8   file soft_float_3.c.cil.c line 29 function base2flt
Unwinding loop 1  iteration  9   file soft_float_3.c.cil.c line 29 function base2flt
Unwinding loop 1  iteration  10   file soft_float_3.c.cil.c line 29 function base2flt
Unwinding loop 1  iteration  11   file soft_float_3.c.cil.c line 29 function base2flt
Unwinding loop 1  iteration  12   file soft_float_3.c.cil.c line 29 function base2flt
Unwinding loop 1  iteration  13   file soft_float_3.c.cil.c line 29 function base2flt
Unwinding loop 1  iteration  14   file soft_float_3.c.cil.c line 29 function base2flt
Unwinding loop 1  iteration  15   file soft_float_3.c.cil.c line 29 function base2flt
Unwinding loop 1  iteration  16   file soft_float_3.c.cil.c line 29 function base2flt
Unwinding loop 1  iteration  17   file soft_float_3.c.cil.c line 29 function base2flt
Unwinding loop 1  iteration  18   file soft_float_3.c.cil.c line 29 function base2flt
Unwinding loop 1  iteration  19   file soft_float_3.c.cil.c line 29 function base2flt
Unwinding loop 1  iteration  20   file soft_float_3.c.cil.c line 29 function base2flt
Unwinding loop 1  iteration  21   file soft_float_3.c.cil.c line 29 function base2flt
Unwinding loop 1  iteration  22   file soft_float_3.c.cil.c line 29 function base2flt
Unwinding loop 1  iteration  23   file soft_float_3.c.cil.c line 29 function base2flt
Unwinding loop 1  iteration  24   file soft_float_3.c.cil.c line 29 function base2flt
Not unwinding 
Unwinding loop 2  iteration  1   file soft_float_3.c.cil.c line 49 function base2flt
Unwinding loop 2  iteration  2   file soft_float_3.c.cil.c line 49 function base2flt
Unwinding loop 2  iteration  3   file soft_float_3.c.cil.c line 49 function base2flt
Unwinding loop 2  iteration  4   file soft_float_3.c.cil.c line 49 function base2flt
Unwinding loop 2  iteration  5   file soft_float_3.c.cil.c line 49 function base2flt
Unwinding loop 2  iteration  6   file soft_float_3.c.cil.c line 49 function base2flt
Unwinding loop 2  iteration  7   file soft_float_3.c.cil.c line 49 function base2flt
Unwinding loop 2  iteration  8   file soft_float_3.c.cil.c line 49 function base2flt
Unwinding loop 2  iteration  9   file soft_float_3.c.cil.c line 49 function base2flt
Unwinding loop 2  iteration  10   file soft_float_3.c.cil.c line 49 function base2flt
Unwinding loop 2  iteration  11   file soft_float_3.c.cil.c line 49 function base2flt
Unwinding loop 2  iteration  12   file soft_float_3.c.cil.c line 49 function base2flt
Unwinding loop 2  iteration  13   file soft_float_3.c.cil.c line 49 function base2flt
Unwinding loop 2  iteration  14   file soft_float_3.c.cil.c line 49 function base2flt
Unwinding loop 2  iteration  15   file soft_float_3.c.cil.c line 49 function base2flt
Unwinding loop 2  iteration  16   file soft_float_3.c.cil.c line 49 function base2flt
Unwinding loop 2  iteration  17   file soft_float_3.c.cil.c line 49 function base2flt
Unwinding loop 2  iteration  18   file soft_float_3.c.cil.c line 49 function base2flt
Unwinding loop 2  iteration  19   file soft_float_3.c.cil.c line 49 function base2flt
Unwinding loop 2  iteration  20   file soft_float_3.c.cil.c line 49 function base2flt
Unwinding loop 2  iteration  21   file soft_float_3.c.cil.c line 49 function base2flt
Unwinding loop 2  iteration  22   file soft_float_3.c.cil.c line 49 function base2flt
Unwinding loop 2  iteration  23   file soft_float_3.c.cil.c line 49 function base2flt
Unwinding loop 2  iteration  24   file soft_float_3.c.cil.c line 49 function base2flt
Not unwinding 
Unwinding loop 1  iteration  1   file soft_float_3.c.cil.c line 29 function base2flt
Unwinding loop 1  iteration  2   file soft_float_3.c.cil.c line 29 function base2flt
Unwinding loop 1  iteration  3   file soft_float_3.c.cil.c line 29 function base2flt
Unwinding loop 1  iteration  4   file soft_float_3.c.cil.c line 29 function base2flt
Unwinding loop 1  iteration  5   file soft_float_3.c.cil.c line 29 function base2flt
Unwinding loop 1  iteration  6   file soft_float_3.c.cil.c line 29 function base2flt
Unwinding loop 1  iteration  7   file soft_float_3.c.cil.c line 29 function base2flt
Unwinding loop 1  iteration  8   file soft_float_3.c.cil.c line 29 function base2flt
Unwinding loop 1  iteration  9   file soft_float_3.c.cil.c line 29 function base2flt
Unwinding loop 1  iteration  10   file soft_float_3.c.cil.c line 29 function base2flt
Unwinding loop 1  iteration  11   file soft_float_3.c.cil.c line 29 function base2flt
Unwinding loop 1  iteration  12   file soft_float_3.c.cil.c line 29 function base2flt
Unwinding loop 1  iteration  13   file soft_float_3.c.cil.c line 29 function base2flt
Unwinding loop 1  iteration  14   file soft_float_3.c.cil.c line 29 function base2flt
Unwinding loop 1  iteration  15   file soft_float_3.c.cil.c line 29 function base2flt
Unwinding loop 1  iteration  16   file soft_float_3.c.cil.c line 29 function base2flt
Unwinding loop 1  iteration  17   file soft_float_3.c.cil.c line 29 function base2flt
Unwinding loop 1  iteration  18   file soft_float_3.c.cil.c line 29 function base2flt
Unwinding loop 1  iteration  19   file soft_float_3.c.cil.c line 29 function base2flt
Unwinding loop 1  iteration  20   file soft_float_3.c.cil.c line 29 function base2flt
Unwinding loop 1  iteration  21   file soft_float_3.c.cil.c line 29 function base2flt
Unwinding loop 1  iteration  22   file soft_float_3.c.cil.c line 29 function base2flt
Unwinding loop 1  iteration  23   file soft_float_3.c.cil.c line 29 function base2flt
Unwinding loop 1  iteration  24   file soft_float_3.c.cil.c line 29 function base2flt
Not unwinding 
Unwinding loop 2  iteration  1   file soft_float_3.c.cil.c line 49 function base2flt
Unwinding loop 2  iteration  2   file soft_float_3.c.cil.c line 49 function base2flt
Unwinding loop 2  iteration  3   file soft_float_3.c.cil.c line 49 function base2flt
Unwinding loop 2  iteration  4   file soft_float_3.c.cil.c line 49 function base2flt
Unwinding loop 2  iteration  5   file soft_float_3.c.cil.c line 49 function base2flt
Unwinding loop 2  iteration  6   file soft_float_3.c.cil.c line 49 function base2flt
Unwinding loop 2  iteration  7   file soft_float_3.c.cil.c line 49 function base2flt
Unwinding loop 2  iteration  8   file soft_float_3.c.cil.c line 49 function base2flt
Unwinding loop 2  iteration  9   file soft_float_3.c.cil.c line 49 function base2flt
Unwinding loop 2  iteration  10   file soft_float_3.c.cil.c line 49 function base2flt
Unwinding loop 2  iteration  11   file soft_float_3.c.cil.c line 49 function base2flt
Unwinding loop 2  iteration  12   file soft_float_3.c.cil.c line 49 function base2flt
Unwinding loop 2  iteration  13   file soft_float_3.c.cil.c line 49 function base2flt
Unwinding loop 2  iteration  14   file soft_float_3.c.cil.c line 49 function base2flt
Unwinding loop 2  iteration  15   file soft_float_3.c.cil.c line 49 function base2flt
Unwinding loop 2  iteration  16   file soft_float_3.c.cil.c line 49 function base2flt
Unwinding loop 2  iteration  17   file soft_float_3.c.cil.c line 49 function base2flt
Unwinding loop 2  iteration  18   file soft_float_3.c.cil.c line 49 function base2flt
Unwinding loop 2  iteration  19   file soft_float_3.c.cil.c line 49 function base2flt
Unwinding loop 2  iteration  20   file soft_float_3.c.cil.c line 49 function base2flt
Unwinding loop 2  iteration  21   file soft_float_3.c.cil.c line 49 function base2flt
Unwinding loop 2  iteration  22   file soft_float_3.c.cil.c line 49 function base2flt
Unwinding loop 2  iteration  23   file soft_float_3.c.cil.c line 49 function base2flt
Unwinding loop 2  iteration  24   file soft_float_3.c.cil.c line 49 function base2flt
Not unwinding 
Symex completed in: 0.257s (1604 assignments)
Slicing time: 0.040s (removed 606 assignments)
Generated 214 VCC(s), 214 remaining after simplification (998 assignments)
No solver specified; defaulting to Boolector
Encoding remaining VCC(s) using bit-vector/floating-point arithmetic
Encoding to solver time: 0.021s
Solving with solver Boolector 3.2.1
Encoding to solver time: 0.021s
Runtime decision procedure: 1.049s
Building error trace

Counterexample:

State 1 file soft_float_3.c.cil.c line 214 function main thread 0
----------------------------------------------------
  ma = 16777216 (00000001 00000000 00000000 00000000)

State 2 file soft_float_3.c.cil.c line 215 function main thread 0
----------------------------------------------------
  ea = 24 (00011000)

State 3 file soft_float_3.c.cil.c line 217 function main thread 0
----------------------------------------------------
  mb = 262146 (00000000 00000100 00000000 00000010)

State 4 file soft_float_3.c.cil.c line 218 function main thread 0
----------------------------------------------------
  eb = -113 (10001111)

State 55 file soft_float_3.c.cil.c line 68 function base2flt thread 0
----------------------------------------------------
  m = 0 (00000000 00000000 00000000 00000000)

State 57 file soft_float_3.c.cil.c line 69 function base2flt thread 0
----------------------------------------------------
Violated property:
  file soft_float_3.c.cil.c line 69 function base2flt
  arithmetic overflow on shl
  !overflow("shl", e + 128, 24)


VERIFICATION FAILED

Bug found (k = 25)


FALSE_OVERFLOW
