./esbmc-wrapper.py -p ../sv-benchmarks/c/properties/unreach-call.prp -s kinduction --arch 64 ../sv-benchmarks/c/ldv-linux-3.4-simple/32_1_cilled_ok_nondet_linux-3.4-32_1-drivers--media--dvb--dvb-usb--mxl111sf-demod.ko-ldv_main0_sequence_infinite_withcheck_stateful.cil.out.i


--------------------------------------------------------------------------------


Verifying with ESBMC
Command: ./esbmc --no-div-by-zero-check --force-malloc-success --state-hashing --no-align-check --k-step 2 --floatbv --unlimited-k-steps ../sv-benchmarks/c/ldv-linux-3.4-simple/32_1_cilled_ok_nondet_linux-3.4-32_1-drivers--media--dvb--dvb-usb--mxl111sf-demod.ko-ldv_main0_sequence_infinite_withcheck_stateful.cil.out.i --64 --witness-output 32_1_cilled_ok_nondet_linux-3.4-32_1-drivers--media--dvb--dvb-usb--mxl111sf-demod.ko-ldv_main0_sequence_infinite_withcheck_stateful.cil.out.i.graphml --no-pointer-check --no-bounds-check --interval-analysis --k-induction --max-inductive-step 3 
ESBMC version 6.8.0 64-bit x86_64 linux
Target: 64-bit little-endian x86_64-unknown-linux with esbmc libc
file ../sv-benchmarks/c/ldv-linux-3.4-simple/32_1_cilled_ok_nondet_linux-3.4-32_1-drivers--media--dvb--dvb-usb--mxl111sf-demod.ko-ldv_main0_sequence_infinite_withcheck_stateful.cil.out.i: Parsing
Converting
Generating GOTO Program
GOTO program creation time: 0.295s
GOTO program processing time: 0.016s
*** Checking base case, k = 1
Starting Bounded Model Checking
No target candidate for function call *__cil_tmp76
No target candidate for function call *__cil_tmp15
No target candidate for function call *__cil_tmp16
No target candidate for function call *__cil_tmp18
No target candidate for function call *__cil_tmp30
No target candidate for function call *__cil_tmp12
No target candidate for function call *__cil_tmp12
No target candidate for function call *__cil_tmp12
No target candidate for function call *__cil_tmp12
No target candidate for function call *__cil_tmp12
No target candidate for function call *__cil_tmp12
No target candidate for function call *__cil_tmp12
No target candidate for function call *__cil_tmp12
No target candidate for function call *__cil_tmp12
No target candidate for function call *__cil_tmp12
No target candidate for function call *__cil_tmp12
No target candidate for function call *__cil_tmp12
No target candidate for function call *__cil_tmp12
No target candidate for function call *__cil_tmp12
No target candidate for function call *__cil_tmp12
No target candidate for function call *__cil_tmp12
No target candidate for function call *__cil_tmp12
No target candidate for function call *__cil_tmp12
No target candidate for function call *__cil_tmp12
No target candidate for function call *__cil_tmp12
Not unwinding 
Symex completed in: 0.098s (1126 assignments)
Slicing time: 0.001s (removed 1112 assignments)
Generated 0 VCC(s), 0 remaining after simplification (14 assignments)
BMC program time: 0.099s
No bug has been found in the base case
*** Checking forward condition, k = 1
Starting Bounded Model Checking
No target candidate for function call *__cil_tmp76
No target candidate for function call *__cil_tmp15
No target candidate for function call *__cil_tmp16
No target candidate for function call *__cil_tmp18
No target candidate for function call *__cil_tmp30
No target candidate for function call *__cil_tmp12
No target candidate for function call *__cil_tmp12
No target candidate for function call *__cil_tmp12
No target candidate for function call *__cil_tmp12
No target candidate for function call *__cil_tmp12
No target candidate for function call *__cil_tmp12
No target candidate for function call *__cil_tmp12
No target candidate for function call *__cil_tmp12
No target candidate for function call *__cil_tmp12
No target candidate for function call *__cil_tmp12
No target candidate for function call *__cil_tmp12
No target candidate for function call *__cil_tmp12
No target candidate for function call *__cil_tmp12
No target candidate for function call *__cil_tmp12
No target candidate for function call *__cil_tmp12
No target candidate for function call *__cil_tmp12
No target candidate for function call *__cil_tmp12
No target candidate for function call *__cil_tmp12
No target candidate for function call *__cil_tmp12
No target candidate for function call *__cil_tmp12
Not unwinding 
Symex completed in: 0.108s (1126 assignments)
Slicing time: 0.001s (removed 1112 assignments)
Generated 1 VCC(s), 1 remaining after simplification (14 assignments)
No solver specified; defaulting to Boolector
Encoding remaining VCC(s) using bit-vector/floating-point arithmetic
Encoding to solver time: 0.000s
Solving with solver Boolector 3.2.1
Encoding to solver time: 0.000s
Runtime decision procedure: 0.004s
The forward condition is unable to prove the property
*** Checking base case, k = 3
Starting Bounded Model Checking
No target candidate for function call *__cil_tmp76
No target candidate for function call *__cil_tmp15
No target candidate for function call *__cil_tmp16
No target candidate for function call *__cil_tmp18
No target candidate for function call *__cil_tmp30
No target candidate for function call *__cil_tmp12
No target candidate for function call *__cil_tmp12
No target candidate for function call *__cil_tmp12
No target candidate for function call *__cil_tmp12
No target candidate for function call *__cil_tmp12
No target candidate for function call *__cil_tmp12
No target candidate for function call *__cil_tmp12
No target candidate for function call *__cil_tmp12
No target candidate for function call *__cil_tmp12
No target candidate for function call *__cil_tmp12
No target candidate for function call *__cil_tmp12
No target candidate for function call *__cil_tmp12
No target candidate for function call *__cil_tmp12
No target candidate for function call *__cil_tmp12
No target candidate for function call *__cil_tmp12
No target candidate for function call *__cil_tmp12
No target candidate for function call *__cil_tmp12
No target candidate for function call *__cil_tmp12
No target candidate for function call *__cil_tmp12
No target candidate for function call *__cil_tmp12
Unwinding loop 2  iteration  1   file 32_1_cilled_ok_nondet_linux-3.4-32_1-drivers--media--dvb--dvb-usb--mxl111sf-demod.ko-ldv_main0_sequence_infinite_withcheck_stateful.cil.out.i line 7963 function main
No target candidate for function call *__cil_tmp76
No target candidate for function call *__cil_tmp15
No target candidate for function call *__cil_tmp16
No target candidate for function call *__cil_tmp18
No target candidate for function call *__cil_tmp30
No target candidate for function call *__cil_tmp12
No target candidate for function call *__cil_tmp12
No target candidate for function call *__cil_tmp12
No target candidate for function call *__cil_tmp12
No target candidate for function call *__cil_tmp12
No target candidate for function call *__cil_tmp12
No target candidate for function call *__cil_tmp12
No target candidate for function call *__cil_tmp12
No target candidate for function call *__cil_tmp12
No target candidate for function call *__cil_tmp12
No target candidate for function call *__cil_tmp12
No target candidate for function call *__cil_tmp12
No target candidate for function call *__cil_tmp12
No target candidate for function call *__cil_tmp12
No target candidate for function call *__cil_tmp12
No target candidate for function call *__cil_tmp12
No target candidate for function call *__cil_tmp12
No target candidate for function call *__cil_tmp12
No target candidate for function call *__cil_tmp12
No target candidate for function call *__cil_tmp12
Unwinding loop 2  iteration  2   file 32_1_cilled_ok_nondet_linux-3.4-32_1-drivers--media--dvb--dvb-usb--mxl111sf-demod.ko-ldv_main0_sequence_infinite_withcheck_stateful.cil.out.i line 7963 function main
No target candidate for function call *__cil_tmp76
No target candidate for function call *__cil_tmp15
No target candidate for function call *__cil_tmp16
No target candidate for function call *__cil_tmp18
No target candidate for function call *__cil_tmp30
No target candidate for function call *__cil_tmp12
No target candidate for function call *__cil_tmp12
No target candidate for function call *__cil_tmp12
No target candidate for function call *__cil_tmp12
No target candidate for function call *__cil_tmp12
No target candidate for function call *__cil_tmp12
No target candidate for function call *__cil_tmp12
No target candidate for function call *__cil_tmp12
No target candidate for function call *__cil_tmp12
No target candidate for function call *__cil_tmp12
No target candidate for function call *__cil_tmp12
No target candidate for function call *__cil_tmp12
No target candidate for function call *__cil_tmp12
No target candidate for function call *__cil_tmp12
No target candidate for function call *__cil_tmp12
No target candidate for function call *__cil_tmp12
No target candidate for function call *__cil_tmp12
No target candidate for function call *__cil_tmp12
No target candidate for function call *__cil_tmp12
No target candidate for function call *__cil_tmp12
Not unwinding 
Symex completed in: 0.443s (3331 assignments)
Slicing time: 0.004s (removed 3293 assignments)
Generated 0 VCC(s), 0 remaining after simplification (38 assignments)
BMC program time: 0.447s
No bug has been found in the base case
*** Checking forward condition, k = 3
Starting Bounded Model Checking
No target candidate for function call *__cil_tmp76
No target candidate for function call *__cil_tmp15
No target candidate for function call *__cil_tmp16
No target candidate for function call *__cil_tmp18
No target candidate for function call *__cil_tmp30
No target candidate for function call *__cil_tmp12
No target candidate for function call *__cil_tmp12
No target candidate for function call *__cil_tmp12
No target candidate for function call *__cil_tmp12
No target candidate for function call *__cil_tmp12
No target candidate for function call *__cil_tmp12
No target candidate for function call *__cil_tmp12
No target candidate for function call *__cil_tmp12
No target candidate for function call *__cil_tmp12
No target candidate for function call *__cil_tmp12
No target candidate for function call *__cil_tmp12
No target candidate for function call *__cil_tmp12
No target candidate for function call *__cil_tmp12
No target candidate for function call *__cil_tmp12
No target candidate for function call *__cil_tmp12
No target candidate for function call *__cil_tmp12
No target candidate for function call *__cil_tmp12
No target candidate for function call *__cil_tmp12
No target candidate for function call *__cil_tmp12
No target candidate for function call *__cil_tmp12
Unwinding loop 2  iteration  1   file 32_1_cilled_ok_nondet_linux-3.4-32_1-drivers--media--dvb--dvb-usb--mxl111sf-demod.ko-ldv_main0_sequence_infinite_withcheck_stateful.cil.out.i line 7963 function main
No target candidate for function call *__cil_tmp76
No target candidate for function call *__cil_tmp15
No target candidate for function call *__cil_tmp16
No target candidate for function call *__cil_tmp18
No target candidate for function call *__cil_tmp30
No target candidate for function call *__cil_tmp12
No target candidate for function call *__cil_tmp12
No target candidate for function call *__cil_tmp12
No target candidate for function call *__cil_tmp12
No target candidate for function call *__cil_tmp12
No target candidate for function call *__cil_tmp12
No target candidate for function call *__cil_tmp12
No target candidate for function call *__cil_tmp12
No target candidate for function call *__cil_tmp12
No target candidate for function call *__cil_tmp12
No target candidate for function call *__cil_tmp12
No target candidate for function call *__cil_tmp12
No target candidate for function call *__cil_tmp12
No target candidate for function call *__cil_tmp12
No target candidate for function call *__cil_tmp12
No target candidate for function call *__cil_tmp12
No target candidate for function call *__cil_tmp12
No target candidate for function call *__cil_tmp12
No target candidate for function call *__cil_tmp12
No target candidate for function call *__cil_tmp12
Unwinding loop 2  iteration  2   file 32_1_cilled_ok_nondet_linux-3.4-32_1-drivers--media--dvb--dvb-usb--mxl111sf-demod.ko-ldv_main0_sequence_infinite_withcheck_stateful.cil.out.i line 7963 function main
No target candidate for function call *__cil_tmp76
No target candidate for function call *__cil_tmp15
No target candidate for function call *__cil_tmp16
No target candidate for function call *__cil_tmp18
No target candidate for function call *__cil_tmp30
No target candidate for function call *__cil_tmp12
No target candidate for function call *__cil_tmp12
No target candidate for function call *__cil_tmp12
No target candidate for function call *__cil_tmp12
No target candidate for function call *__cil_tmp12
No target candidate for function call *__cil_tmp12
No target candidate for function call *__cil_tmp12
No target candidate for function call *__cil_tmp12
No target candidate for function call *__cil_tmp12
No target candidate for function call *__cil_tmp12
No target candidate for function call *__cil_tmp12
No target candidate for function call *__cil_tmp12
No target candidate for function call *__cil_tmp12
No target candidate for function call *__cil_tmp12
No target candidate for function call *__cil_tmp12
No target candidate for function call *__cil_tmp12
No target candidate for function call *__cil_tmp12
No target candidate for function call *__cil_tmp12
No target candidate for function call *__cil_tmp12
No target candidate for function call *__cil_tmp12
Not unwinding 
Symex completed in: 0.491s (3331 assignments)
Slicing time: 0.003s (removed 3293 assignments)
Generated 1 VCC(s), 1 remaining after simplification (38 assignments)
No solver specified; defaulting to Boolector
Encoding remaining VCC(s) using bit-vector/floating-point arithmetic
Encoding to solver time: 0.001s
Solving with solver Boolector 3.2.1
Encoding to solver time: 0.001s
Runtime decision procedure: 0.008s
The forward condition is unable to prove the property
*** Checking inductive step, k = 3
Starting Bounded Model Checking
No target candidate for function call *__cil_tmp76
No target candidate for function call *__cil_tmp15
No target candidate for function call *__cil_tmp16
No target candidate for function call *__cil_tmp18
No target candidate for function call *__cil_tmp30
No target candidate for function call *__cil_tmp12
No target candidate for function call *__cil_tmp12
No target candidate for function call *__cil_tmp12
No target candidate for function call *__cil_tmp12
No target candidate for function call *__cil_tmp12
No target candidate for function call *__cil_tmp12
No target candidate for function call *__cil_tmp12
No target candidate for function call *__cil_tmp12
No target candidate for function call *__cil_tmp12
No target candidate for function call *__cil_tmp12
No target candidate for function call *__cil_tmp12
No target candidate for function call *__cil_tmp12
No target candidate for function call *__cil_tmp12
No target candidate for function call *__cil_tmp12
No target candidate for function call *__cil_tmp12
No target candidate for function call *__cil_tmp12
No target candidate for function call *__cil_tmp12
No target candidate for function call *__cil_tmp12
No target candidate for function call *__cil_tmp12
No target candidate for function call *__cil_tmp12
Unwinding loop 2  iteration  1   file 32_1_cilled_ok_nondet_linux-3.4-32_1-drivers--media--dvb--dvb-usb--mxl111sf-demod.ko-ldv_main0_sequence_infinite_withcheck_stateful.cil.out.i line 7963 function main
No target candidate for function call *__cil_tmp76
No target candidate for function call *__cil_tmp15
No target candidate for function call *__cil_tmp16
No target candidate for function call *__cil_tmp18
No target candidate for function call *__cil_tmp30
No target candidate for function call *__cil_tmp12
No target candidate for function call *__cil_tmp12
No target candidate for function call *__cil_tmp12
No target candidate for function call *__cil_tmp12
No target candidate for function call *__cil_tmp12
No target candidate for function call *__cil_tmp12
No target candidate for function call *__cil_tmp12
No target candidate for function call *__cil_tmp12
No target candidate for function call *__cil_tmp12
No target candidate for function call *__cil_tmp12
No target candidate for function call *__cil_tmp12
No target candidate for function call *__cil_tmp12
No target candidate for function call *__cil_tmp12
No target candidate for function call *__cil_tmp12
No target candidate for function call *__cil_tmp12
No target candidate for function call *__cil_tmp12
No target candidate for function call *__cil_tmp12
No target candidate for function call *__cil_tmp12
No target candidate for function call *__cil_tmp12
No target candidate for function call *__cil_tmp12
Unwinding loop 2  iteration  2   file 32_1_cilled_ok_nondet_linux-3.4-32_1-drivers--media--dvb--dvb-usb--mxl111sf-demod.ko-ldv_main0_sequence_infinite_withcheck_stateful.cil.out.i line 7963 function main
No target candidate for function call *__cil_tmp76
No target candidate for function call *__cil_tmp15
No target candidate for function call *__cil_tmp16
No target candidate for function call *__cil_tmp18
No target candidate for function call *__cil_tmp30
No target candidate for function call *__cil_tmp12
No target candidate for function call *__cil_tmp12
No target candidate for function call *__cil_tmp12
No target candidate for function call *__cil_tmp12
No target candidate for function call *__cil_tmp12
No target candidate for function call *__cil_tmp12
No target candidate for function call *__cil_tmp12
No target candidate for function call *__cil_tmp12
No target candidate for function call *__cil_tmp12
No target candidate for function call *__cil_tmp12
No target candidate for function call *__cil_tmp12
No target candidate for function call *__cil_tmp12
No target candidate for function call *__cil_tmp12
No target candidate for function call *__cil_tmp12
No target candidate for function call *__cil_tmp12
No target candidate for function call *__cil_tmp12
No target candidate for function call *__cil_tmp12
No target candidate for function call *__cil_tmp12
No target candidate for function call *__cil_tmp12
No target candidate for function call *__cil_tmp12
Not unwinding 
Symex completed in: 1.359s (3921 assignments)
Slicing time: 0.020s (removed 3285 assignments)
Generated 0 VCC(s), 0 remaining after simplification (636 assignments)
BMC program time: 1.379s
Building successful trace

VERIFICATION SUCCESSFUL

Solution found by the inductive step (k = 3)

../sv-benchmarks/c/ldv-linux-3.4-simple/32_1_cilled_ok_nondet_linux-3.4-32_1-drivers--media--dvb--dvb-usb--mxl111sf-demod.ko-ldv_main0_sequence_infinite_withcheck_stateful.cil.out.i:7944:1: warning: return type of 'main' is not 'int' [-Wmain-return-type]
void main(void)
^
../sv-benchmarks/c/ldv-linux-3.4-simple/32_1_cilled_ok_nondet_linux-3.4-32_1-drivers--media--dvb--dvb-usb--mxl111sf-demod.ko-ldv_main0_sequence_infinite_withcheck_stateful.cil.out.i:7944:1: note: change return type to 'int'
void main(void)
^~~~
int

TRUE
