./esbmc-wrapper.py -p ../sv-benchmarks/c/properties/unreach-call.prp -s kinduction --arch 32 ../sv-benchmarks/c/nla-digbench-scaling/lcm1_valuebound5.c


--------------------------------------------------------------------------------


Verifying with ESBMC
Command: ./esbmc --no-div-by-zero-check --force-malloc-success --state-hashing --no-align-check --k-step 2 --floatbv --unlimited-k-steps ../sv-benchmarks/c/nla-digbench-scaling/lcm1_valuebound5.c --32 --witness-output lcm1_valuebound5.c.graphml --no-pointer-check --no-bounds-check --interval-analysis --k-induction --max-inductive-step 3 
ESBMC version 6.8.0 64-bit x86_64 linux
Target: 32-bit little-endian x86_64-unknown-linux with esbmc libc
file ../sv-benchmarks/c/nla-digbench-scaling/lcm1_valuebound5.c: Parsing
Converting
Generating GOTO Program
GOTO program creation time: 0.138s
GOTO program processing time: 0.002s
*** Checking base case, k = 1
Starting Bounded Model Checking
Not unwinding 
Not unwinding 
Not unwinding 
Symex completed in: 0.002s (67 assignments)
Slicing time: 0.001s (removed 18 assignments)
Generated 5 VCC(s), 5 remaining after simplification (49 assignments)
No solver specified; defaulting to Boolector
Encoding remaining VCC(s) using bit-vector/floating-point arithmetic
Encoding to solver time: 0.000s
Solving with solver Boolector 3.2.1
Encoding to solver time: 0.000s
Runtime decision procedure: 0.001s
BMC program time: 0.005s
No bug has been found in the base case
*** Checking forward condition, k = 1
Starting Bounded Model Checking
Not unwinding 
Not unwinding 
Not unwinding 
Symex completed in: 0.002s (62 assignments)
Slicing time: 0.000s (removed 32 assignments)
Generated 3 VCC(s), 3 remaining after simplification (30 assignments)
No solver specified; defaulting to Boolector
Encoding remaining VCC(s) using bit-vector/floating-point arithmetic
Encoding to solver time: 0.000s
Solving with solver Boolector 3.2.1
Encoding to solver time: 0.000s
Runtime decision procedure: 0.002s
The forward condition is unable to prove the property
*** Checking base case, k = 3
Starting Bounded Model Checking
Unwinding loop 1  iteration  1   file lcm1_valuebound5.c line 45 function main
Unwinding loop 1  iteration  2   file lcm1_valuebound5.c line 45 function main
Not unwinding 
Unwinding loop 2  iteration  1   file lcm1_valuebound5.c line 53 function main
Unwinding loop 2  iteration  2   file lcm1_valuebound5.c line 53 function main
Not unwinding 
Unwinding loop 3  iteration  1   file lcm1_valuebound5.c line 40 function main
Unwinding loop 1  iteration  1   file lcm1_valuebound5.c line 45 function main
Unwinding loop 1  iteration  2   file lcm1_valuebound5.c line 45 function main
Not unwinding 
Unwinding loop 2  iteration  1   file lcm1_valuebound5.c line 53 function main
Unwinding loop 2  iteration  2   file lcm1_valuebound5.c line 53 function main
Not unwinding 
Unwinding loop 3  iteration  2   file lcm1_valuebound5.c line 40 function main
Unwinding loop 1  iteration  1   file lcm1_valuebound5.c line 45 function main
Unwinding loop 1  iteration  2   file lcm1_valuebound5.c line 45 function main
Not unwinding 
Unwinding loop 2  iteration  1   file lcm1_valuebound5.c line 53 function main
Unwinding loop 2  iteration  2   file lcm1_valuebound5.c line 53 function main
Not unwinding 
Not unwinding 
Symex completed in: 0.008s (215 assignments)
Slicing time: 0.004s (removed 28 assignments)
Generated 23 VCC(s), 23 remaining after simplification (187 assignments)
No solver specified; defaulting to Boolector
Encoding remaining VCC(s) using bit-vector/floating-point arithmetic
Encoding to solver time: 0.003s
Solving with solver Boolector 3.2.1
Encoding to solver time: 0.003s
Runtime decision procedure: 16.729s
BMC program time: 16.744s
No bug has been found in the base case
*** Checking forward condition, k = 3
Starting Bounded Model Checking
Unwinding loop 1  iteration  1   file lcm1_valuebound5.c line 45 function main
Unwinding loop 1  iteration  2   file lcm1_valuebound5.c line 45 function main
Not unwinding 
Unwinding loop 2  iteration  1   file lcm1_valuebound5.c line 53 function main
Unwinding loop 2  iteration  2   file lcm1_valuebound5.c line 53 function main
Not unwinding 
Unwinding loop 3  iteration  1   file lcm1_valuebound5.c line 40 function main
Unwinding loop 1  iteration  1   file lcm1_valuebound5.c line 45 function main
Unwinding loop 1  iteration  2   file lcm1_valuebound5.c line 45 function main
Not unwinding 
Unwinding loop 2  iteration  1   file lcm1_valuebound5.c line 53 function main
Unwinding loop 2  iteration  2   file lcm1_valuebound5.c line 53 function main
Not unwinding 
Unwinding loop 3  iteration  2   file lcm1_valuebound5.c line 40 function main
Unwinding loop 1  iteration  1   file lcm1_valuebound5.c line 45 function main
Unwinding loop 1  iteration  2   file lcm1_valuebound5.c line 45 function main
Not unwinding 
Unwinding loop 2  iteration  1   file lcm1_valuebound5.c line 53 function main
Unwinding loop 2  iteration  2   file lcm1_valuebound5.c line 53 function main
Not unwinding 
Not unwinding 
Symex completed in: 0.009s (192 assignments)
Slicing time: 0.002s (removed 114 assignments)
Generated 7 VCC(s), 7 remaining after simplification (78 assignments)
No solver specified; defaulting to Boolector
Encoding remaining VCC(s) using bit-vector/floating-point arithmetic
Encoding to solver time: 0.002s
Solving with solver Boolector 3.2.1
Encoding to solver time: 0.002s
Runtime decision procedure: 0.585s
The forward condition is unable to prove the property
*** Checking inductive step, k = 3
Starting Bounded Model Checking
Unwinding loop 1  iteration  1   file lcm1_valuebound5.c line 45 function main
Unwinding loop 1  iteration  2   file lcm1_valuebound5.c line 45 function main
Not unwinding 
Unwinding loop 2  iteration  1   file lcm1_valuebound5.c line 53 function main
Unwinding loop 2  iteration  2   file lcm1_valuebound5.c line 53 function main
Not unwinding 
Unwinding loop 3  iteration  1   file lcm1_valuebound5.c line 40 function main
Unwinding loop 1  iteration  1   file lcm1_valuebound5.c line 45 function main
Unwinding loop 1  iteration  2   file lcm1_valuebound5.c line 45 function main
Not unwinding 
Unwinding loop 2  iteration  1   file lcm1_valuebound5.c line 53 function main
Unwinding loop 2  iteration  2   file lcm1_valuebound5.c line 53 function main
Not unwinding 
Unwinding loop 3  iteration  2   file lcm1_valuebound5.c line 40 function main
Unwinding loop 1  iteration  1   file lcm1_valuebound5.c line 45 function main
Unwinding loop 1  iteration  2   file lcm1_valuebound5.c line 45 function main
Not unwinding 
Unwinding loop 2  iteration  1   file lcm1_valuebound5.c line 53 function main
Unwinding loop 2  iteration  2   file lcm1_valuebound5.c line 53 function main
Not unwinding 
Not unwinding 
Symex completed in: 0.008s (256 assignments)
Slicing time: 0.002s (removed 13 assignments)
Generated 9 VCC(s), 9 remaining after simplification (243 assignments)
No solver specified; defaulting to Boolector
Encoding remaining VCC(s) using bit-vector/floating-point arithmetic
Encoding to solver time: 0.004s
Solving with solver Boolector 3.2.1
Encoding to solver time: 0.004s
Runtime decision procedure: 148.949s
The inductive step is unable to prove the property
*** Checking base case, k = 5
Starting Bounded Model Checking
Unwinding loop 1  iteration  1   file lcm1_valuebound5.c line 45 function main
Unwinding loop 1  iteration  2   file lcm1_valuebound5.c line 45 function main
Unwinding loop 1  iteration  3   file lcm1_valuebound5.c line 45 function main
Unwinding loop 1  iteration  4   file lcm1_valuebound5.c line 45 function main
Not unwinding 
Unwinding loop 2  iteration  1   file lcm1_valuebound5.c line 53 function main
Unwinding loop 2  iteration  2   file lcm1_valuebound5.c line 53 function main
Unwinding loop 2  iteration  3   file lcm1_valuebound5.c line 53 function main
Unwinding loop 2  iteration  4   file lcm1_valuebound5.c line 53 function main
Not unwinding 
Unwinding loop 3  iteration  1   file lcm1_valuebound5.c line 40 function main
Unwinding loop 1  iteration  1   file lcm1_valuebound5.c line 45 function main
Unwinding loop 1  iteration  2   file lcm1_valuebound5.c line 45 function main
Unwinding loop 1  iteration  3   file lcm1_valuebound5.c line 45 function main
Unwinding loop 1  iteration  4   file lcm1_valuebound5.c line 45 function main
Not unwinding 
Unwinding loop 2  iteration  1   file lcm1_valuebound5.c line 53 function main
Unwinding loop 2  iteration  2   file lcm1_valuebound5.c line 53 function main
Unwinding loop 2  iteration  3   file lcm1_valuebound5.c line 53 function main
Unwinding loop 2  iteration  4   file lcm1_valuebound5.c line 53 function main
Not unwinding 
Unwinding loop 3  iteration  2   file lcm1_valuebound5.c line 40 function main
Unwinding loop 1  iteration  1   file lcm1_valuebound5.c line 45 function main
Unwinding loop 1  iteration  2   file lcm1_valuebound5.c line 45 function main
Unwinding loop 1  iteration  3   file lcm1_valuebound5.c line 45 function main
Unwinding loop 1  iteration  4   file lcm1_valuebound5.c line 45 function main
Not unwinding 
Unwinding loop 2  iteration  1   file lcm1_valuebound5.c line 53 function main
Unwinding loop 2  iteration  2   file lcm1_valuebound5.c line 53 function main
Unwinding loop 2  iteration  3   file lcm1_valuebound5.c line 53 function main
Unwinding loop 2  iteration  4   file lcm1_valuebound5.c line 53 function main
Not unwinding 
Unwinding loop 3  iteration  3   file lcm1_valuebound5.c line 40 function main
Unwinding loop 1  iteration  1   file lcm1_valuebound5.c line 45 function main
Unwinding loop 1  iteration  2   file lcm1_valuebound5.c line 45 function main
Unwinding loop 1  iteration  3   file lcm1_valuebound5.c line 45 function main
Unwinding loop 1  iteration  4   file lcm1_valuebound5.c line 45 function main
Not unwinding 
Unwinding loop 2  iteration  1   file lcm1_valuebound5.c line 53 function main
Unwinding loop 2  iteration  2   file lcm1_valuebound5.c line 53 function main
Unwinding loop 2  iteration  3   file lcm1_valuebound5.c line 53 function main
Unwinding loop 2  iteration  4   file lcm1_valuebound5.c line 53 function main
Not unwinding 
Unwinding loop 3  iteration  4   file lcm1_valuebound5.c line 40 function main
Unwinding loop 1  iteration  1   file lcm1_valuebound5.c line 45 function main
Unwinding loop 1  iteration  2   file lcm1_valuebound5.c line 45 function main
Unwinding loop 1  iteration  3   file lcm1_valuebound5.c line 45 function main
Unwinding loop 1  iteration  4   file lcm1_valuebound5.c line 45 function main
Not unwinding 
Unwinding loop 2  iteration  1   file lcm1_valuebound5.c line 53 function main
Unwinding loop 2  iteration  2   file lcm1_valuebound5.c line 53 function main
Unwinding loop 2  iteration  3   file lcm1_valuebound5.c line 53 function main
Unwinding loop 2  iteration  4   file lcm1_valuebound5.c line 53 function main
Not unwinding 
Not unwinding 
Symex completed in: 0.020s (491 assignments)
Slicing time: 0.020s (removed 40 assignments)
Generated 57 VCC(s), 57 remaining after simplification (451 assignments)
No solver specified; defaulting to Boolector
Encoding remaining VCC(s) using bit-vector/floating-point arithmetic
Encoding to solver time: 0.008s
Solving with solver Boolector 3.2.1
Encoding to solver time: 0.008s
Runtime decision procedure: 22.311s
BMC program time: 22.360s
No bug has been found in the base case
*** Checking forward condition, k = 5
Starting Bounded Model Checking
Unwinding loop 1  iteration  1   file lcm1_valuebound5.c line 45 function main
Unwinding loop 1  iteration  2   file lcm1_valuebound5.c line 45 function main
Unwinding loop 1  iteration  3   file lcm1_valuebound5.c line 45 function main
Unwinding loop 1  iteration  4   file lcm1_valuebound5.c line 45 function main
Not unwinding 
Unwinding loop 2  iteration  1   file lcm1_valuebound5.c line 53 function main
Unwinding loop 2  iteration  2   file lcm1_valuebound5.c line 53 function main
Unwinding loop 2  iteration  3   file lcm1_valuebound5.c line 53 function main
Unwinding loop 2  iteration  4   file lcm1_valuebound5.c line 53 function main
Not unwinding 
Unwinding loop 3  iteration  1   file lcm1_valuebound5.c line 40 function main
Unwinding loop 1  iteration  1   file lcm1_valuebound5.c line 45 function main
Unwinding loop 1  iteration  2   file lcm1_valuebound5.c line 45 function main
Unwinding loop 1  iteration  3   file lcm1_valuebound5.c line 45 function main
Unwinding loop 1  iteration  4   file lcm1_valuebound5.c line 45 function main
Not unwinding 
Unwinding loop 2  iteration  1   file lcm1_valuebound5.c line 53 function main
Unwinding loop 2  iteration  2   file lcm1_valuebound5.c line 53 function main
Unwinding loop 2  iteration  3   file lcm1_valuebound5.c line 53 function main
Unwinding loop 2  iteration  4   file lcm1_valuebound5.c line 53 function main
Not unwinding 
Unwinding loop 3  iteration  2   file lcm1_valuebound5.c line 40 function main
Unwinding loop 1  iteration  1   file lcm1_valuebound5.c line 45 function main
Unwinding loop 1  iteration  2   file lcm1_valuebound5.c line 45 function main
Unwinding loop 1  iteration  3   file lcm1_valuebound5.c line 45 function main
Unwinding loop 1  iteration  4   file lcm1_valuebound5.c line 45 function main
Not unwinding 
Unwinding loop 2  iteration  1   file lcm1_valuebound5.c line 53 function main
Unwinding loop 2  iteration  2   file lcm1_valuebound5.c line 53 function main
Unwinding loop 2  iteration  3   file lcm1_valuebound5.c line 53 function main
Unwinding loop 2  iteration  4   file lcm1_valuebound5.c line 53 function main
Not unwinding 
Unwinding loop 3  iteration  3   file lcm1_valuebound5.c line 40 function main
Unwinding loop 1  iteration  1   file lcm1_valuebound5.c line 45 function main
Unwinding loop 1  iteration  2   file lcm1_valuebound5.c line 45 function main
Unwinding loop 1  iteration  3   file lcm1_valuebound5.c line 45 function main
Unwinding loop 1  iteration  4   file lcm1_valuebound5.c line 45 function main
Not unwinding 
Unwinding loop 2  iteration  1   file lcm1_valuebound5.c line 53 function main
Unwinding loop 2  iteration  2   file lcm1_valuebound5.c line 53 function main
Unwinding loop 2  iteration  3   file lcm1_valuebound5.c line 53 function main
Unwinding loop 2  iteration  4   file lcm1_valuebound5.c line 53 function main
Not unwinding 
Unwinding loop 3  iteration  4   file lcm1_valuebound5.c line 40 function main
Unwinding loop 1  iteration  1   file lcm1_valuebound5.c line 45 function main
Unwinding loop 1  iteration  2   file lcm1_valuebound5.c line 45 function main
Unwinding loop 1  iteration  3   file lcm1_valuebound5.c line 45 function main
Unwinding loop 1  iteration  4   file lcm1_valuebound5.c line 45 function main
Not unwinding 
Unwinding loop 2  iteration  1   file lcm1_valuebound5.c line 53 function main
Unwinding loop 2  iteration  2   file lcm1_valuebound5.c line 53 function main
Unwinding loop 2  iteration  3   file lcm1_valuebound5.c line 53 function main
Unwinding loop 2  iteration  4   file lcm1_valuebound5.c line 53 function main
Not unwinding 
Not unwinding 
Symex completed in: 0.021s (434 assignments)
Slicing time: 0.006s (removed 260 assignments)
Generated 11 VCC(s), 11 remaining after simplification (174 assignments)
No solver specified; defaulting to Boolector
Encoding remaining VCC(s) using bit-vector/floating-point arithmetic
Encoding to solver time: 0.003s
Solving with solver Boolector 3.2.1
Encoding to solver time: 0.003s
Runtime decision procedure: 2.153s
BMC program time: 2.183s
Building successful trace

VERIFICATION SUCCESSFUL

Solution found by the forward condition; all states are reachable (k = 5


TRUE
