./esbmc-wrapper.py -p ../sv-benchmarks/c/properties/unreach-call.prp -s kinduction --arch 32 ../sv-benchmarks/c/float-benchs/zonotope_3.c.v+lhb-reducer.c


--------------------------------------------------------------------------------


Verifying with ESBMC
Command: ./esbmc --no-div-by-zero-check --force-malloc-success --state-hashing --no-align-check --k-step 2 --floatbv --unlimited-k-steps ../sv-benchmarks/c/float-benchs/zonotope_3.c.v+lhb-reducer.c --32 --witness-output zonotope_3.c.v+lhb-reducer.c.graphml --no-pointer-check --no-bounds-check --interval-analysis --k-induction --max-inductive-step 3 
ESBMC version 6.8.0 64-bit x86_64 linux
Target: 32-bit little-endian x86_64-unknown-linux with esbmc libc
file ../sv-benchmarks/c/float-benchs/zonotope_3.c.v+lhb-reducer.c: Parsing
Converting
Generating GOTO Program
GOTO program creation time: 0.271s
GOTO program processing time: 0.015s
*** Checking base case, k = 1
Starting Bounded Model Checking
Not unwinding 
Not unwinding 
Not unwinding 
Symex completed in: 0.107s (1719 assignments)
Slicing time: 0.003s (removed 1685 assignments)
Generated 0 VCC(s), 0 remaining after simplification (34 assignments)
BMC program time: 0.110s
No bug has been found in the base case
*** Checking forward condition, k = 1
Starting Bounded Model Checking
Not unwinding 
Not unwinding 
Not unwinding 
Symex completed in: 0.109s (1719 assignments)
Slicing time: 0.003s (removed 1685 assignments)
Generated 3 VCC(s), 3 remaining after simplification (34 assignments)
No solver specified; defaulting to Boolector
Encoding remaining VCC(s) using bit-vector/floating-point arithmetic
Encoding to solver time: 0.020s
Solving with solver Boolector 3.2.1
Encoding to solver time: 0.020s
Runtime decision procedure: 1.161s
The forward condition is unable to prove the property
*** Checking base case, k = 3
Starting Bounded Model Checking
Unwinding loop 1  iteration  1   file zonotope_3.c.v+lhb-reducer.c line 527 function main
Unwinding loop 1  iteration  2   file zonotope_3.c.v+lhb-reducer.c line 527 function main
Not unwinding 
Unwinding loop 2  iteration  1   file zonotope_3.c.v+lhb-reducer.c line 542 function main
Unwinding loop 3  iteration  1   file zonotope_3.c.v+lhb-reducer.c line 547 function main
Unwinding loop 2  iteration  1   file zonotope_3.c.v+lhb-reducer.c line 542 function main
Symex completed in: 0.129s (1928 assignments)
Slicing time: 0.003s (removed 1890 assignments)
Generated 0 VCC(s), 0 remaining after simplification (38 assignments)
BMC program time: 0.132s
No bug has been found in the base case
*** Checking forward condition, k = 3
Starting Bounded Model Checking
Unwinding loop 1  iteration  1   file zonotope_3.c.v+lhb-reducer.c line 527 function main
Unwinding loop 1  iteration  2   file zonotope_3.c.v+lhb-reducer.c line 527 function main
Not unwinding 
Unwinding loop 2  iteration  1   file zonotope_3.c.v+lhb-reducer.c line 542 function main
Unwinding loop 3  iteration  1   file zonotope_3.c.v+lhb-reducer.c line 547 function main
Unwinding loop 2  iteration  1   file zonotope_3.c.v+lhb-reducer.c line 542 function main
Symex completed in: 0.133s (1928 assignments)
Slicing time: 0.003s (removed 1890 assignments)
Generated 1 VCC(s), 1 remaining after simplification (38 assignments)
No solver specified; defaulting to Boolector
Encoding remaining VCC(s) using bit-vector/floating-point arithmetic
Encoding to solver time: 0.026s
Solving with solver Boolector 3.2.1
Encoding to solver time: 0.026s
Runtime decision procedure: 1.484s
The forward condition is unable to prove the property
*** Checking inductive step, k = 3
Starting Bounded Model Checking
Unwinding loop 1  iteration  1   file zonotope_3.c.v+lhb-reducer.c line 527 function main
Unwinding loop 1  iteration  2   file zonotope_3.c.v+lhb-reducer.c line 527 function main
Not unwinding 
Unwinding loop 2  iteration  1   file zonotope_3.c.v+lhb-reducer.c line 542 function main
Unwinding loop 3  iteration  1   file zonotope_3.c.v+lhb-reducer.c line 547 function main
Unwinding loop 2  iteration  1   file zonotope_3.c.v+lhb-reducer.c line 542 function main
Unwinding loop 4  iteration  1   file zonotope_3.c.v+lhb-reducer.c line 581 function main
Unwinding loop 5  iteration  1   file zonotope_3.c.v+lhb-reducer.c line 586 function main
Unwinding loop 4  iteration  1   file zonotope_3.c.v+lhb-reducer.c line 581 function main
Symex completed in: 0.215s (2516 assignments)
Slicing time: 0.007s (removed 2381 assignments)
Generated 0 VCC(s), 0 remaining after simplification (135 assignments)
BMC program time: 0.222s
Building successful trace

VERIFICATION SUCCESSFUL

Solution found by the inductive step (k = 3)


TRUE
