./esbmc-wrapper.py -p ../sv-benchmarks/c/properties/unreach-call.prp -s kinduction --arch 64 ../sv-benchmarks/c/ldv-linux-4.0-rc1-mav/linux-4.0-rc1---drivers--scsi--hpsa.ko.cil.i


--------------------------------------------------------------------------------


Verifying with ESBMC
Command: ./esbmc --no-div-by-zero-check --force-malloc-success --state-hashing --no-align-check --k-step 2 --floatbv --unlimited-k-steps ../sv-benchmarks/c/ldv-linux-4.0-rc1-mav/linux-4.0-rc1---drivers--scsi--hpsa.ko.cil.i --64 --witness-output linux-4.0-rc1---drivers--scsi--hpsa.ko.cil.i.graphml --no-pointer-check --no-bounds-check --interval-analysis --k-induction --max-inductive-step 3 
ESBMC version 6.8.0 64-bit x86_64 linux
Target: 64-bit little-endian x86_64-unknown-linux with esbmc libc
file ../sv-benchmarks/c/ldv-linux-4.0-rc1-mav/linux-4.0-rc1---drivers--scsi--hpsa.ko.cil.i: Parsing
Converting
Generating GOTO Program
GOTO program creation time: 3.172s
GOTO program processing time: 2.088s
*** Checking base case, k = 1
Starting Bounded Model Checking
Not unwinding 
Not unwinding 
Not unwinding 
Not unwinding 
Not unwinding 
Not unwinding 
No target candidate for function call *arg0
No target candidate for function call *arg0
Not unwinding 
Not unwinding 
Not unwinding 
Not unwinding 
No target candidate for function call *h->access.set_intr_mask
Not unwinding 
Not unwinding 
Not unwinding 
Not unwinding 
Not unwinding 
No target candidate for function call *h->access.set_intr_mask
Not unwinding 
Not unwinding 
Not unwinding 
Not unwinding 
No target candidate for function call *ops->free
No target candidate for function call *ops->free
Not unwinding 
Not unwinding 
No target candidate for function call *arg0
Not unwinding 
No target candidate for function call *arg0
Not unwinding 
Not unwinding 
No target candidate for function call *arg0
Not unwinding 
No target candidate for function call *arg0
Not unwinding 
No target candidate for function call *arg0
Not unwinding 
Not unwinding 
Not unwinding 
**** WARNING: no body for function sscanf
Not unwinding 
No target candidate for function call *arg0
Not unwinding 
Not unwinding 
No target candidate for function call *arg0
Not unwinding 
Not unwinding 
Not unwinding 
**** WARNING: no body for function sscanf
No target candidate for function call *arg0
Not unwinding 
Not unwinding 
Not unwinding 
Not unwinding 
Not unwinding 
Not unwinding 
Not unwinding 
Not unwinding 
Not unwinding 
No target candidate for function call *arg0
Not unwinding 
No target candidate for function call *arg0
Not unwinding 
Not unwinding 
Not unwinding 
Not unwinding 
Not unwinding 
Not unwinding 
No target candidate for function call *arg0
Symex completed in: 1.878s (3749 assignments)
Slicing time: 0.017s (removed 2790 assignments)
Generated 9 VCC(s), 9 remaining after simplification (959 assignments)
No solver specified; defaulting to Boolector
Encoding remaining VCC(s) using bit-vector/floating-point arithmetic
Encoding to solver time: 0.610s
Solving with solver Boolector 3.2.1
Encoding to solver time: 0.610s
Runtime decision procedure: 17.662s
Building error trace

Counterexample:

State 1 file linux-4.0-rc1---drivers--scsi--hpsa.ko.cil.i line 22495 function ldv___pci_register_driver_178 thread 0
----------------------------------------------------
  ldv_func_res = 0 (00000000 00000000 00000000 00000000)

State 2 file linux-4.0-rc1---drivers--scsi--hpsa.ko.cil.i line 24460 function ldv_undef_int thread 0
----------------------------------------------------
  tmp = 1 (00000000 00000000 00000000 00000001)

State 3 file linux-4.0-rc1---drivers--scsi--hpsa.ko.cil.i line 24460 function ldv_undef_int thread 0
----------------------------------------------------
  tmp = -2147483648 (10000000 00000000 00000000 00000000)

State 4 file linux-4.0-rc1---drivers--scsi--hpsa.ko.cil.i line 24460 function ldv_undef_int thread 0
----------------------------------------------------
  tmp = -2147483648 (10000000 00000000 00000000 00000000)

State 5 file linux-4.0-rc1---drivers--scsi--hpsa.ko.cil.i line 26174 function reach_error thread 0
----------------------------------------------------
Violated property:
  file linux-4.0-rc1---drivers--scsi--hpsa.ko.cil.i line 26174 function reach_error
  assertion 0
  0


VERIFICATION FAILED

Bug found (k = 1)


FALSE_REACH
