./esbmc-wrapper.py -p ../sv-benchmarks/c/properties/unreach-call.prp -s kinduction --arch 32 ../sv-benchmarks/c/product-lines/minepump_spec2_product53.cil.c


--------------------------------------------------------------------------------


Verifying with ESBMC
Command: ./esbmc --no-div-by-zero-check --force-malloc-success --state-hashing --no-align-check --k-step 2 --floatbv --unlimited-k-steps ../sv-benchmarks/c/product-lines/minepump_spec2_product53.cil.c --32 --witness-output minepump_spec2_product53.cil.c.graphml --no-pointer-check --no-bounds-check --interval-analysis --k-induction --max-inductive-step 3 
ESBMC version 6.8.0 64-bit x86_64 linux
Target: 32-bit little-endian x86_64-unknown-linux with esbmc libc
file ../sv-benchmarks/c/product-lines/minepump_spec2_product53.cil.c: Parsing
Converting
Generating GOTO Program
GOTO program creation time: 0.171s
GOTO program processing time: 0.009s
*** Checking base case, k = 1
Starting Bounded Model Checking
Not unwinding 
Symex completed in: 0.003s (64 assignments)
Slicing time: 0.000s (removed 62 assignments)
Generated 0 VCC(s), 0 remaining after simplification (2 assignments)
BMC program time: 0.003s
No bug has been found in the base case
*** Checking forward condition, k = 1
Starting Bounded Model Checking
Not unwinding 
Symex completed in: 0.002s (64 assignments)
Slicing time: 0.000s (removed 62 assignments)
Generated 1 VCC(s), 1 remaining after simplification (2 assignments)
No solver specified; defaulting to Boolector
Encoding remaining VCC(s) using bit-vector/floating-point arithmetic
Encoding to solver time: 0.000s
Solving with solver Boolector 3.2.1
Encoding to solver time: 0.000s
Runtime decision procedure: 0.001s
The forward condition is unable to prove the property
*** Checking base case, k = 3
Starting Bounded Model Checking
Unwinding loop 1  iteration  1   file minepump_spec2_product53.cil.c line 65 function test
Unwinding loop 1  iteration  2   file minepump_spec2_product53.cil.c line 65 function test
Not unwinding 
Symex completed in: 0.017s (384 assignments)
Slicing time: 0.002s (removed 146 assignments)
Generated 2 VCC(s), 2 remaining after simplification (238 assignments)
No solver specified; defaulting to Boolector
Encoding remaining VCC(s) using bit-vector/floating-point arithmetic
Encoding to solver time: 0.003s
Solving with solver Boolector 3.2.1
Encoding to solver time: 0.003s
Runtime decision procedure: 0.004s
BMC program time: 0.027s
No bug has been found in the base case
*** Checking forward condition, k = 3
Starting Bounded Model Checking
Unwinding loop 1  iteration  1   file minepump_spec2_product53.cil.c line 65 function test
Unwinding loop 1  iteration  2   file minepump_spec2_product53.cil.c line 65 function test
Not unwinding 
Symex completed in: 0.018s (382 assignments)
Slicing time: 0.001s (removed 146 assignments)
Generated 1 VCC(s), 1 remaining after simplification (236 assignments)
No solver specified; defaulting to Boolector
Encoding remaining VCC(s) using bit-vector/floating-point arithmetic
Encoding to solver time: 0.003s
Solving with solver Boolector 3.2.1
Encoding to solver time: 0.003s
Runtime decision procedure: 0.008s
The forward condition is unable to prove the property
*** Checking inductive step, k = 3
Starting Bounded Model Checking
Unwinding loop 1  iteration  1   file minepump_spec2_product53.cil.c line 65 function test
Unwinding loop 1  iteration  2   file minepump_spec2_product53.cil.c line 65 function test
Not unwinding 
Unwinding loop 2  iteration  1   file minepump_spec2_product53.cil.c line 769 function cleanup
Unwinding loop 2  iteration  2   file minepump_spec2_product53.cil.c line 769 function cleanup
Not unwinding 
Symex completed in: 0.072s (1563 assignments)
Slicing time: 0.010s (removed 413 assignments)
Generated 3 VCC(s), 3 remaining after simplification (1150 assignments)
No solver specified; defaulting to Boolector
Encoding remaining VCC(s) using bit-vector/floating-point arithmetic
Encoding to solver time: 0.018s
Solving with solver Boolector 3.2.1
Encoding to solver time: 0.018s
Runtime decision procedure: 0.026s
BMC program time: 0.127s
Building successful trace

VERIFICATION SUCCESSFUL

Solution found by the inductive step (k = 3)


TRUE
