./esbmc-wrapper.py -p ../sv-benchmarks/c/properties/unreach-call.prp -s kinduction --arch 64 ../sv-benchmarks/c/ldv-linux-3.4-simple/43_1a_cilled_ok_nondet_linux-43_1a-drivers--media--dvb--ttpci--budget.ko-ldv_main0_sequence_infinite_withcheck_stateful.cil.out.i


--------------------------------------------------------------------------------


Verifying with ESBMC
Command: ./esbmc --no-div-by-zero-check --force-malloc-success --state-hashing --no-align-check --k-step 2 --floatbv --unlimited-k-steps ../sv-benchmarks/c/ldv-linux-3.4-simple/43_1a_cilled_ok_nondet_linux-43_1a-drivers--media--dvb--ttpci--budget.ko-ldv_main0_sequence_infinite_withcheck_stateful.cil.out.i --64 --witness-output 43_1a_cilled_ok_nondet_linux-43_1a-drivers--media--dvb--ttpci--budget.ko-ldv_main0_sequence_infinite_withcheck_stateful.cil.out.i.graphml --no-pointer-check --no-bounds-check --interval-analysis --k-induction --max-inductive-step 3 
ESBMC version 6.8.0 64-bit x86_64 linux
Target: 64-bit little-endian x86_64-unknown-linux with esbmc libc
file ../sv-benchmarks/c/ldv-linux-3.4-simple/43_1a_cilled_ok_nondet_linux-43_1a-drivers--media--dvb--ttpci--budget.ko-ldv_main0_sequence_infinite_withcheck_stateful.cil.out.i: Parsing
Converting
Generating GOTO Program
GOTO program creation time: 0.552s
GOTO program processing time: 0.056s
*** Checking base case, k = 1
Starting Bounded Model Checking
Not unwinding 
Symex completed in: 0.007s (65 assignments)
Slicing time: 0.000s (removed 57 assignments)
Generated 0 VCC(s), 0 remaining after simplification (8 assignments)
BMC program time: 0.007s
No bug has been found in the base case
*** Checking forward condition, k = 1
Starting Bounded Model Checking
Not unwinding 
Symex completed in: 0.007s (65 assignments)
Slicing time: 0.000s (removed 57 assignments)
Generated 1 VCC(s), 1 remaining after simplification (8 assignments)
No solver specified; defaulting to Boolector
Encoding remaining VCC(s) using bit-vector/floating-point arithmetic
Encoding to solver time: 0.000s
Solving with solver Boolector 3.2.1
Encoding to solver time: 0.000s
Runtime decision procedure: 0.001s
The forward condition is unable to prove the property
*** Checking base case, k = 3
Starting Bounded Model Checking
Unwinding loop 6  iteration  1   file 43_1a_cilled_ok_nondet_linux-43_1a-drivers--media--dvb--ttpci--budget.ko-ldv_main0_sequence_infinite_withcheck_stateful.cil.out.i line 11587 function main
No target candidate for function call *__a
No target candidate for function call *__a___0
No target candidate for function call *__a___1
No target candidate for function call *__a___2
No target candidate for function call *__a___3
No target candidate for function call *__a___4
No target candidate for function call *__a___5
No target candidate for function call *__a___6
No target candidate for function call *__a___7
No target candidate for function call *__a___8
No target candidate for function call *__a___9
No target candidate for function call *__a___10
No target candidate for function call *__a___11
No target candidate for function call *__a___12
No target candidate for function call *__a___13
No target candidate for function call *__a___14
No target candidate for function call *__cil_tmp782
No target candidate for function call *__a___15
Unwinding loop 6  iteration  2   file 43_1a_cilled_ok_nondet_linux-43_1a-drivers--media--dvb--ttpci--budget.ko-ldv_main0_sequence_infinite_withcheck_stateful.cil.out.i line 11587 function main
No target candidate for function call *__a
No target candidate for function call *__a___0
No target candidate for function call *__a___1
No target candidate for function call *__a___2
No target candidate for function call *__a___3
No target candidate for function call *__a___4
No target candidate for function call *__a___5
No target candidate for function call *__a___6
No target candidate for function call *__a___7
No target candidate for function call *__a___8
No target candidate for function call *__a___9
No target candidate for function call *__a___10
No target candidate for function call *__a___11
No target candidate for function call *__a___12
No target candidate for function call *__a___13
No target candidate for function call *__a___14
No target candidate for function call *__cil_tmp782
No target candidate for function call *__a___15
Not unwinding 
Symex completed in: 2.583s (6245 assignments)
Slicing time: 0.023s (removed 5327 assignments)
Generated 0 VCC(s), 0 remaining after simplification (918 assignments)
BMC program time: 2.606s
No bug has been found in the base case
*** Checking forward condition, k = 3
Starting Bounded Model Checking
Unwinding loop 6  iteration  1   file 43_1a_cilled_ok_nondet_linux-43_1a-drivers--media--dvb--ttpci--budget.ko-ldv_main0_sequence_infinite_withcheck_stateful.cil.out.i line 11587 function main
No target candidate for function call *__a
No target candidate for function call *__a___0
No target candidate for function call *__a___1
No target candidate for function call *__a___2
No target candidate for function call *__a___3
No target candidate for function call *__a___4
No target candidate for function call *__a___5
No target candidate for function call *__a___6
No target candidate for function call *__a___7
No target candidate for function call *__a___8
No target candidate for function call *__a___9
No target candidate for function call *__a___10
No target candidate for function call *__a___11
No target candidate for function call *__a___12
No target candidate for function call *__a___13
No target candidate for function call *__a___14
No target candidate for function call *__cil_tmp782
No target candidate for function call *__a___15
Unwinding loop 6  iteration  2   file 43_1a_cilled_ok_nondet_linux-43_1a-drivers--media--dvb--ttpci--budget.ko-ldv_main0_sequence_infinite_withcheck_stateful.cil.out.i line 11587 function main
No target candidate for function call *__a
No target candidate for function call *__a___0
No target candidate for function call *__a___1
No target candidate for function call *__a___2
No target candidate for function call *__a___3
No target candidate for function call *__a___4
No target candidate for function call *__a___5
No target candidate for function call *__a___6
No target candidate for function call *__a___7
No target candidate for function call *__a___8
No target candidate for function call *__a___9
No target candidate for function call *__a___10
No target candidate for function call *__a___11
No target candidate for function call *__a___12
No target candidate for function call *__a___13
No target candidate for function call *__a___14
No target candidate for function call *__cil_tmp782
No target candidate for function call *__a___15
Not unwinding 
Symex completed in: 2.797s (6245 assignments)
Slicing time: 0.020s (removed 5327 assignments)
Generated 1 VCC(s), 1 remaining after simplification (918 assignments)
No solver specified; defaulting to Boolector
Encoding remaining VCC(s) using bit-vector/floating-point arithmetic
Encoding to solver time: 1.627s
Solving with solver Boolector 3.2.1
Encoding to solver time: 1.627s
Runtime decision procedure: 17.941s
The forward condition is unable to prove the property
*** Checking inductive step, k = 3
Starting Bounded Model Checking
Unwinding loop 6  iteration  1   file 43_1a_cilled_ok_nondet_linux-43_1a-drivers--media--dvb--ttpci--budget.ko-ldv_main0_sequence_infinite_withcheck_stateful.cil.out.i line 11587 function main
No target candidate for function call *__a
No target candidate for function call *__a___0
No target candidate for function call *__a___1
No target candidate for function call *__a___2
No target candidate for function call *__a___3
No target candidate for function call *__a___4
No target candidate for function call *__a___5
No target candidate for function call *__a___6
No target candidate for function call *__a___7
No target candidate for function call *__a___8
No target candidate for function call *__a___9
No target candidate for function call *__a___10
No target candidate for function call *__a___11
No target candidate for function call *__a___12
No target candidate for function call *__a___13
No target candidate for function call *__a___14
No target candidate for function call *__cil_tmp782
No target candidate for function call *__a___15
Unwinding loop 6  iteration  2   file 43_1a_cilled_ok_nondet_linux-43_1a-drivers--media--dvb--ttpci--budget.ko-ldv_main0_sequence_infinite_withcheck_stateful.cil.out.i line 11587 function main
No target candidate for function call *__a
No target candidate for function call *__a___0
No target candidate for function call *__a___1
No target candidate for function call *__a___2
No target candidate for function call *__a___3
No target candidate for function call *__a___4
No target candidate for function call *__a___5
No target candidate for function call *__a___6
No target candidate for function call *__a___7
No target candidate for function call *__a___8
No target candidate for function call *__a___9
No target candidate for function call *__a___10
No target candidate for function call *__a___11
No target candidate for function call *__a___12
No target candidate for function call *__a___13
No target candidate for function call *__a___14
No target candidate for function call *__cil_tmp782
No target candidate for function call *__a___15
Not unwinding 
Symex completed in: 6.063s (6424 assignments)
Slicing time: 0.024s (removed 5315 assignments)
Generated 0 VCC(s), 0 remaining after simplification (1109 assignments)
BMC program time: 6.087s
Building successful trace

VERIFICATION SUCCESSFUL

Solution found by the inductive step (k = 3)

../sv-benchmarks/c/ldv-linux-3.4-simple/43_1a_cilled_ok_nondet_linux-43_1a-drivers--media--dvb--ttpci--budget.ko-ldv_main0_sequence_infinite_withcheck_stateful.cil.out.i:11534:1: warning: return type of 'main' is not 'int' [-Wmain-return-type]
void main(void)
^
../sv-benchmarks/c/ldv-linux-3.4-simple/43_1a_cilled_ok_nondet_linux-43_1a-drivers--media--dvb--ttpci--budget.ko-ldv_main0_sequence_infinite_withcheck_stateful.cil.out.i:11534:1: note: change return type to 'int'
void main(void)
^~~~
int

TRUE
