./esbmc-wrapper.py -p ../sv-benchmarks/c/properties/unreach-call.prp -s kinduction --arch 32 ../sv-benchmarks/c/nla-digbench-scaling/ps5-ll_valuebound20.c


--------------------------------------------------------------------------------


Verifying with ESBMC
Command: ./esbmc --no-div-by-zero-check --force-malloc-success --state-hashing --no-align-check --k-step 2 --floatbv --unlimited-k-steps ../sv-benchmarks/c/nla-digbench-scaling/ps5-ll_valuebound20.c --32 --witness-output ps5-ll_valuebound20.c.graphml --no-pointer-check --no-bounds-check --interval-analysis --k-induction --max-inductive-step 3 
ESBMC version 6.8.0 64-bit x86_64 linux
Target: 32-bit little-endian x86_64-unknown-linux with esbmc libc
file ../sv-benchmarks/c/nla-digbench-scaling/ps5-ll_valuebound20.c: Parsing
Converting
Generating GOTO Program
GOTO program creation time: 0.139s
GOTO program processing time: 0.001s
*** Checking base case, k = 1
Starting Bounded Model Checking
Not unwinding 
Symex completed in: 0.002s (31 assignments)
Slicing time: 0.000s (removed 21 assignments)
Generated 0 VCC(s), 0 remaining after simplification (10 assignments)
BMC program time: 0.002s
No bug has been found in the base case
*** Checking forward condition, k = 1
Starting Bounded Model Checking
Not unwinding 
Symex completed in: 0.001s (31 assignments)
Slicing time: 0.001s (removed 21 assignments)
Generated 1 VCC(s), 1 remaining after simplification (10 assignments)
No solver specified; defaulting to Boolector
Encoding remaining VCC(s) using bit-vector/floating-point arithmetic
Encoding to solver time: 0.001s
Solving with solver Boolector 3.2.1
Encoding to solver time: 0.001s
Runtime decision procedure: 0.001s
The forward condition is unable to prove the property
*** Checking base case, k = 3
Starting Bounded Model Checking
Unwinding loop 1  iteration  1   file ps5-ll_valuebound20.c line 28 function main
Unwinding loop 1  iteration  2   file ps5-ll_valuebound20.c line 28 function main
Not unwinding 
Symex completed in: 0.003s (51 assignments)
Slicing time: 0.000s (removed 29 assignments)
Generated 2 VCC(s), 2 remaining after simplification (22 assignments)
No solver specified; defaulting to Boolector
Encoding remaining VCC(s) using bit-vector/floating-point arithmetic
Encoding to solver time: 0.000s
Solving with solver Boolector 3.2.1
Encoding to solver time: 0.000s
Runtime decision procedure: 0.006s
BMC program time: 0.011s
No bug has been found in the base case
*** Checking forward condition, k = 3
Starting Bounded Model Checking
Unwinding loop 1  iteration  1   file ps5-ll_valuebound20.c line 28 function main
Unwinding loop 1  iteration  2   file ps5-ll_valuebound20.c line 28 function main
Not unwinding 
Symex completed in: 0.003s (49 assignments)
Slicing time: 0.000s (removed 37 assignments)
Generated 1 VCC(s), 1 remaining after simplification (12 assignments)
No solver specified; defaulting to Boolector
Encoding remaining VCC(s) using bit-vector/floating-point arithmetic
Encoding to solver time: 0.000s
Solving with solver Boolector 3.2.1
Encoding to solver time: 0.000s
Runtime decision procedure: 0.002s
The forward condition is unable to prove the property
*** Checking inductive step, k = 3
Starting Bounded Model Checking
Unwinding loop 1  iteration  1   file ps5-ll_valuebound20.c line 28 function main
Unwinding loop 1  iteration  2   file ps5-ll_valuebound20.c line 28 function main
Not unwinding 
Symex completed in: 0.003s (69 assignments)
Slicing time: 0.001s (removed 16 assignments)
Generated 3 VCC(s), 3 remaining after simplification (53 assignments)
No solver specified; defaulting to Boolector
Encoding remaining VCC(s) using bit-vector/floating-point arithmetic
Encoding to solver time: 0.002s
Solving with solver Boolector 3.2.1
Encoding to solver time: 0.002s
Runtime decision procedure: 18.065s
The inductive step is unable to prove the property
*** Checking base case, k = 5
Starting Bounded Model Checking
Unwinding loop 1  iteration  1   file ps5-ll_valuebound20.c line 28 function main
Unwinding loop 1  iteration  2   file ps5-ll_valuebound20.c line 28 function main
Unwinding loop 1  iteration  3   file ps5-ll_valuebound20.c line 28 function main
Unwinding loop 1  iteration  4   file ps5-ll_valuebound20.c line 28 function main
Not unwinding 
Symex completed in: 0.004s (67 assignments)
Slicing time: 0.000s (removed 39 assignments)
Generated 2 VCC(s), 2 remaining after simplification (28 assignments)
No solver specified; defaulting to Boolector
Encoding remaining VCC(s) using bit-vector/floating-point arithmetic
Encoding to solver time: 0.001s
Solving with solver Boolector 3.2.1
Encoding to solver time: 0.001s
Runtime decision procedure: 0.223s
BMC program time: 0.229s
No bug has been found in the base case
*** Checking forward condition, k = 5
Starting Bounded Model Checking
Unwinding loop 1  iteration  1   file ps5-ll_valuebound20.c line 28 function main
Unwinding loop 1  iteration  2   file ps5-ll_valuebound20.c line 28 function main
Unwinding loop 1  iteration  3   file ps5-ll_valuebound20.c line 28 function main
Unwinding loop 1  iteration  4   file ps5-ll_valuebound20.c line 28 function main
Not unwinding 
Symex completed in: 0.004s (65 assignments)
Slicing time: 0.000s (removed 51 assignments)
Generated 1 VCC(s), 1 remaining after simplification (14 assignments)
No solver specified; defaulting to Boolector
Encoding remaining VCC(s) using bit-vector/floating-point arithmetic
Encoding to solver time: 0.000s
Solving with solver Boolector 3.2.1
Encoding to solver time: 0.000s
Runtime decision procedure: 0.002s
The forward condition is unable to prove the property
*** Checking base case, k = 7
Starting Bounded Model Checking
Unwinding loop 1  iteration  1   file ps5-ll_valuebound20.c line 28 function main
Unwinding loop 1  iteration  2   file ps5-ll_valuebound20.c line 28 function main
Unwinding loop 1  iteration  3   file ps5-ll_valuebound20.c line 28 function main
Unwinding loop 1  iteration  4   file ps5-ll_valuebound20.c line 28 function main
Unwinding loop 1  iteration  5   file ps5-ll_valuebound20.c line 28 function main
Unwinding loop 1  iteration  6   file ps5-ll_valuebound20.c line 28 function main
Not unwinding 
Symex completed in: 0.005s (83 assignments)
Slicing time: 0.000s (removed 49 assignments)
Generated 2 VCC(s), 2 remaining after simplification (34 assignments)
No solver specified; defaulting to Boolector
Encoding remaining VCC(s) using bit-vector/floating-point arithmetic
Encoding to solver time: 0.001s
Solving with solver Boolector 3.2.1
Encoding to solver time: 0.001s
Runtime decision procedure: 0.281s
BMC program time: 0.288s
No bug has been found in the base case
*** Checking forward condition, k = 7
Starting Bounded Model Checking
Unwinding loop 1  iteration  1   file ps5-ll_valuebound20.c line 28 function main
Unwinding loop 1  iteration  2   file ps5-ll_valuebound20.c line 28 function main
Unwinding loop 1  iteration  3   file ps5-ll_valuebound20.c line 28 function main
Unwinding loop 1  iteration  4   file ps5-ll_valuebound20.c line 28 function main
Unwinding loop 1  iteration  5   file ps5-ll_valuebound20.c line 28 function main
Unwinding loop 1  iteration  6   file ps5-ll_valuebound20.c line 28 function main
Not unwinding 
Symex completed in: 0.005s (81 assignments)
Slicing time: 0.000s (removed 65 assignments)
Generated 1 VCC(s), 1 remaining after simplification (16 assignments)
No solver specified; defaulting to Boolector
Encoding remaining VCC(s) using bit-vector/floating-point arithmetic
Encoding to solver time: 0.000s
Solving with solver Boolector 3.2.1
Encoding to solver time: 0.000s
Runtime decision procedure: 0.003s
The forward condition is unable to prove the property
*** Checking base case, k = 9
Starting Bounded Model Checking
Unwinding loop 1  iteration  1   file ps5-ll_valuebound20.c line 28 function main
Unwinding loop 1  iteration  2   file ps5-ll_valuebound20.c line 28 function main
Unwinding loop 1  iteration  3   file ps5-ll_valuebound20.c line 28 function main
Unwinding loop 1  iteration  4   file ps5-ll_valuebound20.c line 28 function main
Unwinding loop 1  iteration  5   file ps5-ll_valuebound20.c line 28 function main
Unwinding loop 1  iteration  6   file ps5-ll_valuebound20.c line 28 function main
Unwinding loop 1  iteration  7   file ps5-ll_valuebound20.c line 28 function main
Unwinding loop 1  iteration  8   file ps5-ll_valuebound20.c line 28 function main
Not unwinding 
Symex completed in: 0.006s (99 assignments)
Slicing time: 0.000s (removed 59 assignments)
Generated 2 VCC(s), 2 remaining after simplification (40 assignments)
No solver specified; defaulting to Boolector
Encoding remaining VCC(s) using bit-vector/floating-point arithmetic
Encoding to solver time: 0.001s
Solving with solver Boolector 3.2.1
Encoding to solver time: 0.001s
Runtime decision procedure: 0.472s
BMC program time: 0.480s
No bug has been found in the base case
*** Checking forward condition, k = 9
Starting Bounded Model Checking
Unwinding loop 1  iteration  1   file ps5-ll_valuebound20.c line 28 function main
Unwinding loop 1  iteration  2   file ps5-ll_valuebound20.c line 28 function main
Unwinding loop 1  iteration  3   file ps5-ll_valuebound20.c line 28 function main
Unwinding loop 1  iteration  4   file ps5-ll_valuebound20.c line 28 function main
Unwinding loop 1  iteration  5   file ps5-ll_valuebound20.c line 28 function main
Unwinding loop 1  iteration  6   file ps5-ll_valuebound20.c line 28 function main
Unwinding loop 1  iteration  7   file ps5-ll_valuebound20.c line 28 function main
Unwinding loop 1  iteration  8   file ps5-ll_valuebound20.c line 28 function main
Not unwinding 
Symex completed in: 0.006s (97 assignments)
Slicing time: 0.000s (removed 79 assignments)
Generated 1 VCC(s), 1 remaining after simplification (18 assignments)
No solver specified; defaulting to Boolector
Encoding remaining VCC(s) using bit-vector/floating-point arithmetic
Encoding to solver time: 0.001s
Solving with solver Boolector 3.2.1
Encoding to solver time: 0.001s
Runtime decision procedure: 0.002s
The forward condition is unable to prove the property
*** Checking base case, k = 11
Starting Bounded Model Checking
Unwinding loop 1  iteration  1   file ps5-ll_valuebound20.c line 28 function main
Unwinding loop 1  iteration  2   file ps5-ll_valuebound20.c line 28 function main
Unwinding loop 1  iteration  3   file ps5-ll_valuebound20.c line 28 function main
Unwinding loop 1  iteration  4   file ps5-ll_valuebound20.c line 28 function main
Unwinding loop 1  iteration  5   file ps5-ll_valuebound20.c line 28 function main
Unwinding loop 1  iteration  6   file ps5-ll_valuebound20.c line 28 function main
Unwinding loop 1  iteration  7   file ps5-ll_valuebound20.c line 28 function main
Unwinding loop 1  iteration  8   file ps5-ll_valuebound20.c line 28 function main
Unwinding loop 1  iteration  9   file ps5-ll_valuebound20.c line 28 function main
Unwinding loop 1  iteration  10   file ps5-ll_valuebound20.c line 28 function main
Not unwinding 
Symex completed in: 0.007s (115 assignments)
Slicing time: 0.001s (removed 69 assignments)
Generated 2 VCC(s), 2 remaining after simplification (46 assignments)
No solver specified; defaulting to Boolector
Encoding remaining VCC(s) using bit-vector/floating-point arithmetic
Encoding to solver time: 0.001s
Solving with solver Boolector 3.2.1
Encoding to solver time: 0.001s
Runtime decision procedure: 0.509s
BMC program time: 0.518s
No bug has been found in the base case
*** Checking forward condition, k = 11
Starting Bounded Model Checking
Unwinding loop 1  iteration  1   file ps5-ll_valuebound20.c line 28 function main
Unwinding loop 1  iteration  2   file ps5-ll_valuebound20.c line 28 function main
Unwinding loop 1  iteration  3   file ps5-ll_valuebound20.c line 28 function main
Unwinding loop 1  iteration  4   file ps5-ll_valuebound20.c line 28 function main
Unwinding loop 1  iteration  5   file ps5-ll_valuebound20.c line 28 function main
Unwinding loop 1  iteration  6   file ps5-ll_valuebound20.c line 28 function main
Unwinding loop 1  iteration  7   file ps5-ll_valuebound20.c line 28 function main
Unwinding loop 1  iteration  8   file ps5-ll_valuebound20.c line 28 function main
Unwinding loop 1  iteration  9   file ps5-ll_valuebound20.c line 28 function main
Unwinding loop 1  iteration  10   file ps5-ll_valuebound20.c line 28 function main
Not unwinding 
Symex completed in: 0.006s (113 assignments)
Slicing time: 0.000s (removed 93 assignments)
Generated 1 VCC(s), 1 remaining after simplification (20 assignments)
No solver specified; defaulting to Boolector
Encoding remaining VCC(s) using bit-vector/floating-point arithmetic
Encoding to solver time: 0.001s
Solving with solver Boolector 3.2.1
Encoding to solver time: 0.001s
Runtime decision procedure: 0.002s
The forward condition is unable to prove the property
*** Checking base case, k = 13
Starting Bounded Model Checking
Unwinding loop 1  iteration  1   file ps5-ll_valuebound20.c line 28 function main
Unwinding loop 1  iteration  2   file ps5-ll_valuebound20.c line 28 function main
Unwinding loop 1  iteration  3   file ps5-ll_valuebound20.c line 28 function main
Unwinding loop 1  iteration  4   file ps5-ll_valuebound20.c line 28 function main
Unwinding loop 1  iteration  5   file ps5-ll_valuebound20.c line 28 function main
Unwinding loop 1  iteration  6   file ps5-ll_valuebound20.c line 28 function main
Unwinding loop 1  iteration  7   file ps5-ll_valuebound20.c line 28 function main
Unwinding loop 1  iteration  8   file ps5-ll_valuebound20.c line 28 function main
Unwinding loop 1  iteration  9   file ps5-ll_valuebound20.c line 28 function main
Unwinding loop 1  iteration  10   file ps5-ll_valuebound20.c line 28 function main
Unwinding loop 1  iteration  11   file ps5-ll_valuebound20.c line 28 function main
Unwinding loop 1  iteration  12   file ps5-ll_valuebound20.c line 28 function main
Not unwinding 
Symex completed in: 0.008s (131 assignments)
Slicing time: 0.001s (removed 79 assignments)
Generated 2 VCC(s), 2 remaining after simplification (52 assignments)
No solver specified; defaulting to Boolector
Encoding remaining VCC(s) using bit-vector/floating-point arithmetic
Encoding to solver time: 0.001s
Solving with solver Boolector 3.2.1
Encoding to solver time: 0.001s
Runtime decision procedure: 0.542s
BMC program time: 0.552s
No bug has been found in the base case
*** Checking forward condition, k = 13
Starting Bounded Model Checking
Unwinding loop 1  iteration  1   file ps5-ll_valuebound20.c line 28 function main
Unwinding loop 1  iteration  2   file ps5-ll_valuebound20.c line 28 function main
Unwinding loop 1  iteration  3   file ps5-ll_valuebound20.c line 28 function main
Unwinding loop 1  iteration  4   file ps5-ll_valuebound20.c line 28 function main
Unwinding loop 1  iteration  5   file ps5-ll_valuebound20.c line 28 function main
Unwinding loop 1  iteration  6   file ps5-ll_valuebound20.c line 28 function main
Unwinding loop 1  iteration  7   file ps5-ll_valuebound20.c line 28 function main
Unwinding loop 1  iteration  8   file ps5-ll_valuebound20.c line 28 function main
Unwinding loop 1  iteration  9   file ps5-ll_valuebound20.c line 28 function main
Unwinding loop 1  iteration  10   file ps5-ll_valuebound20.c line 28 function main
Unwinding loop 1  iteration  11   file ps5-ll_valuebound20.c line 28 function main
Unwinding loop 1  iteration  12   file ps5-ll_valuebound20.c line 28 function main
Not unwinding 
Symex completed in: 0.008s (129 assignments)
Slicing time: 0.000s (removed 107 assignments)
Generated 1 VCC(s), 1 remaining after simplification (22 assignments)
No solver specified; defaulting to Boolector
Encoding remaining VCC(s) using bit-vector/floating-point arithmetic
Encoding to solver time: 0.001s
Solving with solver Boolector 3.2.1
Encoding to solver time: 0.001s
Runtime decision procedure: 0.002s
The forward condition is unable to prove the property
*** Checking base case, k = 15
Starting Bounded Model Checking
Unwinding loop 1  iteration  1   file ps5-ll_valuebound20.c line 28 function main
Unwinding loop 1  iteration  2   file ps5-ll_valuebound20.c line 28 function main
Unwinding loop 1  iteration  3   file ps5-ll_valuebound20.c line 28 function main
Unwinding loop 1  iteration  4   file ps5-ll_valuebound20.c line 28 function main
Unwinding loop 1  iteration  5   file ps5-ll_valuebound20.c line 28 function main
Unwinding loop 1  iteration  6   file ps5-ll_valuebound20.c line 28 function main
Unwinding loop 1  iteration  7   file ps5-ll_valuebound20.c line 28 function main
Unwinding loop 1  iteration  8   file ps5-ll_valuebound20.c line 28 function main
Unwinding loop 1  iteration  9   file ps5-ll_valuebound20.c line 28 function main
Unwinding loop 1  iteration  10   file ps5-ll_valuebound20.c line 28 function main
Unwinding loop 1  iteration  11   file ps5-ll_valuebound20.c line 28 function main
Unwinding loop 1  iteration  12   file ps5-ll_valuebound20.c line 28 function main
Unwinding loop 1  iteration  13   file ps5-ll_valuebound20.c line 28 function main
Unwinding loop 1  iteration  14   file ps5-ll_valuebound20.c line 28 function main
Not unwinding 
Symex completed in: 0.008s (147 assignments)
Slicing time: 0.001s (removed 89 assignments)
Generated 2 VCC(s), 2 remaining after simplification (58 assignments)
No solver specified; defaulting to Boolector
Encoding remaining VCC(s) using bit-vector/floating-point arithmetic
Encoding to solver time: 0.001s
Solving with solver Boolector 3.2.1
Encoding to solver time: 0.001s
Runtime decision procedure: 0.571s
BMC program time: 0.582s
No bug has been found in the base case
*** Checking forward condition, k = 15
Starting Bounded Model Checking
Unwinding loop 1  iteration  1   file ps5-ll_valuebound20.c line 28 function main
Unwinding loop 1  iteration  2   file ps5-ll_valuebound20.c line 28 function main
Unwinding loop 1  iteration  3   file ps5-ll_valuebound20.c line 28 function main
Unwinding loop 1  iteration  4   file ps5-ll_valuebound20.c line 28 function main
Unwinding loop 1  iteration  5   file ps5-ll_valuebound20.c line 28 function main
Unwinding loop 1  iteration  6   file ps5-ll_valuebound20.c line 28 function main
Unwinding loop 1  iteration  7   file ps5-ll_valuebound20.c line 28 function main
Unwinding loop 1  iteration  8   file ps5-ll_valuebound20.c line 28 function main
Unwinding loop 1  iteration  9   file ps5-ll_valuebound20.c line 28 function main
Unwinding loop 1  iteration  10   file ps5-ll_valuebound20.c line 28 function main
Unwinding loop 1  iteration  11   file ps5-ll_valuebound20.c line 28 function main
Unwinding loop 1  iteration  12   file ps5-ll_valuebound20.c line 28 function main
Unwinding loop 1  iteration  13   file ps5-ll_valuebound20.c line 28 function main
Unwinding loop 1  iteration  14   file ps5-ll_valuebound20.c line 28 function main
Not unwinding 
Symex completed in: 0.008s (145 assignments)
Slicing time: 0.000s (removed 121 assignments)
Generated 1 VCC(s), 1 remaining after simplification (24 assignments)
No solver specified; defaulting to Boolector
Encoding remaining VCC(s) using bit-vector/floating-point arithmetic
Encoding to solver time: 0.001s
Solving with solver Boolector 3.2.1
Encoding to solver time: 0.001s
Runtime decision procedure: 0.002s
The forward condition is unable to prove the property
*** Checking base case, k = 17
Starting Bounded Model Checking
Unwinding loop 1  iteration  1   file ps5-ll_valuebound20.c line 28 function main
Unwinding loop 1  iteration  2   file ps5-ll_valuebound20.c line 28 function main
Unwinding loop 1  iteration  3   file ps5-ll_valuebound20.c line 28 function main
Unwinding loop 1  iteration  4   file ps5-ll_valuebound20.c line 28 function main
Unwinding loop 1  iteration  5   file ps5-ll_valuebound20.c line 28 function main
Unwinding loop 1  iteration  6   file ps5-ll_valuebound20.c line 28 function main
Unwinding loop 1  iteration  7   file ps5-ll_valuebound20.c line 28 function main
Unwinding loop 1  iteration  8   file ps5-ll_valuebound20.c line 28 function main
Unwinding loop 1  iteration  9   file ps5-ll_valuebound20.c line 28 function main
Unwinding loop 1  iteration  10   file ps5-ll_valuebound20.c line 28 function main
Unwinding loop 1  iteration  11   file ps5-ll_valuebound20.c line 28 function main
Unwinding loop 1  iteration  12   file ps5-ll_valuebound20.c line 28 function main
Unwinding loop 1  iteration  13   file ps5-ll_valuebound20.c line 28 function main
Unwinding loop 1  iteration  14   file ps5-ll_valuebound20.c line 28 function main
Unwinding loop 1  iteration  15   file ps5-ll_valuebound20.c line 28 function main
Unwinding loop 1  iteration  16   file ps5-ll_valuebound20.c line 28 function main
Not unwinding 
Symex completed in: 0.009s (163 assignments)
Slicing time: 0.001s (removed 99 assignments)
Generated 2 VCC(s), 2 remaining after simplification (64 assignments)
No solver specified; defaulting to Boolector
Encoding remaining VCC(s) using bit-vector/floating-point arithmetic
Encoding to solver time: 0.002s
Solving with solver Boolector 3.2.1
Encoding to solver time: 0.002s
Runtime decision procedure: 1.241s
BMC program time: 1.254s
No bug has been found in the base case
*** Checking forward condition, k = 17
Starting Bounded Model Checking
Unwinding loop 1  iteration  1   file ps5-ll_valuebound20.c line 28 function main
Unwinding loop 1  iteration  2   file ps5-ll_valuebound20.c line 28 function main
Unwinding loop 1  iteration  3   file ps5-ll_valuebound20.c line 28 function main
Unwinding loop 1  iteration  4   file ps5-ll_valuebound20.c line 28 function main
Unwinding loop 1  iteration  5   file ps5-ll_valuebound20.c line 28 function main
Unwinding loop 1  iteration  6   file ps5-ll_valuebound20.c line 28 function main
Unwinding loop 1  iteration  7   file ps5-ll_valuebound20.c line 28 function main
Unwinding loop 1  iteration  8   file ps5-ll_valuebound20.c line 28 function main
Unwinding loop 1  iteration  9   file ps5-ll_valuebound20.c line 28 function main
Unwinding loop 1  iteration  10   file ps5-ll_valuebound20.c line 28 function main
Unwinding loop 1  iteration  11   file ps5-ll_valuebound20.c line 28 function main
Unwinding loop 1  iteration  12   file ps5-ll_valuebound20.c line 28 function main
Unwinding loop 1  iteration  13   file ps5-ll_valuebound20.c line 28 function main
Unwinding loop 1  iteration  14   file ps5-ll_valuebound20.c line 28 function main
Unwinding loop 1  iteration  15   file ps5-ll_valuebound20.c line 28 function main
Unwinding loop 1  iteration  16   file ps5-ll_valuebound20.c line 28 function main
Not unwinding 
Symex completed in: 0.010s (161 assignments)
Slicing time: 0.000s (removed 135 assignments)
Generated 1 VCC(s), 1 remaining after simplification (26 assignments)
No solver specified; defaulting to Boolector
Encoding remaining VCC(s) using bit-vector/floating-point arithmetic
Encoding to solver time: 0.001s
Solving with solver Boolector 3.2.1
Encoding to solver time: 0.001s
Runtime decision procedure: 0.002s
The forward condition is unable to prove the property
*** Checking base case, k = 19
Starting Bounded Model Checking
Unwinding loop 1  iteration  1   file ps5-ll_valuebound20.c line 28 function main
Unwinding loop 1  iteration  2   file ps5-ll_valuebound20.c line 28 function main
Unwinding loop 1  iteration  3   file ps5-ll_valuebound20.c line 28 function main
Unwinding loop 1  iteration  4   file ps5-ll_valuebound20.c line 28 function main
Unwinding loop 1  iteration  5   file ps5-ll_valuebound20.c line 28 function main
Unwinding loop 1  iteration  6   file ps5-ll_valuebound20.c line 28 function main
Unwinding loop 1  iteration  7   file ps5-ll_valuebound20.c line 28 function main
Unwinding loop 1  iteration  8   file ps5-ll_valuebound20.c line 28 function main
Unwinding loop 1  iteration  9   file ps5-ll_valuebound20.c line 28 function main
Unwinding loop 1  iteration  10   file ps5-ll_valuebound20.c line 28 function main
Unwinding loop 1  iteration  11   file ps5-ll_valuebound20.c line 28 function main
Unwinding loop 1  iteration  12   file ps5-ll_valuebound20.c line 28 function main
Unwinding loop 1  iteration  13   file ps5-ll_valuebound20.c line 28 function main
Unwinding loop 1  iteration  14   file ps5-ll_valuebound20.c line 28 function main
Unwinding loop 1  iteration  15   file ps5-ll_valuebound20.c line 28 function main
Unwinding loop 1  iteration  16   file ps5-ll_valuebound20.c line 28 function main
Unwinding loop 1  iteration  17   file ps5-ll_valuebound20.c line 28 function main
Unwinding loop 1  iteration  18   file ps5-ll_valuebound20.c line 28 function main
Not unwinding 
Symex completed in: 0.011s (179 assignments)
Slicing time: 0.001s (removed 109 assignments)
Generated 2 VCC(s), 2 remaining after simplification (70 assignments)
No solver specified; defaulting to Boolector
Encoding remaining VCC(s) using bit-vector/floating-point arithmetic
Encoding to solver time: 0.001s
Solving with solver Boolector 3.2.1
Encoding to solver time: 0.001s
Runtime decision procedure: 1.257s
BMC program time: 1.272s
No bug has been found in the base case
*** Checking forward condition, k = 19
Starting Bounded Model Checking
Unwinding loop 1  iteration  1   file ps5-ll_valuebound20.c line 28 function main
Unwinding loop 1  iteration  2   file ps5-ll_valuebound20.c line 28 function main
Unwinding loop 1  iteration  3   file ps5-ll_valuebound20.c line 28 function main
Unwinding loop 1  iteration  4   file ps5-ll_valuebound20.c line 28 function main
Unwinding loop 1  iteration  5   file ps5-ll_valuebound20.c line 28 function main
Unwinding loop 1  iteration  6   file ps5-ll_valuebound20.c line 28 function main
Unwinding loop 1  iteration  7   file ps5-ll_valuebound20.c line 28 function main
Unwinding loop 1  iteration  8   file ps5-ll_valuebound20.c line 28 function main
Unwinding loop 1  iteration  9   file ps5-ll_valuebound20.c line 28 function main
Unwinding loop 1  iteration  10   file ps5-ll_valuebound20.c line 28 function main
Unwinding loop 1  iteration  11   file ps5-ll_valuebound20.c line 28 function main
Unwinding loop 1  iteration  12   file ps5-ll_valuebound20.c line 28 function main
Unwinding loop 1  iteration  13   file ps5-ll_valuebound20.c line 28 function main
Unwinding loop 1  iteration  14   file ps5-ll_valuebound20.c line 28 function main
Unwinding loop 1  iteration  15   file ps5-ll_valuebound20.c line 28 function main
Unwinding loop 1  iteration  16   file ps5-ll_valuebound20.c line 28 function main
Unwinding loop 1  iteration  17   file ps5-ll_valuebound20.c line 28 function main
Unwinding loop 1  iteration  18   file ps5-ll_valuebound20.c line 28 function main
Not unwinding 
Symex completed in: 0.011s (177 assignments)
Slicing time: 0.000s (removed 149 assignments)
Generated 1 VCC(s), 1 remaining after simplification (28 assignments)
No solver specified; defaulting to Boolector
Encoding remaining VCC(s) using bit-vector/floating-point arithmetic
Encoding to solver time: 0.001s
Solving with solver Boolector 3.2.1
Encoding to solver time: 0.001s
Runtime decision procedure: 0.002s
The forward condition is unable to prove the property
*** Checking base case, k = 21
Starting Bounded Model Checking
Unwinding loop 1  iteration  1   file ps5-ll_valuebound20.c line 28 function main
Unwinding loop 1  iteration  2   file ps5-ll_valuebound20.c line 28 function main
Unwinding loop 1  iteration  3   file ps5-ll_valuebound20.c line 28 function main
Unwinding loop 1  iteration  4   file ps5-ll_valuebound20.c line 28 function main
Unwinding loop 1  iteration  5   file ps5-ll_valuebound20.c line 28 function main
Unwinding loop 1  iteration  6   file ps5-ll_valuebound20.c line 28 function main
Unwinding loop 1  iteration  7   file ps5-ll_valuebound20.c line 28 function main
Unwinding loop 1  iteration  8   file ps5-ll_valuebound20.c line 28 function main
Unwinding loop 1  iteration  9   file ps5-ll_valuebound20.c line 28 function main
Unwinding loop 1  iteration  10   file ps5-ll_valuebound20.c line 28 function main
Unwinding loop 1  iteration  11   file ps5-ll_valuebound20.c line 28 function main
Unwinding loop 1  iteration  12   file ps5-ll_valuebound20.c line 28 function main
Unwinding loop 1  iteration  13   file ps5-ll_valuebound20.c line 28 function main
Unwinding loop 1  iteration  14   file ps5-ll_valuebound20.c line 28 function main
Unwinding loop 1  iteration  15   file ps5-ll_valuebound20.c line 28 function main
Unwinding loop 1  iteration  16   file ps5-ll_valuebound20.c line 28 function main
Unwinding loop 1  iteration  17   file ps5-ll_valuebound20.c line 28 function main
Unwinding loop 1  iteration  18   file ps5-ll_valuebound20.c line 28 function main
Unwinding loop 1  iteration  19   file ps5-ll_valuebound20.c line 28 function main
Unwinding loop 1  iteration  20   file ps5-ll_valuebound20.c line 28 function main
Not unwinding 
Symex completed in: 0.011s (195 assignments)
Slicing time: 0.002s (removed 119 assignments)
Generated 2 VCC(s), 2 remaining after simplification (76 assignments)
No solver specified; defaulting to Boolector
Encoding remaining VCC(s) using bit-vector/floating-point arithmetic
Encoding to solver time: 0.002s
Solving with solver Boolector 3.2.1
Encoding to solver time: 0.002s
Runtime decision procedure: 1.601s
BMC program time: 1.616s
No bug has been found in the base case
*** Checking forward condition, k = 21
Starting Bounded Model Checking
Unwinding loop 1  iteration  1   file ps5-ll_valuebound20.c line 28 function main
Unwinding loop 1  iteration  2   file ps5-ll_valuebound20.c line 28 function main
Unwinding loop 1  iteration  3   file ps5-ll_valuebound20.c line 28 function main
Unwinding loop 1  iteration  4   file ps5-ll_valuebound20.c line 28 function main
Unwinding loop 1  iteration  5   file ps5-ll_valuebound20.c line 28 function main
Unwinding loop 1  iteration  6   file ps5-ll_valuebound20.c line 28 function main
Unwinding loop 1  iteration  7   file ps5-ll_valuebound20.c line 28 function main
Unwinding loop 1  iteration  8   file ps5-ll_valuebound20.c line 28 function main
Unwinding loop 1  iteration  9   file ps5-ll_valuebound20.c line 28 function main
Unwinding loop 1  iteration  10   file ps5-ll_valuebound20.c line 28 function main
Unwinding loop 1  iteration  11   file ps5-ll_valuebound20.c line 28 function main
Unwinding loop 1  iteration  12   file ps5-ll_valuebound20.c line 28 function main
Unwinding loop 1  iteration  13   file ps5-ll_valuebound20.c line 28 function main
Unwinding loop 1  iteration  14   file ps5-ll_valuebound20.c line 28 function main
Unwinding loop 1  iteration  15   file ps5-ll_valuebound20.c line 28 function main
Unwinding loop 1  iteration  16   file ps5-ll_valuebound20.c line 28 function main
Unwinding loop 1  iteration  17   file ps5-ll_valuebound20.c line 28 function main
Unwinding loop 1  iteration  18   file ps5-ll_valuebound20.c line 28 function main
Unwinding loop 1  iteration  19   file ps5-ll_valuebound20.c line 28 function main
Unwinding loop 1  iteration  20   file ps5-ll_valuebound20.c line 28 function main
Not unwinding 
Symex completed in: 0.012s (193 assignments)
Slicing time: 0.000s (removed 163 assignments)
Generated 1 VCC(s), 1 remaining after simplification (30 assignments)
No solver specified; defaulting to Boolector
Encoding remaining VCC(s) using bit-vector/floating-point arithmetic
Encoding to solver time: 0.001s
Solving with solver Boolector 3.2.1
Encoding to solver time: 0.001s
Runtime decision procedure: 0.002s
BMC program time: 0.016s
Building successful trace

VERIFICATION SUCCESSFUL

Solution found by the forward condition; all states are reachable (k = 21


TRUE
