./esbmc-wrapper.py -p ../sv-benchmarks/c/properties/termination.prp -s kinduction --arch 32 ../sv-benchmarks/c/product-lines/email_spec4_product34.cil.c


--------------------------------------------------------------------------------


Verifying with ESBMC
Command: ./esbmc --no-div-by-zero-check --force-malloc-success --state-hashing --no-align-check --k-step 2 --floatbv --unlimited-k-steps ../sv-benchmarks/c/product-lines/email_spec4_product34.cil.c --32 --witness-output email_spec4_product34.cil.c.graphml --no-pointer-check --no-bounds-check --no-assertions --termination --max-inductive-step 3 
ESBMC version 6.8.0 64-bit x86_64 linux
Target: 32-bit little-endian x86_64-unknown-linux with esbmc libc
file ../sv-benchmarks/c/product-lines/email_spec4_product34.cil.c: Parsing
Converting
Generating GOTO Program
GOTO program creation time: 0.169s
GOTO program processing time: 0.004s
*** Checking forward condition, k = 1
Starting Bounded Model Checking
Not unwinding 
Symex completed in: 0.047s (749 assignments)
Slicing time: 0.001s (removed 710 assignments)
Generated 1 VCC(s), 1 remaining after simplification (39 assignments)
No solver specified; defaulting to Boolector
Encoding remaining VCC(s) using bit-vector/floating-point arithmetic
Encoding to solver time: 0.002s
Solving with solver Boolector 3.2.1
Encoding to solver time: 0.002s
Runtime decision procedure: 0.194s
The forward condition is unable to prove the property
*** Checking forward condition, k = 3
Starting Bounded Model Checking
Unwinding loop 1  iteration  1   file email_spec4_product34.cil.c line 2305 function test
Unwinding loop 1  iteration  2   file email_spec4_product34.cil.c line 2305 function test
Not unwinding 
Symex completed in: 0.502s (5373 assignments)
Slicing time: 0.043s (removed 4475 assignments)
Generated 1 VCC(s), 1 remaining after simplification (898 assignments)
No solver specified; defaulting to Boolector
Encoding remaining VCC(s) using bit-vector/floating-point arithmetic
Encoding to solver time: 0.014s
Solving with solver Boolector 3.2.1
Encoding to solver time: 0.014s
Runtime decision procedure: 0.461s
The forward condition is unable to prove the property
*** Checking forward condition, k = 5
Starting Bounded Model Checking
Unwinding loop 1  iteration  1   file email_spec4_product34.cil.c line 2305 function test
Unwinding loop 1  iteration  2   file email_spec4_product34.cil.c line 2305 function test
Unwinding loop 1  iteration  3   file email_spec4_product34.cil.c line 2305 function test
Unwinding loop 1  iteration  4   file email_spec4_product34.cil.c line 2305 function test
Symex completed in: 0.682s (6035 assignments)
Slicing time: 0.084s (removed 4879 assignments)
Generated 0 VCC(s), 0 remaining after simplification (1156 assignments)
BMC program time: 0.766s
Building successful trace

VERIFICATION SUCCESSFUL

Solution found by the forward condition; all states are reachable (k = 5


TRUE
