./esbmc-wrapper.py -p ../sv-benchmarks/c/properties/unreach-call.prp -s kinduction --arch 32 ../sv-benchmarks/c/eca-rers2012/Problem04_label55.c


--------------------------------------------------------------------------------


Verifying with ESBMC
Command: ./esbmc --no-div-by-zero-check --force-malloc-success --state-hashing --no-align-check --k-step 2 --floatbv --unlimited-k-steps ../sv-benchmarks/c/eca-rers2012/Problem04_label55.c --32 --witness-output Problem04_label55.c.graphml --no-pointer-check --no-bounds-check --interval-analysis --k-induction --max-inductive-step 3 
ESBMC version 6.8.0 64-bit x86_64 linux
Target: 32-bit little-endian x86_64-unknown-linux with esbmc libc
file ../sv-benchmarks/c/eca-rers2012/Problem04_label55.c: Parsing
Converting
Generating GOTO Program
GOTO program creation time: 0.782s
GOTO program processing time: 0.298s
*** Checking base case, k = 1
Starting Bounded Model Checking
Not unwinding 
Symex completed in: 0.048s (113 assignments)
Slicing time: 0.000s (removed 109 assignments)
Generated 0 VCC(s), 0 remaining after simplification (4 assignments)
BMC program time: 0.048s
No bug has been found in the base case
*** Checking forward condition, k = 1
Starting Bounded Model Checking
Not unwinding 
Symex completed in: 0.045s (113 assignments)
Slicing time: 0.000s (removed 109 assignments)
Generated 1 VCC(s), 1 remaining after simplification (4 assignments)
No solver specified; defaulting to Boolector
Encoding remaining VCC(s) using bit-vector/floating-point arithmetic
Encoding to solver time: 0.000s
Solving with solver Boolector 3.2.1
Encoding to solver time: 0.000s
Runtime decision procedure: 0.002s
The forward condition is unable to prove the property
*** Checking base case, k = 3
Starting Bounded Model Checking
Unwinding loop 1  iteration  1   file Problem04_label55.c line 4826 function main
Unwinding loop 1  iteration  2   file Problem04_label55.c line 4826 function main
Not unwinding 
Symex completed in: 0.698s (15841 assignments)
Slicing time: 0.113s (removed 10738 assignments)
Generated 2 VCC(s), 2 remaining after simplification (5103 assignments)
No solver specified; defaulting to Boolector
Encoding remaining VCC(s) using bit-vector/floating-point arithmetic
Encoding to solver time: 0.102s
Solving with solver Boolector 3.2.1
Encoding to solver time: 0.102s
Runtime decision procedure: 0.078s
BMC program time: 0.992s
No bug has been found in the base case
*** Checking forward condition, k = 3
Starting Bounded Model Checking
Unwinding loop 1  iteration  1   file Problem04_label55.c line 4826 function main
Unwinding loop 1  iteration  2   file Problem04_label55.c line 4826 function main
Not unwinding 
Symex completed in: 0.755s (15839 assignments)
Slicing time: 0.118s (removed 10738 assignments)
Generated 1 VCC(s), 1 remaining after simplification (5101 assignments)
No solver specified; defaulting to Boolector
Encoding remaining VCC(s) using bit-vector/floating-point arithmetic
Encoding to solver time: 0.092s
Solving with solver Boolector 3.2.1
Encoding to solver time: 0.092s
Runtime decision procedure: 0.220s
The forward condition is unable to prove the property
*** Checking inductive step, k = 3
Starting Bounded Model Checking
Unwinding loop 1  iteration  1   file Problem04_label55.c line 4826 function main
Unwinding loop 1  iteration  2   file Problem04_label55.c line 4826 function main
Not unwinding 
Symex completed in: 2.000s (44003 assignments)
Slicing time: 2.066s (removed 20696 assignments)
Generated 1 VCC(s), 1 remaining after simplification (23307 assignments)
No solver specified; defaulting to Boolector
Encoding remaining VCC(s) using bit-vector/floating-point arithmetic
Encoding to solver time: 0.579s
Solving with solver Boolector 3.2.1
Encoding to solver time: 0.579s
Runtime decision procedure: 2.598s
The inductive step is unable to prove the property
*** Checking base case, k = 5
Starting Bounded Model Checking
Unwinding loop 1  iteration  1   file Problem04_label55.c line 4826 function main
Unwinding loop 1  iteration  2   file Problem04_label55.c line 4826 function main
Unwinding loop 1  iteration  3   file Problem04_label55.c line 4826 function main
Unwinding loop 1  iteration  4   file Problem04_label55.c line 4826 function main
Not unwinding 
Symex completed in: 2.462s (43513 assignments)
Slicing time: 0.362s (removed 21516 assignments)
Generated 4 VCC(s), 4 remaining after simplification (21997 assignments)
No solver specified; defaulting to Boolector
Encoding remaining VCC(s) using bit-vector/floating-point arithmetic
Encoding to solver time: 0.390s
Solving with solver Boolector 3.2.1
Encoding to solver time: 0.390s
Runtime decision procedure: 1.347s
BMC program time: 4.561s
No bug has been found in the base case
*** Checking forward condition, k = 5
Starting Bounded Model Checking
Unwinding loop 1  iteration  1   file Problem04_label55.c line 4826 function main
Unwinding loop 1  iteration  2   file Problem04_label55.c line 4826 function main
Unwinding loop 1  iteration  3   file Problem04_label55.c line 4826 function main
Unwinding loop 1  iteration  4   file Problem04_label55.c line 4826 function main
Not unwinding 
Symex completed in: 2.408s (43509 assignments)
Slicing time: 0.362s (removed 21516 assignments)
Generated 1 VCC(s), 1 remaining after simplification (21993 assignments)
No solver specified; defaulting to Boolector
Encoding remaining VCC(s) using bit-vector/floating-point arithmetic
Encoding to solver time: 0.426s
Solving with solver Boolector 3.2.1
Encoding to solver time: 0.426s
Runtime decision procedure: 1.734s
The forward condition is unable to prove the property
*** Checking base case, k = 7
Starting Bounded Model Checking
Unwinding loop 1  iteration  1   file Problem04_label55.c line 4826 function main
Unwinding loop 1  iteration  2   file Problem04_label55.c line 4826 function main
Unwinding loop 1  iteration  3   file Problem04_label55.c line 4826 function main
Unwinding loop 1  iteration  4   file Problem04_label55.c line 4826 function main
Unwinding loop 1  iteration  5   file Problem04_label55.c line 4826 function main
Unwinding loop 1  iteration  6   file Problem04_label55.c line 4826 function main
Not unwinding 
Symex completed in: 3.823s (71185 assignments)
Slicing time: 0.605s (removed 32294 assignments)
Generated 6 VCC(s), 6 remaining after simplification (38891 assignments)
No solver specified; defaulting to Boolector
Encoding remaining VCC(s) using bit-vector/floating-point arithmetic
Encoding to solver time: 0.694s
Solving with solver Boolector 3.2.1
Encoding to solver time: 0.694s
Runtime decision procedure: 3.904s
BMC program time: 9.027s
No bug has been found in the base case
*** Checking forward condition, k = 7
Starting Bounded Model Checking
Unwinding loop 1  iteration  1   file Problem04_label55.c line 4826 function main
Unwinding loop 1  iteration  2   file Problem04_label55.c line 4826 function main
Unwinding loop 1  iteration  3   file Problem04_label55.c line 4826 function main
Unwinding loop 1  iteration  4   file Problem04_label55.c line 4826 function main
Unwinding loop 1  iteration  5   file Problem04_label55.c line 4826 function main
Unwinding loop 1  iteration  6   file Problem04_label55.c line 4826 function main
Not unwinding 
Symex completed in: 4.273s (71179 assignments)
Slicing time: 0.618s (removed 32294 assignments)
Generated 1 VCC(s), 1 remaining after simplification (38885 assignments)
No solver specified; defaulting to Boolector
Encoding remaining VCC(s) using bit-vector/floating-point arithmetic
Encoding to solver time: 0.739s
Solving with solver Boolector 3.2.1
Encoding to solver time: 0.739s
Runtime decision procedure: 3.612s
The forward condition is unable to prove the property
*** Checking base case, k = 9
Starting Bounded Model Checking
Unwinding loop 1  iteration  1   file Problem04_label55.c line 4826 function main
Unwinding loop 1  iteration  2   file Problem04_label55.c line 4826 function main
Unwinding loop 1  iteration  3   file Problem04_label55.c line 4826 function main
Unwinding loop 1  iteration  4   file Problem04_label55.c line 4826 function main
Unwinding loop 1  iteration  5   file Problem04_label55.c line 4826 function main
Unwinding loop 1  iteration  6   file Problem04_label55.c line 4826 function main
Unwinding loop 1  iteration  7   file Problem04_label55.c line 4826 function main
Unwinding loop 1  iteration  8   file Problem04_label55.c line 4826 function main
Not unwinding 
Symex completed in: 5.567s (98857 assignments)
Slicing time: 0.874s (removed 43072 assignments)
Generated 8 VCC(s), 8 remaining after simplification (55785 assignments)
No solver specified; defaulting to Boolector
Encoding remaining VCC(s) using bit-vector/floating-point arithmetic
Encoding to solver time: 1.008s
Solving with solver Boolector 3.2.1
Encoding to solver time: 1.008s
Runtime decision procedure: 7.688s
BMC program time: 15.138s
No bug has been found in the base case
*** Checking forward condition, k = 9
Starting Bounded Model Checking
Unwinding loop 1  iteration  1   file Problem04_label55.c line 4826 function main
Unwinding loop 1  iteration  2   file Problem04_label55.c line 4826 function main
Unwinding loop 1  iteration  3   file Problem04_label55.c line 4826 function main
Unwinding loop 1  iteration  4   file Problem04_label55.c line 4826 function main
Unwinding loop 1  iteration  5   file Problem04_label55.c line 4826 function main
Unwinding loop 1  iteration  6   file Problem04_label55.c line 4826 function main
Unwinding loop 1  iteration  7   file Problem04_label55.c line 4826 function main
Unwinding loop 1  iteration  8   file Problem04_label55.c line 4826 function main
Not unwinding 
Symex completed in: 5.843s (98849 assignments)
Slicing time: 0.870s (removed 43072 assignments)
Generated 1 VCC(s), 1 remaining after simplification (55777 assignments)
No solver specified; defaulting to Boolector
Encoding remaining VCC(s) using bit-vector/floating-point arithmetic
Encoding to solver time: 1.049s
Solving with solver Boolector 3.2.1
Encoding to solver time: 1.049s
Runtime decision procedure: 5.445s
The forward condition is unable to prove the property
*** Checking base case, k = 11
Starting Bounded Model Checking
Unwinding loop 1  iteration  1   file Problem04_label55.c line 4826 function main
Unwinding loop 1  iteration  2   file Problem04_label55.c line 4826 function main
Unwinding loop 1  iteration  3   file Problem04_label55.c line 4826 function main
Unwinding loop 1  iteration  4   file Problem04_label55.c line 4826 function main
Unwinding loop 1  iteration  5   file Problem04_label55.c line 4826 function main
Unwinding loop 1  iteration  6   file Problem04_label55.c line 4826 function main
Unwinding loop 1  iteration  7   file Problem04_label55.c line 4826 function main
Unwinding loop 1  iteration  8   file Problem04_label55.c line 4826 function main
Unwinding loop 1  iteration  9   file Problem04_label55.c line 4826 function main
Unwinding loop 1  iteration  10   file Problem04_label55.c line 4826 function main
Not unwinding 
Symex completed in: 7.580s (126529 assignments)
Slicing time: 1.145s (removed 53850 assignments)
Generated 10 VCC(s), 10 remaining after simplification (72679 assignments)
No solver specified; defaulting to Boolector
Encoding remaining VCC(s) using bit-vector/floating-point arithmetic
Encoding to solver time: 1.382s
Solving with solver Boolector 3.2.1
Encoding to solver time: 1.382s
Runtime decision procedure: 10.122s
BMC program time: 20.230s
No bug has been found in the base case
*** Checking forward condition, k = 11
Starting Bounded Model Checking
Unwinding loop 1  iteration  1   file Problem04_label55.c line 4826 function main
Unwinding loop 1  iteration  2   file Problem04_label55.c line 4826 function main
Unwinding loop 1  iteration  3   file Problem04_label55.c line 4826 function main
Unwinding loop 1  iteration  4   file Problem04_label55.c line 4826 function main
Unwinding loop 1  iteration  5   file Problem04_label55.c line 4826 function main
Unwinding loop 1  iteration  6   file Problem04_label55.c line 4826 function main
Unwinding loop 1  iteration  7   file Problem04_label55.c line 4826 function main
Unwinding loop 1  iteration  8   file Problem04_label55.c line 4826 function main
Unwinding loop 1  iteration  9   file Problem04_label55.c line 4826 function main
Unwinding loop 1  iteration  10   file Problem04_label55.c line 4826 function main
Not unwinding 
Symex completed in: 7.622s (126519 assignments)
Slicing time: 1.134s (removed 53850 assignments)
Generated 1 VCC(s), 1 remaining after simplification (72669 assignments)
No solver specified; defaulting to Boolector
Encoding remaining VCC(s) using bit-vector/floating-point arithmetic
Encoding to solver time: 1.546s
Solving with solver Boolector 3.2.1
Encoding to solver time: 1.546s
Runtime decision procedure: 7.291s
The forward condition is unable to prove the property
*** Checking base case, k = 13
Starting Bounded Model Checking
Unwinding loop 1  iteration  1   file Problem04_label55.c line 4826 function main
Unwinding loop 1  iteration  2   file Problem04_label55.c line 4826 function main
Unwinding loop 1  iteration  3   file Problem04_label55.c line 4826 function main
Unwinding loop 1  iteration  4   file Problem04_label55.c line 4826 function main
Unwinding loop 1  iteration  5   file Problem04_label55.c line 4826 function main
Unwinding loop 1  iteration  6   file Problem04_label55.c line 4826 function main
Unwinding loop 1  iteration  7   file Problem04_label55.c line 4826 function main
Unwinding loop 1  iteration  8   file Problem04_label55.c line 4826 function main
Unwinding loop 1  iteration  9   file Problem04_label55.c line 4826 function main
Unwinding loop 1  iteration  10   file Problem04_label55.c line 4826 function main
Unwinding loop 1  iteration  11   file Problem04_label55.c line 4826 function main
Unwinding loop 1  iteration  12   file Problem04_label55.c line 4826 function main
Not unwinding 
Symex completed in: 9.706s (154201 assignments)
Slicing time: 1.406s (removed 64628 assignments)
Generated 12 VCC(s), 12 remaining after simplification (89573 assignments)
No solver specified; defaulting to Boolector
Encoding remaining VCC(s) using bit-vector/floating-point arithmetic
Encoding to solver time: 1.773s
Solving with solver Boolector 3.2.1
Encoding to solver time: 1.773s
Runtime decision procedure: 15.658s
BMC program time: 28.545s
No bug has been found in the base case
*** Checking forward condition, k = 13
Starting Bounded Model Checking
Unwinding loop 1  iteration  1   file Problem04_label55.c line 4826 function main
Unwinding loop 1  iteration  2   file Problem04_label55.c line 4826 function main
Unwinding loop 1  iteration  3   file Problem04_label55.c line 4826 function main
Unwinding loop 1  iteration  4   file Problem04_label55.c line 4826 function main
Unwinding loop 1  iteration  5   file Problem04_label55.c line 4826 function main
Unwinding loop 1  iteration  6   file Problem04_label55.c line 4826 function main
Unwinding loop 1  iteration  7   file Problem04_label55.c line 4826 function main
Unwinding loop 1  iteration  8   file Problem04_label55.c line 4826 function main
Unwinding loop 1  iteration  9   file Problem04_label55.c line 4826 function main
Unwinding loop 1  iteration  10   file Problem04_label55.c line 4826 function main
Unwinding loop 1  iteration  11   file Problem04_label55.c line 4826 function main
Unwinding loop 1  iteration  12   file Problem04_label55.c line 4826 function main
Not unwinding 
Symex completed in: 9.932s (154189 assignments)
Slicing time: 1.390s (removed 64628 assignments)
Generated 1 VCC(s), 1 remaining after simplification (89561 assignments)
No solver specified; defaulting to Boolector
Encoding remaining VCC(s) using bit-vector/floating-point arithmetic
Encoding to solver time: 1.874s
Solving with solver Boolector 3.2.1
Encoding to solver time: 1.874s
Runtime decision procedure: 9.000s
The forward condition is unable to prove the property
*** Checking base case, k = 15
Starting Bounded Model Checking
Unwinding loop 1  iteration  1   file Problem04_label55.c line 4826 function main
Unwinding loop 1  iteration  2   file Problem04_label55.c line 4826 function main
Unwinding loop 1  iteration  3   file Problem04_label55.c line 4826 function main
Unwinding loop 1  iteration  4   file Problem04_label55.c line 4826 function main
Unwinding loop 1  iteration  5   file Problem04_label55.c line 4826 function main
Unwinding loop 1  iteration  6   file Problem04_label55.c line 4826 function main
Unwinding loop 1  iteration  7   file Problem04_label55.c line 4826 function main
Unwinding loop 1  iteration  8   file Problem04_label55.c line 4826 function main
Unwinding loop 1  iteration  9   file Problem04_label55.c line 4826 function main
Unwinding loop 1  iteration  10   file Problem04_label55.c line 4826 function main
Unwinding loop 1  iteration  11   file Problem04_label55.c line 4826 function main
Unwinding loop 1  iteration  12   file Problem04_label55.c line 4826 function main
Unwinding loop 1  iteration  13   file Problem04_label55.c line 4826 function main
Unwinding loop 1  iteration  14   file Problem04_label55.c line 4826 function main
Not unwinding 
Symex completed in: 12.004s (181873 assignments)
Slicing time: 1.648s (removed 75406 assignments)
Generated 14 VCC(s), 14 remaining after simplification (106467 assignments)
No solver specified; defaulting to Boolector
Encoding remaining VCC(s) using bit-vector/floating-point arithmetic
Encoding to solver time: 2.046s
Solving with solver Boolector 3.2.1
Encoding to solver time: 2.046s
Runtime decision procedure: 20.526s
BMC program time: 36.225s
No bug has been found in the base case
*** Checking forward condition, k = 15
Starting Bounded Model Checking
Unwinding loop 1  iteration  1   file Problem04_label55.c line 4826 function main
Unwinding loop 1  iteration  2   file Problem04_label55.c line 4826 function main
Unwinding loop 1  iteration  3   file Problem04_label55.c line 4826 function main
Unwinding loop 1  iteration  4   file Problem04_label55.c line 4826 function main
Unwinding loop 1  iteration  5   file Problem04_label55.c line 4826 function main
Unwinding loop 1  iteration  6   file Problem04_label55.c line 4826 function main
Unwinding loop 1  iteration  7   file Problem04_label55.c line 4826 function main
Unwinding loop 1  iteration  8   file Problem04_label55.c line 4826 function main
Unwinding loop 1  iteration  9   file Problem04_label55.c line 4826 function main
Unwinding loop 1  iteration  10   file Problem04_label55.c line 4826 function main
Unwinding loop 1  iteration  11   file Problem04_label55.c line 4826 function main
Unwinding loop 1  iteration  12   file Problem04_label55.c line 4826 function main
Unwinding loop 1  iteration  13   file Problem04_label55.c line 4826 function main
Unwinding loop 1  iteration  14   file Problem04_label55.c line 4826 function main
Not unwinding 
Symex completed in: 12.417s (181859 assignments)
Slicing time: 1.624s (removed 75406 assignments)
Generated 1 VCC(s), 1 remaining after simplification (106453 assignments)
No solver specified; defaulting to Boolector
Encoding remaining VCC(s) using bit-vector/floating-point arithmetic
Encoding to solver time: 2.169s
Solving with solver Boolector 3.2.1
Encoding to solver time: 2.169s
Runtime decision procedure: 10.555s
The forward condition is unable to prove the property
*** Checking base case, k = 17
Starting Bounded Model Checking
Unwinding loop 1  iteration  1   file Problem04_label55.c line 4826 function main
Unwinding loop 1  iteration  2   file Problem04_label55.c line 4826 function main
Unwinding loop 1  iteration  3   file Problem04_label55.c line 4826 function main
Unwinding loop 1  iteration  4   file Problem04_label55.c line 4826 function main
Unwinding loop 1  iteration  5   file Problem04_label55.c line 4826 function main
Unwinding loop 1  iteration  6   file Problem04_label55.c line 4826 function main
Unwinding loop 1  iteration  7   file Problem04_label55.c line 4826 function main
Unwinding loop 1  iteration  8   file Problem04_label55.c line 4826 function main
Unwinding loop 1  iteration  9   file Problem04_label55.c line 4826 function main
Unwinding loop 1  iteration  10   file Problem04_label55.c line 4826 function main
Unwinding loop 1  iteration  11   file Problem04_label55.c line 4826 function main
Unwinding loop 1  iteration  12   file Problem04_label55.c line 4826 function main
Unwinding loop 1  iteration  13   file Problem04_label55.c line 4826 function main
Unwinding loop 1  iteration  14   file Problem04_label55.c line 4826 function main
Unwinding loop 1  iteration  15   file Problem04_label55.c line 4826 function main
Unwinding loop 1  iteration  16   file Problem04_label55.c line 4826 function main
Not unwinding 
Symex completed in: 14.276s (209545 assignments)
Slicing time: 1.904s (removed 86184 assignments)
Generated 16 VCC(s), 16 remaining after simplification (123361 assignments)
No solver specified; defaulting to Boolector
Encoding remaining VCC(s) using bit-vector/floating-point arithmetic
Encoding to solver time: 2.271s
Solving with solver Boolector 3.2.1
Encoding to solver time: 2.271s
Runtime decision procedure: 28.997s
Building error trace

Counterexample:

State 1 file Problem04_label55.c line 4830 function main thread 0
----------------------------------------------------
  input = 2 (00000000 00000000 00000000 00000010)

State 2 file Problem04_label55.c line 4830 function main thread 0
----------------------------------------------------
  input = 6 (00000000 00000000 00000000 00000110)

State 3 file Problem04_label55.c line 4830 function main thread 0
----------------------------------------------------
  input = 4 (00000000 00000000 00000000 00000100)

State 4 file Problem04_label55.c line 4830 function main thread 0
----------------------------------------------------
  input = 5 (00000000 00000000 00000000 00000101)

State 5 file Problem04_label55.c line 4830 function main thread 0
----------------------------------------------------
  input = 2 (00000000 00000000 00000000 00000010)

State 6 file Problem04_label55.c line 4830 function main thread 0
----------------------------------------------------
  input = 3 (00000000 00000000 00000000 00000011)

State 7 file Problem04_label55.c line 4830 function main thread 0
----------------------------------------------------
  input = 6 (00000000 00000000 00000000 00000110)

State 8 file Problem04_label55.c line 4830 function main thread 0
----------------------------------------------------
  input = 4 (00000000 00000000 00000000 00000100)

State 9 file Problem04_label55.c line 4830 function main thread 0
----------------------------------------------------
  input = 1 (00000000 00000000 00000000 00000001)

State 10 file Problem04_label55.c line 4830 function main thread 0
----------------------------------------------------
  input = 1 (00000000 00000000 00000000 00000001)

State 11 file Problem04_label55.c line 4830 function main thread 0
----------------------------------------------------
  input = 4 (00000000 00000000 00000000 00000100)

State 12 file Problem04_label55.c line 4830 function main thread 0
----------------------------------------------------
  input = 1 (00000000 00000000 00000000 00000001)

State 13 file Problem04_label55.c line 4830 function main thread 0
----------------------------------------------------
  input = 1 (00000000 00000000 00000000 00000001)

State 14 file Problem04_label55.c line 4830 function main thread 0
----------------------------------------------------
  input = 3 (00000000 00000000 00000000 00000011)

State 15 file Problem04_label55.c line 4830 function main thread 0
----------------------------------------------------
  input = 2 (00000000 00000000 00000000 00000010)

State 16 file Problem04_label55.c line 4830 function main thread 0
----------------------------------------------------
  input = 1 (00000000 00000000 00000000 00000001)

State 17 file Problem04_label55.c line 4830 function main thread 0
----------------------------------------------------
  input = 6 (00000000 00000000 00000000 00000110)

State 18 file Problem04_label55.c line 15 function reach_error thread 0
----------------------------------------------------
Violated property:
  file Problem04_label55.c line 15 function reach_error
  assertion 0
  0


VERIFICATION FAILED

Bug found (k = 17)


FALSE_REACH
