./esbmc-wrapper.py -p ../sv-benchmarks/c/properties/termination.prp -s kinduction --arch 32 ../sv-benchmarks/c/reducercommutativity/max10-1.i


--------------------------------------------------------------------------------


Verifying with ESBMC
Command: ./esbmc --no-div-by-zero-check --force-malloc-success --state-hashing --no-align-check --k-step 2 --floatbv --unlimited-k-steps ../sv-benchmarks/c/reducercommutativity/max10-1.i --32 --witness-output max10-1.i.graphml --no-pointer-check --no-bounds-check --no-assertions --termination --max-inductive-step 3 
ESBMC version 6.8.0 64-bit x86_64 linux
Target: 32-bit little-endian x86_64-unknown-linux with esbmc libc
file ../sv-benchmarks/c/reducercommutativity/max10-1.i: Parsing
Converting
Generating GOTO Program
GOTO program creation time: 0.138s
GOTO program processing time: 0.001s
*** Checking forward condition, k = 1
Starting Bounded Model Checking
Not unwinding 
Symex completed in: 0.000s (14 assignments)
Slicing time: 0.000s (removed 12 assignments)
Generated 1 VCC(s), 1 remaining after simplification (2 assignments)
No solver specified; defaulting to Boolector
Encoding remaining VCC(s) using bit-vector/floating-point arithmetic
Encoding to solver time: 0.000s
Solving with solver Boolector 3.2.1
Encoding to solver time: 0.000s
Runtime decision procedure: 0.001s
The forward condition is unable to prove the property
*** Checking forward condition, k = 3
Starting Bounded Model Checking
Unwinding loop 2  iteration  1   file max10-1.i line 34 function main
Unwinding loop 2  iteration  2   file max10-1.i line 34 function main
Not unwinding 
Symex completed in: 0.000s (18 assignments)
Slicing time: 0.000s (removed 16 assignments)
Generated 1 VCC(s), 1 remaining after simplification (2 assignments)
No solver specified; defaulting to Boolector
Encoding remaining VCC(s) using bit-vector/floating-point arithmetic
Encoding to solver time: 0.000s
Solving with solver Boolector 3.2.1
Encoding to solver time: 0.000s
Runtime decision procedure: 0.000s
The forward condition is unable to prove the property
*** Checking forward condition, k = 5
Starting Bounded Model Checking
Unwinding loop 2  iteration  1   file max10-1.i line 34 function main
Unwinding loop 2  iteration  2   file max10-1.i line 34 function main
Unwinding loop 2  iteration  3   file max10-1.i line 34 function main
Unwinding loop 2  iteration  4   file max10-1.i line 34 function main
Not unwinding 
Symex completed in: 0.001s (22 assignments)
Slicing time: 0.000s (removed 20 assignments)
Generated 1 VCC(s), 1 remaining after simplification (2 assignments)
No solver specified; defaulting to Boolector
Encoding remaining VCC(s) using bit-vector/floating-point arithmetic
Encoding to solver time: 0.000s
Solving with solver Boolector 3.2.1
Encoding to solver time: 0.000s
Runtime decision procedure: 0.000s
The forward condition is unable to prove the property
*** Checking forward condition, k = 7
Starting Bounded Model Checking
Unwinding loop 2  iteration  1   file max10-1.i line 34 function main
Unwinding loop 2  iteration  2   file max10-1.i line 34 function main
Unwinding loop 2  iteration  3   file max10-1.i line 34 function main
Unwinding loop 2  iteration  4   file max10-1.i line 34 function main
Unwinding loop 2  iteration  5   file max10-1.i line 34 function main
Unwinding loop 2  iteration  6   file max10-1.i line 34 function main
Not unwinding 
Symex completed in: 0.001s (26 assignments)
Slicing time: 0.000s (removed 24 assignments)
Generated 1 VCC(s), 1 remaining after simplification (2 assignments)
No solver specified; defaulting to Boolector
Encoding remaining VCC(s) using bit-vector/floating-point arithmetic
Encoding to solver time: 0.000s
Solving with solver Boolector 3.2.1
Encoding to solver time: 0.000s
Runtime decision procedure: 0.001s
The forward condition is unable to prove the property
*** Checking forward condition, k = 9
Starting Bounded Model Checking
Unwinding loop 2  iteration  1   file max10-1.i line 34 function main
Unwinding loop 2  iteration  2   file max10-1.i line 34 function main
Unwinding loop 2  iteration  3   file max10-1.i line 34 function main
Unwinding loop 2  iteration  4   file max10-1.i line 34 function main
Unwinding loop 2  iteration  5   file max10-1.i line 34 function main
Unwinding loop 2  iteration  6   file max10-1.i line 34 function main
Unwinding loop 2  iteration  7   file max10-1.i line 34 function main
Unwinding loop 2  iteration  8   file max10-1.i line 34 function main
Not unwinding 
Symex completed in: 0.001s (30 assignments)
Slicing time: 0.000s (removed 28 assignments)
Generated 1 VCC(s), 1 remaining after simplification (2 assignments)
No solver specified; defaulting to Boolector
Encoding remaining VCC(s) using bit-vector/floating-point arithmetic
Encoding to solver time: 0.000s
Solving with solver Boolector 3.2.1
Encoding to solver time: 0.000s
Runtime decision procedure: 0.001s
The forward condition is unable to prove the property
*** Checking forward condition, k = 11
Starting Bounded Model Checking
Unwinding loop 2  iteration  1   file max10-1.i line 34 function main
Unwinding loop 2  iteration  2   file max10-1.i line 34 function main
Unwinding loop 2  iteration  3   file max10-1.i line 34 function main
Unwinding loop 2  iteration  4   file max10-1.i line 34 function main
Unwinding loop 2  iteration  5   file max10-1.i line 34 function main
Unwinding loop 2  iteration  6   file max10-1.i line 34 function main
Unwinding loop 2  iteration  7   file max10-1.i line 34 function main
Unwinding loop 2  iteration  8   file max10-1.i line 34 function main
Unwinding loop 2  iteration  9   file max10-1.i line 34 function main
Unwinding loop 2  iteration  10   file max10-1.i line 34 function main
Unwinding loop 1  iteration  1   file max10-1.i line 20 function max
Unwinding loop 1  iteration  2   file max10-1.i line 20 function max
Unwinding loop 1  iteration  3   file max10-1.i line 20 function max
Unwinding loop 1  iteration  4   file max10-1.i line 20 function max
Unwinding loop 1  iteration  5   file max10-1.i line 20 function max
Unwinding loop 1  iteration  6   file max10-1.i line 20 function max
Unwinding loop 1  iteration  7   file max10-1.i line 20 function max
Unwinding loop 1  iteration  8   file max10-1.i line 20 function max
Unwinding loop 1  iteration  9   file max10-1.i line 20 function max
Unwinding loop 1  iteration  10   file max10-1.i line 20 function max
Unwinding loop 1  iteration  1   file max10-1.i line 20 function max
Unwinding loop 1  iteration  2   file max10-1.i line 20 function max
Unwinding loop 1  iteration  3   file max10-1.i line 20 function max
Unwinding loop 1  iteration  4   file max10-1.i line 20 function max
Unwinding loop 1  iteration  5   file max10-1.i line 20 function max
Unwinding loop 1  iteration  6   file max10-1.i line 20 function max
Unwinding loop 1  iteration  7   file max10-1.i line 20 function max
Unwinding loop 1  iteration  8   file max10-1.i line 20 function max
Unwinding loop 1  iteration  9   file max10-1.i line 20 function max
Unwinding loop 1  iteration  10   file max10-1.i line 20 function max
Unwinding loop 3  iteration  1   file max10-1.i line 43 function main
Unwinding loop 3  iteration  2   file max10-1.i line 43 function main
Unwinding loop 3  iteration  3   file max10-1.i line 43 function main
Unwinding loop 3  iteration  4   file max10-1.i line 43 function main
Unwinding loop 3  iteration  5   file max10-1.i line 43 function main
Unwinding loop 3  iteration  6   file max10-1.i line 43 function main
Unwinding loop 3  iteration  7   file max10-1.i line 43 function main
Unwinding loop 3  iteration  8   file max10-1.i line 43 function main
Unwinding loop 3  iteration  9   file max10-1.i line 43 function main
Unwinding loop 1  iteration  1   file max10-1.i line 20 function max
Unwinding loop 1  iteration  2   file max10-1.i line 20 function max
Unwinding loop 1  iteration  3   file max10-1.i line 20 function max
Unwinding loop 1  iteration  4   file max10-1.i line 20 function max
Unwinding loop 1  iteration  5   file max10-1.i line 20 function max
Unwinding loop 1  iteration  6   file max10-1.i line 20 function max
Unwinding loop 1  iteration  7   file max10-1.i line 20 function max
Unwinding loop 1  iteration  8   file max10-1.i line 20 function max
Unwinding loop 1  iteration  9   file max10-1.i line 20 function max
Unwinding loop 1  iteration  10   file max10-1.i line 20 function max
Symex completed in: 0.022s (128 assignments)
Slicing time: 0.001s (removed 127 assignments)
Generated 0 VCC(s), 0 remaining after simplification (1 assignments)
BMC program time: 0.023s
Building successful trace

VERIFICATION SUCCESSFUL

Solution found by the forward condition; all states are reachable (k = 11


TRUE
