./esbmc-wrapper.py -p ../sv-benchmarks/c/properties/unreach-call.prp -s kinduction --arch 64 ../sv-benchmarks/c/ldv-linux-3.4-simple/43_1a_cilled_ok_nondet_linux-43_1a-drivers--input--gameport--lightning.ko-ldv_main0_sequence_infinite_withcheck_stateful.cil.out.i


--------------------------------------------------------------------------------


Verifying with ESBMC
Command: ./esbmc --no-div-by-zero-check --force-malloc-success --state-hashing --no-align-check --k-step 2 --floatbv --unlimited-k-steps ../sv-benchmarks/c/ldv-linux-3.4-simple/43_1a_cilled_ok_nondet_linux-43_1a-drivers--input--gameport--lightning.ko-ldv_main0_sequence_infinite_withcheck_stateful.cil.out.i --64 --witness-output 43_1a_cilled_ok_nondet_linux-43_1a-drivers--input--gameport--lightning.ko-ldv_main0_sequence_infinite_withcheck_stateful.cil.out.i.graphml --no-pointer-check --no-bounds-check --interval-analysis --k-induction --max-inductive-step 3 
ESBMC version 6.8.0 64-bit x86_64 linux
Target: 64-bit little-endian x86_64-unknown-linux with esbmc libc
file ../sv-benchmarks/c/ldv-linux-3.4-simple/43_1a_cilled_ok_nondet_linux-43_1a-drivers--input--gameport--lightning.ko-ldv_main0_sequence_infinite_withcheck_stateful.cil.out.i: Parsing
Converting
Generating GOTO Program
GOTO program creation time: 0.264s
GOTO program processing time: 0.016s
*** Checking base case, k = 1
Starting Bounded Model Checking
Not unwinding 
Symex completed in: 0.003s (42 assignments)
Slicing time: 0.000s (removed 35 assignments)
Generated 0 VCC(s), 0 remaining after simplification (7 assignments)
BMC program time: 0.003s
No bug has been found in the base case
*** Checking forward condition, k = 1
Starting Bounded Model Checking
Not unwinding 
Symex completed in: 0.002s (42 assignments)
Slicing time: 0.000s (removed 35 assignments)
Generated 1 VCC(s), 1 remaining after simplification (7 assignments)
No solver specified; defaulting to Boolector
Encoding remaining VCC(s) using bit-vector/floating-point arithmetic
Encoding to solver time: 0.001s
Solving with solver Boolector 3.2.1
Encoding to solver time: 0.001s
Runtime decision procedure: 0.032s
The forward condition is unable to prove the property
*** Checking base case, k = 3
Starting Bounded Model Checking
Unwinding loop 9  iteration  1   file 43_1a_cilled_ok_nondet_linux-43_1a-drivers--input--gameport--lightning.ko-ldv_main0_sequence_infinite_withcheck_stateful.cil.out.i line 1761 function l4_init
Unwinding loop 1  iteration  1   file 43_1a_cilled_ok_nondet_linux-43_1a-drivers--input--gameport--lightning.ko-ldv_main0_sequence_infinite_withcheck_stateful.cil.out.i line 881 function l4_wait_ready
Unwinding loop 1  iteration  2   file 43_1a_cilled_ok_nondet_linux-43_1a-drivers--input--gameport--lightning.ko-ldv_main0_sequence_infinite_withcheck_stateful.cil.out.i line 881 function l4_wait_ready
Not unwinding 
Unwinding loop 1  iteration  1   file 43_1a_cilled_ok_nondet_linux-43_1a-drivers--input--gameport--lightning.ko-ldv_main0_sequence_infinite_withcheck_stateful.cil.out.i line 881 function l4_wait_ready
Unwinding loop 1  iteration  2   file 43_1a_cilled_ok_nondet_linux-43_1a-drivers--input--gameport--lightning.ko-ldv_main0_sequence_infinite_withcheck_stateful.cil.out.i line 881 function l4_wait_ready
Not unwinding 
Unwinding loop 1  iteration  1   file 43_1a_cilled_ok_nondet_linux-43_1a-drivers--input--gameport--lightning.ko-ldv_main0_sequence_infinite_withcheck_stateful.cil.out.i line 881 function l4_wait_ready
Unwinding loop 1  iteration  2   file 43_1a_cilled_ok_nondet_linux-43_1a-drivers--input--gameport--lightning.ko-ldv_main0_sequence_infinite_withcheck_stateful.cil.out.i line 881 function l4_wait_ready
Not unwinding 
Unwinding loop 7  iteration  1   file 43_1a_cilled_ok_nondet_linux-43_1a-drivers--input--gameport--lightning.ko-ldv_main0_sequence_infinite_withcheck_stateful.cil.out.i line 1544 function l4_create_ports
Unwinding loop 12  iteration  1   file string.c line 272 function __memset_impl
Unwinding loop 12  iteration  2   file string.c line 272 function __memset_impl
Not unwinding 
Unwinding loop 7  iteration  2   file 43_1a_cilled_ok_nondet_linux-43_1a-drivers--input--gameport--lightning.ko-ldv_main0_sequence_infinite_withcheck_stateful.cil.out.i line 1544 function l4_create_ports
Unwinding loop 12  iteration  1   file string.c line 272 function __memset_impl
Unwinding loop 12  iteration  2   file string.c line 272 function __memset_impl
Not unwinding 
Unwinding loop 6  iteration  1   file 43_1a_cilled_ok_nondet_linux-43_1a-drivers--input--gameport--lightning.ko-ldv_main0_sequence_infinite_withcheck_stateful.cil.out.i line 1509 function l4_create_ports
Not unwinding 
Unwinding loop 9  iteration  2   file 43_1a_cilled_ok_nondet_linux-43_1a-drivers--input--gameport--lightning.ko-ldv_main0_sequence_infinite_withcheck_stateful.cil.out.i line 1761 function l4_init
Unwinding loop 1  iteration  1   file 43_1a_cilled_ok_nondet_linux-43_1a-drivers--input--gameport--lightning.ko-ldv_main0_sequence_infinite_withcheck_stateful.cil.out.i line 881 function l4_wait_ready
Unwinding loop 1  iteration  2   file 43_1a_cilled_ok_nondet_linux-43_1a-drivers--input--gameport--lightning.ko-ldv_main0_sequence_infinite_withcheck_stateful.cil.out.i line 881 function l4_wait_ready
Not unwinding 
Unwinding loop 1  iteration  1   file 43_1a_cilled_ok_nondet_linux-43_1a-drivers--input--gameport--lightning.ko-ldv_main0_sequence_infinite_withcheck_stateful.cil.out.i line 881 function l4_wait_ready
Unwinding loop 1  iteration  2   file 43_1a_cilled_ok_nondet_linux-43_1a-drivers--input--gameport--lightning.ko-ldv_main0_sequence_infinite_withcheck_stateful.cil.out.i line 881 function l4_wait_ready
Not unwinding 
Unwinding loop 1  iteration  1   file 43_1a_cilled_ok_nondet_linux-43_1a-drivers--input--gameport--lightning.ko-ldv_main0_sequence_infinite_withcheck_stateful.cil.out.i line 881 function l4_wait_ready
Unwinding loop 1  iteration  2   file 43_1a_cilled_ok_nondet_linux-43_1a-drivers--input--gameport--lightning.ko-ldv_main0_sequence_infinite_withcheck_stateful.cil.out.i line 881 function l4_wait_ready
Not unwinding 
Unwinding loop 7  iteration  1   file 43_1a_cilled_ok_nondet_linux-43_1a-drivers--input--gameport--lightning.ko-ldv_main0_sequence_infinite_withcheck_stateful.cil.out.i line 1544 function l4_create_ports
Unwinding loop 12  iteration  1   file string.c line 272 function __memset_impl
Unwinding loop 12  iteration  2   file string.c line 272 function __memset_impl
Not unwinding 
Unwinding loop 7  iteration  2   file 43_1a_cilled_ok_nondet_linux-43_1a-drivers--input--gameport--lightning.ko-ldv_main0_sequence_infinite_withcheck_stateful.cil.out.i line 1544 function l4_create_ports
Unwinding loop 12  iteration  1   file string.c line 272 function __memset_impl
Unwinding loop 12  iteration  2   file string.c line 272 function __memset_impl
Not unwinding 
Unwinding loop 6  iteration  1   file 43_1a_cilled_ok_nondet_linux-43_1a-drivers--input--gameport--lightning.ko-ldv_main0_sequence_infinite_withcheck_stateful.cil.out.i line 1509 function l4_create_ports
Not unwinding 
Unwinding loop 11  iteration  1   file 43_1a_cilled_ok_nondet_linux-43_1a-drivers--input--gameport--lightning.ko-ldv_main0_sequence_infinite_withcheck_stateful.cil.out.i line 1898 function main
Unwinding loop 11  iteration  2   file 43_1a_cilled_ok_nondet_linux-43_1a-drivers--input--gameport--lightning.ko-ldv_main0_sequence_infinite_withcheck_stateful.cil.out.i line 1898 function main
Not unwinding 
Unwinding loop 10  iteration  1   file 43_1a_cilled_ok_nondet_linux-43_1a-drivers--input--gameport--lightning.ko-ldv_main0_sequence_infinite_withcheck_stateful.cil.out.i line 1848 function l4_exit
Unwinding loop 1  iteration  1   file 43_1a_cilled_ok_nondet_linux-43_1a-drivers--input--gameport--lightning.ko-ldv_main0_sequence_infinite_withcheck_stateful.cil.out.i line 881 function l4_wait_ready
Unwinding loop 1  iteration  2   file 43_1a_cilled_ok_nondet_linux-43_1a-drivers--input--gameport--lightning.ko-ldv_main0_sequence_infinite_withcheck_stateful.cil.out.i line 881 function l4_wait_ready
Not unwinding 
Unwinding loop 1  iteration  1   file 43_1a_cilled_ok_nondet_linux-43_1a-drivers--input--gameport--lightning.ko-ldv_main0_sequence_infinite_withcheck_stateful.cil.out.i line 881 function l4_wait_ready
Unwinding loop 1  iteration  2   file 43_1a_cilled_ok_nondet_linux-43_1a-drivers--input--gameport--lightning.ko-ldv_main0_sequence_infinite_withcheck_stateful.cil.out.i line 881 function l4_wait_ready
Not unwinding 
Unwinding loop 4  iteration  1   file 43_1a_cilled_ok_nondet_linux-43_1a-drivers--input--gameport--lightning.ko-ldv_main0_sequence_infinite_withcheck_stateful.cil.out.i line 1291 function l4_setcal
Unwinding loop 1  iteration  1   file 43_1a_cilled_ok_nondet_linux-43_1a-drivers--input--gameport--lightning.ko-ldv_main0_sequence_infinite_withcheck_stateful.cil.out.i line 881 function l4_wait_ready
Unwinding loop 1  iteration  2   file 43_1a_cilled_ok_nondet_linux-43_1a-drivers--input--gameport--lightning.ko-ldv_main0_sequence_infinite_withcheck_stateful.cil.out.i line 881 function l4_wait_ready
Not unwinding 
Unwinding loop 4  iteration  2   file 43_1a_cilled_ok_nondet_linux-43_1a-drivers--input--gameport--lightning.ko-ldv_main0_sequence_infinite_withcheck_stateful.cil.out.i line 1291 function l4_setcal
Unwinding loop 1  iteration  1   file 43_1a_cilled_ok_nondet_linux-43_1a-drivers--input--gameport--lightning.ko-ldv_main0_sequence_infinite_withcheck_stateful.cil.out.i line 881 function l4_wait_ready
Unwinding loop 1  iteration  2   file 43_1a_cilled_ok_nondet_linux-43_1a-drivers--input--gameport--lightning.ko-ldv_main0_sequence_infinite_withcheck_stateful.cil.out.i line 881 function l4_wait_ready
Not unwinding 
Not unwinding 
Unwinding loop 10  iteration  2   file 43_1a_cilled_ok_nondet_linux-43_1a-drivers--input--gameport--lightning.ko-ldv_main0_sequence_infinite_withcheck_stateful.cil.out.i line 1848 function l4_exit
Unwinding loop 1  iteration  1   file 43_1a_cilled_ok_nondet_linux-43_1a-drivers--input--gameport--lightning.ko-ldv_main0_sequence_infinite_withcheck_stateful.cil.out.i line 881 function l4_wait_ready
Unwinding loop 1  iteration  2   file 43_1a_cilled_ok_nondet_linux-43_1a-drivers--input--gameport--lightning.ko-ldv_main0_sequence_infinite_withcheck_stateful.cil.out.i line 881 function l4_wait_ready
Not unwinding 
Unwinding loop 1  iteration  1   file 43_1a_cilled_ok_nondet_linux-43_1a-drivers--input--gameport--lightning.ko-ldv_main0_sequence_infinite_withcheck_stateful.cil.out.i line 881 function l4_wait_ready
Unwinding loop 1  iteration  2   file 43_1a_cilled_ok_nondet_linux-43_1a-drivers--input--gameport--lightning.ko-ldv_main0_sequence_infinite_withcheck_stateful.cil.out.i line 881 function l4_wait_ready
Not unwinding 
Unwinding loop 4  iteration  1   file 43_1a_cilled_ok_nondet_linux-43_1a-drivers--input--gameport--lightning.ko-ldv_main0_sequence_infinite_withcheck_stateful.cil.out.i line 1291 function l4_setcal
Unwinding loop 1  iteration  1   file 43_1a_cilled_ok_nondet_linux-43_1a-drivers--input--gameport--lightning.ko-ldv_main0_sequence_infinite_withcheck_stateful.cil.out.i line 881 function l4_wait_ready
Unwinding loop 1  iteration  2   file 43_1a_cilled_ok_nondet_linux-43_1a-drivers--input--gameport--lightning.ko-ldv_main0_sequence_infinite_withcheck_stateful.cil.out.i line 881 function l4_wait_ready
Not unwinding 
Unwinding loop 4  iteration  2   file 43_1a_cilled_ok_nondet_linux-43_1a-drivers--input--gameport--lightning.ko-ldv_main0_sequence_infinite_withcheck_stateful.cil.out.i line 1291 function l4_setcal
Unwinding loop 1  iteration  1   file 43_1a_cilled_ok_nondet_linux-43_1a-drivers--input--gameport--lightning.ko-ldv_main0_sequence_infinite_withcheck_stateful.cil.out.i line 881 function l4_wait_ready
Unwinding loop 1  iteration  2   file 43_1a_cilled_ok_nondet_linux-43_1a-drivers--input--gameport--lightning.ko-ldv_main0_sequence_infinite_withcheck_stateful.cil.out.i line 881 function l4_wait_ready
Not unwinding 
Not unwinding 
Not unwinding 
Symex completed in: 0.135s (1375 assignments)
Slicing time: 0.006s (removed 1005 assignments)
Generated 0 VCC(s), 0 remaining after simplification (370 assignments)
BMC program time: 0.141s
No bug has been found in the base case
*** Checking forward condition, k = 3
Starting Bounded Model Checking
Unwinding loop 9  iteration  1   file 43_1a_cilled_ok_nondet_linux-43_1a-drivers--input--gameport--lightning.ko-ldv_main0_sequence_infinite_withcheck_stateful.cil.out.i line 1761 function l4_init
Unwinding loop 1  iteration  1   file 43_1a_cilled_ok_nondet_linux-43_1a-drivers--input--gameport--lightning.ko-ldv_main0_sequence_infinite_withcheck_stateful.cil.out.i line 881 function l4_wait_ready
Unwinding loop 1  iteration  2   file 43_1a_cilled_ok_nondet_linux-43_1a-drivers--input--gameport--lightning.ko-ldv_main0_sequence_infinite_withcheck_stateful.cil.out.i line 881 function l4_wait_ready
Not unwinding 
Unwinding loop 1  iteration  1   file 43_1a_cilled_ok_nondet_linux-43_1a-drivers--input--gameport--lightning.ko-ldv_main0_sequence_infinite_withcheck_stateful.cil.out.i line 881 function l4_wait_ready
Unwinding loop 1  iteration  2   file 43_1a_cilled_ok_nondet_linux-43_1a-drivers--input--gameport--lightning.ko-ldv_main0_sequence_infinite_withcheck_stateful.cil.out.i line 881 function l4_wait_ready
Not unwinding 
Unwinding loop 1  iteration  1   file 43_1a_cilled_ok_nondet_linux-43_1a-drivers--input--gameport--lightning.ko-ldv_main0_sequence_infinite_withcheck_stateful.cil.out.i line 881 function l4_wait_ready
Unwinding loop 1  iteration  2   file 43_1a_cilled_ok_nondet_linux-43_1a-drivers--input--gameport--lightning.ko-ldv_main0_sequence_infinite_withcheck_stateful.cil.out.i line 881 function l4_wait_ready
Not unwinding 
Unwinding loop 7  iteration  1   file 43_1a_cilled_ok_nondet_linux-43_1a-drivers--input--gameport--lightning.ko-ldv_main0_sequence_infinite_withcheck_stateful.cil.out.i line 1544 function l4_create_ports
Unwinding loop 12  iteration  1   file string.c line 272 function __memset_impl
Unwinding loop 12  iteration  2   file string.c line 272 function __memset_impl
Not unwinding 
Unwinding loop 7  iteration  2   file 43_1a_cilled_ok_nondet_linux-43_1a-drivers--input--gameport--lightning.ko-ldv_main0_sequence_infinite_withcheck_stateful.cil.out.i line 1544 function l4_create_ports
Unwinding loop 12  iteration  1   file string.c line 272 function __memset_impl
Unwinding loop 12  iteration  2   file string.c line 272 function __memset_impl
Not unwinding 
Unwinding loop 6  iteration  1   file 43_1a_cilled_ok_nondet_linux-43_1a-drivers--input--gameport--lightning.ko-ldv_main0_sequence_infinite_withcheck_stateful.cil.out.i line 1509 function l4_create_ports
Not unwinding 
Unwinding loop 9  iteration  2   file 43_1a_cilled_ok_nondet_linux-43_1a-drivers--input--gameport--lightning.ko-ldv_main0_sequence_infinite_withcheck_stateful.cil.out.i line 1761 function l4_init
Unwinding loop 1  iteration  1   file 43_1a_cilled_ok_nondet_linux-43_1a-drivers--input--gameport--lightning.ko-ldv_main0_sequence_infinite_withcheck_stateful.cil.out.i line 881 function l4_wait_ready
Unwinding loop 1  iteration  2   file 43_1a_cilled_ok_nondet_linux-43_1a-drivers--input--gameport--lightning.ko-ldv_main0_sequence_infinite_withcheck_stateful.cil.out.i line 881 function l4_wait_ready
Not unwinding 
Unwinding loop 1  iteration  1   file 43_1a_cilled_ok_nondet_linux-43_1a-drivers--input--gameport--lightning.ko-ldv_main0_sequence_infinite_withcheck_stateful.cil.out.i line 881 function l4_wait_ready
Unwinding loop 1  iteration  2   file 43_1a_cilled_ok_nondet_linux-43_1a-drivers--input--gameport--lightning.ko-ldv_main0_sequence_infinite_withcheck_stateful.cil.out.i line 881 function l4_wait_ready
Not unwinding 
Unwinding loop 1  iteration  1   file 43_1a_cilled_ok_nondet_linux-43_1a-drivers--input--gameport--lightning.ko-ldv_main0_sequence_infinite_withcheck_stateful.cil.out.i line 881 function l4_wait_ready
Unwinding loop 1  iteration  2   file 43_1a_cilled_ok_nondet_linux-43_1a-drivers--input--gameport--lightning.ko-ldv_main0_sequence_infinite_withcheck_stateful.cil.out.i line 881 function l4_wait_ready
Not unwinding 
Unwinding loop 7  iteration  1   file 43_1a_cilled_ok_nondet_linux-43_1a-drivers--input--gameport--lightning.ko-ldv_main0_sequence_infinite_withcheck_stateful.cil.out.i line 1544 function l4_create_ports
Unwinding loop 12  iteration  1   file string.c line 272 function __memset_impl
Unwinding loop 12  iteration  2   file string.c line 272 function __memset_impl
Not unwinding 
Unwinding loop 7  iteration  2   file 43_1a_cilled_ok_nondet_linux-43_1a-drivers--input--gameport--lightning.ko-ldv_main0_sequence_infinite_withcheck_stateful.cil.out.i line 1544 function l4_create_ports
Unwinding loop 12  iteration  1   file string.c line 272 function __memset_impl
Unwinding loop 12  iteration  2   file string.c line 272 function __memset_impl
Not unwinding 
Unwinding loop 6  iteration  1   file 43_1a_cilled_ok_nondet_linux-43_1a-drivers--input--gameport--lightning.ko-ldv_main0_sequence_infinite_withcheck_stateful.cil.out.i line 1509 function l4_create_ports
Not unwinding 
Unwinding loop 11  iteration  1   file 43_1a_cilled_ok_nondet_linux-43_1a-drivers--input--gameport--lightning.ko-ldv_main0_sequence_infinite_withcheck_stateful.cil.out.i line 1898 function main
Unwinding loop 11  iteration  2   file 43_1a_cilled_ok_nondet_linux-43_1a-drivers--input--gameport--lightning.ko-ldv_main0_sequence_infinite_withcheck_stateful.cil.out.i line 1898 function main
Not unwinding 
Unwinding loop 10  iteration  1   file 43_1a_cilled_ok_nondet_linux-43_1a-drivers--input--gameport--lightning.ko-ldv_main0_sequence_infinite_withcheck_stateful.cil.out.i line 1848 function l4_exit
Unwinding loop 1  iteration  1   file 43_1a_cilled_ok_nondet_linux-43_1a-drivers--input--gameport--lightning.ko-ldv_main0_sequence_infinite_withcheck_stateful.cil.out.i line 881 function l4_wait_ready
Unwinding loop 1  iteration  2   file 43_1a_cilled_ok_nondet_linux-43_1a-drivers--input--gameport--lightning.ko-ldv_main0_sequence_infinite_withcheck_stateful.cil.out.i line 881 function l4_wait_ready
Not unwinding 
Unwinding loop 1  iteration  1   file 43_1a_cilled_ok_nondet_linux-43_1a-drivers--input--gameport--lightning.ko-ldv_main0_sequence_infinite_withcheck_stateful.cil.out.i line 881 function l4_wait_ready
Unwinding loop 1  iteration  2   file 43_1a_cilled_ok_nondet_linux-43_1a-drivers--input--gameport--lightning.ko-ldv_main0_sequence_infinite_withcheck_stateful.cil.out.i line 881 function l4_wait_ready
Not unwinding 
Unwinding loop 4  iteration  1   file 43_1a_cilled_ok_nondet_linux-43_1a-drivers--input--gameport--lightning.ko-ldv_main0_sequence_infinite_withcheck_stateful.cil.out.i line 1291 function l4_setcal
Unwinding loop 1  iteration  1   file 43_1a_cilled_ok_nondet_linux-43_1a-drivers--input--gameport--lightning.ko-ldv_main0_sequence_infinite_withcheck_stateful.cil.out.i line 881 function l4_wait_ready
Unwinding loop 1  iteration  2   file 43_1a_cilled_ok_nondet_linux-43_1a-drivers--input--gameport--lightning.ko-ldv_main0_sequence_infinite_withcheck_stateful.cil.out.i line 881 function l4_wait_ready
Not unwinding 
Unwinding loop 4  iteration  2   file 43_1a_cilled_ok_nondet_linux-43_1a-drivers--input--gameport--lightning.ko-ldv_main0_sequence_infinite_withcheck_stateful.cil.out.i line 1291 function l4_setcal
Unwinding loop 1  iteration  1   file 43_1a_cilled_ok_nondet_linux-43_1a-drivers--input--gameport--lightning.ko-ldv_main0_sequence_infinite_withcheck_stateful.cil.out.i line 881 function l4_wait_ready
Unwinding loop 1  iteration  2   file 43_1a_cilled_ok_nondet_linux-43_1a-drivers--input--gameport--lightning.ko-ldv_main0_sequence_infinite_withcheck_stateful.cil.out.i line 881 function l4_wait_ready
Not unwinding 
Not unwinding 
Unwinding loop 10  iteration  2   file 43_1a_cilled_ok_nondet_linux-43_1a-drivers--input--gameport--lightning.ko-ldv_main0_sequence_infinite_withcheck_stateful.cil.out.i line 1848 function l4_exit
Unwinding loop 1  iteration  1   file 43_1a_cilled_ok_nondet_linux-43_1a-drivers--input--gameport--lightning.ko-ldv_main0_sequence_infinite_withcheck_stateful.cil.out.i line 881 function l4_wait_ready
Unwinding loop 1  iteration  2   file 43_1a_cilled_ok_nondet_linux-43_1a-drivers--input--gameport--lightning.ko-ldv_main0_sequence_infinite_withcheck_stateful.cil.out.i line 881 function l4_wait_ready
Not unwinding 
Unwinding loop 1  iteration  1   file 43_1a_cilled_ok_nondet_linux-43_1a-drivers--input--gameport--lightning.ko-ldv_main0_sequence_infinite_withcheck_stateful.cil.out.i line 881 function l4_wait_ready
Unwinding loop 1  iteration  2   file 43_1a_cilled_ok_nondet_linux-43_1a-drivers--input--gameport--lightning.ko-ldv_main0_sequence_infinite_withcheck_stateful.cil.out.i line 881 function l4_wait_ready
Not unwinding 
Unwinding loop 4  iteration  1   file 43_1a_cilled_ok_nondet_linux-43_1a-drivers--input--gameport--lightning.ko-ldv_main0_sequence_infinite_withcheck_stateful.cil.out.i line 1291 function l4_setcal
Unwinding loop 1  iteration  1   file 43_1a_cilled_ok_nondet_linux-43_1a-drivers--input--gameport--lightning.ko-ldv_main0_sequence_infinite_withcheck_stateful.cil.out.i line 881 function l4_wait_ready
Unwinding loop 1  iteration  2   file 43_1a_cilled_ok_nondet_linux-43_1a-drivers--input--gameport--lightning.ko-ldv_main0_sequence_infinite_withcheck_stateful.cil.out.i line 881 function l4_wait_ready
Not unwinding 
Unwinding loop 4  iteration  2   file 43_1a_cilled_ok_nondet_linux-43_1a-drivers--input--gameport--lightning.ko-ldv_main0_sequence_infinite_withcheck_stateful.cil.out.i line 1291 function l4_setcal
Unwinding loop 1  iteration  1   file 43_1a_cilled_ok_nondet_linux-43_1a-drivers--input--gameport--lightning.ko-ldv_main0_sequence_infinite_withcheck_stateful.cil.out.i line 881 function l4_wait_ready
Unwinding loop 1  iteration  2   file 43_1a_cilled_ok_nondet_linux-43_1a-drivers--input--gameport--lightning.ko-ldv_main0_sequence_infinite_withcheck_stateful.cil.out.i line 881 function l4_wait_ready
Not unwinding 
Not unwinding 
Not unwinding 
Symex completed in: 0.142s (1375 assignments)
Slicing time: 0.006s (removed 1005 assignments)
Generated 24 VCC(s), 24 remaining after simplification (370 assignments)
No solver specified; defaulting to Boolector
Encoding remaining VCC(s) using bit-vector/floating-point arithmetic
Encoding to solver time: 0.020s
Solving with solver Boolector 3.2.1
Encoding to solver time: 0.020s
Runtime decision procedure: 1.049s
The forward condition is unable to prove the property
*** Checking inductive step, k = 3
Starting Bounded Model Checking
Unwinding loop 9  iteration  1   file 43_1a_cilled_ok_nondet_linux-43_1a-drivers--input--gameport--lightning.ko-ldv_main0_sequence_infinite_withcheck_stateful.cil.out.i line 1761 function l4_init
Unwinding loop 1  iteration  1   file 43_1a_cilled_ok_nondet_linux-43_1a-drivers--input--gameport--lightning.ko-ldv_main0_sequence_infinite_withcheck_stateful.cil.out.i line 881 function l4_wait_ready
Unwinding loop 1  iteration  2   file 43_1a_cilled_ok_nondet_linux-43_1a-drivers--input--gameport--lightning.ko-ldv_main0_sequence_infinite_withcheck_stateful.cil.out.i line 881 function l4_wait_ready
Not unwinding 
Unwinding loop 1  iteration  1   file 43_1a_cilled_ok_nondet_linux-43_1a-drivers--input--gameport--lightning.ko-ldv_main0_sequence_infinite_withcheck_stateful.cil.out.i line 881 function l4_wait_ready
Unwinding loop 1  iteration  2   file 43_1a_cilled_ok_nondet_linux-43_1a-drivers--input--gameport--lightning.ko-ldv_main0_sequence_infinite_withcheck_stateful.cil.out.i line 881 function l4_wait_ready
Not unwinding 
Unwinding loop 1  iteration  1   file 43_1a_cilled_ok_nondet_linux-43_1a-drivers--input--gameport--lightning.ko-ldv_main0_sequence_infinite_withcheck_stateful.cil.out.i line 881 function l4_wait_ready
Unwinding loop 1  iteration  2   file 43_1a_cilled_ok_nondet_linux-43_1a-drivers--input--gameport--lightning.ko-ldv_main0_sequence_infinite_withcheck_stateful.cil.out.i line 881 function l4_wait_ready
Not unwinding 
Unwinding loop 7  iteration  1   file 43_1a_cilled_ok_nondet_linux-43_1a-drivers--input--gameport--lightning.ko-ldv_main0_sequence_infinite_withcheck_stateful.cil.out.i line 1544 function l4_create_ports
Unwinding loop 12  iteration  1   file string.c line 272 function __memset_impl
Unwinding loop 12  iteration  2   file string.c line 272 function __memset_impl
Not unwinding 
Unwinding loop 7  iteration  2   file 43_1a_cilled_ok_nondet_linux-43_1a-drivers--input--gameport--lightning.ko-ldv_main0_sequence_infinite_withcheck_stateful.cil.out.i line 1544 function l4_create_ports
Unwinding loop 12  iteration  1   file string.c line 272 function __memset_impl
Unwinding loop 12  iteration  2   file string.c line 272 function __memset_impl
Not unwinding 
Unwinding loop 6  iteration  1   file 43_1a_cilled_ok_nondet_linux-43_1a-drivers--input--gameport--lightning.ko-ldv_main0_sequence_infinite_withcheck_stateful.cil.out.i line 1509 function l4_create_ports
Not unwinding 
Unwinding loop 8  iteration  1   file 43_1a_cilled_ok_nondet_linux-43_1a-drivers--input--gameport--lightning.ko-ldv_main0_sequence_infinite_withcheck_stateful.cil.out.i line 1718 function l4_add_card
Unwinding loop 1  iteration  1   file 43_1a_cilled_ok_nondet_linux-43_1a-drivers--input--gameport--lightning.ko-ldv_main0_sequence_infinite_withcheck_stateful.cil.out.i line 881 function l4_wait_ready
Unwinding loop 1  iteration  2   file 43_1a_cilled_ok_nondet_linux-43_1a-drivers--input--gameport--lightning.ko-ldv_main0_sequence_infinite_withcheck_stateful.cil.out.i line 881 function l4_wait_ready
Not unwinding 
Unwinding loop 1  iteration  1   file 43_1a_cilled_ok_nondet_linux-43_1a-drivers--input--gameport--lightning.ko-ldv_main0_sequence_infinite_withcheck_stateful.cil.out.i line 881 function l4_wait_ready
Unwinding loop 1  iteration  2   file 43_1a_cilled_ok_nondet_linux-43_1a-drivers--input--gameport--lightning.ko-ldv_main0_sequence_infinite_withcheck_stateful.cil.out.i line 881 function l4_wait_ready
Not unwinding 
Unwinding loop 4  iteration  1   file 43_1a_cilled_ok_nondet_linux-43_1a-drivers--input--gameport--lightning.ko-ldv_main0_sequence_infinite_withcheck_stateful.cil.out.i line 1291 function l4_setcal
Unwinding loop 1  iteration  1   file 43_1a_cilled_ok_nondet_linux-43_1a-drivers--input--gameport--lightning.ko-ldv_main0_sequence_infinite_withcheck_stateful.cil.out.i line 881 function l4_wait_ready
Unwinding loop 1  iteration  2   file 43_1a_cilled_ok_nondet_linux-43_1a-drivers--input--gameport--lightning.ko-ldv_main0_sequence_infinite_withcheck_stateful.cil.out.i line 881 function l4_wait_ready
Not unwinding 
Unwinding loop 4  iteration  2   file 43_1a_cilled_ok_nondet_linux-43_1a-drivers--input--gameport--lightning.ko-ldv_main0_sequence_infinite_withcheck_stateful.cil.out.i line 1291 function l4_setcal
Unwinding loop 1  iteration  1   file 43_1a_cilled_ok_nondet_linux-43_1a-drivers--input--gameport--lightning.ko-ldv_main0_sequence_infinite_withcheck_stateful.cil.out.i line 881 function l4_wait_ready
Unwinding loop 1  iteration  2   file 43_1a_cilled_ok_nondet_linux-43_1a-drivers--input--gameport--lightning.ko-ldv_main0_sequence_infinite_withcheck_stateful.cil.out.i line 881 function l4_wait_ready
Not unwinding 
Not unwinding 
Unwinding loop 8  iteration  2   file 43_1a_cilled_ok_nondet_linux-43_1a-drivers--input--gameport--lightning.ko-ldv_main0_sequence_infinite_withcheck_stateful.cil.out.i line 1718 function l4_add_card
Unwinding loop 1  iteration  1   file 43_1a_cilled_ok_nondet_linux-43_1a-drivers--input--gameport--lightning.ko-ldv_main0_sequence_infinite_withcheck_stateful.cil.out.i line 881 function l4_wait_ready
Unwinding loop 1  iteration  2   file 43_1a_cilled_ok_nondet_linux-43_1a-drivers--input--gameport--lightning.ko-ldv_main0_sequence_infinite_withcheck_stateful.cil.out.i line 881 function l4_wait_ready
Not unwinding 
Unwinding loop 1  iteration  1   file 43_1a_cilled_ok_nondet_linux-43_1a-drivers--input--gameport--lightning.ko-ldv_main0_sequence_infinite_withcheck_stateful.cil.out.i line 881 function l4_wait_ready
Unwinding loop 1  iteration  2   file 43_1a_cilled_ok_nondet_linux-43_1a-drivers--input--gameport--lightning.ko-ldv_main0_sequence_infinite_withcheck_stateful.cil.out.i line 881 function l4_wait_ready
Not unwinding 
Unwinding loop 4  iteration  1   file 43_1a_cilled_ok_nondet_linux-43_1a-drivers--input--gameport--lightning.ko-ldv_main0_sequence_infinite_withcheck_stateful.cil.out.i line 1291 function l4_setcal
Unwinding loop 1  iteration  1   file 43_1a_cilled_ok_nondet_linux-43_1a-drivers--input--gameport--lightning.ko-ldv_main0_sequence_infinite_withcheck_stateful.cil.out.i line 881 function l4_wait_ready
Unwinding loop 1  iteration  2   file 43_1a_cilled_ok_nondet_linux-43_1a-drivers--input--gameport--lightning.ko-ldv_main0_sequence_infinite_withcheck_stateful.cil.out.i line 881 function l4_wait_ready
Not unwinding 
Unwinding loop 4  iteration  2   file 43_1a_cilled_ok_nondet_linux-43_1a-drivers--input--gameport--lightning.ko-ldv_main0_sequence_infinite_withcheck_stateful.cil.out.i line 1291 function l4_setcal
Unwinding loop 1  iteration  1   file 43_1a_cilled_ok_nondet_linux-43_1a-drivers--input--gameport--lightning.ko-ldv_main0_sequence_infinite_withcheck_stateful.cil.out.i line 881 function l4_wait_ready
Unwinding loop 1  iteration  2   file 43_1a_cilled_ok_nondet_linux-43_1a-drivers--input--gameport--lightning.ko-ldv_main0_sequence_infinite_withcheck_stateful.cil.out.i line 881 function l4_wait_ready
Not unwinding 
Not unwinding 
Not unwinding 
Unwinding loop 9  iteration  2   file 43_1a_cilled_ok_nondet_linux-43_1a-drivers--input--gameport--lightning.ko-ldv_main0_sequence_infinite_withcheck_stateful.cil.out.i line 1761 function l4_init
Unwinding loop 1  iteration  1   file 43_1a_cilled_ok_nondet_linux-43_1a-drivers--input--gameport--lightning.ko-ldv_main0_sequence_infinite_withcheck_stateful.cil.out.i line 881 function l4_wait_ready
Unwinding loop 1  iteration  2   file 43_1a_cilled_ok_nondet_linux-43_1a-drivers--input--gameport--lightning.ko-ldv_main0_sequence_infinite_withcheck_stateful.cil.out.i line 881 function l4_wait_ready
Not unwinding 
Unwinding loop 1  iteration  1   file 43_1a_cilled_ok_nondet_linux-43_1a-drivers--input--gameport--lightning.ko-ldv_main0_sequence_infinite_withcheck_stateful.cil.out.i line 881 function l4_wait_ready
Unwinding loop 1  iteration  2   file 43_1a_cilled_ok_nondet_linux-43_1a-drivers--input--gameport--lightning.ko-ldv_main0_sequence_infinite_withcheck_stateful.cil.out.i line 881 function l4_wait_ready
Not unwinding 
Unwinding loop 1  iteration  1   file 43_1a_cilled_ok_nondet_linux-43_1a-drivers--input--gameport--lightning.ko-ldv_main0_sequence_infinite_withcheck_stateful.cil.out.i line 881 function l4_wait_ready
Unwinding loop 1  iteration  2   file 43_1a_cilled_ok_nondet_linux-43_1a-drivers--input--gameport--lightning.ko-ldv_main0_sequence_infinite_withcheck_stateful.cil.out.i line 881 function l4_wait_ready
Not unwinding 
Unwinding loop 7  iteration  1   file 43_1a_cilled_ok_nondet_linux-43_1a-drivers--input--gameport--lightning.ko-ldv_main0_sequence_infinite_withcheck_stateful.cil.out.i line 1544 function l4_create_ports
Unwinding loop 12  iteration  1   file string.c line 272 function __memset_impl
Unwinding loop 12  iteration  2   file string.c line 272 function __memset_impl
Not unwinding 
Unwinding loop 7  iteration  2   file 43_1a_cilled_ok_nondet_linux-43_1a-drivers--input--gameport--lightning.ko-ldv_main0_sequence_infinite_withcheck_stateful.cil.out.i line 1544 function l4_create_ports
Unwinding loop 12  iteration  1   file string.c line 272 function __memset_impl
Unwinding loop 12  iteration  2   file string.c line 272 function __memset_impl
Not unwinding 
Unwinding loop 6  iteration  1   file 43_1a_cilled_ok_nondet_linux-43_1a-drivers--input--gameport--lightning.ko-ldv_main0_sequence_infinite_withcheck_stateful.cil.out.i line 1509 function l4_create_ports
Not unwinding 
Unwinding loop 8  iteration  1   file 43_1a_cilled_ok_nondet_linux-43_1a-drivers--input--gameport--lightning.ko-ldv_main0_sequence_infinite_withcheck_stateful.cil.out.i line 1718 function l4_add_card
Unwinding loop 1  iteration  1   file 43_1a_cilled_ok_nondet_linux-43_1a-drivers--input--gameport--lightning.ko-ldv_main0_sequence_infinite_withcheck_stateful.cil.out.i line 881 function l4_wait_ready
Unwinding loop 1  iteration  2   file 43_1a_cilled_ok_nondet_linux-43_1a-drivers--input--gameport--lightning.ko-ldv_main0_sequence_infinite_withcheck_stateful.cil.out.i line 881 function l4_wait_ready
Not unwinding 
Unwinding loop 1  iteration  1   file 43_1a_cilled_ok_nondet_linux-43_1a-drivers--input--gameport--lightning.ko-ldv_main0_sequence_infinite_withcheck_stateful.cil.out.i line 881 function l4_wait_ready
Unwinding loop 1  iteration  2   file 43_1a_cilled_ok_nondet_linux-43_1a-drivers--input--gameport--lightning.ko-ldv_main0_sequence_infinite_withcheck_stateful.cil.out.i line 881 function l4_wait_ready
Not unwinding 
Unwinding loop 4  iteration  1   file 43_1a_cilled_ok_nondet_linux-43_1a-drivers--input--gameport--lightning.ko-ldv_main0_sequence_infinite_withcheck_stateful.cil.out.i line 1291 function l4_setcal
Unwinding loop 1  iteration  1   file 43_1a_cilled_ok_nondet_linux-43_1a-drivers--input--gameport--lightning.ko-ldv_main0_sequence_infinite_withcheck_stateful.cil.out.i line 881 function l4_wait_ready
Unwinding loop 1  iteration  2   file 43_1a_cilled_ok_nondet_linux-43_1a-drivers--input--gameport--lightning.ko-ldv_main0_sequence_infinite_withcheck_stateful.cil.out.i line 881 function l4_wait_ready
Not unwinding 
Unwinding loop 4  iteration  2   file 43_1a_cilled_ok_nondet_linux-43_1a-drivers--input--gameport--lightning.ko-ldv_main0_sequence_infinite_withcheck_stateful.cil.out.i line 1291 function l4_setcal
Unwinding loop 1  iteration  1   file 43_1a_cilled_ok_nondet_linux-43_1a-drivers--input--gameport--lightning.ko-ldv_main0_sequence_infinite_withcheck_stateful.cil.out.i line 881 function l4_wait_ready
Unwinding loop 1  iteration  2   file 43_1a_cilled_ok_nondet_linux-43_1a-drivers--input--gameport--lightning.ko-ldv_main0_sequence_infinite_withcheck_stateful.cil.out.i line 881 function l4_wait_ready
Not unwinding 
Not unwinding 
Unwinding loop 8  iteration  2   file 43_1a_cilled_ok_nondet_linux-43_1a-drivers--input--gameport--lightning.ko-ldv_main0_sequence_infinite_withcheck_stateful.cil.out.i line 1718 function l4_add_card
Unwinding loop 1  iteration  1   file 43_1a_cilled_ok_nondet_linux-43_1a-drivers--input--gameport--lightning.ko-ldv_main0_sequence_infinite_withcheck_stateful.cil.out.i line 881 function l4_wait_ready
Unwinding loop 1  iteration  2   file 43_1a_cilled_ok_nondet_linux-43_1a-drivers--input--gameport--lightning.ko-ldv_main0_sequence_infinite_withcheck_stateful.cil.out.i line 881 function l4_wait_ready
Not unwinding 
Unwinding loop 1  iteration  1   file 43_1a_cilled_ok_nondet_linux-43_1a-drivers--input--gameport--lightning.ko-ldv_main0_sequence_infinite_withcheck_stateful.cil.out.i line 881 function l4_wait_ready
Unwinding loop 1  iteration  2   file 43_1a_cilled_ok_nondet_linux-43_1a-drivers--input--gameport--lightning.ko-ldv_main0_sequence_infinite_withcheck_stateful.cil.out.i line 881 function l4_wait_ready
Not unwinding 
Unwinding loop 4  iteration  1   file 43_1a_cilled_ok_nondet_linux-43_1a-drivers--input--gameport--lightning.ko-ldv_main0_sequence_infinite_withcheck_stateful.cil.out.i line 1291 function l4_setcal
Unwinding loop 1  iteration  1   file 43_1a_cilled_ok_nondet_linux-43_1a-drivers--input--gameport--lightning.ko-ldv_main0_sequence_infinite_withcheck_stateful.cil.out.i line 881 function l4_wait_ready
Unwinding loop 1  iteration  2   file 43_1a_cilled_ok_nondet_linux-43_1a-drivers--input--gameport--lightning.ko-ldv_main0_sequence_infinite_withcheck_stateful.cil.out.i line 881 function l4_wait_ready
Not unwinding 
Unwinding loop 4  iteration  2   file 43_1a_cilled_ok_nondet_linux-43_1a-drivers--input--gameport--lightning.ko-ldv_main0_sequence_infinite_withcheck_stateful.cil.out.i line 1291 function l4_setcal
Unwinding loop 1  iteration  1   file 43_1a_cilled_ok_nondet_linux-43_1a-drivers--input--gameport--lightning.ko-ldv_main0_sequence_infinite_withcheck_stateful.cil.out.i line 881 function l4_wait_ready
Unwinding loop 1  iteration  2   file 43_1a_cilled_ok_nondet_linux-43_1a-drivers--input--gameport--lightning.ko-ldv_main0_sequence_infinite_withcheck_stateful.cil.out.i line 881 function l4_wait_ready
Not unwinding 
Not unwinding 
Not unwinding 
Unwinding loop 11  iteration  1   file 43_1a_cilled_ok_nondet_linux-43_1a-drivers--input--gameport--lightning.ko-ldv_main0_sequence_infinite_withcheck_stateful.cil.out.i line 1898 function main
Unwinding loop 11  iteration  2   file 43_1a_cilled_ok_nondet_linux-43_1a-drivers--input--gameport--lightning.ko-ldv_main0_sequence_infinite_withcheck_stateful.cil.out.i line 1898 function main
Not unwinding 
Unwinding loop 10  iteration  1   file 43_1a_cilled_ok_nondet_linux-43_1a-drivers--input--gameport--lightning.ko-ldv_main0_sequence_infinite_withcheck_stateful.cil.out.i line 1848 function l4_exit
Unwinding loop 1  iteration  1   file 43_1a_cilled_ok_nondet_linux-43_1a-drivers--input--gameport--lightning.ko-ldv_main0_sequence_infinite_withcheck_stateful.cil.out.i line 881 function l4_wait_ready
Unwinding loop 1  iteration  2   file 43_1a_cilled_ok_nondet_linux-43_1a-drivers--input--gameport--lightning.ko-ldv_main0_sequence_infinite_withcheck_stateful.cil.out.i line 881 function l4_wait_ready
Not unwinding 
Unwinding loop 1  iteration  1   file 43_1a_cilled_ok_nondet_linux-43_1a-drivers--input--gameport--lightning.ko-ldv_main0_sequence_infinite_withcheck_stateful.cil.out.i line 881 function l4_wait_ready
Unwinding loop 1  iteration  2   file 43_1a_cilled_ok_nondet_linux-43_1a-drivers--input--gameport--lightning.ko-ldv_main0_sequence_infinite_withcheck_stateful.cil.out.i line 881 function l4_wait_ready
Not unwinding 
Unwinding loop 4  iteration  1   file 43_1a_cilled_ok_nondet_linux-43_1a-drivers--input--gameport--lightning.ko-ldv_main0_sequence_infinite_withcheck_stateful.cil.out.i line 1291 function l4_setcal
Unwinding loop 1  iteration  1   file 43_1a_cilled_ok_nondet_linux-43_1a-drivers--input--gameport--lightning.ko-ldv_main0_sequence_infinite_withcheck_stateful.cil.out.i line 881 function l4_wait_ready
Unwinding loop 1  iteration  2   file 43_1a_cilled_ok_nondet_linux-43_1a-drivers--input--gameport--lightning.ko-ldv_main0_sequence_infinite_withcheck_stateful.cil.out.i line 881 function l4_wait_ready
Not unwinding 
Unwinding loop 4  iteration  2   file 43_1a_cilled_ok_nondet_linux-43_1a-drivers--input--gameport--lightning.ko-ldv_main0_sequence_infinite_withcheck_stateful.cil.out.i line 1291 function l4_setcal
Unwinding loop 1  iteration  1   file 43_1a_cilled_ok_nondet_linux-43_1a-drivers--input--gameport--lightning.ko-ldv_main0_sequence_infinite_withcheck_stateful.cil.out.i line 881 function l4_wait_ready
Unwinding loop 1  iteration  2   file 43_1a_cilled_ok_nondet_linux-43_1a-drivers--input--gameport--lightning.ko-ldv_main0_sequence_infinite_withcheck_stateful.cil.out.i line 881 function l4_wait_ready
Not unwinding 
Not unwinding 
Unwinding loop 10  iteration  2   file 43_1a_cilled_ok_nondet_linux-43_1a-drivers--input--gameport--lightning.ko-ldv_main0_sequence_infinite_withcheck_stateful.cil.out.i line 1848 function l4_exit
Unwinding loop 1  iteration  1   file 43_1a_cilled_ok_nondet_linux-43_1a-drivers--input--gameport--lightning.ko-ldv_main0_sequence_infinite_withcheck_stateful.cil.out.i line 881 function l4_wait_ready
Unwinding loop 1  iteration  2   file 43_1a_cilled_ok_nondet_linux-43_1a-drivers--input--gameport--lightning.ko-ldv_main0_sequence_infinite_withcheck_stateful.cil.out.i line 881 function l4_wait_ready
Not unwinding 
Unwinding loop 1  iteration  1   file 43_1a_cilled_ok_nondet_linux-43_1a-drivers--input--gameport--lightning.ko-ldv_main0_sequence_infinite_withcheck_stateful.cil.out.i line 881 function l4_wait_ready
Unwinding loop 1  iteration  2   file 43_1a_cilled_ok_nondet_linux-43_1a-drivers--input--gameport--lightning.ko-ldv_main0_sequence_infinite_withcheck_stateful.cil.out.i line 881 function l4_wait_ready
Not unwinding 
Unwinding loop 4  iteration  1   file 43_1a_cilled_ok_nondet_linux-43_1a-drivers--input--gameport--lightning.ko-ldv_main0_sequence_infinite_withcheck_stateful.cil.out.i line 1291 function l4_setcal
Unwinding loop 1  iteration  1   file 43_1a_cilled_ok_nondet_linux-43_1a-drivers--input--gameport--lightning.ko-ldv_main0_sequence_infinite_withcheck_stateful.cil.out.i line 881 function l4_wait_ready
Unwinding loop 1  iteration  2   file 43_1a_cilled_ok_nondet_linux-43_1a-drivers--input--gameport--lightning.ko-ldv_main0_sequence_infinite_withcheck_stateful.cil.out.i line 881 function l4_wait_ready
Not unwinding 
Unwinding loop 4  iteration  2   file 43_1a_cilled_ok_nondet_linux-43_1a-drivers--input--gameport--lightning.ko-ldv_main0_sequence_infinite_withcheck_stateful.cil.out.i line 1291 function l4_setcal
Unwinding loop 1  iteration  1   file 43_1a_cilled_ok_nondet_linux-43_1a-drivers--input--gameport--lightning.ko-ldv_main0_sequence_infinite_withcheck_stateful.cil.out.i line 881 function l4_wait_ready
Unwinding loop 1  iteration  2   file 43_1a_cilled_ok_nondet_linux-43_1a-drivers--input--gameport--lightning.ko-ldv_main0_sequence_infinite_withcheck_stateful.cil.out.i line 881 function l4_wait_ready
Not unwinding 
Not unwinding 
Not unwinding 
Symex completed in: 0.258s (2296 assignments)
Slicing time: 0.014s (removed 1538 assignments)
Generated 0 VCC(s), 0 remaining after simplification (758 assignments)
BMC program time: 0.272s
Building successful trace

VERIFICATION SUCCESSFUL

Solution found by the inductive step (k = 3)

../sv-benchmarks/c/ldv-linux-3.4-simple/43_1a_cilled_ok_nondet_linux-43_1a-drivers--input--gameport--lightning.ko-ldv_main0_sequence_infinite_withcheck_stateful.cil.out.i:1864:1: warning: return type of 'main' is not 'int' [-Wmain-return-type]
void main(void)
^
../sv-benchmarks/c/ldv-linux-3.4-simple/43_1a_cilled_ok_nondet_linux-43_1a-drivers--input--gameport--lightning.ko-ldv_main0_sequence_infinite_withcheck_stateful.cil.out.i:1864:1: note: change return type to 'int'
void main(void)
^~~~
int

TRUE
