./esbmc-wrapper.py -p ../sv-benchmarks/c/properties/unreach-call.prp -s kinduction --arch 32 ../sv-benchmarks/c/product-lines/email_spec4_product35.cil.c


--------------------------------------------------------------------------------


Verifying with ESBMC
Command: ./esbmc --no-div-by-zero-check --force-malloc-success --state-hashing --no-align-check --k-step 2 --floatbv --unlimited-k-steps ../sv-benchmarks/c/product-lines/email_spec4_product35.cil.c --32 --witness-output email_spec4_product35.cil.c.graphml --no-pointer-check --no-bounds-check --interval-analysis --k-induction --max-inductive-step 3 
ESBMC version 6.8.0 64-bit x86_64 linux
Target: 32-bit little-endian x86_64-unknown-linux with esbmc libc
file ../sv-benchmarks/c/product-lines/email_spec4_product35.cil.c: Parsing
Converting
Generating GOTO Program
GOTO program creation time: 0.176s
GOTO program processing time: 0.126s
*** Checking base case, k = 1
Starting Bounded Model Checking
Not unwinding 
Symex completed in: 0.063s (763 assignments)
Slicing time: 0.001s (removed 724 assignments)
Generated 0 VCC(s), 0 remaining after simplification (39 assignments)
BMC program time: 0.064s
No bug has been found in the base case
*** Checking forward condition, k = 1
Starting Bounded Model Checking
Not unwinding 
Symex completed in: 0.051s (763 assignments)
Slicing time: 0.000s (removed 724 assignments)
Generated 1 VCC(s), 1 remaining after simplification (39 assignments)
No solver specified; defaulting to Boolector
Encoding remaining VCC(s) using bit-vector/floating-point arithmetic
Encoding to solver time: 0.002s
Solving with solver Boolector 3.2.1
Encoding to solver time: 0.002s
Runtime decision procedure: 0.188s
The forward condition is unable to prove the property
*** Checking base case, k = 3
Starting Bounded Model Checking
Unwinding loop 1  iteration  1   file email_spec4_product35.cil.c line 1797 function test
Unwinding loop 1  iteration  2   file email_spec4_product35.cil.c line 1797 function test
Not unwinding 
Symex completed in: 0.565s (5733 assignments)
Slicing time: 0.053s (removed 4687 assignments)
Generated 6 VCC(s), 6 remaining after simplification (1046 assignments)
No solver specified; defaulting to Boolector
Encoding remaining VCC(s) using bit-vector/floating-point arithmetic
Encoding to solver time: 0.015s
Solving with solver Boolector 3.2.1
Encoding to solver time: 0.015s
Runtime decision procedure: 0.553s
Building error trace

Counterexample:
bob: 1

rjh: 2

chuck: 3


State 4 file email_spec4_product35.cil.c line 1807 function test thread 0
----------------------------------------------------
  tmp___9 = 0 (00000000 00000000 00000000 00000000)

State 5 file email_spec4_product35.cil.c line 1821 function test thread 0
----------------------------------------------------
  tmp___8 = -2147483648 (10000000 00000000 00000000 00000000)

State 6 file email_spec4_product35.cil.c line 1807 function test thread 0
----------------------------------------------------
  tmp___9 = 0 (00000000 00000000 00000000 00000000)

State 7 file email_spec4_product35.cil.c line 1835 function test thread 0
----------------------------------------------------
  tmp___7 = -2147483648 (10000000 00000000 00000000 00000000)

State 8 file email_spec4_product35.cil.c line 1807 function test thread 0
----------------------------------------------------
  tmp___9 = 0 (00000000 00000000 00000000 00000000)

State 9 file email_spec4_product35.cil.c line 1849 function test thread 0
----------------------------------------------------
  tmp___6 = 0 (00000000 00000000 00000000 00000000)

State 10 file email_spec4_product35.cil.c line 1863 function test thread 0
----------------------------------------------------
  tmp___5 = 0 (00000000 00000000 00000000 00000000)

State 11 file email_spec4_product35.cil.c line 1877 function test thread 0
----------------------------------------------------
  tmp___4 = 0 (00000000 00000000 00000000 00000000)

State 12 file email_spec4_product35.cil.c line 1891 function test thread 0
----------------------------------------------------
  tmp___3 = 0 (00000000 00000000 00000000 00000000)

State 13 file email_spec4_product35.cil.c line 1905 function test thread 0
----------------------------------------------------
  tmp___2 = 0 (00000000 00000000 00000000 00000000)

State 14 file email_spec4_product35.cil.c line 1919 function test thread 0
----------------------------------------------------
  tmp___1 = 0 (00000000 00000000 00000000 00000000)

State 15 file email_spec4_product35.cil.c line 1933 function test thread 0
----------------------------------------------------
  tmp___0 = 0 (00000000 00000000 00000000 00000000)

State 16 file email_spec4_product35.cil.c line 1947 function test thread 0
----------------------------------------------------
  tmp = 0 (00000000 00000000 00000000 00000000)
Please enter a subject and a message body.



State 18 file email_spec4_product35.cil.c line 1134 function getClientPrivateKey thread 0
----------------------------------------------------
  retValue_acc = 123 (00000000 00000000 00000000 01111011)

State 19 file email_spec4_product35.cil.c line 3010 function sign thread 0
----------------------------------------------------
  privkey = 123 (00000000 00000000 00000000 01111011)

State 20 file email_spec4_product35.cil.c line 678 function getClientAddressBookSize thread 0
----------------------------------------------------
  retValue_acc = 0 (00000000 00000000 00000000 00000000)

State 21 file email_spec4_product35.cil.c line 2734 function outgoing__wrappee__AddressBook thread 0
----------------------------------------------------
  size = 0 (00000000 00000000 00000000 00000000)
before mail



State 23 file email_spec4_product35.cil.c line 375 function isSigned thread 0
----------------------------------------------------
  retValue_acc = 1 (00000000 00000000 00000000 00000001)

State 24 file email_spec4_product35.cil.c line 1134 function getClientPrivateKey thread 0
----------------------------------------------------
  retValue_acc = 123 (00000000 00000000 00000000 01111011)
mail sent

mail delivered



State 27 file email_spec4_product35.cil.c line 1091 function getClientAutoResponse thread 0
----------------------------------------------------
  retValue_acc = 1 (00000000 00000000 00000000 00000001)
sending autoresponse



State 29 file email_spec4_product35.cil.c line 1526 function getClientForwardReceiver thread 0
----------------------------------------------------
  retValue_acc = 0 (00000000 00000000 00000000 00000000)

State 30 file email_spec4_product35.cil.c line 2816 function incoming__wrappee__Forward thread 0
----------------------------------------------------
  fwreceiver = 0 (00000000 00000000 00000000 00000000)

State 31 file email_spec4_product35.cil.c line 2923 function is_queue_empty thread 0
----------------------------------------------------
  retValue_acc = 0 (00000000 00000000 00000000 00000000)

State 32 file email_spec4_product35.cil.c line 2941 function get_queued_email thread 0
----------------------------------------------------
  retValue_acc = 1 (00000000 00000000 00000000 00000001)

State 33 file email_spec4_product35.cil.c line 2932 function get_queued_client thread 0
----------------------------------------------------
  retValue_acc = 2 (00000000 00000000 00000000 00000010)

State 34 file email_spec4_product35.cil.c line 1138 function getClientPrivateKey thread 0
----------------------------------------------------
  retValue_acc = 0 (00000000 00000000 00000000 00000000)

State 35 file email_spec4_product35.cil.c line 3010 function sign thread 0
----------------------------------------------------
  privkey = 0 (00000000 00000000 00000000 00000000)

State 36 file email_spec4_product35.cil.c line 2734 function outgoing__wrappee__AddressBook thread 0
----------------------------------------------------
  size = 0 (00000000 00000000 00000000 00000000)

State 37 file email_spec4_product35.cil.c line 2673 function mail thread 0
----------------------------------------------------
  __utac__ad__arg1 = 2 (00000000 00000000 00000000 00000010)

State 38 file email_spec4_product35.cil.c line 2674 function mail thread 0
----------------------------------------------------
  __utac__ad__arg2 = 1 (00000000 00000000 00000000 00000001)
before mail



State 40 file email_spec4_product35.cil.c line 375 function isSigned thread 0
----------------------------------------------------
  retValue_acc = 1 (00000000 00000000 00000000 00000001)

State 41 file email_spec4_product35.cil.c line 1138 function getClientPrivateKey thread 0
----------------------------------------------------
  retValue_acc = 0 (00000000 00000000 00000000 00000000)

State 42 file email_spec4_product35.cil.c line 3 function reach_error thread 0
----------------------------------------------------
Violated property:
  file email_spec4_product35.cil.c line 3 function reach_error
  assertion 0
  0


VERIFICATION FAILED

Bug found (k = 3)


FALSE_REACH
