./esbmc-wrapper.py -p ../sv-benchmarks/c/properties/unreach-call.prp -s kinduction --arch 32 ../sv-benchmarks/c/product-lines/email_spec11_product08.cil.c


--------------------------------------------------------------------------------


Verifying with ESBMC
Command: ./esbmc --no-div-by-zero-check --force-malloc-success --state-hashing --no-align-check --k-step 2 --floatbv --unlimited-k-steps ../sv-benchmarks/c/product-lines/email_spec11_product08.cil.c --32 --witness-output email_spec11_product08.cil.c.graphml --no-pointer-check --no-bounds-check --interval-analysis --k-induction --max-inductive-step 3 
ESBMC version 6.8.0 64-bit x86_64 linux
Target: 32-bit little-endian x86_64-unknown-linux with esbmc libc
file ../sv-benchmarks/c/product-lines/email_spec11_product08.cil.c: Parsing
Converting
Generating GOTO Program
GOTO program creation time: 0.163s
GOTO program processing time: 0.071s
*** Checking base case, k = 1
Starting Bounded Model Checking
Not unwinding 
Symex completed in: 0.041s (606 assignments)
Slicing time: 0.001s (removed 569 assignments)
Generated 0 VCC(s), 0 remaining after simplification (37 assignments)
BMC program time: 0.042s
No bug has been found in the base case
*** Checking forward condition, k = 1
Starting Bounded Model Checking
Not unwinding 
Symex completed in: 0.036s (606 assignments)
Slicing time: 0.000s (removed 569 assignments)
Generated 1 VCC(s), 1 remaining after simplification (37 assignments)
No solver specified; defaulting to Boolector
Encoding remaining VCC(s) using bit-vector/floating-point arithmetic
Encoding to solver time: 0.002s
Solving with solver Boolector 3.2.1
Encoding to solver time: 0.002s
Runtime decision procedure: 0.123s
The forward condition is unable to prove the property
*** Checking base case, k = 3
Starting Bounded Model Checking
Unwinding loop 1  iteration  1   file email_spec11_product08.cil.c line 2585 function test
Unwinding loop 1  iteration  2   file email_spec11_product08.cil.c line 2585 function test
Not unwinding 
Symex completed in: 0.141s (1979 assignments)
Slicing time: 0.008s (removed 1652 assignments)
Generated 0 VCC(s), 0 remaining after simplification (327 assignments)
BMC program time: 0.149s
No bug has been found in the base case
*** Checking forward condition, k = 3
Starting Bounded Model Checking
Unwinding loop 1  iteration  1   file email_spec11_product08.cil.c line 2585 function test
Unwinding loop 1  iteration  2   file email_spec11_product08.cil.c line 2585 function test
Not unwinding 
Symex completed in: 0.148s (1979 assignments)
Slicing time: 0.008s (removed 1652 assignments)
Generated 1 VCC(s), 1 remaining after simplification (327 assignments)
No solver specified; defaulting to Boolector
Encoding remaining VCC(s) using bit-vector/floating-point arithmetic
Encoding to solver time: 0.006s
Solving with solver Boolector 3.2.1
Encoding to solver time: 0.006s
Runtime decision procedure: 0.297s
The forward condition is unable to prove the property
*** Checking inductive step, k = 3
Starting Bounded Model Checking
Unwinding loop 1  iteration  1   file email_spec11_product08.cil.c line 2585 function test
Unwinding loop 1  iteration  2   file email_spec11_product08.cil.c line 2585 function test
Not unwinding 
Symex completed in: 0.194s (2444 assignments)
Slicing time: 0.039s (removed 1719 assignments)
Generated 0 VCC(s), 0 remaining after simplification (725 assignments)
BMC program time: 0.233s
Building successful trace

VERIFICATION SUCCESSFUL

Solution found by the inductive step (k = 3)


TRUE
