./esbmc-wrapper.py -p ../sv-benchmarks/c/properties/unreach-call.prp -s kinduction --arch 64 ../sv-benchmarks/c/aws-c-common/aws_byte_buf_write_from_whole_buffer_harness.i


--------------------------------------------------------------------------------


Verifying with ESBMC
Command: ./esbmc --no-div-by-zero-check --force-malloc-success --state-hashing --no-align-check --k-step 2 --floatbv --unlimited-k-steps ../sv-benchmarks/c/aws-c-common/aws_byte_buf_write_from_whole_buffer_harness.i --64 --witness-output aws_byte_buf_write_from_whole_buffer_harness.i.graphml --no-pointer-check --no-bounds-check --interval-analysis --k-induction --max-inductive-step 3 
ESBMC version 6.8.0 64-bit x86_64 linux
Target: 64-bit little-endian x86_64-unknown-linux with esbmc libc
file ../sv-benchmarks/c/aws-c-common/aws_byte_buf_write_from_whole_buffer_harness.i: Parsing
Converting
Generating GOTO Program
GOTO program creation time: 0.504s
GOTO program processing time: 0.033s
*** Checking base case, k = 1
Starting Bounded Model Checking
Not unwinding 
Symex completed in: 0.133s (233 assignments)
Slicing time: 0.001s (removed 71 assignments)
Generated 19 VCC(s), 19 remaining after simplification (162 assignments)
No solver specified; defaulting to Boolector
Encoding remaining VCC(s) using bit-vector/floating-point arithmetic
Encoding to solver time: 0.013s
Solving with solver Boolector 3.2.1
Encoding to solver time: 0.013s
Runtime decision procedure: 2.294s
BMC program time: 2.443s
No bug has been found in the base case
*** Checking forward condition, k = 1
Starting Bounded Model Checking
Not unwinding 
Symex completed in: 0.038s (214 assignments)
Slicing time: 0.002s (removed 71 assignments)
Generated 1 VCC(s), 1 remaining after simplification (143 assignments)
No solver specified; defaulting to Boolector
Encoding remaining VCC(s) using bit-vector/floating-point arithmetic
Encoding to solver time: 0.013s
Solving with solver Boolector 3.2.1
Encoding to solver time: 0.013s
Runtime decision procedure: 2.196s
The forward condition is unable to prove the property
*** Checking base case, k = 3
Starting Bounded Model Checking
Unwinding loop 29  iteration  1   file aws_byte_buf_write_from_whole_buffer_harness.i line 7335 function memcpy_impl
Unwinding loop 29  iteration  2   file aws_byte_buf_write_from_whole_buffer_harness.i line 7335 function memcpy_impl
Not unwinding 
Symex completed in: 0.046s (245 assignments)
Slicing time: 0.001s (removed 78 assignments)
Generated 19 VCC(s), 19 remaining after simplification (167 assignments)
No solver specified; defaulting to Boolector
Encoding remaining VCC(s) using bit-vector/floating-point arithmetic
Encoding to solver time: 0.014s
Solving with solver Boolector 3.2.1
Encoding to solver time: 0.014s
Runtime decision procedure: 2.550s
BMC program time: 2.612s
No bug has been found in the base case
*** Checking forward condition, k = 3
Starting Bounded Model Checking
Unwinding loop 29  iteration  1   file aws_byte_buf_write_from_whole_buffer_harness.i line 7335 function memcpy_impl
Unwinding loop 29  iteration  2   file aws_byte_buf_write_from_whole_buffer_harness.i line 7335 function memcpy_impl
Not unwinding 
Symex completed in: 0.044s (226 assignments)
Slicing time: 0.001s (removed 78 assignments)
Generated 1 VCC(s), 1 remaining after simplification (148 assignments)
No solver specified; defaulting to Boolector
Encoding remaining VCC(s) using bit-vector/floating-point arithmetic
Encoding to solver time: 0.013s
Solving with solver Boolector 3.2.1
Encoding to solver time: 0.013s
Runtime decision procedure: 2.238s
The forward condition is unable to prove the property
*** Checking inductive step, k = 3
Starting Bounded Model Checking
Unwinding loop 29  iteration  1   file aws_byte_buf_write_from_whole_buffer_harness.i line 7335 function memcpy_impl
Unwinding loop 29  iteration  2   file aws_byte_buf_write_from_whole_buffer_harness.i line 7335 function memcpy_impl
Not unwinding 
Symex completed in: 0.040s (249 assignments)
Slicing time: 0.002s (removed 81 assignments)
Generated 19 VCC(s), 19 remaining after simplification (168 assignments)
No solver specified; defaulting to Boolector
Encoding remaining VCC(s) using bit-vector/floating-point arithmetic
Encoding to solver time: 0.013s
Solving with solver Boolector 3.2.1
Encoding to solver time: 0.013s
Runtime decision procedure: 2.263s
The inductive step is unable to prove the property
*** Checking base case, k = 5
Starting Bounded Model Checking
Unwinding loop 29  iteration  1   file aws_byte_buf_write_from_whole_buffer_harness.i line 7335 function memcpy_impl
Unwinding loop 29  iteration  2   file aws_byte_buf_write_from_whole_buffer_harness.i line 7335 function memcpy_impl
Unwinding loop 29  iteration  3   file aws_byte_buf_write_from_whole_buffer_harness.i line 7335 function memcpy_impl
Unwinding loop 29  iteration  4   file aws_byte_buf_write_from_whole_buffer_harness.i line 7335 function memcpy_impl
Not unwinding 
Symex completed in: 0.048s (257 assignments)
Slicing time: 0.002s (removed 84 assignments)
Generated 19 VCC(s), 19 remaining after simplification (173 assignments)
No solver specified; defaulting to Boolector
Encoding remaining VCC(s) using bit-vector/floating-point arithmetic
Encoding to solver time: 0.014s
Solving with solver Boolector 3.2.1
Encoding to solver time: 0.014s
Runtime decision procedure: 3.454s
BMC program time: 3.519s
No bug has been found in the base case
*** Checking forward condition, k = 5
Starting Bounded Model Checking
Unwinding loop 29  iteration  1   file aws_byte_buf_write_from_whole_buffer_harness.i line 7335 function memcpy_impl
Unwinding loop 29  iteration  2   file aws_byte_buf_write_from_whole_buffer_harness.i line 7335 function memcpy_impl
Unwinding loop 29  iteration  3   file aws_byte_buf_write_from_whole_buffer_harness.i line 7335 function memcpy_impl
Unwinding loop 29  iteration  4   file aws_byte_buf_write_from_whole_buffer_harness.i line 7335 function memcpy_impl
Not unwinding 
Symex completed in: 0.051s (238 assignments)
Slicing time: 0.001s (removed 84 assignments)
Generated 1 VCC(s), 1 remaining after simplification (154 assignments)
No solver specified; defaulting to Boolector
Encoding remaining VCC(s) using bit-vector/floating-point arithmetic
Encoding to solver time: 0.014s
Solving with solver Boolector 3.2.1
Encoding to solver time: 0.014s
Runtime decision procedure: 2.259s
The forward condition is unable to prove the property
*** Checking base case, k = 7
Starting Bounded Model Checking
Unwinding loop 29  iteration  1   file aws_byte_buf_write_from_whole_buffer_harness.i line 7335 function memcpy_impl
Unwinding loop 29  iteration  2   file aws_byte_buf_write_from_whole_buffer_harness.i line 7335 function memcpy_impl
Unwinding loop 29  iteration  3   file aws_byte_buf_write_from_whole_buffer_harness.i line 7335 function memcpy_impl
Unwinding loop 29  iteration  4   file aws_byte_buf_write_from_whole_buffer_harness.i line 7335 function memcpy_impl
Unwinding loop 29  iteration  5   file aws_byte_buf_write_from_whole_buffer_harness.i line 7335 function memcpy_impl
Unwinding loop 29  iteration  6   file aws_byte_buf_write_from_whole_buffer_harness.i line 7335 function memcpy_impl
Not unwinding 
Symex completed in: 0.051s (269 assignments)
Slicing time: 0.002s (removed 90 assignments)
Generated 19 VCC(s), 19 remaining after simplification (179 assignments)
No solver specified; defaulting to Boolector
Encoding remaining VCC(s) using bit-vector/floating-point arithmetic
Encoding to solver time: 0.014s
Solving with solver Boolector 3.2.1
Encoding to solver time: 0.014s
Runtime decision procedure: 2.499s
BMC program time: 2.567s
No bug has been found in the base case
*** Checking forward condition, k = 7
Starting Bounded Model Checking
Unwinding loop 29  iteration  1   file aws_byte_buf_write_from_whole_buffer_harness.i line 7335 function memcpy_impl
Unwinding loop 29  iteration  2   file aws_byte_buf_write_from_whole_buffer_harness.i line 7335 function memcpy_impl
Unwinding loop 29  iteration  3   file aws_byte_buf_write_from_whole_buffer_harness.i line 7335 function memcpy_impl
Unwinding loop 29  iteration  4   file aws_byte_buf_write_from_whole_buffer_harness.i line 7335 function memcpy_impl
Unwinding loop 29  iteration  5   file aws_byte_buf_write_from_whole_buffer_harness.i line 7335 function memcpy_impl
Unwinding loop 29  iteration  6   file aws_byte_buf_write_from_whole_buffer_harness.i line 7335 function memcpy_impl
Not unwinding 
Symex completed in: 0.052s (250 assignments)
Slicing time: 0.001s (removed 90 assignments)
Generated 1 VCC(s), 1 remaining after simplification (160 assignments)
No solver specified; defaulting to Boolector
Encoding remaining VCC(s) using bit-vector/floating-point arithmetic
Encoding to solver time: 0.014s
Solving with solver Boolector 3.2.1
Encoding to solver time: 0.014s
Runtime decision procedure: 2.264s
The forward condition is unable to prove the property
*** Checking base case, k = 9
Starting Bounded Model Checking
Unwinding loop 29  iteration  1   file aws_byte_buf_write_from_whole_buffer_harness.i line 7335 function memcpy_impl
Unwinding loop 29  iteration  2   file aws_byte_buf_write_from_whole_buffer_harness.i line 7335 function memcpy_impl
Unwinding loop 29  iteration  3   file aws_byte_buf_write_from_whole_buffer_harness.i line 7335 function memcpy_impl
Unwinding loop 29  iteration  4   file aws_byte_buf_write_from_whole_buffer_harness.i line 7335 function memcpy_impl
Unwinding loop 29  iteration  5   file aws_byte_buf_write_from_whole_buffer_harness.i line 7335 function memcpy_impl
Unwinding loop 29  iteration  6   file aws_byte_buf_write_from_whole_buffer_harness.i line 7335 function memcpy_impl
Unwinding loop 29  iteration  7   file aws_byte_buf_write_from_whole_buffer_harness.i line 7335 function memcpy_impl
Unwinding loop 29  iteration  8   file aws_byte_buf_write_from_whole_buffer_harness.i line 7335 function memcpy_impl
Not unwinding 
Symex completed in: 0.057s (281 assignments)
Slicing time: 0.002s (removed 96 assignments)
Generated 19 VCC(s), 19 remaining after simplification (185 assignments)
No solver specified; defaulting to Boolector
Encoding remaining VCC(s) using bit-vector/floating-point arithmetic
Encoding to solver time: 0.015s
Solving with solver Boolector 3.2.1
Encoding to solver time: 0.015s
Runtime decision procedure: 2.621s
BMC program time: 2.696s
No bug has been found in the base case
*** Checking forward condition, k = 9
Starting Bounded Model Checking
Unwinding loop 29  iteration  1   file aws_byte_buf_write_from_whole_buffer_harness.i line 7335 function memcpy_impl
Unwinding loop 29  iteration  2   file aws_byte_buf_write_from_whole_buffer_harness.i line 7335 function memcpy_impl
Unwinding loop 29  iteration  3   file aws_byte_buf_write_from_whole_buffer_harness.i line 7335 function memcpy_impl
Unwinding loop 29  iteration  4   file aws_byte_buf_write_from_whole_buffer_harness.i line 7335 function memcpy_impl
Unwinding loop 29  iteration  5   file aws_byte_buf_write_from_whole_buffer_harness.i line 7335 function memcpy_impl
Unwinding loop 29  iteration  6   file aws_byte_buf_write_from_whole_buffer_harness.i line 7335 function memcpy_impl
Unwinding loop 29  iteration  7   file aws_byte_buf_write_from_whole_buffer_harness.i line 7335 function memcpy_impl
Unwinding loop 29  iteration  8   file aws_byte_buf_write_from_whole_buffer_harness.i line 7335 function memcpy_impl
Not unwinding 
Symex completed in: 0.055s (262 assignments)
Slicing time: 0.002s (removed 96 assignments)
Generated 1 VCC(s), 1 remaining after simplification (166 assignments)
No solver specified; defaulting to Boolector
Encoding remaining VCC(s) using bit-vector/floating-point arithmetic
Encoding to solver time: 0.014s
Solving with solver Boolector 3.2.1
Encoding to solver time: 0.014s
Runtime decision procedure: 2.212s
The forward condition is unable to prove the property
*** Checking base case, k = 11
Starting Bounded Model Checking
Unwinding loop 29  iteration  1   file aws_byte_buf_write_from_whole_buffer_harness.i line 7335 function memcpy_impl
Unwinding loop 29  iteration  2   file aws_byte_buf_write_from_whole_buffer_harness.i line 7335 function memcpy_impl
Unwinding loop 29  iteration  3   file aws_byte_buf_write_from_whole_buffer_harness.i line 7335 function memcpy_impl
Unwinding loop 29  iteration  4   file aws_byte_buf_write_from_whole_buffer_harness.i line 7335 function memcpy_impl
Unwinding loop 29  iteration  5   file aws_byte_buf_write_from_whole_buffer_harness.i line 7335 function memcpy_impl
Unwinding loop 29  iteration  6   file aws_byte_buf_write_from_whole_buffer_harness.i line 7335 function memcpy_impl
Unwinding loop 29  iteration  7   file aws_byte_buf_write_from_whole_buffer_harness.i line 7335 function memcpy_impl
Unwinding loop 29  iteration  8   file aws_byte_buf_write_from_whole_buffer_harness.i line 7335 function memcpy_impl
Unwinding loop 29  iteration  9   file aws_byte_buf_write_from_whole_buffer_harness.i line 7335 function memcpy_impl
Unwinding loop 29  iteration  10   file aws_byte_buf_write_from_whole_buffer_harness.i line 7335 function memcpy_impl
Not unwinding 
Symex completed in: 0.060s (293 assignments)
Slicing time: 0.002s (removed 102 assignments)
Generated 19 VCC(s), 19 remaining after simplification (191 assignments)
No solver specified; defaulting to Boolector
Encoding remaining VCC(s) using bit-vector/floating-point arithmetic
Encoding to solver time: 0.015s
Solving with solver Boolector 3.2.1
Encoding to solver time: 0.015s
Runtime decision procedure: 2.809s
BMC program time: 2.887s
No bug has been found in the base case
*** Checking forward condition, k = 11
Starting Bounded Model Checking
Unwinding loop 29  iteration  1   file aws_byte_buf_write_from_whole_buffer_harness.i line 7335 function memcpy_impl
Unwinding loop 29  iteration  2   file aws_byte_buf_write_from_whole_buffer_harness.i line 7335 function memcpy_impl
Unwinding loop 29  iteration  3   file aws_byte_buf_write_from_whole_buffer_harness.i line 7335 function memcpy_impl
Unwinding loop 29  iteration  4   file aws_byte_buf_write_from_whole_buffer_harness.i line 7335 function memcpy_impl
Unwinding loop 29  iteration  5   file aws_byte_buf_write_from_whole_buffer_harness.i line 7335 function memcpy_impl
Unwinding loop 29  iteration  6   file aws_byte_buf_write_from_whole_buffer_harness.i line 7335 function memcpy_impl
Unwinding loop 29  iteration  7   file aws_byte_buf_write_from_whole_buffer_harness.i line 7335 function memcpy_impl
Unwinding loop 29  iteration  8   file aws_byte_buf_write_from_whole_buffer_harness.i line 7335 function memcpy_impl
Unwinding loop 29  iteration  9   file aws_byte_buf_write_from_whole_buffer_harness.i line 7335 function memcpy_impl
Unwinding loop 29  iteration  10   file aws_byte_buf_write_from_whole_buffer_harness.i line 7335 function memcpy_impl
Not unwinding 
Symex completed in: 0.061s (274 assignments)
Slicing time: 0.001s (removed 102 assignments)
Generated 1 VCC(s), 1 remaining after simplification (172 assignments)
No solver specified; defaulting to Boolector
Encoding remaining VCC(s) using bit-vector/floating-point arithmetic
Encoding to solver time: 0.016s
Solving with solver Boolector 3.2.1
Encoding to solver time: 0.016s
Runtime decision procedure: 0.086s
BMC program time: 0.165s
Building successful trace

VERIFICATION SUCCESSFUL

Solution found by the forward condition; all states are reachable (k = 11

../sv-benchmarks/c/aws-c-common/aws_byte_buf_write_from_whole_buffer_harness.i:1632:45: warning: attribute declaration must precede definition [-Wignored-attributes]
extern void my_abort (void) __attribute__ ((__nothrow__ , __leaf__)) __attribute__ ((__noreturn__));
                                            ^
../sv-benchmarks/c/aws-c-common/aws_byte_buf_write_from_whole_buffer_harness.i:232:6: note: previous definition is here
void my_abort(void) {
     ^
../sv-benchmarks/c/aws-c-common/aws_byte_buf_write_from_whole_buffer_harness.i:5785:12: warning: implicit declaration of function '__ESBMC_atomic_load' is invalid in C99 [-Wimplicit-function-declaration]
    return __atomic_load_n(&(*(aws_atomic_impl_int_t *)(var)), aws_atomic_priv_xlate_order(memory_order));
           ^
esbmc_intrinsics.h:99:5: note: expanded from here
    __ESBMC_atomic_load(__atomic_load_ptr, &__atomic_load_tmp, (MO));          \
    ^
../sv-benchmarks/c/aws-c-common/aws_byte_buf_write_from_whole_buffer_harness.i:5793:12: warning: implicit declaration of function '__ESBMC_atomic_load' is invalid in C99 [-Wimplicit-function-declaration]
    return __atomic_load_n(&((var)->value), aws_atomic_priv_xlate_order(memory_order));
           ^
esbmc_intrinsics.h:99:5: note: expanded from here
    __ESBMC_atomic_load(__atomic_load_ptr, &__atomic_load_tmp, (MO));          \
    ^
../sv-benchmarks/c/aws-c-common/aws_byte_buf_write_from_whole_buffer_harness.i:5801:5: warning: implicit declaration of function '__ESBMC_atomic_store' is invalid in C99 [-Wimplicit-function-declaration]
    __atomic_store_n(&(*(aws_atomic_impl_int_t *)(var)), n, aws_atomic_priv_xlate_order(memory_order));
    ^
esbmc_intrinsics.h:107:5: note: expanded from here
    __ESBMC_atomic_store(__atomic_store_ptr, &__atomic_store_tmp, (MO));       \
    ^
../sv-benchmarks/c/aws-c-common/aws_byte_buf_write_from_whole_buffer_harness.i:5809:5: warning: implicit declaration of function '__ESBMC_atomic_store' is invalid in C99 [-Wimplicit-function-declaration]
    __atomic_store_n(&((var)->value), p, aws_atomic_priv_xlate_order(memory_order));
    ^
esbmc_intrinsics.h:107:5: note: expanded from here
    __ESBMC_atomic_store(__atomic_store_ptr, &__atomic_store_tmp, (MO));       \
    ^

TRUE
