./esbmc-wrapper.py -p ../sv-benchmarks/c/properties/unreach-call.prp -s kinduction --arch 64 ../sv-benchmarks/c/ldv-commit-tester/main0_drivers-media-video-tlg2300-poseidon-ko--32_7a--4a349aa-1.i


--------------------------------------------------------------------------------


Verifying with ESBMC
Command: ./esbmc --no-div-by-zero-check --force-malloc-success --state-hashing --no-align-check --k-step 2 --floatbv --unlimited-k-steps ../sv-benchmarks/c/ldv-commit-tester/main0_drivers-media-video-tlg2300-poseidon-ko--32_7a--4a349aa-1.i --64 --witness-output main0_drivers-media-video-tlg2300-poseidon-ko--32_7a--4a349aa-1.i.graphml --no-pointer-check --no-bounds-check --interval-analysis --k-induction --max-inductive-step 3 
ESBMC version 6.8.0 64-bit x86_64 linux
Target: 64-bit little-endian x86_64-unknown-linux with esbmc libc
file ../sv-benchmarks/c/ldv-commit-tester/main0_drivers-media-video-tlg2300-poseidon-ko--32_7a--4a349aa-1.i: Parsing
Converting
Generating GOTO Program
GOTO program creation time: 1.693s
GOTO program processing time: 0.815s
*** Checking base case, k = 1
Starting Bounded Model Checking
Not unwinding 
Symex completed in: 0.042s (58 assignments)
Slicing time: 0.001s (removed 54 assignments)
Generated 0 VCC(s), 0 remaining after simplification (4 assignments)
BMC program time: 0.043s
No bug has been found in the base case
*** Checking forward condition, k = 1
Starting Bounded Model Checking
Not unwinding 
Symex completed in: 0.032s (58 assignments)
Slicing time: 0.000s (removed 54 assignments)
Generated 1 VCC(s), 1 remaining after simplification (4 assignments)
No solver specified; defaulting to Boolector
Encoding remaining VCC(s) using bit-vector/floating-point arithmetic
Encoding to solver time: 0.000s
Solving with solver Boolector 3.2.1
Encoding to solver time: 0.000s
Runtime decision procedure: 0.001s
The forward condition is unable to prove the property
*** Checking base case, k = 3
Starting Bounded Model Checking
Unwinding loop 21  iteration  1   file main0_drivers-media-video-tlg2300-poseidon-ko--32_7a--4a349aa-1.i line 7955 function main
Unwinding loop 14  iteration  1   file main0_drivers-media-video-tlg2300-poseidon-ko--32_7a--4a349aa-1.i line 10930 function send_set_req
Unwinding loop 14  iteration  2   file main0_drivers-media-video-tlg2300-poseidon-ko--32_7a--4a349aa-1.i line 10930 function send_set_req
Not unwinding 
Unwinding loop 14  iteration  1   file main0_drivers-media-video-tlg2300-poseidon-ko--32_7a--4a349aa-1.i line 10930 function send_set_req
Unwinding loop 14  iteration  2   file main0_drivers-media-video-tlg2300-poseidon-ko--32_7a--4a349aa-1.i line 10930 function send_set_req
Not unwinding 
Unwinding loop 9  iteration  1   file main0_drivers-media-video-tlg2300-poseidon-ko--32_7a--4a349aa-1.i line 6074 function prepare_iso_urb
Unwinding loop 8  iteration  1   file main0_drivers-media-video-tlg2300-poseidon-ko--32_7a--4a349aa-1.i line 6068 function prepare_iso_urb
Unwinding loop 8  iteration  2   file main0_drivers-media-video-tlg2300-poseidon-ko--32_7a--4a349aa-1.i line 6068 function prepare_iso_urb
Not unwinding 
Unwinding loop 11  iteration  1   file main0_drivers-media-video-tlg2300-poseidon-ko--32_7a--4a349aa-1.i line 6123 function alloc_bulk_urbs_generic
Unwinding loop 11  iteration  2   file main0_drivers-media-video-tlg2300-poseidon-ko--32_7a--4a349aa-1.i line 6123 function alloc_bulk_urbs_generic
Not unwinding 
Unwinding loop 13  iteration  1   file main0_drivers-media-video-tlg2300-poseidon-ko--32_7a--4a349aa-1.i line 6252 function fire_all_urb
Unwinding loop 13  iteration  2   file main0_drivers-media-video-tlg2300-poseidon-ko--32_7a--4a349aa-1.i line 6252 function fire_all_urb
Not unwinding 
Unwinding loop 14  iteration  1   file main0_drivers-media-video-tlg2300-poseidon-ko--32_7a--4a349aa-1.i line 10930 function send_set_req
Unwinding loop 14  iteration  2   file main0_drivers-media-video-tlg2300-poseidon-ko--32_7a--4a349aa-1.i line 10930 function send_set_req
Not unwinding 
Unwinding loop 14  iteration  1   file main0_drivers-media-video-tlg2300-poseidon-ko--32_7a--4a349aa-1.i line 10930 function send_set_req
Unwinding loop 14  iteration  2   file main0_drivers-media-video-tlg2300-poseidon-ko--32_7a--4a349aa-1.i line 10930 function send_set_req
Not unwinding 
Unwinding loop 14  iteration  1   file main0_drivers-media-video-tlg2300-poseidon-ko--32_7a--4a349aa-1.i line 10930 function send_set_req
Unwinding loop 14  iteration  2   file main0_drivers-media-video-tlg2300-poseidon-ko--32_7a--4a349aa-1.i line 10930 function send_set_req
Not unwinding 
Unwinding loop 14  iteration  1   file main0_drivers-media-video-tlg2300-poseidon-ko--32_7a--4a349aa-1.i line 10930 function send_set_req
Unwinding loop 14  iteration  2   file main0_drivers-media-video-tlg2300-poseidon-ko--32_7a--4a349aa-1.i line 10930 function send_set_req
Not unwinding 
Unwinding loop 14  iteration  1   file main0_drivers-media-video-tlg2300-poseidon-ko--32_7a--4a349aa-1.i line 10930 function send_set_req
Unwinding loop 14  iteration  2   file main0_drivers-media-video-tlg2300-poseidon-ko--32_7a--4a349aa-1.i line 10930 function send_set_req
Not unwinding 
Unwinding loop 14  iteration  1   file main0_drivers-media-video-tlg2300-poseidon-ko--32_7a--4a349aa-1.i line 10930 function send_set_req
Unwinding loop 14  iteration  2   file main0_drivers-media-video-tlg2300-poseidon-ko--32_7a--4a349aa-1.i line 10930 function send_set_req
Not unwinding 
Unwinding loop 14  iteration  1   file main0_drivers-media-video-tlg2300-poseidon-ko--32_7a--4a349aa-1.i line 10930 function send_set_req
Unwinding loop 14  iteration  2   file main0_drivers-media-video-tlg2300-poseidon-ko--32_7a--4a349aa-1.i line 10930 function send_set_req
Not unwinding 
Unwinding loop 3  iteration  1   file main0_drivers-media-video-tlg2300-poseidon-ko--32_7a--4a349aa-1.i line 5590 function get_audio_std
Unwinding loop 3  iteration  2   file main0_drivers-media-video-tlg2300-poseidon-ko--32_7a--4a349aa-1.i line 5590 function get_audio_std
Not unwinding 
Unwinding loop 14  iteration  1   file main0_drivers-media-video-tlg2300-poseidon-ko--32_7a--4a349aa-1.i line 10930 function send_set_req
Unwinding loop 14  iteration  2   file main0_drivers-media-video-tlg2300-poseidon-ko--32_7a--4a349aa-1.i line 10930 function send_set_req
Not unwinding 
Unwinding loop 14  iteration  1   file main0_drivers-media-video-tlg2300-poseidon-ko--32_7a--4a349aa-1.i line 10930 function send_set_req
Unwinding loop 14  iteration  2   file main0_drivers-media-video-tlg2300-poseidon-ko--32_7a--4a349aa-1.i line 10930 function send_set_req
Not unwinding 
Unwinding loop 14  iteration  1   file main0_drivers-media-video-tlg2300-poseidon-ko--32_7a--4a349aa-1.i line 10930 function send_set_req
Unwinding loop 14  iteration  2   file main0_drivers-media-video-tlg2300-poseidon-ko--32_7a--4a349aa-1.i line 10930 function send_set_req
Not unwinding 
Unwinding loop 1  iteration  1   file string.c line 30 function strcpy
Unwinding loop 1  iteration  2   file string.c line 30 function strcpy
Not unwinding 
Unwinding loop 1  iteration  1   file string.c line 30 function strcpy
Unwinding loop 1  iteration  2   file string.c line 30 function strcpy
Not unwinding 
Unwinding loop 1  iteration  1   file string.c line 30 function strcpy
Unwinding loop 1  iteration  2   file string.c line 30 function strcpy
Not unwinding 
Unwinding loop 14  iteration  1   file main0_drivers-media-video-tlg2300-poseidon-ko--32_7a--4a349aa-1.i line 10930 function send_set_req
Unwinding loop 14  iteration  2   file main0_drivers-media-video-tlg2300-poseidon-ko--32_7a--4a349aa-1.i line 10930 function send_set_req
Not unwinding 
Unwinding loop 14  iteration  1   file main0_drivers-media-video-tlg2300-poseidon-ko--32_7a--4a349aa-1.i line 10930 function send_set_req
Unwinding loop 14  iteration  2   file main0_drivers-media-video-tlg2300-poseidon-ko--32_7a--4a349aa-1.i line 10930 function send_set_req
Not unwinding 
Unwinding loop 14  iteration  1   file main0_drivers-media-video-tlg2300-poseidon-ko--32_7a--4a349aa-1.i line 10930 function send_set_req
Unwinding loop 14  iteration  2   file main0_drivers-media-video-tlg2300-poseidon-ko--32_7a--4a349aa-1.i line 10930 function send_set_req
Not unwinding 
Unwinding loop 1  iteration  1   file string.c line 30 function strcpy
Unwinding loop 1  iteration  2   file string.c line 30 function strcpy
Not unwinding 
Unwinding loop 1  iteration  1   file string.c line 30 function strcpy
Unwinding loop 1  iteration  2   file string.c line 30 function strcpy
Not unwinding 
Unwinding loop 1  iteration  1   file string.c line 30 function strcpy
Unwinding loop 1  iteration  2   file string.c line 30 function strcpy
Not unwinding 
Unwinding loop 17  iteration  1   file main0_drivers-media-video-tlg2300-poseidon-ko--32_7a--4a349aa-1.i line 11111 function send_get_req
Unwinding loop 17  iteration  2   file main0_drivers-media-video-tlg2300-poseidon-ko--32_7a--4a349aa-1.i line 11111 function send_get_req
Not unwinding 
Unwinding loop 1  iteration  1   file string.c line 30 function strcpy
Unwinding loop 1  iteration  2   file string.c line 30 function strcpy
Not unwinding 
Unwinding loop 19  iteration  1   file main0_drivers-media-video-tlg2300-poseidon-ko--32_7a--4a349aa-1.i line 6962 function vidioc_s_tuner
Unwinding loop 14  iteration  1   file main0_drivers-media-video-tlg2300-poseidon-ko--32_7a--4a349aa-1.i line 10930 function send_set_req
Unwinding loop 14  iteration  2   file main0_drivers-media-video-tlg2300-poseidon-ko--32_7a--4a349aa-1.i line 10930 function send_set_req
Not unwinding 
Unwinding loop 3  iteration  1   file main0_drivers-media-video-tlg2300-poseidon-ko--32_7a--4a349aa-1.i line 5590 function get_audio_std
Unwinding loop 3  iteration  2   file main0_drivers-media-video-tlg2300-poseidon-ko--32_7a--4a349aa-1.i line 5590 function get_audio_std
Not unwinding 
Unwinding loop 14  iteration  1   file main0_drivers-media-video-tlg2300-poseidon-ko--32_7a--4a349aa-1.i line 10930 function send_set_req
Unwinding loop 14  iteration  2   file main0_drivers-media-video-tlg2300-poseidon-ko--32_7a--4a349aa-1.i line 10930 function send_set_req
Not unwinding 
Unwinding loop 19  iteration  2   file main0_drivers-media-video-tlg2300-poseidon-ko--32_7a--4a349aa-1.i line 6962 function vidioc_s_tuner
Unwinding loop 14  iteration  1   file main0_drivers-media-video-tlg2300-poseidon-ko--32_7a--4a349aa-1.i line 10930 function send_set_req
Unwinding loop 14  iteration  2   file main0_drivers-media-video-tlg2300-poseidon-ko--32_7a--4a349aa-1.i line 10930 function send_set_req
Not unwinding 
Unwinding loop 3  iteration  1   file main0_drivers-media-video-tlg2300-poseidon-ko--32_7a--4a349aa-1.i line 5590 function get_audio_std
Unwinding loop 3  iteration  2   file main0_drivers-media-video-tlg2300-poseidon-ko--32_7a--4a349aa-1.i line 5590 function get_audio_std
Not unwinding 
Unwinding loop 14  iteration  1   file main0_drivers-media-video-tlg2300-poseidon-ko--32_7a--4a349aa-1.i line 10930 function send_set_req
Unwinding loop 14  iteration  2   file main0_drivers-media-video-tlg2300-poseidon-ko--32_7a--4a349aa-1.i line 10930 function send_set_req
Not unwinding 
Not unwinding 
Unwinding loop 15  iteration  1   file main0_drivers-media-video-tlg2300-poseidon-ko--32_7a--4a349aa-1.i line 6518 function set_std
Unwinding loop 15  iteration  2   file main0_drivers-media-video-tlg2300-poseidon-ko--32_7a--4a349aa-1.i line 6518 function set_std
Not unwinding 
Unwinding loop 14  iteration  1   file main0_drivers-media-video-tlg2300-poseidon-ko--32_7a--4a349aa-1.i line 10930 function send_set_req
Unwinding loop 14  iteration  2   file main0_drivers-media-video-tlg2300-poseidon-ko--32_7a--4a349aa-1.i line 10930 function send_set_req
Not unwinding 
Unwinding loop 14  iteration  1   file main0_drivers-media-video-tlg2300-poseidon-ko--32_7a--4a349aa-1.i line 10930 function send_set_req
Unwinding loop 14  iteration  2   file main0_drivers-media-video-tlg2300-poseidon-ko--32_7a--4a349aa-1.i line 10930 function send_set_req
Not unwinding 
Unwinding loop 14  iteration  1   file main0_drivers-media-video-tlg2300-poseidon-ko--32_7a--4a349aa-1.i line 10930 function send_set_req
Unwinding loop 14  iteration  2   file main0_drivers-media-video-tlg2300-poseidon-ko--32_7a--4a349aa-1.i line 10930 function send_set_req
Not unwinding 
Unwinding loop 16  iteration  1   file main0_drivers-media-video-tlg2300-poseidon-ko--32_7a--4a349aa-1.i line 6652 function check_control_id
Unwinding loop 16  iteration  2   file main0_drivers-media-video-tlg2300-poseidon-ko--32_7a--4a349aa-1.i line 6652 function check_control_id
Not unwinding 
Unwinding loop 16  iteration  1   file main0_drivers-media-video-tlg2300-poseidon-ko--32_7a--4a349aa-1.i line 6652 function check_control_id
Unwinding loop 16  iteration  2   file main0_drivers-media-video-tlg2300-poseidon-ko--32_7a--4a349aa-1.i line 6652 function check_control_id
Not unwinding 
Unwinding loop 17  iteration  1   file main0_drivers-media-video-tlg2300-poseidon-ko--32_7a--4a349aa-1.i line 11111 function send_get_req
Unwinding loop 17  iteration  2   file main0_drivers-media-video-tlg2300-poseidon-ko--32_7a--4a349aa-1.i line 11111 function send_get_req
Not unwinding 
Unwinding loop 16  iteration  1   file main0_drivers-media-video-tlg2300-poseidon-ko--32_7a--4a349aa-1.i line 6652 function check_control_id
Unwinding loop 16  iteration  2   file main0_drivers-media-video-tlg2300-poseidon-ko--32_7a--4a349aa-1.i line 6652 function check_control_id
Not unwinding 
Unwinding loop 14  iteration  1   file main0_drivers-media-video-tlg2300-poseidon-ko--32_7a--4a349aa-1.i line 10930 function send_set_req
Unwinding loop 14  iteration  2   file main0_drivers-media-video-tlg2300-poseidon-ko--32_7a--4a349aa-1.i line 10930 function send_set_req
Not unwinding 
Unwinding loop 14  iteration  1   file main0_drivers-media-video-tlg2300-poseidon-ko--32_7a--4a349aa-1.i line 10930 function send_set_req
Unwinding loop 14  iteration  2   file main0_drivers-media-video-tlg2300-poseidon-ko--32_7a--4a349aa-1.i line 10930 function send_set_req
Not unwinding 
Unwinding loop 21  iteration  2   file main0_drivers-media-video-tlg2300-poseidon-ko--32_7a--4a349aa-1.i line 7955 function main
Unwinding loop 14  iteration  1   file main0_drivers-media-video-tlg2300-poseidon-ko--32_7a--4a349aa-1.i line 10930 function send_set_req
Unwinding loop 14  iteration  2   file main0_drivers-media-video-tlg2300-poseidon-ko--32_7a--4a349aa-1.i line 10930 function send_set_req
Not unwinding 
Unwinding loop 14  iteration  1   file main0_drivers-media-video-tlg2300-poseidon-ko--32_7a--4a349aa-1.i line 10930 function send_set_req
Unwinding loop 14  iteration  2   file main0_drivers-media-video-tlg2300-poseidon-ko--32_7a--4a349aa-1.i line 10930 function send_set_req
Not unwinding 
Unwinding loop 9  iteration  1   file main0_drivers-media-video-tlg2300-poseidon-ko--32_7a--4a349aa-1.i line 6074 function prepare_iso_urb
Unwinding loop 8  iteration  1   file main0_drivers-media-video-tlg2300-poseidon-ko--32_7a--4a349aa-1.i line 6068 function prepare_iso_urb
Unwinding loop 8  iteration  2   file main0_drivers-media-video-tlg2300-poseidon-ko--32_7a--4a349aa-1.i line 6068 function prepare_iso_urb
Not unwinding 
Unwinding loop 11  iteration  1   file main0_drivers-media-video-tlg2300-poseidon-ko--32_7a--4a349aa-1.i line 6123 function alloc_bulk_urbs_generic
Unwinding loop 11  iteration  2   file main0_drivers-media-video-tlg2300-poseidon-ko--32_7a--4a349aa-1.i line 6123 function alloc_bulk_urbs_generic
Not unwinding 
Unwinding loop 13  iteration  1   file main0_drivers-media-video-tlg2300-poseidon-ko--32_7a--4a349aa-1.i line 6252 function fire_all_urb
Unwinding loop 13  iteration  2   file main0_drivers-media-video-tlg2300-poseidon-ko--32_7a--4a349aa-1.i line 6252 function fire_all_urb
Not unwinding 
Unwinding loop 14  iteration  1   file main0_drivers-media-video-tlg2300-poseidon-ko--32_7a--4a349aa-1.i line 10930 function send_set_req
Unwinding loop 14  iteration  2   file main0_drivers-media-video-tlg2300-poseidon-ko--32_7a--4a349aa-1.i line 10930 function send_set_req
Not unwinding 
Unwinding loop 14  iteration  1   file main0_drivers-media-video-tlg2300-poseidon-ko--32_7a--4a349aa-1.i line 10930 function send_set_req
Unwinding loop 14  iteration  2   file main0_drivers-media-video-tlg2300-poseidon-ko--32_7a--4a349aa-1.i line 10930 function send_set_req
Not unwinding 
Unwinding loop 14  iteration  1   file main0_drivers-media-video-tlg2300-poseidon-ko--32_7a--4a349aa-1.i line 10930 function send_set_req
Unwinding loop 14  iteration  2   file main0_drivers-media-video-tlg2300-poseidon-ko--32_7a--4a349aa-1.i line 10930 function send_set_req
Not unwinding 
Unwinding loop 14  iteration  1   file main0_drivers-media-video-tlg2300-poseidon-ko--32_7a--4a349aa-1.i line 10930 function send_set_req
Unwinding loop 14  iteration  2   file main0_drivers-media-video-tlg2300-poseidon-ko--32_7a--4a349aa-1.i line 10930 function send_set_req
Not unwinding 
Unwinding loop 14  iteration  1   file main0_drivers-media-video-tlg2300-poseidon-ko--32_7a--4a349aa-1.i line 10930 function send_set_req
Unwinding loop 14  iteration  2   file main0_drivers-media-video-tlg2300-poseidon-ko--32_7a--4a349aa-1.i line 10930 function send_set_req
Not unwinding 
Unwinding loop 14  iteration  1   file main0_drivers-media-video-tlg2300-poseidon-ko--32_7a--4a349aa-1.i line 10930 function send_set_req
Unwinding loop 14  iteration  2   file main0_drivers-media-video-tlg2300-poseidon-ko--32_7a--4a349aa-1.i line 10930 function send_set_req
Not unwinding 
Unwinding loop 14  iteration  1   file main0_drivers-media-video-tlg2300-poseidon-ko--32_7a--4a349aa-1.i line 10930 function send_set_req
Unwinding loop 14  iteration  2   file main0_drivers-media-video-tlg2300-poseidon-ko--32_7a--4a349aa-1.i line 10930 function send_set_req
Not unwinding 
Unwinding loop 3  iteration  1   file main0_drivers-media-video-tlg2300-poseidon-ko--32_7a--4a349aa-1.i line 5590 function get_audio_std
Unwinding loop 3  iteration  2   file main0_drivers-media-video-tlg2300-poseidon-ko--32_7a--4a349aa-1.i line 5590 function get_audio_std
Not unwinding 
Unwinding loop 14  iteration  1   file main0_drivers-media-video-tlg2300-poseidon-ko--32_7a--4a349aa-1.i line 10930 function send_set_req
Unwinding loop 14  iteration  2   file main0_drivers-media-video-tlg2300-poseidon-ko--32_7a--4a349aa-1.i line 10930 function send_set_req
Not unwinding 
Unwinding loop 14  iteration  1   file main0_drivers-media-video-tlg2300-poseidon-ko--32_7a--4a349aa-1.i line 10930 function send_set_req
Unwinding loop 14  iteration  2   file main0_drivers-media-video-tlg2300-poseidon-ko--32_7a--4a349aa-1.i line 10930 function send_set_req
Not unwinding 
Unwinding loop 14  iteration  1   file main0_drivers-media-video-tlg2300-poseidon-ko--32_7a--4a349aa-1.i line 10930 function send_set_req
Unwinding loop 14  iteration  2   file main0_drivers-media-video-tlg2300-poseidon-ko--32_7a--4a349aa-1.i line 10930 function send_set_req
Not unwinding 
Unwinding loop 20  iteration  1   file main0_drivers-media-video-tlg2300-poseidon-ko--32_7a--4a349aa-1.i line 7106 function usb_transfer_stop
Unwinding loop 20  iteration  2   file main0_drivers-media-video-tlg2300-poseidon-ko--32_7a--4a349aa-1.i line 7106 function usb_transfer_stop
Not unwinding 
Unwinding loop 12  iteration  1   file main0_drivers-media-video-tlg2300-poseidon-ko--32_7a--4a349aa-1.i line 6148 function free_all_urb_generic
Unwinding loop 12  iteration  2   file main0_drivers-media-video-tlg2300-poseidon-ko--32_7a--4a349aa-1.i line 6148 function free_all_urb_generic
Not unwinding 
Unwinding loop 1  iteration  1   file string.c line 30 function strcpy
Unwinding loop 1  iteration  2   file string.c line 30 function strcpy
Not unwinding 
Unwinding loop 1  iteration  1   file string.c line 30 function strcpy
Unwinding loop 1  iteration  2   file string.c line 30 function strcpy
Not unwinding 
Unwinding loop 1  iteration  1   file string.c line 30 function strcpy
Unwinding loop 1  iteration  2   file string.c line 30 function strcpy
Not unwinding 
Unwinding loop 14  iteration  1   file main0_drivers-media-video-tlg2300-poseidon-ko--32_7a--4a349aa-1.i line 10930 function send_set_req
Unwinding loop 14  iteration  2   file main0_drivers-media-video-tlg2300-poseidon-ko--32_7a--4a349aa-1.i line 10930 function send_set_req
Not unwinding 
Unwinding loop 14  iteration  1   file main0_drivers-media-video-tlg2300-poseidon-ko--32_7a--4a349aa-1.i line 10930 function send_set_req
Unwinding loop 14  iteration  2   file main0_drivers-media-video-tlg2300-poseidon-ko--32_7a--4a349aa-1.i line 10930 function send_set_req
Not unwinding 
Unwinding loop 14  iteration  1   file main0_drivers-media-video-tlg2300-poseidon-ko--32_7a--4a349aa-1.i line 10930 function send_set_req
Unwinding loop 14  iteration  2   file main0_drivers-media-video-tlg2300-poseidon-ko--32_7a--4a349aa-1.i line 10930 function send_set_req
Not unwinding 
Unwinding loop 1  iteration  1   file string.c line 30 function strcpy
Unwinding loop 1  iteration  2   file string.c line 30 function strcpy
Not unwinding 
Unwinding loop 1  iteration  1   file string.c line 30 function strcpy
Unwinding loop 1  iteration  2   file string.c line 30 function strcpy
Not unwinding 
Unwinding loop 1  iteration  1   file string.c line 30 function strcpy
Unwinding loop 1  iteration  2   file string.c line 30 function strcpy
Not unwinding 
Unwinding loop 17  iteration  1   file main0_drivers-media-video-tlg2300-poseidon-ko--32_7a--4a349aa-1.i line 11111 function send_get_req
Unwinding loop 17  iteration  2   file main0_drivers-media-video-tlg2300-poseidon-ko--32_7a--4a349aa-1.i line 11111 function send_get_req
Not unwinding 
Unwinding loop 1  iteration  1   file string.c line 30 function strcpy
Unwinding loop 1  iteration  2   file string.c line 30 function strcpy
Not unwinding 
Unwinding loop 19  iteration  1   file main0_drivers-media-video-tlg2300-poseidon-ko--32_7a--4a349aa-1.i line 6962 function vidioc_s_tuner
Unwinding loop 14  iteration  1   file main0_drivers-media-video-tlg2300-poseidon-ko--32_7a--4a349aa-1.i line 10930 function send_set_req
Unwinding loop 14  iteration  2   file main0_drivers-media-video-tlg2300-poseidon-ko--32_7a--4a349aa-1.i line 10930 function send_set_req
Not unwinding 
Unwinding loop 3  iteration  1   file main0_drivers-media-video-tlg2300-poseidon-ko--32_7a--4a349aa-1.i line 5590 function get_audio_std
Unwinding loop 3  iteration  2   file main0_drivers-media-video-tlg2300-poseidon-ko--32_7a--4a349aa-1.i line 5590 function get_audio_std
Not unwinding 
Unwinding loop 14  iteration  1   file main0_drivers-media-video-tlg2300-poseidon-ko--32_7a--4a349aa-1.i line 10930 function send_set_req
Unwinding loop 14  iteration  2   file main0_drivers-media-video-tlg2300-poseidon-ko--32_7a--4a349aa-1.i line 10930 function send_set_req
Not unwinding 
Unwinding loop 19  iteration  2   file main0_drivers-media-video-tlg2300-poseidon-ko--32_7a--4a349aa-1.i line 6962 function vidioc_s_tuner
Unwinding loop 14  iteration  1   file main0_drivers-media-video-tlg2300-poseidon-ko--32_7a--4a349aa-1.i line 10930 function send_set_req
Unwinding loop 14  iteration  2   file main0_drivers-media-video-tlg2300-poseidon-ko--32_7a--4a349aa-1.i line 10930 function send_set_req
Not unwinding 
Unwinding loop 3  iteration  1   file main0_drivers-media-video-tlg2300-poseidon-ko--32_7a--4a349aa-1.i line 5590 function get_audio_std
Unwinding loop 3  iteration  2   file main0_drivers-media-video-tlg2300-poseidon-ko--32_7a--4a349aa-1.i line 5590 function get_audio_std
Not unwinding 
Unwinding loop 14  iteration  1   file main0_drivers-media-video-tlg2300-poseidon-ko--32_7a--4a349aa-1.i line 10930 function send_set_req
Unwinding loop 14  iteration  2   file main0_drivers-media-video-tlg2300-poseidon-ko--32_7a--4a349aa-1.i line 10930 function send_set_req
Not unwinding 
Not unwinding 
Unwinding loop 15  iteration  1   file main0_drivers-media-video-tlg2300-poseidon-ko--32_7a--4a349aa-1.i line 6518 function set_std
Unwinding loop 15  iteration  2   file main0_drivers-media-video-tlg2300-poseidon-ko--32_7a--4a349aa-1.i line 6518 function set_std
Not unwinding 
Unwinding loop 14  iteration  1   file main0_drivers-media-video-tlg2300-poseidon-ko--32_7a--4a349aa-1.i line 10930 function send_set_req
Unwinding loop 14  iteration  2   file main0_drivers-media-video-tlg2300-poseidon-ko--32_7a--4a349aa-1.i line 10930 function send_set_req
Not unwinding 
Unwinding loop 14  iteration  1   file main0_drivers-media-video-tlg2300-poseidon-ko--32_7a--4a349aa-1.i line 10930 function send_set_req
Unwinding loop 14  iteration  2   file main0_drivers-media-video-tlg2300-poseidon-ko--32_7a--4a349aa-1.i line 10930 function send_set_req
Not unwinding 
Unwinding loop 14  iteration  1   file main0_drivers-media-video-tlg2300-poseidon-ko--32_7a--4a349aa-1.i line 10930 function send_set_req
Unwinding loop 14  iteration  2   file main0_drivers-media-video-tlg2300-poseidon-ko--32_7a--4a349aa-1.i line 10930 function send_set_req
Not unwinding 
Unwinding loop 16  iteration  1   file main0_drivers-media-video-tlg2300-poseidon-ko--32_7a--4a349aa-1.i line 6652 function check_control_id
Unwinding loop 16  iteration  2   file main0_drivers-media-video-tlg2300-poseidon-ko--32_7a--4a349aa-1.i line 6652 function check_control_id
Not unwinding 
Unwinding loop 16  iteration  1   file main0_drivers-media-video-tlg2300-poseidon-ko--32_7a--4a349aa-1.i line 6652 function check_control_id
Unwinding loop 16  iteration  2   file main0_drivers-media-video-tlg2300-poseidon-ko--32_7a--4a349aa-1.i line 6652 function check_control_id
Not unwinding 
Unwinding loop 17  iteration  1   file main0_drivers-media-video-tlg2300-poseidon-ko--32_7a--4a349aa-1.i line 11111 function send_get_req
Unwinding loop 17  iteration  2   file main0_drivers-media-video-tlg2300-poseidon-ko--32_7a--4a349aa-1.i line 11111 function send_get_req
Not unwinding 
Unwinding loop 16  iteration  1   file main0_drivers-media-video-tlg2300-poseidon-ko--32_7a--4a349aa-1.i line 6652 function check_control_id
Unwinding loop 16  iteration  2   file main0_drivers-media-video-tlg2300-poseidon-ko--32_7a--4a349aa-1.i line 6652 function check_control_id
Not unwinding 
Unwinding loop 14  iteration  1   file main0_drivers-media-video-tlg2300-poseidon-ko--32_7a--4a349aa-1.i line 10930 function send_set_req
Unwinding loop 14  iteration  2   file main0_drivers-media-video-tlg2300-poseidon-ko--32_7a--4a349aa-1.i line 10930 function send_set_req
Not unwinding 
Unwinding loop 14  iteration  1   file main0_drivers-media-video-tlg2300-poseidon-ko--32_7a--4a349aa-1.i line 10930 function send_set_req
Unwinding loop 14  iteration  2   file main0_drivers-media-video-tlg2300-poseidon-ko--32_7a--4a349aa-1.i line 10930 function send_set_req
Not unwinding 
Not unwinding 
Symex completed in: 5.320s (7742 assignments)
Slicing time: 0.063s (removed 6910 assignments)
Generated 2 VCC(s), 2 remaining after simplification (832 assignments)
No solver specified; defaulting to Boolector
Encoding remaining VCC(s) using bit-vector/floating-point arithmetic
Encoding to solver time: 0.171s
Solving with solver Boolector 3.2.1
Encoding to solver time: 0.171s
Runtime decision procedure: 17.062s
Building error trace

Counterexample:

State 1 file main0_drivers-media-video-tlg2300-poseidon-ko--32_7a--4a349aa-1.i line 7953 function main thread 0
----------------------------------------------------
  tmp___0 = 31 (00000000 00000000 00000000 00011111)

State 2 file main0_drivers-media-video-tlg2300-poseidon-ko--32_7a--4a349aa-1.i line 7793 function main thread 0
----------------------------------------------------
  tmp = 31 (00000000 00000000 00000000 00011111)

State 3 file main0_drivers-media-video-tlg2300-poseidon-ko--32_7a--4a349aa-1.i line 7953 function main thread 0
----------------------------------------------------
  tmp___0 = 63 (00000000 00000000 00000000 00111111)

State 4 file main0_drivers-media-video-tlg2300-poseidon-ko--32_7a--4a349aa-1.i line 7793 function main thread 0
----------------------------------------------------
  tmp = 12 (00000000 00000000 00000000 00001100)

State 5 file main0_drivers-media-video-tlg2300-poseidon-ko--32_7a--4a349aa-1.i line 12 function reach_error thread 0
----------------------------------------------------
Violated property:
  file main0_drivers-media-video-tlg2300-poseidon-ko--32_7a--4a349aa-1.i line 12 function reach_error
  assertion 0
  0


VERIFICATION FAILED

Bug found (k = 3)

../sv-benchmarks/c/ldv-commit-tester/main0_drivers-media-video-tlg2300-poseidon-ko--32_7a--4a349aa-1.i:5723:13: warning: implicitly declaring library function 'memcpy' with type 'void *(void *, const void *, unsigned long)' [-Wimplicit-function-declaration]
    __ret = memcpy((void *)video->dst, (void const *)src, __len);
            ^
../sv-benchmarks/c/ldv-commit-tester/main0_drivers-media-video-tlg2300-poseidon-ko--32_7a--4a349aa-1.i:5723:13: note: include the header <string.h> or explicitly provide a declaration for 'memcpy'

FALSE_REACH
