./esbmc-wrapper.py -p ../sv-benchmarks/c/properties/unreach-call.prp -s kinduction --arch 32 ../sv-benchmarks/c/recursive/Fibonacci05.c


--------------------------------------------------------------------------------


Verifying with ESBMC
Command: ./esbmc --no-div-by-zero-check --force-malloc-success --state-hashing --no-align-check --k-step 2 --floatbv --unlimited-k-steps ../sv-benchmarks/c/recursive/Fibonacci05.c --32 --witness-output Fibonacci05.c.graphml --no-pointer-check --no-bounds-check --interval-analysis --k-induction --max-inductive-step 3 
ESBMC version 6.8.0 64-bit x86_64 linux
Target: 32-bit little-endian x86_64-unknown-linux with esbmc libc
file ../sv-benchmarks/c/recursive/Fibonacci05.c: Parsing
Converting
Generating GOTO Program
GOTO program creation time: 0.082s
GOTO program processing time: 0.000s
*** Checking base case, k = 1
Starting Bounded Model Checking
**** WARNING: k-induction does not support recursion yet. Disabling inductive step
Unwinding recursion fibonacci iteration 1 (1 max)
Unwinding recursion fibonacci iteration 1 (1 max)
Symex completed in: 0.001s (27 assignments)
Slicing time: 0.000s (removed 12 assignments)
Generated 1 VCC(s), 1 remaining after simplification (15 assignments)
No solver specified; defaulting to Boolector
Encoding remaining VCC(s) using bit-vector/floating-point arithmetic
Encoding to solver time: 0.000s
Solving with solver Boolector 3.2.1
Encoding to solver time: 0.000s
Runtime decision procedure: 0.001s
BMC program time: 0.003s
No bug has been found in the base case
*** Checking forward condition, k = 1
Starting Bounded Model Checking
Unwinding recursion fibonacci iteration 1 (1 max)
Unwinding recursion fibonacci iteration 1 (1 max)
Symex completed in: 0.001s (26 assignments)
Slicing time: 0.000s (removed 12 assignments)
Generated 2 VCC(s), 2 remaining after simplification (14 assignments)
No solver specified; defaulting to Boolector
Encoding remaining VCC(s) using bit-vector/floating-point arithmetic
Encoding to solver time: 0.000s
Solving with solver Boolector 3.2.1
Encoding to solver time: 0.000s
Runtime decision procedure: 0.002s
The forward condition is unable to prove the property
*** Checking base case, k = 3
Starting Bounded Model Checking
Unwinding recursion fibonacci iteration 1 (3 max)
Unwinding recursion fibonacci iteration 2 (3 max)
Unwinding recursion fibonacci iteration 3 (3 max)
Unwinding recursion fibonacci iteration 3 (3 max)
Unwinding recursion fibonacci iteration 2 (3 max)
Unwinding recursion fibonacci iteration 3 (3 max)
Unwinding recursion fibonacci iteration 3 (3 max)
Unwinding recursion fibonacci iteration 1 (3 max)
Unwinding recursion fibonacci iteration 2 (3 max)
Unwinding recursion fibonacci iteration 3 (3 max)
Unwinding recursion fibonacci iteration 3 (3 max)
Unwinding recursion fibonacci iteration 2 (3 max)
Unwinding recursion fibonacci iteration 3 (3 max)
Unwinding recursion fibonacci iteration 3 (3 max)
Symex completed in: 0.002s (87 assignments)
Slicing time: 0.000s (removed 30 assignments)
Generated 1 VCC(s), 1 remaining after simplification (57 assignments)
No solver specified; defaulting to Boolector
Encoding remaining VCC(s) using bit-vector/floating-point arithmetic
Encoding to solver time: 0.001s
Solving with solver Boolector 3.2.1
Encoding to solver time: 0.001s
Runtime decision procedure: 0.113s
BMC program time: 0.116s
No bug has been found in the base case
*** Checking forward condition, k = 3
Starting Bounded Model Checking
Unwinding recursion fibonacci iteration 1 (3 max)
Unwinding recursion fibonacci iteration 2 (3 max)
Unwinding recursion fibonacci iteration 3 (3 max)
Unwinding recursion fibonacci iteration 3 (3 max)
Unwinding recursion fibonacci iteration 2 (3 max)
Unwinding recursion fibonacci iteration 3 (3 max)
Unwinding recursion fibonacci iteration 3 (3 max)
Unwinding recursion fibonacci iteration 1 (3 max)
Unwinding recursion fibonacci iteration 2 (3 max)
Unwinding recursion fibonacci iteration 3 (3 max)
Unwinding recursion fibonacci iteration 3 (3 max)
Unwinding recursion fibonacci iteration 2 (3 max)
Unwinding recursion fibonacci iteration 3 (3 max)
Unwinding recursion fibonacci iteration 3 (3 max)
Symex completed in: 0.002s (86 assignments)
Slicing time: 0.000s (removed 30 assignments)
Generated 8 VCC(s), 8 remaining after simplification (56 assignments)
No solver specified; defaulting to Boolector
Encoding remaining VCC(s) using bit-vector/floating-point arithmetic
Encoding to solver time: 0.000s
Solving with solver Boolector 3.2.1
Encoding to solver time: 0.000s
Runtime decision procedure: 0.027s
The forward condition is unable to prove the property
*** Checking base case, k = 5
Starting Bounded Model Checking
Unwinding recursion fibonacci iteration 1 (5 max)
Unwinding recursion fibonacci iteration 2 (5 max)
Unwinding recursion fibonacci iteration 3 (5 max)
Unwinding recursion fibonacci iteration 4 (5 max)
Unwinding recursion fibonacci iteration 5 (5 max)
Unwinding recursion fibonacci iteration 5 (5 max)
Unwinding recursion fibonacci iteration 4 (5 max)
Unwinding recursion fibonacci iteration 5 (5 max)
Unwinding recursion fibonacci iteration 5 (5 max)
Unwinding recursion fibonacci iteration 3 (5 max)
Unwinding recursion fibonacci iteration 4 (5 max)
Unwinding recursion fibonacci iteration 5 (5 max)
Unwinding recursion fibonacci iteration 5 (5 max)
Unwinding recursion fibonacci iteration 4 (5 max)
Unwinding recursion fibonacci iteration 5 (5 max)
Unwinding recursion fibonacci iteration 5 (5 max)
Unwinding recursion fibonacci iteration 2 (5 max)
Unwinding recursion fibonacci iteration 3 (5 max)
Unwinding recursion fibonacci iteration 4 (5 max)
Unwinding recursion fibonacci iteration 5 (5 max)
Unwinding recursion fibonacci iteration 5 (5 max)
Unwinding recursion fibonacci iteration 4 (5 max)
Unwinding recursion fibonacci iteration 5 (5 max)
Unwinding recursion fibonacci iteration 5 (5 max)
Unwinding recursion fibonacci iteration 3 (5 max)
Unwinding recursion fibonacci iteration 4 (5 max)
Unwinding recursion fibonacci iteration 5 (5 max)
Unwinding recursion fibonacci iteration 5 (5 max)
Unwinding recursion fibonacci iteration 4 (5 max)
Unwinding recursion fibonacci iteration 5 (5 max)
Unwinding recursion fibonacci iteration 5 (5 max)
Unwinding recursion fibonacci iteration 1 (5 max)
Unwinding recursion fibonacci iteration 2 (5 max)
Unwinding recursion fibonacci iteration 3 (5 max)
Unwinding recursion fibonacci iteration 4 (5 max)
Unwinding recursion fibonacci iteration 5 (5 max)
Unwinding recursion fibonacci iteration 5 (5 max)
Unwinding recursion fibonacci iteration 4 (5 max)
Unwinding recursion fibonacci iteration 5 (5 max)
Unwinding recursion fibonacci iteration 5 (5 max)
Unwinding recursion fibonacci iteration 3 (5 max)
Unwinding recursion fibonacci iteration 4 (5 max)
Unwinding recursion fibonacci iteration 5 (5 max)
Unwinding recursion fibonacci iteration 5 (5 max)
Unwinding recursion fibonacci iteration 4 (5 max)
Unwinding recursion fibonacci iteration 5 (5 max)
Unwinding recursion fibonacci iteration 5 (5 max)
Unwinding recursion fibonacci iteration 2 (5 max)
Unwinding recursion fibonacci iteration 3 (5 max)
Unwinding recursion fibonacci iteration 4 (5 max)
Unwinding recursion fibonacci iteration 5 (5 max)
Unwinding recursion fibonacci iteration 5 (5 max)
Unwinding recursion fibonacci iteration 4 (5 max)
Unwinding recursion fibonacci iteration 5 (5 max)
Unwinding recursion fibonacci iteration 5 (5 max)
Unwinding recursion fibonacci iteration 3 (5 max)
Unwinding recursion fibonacci iteration 4 (5 max)
Unwinding recursion fibonacci iteration 5 (5 max)
Unwinding recursion fibonacci iteration 5 (5 max)
Unwinding recursion fibonacci iteration 4 (5 max)
Unwinding recursion fibonacci iteration 5 (5 max)
Unwinding recursion fibonacci iteration 5 (5 max)
Symex completed in: 0.009s (327 assignments)
Slicing time: 0.001s (removed 102 assignments)
Generated 1 VCC(s), 1 remaining after simplification (225 assignments)
No solver specified; defaulting to Boolector
Encoding remaining VCC(s) using bit-vector/floating-point arithmetic
Encoding to solver time: 0.003s
Solving with solver Boolector 3.2.1
Encoding to solver time: 0.003s
Runtime decision procedure: 0.497s
BMC program time: 0.511s
No bug has been found in the base case
*** Checking forward condition, k = 5
Starting Bounded Model Checking
Unwinding recursion fibonacci iteration 1 (5 max)
Unwinding recursion fibonacci iteration 2 (5 max)
Unwinding recursion fibonacci iteration 3 (5 max)
Unwinding recursion fibonacci iteration 4 (5 max)
Unwinding recursion fibonacci iteration 5 (5 max)
Unwinding recursion fibonacci iteration 5 (5 max)
Unwinding recursion fibonacci iteration 4 (5 max)
Unwinding recursion fibonacci iteration 5 (5 max)
Unwinding recursion fibonacci iteration 5 (5 max)
Unwinding recursion fibonacci iteration 3 (5 max)
Unwinding recursion fibonacci iteration 4 (5 max)
Unwinding recursion fibonacci iteration 5 (5 max)
Unwinding recursion fibonacci iteration 5 (5 max)
Unwinding recursion fibonacci iteration 4 (5 max)
Unwinding recursion fibonacci iteration 5 (5 max)
Unwinding recursion fibonacci iteration 5 (5 max)
Unwinding recursion fibonacci iteration 2 (5 max)
Unwinding recursion fibonacci iteration 3 (5 max)
Unwinding recursion fibonacci iteration 4 (5 max)
Unwinding recursion fibonacci iteration 5 (5 max)
Unwinding recursion fibonacci iteration 5 (5 max)
Unwinding recursion fibonacci iteration 4 (5 max)
Unwinding recursion fibonacci iteration 5 (5 max)
Unwinding recursion fibonacci iteration 5 (5 max)
Unwinding recursion fibonacci iteration 3 (5 max)
Unwinding recursion fibonacci iteration 4 (5 max)
Unwinding recursion fibonacci iteration 5 (5 max)
Unwinding recursion fibonacci iteration 5 (5 max)
Unwinding recursion fibonacci iteration 4 (5 max)
Unwinding recursion fibonacci iteration 5 (5 max)
Unwinding recursion fibonacci iteration 5 (5 max)
Unwinding recursion fibonacci iteration 1 (5 max)
Unwinding recursion fibonacci iteration 2 (5 max)
Unwinding recursion fibonacci iteration 3 (5 max)
Unwinding recursion fibonacci iteration 4 (5 max)
Unwinding recursion fibonacci iteration 5 (5 max)
Unwinding recursion fibonacci iteration 5 (5 max)
Unwinding recursion fibonacci iteration 4 (5 max)
Unwinding recursion fibonacci iteration 5 (5 max)
Unwinding recursion fibonacci iteration 5 (5 max)
Unwinding recursion fibonacci iteration 3 (5 max)
Unwinding recursion fibonacci iteration 4 (5 max)
Unwinding recursion fibonacci iteration 5 (5 max)
Unwinding recursion fibonacci iteration 5 (5 max)
Unwinding recursion fibonacci iteration 4 (5 max)
Unwinding recursion fibonacci iteration 5 (5 max)
Unwinding recursion fibonacci iteration 5 (5 max)
Unwinding recursion fibonacci iteration 2 (5 max)
Unwinding recursion fibonacci iteration 3 (5 max)
Unwinding recursion fibonacci iteration 4 (5 max)
Unwinding recursion fibonacci iteration 5 (5 max)
Unwinding recursion fibonacci iteration 5 (5 max)
Unwinding recursion fibonacci iteration 4 (5 max)
Unwinding recursion fibonacci iteration 5 (5 max)
Unwinding recursion fibonacci iteration 5 (5 max)
Unwinding recursion fibonacci iteration 3 (5 max)
Unwinding recursion fibonacci iteration 4 (5 max)
Unwinding recursion fibonacci iteration 5 (5 max)
Unwinding recursion fibonacci iteration 5 (5 max)
Unwinding recursion fibonacci iteration 4 (5 max)
Unwinding recursion fibonacci iteration 5 (5 max)
Unwinding recursion fibonacci iteration 5 (5 max)
Symex completed in: 0.009s (326 assignments)
Slicing time: 0.001s (removed 102 assignments)
Generated 32 VCC(s), 32 remaining after simplification (224 assignments)
No solver specified; defaulting to Boolector
Encoding remaining VCC(s) using bit-vector/floating-point arithmetic
Encoding to solver time: 0.002s
Solving with solver Boolector 3.2.1
Encoding to solver time: 0.002s
Runtime decision procedure: 0.062s
The forward condition is unable to prove the property
*** Checking base case, k = 7
Starting Bounded Model Checking
Unwinding recursion fibonacci iteration 1 (7 max)
Unwinding recursion fibonacci iteration 2 (7 max)
Unwinding recursion fibonacci iteration 3 (7 max)
Unwinding recursion fibonacci iteration 4 (7 max)
Unwinding recursion fibonacci iteration 5 (7 max)
Unwinding recursion fibonacci iteration 6 (7 max)
Unwinding recursion fibonacci iteration 7 (7 max)
Unwinding recursion fibonacci iteration 7 (7 max)
Unwinding recursion fibonacci iteration 6 (7 max)
Unwinding recursion fibonacci iteration 7 (7 max)
Unwinding recursion fibonacci iteration 7 (7 max)
Unwinding recursion fibonacci iteration 5 (7 max)
Unwinding recursion fibonacci iteration 6 (7 max)
Unwinding recursion fibonacci iteration 7 (7 max)
Unwinding recursion fibonacci iteration 7 (7 max)
Unwinding recursion fibonacci iteration 6 (7 max)
Unwinding recursion fibonacci iteration 7 (7 max)
Unwinding recursion fibonacci iteration 7 (7 max)
Unwinding recursion fibonacci iteration 4 (7 max)
Unwinding recursion fibonacci iteration 5 (7 max)
Unwinding recursion fibonacci iteration 6 (7 max)
Unwinding recursion fibonacci iteration 7 (7 max)
Unwinding recursion fibonacci iteration 7 (7 max)
Unwinding recursion fibonacci iteration 6 (7 max)
Unwinding recursion fibonacci iteration 7 (7 max)
Unwinding recursion fibonacci iteration 7 (7 max)
Unwinding recursion fibonacci iteration 5 (7 max)
Unwinding recursion fibonacci iteration 6 (7 max)
Unwinding recursion fibonacci iteration 7 (7 max)
Unwinding recursion fibonacci iteration 7 (7 max)
Unwinding recursion fibonacci iteration 6 (7 max)
Unwinding recursion fibonacci iteration 7 (7 max)
Unwinding recursion fibonacci iteration 7 (7 max)
Unwinding recursion fibonacci iteration 3 (7 max)
Unwinding recursion fibonacci iteration 4 (7 max)
Unwinding recursion fibonacci iteration 5 (7 max)
Unwinding recursion fibonacci iteration 6 (7 max)
Unwinding recursion fibonacci iteration 7 (7 max)
Unwinding recursion fibonacci iteration 7 (7 max)
Unwinding recursion fibonacci iteration 6 (7 max)
Unwinding recursion fibonacci iteration 7 (7 max)
Unwinding recursion fibonacci iteration 7 (7 max)
Unwinding recursion fibonacci iteration 5 (7 max)
Unwinding recursion fibonacci iteration 6 (7 max)
Unwinding recursion fibonacci iteration 7 (7 max)
Unwinding recursion fibonacci iteration 7 (7 max)
Unwinding recursion fibonacci iteration 6 (7 max)
Unwinding recursion fibonacci iteration 7 (7 max)
Unwinding recursion fibonacci iteration 7 (7 max)
Unwinding recursion fibonacci iteration 4 (7 max)
Unwinding recursion fibonacci iteration 5 (7 max)
Unwinding recursion fibonacci iteration 6 (7 max)
Unwinding recursion fibonacci iteration 7 (7 max)
Unwinding recursion fibonacci iteration 7 (7 max)
Unwinding recursion fibonacci iteration 6 (7 max)
Unwinding recursion fibonacci iteration 7 (7 max)
Unwinding recursion fibonacci iteration 7 (7 max)
Unwinding recursion fibonacci iteration 5 (7 max)
Unwinding recursion fibonacci iteration 6 (7 max)
Unwinding recursion fibonacci iteration 7 (7 max)
Unwinding recursion fibonacci iteration 7 (7 max)
Unwinding recursion fibonacci iteration 6 (7 max)
Unwinding recursion fibonacci iteration 7 (7 max)
Unwinding recursion fibonacci iteration 7 (7 max)
Unwinding recursion fibonacci iteration 2 (7 max)
Unwinding recursion fibonacci iteration 3 (7 max)
Unwinding recursion fibonacci iteration 4 (7 max)
Unwinding recursion fibonacci iteration 5 (7 max)
Unwinding recursion fibonacci iteration 6 (7 max)
Unwinding recursion fibonacci iteration 7 (7 max)
Unwinding recursion fibonacci iteration 7 (7 max)
Unwinding recursion fibonacci iteration 6 (7 max)
Unwinding recursion fibonacci iteration 7 (7 max)
Unwinding recursion fibonacci iteration 7 (7 max)
Unwinding recursion fibonacci iteration 5 (7 max)
Unwinding recursion fibonacci iteration 6 (7 max)
Unwinding recursion fibonacci iteration 7 (7 max)
Unwinding recursion fibonacci iteration 7 (7 max)
Unwinding recursion fibonacci iteration 6 (7 max)
Unwinding recursion fibonacci iteration 7 (7 max)
Unwinding recursion fibonacci iteration 7 (7 max)
Unwinding recursion fibonacci iteration 4 (7 max)
Unwinding recursion fibonacci iteration 5 (7 max)
Unwinding recursion fibonacci iteration 6 (7 max)
Unwinding recursion fibonacci iteration 7 (7 max)
Unwinding recursion fibonacci iteration 7 (7 max)
Unwinding recursion fibonacci iteration 6 (7 max)
Unwinding recursion fibonacci iteration 7 (7 max)
Unwinding recursion fibonacci iteration 7 (7 max)
Unwinding recursion fibonacci iteration 5 (7 max)
Unwinding recursion fibonacci iteration 6 (7 max)
Unwinding recursion fibonacci iteration 7 (7 max)
Unwinding recursion fibonacci iteration 7 (7 max)
Unwinding recursion fibonacci iteration 6 (7 max)
Unwinding recursion fibonacci iteration 7 (7 max)
Unwinding recursion fibonacci iteration 7 (7 max)
Unwinding recursion fibonacci iteration 3 (7 max)
Unwinding recursion fibonacci iteration 4 (7 max)
Unwinding recursion fibonacci iteration 5 (7 max)
Unwinding recursion fibonacci iteration 6 (7 max)
Unwinding recursion fibonacci iteration 7 (7 max)
Unwinding recursion fibonacci iteration 7 (7 max)
Unwinding recursion fibonacci iteration 6 (7 max)
Unwinding recursion fibonacci iteration 7 (7 max)
Unwinding recursion fibonacci iteration 7 (7 max)
Unwinding recursion fibonacci iteration 5 (7 max)
Unwinding recursion fibonacci iteration 6 (7 max)
Unwinding recursion fibonacci iteration 7 (7 max)
Unwinding recursion fibonacci iteration 7 (7 max)
Unwinding recursion fibonacci iteration 6 (7 max)
Unwinding recursion fibonacci iteration 7 (7 max)
Unwinding recursion fibonacci iteration 7 (7 max)
Unwinding recursion fibonacci iteration 4 (7 max)
Unwinding recursion fibonacci iteration 5 (7 max)
Unwinding recursion fibonacci iteration 6 (7 max)
Unwinding recursion fibonacci iteration 7 (7 max)
Unwinding recursion fibonacci iteration 7 (7 max)
Unwinding recursion fibonacci iteration 6 (7 max)
Unwinding recursion fibonacci iteration 7 (7 max)
Unwinding recursion fibonacci iteration 7 (7 max)
Unwinding recursion fibonacci iteration 5 (7 max)
Unwinding recursion fibonacci iteration 6 (7 max)
Unwinding recursion fibonacci iteration 7 (7 max)
Unwinding recursion fibonacci iteration 7 (7 max)
Unwinding recursion fibonacci iteration 6 (7 max)
Unwinding recursion fibonacci iteration 7 (7 max)
Unwinding recursion fibonacci iteration 7 (7 max)
Unwinding recursion fibonacci iteration 1 (7 max)
Unwinding recursion fibonacci iteration 2 (7 max)
Unwinding recursion fibonacci iteration 3 (7 max)
Unwinding recursion fibonacci iteration 4 (7 max)
Unwinding recursion fibonacci iteration 5 (7 max)
Unwinding recursion fibonacci iteration 6 (7 max)
Unwinding recursion fibonacci iteration 7 (7 max)
Unwinding recursion fibonacci iteration 7 (7 max)
Unwinding recursion fibonacci iteration 6 (7 max)
Unwinding recursion fibonacci iteration 7 (7 max)
Unwinding recursion fibonacci iteration 7 (7 max)
Unwinding recursion fibonacci iteration 5 (7 max)
Unwinding recursion fibonacci iteration 6 (7 max)
Unwinding recursion fibonacci iteration 7 (7 max)
Unwinding recursion fibonacci iteration 7 (7 max)
Unwinding recursion fibonacci iteration 6 (7 max)
Unwinding recursion fibonacci iteration 7 (7 max)
Unwinding recursion fibonacci iteration 7 (7 max)
Unwinding recursion fibonacci iteration 4 (7 max)
Unwinding recursion fibonacci iteration 5 (7 max)
Unwinding recursion fibonacci iteration 6 (7 max)
Unwinding recursion fibonacci iteration 7 (7 max)
Unwinding recursion fibonacci iteration 7 (7 max)
Unwinding recursion fibonacci iteration 6 (7 max)
Unwinding recursion fibonacci iteration 7 (7 max)
Unwinding recursion fibonacci iteration 7 (7 max)
Unwinding recursion fibonacci iteration 5 (7 max)
Unwinding recursion fibonacci iteration 6 (7 max)
Unwinding recursion fibonacci iteration 7 (7 max)
Unwinding recursion fibonacci iteration 7 (7 max)
Unwinding recursion fibonacci iteration 6 (7 max)
Unwinding recursion fibonacci iteration 7 (7 max)
Unwinding recursion fibonacci iteration 7 (7 max)
Unwinding recursion fibonacci iteration 3 (7 max)
Unwinding recursion fibonacci iteration 4 (7 max)
Unwinding recursion fibonacci iteration 5 (7 max)
Unwinding recursion fibonacci iteration 6 (7 max)
Unwinding recursion fibonacci iteration 7 (7 max)
Unwinding recursion fibonacci iteration 7 (7 max)
Unwinding recursion fibonacci iteration 6 (7 max)
Unwinding recursion fibonacci iteration 7 (7 max)
Unwinding recursion fibonacci iteration 7 (7 max)
Unwinding recursion fibonacci iteration 5 (7 max)
Unwinding recursion fibonacci iteration 6 (7 max)
Unwinding recursion fibonacci iteration 7 (7 max)
Unwinding recursion fibonacci iteration 7 (7 max)
Unwinding recursion fibonacci iteration 6 (7 max)
Unwinding recursion fibonacci iteration 7 (7 max)
Unwinding recursion fibonacci iteration 7 (7 max)
Unwinding recursion fibonacci iteration 4 (7 max)
Unwinding recursion fibonacci iteration 5 (7 max)
Unwinding recursion fibonacci iteration 6 (7 max)
Unwinding recursion fibonacci iteration 7 (7 max)
Unwinding recursion fibonacci iteration 7 (7 max)
Unwinding recursion fibonacci iteration 6 (7 max)
Unwinding recursion fibonacci iteration 7 (7 max)
Unwinding recursion fibonacci iteration 7 (7 max)
Unwinding recursion fibonacci iteration 5 (7 max)
Unwinding recursion fibonacci iteration 6 (7 max)
Unwinding recursion fibonacci iteration 7 (7 max)
Unwinding recursion fibonacci iteration 7 (7 max)
Unwinding recursion fibonacci iteration 6 (7 max)
Unwinding recursion fibonacci iteration 7 (7 max)
Unwinding recursion fibonacci iteration 7 (7 max)
Unwinding recursion fibonacci iteration 2 (7 max)
Unwinding recursion fibonacci iteration 3 (7 max)
Unwinding recursion fibonacci iteration 4 (7 max)
Unwinding recursion fibonacci iteration 5 (7 max)
Unwinding recursion fibonacci iteration 6 (7 max)
Unwinding recursion fibonacci iteration 7 (7 max)
Unwinding recursion fibonacci iteration 7 (7 max)
Unwinding recursion fibonacci iteration 6 (7 max)
Unwinding recursion fibonacci iteration 7 (7 max)
Unwinding recursion fibonacci iteration 7 (7 max)
Unwinding recursion fibonacci iteration 5 (7 max)
Unwinding recursion fibonacci iteration 6 (7 max)
Unwinding recursion fibonacci iteration 7 (7 max)
Unwinding recursion fibonacci iteration 7 (7 max)
Unwinding recursion fibonacci iteration 6 (7 max)
Unwinding recursion fibonacci iteration 7 (7 max)
Unwinding recursion fibonacci iteration 7 (7 max)
Unwinding recursion fibonacci iteration 4 (7 max)
Unwinding recursion fibonacci iteration 5 (7 max)
Unwinding recursion fibonacci iteration 6 (7 max)
Unwinding recursion fibonacci iteration 7 (7 max)
Unwinding recursion fibonacci iteration 7 (7 max)
Unwinding recursion fibonacci iteration 6 (7 max)
Unwinding recursion fibonacci iteration 7 (7 max)
Unwinding recursion fibonacci iteration 7 (7 max)
Unwinding recursion fibonacci iteration 5 (7 max)
Unwinding recursion fibonacci iteration 6 (7 max)
Unwinding recursion fibonacci iteration 7 (7 max)
Unwinding recursion fibonacci iteration 7 (7 max)
Unwinding recursion fibonacci iteration 6 (7 max)
Unwinding recursion fibonacci iteration 7 (7 max)
Unwinding recursion fibonacci iteration 7 (7 max)
Unwinding recursion fibonacci iteration 3 (7 max)
Unwinding recursion fibonacci iteration 4 (7 max)
Unwinding recursion fibonacci iteration 5 (7 max)
Unwinding recursion fibonacci iteration 6 (7 max)
Unwinding recursion fibonacci iteration 7 (7 max)
Unwinding recursion fibonacci iteration 7 (7 max)
Unwinding recursion fibonacci iteration 6 (7 max)
Unwinding recursion fibonacci iteration 7 (7 max)
Unwinding recursion fibonacci iteration 7 (7 max)
Unwinding recursion fibonacci iteration 5 (7 max)
Unwinding recursion fibonacci iteration 6 (7 max)
Unwinding recursion fibonacci iteration 7 (7 max)
Unwinding recursion fibonacci iteration 7 (7 max)
Unwinding recursion fibonacci iteration 6 (7 max)
Unwinding recursion fibonacci iteration 7 (7 max)
Unwinding recursion fibonacci iteration 7 (7 max)
Unwinding recursion fibonacci iteration 4 (7 max)
Unwinding recursion fibonacci iteration 5 (7 max)
Unwinding recursion fibonacci iteration 6 (7 max)
Unwinding recursion fibonacci iteration 7 (7 max)
Unwinding recursion fibonacci iteration 7 (7 max)
Unwinding recursion fibonacci iteration 6 (7 max)
Unwinding recursion fibonacci iteration 7 (7 max)
Unwinding recursion fibonacci iteration 7 (7 max)
Unwinding recursion fibonacci iteration 5 (7 max)
Unwinding recursion fibonacci iteration 6 (7 max)
Unwinding recursion fibonacci iteration 7 (7 max)
Unwinding recursion fibonacci iteration 7 (7 max)
Unwinding recursion fibonacci iteration 6 (7 max)
Unwinding recursion fibonacci iteration 7 (7 max)
Unwinding recursion fibonacci iteration 7 (7 max)
Symex completed in: 0.036s (1287 assignments)
Slicing time: 0.007s (removed 390 assignments)
Generated 1 VCC(s), 1 remaining after simplification (897 assignments)
No solver specified; defaulting to Boolector
Encoding remaining VCC(s) using bit-vector/floating-point arithmetic
Encoding to solver time: 0.009s
Solving with solver Boolector 3.2.1
Encoding to solver time: 0.009s
Runtime decision procedure: 1.672s
BMC program time: 1.725s
No bug has been found in the base case
*** Checking forward condition, k = 7
Starting Bounded Model Checking
Unwinding recursion fibonacci iteration 1 (7 max)
Unwinding recursion fibonacci iteration 2 (7 max)
Unwinding recursion fibonacci iteration 3 (7 max)
Unwinding recursion fibonacci iteration 4 (7 max)
Unwinding recursion fibonacci iteration 5 (7 max)
Unwinding recursion fibonacci iteration 6 (7 max)
Unwinding recursion fibonacci iteration 7 (7 max)
Unwinding recursion fibonacci iteration 7 (7 max)
Unwinding recursion fibonacci iteration 6 (7 max)
Unwinding recursion fibonacci iteration 7 (7 max)
Unwinding recursion fibonacci iteration 7 (7 max)
Unwinding recursion fibonacci iteration 5 (7 max)
Unwinding recursion fibonacci iteration 6 (7 max)
Unwinding recursion fibonacci iteration 7 (7 max)
Unwinding recursion fibonacci iteration 7 (7 max)
Unwinding recursion fibonacci iteration 6 (7 max)
Unwinding recursion fibonacci iteration 7 (7 max)
Unwinding recursion fibonacci iteration 7 (7 max)
Unwinding recursion fibonacci iteration 4 (7 max)
Unwinding recursion fibonacci iteration 5 (7 max)
Unwinding recursion fibonacci iteration 6 (7 max)
Unwinding recursion fibonacci iteration 7 (7 max)
Unwinding recursion fibonacci iteration 7 (7 max)
Unwinding recursion fibonacci iteration 6 (7 max)
Unwinding recursion fibonacci iteration 7 (7 max)
Unwinding recursion fibonacci iteration 7 (7 max)
Unwinding recursion fibonacci iteration 5 (7 max)
Unwinding recursion fibonacci iteration 6 (7 max)
Unwinding recursion fibonacci iteration 7 (7 max)
Unwinding recursion fibonacci iteration 7 (7 max)
Unwinding recursion fibonacci iteration 6 (7 max)
Unwinding recursion fibonacci iteration 7 (7 max)
Unwinding recursion fibonacci iteration 7 (7 max)
Unwinding recursion fibonacci iteration 3 (7 max)
Unwinding recursion fibonacci iteration 4 (7 max)
Unwinding recursion fibonacci iteration 5 (7 max)
Unwinding recursion fibonacci iteration 6 (7 max)
Unwinding recursion fibonacci iteration 7 (7 max)
Unwinding recursion fibonacci iteration 7 (7 max)
Unwinding recursion fibonacci iteration 6 (7 max)
Unwinding recursion fibonacci iteration 7 (7 max)
Unwinding recursion fibonacci iteration 7 (7 max)
Unwinding recursion fibonacci iteration 5 (7 max)
Unwinding recursion fibonacci iteration 6 (7 max)
Unwinding recursion fibonacci iteration 7 (7 max)
Unwinding recursion fibonacci iteration 7 (7 max)
Unwinding recursion fibonacci iteration 6 (7 max)
Unwinding recursion fibonacci iteration 7 (7 max)
Unwinding recursion fibonacci iteration 7 (7 max)
Unwinding recursion fibonacci iteration 4 (7 max)
Unwinding recursion fibonacci iteration 5 (7 max)
Unwinding recursion fibonacci iteration 6 (7 max)
Unwinding recursion fibonacci iteration 7 (7 max)
Unwinding recursion fibonacci iteration 7 (7 max)
Unwinding recursion fibonacci iteration 6 (7 max)
Unwinding recursion fibonacci iteration 7 (7 max)
Unwinding recursion fibonacci iteration 7 (7 max)
Unwinding recursion fibonacci iteration 5 (7 max)
Unwinding recursion fibonacci iteration 6 (7 max)
Unwinding recursion fibonacci iteration 7 (7 max)
Unwinding recursion fibonacci iteration 7 (7 max)
Unwinding recursion fibonacci iteration 6 (7 max)
Unwinding recursion fibonacci iteration 7 (7 max)
Unwinding recursion fibonacci iteration 7 (7 max)
Unwinding recursion fibonacci iteration 2 (7 max)
Unwinding recursion fibonacci iteration 3 (7 max)
Unwinding recursion fibonacci iteration 4 (7 max)
Unwinding recursion fibonacci iteration 5 (7 max)
Unwinding recursion fibonacci iteration 6 (7 max)
Unwinding recursion fibonacci iteration 7 (7 max)
Unwinding recursion fibonacci iteration 7 (7 max)
Unwinding recursion fibonacci iteration 6 (7 max)
Unwinding recursion fibonacci iteration 7 (7 max)
Unwinding recursion fibonacci iteration 7 (7 max)
Unwinding recursion fibonacci iteration 5 (7 max)
Unwinding recursion fibonacci iteration 6 (7 max)
Unwinding recursion fibonacci iteration 7 (7 max)
Unwinding recursion fibonacci iteration 7 (7 max)
Unwinding recursion fibonacci iteration 6 (7 max)
Unwinding recursion fibonacci iteration 7 (7 max)
Unwinding recursion fibonacci iteration 7 (7 max)
Unwinding recursion fibonacci iteration 4 (7 max)
Unwinding recursion fibonacci iteration 5 (7 max)
Unwinding recursion fibonacci iteration 6 (7 max)
Unwinding recursion fibonacci iteration 7 (7 max)
Unwinding recursion fibonacci iteration 7 (7 max)
Unwinding recursion fibonacci iteration 6 (7 max)
Unwinding recursion fibonacci iteration 7 (7 max)
Unwinding recursion fibonacci iteration 7 (7 max)
Unwinding recursion fibonacci iteration 5 (7 max)
Unwinding recursion fibonacci iteration 6 (7 max)
Unwinding recursion fibonacci iteration 7 (7 max)
Unwinding recursion fibonacci iteration 7 (7 max)
Unwinding recursion fibonacci iteration 6 (7 max)
Unwinding recursion fibonacci iteration 7 (7 max)
Unwinding recursion fibonacci iteration 7 (7 max)
Unwinding recursion fibonacci iteration 3 (7 max)
Unwinding recursion fibonacci iteration 4 (7 max)
Unwinding recursion fibonacci iteration 5 (7 max)
Unwinding recursion fibonacci iteration 6 (7 max)
Unwinding recursion fibonacci iteration 7 (7 max)
Unwinding recursion fibonacci iteration 7 (7 max)
Unwinding recursion fibonacci iteration 6 (7 max)
Unwinding recursion fibonacci iteration 7 (7 max)
Unwinding recursion fibonacci iteration 7 (7 max)
Unwinding recursion fibonacci iteration 5 (7 max)
Unwinding recursion fibonacci iteration 6 (7 max)
Unwinding recursion fibonacci iteration 7 (7 max)
Unwinding recursion fibonacci iteration 7 (7 max)
Unwinding recursion fibonacci iteration 6 (7 max)
Unwinding recursion fibonacci iteration 7 (7 max)
Unwinding recursion fibonacci iteration 7 (7 max)
Unwinding recursion fibonacci iteration 4 (7 max)
Unwinding recursion fibonacci iteration 5 (7 max)
Unwinding recursion fibonacci iteration 6 (7 max)
Unwinding recursion fibonacci iteration 7 (7 max)
Unwinding recursion fibonacci iteration 7 (7 max)
Unwinding recursion fibonacci iteration 6 (7 max)
Unwinding recursion fibonacci iteration 7 (7 max)
Unwinding recursion fibonacci iteration 7 (7 max)
Unwinding recursion fibonacci iteration 5 (7 max)
Unwinding recursion fibonacci iteration 6 (7 max)
Unwinding recursion fibonacci iteration 7 (7 max)
Unwinding recursion fibonacci iteration 7 (7 max)
Unwinding recursion fibonacci iteration 6 (7 max)
Unwinding recursion fibonacci iteration 7 (7 max)
Unwinding recursion fibonacci iteration 7 (7 max)
Unwinding recursion fibonacci iteration 1 (7 max)
Unwinding recursion fibonacci iteration 2 (7 max)
Unwinding recursion fibonacci iteration 3 (7 max)
Unwinding recursion fibonacci iteration 4 (7 max)
Unwinding recursion fibonacci iteration 5 (7 max)
Unwinding recursion fibonacci iteration 6 (7 max)
Unwinding recursion fibonacci iteration 7 (7 max)
Unwinding recursion fibonacci iteration 7 (7 max)
Unwinding recursion fibonacci iteration 6 (7 max)
Unwinding recursion fibonacci iteration 7 (7 max)
Unwinding recursion fibonacci iteration 7 (7 max)
Unwinding recursion fibonacci iteration 5 (7 max)
Unwinding recursion fibonacci iteration 6 (7 max)
Unwinding recursion fibonacci iteration 7 (7 max)
Unwinding recursion fibonacci iteration 7 (7 max)
Unwinding recursion fibonacci iteration 6 (7 max)
Unwinding recursion fibonacci iteration 7 (7 max)
Unwinding recursion fibonacci iteration 7 (7 max)
Unwinding recursion fibonacci iteration 4 (7 max)
Unwinding recursion fibonacci iteration 5 (7 max)
Unwinding recursion fibonacci iteration 6 (7 max)
Unwinding recursion fibonacci iteration 7 (7 max)
Unwinding recursion fibonacci iteration 7 (7 max)
Unwinding recursion fibonacci iteration 6 (7 max)
Unwinding recursion fibonacci iteration 7 (7 max)
Unwinding recursion fibonacci iteration 7 (7 max)
Unwinding recursion fibonacci iteration 5 (7 max)
Unwinding recursion fibonacci iteration 6 (7 max)
Unwinding recursion fibonacci iteration 7 (7 max)
Unwinding recursion fibonacci iteration 7 (7 max)
Unwinding recursion fibonacci iteration 6 (7 max)
Unwinding recursion fibonacci iteration 7 (7 max)
Unwinding recursion fibonacci iteration 7 (7 max)
Unwinding recursion fibonacci iteration 3 (7 max)
Unwinding recursion fibonacci iteration 4 (7 max)
Unwinding recursion fibonacci iteration 5 (7 max)
Unwinding recursion fibonacci iteration 6 (7 max)
Unwinding recursion fibonacci iteration 7 (7 max)
Unwinding recursion fibonacci iteration 7 (7 max)
Unwinding recursion fibonacci iteration 6 (7 max)
Unwinding recursion fibonacci iteration 7 (7 max)
Unwinding recursion fibonacci iteration 7 (7 max)
Unwinding recursion fibonacci iteration 5 (7 max)
Unwinding recursion fibonacci iteration 6 (7 max)
Unwinding recursion fibonacci iteration 7 (7 max)
Unwinding recursion fibonacci iteration 7 (7 max)
Unwinding recursion fibonacci iteration 6 (7 max)
Unwinding recursion fibonacci iteration 7 (7 max)
Unwinding recursion fibonacci iteration 7 (7 max)
Unwinding recursion fibonacci iteration 4 (7 max)
Unwinding recursion fibonacci iteration 5 (7 max)
Unwinding recursion fibonacci iteration 6 (7 max)
Unwinding recursion fibonacci iteration 7 (7 max)
Unwinding recursion fibonacci iteration 7 (7 max)
Unwinding recursion fibonacci iteration 6 (7 max)
Unwinding recursion fibonacci iteration 7 (7 max)
Unwinding recursion fibonacci iteration 7 (7 max)
Unwinding recursion fibonacci iteration 5 (7 max)
Unwinding recursion fibonacci iteration 6 (7 max)
Unwinding recursion fibonacci iteration 7 (7 max)
Unwinding recursion fibonacci iteration 7 (7 max)
Unwinding recursion fibonacci iteration 6 (7 max)
Unwinding recursion fibonacci iteration 7 (7 max)
Unwinding recursion fibonacci iteration 7 (7 max)
Unwinding recursion fibonacci iteration 2 (7 max)
Unwinding recursion fibonacci iteration 3 (7 max)
Unwinding recursion fibonacci iteration 4 (7 max)
Unwinding recursion fibonacci iteration 5 (7 max)
Unwinding recursion fibonacci iteration 6 (7 max)
Unwinding recursion fibonacci iteration 7 (7 max)
Unwinding recursion fibonacci iteration 7 (7 max)
Unwinding recursion fibonacci iteration 6 (7 max)
Unwinding recursion fibonacci iteration 7 (7 max)
Unwinding recursion fibonacci iteration 7 (7 max)
Unwinding recursion fibonacci iteration 5 (7 max)
Unwinding recursion fibonacci iteration 6 (7 max)
Unwinding recursion fibonacci iteration 7 (7 max)
Unwinding recursion fibonacci iteration 7 (7 max)
Unwinding recursion fibonacci iteration 6 (7 max)
Unwinding recursion fibonacci iteration 7 (7 max)
Unwinding recursion fibonacci iteration 7 (7 max)
Unwinding recursion fibonacci iteration 4 (7 max)
Unwinding recursion fibonacci iteration 5 (7 max)
Unwinding recursion fibonacci iteration 6 (7 max)
Unwinding recursion fibonacci iteration 7 (7 max)
Unwinding recursion fibonacci iteration 7 (7 max)
Unwinding recursion fibonacci iteration 6 (7 max)
Unwinding recursion fibonacci iteration 7 (7 max)
Unwinding recursion fibonacci iteration 7 (7 max)
Unwinding recursion fibonacci iteration 5 (7 max)
Unwinding recursion fibonacci iteration 6 (7 max)
Unwinding recursion fibonacci iteration 7 (7 max)
Unwinding recursion fibonacci iteration 7 (7 max)
Unwinding recursion fibonacci iteration 6 (7 max)
Unwinding recursion fibonacci iteration 7 (7 max)
Unwinding recursion fibonacci iteration 7 (7 max)
Unwinding recursion fibonacci iteration 3 (7 max)
Unwinding recursion fibonacci iteration 4 (7 max)
Unwinding recursion fibonacci iteration 5 (7 max)
Unwinding recursion fibonacci iteration 6 (7 max)
Unwinding recursion fibonacci iteration 7 (7 max)
Unwinding recursion fibonacci iteration 7 (7 max)
Unwinding recursion fibonacci iteration 6 (7 max)
Unwinding recursion fibonacci iteration 7 (7 max)
Unwinding recursion fibonacci iteration 7 (7 max)
Unwinding recursion fibonacci iteration 5 (7 max)
Unwinding recursion fibonacci iteration 6 (7 max)
Unwinding recursion fibonacci iteration 7 (7 max)
Unwinding recursion fibonacci iteration 7 (7 max)
Unwinding recursion fibonacci iteration 6 (7 max)
Unwinding recursion fibonacci iteration 7 (7 max)
Unwinding recursion fibonacci iteration 7 (7 max)
Unwinding recursion fibonacci iteration 4 (7 max)
Unwinding recursion fibonacci iteration 5 (7 max)
Unwinding recursion fibonacci iteration 6 (7 max)
Unwinding recursion fibonacci iteration 7 (7 max)
Unwinding recursion fibonacci iteration 7 (7 max)
Unwinding recursion fibonacci iteration 6 (7 max)
Unwinding recursion fibonacci iteration 7 (7 max)
Unwinding recursion fibonacci iteration 7 (7 max)
Unwinding recursion fibonacci iteration 5 (7 max)
Unwinding recursion fibonacci iteration 6 (7 max)
Unwinding recursion fibonacci iteration 7 (7 max)
Unwinding recursion fibonacci iteration 7 (7 max)
Unwinding recursion fibonacci iteration 6 (7 max)
Unwinding recursion fibonacci iteration 7 (7 max)
Unwinding recursion fibonacci iteration 7 (7 max)
Symex completed in: 0.039s (1286 assignments)
Slicing time: 0.007s (removed 390 assignments)
Generated 128 VCC(s), 128 remaining after simplification (896 assignments)
No solver specified; defaulting to Boolector
Encoding remaining VCC(s) using bit-vector/floating-point arithmetic
Encoding to solver time: 0.009s
Solving with solver Boolector 3.2.1
Encoding to solver time: 0.009s
Runtime decision procedure: 0.117s
The forward condition is unable to prove the property
*** Checking base case, k = 9
Starting Bounded Model Checking
Unwinding recursion fibonacci iteration 1 (9 max)
Unwinding recursion fibonacci iteration 2 (9 max)
Unwinding recursion fibonacci iteration 3 (9 max)
Unwinding recursion fibonacci iteration 4 (9 max)
Unwinding recursion fibonacci iteration 5 (9 max)
Unwinding recursion fibonacci iteration 6 (9 max)
Unwinding recursion fibonacci iteration 7 (9 max)
Unwinding recursion fibonacci iteration 8 (9 max)
Unwinding recursion fibonacci iteration 9 (9 max)
Unwinding recursion fibonacci iteration 9 (9 max)
Unwinding recursion fibonacci iteration 8 (9 max)
Unwinding recursion fibonacci iteration 9 (9 max)
Unwinding recursion fibonacci iteration 9 (9 max)
Unwinding recursion fibonacci iteration 7 (9 max)
Unwinding recursion fibonacci iteration 8 (9 max)
Unwinding recursion fibonacci iteration 9 (9 max)
Unwinding recursion fibonacci iteration 9 (9 max)
Unwinding recursion fibonacci iteration 8 (9 max)
Unwinding recursion fibonacci iteration 9 (9 max)
Unwinding recursion fibonacci iteration 9 (9 max)
Unwinding recursion fibonacci iteration 6 (9 max)
Unwinding recursion fibonacci iteration 7 (9 max)
Unwinding recursion fibonacci iteration 8 (9 max)
Unwinding recursion fibonacci iteration 9 (9 max)
Unwinding recursion fibonacci iteration 9 (9 max)
Unwinding recursion fibonacci iteration 8 (9 max)
Unwinding recursion fibonacci iteration 9 (9 max)
Unwinding recursion fibonacci iteration 9 (9 max)
Unwinding recursion fibonacci iteration 7 (9 max)
Unwinding recursion fibonacci iteration 8 (9 max)
Unwinding recursion fibonacci iteration 9 (9 max)
Unwinding recursion fibonacci iteration 9 (9 max)
Unwinding recursion fibonacci iteration 8 (9 max)
Unwinding recursion fibonacci iteration 9 (9 max)
Unwinding recursion fibonacci iteration 9 (9 max)
Unwinding recursion fibonacci iteration 5 (9 max)
Unwinding recursion fibonacci iteration 6 (9 max)
Unwinding recursion fibonacci iteration 7 (9 max)
Unwinding recursion fibonacci iteration 8 (9 max)
Unwinding recursion fibonacci iteration 9 (9 max)
Unwinding recursion fibonacci iteration 9 (9 max)
Unwinding recursion fibonacci iteration 8 (9 max)
Unwinding recursion fibonacci iteration 9 (9 max)
Unwinding recursion fibonacci iteration 9 (9 max)
Unwinding recursion fibonacci iteration 7 (9 max)
Unwinding recursion fibonacci iteration 8 (9 max)
Unwinding recursion fibonacci iteration 9 (9 max)
Unwinding recursion fibonacci iteration 9 (9 max)
Unwinding recursion fibonacci iteration 8 (9 max)
Unwinding recursion fibonacci iteration 9 (9 max)
Unwinding recursion fibonacci iteration 9 (9 max)
Unwinding recursion fibonacci iteration 6 (9 max)
Unwinding recursion fibonacci iteration 7 (9 max)
Unwinding recursion fibonacci iteration 8 (9 max)
Unwinding recursion fibonacci iteration 9 (9 max)
Unwinding recursion fibonacci iteration 9 (9 max)
Unwinding recursion fibonacci iteration 8 (9 max)
Unwinding recursion fibonacci iteration 9 (9 max)
Unwinding recursion fibonacci iteration 9 (9 max)
Unwinding recursion fibonacci iteration 7 (9 max)
Unwinding recursion fibonacci iteration 8 (9 max)
Unwinding recursion fibonacci iteration 9 (9 max)
Unwinding recursion fibonacci iteration 9 (9 max)
Unwinding recursion fibonacci iteration 8 (9 max)
Unwinding recursion fibonacci iteration 9 (9 max)
Unwinding recursion fibonacci iteration 9 (9 max)
Unwinding recursion fibonacci iteration 4 (9 max)
Unwinding recursion fibonacci iteration 5 (9 max)
Unwinding recursion fibonacci iteration 6 (9 max)
Unwinding recursion fibonacci iteration 7 (9 max)
Unwinding recursion fibonacci iteration 8 (9 max)
Unwinding recursion fibonacci iteration 9 (9 max)
Unwinding recursion fibonacci iteration 9 (9 max)
Unwinding recursion fibonacci iteration 8 (9 max)
Unwinding recursion fibonacci iteration 9 (9 max)
Unwinding recursion fibonacci iteration 9 (9 max)
Unwinding recursion fibonacci iteration 7 (9 max)
Unwinding recursion fibonacci iteration 8 (9 max)
Unwinding recursion fibonacci iteration 9 (9 max)
Unwinding recursion fibonacci iteration 9 (9 max)
Unwinding recursion fibonacci iteration 8 (9 max)
Unwinding recursion fibonacci iteration 9 (9 max)
Unwinding recursion fibonacci iteration 9 (9 max)
Unwinding recursion fibonacci iteration 6 (9 max)
Unwinding recursion fibonacci iteration 7 (9 max)
Unwinding recursion fibonacci iteration 8 (9 max)
Unwinding recursion fibonacci iteration 9 (9 max)
Unwinding recursion fibonacci iteration 9 (9 max)
Unwinding recursion fibonacci iteration 8 (9 max)
Unwinding recursion fibonacci iteration 9 (9 max)
Unwinding recursion fibonacci iteration 9 (9 max)
Unwinding recursion fibonacci iteration 7 (9 max)
Unwinding recursion fibonacci iteration 8 (9 max)
Unwinding recursion fibonacci iteration 9 (9 max)
Unwinding recursion fibonacci iteration 9 (9 max)
Unwinding recursion fibonacci iteration 8 (9 max)
Unwinding recursion fibonacci iteration 9 (9 max)
Unwinding recursion fibonacci iteration 9 (9 max)
Unwinding recursion fibonacci iteration 5 (9 max)
Unwinding recursion fibonacci iteration 6 (9 max)
Unwinding recursion fibonacci iteration 7 (9 max)
Unwinding recursion fibonacci iteration 8 (9 max)
Unwinding recursion fibonacci iteration 9 (9 max)
Unwinding recursion fibonacci iteration 9 (9 max)
Unwinding recursion fibonacci iteration 8 (9 max)
Unwinding recursion fibonacci iteration 9 (9 max)
Unwinding recursion fibonacci iteration 9 (9 max)
Unwinding recursion fibonacci iteration 7 (9 max)
Unwinding recursion fibonacci iteration 8 (9 max)
Unwinding recursion fibonacci iteration 9 (9 max)
Unwinding recursion fibonacci iteration 9 (9 max)
Unwinding recursion fibonacci iteration 8 (9 max)
Unwinding recursion fibonacci iteration 9 (9 max)
Unwinding recursion fibonacci iteration 9 (9 max)
Unwinding recursion fibonacci iteration 6 (9 max)
Unwinding recursion fibonacci iteration 7 (9 max)
Unwinding recursion fibonacci iteration 8 (9 max)
Unwinding recursion fibonacci iteration 9 (9 max)
Unwinding recursion fibonacci iteration 9 (9 max)
Unwinding recursion fibonacci iteration 8 (9 max)
Unwinding recursion fibonacci iteration 9 (9 max)
Unwinding recursion fibonacci iteration 9 (9 max)
Unwinding recursion fibonacci iteration 7 (9 max)
Unwinding recursion fibonacci iteration 8 (9 max)
Unwinding recursion fibonacci iteration 9 (9 max)
Unwinding recursion fibonacci iteration 9 (9 max)
Unwinding recursion fibonacci iteration 8 (9 max)
Unwinding recursion fibonacci iteration 9 (9 max)
Unwinding recursion fibonacci iteration 9 (9 max)
Unwinding recursion fibonacci iteration 3 (9 max)
Unwinding recursion fibonacci iteration 4 (9 max)
Unwinding recursion fibonacci iteration 5 (9 max)
Unwinding recursion fibonacci iteration 6 (9 max)
Unwinding recursion fibonacci iteration 7 (9 max)
Unwinding recursion fibonacci iteration 8 (9 max)
Unwinding recursion fibonacci iteration 9 (9 max)
Unwinding recursion fibonacci iteration 9 (9 max)
Unwinding recursion fibonacci iteration 8 (9 max)
Unwinding recursion fibonacci iteration 9 (9 max)
Unwinding recursion fibonacci iteration 9 (9 max)
Unwinding recursion fibonacci iteration 7 (9 max)
Unwinding recursion fibonacci iteration 8 (9 max)
Unwinding recursion fibonacci iteration 9 (9 max)
Unwinding recursion fibonacci iteration 9 (9 max)
Unwinding recursion fibonacci iteration 8 (9 max)
Unwinding recursion fibonacci iteration 9 (9 max)
Unwinding recursion fibonacci iteration 9 (9 max)
Unwinding recursion fibonacci iteration 6 (9 max)
Unwinding recursion fibonacci iteration 7 (9 max)
Unwinding recursion fibonacci iteration 8 (9 max)
Unwinding recursion fibonacci iteration 9 (9 max)
Unwinding recursion fibonacci iteration 9 (9 max)
Unwinding recursion fibonacci iteration 8 (9 max)
Unwinding recursion fibonacci iteration 9 (9 max)
Unwinding recursion fibonacci iteration 9 (9 max)
Unwinding recursion fibonacci iteration 7 (9 max)
Unwinding recursion fibonacci iteration 8 (9 max)
Unwinding recursion fibonacci iteration 9 (9 max)
Unwinding recursion fibonacci iteration 9 (9 max)
Unwinding recursion fibonacci iteration 8 (9 max)
Unwinding recursion fibonacci iteration 9 (9 max)
Unwinding recursion fibonacci iteration 9 (9 max)
Unwinding recursion fibonacci iteration 5 (9 max)
Unwinding recursion fibonacci iteration 6 (9 max)
Unwinding recursion fibonacci iteration 7 (9 max)
Unwinding recursion fibonacci iteration 8 (9 max)
Unwinding recursion fibonacci iteration 9 (9 max)
Unwinding recursion fibonacci iteration 9 (9 max)
Unwinding recursion fibonacci iteration 8 (9 max)
Unwinding recursion fibonacci iteration 9 (9 max)
Unwinding recursion fibonacci iteration 9 (9 max)
Unwinding recursion fibonacci iteration 7 (9 max)
Unwinding recursion fibonacci iteration 8 (9 max)
Unwinding recursion fibonacci iteration 9 (9 max)
Unwinding recursion fibonacci iteration 9 (9 max)
Unwinding recursion fibonacci iteration 8 (9 max)
Unwinding recursion fibonacci iteration 9 (9 max)
Unwinding recursion fibonacci iteration 9 (9 max)
Unwinding recursion fibonacci iteration 6 (9 max)
Unwinding recursion fibonacci iteration 7 (9 max)
Unwinding recursion fibonacci iteration 8 (9 max)
Unwinding recursion fibonacci iteration 9 (9 max)
Unwinding recursion fibonacci iteration 9 (9 max)
Unwinding recursion fibonacci iteration 8 (9 max)
Unwinding recursion fibonacci iteration 9 (9 max)
Unwinding recursion fibonacci iteration 9 (9 max)
Unwinding recursion fibonacci iteration 7 (9 max)
Unwinding recursion fibonacci iteration 8 (9 max)
Unwinding recursion fibonacci iteration 9 (9 max)
Unwinding recursion fibonacci iteration 9 (9 max)
Unwinding recursion fibonacci iteration 8 (9 max)
Unwinding recursion fibonacci iteration 9 (9 max)
Unwinding recursion fibonacci iteration 9 (9 max)
Unwinding recursion fibonacci iteration 4 (9 max)
Unwinding recursion fibonacci iteration 5 (9 max)
Unwinding recursion fibonacci iteration 6 (9 max)
Unwinding recursion fibonacci iteration 7 (9 max)
Unwinding recursion fibonacci iteration 8 (9 max)
Unwinding recursion fibonacci iteration 9 (9 max)
Unwinding recursion fibonacci iteration 9 (9 max)
Unwinding recursion fibonacci iteration 8 (9 max)
Unwinding recursion fibonacci iteration 9 (9 max)
Unwinding recursion fibonacci iteration 9 (9 max)
Unwinding recursion fibonacci iteration 7 (9 max)
Unwinding recursion fibonacci iteration 8 (9 max)
Unwinding recursion fibonacci iteration 9 (9 max)
Unwinding recursion fibonacci iteration 9 (9 max)
Unwinding recursion fibonacci iteration 8 (9 max)
Unwinding recursion fibonacci iteration 9 (9 max)
Unwinding recursion fibonacci iteration 9 (9 max)
Unwinding recursion fibonacci iteration 6 (9 max)
Unwinding recursion fibonacci iteration 7 (9 max)
Unwinding recursion fibonacci iteration 8 (9 max)
Unwinding recursion fibonacci iteration 9 (9 max)
Unwinding recursion fibonacci iteration 9 (9 max)
Unwinding recursion fibonacci iteration 8 (9 max)
Unwinding recursion fibonacci iteration 9 (9 max)
Unwinding recursion fibonacci iteration 9 (9 max)
Unwinding recursion fibonacci iteration 7 (9 max)
Unwinding recursion fibonacci iteration 8 (9 max)
Unwinding recursion fibonacci iteration 9 (9 max)
Unwinding recursion fibonacci iteration 9 (9 max)
Unwinding recursion fibonacci iteration 8 (9 max)
Unwinding recursion fibonacci iteration 9 (9 max)
Unwinding recursion fibonacci iteration 9 (9 max)
Unwinding recursion fibonacci iteration 5 (9 max)
Unwinding recursion fibonacci iteration 6 (9 max)
Unwinding recursion fibonacci iteration 7 (9 max)
Unwinding recursion fibonacci iteration 8 (9 max)
Unwinding recursion fibonacci iteration 9 (9 max)
Unwinding recursion fibonacci iteration 9 (9 max)
Unwinding recursion fibonacci iteration 8 (9 max)
Unwinding recursion fibonacci iteration 9 (9 max)
Unwinding recursion fibonacci iteration 9 (9 max)
Unwinding recursion fibonacci iteration 7 (9 max)
Unwinding recursion fibonacci iteration 8 (9 max)
Unwinding recursion fibonacci iteration 9 (9 max)
Unwinding recursion fibonacci iteration 9 (9 max)
Unwinding recursion fibonacci iteration 8 (9 max)
Unwinding recursion fibonacci iteration 9 (9 max)
Unwinding recursion fibonacci iteration 9 (9 max)
Unwinding recursion fibonacci iteration 6 (9 max)
Unwinding recursion fibonacci iteration 7 (9 max)
Unwinding recursion fibonacci iteration 8 (9 max)
Unwinding recursion fibonacci iteration 9 (9 max)
Unwinding recursion fibonacci iteration 9 (9 max)
Unwinding recursion fibonacci iteration 8 (9 max)
Unwinding recursion fibonacci iteration 9 (9 max)
Unwinding recursion fibonacci iteration 9 (9 max)
Unwinding recursion fibonacci iteration 7 (9 max)
Unwinding recursion fibonacci iteration 8 (9 max)
Unwinding recursion fibonacci iteration 9 (9 max)
Unwinding recursion fibonacci iteration 9 (9 max)
Unwinding recursion fibonacci iteration 8 (9 max)
Unwinding recursion fibonacci iteration 9 (9 max)
Unwinding recursion fibonacci iteration 9 (9 max)
Unwinding recursion fibonacci iteration 2 (9 max)
Unwinding recursion fibonacci iteration 3 (9 max)
Unwinding recursion fibonacci iteration 4 (9 max)
Unwinding recursion fibonacci iteration 5 (9 max)
Unwinding recursion fibonacci iteration 6 (9 max)
Unwinding recursion fibonacci iteration 7 (9 max)
Unwinding recursion fibonacci iteration 8 (9 max)
Unwinding recursion fibonacci iteration 9 (9 max)
Unwinding recursion fibonacci iteration 9 (9 max)
Unwinding recursion fibonacci iteration 8 (9 max)
Unwinding recursion fibonacci iteration 9 (9 max)
Unwinding recursion fibonacci iteration 9 (9 max)
Unwinding recursion fibonacci iteration 7 (9 max)
Unwinding recursion fibonacci iteration 8 (9 max)
Unwinding recursion fibonacci iteration 9 (9 max)
Unwinding recursion fibonacci iteration 9 (9 max)
Unwinding recursion fibonacci iteration 8 (9 max)
Unwinding recursion fibonacci iteration 9 (9 max)
Unwinding recursion fibonacci iteration 9 (9 max)
Unwinding recursion fibonacci iteration 6 (9 max)
Unwinding recursion fibonacci iteration 7 (9 max)
Unwinding recursion fibonacci iteration 8 (9 max)
Unwinding recursion fibonacci iteration 9 (9 max)
Unwinding recursion fibonacci iteration 9 (9 max)
Unwinding recursion fibonacci iteration 8 (9 max)
Unwinding recursion fibonacci iteration 9 (9 max)
Unwinding recursion fibonacci iteration 9 (9 max)
Unwinding recursion fibonacci iteration 7 (9 max)
Unwinding recursion fibonacci iteration 8 (9 max)
Unwinding recursion fibonacci iteration 9 (9 max)
Unwinding recursion fibonacci iteration 9 (9 max)
Unwinding recursion fibonacci iteration 8 (9 max)
Unwinding recursion fibonacci iteration 9 (9 max)
Unwinding recursion fibonacci iteration 9 (9 max)
Unwinding recursion fibonacci iteration 5 (9 max)
Unwinding recursion fibonacci iteration 6 (9 max)
Unwinding recursion fibonacci iteration 7 (9 max)
Unwinding recursion fibonacci iteration 8 (9 max)
Unwinding recursion fibonacci iteration 9 (9 max)
Unwinding recursion fibonacci iteration 9 (9 max)
Unwinding recursion fibonacci iteration 8 (9 max)
Unwinding recursion fibonacci iteration 9 (9 max)
Unwinding recursion fibonacci iteration 9 (9 max)
Unwinding recursion fibonacci iteration 7 (9 max)
Unwinding recursion fibonacci iteration 8 (9 max)
Unwinding recursion fibonacci iteration 9 (9 max)
Unwinding recursion fibonacci iteration 9 (9 max)
Unwinding recursion fibonacci iteration 8 (9 max)
Unwinding recursion fibonacci iteration 9 (9 max)
Unwinding recursion fibonacci iteration 9 (9 max)
Unwinding recursion fibonacci iteration 6 (9 max)
Unwinding recursion fibonacci iteration 7 (9 max)
Unwinding recursion fibonacci iteration 8 (9 max)
Unwinding recursion fibonacci iteration 9 (9 max)
Unwinding recursion fibonacci iteration 9 (9 max)
Unwinding recursion fibonacci iteration 8 (9 max)
Unwinding recursion fibonacci iteration 9 (9 max)
Unwinding recursion fibonacci iteration 9 (9 max)
Unwinding recursion fibonacci iteration 7 (9 max)
Unwinding recursion fibonacci iteration 8 (9 max)
Unwinding recursion fibonacci iteration 9 (9 max)
Unwinding recursion fibonacci iteration 9 (9 max)
Unwinding recursion fibonacci iteration 8 (9 max)
Unwinding recursion fibonacci iteration 9 (9 max)
Unwinding recursion fibonacci iteration 9 (9 max)
Unwinding recursion fibonacci iteration 4 (9 max)
Unwinding recursion fibonacci iteration 5 (9 max)
Unwinding recursion fibonacci iteration 6 (9 max)
Unwinding recursion fibonacci iteration 7 (9 max)
Unwinding recursion fibonacci iteration 8 (9 max)
Unwinding recursion fibonacci iteration 9 (9 max)
Unwinding recursion fibonacci iteration 9 (9 max)
Unwinding recursion fibonacci iteration 8 (9 max)
Unwinding recursion fibonacci iteration 9 (9 max)
Unwinding recursion fibonacci iteration 9 (9 max)
Unwinding recursion fibonacci iteration 7 (9 max)
Unwinding recursion fibonacci iteration 8 (9 max)
Unwinding recursion fibonacci iteration 9 (9 max)
Unwinding recursion fibonacci iteration 9 (9 max)
Unwinding recursion fibonacci iteration 8 (9 max)
Unwinding recursion fibonacci iteration 9 (9 max)
Unwinding recursion fibonacci iteration 9 (9 max)
Unwinding recursion fibonacci iteration 6 (9 max)
Unwinding recursion fibonacci iteration 7 (9 max)
Unwinding recursion fibonacci iteration 8 (9 max)
Unwinding recursion fibonacci iteration 9 (9 max)
Unwinding recursion fibonacci iteration 9 (9 max)
Unwinding recursion fibonacci iteration 8 (9 max)
Unwinding recursion fibonacci iteration 9 (9 max)
Unwinding recursion fibonacci iteration 9 (9 max)
Unwinding recursion fibonacci iteration 7 (9 max)
Unwinding recursion fibonacci iteration 8 (9 max)
Unwinding recursion fibonacci iteration 9 (9 max)
Unwinding recursion fibonacci iteration 9 (9 max)
Unwinding recursion fibonacci iteration 8 (9 max)
Unwinding recursion fibonacci iteration 9 (9 max)
Unwinding recursion fibonacci iteration 9 (9 max)
Unwinding recursion fibonacci iteration 5 (9 max)
Unwinding recursion fibonacci iteration 6 (9 max)
Unwinding recursion fibonacci iteration 7 (9 max)
Unwinding recursion fibonacci iteration 8 (9 max)
Unwinding recursion fibonacci iteration 9 (9 max)
Unwinding recursion fibonacci iteration 9 (9 max)
Unwinding recursion fibonacci iteration 8 (9 max)
Unwinding recursion fibonacci iteration 9 (9 max)
Unwinding recursion fibonacci iteration 9 (9 max)
Unwinding recursion fibonacci iteration 7 (9 max)
Unwinding recursion fibonacci iteration 8 (9 max)
Unwinding recursion fibonacci iteration 9 (9 max)
Unwinding recursion fibonacci iteration 9 (9 max)
Unwinding recursion fibonacci iteration 8 (9 max)
Unwinding recursion fibonacci iteration 9 (9 max)
Unwinding recursion fibonacci iteration 9 (9 max)
Unwinding recursion fibonacci iteration 6 (9 max)
Unwinding recursion fibonacci iteration 7 (9 max)
Unwinding recursion fibonacci iteration 8 (9 max)
Unwinding recursion fibonacci iteration 9 (9 max)
Unwinding recursion fibonacci iteration 9 (9 max)
Unwinding recursion fibonacci iteration 8 (9 max)
Unwinding recursion fibonacci iteration 9 (9 max)
Unwinding recursion fibonacci iteration 9 (9 max)
Unwinding recursion fibonacci iteration 7 (9 max)
Unwinding recursion fibonacci iteration 8 (9 max)
Unwinding recursion fibonacci iteration 9 (9 max)
Unwinding recursion fibonacci iteration 9 (9 max)
Unwinding recursion fibonacci iteration 8 (9 max)
Unwinding recursion fibonacci iteration 9 (9 max)
Unwinding recursion fibonacci iteration 9 (9 max)
Unwinding recursion fibonacci iteration 3 (9 max)
Unwinding recursion fibonacci iteration 4 (9 max)
Unwinding recursion fibonacci iteration 5 (9 max)
Unwinding recursion fibonacci iteration 6 (9 max)
Unwinding recursion fibonacci iteration 7 (9 max)
Unwinding recursion fibonacci iteration 8 (9 max)
Unwinding recursion fibonacci iteration 9 (9 max)
Unwinding recursion fibonacci iteration 9 (9 max)
Unwinding recursion fibonacci iteration 8 (9 max)
Unwinding recursion fibonacci iteration 9 (9 max)
Unwinding recursion fibonacci iteration 9 (9 max)
Unwinding recursion fibonacci iteration 7 (9 max)
Unwinding recursion fibonacci iteration 8 (9 max)
Unwinding recursion fibonacci iteration 9 (9 max)
Unwinding recursion fibonacci iteration 9 (9 max)
Unwinding recursion fibonacci iteration 8 (9 max)
Unwinding recursion fibonacci iteration 9 (9 max)
Unwinding recursion fibonacci iteration 9 (9 max)
Unwinding recursion fibonacci iteration 6 (9 max)
Unwinding recursion fibonacci iteration 7 (9 max)
Unwinding recursion fibonacci iteration 8 (9 max)
Unwinding recursion fibonacci iteration 9 (9 max)
Unwinding recursion fibonacci iteration 9 (9 max)
Unwinding recursion fibonacci iteration 8 (9 max)
Unwinding recursion fibonacci iteration 9 (9 max)
Unwinding recursion fibonacci iteration 9 (9 max)
Unwinding recursion fibonacci iteration 7 (9 max)
Unwinding recursion fibonacci iteration 8 (9 max)
Unwinding recursion fibonacci iteration 9 (9 max)
Unwinding recursion fibonacci iteration 9 (9 max)
Unwinding recursion fibonacci iteration 8 (9 max)
Unwinding recursion fibonacci iteration 9 (9 max)
Unwinding recursion fibonacci iteration 9 (9 max)
Unwinding recursion fibonacci iteration 5 (9 max)
Unwinding recursion fibonacci iteration 6 (9 max)
Unwinding recursion fibonacci iteration 7 (9 max)
Unwinding recursion fibonacci iteration 8 (9 max)
Unwinding recursion fibonacci iteration 9 (9 max)
Unwinding recursion fibonacci iteration 9 (9 max)
Unwinding recursion fibonacci iteration 8 (9 max)
Unwinding recursion fibonacci iteration 9 (9 max)
Unwinding recursion fibonacci iteration 9 (9 max)
Unwinding recursion fibonacci iteration 7 (9 max)
Unwinding recursion fibonacci iteration 8 (9 max)
Unwinding recursion fibonacci iteration 9 (9 max)
Unwinding recursion fibonacci iteration 9 (9 max)
Unwinding recursion fibonacci iteration 8 (9 max)
Unwinding recursion fibonacci iteration 9 (9 max)
Unwinding recursion fibonacci iteration 9 (9 max)
Unwinding recursion fibonacci iteration 6 (9 max)
Unwinding recursion fibonacci iteration 7 (9 max)
Unwinding recursion fibonacci iteration 8 (9 max)
Unwinding recursion fibonacci iteration 9 (9 max)
Unwinding recursion fibonacci iteration 9 (9 max)
Unwinding recursion fibonacci iteration 8 (9 max)
Unwinding recursion fibonacci iteration 9 (9 max)
Unwinding recursion fibonacci iteration 9 (9 max)
Unwinding recursion fibonacci iteration 7 (9 max)
Unwinding recursion fibonacci iteration 8 (9 max)
Unwinding recursion fibonacci iteration 9 (9 max)
Unwinding recursion fibonacci iteration 9 (9 max)
Unwinding recursion fibonacci iteration 8 (9 max)
Unwinding recursion fibonacci iteration 9 (9 max)
Unwinding recursion fibonacci iteration 9 (9 max)
Unwinding recursion fibonacci iteration 4 (9 max)
Unwinding recursion fibonacci iteration 5 (9 max)
Unwinding recursion fibonacci iteration 6 (9 max)
Unwinding recursion fibonacci iteration 7 (9 max)
Unwinding recursion fibonacci iteration 8 (9 max)
Unwinding recursion fibonacci iteration 9 (9 max)
Unwinding recursion fibonacci iteration 9 (9 max)
Unwinding recursion fibonacci iteration 8 (9 max)
Unwinding recursion fibonacci iteration 9 (9 max)
Unwinding recursion fibonacci iteration 9 (9 max)
Unwinding recursion fibonacci iteration 7 (9 max)
Unwinding recursion fibonacci iteration 8 (9 max)
Unwinding recursion fibonacci iteration 9 (9 max)
Unwinding recursion fibonacci iteration 9 (9 max)
Unwinding recursion fibonacci iteration 8 (9 max)
Unwinding recursion fibonacci iteration 9 (9 max)
Unwinding recursion fibonacci iteration 9 (9 max)
Unwinding recursion fibonacci iteration 6 (9 max)
Unwinding recursion fibonacci iteration 7 (9 max)
Unwinding recursion fibonacci iteration 8 (9 max)
Unwinding recursion fibonacci iteration 9 (9 max)
Unwinding recursion fibonacci iteration 9 (9 max)
Unwinding recursion fibonacci iteration 8 (9 max)
Unwinding recursion fibonacci iteration 9 (9 max)
Unwinding recursion fibonacci iteration 9 (9 max)
Unwinding recursion fibonacci iteration 7 (9 max)
Unwinding recursion fibonacci iteration 8 (9 max)
Unwinding recursion fibonacci iteration 9 (9 max)
Unwinding recursion fibonacci iteration 9 (9 max)
Unwinding recursion fibonacci iteration 8 (9 max)
Unwinding recursion fibonacci iteration 9 (9 max)
Unwinding recursion fibonacci iteration 9 (9 max)
Unwinding recursion fibonacci iteration 5 (9 max)
Unwinding recursion fibonacci iteration 6 (9 max)
Unwinding recursion fibonacci iteration 7 (9 max)
Unwinding recursion fibonacci iteration 8 (9 max)
Unwinding recursion fibonacci iteration 9 (9 max)
Unwinding recursion fibonacci iteration 9 (9 max)
Unwinding recursion fibonacci iteration 8 (9 max)
Unwinding recursion fibonacci iteration 9 (9 max)
Unwinding recursion fibonacci iteration 9 (9 max)
Unwinding recursion fibonacci iteration 7 (9 max)
Unwinding recursion fibonacci iteration 8 (9 max)
Unwinding recursion fibonacci iteration 9 (9 max)
Unwinding recursion fibonacci iteration 9 (9 max)
Unwinding recursion fibonacci iteration 8 (9 max)
Unwinding recursion fibonacci iteration 9 (9 max)
Unwinding recursion fibonacci iteration 9 (9 max)
Unwinding recursion fibonacci iteration 6 (9 max)
Unwinding recursion fibonacci iteration 7 (9 max)
Unwinding recursion fibonacci iteration 8 (9 max)
Unwinding recursion fibonacci iteration 9 (9 max)
Unwinding recursion fibonacci iteration 9 (9 max)
Unwinding recursion fibonacci iteration 8 (9 max)
Unwinding recursion fibonacci iteration 9 (9 max)
Unwinding recursion fibonacci iteration 9 (9 max)
Unwinding recursion fibonacci iteration 7 (9 max)
Unwinding recursion fibonacci iteration 8 (9 max)
Unwinding recursion fibonacci iteration 9 (9 max)
Unwinding recursion fibonacci iteration 9 (9 max)
Unwinding recursion fibonacci iteration 8 (9 max)
Unwinding recursion fibonacci iteration 9 (9 max)
Unwinding recursion fibonacci iteration 9 (9 max)
Unwinding recursion fibonacci iteration 1 (9 max)
Unwinding recursion fibonacci iteration 2 (9 max)
Unwinding recursion fibonacci iteration 3 (9 max)
Unwinding recursion fibonacci iteration 4 (9 max)
Unwinding recursion fibonacci iteration 5 (9 max)
Unwinding recursion fibonacci iteration 6 (9 max)
Unwinding recursion fibonacci iteration 7 (9 max)
Unwinding recursion fibonacci iteration 8 (9 max)
Unwinding recursion fibonacci iteration 9 (9 max)
Unwinding recursion fibonacci iteration 9 (9 max)
Unwinding recursion fibonacci iteration 8 (9 max)
Unwinding recursion fibonacci iteration 9 (9 max)
Unwinding recursion fibonacci iteration 9 (9 max)
Unwinding recursion fibonacci iteration 7 (9 max)
Unwinding recursion fibonacci iteration 8 (9 max)
Unwinding recursion fibonacci iteration 9 (9 max)
Unwinding recursion fibonacci iteration 9 (9 max)
Unwinding recursion fibonacci iteration 8 (9 max)
Unwinding recursion fibonacci iteration 9 (9 max)
Unwinding recursion fibonacci iteration 9 (9 max)
Unwinding recursion fibonacci iteration 6 (9 max)
Unwinding recursion fibonacci iteration 7 (9 max)
Unwinding recursion fibonacci iteration 8 (9 max)
Unwinding recursion fibonacci iteration 9 (9 max)
Unwinding recursion fibonacci iteration 9 (9 max)
Unwinding recursion fibonacci iteration 8 (9 max)
Unwinding recursion fibonacci iteration 9 (9 max)
Unwinding recursion fibonacci iteration 9 (9 max)
Unwinding recursion fibonacci iteration 7 (9 max)
Unwinding recursion fibonacci iteration 8 (9 max)
Unwinding recursion fibonacci iteration 9 (9 max)
Unwinding recursion fibonacci iteration 9 (9 max)
Unwinding recursion fibonacci iteration 8 (9 max)
Unwinding recursion fibonacci iteration 9 (9 max)
Unwinding recursion fibonacci iteration 9 (9 max)
Unwinding recursion fibonacci iteration 5 (9 max)
Unwinding recursion fibonacci iteration 6 (9 max)
Unwinding recursion fibonacci iteration 7 (9 max)
Unwinding recursion fibonacci iteration 8 (9 max)
Unwinding recursion fibonacci iteration 9 (9 max)
Unwinding recursion fibonacci iteration 9 (9 max)
Unwinding recursion fibonacci iteration 8 (9 max)
Unwinding recursion fibonacci iteration 9 (9 max)
Unwinding recursion fibonacci iteration 9 (9 max)
Unwinding recursion fibonacci iteration 7 (9 max)
Unwinding recursion fibonacci iteration 8 (9 max)
Unwinding recursion fibonacci iteration 9 (9 max)
Unwinding recursion fibonacci iteration 9 (9 max)
Unwinding recursion fibonacci iteration 8 (9 max)
Unwinding recursion fibonacci iteration 9 (9 max)
Unwinding recursion fibonacci iteration 9 (9 max)
Unwinding recursion fibonacci iteration 6 (9 max)
Unwinding recursion fibonacci iteration 7 (9 max)
Unwinding recursion fibonacci iteration 8 (9 max)
Unwinding recursion fibonacci iteration 9 (9 max)
Unwinding recursion fibonacci iteration 9 (9 max)
Unwinding recursion fibonacci iteration 8 (9 max)
Unwinding recursion fibonacci iteration 9 (9 max)
Unwinding recursion fibonacci iteration 9 (9 max)
Unwinding recursion fibonacci iteration 7 (9 max)
Unwinding recursion fibonacci iteration 8 (9 max)
Unwinding recursion fibonacci iteration 9 (9 max)
Unwinding recursion fibonacci iteration 9 (9 max)
Unwinding recursion fibonacci iteration 8 (9 max)
Unwinding recursion fibonacci iteration 9 (9 max)
Unwinding recursion fibonacci iteration 9 (9 max)
Unwinding recursion fibonacci iteration 4 (9 max)
Unwinding recursion fibonacci iteration 5 (9 max)
Unwinding recursion fibonacci iteration 6 (9 max)
Unwinding recursion fibonacci iteration 7 (9 max)
Unwinding recursion fibonacci iteration 8 (9 max)
Unwinding recursion fibonacci iteration 9 (9 max)
Unwinding recursion fibonacci iteration 9 (9 max)
Unwinding recursion fibonacci iteration 8 (9 max)
Unwinding recursion fibonacci iteration 9 (9 max)
Unwinding recursion fibonacci iteration 9 (9 max)
Unwinding recursion fibonacci iteration 7 (9 max)
Unwinding recursion fibonacci iteration 8 (9 max)
Unwinding recursion fibonacci iteration 9 (9 max)
Unwinding recursion fibonacci iteration 9 (9 max)
Unwinding recursion fibonacci iteration 8 (9 max)
Unwinding recursion fibonacci iteration 9 (9 max)
Unwinding recursion fibonacci iteration 9 (9 max)
Unwinding recursion fibonacci iteration 6 (9 max)
Unwinding recursion fibonacci iteration 7 (9 max)
Unwinding recursion fibonacci iteration 8 (9 max)
Unwinding recursion fibonacci iteration 9 (9 max)
Unwinding recursion fibonacci iteration 9 (9 max)
Unwinding recursion fibonacci iteration 8 (9 max)
Unwinding recursion fibonacci iteration 9 (9 max)
Unwinding recursion fibonacci iteration 9 (9 max)
Unwinding recursion fibonacci iteration 7 (9 max)
Unwinding recursion fibonacci iteration 8 (9 max)
Unwinding recursion fibonacci iteration 9 (9 max)
Unwinding recursion fibonacci iteration 9 (9 max)
Unwinding recursion fibonacci iteration 8 (9 max)
Unwinding recursion fibonacci iteration 9 (9 max)
Unwinding recursion fibonacci iteration 9 (9 max)
Unwinding recursion fibonacci iteration 5 (9 max)
Unwinding recursion fibonacci iteration 6 (9 max)
Unwinding recursion fibonacci iteration 7 (9 max)
Unwinding recursion fibonacci iteration 8 (9 max)
Unwinding recursion fibonacci iteration 9 (9 max)
Unwinding recursion fibonacci iteration 9 (9 max)
Unwinding recursion fibonacci iteration 8 (9 max)
Unwinding recursion fibonacci iteration 9 (9 max)
Unwinding recursion fibonacci iteration 9 (9 max)
Unwinding recursion fibonacci iteration 7 (9 max)
Unwinding recursion fibonacci iteration 8 (9 max)
Unwinding recursion fibonacci iteration 9 (9 max)
Unwinding recursion fibonacci iteration 9 (9 max)
Unwinding recursion fibonacci iteration 8 (9 max)
Unwinding recursion fibonacci iteration 9 (9 max)
Unwinding recursion fibonacci iteration 9 (9 max)
Unwinding recursion fibonacci iteration 6 (9 max)
Unwinding recursion fibonacci iteration 7 (9 max)
Unwinding recursion fibonacci iteration 8 (9 max)
Unwinding recursion fibonacci iteration 9 (9 max)
Unwinding recursion fibonacci iteration 9 (9 max)
Unwinding recursion fibonacci iteration 8 (9 max)
Unwinding recursion fibonacci iteration 9 (9 max)
Unwinding recursion fibonacci iteration 9 (9 max)
Unwinding recursion fibonacci iteration 7 (9 max)
Unwinding recursion fibonacci iteration 8 (9 max)
Unwinding recursion fibonacci iteration 9 (9 max)
Unwinding recursion fibonacci iteration 9 (9 max)
Unwinding recursion fibonacci iteration 8 (9 max)
Unwinding recursion fibonacci iteration 9 (9 max)
Unwinding recursion fibonacci iteration 9 (9 max)
Unwinding recursion fibonacci iteration 3 (9 max)
Unwinding recursion fibonacci iteration 4 (9 max)
Unwinding recursion fibonacci iteration 5 (9 max)
Unwinding recursion fibonacci iteration 6 (9 max)
Unwinding recursion fibonacci iteration 7 (9 max)
Unwinding recursion fibonacci iteration 8 (9 max)
Unwinding recursion fibonacci iteration 9 (9 max)
Unwinding recursion fibonacci iteration 9 (9 max)
Unwinding recursion fibonacci iteration 8 (9 max)
Unwinding recursion fibonacci iteration 9 (9 max)
Unwinding recursion fibonacci iteration 9 (9 max)
Unwinding recursion fibonacci iteration 7 (9 max)
Unwinding recursion fibonacci iteration 8 (9 max)
Unwinding recursion fibonacci iteration 9 (9 max)
Unwinding recursion fibonacci iteration 9 (9 max)
Unwinding recursion fibonacci iteration 8 (9 max)
Unwinding recursion fibonacci iteration 9 (9 max)
Unwinding recursion fibonacci iteration 9 (9 max)
Unwinding recursion fibonacci iteration 6 (9 max)
Unwinding recursion fibonacci iteration 7 (9 max)
Unwinding recursion fibonacci iteration 8 (9 max)
Unwinding recursion fibonacci iteration 9 (9 max)
Unwinding recursion fibonacci iteration 9 (9 max)
Unwinding recursion fibonacci iteration 8 (9 max)
Unwinding recursion fibonacci iteration 9 (9 max)
Unwinding recursion fibonacci iteration 9 (9 max)
Unwinding recursion fibonacci iteration 7 (9 max)
Unwinding recursion fibonacci iteration 8 (9 max)
Unwinding recursion fibonacci iteration 9 (9 max)
Unwinding recursion fibonacci iteration 9 (9 max)
Unwinding recursion fibonacci iteration 8 (9 max)
Unwinding recursion fibonacci iteration 9 (9 max)
Unwinding recursion fibonacci iteration 9 (9 max)
Unwinding recursion fibonacci iteration 5 (9 max)
Unwinding recursion fibonacci iteration 6 (9 max)
Unwinding recursion fibonacci iteration 7 (9 max)
Unwinding recursion fibonacci iteration 8 (9 max)
Unwinding recursion fibonacci iteration 9 (9 max)
Unwinding recursion fibonacci iteration 9 (9 max)
Unwinding recursion fibonacci iteration 8 (9 max)
Unwinding recursion fibonacci iteration 9 (9 max)
Unwinding recursion fibonacci iteration 9 (9 max)
Unwinding recursion fibonacci iteration 7 (9 max)
Unwinding recursion fibonacci iteration 8 (9 max)
Unwinding recursion fibonacci iteration 9 (9 max)
Unwinding recursion fibonacci iteration 9 (9 max)
Unwinding recursion fibonacci iteration 8 (9 max)
Unwinding recursion fibonacci iteration 9 (9 max)
Unwinding recursion fibonacci iteration 9 (9 max)
Unwinding recursion fibonacci iteration 6 (9 max)
Unwinding recursion fibonacci iteration 7 (9 max)
Unwinding recursion fibonacci iteration 8 (9 max)
Unwinding recursion fibonacci iteration 9 (9 max)
Unwinding recursion fibonacci iteration 9 (9 max)
Unwinding recursion fibonacci iteration 8 (9 max)
Unwinding recursion fibonacci iteration 9 (9 max)
Unwinding recursion fibonacci iteration 9 (9 max)
Unwinding recursion fibonacci iteration 7 (9 max)
Unwinding recursion fibonacci iteration 8 (9 max)
Unwinding recursion fibonacci iteration 9 (9 max)
Unwinding recursion fibonacci iteration 9 (9 max)
Unwinding recursion fibonacci iteration 8 (9 max)
Unwinding recursion fibonacci iteration 9 (9 max)
Unwinding recursion fibonacci iteration 9 (9 max)
Unwinding recursion fibonacci iteration 4 (9 max)
Unwinding recursion fibonacci iteration 5 (9 max)
Unwinding recursion fibonacci iteration 6 (9 max)
Unwinding recursion fibonacci iteration 7 (9 max)
Unwinding recursion fibonacci iteration 8 (9 max)
Unwinding recursion fibonacci iteration 9 (9 max)
Unwinding recursion fibonacci iteration 9 (9 max)
Unwinding recursion fibonacci iteration 8 (9 max)
Unwinding recursion fibonacci iteration 9 (9 max)
Unwinding recursion fibonacci iteration 9 (9 max)
Unwinding recursion fibonacci iteration 7 (9 max)
Unwinding recursion fibonacci iteration 8 (9 max)
Unwinding recursion fibonacci iteration 9 (9 max)
Unwinding recursion fibonacci iteration 9 (9 max)
Unwinding recursion fibonacci iteration 8 (9 max)
Unwinding recursion fibonacci iteration 9 (9 max)
Unwinding recursion fibonacci iteration 9 (9 max)
Unwinding recursion fibonacci iteration 6 (9 max)
Unwinding recursion fibonacci iteration 7 (9 max)
Unwinding recursion fibonacci iteration 8 (9 max)
Unwinding recursion fibonacci iteration 9 (9 max)
Unwinding recursion fibonacci iteration 9 (9 max)
Unwinding recursion fibonacci iteration 8 (9 max)
Unwinding recursion fibonacci iteration 9 (9 max)
Unwinding recursion fibonacci iteration 9 (9 max)
Unwinding recursion fibonacci iteration 7 (9 max)
Unwinding recursion fibonacci iteration 8 (9 max)
Unwinding recursion fibonacci iteration 9 (9 max)
Unwinding recursion fibonacci iteration 9 (9 max)
Unwinding recursion fibonacci iteration 8 (9 max)
Unwinding recursion fibonacci iteration 9 (9 max)
Unwinding recursion fibonacci iteration 9 (9 max)
Unwinding recursion fibonacci iteration 5 (9 max)
Unwinding recursion fibonacci iteration 6 (9 max)
Unwinding recursion fibonacci iteration 7 (9 max)
Unwinding recursion fibonacci iteration 8 (9 max)
Unwinding recursion fibonacci iteration 9 (9 max)
Unwinding recursion fibonacci iteration 9 (9 max)
Unwinding recursion fibonacci iteration 8 (9 max)
Unwinding recursion fibonacci iteration 9 (9 max)
Unwinding recursion fibonacci iteration 9 (9 max)
Unwinding recursion fibonacci iteration 7 (9 max)
Unwinding recursion fibonacci iteration 8 (9 max)
Unwinding recursion fibonacci iteration 9 (9 max)
Unwinding recursion fibonacci iteration 9 (9 max)
Unwinding recursion fibonacci iteration 8 (9 max)
Unwinding recursion fibonacci iteration 9 (9 max)
Unwinding recursion fibonacci iteration 9 (9 max)
Unwinding recursion fibonacci iteration 6 (9 max)
Unwinding recursion fibonacci iteration 7 (9 max)
Unwinding recursion fibonacci iteration 8 (9 max)
Unwinding recursion fibonacci iteration 9 (9 max)
Unwinding recursion fibonacci iteration 9 (9 max)
Unwinding recursion fibonacci iteration 8 (9 max)
Unwinding recursion fibonacci iteration 9 (9 max)
Unwinding recursion fibonacci iteration 9 (9 max)
Unwinding recursion fibonacci iteration 7 (9 max)
Unwinding recursion fibonacci iteration 8 (9 max)
Unwinding recursion fibonacci iteration 9 (9 max)
Unwinding recursion fibonacci iteration 9 (9 max)
Unwinding recursion fibonacci iteration 8 (9 max)
Unwinding recursion fibonacci iteration 9 (9 max)
Unwinding recursion fibonacci iteration 9 (9 max)
Unwinding recursion fibonacci iteration 2 (9 max)
Unwinding recursion fibonacci iteration 3 (9 max)
Unwinding recursion fibonacci iteration 4 (9 max)
Unwinding recursion fibonacci iteration 5 (9 max)
Unwinding recursion fibonacci iteration 6 (9 max)
Unwinding recursion fibonacci iteration 7 (9 max)
Unwinding recursion fibonacci iteration 8 (9 max)
Unwinding recursion fibonacci iteration 9 (9 max)
Unwinding recursion fibonacci iteration 9 (9 max)
Unwinding recursion fibonacci iteration 8 (9 max)
Unwinding recursion fibonacci iteration 9 (9 max)
Unwinding recursion fibonacci iteration 9 (9 max)
Unwinding recursion fibonacci iteration 7 (9 max)
Unwinding recursion fibonacci iteration 8 (9 max)
Unwinding recursion fibonacci iteration 9 (9 max)
Unwinding recursion fibonacci iteration 9 (9 max)
Unwinding recursion fibonacci iteration 8 (9 max)
Unwinding recursion fibonacci iteration 9 (9 max)
Unwinding recursion fibonacci iteration 9 (9 max)
Unwinding recursion fibonacci iteration 6 (9 max)
Unwinding recursion fibonacci iteration 7 (9 max)
Unwinding recursion fibonacci iteration 8 (9 max)
Unwinding recursion fibonacci iteration 9 (9 max)
Unwinding recursion fibonacci iteration 9 (9 max)
Unwinding recursion fibonacci iteration 8 (9 max)
Unwinding recursion fibonacci iteration 9 (9 max)
Unwinding recursion fibonacci iteration 9 (9 max)
Unwinding recursion fibonacci iteration 7 (9 max)
Unwinding recursion fibonacci iteration 8 (9 max)
Unwinding recursion fibonacci iteration 9 (9 max)
Unwinding recursion fibonacci iteration 9 (9 max)
Unwinding recursion fibonacci iteration 8 (9 max)
Unwinding recursion fibonacci iteration 9 (9 max)
Unwinding recursion fibonacci iteration 9 (9 max)
Unwinding recursion fibonacci iteration 5 (9 max)
Unwinding recursion fibonacci iteration 6 (9 max)
Unwinding recursion fibonacci iteration 7 (9 max)
Unwinding recursion fibonacci iteration 8 (9 max)
Unwinding recursion fibonacci iteration 9 (9 max)
Unwinding recursion fibonacci iteration 9 (9 max)
Unwinding recursion fibonacci iteration 8 (9 max)
Unwinding recursion fibonacci iteration 9 (9 max)
Unwinding recursion fibonacci iteration 9 (9 max)
Unwinding recursion fibonacci iteration 7 (9 max)
Unwinding recursion fibonacci iteration 8 (9 max)
Unwinding recursion fibonacci iteration 9 (9 max)
Unwinding recursion fibonacci iteration 9 (9 max)
Unwinding recursion fibonacci iteration 8 (9 max)
Unwinding recursion fibonacci iteration 9 (9 max)
Unwinding recursion fibonacci iteration 9 (9 max)
Unwinding recursion fibonacci iteration 6 (9 max)
Unwinding recursion fibonacci iteration 7 (9 max)
Unwinding recursion fibonacci iteration 8 (9 max)
Unwinding recursion fibonacci iteration 9 (9 max)
Unwinding recursion fibonacci iteration 9 (9 max)
Unwinding recursion fibonacci iteration 8 (9 max)
Unwinding recursion fibonacci iteration 9 (9 max)
Unwinding recursion fibonacci iteration 9 (9 max)
Unwinding recursion fibonacci iteration 7 (9 max)
Unwinding recursion fibonacci iteration 8 (9 max)
Unwinding recursion fibonacci iteration 9 (9 max)
Unwinding recursion fibonacci iteration 9 (9 max)
Unwinding recursion fibonacci iteration 8 (9 max)
Unwinding recursion fibonacci iteration 9 (9 max)
Unwinding recursion fibonacci iteration 9 (9 max)
Unwinding recursion fibonacci iteration 4 (9 max)
Unwinding recursion fibonacci iteration 5 (9 max)
Unwinding recursion fibonacci iteration 6 (9 max)
Unwinding recursion fibonacci iteration 7 (9 max)
Unwinding recursion fibonacci iteration 8 (9 max)
Unwinding recursion fibonacci iteration 9 (9 max)
Unwinding recursion fibonacci iteration 9 (9 max)
Unwinding recursion fibonacci iteration 8 (9 max)
Unwinding recursion fibonacci iteration 9 (9 max)
Unwinding recursion fibonacci iteration 9 (9 max)
Unwinding recursion fibonacci iteration 7 (9 max)
Unwinding recursion fibonacci iteration 8 (9 max)
Unwinding recursion fibonacci iteration 9 (9 max)
Unwinding recursion fibonacci iteration 9 (9 max)
Unwinding recursion fibonacci iteration 8 (9 max)
Unwinding recursion fibonacci iteration 9 (9 max)
Unwinding recursion fibonacci iteration 9 (9 max)
Unwinding recursion fibonacci iteration 6 (9 max)
Unwinding recursion fibonacci iteration 7 (9 max)
Unwinding recursion fibonacci iteration 8 (9 max)
Unwinding recursion fibonacci iteration 9 (9 max)
Unwinding recursion fibonacci iteration 9 (9 max)
Unwinding recursion fibonacci iteration 8 (9 max)
Unwinding recursion fibonacci iteration 9 (9 max)
Unwinding recursion fibonacci iteration 9 (9 max)
Unwinding recursion fibonacci iteration 7 (9 max)
Unwinding recursion fibonacci iteration 8 (9 max)
Unwinding recursion fibonacci iteration 9 (9 max)
Unwinding recursion fibonacci iteration 9 (9 max)
Unwinding recursion fibonacci iteration 8 (9 max)
Unwinding recursion fibonacci iteration 9 (9 max)
Unwinding recursion fibonacci iteration 9 (9 max)
Unwinding recursion fibonacci iteration 5 (9 max)
Unwinding recursion fibonacci iteration 6 (9 max)
Unwinding recursion fibonacci iteration 7 (9 max)
Unwinding recursion fibonacci iteration 8 (9 max)
Unwinding recursion fibonacci iteration 9 (9 max)
Unwinding recursion fibonacci iteration 9 (9 max)
Unwinding recursion fibonacci iteration 8 (9 max)
Unwinding recursion fibonacci iteration 9 (9 max)
Unwinding recursion fibonacci iteration 9 (9 max)
Unwinding recursion fibonacci iteration 7 (9 max)
Unwinding recursion fibonacci iteration 8 (9 max)
Unwinding recursion fibonacci iteration 9 (9 max)
Unwinding recursion fibonacci iteration 9 (9 max)
Unwinding recursion fibonacci iteration 8 (9 max)
Unwinding recursion fibonacci iteration 9 (9 max)
Unwinding recursion fibonacci iteration 9 (9 max)
Unwinding recursion fibonacci iteration 6 (9 max)
Unwinding recursion fibonacci iteration 7 (9 max)
Unwinding recursion fibonacci iteration 8 (9 max)
Unwinding recursion fibonacci iteration 9 (9 max)
Unwinding recursion fibonacci iteration 9 (9 max)
Unwinding recursion fibonacci iteration 8 (9 max)
Unwinding recursion fibonacci iteration 9 (9 max)
Unwinding recursion fibonacci iteration 9 (9 max)
Unwinding recursion fibonacci iteration 7 (9 max)
Unwinding recursion fibonacci iteration 8 (9 max)
Unwinding recursion fibonacci iteration 9 (9 max)
Unwinding recursion fibonacci iteration 9 (9 max)
Unwinding recursion fibonacci iteration 8 (9 max)
Unwinding recursion fibonacci iteration 9 (9 max)
Unwinding recursion fibonacci iteration 9 (9 max)
Unwinding recursion fibonacci iteration 3 (9 max)
Unwinding recursion fibonacci iteration 4 (9 max)
Unwinding recursion fibonacci iteration 5 (9 max)
Unwinding recursion fibonacci iteration 6 (9 max)
Unwinding recursion fibonacci iteration 7 (9 max)
Unwinding recursion fibonacci iteration 8 (9 max)
Unwinding recursion fibonacci iteration 9 (9 max)
Unwinding recursion fibonacci iteration 9 (9 max)
Unwinding recursion fibonacci iteration 8 (9 max)
Unwinding recursion fibonacci iteration 9 (9 max)
Unwinding recursion fibonacci iteration 9 (9 max)
Unwinding recursion fibonacci iteration 7 (9 max)
Unwinding recursion fibonacci iteration 8 (9 max)
Unwinding recursion fibonacci iteration 9 (9 max)
Unwinding recursion fibonacci iteration 9 (9 max)
Unwinding recursion fibonacci iteration 8 (9 max)
Unwinding recursion fibonacci iteration 9 (9 max)
Unwinding recursion fibonacci iteration 9 (9 max)
Unwinding recursion fibonacci iteration 6 (9 max)
Unwinding recursion fibonacci iteration 7 (9 max)
Unwinding recursion fibonacci iteration 8 (9 max)
Unwinding recursion fibonacci iteration 9 (9 max)
Unwinding recursion fibonacci iteration 9 (9 max)
Unwinding recursion fibonacci iteration 8 (9 max)
Unwinding recursion fibonacci iteration 9 (9 max)
Unwinding recursion fibonacci iteration 9 (9 max)
Unwinding recursion fibonacci iteration 7 (9 max)
Unwinding recursion fibonacci iteration 8 (9 max)
Unwinding recursion fibonacci iteration 9 (9 max)
Unwinding recursion fibonacci iteration 9 (9 max)
Unwinding recursion fibonacci iteration 8 (9 max)
Unwinding recursion fibonacci iteration 9 (9 max)
Unwinding recursion fibonacci iteration 9 (9 max)
Unwinding recursion fibonacci iteration 5 (9 max)
Unwinding recursion fibonacci iteration 6 (9 max)
Unwinding recursion fibonacci iteration 7 (9 max)
Unwinding recursion fibonacci iteration 8 (9 max)
Unwinding recursion fibonacci iteration 9 (9 max)
Unwinding recursion fibonacci iteration 9 (9 max)
Unwinding recursion fibonacci iteration 8 (9 max)
Unwinding recursion fibonacci iteration 9 (9 max)
Unwinding recursion fibonacci iteration 9 (9 max)
Unwinding recursion fibonacci iteration 7 (9 max)
Unwinding recursion fibonacci iteration 8 (9 max)
Unwinding recursion fibonacci iteration 9 (9 max)
Unwinding recursion fibonacci iteration 9 (9 max)
Unwinding recursion fibonacci iteration 8 (9 max)
Unwinding recursion fibonacci iteration 9 (9 max)
Unwinding recursion fibonacci iteration 9 (9 max)
Unwinding recursion fibonacci iteration 6 (9 max)
Unwinding recursion fibonacci iteration 7 (9 max)
Unwinding recursion fibonacci iteration 8 (9 max)
Unwinding recursion fibonacci iteration 9 (9 max)
Unwinding recursion fibonacci iteration 9 (9 max)
Unwinding recursion fibonacci iteration 8 (9 max)
Unwinding recursion fibonacci iteration 9 (9 max)
Unwinding recursion fibonacci iteration 9 (9 max)
Unwinding recursion fibonacci iteration 7 (9 max)
Unwinding recursion fibonacci iteration 8 (9 max)
Unwinding recursion fibonacci iteration 9 (9 max)
Unwinding recursion fibonacci iteration 9 (9 max)
Unwinding recursion fibonacci iteration 8 (9 max)
Unwinding recursion fibonacci iteration 9 (9 max)
Unwinding recursion fibonacci iteration 9 (9 max)
Unwinding recursion fibonacci iteration 4 (9 max)
Unwinding recursion fibonacci iteration 5 (9 max)
Unwinding recursion fibonacci iteration 6 (9 max)
Unwinding recursion fibonacci iteration 7 (9 max)
Unwinding recursion fibonacci iteration 8 (9 max)
Unwinding recursion fibonacci iteration 9 (9 max)
Unwinding recursion fibonacci iteration 9 (9 max)
Unwinding recursion fibonacci iteration 8 (9 max)
Unwinding recursion fibonacci iteration 9 (9 max)
Unwinding recursion fibonacci iteration 9 (9 max)
Unwinding recursion fibonacci iteration 7 (9 max)
Unwinding recursion fibonacci iteration 8 (9 max)
Unwinding recursion fibonacci iteration 9 (9 max)
Unwinding recursion fibonacci iteration 9 (9 max)
Unwinding recursion fibonacci iteration 8 (9 max)
Unwinding recursion fibonacci iteration 9 (9 max)
Unwinding recursion fibonacci iteration 9 (9 max)
Unwinding recursion fibonacci iteration 6 (9 max)
Unwinding recursion fibonacci iteration 7 (9 max)
Unwinding recursion fibonacci iteration 8 (9 max)
Unwinding recursion fibonacci iteration 9 (9 max)
Unwinding recursion fibonacci iteration 9 (9 max)
Unwinding recursion fibonacci iteration 8 (9 max)
Unwinding recursion fibonacci iteration 9 (9 max)
Unwinding recursion fibonacci iteration 9 (9 max)
Unwinding recursion fibonacci iteration 7 (9 max)
Unwinding recursion fibonacci iteration 8 (9 max)
Unwinding recursion fibonacci iteration 9 (9 max)
Unwinding recursion fibonacci iteration 9 (9 max)
Unwinding recursion fibonacci iteration 8 (9 max)
Unwinding recursion fibonacci iteration 9 (9 max)
Unwinding recursion fibonacci iteration 9 (9 max)
Unwinding recursion fibonacci iteration 5 (9 max)
Unwinding recursion fibonacci iteration 6 (9 max)
Unwinding recursion fibonacci iteration 7 (9 max)
Unwinding recursion fibonacci iteration 8 (9 max)
Unwinding recursion fibonacci iteration 9 (9 max)
Unwinding recursion fibonacci iteration 9 (9 max)
Unwinding recursion fibonacci iteration 8 (9 max)
Unwinding recursion fibonacci iteration 9 (9 max)
Unwinding recursion fibonacci iteration 9 (9 max)
Unwinding recursion fibonacci iteration 7 (9 max)
Unwinding recursion fibonacci iteration 8 (9 max)
Unwinding recursion fibonacci iteration 9 (9 max)
Unwinding recursion fibonacci iteration 9 (9 max)
Unwinding recursion fibonacci iteration 8 (9 max)
Unwinding recursion fibonacci iteration 9 (9 max)
Unwinding recursion fibonacci iteration 9 (9 max)
Unwinding recursion fibonacci iteration 6 (9 max)
Unwinding recursion fibonacci iteration 7 (9 max)
Unwinding recursion fibonacci iteration 8 (9 max)
Unwinding recursion fibonacci iteration 9 (9 max)
Unwinding recursion fibonacci iteration 9 (9 max)
Unwinding recursion fibonacci iteration 8 (9 max)
Unwinding recursion fibonacci iteration 9 (9 max)
Unwinding recursion fibonacci iteration 9 (9 max)
Unwinding recursion fibonacci iteration 7 (9 max)
Unwinding recursion fibonacci iteration 8 (9 max)
Unwinding recursion fibonacci iteration 9 (9 max)
Unwinding recursion fibonacci iteration 9 (9 max)
Unwinding recursion fibonacci iteration 8 (9 max)
Unwinding recursion fibonacci iteration 9 (9 max)
Unwinding recursion fibonacci iteration 9 (9 max)
Symex completed in: 0.160s (5127 assignments)
Slicing time: 0.036s (removed 1542 assignments)
Generated 1 VCC(s), 1 remaining after simplification (3585 assignments)
No solver specified; defaulting to Boolector
Encoding remaining VCC(s) using bit-vector/floating-point arithmetic
Encoding to solver time: 0.041s
Solving with solver Boolector 3.2.1
Encoding to solver time: 0.041s
Runtime decision procedure: 2.074s
Building error trace

Counterexample:

State 1 file Fibonacci05.c line 28 function main thread 0
----------------------------------------------------
  x = 8 (00000000 00000000 00000000 00001000)

State 2 file Fibonacci05.c line 29 function main thread 0
----------------------------------------------------
  result = 21 (00000000 00000000 00000000 00010101)

State 3 file Fibonacci05.c line 3 function reach_error thread 0
----------------------------------------------------
Violated property:
  file Fibonacci05.c line 3 function reach_error
  assertion 0
  0


VERIFICATION FAILED

Bug found (k = 9)


FALSE_REACH
