./esbmc-wrapper.py -p ../sv-benchmarks/c/properties/unreach-call.prp -s kinduction --arch 32 ../sv-benchmarks/c/eca-rers2012/Problem18_label19.c


--------------------------------------------------------------------------------


Verifying with ESBMC
Command: ./esbmc --no-div-by-zero-check --force-malloc-success --state-hashing --no-align-check --k-step 2 --floatbv --unlimited-k-steps ../sv-benchmarks/c/eca-rers2012/Problem18_label19.c --32 --witness-output Problem18_label19.c.graphml --no-pointer-check --no-bounds-check --interval-analysis --k-induction --max-inductive-step 3 
ESBMC version 6.8.0 64-bit x86_64 linux
Target: 32-bit little-endian x86_64-unknown-linux with esbmc libc
file ../sv-benchmarks/c/eca-rers2012/Problem18_label19.c: Parsing
Converting
Generating GOTO Program
GOTO program creation time: 0.549s
GOTO program processing time: 0.128s
*** Checking base case, k = 1
Starting Bounded Model Checking
Not unwinding 
Symex completed in: 0.033s (89 assignments)
Slicing time: 0.000s (removed 85 assignments)
Generated 0 VCC(s), 0 remaining after simplification (4 assignments)
BMC program time: 0.033s
No bug has been found in the base case
*** Checking forward condition, k = 1
Starting Bounded Model Checking
Not unwinding 
Symex completed in: 0.025s (89 assignments)
Slicing time: 0.000s (removed 85 assignments)
Generated 1 VCC(s), 1 remaining after simplification (4 assignments)
No solver specified; defaulting to Boolector
Encoding remaining VCC(s) using bit-vector/floating-point arithmetic
Encoding to solver time: 0.000s
Solving with solver Boolector 3.2.1
Encoding to solver time: 0.000s
Runtime decision procedure: 0.002s
The forward condition is unable to prove the property
*** Checking base case, k = 3
Starting Bounded Model Checking
Unwinding loop 1  iteration  1   file Problem18_label19.c line 4269 function main
Unwinding loop 1  iteration  2   file Problem18_label19.c line 4269 function main
Not unwinding 
Symex completed in: 0.446s (9758 assignments)
Slicing time: 0.011s (removed 9381 assignments)
Generated 2 VCC(s), 2 remaining after simplification (377 assignments)
No solver specified; defaulting to Boolector
Encoding remaining VCC(s) using bit-vector/floating-point arithmetic
Encoding to solver time: 0.006s
Solving with solver Boolector 3.2.1
Encoding to solver time: 0.006s
Runtime decision procedure: 0.004s
BMC program time: 0.469s
No bug has been found in the base case
*** Checking forward condition, k = 3
Starting Bounded Model Checking
Unwinding loop 1  iteration  1   file Problem18_label19.c line 4269 function main
Unwinding loop 1  iteration  2   file Problem18_label19.c line 4269 function main
Not unwinding 
Symex completed in: 0.460s (9756 assignments)
Slicing time: 0.011s (removed 9381 assignments)
Generated 1 VCC(s), 1 remaining after simplification (375 assignments)
No solver specified; defaulting to Boolector
Encoding remaining VCC(s) using bit-vector/floating-point arithmetic
Encoding to solver time: 0.006s
Solving with solver Boolector 3.2.1
Encoding to solver time: 0.006s
Runtime decision procedure: 0.009s
The forward condition is unable to prove the property
*** Checking inductive step, k = 3
Starting Bounded Model Checking
Unwinding loop 1  iteration  1   file Problem18_label19.c line 4269 function main
Unwinding loop 1  iteration  2   file Problem18_label19.c line 4269 function main
Not unwinding 
Symex completed in: 1.301s (30353 assignments)
Slicing time: 2.227s (removed 13423 assignments)
Generated 1 VCC(s), 1 remaining after simplification (16930 assignments)
No solver specified; defaulting to Boolector
Encoding remaining VCC(s) using bit-vector/floating-point arithmetic
Encoding to solver time: 0.406s
Solving with solver Boolector 3.2.1
Encoding to solver time: 0.406s
Runtime decision procedure: 17.387s
The inductive step is unable to prove the property
*** Checking base case, k = 5
Starting Bounded Model Checking
Unwinding loop 1  iteration  1   file Problem18_label19.c line 4269 function main
Unwinding loop 1  iteration  2   file Problem18_label19.c line 4269 function main
Unwinding loop 1  iteration  3   file Problem18_label19.c line 4269 function main
Unwinding loop 1  iteration  4   file Problem18_label19.c line 4269 function main
Not unwinding 
Symex completed in: 1.560s (28228 assignments)
Slicing time: 0.390s (removed 16323 assignments)
Generated 4 VCC(s), 4 remaining after simplification (11905 assignments)
No solver specified; defaulting to Boolector
Encoding remaining VCC(s) using bit-vector/floating-point arithmetic
Encoding to solver time: 0.241s
Solving with solver Boolector 3.2.1
Encoding to solver time: 0.241s
Runtime decision procedure: 0.670s
BMC program time: 2.861s
No bug has been found in the base case
*** Checking forward condition, k = 5
Starting Bounded Model Checking
Unwinding loop 1  iteration  1   file Problem18_label19.c line 4269 function main
Unwinding loop 1  iteration  2   file Problem18_label19.c line 4269 function main
Unwinding loop 1  iteration  3   file Problem18_label19.c line 4269 function main
Unwinding loop 1  iteration  4   file Problem18_label19.c line 4269 function main
Not unwinding 
Symex completed in: 1.583s (28224 assignments)
Slicing time: 0.400s (removed 16323 assignments)
Generated 1 VCC(s), 1 remaining after simplification (11901 assignments)
No solver specified; defaulting to Boolector
Encoding remaining VCC(s) using bit-vector/floating-point arithmetic
Encoding to solver time: 0.261s
Solving with solver Boolector 3.2.1
Encoding to solver time: 0.261s
Runtime decision procedure: 7.888s
The forward condition is unable to prove the property
*** Checking base case, k = 7
Starting Bounded Model Checking
Unwinding loop 1  iteration  1   file Problem18_label19.c line 4269 function main
Unwinding loop 1  iteration  2   file Problem18_label19.c line 4269 function main
Unwinding loop 1  iteration  3   file Problem18_label19.c line 4269 function main
Unwinding loop 1  iteration  4   file Problem18_label19.c line 4269 function main
Unwinding loop 1  iteration  5   file Problem18_label19.c line 4269 function main
Unwinding loop 1  iteration  6   file Problem18_label19.c line 4269 function main
Not unwinding 
Symex completed in: 2.534s (46698 assignments)
Slicing time: 0.784s (removed 23265 assignments)
Generated 6 VCC(s), 6 remaining after simplification (23433 assignments)
No solver specified; defaulting to Boolector
Encoding remaining VCC(s) using bit-vector/floating-point arithmetic
Encoding to solver time: 0.475s
Solving with solver Boolector 3.2.1
Encoding to solver time: 0.475s
Runtime decision procedure: 13.485s
BMC program time: 17.278s
No bug has been found in the base case
*** Checking forward condition, k = 7
Starting Bounded Model Checking
Unwinding loop 1  iteration  1   file Problem18_label19.c line 4269 function main
Unwinding loop 1  iteration  2   file Problem18_label19.c line 4269 function main
Unwinding loop 1  iteration  3   file Problem18_label19.c line 4269 function main
Unwinding loop 1  iteration  4   file Problem18_label19.c line 4269 function main
Unwinding loop 1  iteration  5   file Problem18_label19.c line 4269 function main
Unwinding loop 1  iteration  6   file Problem18_label19.c line 4269 function main
Not unwinding 
Symex completed in: 2.697s (46692 assignments)
Slicing time: 0.800s (removed 23265 assignments)
Generated 1 VCC(s), 1 remaining after simplification (23427 assignments)
No solver specified; defaulting to Boolector
Encoding remaining VCC(s) using bit-vector/floating-point arithmetic
Encoding to solver time: 0.553s
Solving with solver Boolector 3.2.1
Encoding to solver time: 0.553s
Runtime decision procedure: 12.943s
The forward condition is unable to prove the property
*** Checking base case, k = 9
Starting Bounded Model Checking
Unwinding loop 1  iteration  1   file Problem18_label19.c line 4269 function main
Unwinding loop 1  iteration  2   file Problem18_label19.c line 4269 function main
Unwinding loop 1  iteration  3   file Problem18_label19.c line 4269 function main
Unwinding loop 1  iteration  4   file Problem18_label19.c line 4269 function main
Unwinding loop 1  iteration  5   file Problem18_label19.c line 4269 function main
Unwinding loop 1  iteration  6   file Problem18_label19.c line 4269 function main
Unwinding loop 1  iteration  7   file Problem18_label19.c line 4269 function main
Unwinding loop 1  iteration  8   file Problem18_label19.c line 4269 function main
Not unwinding 
Symex completed in: 3.741s (65168 assignments)
Slicing time: 1.182s (removed 30207 assignments)
Generated 8 VCC(s), 8 remaining after simplification (34961 assignments)
No solver specified; defaulting to Boolector
Encoding remaining VCC(s) using bit-vector/floating-point arithmetic
Encoding to solver time: 0.854s
Solving with solver Boolector 3.2.1
Encoding to solver time: 0.854s
Runtime decision procedure: 81.359s
Building error trace

Counterexample:

State 1 file Problem18_label19.c line 4273 function main thread 0
----------------------------------------------------
  input = 2 (00000000 00000000 00000000 00000010)

State 2 file Problem18_label19.c line 4273 function main thread 0
----------------------------------------------------
  input = 4 (00000000 00000000 00000000 00000100)

State 3 file Problem18_label19.c line 4273 function main thread 0
----------------------------------------------------
  input = 3 (00000000 00000000 00000000 00000011)

State 4 file Problem18_label19.c line 4273 function main thread 0
----------------------------------------------------
  input = 1 (00000000 00000000 00000000 00000001)

State 5 file Problem18_label19.c line 2231 function calculate_output2 thread 0
----------------------------------------------------
  a3 = -69698 (11111111 11111110 11101111 10111110)

State 6 file Problem18_label19.c line 4273 function main thread 0
----------------------------------------------------
  input = 2 (00000000 00000000 00000000 00000010)

State 7 file Problem18_label19.c line 567 function calculate_output thread 0
----------------------------------------------------
  a3 = -369642 (11111111 11111010 01011100 00010110)

State 8 file Problem18_label19.c line 4273 function main thread 0
----------------------------------------------------
  input = 2 (00000000 00000000 00000000 00000010)

State 9 file Problem18_label19.c line 2250 function calculate_output2 thread 0
----------------------------------------------------
  a3 = 361887 (00000000 00000101 10000101 10011111)

State 10 file Problem18_label19.c line 4273 function main thread 0
----------------------------------------------------
  input = 5 (00000000 00000000 00000000 00000101)

State 11 file Problem18_label19.c line 1149 function calculate_output thread 0
----------------------------------------------------
  a3 = -176696 (11111111 11111101 01001101 11001000)

State 12 file Problem18_label19.c line 4273 function main thread 0
----------------------------------------------------
  input = 3 (00000000 00000000 00000000 00000011)

State 13 file Problem18_label19.c line 14 function reach_error thread 0
----------------------------------------------------
Violated property:
  file Problem18_label19.c line 14 function reach_error
  assertion 0
  0


VERIFICATION FAILED

Bug found (k = 9)


FALSE_REACH
