./esbmc-wrapper.py -p ../sv-benchmarks/c/properties/unreach-call.prp -s kinduction --arch 64 ../sv-benchmarks/c/ldv-consumption/32_7a_cilled_linux-3.8-rc1-32_7a-drivers--isdn--hisax--hisax.ko-ldv_main0_sequence_infinite_withcheck_stateful.cil.out.i


--------------------------------------------------------------------------------


Verifying with ESBMC
Command: ./esbmc --no-div-by-zero-check --force-malloc-success --state-hashing --no-align-check --k-step 2 --floatbv --unlimited-k-steps ../sv-benchmarks/c/ldv-consumption/32_7a_cilled_linux-3.8-rc1-32_7a-drivers--isdn--hisax--hisax.ko-ldv_main0_sequence_infinite_withcheck_stateful.cil.out.i --64 --witness-output 32_7a_cilled_linux-3.8-rc1-32_7a-drivers--isdn--hisax--hisax.ko-ldv_main0_sequence_infinite_withcheck_stateful.cil.out.i.graphml --no-pointer-check --no-bounds-check --interval-analysis --k-induction --max-inductive-step 3 
ESBMC version 6.8.0 64-bit x86_64 linux
Target: 64-bit little-endian x86_64-unknown-linux with esbmc libc
file ../sv-benchmarks/c/ldv-consumption/32_7a_cilled_linux-3.8-rc1-32_7a-drivers--isdn--hisax--hisax.ko-ldv_main0_sequence_infinite_withcheck_stateful.cil.out.i: Parsing
Converting
Generating GOTO Program
GOTO program creation time: 23.797s
GOTO program processing time: 14.779s
*** Checking base case, k = 1
Starting Bounded Model Checking
Not unwinding 
Not unwinding 
Not unwinding 
Not unwinding 
Not unwinding 
Not unwinding 
Not unwinding 
Not unwinding 
Not unwinding 
Not unwinding 
Not unwinding 
Not unwinding 
Not unwinding 
Not unwinding 
Not unwinding 
Not unwinding 
Symex completed in: 0.227s (509 assignments)
Slicing time: 0.001s (removed 405 assignments)
Generated 0 VCC(s), 0 remaining after simplification (104 assignments)
BMC program time: 0.228s
No bug has been found in the base case
*** Checking forward condition, k = 1
Starting Bounded Model Checking
Not unwinding 
Not unwinding 
Not unwinding 
Not unwinding 
Not unwinding 
Not unwinding 
Not unwinding 
Not unwinding 
Not unwinding 
Not unwinding 
Not unwinding 
Not unwinding 
Not unwinding 
Not unwinding 
Not unwinding 
Not unwinding 
Symex completed in: 0.249s (509 assignments)
Slicing time: 0.002s (removed 405 assignments)
Generated 16 VCC(s), 16 remaining after simplification (104 assignments)
No solver specified; defaulting to Boolector
Encoding remaining VCC(s) using bit-vector/floating-point arithmetic
Encoding to solver time: 0.008s
Solving with solver Boolector 3.2.1
Encoding to solver time: 0.008s
Runtime decision procedure: 0.392s
The forward condition is unable to prove the property
*** Checking base case, k = 3
Starting Bounded Model Checking
Unwinding loop 3  iteration  1   file string.c line 30 function strcpy
Unwinding loop 3  iteration  2   file string.c line 30 function strcpy
Not unwinding 
Unwinding loop 4  iteration  1   file string.c line 127 function strchr
Unwinding loop 4  iteration  2   file string.c line 127 function strchr
Not unwinding 
Unwinding loop 4  iteration  1   file string.c line 127 function strchr
Unwinding loop 4  iteration  2   file string.c line 127 function strchr
Not unwinding 
Unwinding loop 3  iteration  1   file string.c line 30 function strcpy
Unwinding loop 3  iteration  2   file string.c line 30 function strcpy
Not unwinding 
Unwinding loop 4  iteration  1   file string.c line 127 function strchr
Unwinding loop 4  iteration  2   file string.c line 127 function strchr
Not unwinding 
Unwinding loop 4  iteration  1   file string.c line 127 function strchr
Unwinding loop 4  iteration  2   file string.c line 127 function strchr
Not unwinding 
Unwinding loop 3  iteration  1   file string.c line 30 function strcpy
Unwinding loop 3  iteration  2   file string.c line 30 function strcpy
Not unwinding 
Unwinding loop 4  iteration  1   file string.c line 127 function strchr
Unwinding loop 4  iteration  2   file string.c line 127 function strchr
Not unwinding 
Unwinding loop 4  iteration  1   file string.c line 127 function strchr
Unwinding loop 4  iteration  2   file string.c line 127 function strchr
Not unwinding 
Unwinding loop 3  iteration  1   file string.c line 30 function strcpy
Unwinding loop 3  iteration  2   file string.c line 30 function strcpy
Not unwinding 
Unwinding loop 4  iteration  1   file string.c line 127 function strchr
Unwinding loop 4  iteration  2   file string.c line 127 function strchr
Not unwinding 
Unwinding loop 4  iteration  1   file string.c line 127 function strchr
Unwinding loop 4  iteration  2   file string.c line 127 function strchr
Not unwinding 
Unwinding loop 3  iteration  1   file string.c line 30 function strcpy
Unwinding loop 3  iteration  2   file string.c line 30 function strcpy
Not unwinding 
Unwinding loop 4  iteration  1   file string.c line 127 function strchr
Unwinding loop 4  iteration  2   file string.c line 127 function strchr
Not unwinding 
Unwinding loop 4  iteration  1   file string.c line 127 function strchr
Unwinding loop 4  iteration  2   file string.c line 127 function strchr
Not unwinding 
Unwinding loop 59  iteration  1   file 32_7a_cilled_linux-3.8-rc1-32_7a-drivers--isdn--hisax--hisax.ko-ldv_main0_sequence_infinite_withcheck_stateful.cil.out.i line 17240 function FsmNew
Unwinding loop 59  iteration  2   file 32_7a_cilled_linux-3.8-rc1-32_7a-drivers--isdn--hisax--hisax.ko-ldv_main0_sequence_infinite_withcheck_stateful.cil.out.i line 17240 function FsmNew
Not unwinding 
Symex completed in: 1.167s (714 assignments)
Slicing time: 0.002s (removed 525 assignments)
Generated 0 VCC(s), 0 remaining after simplification (189 assignments)
BMC program time: 1.169s
No bug has been found in the base case
*** Checking forward condition, k = 3
Starting Bounded Model Checking
Unwinding loop 3  iteration  1   file string.c line 30 function strcpy
Unwinding loop 3  iteration  2   file string.c line 30 function strcpy
Not unwinding 
Unwinding loop 4  iteration  1   file string.c line 127 function strchr
Unwinding loop 4  iteration  2   file string.c line 127 function strchr
Not unwinding 
Unwinding loop 4  iteration  1   file string.c line 127 function strchr
Unwinding loop 4  iteration  2   file string.c line 127 function strchr
Not unwinding 
Unwinding loop 3  iteration  1   file string.c line 30 function strcpy
Unwinding loop 3  iteration  2   file string.c line 30 function strcpy
Not unwinding 
Unwinding loop 4  iteration  1   file string.c line 127 function strchr
Unwinding loop 4  iteration  2   file string.c line 127 function strchr
Not unwinding 
Unwinding loop 4  iteration  1   file string.c line 127 function strchr
Unwinding loop 4  iteration  2   file string.c line 127 function strchr
Not unwinding 
Unwinding loop 3  iteration  1   file string.c line 30 function strcpy
Unwinding loop 3  iteration  2   file string.c line 30 function strcpy
Not unwinding 
Unwinding loop 4  iteration  1   file string.c line 127 function strchr
Unwinding loop 4  iteration  2   file string.c line 127 function strchr
Not unwinding 
Unwinding loop 4  iteration  1   file string.c line 127 function strchr
Unwinding loop 4  iteration  2   file string.c line 127 function strchr
Not unwinding 
Unwinding loop 3  iteration  1   file string.c line 30 function strcpy
Unwinding loop 3  iteration  2   file string.c line 30 function strcpy
Not unwinding 
Unwinding loop 4  iteration  1   file string.c line 127 function strchr
Unwinding loop 4  iteration  2   file string.c line 127 function strchr
Not unwinding 
Unwinding loop 4  iteration  1   file string.c line 127 function strchr
Unwinding loop 4  iteration  2   file string.c line 127 function strchr
Not unwinding 
Unwinding loop 3  iteration  1   file string.c line 30 function strcpy
Unwinding loop 3  iteration  2   file string.c line 30 function strcpy
Not unwinding 
Unwinding loop 4  iteration  1   file string.c line 127 function strchr
Unwinding loop 4  iteration  2   file string.c line 127 function strchr
Not unwinding 
Unwinding loop 4  iteration  1   file string.c line 127 function strchr
Unwinding loop 4  iteration  2   file string.c line 127 function strchr
Not unwinding 
Unwinding loop 59  iteration  1   file 32_7a_cilled_linux-3.8-rc1-32_7a-drivers--isdn--hisax--hisax.ko-ldv_main0_sequence_infinite_withcheck_stateful.cil.out.i line 17240 function FsmNew
Unwinding loop 59  iteration  2   file 32_7a_cilled_linux-3.8-rc1-32_7a-drivers--isdn--hisax--hisax.ko-ldv_main0_sequence_infinite_withcheck_stateful.cil.out.i line 17240 function FsmNew
Not unwinding 
Symex completed in: 1.184s (714 assignments)
Slicing time: 0.002s (removed 525 assignments)
Generated 16 VCC(s), 16 remaining after simplification (189 assignments)
No solver specified; defaulting to Boolector
Encoding remaining VCC(s) using bit-vector/floating-point arithmetic
Encoding to solver time: 0.013s
Solving with solver Boolector 3.2.1
Encoding to solver time: 0.013s
Runtime decision procedure: 0.409s
The forward condition is unable to prove the property
*** Checking inductive step, k = 3
Starting Bounded Model Checking
Unwinding loop 3  iteration  1   file string.c line 30 function strcpy
Unwinding loop 3  iteration  2   file string.c line 30 function strcpy
Not unwinding 
Unwinding loop 4  iteration  1   file string.c line 127 function strchr
Unwinding loop 4  iteration  2   file string.c line 127 function strchr
Not unwinding 
Unwinding loop 4  iteration  1   file string.c line 127 function strchr
Unwinding loop 4  iteration  2   file string.c line 127 function strchr
Not unwinding 
Unwinding loop 3  iteration  1   file string.c line 30 function strcpy
Unwinding loop 3  iteration  2   file string.c line 30 function strcpy
Not unwinding 
Unwinding loop 4  iteration  1   file string.c line 127 function strchr
Unwinding loop 4  iteration  2   file string.c line 127 function strchr
Not unwinding 
Unwinding loop 4  iteration  1   file string.c line 127 function strchr
Unwinding loop 4  iteration  2   file string.c line 127 function strchr
Not unwinding 
Unwinding loop 3  iteration  1   file string.c line 30 function strcpy
Unwinding loop 3  iteration  2   file string.c line 30 function strcpy
Not unwinding 
Unwinding loop 4  iteration  1   file string.c line 127 function strchr
Unwinding loop 4  iteration  2   file string.c line 127 function strchr
Not unwinding 
Unwinding loop 4  iteration  1   file string.c line 127 function strchr
Unwinding loop 4  iteration  2   file string.c line 127 function strchr
Not unwinding 
Unwinding loop 3  iteration  1   file string.c line 30 function strcpy
Unwinding loop 3  iteration  2   file string.c line 30 function strcpy
Not unwinding 
Unwinding loop 4  iteration  1   file string.c line 127 function strchr
Unwinding loop 4  iteration  2   file string.c line 127 function strchr
Not unwinding 
Unwinding loop 4  iteration  1   file string.c line 127 function strchr
Unwinding loop 4  iteration  2   file string.c line 127 function strchr
Not unwinding 
Unwinding loop 3  iteration  1   file string.c line 30 function strcpy
Unwinding loop 3  iteration  2   file string.c line 30 function strcpy
Not unwinding 
Unwinding loop 4  iteration  1   file string.c line 127 function strchr
Unwinding loop 4  iteration  2   file string.c line 127 function strchr
Not unwinding 
Unwinding loop 4  iteration  1   file string.c line 127 function strchr
Unwinding loop 4  iteration  2   file string.c line 127 function strchr
Not unwinding 
Unwinding loop 59  iteration  1   file 32_7a_cilled_linux-3.8-rc1-32_7a-drivers--isdn--hisax--hisax.ko-ldv_main0_sequence_infinite_withcheck_stateful.cil.out.i line 17240 function FsmNew
Unwinding loop 59  iteration  2   file 32_7a_cilled_linux-3.8-rc1-32_7a-drivers--isdn--hisax--hisax.ko-ldv_main0_sequence_infinite_withcheck_stateful.cil.out.i line 17240 function FsmNew
Not unwinding 
Unwinding loop 59  iteration  1   file 32_7a_cilled_linux-3.8-rc1-32_7a-drivers--isdn--hisax--hisax.ko-ldv_main0_sequence_infinite_withcheck_stateful.cil.out.i line 17240 function FsmNew
Unwinding loop 59  iteration  2   file 32_7a_cilled_linux-3.8-rc1-32_7a-drivers--isdn--hisax--hisax.ko-ldv_main0_sequence_infinite_withcheck_stateful.cil.out.i line 17240 function FsmNew
Not unwinding 
Unwinding loop 59  iteration  1   file 32_7a_cilled_linux-3.8-rc1-32_7a-drivers--isdn--hisax--hisax.ko-ldv_main0_sequence_infinite_withcheck_stateful.cil.out.i line 17240 function FsmNew
Unwinding loop 59  iteration  2   file 32_7a_cilled_linux-3.8-rc1-32_7a-drivers--isdn--hisax--hisax.ko-ldv_main0_sequence_infinite_withcheck_stateful.cil.out.i line 17240 function FsmNew
Not unwinding 
Unwinding loop 59  iteration  1   file 32_7a_cilled_linux-3.8-rc1-32_7a-drivers--isdn--hisax--hisax.ko-ldv_main0_sequence_infinite_withcheck_stateful.cil.out.i line 17240 function FsmNew
Unwinding loop 59  iteration  2   file 32_7a_cilled_linux-3.8-rc1-32_7a-drivers--isdn--hisax--hisax.ko-ldv_main0_sequence_infinite_withcheck_stateful.cil.out.i line 17240 function FsmNew
Not unwinding 
Unwinding loop 59  iteration  1   file 32_7a_cilled_linux-3.8-rc1-32_7a-drivers--isdn--hisax--hisax.ko-ldv_main0_sequence_infinite_withcheck_stateful.cil.out.i line 17240 function FsmNew
Unwinding loop 59  iteration  2   file 32_7a_cilled_linux-3.8-rc1-32_7a-drivers--isdn--hisax--hisax.ko-ldv_main0_sequence_infinite_withcheck_stateful.cil.out.i line 17240 function FsmNew
Not unwinding 
Unwinding loop 59  iteration  1   file 32_7a_cilled_linux-3.8-rc1-32_7a-drivers--isdn--hisax--hisax.ko-ldv_main0_sequence_infinite_withcheck_stateful.cil.out.i line 17240 function FsmNew
Unwinding loop 59  iteration  2   file 32_7a_cilled_linux-3.8-rc1-32_7a-drivers--isdn--hisax--hisax.ko-ldv_main0_sequence_infinite_withcheck_stateful.cil.out.i line 17240 function FsmNew
Not unwinding 
Unwinding loop 59  iteration  1   file 32_7a_cilled_linux-3.8-rc1-32_7a-drivers--isdn--hisax--hisax.ko-ldv_main0_sequence_infinite_withcheck_stateful.cil.out.i line 17240 function FsmNew
Unwinding loop 59  iteration  2   file 32_7a_cilled_linux-3.8-rc1-32_7a-drivers--isdn--hisax--hisax.ko-ldv_main0_sequence_infinite_withcheck_stateful.cil.out.i line 17240 function FsmNew
Not unwinding 
Unwinding loop 26  iteration  1   file 32_7a_cilled_linux-3.8-rc1-32_7a-drivers--isdn--hisax--hisax.ko-ldv_main0_sequence_infinite_withcheck_stateful.cil.out.i line 7143 function HiSax_init
Unwinding loop 26  iteration  2   file 32_7a_cilled_linux-3.8-rc1-32_7a-drivers--isdn--hisax--hisax.ko-ldv_main0_sequence_infinite_withcheck_stateful.cil.out.i line 7143 function HiSax_init
Not unwinding 
Unwinding loop 53  iteration  1   file 32_7a_cilled_linux-3.8-rc1-32_7a-drivers--isdn--hisax--hisax.ko-ldv_main0_sequence_infinite_withcheck_stateful.cil.out.i line 7900 function main
No target candidate for function call *cs->irq_func
Unwinding loop 53  iteration  2   file 32_7a_cilled_linux-3.8-rc1-32_7a-drivers--isdn--hisax--hisax.ko-ldv_main0_sequence_infinite_withcheck_stateful.cil.out.i line 7900 function main
No target candidate for function call *cs->irq_func
Not unwinding 
Symex completed in: 4.497s (1427 assignments)
Slicing time: 0.003s (removed 1190 assignments)
Generated 0 VCC(s), 0 remaining after simplification (237 assignments)
BMC program time: 4.500s
Building successful trace

VERIFICATION SUCCESSFUL

Solution found by the inductive step (k = 3)

../sv-benchmarks/c/ldv-consumption/32_7a_cilled_linux-3.8-rc1-32_7a-drivers--isdn--hisax--hisax.ko-ldv_main0_sequence_infinite_withcheck_stateful.cil.out.i:6036:12: warning: incompatible redeclaration of library function 'vsprintf' [-Wincompatible-library-redeclaration]
extern int vsprintf(char * , char const * , __va_list_tag * ) ;
           ^
../sv-benchmarks/c/ldv-consumption/32_7a_cilled_linux-3.8-rc1-32_7a-drivers--isdn--hisax--hisax.ko-ldv_main0_sequence_infinite_withcheck_stateful.cil.out.i:6036:12: note: 'vsprintf' is a builtin with type 'int (char *, const char *, struct __va_list_tag *)'
../sv-benchmarks/c/ldv-consumption/32_7a_cilled_linux-3.8-rc1-32_7a-drivers--isdn--hisax--hisax.ko-ldv_main0_sequence_infinite_withcheck_stateful.cil.out.i:6530:22: warning: incompatible pointer types passing '__va_list_tag *' (aka 'struct __va_list_tag *') to parameter of type 'struct __va_list_tag *' [-Wincompatible-pointer-types]
  __builtin_va_start((__va_list_tag *)(& args), fmt);
                     ^~~~~~~~~~~~~~~~~~~~~~~~~
../sv-benchmarks/c/ldv-consumption/32_7a_cilled_linux-3.8-rc1-32_7a-drivers--isdn--hisax--hisax.ko-ldv_main0_sequence_infinite_withcheck_stateful.cil.out.i:6532:20: warning: incompatible pointer types passing '__va_list_tag *' (aka 'struct __va_list_tag *') to parameter of type 'struct __va_list_tag *' [-Wincompatible-pointer-types]
  __builtin_va_end((__va_list_tag *)(& args));
                   ^~~~~~~~~~~~~~~~~~~~~~~~~
../sv-benchmarks/c/ldv-consumption/32_7a_cilled_linux-3.8-rc1-32_7a-drivers--isdn--hisax--hisax.ko-ldv_main0_sequence_infinite_withcheck_stateful.cil.out.i:8020:22: warning: incompatible pointer types passing '__va_list_tag *' (aka 'struct __va_list_tag *') to parameter of type 'struct __va_list_tag *' [-Wincompatible-pointer-types]
  __builtin_va_start((__va_list_tag *)(& args), fmt);
                     ^~~~~~~~~~~~~~~~~~~~~~~~~
../sv-benchmarks/c/ldv-consumption/32_7a_cilled_linux-3.8-rc1-32_7a-drivers--isdn--hisax--hisax.ko-ldv_main0_sequence_infinite_withcheck_stateful.cil.out.i:8023:20: warning: incompatible pointer types passing '__va_list_tag *' (aka 'struct __va_list_tag *') to parameter of type 'struct __va_list_tag *' [-Wincompatible-pointer-types]
  __builtin_va_end((__va_list_tag *)(& args));
                   ^~~~~~~~~~~~~~~~~~~~~~~~~
../sv-benchmarks/c/ldv-consumption/32_7a_cilled_linux-3.8-rc1-32_7a-drivers--isdn--hisax--hisax.ko-ldv_main0_sequence_infinite_withcheck_stateful.cil.out.i:8036:22: warning: incompatible pointer types passing '__va_list_tag *' (aka 'struct __va_list_tag *') to parameter of type 'struct __va_list_tag *' [-Wincompatible-pointer-types]
  __builtin_va_start((__va_list_tag *)(& args), fmt);
                     ^~~~~~~~~~~~~~~~~~~~~~~~~
../sv-benchmarks/c/ldv-consumption/32_7a_cilled_linux-3.8-rc1-32_7a-drivers--isdn--hisax--hisax.ko-ldv_main0_sequence_infinite_withcheck_stateful.cil.out.i:8039:20: warning: incompatible pointer types passing '__va_list_tag *' (aka 'struct __va_list_tag *') to parameter of type 'struct __va_list_tag *' [-Wincompatible-pointer-types]
  __builtin_va_end((__va_list_tag *)(& args));
                   ^~~~~~~~~~~~~~~~~~~~~~~~~
../sv-benchmarks/c/ldv-consumption/32_7a_cilled_linux-3.8-rc1-32_7a-drivers--isdn--hisax--hisax.ko-ldv_main0_sequence_infinite_withcheck_stateful.cil.out.i:9516:22: warning: incompatible pointer types passing '__va_list_tag *' (aka 'struct __va_list_tag *') to parameter of type 'struct __va_list_tag *' [-Wincompatible-pointer-types]
  __builtin_va_start((__va_list_tag *)(& args), fmt);
                     ^~~~~~~~~~~~~~~~~~~~~~~~~
../sv-benchmarks/c/ldv-consumption/32_7a_cilled_linux-3.8-rc1-32_7a-drivers--isdn--hisax--hisax.ko-ldv_main0_sequence_infinite_withcheck_stateful.cil.out.i:9518:20: warning: incompatible pointer types passing '__va_list_tag *' (aka 'struct __va_list_tag *') to parameter of type 'struct __va_list_tag *' [-Wincompatible-pointer-types]
  __builtin_va_end((__va_list_tag *)(& args));
                   ^~~~~~~~~~~~~~~~~~~~~~~~~
../sv-benchmarks/c/ldv-consumption/32_7a_cilled_linux-3.8-rc1-32_7a-drivers--isdn--hisax--hisax.ko-ldv_main0_sequence_infinite_withcheck_stateful.cil.out.i:10283:32: warning: incompatible integer to pointer conversion passing 'int' to parameter of type 'void *' [-Wint-conversion]
    (*(st->ma.layer))(st, 650, 67);
                               ^~
../sv-benchmarks/c/ldv-consumption/32_7a_cilled_linux-3.8-rc1-32_7a-drivers--isdn--hisax--hisax.ko-ldv_main0_sequence_infinite_withcheck_stateful.cil.out.i:10285:32: warning: incompatible integer to pointer conversion passing 'int' to parameter of type 'void *' [-Wint-conversion]
    (*(st->ma.layer))(st, 650, 68);
                               ^~
../sv-benchmarks/c/ldv-consumption/32_7a_cilled_linux-3.8-rc1-32_7a-drivers--isdn--hisax--hisax.ko-ldv_main0_sequence_infinite_withcheck_stateful.cil.out.i:10300:32: warning: incompatible integer to pointer conversion passing 'int' to parameter of type 'void *' [-Wint-conversion]
    (*(st->ma.layer))(st, 650, 66);
                               ^~
../sv-benchmarks/c/ldv-consumption/32_7a_cilled_linux-3.8-rc1-32_7a-drivers--isdn--hisax--hisax.ko-ldv_main0_sequence_infinite_withcheck_stateful.cil.out.i:10302:32: warning: incompatible integer to pointer conversion passing 'int' to parameter of type 'void *' [-Wint-conversion]
    (*(st->ma.layer))(st, 650, 69);
                               ^~
../sv-benchmarks/c/ldv-consumption/32_7a_cilled_linux-3.8-rc1-32_7a-drivers--isdn--hisax--hisax.ko-ldv_main0_sequence_infinite_withcheck_stateful.cil.out.i:10319:32: warning: incompatible integer to pointer conversion passing 'int' to parameter of type 'void *' [-Wint-conversion]
    (*(st->ma.layer))(st, 650, 66);
                               ^~
../sv-benchmarks/c/ldv-consumption/32_7a_cilled_linux-3.8-rc1-32_7a-drivers--isdn--hisax--hisax.ko-ldv_main0_sequence_infinite_withcheck_stateful.cil.out.i:10321:32: warning: incompatible integer to pointer conversion passing 'int' to parameter of type 'void *' [-Wint-conversion]
    (*(st->ma.layer))(st, 650, 69);
                               ^~
../sv-benchmarks/c/ldv-consumption/32_7a_cilled_linux-3.8-rc1-32_7a-drivers--isdn--hisax--hisax.ko-ldv_main0_sequence_infinite_withcheck_stateful.cil.out.i:10552:30: warning: incompatible integer to pointer conversion passing 'int' to parameter of type 'void *' [-Wint-conversion]
  (*(st->ma.layer))(st, 650, 70);
                             ^~
../sv-benchmarks/c/ldv-consumption/32_7a_cilled_linux-3.8-rc1-32_7a-drivers--isdn--hisax--hisax.ko-ldv_main0_sequence_infinite_withcheck_stateful.cil.out.i:10824:30: warning: incompatible integer to pointer conversion passing 'int' to parameter of type 'void *' [-Wint-conversion]
  (*(st->ma.layer))(st, 650, 74);
                             ^~
../sv-benchmarks/c/ldv-consumption/32_7a_cilled_linux-3.8-rc1-32_7a-drivers--isdn--hisax--hisax.ko-ldv_main0_sequence_infinite_withcheck_stateful.cil.out.i:10931:34: warning: incompatible integer to pointer conversion passing 'int' to parameter of type 'void *' [-Wint-conversion]
      (*(st->ma.layer))(st, 650, 65);
                                 ^~
../sv-benchmarks/c/ldv-consumption/32_7a_cilled_linux-3.8-rc1-32_7a-drivers--isdn--hisax--hisax.ko-ldv_main0_sequence_infinite_withcheck_stateful.cil.out.i:11185:32: warning: incompatible integer to pointer conversion passing 'int' to parameter of type 'void *' [-Wint-conversion]
    (*(st->ma.layer))(st, 650, 71);
                               ^~
../sv-benchmarks/c/ldv-consumption/32_7a_cilled_linux-3.8-rc1-32_7a-drivers--isdn--hisax--hisax.ko-ldv_main0_sequence_infinite_withcheck_stateful.cil.out.i:11221:32: warning: incompatible integer to pointer conversion passing 'int' to parameter of type 'void *' [-Wint-conversion]
    (*(st->ma.layer))(st, 650, 72);
                               ^~
../sv-benchmarks/c/ldv-consumption/32_7a_cilled_linux-3.8-rc1-32_7a-drivers--isdn--hisax--hisax.ko-ldv_main0_sequence_infinite_withcheck_stateful.cil.out.i:11275:32: warning: incompatible integer to pointer conversion passing 'int' to parameter of type 'void *' [-Wint-conversion]
    (*(st->ma.layer))(st, 650, 73);
                               ^~
../sv-benchmarks/c/ldv-consumption/32_7a_cilled_linux-3.8-rc1-32_7a-drivers--isdn--hisax--hisax.ko-ldv_main0_sequence_infinite_withcheck_stateful.cil.out.i:11510:32: warning: incompatible integer to pointer conversion passing 'int' to parameter of type 'void *' [-Wint-conversion]
    (*(st->ma.layer))(st, 650, 75);
                               ^~
../sv-benchmarks/c/ldv-consumption/32_7a_cilled_linux-3.8-rc1-32_7a-drivers--isdn--hisax--hisax.ko-ldv_main0_sequence_infinite_withcheck_stateful.cil.out.i:11516:34: warning: incompatible integer to pointer conversion passing 'int' to parameter of type 'void *' [-Wint-conversion]
      (*(st->ma.layer))(st, 650, 75);
                                 ^~
../sv-benchmarks/c/ldv-consumption/32_7a_cilled_linux-3.8-rc1-32_7a-drivers--isdn--hisax--hisax.ko-ldv_main0_sequence_infinite_withcheck_stateful.cil.out.i:11815:32: warning: incompatible integer to pointer conversion passing 'int' to parameter of type 'void *' [-Wint-conversion]
    FsmEvent(& st->l2.l2m, 21, 78);
                               ^~
../sv-benchmarks/c/ldv-consumption/32_7a_cilled_linux-3.8-rc1-32_7a-drivers--isdn--hisax--hisax.ko-ldv_main0_sequence_infinite_withcheck_stateful.cil.out.i:7992:53: note: passing argument to parameter 'arg' here
int FsmEvent(struct FsmInst *fi , int event , void *arg ) ;
                                                    ^
../sv-benchmarks/c/ldv-consumption/32_7a_cilled_linux-3.8-rc1-32_7a-drivers--isdn--hisax--hisax.ko-ldv_main0_sequence_infinite_withcheck_stateful.cil.out.i:11866:62: warning: incompatible integer to pointer conversion passing 'int' to parameter of type 'void *' [-Wint-conversion]
                                  FsmEvent(& st->l2.l2m, 21, 76);
                                                             ^~
../sv-benchmarks/c/ldv-consumption/32_7a_cilled_linux-3.8-rc1-32_7a-drivers--isdn--hisax--hisax.ko-ldv_main0_sequence_infinite_withcheck_stateful.cil.out.i:7992:53: note: passing argument to parameter 'arg' here
int FsmEvent(struct FsmInst *fi , int event , void *arg ) ;
                                                    ^
../sv-benchmarks/c/ldv-consumption/32_7a_cilled_linux-3.8-rc1-32_7a-drivers--isdn--hisax--hisax.ko-ldv_main0_sequence_infinite_withcheck_stateful.cil.out.i:12027:22: warning: incompatible pointer types passing '__va_list_tag *' (aka 'struct __va_list_tag *') to parameter of type 'struct __va_list_tag *' [-Wincompatible-pointer-types]
  __builtin_va_start((__va_list_tag *)(& args), fmt);
                     ^~~~~~~~~~~~~~~~~~~~~~~~~
../sv-benchmarks/c/ldv-consumption/32_7a_cilled_linux-3.8-rc1-32_7a-drivers--isdn--hisax--hisax.ko-ldv_main0_sequence_infinite_withcheck_stateful.cil.out.i:12030:20: warning: incompatible pointer types passing '__va_list_tag *' (aka 'struct __va_list_tag *') to parameter of type 'struct __va_list_tag *' [-Wincompatible-pointer-types]
  __builtin_va_end((__va_list_tag *)(& args));
                   ^~~~~~~~~~~~~~~~~~~~~~~~~
../sv-benchmarks/c/ldv-consumption/32_7a_cilled_linux-3.8-rc1-32_7a-drivers--isdn--hisax--hisax.ko-ldv_main0_sequence_infinite_withcheck_stateful.cil.out.i:12231:22: warning: incompatible pointer types passing '__va_list_tag *' (aka 'struct __va_list_tag *') to parameter of type 'struct __va_list_tag *' [-Wincompatible-pointer-types]
  __builtin_va_start((__va_list_tag *)(& args), fmt);
                     ^~~~~~~~~~~~~~~~~~~~~~~~~
../sv-benchmarks/c/ldv-consumption/32_7a_cilled_linux-3.8-rc1-32_7a-drivers--isdn--hisax--hisax.ko-ldv_main0_sequence_infinite_withcheck_stateful.cil.out.i:12234:20: warning: incompatible pointer types passing '__va_list_tag *' (aka 'struct __va_list_tag *') to parameter of type 'struct __va_list_tag *' [-Wincompatible-pointer-types]
  __builtin_va_end((__va_list_tag *)(& args));
                   ^~~~~~~~~~~~~~~~~~~~~~~~~
../sv-benchmarks/c/ldv-consumption/32_7a_cilled_linux-3.8-rc1-32_7a-drivers--isdn--hisax--hisax.ko-ldv_main0_sequence_infinite_withcheck_stateful.cil.out.i:15213:22: warning: incompatible pointer types passing '__va_list_tag *' (aka 'struct __va_list_tag *') to parameter of type 'struct __va_list_tag *' [-Wincompatible-pointer-types]
  __builtin_va_start((__va_list_tag *)(& args), fmt);
                     ^~~~~~~~~~~~~~~~~~~~~~~~~
../sv-benchmarks/c/ldv-consumption/32_7a_cilled_linux-3.8-rc1-32_7a-drivers--isdn--hisax--hisax.ko-ldv_main0_sequence_infinite_withcheck_stateful.cil.out.i:15216:20: warning: incompatible pointer types passing '__va_list_tag *' (aka 'struct __va_list_tag *') to parameter of type 'struct __va_list_tag *' [-Wincompatible-pointer-types]
  __builtin_va_end((__va_list_tag *)(& args));
                   ^~~~~~~~~~~~~~~~~~~~~~~~~
../sv-benchmarks/c/ldv-consumption/32_7a_cilled_linux-3.8-rc1-32_7a-drivers--isdn--hisax--hisax.ko-ldv_main0_sequence_infinite_withcheck_stateful.cil.out.i:16230:22: warning: incompatible pointer types passing '__va_list_tag *' (aka 'struct __va_list_tag *') to parameter of type 'struct __va_list_tag *' [-Wincompatible-pointer-types]
  __builtin_va_start((__va_list_tag *)(& args), fmt);
                     ^~~~~~~~~~~~~~~~~~~~~~~~~
../sv-benchmarks/c/ldv-consumption/32_7a_cilled_linux-3.8-rc1-32_7a-drivers--isdn--hisax--hisax.ko-ldv_main0_sequence_infinite_withcheck_stateful.cil.out.i:16233:20: warning: incompatible pointer types passing '__va_list_tag *' (aka 'struct __va_list_tag *') to parameter of type 'struct __va_list_tag *' [-Wincompatible-pointer-types]
  __builtin_va_end((__va_list_tag *)(& args));
                   ^~~~~~~~~~~~~~~~~~~~~~~~~
../sv-benchmarks/c/ldv-consumption/32_7a_cilled_linux-3.8-rc1-32_7a-drivers--isdn--hisax--hisax.ko-ldv_main0_sequence_infinite_withcheck_stateful.cil.out.i:17235:145: warning: incompatible function pointer types assigning to 'FSMFNPTR (*)(struct FsmInst *, int, void *)' (aka 'void (*(*)(struct FsmInst *, int, void *))(struct FsmInst *, int, void *)') from 'void (*)(struct FsmInst *, int, void *)' [-Wincompatible-function-pointer-types]
    *(fsm->jumpmatrix + (unsigned long )(fsm->state_count * (fnlist___0 + (unsigned long )i)->event + (fnlist___0 + (unsigned long )i)->state)) = (fnlist___0 + (unsigned long )i)->routine;
                                                                                                                                                ^ ~~~~~~~~~~~~~~~~~~~~~~~~~~~~~~~~~~~~~~~~~
../sv-benchmarks/c/ldv-consumption/32_7a_cilled_linux-3.8-rc1-32_7a-drivers--isdn--hisax--hisax.ko-ldv_main0_sequence_infinite_withcheck_stateful.cil.out.i:17263:5: warning: incompatible function pointer types assigning to 'void (*)(struct FsmInst *, int, void *)' from 'FSMFNPTR (*)(struct FsmInst *, int, void *)' (aka 'void (*(*)(struct FsmInst *, int, void *))(struct FsmInst *, int, void *)') [-Wincompatible-function-pointer-types]
  r = *((fi->fsm)->jumpmatrix + (unsigned long )((fi->fsm)->state_count * event + fi->state));
    ^ ~~~~~~~~~~~~~~~~~~~~~~~~~~~~~~~~~~~~~~~~~~~~~~~~~~~~~~~~~~~~~~~~~~~~~~~~~~~~~~~~~~~~~~~

TRUE
