./esbmc-wrapper.py -p ../sv-benchmarks/c/properties/unreach-call.prp -s kinduction --arch 32 ../sv-benchmarks/c/eca-rers2012/Problem14_label55.c


--------------------------------------------------------------------------------


Verifying with ESBMC
Command: ./esbmc --no-div-by-zero-check --force-malloc-success --state-hashing --no-align-check --k-step 2 --floatbv --unlimited-k-steps ../sv-benchmarks/c/eca-rers2012/Problem14_label55.c --32 --witness-output Problem14_label55.c.graphml --no-pointer-check --no-bounds-check --interval-analysis --k-induction --max-inductive-step 3 
ESBMC version 6.8.0 64-bit x86_64 linux
Target: 32-bit little-endian x86_64-unknown-linux with esbmc libc
file ../sv-benchmarks/c/eca-rers2012/Problem14_label55.c: Parsing
Converting
Generating GOTO Program
GOTO program creation time: 0.180s
GOTO program processing time: 0.029s
*** Checking base case, k = 1
Starting Bounded Model Checking
Not unwinding 
Symex completed in: 0.008s (87 assignments)
Slicing time: 0.000s (removed 83 assignments)
Generated 0 VCC(s), 0 remaining after simplification (4 assignments)
BMC program time: 0.008s
No bug has been found in the base case
*** Checking forward condition, k = 1
Starting Bounded Model Checking
Not unwinding 
Symex completed in: 0.007s (87 assignments)
Slicing time: 0.000s (removed 83 assignments)
Generated 1 VCC(s), 1 remaining after simplification (4 assignments)
No solver specified; defaulting to Boolector
Encoding remaining VCC(s) using bit-vector/floating-point arithmetic
Encoding to solver time: 0.000s
Solving with solver Boolector 3.2.1
Encoding to solver time: 0.000s
Runtime decision procedure: 0.003s
The forward condition is unable to prove the property
*** Checking base case, k = 3
Starting Bounded Model Checking
Unwinding loop 1  iteration  1   file Problem14_label55.c line 890 function main
Unwinding loop 1  iteration  2   file Problem14_label55.c line 890 function main
Not unwinding 
Symex completed in: 0.069s (2171 assignments)
Slicing time: 0.006s (removed 1813 assignments)
Generated 1 VCC(s), 1 remaining after simplification (358 assignments)
No solver specified; defaulting to Boolector
Encoding remaining VCC(s) using bit-vector/floating-point arithmetic
Encoding to solver time: 0.004s
Solving with solver Boolector 3.2.1
Encoding to solver time: 0.004s
Runtime decision procedure: 0.002s
BMC program time: 0.082s
No bug has been found in the base case
*** Checking forward condition, k = 3
Starting Bounded Model Checking
Unwinding loop 1  iteration  1   file Problem14_label55.c line 890 function main
Unwinding loop 1  iteration  2   file Problem14_label55.c line 890 function main
Not unwinding 
Symex completed in: 0.073s (2170 assignments)
Slicing time: 0.005s (removed 1813 assignments)
Generated 1 VCC(s), 1 remaining after simplification (357 assignments)
No solver specified; defaulting to Boolector
Encoding remaining VCC(s) using bit-vector/floating-point arithmetic
Encoding to solver time: 0.004s
Solving with solver Boolector 3.2.1
Encoding to solver time: 0.004s
Runtime decision procedure: 0.010s
The forward condition is unable to prove the property
*** Checking inductive step, k = 3
Starting Bounded Model Checking
Unwinding loop 1  iteration  1   file Problem14_label55.c line 890 function main
Unwinding loop 1  iteration  2   file Problem14_label55.c line 890 function main
Not unwinding 
Symex completed in: 0.171s (5591 assignments)
Slicing time: 0.106s (removed 2406 assignments)
Generated 1 VCC(s), 1 remaining after simplification (3185 assignments)
No solver specified; defaulting to Boolector
Encoding remaining VCC(s) using bit-vector/floating-point arithmetic
Encoding to solver time: 0.058s
Solving with solver Boolector 3.2.1
Encoding to solver time: 0.058s
Runtime decision procedure: 11.589s
BMC program time: 11.925s
Building successful trace

VERIFICATION SUCCESSFUL

Solution found by the inductive step (k = 3)


TRUE
