./esbmc-wrapper.py -p ../sv-benchmarks/c/properties/unreach-call.prp -s kinduction --arch 32 ../sv-benchmarks/c/openssl-simplified/s3_clnt_2.cil-2.c


--------------------------------------------------------------------------------


Verifying with ESBMC
Command: ./esbmc --no-div-by-zero-check --force-malloc-success --state-hashing --no-align-check --k-step 2 --floatbv --unlimited-k-steps ../sv-benchmarks/c/openssl-simplified/s3_clnt_2.cil-2.c --32 --witness-output s3_clnt_2.cil-2.c.graphml --no-pointer-check --no-bounds-check --interval-analysis --k-induction --max-inductive-step 3 
ESBMC version 6.8.0 64-bit x86_64 linux
Target: 32-bit little-endian x86_64-unknown-linux with esbmc libc
file ../sv-benchmarks/c/openssl-simplified/s3_clnt_2.cil-2.c: Parsing
Converting
Generating GOTO Program
GOTO program creation time: 0.162s
GOTO program processing time: 0.085s
*** Checking base case, k = 1
Starting Bounded Model Checking
Not unwinding 
Symex completed in: 0.008s (136 assignments)
Slicing time: 0.000s (removed 116 assignments)
Generated 0 VCC(s), 0 remaining after simplification (20 assignments)
BMC program time: 0.008s
No bug has been found in the base case
*** Checking forward condition, k = 1
Starting Bounded Model Checking
Not unwinding 
Symex completed in: 0.008s (136 assignments)
Slicing time: 0.000s (removed 116 assignments)
Generated 1 VCC(s), 1 remaining after simplification (20 assignments)
No solver specified; defaulting to Boolector
Encoding remaining VCC(s) using bit-vector/floating-point arithmetic
Encoding to solver time: 0.000s
Solving with solver Boolector 3.2.1
Encoding to solver time: 0.000s
Runtime decision procedure: 0.004s
The forward condition is unable to prove the property
*** Checking base case, k = 3
Starting Bounded Model Checking
Unwinding loop 1  iteration  1   file s3_clnt_2.cil-2.c line 100 function ssl3_connect
Unwinding loop 1  iteration  2   file s3_clnt_2.cil-2.c line 100 function ssl3_connect
Not unwinding 
Symex completed in: 0.015s (219 assignments)
Slicing time: 0.001s (removed 187 assignments)
Generated 0 VCC(s), 0 remaining after simplification (32 assignments)
BMC program time: 0.016s
No bug has been found in the base case
*** Checking forward condition, k = 3
Starting Bounded Model Checking
Unwinding loop 1  iteration  1   file s3_clnt_2.cil-2.c line 100 function ssl3_connect
Unwinding loop 1  iteration  2   file s3_clnt_2.cil-2.c line 100 function ssl3_connect
Not unwinding 
Symex completed in: 0.016s (219 assignments)
Slicing time: 0.000s (removed 187 assignments)
Generated 1 VCC(s), 1 remaining after simplification (32 assignments)
No solver specified; defaulting to Boolector
Encoding remaining VCC(s) using bit-vector/floating-point arithmetic
Encoding to solver time: 0.001s
Solving with solver Boolector 3.2.1
Encoding to solver time: 0.001s
Runtime decision procedure: 0.007s
The forward condition is unable to prove the property
*** Checking inductive step, k = 3
Starting Bounded Model Checking
Unwinding loop 1  iteration  1   file s3_clnt_2.cil-2.c line 100 function ssl3_connect
Unwinding loop 1  iteration  2   file s3_clnt_2.cil-2.c line 100 function ssl3_connect
Not unwinding 
Symex completed in: 1.164s (6990 assignments)
Slicing time: 0.198s (removed 5462 assignments)
Generated 1 VCC(s), 1 remaining after simplification (1528 assignments)
No solver specified; defaulting to Boolector
Encoding remaining VCC(s) using bit-vector/floating-point arithmetic
Encoding to solver time: 0.034s
Solving with solver Boolector 3.2.1
Encoding to solver time: 0.034s
Runtime decision procedure: 0.543s
The inductive step is unable to prove the property
*** Checking base case, k = 5
Starting Bounded Model Checking
Unwinding loop 1  iteration  1   file s3_clnt_2.cil-2.c line 100 function ssl3_connect
Unwinding loop 1  iteration  2   file s3_clnt_2.cil-2.c line 100 function ssl3_connect
Unwinding loop 1  iteration  3   file s3_clnt_2.cil-2.c line 100 function ssl3_connect
Unwinding loop 1  iteration  4   file s3_clnt_2.cil-2.c line 100 function ssl3_connect
Not unwinding 
Symex completed in: 0.541s (3551 assignments)
Slicing time: 0.019s (removed 3275 assignments)
Generated 1 VCC(s), 1 remaining after simplification (276 assignments)
No solver specified; defaulting to Boolector
Encoding remaining VCC(s) using bit-vector/floating-point arithmetic
Encoding to solver time: 0.007s
Solving with solver Boolector 3.2.1
Encoding to solver time: 0.007s
Runtime decision procedure: 0.004s
BMC program time: 0.572s
No bug has been found in the base case
*** Checking forward condition, k = 5
Starting Bounded Model Checking
Unwinding loop 1  iteration  1   file s3_clnt_2.cil-2.c line 100 function ssl3_connect
Unwinding loop 1  iteration  2   file s3_clnt_2.cil-2.c line 100 function ssl3_connect
Unwinding loop 1  iteration  3   file s3_clnt_2.cil-2.c line 100 function ssl3_connect
Unwinding loop 1  iteration  4   file s3_clnt_2.cil-2.c line 100 function ssl3_connect
Not unwinding 
Symex completed in: 0.543s (3550 assignments)
Slicing time: 0.019s (removed 3275 assignments)
Generated 1 VCC(s), 1 remaining after simplification (275 assignments)
No solver specified; defaulting to Boolector
Encoding remaining VCC(s) using bit-vector/floating-point arithmetic
Encoding to solver time: 0.007s
Solving with solver Boolector 3.2.1
Encoding to solver time: 0.007s
Runtime decision procedure: 0.032s
The forward condition is unable to prove the property
*** Checking base case, k = 7
Starting Bounded Model Checking
Unwinding loop 1  iteration  1   file s3_clnt_2.cil-2.c line 100 function ssl3_connect
Unwinding loop 1  iteration  2   file s3_clnt_2.cil-2.c line 100 function ssl3_connect
Unwinding loop 1  iteration  3   file s3_clnt_2.cil-2.c line 100 function ssl3_connect
Unwinding loop 1  iteration  4   file s3_clnt_2.cil-2.c line 100 function ssl3_connect
Unwinding loop 1  iteration  5   file s3_clnt_2.cil-2.c line 100 function ssl3_connect
Unwinding loop 1  iteration  6   file s3_clnt_2.cil-2.c line 100 function ssl3_connect
Not unwinding 
Symex completed in: 1.184s (7571 assignments)
Slicing time: 0.058s (removed 6873 assignments)
Generated 1 VCC(s), 1 remaining after simplification (698 assignments)
No solver specified; defaulting to Boolector
Encoding remaining VCC(s) using bit-vector/floating-point arithmetic
Encoding to solver time: 0.018s
Solving with solver Boolector 3.2.1
Encoding to solver time: 0.018s
Runtime decision procedure: 0.048s
BMC program time: 1.308s
No bug has been found in the base case
*** Checking forward condition, k = 7
Starting Bounded Model Checking
Unwinding loop 1  iteration  1   file s3_clnt_2.cil-2.c line 100 function ssl3_connect
Unwinding loop 1  iteration  2   file s3_clnt_2.cil-2.c line 100 function ssl3_connect
Unwinding loop 1  iteration  3   file s3_clnt_2.cil-2.c line 100 function ssl3_connect
Unwinding loop 1  iteration  4   file s3_clnt_2.cil-2.c line 100 function ssl3_connect
Unwinding loop 1  iteration  5   file s3_clnt_2.cil-2.c line 100 function ssl3_connect
Unwinding loop 1  iteration  6   file s3_clnt_2.cil-2.c line 100 function ssl3_connect
Not unwinding 
Symex completed in: 1.122s (7570 assignments)
Slicing time: 0.060s (removed 6873 assignments)
Generated 1 VCC(s), 1 remaining after simplification (697 assignments)
No solver specified; defaulting to Boolector
Encoding remaining VCC(s) using bit-vector/floating-point arithmetic
Encoding to solver time: 0.016s
Solving with solver Boolector 3.2.1
Encoding to solver time: 0.016s
Runtime decision procedure: 0.083s
The forward condition is unable to prove the property
*** Checking base case, k = 9
Starting Bounded Model Checking
Unwinding loop 1  iteration  1   file s3_clnt_2.cil-2.c line 100 function ssl3_connect
Unwinding loop 1  iteration  2   file s3_clnt_2.cil-2.c line 100 function ssl3_connect
Unwinding loop 1  iteration  3   file s3_clnt_2.cil-2.c line 100 function ssl3_connect
Unwinding loop 1  iteration  4   file s3_clnt_2.cil-2.c line 100 function ssl3_connect
Unwinding loop 1  iteration  5   file s3_clnt_2.cil-2.c line 100 function ssl3_connect
Unwinding loop 1  iteration  6   file s3_clnt_2.cil-2.c line 100 function ssl3_connect
Unwinding loop 1  iteration  7   file s3_clnt_2.cil-2.c line 100 function ssl3_connect
Unwinding loop 1  iteration  8   file s3_clnt_2.cil-2.c line 100 function ssl3_connect
Not unwinding 
Symex completed in: 1.833s (11591 assignments)
Slicing time: 0.126s (removed 10437 assignments)
Generated 1 VCC(s), 1 remaining after simplification (1154 assignments)
No solver specified; defaulting to Boolector
Encoding remaining VCC(s) using bit-vector/floating-point arithmetic
Encoding to solver time: 0.027s
Solving with solver Boolector 3.2.1
Encoding to solver time: 0.027s
Runtime decision procedure: 0.105s
BMC program time: 2.092s
No bug has been found in the base case
*** Checking forward condition, k = 9
Starting Bounded Model Checking
Unwinding loop 1  iteration  1   file s3_clnt_2.cil-2.c line 100 function ssl3_connect
Unwinding loop 1  iteration  2   file s3_clnt_2.cil-2.c line 100 function ssl3_connect
Unwinding loop 1  iteration  3   file s3_clnt_2.cil-2.c line 100 function ssl3_connect
Unwinding loop 1  iteration  4   file s3_clnt_2.cil-2.c line 100 function ssl3_connect
Unwinding loop 1  iteration  5   file s3_clnt_2.cil-2.c line 100 function ssl3_connect
Unwinding loop 1  iteration  6   file s3_clnt_2.cil-2.c line 100 function ssl3_connect
Unwinding loop 1  iteration  7   file s3_clnt_2.cil-2.c line 100 function ssl3_connect
Unwinding loop 1  iteration  8   file s3_clnt_2.cil-2.c line 100 function ssl3_connect
Not unwinding 
Symex completed in: 1.664s (11590 assignments)
Slicing time: 0.075s (removed 10437 assignments)
Generated 1 VCC(s), 1 remaining after simplification (1153 assignments)
No solver specified; defaulting to Boolector
Encoding remaining VCC(s) using bit-vector/floating-point arithmetic
Encoding to solver time: 0.029s
Solving with solver Boolector 3.2.1
Encoding to solver time: 0.029s
Runtime decision procedure: 0.148s
The forward condition is unable to prove the property
*** Checking base case, k = 11
Starting Bounded Model Checking
Unwinding loop 1  iteration  1   file s3_clnt_2.cil-2.c line 100 function ssl3_connect
Unwinding loop 1  iteration  2   file s3_clnt_2.cil-2.c line 100 function ssl3_connect
Unwinding loop 1  iteration  3   file s3_clnt_2.cil-2.c line 100 function ssl3_connect
Unwinding loop 1  iteration  4   file s3_clnt_2.cil-2.c line 100 function ssl3_connect
Unwinding loop 1  iteration  5   file s3_clnt_2.cil-2.c line 100 function ssl3_connect
Unwinding loop 1  iteration  6   file s3_clnt_2.cil-2.c line 100 function ssl3_connect
Unwinding loop 1  iteration  7   file s3_clnt_2.cil-2.c line 100 function ssl3_connect
Unwinding loop 1  iteration  8   file s3_clnt_2.cil-2.c line 100 function ssl3_connect
Unwinding loop 1  iteration  9   file s3_clnt_2.cil-2.c line 100 function ssl3_connect
Unwinding loop 1  iteration  10   file s3_clnt_2.cil-2.c line 100 function ssl3_connect
Not unwinding 
Symex completed in: 2.434s (15611 assignments)
Slicing time: 0.206s (removed 14001 assignments)
Generated 1 VCC(s), 1 remaining after simplification (1610 assignments)
No solver specified; defaulting to Boolector
Encoding remaining VCC(s) using bit-vector/floating-point arithmetic
Encoding to solver time: 0.039s
Solving with solver Boolector 3.2.1
Encoding to solver time: 0.039s
Runtime decision procedure: 0.170s
BMC program time: 2.850s
No bug has been found in the base case
*** Checking forward condition, k = 11
Starting Bounded Model Checking
Unwinding loop 1  iteration  1   file s3_clnt_2.cil-2.c line 100 function ssl3_connect
Unwinding loop 1  iteration  2   file s3_clnt_2.cil-2.c line 100 function ssl3_connect
Unwinding loop 1  iteration  3   file s3_clnt_2.cil-2.c line 100 function ssl3_connect
Unwinding loop 1  iteration  4   file s3_clnt_2.cil-2.c line 100 function ssl3_connect
Unwinding loop 1  iteration  5   file s3_clnt_2.cil-2.c line 100 function ssl3_connect
Unwinding loop 1  iteration  6   file s3_clnt_2.cil-2.c line 100 function ssl3_connect
Unwinding loop 1  iteration  7   file s3_clnt_2.cil-2.c line 100 function ssl3_connect
Unwinding loop 1  iteration  8   file s3_clnt_2.cil-2.c line 100 function ssl3_connect
Unwinding loop 1  iteration  9   file s3_clnt_2.cil-2.c line 100 function ssl3_connect
Unwinding loop 1  iteration  10   file s3_clnt_2.cil-2.c line 100 function ssl3_connect
Not unwinding 
Symex completed in: 2.443s (15610 assignments)
Slicing time: 0.212s (removed 14001 assignments)
Generated 1 VCC(s), 1 remaining after simplification (1609 assignments)
No solver specified; defaulting to Boolector
Encoding remaining VCC(s) using bit-vector/floating-point arithmetic
Encoding to solver time: 0.038s
Solving with solver Boolector 3.2.1
Encoding to solver time: 0.038s
Runtime decision procedure: 0.221s
The forward condition is unable to prove the property
*** Checking base case, k = 13
Starting Bounded Model Checking
Unwinding loop 1  iteration  1   file s3_clnt_2.cil-2.c line 100 function ssl3_connect
Unwinding loop 1  iteration  2   file s3_clnt_2.cil-2.c line 100 function ssl3_connect
Unwinding loop 1  iteration  3   file s3_clnt_2.cil-2.c line 100 function ssl3_connect
Unwinding loop 1  iteration  4   file s3_clnt_2.cil-2.c line 100 function ssl3_connect
Unwinding loop 1  iteration  5   file s3_clnt_2.cil-2.c line 100 function ssl3_connect
Unwinding loop 1  iteration  6   file s3_clnt_2.cil-2.c line 100 function ssl3_connect
Unwinding loop 1  iteration  7   file s3_clnt_2.cil-2.c line 100 function ssl3_connect
Unwinding loop 1  iteration  8   file s3_clnt_2.cil-2.c line 100 function ssl3_connect
Unwinding loop 1  iteration  9   file s3_clnt_2.cil-2.c line 100 function ssl3_connect
Unwinding loop 1  iteration  10   file s3_clnt_2.cil-2.c line 100 function ssl3_connect
Unwinding loop 1  iteration  11   file s3_clnt_2.cil-2.c line 100 function ssl3_connect
Unwinding loop 1  iteration  12   file s3_clnt_2.cil-2.c line 100 function ssl3_connect
Not unwinding 
Symex completed in: 3.100s (19631 assignments)
Slicing time: 0.319s (removed 17565 assignments)
Generated 1 VCC(s), 1 remaining after simplification (2066 assignments)
No solver specified; defaulting to Boolector
Encoding remaining VCC(s) using bit-vector/floating-point arithmetic
Encoding to solver time: 0.051s
Solving with solver Boolector 3.2.1
Encoding to solver time: 0.051s
Runtime decision procedure: 0.255s
BMC program time: 3.726s
No bug has been found in the base case
*** Checking forward condition, k = 13
Starting Bounded Model Checking
Unwinding loop 1  iteration  1   file s3_clnt_2.cil-2.c line 100 function ssl3_connect
Unwinding loop 1  iteration  2   file s3_clnt_2.cil-2.c line 100 function ssl3_connect
Unwinding loop 1  iteration  3   file s3_clnt_2.cil-2.c line 100 function ssl3_connect
Unwinding loop 1  iteration  4   file s3_clnt_2.cil-2.c line 100 function ssl3_connect
Unwinding loop 1  iteration  5   file s3_clnt_2.cil-2.c line 100 function ssl3_connect
Unwinding loop 1  iteration  6   file s3_clnt_2.cil-2.c line 100 function ssl3_connect
Unwinding loop 1  iteration  7   file s3_clnt_2.cil-2.c line 100 function ssl3_connect
Unwinding loop 1  iteration  8   file s3_clnt_2.cil-2.c line 100 function ssl3_connect
Unwinding loop 1  iteration  9   file s3_clnt_2.cil-2.c line 100 function ssl3_connect
Unwinding loop 1  iteration  10   file s3_clnt_2.cil-2.c line 100 function ssl3_connect
Unwinding loop 1  iteration  11   file s3_clnt_2.cil-2.c line 100 function ssl3_connect
Unwinding loop 1  iteration  12   file s3_clnt_2.cil-2.c line 100 function ssl3_connect
Not unwinding 
Symex completed in: 3.084s (19630 assignments)
Slicing time: 0.321s (removed 17565 assignments)
Generated 1 VCC(s), 1 remaining after simplification (2065 assignments)
No solver specified; defaulting to Boolector
Encoding remaining VCC(s) using bit-vector/floating-point arithmetic
Encoding to solver time: 0.050s
Solving with solver Boolector 3.2.1
Encoding to solver time: 0.050s
Runtime decision procedure: 0.316s
The forward condition is unable to prove the property
*** Checking base case, k = 15
Starting Bounded Model Checking
Unwinding loop 1  iteration  1   file s3_clnt_2.cil-2.c line 100 function ssl3_connect
Unwinding loop 1  iteration  2   file s3_clnt_2.cil-2.c line 100 function ssl3_connect
Unwinding loop 1  iteration  3   file s3_clnt_2.cil-2.c line 100 function ssl3_connect
Unwinding loop 1  iteration  4   file s3_clnt_2.cil-2.c line 100 function ssl3_connect
Unwinding loop 1  iteration  5   file s3_clnt_2.cil-2.c line 100 function ssl3_connect
Unwinding loop 1  iteration  6   file s3_clnt_2.cil-2.c line 100 function ssl3_connect
Unwinding loop 1  iteration  7   file s3_clnt_2.cil-2.c line 100 function ssl3_connect
Unwinding loop 1  iteration  8   file s3_clnt_2.cil-2.c line 100 function ssl3_connect
Unwinding loop 1  iteration  9   file s3_clnt_2.cil-2.c line 100 function ssl3_connect
Unwinding loop 1  iteration  10   file s3_clnt_2.cil-2.c line 100 function ssl3_connect
Unwinding loop 1  iteration  11   file s3_clnt_2.cil-2.c line 100 function ssl3_connect
Unwinding loop 1  iteration  12   file s3_clnt_2.cil-2.c line 100 function ssl3_connect
Unwinding loop 1  iteration  13   file s3_clnt_2.cil-2.c line 100 function ssl3_connect
Unwinding loop 1  iteration  14   file s3_clnt_2.cil-2.c line 100 function ssl3_connect
Not unwinding 
Symex completed in: 3.712s (23651 assignments)
Slicing time: 0.432s (removed 21129 assignments)
Generated 1 VCC(s), 1 remaining after simplification (2522 assignments)
No solver specified; defaulting to Boolector
Encoding remaining VCC(s) using bit-vector/floating-point arithmetic
Encoding to solver time: 0.067s
Solving with solver Boolector 3.2.1
Encoding to solver time: 0.067s
Runtime decision procedure: 0.425s
BMC program time: 4.637s
No bug has been found in the base case
*** Checking forward condition, k = 15
Starting Bounded Model Checking
Unwinding loop 1  iteration  1   file s3_clnt_2.cil-2.c line 100 function ssl3_connect
Unwinding loop 1  iteration  2   file s3_clnt_2.cil-2.c line 100 function ssl3_connect
Unwinding loop 1  iteration  3   file s3_clnt_2.cil-2.c line 100 function ssl3_connect
Unwinding loop 1  iteration  4   file s3_clnt_2.cil-2.c line 100 function ssl3_connect
Unwinding loop 1  iteration  5   file s3_clnt_2.cil-2.c line 100 function ssl3_connect
Unwinding loop 1  iteration  6   file s3_clnt_2.cil-2.c line 100 function ssl3_connect
Unwinding loop 1  iteration  7   file s3_clnt_2.cil-2.c line 100 function ssl3_connect
Unwinding loop 1  iteration  8   file s3_clnt_2.cil-2.c line 100 function ssl3_connect
Unwinding loop 1  iteration  9   file s3_clnt_2.cil-2.c line 100 function ssl3_connect
Unwinding loop 1  iteration  10   file s3_clnt_2.cil-2.c line 100 function ssl3_connect
Unwinding loop 1  iteration  11   file s3_clnt_2.cil-2.c line 100 function ssl3_connect
Unwinding loop 1  iteration  12   file s3_clnt_2.cil-2.c line 100 function ssl3_connect
Unwinding loop 1  iteration  13   file s3_clnt_2.cil-2.c line 100 function ssl3_connect
Unwinding loop 1  iteration  14   file s3_clnt_2.cil-2.c line 100 function ssl3_connect
Not unwinding 
Symex completed in: 3.697s (23650 assignments)
Slicing time: 0.454s (removed 21129 assignments)
Generated 1 VCC(s), 1 remaining after simplification (2521 assignments)
No solver specified; defaulting to Boolector
Encoding remaining VCC(s) using bit-vector/floating-point arithmetic
Encoding to solver time: 0.065s
Solving with solver Boolector 3.2.1
Encoding to solver time: 0.065s
Runtime decision procedure: 0.398s
BMC program time: 4.615s
Building successful trace

VERIFICATION SUCCESSFUL

Solution found by the forward condition; all states are reachable (k = 15


TRUE
