./esbmc-wrapper.py -p ../sv-benchmarks/c/properties/unreach-call.prp -s kinduction --arch 64 ../sv-benchmarks/c/ldv-linux-3.4-simple/32_1_cilled_ok_nondet_linux-3.4-32_1-drivers--regulator--gpio-regulator.ko-ldv_main0_sequence_infinite_withcheck_stateful.cil.out.i


--------------------------------------------------------------------------------


Verifying with ESBMC
Command: ./esbmc --no-div-by-zero-check --force-malloc-success --state-hashing --no-align-check --k-step 2 --floatbv --unlimited-k-steps ../sv-benchmarks/c/ldv-linux-3.4-simple/32_1_cilled_ok_nondet_linux-3.4-32_1-drivers--regulator--gpio-regulator.ko-ldv_main0_sequence_infinite_withcheck_stateful.cil.out.i --64 --witness-output 32_1_cilled_ok_nondet_linux-3.4-32_1-drivers--regulator--gpio-regulator.ko-ldv_main0_sequence_infinite_withcheck_stateful.cil.out.i.graphml --no-pointer-check --no-bounds-check --interval-analysis --k-induction --max-inductive-step 3 
ESBMC version 6.8.0 64-bit x86_64 linux
Target: 64-bit little-endian x86_64-unknown-linux with esbmc libc
file ../sv-benchmarks/c/ldv-linux-3.4-simple/32_1_cilled_ok_nondet_linux-3.4-32_1-drivers--regulator--gpio-regulator.ko-ldv_main0_sequence_infinite_withcheck_stateful.cil.out.i: Parsing
Converting
Generating GOTO Program
GOTO program creation time: 0.217s
GOTO program processing time: 0.018s
*** Checking base case, k = 1
Starting Bounded Model Checking
Not unwinding 
Not unwinding 
Not unwinding 
Not unwinding 
Not unwinding 
Not unwinding 
Symex completed in: 0.109s (1517 assignments)
Slicing time: 0.006s (removed 1189 assignments)
Generated 0 VCC(s), 0 remaining after simplification (328 assignments)
BMC program time: 0.115s
No bug has been found in the base case
*** Checking forward condition, k = 1
Starting Bounded Model Checking
Not unwinding 
Not unwinding 
Not unwinding 
Not unwinding 
Not unwinding 
Not unwinding 
Symex completed in: 0.111s (1517 assignments)
Slicing time: 0.005s (removed 1189 assignments)
Generated 6 VCC(s), 6 remaining after simplification (328 assignments)
No solver specified; defaulting to Boolector
Encoding remaining VCC(s) using bit-vector/floating-point arithmetic
Encoding to solver time: 0.055s
Solving with solver Boolector 3.2.1
Encoding to solver time: 0.055s
Runtime decision procedure: 7.085s
The forward condition is unable to prove the property
*** Checking base case, k = 3
Starting Bounded Model Checking
Unwinding loop 1  iteration  1   file 32_1_cilled_ok_nondet_linux-3.4-32_1-drivers--regulator--gpio-regulator.ko-ldv_main0_sequence_infinite_withcheck_stateful.cil.out.i line 2563 function gpio_regulator_get_value
Unwinding loop 1  iteration  2   file 32_1_cilled_ok_nondet_linux-3.4-32_1-drivers--regulator--gpio-regulator.ko-ldv_main0_sequence_infinite_withcheck_stateful.cil.out.i line 2563 function gpio_regulator_get_value
Not unwinding 
Unwinding loop 2  iteration  1   file 32_1_cilled_ok_nondet_linux-3.4-32_1-drivers--regulator--gpio-regulator.ko-ldv_main0_sequence_infinite_withcheck_stateful.cil.out.i line 2648 function gpio_regulator_set_value
Unwinding loop 2  iteration  2   file 32_1_cilled_ok_nondet_linux-3.4-32_1-drivers--regulator--gpio-regulator.ko-ldv_main0_sequence_infinite_withcheck_stateful.cil.out.i line 2648 function gpio_regulator_set_value
Not unwinding 
Unwinding loop 3  iteration  1   file 32_1_cilled_ok_nondet_linux-3.4-32_1-drivers--regulator--gpio-regulator.ko-ldv_main0_sequence_infinite_withcheck_stateful.cil.out.i line 2696 function gpio_regulator_set_value
Unwinding loop 3  iteration  2   file 32_1_cilled_ok_nondet_linux-3.4-32_1-drivers--regulator--gpio-regulator.ko-ldv_main0_sequence_infinite_withcheck_stateful.cil.out.i line 2696 function gpio_regulator_set_value
Not unwinding 
Unwinding loop 1  iteration  1   file 32_1_cilled_ok_nondet_linux-3.4-32_1-drivers--regulator--gpio-regulator.ko-ldv_main0_sequence_infinite_withcheck_stateful.cil.out.i line 2563 function gpio_regulator_get_value
Unwinding loop 1  iteration  2   file 32_1_cilled_ok_nondet_linux-3.4-32_1-drivers--regulator--gpio-regulator.ko-ldv_main0_sequence_infinite_withcheck_stateful.cil.out.i line 2563 function gpio_regulator_get_value
Not unwinding 
Unwinding loop 2  iteration  1   file 32_1_cilled_ok_nondet_linux-3.4-32_1-drivers--regulator--gpio-regulator.ko-ldv_main0_sequence_infinite_withcheck_stateful.cil.out.i line 2648 function gpio_regulator_set_value
Unwinding loop 2  iteration  2   file 32_1_cilled_ok_nondet_linux-3.4-32_1-drivers--regulator--gpio-regulator.ko-ldv_main0_sequence_infinite_withcheck_stateful.cil.out.i line 2648 function gpio_regulator_set_value
Not unwinding 
Unwinding loop 3  iteration  1   file 32_1_cilled_ok_nondet_linux-3.4-32_1-drivers--regulator--gpio-regulator.ko-ldv_main0_sequence_infinite_withcheck_stateful.cil.out.i line 2696 function gpio_regulator_set_value
Unwinding loop 3  iteration  2   file 32_1_cilled_ok_nondet_linux-3.4-32_1-drivers--regulator--gpio-regulator.ko-ldv_main0_sequence_infinite_withcheck_stateful.cil.out.i line 2696 function gpio_regulator_set_value
Not unwinding 
Unwinding loop 4  iteration  1   file 32_1_cilled_ok_nondet_linux-3.4-32_1-drivers--regulator--gpio-regulator.ko-ldv_main0_sequence_infinite_withcheck_stateful.cil.out.i line 3376 function gpio_regulator_probe
Unwinding loop 4  iteration  2   file 32_1_cilled_ok_nondet_linux-3.4-32_1-drivers--regulator--gpio-regulator.ko-ldv_main0_sequence_infinite_withcheck_stateful.cil.out.i line 3376 function gpio_regulator_probe
Not unwinding 
Unwinding loop 5  iteration  1   file 32_1_cilled_ok_nondet_linux-3.4-32_1-drivers--regulator--gpio-regulator.ko-ldv_main0_sequence_infinite_withcheck_stateful.cil.out.i line 3718 function main
Unwinding loop 1  iteration  1   file 32_1_cilled_ok_nondet_linux-3.4-32_1-drivers--regulator--gpio-regulator.ko-ldv_main0_sequence_infinite_withcheck_stateful.cil.out.i line 2563 function gpio_regulator_get_value
Unwinding loop 1  iteration  2   file 32_1_cilled_ok_nondet_linux-3.4-32_1-drivers--regulator--gpio-regulator.ko-ldv_main0_sequence_infinite_withcheck_stateful.cil.out.i line 2563 function gpio_regulator_get_value
Not unwinding 
Unwinding loop 2  iteration  1   file 32_1_cilled_ok_nondet_linux-3.4-32_1-drivers--regulator--gpio-regulator.ko-ldv_main0_sequence_infinite_withcheck_stateful.cil.out.i line 2648 function gpio_regulator_set_value
Unwinding loop 2  iteration  2   file 32_1_cilled_ok_nondet_linux-3.4-32_1-drivers--regulator--gpio-regulator.ko-ldv_main0_sequence_infinite_withcheck_stateful.cil.out.i line 2648 function gpio_regulator_set_value
Not unwinding 
Unwinding loop 3  iteration  1   file 32_1_cilled_ok_nondet_linux-3.4-32_1-drivers--regulator--gpio-regulator.ko-ldv_main0_sequence_infinite_withcheck_stateful.cil.out.i line 2696 function gpio_regulator_set_value
Unwinding loop 3  iteration  2   file 32_1_cilled_ok_nondet_linux-3.4-32_1-drivers--regulator--gpio-regulator.ko-ldv_main0_sequence_infinite_withcheck_stateful.cil.out.i line 2696 function gpio_regulator_set_value
Not unwinding 
Unwinding loop 1  iteration  1   file 32_1_cilled_ok_nondet_linux-3.4-32_1-drivers--regulator--gpio-regulator.ko-ldv_main0_sequence_infinite_withcheck_stateful.cil.out.i line 2563 function gpio_regulator_get_value
Unwinding loop 1  iteration  2   file 32_1_cilled_ok_nondet_linux-3.4-32_1-drivers--regulator--gpio-regulator.ko-ldv_main0_sequence_infinite_withcheck_stateful.cil.out.i line 2563 function gpio_regulator_get_value
Not unwinding 
Unwinding loop 2  iteration  1   file 32_1_cilled_ok_nondet_linux-3.4-32_1-drivers--regulator--gpio-regulator.ko-ldv_main0_sequence_infinite_withcheck_stateful.cil.out.i line 2648 function gpio_regulator_set_value
Unwinding loop 2  iteration  2   file 32_1_cilled_ok_nondet_linux-3.4-32_1-drivers--regulator--gpio-regulator.ko-ldv_main0_sequence_infinite_withcheck_stateful.cil.out.i line 2648 function gpio_regulator_set_value
Not unwinding 
Unwinding loop 3  iteration  1   file 32_1_cilled_ok_nondet_linux-3.4-32_1-drivers--regulator--gpio-regulator.ko-ldv_main0_sequence_infinite_withcheck_stateful.cil.out.i line 2696 function gpio_regulator_set_value
Unwinding loop 3  iteration  2   file 32_1_cilled_ok_nondet_linux-3.4-32_1-drivers--regulator--gpio-regulator.ko-ldv_main0_sequence_infinite_withcheck_stateful.cil.out.i line 2696 function gpio_regulator_set_value
Not unwinding 
Unwinding loop 4  iteration  1   file 32_1_cilled_ok_nondet_linux-3.4-32_1-drivers--regulator--gpio-regulator.ko-ldv_main0_sequence_infinite_withcheck_stateful.cil.out.i line 3376 function gpio_regulator_probe
Unwinding loop 4  iteration  2   file 32_1_cilled_ok_nondet_linux-3.4-32_1-drivers--regulator--gpio-regulator.ko-ldv_main0_sequence_infinite_withcheck_stateful.cil.out.i line 3376 function gpio_regulator_probe
Not unwinding 
Unwinding loop 5  iteration  2   file 32_1_cilled_ok_nondet_linux-3.4-32_1-drivers--regulator--gpio-regulator.ko-ldv_main0_sequence_infinite_withcheck_stateful.cil.out.i line 3718 function main
Unwinding loop 1  iteration  1   file 32_1_cilled_ok_nondet_linux-3.4-32_1-drivers--regulator--gpio-regulator.ko-ldv_main0_sequence_infinite_withcheck_stateful.cil.out.i line 2563 function gpio_regulator_get_value
Unwinding loop 1  iteration  2   file 32_1_cilled_ok_nondet_linux-3.4-32_1-drivers--regulator--gpio-regulator.ko-ldv_main0_sequence_infinite_withcheck_stateful.cil.out.i line 2563 function gpio_regulator_get_value
Not unwinding 
Unwinding loop 2  iteration  1   file 32_1_cilled_ok_nondet_linux-3.4-32_1-drivers--regulator--gpio-regulator.ko-ldv_main0_sequence_infinite_withcheck_stateful.cil.out.i line 2648 function gpio_regulator_set_value
Unwinding loop 2  iteration  2   file 32_1_cilled_ok_nondet_linux-3.4-32_1-drivers--regulator--gpio-regulator.ko-ldv_main0_sequence_infinite_withcheck_stateful.cil.out.i line 2648 function gpio_regulator_set_value
Not unwinding 
Unwinding loop 3  iteration  1   file 32_1_cilled_ok_nondet_linux-3.4-32_1-drivers--regulator--gpio-regulator.ko-ldv_main0_sequence_infinite_withcheck_stateful.cil.out.i line 2696 function gpio_regulator_set_value
Unwinding loop 3  iteration  2   file 32_1_cilled_ok_nondet_linux-3.4-32_1-drivers--regulator--gpio-regulator.ko-ldv_main0_sequence_infinite_withcheck_stateful.cil.out.i line 2696 function gpio_regulator_set_value
Not unwinding 
Unwinding loop 1  iteration  1   file 32_1_cilled_ok_nondet_linux-3.4-32_1-drivers--regulator--gpio-regulator.ko-ldv_main0_sequence_infinite_withcheck_stateful.cil.out.i line 2563 function gpio_regulator_get_value
Unwinding loop 1  iteration  2   file 32_1_cilled_ok_nondet_linux-3.4-32_1-drivers--regulator--gpio-regulator.ko-ldv_main0_sequence_infinite_withcheck_stateful.cil.out.i line 2563 function gpio_regulator_get_value
Not unwinding 
Unwinding loop 2  iteration  1   file 32_1_cilled_ok_nondet_linux-3.4-32_1-drivers--regulator--gpio-regulator.ko-ldv_main0_sequence_infinite_withcheck_stateful.cil.out.i line 2648 function gpio_regulator_set_value
Unwinding loop 2  iteration  2   file 32_1_cilled_ok_nondet_linux-3.4-32_1-drivers--regulator--gpio-regulator.ko-ldv_main0_sequence_infinite_withcheck_stateful.cil.out.i line 2648 function gpio_regulator_set_value
Not unwinding 
Unwinding loop 3  iteration  1   file 32_1_cilled_ok_nondet_linux-3.4-32_1-drivers--regulator--gpio-regulator.ko-ldv_main0_sequence_infinite_withcheck_stateful.cil.out.i line 2696 function gpio_regulator_set_value
Unwinding loop 3  iteration  2   file 32_1_cilled_ok_nondet_linux-3.4-32_1-drivers--regulator--gpio-regulator.ko-ldv_main0_sequence_infinite_withcheck_stateful.cil.out.i line 2696 function gpio_regulator_set_value
Not unwinding 
Unwinding loop 4  iteration  1   file 32_1_cilled_ok_nondet_linux-3.4-32_1-drivers--regulator--gpio-regulator.ko-ldv_main0_sequence_infinite_withcheck_stateful.cil.out.i line 3376 function gpio_regulator_probe
Unwinding loop 4  iteration  2   file 32_1_cilled_ok_nondet_linux-3.4-32_1-drivers--regulator--gpio-regulator.ko-ldv_main0_sequence_infinite_withcheck_stateful.cil.out.i line 3376 function gpio_regulator_probe
Not unwinding 
Not unwinding 
Symex completed in: 0.741s (6820 assignments)
Slicing time: 0.053s (removed 5548 assignments)
Generated 0 VCC(s), 0 remaining after simplification (1272 assignments)
BMC program time: 0.794s
No bug has been found in the base case
*** Checking forward condition, k = 3
Starting Bounded Model Checking
Unwinding loop 1  iteration  1   file 32_1_cilled_ok_nondet_linux-3.4-32_1-drivers--regulator--gpio-regulator.ko-ldv_main0_sequence_infinite_withcheck_stateful.cil.out.i line 2563 function gpio_regulator_get_value
Unwinding loop 1  iteration  2   file 32_1_cilled_ok_nondet_linux-3.4-32_1-drivers--regulator--gpio-regulator.ko-ldv_main0_sequence_infinite_withcheck_stateful.cil.out.i line 2563 function gpio_regulator_get_value
Not unwinding 
Unwinding loop 2  iteration  1   file 32_1_cilled_ok_nondet_linux-3.4-32_1-drivers--regulator--gpio-regulator.ko-ldv_main0_sequence_infinite_withcheck_stateful.cil.out.i line 2648 function gpio_regulator_set_value
Unwinding loop 2  iteration  2   file 32_1_cilled_ok_nondet_linux-3.4-32_1-drivers--regulator--gpio-regulator.ko-ldv_main0_sequence_infinite_withcheck_stateful.cil.out.i line 2648 function gpio_regulator_set_value
Not unwinding 
Unwinding loop 3  iteration  1   file 32_1_cilled_ok_nondet_linux-3.4-32_1-drivers--regulator--gpio-regulator.ko-ldv_main0_sequence_infinite_withcheck_stateful.cil.out.i line 2696 function gpio_regulator_set_value
Unwinding loop 3  iteration  2   file 32_1_cilled_ok_nondet_linux-3.4-32_1-drivers--regulator--gpio-regulator.ko-ldv_main0_sequence_infinite_withcheck_stateful.cil.out.i line 2696 function gpio_regulator_set_value
Not unwinding 
Unwinding loop 1  iteration  1   file 32_1_cilled_ok_nondet_linux-3.4-32_1-drivers--regulator--gpio-regulator.ko-ldv_main0_sequence_infinite_withcheck_stateful.cil.out.i line 2563 function gpio_regulator_get_value
Unwinding loop 1  iteration  2   file 32_1_cilled_ok_nondet_linux-3.4-32_1-drivers--regulator--gpio-regulator.ko-ldv_main0_sequence_infinite_withcheck_stateful.cil.out.i line 2563 function gpio_regulator_get_value
Not unwinding 
Unwinding loop 2  iteration  1   file 32_1_cilled_ok_nondet_linux-3.4-32_1-drivers--regulator--gpio-regulator.ko-ldv_main0_sequence_infinite_withcheck_stateful.cil.out.i line 2648 function gpio_regulator_set_value
Unwinding loop 2  iteration  2   file 32_1_cilled_ok_nondet_linux-3.4-32_1-drivers--regulator--gpio-regulator.ko-ldv_main0_sequence_infinite_withcheck_stateful.cil.out.i line 2648 function gpio_regulator_set_value
Not unwinding 
Unwinding loop 3  iteration  1   file 32_1_cilled_ok_nondet_linux-3.4-32_1-drivers--regulator--gpio-regulator.ko-ldv_main0_sequence_infinite_withcheck_stateful.cil.out.i line 2696 function gpio_regulator_set_value
Unwinding loop 3  iteration  2   file 32_1_cilled_ok_nondet_linux-3.4-32_1-drivers--regulator--gpio-regulator.ko-ldv_main0_sequence_infinite_withcheck_stateful.cil.out.i line 2696 function gpio_regulator_set_value
Not unwinding 
Unwinding loop 4  iteration  1   file 32_1_cilled_ok_nondet_linux-3.4-32_1-drivers--regulator--gpio-regulator.ko-ldv_main0_sequence_infinite_withcheck_stateful.cil.out.i line 3376 function gpio_regulator_probe
Unwinding loop 4  iteration  2   file 32_1_cilled_ok_nondet_linux-3.4-32_1-drivers--regulator--gpio-regulator.ko-ldv_main0_sequence_infinite_withcheck_stateful.cil.out.i line 3376 function gpio_regulator_probe
Not unwinding 
Unwinding loop 5  iteration  1   file 32_1_cilled_ok_nondet_linux-3.4-32_1-drivers--regulator--gpio-regulator.ko-ldv_main0_sequence_infinite_withcheck_stateful.cil.out.i line 3718 function main
Unwinding loop 1  iteration  1   file 32_1_cilled_ok_nondet_linux-3.4-32_1-drivers--regulator--gpio-regulator.ko-ldv_main0_sequence_infinite_withcheck_stateful.cil.out.i line 2563 function gpio_regulator_get_value
Unwinding loop 1  iteration  2   file 32_1_cilled_ok_nondet_linux-3.4-32_1-drivers--regulator--gpio-regulator.ko-ldv_main0_sequence_infinite_withcheck_stateful.cil.out.i line 2563 function gpio_regulator_get_value
Not unwinding 
Unwinding loop 2  iteration  1   file 32_1_cilled_ok_nondet_linux-3.4-32_1-drivers--regulator--gpio-regulator.ko-ldv_main0_sequence_infinite_withcheck_stateful.cil.out.i line 2648 function gpio_regulator_set_value
Unwinding loop 2  iteration  2   file 32_1_cilled_ok_nondet_linux-3.4-32_1-drivers--regulator--gpio-regulator.ko-ldv_main0_sequence_infinite_withcheck_stateful.cil.out.i line 2648 function gpio_regulator_set_value
Not unwinding 
Unwinding loop 3  iteration  1   file 32_1_cilled_ok_nondet_linux-3.4-32_1-drivers--regulator--gpio-regulator.ko-ldv_main0_sequence_infinite_withcheck_stateful.cil.out.i line 2696 function gpio_regulator_set_value
Unwinding loop 3  iteration  2   file 32_1_cilled_ok_nondet_linux-3.4-32_1-drivers--regulator--gpio-regulator.ko-ldv_main0_sequence_infinite_withcheck_stateful.cil.out.i line 2696 function gpio_regulator_set_value
Not unwinding 
Unwinding loop 1  iteration  1   file 32_1_cilled_ok_nondet_linux-3.4-32_1-drivers--regulator--gpio-regulator.ko-ldv_main0_sequence_infinite_withcheck_stateful.cil.out.i line 2563 function gpio_regulator_get_value
Unwinding loop 1  iteration  2   file 32_1_cilled_ok_nondet_linux-3.4-32_1-drivers--regulator--gpio-regulator.ko-ldv_main0_sequence_infinite_withcheck_stateful.cil.out.i line 2563 function gpio_regulator_get_value
Not unwinding 
Unwinding loop 2  iteration  1   file 32_1_cilled_ok_nondet_linux-3.4-32_1-drivers--regulator--gpio-regulator.ko-ldv_main0_sequence_infinite_withcheck_stateful.cil.out.i line 2648 function gpio_regulator_set_value
Unwinding loop 2  iteration  2   file 32_1_cilled_ok_nondet_linux-3.4-32_1-drivers--regulator--gpio-regulator.ko-ldv_main0_sequence_infinite_withcheck_stateful.cil.out.i line 2648 function gpio_regulator_set_value
Not unwinding 
Unwinding loop 3  iteration  1   file 32_1_cilled_ok_nondet_linux-3.4-32_1-drivers--regulator--gpio-regulator.ko-ldv_main0_sequence_infinite_withcheck_stateful.cil.out.i line 2696 function gpio_regulator_set_value
Unwinding loop 3  iteration  2   file 32_1_cilled_ok_nondet_linux-3.4-32_1-drivers--regulator--gpio-regulator.ko-ldv_main0_sequence_infinite_withcheck_stateful.cil.out.i line 2696 function gpio_regulator_set_value
Not unwinding 
Unwinding loop 4  iteration  1   file 32_1_cilled_ok_nondet_linux-3.4-32_1-drivers--regulator--gpio-regulator.ko-ldv_main0_sequence_infinite_withcheck_stateful.cil.out.i line 3376 function gpio_regulator_probe
Unwinding loop 4  iteration  2   file 32_1_cilled_ok_nondet_linux-3.4-32_1-drivers--regulator--gpio-regulator.ko-ldv_main0_sequence_infinite_withcheck_stateful.cil.out.i line 3376 function gpio_regulator_probe
Not unwinding 
Unwinding loop 5  iteration  2   file 32_1_cilled_ok_nondet_linux-3.4-32_1-drivers--regulator--gpio-regulator.ko-ldv_main0_sequence_infinite_withcheck_stateful.cil.out.i line 3718 function main
Unwinding loop 1  iteration  1   file 32_1_cilled_ok_nondet_linux-3.4-32_1-drivers--regulator--gpio-regulator.ko-ldv_main0_sequence_infinite_withcheck_stateful.cil.out.i line 2563 function gpio_regulator_get_value
Unwinding loop 1  iteration  2   file 32_1_cilled_ok_nondet_linux-3.4-32_1-drivers--regulator--gpio-regulator.ko-ldv_main0_sequence_infinite_withcheck_stateful.cil.out.i line 2563 function gpio_regulator_get_value
Not unwinding 
Unwinding loop 2  iteration  1   file 32_1_cilled_ok_nondet_linux-3.4-32_1-drivers--regulator--gpio-regulator.ko-ldv_main0_sequence_infinite_withcheck_stateful.cil.out.i line 2648 function gpio_regulator_set_value
Unwinding loop 2  iteration  2   file 32_1_cilled_ok_nondet_linux-3.4-32_1-drivers--regulator--gpio-regulator.ko-ldv_main0_sequence_infinite_withcheck_stateful.cil.out.i line 2648 function gpio_regulator_set_value
Not unwinding 
Unwinding loop 3  iteration  1   file 32_1_cilled_ok_nondet_linux-3.4-32_1-drivers--regulator--gpio-regulator.ko-ldv_main0_sequence_infinite_withcheck_stateful.cil.out.i line 2696 function gpio_regulator_set_value
Unwinding loop 3  iteration  2   file 32_1_cilled_ok_nondet_linux-3.4-32_1-drivers--regulator--gpio-regulator.ko-ldv_main0_sequence_infinite_withcheck_stateful.cil.out.i line 2696 function gpio_regulator_set_value
Not unwinding 
Unwinding loop 1  iteration  1   file 32_1_cilled_ok_nondet_linux-3.4-32_1-drivers--regulator--gpio-regulator.ko-ldv_main0_sequence_infinite_withcheck_stateful.cil.out.i line 2563 function gpio_regulator_get_value
Unwinding loop 1  iteration  2   file 32_1_cilled_ok_nondet_linux-3.4-32_1-drivers--regulator--gpio-regulator.ko-ldv_main0_sequence_infinite_withcheck_stateful.cil.out.i line 2563 function gpio_regulator_get_value
Not unwinding 
Unwinding loop 2  iteration  1   file 32_1_cilled_ok_nondet_linux-3.4-32_1-drivers--regulator--gpio-regulator.ko-ldv_main0_sequence_infinite_withcheck_stateful.cil.out.i line 2648 function gpio_regulator_set_value
Unwinding loop 2  iteration  2   file 32_1_cilled_ok_nondet_linux-3.4-32_1-drivers--regulator--gpio-regulator.ko-ldv_main0_sequence_infinite_withcheck_stateful.cil.out.i line 2648 function gpio_regulator_set_value
Not unwinding 
Unwinding loop 3  iteration  1   file 32_1_cilled_ok_nondet_linux-3.4-32_1-drivers--regulator--gpio-regulator.ko-ldv_main0_sequence_infinite_withcheck_stateful.cil.out.i line 2696 function gpio_regulator_set_value
Unwinding loop 3  iteration  2   file 32_1_cilled_ok_nondet_linux-3.4-32_1-drivers--regulator--gpio-regulator.ko-ldv_main0_sequence_infinite_withcheck_stateful.cil.out.i line 2696 function gpio_regulator_set_value
Not unwinding 
Unwinding loop 4  iteration  1   file 32_1_cilled_ok_nondet_linux-3.4-32_1-drivers--regulator--gpio-regulator.ko-ldv_main0_sequence_infinite_withcheck_stateful.cil.out.i line 3376 function gpio_regulator_probe
Unwinding loop 4  iteration  2   file 32_1_cilled_ok_nondet_linux-3.4-32_1-drivers--regulator--gpio-regulator.ko-ldv_main0_sequence_infinite_withcheck_stateful.cil.out.i line 3376 function gpio_regulator_probe
Not unwinding 
Not unwinding 
Symex completed in: 0.795s (6820 assignments)
Slicing time: 0.053s (removed 5548 assignments)
Generated 22 VCC(s), 22 remaining after simplification (1272 assignments)
No solver specified; defaulting to Boolector
Encoding remaining VCC(s) using bit-vector/floating-point arithmetic
Encoding to solver time: 0.448s
Solving with solver Boolector 3.2.1
Encoding to solver time: 0.448s
Runtime decision procedure: 14.323s
The forward condition is unable to prove the property
*** Checking inductive step, k = 3
Starting Bounded Model Checking
Unwinding loop 1  iteration  1   file 32_1_cilled_ok_nondet_linux-3.4-32_1-drivers--regulator--gpio-regulator.ko-ldv_main0_sequence_infinite_withcheck_stateful.cil.out.i line 2563 function gpio_regulator_get_value
Unwinding loop 1  iteration  2   file 32_1_cilled_ok_nondet_linux-3.4-32_1-drivers--regulator--gpio-regulator.ko-ldv_main0_sequence_infinite_withcheck_stateful.cil.out.i line 2563 function gpio_regulator_get_value
Not unwinding 
Unwinding loop 2  iteration  1   file 32_1_cilled_ok_nondet_linux-3.4-32_1-drivers--regulator--gpio-regulator.ko-ldv_main0_sequence_infinite_withcheck_stateful.cil.out.i line 2648 function gpio_regulator_set_value
Unwinding loop 2  iteration  2   file 32_1_cilled_ok_nondet_linux-3.4-32_1-drivers--regulator--gpio-regulator.ko-ldv_main0_sequence_infinite_withcheck_stateful.cil.out.i line 2648 function gpio_regulator_set_value
Not unwinding 
Unwinding loop 3  iteration  1   file 32_1_cilled_ok_nondet_linux-3.4-32_1-drivers--regulator--gpio-regulator.ko-ldv_main0_sequence_infinite_withcheck_stateful.cil.out.i line 2696 function gpio_regulator_set_value
Unwinding loop 3  iteration  2   file 32_1_cilled_ok_nondet_linux-3.4-32_1-drivers--regulator--gpio-regulator.ko-ldv_main0_sequence_infinite_withcheck_stateful.cil.out.i line 2696 function gpio_regulator_set_value
Not unwinding 
Unwinding loop 1  iteration  1   file 32_1_cilled_ok_nondet_linux-3.4-32_1-drivers--regulator--gpio-regulator.ko-ldv_main0_sequence_infinite_withcheck_stateful.cil.out.i line 2563 function gpio_regulator_get_value
Unwinding loop 1  iteration  2   file 32_1_cilled_ok_nondet_linux-3.4-32_1-drivers--regulator--gpio-regulator.ko-ldv_main0_sequence_infinite_withcheck_stateful.cil.out.i line 2563 function gpio_regulator_get_value
Not unwinding 
Unwinding loop 2  iteration  1   file 32_1_cilled_ok_nondet_linux-3.4-32_1-drivers--regulator--gpio-regulator.ko-ldv_main0_sequence_infinite_withcheck_stateful.cil.out.i line 2648 function gpio_regulator_set_value
Unwinding loop 2  iteration  2   file 32_1_cilled_ok_nondet_linux-3.4-32_1-drivers--regulator--gpio-regulator.ko-ldv_main0_sequence_infinite_withcheck_stateful.cil.out.i line 2648 function gpio_regulator_set_value
Not unwinding 
Unwinding loop 3  iteration  1   file 32_1_cilled_ok_nondet_linux-3.4-32_1-drivers--regulator--gpio-regulator.ko-ldv_main0_sequence_infinite_withcheck_stateful.cil.out.i line 2696 function gpio_regulator_set_value
Unwinding loop 3  iteration  2   file 32_1_cilled_ok_nondet_linux-3.4-32_1-drivers--regulator--gpio-regulator.ko-ldv_main0_sequence_infinite_withcheck_stateful.cil.out.i line 2696 function gpio_regulator_set_value
Not unwinding 
Unwinding loop 4  iteration  1   file 32_1_cilled_ok_nondet_linux-3.4-32_1-drivers--regulator--gpio-regulator.ko-ldv_main0_sequence_infinite_withcheck_stateful.cil.out.i line 3376 function gpio_regulator_probe
Unwinding loop 4  iteration  2   file 32_1_cilled_ok_nondet_linux-3.4-32_1-drivers--regulator--gpio-regulator.ko-ldv_main0_sequence_infinite_withcheck_stateful.cil.out.i line 3376 function gpio_regulator_probe
Not unwinding 
Unwinding loop 5  iteration  1   file 32_1_cilled_ok_nondet_linux-3.4-32_1-drivers--regulator--gpio-regulator.ko-ldv_main0_sequence_infinite_withcheck_stateful.cil.out.i line 3718 function main
Unwinding loop 1  iteration  1   file 32_1_cilled_ok_nondet_linux-3.4-32_1-drivers--regulator--gpio-regulator.ko-ldv_main0_sequence_infinite_withcheck_stateful.cil.out.i line 2563 function gpio_regulator_get_value
Unwinding loop 1  iteration  2   file 32_1_cilled_ok_nondet_linux-3.4-32_1-drivers--regulator--gpio-regulator.ko-ldv_main0_sequence_infinite_withcheck_stateful.cil.out.i line 2563 function gpio_regulator_get_value
Not unwinding 
Unwinding loop 2  iteration  1   file 32_1_cilled_ok_nondet_linux-3.4-32_1-drivers--regulator--gpio-regulator.ko-ldv_main0_sequence_infinite_withcheck_stateful.cil.out.i line 2648 function gpio_regulator_set_value
Unwinding loop 2  iteration  2   file 32_1_cilled_ok_nondet_linux-3.4-32_1-drivers--regulator--gpio-regulator.ko-ldv_main0_sequence_infinite_withcheck_stateful.cil.out.i line 2648 function gpio_regulator_set_value
Not unwinding 
Unwinding loop 3  iteration  1   file 32_1_cilled_ok_nondet_linux-3.4-32_1-drivers--regulator--gpio-regulator.ko-ldv_main0_sequence_infinite_withcheck_stateful.cil.out.i line 2696 function gpio_regulator_set_value
Unwinding loop 3  iteration  2   file 32_1_cilled_ok_nondet_linux-3.4-32_1-drivers--regulator--gpio-regulator.ko-ldv_main0_sequence_infinite_withcheck_stateful.cil.out.i line 2696 function gpio_regulator_set_value
Not unwinding 
Unwinding loop 1  iteration  1   file 32_1_cilled_ok_nondet_linux-3.4-32_1-drivers--regulator--gpio-regulator.ko-ldv_main0_sequence_infinite_withcheck_stateful.cil.out.i line 2563 function gpio_regulator_get_value
Unwinding loop 1  iteration  2   file 32_1_cilled_ok_nondet_linux-3.4-32_1-drivers--regulator--gpio-regulator.ko-ldv_main0_sequence_infinite_withcheck_stateful.cil.out.i line 2563 function gpio_regulator_get_value
Not unwinding 
Unwinding loop 2  iteration  1   file 32_1_cilled_ok_nondet_linux-3.4-32_1-drivers--regulator--gpio-regulator.ko-ldv_main0_sequence_infinite_withcheck_stateful.cil.out.i line 2648 function gpio_regulator_set_value
Unwinding loop 2  iteration  2   file 32_1_cilled_ok_nondet_linux-3.4-32_1-drivers--regulator--gpio-regulator.ko-ldv_main0_sequence_infinite_withcheck_stateful.cil.out.i line 2648 function gpio_regulator_set_value
Not unwinding 
Unwinding loop 3  iteration  1   file 32_1_cilled_ok_nondet_linux-3.4-32_1-drivers--regulator--gpio-regulator.ko-ldv_main0_sequence_infinite_withcheck_stateful.cil.out.i line 2696 function gpio_regulator_set_value
Unwinding loop 3  iteration  2   file 32_1_cilled_ok_nondet_linux-3.4-32_1-drivers--regulator--gpio-regulator.ko-ldv_main0_sequence_infinite_withcheck_stateful.cil.out.i line 2696 function gpio_regulator_set_value
Not unwinding 
Unwinding loop 4  iteration  1   file 32_1_cilled_ok_nondet_linux-3.4-32_1-drivers--regulator--gpio-regulator.ko-ldv_main0_sequence_infinite_withcheck_stateful.cil.out.i line 3376 function gpio_regulator_probe
Unwinding loop 4  iteration  2   file 32_1_cilled_ok_nondet_linux-3.4-32_1-drivers--regulator--gpio-regulator.ko-ldv_main0_sequence_infinite_withcheck_stateful.cil.out.i line 3376 function gpio_regulator_probe
Not unwinding 
Unwinding loop 5  iteration  2   file 32_1_cilled_ok_nondet_linux-3.4-32_1-drivers--regulator--gpio-regulator.ko-ldv_main0_sequence_infinite_withcheck_stateful.cil.out.i line 3718 function main
Unwinding loop 1  iteration  1   file 32_1_cilled_ok_nondet_linux-3.4-32_1-drivers--regulator--gpio-regulator.ko-ldv_main0_sequence_infinite_withcheck_stateful.cil.out.i line 2563 function gpio_regulator_get_value
Unwinding loop 1  iteration  2   file 32_1_cilled_ok_nondet_linux-3.4-32_1-drivers--regulator--gpio-regulator.ko-ldv_main0_sequence_infinite_withcheck_stateful.cil.out.i line 2563 function gpio_regulator_get_value
Not unwinding 
Unwinding loop 2  iteration  1   file 32_1_cilled_ok_nondet_linux-3.4-32_1-drivers--regulator--gpio-regulator.ko-ldv_main0_sequence_infinite_withcheck_stateful.cil.out.i line 2648 function gpio_regulator_set_value
Unwinding loop 2  iteration  2   file 32_1_cilled_ok_nondet_linux-3.4-32_1-drivers--regulator--gpio-regulator.ko-ldv_main0_sequence_infinite_withcheck_stateful.cil.out.i line 2648 function gpio_regulator_set_value
Not unwinding 
Unwinding loop 3  iteration  1   file 32_1_cilled_ok_nondet_linux-3.4-32_1-drivers--regulator--gpio-regulator.ko-ldv_main0_sequence_infinite_withcheck_stateful.cil.out.i line 2696 function gpio_regulator_set_value
Unwinding loop 3  iteration  2   file 32_1_cilled_ok_nondet_linux-3.4-32_1-drivers--regulator--gpio-regulator.ko-ldv_main0_sequence_infinite_withcheck_stateful.cil.out.i line 2696 function gpio_regulator_set_value
Not unwinding 
Unwinding loop 1  iteration  1   file 32_1_cilled_ok_nondet_linux-3.4-32_1-drivers--regulator--gpio-regulator.ko-ldv_main0_sequence_infinite_withcheck_stateful.cil.out.i line 2563 function gpio_regulator_get_value
Unwinding loop 1  iteration  2   file 32_1_cilled_ok_nondet_linux-3.4-32_1-drivers--regulator--gpio-regulator.ko-ldv_main0_sequence_infinite_withcheck_stateful.cil.out.i line 2563 function gpio_regulator_get_value
Not unwinding 
Unwinding loop 2  iteration  1   file 32_1_cilled_ok_nondet_linux-3.4-32_1-drivers--regulator--gpio-regulator.ko-ldv_main0_sequence_infinite_withcheck_stateful.cil.out.i line 2648 function gpio_regulator_set_value
Unwinding loop 2  iteration  2   file 32_1_cilled_ok_nondet_linux-3.4-32_1-drivers--regulator--gpio-regulator.ko-ldv_main0_sequence_infinite_withcheck_stateful.cil.out.i line 2648 function gpio_regulator_set_value
Not unwinding 
Unwinding loop 3  iteration  1   file 32_1_cilled_ok_nondet_linux-3.4-32_1-drivers--regulator--gpio-regulator.ko-ldv_main0_sequence_infinite_withcheck_stateful.cil.out.i line 2696 function gpio_regulator_set_value
Unwinding loop 3  iteration  2   file 32_1_cilled_ok_nondet_linux-3.4-32_1-drivers--regulator--gpio-regulator.ko-ldv_main0_sequence_infinite_withcheck_stateful.cil.out.i line 2696 function gpio_regulator_set_value
Not unwinding 
Unwinding loop 4  iteration  1   file 32_1_cilled_ok_nondet_linux-3.4-32_1-drivers--regulator--gpio-regulator.ko-ldv_main0_sequence_infinite_withcheck_stateful.cil.out.i line 3376 function gpio_regulator_probe
Unwinding loop 4  iteration  2   file 32_1_cilled_ok_nondet_linux-3.4-32_1-drivers--regulator--gpio-regulator.ko-ldv_main0_sequence_infinite_withcheck_stateful.cil.out.i line 3376 function gpio_regulator_probe
Not unwinding 
Not unwinding 
Symex completed in: 2.579s (8320 assignments)
Slicing time: 0.106s (removed 6453 assignments)
Generated 0 VCC(s), 0 remaining after simplification (1867 assignments)
BMC program time: 2.685s
Building successful trace

VERIFICATION SUCCESSFUL

Solution found by the inductive step (k = 3)

../sv-benchmarks/c/ldv-linux-3.4-simple/32_1_cilled_ok_nondet_linux-3.4-32_1-drivers--regulator--gpio-regulator.ko-ldv_main0_sequence_infinite_withcheck_stateful.cil.out.i:3692:1: warning: return type of 'main' is not 'int' [-Wmain-return-type]
void main(void)
^
../sv-benchmarks/c/ldv-linux-3.4-simple/32_1_cilled_ok_nondet_linux-3.4-32_1-drivers--regulator--gpio-regulator.ko-ldv_main0_sequence_infinite_withcheck_stateful.cil.out.i:3692:1: note: change return type to 'int'
void main(void)
^~~~
int

TRUE
