./esbmc-wrapper.py -p ../sv-benchmarks/c/properties/unreach-call.prp -s kinduction --arch 64 ../sv-benchmarks/c/ldv-linux-3.4-simple/32_1_cilled_ok_nondet_linux-3.4-32_1-drivers--tty--serial--mfd.ko-ldv_main0_sequence_infinite_withcheck_stateful.cil.out.i


--------------------------------------------------------------------------------


Verifying with ESBMC
Command: ./esbmc --no-div-by-zero-check --force-malloc-success --state-hashing --no-align-check --k-step 2 --floatbv --unlimited-k-steps ../sv-benchmarks/c/ldv-linux-3.4-simple/32_1_cilled_ok_nondet_linux-3.4-32_1-drivers--tty--serial--mfd.ko-ldv_main0_sequence_infinite_withcheck_stateful.cil.out.i --64 --witness-output 32_1_cilled_ok_nondet_linux-3.4-32_1-drivers--tty--serial--mfd.ko-ldv_main0_sequence_infinite_withcheck_stateful.cil.out.i.graphml --no-pointer-check --no-bounds-check --interval-analysis --k-induction --max-inductive-step 3 
ESBMC version 6.8.0 64-bit x86_64 linux
Target: 64-bit little-endian x86_64-unknown-linux with esbmc libc
file ../sv-benchmarks/c/ldv-linux-3.4-simple/32_1_cilled_ok_nondet_linux-3.4-32_1-drivers--tty--serial--mfd.ko-ldv_main0_sequence_infinite_withcheck_stateful.cil.out.i: Parsing
Converting
Generating GOTO Program
GOTO program creation time: 0.498s
GOTO program processing time: 0.087s
*** Checking base case, k = 1
Starting Bounded Model Checking
Not unwinding 
No target candidate for function call *__cil_tmp16
No target candidate for function call *__cil_tmp20
No target candidate for function call *__cil_tmp20
Not unwinding 
No target candidate for function call *__cil_tmp16
No target candidate for function call *__cil_tmp16
No target candidate for function call *__cil_tmp16
Not unwinding 
Not unwinding 
Not unwinding 
Not unwinding 
Symex completed in: 0.525s (5126 assignments)
Slicing time: 0.008s (removed 4881 assignments)
Generated 0 VCC(s), 0 remaining after simplification (245 assignments)
BMC program time: 0.533s
No bug has been found in the base case
*** Checking forward condition, k = 1
Starting Bounded Model Checking
Not unwinding 
No target candidate for function call *__cil_tmp16
No target candidate for function call *__cil_tmp20
No target candidate for function call *__cil_tmp20
Not unwinding 
No target candidate for function call *__cil_tmp16
No target candidate for function call *__cil_tmp16
No target candidate for function call *__cil_tmp16
Not unwinding 
Not unwinding 
Not unwinding 
Not unwinding 
Symex completed in: 0.498s (5126 assignments)
Slicing time: 0.008s (removed 4881 assignments)
Generated 6 VCC(s), 6 remaining after simplification (245 assignments)
No solver specified; defaulting to Boolector
Encoding remaining VCC(s) using bit-vector/floating-point arithmetic
Encoding to solver time: 0.013s
Solving with solver Boolector 3.2.1
Encoding to solver time: 0.013s
Runtime decision procedure: 1.566s
The forward condition is unable to prove the property
*** Checking base case, k = 3
Starting Bounded Model Checking
Unwinding loop 10  iteration  1   file 32_1_cilled_ok_nondet_linux-3.4-32_1-drivers--tty--serial--mfd.ko-ldv_main0_sequence_infinite_withcheck_stateful.cil.out.i line 9247 function hsu_global_init
Unwinding loop 10  iteration  2   file 32_1_cilled_ok_nondet_linux-3.4-32_1-drivers--tty--serial--mfd.ko-ldv_main0_sequence_infinite_withcheck_stateful.cil.out.i line 9247 function hsu_global_init
Not unwinding 
No target candidate for function call *__cil_tmp16
No target candidate for function call *__cil_tmp20
No target candidate for function call *__cil_tmp20
Unwinding loop 1  iteration  1   file 32_1_cilled_ok_nondet_linux-3.4-32_1-drivers--tty--serial--mfd.ko-ldv_main0_sequence_infinite_withcheck_stateful.cil.out.i line 3628 function __atomic_add_unless
Unwinding loop 1  iteration  2   file 32_1_cilled_ok_nondet_linux-3.4-32_1-drivers--tty--serial--mfd.ko-ldv_main0_sequence_infinite_withcheck_stateful.cil.out.i line 3628 function __atomic_add_unless
Not unwinding 
No target candidate for function call *__cil_tmp16
No target candidate for function call *__cil_tmp16
No target candidate for function call *__cil_tmp16
Unwinding loop 9  iteration  1   file 32_1_cilled_ok_nondet_linux-3.4-32_1-drivers--tty--serial--mfd.ko-ldv_main0_sequence_infinite_withcheck_stateful.cil.out.i line 7279 function dma_irq
No target candidate for function call *__cil_tmp16
No target candidate for function call *__cil_tmp16
No target candidate for function call *__cil_tmp16
Unwinding loop 9  iteration  2   file 32_1_cilled_ok_nondet_linux-3.4-32_1-drivers--tty--serial--mfd.ko-ldv_main0_sequence_infinite_withcheck_stateful.cil.out.i line 7279 function dma_irq
No target candidate for function call *__cil_tmp16
No target candidate for function call *__cil_tmp16
No target candidate for function call *__cil_tmp16
Not unwinding 
Unwinding loop 7  iteration  1   file 32_1_cilled_ok_nondet_linux-3.4-32_1-drivers--tty--serial--mfd.ko-ldv_main0_sequence_infinite_withcheck_stateful.cil.out.i line 6436 function receive_chars
Unwinding loop 7  iteration  2   file 32_1_cilled_ok_nondet_linux-3.4-32_1-drivers--tty--serial--mfd.ko-ldv_main0_sequence_infinite_withcheck_stateful.cil.out.i line 6436 function receive_chars
Not unwinding 
Unwinding loop 8  iteration  1   file 32_1_cilled_ok_nondet_linux-3.4-32_1-drivers--tty--serial--mfd.ko-ldv_main0_sequence_infinite_withcheck_stateful.cil.out.i line 6774 function transmit_chars
Unwinding loop 8  iteration  2   file 32_1_cilled_ok_nondet_linux-3.4-32_1-drivers--tty--serial--mfd.ko-ldv_main0_sequence_infinite_withcheck_stateful.cil.out.i line 6774 function transmit_chars
Not unwinding 
Unwinding loop 12  iteration  1   file 32_1_cilled_ok_nondet_linux-3.4-32_1-drivers--tty--serial--mfd.ko-ldv_main0_sequence_infinite_withcheck_stateful.cil.out.i line 9624 function main
No target candidate for function call *__cil_tmp16
No target candidate for function call *__cil_tmp20
No target candidate for function call *__cil_tmp20
Unwinding loop 1  iteration  1   file 32_1_cilled_ok_nondet_linux-3.4-32_1-drivers--tty--serial--mfd.ko-ldv_main0_sequence_infinite_withcheck_stateful.cil.out.i line 3628 function __atomic_add_unless
Unwinding loop 1  iteration  2   file 32_1_cilled_ok_nondet_linux-3.4-32_1-drivers--tty--serial--mfd.ko-ldv_main0_sequence_infinite_withcheck_stateful.cil.out.i line 3628 function __atomic_add_unless
Not unwinding 
No target candidate for function call *__cil_tmp16
No target candidate for function call *__cil_tmp16
No target candidate for function call *__cil_tmp16
Unwinding loop 9  iteration  1   file 32_1_cilled_ok_nondet_linux-3.4-32_1-drivers--tty--serial--mfd.ko-ldv_main0_sequence_infinite_withcheck_stateful.cil.out.i line 7279 function dma_irq
No target candidate for function call *__cil_tmp16
No target candidate for function call *__cil_tmp16
No target candidate for function call *__cil_tmp16
Unwinding loop 9  iteration  2   file 32_1_cilled_ok_nondet_linux-3.4-32_1-drivers--tty--serial--mfd.ko-ldv_main0_sequence_infinite_withcheck_stateful.cil.out.i line 7279 function dma_irq
No target candidate for function call *__cil_tmp16
No target candidate for function call *__cil_tmp16
No target candidate for function call *__cil_tmp16
Not unwinding 
Unwinding loop 7  iteration  1   file 32_1_cilled_ok_nondet_linux-3.4-32_1-drivers--tty--serial--mfd.ko-ldv_main0_sequence_infinite_withcheck_stateful.cil.out.i line 6436 function receive_chars
Unwinding loop 7  iteration  2   file 32_1_cilled_ok_nondet_linux-3.4-32_1-drivers--tty--serial--mfd.ko-ldv_main0_sequence_infinite_withcheck_stateful.cil.out.i line 6436 function receive_chars
Not unwinding 
Unwinding loop 8  iteration  1   file 32_1_cilled_ok_nondet_linux-3.4-32_1-drivers--tty--serial--mfd.ko-ldv_main0_sequence_infinite_withcheck_stateful.cil.out.i line 6774 function transmit_chars
Unwinding loop 8  iteration  2   file 32_1_cilled_ok_nondet_linux-3.4-32_1-drivers--tty--serial--mfd.ko-ldv_main0_sequence_infinite_withcheck_stateful.cil.out.i line 6774 function transmit_chars
Not unwinding 
Unwinding loop 12  iteration  2   file 32_1_cilled_ok_nondet_linux-3.4-32_1-drivers--tty--serial--mfd.ko-ldv_main0_sequence_infinite_withcheck_stateful.cil.out.i line 9624 function main
No target candidate for function call *__cil_tmp16
No target candidate for function call *__cil_tmp20
No target candidate for function call *__cil_tmp20
Unwinding loop 1  iteration  1   file 32_1_cilled_ok_nondet_linux-3.4-32_1-drivers--tty--serial--mfd.ko-ldv_main0_sequence_infinite_withcheck_stateful.cil.out.i line 3628 function __atomic_add_unless
Unwinding loop 1  iteration  2   file 32_1_cilled_ok_nondet_linux-3.4-32_1-drivers--tty--serial--mfd.ko-ldv_main0_sequence_infinite_withcheck_stateful.cil.out.i line 3628 function __atomic_add_unless
Not unwinding 
No target candidate for function call *__cil_tmp16
No target candidate for function call *__cil_tmp16
No target candidate for function call *__cil_tmp16
Unwinding loop 9  iteration  1   file 32_1_cilled_ok_nondet_linux-3.4-32_1-drivers--tty--serial--mfd.ko-ldv_main0_sequence_infinite_withcheck_stateful.cil.out.i line 7279 function dma_irq
No target candidate for function call *__cil_tmp16
No target candidate for function call *__cil_tmp16
No target candidate for function call *__cil_tmp16
Unwinding loop 9  iteration  2   file 32_1_cilled_ok_nondet_linux-3.4-32_1-drivers--tty--serial--mfd.ko-ldv_main0_sequence_infinite_withcheck_stateful.cil.out.i line 7279 function dma_irq
No target candidate for function call *__cil_tmp16
No target candidate for function call *__cil_tmp16
No target candidate for function call *__cil_tmp16
Not unwinding 
Unwinding loop 7  iteration  1   file 32_1_cilled_ok_nondet_linux-3.4-32_1-drivers--tty--serial--mfd.ko-ldv_main0_sequence_infinite_withcheck_stateful.cil.out.i line 6436 function receive_chars
Unwinding loop 7  iteration  2   file 32_1_cilled_ok_nondet_linux-3.4-32_1-drivers--tty--serial--mfd.ko-ldv_main0_sequence_infinite_withcheck_stateful.cil.out.i line 6436 function receive_chars
Not unwinding 
Unwinding loop 8  iteration  1   file 32_1_cilled_ok_nondet_linux-3.4-32_1-drivers--tty--serial--mfd.ko-ldv_main0_sequence_infinite_withcheck_stateful.cil.out.i line 6774 function transmit_chars
Unwinding loop 8  iteration  2   file 32_1_cilled_ok_nondet_linux-3.4-32_1-drivers--tty--serial--mfd.ko-ldv_main0_sequence_infinite_withcheck_stateful.cil.out.i line 6774 function transmit_chars
Not unwinding 
Not unwinding 
Symex completed in: 3.485s (21865 assignments)
Slicing time: 0.067s (removed 21088 assignments)
Generated 0 VCC(s), 0 remaining after simplification (777 assignments)
BMC program time: 3.552s
No bug has been found in the base case
*** Checking forward condition, k = 3
Starting Bounded Model Checking
Unwinding loop 10  iteration  1   file 32_1_cilled_ok_nondet_linux-3.4-32_1-drivers--tty--serial--mfd.ko-ldv_main0_sequence_infinite_withcheck_stateful.cil.out.i line 9247 function hsu_global_init
Unwinding loop 10  iteration  2   file 32_1_cilled_ok_nondet_linux-3.4-32_1-drivers--tty--serial--mfd.ko-ldv_main0_sequence_infinite_withcheck_stateful.cil.out.i line 9247 function hsu_global_init
Not unwinding 
No target candidate for function call *__cil_tmp16
No target candidate for function call *__cil_tmp20
No target candidate for function call *__cil_tmp20
Unwinding loop 1  iteration  1   file 32_1_cilled_ok_nondet_linux-3.4-32_1-drivers--tty--serial--mfd.ko-ldv_main0_sequence_infinite_withcheck_stateful.cil.out.i line 3628 function __atomic_add_unless
Unwinding loop 1  iteration  2   file 32_1_cilled_ok_nondet_linux-3.4-32_1-drivers--tty--serial--mfd.ko-ldv_main0_sequence_infinite_withcheck_stateful.cil.out.i line 3628 function __atomic_add_unless
Not unwinding 
No target candidate for function call *__cil_tmp16
No target candidate for function call *__cil_tmp16
No target candidate for function call *__cil_tmp16
Unwinding loop 9  iteration  1   file 32_1_cilled_ok_nondet_linux-3.4-32_1-drivers--tty--serial--mfd.ko-ldv_main0_sequence_infinite_withcheck_stateful.cil.out.i line 7279 function dma_irq
No target candidate for function call *__cil_tmp16
No target candidate for function call *__cil_tmp16
No target candidate for function call *__cil_tmp16
Unwinding loop 9  iteration  2   file 32_1_cilled_ok_nondet_linux-3.4-32_1-drivers--tty--serial--mfd.ko-ldv_main0_sequence_infinite_withcheck_stateful.cil.out.i line 7279 function dma_irq
No target candidate for function call *__cil_tmp16
No target candidate for function call *__cil_tmp16
No target candidate for function call *__cil_tmp16
Not unwinding 
Unwinding loop 7  iteration  1   file 32_1_cilled_ok_nondet_linux-3.4-32_1-drivers--tty--serial--mfd.ko-ldv_main0_sequence_infinite_withcheck_stateful.cil.out.i line 6436 function receive_chars
Unwinding loop 7  iteration  2   file 32_1_cilled_ok_nondet_linux-3.4-32_1-drivers--tty--serial--mfd.ko-ldv_main0_sequence_infinite_withcheck_stateful.cil.out.i line 6436 function receive_chars
Not unwinding 
Unwinding loop 8  iteration  1   file 32_1_cilled_ok_nondet_linux-3.4-32_1-drivers--tty--serial--mfd.ko-ldv_main0_sequence_infinite_withcheck_stateful.cil.out.i line 6774 function transmit_chars
Unwinding loop 8  iteration  2   file 32_1_cilled_ok_nondet_linux-3.4-32_1-drivers--tty--serial--mfd.ko-ldv_main0_sequence_infinite_withcheck_stateful.cil.out.i line 6774 function transmit_chars
Not unwinding 
Unwinding loop 12  iteration  1   file 32_1_cilled_ok_nondet_linux-3.4-32_1-drivers--tty--serial--mfd.ko-ldv_main0_sequence_infinite_withcheck_stateful.cil.out.i line 9624 function main
No target candidate for function call *__cil_tmp16
No target candidate for function call *__cil_tmp20
No target candidate for function call *__cil_tmp20
Unwinding loop 1  iteration  1   file 32_1_cilled_ok_nondet_linux-3.4-32_1-drivers--tty--serial--mfd.ko-ldv_main0_sequence_infinite_withcheck_stateful.cil.out.i line 3628 function __atomic_add_unless
Unwinding loop 1  iteration  2   file 32_1_cilled_ok_nondet_linux-3.4-32_1-drivers--tty--serial--mfd.ko-ldv_main0_sequence_infinite_withcheck_stateful.cil.out.i line 3628 function __atomic_add_unless
Not unwinding 
No target candidate for function call *__cil_tmp16
No target candidate for function call *__cil_tmp16
No target candidate for function call *__cil_tmp16
Unwinding loop 9  iteration  1   file 32_1_cilled_ok_nondet_linux-3.4-32_1-drivers--tty--serial--mfd.ko-ldv_main0_sequence_infinite_withcheck_stateful.cil.out.i line 7279 function dma_irq
No target candidate for function call *__cil_tmp16
No target candidate for function call *__cil_tmp16
No target candidate for function call *__cil_tmp16
Unwinding loop 9  iteration  2   file 32_1_cilled_ok_nondet_linux-3.4-32_1-drivers--tty--serial--mfd.ko-ldv_main0_sequence_infinite_withcheck_stateful.cil.out.i line 7279 function dma_irq
No target candidate for function call *__cil_tmp16
No target candidate for function call *__cil_tmp16
No target candidate for function call *__cil_tmp16
Not unwinding 
Unwinding loop 7  iteration  1   file 32_1_cilled_ok_nondet_linux-3.4-32_1-drivers--tty--serial--mfd.ko-ldv_main0_sequence_infinite_withcheck_stateful.cil.out.i line 6436 function receive_chars
Unwinding loop 7  iteration  2   file 32_1_cilled_ok_nondet_linux-3.4-32_1-drivers--tty--serial--mfd.ko-ldv_main0_sequence_infinite_withcheck_stateful.cil.out.i line 6436 function receive_chars
Not unwinding 
Unwinding loop 8  iteration  1   file 32_1_cilled_ok_nondet_linux-3.4-32_1-drivers--tty--serial--mfd.ko-ldv_main0_sequence_infinite_withcheck_stateful.cil.out.i line 6774 function transmit_chars
Unwinding loop 8  iteration  2   file 32_1_cilled_ok_nondet_linux-3.4-32_1-drivers--tty--serial--mfd.ko-ldv_main0_sequence_infinite_withcheck_stateful.cil.out.i line 6774 function transmit_chars
Not unwinding 
Unwinding loop 12  iteration  2   file 32_1_cilled_ok_nondet_linux-3.4-32_1-drivers--tty--serial--mfd.ko-ldv_main0_sequence_infinite_withcheck_stateful.cil.out.i line 9624 function main
No target candidate for function call *__cil_tmp16
No target candidate for function call *__cil_tmp20
No target candidate for function call *__cil_tmp20
Unwinding loop 1  iteration  1   file 32_1_cilled_ok_nondet_linux-3.4-32_1-drivers--tty--serial--mfd.ko-ldv_main0_sequence_infinite_withcheck_stateful.cil.out.i line 3628 function __atomic_add_unless
Unwinding loop 1  iteration  2   file 32_1_cilled_ok_nondet_linux-3.4-32_1-drivers--tty--serial--mfd.ko-ldv_main0_sequence_infinite_withcheck_stateful.cil.out.i line 3628 function __atomic_add_unless
Not unwinding 
No target candidate for function call *__cil_tmp16
No target candidate for function call *__cil_tmp16
No target candidate for function call *__cil_tmp16
Unwinding loop 9  iteration  1   file 32_1_cilled_ok_nondet_linux-3.4-32_1-drivers--tty--serial--mfd.ko-ldv_main0_sequence_infinite_withcheck_stateful.cil.out.i line 7279 function dma_irq
No target candidate for function call *__cil_tmp16
No target candidate for function call *__cil_tmp16
No target candidate for function call *__cil_tmp16
Unwinding loop 9  iteration  2   file 32_1_cilled_ok_nondet_linux-3.4-32_1-drivers--tty--serial--mfd.ko-ldv_main0_sequence_infinite_withcheck_stateful.cil.out.i line 7279 function dma_irq
No target candidate for function call *__cil_tmp16
No target candidate for function call *__cil_tmp16
No target candidate for function call *__cil_tmp16
Not unwinding 
Unwinding loop 7  iteration  1   file 32_1_cilled_ok_nondet_linux-3.4-32_1-drivers--tty--serial--mfd.ko-ldv_main0_sequence_infinite_withcheck_stateful.cil.out.i line 6436 function receive_chars
Unwinding loop 7  iteration  2   file 32_1_cilled_ok_nondet_linux-3.4-32_1-drivers--tty--serial--mfd.ko-ldv_main0_sequence_infinite_withcheck_stateful.cil.out.i line 6436 function receive_chars
Not unwinding 
Unwinding loop 8  iteration  1   file 32_1_cilled_ok_nondet_linux-3.4-32_1-drivers--tty--serial--mfd.ko-ldv_main0_sequence_infinite_withcheck_stateful.cil.out.i line 6774 function transmit_chars
Unwinding loop 8  iteration  2   file 32_1_cilled_ok_nondet_linux-3.4-32_1-drivers--tty--serial--mfd.ko-ldv_main0_sequence_infinite_withcheck_stateful.cil.out.i line 6774 function transmit_chars
Not unwinding 
Not unwinding 
Symex completed in: 4.322s (21865 assignments)
Slicing time: 0.068s (removed 21088 assignments)
Generated 14 VCC(s), 14 remaining after simplification (777 assignments)
No solver specified; defaulting to Boolector
Encoding remaining VCC(s) using bit-vector/floating-point arithmetic
Encoding to solver time: 0.060s
Solving with solver Boolector 3.2.1
Encoding to solver time: 0.060s
Runtime decision procedure: 5.210s
The forward condition is unable to prove the property
*** Checking inductive step, k = 3
Starting Bounded Model Checking
Unwinding loop 10  iteration  1   file 32_1_cilled_ok_nondet_linux-3.4-32_1-drivers--tty--serial--mfd.ko-ldv_main0_sequence_infinite_withcheck_stateful.cil.out.i line 9247 function hsu_global_init
Unwinding loop 10  iteration  2   file 32_1_cilled_ok_nondet_linux-3.4-32_1-drivers--tty--serial--mfd.ko-ldv_main0_sequence_infinite_withcheck_stateful.cil.out.i line 9247 function hsu_global_init
Not unwinding 
Unwinding loop 11  iteration  1   file 32_1_cilled_ok_nondet_linux-3.4-32_1-drivers--tty--serial--mfd.ko-ldv_main0_sequence_infinite_withcheck_stateful.cil.out.i line 9361 function hsu_global_init
Unwinding loop 11  iteration  2   file 32_1_cilled_ok_nondet_linux-3.4-32_1-drivers--tty--serial--mfd.ko-ldv_main0_sequence_infinite_withcheck_stateful.cil.out.i line 9361 function hsu_global_init
Not unwinding 
Unwinding loop 5  iteration  1   file 32_1_cilled_ok_nondet_linux-3.4-32_1-drivers--tty--serial--mfd.ko-ldv_main0_sequence_infinite_withcheck_stateful.cil.out.i line 5245 function hsu_debugfs_init
Unwinding loop 5  iteration  2   file 32_1_cilled_ok_nondet_linux-3.4-32_1-drivers--tty--serial--mfd.ko-ldv_main0_sequence_infinite_withcheck_stateful.cil.out.i line 5245 function hsu_debugfs_init
Not unwinding 
Unwinding loop 6  iteration  1   file 32_1_cilled_ok_nondet_linux-3.4-32_1-drivers--tty--serial--mfd.ko-ldv_main0_sequence_infinite_withcheck_stateful.cil.out.i line 5278 function hsu_debugfs_init
Unwinding loop 6  iteration  2   file 32_1_cilled_ok_nondet_linux-3.4-32_1-drivers--tty--serial--mfd.ko-ldv_main0_sequence_infinite_withcheck_stateful.cil.out.i line 5278 function hsu_debugfs_init
Not unwinding 
No target candidate for function call *__cil_tmp16
No target candidate for function call *__cil_tmp20
No target candidate for function call *__cil_tmp20
Unwinding loop 1  iteration  1   file 32_1_cilled_ok_nondet_linux-3.4-32_1-drivers--tty--serial--mfd.ko-ldv_main0_sequence_infinite_withcheck_stateful.cil.out.i line 3628 function __atomic_add_unless
Unwinding loop 1  iteration  2   file 32_1_cilled_ok_nondet_linux-3.4-32_1-drivers--tty--serial--mfd.ko-ldv_main0_sequence_infinite_withcheck_stateful.cil.out.i line 3628 function __atomic_add_unless
Not unwinding 
No target candidate for function call *__cil_tmp16
No target candidate for function call *__cil_tmp16
No target candidate for function call *__cil_tmp16
Unwinding loop 9  iteration  1   file 32_1_cilled_ok_nondet_linux-3.4-32_1-drivers--tty--serial--mfd.ko-ldv_main0_sequence_infinite_withcheck_stateful.cil.out.i line 7279 function dma_irq
No target candidate for function call *__cil_tmp16
No target candidate for function call *__cil_tmp16
No target candidate for function call *__cil_tmp16
Unwinding loop 9  iteration  2   file 32_1_cilled_ok_nondet_linux-3.4-32_1-drivers--tty--serial--mfd.ko-ldv_main0_sequence_infinite_withcheck_stateful.cil.out.i line 7279 function dma_irq
No target candidate for function call *__cil_tmp16
No target candidate for function call *__cil_tmp16
No target candidate for function call *__cil_tmp16
Not unwinding 
Unwinding loop 7  iteration  1   file 32_1_cilled_ok_nondet_linux-3.4-32_1-drivers--tty--serial--mfd.ko-ldv_main0_sequence_infinite_withcheck_stateful.cil.out.i line 6436 function receive_chars
Unwinding loop 7  iteration  2   file 32_1_cilled_ok_nondet_linux-3.4-32_1-drivers--tty--serial--mfd.ko-ldv_main0_sequence_infinite_withcheck_stateful.cil.out.i line 6436 function receive_chars
Not unwinding 
Unwinding loop 8  iteration  1   file 32_1_cilled_ok_nondet_linux-3.4-32_1-drivers--tty--serial--mfd.ko-ldv_main0_sequence_infinite_withcheck_stateful.cil.out.i line 6774 function transmit_chars
Unwinding loop 8  iteration  2   file 32_1_cilled_ok_nondet_linux-3.4-32_1-drivers--tty--serial--mfd.ko-ldv_main0_sequence_infinite_withcheck_stateful.cil.out.i line 6774 function transmit_chars
Not unwinding 
Unwinding loop 12  iteration  1   file 32_1_cilled_ok_nondet_linux-3.4-32_1-drivers--tty--serial--mfd.ko-ldv_main0_sequence_infinite_withcheck_stateful.cil.out.i line 9624 function main
No target candidate for function call *__cil_tmp16
No target candidate for function call *__cil_tmp20
No target candidate for function call *__cil_tmp20
Unwinding loop 1  iteration  1   file 32_1_cilled_ok_nondet_linux-3.4-32_1-drivers--tty--serial--mfd.ko-ldv_main0_sequence_infinite_withcheck_stateful.cil.out.i line 3628 function __atomic_add_unless
Unwinding loop 1  iteration  2   file 32_1_cilled_ok_nondet_linux-3.4-32_1-drivers--tty--serial--mfd.ko-ldv_main0_sequence_infinite_withcheck_stateful.cil.out.i line 3628 function __atomic_add_unless
Not unwinding 
No target candidate for function call *__cil_tmp16
No target candidate for function call *__cil_tmp16
No target candidate for function call *__cil_tmp16
Unwinding loop 9  iteration  1   file 32_1_cilled_ok_nondet_linux-3.4-32_1-drivers--tty--serial--mfd.ko-ldv_main0_sequence_infinite_withcheck_stateful.cil.out.i line 7279 function dma_irq
No target candidate for function call *__cil_tmp16
No target candidate for function call *__cil_tmp16
No target candidate for function call *__cil_tmp16
Unwinding loop 9  iteration  2   file 32_1_cilled_ok_nondet_linux-3.4-32_1-drivers--tty--serial--mfd.ko-ldv_main0_sequence_infinite_withcheck_stateful.cil.out.i line 7279 function dma_irq
No target candidate for function call *__cil_tmp16
No target candidate for function call *__cil_tmp16
No target candidate for function call *__cil_tmp16
Not unwinding 
Unwinding loop 7  iteration  1   file 32_1_cilled_ok_nondet_linux-3.4-32_1-drivers--tty--serial--mfd.ko-ldv_main0_sequence_infinite_withcheck_stateful.cil.out.i line 6436 function receive_chars
Unwinding loop 7  iteration  2   file 32_1_cilled_ok_nondet_linux-3.4-32_1-drivers--tty--serial--mfd.ko-ldv_main0_sequence_infinite_withcheck_stateful.cil.out.i line 6436 function receive_chars
Not unwinding 
Unwinding loop 8  iteration  1   file 32_1_cilled_ok_nondet_linux-3.4-32_1-drivers--tty--serial--mfd.ko-ldv_main0_sequence_infinite_withcheck_stateful.cil.out.i line 6774 function transmit_chars
Unwinding loop 8  iteration  2   file 32_1_cilled_ok_nondet_linux-3.4-32_1-drivers--tty--serial--mfd.ko-ldv_main0_sequence_infinite_withcheck_stateful.cil.out.i line 6774 function transmit_chars
Not unwinding 
Unwinding loop 12  iteration  2   file 32_1_cilled_ok_nondet_linux-3.4-32_1-drivers--tty--serial--mfd.ko-ldv_main0_sequence_infinite_withcheck_stateful.cil.out.i line 9624 function main
No target candidate for function call *__cil_tmp16
No target candidate for function call *__cil_tmp20
No target candidate for function call *__cil_tmp20
Unwinding loop 1  iteration  1   file 32_1_cilled_ok_nondet_linux-3.4-32_1-drivers--tty--serial--mfd.ko-ldv_main0_sequence_infinite_withcheck_stateful.cil.out.i line 3628 function __atomic_add_unless
Unwinding loop 1  iteration  2   file 32_1_cilled_ok_nondet_linux-3.4-32_1-drivers--tty--serial--mfd.ko-ldv_main0_sequence_infinite_withcheck_stateful.cil.out.i line 3628 function __atomic_add_unless
Not unwinding 
No target candidate for function call *__cil_tmp16
No target candidate for function call *__cil_tmp16
No target candidate for function call *__cil_tmp16
Unwinding loop 9  iteration  1   file 32_1_cilled_ok_nondet_linux-3.4-32_1-drivers--tty--serial--mfd.ko-ldv_main0_sequence_infinite_withcheck_stateful.cil.out.i line 7279 function dma_irq
No target candidate for function call *__cil_tmp16
No target candidate for function call *__cil_tmp16
No target candidate for function call *__cil_tmp16
Unwinding loop 9  iteration  2   file 32_1_cilled_ok_nondet_linux-3.4-32_1-drivers--tty--serial--mfd.ko-ldv_main0_sequence_infinite_withcheck_stateful.cil.out.i line 7279 function dma_irq
No target candidate for function call *__cil_tmp16
No target candidate for function call *__cil_tmp16
No target candidate for function call *__cil_tmp16
Not unwinding 
Unwinding loop 7  iteration  1   file 32_1_cilled_ok_nondet_linux-3.4-32_1-drivers--tty--serial--mfd.ko-ldv_main0_sequence_infinite_withcheck_stateful.cil.out.i line 6436 function receive_chars
Unwinding loop 7  iteration  2   file 32_1_cilled_ok_nondet_linux-3.4-32_1-drivers--tty--serial--mfd.ko-ldv_main0_sequence_infinite_withcheck_stateful.cil.out.i line 6436 function receive_chars
Not unwinding 
Unwinding loop 8  iteration  1   file 32_1_cilled_ok_nondet_linux-3.4-32_1-drivers--tty--serial--mfd.ko-ldv_main0_sequence_infinite_withcheck_stateful.cil.out.i line 6774 function transmit_chars
Unwinding loop 8  iteration  2   file 32_1_cilled_ok_nondet_linux-3.4-32_1-drivers--tty--serial--mfd.ko-ldv_main0_sequence_infinite_withcheck_stateful.cil.out.i line 6774 function transmit_chars
Not unwinding 
Not unwinding 
Symex completed in: 21.534s (69548 assignments)
Slicing time: 0.377s (removed 65968 assignments)
Generated 0 VCC(s), 0 remaining after simplification (3580 assignments)
BMC program time: 21.911s
Building successful trace

VERIFICATION SUCCESSFUL

Solution found by the inductive step (k = 3)

../sv-benchmarks/c/ldv-linux-3.4-simple/32_1_cilled_ok_nondet_linux-3.4-32_1-drivers--tty--serial--mfd.ko-ldv_main0_sequence_infinite_withcheck_stateful.cil.out.i:5359:16: warning: cast to smaller integer type 'unsigned int' from 'struct uart_port *' [-Wpointer-to-int-cast]
  __cil_tmp6 = (unsigned int )__cil_tmp5;
               ^~~~~~~~~~~~~~~~~~~~~~~~~
../sv-benchmarks/c/ldv-linux-3.4-simple/32_1_cilled_ok_nondet_linux-3.4-32_1-drivers--tty--serial--mfd.ko-ldv_main0_sequence_infinite_withcheck_stateful.cil.out.i:5881:16: warning: cast to smaller integer type 'unsigned int' from 'struct uart_port *' [-Wpointer-to-int-cast]
  __cil_tmp6 = (unsigned int )__cil_tmp5;
               ^~~~~~~~~~~~~~~~~~~~~~~~~
../sv-benchmarks/c/ldv-linux-3.4-simple/32_1_cilled_ok_nondet_linux-3.4-32_1-drivers--tty--serial--mfd.ko-ldv_main0_sequence_infinite_withcheck_stateful.cil.out.i:5960:16: warning: cast to smaller integer type 'unsigned int' from 'struct uart_port *' [-Wpointer-to-int-cast]
  __cil_tmp7 = (unsigned int )__cil_tmp6;
               ^~~~~~~~~~~~~~~~~~~~~~~~~
../sv-benchmarks/c/ldv-linux-3.4-simple/32_1_cilled_ok_nondet_linux-3.4-32_1-drivers--tty--serial--mfd.ko-ldv_main0_sequence_infinite_withcheck_stateful.cil.out.i:6287:16: warning: cast to smaller integer type 'unsigned int' from 'struct uart_port *' [-Wpointer-to-int-cast]
  __cil_tmp7 = (unsigned int )__cil_tmp6;
               ^~~~~~~~~~~~~~~~~~~~~~~~~
../sv-benchmarks/c/ldv-linux-3.4-simple/32_1_cilled_ok_nondet_linux-3.4-32_1-drivers--tty--serial--mfd.ko-ldv_main0_sequence_infinite_withcheck_stateful.cil.out.i:7322:17: warning: cast to smaller integer type 'unsigned int' from 'struct uart_port *' [-Wpointer-to-int-cast]
  __cil_tmp13 = (unsigned int )__cil_tmp12;
                ^~~~~~~~~~~~~~~~~~~~~~~~~~
../sv-benchmarks/c/ldv-linux-3.4-simple/32_1_cilled_ok_nondet_linux-3.4-32_1-drivers--tty--serial--mfd.ko-ldv_main0_sequence_infinite_withcheck_stateful.cil.out.i:7380:16: warning: cast to smaller integer type 'unsigned int' from 'struct uart_port *' [-Wpointer-to-int-cast]
  __cil_tmp9 = (unsigned int )__cil_tmp8;
               ^~~~~~~~~~~~~~~~~~~~~~~~~
../sv-benchmarks/c/ldv-linux-3.4-simple/32_1_cilled_ok_nondet_linux-3.4-32_1-drivers--tty--serial--mfd.ko-ldv_main0_sequence_infinite_withcheck_stateful.cil.out.i:7449:16: warning: cast to smaller integer type 'unsigned int' from 'struct uart_port *' [-Wpointer-to-int-cast]
  __cil_tmp8 = (unsigned int )__cil_tmp7;
               ^~~~~~~~~~~~~~~~~~~~~~~~~
../sv-benchmarks/c/ldv-linux-3.4-simple/32_1_cilled_ok_nondet_linux-3.4-32_1-drivers--tty--serial--mfd.ko-ldv_main0_sequence_infinite_withcheck_stateful.cil.out.i:7532:17: warning: cast to smaller integer type 'unsigned int' from 'struct uart_port *' [-Wpointer-to-int-cast]
  __cil_tmp11 = (unsigned int )__cil_tmp10;
                ^~~~~~~~~~~~~~~~~~~~~~~~~~
../sv-benchmarks/c/ldv-linux-3.4-simple/32_1_cilled_ok_nondet_linux-3.4-32_1-drivers--tty--serial--mfd.ko-ldv_main0_sequence_infinite_withcheck_stateful.cil.out.i:7700:17: warning: cast to smaller integer type 'unsigned int' from 'struct uart_port *' [-Wpointer-to-int-cast]
  __cil_tmp13 = (unsigned int )__cil_tmp12;
                ^~~~~~~~~~~~~~~~~~~~~~~~~~
../sv-benchmarks/c/ldv-linux-3.4-simple/32_1_cilled_ok_nondet_linux-3.4-32_1-drivers--tty--serial--mfd.ko-ldv_main0_sequence_infinite_withcheck_stateful.cil.out.i:7928:17: warning: cast to smaller integer type 'unsigned int' from 'struct uart_port *' [-Wpointer-to-int-cast]
  __cil_tmp11 = (unsigned int )__cil_tmp10;
                ^~~~~~~~~~~~~~~~~~~~~~~~~~
../sv-benchmarks/c/ldv-linux-3.4-simple/32_1_cilled_ok_nondet_linux-3.4-32_1-drivers--tty--serial--mfd.ko-ldv_main0_sequence_infinite_withcheck_stateful.cil.out.i:8190:17: warning: cast to smaller integer type 'unsigned int' from 'struct uart_port *' [-Wpointer-to-int-cast]
  __cil_tmp18 = (unsigned int )__cil_tmp17;
                ^~~~~~~~~~~~~~~~~~~~~~~~~~
../sv-benchmarks/c/ldv-linux-3.4-simple/32_1_cilled_ok_nondet_linux-3.4-32_1-drivers--tty--serial--mfd.ko-ldv_main0_sequence_infinite_withcheck_stateful.cil.out.i:8635:16: warning: cast to smaller integer type 'unsigned int' from 'struct uart_port *' [-Wpointer-to-int-cast]
  __cil_tmp7 = (unsigned int )__cil_tmp6;
               ^~~~~~~~~~~~~~~~~~~~~~~~~
../sv-benchmarks/c/ldv-linux-3.4-simple/32_1_cilled_ok_nondet_linux-3.4-32_1-drivers--tty--serial--mfd.ko-ldv_main0_sequence_infinite_withcheck_stateful.cil.out.i:8669:16: warning: cast to smaller integer type 'unsigned int' from 'struct uart_port *' [-Wpointer-to-int-cast]
  __cil_tmp6 = (unsigned int )__cil_tmp5;
               ^~~~~~~~~~~~~~~~~~~~~~~~~
../sv-benchmarks/c/ldv-linux-3.4-simple/32_1_cilled_ok_nondet_linux-3.4-32_1-drivers--tty--serial--mfd.ko-ldv_main0_sequence_infinite_withcheck_stateful.cil.out.i:9489:26: warning: incompatible function pointer types initializing 'int (*)(struct pci_dev *, pm_message_t)' (aka 'int (*)(struct pci_dev *, struct pm_message)') with an expression of type 'int (*)(struct pci_dev *, int)' [-Wincompatible-function-pointer-types]
    & serial_hsu_remove, & serial_hsu_suspend, (int (*)(struct pci_dev *dev , pm_message_t state ))0,
                         ^~~~~~~~~~~~~~~~~~~~
../sv-benchmarks/c/ldv-linux-3.4-simple/32_1_cilled_ok_nondet_linux-3.4-32_1-drivers--tty--serial--mfd.ko-ldv_main0_sequence_infinite_withcheck_stateful.cil.out.i:9573:1: warning: return type of 'main' is not 'int' [-Wmain-return-type]
void main(void)
^
../sv-benchmarks/c/ldv-linux-3.4-simple/32_1_cilled_ok_nondet_linux-3.4-32_1-drivers--tty--serial--mfd.ko-ldv_main0_sequence_infinite_withcheck_stateful.cil.out.i:9573:1: note: change return type to 'int'
void main(void)
^~~~
int

TRUE
