./esbmc-wrapper.py -p ../sv-benchmarks/c/properties/no-overflow.prp -s kinduction --arch 64 ../sv-benchmarks/c/termination-crafted-lit/ChenFlurMukhopadhyay-SAS2012-Ex2.07.c


--------------------------------------------------------------------------------


Verifying with ESBMC
Command: ./esbmc --no-div-by-zero-check --force-malloc-success --state-hashing --add-symex-value-sets --no-align-check --k-step 5 --floatbv --unlimited-k-steps ../sv-benchmarks/c/termination-crafted-lit/ChenFlurMukhopadhyay-SAS2012-Ex2.07.c --64 --witness-output ChenFlurMukhopadhyay-SAS2012-Ex2.07.c.graphml --no-pointer-check --no-bounds-check --overflow-check --no-assertions --k-induction --max-inductive-step 3 
ESBMC version 6.8.0 64-bit x86_64 linux
Target: 64-bit little-endian x86_64-unknown-linux with esbmc libc
file ../sv-benchmarks/c/termination-crafted-lit/ChenFlurMukhopadhyay-SAS2012-Ex2.07.c: Parsing
Converting
Generating GOTO Program
GOTO program creation time: 0.128s
GOTO program processing time: 0.001s
*** Checking base case, k = 1
Starting Bounded Model Checking
Not unwinding 
Symex completed in: 0.000s (20 assignments)
Slicing time: 0.000s (removed 13 assignments)
Generated 2 VCC(s), 2 remaining after simplification (7 assignments)
No solver specified; defaulting to Boolector
Encoding remaining VCC(s) using bit-vector/floating-point arithmetic
Encoding to solver time: 0.001s
Solving with solver Boolector 3.2.2
Encoding to solver time: 0.001s
Runtime decision procedure: 0.006s
Building error trace

Counterexample:

State 1 file ChenFlurMukhopadhyay-SAS2012-Ex2.07.c line 24 function main thread 0
----------------------------------------------------
  x = 1073741827 (01000000 00000000 00000000 00000011)

State 2 file ChenFlurMukhopadhyay-SAS2012-Ex2.07.c line 25 function main thread 0
----------------------------------------------------
  y = 2147483645 (01111111 11111111 11111111 11111101)

State 3 file ChenFlurMukhopadhyay-SAS2012-Ex2.07.c line 27 function main thread 0
----------------------------------------------------
Violated property:
  file ChenFlurMukhopadhyay-SAS2012-Ex2.07.c line 27 function main
  arithmetic overflow on mul
  !overflow("*", 2, x)


VERIFICATION FAILED

Bug found (k = 1)


FALSE_OVERFLOW
