./esbmc-wrapper.py -p ../sv-benchmarks/c/properties/termination.prp -s kinduction --arch 64 ../sv-benchmarks/c/termination-numeric/java_LogBuiltIn.c


--------------------------------------------------------------------------------


Verifying with ESBMC
Command: ./esbmc --no-div-by-zero-check --force-malloc-success --state-hashing --add-symex-value-sets --no-align-check --k-step 5 --floatbv --unlimited-k-steps ../sv-benchmarks/c/termination-numeric/java_LogBuiltIn.c --64 --witness-output java_LogBuiltIn.c.graphml --no-pointer-check --no-bounds-check --no-assertions --termination --max-inductive-step 3 
ESBMC version 6.8.0 64-bit x86_64 linux
Target: 64-bit little-endian x86_64-unknown-linux with esbmc libc
file ../sv-benchmarks/c/termination-numeric/java_LogBuiltIn.c: Parsing
Converting
Generating GOTO Program
GOTO program creation time: 0.131s
GOTO program processing time: 0.000s
*** Checking forward condition, k = 1
Starting Bounded Model Checking
Not unwinding 
Symex completed in: 0.001s (20 assignments)
Slicing time: 0.000s (removed 15 assignments)
Generated 1 VCC(s), 1 remaining after simplification (5 assignments)
No solver specified; defaulting to Boolector
Encoding remaining VCC(s) using bit-vector/floating-point arithmetic
Encoding to solver time: 0.000s
Solving with solver Boolector 3.2.2
Encoding to solver time: 0.000s
Runtime decision procedure: 0.002s
The forward condition is unable to prove the property
*** Checking forward condition, k = 6
Starting Bounded Model Checking
Unwinding loop 1  iteration  1   file java_LogBuiltIn.c line 7 function mlog
Unwinding loop 1  iteration  2   file java_LogBuiltIn.c line 7 function mlog
Unwinding loop 1  iteration  3   file java_LogBuiltIn.c line 7 function mlog
Unwinding loop 1  iteration  4   file java_LogBuiltIn.c line 7 function mlog
Unwinding loop 1  iteration  5   file java_LogBuiltIn.c line 7 function mlog
Not unwinding 
Symex completed in: 0.001s (45 assignments)
Slicing time: 0.000s (removed 30 assignments)
Generated 1 VCC(s), 1 remaining after simplification (15 assignments)
No solver specified; defaulting to Boolector
Encoding remaining VCC(s) using bit-vector/floating-point arithmetic
Encoding to solver time: 0.000s
Solving with solver Boolector 3.2.2
Encoding to solver time: 0.000s
Runtime decision procedure: 0.004s
The forward condition is unable to prove the property
*** Checking forward condition, k = 11
Starting Bounded Model Checking
Unwinding loop 1  iteration  1   file java_LogBuiltIn.c line 7 function mlog
Unwinding loop 1  iteration  2   file java_LogBuiltIn.c line 7 function mlog
Unwinding loop 1  iteration  3   file java_LogBuiltIn.c line 7 function mlog
Unwinding loop 1  iteration  4   file java_LogBuiltIn.c line 7 function mlog
Unwinding loop 1  iteration  5   file java_LogBuiltIn.c line 7 function mlog
Unwinding loop 1  iteration  6   file java_LogBuiltIn.c line 7 function mlog
Unwinding loop 1  iteration  7   file java_LogBuiltIn.c line 7 function mlog
Unwinding loop 1  iteration  8   file java_LogBuiltIn.c line 7 function mlog
Unwinding loop 1  iteration  9   file java_LogBuiltIn.c line 7 function mlog
Unwinding loop 1  iteration  10   file java_LogBuiltIn.c line 7 function mlog
Not unwinding 
Symex completed in: 0.002s (70 assignments)
Slicing time: 0.000s (removed 45 assignments)
Generated 1 VCC(s), 1 remaining after simplification (25 assignments)
No solver specified; defaulting to Boolector
Encoding remaining VCC(s) using bit-vector/floating-point arithmetic
Encoding to solver time: 0.000s
Solving with solver Boolector 3.2.2
Encoding to solver time: 0.000s
Runtime decision procedure: 0.006s
The forward condition is unable to prove the property
*** Checking forward condition, k = 16
Starting Bounded Model Checking
Unwinding loop 1  iteration  1   file java_LogBuiltIn.c line 7 function mlog
Unwinding loop 1  iteration  2   file java_LogBuiltIn.c line 7 function mlog
Unwinding loop 1  iteration  3   file java_LogBuiltIn.c line 7 function mlog
Unwinding loop 1  iteration  4   file java_LogBuiltIn.c line 7 function mlog
Unwinding loop 1  iteration  5   file java_LogBuiltIn.c line 7 function mlog
Unwinding loop 1  iteration  6   file java_LogBuiltIn.c line 7 function mlog
Unwinding loop 1  iteration  7   file java_LogBuiltIn.c line 7 function mlog
Unwinding loop 1  iteration  8   file java_LogBuiltIn.c line 7 function mlog
Unwinding loop 1  iteration  9   file java_LogBuiltIn.c line 7 function mlog
Unwinding loop 1  iteration  10   file java_LogBuiltIn.c line 7 function mlog
Unwinding loop 1  iteration  11   file java_LogBuiltIn.c line 7 function mlog
Unwinding loop 1  iteration  12   file java_LogBuiltIn.c line 7 function mlog
Unwinding loop 1  iteration  13   file java_LogBuiltIn.c line 7 function mlog
Unwinding loop 1  iteration  14   file java_LogBuiltIn.c line 7 function mlog
Unwinding loop 1  iteration  15   file java_LogBuiltIn.c line 7 function mlog
Not unwinding 
Symex completed in: 0.003s (95 assignments)
Slicing time: 0.001s (removed 60 assignments)
Generated 1 VCC(s), 1 remaining after simplification (35 assignments)
No solver specified; defaulting to Boolector
Encoding remaining VCC(s) using bit-vector/floating-point arithmetic
Encoding to solver time: 0.001s
Solving with solver Boolector 3.2.2
Encoding to solver time: 0.001s
Runtime decision procedure: 0.007s
The forward condition is unable to prove the property
*** Checking forward condition, k = 21
Starting Bounded Model Checking
Unwinding loop 1  iteration  1   file java_LogBuiltIn.c line 7 function mlog
Unwinding loop 1  iteration  2   file java_LogBuiltIn.c line 7 function mlog
Unwinding loop 1  iteration  3   file java_LogBuiltIn.c line 7 function mlog
Unwinding loop 1  iteration  4   file java_LogBuiltIn.c line 7 function mlog
Unwinding loop 1  iteration  5   file java_LogBuiltIn.c line 7 function mlog
Unwinding loop 1  iteration  6   file java_LogBuiltIn.c line 7 function mlog
Unwinding loop 1  iteration  7   file java_LogBuiltIn.c line 7 function mlog
Unwinding loop 1  iteration  8   file java_LogBuiltIn.c line 7 function mlog
Unwinding loop 1  iteration  9   file java_LogBuiltIn.c line 7 function mlog
Unwinding loop 1  iteration  10   file java_LogBuiltIn.c line 7 function mlog
Unwinding loop 1  iteration  11   file java_LogBuiltIn.c line 7 function mlog
Unwinding loop 1  iteration  12   file java_LogBuiltIn.c line 7 function mlog
Unwinding loop 1  iteration  13   file java_LogBuiltIn.c line 7 function mlog
Unwinding loop 1  iteration  14   file java_LogBuiltIn.c line 7 function mlog
Unwinding loop 1  iteration  15   file java_LogBuiltIn.c line 7 function mlog
Unwinding loop 1  iteration  16   file java_LogBuiltIn.c line 7 function mlog
Unwinding loop 1  iteration  17   file java_LogBuiltIn.c line 7 function mlog
Unwinding loop 1  iteration  18   file java_LogBuiltIn.c line 7 function mlog
Unwinding loop 1  iteration  19   file java_LogBuiltIn.c line 7 function mlog
Unwinding loop 1  iteration  20   file java_LogBuiltIn.c line 7 function mlog
Not unwinding 
Symex completed in: 0.004s (120 assignments)
Slicing time: 0.001s (removed 75 assignments)
Generated 1 VCC(s), 1 remaining after simplification (45 assignments)
No solver specified; defaulting to Boolector
Encoding remaining VCC(s) using bit-vector/floating-point arithmetic
Encoding to solver time: 0.001s
Solving with solver Boolector 3.2.2
Encoding to solver time: 0.001s
Runtime decision procedure: 0.008s
The forward condition is unable to prove the property
*** Checking forward condition, k = 26
Starting Bounded Model Checking
Unwinding loop 1  iteration  1   file java_LogBuiltIn.c line 7 function mlog
Unwinding loop 1  iteration  2   file java_LogBuiltIn.c line 7 function mlog
Unwinding loop 1  iteration  3   file java_LogBuiltIn.c line 7 function mlog
Unwinding loop 1  iteration  4   file java_LogBuiltIn.c line 7 function mlog
Unwinding loop 1  iteration  5   file java_LogBuiltIn.c line 7 function mlog
Unwinding loop 1  iteration  6   file java_LogBuiltIn.c line 7 function mlog
Unwinding loop 1  iteration  7   file java_LogBuiltIn.c line 7 function mlog
Unwinding loop 1  iteration  8   file java_LogBuiltIn.c line 7 function mlog
Unwinding loop 1  iteration  9   file java_LogBuiltIn.c line 7 function mlog
Unwinding loop 1  iteration  10   file java_LogBuiltIn.c line 7 function mlog
Unwinding loop 1  iteration  11   file java_LogBuiltIn.c line 7 function mlog
Unwinding loop 1  iteration  12   file java_LogBuiltIn.c line 7 function mlog
Unwinding loop 1  iteration  13   file java_LogBuiltIn.c line 7 function mlog
Unwinding loop 1  iteration  14   file java_LogBuiltIn.c line 7 function mlog
Unwinding loop 1  iteration  15   file java_LogBuiltIn.c line 7 function mlog
Unwinding loop 1  iteration  16   file java_LogBuiltIn.c line 7 function mlog
Unwinding loop 1  iteration  17   file java_LogBuiltIn.c line 7 function mlog
Unwinding loop 1  iteration  18   file java_LogBuiltIn.c line 7 function mlog
Unwinding loop 1  iteration  19   file java_LogBuiltIn.c line 7 function mlog
Unwinding loop 1  iteration  20   file java_LogBuiltIn.c line 7 function mlog
Unwinding loop 1  iteration  21   file java_LogBuiltIn.c line 7 function mlog
Unwinding loop 1  iteration  22   file java_LogBuiltIn.c line 7 function mlog
Unwinding loop 1  iteration  23   file java_LogBuiltIn.c line 7 function mlog
Unwinding loop 1  iteration  24   file java_LogBuiltIn.c line 7 function mlog
Unwinding loop 1  iteration  25   file java_LogBuiltIn.c line 7 function mlog
Not unwinding 
Symex completed in: 0.005s (145 assignments)
Slicing time: 0.001s (removed 90 assignments)
Generated 1 VCC(s), 1 remaining after simplification (55 assignments)
No solver specified; defaulting to Boolector
Encoding remaining VCC(s) using bit-vector/floating-point arithmetic
Encoding to solver time: 0.002s
Solving with solver Boolector 3.2.2
Encoding to solver time: 0.002s
Runtime decision procedure: 0.009s
The forward condition is unable to prove the property
*** Checking forward condition, k = 31
Starting Bounded Model Checking
Unwinding loop 1  iteration  1   file java_LogBuiltIn.c line 7 function mlog
Unwinding loop 1  iteration  2   file java_LogBuiltIn.c line 7 function mlog
Unwinding loop 1  iteration  3   file java_LogBuiltIn.c line 7 function mlog
Unwinding loop 1  iteration  4   file java_LogBuiltIn.c line 7 function mlog
Unwinding loop 1  iteration  5   file java_LogBuiltIn.c line 7 function mlog
Unwinding loop 1  iteration  6   file java_LogBuiltIn.c line 7 function mlog
Unwinding loop 1  iteration  7   file java_LogBuiltIn.c line 7 function mlog
Unwinding loop 1  iteration  8   file java_LogBuiltIn.c line 7 function mlog
Unwinding loop 1  iteration  9   file java_LogBuiltIn.c line 7 function mlog
Unwinding loop 1  iteration  10   file java_LogBuiltIn.c line 7 function mlog
Unwinding loop 1  iteration  11   file java_LogBuiltIn.c line 7 function mlog
Unwinding loop 1  iteration  12   file java_LogBuiltIn.c line 7 function mlog
Unwinding loop 1  iteration  13   file java_LogBuiltIn.c line 7 function mlog
Unwinding loop 1  iteration  14   file java_LogBuiltIn.c line 7 function mlog
Unwinding loop 1  iteration  15   file java_LogBuiltIn.c line 7 function mlog
Unwinding loop 1  iteration  16   file java_LogBuiltIn.c line 7 function mlog
Unwinding loop 1  iteration  17   file java_LogBuiltIn.c line 7 function mlog
Unwinding loop 1  iteration  18   file java_LogBuiltIn.c line 7 function mlog
Unwinding loop 1  iteration  19   file java_LogBuiltIn.c line 7 function mlog
Unwinding loop 1  iteration  20   file java_LogBuiltIn.c line 7 function mlog
Unwinding loop 1  iteration  21   file java_LogBuiltIn.c line 7 function mlog
Unwinding loop 1  iteration  22   file java_LogBuiltIn.c line 7 function mlog
Unwinding loop 1  iteration  23   file java_LogBuiltIn.c line 7 function mlog
Unwinding loop 1  iteration  24   file java_LogBuiltIn.c line 7 function mlog
Unwinding loop 1  iteration  25   file java_LogBuiltIn.c line 7 function mlog
Unwinding loop 1  iteration  26   file java_LogBuiltIn.c line 7 function mlog
Unwinding loop 1  iteration  27   file java_LogBuiltIn.c line 7 function mlog
Unwinding loop 1  iteration  28   file java_LogBuiltIn.c line 7 function mlog
Unwinding loop 1  iteration  29   file java_LogBuiltIn.c line 7 function mlog
Unwinding loop 1  iteration  30   file java_LogBuiltIn.c line 7 function mlog
Not unwinding 
Symex completed in: 0.006s (170 assignments)
Slicing time: 0.001s (removed 105 assignments)
Generated 1 VCC(s), 1 remaining after simplification (65 assignments)
No solver specified; defaulting to Boolector
Encoding remaining VCC(s) using bit-vector/floating-point arithmetic
Encoding to solver time: 0.002s
Solving with solver Boolector 3.2.2
Encoding to solver time: 0.002s
Runtime decision procedure: 0.003s
BMC program time: 0.013s
Building successful trace

VERIFICATION SUCCESSFUL

Solution found by the forward condition; all states are reachable (k = 31


TRUE
