./esbmc-wrapper.py -p ../sv-benchmarks/c/properties/termination.prp -s kinduction --arch 32 ../sv-benchmarks/c/product-lines/email_spec1_product31.cil.c


--------------------------------------------------------------------------------


Verifying with ESBMC
Command: ./esbmc --no-div-by-zero-check --force-malloc-success --state-hashing --add-symex-value-sets --no-align-check --k-step 5 --floatbv --unlimited-k-steps ../sv-benchmarks/c/product-lines/email_spec1_product31.cil.c --32 --witness-output email_spec1_product31.cil.c.graphml --no-pointer-check --no-bounds-check --no-assertions --termination --max-inductive-step 3 
ESBMC version 6.8.0 64-bit x86_64 linux
Target: 32-bit little-endian x86_64-unknown-linux with esbmc libc
file ../sv-benchmarks/c/product-lines/email_spec1_product31.cil.c: Parsing
Converting
Generating GOTO Program
GOTO program creation time: 0.297s
GOTO program processing time: 0.006s
*** Checking forward condition, k = 1
Starting Bounded Model Checking
Not unwinding 
Symex completed in: 0.090s (782 assignments)
Slicing time: 0.002s (removed 743 assignments)
Generated 1 VCC(s), 1 remaining after simplification (39 assignments)
No solver specified; defaulting to Boolector
Encoding remaining VCC(s) using bit-vector/floating-point arithmetic
Encoding to solver time: 0.004s
Solving with solver Boolector 3.2.2
Encoding to solver time: 0.004s
Runtime decision procedure: 0.329s
The forward condition is unable to prove the property
*** Checking forward condition, k = 6
Starting Bounded Model Checking
Unwinding loop 4  iteration  1   file email_spec1_product31.cil.c line 1033 function test
Unwinding loop 4  iteration  2   file email_spec1_product31.cil.c line 1033 function test
Unwinding loop 4  iteration  3   file email_spec1_product31.cil.c line 1033 function test
Unwinding loop 4  iteration  4   file email_spec1_product31.cil.c line 1033 function test
Symex completed in: 0.548s (3693 assignments)
Slicing time: 0.062s (removed 2785 assignments)
Generated 0 VCC(s), 0 remaining after simplification (908 assignments)
BMC program time: 0.610s
Building successful trace

VERIFICATION SUCCESSFUL

Solution found by the forward condition; all states are reachable (k = 6


TRUE
