./esbmc-wrapper.py -p ../sv-benchmarks/c/properties/unreach-call.prp -s kinduction --arch 32 ../sv-benchmarks/c/ldv-races/race-1_2-join.i


--------------------------------------------------------------------------------


Found pthread benchmark!
Verifying with ESBMC
Command: ./esbmc --no-div-by-zero-check --force-malloc-success --state-hashing --add-symex-value-sets --no-align-check --k-step 5 --floatbv --unlimited-k-steps ../sv-benchmarks/c/ldv-races/race-1_2-join.i --32  --no-por --context-bound 2 --no-goto-merge --witness-output race-1_2-join.i.graphml --no-pointer-check --no-bounds-check --goto-unwind --unlimited-goto-unwind --incremental-bmc 
ESBMC version 6.8.0 64-bit x86_64 linux
Target: 32-bit little-endian x86_64-unknown-linux with esbmc libc
file ../sv-benchmarks/c/ldv-races/race-1_2-join.i: Parsing
Converting
Generating GOTO Program
GOTO program creation time: 0.257s
GOTO program processing time: 0.002s
*** Checking base case, k = 1
Starting Bounded Model Checking
Symex completed in: 0.009s (150 assignments)
Slicing time: 0.000s (removed 85 assignments)
Generated 0 VCC(s), 0 remaining after simplification (65 assignments)
BMC program time: 0.009s
*** Thread interleavings 2 ***
Symex completed in: 0.004s (144 assignments)
Slicing time: 0.000s (removed 84 assignments)
Generated 0 VCC(s), 0 remaining after simplification (60 assignments)
BMC program time: 0.004s
*** Thread interleavings 3 ***
Symex completed in: 0.003s (145 assignments)
Slicing time: 0.001s (removed 88 assignments)
Generated 0 VCC(s), 0 remaining after simplification (57 assignments)
BMC program time: 0.004s
*** Thread interleavings 4 ***
Symex completed in: 0.001s (146 assignments)
Slicing time: 0.001s (removed 88 assignments)
Generated 0 VCC(s), 0 remaining after simplification (58 assignments)
BMC program time: 0.002s
*** Thread interleavings 5 ***
Symex completed in: 0.001s (147 assignments)
Slicing time: 0.000s (removed 88 assignments)
Generated 0 VCC(s), 0 remaining after simplification (59 assignments)
BMC program time: 0.002s
*** Thread interleavings 6 ***
Symex completed in: 0.002s (148 assignments)
Slicing time: 0.000s (removed 88 assignments)
Generated 0 VCC(s), 0 remaining after simplification (60 assignments)
BMC program time: 0.002s
*** Thread interleavings 7 ***
Symex completed in: 0.001s (153 assignments)
Slicing time: 0.000s (removed 93 assignments)
Generated 0 VCC(s), 0 remaining after simplification (60 assignments)
BMC program time: 0.001s
*** Thread interleavings 8 ***
Symex completed in: 0.004s (143 assignments)
Slicing time: 0.000s (removed 84 assignments)
Generated 0 VCC(s), 0 remaining after simplification (59 assignments)
BMC program time: 0.004s
*** Thread interleavings 9 ***
Symex completed in: 0.004s (144 assignments)
Slicing time: 0.000s (removed 88 assignments)
Generated 0 VCC(s), 0 remaining after simplification (56 assignments)
BMC program time: 0.004s
*** Thread interleavings 10 ***
Symex completed in: 0.002s (145 assignments)
Slicing time: 0.000s (removed 88 assignments)
Generated 0 VCC(s), 0 remaining after simplification (57 assignments)
BMC program time: 0.002s
*** Thread interleavings 11 ***
Symex completed in: 0.002s (146 assignments)
Slicing time: 0.000s (removed 88 assignments)
Generated 0 VCC(s), 0 remaining after simplification (58 assignments)
BMC program time: 0.002s
*** Thread interleavings 12 ***
Symex completed in: 0.002s (147 assignments)
Slicing time: 0.000s (removed 88 assignments)
Generated 0 VCC(s), 0 remaining after simplification (59 assignments)
BMC program time: 0.002s
*** Thread interleavings 13 ***
Symex completed in: 0.002s (152 assignments)
Slicing time: 0.000s (removed 92 assignments)
Generated 0 VCC(s), 0 remaining after simplification (60 assignments)
BMC program time: 0.002s
*** Thread interleavings 14 ***
Symex completed in: 0.003s (142 assignments)
Slicing time: 0.001s (removed 84 assignments)
Generated 0 VCC(s), 0 remaining after simplification (58 assignments)
BMC program time: 0.004s
*** Thread interleavings 15 ***
Symex completed in: 0.003s (143 assignments)
Slicing time: 0.001s (removed 88 assignments)
Generated 0 VCC(s), 0 remaining after simplification (55 assignments)
BMC program time: 0.004s
*** Thread interleavings 16 ***
Symex completed in: 0.002s (144 assignments)
Slicing time: 0.000s (removed 88 assignments)
Generated 0 VCC(s), 0 remaining after simplification (56 assignments)
BMC program time: 0.002s
*** Thread interleavings 17 ***
Symex completed in: 0.002s (145 assignments)
Slicing time: 0.000s (removed 88 assignments)
Generated 0 VCC(s), 0 remaining after simplification (57 assignments)
BMC program time: 0.002s
*** Thread interleavings 18 ***
Symex completed in: 0.001s (146 assignments)
Slicing time: 0.000s (removed 88 assignments)
Generated 0 VCC(s), 0 remaining after simplification (58 assignments)
BMC program time: 0.002s
*** Thread interleavings 19 ***
Symex completed in: 0.001s (151 assignments)
Slicing time: 0.001s (removed 92 assignments)
Generated 0 VCC(s), 0 remaining after simplification (59 assignments)
BMC program time: 0.002s
*** Thread interleavings 20 ***
Symex completed in: 0.004s (118 assignments)
Slicing time: 0.000s (removed 76 assignments)
Generated 0 VCC(s), 0 remaining after simplification (42 assignments)
BMC program time: 0.004s
*** Thread interleavings 21 ***
Symex completed in: 0.003s (119 assignments)
Slicing time: 0.001s (removed 80 assignments)
Generated 0 VCC(s), 0 remaining after simplification (39 assignments)
BMC program time: 0.004s
*** Thread interleavings 22 ***
Symex completed in: 0.001s (120 assignments)
Slicing time: 0.001s (removed 80 assignments)
Generated 0 VCC(s), 0 remaining after simplification (40 assignments)
BMC program time: 0.002s
*** Thread interleavings 23 ***
Symex completed in: 0.001s (121 assignments)
Slicing time: 0.001s (removed 80 assignments)
Generated 0 VCC(s), 0 remaining after simplification (41 assignments)
BMC program time: 0.002s
*** Thread interleavings 24 ***
Symex completed in: 0.001s (122 assignments)
Slicing time: 0.000s (removed 80 assignments)
Generated 0 VCC(s), 0 remaining after simplification (42 assignments)
BMC program time: 0.001s
*** Thread interleavings 25 ***
Symex completed in: 0.002s (147 assignments)
Slicing time: 0.000s (removed 94 assignments)
Generated 0 VCC(s), 0 remaining after simplification (53 assignments)
BMC program time: 0.002s
*** Thread interleavings 26 ***
Symex completed in: 0.003s (117 assignments)
Slicing time: 0.000s (removed 72 assignments)
Generated 0 VCC(s), 0 remaining after simplification (45 assignments)
BMC program time: 0.003s
*** Thread interleavings 27 ***
Symex completed in: 0.003s (118 assignments)
Slicing time: 0.001s (removed 76 assignments)
Generated 0 VCC(s), 0 remaining after simplification (42 assignments)
BMC program time: 0.004s
*** Thread interleavings 28 ***
Symex completed in: 0.002s (119 assignments)
Slicing time: 0.000s (removed 76 assignments)
Generated 0 VCC(s), 0 remaining after simplification (43 assignments)
BMC program time: 0.002s
*** Thread interleavings 29 ***
Symex completed in: 0.002s (120 assignments)
Slicing time: 0.000s (removed 76 assignments)
Generated 0 VCC(s), 0 remaining after simplification (44 assignments)
BMC program time: 0.002s
*** Thread interleavings 30 ***
Symex completed in: 0.002s (121 assignments)
Slicing time: 0.000s (removed 76 assignments)
Generated 0 VCC(s), 0 remaining after simplification (45 assignments)
BMC program time: 0.002s
*** Thread interleavings 31 ***
Symex completed in: 0.002s (147 assignments)
Slicing time: 0.000s (removed 95 assignments)
Generated 0 VCC(s), 0 remaining after simplification (52 assignments)
BMC program time: 0.002s
*** Thread interleavings 32 ***
Symex completed in: 0.004s (116 assignments)
Slicing time: 0.000s (removed 72 assignments)
Generated 0 VCC(s), 0 remaining after simplification (44 assignments)
BMC program time: 0.004s
*** Thread interleavings 33 ***
Symex completed in: 0.004s (117 assignments)
Slicing time: 0.000s (removed 76 assignments)
Generated 0 VCC(s), 0 remaining after simplification (41 assignments)
BMC program time: 0.004s
*** Thread interleavings 34 ***
Symex completed in: 0.003s (118 assignments)
Slicing time: 0.000s (removed 76 assignments)
Generated 0 VCC(s), 0 remaining after simplification (42 assignments)
BMC program time: 0.003s
*** Thread interleavings 35 ***
Symex completed in: 0.001s (107 assignments)
Slicing time: 0.000s (removed 66 assignments)
Generated 1 VCC(s), 1 remaining after simplification (41 assignments)
No solver specified; defaulting to Boolector
Encoding remaining VCC(s) using bit-vector/floating-point arithmetic
Encoding to solver time: 0.001s
Solving with solver Boolector 3.2.2
Encoding to solver time: 0.001s
Runtime decision procedure: 0.004s
Building error trace

Counterexample:

State 1 file race-1_2-join.i line 1697 thread 0
----------------------------------------------------
  mutex = { byte_extract_little_endian(0, 0), byte_extract_little_endian(0, 1), byte_extract_little_endian(0, 2), byte_extract_little_endian(0, 3), byte_extract_little_endian(0, 0), byte_extract_little_endian(0, 1), byte_extract_little_endian(0, 2), byte_extract_little_endian(0, 3), byte_extract_little_endian(0, 0), byte_extract_little_endian(0, 1), byte_extract_little_endian(0, 2), byte_extract_little_endian(0, 3), byte_extract_little_endian(0, 0), byte_extract_little_endian(0, 1), byte_extract_little_endian(0, 2), byte_extract_little_endian(0, 3), byte_extract_little_endian(0, 0), byte_extract_little_endian(0, 1), byte_extract_little_endian(0, 2), byte_extract_little_endian(0, 3), byte_extract_little_endian(byte_extract_little_endian(0, 0), 0), 
    byte_extract_little_endian(byte_extract_little_endian(0, 1), 0), 
    byte_extract_little_endian(byte_extract_little_endian(0, 0), 0), 
    byte_extract_little_endian(byte_extract_little_endian(0, 1), 0) }

State 11 file race-1_2-join.i line 1693 function reach_error thread 0
----------------------------------------------------
Violated property:
  file race-1_2-join.i line 1693 function reach_error
  assertion 0
  0


VERIFICATION FAILED

Bug found (k = 1)

../sv-benchmarks/c/ldv-races/race-1_2-join.i:497:12: warning: declaration of built-in function '__sigsetjmp' requires the declaration of the 'jmp_buf' type, commonly provided in the header <setjmp.h>. [-Wincomplete-setjmp-declaration]
extern int __sigsetjmp (struct __jmp_buf_tag *__env, int __savemask) __attribute__ ((__nothrow__));
           ^

FALSE_REACH
