./esbmc-wrapper.py -p ../sv-benchmarks/c/properties/unreach-call.prp -s kinduction --arch 32 ../sv-benchmarks/c/combinations/pals_lcr.5.ufo.UNBOUNDED.pals+Problem12_label06.c


--------------------------------------------------------------------------------


Verifying with ESBMC
Command: ./esbmc --no-div-by-zero-check --force-malloc-success --state-hashing --add-symex-value-sets --no-align-check --k-step 5 --floatbv --unlimited-k-steps ../sv-benchmarks/c/combinations/pals_lcr.5.ufo.UNBOUNDED.pals+Problem12_label06.c --32 --witness-output pals_lcr.5.ufo.UNBOUNDED.pals+Problem12_label06.c.graphml --no-pointer-check --no-bounds-check --interval-analysis --goto-unwind --unlimited-goto-unwind --k-induction --max-inductive-step 3 
ESBMC version 6.8.0 64-bit x86_64 linux
Target: 32-bit little-endian x86_64-unknown-linux with esbmc libc
file ../sv-benchmarks/c/combinations/pals_lcr.5.ufo.UNBOUNDED.pals+Problem12_label06.c: Parsing
Converting
Generating GOTO Program
GOTO program creation time: 1.289s
GOTO program processing time: 0.479s
*** Checking base case, k = 1
Starting Bounded Model Checking
Not unwinding 
Not unwinding 
Symex completed in: 0.222s (1758 assignments)
Slicing time: 0.003s (removed 1646 assignments)
Generated 1 VCC(s), 1 remaining after simplification (112 assignments)
No solver specified; defaulting to Boolector
Encoding remaining VCC(s) using bit-vector/floating-point arithmetic
Encoding to solver time: 0.004s
Solving with solver Boolector 3.2.2
Encoding to solver time: 0.004s
Runtime decision procedure: 0.002s
BMC program time: 0.268s
No bug has been found in the base case
*** Checking forward condition, k = 1
Starting Bounded Model Checking
Not unwinding 
Not unwinding 
Symex completed in: 0.227s (1757 assignments)
Slicing time: 0.004s (removed 1646 assignments)
Generated 2 VCC(s), 2 remaining after simplification (111 assignments)
No solver specified; defaulting to Boolector
Encoding remaining VCC(s) using bit-vector/floating-point arithmetic
Encoding to solver time: 0.003s
Solving with solver Boolector 3.2.2
Encoding to solver time: 0.003s
Runtime decision procedure: 0.049s
The forward condition is unable to prove the property
*** Checking base case, k = 6
Starting Bounded Model Checking
Unwinding loop 2  iteration  1   file pals_lcr.5.ufo.UNBOUNDED.pals+Problem12_label06.c line 408 function main1
Unwinding loop 2  iteration  2   file pals_lcr.5.ufo.UNBOUNDED.pals+Problem12_label06.c line 408 function main1
Unwinding loop 2  iteration  3   file pals_lcr.5.ufo.UNBOUNDED.pals+Problem12_label06.c line 408 function main1
Unwinding loop 2  iteration  4   file pals_lcr.5.ufo.UNBOUNDED.pals+Problem12_label06.c line 408 function main1
Unwinding loop 2  iteration  5   file pals_lcr.5.ufo.UNBOUNDED.pals+Problem12_label06.c line 408 function main1
Not unwinding 
Unwinding loop 3  iteration  1   file pals_lcr.5.ufo.UNBOUNDED.pals+Problem12_label06.c line 5259 function main2
Unwinding loop 3  iteration  2   file pals_lcr.5.ufo.UNBOUNDED.pals+Problem12_label06.c line 5259 function main2
Unwinding loop 3  iteration  3   file pals_lcr.5.ufo.UNBOUNDED.pals+Problem12_label06.c line 5259 function main2
Unwinding loop 3  iteration  4   file pals_lcr.5.ufo.UNBOUNDED.pals+Problem12_label06.c line 5259 function main2
Unwinding loop 3  iteration  5   file pals_lcr.5.ufo.UNBOUNDED.pals+Problem12_label06.c line 5259 function main2
Not unwinding 
Symex completed in: 4.910s (54166 assignments)
Slicing time: 2.090s (removed 27052 assignments)
Generated 11 VCC(s), 11 remaining after simplification (27114 assignments)
No solver specified; defaulting to Boolector
Encoding remaining VCC(s) using bit-vector/floating-point arithmetic
Encoding to solver time: 0.850s
Solving with solver Boolector 3.2.2
Encoding to solver time: 0.850s
Runtime decision procedure: 121.854s
Building error trace

Counterexample:

State 1 file pals_lcr.5.ufo.UNBOUNDED.pals+Problem12_label06.c line 5263 function main2 thread 0
----------------------------------------------------
  input = 5 (00000000 00000000 00000000 00000101)

State 2 file pals_lcr.5.ufo.UNBOUNDED.pals+Problem12_label06.c line 5263 function main2 thread 0
----------------------------------------------------
  input = 1 (00000000 00000000 00000000 00000001)

State 3 file pals_lcr.5.ufo.UNBOUNDED.pals+Problem12_label06.c line 5263 function main2 thread 0
----------------------------------------------------
  input = 3 (00000000 00000000 00000000 00000011)

State 4 file pals_lcr.5.ufo.UNBOUNDED.pals+Problem12_label06.c line 4884 function calculate_output3 thread 0
----------------------------------------------------
  a2 = 269 (00000000 00000000 00000001 00001101)

State 5 file pals_lcr.5.ufo.UNBOUNDED.pals+Problem12_label06.c line 4885 function calculate_output3 thread 0
----------------------------------------------------
  a17 = 34 (00000000 00000000 00000000 00100010)

State 6 file pals_lcr.5.ufo.UNBOUNDED.pals+Problem12_label06.c line 5263 function main2 thread 0
----------------------------------------------------
  input = 5 (00000000 00000000 00000000 00000101)

State 7 file pals_lcr.5.ufo.UNBOUNDED.pals+Problem12_label06.c line 3348 function calculate_output2 thread 0
----------------------------------------------------
  a2 = -80814 (11111111 11111110 11000100 01010010)

State 8 file pals_lcr.5.ufo.UNBOUNDED.pals+Problem12_label06.c line 3349 function calculate_output2 thread 0
----------------------------------------------------
  a17 = 176 (00000000 00000000 00000000 10110000)

State 9 file pals_lcr.5.ufo.UNBOUNDED.pals+Problem12_label06.c line 5263 function main2 thread 0
----------------------------------------------------
  input = 3 (00000000 00000000 00000000 00000011)

State 10 file pals_lcr.5.ufo.UNBOUNDED.pals+Problem12_label06.c line 20 function reach_error thread 0
----------------------------------------------------
Violated property:
  file pals_lcr.5.ufo.UNBOUNDED.pals+Problem12_label06.c line 20 function reach_error
  assertion 0
  0


VERIFICATION FAILED

Bug found (k = 6)


FALSE_REACH
