./esbmc-wrapper.py -p ../sv-benchmarks/c/properties/unreach-call.prp -s kinduction --arch 32 ../sv-benchmarks/c/nla-digbench-scaling/ps6-ll_unwindbound50.c


--------------------------------------------------------------------------------


Verifying with ESBMC
Command: ./esbmc --no-div-by-zero-check --force-malloc-success --state-hashing --add-symex-value-sets --no-align-check --k-step 5 --floatbv --unlimited-k-steps ../sv-benchmarks/c/nla-digbench-scaling/ps6-ll_unwindbound50.c --32 --witness-output ps6-ll_unwindbound50.c.graphml --no-pointer-check --no-bounds-check --interval-analysis --goto-unwind --unlimited-goto-unwind --k-induction --max-inductive-step 3 
ESBMC version 6.8.0 64-bit x86_64 linux
Target: 32-bit little-endian x86_64-unknown-linux with esbmc libc
file ../sv-benchmarks/c/nla-digbench-scaling/ps6-ll_unwindbound50.c: Parsing
Converting
Generating GOTO Program
GOTO program creation time: 0.137s
GOTO program processing time: 0.001s
*** Checking base case, k = 1
Starting Bounded Model Checking
Not unwinding 
Symex completed in: 0.002s (31 assignments)
Slicing time: 0.000s (removed 24 assignments)
Generated 0 VCC(s), 0 remaining after simplification (7 assignments)
BMC program time: 0.002s
No bug has been found in the base case
*** Checking forward condition, k = 1
Starting Bounded Model Checking
Not unwinding 
Symex completed in: 0.002s (31 assignments)
Slicing time: 0.000s (removed 24 assignments)
Generated 1 VCC(s), 1 remaining after simplification (7 assignments)
No solver specified; defaulting to Boolector
Encoding remaining VCC(s) using bit-vector/floating-point arithmetic
Encoding to solver time: 0.001s
Solving with solver Boolector 3.2.2
Encoding to solver time: 0.001s
Runtime decision procedure: 0.001s
The forward condition is unable to prove the property
*** Checking base case, k = 6
Starting Bounded Model Checking
Unwinding loop 1  iteration  1   file ps6-ll_unwindbound50.c line 28 function main
Unwinding loop 1  iteration  2   file ps6-ll_unwindbound50.c line 28 function main
Unwinding loop 1  iteration  3   file ps6-ll_unwindbound50.c line 28 function main
Unwinding loop 1  iteration  4   file ps6-ll_unwindbound50.c line 28 function main
Unwinding loop 1  iteration  5   file ps6-ll_unwindbound50.c line 28 function main
Not unwinding 
Symex completed in: 0.005s (95 assignments)
Slicing time: 0.000s (removed 67 assignments)
Generated 2 VCC(s), 2 remaining after simplification (28 assignments)
No solver specified; defaulting to Boolector
Encoding remaining VCC(s) using bit-vector/floating-point arithmetic
Encoding to solver time: 0.001s
Solving with solver Boolector 3.2.2
Encoding to solver time: 0.001s
Runtime decision procedure: 1.645s
BMC program time: 1.652s
No bug has been found in the base case
*** Checking forward condition, k = 6
Starting Bounded Model Checking
Unwinding loop 1  iteration  1   file ps6-ll_unwindbound50.c line 28 function main
Unwinding loop 1  iteration  2   file ps6-ll_unwindbound50.c line 28 function main
Unwinding loop 1  iteration  3   file ps6-ll_unwindbound50.c line 28 function main
Unwinding loop 1  iteration  4   file ps6-ll_unwindbound50.c line 28 function main
Unwinding loop 1  iteration  5   file ps6-ll_unwindbound50.c line 28 function main
Not unwinding 
Symex completed in: 0.004s (93 assignments)
Slicing time: 0.000s (removed 81 assignments)
Generated 1 VCC(s), 1 remaining after simplification (12 assignments)
No solver specified; defaulting to Boolector
Encoding remaining VCC(s) using bit-vector/floating-point arithmetic
Encoding to solver time: 0.000s
Solving with solver Boolector 3.2.2
Encoding to solver time: 0.000s
Runtime decision procedure: 0.004s
The forward condition is unable to prove the property
*** Checking base case, k = 11
Starting Bounded Model Checking
Unwinding loop 1  iteration  1   file ps6-ll_unwindbound50.c line 28 function main
Unwinding loop 1  iteration  2   file ps6-ll_unwindbound50.c line 28 function main
Unwinding loop 1  iteration  3   file ps6-ll_unwindbound50.c line 28 function main
Unwinding loop 1  iteration  4   file ps6-ll_unwindbound50.c line 28 function main
Unwinding loop 1  iteration  5   file ps6-ll_unwindbound50.c line 28 function main
Unwinding loop 1  iteration  6   file ps6-ll_unwindbound50.c line 28 function main
Unwinding loop 1  iteration  7   file ps6-ll_unwindbound50.c line 28 function main
Unwinding loop 1  iteration  8   file ps6-ll_unwindbound50.c line 28 function main
Unwinding loop 1  iteration  9   file ps6-ll_unwindbound50.c line 28 function main
Unwinding loop 1  iteration  10   file ps6-ll_unwindbound50.c line 28 function main
Not unwinding 
Symex completed in: 0.008s (155 assignments)
Slicing time: 0.000s (removed 112 assignments)
Generated 2 VCC(s), 2 remaining after simplification (43 assignments)
No solver specified; defaulting to Boolector
Encoding remaining VCC(s) using bit-vector/floating-point arithmetic
Encoding to solver time: 0.001s
Solving with solver Boolector 3.2.2
Encoding to solver time: 0.001s
Runtime decision procedure: 1.544s
BMC program time: 1.554s
No bug has been found in the base case
*** Checking forward condition, k = 11
Starting Bounded Model Checking
Unwinding loop 1  iteration  1   file ps6-ll_unwindbound50.c line 28 function main
Unwinding loop 1  iteration  2   file ps6-ll_unwindbound50.c line 28 function main
Unwinding loop 1  iteration  3   file ps6-ll_unwindbound50.c line 28 function main
Unwinding loop 1  iteration  4   file ps6-ll_unwindbound50.c line 28 function main
Unwinding loop 1  iteration  5   file ps6-ll_unwindbound50.c line 28 function main
Unwinding loop 1  iteration  6   file ps6-ll_unwindbound50.c line 28 function main
Unwinding loop 1  iteration  7   file ps6-ll_unwindbound50.c line 28 function main
Unwinding loop 1  iteration  8   file ps6-ll_unwindbound50.c line 28 function main
Unwinding loop 1  iteration  9   file ps6-ll_unwindbound50.c line 28 function main
Unwinding loop 1  iteration  10   file ps6-ll_unwindbound50.c line 28 function main
Not unwinding 
Symex completed in: 0.007s (153 assignments)
Slicing time: 0.001s (removed 136 assignments)
Generated 1 VCC(s), 1 remaining after simplification (17 assignments)
No solver specified; defaulting to Boolector
Encoding remaining VCC(s) using bit-vector/floating-point arithmetic
Encoding to solver time: 0.001s
Solving with solver Boolector 3.2.2
Encoding to solver time: 0.001s
Runtime decision procedure: 0.004s
The forward condition is unable to prove the property
*** Checking base case, k = 16
Starting Bounded Model Checking
Unwinding loop 1  iteration  1   file ps6-ll_unwindbound50.c line 28 function main
Unwinding loop 1  iteration  2   file ps6-ll_unwindbound50.c line 28 function main
Unwinding loop 1  iteration  3   file ps6-ll_unwindbound50.c line 28 function main
Unwinding loop 1  iteration  4   file ps6-ll_unwindbound50.c line 28 function main
Unwinding loop 1  iteration  5   file ps6-ll_unwindbound50.c line 28 function main
Unwinding loop 1  iteration  6   file ps6-ll_unwindbound50.c line 28 function main
Unwinding loop 1  iteration  7   file ps6-ll_unwindbound50.c line 28 function main
Unwinding loop 1  iteration  8   file ps6-ll_unwindbound50.c line 28 function main
Unwinding loop 1  iteration  9   file ps6-ll_unwindbound50.c line 28 function main
Unwinding loop 1  iteration  10   file ps6-ll_unwindbound50.c line 28 function main
Unwinding loop 1  iteration  11   file ps6-ll_unwindbound50.c line 28 function main
Unwinding loop 1  iteration  12   file ps6-ll_unwindbound50.c line 28 function main
Unwinding loop 1  iteration  13   file ps6-ll_unwindbound50.c line 28 function main
Unwinding loop 1  iteration  14   file ps6-ll_unwindbound50.c line 28 function main
Unwinding loop 1  iteration  15   file ps6-ll_unwindbound50.c line 28 function main
Not unwinding 
Symex completed in: 0.011s (215 assignments)
Slicing time: 0.001s (removed 157 assignments)
Generated 2 VCC(s), 2 remaining after simplification (58 assignments)
No solver specified; defaulting to Boolector
Encoding remaining VCC(s) using bit-vector/floating-point arithmetic
Encoding to solver time: 0.001s
Solving with solver Boolector 3.2.2
Encoding to solver time: 0.001s
Runtime decision procedure: 1.791s
BMC program time: 1.805s
No bug has been found in the base case
*** Checking forward condition, k = 16
Starting Bounded Model Checking
Unwinding loop 1  iteration  1   file ps6-ll_unwindbound50.c line 28 function main
Unwinding loop 1  iteration  2   file ps6-ll_unwindbound50.c line 28 function main
Unwinding loop 1  iteration  3   file ps6-ll_unwindbound50.c line 28 function main
Unwinding loop 1  iteration  4   file ps6-ll_unwindbound50.c line 28 function main
Unwinding loop 1  iteration  5   file ps6-ll_unwindbound50.c line 28 function main
Unwinding loop 1  iteration  6   file ps6-ll_unwindbound50.c line 28 function main
Unwinding loop 1  iteration  7   file ps6-ll_unwindbound50.c line 28 function main
Unwinding loop 1  iteration  8   file ps6-ll_unwindbound50.c line 28 function main
Unwinding loop 1  iteration  9   file ps6-ll_unwindbound50.c line 28 function main
Unwinding loop 1  iteration  10   file ps6-ll_unwindbound50.c line 28 function main
Unwinding loop 1  iteration  11   file ps6-ll_unwindbound50.c line 28 function main
Unwinding loop 1  iteration  12   file ps6-ll_unwindbound50.c line 28 function main
Unwinding loop 1  iteration  13   file ps6-ll_unwindbound50.c line 28 function main
Unwinding loop 1  iteration  14   file ps6-ll_unwindbound50.c line 28 function main
Unwinding loop 1  iteration  15   file ps6-ll_unwindbound50.c line 28 function main
Not unwinding 
Symex completed in: 0.011s (213 assignments)
Slicing time: 0.001s (removed 191 assignments)
Generated 1 VCC(s), 1 remaining after simplification (22 assignments)
No solver specified; defaulting to Boolector
Encoding remaining VCC(s) using bit-vector/floating-point arithmetic
Encoding to solver time: 0.001s
Solving with solver Boolector 3.2.2
Encoding to solver time: 0.001s
Runtime decision procedure: 0.007s
The forward condition is unable to prove the property
*** Checking base case, k = 21
Starting Bounded Model Checking
Unwinding loop 1  iteration  1   file ps6-ll_unwindbound50.c line 28 function main
Unwinding loop 1  iteration  2   file ps6-ll_unwindbound50.c line 28 function main
Unwinding loop 1  iteration  3   file ps6-ll_unwindbound50.c line 28 function main
Unwinding loop 1  iteration  4   file ps6-ll_unwindbound50.c line 28 function main
Unwinding loop 1  iteration  5   file ps6-ll_unwindbound50.c line 28 function main
Unwinding loop 1  iteration  6   file ps6-ll_unwindbound50.c line 28 function main
Unwinding loop 1  iteration  7   file ps6-ll_unwindbound50.c line 28 function main
Unwinding loop 1  iteration  8   file ps6-ll_unwindbound50.c line 28 function main
Unwinding loop 1  iteration  9   file ps6-ll_unwindbound50.c line 28 function main
Unwinding loop 1  iteration  10   file ps6-ll_unwindbound50.c line 28 function main
Unwinding loop 1  iteration  11   file ps6-ll_unwindbound50.c line 28 function main
Unwinding loop 1  iteration  12   file ps6-ll_unwindbound50.c line 28 function main
Unwinding loop 1  iteration  13   file ps6-ll_unwindbound50.c line 28 function main
Unwinding loop 1  iteration  14   file ps6-ll_unwindbound50.c line 28 function main
Unwinding loop 1  iteration  15   file ps6-ll_unwindbound50.c line 28 function main
Unwinding loop 1  iteration  16   file ps6-ll_unwindbound50.c line 28 function main
Unwinding loop 1  iteration  17   file ps6-ll_unwindbound50.c line 28 function main
Unwinding loop 1  iteration  18   file ps6-ll_unwindbound50.c line 28 function main
Unwinding loop 1  iteration  19   file ps6-ll_unwindbound50.c line 28 function main
Unwinding loop 1  iteration  20   file ps6-ll_unwindbound50.c line 28 function main
Not unwinding 
Symex completed in: 0.015s (275 assignments)
Slicing time: 0.001s (removed 202 assignments)
Generated 2 VCC(s), 2 remaining after simplification (73 assignments)
No solver specified; defaulting to Boolector
Encoding remaining VCC(s) using bit-vector/floating-point arithmetic
Encoding to solver time: 0.001s
Solving with solver Boolector 3.2.2
Encoding to solver time: 0.001s
Runtime decision procedure: 7.307s
BMC program time: 7.325s
No bug has been found in the base case
*** Checking forward condition, k = 21
Starting Bounded Model Checking
Unwinding loop 1  iteration  1   file ps6-ll_unwindbound50.c line 28 function main
Unwinding loop 1  iteration  2   file ps6-ll_unwindbound50.c line 28 function main
Unwinding loop 1  iteration  3   file ps6-ll_unwindbound50.c line 28 function main
Unwinding loop 1  iteration  4   file ps6-ll_unwindbound50.c line 28 function main
Unwinding loop 1  iteration  5   file ps6-ll_unwindbound50.c line 28 function main
Unwinding loop 1  iteration  6   file ps6-ll_unwindbound50.c line 28 function main
Unwinding loop 1  iteration  7   file ps6-ll_unwindbound50.c line 28 function main
Unwinding loop 1  iteration  8   file ps6-ll_unwindbound50.c line 28 function main
Unwinding loop 1  iteration  9   file ps6-ll_unwindbound50.c line 28 function main
Unwinding loop 1  iteration  10   file ps6-ll_unwindbound50.c line 28 function main
Unwinding loop 1  iteration  11   file ps6-ll_unwindbound50.c line 28 function main
Unwinding loop 1  iteration  12   file ps6-ll_unwindbound50.c line 28 function main
Unwinding loop 1  iteration  13   file ps6-ll_unwindbound50.c line 28 function main
Unwinding loop 1  iteration  14   file ps6-ll_unwindbound50.c line 28 function main
Unwinding loop 1  iteration  15   file ps6-ll_unwindbound50.c line 28 function main
Unwinding loop 1  iteration  16   file ps6-ll_unwindbound50.c line 28 function main
Unwinding loop 1  iteration  17   file ps6-ll_unwindbound50.c line 28 function main
Unwinding loop 1  iteration  18   file ps6-ll_unwindbound50.c line 28 function main
Unwinding loop 1  iteration  19   file ps6-ll_unwindbound50.c line 28 function main
Unwinding loop 1  iteration  20   file ps6-ll_unwindbound50.c line 28 function main
Not unwinding 
Symex completed in: 0.015s (273 assignments)
Slicing time: 0.000s (removed 246 assignments)
Generated 1 VCC(s), 1 remaining after simplification (27 assignments)
No solver specified; defaulting to Boolector
Encoding remaining VCC(s) using bit-vector/floating-point arithmetic
Encoding to solver time: 0.001s
Solving with solver Boolector 3.2.2
Encoding to solver time: 0.001s
Runtime decision procedure: 0.007s
The forward condition is unable to prove the property
*** Checking base case, k = 26
Starting Bounded Model Checking
Unwinding loop 1  iteration  1   file ps6-ll_unwindbound50.c line 28 function main
Unwinding loop 1  iteration  2   file ps6-ll_unwindbound50.c line 28 function main
Unwinding loop 1  iteration  3   file ps6-ll_unwindbound50.c line 28 function main
Unwinding loop 1  iteration  4   file ps6-ll_unwindbound50.c line 28 function main
Unwinding loop 1  iteration  5   file ps6-ll_unwindbound50.c line 28 function main
Unwinding loop 1  iteration  6   file ps6-ll_unwindbound50.c line 28 function main
Unwinding loop 1  iteration  7   file ps6-ll_unwindbound50.c line 28 function main
Unwinding loop 1  iteration  8   file ps6-ll_unwindbound50.c line 28 function main
Unwinding loop 1  iteration  9   file ps6-ll_unwindbound50.c line 28 function main
Unwinding loop 1  iteration  10   file ps6-ll_unwindbound50.c line 28 function main
Unwinding loop 1  iteration  11   file ps6-ll_unwindbound50.c line 28 function main
Unwinding loop 1  iteration  12   file ps6-ll_unwindbound50.c line 28 function main
Unwinding loop 1  iteration  13   file ps6-ll_unwindbound50.c line 28 function main
Unwinding loop 1  iteration  14   file ps6-ll_unwindbound50.c line 28 function main
Unwinding loop 1  iteration  15   file ps6-ll_unwindbound50.c line 28 function main
Unwinding loop 1  iteration  16   file ps6-ll_unwindbound50.c line 28 function main
Unwinding loop 1  iteration  17   file ps6-ll_unwindbound50.c line 28 function main
Unwinding loop 1  iteration  18   file ps6-ll_unwindbound50.c line 28 function main
Unwinding loop 1  iteration  19   file ps6-ll_unwindbound50.c line 28 function main
Unwinding loop 1  iteration  20   file ps6-ll_unwindbound50.c line 28 function main
Unwinding loop 1  iteration  21   file ps6-ll_unwindbound50.c line 28 function main
Unwinding loop 1  iteration  22   file ps6-ll_unwindbound50.c line 28 function main
Unwinding loop 1  iteration  23   file ps6-ll_unwindbound50.c line 28 function main
Unwinding loop 1  iteration  24   file ps6-ll_unwindbound50.c line 28 function main
Unwinding loop 1  iteration  25   file ps6-ll_unwindbound50.c line 28 function main
Not unwinding 
Symex completed in: 0.018s (335 assignments)
Slicing time: 0.001s (removed 247 assignments)
Generated 2 VCC(s), 2 remaining after simplification (88 assignments)
No solver specified; defaulting to Boolector
Encoding remaining VCC(s) using bit-vector/floating-point arithmetic
Encoding to solver time: 0.002s
Solving with solver Boolector 3.2.2
Encoding to solver time: 0.002s
Runtime decision procedure: 8.447s
BMC program time: 8.469s
No bug has been found in the base case
*** Checking forward condition, k = 26
Starting Bounded Model Checking
Unwinding loop 1  iteration  1   file ps6-ll_unwindbound50.c line 28 function main
Unwinding loop 1  iteration  2   file ps6-ll_unwindbound50.c line 28 function main
Unwinding loop 1  iteration  3   file ps6-ll_unwindbound50.c line 28 function main
Unwinding loop 1  iteration  4   file ps6-ll_unwindbound50.c line 28 function main
Unwinding loop 1  iteration  5   file ps6-ll_unwindbound50.c line 28 function main
Unwinding loop 1  iteration  6   file ps6-ll_unwindbound50.c line 28 function main
Unwinding loop 1  iteration  7   file ps6-ll_unwindbound50.c line 28 function main
Unwinding loop 1  iteration  8   file ps6-ll_unwindbound50.c line 28 function main
Unwinding loop 1  iteration  9   file ps6-ll_unwindbound50.c line 28 function main
Unwinding loop 1  iteration  10   file ps6-ll_unwindbound50.c line 28 function main
Unwinding loop 1  iteration  11   file ps6-ll_unwindbound50.c line 28 function main
Unwinding loop 1  iteration  12   file ps6-ll_unwindbound50.c line 28 function main
Unwinding loop 1  iteration  13   file ps6-ll_unwindbound50.c line 28 function main
Unwinding loop 1  iteration  14   file ps6-ll_unwindbound50.c line 28 function main
Unwinding loop 1  iteration  15   file ps6-ll_unwindbound50.c line 28 function main
Unwinding loop 1  iteration  16   file ps6-ll_unwindbound50.c line 28 function main
Unwinding loop 1  iteration  17   file ps6-ll_unwindbound50.c line 28 function main
Unwinding loop 1  iteration  18   file ps6-ll_unwindbound50.c line 28 function main
Unwinding loop 1  iteration  19   file ps6-ll_unwindbound50.c line 28 function main
Unwinding loop 1  iteration  20   file ps6-ll_unwindbound50.c line 28 function main
Unwinding loop 1  iteration  21   file ps6-ll_unwindbound50.c line 28 function main
Unwinding loop 1  iteration  22   file ps6-ll_unwindbound50.c line 28 function main
Unwinding loop 1  iteration  23   file ps6-ll_unwindbound50.c line 28 function main
Unwinding loop 1  iteration  24   file ps6-ll_unwindbound50.c line 28 function main
Unwinding loop 1  iteration  25   file ps6-ll_unwindbound50.c line 28 function main
Not unwinding 
Symex completed in: 0.018s (333 assignments)
Slicing time: 0.000s (removed 301 assignments)
Generated 1 VCC(s), 1 remaining after simplification (32 assignments)
No solver specified; defaulting to Boolector
Encoding remaining VCC(s) using bit-vector/floating-point arithmetic
Encoding to solver time: 0.001s
Solving with solver Boolector 3.2.2
Encoding to solver time: 0.001s
Runtime decision procedure: 0.008s
The forward condition is unable to prove the property
*** Checking base case, k = 31
Starting Bounded Model Checking
Unwinding loop 1  iteration  1   file ps6-ll_unwindbound50.c line 28 function main
Unwinding loop 1  iteration  2   file ps6-ll_unwindbound50.c line 28 function main
Unwinding loop 1  iteration  3   file ps6-ll_unwindbound50.c line 28 function main
Unwinding loop 1  iteration  4   file ps6-ll_unwindbound50.c line 28 function main
Unwinding loop 1  iteration  5   file ps6-ll_unwindbound50.c line 28 function main
Unwinding loop 1  iteration  6   file ps6-ll_unwindbound50.c line 28 function main
Unwinding loop 1  iteration  7   file ps6-ll_unwindbound50.c line 28 function main
Unwinding loop 1  iteration  8   file ps6-ll_unwindbound50.c line 28 function main
Unwinding loop 1  iteration  9   file ps6-ll_unwindbound50.c line 28 function main
Unwinding loop 1  iteration  10   file ps6-ll_unwindbound50.c line 28 function main
Unwinding loop 1  iteration  11   file ps6-ll_unwindbound50.c line 28 function main
Unwinding loop 1  iteration  12   file ps6-ll_unwindbound50.c line 28 function main
Unwinding loop 1  iteration  13   file ps6-ll_unwindbound50.c line 28 function main
Unwinding loop 1  iteration  14   file ps6-ll_unwindbound50.c line 28 function main
Unwinding loop 1  iteration  15   file ps6-ll_unwindbound50.c line 28 function main
Unwinding loop 1  iteration  16   file ps6-ll_unwindbound50.c line 28 function main
Unwinding loop 1  iteration  17   file ps6-ll_unwindbound50.c line 28 function main
Unwinding loop 1  iteration  18   file ps6-ll_unwindbound50.c line 28 function main
Unwinding loop 1  iteration  19   file ps6-ll_unwindbound50.c line 28 function main
Unwinding loop 1  iteration  20   file ps6-ll_unwindbound50.c line 28 function main
Unwinding loop 1  iteration  21   file ps6-ll_unwindbound50.c line 28 function main
Unwinding loop 1  iteration  22   file ps6-ll_unwindbound50.c line 28 function main
Unwinding loop 1  iteration  23   file ps6-ll_unwindbound50.c line 28 function main
Unwinding loop 1  iteration  24   file ps6-ll_unwindbound50.c line 28 function main
Unwinding loop 1  iteration  25   file ps6-ll_unwindbound50.c line 28 function main
Unwinding loop 1  iteration  26   file ps6-ll_unwindbound50.c line 28 function main
Unwinding loop 1  iteration  27   file ps6-ll_unwindbound50.c line 28 function main
Unwinding loop 1  iteration  28   file ps6-ll_unwindbound50.c line 28 function main
Unwinding loop 1  iteration  29   file ps6-ll_unwindbound50.c line 28 function main
Unwinding loop 1  iteration  30   file ps6-ll_unwindbound50.c line 28 function main
Not unwinding 
Symex completed in: 0.020s (395 assignments)
Slicing time: 0.002s (removed 292 assignments)
Generated 2 VCC(s), 2 remaining after simplification (103 assignments)
No solver specified; defaulting to Boolector
Encoding remaining VCC(s) using bit-vector/floating-point arithmetic
Encoding to solver time: 0.002s
Solving with solver Boolector 3.2.2
Encoding to solver time: 0.002s
Runtime decision procedure: 2.961s
BMC program time: 2.986s
No bug has been found in the base case
*** Checking forward condition, k = 31
Starting Bounded Model Checking
Unwinding loop 1  iteration  1   file ps6-ll_unwindbound50.c line 28 function main
Unwinding loop 1  iteration  2   file ps6-ll_unwindbound50.c line 28 function main
Unwinding loop 1  iteration  3   file ps6-ll_unwindbound50.c line 28 function main
Unwinding loop 1  iteration  4   file ps6-ll_unwindbound50.c line 28 function main
Unwinding loop 1  iteration  5   file ps6-ll_unwindbound50.c line 28 function main
Unwinding loop 1  iteration  6   file ps6-ll_unwindbound50.c line 28 function main
Unwinding loop 1  iteration  7   file ps6-ll_unwindbound50.c line 28 function main
Unwinding loop 1  iteration  8   file ps6-ll_unwindbound50.c line 28 function main
Unwinding loop 1  iteration  9   file ps6-ll_unwindbound50.c line 28 function main
Unwinding loop 1  iteration  10   file ps6-ll_unwindbound50.c line 28 function main
Unwinding loop 1  iteration  11   file ps6-ll_unwindbound50.c line 28 function main
Unwinding loop 1  iteration  12   file ps6-ll_unwindbound50.c line 28 function main
Unwinding loop 1  iteration  13   file ps6-ll_unwindbound50.c line 28 function main
Unwinding loop 1  iteration  14   file ps6-ll_unwindbound50.c line 28 function main
Unwinding loop 1  iteration  15   file ps6-ll_unwindbound50.c line 28 function main
Unwinding loop 1  iteration  16   file ps6-ll_unwindbound50.c line 28 function main
Unwinding loop 1  iteration  17   file ps6-ll_unwindbound50.c line 28 function main
Unwinding loop 1  iteration  18   file ps6-ll_unwindbound50.c line 28 function main
Unwinding loop 1  iteration  19   file ps6-ll_unwindbound50.c line 28 function main
Unwinding loop 1  iteration  20   file ps6-ll_unwindbound50.c line 28 function main
Unwinding loop 1  iteration  21   file ps6-ll_unwindbound50.c line 28 function main
Unwinding loop 1  iteration  22   file ps6-ll_unwindbound50.c line 28 function main
Unwinding loop 1  iteration  23   file ps6-ll_unwindbound50.c line 28 function main
Unwinding loop 1  iteration  24   file ps6-ll_unwindbound50.c line 28 function main
Unwinding loop 1  iteration  25   file ps6-ll_unwindbound50.c line 28 function main
Unwinding loop 1  iteration  26   file ps6-ll_unwindbound50.c line 28 function main
Unwinding loop 1  iteration  27   file ps6-ll_unwindbound50.c line 28 function main
Unwinding loop 1  iteration  28   file ps6-ll_unwindbound50.c line 28 function main
Unwinding loop 1  iteration  29   file ps6-ll_unwindbound50.c line 28 function main
Unwinding loop 1  iteration  30   file ps6-ll_unwindbound50.c line 28 function main
Not unwinding 
Symex completed in: 0.021s (393 assignments)
Slicing time: 0.000s (removed 356 assignments)
Generated 1 VCC(s), 1 remaining after simplification (37 assignments)
No solver specified; defaulting to Boolector
Encoding remaining VCC(s) using bit-vector/floating-point arithmetic
Encoding to solver time: 0.001s
Solving with solver Boolector 3.2.2
Encoding to solver time: 0.001s
Runtime decision procedure: 0.009s
The forward condition is unable to prove the property
*** Checking base case, k = 36
Starting Bounded Model Checking
Unwinding loop 1  iteration  1   file ps6-ll_unwindbound50.c line 28 function main
Unwinding loop 1  iteration  2   file ps6-ll_unwindbound50.c line 28 function main
Unwinding loop 1  iteration  3   file ps6-ll_unwindbound50.c line 28 function main
Unwinding loop 1  iteration  4   file ps6-ll_unwindbound50.c line 28 function main
Unwinding loop 1  iteration  5   file ps6-ll_unwindbound50.c line 28 function main
Unwinding loop 1  iteration  6   file ps6-ll_unwindbound50.c line 28 function main
Unwinding loop 1  iteration  7   file ps6-ll_unwindbound50.c line 28 function main
Unwinding loop 1  iteration  8   file ps6-ll_unwindbound50.c line 28 function main
Unwinding loop 1  iteration  9   file ps6-ll_unwindbound50.c line 28 function main
Unwinding loop 1  iteration  10   file ps6-ll_unwindbound50.c line 28 function main
Unwinding loop 1  iteration  11   file ps6-ll_unwindbound50.c line 28 function main
Unwinding loop 1  iteration  12   file ps6-ll_unwindbound50.c line 28 function main
Unwinding loop 1  iteration  13   file ps6-ll_unwindbound50.c line 28 function main
Unwinding loop 1  iteration  14   file ps6-ll_unwindbound50.c line 28 function main
Unwinding loop 1  iteration  15   file ps6-ll_unwindbound50.c line 28 function main
Unwinding loop 1  iteration  16   file ps6-ll_unwindbound50.c line 28 function main
Unwinding loop 1  iteration  17   file ps6-ll_unwindbound50.c line 28 function main
Unwinding loop 1  iteration  18   file ps6-ll_unwindbound50.c line 28 function main
Unwinding loop 1  iteration  19   file ps6-ll_unwindbound50.c line 28 function main
Unwinding loop 1  iteration  20   file ps6-ll_unwindbound50.c line 28 function main
Unwinding loop 1  iteration  21   file ps6-ll_unwindbound50.c line 28 function main
Unwinding loop 1  iteration  22   file ps6-ll_unwindbound50.c line 28 function main
Unwinding loop 1  iteration  23   file ps6-ll_unwindbound50.c line 28 function main
Unwinding loop 1  iteration  24   file ps6-ll_unwindbound50.c line 28 function main
Unwinding loop 1  iteration  25   file ps6-ll_unwindbound50.c line 28 function main
Unwinding loop 1  iteration  26   file ps6-ll_unwindbound50.c line 28 function main
Unwinding loop 1  iteration  27   file ps6-ll_unwindbound50.c line 28 function main
Unwinding loop 1  iteration  28   file ps6-ll_unwindbound50.c line 28 function main
Unwinding loop 1  iteration  29   file ps6-ll_unwindbound50.c line 28 function main
Unwinding loop 1  iteration  30   file ps6-ll_unwindbound50.c line 28 function main
Unwinding loop 1  iteration  31   file ps6-ll_unwindbound50.c line 28 function main
Unwinding loop 1  iteration  32   file ps6-ll_unwindbound50.c line 28 function main
Unwinding loop 1  iteration  33   file ps6-ll_unwindbound50.c line 28 function main
Unwinding loop 1  iteration  34   file ps6-ll_unwindbound50.c line 28 function main
Unwinding loop 1  iteration  35   file ps6-ll_unwindbound50.c line 28 function main
Not unwinding 
Symex completed in: 0.024s (455 assignments)
Slicing time: 0.002s (removed 337 assignments)
Generated 2 VCC(s), 2 remaining after simplification (118 assignments)
No solver specified; defaulting to Boolector
Encoding remaining VCC(s) using bit-vector/floating-point arithmetic
Encoding to solver time: 0.002s
Solving with solver Boolector 3.2.2
Encoding to solver time: 0.002s
Runtime decision procedure: 12.347s
BMC program time: 12.376s
No bug has been found in the base case
*** Checking forward condition, k = 36
Starting Bounded Model Checking
Unwinding loop 1  iteration  1   file ps6-ll_unwindbound50.c line 28 function main
Unwinding loop 1  iteration  2   file ps6-ll_unwindbound50.c line 28 function main
Unwinding loop 1  iteration  3   file ps6-ll_unwindbound50.c line 28 function main
Unwinding loop 1  iteration  4   file ps6-ll_unwindbound50.c line 28 function main
Unwinding loop 1  iteration  5   file ps6-ll_unwindbound50.c line 28 function main
Unwinding loop 1  iteration  6   file ps6-ll_unwindbound50.c line 28 function main
Unwinding loop 1  iteration  7   file ps6-ll_unwindbound50.c line 28 function main
Unwinding loop 1  iteration  8   file ps6-ll_unwindbound50.c line 28 function main
Unwinding loop 1  iteration  9   file ps6-ll_unwindbound50.c line 28 function main
Unwinding loop 1  iteration  10   file ps6-ll_unwindbound50.c line 28 function main
Unwinding loop 1  iteration  11   file ps6-ll_unwindbound50.c line 28 function main
Unwinding loop 1  iteration  12   file ps6-ll_unwindbound50.c line 28 function main
Unwinding loop 1  iteration  13   file ps6-ll_unwindbound50.c line 28 function main
Unwinding loop 1  iteration  14   file ps6-ll_unwindbound50.c line 28 function main
Unwinding loop 1  iteration  15   file ps6-ll_unwindbound50.c line 28 function main
Unwinding loop 1  iteration  16   file ps6-ll_unwindbound50.c line 28 function main
Unwinding loop 1  iteration  17   file ps6-ll_unwindbound50.c line 28 function main
Unwinding loop 1  iteration  18   file ps6-ll_unwindbound50.c line 28 function main
Unwinding loop 1  iteration  19   file ps6-ll_unwindbound50.c line 28 function main
Unwinding loop 1  iteration  20   file ps6-ll_unwindbound50.c line 28 function main
Unwinding loop 1  iteration  21   file ps6-ll_unwindbound50.c line 28 function main
Unwinding loop 1  iteration  22   file ps6-ll_unwindbound50.c line 28 function main
Unwinding loop 1  iteration  23   file ps6-ll_unwindbound50.c line 28 function main
Unwinding loop 1  iteration  24   file ps6-ll_unwindbound50.c line 28 function main
Unwinding loop 1  iteration  25   file ps6-ll_unwindbound50.c line 28 function main
Unwinding loop 1  iteration  26   file ps6-ll_unwindbound50.c line 28 function main
Unwinding loop 1  iteration  27   file ps6-ll_unwindbound50.c line 28 function main
Unwinding loop 1  iteration  28   file ps6-ll_unwindbound50.c line 28 function main
Unwinding loop 1  iteration  29   file ps6-ll_unwindbound50.c line 28 function main
Unwinding loop 1  iteration  30   file ps6-ll_unwindbound50.c line 28 function main
Unwinding loop 1  iteration  31   file ps6-ll_unwindbound50.c line 28 function main
Unwinding loop 1  iteration  32   file ps6-ll_unwindbound50.c line 28 function main
Unwinding loop 1  iteration  33   file ps6-ll_unwindbound50.c line 28 function main
Unwinding loop 1  iteration  34   file ps6-ll_unwindbound50.c line 28 function main
Unwinding loop 1  iteration  35   file ps6-ll_unwindbound50.c line 28 function main
Not unwinding 
Symex completed in: 0.024s (453 assignments)
Slicing time: 0.001s (removed 411 assignments)
Generated 1 VCC(s), 1 remaining after simplification (42 assignments)
No solver specified; defaulting to Boolector
Encoding remaining VCC(s) using bit-vector/floating-point arithmetic
Encoding to solver time: 0.001s
Solving with solver Boolector 3.2.2
Encoding to solver time: 0.001s
Runtime decision procedure: 0.010s
The forward condition is unable to prove the property
*** Checking base case, k = 41
Starting Bounded Model Checking
Unwinding loop 1  iteration  1   file ps6-ll_unwindbound50.c line 28 function main
Unwinding loop 1  iteration  2   file ps6-ll_unwindbound50.c line 28 function main
Unwinding loop 1  iteration  3   file ps6-ll_unwindbound50.c line 28 function main
Unwinding loop 1  iteration  4   file ps6-ll_unwindbound50.c line 28 function main
Unwinding loop 1  iteration  5   file ps6-ll_unwindbound50.c line 28 function main
Unwinding loop 1  iteration  6   file ps6-ll_unwindbound50.c line 28 function main
Unwinding loop 1  iteration  7   file ps6-ll_unwindbound50.c line 28 function main
Unwinding loop 1  iteration  8   file ps6-ll_unwindbound50.c line 28 function main
Unwinding loop 1  iteration  9   file ps6-ll_unwindbound50.c line 28 function main
Unwinding loop 1  iteration  10   file ps6-ll_unwindbound50.c line 28 function main
Unwinding loop 1  iteration  11   file ps6-ll_unwindbound50.c line 28 function main
Unwinding loop 1  iteration  12   file ps6-ll_unwindbound50.c line 28 function main
Unwinding loop 1  iteration  13   file ps6-ll_unwindbound50.c line 28 function main
Unwinding loop 1  iteration  14   file ps6-ll_unwindbound50.c line 28 function main
Unwinding loop 1  iteration  15   file ps6-ll_unwindbound50.c line 28 function main
Unwinding loop 1  iteration  16   file ps6-ll_unwindbound50.c line 28 function main
Unwinding loop 1  iteration  17   file ps6-ll_unwindbound50.c line 28 function main
Unwinding loop 1  iteration  18   file ps6-ll_unwindbound50.c line 28 function main
Unwinding loop 1  iteration  19   file ps6-ll_unwindbound50.c line 28 function main
Unwinding loop 1  iteration  20   file ps6-ll_unwindbound50.c line 28 function main
Unwinding loop 1  iteration  21   file ps6-ll_unwindbound50.c line 28 function main
Unwinding loop 1  iteration  22   file ps6-ll_unwindbound50.c line 28 function main
Unwinding loop 1  iteration  23   file ps6-ll_unwindbound50.c line 28 function main
Unwinding loop 1  iteration  24   file ps6-ll_unwindbound50.c line 28 function main
Unwinding loop 1  iteration  25   file ps6-ll_unwindbound50.c line 28 function main
Unwinding loop 1  iteration  26   file ps6-ll_unwindbound50.c line 28 function main
Unwinding loop 1  iteration  27   file ps6-ll_unwindbound50.c line 28 function main
Unwinding loop 1  iteration  28   file ps6-ll_unwindbound50.c line 28 function main
Unwinding loop 1  iteration  29   file ps6-ll_unwindbound50.c line 28 function main
Unwinding loop 1  iteration  30   file ps6-ll_unwindbound50.c line 28 function main
Unwinding loop 1  iteration  31   file ps6-ll_unwindbound50.c line 28 function main
Unwinding loop 1  iteration  32   file ps6-ll_unwindbound50.c line 28 function main
Unwinding loop 1  iteration  33   file ps6-ll_unwindbound50.c line 28 function main
Unwinding loop 1  iteration  34   file ps6-ll_unwindbound50.c line 28 function main
Unwinding loop 1  iteration  35   file ps6-ll_unwindbound50.c line 28 function main
Unwinding loop 1  iteration  36   file ps6-ll_unwindbound50.c line 28 function main
Unwinding loop 1  iteration  37   file ps6-ll_unwindbound50.c line 28 function main
Unwinding loop 1  iteration  38   file ps6-ll_unwindbound50.c line 28 function main
Unwinding loop 1  iteration  39   file ps6-ll_unwindbound50.c line 28 function main
Unwinding loop 1  iteration  40   file ps6-ll_unwindbound50.c line 28 function main
Not unwinding 
Symex completed in: 0.028s (515 assignments)
Slicing time: 0.002s (removed 382 assignments)
Generated 2 VCC(s), 2 remaining after simplification (133 assignments)
No solver specified; defaulting to Boolector
Encoding remaining VCC(s) using bit-vector/floating-point arithmetic
Encoding to solver time: 0.003s
Solving with solver Boolector 3.2.2
Encoding to solver time: 0.003s
Runtime decision procedure: 4.268s
BMC program time: 4.302s
No bug has been found in the base case
*** Checking forward condition, k = 41
Starting Bounded Model Checking
Unwinding loop 1  iteration  1   file ps6-ll_unwindbound50.c line 28 function main
Unwinding loop 1  iteration  2   file ps6-ll_unwindbound50.c line 28 function main
Unwinding loop 1  iteration  3   file ps6-ll_unwindbound50.c line 28 function main
Unwinding loop 1  iteration  4   file ps6-ll_unwindbound50.c line 28 function main
Unwinding loop 1  iteration  5   file ps6-ll_unwindbound50.c line 28 function main
Unwinding loop 1  iteration  6   file ps6-ll_unwindbound50.c line 28 function main
Unwinding loop 1  iteration  7   file ps6-ll_unwindbound50.c line 28 function main
Unwinding loop 1  iteration  8   file ps6-ll_unwindbound50.c line 28 function main
Unwinding loop 1  iteration  9   file ps6-ll_unwindbound50.c line 28 function main
Unwinding loop 1  iteration  10   file ps6-ll_unwindbound50.c line 28 function main
Unwinding loop 1  iteration  11   file ps6-ll_unwindbound50.c line 28 function main
Unwinding loop 1  iteration  12   file ps6-ll_unwindbound50.c line 28 function main
Unwinding loop 1  iteration  13   file ps6-ll_unwindbound50.c line 28 function main
Unwinding loop 1  iteration  14   file ps6-ll_unwindbound50.c line 28 function main
Unwinding loop 1  iteration  15   file ps6-ll_unwindbound50.c line 28 function main
Unwinding loop 1  iteration  16   file ps6-ll_unwindbound50.c line 28 function main
Unwinding loop 1  iteration  17   file ps6-ll_unwindbound50.c line 28 function main
Unwinding loop 1  iteration  18   file ps6-ll_unwindbound50.c line 28 function main
Unwinding loop 1  iteration  19   file ps6-ll_unwindbound50.c line 28 function main
Unwinding loop 1  iteration  20   file ps6-ll_unwindbound50.c line 28 function main
Unwinding loop 1  iteration  21   file ps6-ll_unwindbound50.c line 28 function main
Unwinding loop 1  iteration  22   file ps6-ll_unwindbound50.c line 28 function main
Unwinding loop 1  iteration  23   file ps6-ll_unwindbound50.c line 28 function main
Unwinding loop 1  iteration  24   file ps6-ll_unwindbound50.c line 28 function main
Unwinding loop 1  iteration  25   file ps6-ll_unwindbound50.c line 28 function main
Unwinding loop 1  iteration  26   file ps6-ll_unwindbound50.c line 28 function main
Unwinding loop 1  iteration  27   file ps6-ll_unwindbound50.c line 28 function main
Unwinding loop 1  iteration  28   file ps6-ll_unwindbound50.c line 28 function main
Unwinding loop 1  iteration  29   file ps6-ll_unwindbound50.c line 28 function main
Unwinding loop 1  iteration  30   file ps6-ll_unwindbound50.c line 28 function main
Unwinding loop 1  iteration  31   file ps6-ll_unwindbound50.c line 28 function main
Unwinding loop 1  iteration  32   file ps6-ll_unwindbound50.c line 28 function main
Unwinding loop 1  iteration  33   file ps6-ll_unwindbound50.c line 28 function main
Unwinding loop 1  iteration  34   file ps6-ll_unwindbound50.c line 28 function main
Unwinding loop 1  iteration  35   file ps6-ll_unwindbound50.c line 28 function main
Unwinding loop 1  iteration  36   file ps6-ll_unwindbound50.c line 28 function main
Unwinding loop 1  iteration  37   file ps6-ll_unwindbound50.c line 28 function main
Unwinding loop 1  iteration  38   file ps6-ll_unwindbound50.c line 28 function main
Unwinding loop 1  iteration  39   file ps6-ll_unwindbound50.c line 28 function main
Unwinding loop 1  iteration  40   file ps6-ll_unwindbound50.c line 28 function main
Not unwinding 
Symex completed in: 0.027s (513 assignments)
Slicing time: 0.001s (removed 466 assignments)
Generated 1 VCC(s), 1 remaining after simplification (47 assignments)
No solver specified; defaulting to Boolector
Encoding remaining VCC(s) using bit-vector/floating-point arithmetic
Encoding to solver time: 0.002s
Solving with solver Boolector 3.2.2
Encoding to solver time: 0.002s
Runtime decision procedure: 0.010s
The forward condition is unable to prove the property
*** Checking base case, k = 46
Starting Bounded Model Checking
Unwinding loop 1  iteration  1   file ps6-ll_unwindbound50.c line 28 function main
Unwinding loop 1  iteration  2   file ps6-ll_unwindbound50.c line 28 function main
Unwinding loop 1  iteration  3   file ps6-ll_unwindbound50.c line 28 function main
Unwinding loop 1  iteration  4   file ps6-ll_unwindbound50.c line 28 function main
Unwinding loop 1  iteration  5   file ps6-ll_unwindbound50.c line 28 function main
Unwinding loop 1  iteration  6   file ps6-ll_unwindbound50.c line 28 function main
Unwinding loop 1  iteration  7   file ps6-ll_unwindbound50.c line 28 function main
Unwinding loop 1  iteration  8   file ps6-ll_unwindbound50.c line 28 function main
Unwinding loop 1  iteration  9   file ps6-ll_unwindbound50.c line 28 function main
Unwinding loop 1  iteration  10   file ps6-ll_unwindbound50.c line 28 function main
Unwinding loop 1  iteration  11   file ps6-ll_unwindbound50.c line 28 function main
Unwinding loop 1  iteration  12   file ps6-ll_unwindbound50.c line 28 function main
Unwinding loop 1  iteration  13   file ps6-ll_unwindbound50.c line 28 function main
Unwinding loop 1  iteration  14   file ps6-ll_unwindbound50.c line 28 function main
Unwinding loop 1  iteration  15   file ps6-ll_unwindbound50.c line 28 function main
Unwinding loop 1  iteration  16   file ps6-ll_unwindbound50.c line 28 function main
Unwinding loop 1  iteration  17   file ps6-ll_unwindbound50.c line 28 function main
Unwinding loop 1  iteration  18   file ps6-ll_unwindbound50.c line 28 function main
Unwinding loop 1  iteration  19   file ps6-ll_unwindbound50.c line 28 function main
Unwinding loop 1  iteration  20   file ps6-ll_unwindbound50.c line 28 function main
Unwinding loop 1  iteration  21   file ps6-ll_unwindbound50.c line 28 function main
Unwinding loop 1  iteration  22   file ps6-ll_unwindbound50.c line 28 function main
Unwinding loop 1  iteration  23   file ps6-ll_unwindbound50.c line 28 function main
Unwinding loop 1  iteration  24   file ps6-ll_unwindbound50.c line 28 function main
Unwinding loop 1  iteration  25   file ps6-ll_unwindbound50.c line 28 function main
Unwinding loop 1  iteration  26   file ps6-ll_unwindbound50.c line 28 function main
Unwinding loop 1  iteration  27   file ps6-ll_unwindbound50.c line 28 function main
Unwinding loop 1  iteration  28   file ps6-ll_unwindbound50.c line 28 function main
Unwinding loop 1  iteration  29   file ps6-ll_unwindbound50.c line 28 function main
Unwinding loop 1  iteration  30   file ps6-ll_unwindbound50.c line 28 function main
Unwinding loop 1  iteration  31   file ps6-ll_unwindbound50.c line 28 function main
Unwinding loop 1  iteration  32   file ps6-ll_unwindbound50.c line 28 function main
Unwinding loop 1  iteration  33   file ps6-ll_unwindbound50.c line 28 function main
Unwinding loop 1  iteration  34   file ps6-ll_unwindbound50.c line 28 function main
Unwinding loop 1  iteration  35   file ps6-ll_unwindbound50.c line 28 function main
Unwinding loop 1  iteration  36   file ps6-ll_unwindbound50.c line 28 function main
Unwinding loop 1  iteration  37   file ps6-ll_unwindbound50.c line 28 function main
Unwinding loop 1  iteration  38   file ps6-ll_unwindbound50.c line 28 function main
Unwinding loop 1  iteration  39   file ps6-ll_unwindbound50.c line 28 function main
Unwinding loop 1  iteration  40   file ps6-ll_unwindbound50.c line 28 function main
Unwinding loop 1  iteration  41   file ps6-ll_unwindbound50.c line 28 function main
Unwinding loop 1  iteration  42   file ps6-ll_unwindbound50.c line 28 function main
Unwinding loop 1  iteration  43   file ps6-ll_unwindbound50.c line 28 function main
Unwinding loop 1  iteration  44   file ps6-ll_unwindbound50.c line 28 function main
Unwinding loop 1  iteration  45   file ps6-ll_unwindbound50.c line 28 function main
Not unwinding 
Symex completed in: 0.031s (575 assignments)
Slicing time: 0.002s (removed 427 assignments)
Generated 2 VCC(s), 2 remaining after simplification (148 assignments)
No solver specified; defaulting to Boolector
Encoding remaining VCC(s) using bit-vector/floating-point arithmetic
Encoding to solver time: 0.004s
Solving with solver Boolector 3.2.2
Encoding to solver time: 0.004s
Runtime decision procedure: 9.688s
BMC program time: 9.726s
No bug has been found in the base case
*** Checking forward condition, k = 46
Starting Bounded Model Checking
Unwinding loop 1  iteration  1   file ps6-ll_unwindbound50.c line 28 function main
Unwinding loop 1  iteration  2   file ps6-ll_unwindbound50.c line 28 function main
Unwinding loop 1  iteration  3   file ps6-ll_unwindbound50.c line 28 function main
Unwinding loop 1  iteration  4   file ps6-ll_unwindbound50.c line 28 function main
Unwinding loop 1  iteration  5   file ps6-ll_unwindbound50.c line 28 function main
Unwinding loop 1  iteration  6   file ps6-ll_unwindbound50.c line 28 function main
Unwinding loop 1  iteration  7   file ps6-ll_unwindbound50.c line 28 function main
Unwinding loop 1  iteration  8   file ps6-ll_unwindbound50.c line 28 function main
Unwinding loop 1  iteration  9   file ps6-ll_unwindbound50.c line 28 function main
Unwinding loop 1  iteration  10   file ps6-ll_unwindbound50.c line 28 function main
Unwinding loop 1  iteration  11   file ps6-ll_unwindbound50.c line 28 function main
Unwinding loop 1  iteration  12   file ps6-ll_unwindbound50.c line 28 function main
Unwinding loop 1  iteration  13   file ps6-ll_unwindbound50.c line 28 function main
Unwinding loop 1  iteration  14   file ps6-ll_unwindbound50.c line 28 function main
Unwinding loop 1  iteration  15   file ps6-ll_unwindbound50.c line 28 function main
Unwinding loop 1  iteration  16   file ps6-ll_unwindbound50.c line 28 function main
Unwinding loop 1  iteration  17   file ps6-ll_unwindbound50.c line 28 function main
Unwinding loop 1  iteration  18   file ps6-ll_unwindbound50.c line 28 function main
Unwinding loop 1  iteration  19   file ps6-ll_unwindbound50.c line 28 function main
Unwinding loop 1  iteration  20   file ps6-ll_unwindbound50.c line 28 function main
Unwinding loop 1  iteration  21   file ps6-ll_unwindbound50.c line 28 function main
Unwinding loop 1  iteration  22   file ps6-ll_unwindbound50.c line 28 function main
Unwinding loop 1  iteration  23   file ps6-ll_unwindbound50.c line 28 function main
Unwinding loop 1  iteration  24   file ps6-ll_unwindbound50.c line 28 function main
Unwinding loop 1  iteration  25   file ps6-ll_unwindbound50.c line 28 function main
Unwinding loop 1  iteration  26   file ps6-ll_unwindbound50.c line 28 function main
Unwinding loop 1  iteration  27   file ps6-ll_unwindbound50.c line 28 function main
Unwinding loop 1  iteration  28   file ps6-ll_unwindbound50.c line 28 function main
Unwinding loop 1  iteration  29   file ps6-ll_unwindbound50.c line 28 function main
Unwinding loop 1  iteration  30   file ps6-ll_unwindbound50.c line 28 function main
Unwinding loop 1  iteration  31   file ps6-ll_unwindbound50.c line 28 function main
Unwinding loop 1  iteration  32   file ps6-ll_unwindbound50.c line 28 function main
Unwinding loop 1  iteration  33   file ps6-ll_unwindbound50.c line 28 function main
Unwinding loop 1  iteration  34   file ps6-ll_unwindbound50.c line 28 function main
Unwinding loop 1  iteration  35   file ps6-ll_unwindbound50.c line 28 function main
Unwinding loop 1  iteration  36   file ps6-ll_unwindbound50.c line 28 function main
Unwinding loop 1  iteration  37   file ps6-ll_unwindbound50.c line 28 function main
Unwinding loop 1  iteration  38   file ps6-ll_unwindbound50.c line 28 function main
Unwinding loop 1  iteration  39   file ps6-ll_unwindbound50.c line 28 function main
Unwinding loop 1  iteration  40   file ps6-ll_unwindbound50.c line 28 function main
Unwinding loop 1  iteration  41   file ps6-ll_unwindbound50.c line 28 function main
Unwinding loop 1  iteration  42   file ps6-ll_unwindbound50.c line 28 function main
Unwinding loop 1  iteration  43   file ps6-ll_unwindbound50.c line 28 function main
Unwinding loop 1  iteration  44   file ps6-ll_unwindbound50.c line 28 function main
Unwinding loop 1  iteration  45   file ps6-ll_unwindbound50.c line 28 function main
Not unwinding 
Symex completed in: 0.032s (573 assignments)
Slicing time: 0.002s (removed 521 assignments)
Generated 1 VCC(s), 1 remaining after simplification (52 assignments)
No solver specified; defaulting to Boolector
Encoding remaining VCC(s) using bit-vector/floating-point arithmetic
Encoding to solver time: 0.002s
Solving with solver Boolector 3.2.2
Encoding to solver time: 0.002s
Runtime decision procedure: 0.013s
The forward condition is unable to prove the property
*** Checking base case, k = 51
Starting Bounded Model Checking
Unwinding loop 1  iteration  1   file ps6-ll_unwindbound50.c line 28 function main
Unwinding loop 1  iteration  2   file ps6-ll_unwindbound50.c line 28 function main
Unwinding loop 1  iteration  3   file ps6-ll_unwindbound50.c line 28 function main
Unwinding loop 1  iteration  4   file ps6-ll_unwindbound50.c line 28 function main
Unwinding loop 1  iteration  5   file ps6-ll_unwindbound50.c line 28 function main
Unwinding loop 1  iteration  6   file ps6-ll_unwindbound50.c line 28 function main
Unwinding loop 1  iteration  7   file ps6-ll_unwindbound50.c line 28 function main
Unwinding loop 1  iteration  8   file ps6-ll_unwindbound50.c line 28 function main
Unwinding loop 1  iteration  9   file ps6-ll_unwindbound50.c line 28 function main
Unwinding loop 1  iteration  10   file ps6-ll_unwindbound50.c line 28 function main
Unwinding loop 1  iteration  11   file ps6-ll_unwindbound50.c line 28 function main
Unwinding loop 1  iteration  12   file ps6-ll_unwindbound50.c line 28 function main
Unwinding loop 1  iteration  13   file ps6-ll_unwindbound50.c line 28 function main
Unwinding loop 1  iteration  14   file ps6-ll_unwindbound50.c line 28 function main
Unwinding loop 1  iteration  15   file ps6-ll_unwindbound50.c line 28 function main
Unwinding loop 1  iteration  16   file ps6-ll_unwindbound50.c line 28 function main
Unwinding loop 1  iteration  17   file ps6-ll_unwindbound50.c line 28 function main
Unwinding loop 1  iteration  18   file ps6-ll_unwindbound50.c line 28 function main
Unwinding loop 1  iteration  19   file ps6-ll_unwindbound50.c line 28 function main
Unwinding loop 1  iteration  20   file ps6-ll_unwindbound50.c line 28 function main
Unwinding loop 1  iteration  21   file ps6-ll_unwindbound50.c line 28 function main
Unwinding loop 1  iteration  22   file ps6-ll_unwindbound50.c line 28 function main
Unwinding loop 1  iteration  23   file ps6-ll_unwindbound50.c line 28 function main
Unwinding loop 1  iteration  24   file ps6-ll_unwindbound50.c line 28 function main
Unwinding loop 1  iteration  25   file ps6-ll_unwindbound50.c line 28 function main
Unwinding loop 1  iteration  26   file ps6-ll_unwindbound50.c line 28 function main
Unwinding loop 1  iteration  27   file ps6-ll_unwindbound50.c line 28 function main
Unwinding loop 1  iteration  28   file ps6-ll_unwindbound50.c line 28 function main
Unwinding loop 1  iteration  29   file ps6-ll_unwindbound50.c line 28 function main
Unwinding loop 1  iteration  30   file ps6-ll_unwindbound50.c line 28 function main
Unwinding loop 1  iteration  31   file ps6-ll_unwindbound50.c line 28 function main
Unwinding loop 1  iteration  32   file ps6-ll_unwindbound50.c line 28 function main
Unwinding loop 1  iteration  33   file ps6-ll_unwindbound50.c line 28 function main
Unwinding loop 1  iteration  34   file ps6-ll_unwindbound50.c line 28 function main
Unwinding loop 1  iteration  35   file ps6-ll_unwindbound50.c line 28 function main
Unwinding loop 1  iteration  36   file ps6-ll_unwindbound50.c line 28 function main
Unwinding loop 1  iteration  37   file ps6-ll_unwindbound50.c line 28 function main
Unwinding loop 1  iteration  38   file ps6-ll_unwindbound50.c line 28 function main
Unwinding loop 1  iteration  39   file ps6-ll_unwindbound50.c line 28 function main
Unwinding loop 1  iteration  40   file ps6-ll_unwindbound50.c line 28 function main
Unwinding loop 1  iteration  41   file ps6-ll_unwindbound50.c line 28 function main
Unwinding loop 1  iteration  42   file ps6-ll_unwindbound50.c line 28 function main
Unwinding loop 1  iteration  43   file ps6-ll_unwindbound50.c line 28 function main
Unwinding loop 1  iteration  44   file ps6-ll_unwindbound50.c line 28 function main
Unwinding loop 1  iteration  45   file ps6-ll_unwindbound50.c line 28 function main
Unwinding loop 1  iteration  46   file ps6-ll_unwindbound50.c line 28 function main
Unwinding loop 1  iteration  47   file ps6-ll_unwindbound50.c line 28 function main
Unwinding loop 1  iteration  48   file ps6-ll_unwindbound50.c line 28 function main
Unwinding loop 1  iteration  49   file ps6-ll_unwindbound50.c line 28 function main
Unwinding loop 1  iteration  50   file ps6-ll_unwindbound50.c line 28 function main
Symex completed in: 0.035s (626 assignments)
Slicing time: 0.002s (removed 465 assignments)
Generated 2 VCC(s), 2 remaining after simplification (161 assignments)
No solver specified; defaulting to Boolector
Encoding remaining VCC(s) using bit-vector/floating-point arithmetic
Encoding to solver time: 0.003s
Solving with solver Boolector 3.2.2
Encoding to solver time: 0.003s
Runtime decision procedure: 3.552s
Building error trace

Counterexample:

State 1 file ps6-ll_unwindbound50.c line 21 function main thread 0
----------------------------------------------------
  k = 51 (00000000 00110011)

State 2 file ps6-ll_unwindbound50.c line 3 function reach_error thread 0
----------------------------------------------------
Violated property:
  file ps6-ll_unwindbound50.c line 3 function reach_error
  assertion 0
  0


VERIFICATION FAILED

Bug found (k = 51)


FALSE_REACH
