./esbmc-wrapper.py -p ../sv-benchmarks/c/properties/unreach-call.prp -s kinduction --arch 32 ../sv-benchmarks/c/nla-digbench-scaling/ps4-ll_valuebound50.c


--------------------------------------------------------------------------------


Verifying with ESBMC
Command: ./esbmc --no-div-by-zero-check --force-malloc-success --state-hashing --add-symex-value-sets --no-align-check --k-step 5 --floatbv --unlimited-k-steps ../sv-benchmarks/c/nla-digbench-scaling/ps4-ll_valuebound50.c --32 --witness-output ps4-ll_valuebound50.c.graphml --no-pointer-check --no-bounds-check --interval-analysis --goto-unwind --unlimited-goto-unwind --k-induction --max-inductive-step 3 
ESBMC version 6.8.0 64-bit x86_64 linux
Target: 32-bit little-endian x86_64-unknown-linux with esbmc libc
file ../sv-benchmarks/c/nla-digbench-scaling/ps4-ll_valuebound50.c: Parsing
Converting
Generating GOTO Program
GOTO program creation time: 0.082s
GOTO program processing time: 0.001s
*** Checking base case, k = 1
Starting Bounded Model Checking
Not unwinding 
Symex completed in: 0.001s (28 assignments)
Slicing time: 0.000s (removed 21 assignments)
Generated 0 VCC(s), 0 remaining after simplification (7 assignments)
BMC program time: 0.001s
No bug has been found in the base case
*** Checking forward condition, k = 1
Starting Bounded Model Checking
Not unwinding 
Symex completed in: 0.000s (28 assignments)
Slicing time: 0.000s (removed 21 assignments)
Generated 1 VCC(s), 1 remaining after simplification (7 assignments)
No solver specified; defaulting to Boolector
Encoding remaining VCC(s) using bit-vector/floating-point arithmetic
Encoding to solver time: 0.000s
Solving with solver Boolector 3.2.2
Encoding to solver time: 0.000s
Runtime decision procedure: 0.001s
The forward condition is unable to prove the property
*** Checking base case, k = 6
Starting Bounded Model Checking
Unwinding loop 1  iteration  1   file ps4-ll_valuebound50.c line 27 function main
Unwinding loop 1  iteration  2   file ps4-ll_valuebound50.c line 27 function main
Unwinding loop 1  iteration  3   file ps4-ll_valuebound50.c line 27 function main
Unwinding loop 1  iteration  4   file ps4-ll_valuebound50.c line 27 function main
Unwinding loop 1  iteration  5   file ps4-ll_valuebound50.c line 27 function main
Not unwinding 
Symex completed in: 0.002s (72 assignments)
Slicing time: 0.000s (removed 44 assignments)
Generated 2 VCC(s), 2 remaining after simplification (28 assignments)
No solver specified; defaulting to Boolector
Encoding remaining VCC(s) using bit-vector/floating-point arithmetic
Encoding to solver time: 0.000s
Solving with solver Boolector 3.2.2
Encoding to solver time: 0.000s
Runtime decision procedure: 0.036s
BMC program time: 0.039s
No bug has been found in the base case
*** Checking forward condition, k = 6
Starting Bounded Model Checking
Unwinding loop 1  iteration  1   file ps4-ll_valuebound50.c line 27 function main
Unwinding loop 1  iteration  2   file ps4-ll_valuebound50.c line 27 function main
Unwinding loop 1  iteration  3   file ps4-ll_valuebound50.c line 27 function main
Unwinding loop 1  iteration  4   file ps4-ll_valuebound50.c line 27 function main
Unwinding loop 1  iteration  5   file ps4-ll_valuebound50.c line 27 function main
Not unwinding 
Symex completed in: 0.002s (70 assignments)
Slicing time: 0.000s (removed 58 assignments)
Generated 1 VCC(s), 1 remaining after simplification (12 assignments)
No solver specified; defaulting to Boolector
Encoding remaining VCC(s) using bit-vector/floating-point arithmetic
Encoding to solver time: 0.000s
Solving with solver Boolector 3.2.2
Encoding to solver time: 0.000s
Runtime decision procedure: 0.001s
The forward condition is unable to prove the property
*** Checking base case, k = 11
Starting Bounded Model Checking
Unwinding loop 1  iteration  1   file ps4-ll_valuebound50.c line 27 function main
Unwinding loop 1  iteration  2   file ps4-ll_valuebound50.c line 27 function main
Unwinding loop 1  iteration  3   file ps4-ll_valuebound50.c line 27 function main
Unwinding loop 1  iteration  4   file ps4-ll_valuebound50.c line 27 function main
Unwinding loop 1  iteration  5   file ps4-ll_valuebound50.c line 27 function main
Unwinding loop 1  iteration  6   file ps4-ll_valuebound50.c line 27 function main
Unwinding loop 1  iteration  7   file ps4-ll_valuebound50.c line 27 function main
Unwinding loop 1  iteration  8   file ps4-ll_valuebound50.c line 27 function main
Unwinding loop 1  iteration  9   file ps4-ll_valuebound50.c line 27 function main
Unwinding loop 1  iteration  10   file ps4-ll_valuebound50.c line 27 function main
Not unwinding 
Symex completed in: 0.004s (112 assignments)
Slicing time: 0.000s (removed 69 assignments)
Generated 2 VCC(s), 2 remaining after simplification (43 assignments)
No solver specified; defaulting to Boolector
Encoding remaining VCC(s) using bit-vector/floating-point arithmetic
Encoding to solver time: 0.001s
Solving with solver Boolector 3.2.2
Encoding to solver time: 0.001s
Runtime decision procedure: 0.083s
BMC program time: 0.088s
No bug has been found in the base case
*** Checking forward condition, k = 11
Starting Bounded Model Checking
Unwinding loop 1  iteration  1   file ps4-ll_valuebound50.c line 27 function main
Unwinding loop 1  iteration  2   file ps4-ll_valuebound50.c line 27 function main
Unwinding loop 1  iteration  3   file ps4-ll_valuebound50.c line 27 function main
Unwinding loop 1  iteration  4   file ps4-ll_valuebound50.c line 27 function main
Unwinding loop 1  iteration  5   file ps4-ll_valuebound50.c line 27 function main
Unwinding loop 1  iteration  6   file ps4-ll_valuebound50.c line 27 function main
Unwinding loop 1  iteration  7   file ps4-ll_valuebound50.c line 27 function main
Unwinding loop 1  iteration  8   file ps4-ll_valuebound50.c line 27 function main
Unwinding loop 1  iteration  9   file ps4-ll_valuebound50.c line 27 function main
Unwinding loop 1  iteration  10   file ps4-ll_valuebound50.c line 27 function main
Not unwinding 
Symex completed in: 0.003s (110 assignments)
Slicing time: 0.000s (removed 93 assignments)
Generated 1 VCC(s), 1 remaining after simplification (17 assignments)
No solver specified; defaulting to Boolector
Encoding remaining VCC(s) using bit-vector/floating-point arithmetic
Encoding to solver time: 0.000s
Solving with solver Boolector 3.2.2
Encoding to solver time: 0.000s
Runtime decision procedure: 0.002s
The forward condition is unable to prove the property
*** Checking base case, k = 16
Starting Bounded Model Checking
Unwinding loop 1  iteration  1   file ps4-ll_valuebound50.c line 27 function main
Unwinding loop 1  iteration  2   file ps4-ll_valuebound50.c line 27 function main
Unwinding loop 1  iteration  3   file ps4-ll_valuebound50.c line 27 function main
Unwinding loop 1  iteration  4   file ps4-ll_valuebound50.c line 27 function main
Unwinding loop 1  iteration  5   file ps4-ll_valuebound50.c line 27 function main
Unwinding loop 1  iteration  6   file ps4-ll_valuebound50.c line 27 function main
Unwinding loop 1  iteration  7   file ps4-ll_valuebound50.c line 27 function main
Unwinding loop 1  iteration  8   file ps4-ll_valuebound50.c line 27 function main
Unwinding loop 1  iteration  9   file ps4-ll_valuebound50.c line 27 function main
Unwinding loop 1  iteration  10   file ps4-ll_valuebound50.c line 27 function main
Unwinding loop 1  iteration  11   file ps4-ll_valuebound50.c line 27 function main
Unwinding loop 1  iteration  12   file ps4-ll_valuebound50.c line 27 function main
Unwinding loop 1  iteration  13   file ps4-ll_valuebound50.c line 27 function main
Unwinding loop 1  iteration  14   file ps4-ll_valuebound50.c line 27 function main
Unwinding loop 1  iteration  15   file ps4-ll_valuebound50.c line 27 function main
Not unwinding 
Symex completed in: 0.004s (152 assignments)
Slicing time: 0.001s (removed 94 assignments)
Generated 2 VCC(s), 2 remaining after simplification (58 assignments)
No solver specified; defaulting to Boolector
Encoding remaining VCC(s) using bit-vector/floating-point arithmetic
Encoding to solver time: 0.001s
Solving with solver Boolector 3.2.2
Encoding to solver time: 0.001s
Runtime decision procedure: 0.097s
BMC program time: 0.103s
No bug has been found in the base case
*** Checking forward condition, k = 16
Starting Bounded Model Checking
Unwinding loop 1  iteration  1   file ps4-ll_valuebound50.c line 27 function main
Unwinding loop 1  iteration  2   file ps4-ll_valuebound50.c line 27 function main
Unwinding loop 1  iteration  3   file ps4-ll_valuebound50.c line 27 function main
Unwinding loop 1  iteration  4   file ps4-ll_valuebound50.c line 27 function main
Unwinding loop 1  iteration  5   file ps4-ll_valuebound50.c line 27 function main
Unwinding loop 1  iteration  6   file ps4-ll_valuebound50.c line 27 function main
Unwinding loop 1  iteration  7   file ps4-ll_valuebound50.c line 27 function main
Unwinding loop 1  iteration  8   file ps4-ll_valuebound50.c line 27 function main
Unwinding loop 1  iteration  9   file ps4-ll_valuebound50.c line 27 function main
Unwinding loop 1  iteration  10   file ps4-ll_valuebound50.c line 27 function main
Unwinding loop 1  iteration  11   file ps4-ll_valuebound50.c line 27 function main
Unwinding loop 1  iteration  12   file ps4-ll_valuebound50.c line 27 function main
Unwinding loop 1  iteration  13   file ps4-ll_valuebound50.c line 27 function main
Unwinding loop 1  iteration  14   file ps4-ll_valuebound50.c line 27 function main
Unwinding loop 1  iteration  15   file ps4-ll_valuebound50.c line 27 function main
Not unwinding 
Symex completed in: 0.004s (150 assignments)
Slicing time: 0.001s (removed 128 assignments)
Generated 1 VCC(s), 1 remaining after simplification (22 assignments)
No solver specified; defaulting to Boolector
Encoding remaining VCC(s) using bit-vector/floating-point arithmetic
Encoding to solver time: 0.000s
Solving with solver Boolector 3.2.2
Encoding to solver time: 0.000s
Runtime decision procedure: 0.002s
The forward condition is unable to prove the property
*** Checking base case, k = 21
Starting Bounded Model Checking
Unwinding loop 1  iteration  1   file ps4-ll_valuebound50.c line 27 function main
Unwinding loop 1  iteration  2   file ps4-ll_valuebound50.c line 27 function main
Unwinding loop 1  iteration  3   file ps4-ll_valuebound50.c line 27 function main
Unwinding loop 1  iteration  4   file ps4-ll_valuebound50.c line 27 function main
Unwinding loop 1  iteration  5   file ps4-ll_valuebound50.c line 27 function main
Unwinding loop 1  iteration  6   file ps4-ll_valuebound50.c line 27 function main
Unwinding loop 1  iteration  7   file ps4-ll_valuebound50.c line 27 function main
Unwinding loop 1  iteration  8   file ps4-ll_valuebound50.c line 27 function main
Unwinding loop 1  iteration  9   file ps4-ll_valuebound50.c line 27 function main
Unwinding loop 1  iteration  10   file ps4-ll_valuebound50.c line 27 function main
Unwinding loop 1  iteration  11   file ps4-ll_valuebound50.c line 27 function main
Unwinding loop 1  iteration  12   file ps4-ll_valuebound50.c line 27 function main
Unwinding loop 1  iteration  13   file ps4-ll_valuebound50.c line 27 function main
Unwinding loop 1  iteration  14   file ps4-ll_valuebound50.c line 27 function main
Unwinding loop 1  iteration  15   file ps4-ll_valuebound50.c line 27 function main
Unwinding loop 1  iteration  16   file ps4-ll_valuebound50.c line 27 function main
Unwinding loop 1  iteration  17   file ps4-ll_valuebound50.c line 27 function main
Unwinding loop 1  iteration  18   file ps4-ll_valuebound50.c line 27 function main
Unwinding loop 1  iteration  19   file ps4-ll_valuebound50.c line 27 function main
Unwinding loop 1  iteration  20   file ps4-ll_valuebound50.c line 27 function main
Not unwinding 
Symex completed in: 0.005s (192 assignments)
Slicing time: 0.001s (removed 119 assignments)
Generated 2 VCC(s), 2 remaining after simplification (73 assignments)
No solver specified; defaulting to Boolector
Encoding remaining VCC(s) using bit-vector/floating-point arithmetic
Encoding to solver time: 0.001s
Solving with solver Boolector 3.2.2
Encoding to solver time: 0.001s
Runtime decision procedure: 0.133s
BMC program time: 0.140s
No bug has been found in the base case
*** Checking forward condition, k = 21
Starting Bounded Model Checking
Unwinding loop 1  iteration  1   file ps4-ll_valuebound50.c line 27 function main
Unwinding loop 1  iteration  2   file ps4-ll_valuebound50.c line 27 function main
Unwinding loop 1  iteration  3   file ps4-ll_valuebound50.c line 27 function main
Unwinding loop 1  iteration  4   file ps4-ll_valuebound50.c line 27 function main
Unwinding loop 1  iteration  5   file ps4-ll_valuebound50.c line 27 function main
Unwinding loop 1  iteration  6   file ps4-ll_valuebound50.c line 27 function main
Unwinding loop 1  iteration  7   file ps4-ll_valuebound50.c line 27 function main
Unwinding loop 1  iteration  8   file ps4-ll_valuebound50.c line 27 function main
Unwinding loop 1  iteration  9   file ps4-ll_valuebound50.c line 27 function main
Unwinding loop 1  iteration  10   file ps4-ll_valuebound50.c line 27 function main
Unwinding loop 1  iteration  11   file ps4-ll_valuebound50.c line 27 function main
Unwinding loop 1  iteration  12   file ps4-ll_valuebound50.c line 27 function main
Unwinding loop 1  iteration  13   file ps4-ll_valuebound50.c line 27 function main
Unwinding loop 1  iteration  14   file ps4-ll_valuebound50.c line 27 function main
Unwinding loop 1  iteration  15   file ps4-ll_valuebound50.c line 27 function main
Unwinding loop 1  iteration  16   file ps4-ll_valuebound50.c line 27 function main
Unwinding loop 1  iteration  17   file ps4-ll_valuebound50.c line 27 function main
Unwinding loop 1  iteration  18   file ps4-ll_valuebound50.c line 27 function main
Unwinding loop 1  iteration  19   file ps4-ll_valuebound50.c line 27 function main
Unwinding loop 1  iteration  20   file ps4-ll_valuebound50.c line 27 function main
Not unwinding 
Symex completed in: 0.006s (190 assignments)
Slicing time: 0.000s (removed 163 assignments)
Generated 1 VCC(s), 1 remaining after simplification (27 assignments)
No solver specified; defaulting to Boolector
Encoding remaining VCC(s) using bit-vector/floating-point arithmetic
Encoding to solver time: 0.001s
Solving with solver Boolector 3.2.2
Encoding to solver time: 0.001s
Runtime decision procedure: 0.002s
The forward condition is unable to prove the property
*** Checking base case, k = 26
Starting Bounded Model Checking
Unwinding loop 1  iteration  1   file ps4-ll_valuebound50.c line 27 function main
Unwinding loop 1  iteration  2   file ps4-ll_valuebound50.c line 27 function main
Unwinding loop 1  iteration  3   file ps4-ll_valuebound50.c line 27 function main
Unwinding loop 1  iteration  4   file ps4-ll_valuebound50.c line 27 function main
Unwinding loop 1  iteration  5   file ps4-ll_valuebound50.c line 27 function main
Unwinding loop 1  iteration  6   file ps4-ll_valuebound50.c line 27 function main
Unwinding loop 1  iteration  7   file ps4-ll_valuebound50.c line 27 function main
Unwinding loop 1  iteration  8   file ps4-ll_valuebound50.c line 27 function main
Unwinding loop 1  iteration  9   file ps4-ll_valuebound50.c line 27 function main
Unwinding loop 1  iteration  10   file ps4-ll_valuebound50.c line 27 function main
Unwinding loop 1  iteration  11   file ps4-ll_valuebound50.c line 27 function main
Unwinding loop 1  iteration  12   file ps4-ll_valuebound50.c line 27 function main
Unwinding loop 1  iteration  13   file ps4-ll_valuebound50.c line 27 function main
Unwinding loop 1  iteration  14   file ps4-ll_valuebound50.c line 27 function main
Unwinding loop 1  iteration  15   file ps4-ll_valuebound50.c line 27 function main
Unwinding loop 1  iteration  16   file ps4-ll_valuebound50.c line 27 function main
Unwinding loop 1  iteration  17   file ps4-ll_valuebound50.c line 27 function main
Unwinding loop 1  iteration  18   file ps4-ll_valuebound50.c line 27 function main
Unwinding loop 1  iteration  19   file ps4-ll_valuebound50.c line 27 function main
Unwinding loop 1  iteration  20   file ps4-ll_valuebound50.c line 27 function main
Unwinding loop 1  iteration  21   file ps4-ll_valuebound50.c line 27 function main
Unwinding loop 1  iteration  22   file ps4-ll_valuebound50.c line 27 function main
Unwinding loop 1  iteration  23   file ps4-ll_valuebound50.c line 27 function main
Unwinding loop 1  iteration  24   file ps4-ll_valuebound50.c line 27 function main
Unwinding loop 1  iteration  25   file ps4-ll_valuebound50.c line 27 function main
Not unwinding 
Symex completed in: 0.007s (232 assignments)
Slicing time: 0.001s (removed 144 assignments)
Generated 2 VCC(s), 2 remaining after simplification (88 assignments)
No solver specified; defaulting to Boolector
Encoding remaining VCC(s) using bit-vector/floating-point arithmetic
Encoding to solver time: 0.001s
Solving with solver Boolector 3.2.2
Encoding to solver time: 0.001s
Runtime decision procedure: 0.137s
BMC program time: 0.147s
No bug has been found in the base case
*** Checking forward condition, k = 26
Starting Bounded Model Checking
Unwinding loop 1  iteration  1   file ps4-ll_valuebound50.c line 27 function main
Unwinding loop 1  iteration  2   file ps4-ll_valuebound50.c line 27 function main
Unwinding loop 1  iteration  3   file ps4-ll_valuebound50.c line 27 function main
Unwinding loop 1  iteration  4   file ps4-ll_valuebound50.c line 27 function main
Unwinding loop 1  iteration  5   file ps4-ll_valuebound50.c line 27 function main
Unwinding loop 1  iteration  6   file ps4-ll_valuebound50.c line 27 function main
Unwinding loop 1  iteration  7   file ps4-ll_valuebound50.c line 27 function main
Unwinding loop 1  iteration  8   file ps4-ll_valuebound50.c line 27 function main
Unwinding loop 1  iteration  9   file ps4-ll_valuebound50.c line 27 function main
Unwinding loop 1  iteration  10   file ps4-ll_valuebound50.c line 27 function main
Unwinding loop 1  iteration  11   file ps4-ll_valuebound50.c line 27 function main
Unwinding loop 1  iteration  12   file ps4-ll_valuebound50.c line 27 function main
Unwinding loop 1  iteration  13   file ps4-ll_valuebound50.c line 27 function main
Unwinding loop 1  iteration  14   file ps4-ll_valuebound50.c line 27 function main
Unwinding loop 1  iteration  15   file ps4-ll_valuebound50.c line 27 function main
Unwinding loop 1  iteration  16   file ps4-ll_valuebound50.c line 27 function main
Unwinding loop 1  iteration  17   file ps4-ll_valuebound50.c line 27 function main
Unwinding loop 1  iteration  18   file ps4-ll_valuebound50.c line 27 function main
Unwinding loop 1  iteration  19   file ps4-ll_valuebound50.c line 27 function main
Unwinding loop 1  iteration  20   file ps4-ll_valuebound50.c line 27 function main
Unwinding loop 1  iteration  21   file ps4-ll_valuebound50.c line 27 function main
Unwinding loop 1  iteration  22   file ps4-ll_valuebound50.c line 27 function main
Unwinding loop 1  iteration  23   file ps4-ll_valuebound50.c line 27 function main
Unwinding loop 1  iteration  24   file ps4-ll_valuebound50.c line 27 function main
Unwinding loop 1  iteration  25   file ps4-ll_valuebound50.c line 27 function main
Not unwinding 
Symex completed in: 0.007s (230 assignments)
Slicing time: 0.001s (removed 198 assignments)
Generated 1 VCC(s), 1 remaining after simplification (32 assignments)
No solver specified; defaulting to Boolector
Encoding remaining VCC(s) using bit-vector/floating-point arithmetic
Encoding to solver time: 0.001s
Solving with solver Boolector 3.2.2
Encoding to solver time: 0.001s
Runtime decision procedure: 0.002s
The forward condition is unable to prove the property
*** Checking base case, k = 31
Starting Bounded Model Checking
Unwinding loop 1  iteration  1   file ps4-ll_valuebound50.c line 27 function main
Unwinding loop 1  iteration  2   file ps4-ll_valuebound50.c line 27 function main
Unwinding loop 1  iteration  3   file ps4-ll_valuebound50.c line 27 function main
Unwinding loop 1  iteration  4   file ps4-ll_valuebound50.c line 27 function main
Unwinding loop 1  iteration  5   file ps4-ll_valuebound50.c line 27 function main
Unwinding loop 1  iteration  6   file ps4-ll_valuebound50.c line 27 function main
Unwinding loop 1  iteration  7   file ps4-ll_valuebound50.c line 27 function main
Unwinding loop 1  iteration  8   file ps4-ll_valuebound50.c line 27 function main
Unwinding loop 1  iteration  9   file ps4-ll_valuebound50.c line 27 function main
Unwinding loop 1  iteration  10   file ps4-ll_valuebound50.c line 27 function main
Unwinding loop 1  iteration  11   file ps4-ll_valuebound50.c line 27 function main
Unwinding loop 1  iteration  12   file ps4-ll_valuebound50.c line 27 function main
Unwinding loop 1  iteration  13   file ps4-ll_valuebound50.c line 27 function main
Unwinding loop 1  iteration  14   file ps4-ll_valuebound50.c line 27 function main
Unwinding loop 1  iteration  15   file ps4-ll_valuebound50.c line 27 function main
Unwinding loop 1  iteration  16   file ps4-ll_valuebound50.c line 27 function main
Unwinding loop 1  iteration  17   file ps4-ll_valuebound50.c line 27 function main
Unwinding loop 1  iteration  18   file ps4-ll_valuebound50.c line 27 function main
Unwinding loop 1  iteration  19   file ps4-ll_valuebound50.c line 27 function main
Unwinding loop 1  iteration  20   file ps4-ll_valuebound50.c line 27 function main
Unwinding loop 1  iteration  21   file ps4-ll_valuebound50.c line 27 function main
Unwinding loop 1  iteration  22   file ps4-ll_valuebound50.c line 27 function main
Unwinding loop 1  iteration  23   file ps4-ll_valuebound50.c line 27 function main
Unwinding loop 1  iteration  24   file ps4-ll_valuebound50.c line 27 function main
Unwinding loop 1  iteration  25   file ps4-ll_valuebound50.c line 27 function main
Unwinding loop 1  iteration  26   file ps4-ll_valuebound50.c line 27 function main
Unwinding loop 1  iteration  27   file ps4-ll_valuebound50.c line 27 function main
Unwinding loop 1  iteration  28   file ps4-ll_valuebound50.c line 27 function main
Unwinding loop 1  iteration  29   file ps4-ll_valuebound50.c line 27 function main
Unwinding loop 1  iteration  30   file ps4-ll_valuebound50.c line 27 function main
Not unwinding 
Symex completed in: 0.008s (272 assignments)
Slicing time: 0.001s (removed 169 assignments)
Generated 2 VCC(s), 2 remaining after simplification (103 assignments)
No solver specified; defaulting to Boolector
Encoding remaining VCC(s) using bit-vector/floating-point arithmetic
Encoding to solver time: 0.001s
Solving with solver Boolector 3.2.2
Encoding to solver time: 0.001s
Runtime decision procedure: 0.148s
BMC program time: 0.159s
No bug has been found in the base case
*** Checking forward condition, k = 31
Starting Bounded Model Checking
Unwinding loop 1  iteration  1   file ps4-ll_valuebound50.c line 27 function main
Unwinding loop 1  iteration  2   file ps4-ll_valuebound50.c line 27 function main
Unwinding loop 1  iteration  3   file ps4-ll_valuebound50.c line 27 function main
Unwinding loop 1  iteration  4   file ps4-ll_valuebound50.c line 27 function main
Unwinding loop 1  iteration  5   file ps4-ll_valuebound50.c line 27 function main
Unwinding loop 1  iteration  6   file ps4-ll_valuebound50.c line 27 function main
Unwinding loop 1  iteration  7   file ps4-ll_valuebound50.c line 27 function main
Unwinding loop 1  iteration  8   file ps4-ll_valuebound50.c line 27 function main
Unwinding loop 1  iteration  9   file ps4-ll_valuebound50.c line 27 function main
Unwinding loop 1  iteration  10   file ps4-ll_valuebound50.c line 27 function main
Unwinding loop 1  iteration  11   file ps4-ll_valuebound50.c line 27 function main
Unwinding loop 1  iteration  12   file ps4-ll_valuebound50.c line 27 function main
Unwinding loop 1  iteration  13   file ps4-ll_valuebound50.c line 27 function main
Unwinding loop 1  iteration  14   file ps4-ll_valuebound50.c line 27 function main
Unwinding loop 1  iteration  15   file ps4-ll_valuebound50.c line 27 function main
Unwinding loop 1  iteration  16   file ps4-ll_valuebound50.c line 27 function main
Unwinding loop 1  iteration  17   file ps4-ll_valuebound50.c line 27 function main
Unwinding loop 1  iteration  18   file ps4-ll_valuebound50.c line 27 function main
Unwinding loop 1  iteration  19   file ps4-ll_valuebound50.c line 27 function main
Unwinding loop 1  iteration  20   file ps4-ll_valuebound50.c line 27 function main
Unwinding loop 1  iteration  21   file ps4-ll_valuebound50.c line 27 function main
Unwinding loop 1  iteration  22   file ps4-ll_valuebound50.c line 27 function main
Unwinding loop 1  iteration  23   file ps4-ll_valuebound50.c line 27 function main
Unwinding loop 1  iteration  24   file ps4-ll_valuebound50.c line 27 function main
Unwinding loop 1  iteration  25   file ps4-ll_valuebound50.c line 27 function main
Unwinding loop 1  iteration  26   file ps4-ll_valuebound50.c line 27 function main
Unwinding loop 1  iteration  27   file ps4-ll_valuebound50.c line 27 function main
Unwinding loop 1  iteration  28   file ps4-ll_valuebound50.c line 27 function main
Unwinding loop 1  iteration  29   file ps4-ll_valuebound50.c line 27 function main
Unwinding loop 1  iteration  30   file ps4-ll_valuebound50.c line 27 function main
Not unwinding 
Symex completed in: 0.009s (270 assignments)
Slicing time: 0.000s (removed 233 assignments)
Generated 1 VCC(s), 1 remaining after simplification (37 assignments)
No solver specified; defaulting to Boolector
Encoding remaining VCC(s) using bit-vector/floating-point arithmetic
Encoding to solver time: 0.001s
Solving with solver Boolector 3.2.2
Encoding to solver time: 0.001s
Runtime decision procedure: 0.003s
The forward condition is unable to prove the property
*** Checking base case, k = 36
Starting Bounded Model Checking
Unwinding loop 1  iteration  1   file ps4-ll_valuebound50.c line 27 function main
Unwinding loop 1  iteration  2   file ps4-ll_valuebound50.c line 27 function main
Unwinding loop 1  iteration  3   file ps4-ll_valuebound50.c line 27 function main
Unwinding loop 1  iteration  4   file ps4-ll_valuebound50.c line 27 function main
Unwinding loop 1  iteration  5   file ps4-ll_valuebound50.c line 27 function main
Unwinding loop 1  iteration  6   file ps4-ll_valuebound50.c line 27 function main
Unwinding loop 1  iteration  7   file ps4-ll_valuebound50.c line 27 function main
Unwinding loop 1  iteration  8   file ps4-ll_valuebound50.c line 27 function main
Unwinding loop 1  iteration  9   file ps4-ll_valuebound50.c line 27 function main
Unwinding loop 1  iteration  10   file ps4-ll_valuebound50.c line 27 function main
Unwinding loop 1  iteration  11   file ps4-ll_valuebound50.c line 27 function main
Unwinding loop 1  iteration  12   file ps4-ll_valuebound50.c line 27 function main
Unwinding loop 1  iteration  13   file ps4-ll_valuebound50.c line 27 function main
Unwinding loop 1  iteration  14   file ps4-ll_valuebound50.c line 27 function main
Unwinding loop 1  iteration  15   file ps4-ll_valuebound50.c line 27 function main
Unwinding loop 1  iteration  16   file ps4-ll_valuebound50.c line 27 function main
Unwinding loop 1  iteration  17   file ps4-ll_valuebound50.c line 27 function main
Unwinding loop 1  iteration  18   file ps4-ll_valuebound50.c line 27 function main
Unwinding loop 1  iteration  19   file ps4-ll_valuebound50.c line 27 function main
Unwinding loop 1  iteration  20   file ps4-ll_valuebound50.c line 27 function main
Unwinding loop 1  iteration  21   file ps4-ll_valuebound50.c line 27 function main
Unwinding loop 1  iteration  22   file ps4-ll_valuebound50.c line 27 function main
Unwinding loop 1  iteration  23   file ps4-ll_valuebound50.c line 27 function main
Unwinding loop 1  iteration  24   file ps4-ll_valuebound50.c line 27 function main
Unwinding loop 1  iteration  25   file ps4-ll_valuebound50.c line 27 function main
Unwinding loop 1  iteration  26   file ps4-ll_valuebound50.c line 27 function main
Unwinding loop 1  iteration  27   file ps4-ll_valuebound50.c line 27 function main
Unwinding loop 1  iteration  28   file ps4-ll_valuebound50.c line 27 function main
Unwinding loop 1  iteration  29   file ps4-ll_valuebound50.c line 27 function main
Unwinding loop 1  iteration  30   file ps4-ll_valuebound50.c line 27 function main
Unwinding loop 1  iteration  31   file ps4-ll_valuebound50.c line 27 function main
Unwinding loop 1  iteration  32   file ps4-ll_valuebound50.c line 27 function main
Unwinding loop 1  iteration  33   file ps4-ll_valuebound50.c line 27 function main
Unwinding loop 1  iteration  34   file ps4-ll_valuebound50.c line 27 function main
Unwinding loop 1  iteration  35   file ps4-ll_valuebound50.c line 27 function main
Not unwinding 
Symex completed in: 0.009s (312 assignments)
Slicing time: 0.001s (removed 194 assignments)
Generated 2 VCC(s), 2 remaining after simplification (118 assignments)
No solver specified; defaulting to Boolector
Encoding remaining VCC(s) using bit-vector/floating-point arithmetic
Encoding to solver time: 0.001s
Solving with solver Boolector 3.2.2
Encoding to solver time: 0.001s
Runtime decision procedure: 0.210s
BMC program time: 0.222s
No bug has been found in the base case
*** Checking forward condition, k = 36
Starting Bounded Model Checking
Unwinding loop 1  iteration  1   file ps4-ll_valuebound50.c line 27 function main
Unwinding loop 1  iteration  2   file ps4-ll_valuebound50.c line 27 function main
Unwinding loop 1  iteration  3   file ps4-ll_valuebound50.c line 27 function main
Unwinding loop 1  iteration  4   file ps4-ll_valuebound50.c line 27 function main
Unwinding loop 1  iteration  5   file ps4-ll_valuebound50.c line 27 function main
Unwinding loop 1  iteration  6   file ps4-ll_valuebound50.c line 27 function main
Unwinding loop 1  iteration  7   file ps4-ll_valuebound50.c line 27 function main
Unwinding loop 1  iteration  8   file ps4-ll_valuebound50.c line 27 function main
Unwinding loop 1  iteration  9   file ps4-ll_valuebound50.c line 27 function main
Unwinding loop 1  iteration  10   file ps4-ll_valuebound50.c line 27 function main
Unwinding loop 1  iteration  11   file ps4-ll_valuebound50.c line 27 function main
Unwinding loop 1  iteration  12   file ps4-ll_valuebound50.c line 27 function main
Unwinding loop 1  iteration  13   file ps4-ll_valuebound50.c line 27 function main
Unwinding loop 1  iteration  14   file ps4-ll_valuebound50.c line 27 function main
Unwinding loop 1  iteration  15   file ps4-ll_valuebound50.c line 27 function main
Unwinding loop 1  iteration  16   file ps4-ll_valuebound50.c line 27 function main
Unwinding loop 1  iteration  17   file ps4-ll_valuebound50.c line 27 function main
Unwinding loop 1  iteration  18   file ps4-ll_valuebound50.c line 27 function main
Unwinding loop 1  iteration  19   file ps4-ll_valuebound50.c line 27 function main
Unwinding loop 1  iteration  20   file ps4-ll_valuebound50.c line 27 function main
Unwinding loop 1  iteration  21   file ps4-ll_valuebound50.c line 27 function main
Unwinding loop 1  iteration  22   file ps4-ll_valuebound50.c line 27 function main
Unwinding loop 1  iteration  23   file ps4-ll_valuebound50.c line 27 function main
Unwinding loop 1  iteration  24   file ps4-ll_valuebound50.c line 27 function main
Unwinding loop 1  iteration  25   file ps4-ll_valuebound50.c line 27 function main
Unwinding loop 1  iteration  26   file ps4-ll_valuebound50.c line 27 function main
Unwinding loop 1  iteration  27   file ps4-ll_valuebound50.c line 27 function main
Unwinding loop 1  iteration  28   file ps4-ll_valuebound50.c line 27 function main
Unwinding loop 1  iteration  29   file ps4-ll_valuebound50.c line 27 function main
Unwinding loop 1  iteration  30   file ps4-ll_valuebound50.c line 27 function main
Unwinding loop 1  iteration  31   file ps4-ll_valuebound50.c line 27 function main
Unwinding loop 1  iteration  32   file ps4-ll_valuebound50.c line 27 function main
Unwinding loop 1  iteration  33   file ps4-ll_valuebound50.c line 27 function main
Unwinding loop 1  iteration  34   file ps4-ll_valuebound50.c line 27 function main
Unwinding loop 1  iteration  35   file ps4-ll_valuebound50.c line 27 function main
Not unwinding 
Symex completed in: 0.010s (310 assignments)
Slicing time: 0.000s (removed 268 assignments)
Generated 1 VCC(s), 1 remaining after simplification (42 assignments)
No solver specified; defaulting to Boolector
Encoding remaining VCC(s) using bit-vector/floating-point arithmetic
Encoding to solver time: 0.001s
Solving with solver Boolector 3.2.2
Encoding to solver time: 0.001s
Runtime decision procedure: 0.002s
The forward condition is unable to prove the property
*** Checking base case, k = 41
Starting Bounded Model Checking
Unwinding loop 1  iteration  1   file ps4-ll_valuebound50.c line 27 function main
Unwinding loop 1  iteration  2   file ps4-ll_valuebound50.c line 27 function main
Unwinding loop 1  iteration  3   file ps4-ll_valuebound50.c line 27 function main
Unwinding loop 1  iteration  4   file ps4-ll_valuebound50.c line 27 function main
Unwinding loop 1  iteration  5   file ps4-ll_valuebound50.c line 27 function main
Unwinding loop 1  iteration  6   file ps4-ll_valuebound50.c line 27 function main
Unwinding loop 1  iteration  7   file ps4-ll_valuebound50.c line 27 function main
Unwinding loop 1  iteration  8   file ps4-ll_valuebound50.c line 27 function main
Unwinding loop 1  iteration  9   file ps4-ll_valuebound50.c line 27 function main
Unwinding loop 1  iteration  10   file ps4-ll_valuebound50.c line 27 function main
Unwinding loop 1  iteration  11   file ps4-ll_valuebound50.c line 27 function main
Unwinding loop 1  iteration  12   file ps4-ll_valuebound50.c line 27 function main
Unwinding loop 1  iteration  13   file ps4-ll_valuebound50.c line 27 function main
Unwinding loop 1  iteration  14   file ps4-ll_valuebound50.c line 27 function main
Unwinding loop 1  iteration  15   file ps4-ll_valuebound50.c line 27 function main
Unwinding loop 1  iteration  16   file ps4-ll_valuebound50.c line 27 function main
Unwinding loop 1  iteration  17   file ps4-ll_valuebound50.c line 27 function main
Unwinding loop 1  iteration  18   file ps4-ll_valuebound50.c line 27 function main
Unwinding loop 1  iteration  19   file ps4-ll_valuebound50.c line 27 function main
Unwinding loop 1  iteration  20   file ps4-ll_valuebound50.c line 27 function main
Unwinding loop 1  iteration  21   file ps4-ll_valuebound50.c line 27 function main
Unwinding loop 1  iteration  22   file ps4-ll_valuebound50.c line 27 function main
Unwinding loop 1  iteration  23   file ps4-ll_valuebound50.c line 27 function main
Unwinding loop 1  iteration  24   file ps4-ll_valuebound50.c line 27 function main
Unwinding loop 1  iteration  25   file ps4-ll_valuebound50.c line 27 function main
Unwinding loop 1  iteration  26   file ps4-ll_valuebound50.c line 27 function main
Unwinding loop 1  iteration  27   file ps4-ll_valuebound50.c line 27 function main
Unwinding loop 1  iteration  28   file ps4-ll_valuebound50.c line 27 function main
Unwinding loop 1  iteration  29   file ps4-ll_valuebound50.c line 27 function main
Unwinding loop 1  iteration  30   file ps4-ll_valuebound50.c line 27 function main
Unwinding loop 1  iteration  31   file ps4-ll_valuebound50.c line 27 function main
Unwinding loop 1  iteration  32   file ps4-ll_valuebound50.c line 27 function main
Unwinding loop 1  iteration  33   file ps4-ll_valuebound50.c line 27 function main
Unwinding loop 1  iteration  34   file ps4-ll_valuebound50.c line 27 function main
Unwinding loop 1  iteration  35   file ps4-ll_valuebound50.c line 27 function main
Unwinding loop 1  iteration  36   file ps4-ll_valuebound50.c line 27 function main
Unwinding loop 1  iteration  37   file ps4-ll_valuebound50.c line 27 function main
Unwinding loop 1  iteration  38   file ps4-ll_valuebound50.c line 27 function main
Unwinding loop 1  iteration  39   file ps4-ll_valuebound50.c line 27 function main
Unwinding loop 1  iteration  40   file ps4-ll_valuebound50.c line 27 function main
Not unwinding 
Symex completed in: 0.011s (352 assignments)
Slicing time: 0.001s (removed 219 assignments)
Generated 2 VCC(s), 2 remaining after simplification (133 assignments)
No solver specified; defaulting to Boolector
Encoding remaining VCC(s) using bit-vector/floating-point arithmetic
Encoding to solver time: 0.001s
Solving with solver Boolector 3.2.2
Encoding to solver time: 0.001s
Runtime decision procedure: 0.223s
BMC program time: 0.237s
No bug has been found in the base case
*** Checking forward condition, k = 41
Starting Bounded Model Checking
Unwinding loop 1  iteration  1   file ps4-ll_valuebound50.c line 27 function main
Unwinding loop 1  iteration  2   file ps4-ll_valuebound50.c line 27 function main
Unwinding loop 1  iteration  3   file ps4-ll_valuebound50.c line 27 function main
Unwinding loop 1  iteration  4   file ps4-ll_valuebound50.c line 27 function main
Unwinding loop 1  iteration  5   file ps4-ll_valuebound50.c line 27 function main
Unwinding loop 1  iteration  6   file ps4-ll_valuebound50.c line 27 function main
Unwinding loop 1  iteration  7   file ps4-ll_valuebound50.c line 27 function main
Unwinding loop 1  iteration  8   file ps4-ll_valuebound50.c line 27 function main
Unwinding loop 1  iteration  9   file ps4-ll_valuebound50.c line 27 function main
Unwinding loop 1  iteration  10   file ps4-ll_valuebound50.c line 27 function main
Unwinding loop 1  iteration  11   file ps4-ll_valuebound50.c line 27 function main
Unwinding loop 1  iteration  12   file ps4-ll_valuebound50.c line 27 function main
Unwinding loop 1  iteration  13   file ps4-ll_valuebound50.c line 27 function main
Unwinding loop 1  iteration  14   file ps4-ll_valuebound50.c line 27 function main
Unwinding loop 1  iteration  15   file ps4-ll_valuebound50.c line 27 function main
Unwinding loop 1  iteration  16   file ps4-ll_valuebound50.c line 27 function main
Unwinding loop 1  iteration  17   file ps4-ll_valuebound50.c line 27 function main
Unwinding loop 1  iteration  18   file ps4-ll_valuebound50.c line 27 function main
Unwinding loop 1  iteration  19   file ps4-ll_valuebound50.c line 27 function main
Unwinding loop 1  iteration  20   file ps4-ll_valuebound50.c line 27 function main
Unwinding loop 1  iteration  21   file ps4-ll_valuebound50.c line 27 function main
Unwinding loop 1  iteration  22   file ps4-ll_valuebound50.c line 27 function main
Unwinding loop 1  iteration  23   file ps4-ll_valuebound50.c line 27 function main
Unwinding loop 1  iteration  24   file ps4-ll_valuebound50.c line 27 function main
Unwinding loop 1  iteration  25   file ps4-ll_valuebound50.c line 27 function main
Unwinding loop 1  iteration  26   file ps4-ll_valuebound50.c line 27 function main
Unwinding loop 1  iteration  27   file ps4-ll_valuebound50.c line 27 function main
Unwinding loop 1  iteration  28   file ps4-ll_valuebound50.c line 27 function main
Unwinding loop 1  iteration  29   file ps4-ll_valuebound50.c line 27 function main
Unwinding loop 1  iteration  30   file ps4-ll_valuebound50.c line 27 function main
Unwinding loop 1  iteration  31   file ps4-ll_valuebound50.c line 27 function main
Unwinding loop 1  iteration  32   file ps4-ll_valuebound50.c line 27 function main
Unwinding loop 1  iteration  33   file ps4-ll_valuebound50.c line 27 function main
Unwinding loop 1  iteration  34   file ps4-ll_valuebound50.c line 27 function main
Unwinding loop 1  iteration  35   file ps4-ll_valuebound50.c line 27 function main
Unwinding loop 1  iteration  36   file ps4-ll_valuebound50.c line 27 function main
Unwinding loop 1  iteration  37   file ps4-ll_valuebound50.c line 27 function main
Unwinding loop 1  iteration  38   file ps4-ll_valuebound50.c line 27 function main
Unwinding loop 1  iteration  39   file ps4-ll_valuebound50.c line 27 function main
Unwinding loop 1  iteration  40   file ps4-ll_valuebound50.c line 27 function main
Not unwinding 
Symex completed in: 0.011s (350 assignments)
Slicing time: 0.001s (removed 303 assignments)
Generated 1 VCC(s), 1 remaining after simplification (47 assignments)
No solver specified; defaulting to Boolector
Encoding remaining VCC(s) using bit-vector/floating-point arithmetic
Encoding to solver time: 0.001s
Solving with solver Boolector 3.2.2
Encoding to solver time: 0.001s
Runtime decision procedure: 0.003s
The forward condition is unable to prove the property
*** Checking base case, k = 46
Starting Bounded Model Checking
Unwinding loop 1  iteration  1   file ps4-ll_valuebound50.c line 27 function main
Unwinding loop 1  iteration  2   file ps4-ll_valuebound50.c line 27 function main
Unwinding loop 1  iteration  3   file ps4-ll_valuebound50.c line 27 function main
Unwinding loop 1  iteration  4   file ps4-ll_valuebound50.c line 27 function main
Unwinding loop 1  iteration  5   file ps4-ll_valuebound50.c line 27 function main
Unwinding loop 1  iteration  6   file ps4-ll_valuebound50.c line 27 function main
Unwinding loop 1  iteration  7   file ps4-ll_valuebound50.c line 27 function main
Unwinding loop 1  iteration  8   file ps4-ll_valuebound50.c line 27 function main
Unwinding loop 1  iteration  9   file ps4-ll_valuebound50.c line 27 function main
Unwinding loop 1  iteration  10   file ps4-ll_valuebound50.c line 27 function main
Unwinding loop 1  iteration  11   file ps4-ll_valuebound50.c line 27 function main
Unwinding loop 1  iteration  12   file ps4-ll_valuebound50.c line 27 function main
Unwinding loop 1  iteration  13   file ps4-ll_valuebound50.c line 27 function main
Unwinding loop 1  iteration  14   file ps4-ll_valuebound50.c line 27 function main
Unwinding loop 1  iteration  15   file ps4-ll_valuebound50.c line 27 function main
Unwinding loop 1  iteration  16   file ps4-ll_valuebound50.c line 27 function main
Unwinding loop 1  iteration  17   file ps4-ll_valuebound50.c line 27 function main
Unwinding loop 1  iteration  18   file ps4-ll_valuebound50.c line 27 function main
Unwinding loop 1  iteration  19   file ps4-ll_valuebound50.c line 27 function main
Unwinding loop 1  iteration  20   file ps4-ll_valuebound50.c line 27 function main
Unwinding loop 1  iteration  21   file ps4-ll_valuebound50.c line 27 function main
Unwinding loop 1  iteration  22   file ps4-ll_valuebound50.c line 27 function main
Unwinding loop 1  iteration  23   file ps4-ll_valuebound50.c line 27 function main
Unwinding loop 1  iteration  24   file ps4-ll_valuebound50.c line 27 function main
Unwinding loop 1  iteration  25   file ps4-ll_valuebound50.c line 27 function main
Unwinding loop 1  iteration  26   file ps4-ll_valuebound50.c line 27 function main
Unwinding loop 1  iteration  27   file ps4-ll_valuebound50.c line 27 function main
Unwinding loop 1  iteration  28   file ps4-ll_valuebound50.c line 27 function main
Unwinding loop 1  iteration  29   file ps4-ll_valuebound50.c line 27 function main
Unwinding loop 1  iteration  30   file ps4-ll_valuebound50.c line 27 function main
Unwinding loop 1  iteration  31   file ps4-ll_valuebound50.c line 27 function main
Unwinding loop 1  iteration  32   file ps4-ll_valuebound50.c line 27 function main
Unwinding loop 1  iteration  33   file ps4-ll_valuebound50.c line 27 function main
Unwinding loop 1  iteration  34   file ps4-ll_valuebound50.c line 27 function main
Unwinding loop 1  iteration  35   file ps4-ll_valuebound50.c line 27 function main
Unwinding loop 1  iteration  36   file ps4-ll_valuebound50.c line 27 function main
Unwinding loop 1  iteration  37   file ps4-ll_valuebound50.c line 27 function main
Unwinding loop 1  iteration  38   file ps4-ll_valuebound50.c line 27 function main
Unwinding loop 1  iteration  39   file ps4-ll_valuebound50.c line 27 function main
Unwinding loop 1  iteration  40   file ps4-ll_valuebound50.c line 27 function main
Unwinding loop 1  iteration  41   file ps4-ll_valuebound50.c line 27 function main
Unwinding loop 1  iteration  42   file ps4-ll_valuebound50.c line 27 function main
Unwinding loop 1  iteration  43   file ps4-ll_valuebound50.c line 27 function main
Unwinding loop 1  iteration  44   file ps4-ll_valuebound50.c line 27 function main
Unwinding loop 1  iteration  45   file ps4-ll_valuebound50.c line 27 function main
Not unwinding 
Symex completed in: 0.012s (392 assignments)
Slicing time: 0.001s (removed 244 assignments)
Generated 2 VCC(s), 2 remaining after simplification (148 assignments)
No solver specified; defaulting to Boolector
Encoding remaining VCC(s) using bit-vector/floating-point arithmetic
Encoding to solver time: 0.002s
Solving with solver Boolector 3.2.2
Encoding to solver time: 0.002s
Runtime decision procedure: 0.238s
BMC program time: 0.254s
No bug has been found in the base case
*** Checking forward condition, k = 46
Starting Bounded Model Checking
Unwinding loop 1  iteration  1   file ps4-ll_valuebound50.c line 27 function main
Unwinding loop 1  iteration  2   file ps4-ll_valuebound50.c line 27 function main
Unwinding loop 1  iteration  3   file ps4-ll_valuebound50.c line 27 function main
Unwinding loop 1  iteration  4   file ps4-ll_valuebound50.c line 27 function main
Unwinding loop 1  iteration  5   file ps4-ll_valuebound50.c line 27 function main
Unwinding loop 1  iteration  6   file ps4-ll_valuebound50.c line 27 function main
Unwinding loop 1  iteration  7   file ps4-ll_valuebound50.c line 27 function main
Unwinding loop 1  iteration  8   file ps4-ll_valuebound50.c line 27 function main
Unwinding loop 1  iteration  9   file ps4-ll_valuebound50.c line 27 function main
Unwinding loop 1  iteration  10   file ps4-ll_valuebound50.c line 27 function main
Unwinding loop 1  iteration  11   file ps4-ll_valuebound50.c line 27 function main
Unwinding loop 1  iteration  12   file ps4-ll_valuebound50.c line 27 function main
Unwinding loop 1  iteration  13   file ps4-ll_valuebound50.c line 27 function main
Unwinding loop 1  iteration  14   file ps4-ll_valuebound50.c line 27 function main
Unwinding loop 1  iteration  15   file ps4-ll_valuebound50.c line 27 function main
Unwinding loop 1  iteration  16   file ps4-ll_valuebound50.c line 27 function main
Unwinding loop 1  iteration  17   file ps4-ll_valuebound50.c line 27 function main
Unwinding loop 1  iteration  18   file ps4-ll_valuebound50.c line 27 function main
Unwinding loop 1  iteration  19   file ps4-ll_valuebound50.c line 27 function main
Unwinding loop 1  iteration  20   file ps4-ll_valuebound50.c line 27 function main
Unwinding loop 1  iteration  21   file ps4-ll_valuebound50.c line 27 function main
Unwinding loop 1  iteration  22   file ps4-ll_valuebound50.c line 27 function main
Unwinding loop 1  iteration  23   file ps4-ll_valuebound50.c line 27 function main
Unwinding loop 1  iteration  24   file ps4-ll_valuebound50.c line 27 function main
Unwinding loop 1  iteration  25   file ps4-ll_valuebound50.c line 27 function main
Unwinding loop 1  iteration  26   file ps4-ll_valuebound50.c line 27 function main
Unwinding loop 1  iteration  27   file ps4-ll_valuebound50.c line 27 function main
Unwinding loop 1  iteration  28   file ps4-ll_valuebound50.c line 27 function main
Unwinding loop 1  iteration  29   file ps4-ll_valuebound50.c line 27 function main
Unwinding loop 1  iteration  30   file ps4-ll_valuebound50.c line 27 function main
Unwinding loop 1  iteration  31   file ps4-ll_valuebound50.c line 27 function main
Unwinding loop 1  iteration  32   file ps4-ll_valuebound50.c line 27 function main
Unwinding loop 1  iteration  33   file ps4-ll_valuebound50.c line 27 function main
Unwinding loop 1  iteration  34   file ps4-ll_valuebound50.c line 27 function main
Unwinding loop 1  iteration  35   file ps4-ll_valuebound50.c line 27 function main
Unwinding loop 1  iteration  36   file ps4-ll_valuebound50.c line 27 function main
Unwinding loop 1  iteration  37   file ps4-ll_valuebound50.c line 27 function main
Unwinding loop 1  iteration  38   file ps4-ll_valuebound50.c line 27 function main
Unwinding loop 1  iteration  39   file ps4-ll_valuebound50.c line 27 function main
Unwinding loop 1  iteration  40   file ps4-ll_valuebound50.c line 27 function main
Unwinding loop 1  iteration  41   file ps4-ll_valuebound50.c line 27 function main
Unwinding loop 1  iteration  42   file ps4-ll_valuebound50.c line 27 function main
Unwinding loop 1  iteration  43   file ps4-ll_valuebound50.c line 27 function main
Unwinding loop 1  iteration  44   file ps4-ll_valuebound50.c line 27 function main
Unwinding loop 1  iteration  45   file ps4-ll_valuebound50.c line 27 function main
Not unwinding 
Symex completed in: 0.013s (390 assignments)
Slicing time: 0.001s (removed 338 assignments)
Generated 1 VCC(s), 1 remaining after simplification (52 assignments)
No solver specified; defaulting to Boolector
Encoding remaining VCC(s) using bit-vector/floating-point arithmetic
Encoding to solver time: 0.001s
Solving with solver Boolector 3.2.2
Encoding to solver time: 0.001s
Runtime decision procedure: 0.003s
The forward condition is unable to prove the property
*** Checking base case, k = 51
Starting Bounded Model Checking
Unwinding loop 1  iteration  1   file ps4-ll_valuebound50.c line 27 function main
Unwinding loop 1  iteration  2   file ps4-ll_valuebound50.c line 27 function main
Unwinding loop 1  iteration  3   file ps4-ll_valuebound50.c line 27 function main
Unwinding loop 1  iteration  4   file ps4-ll_valuebound50.c line 27 function main
Unwinding loop 1  iteration  5   file ps4-ll_valuebound50.c line 27 function main
Unwinding loop 1  iteration  6   file ps4-ll_valuebound50.c line 27 function main
Unwinding loop 1  iteration  7   file ps4-ll_valuebound50.c line 27 function main
Unwinding loop 1  iteration  8   file ps4-ll_valuebound50.c line 27 function main
Unwinding loop 1  iteration  9   file ps4-ll_valuebound50.c line 27 function main
Unwinding loop 1  iteration  10   file ps4-ll_valuebound50.c line 27 function main
Unwinding loop 1  iteration  11   file ps4-ll_valuebound50.c line 27 function main
Unwinding loop 1  iteration  12   file ps4-ll_valuebound50.c line 27 function main
Unwinding loop 1  iteration  13   file ps4-ll_valuebound50.c line 27 function main
Unwinding loop 1  iteration  14   file ps4-ll_valuebound50.c line 27 function main
Unwinding loop 1  iteration  15   file ps4-ll_valuebound50.c line 27 function main
Unwinding loop 1  iteration  16   file ps4-ll_valuebound50.c line 27 function main
Unwinding loop 1  iteration  17   file ps4-ll_valuebound50.c line 27 function main
Unwinding loop 1  iteration  18   file ps4-ll_valuebound50.c line 27 function main
Unwinding loop 1  iteration  19   file ps4-ll_valuebound50.c line 27 function main
Unwinding loop 1  iteration  20   file ps4-ll_valuebound50.c line 27 function main
Unwinding loop 1  iteration  21   file ps4-ll_valuebound50.c line 27 function main
Unwinding loop 1  iteration  22   file ps4-ll_valuebound50.c line 27 function main
Unwinding loop 1  iteration  23   file ps4-ll_valuebound50.c line 27 function main
Unwinding loop 1  iteration  24   file ps4-ll_valuebound50.c line 27 function main
Unwinding loop 1  iteration  25   file ps4-ll_valuebound50.c line 27 function main
Unwinding loop 1  iteration  26   file ps4-ll_valuebound50.c line 27 function main
Unwinding loop 1  iteration  27   file ps4-ll_valuebound50.c line 27 function main
Unwinding loop 1  iteration  28   file ps4-ll_valuebound50.c line 27 function main
Unwinding loop 1  iteration  29   file ps4-ll_valuebound50.c line 27 function main
Unwinding loop 1  iteration  30   file ps4-ll_valuebound50.c line 27 function main
Unwinding loop 1  iteration  31   file ps4-ll_valuebound50.c line 27 function main
Unwinding loop 1  iteration  32   file ps4-ll_valuebound50.c line 27 function main
Unwinding loop 1  iteration  33   file ps4-ll_valuebound50.c line 27 function main
Unwinding loop 1  iteration  34   file ps4-ll_valuebound50.c line 27 function main
Unwinding loop 1  iteration  35   file ps4-ll_valuebound50.c line 27 function main
Unwinding loop 1  iteration  36   file ps4-ll_valuebound50.c line 27 function main
Unwinding loop 1  iteration  37   file ps4-ll_valuebound50.c line 27 function main
Unwinding loop 1  iteration  38   file ps4-ll_valuebound50.c line 27 function main
Unwinding loop 1  iteration  39   file ps4-ll_valuebound50.c line 27 function main
Unwinding loop 1  iteration  40   file ps4-ll_valuebound50.c line 27 function main
Unwinding loop 1  iteration  41   file ps4-ll_valuebound50.c line 27 function main
Unwinding loop 1  iteration  42   file ps4-ll_valuebound50.c line 27 function main
Unwinding loop 1  iteration  43   file ps4-ll_valuebound50.c line 27 function main
Unwinding loop 1  iteration  44   file ps4-ll_valuebound50.c line 27 function main
Unwinding loop 1  iteration  45   file ps4-ll_valuebound50.c line 27 function main
Unwinding loop 1  iteration  46   file ps4-ll_valuebound50.c line 27 function main
Unwinding loop 1  iteration  47   file ps4-ll_valuebound50.c line 27 function main
Unwinding loop 1  iteration  48   file ps4-ll_valuebound50.c line 27 function main
Unwinding loop 1  iteration  49   file ps4-ll_valuebound50.c line 27 function main
Unwinding loop 1  iteration  50   file ps4-ll_valuebound50.c line 27 function main
Not unwinding 
Symex completed in: 0.014s (432 assignments)
Slicing time: 0.002s (removed 269 assignments)
Generated 2 VCC(s), 2 remaining after simplification (163 assignments)
No solver specified; defaulting to Boolector
Encoding remaining VCC(s) using bit-vector/floating-point arithmetic
Encoding to solver time: 0.002s
Solving with solver Boolector 3.2.2
Encoding to solver time: 0.002s
Runtime decision procedure: 0.254s
BMC program time: 0.272s
No bug has been found in the base case
*** Checking forward condition, k = 51
Starting Bounded Model Checking
Unwinding loop 1  iteration  1   file ps4-ll_valuebound50.c line 27 function main
Unwinding loop 1  iteration  2   file ps4-ll_valuebound50.c line 27 function main
Unwinding loop 1  iteration  3   file ps4-ll_valuebound50.c line 27 function main
Unwinding loop 1  iteration  4   file ps4-ll_valuebound50.c line 27 function main
Unwinding loop 1  iteration  5   file ps4-ll_valuebound50.c line 27 function main
Unwinding loop 1  iteration  6   file ps4-ll_valuebound50.c line 27 function main
Unwinding loop 1  iteration  7   file ps4-ll_valuebound50.c line 27 function main
Unwinding loop 1  iteration  8   file ps4-ll_valuebound50.c line 27 function main
Unwinding loop 1  iteration  9   file ps4-ll_valuebound50.c line 27 function main
Unwinding loop 1  iteration  10   file ps4-ll_valuebound50.c line 27 function main
Unwinding loop 1  iteration  11   file ps4-ll_valuebound50.c line 27 function main
Unwinding loop 1  iteration  12   file ps4-ll_valuebound50.c line 27 function main
Unwinding loop 1  iteration  13   file ps4-ll_valuebound50.c line 27 function main
Unwinding loop 1  iteration  14   file ps4-ll_valuebound50.c line 27 function main
Unwinding loop 1  iteration  15   file ps4-ll_valuebound50.c line 27 function main
Unwinding loop 1  iteration  16   file ps4-ll_valuebound50.c line 27 function main
Unwinding loop 1  iteration  17   file ps4-ll_valuebound50.c line 27 function main
Unwinding loop 1  iteration  18   file ps4-ll_valuebound50.c line 27 function main
Unwinding loop 1  iteration  19   file ps4-ll_valuebound50.c line 27 function main
Unwinding loop 1  iteration  20   file ps4-ll_valuebound50.c line 27 function main
Unwinding loop 1  iteration  21   file ps4-ll_valuebound50.c line 27 function main
Unwinding loop 1  iteration  22   file ps4-ll_valuebound50.c line 27 function main
Unwinding loop 1  iteration  23   file ps4-ll_valuebound50.c line 27 function main
Unwinding loop 1  iteration  24   file ps4-ll_valuebound50.c line 27 function main
Unwinding loop 1  iteration  25   file ps4-ll_valuebound50.c line 27 function main
Unwinding loop 1  iteration  26   file ps4-ll_valuebound50.c line 27 function main
Unwinding loop 1  iteration  27   file ps4-ll_valuebound50.c line 27 function main
Unwinding loop 1  iteration  28   file ps4-ll_valuebound50.c line 27 function main
Unwinding loop 1  iteration  29   file ps4-ll_valuebound50.c line 27 function main
Unwinding loop 1  iteration  30   file ps4-ll_valuebound50.c line 27 function main
Unwinding loop 1  iteration  31   file ps4-ll_valuebound50.c line 27 function main
Unwinding loop 1  iteration  32   file ps4-ll_valuebound50.c line 27 function main
Unwinding loop 1  iteration  33   file ps4-ll_valuebound50.c line 27 function main
Unwinding loop 1  iteration  34   file ps4-ll_valuebound50.c line 27 function main
Unwinding loop 1  iteration  35   file ps4-ll_valuebound50.c line 27 function main
Unwinding loop 1  iteration  36   file ps4-ll_valuebound50.c line 27 function main
Unwinding loop 1  iteration  37   file ps4-ll_valuebound50.c line 27 function main
Unwinding loop 1  iteration  38   file ps4-ll_valuebound50.c line 27 function main
Unwinding loop 1  iteration  39   file ps4-ll_valuebound50.c line 27 function main
Unwinding loop 1  iteration  40   file ps4-ll_valuebound50.c line 27 function main
Unwinding loop 1  iteration  41   file ps4-ll_valuebound50.c line 27 function main
Unwinding loop 1  iteration  42   file ps4-ll_valuebound50.c line 27 function main
Unwinding loop 1  iteration  43   file ps4-ll_valuebound50.c line 27 function main
Unwinding loop 1  iteration  44   file ps4-ll_valuebound50.c line 27 function main
Unwinding loop 1  iteration  45   file ps4-ll_valuebound50.c line 27 function main
Unwinding loop 1  iteration  46   file ps4-ll_valuebound50.c line 27 function main
Unwinding loop 1  iteration  47   file ps4-ll_valuebound50.c line 27 function main
Unwinding loop 1  iteration  48   file ps4-ll_valuebound50.c line 27 function main
Unwinding loop 1  iteration  49   file ps4-ll_valuebound50.c line 27 function main
Unwinding loop 1  iteration  50   file ps4-ll_valuebound50.c line 27 function main
Not unwinding 
Symex completed in: 0.014s (430 assignments)
Slicing time: 0.001s (removed 373 assignments)
Generated 1 VCC(s), 1 remaining after simplification (57 assignments)
No solver specified; defaulting to Boolector
Encoding remaining VCC(s) using bit-vector/floating-point arithmetic
Encoding to solver time: 0.001s
Solving with solver Boolector 3.2.2
Encoding to solver time: 0.001s
Runtime decision procedure: 0.002s
BMC program time: 0.019s
Building successful trace

VERIFICATION SUCCESSFUL

Solution found by the forward condition; all states are reachable (k = 51


TRUE
