./esbmc-wrapper.py -p ../sv-benchmarks/c/properties/unreach-call.prp -s kinduction --arch 32 ../sv-benchmarks/c/float-newlib/float_req_bl_1271b.c


--------------------------------------------------------------------------------


Verifying with ESBMC
Command: ./esbmc --no-div-by-zero-check --force-malloc-success --state-hashing --add-symex-value-sets --no-align-check --k-step 5 --floatbv --unlimited-k-steps ../sv-benchmarks/c/float-newlib/float_req_bl_1271b.c --32 --witness-output float_req_bl_1271b.c.graphml --no-pointer-check --no-bounds-check --interval-analysis --goto-unwind --unlimited-goto-unwind --k-induction --max-inductive-step 3 
ESBMC version 6.8.0 64-bit x86_64 linux
Target: 32-bit little-endian x86_64-unknown-linux with esbmc libc
file ../sv-benchmarks/c/float-newlib/float_req_bl_1271b.c: Parsing
Converting
Generating GOTO Program
GOTO program creation time: 0.172s
GOTO program processing time: 0.004s
*** Checking base case, k = 1
Starting Bounded Model Checking
Not unwinding 
Not unwinding 
Not unwinding 
Not unwinding 
Symex completed in: 0.020s (314 assignments)
Slicing time: 0.003s (removed 126 assignments)
Generated 1 VCC(s), 1 remaining after simplification (188 assignments)
No solver specified; defaulting to Boolector
Encoding remaining VCC(s) using bit-vector/floating-point arithmetic
Encoding to solver time: 0.047s
Solving with solver Boolector 3.2.2
Encoding to solver time: 0.047s
Runtime decision procedure: 7.411s
BMC program time: 7.482s
No bug has been found in the base case
*** Checking forward condition, k = 1
Starting Bounded Model Checking
Not unwinding 
Not unwinding 
Not unwinding 
Not unwinding 
Symex completed in: 0.022s (313 assignments)
Slicing time: 0.002s (removed 126 assignments)
Generated 4 VCC(s), 4 remaining after simplification (187 assignments)
No solver specified; defaulting to Boolector
Encoding remaining VCC(s) using bit-vector/floating-point arithmetic
Encoding to solver time: 0.047s
Solving with solver Boolector 3.2.2
Encoding to solver time: 0.047s
Runtime decision procedure: 0.370s
BMC program time: 0.442s
Building successful trace

VERIFICATION SUCCESSFUL

Solution found by the forward condition; all states are reachable (k = 1

../sv-benchmarks/c/float-newlib/float_req_bl_1271b.c:31:13: warning: equality comparison with extraneous parentheses [-Wparentheses-equality]
  if (((hx) == 0))
       ~~~~~^~~~
../sv-benchmarks/c/float-newlib/float_req_bl_1271b.c:31:13: note: remove extraneous parentheses around the comparison to silence this warning
  if (((hx) == 0))
      ~     ^   ~
../sv-benchmarks/c/float-newlib/float_req_bl_1271b.c:31:13: note: use '=' to turn this equality comparison into an assignment
  if (((hx) == 0))
            ^~
            =
../sv-benchmarks/c/float-newlib/float_req_bl_1271b.c:126:17: warning: equality comparison with extraneous parentheses [-Wparentheses-equality]
      if (((ha) == 0x7f800000L))
           ~~~~~^~~~~~~~~~~~~~
../sv-benchmarks/c/float-newlib/float_req_bl_1271b.c:126:17: note: remove extraneous parentheses around the comparison to silence this warning
      if (((ha) == 0x7f800000L))
          ~     ^             ~
../sv-benchmarks/c/float-newlib/float_req_bl_1271b.c:126:17: note: use '=' to turn this equality comparison into an assignment
      if (((ha) == 0x7f800000L))
                ^~
                =
../sv-benchmarks/c/float-newlib/float_req_bl_1271b.c:128:17: warning: equality comparison with extraneous parentheses [-Wparentheses-equality]
      if (((hb) == 0x7f800000L))
           ~~~~~^~~~~~~~~~~~~~
../sv-benchmarks/c/float-newlib/float_req_bl_1271b.c:128:17: note: remove extraneous parentheses around the comparison to silence this warning
      if (((hb) == 0x7f800000L))
          ~     ^             ~
../sv-benchmarks/c/float-newlib/float_req_bl_1271b.c:128:17: note: use '=' to turn this equality comparison into an assignment
      if (((hb) == 0x7f800000L))
                ^~
                =
../sv-benchmarks/c/float-newlib/float_req_bl_1271b.c:148:15: warning: equality comparison with extraneous parentheses [-Wparentheses-equality]
    if (((hb) == 0)) {
         ~~~~~^~~~
../sv-benchmarks/c/float-newlib/float_req_bl_1271b.c:148:15: note: remove extraneous parentheses around the comparison to silence this warning
    if (((hb) == 0)) {
        ~     ^   ~
../sv-benchmarks/c/float-newlib/float_req_bl_1271b.c:148:15: note: use '=' to turn this equality comparison into an assignment
    if (((hb) == 0)) {
              ^~
              =

TRUE
