./esbmc-wrapper.py -p ../sv-benchmarks/c/properties/unreach-call.prp -s kinduction --arch 32 ../sv-benchmarks/c/ldv-races/race-2_3-container_of.i


--------------------------------------------------------------------------------


Found pthread benchmark!
Verifying with ESBMC
Command: ./esbmc --no-div-by-zero-check --force-malloc-success --state-hashing --add-symex-value-sets --no-align-check --k-step 5 --floatbv --unlimited-k-steps ../sv-benchmarks/c/ldv-races/race-2_3-container_of.i --32  --no-por --context-bound 2 --no-goto-merge --witness-output race-2_3-container_of.i.graphml --no-pointer-check --no-bounds-check --goto-unwind --unlimited-goto-unwind --incremental-bmc 
ESBMC version 6.8.0 64-bit x86_64 linux
Target: 32-bit little-endian x86_64-unknown-linux with esbmc libc
file ../sv-benchmarks/c/ldv-races/race-2_3-container_of.i: Parsing
Converting
Generating GOTO Program
GOTO program creation time: 0.143s
GOTO program processing time: 0.001s
*** Checking base case, k = 1
Starting Bounded Model Checking
Symex completed in: 0.056s (338 assignments)
Slicing time: 0.002s (removed 168 assignments)
Generated 6 VCC(s), 6 remaining after simplification (170 assignments)
No solver specified; defaulting to Boolector
Encoding remaining VCC(s) using bit-vector/floating-point arithmetic
Encoding to solver time: 0.006s
Solving with solver Boolector 3.2.2
Encoding to solver time: 0.006s
Runtime decision procedure: 0.001s
BMC program time: 0.065s
*** Thread interleavings 2 ***
Symex completed in: 0.025s (332 assignments)
Slicing time: 0.002s (removed 168 assignments)
Generated 0 VCC(s), 0 remaining after simplification (164 assignments)
BMC program time: 0.027s
*** Thread interleavings 3 ***
Symex completed in: 0.029s (331 assignments)
Slicing time: 0.001s (removed 182 assignments)
Generated 0 VCC(s), 0 remaining after simplification (149 assignments)
BMC program time: 0.031s
*** Thread interleavings 4 ***
Symex completed in: 0.030s (330 assignments)
Slicing time: 0.002s (removed 182 assignments)
Generated 0 VCC(s), 0 remaining after simplification (148 assignments)
BMC program time: 0.033s
*** Thread interleavings 5 ***
Symex completed in: 0.034s (329 assignments)
Slicing time: 0.002s (removed 188 assignments)
Generated 0 VCC(s), 0 remaining after simplification (141 assignments)
BMC program time: 0.036s
*** Thread interleavings 6 ***
Symex completed in: 0.034s (328 assignments)
Slicing time: 0.001s (removed 188 assignments)
Generated 0 VCC(s), 0 remaining after simplification (140 assignments)
BMC program time: 0.036s
*** Thread interleavings 7 ***
Symex completed in: 0.045s (327 assignments)
Slicing time: 0.002s (removed 168 assignments)
Generated 0 VCC(s), 0 remaining after simplification (159 assignments)
BMC program time: 0.048s
*** Thread interleavings 8 ***
Symex completed in: 0.045s (327 assignments)
Slicing time: 0.002s (removed 168 assignments)
Generated 0 VCC(s), 0 remaining after simplification (159 assignments)
BMC program time: 0.049s
*** Thread interleavings 9 ***
Symex completed in: 0.045s (328 assignments)
Slicing time: 0.001s (removed 188 assignments)
Generated 0 VCC(s), 0 remaining after simplification (140 assignments)
BMC program time: 0.048s
*** Thread interleavings 10 ***
Symex completed in: 0.035s (329 assignments)
Slicing time: 0.002s (removed 188 assignments)
Generated 0 VCC(s), 0 remaining after simplification (141 assignments)
BMC program time: 0.038s
*** Thread interleavings 11 ***
Symex completed in: 0.036s (330 assignments)
Slicing time: 0.001s (removed 182 assignments)
Generated 0 VCC(s), 0 remaining after simplification (148 assignments)
BMC program time: 0.038s
*** Thread interleavings 12 ***
Symex completed in: 0.032s (331 assignments)
Slicing time: 0.002s (removed 182 assignments)
Generated 0 VCC(s), 0 remaining after simplification (149 assignments)
BMC program time: 0.035s
*** Thread interleavings 13 ***
Symex completed in: 0.034s (332 assignments)
Slicing time: 0.002s (removed 168 assignments)
Generated 0 VCC(s), 0 remaining after simplification (164 assignments)
BMC program time: 0.037s
*** Thread interleavings 14 ***
Symex completed in: 0.026s (332 assignments)
Slicing time: 0.001s (removed 168 assignments)
Generated 0 VCC(s), 0 remaining after simplification (164 assignments)
BMC program time: 0.028s
*** Thread interleavings 15 ***
Symex completed in: 0.055s (330 assignments)
Slicing time: 0.002s (removed 168 assignments)
Generated 4 VCC(s), 4 remaining after simplification (162 assignments)
No solver specified; defaulting to Boolector
Encoding remaining VCC(s) using bit-vector/floating-point arithmetic
Encoding to solver time: 0.007s
Solving with solver Boolector 3.2.2
Encoding to solver time: 0.007s
Runtime decision procedure: 0.001s
BMC program time: 0.070s
*** Thread interleavings 16 ***
Symex completed in: 0.048s (326 assignments)
Slicing time: 0.001s (removed 168 assignments)
Generated 0 VCC(s), 0 remaining after simplification (158 assignments)
BMC program time: 0.050s
*** Thread interleavings 17 ***
Symex completed in: 0.048s (331 assignments)
Slicing time: 0.002s (removed 168 assignments)
Generated 4 VCC(s), 4 remaining after simplification (163 assignments)
No solver specified; defaulting to Boolector
Encoding remaining VCC(s) using bit-vector/floating-point arithmetic
Encoding to solver time: 0.007s
Solving with solver Boolector 3.2.2
Encoding to solver time: 0.007s
Runtime decision procedure: 0.001s
BMC program time: 0.063s
*** Thread interleavings 18 ***
Symex completed in: 0.036s (327 assignments)
Slicing time: 0.001s (removed 188 assignments)
Generated 0 VCC(s), 0 remaining after simplification (139 assignments)
BMC program time: 0.038s
*** Thread interleavings 19 ***
Symex completed in: 0.039s (332 assignments)
Slicing time: 0.002s (removed 168 assignments)
Generated 4 VCC(s), 4 remaining after simplification (164 assignments)
No solver specified; defaulting to Boolector
Encoding remaining VCC(s) using bit-vector/floating-point arithmetic
Encoding to solver time: 0.006s
Solving with solver Boolector 3.2.2
Encoding to solver time: 0.006s
Runtime decision procedure: 0.001s
BMC program time: 0.052s
*** Thread interleavings 20 ***
Symex completed in: 0.035s (328 assignments)
Slicing time: 0.001s (removed 188 assignments)
Generated 0 VCC(s), 0 remaining after simplification (140 assignments)
BMC program time: 0.037s
*** Thread interleavings 21 ***
Symex completed in: 0.038s (333 assignments)
Slicing time: 0.001s (removed 168 assignments)
Generated 4 VCC(s), 4 remaining after simplification (165 assignments)
No solver specified; defaulting to Boolector
Encoding remaining VCC(s) using bit-vector/floating-point arithmetic
Encoding to solver time: 0.006s
Solving with solver Boolector 3.2.2
Encoding to solver time: 0.006s
Runtime decision procedure: 0.001s
BMC program time: 0.051s
*** Thread interleavings 22 ***
Symex completed in: 0.033s (329 assignments)
Slicing time: 0.002s (removed 182 assignments)
Generated 0 VCC(s), 0 remaining after simplification (147 assignments)
BMC program time: 0.035s
*** Thread interleavings 23 ***
Symex completed in: 0.035s (334 assignments)
Slicing time: 0.001s (removed 168 assignments)
Generated 4 VCC(s), 4 remaining after simplification (166 assignments)
No solver specified; defaulting to Boolector
Encoding remaining VCC(s) using bit-vector/floating-point arithmetic
Encoding to solver time: 0.006s
Solving with solver Boolector 3.2.2
Encoding to solver time: 0.006s
Runtime decision procedure: 0.001s
BMC program time: 0.048s
*** Thread interleavings 24 ***
Symex completed in: 0.032s (330 assignments)
Slicing time: 0.002s (removed 182 assignments)
Generated 0 VCC(s), 0 remaining after simplification (148 assignments)
BMC program time: 0.035s
*** Thread interleavings 25 ***
Symex completed in: 0.036s (335 assignments)
Slicing time: 0.002s (removed 168 assignments)
Generated 4 VCC(s), 4 remaining after simplification (167 assignments)
No solver specified; defaulting to Boolector
Encoding remaining VCC(s) using bit-vector/floating-point arithmetic
Encoding to solver time: 0.006s
Solving with solver Boolector 3.2.2
Encoding to solver time: 0.006s
Runtime decision procedure: 0.001s
BMC program time: 0.048s
*** Thread interleavings 26 ***
Symex completed in: 0.027s (331 assignments)
Slicing time: 0.001s (removed 168 assignments)
Generated 0 VCC(s), 0 remaining after simplification (163 assignments)
BMC program time: 0.029s
*** Thread interleavings 27 ***
Symex completed in: 0.029s (339 assignments)
Slicing time: 0.001s (removed 171 assignments)
Generated 4 VCC(s), 4 remaining after simplification (168 assignments)
No solver specified; defaulting to Boolector
Encoding remaining VCC(s) using bit-vector/floating-point arithmetic
Encoding to solver time: 0.006s
Solving with solver Boolector 3.2.2
Encoding to solver time: 0.006s
Runtime decision procedure: 0.001s
BMC program time: 0.040s
*** Thread interleavings 28 ***
Symex completed in: 0.030s (339 assignments)
Slicing time: 0.002s (removed 145 assignments)
Generated 4 VCC(s), 4 remaining after simplification (194 assignments)
No solver specified; defaulting to Boolector
Encoding remaining VCC(s) using bit-vector/floating-point arithmetic
Encoding to solver time: 0.007s
Solving with solver Boolector 3.2.2
Encoding to solver time: 0.007s
Runtime decision procedure: 0.001s
BMC program time: 0.043s
*** Thread interleavings 29 ***
Symex completed in: 0.032s (339 assignments)
Slicing time: 0.003s (removed 145 assignments)
Generated 4 VCC(s), 4 remaining after simplification (194 assignments)
No solver specified; defaulting to Boolector
Encoding remaining VCC(s) using bit-vector/floating-point arithmetic
Encoding to solver time: 0.007s
Solving with solver Boolector 3.2.2
Encoding to solver time: 0.007s
Runtime decision procedure: 0.002s
BMC program time: 0.046s
*** Thread interleavings 30 ***
Symex completed in: 0.007s (339 assignments)
Slicing time: 0.002s (removed 145 assignments)
Generated 4 VCC(s), 4 remaining after simplification (194 assignments)
No solver specified; defaulting to Boolector
Encoding remaining VCC(s) using bit-vector/floating-point arithmetic
Encoding to solver time: 0.007s
Solving with solver Boolector 3.2.2
Encoding to solver time: 0.007s
Runtime decision procedure: 0.001s
BMC program time: 0.018s
*** Thread interleavings 31 ***
Symex completed in: 0.037s (338 assignments)
Slicing time: 0.002s (removed 159 assignments)
Generated 4 VCC(s), 4 remaining after simplification (179 assignments)
No solver specified; defaulting to Boolector
Encoding remaining VCC(s) using bit-vector/floating-point arithmetic
Encoding to solver time: 0.007s
Solving with solver Boolector 3.2.2
Encoding to solver time: 0.007s
Runtime decision procedure: 0.002s
BMC program time: 0.050s
*** Thread interleavings 32 ***
Symex completed in: 0.013s (338 assignments)
Slicing time: 0.003s (removed 145 assignments)
Generated 4 VCC(s), 4 remaining after simplification (193 assignments)
No solver specified; defaulting to Boolector
Encoding remaining VCC(s) using bit-vector/floating-point arithmetic
Encoding to solver time: 0.007s
Solving with solver Boolector 3.2.2
Encoding to solver time: 0.007s
Runtime decision procedure: 0.001s
BMC program time: 0.025s
*** Thread interleavings 33 ***
Symex completed in: 0.038s (337 assignments)
Slicing time: 0.002s (removed 159 assignments)
Generated 4 VCC(s), 4 remaining after simplification (178 assignments)
No solver specified; defaulting to Boolector
Encoding remaining VCC(s) using bit-vector/floating-point arithmetic
Encoding to solver time: 0.007s
Solving with solver Boolector 3.2.2
Encoding to solver time: 0.007s
Runtime decision procedure: 0.001s
BMC program time: 0.051s
*** Thread interleavings 34 ***
Symex completed in: 0.015s (337 assignments)
Slicing time: 0.002s (removed 145 assignments)
Generated 4 VCC(s), 4 remaining after simplification (192 assignments)
No solver specified; defaulting to Boolector
Encoding remaining VCC(s) using bit-vector/floating-point arithmetic
Encoding to solver time: 0.006s
Solving with solver Boolector 3.2.2
Encoding to solver time: 0.006s
Runtime decision procedure: 0.001s
BMC program time: 0.026s
*** Thread interleavings 35 ***
Symex completed in: 0.041s (336 assignments)
Slicing time: 0.002s (removed 165 assignments)
Generated 4 VCC(s), 4 remaining after simplification (171 assignments)
No solver specified; defaulting to Boolector
Encoding remaining VCC(s) using bit-vector/floating-point arithmetic
Encoding to solver time: 0.007s
Solving with solver Boolector 3.2.2
Encoding to solver time: 0.007s
Runtime decision procedure: 0.001s
BMC program time: 0.054s
*** Thread interleavings 36 ***
Symex completed in: 0.017s (336 assignments)
Slicing time: 0.002s (removed 145 assignments)
Generated 4 VCC(s), 4 remaining after simplification (191 assignments)
No solver specified; defaulting to Boolector
Encoding remaining VCC(s) using bit-vector/floating-point arithmetic
Encoding to solver time: 0.006s
Solving with solver Boolector 3.2.2
Encoding to solver time: 0.006s
Runtime decision procedure: 0.001s
BMC program time: 0.029s
*** Thread interleavings 37 ***
Symex completed in: 0.040s (335 assignments)
Slicing time: 0.002s (removed 165 assignments)
Generated 4 VCC(s), 4 remaining after simplification (170 assignments)
No solver specified; defaulting to Boolector
Encoding remaining VCC(s) using bit-vector/floating-point arithmetic
Encoding to solver time: 0.007s
Solving with solver Boolector 3.2.2
Encoding to solver time: 0.007s
Runtime decision procedure: 0.001s
BMC program time: 0.054s
*** Thread interleavings 38 ***
Symex completed in: 0.018s (335 assignments)
Slicing time: 0.002s (removed 145 assignments)
Generated 4 VCC(s), 4 remaining after simplification (190 assignments)
No solver specified; defaulting to Boolector
Encoding remaining VCC(s) using bit-vector/floating-point arithmetic
Encoding to solver time: 0.007s
Solving with solver Boolector 3.2.2
Encoding to solver time: 0.007s
Runtime decision procedure: 0.001s
BMC program time: 0.030s
*** Thread interleavings 39 ***
Symex completed in: 0.049s (334 assignments)
Slicing time: 0.002s (removed 171 assignments)
Generated 4 VCC(s), 4 remaining after simplification (163 assignments)
No solver specified; defaulting to Boolector
Encoding remaining VCC(s) using bit-vector/floating-point arithmetic
Encoding to solver time: 0.007s
Solving with solver Boolector 3.2.2
Encoding to solver time: 0.007s
Runtime decision procedure: 0.002s
BMC program time: 0.064s
*** Thread interleavings 40 ***
Symex completed in: 0.031s (334 assignments)
Slicing time: 0.003s (removed 145 assignments)
Generated 4 VCC(s), 4 remaining after simplification (189 assignments)
No solver specified; defaulting to Boolector
Encoding remaining VCC(s) using bit-vector/floating-point arithmetic
Encoding to solver time: 0.008s
Solving with solver Boolector 3.2.2
Encoding to solver time: 0.008s
Runtime decision procedure: 0.001s
BMC program time: 0.044s
*** Thread interleavings 41 ***
Symex completed in: 0.049s (330 assignments)
Slicing time: 0.001s (removed 168 assignments)
Generated 4 VCC(s), 4 remaining after simplification (162 assignments)
No solver specified; defaulting to Boolector
Encoding remaining VCC(s) using bit-vector/floating-point arithmetic
Encoding to solver time: 0.007s
Solving with solver Boolector 3.2.2
Encoding to solver time: 0.007s
Runtime decision procedure: 0.001s
BMC program time: 0.063s
*** Thread interleavings 42 ***
Symex completed in: 0.051s (326 assignments)
Slicing time: 0.002s (removed 168 assignments)
Generated 0 VCC(s), 0 remaining after simplification (158 assignments)
BMC program time: 0.055s
*** Thread interleavings 43 ***
Symex completed in: 0.051s (334 assignments)
Slicing time: 0.001s (removed 171 assignments)
Generated 4 VCC(s), 4 remaining after simplification (163 assignments)
No solver specified; defaulting to Boolector
Encoding remaining VCC(s) using bit-vector/floating-point arithmetic
Encoding to solver time: 0.007s
Solving with solver Boolector 3.2.2
Encoding to solver time: 0.007s
Runtime decision procedure: 0.001s
BMC program time: 0.066s
*** Thread interleavings 44 ***
Symex completed in: 0.032s (334 assignments)
Slicing time: 0.004s (removed 145 assignments)
Generated 4 VCC(s), 4 remaining after simplification (189 assignments)
No solver specified; defaulting to Boolector
Encoding remaining VCC(s) using bit-vector/floating-point arithmetic
Encoding to solver time: 0.012s
Solving with solver Boolector 3.2.2
Encoding to solver time: 0.012s
Runtime decision procedure: 0.002s
BMC program time: 0.053s
*** Thread interleavings 45 ***
Symex completed in: 0.080s (331 assignments)
Slicing time: 0.002s (removed 188 assignments)
Generated 4 VCC(s), 4 remaining after simplification (143 assignments)
No solver specified; defaulting to Boolector
Encoding remaining VCC(s) using bit-vector/floating-point arithmetic
Encoding to solver time: 0.006s
Solving with solver Boolector 3.2.2
Encoding to solver time: 0.006s
Runtime decision procedure: 0.001s
BMC program time: 0.093s
*** Thread interleavings 46 ***
Symex completed in: 0.037s (327 assignments)
Slicing time: 0.002s (removed 168 assignments)
Generated 0 VCC(s), 0 remaining after simplification (159 assignments)
BMC program time: 0.039s
*** Thread interleavings 47 ***
Symex completed in: 0.041s (335 assignments)
Slicing time: 0.002s (removed 165 assignments)
Generated 4 VCC(s), 4 remaining after simplification (170 assignments)
No solver specified; defaulting to Boolector
Encoding remaining VCC(s) using bit-vector/floating-point arithmetic
Encoding to solver time: 0.006s
Solving with solver Boolector 3.2.2
Encoding to solver time: 0.006s
Runtime decision procedure: 0.001s
BMC program time: 0.055s
*** Thread interleavings 48 ***
Symex completed in: 0.018s (335 assignments)
Slicing time: 0.002s (removed 145 assignments)
Generated 4 VCC(s), 4 remaining after simplification (190 assignments)
No solver specified; defaulting to Boolector
Encoding remaining VCC(s) using bit-vector/floating-point arithmetic
Encoding to solver time: 0.007s
Solving with solver Boolector 3.2.2
Encoding to solver time: 0.007s
Runtime decision procedure: 0.001s
BMC program time: 0.030s
*** Thread interleavings 49 ***
Symex completed in: 0.038s (332 assignments)
Slicing time: 0.002s (removed 188 assignments)
Generated 4 VCC(s), 4 remaining after simplification (144 assignments)
No solver specified; defaulting to Boolector
Encoding remaining VCC(s) using bit-vector/floating-point arithmetic
Encoding to solver time: 0.005s
Solving with solver Boolector 3.2.2
Encoding to solver time: 0.005s
Runtime decision procedure: 0.001s
BMC program time: 0.048s
*** Thread interleavings 50 ***
Symex completed in: 0.036s (328 assignments)
Slicing time: 0.002s (removed 168 assignments)
Generated 0 VCC(s), 0 remaining after simplification (160 assignments)
BMC program time: 0.039s
*** Thread interleavings 51 ***
Symex completed in: 0.040s (336 assignments)
Slicing time: 0.002s (removed 165 assignments)
Generated 4 VCC(s), 4 remaining after simplification (171 assignments)
No solver specified; defaulting to Boolector
Encoding remaining VCC(s) using bit-vector/floating-point arithmetic
Encoding to solver time: 0.006s
Solving with solver Boolector 3.2.2
Encoding to solver time: 0.006s
Runtime decision procedure: 0.002s
BMC program time: 0.054s
*** Thread interleavings 52 ***
Symex completed in: 0.017s (336 assignments)
Slicing time: 0.002s (removed 145 assignments)
Generated 4 VCC(s), 4 remaining after simplification (191 assignments)
No solver specified; defaulting to Boolector
Encoding remaining VCC(s) using bit-vector/floating-point arithmetic
Encoding to solver time: 0.007s
Solving with solver Boolector 3.2.2
Encoding to solver time: 0.007s
Runtime decision procedure: 0.001s
BMC program time: 0.029s
*** Thread interleavings 53 ***
Symex completed in: 0.038s (333 assignments)
Slicing time: 0.001s (removed 182 assignments)
Generated 4 VCC(s), 4 remaining after simplification (151 assignments)
No solver specified; defaulting to Boolector
Encoding remaining VCC(s) using bit-vector/floating-point arithmetic
Encoding to solver time: 0.006s
Solving with solver Boolector 3.2.2
Encoding to solver time: 0.006s
Runtime decision procedure: 0.001s
BMC program time: 0.050s
*** Thread interleavings 54 ***
Symex completed in: 0.033s (329 assignments)
Slicing time: 0.002s (removed 168 assignments)
Generated 0 VCC(s), 0 remaining after simplification (161 assignments)
BMC program time: 0.035s
*** Thread interleavings 55 ***
Symex completed in: 0.037s (337 assignments)
Slicing time: 0.002s (removed 159 assignments)
Generated 4 VCC(s), 4 remaining after simplification (178 assignments)
No solver specified; defaulting to Boolector
Encoding remaining VCC(s) using bit-vector/floating-point arithmetic
Encoding to solver time: 0.006s
Solving with solver Boolector 3.2.2
Encoding to solver time: 0.006s
Runtime decision procedure: 0.002s
BMC program time: 0.051s
*** Thread interleavings 56 ***
Symex completed in: 0.014s (337 assignments)
Slicing time: 0.002s (removed 145 assignments)
Generated 4 VCC(s), 4 remaining after simplification (192 assignments)
No solver specified; defaulting to Boolector
Encoding remaining VCC(s) using bit-vector/floating-point arithmetic
Encoding to solver time: 0.006s
Solving with solver Boolector 3.2.2
Encoding to solver time: 0.006s
Runtime decision procedure: 0.002s
BMC program time: 0.026s
*** Thread interleavings 57 ***
Symex completed in: 0.036s (334 assignments)
Slicing time: 0.001s (removed 182 assignments)
Generated 4 VCC(s), 4 remaining after simplification (152 assignments)
No solver specified; defaulting to Boolector
Encoding remaining VCC(s) using bit-vector/floating-point arithmetic
Encoding to solver time: 0.005s
Solving with solver Boolector 3.2.2
Encoding to solver time: 0.005s
Runtime decision procedure: 0.001s
BMC program time: 0.047s
*** Thread interleavings 58 ***
Symex completed in: 0.033s (330 assignments)
Slicing time: 0.001s (removed 168 assignments)
Generated 0 VCC(s), 0 remaining after simplification (162 assignments)
BMC program time: 0.035s
*** Thread interleavings 59 ***
Symex completed in: 0.037s (338 assignments)
Slicing time: 0.002s (removed 159 assignments)
Generated 4 VCC(s), 4 remaining after simplification (179 assignments)
No solver specified; defaulting to Boolector
Encoding remaining VCC(s) using bit-vector/floating-point arithmetic
Encoding to solver time: 0.007s
Solving with solver Boolector 3.2.2
Encoding to solver time: 0.007s
Runtime decision procedure: 0.001s
BMC program time: 0.050s
*** Thread interleavings 60 ***
Symex completed in: 0.014s (338 assignments)
Slicing time: 0.002s (removed 145 assignments)
Generated 4 VCC(s), 4 remaining after simplification (193 assignments)
No solver specified; defaulting to Boolector
Encoding remaining VCC(s) using bit-vector/floating-point arithmetic
Encoding to solver time: 0.006s
Solving with solver Boolector 3.2.2
Encoding to solver time: 0.006s
Runtime decision procedure: 0.001s
BMC program time: 0.026s
*** Thread interleavings 61 ***
Symex completed in: 0.038s (335 assignments)
Slicing time: 0.002s (removed 168 assignments)
Generated 4 VCC(s), 4 remaining after simplification (167 assignments)
No solver specified; defaulting to Boolector
Encoding remaining VCC(s) using bit-vector/floating-point arithmetic
Encoding to solver time: 0.007s
Solving with solver Boolector 3.2.2
Encoding to solver time: 0.007s
Runtime decision procedure: 0.001s
BMC program time: 0.050s
*** Thread interleavings 62 ***
Symex completed in: 0.025s (331 assignments)
Slicing time: 0.001s (removed 168 assignments)
Generated 0 VCC(s), 0 remaining after simplification (163 assignments)
BMC program time: 0.027s
*** Thread interleavings 63 ***
Symex completed in: 0.033s (339 assignments)
Slicing time: 0.002s (removed 145 assignments)
Generated 4 VCC(s), 4 remaining after simplification (194 assignments)
No solver specified; defaulting to Boolector
Encoding remaining VCC(s) using bit-vector/floating-point arithmetic
Encoding to solver time: 0.008s
Solving with solver Boolector 3.2.2
Encoding to solver time: 0.008s
Runtime decision procedure: 0.001s
BMC program time: 0.047s
*** Thread interleavings 64 ***
Symex completed in: 0.007s (339 assignments)
Slicing time: 0.002s (removed 145 assignments)
Generated 4 VCC(s), 4 remaining after simplification (194 assignments)
No solver specified; defaulting to Boolector
Encoding remaining VCC(s) using bit-vector/floating-point arithmetic
Encoding to solver time: 0.006s
Solving with solver Boolector 3.2.2
Encoding to solver time: 0.006s
Runtime decision procedure: 0.002s
BMC program time: 0.019s
*** Thread interleavings 65 ***
Symex completed in: 0.049s (339 assignments)
Slicing time: 0.004s (removed 171 assignments)
Generated 4 VCC(s), 4 remaining after simplification (168 assignments)
No solver specified; defaulting to Boolector
Encoding remaining VCC(s) using bit-vector/floating-point arithmetic
Encoding to solver time: 0.009s
Solving with solver Boolector 3.2.2
Encoding to solver time: 0.009s
Runtime decision procedure: 0.002s
BMC program time: 0.067s
*** Thread interleavings 66 ***
Symex completed in: 0.050s (339 assignments)
Slicing time: 0.004s (removed 145 assignments)
Generated 4 VCC(s), 4 remaining after simplification (194 assignments)
No solver specified; defaulting to Boolector
Encoding remaining VCC(s) using bit-vector/floating-point arithmetic
Encoding to solver time: 0.012s
Solving with solver Boolector 3.2.2
Encoding to solver time: 0.012s
Runtime decision procedure: 0.002s
BMC program time: 0.071s
*** Thread interleavings 67 ***
Symex completed in: 0.087s (329 assignments)
Slicing time: 0.003s (removed 168 assignments)
Generated 4 VCC(s), 4 remaining after simplification (161 assignments)
No solver specified; defaulting to Boolector
Encoding remaining VCC(s) using bit-vector/floating-point arithmetic
Encoding to solver time: 0.011s
Solving with solver Boolector 3.2.2
Encoding to solver time: 0.011s
Runtime decision procedure: 0.002s
BMC program time: 0.109s
*** Thread interleavings 68 ***
Symex completed in: 0.076s (325 assignments)
Slicing time: 0.002s (removed 168 assignments)
Generated 0 VCC(s), 0 remaining after simplification (157 assignments)
BMC program time: 0.079s
*** Thread interleavings 69 ***
Symex completed in: 0.056s (330 assignments)
Slicing time: 0.002s (removed 168 assignments)
Generated 4 VCC(s), 4 remaining after simplification (162 assignments)
No solver specified; defaulting to Boolector
Encoding remaining VCC(s) using bit-vector/floating-point arithmetic
Encoding to solver time: 0.007s
Solving with solver Boolector 3.2.2
Encoding to solver time: 0.007s
Runtime decision procedure: 0.001s
BMC program time: 0.072s
*** Thread interleavings 70 ***
Symex completed in: 0.037s (326 assignments)
Slicing time: 0.001s (removed 188 assignments)
Generated 0 VCC(s), 0 remaining after simplification (138 assignments)
BMC program time: 0.039s
*** Thread interleavings 71 ***
Symex completed in: 0.040s (331 assignments)
Slicing time: 0.002s (removed 168 assignments)
Generated 4 VCC(s), 4 remaining after simplification (163 assignments)
No solver specified; defaulting to Boolector
Encoding remaining VCC(s) using bit-vector/floating-point arithmetic
Encoding to solver time: 0.006s
Solving with solver Boolector 3.2.2
Encoding to solver time: 0.006s
Runtime decision procedure: 0.002s
BMC program time: 0.054s
*** Thread interleavings 72 ***
Symex completed in: 0.037s (327 assignments)
Slicing time: 0.002s (removed 188 assignments)
Generated 0 VCC(s), 0 remaining after simplification (139 assignments)
BMC program time: 0.039s
*** Thread interleavings 73 ***
Symex completed in: 0.039s (332 assignments)
Slicing time: 0.002s (removed 168 assignments)
Generated 4 VCC(s), 4 remaining after simplification (164 assignments)
No solver specified; defaulting to Boolector
Encoding remaining VCC(s) using bit-vector/floating-point arithmetic
Encoding to solver time: 0.007s
Solving with solver Boolector 3.2.2
Encoding to solver time: 0.007s
Runtime decision procedure: 0.001s
BMC program time: 0.054s
*** Thread interleavings 74 ***
Symex completed in: 0.035s (328 assignments)
Slicing time: 0.001s (removed 182 assignments)
Generated 0 VCC(s), 0 remaining after simplification (146 assignments)
BMC program time: 0.037s
*** Thread interleavings 75 ***
Symex completed in: 0.036s (333 assignments)
Slicing time: 0.002s (removed 168 assignments)
Generated 4 VCC(s), 4 remaining after simplification (165 assignments)
No solver specified; defaulting to Boolector
Encoding remaining VCC(s) using bit-vector/floating-point arithmetic
Encoding to solver time: 0.006s
Solving with solver Boolector 3.2.2
Encoding to solver time: 0.006s
Runtime decision procedure: 0.002s
BMC program time: 0.050s
*** Thread interleavings 76 ***
Symex completed in: 0.033s (329 assignments)
Slicing time: 0.001s (removed 182 assignments)
Generated 0 VCC(s), 0 remaining after simplification (147 assignments)
BMC program time: 0.035s
*** Thread interleavings 77 ***
Symex completed in: 0.042s (334 assignments)
Slicing time: 0.002s (removed 168 assignments)
Generated 4 VCC(s), 4 remaining after simplification (166 assignments)
No solver specified; defaulting to Boolector
Encoding remaining VCC(s) using bit-vector/floating-point arithmetic
Encoding to solver time: 0.007s
Solving with solver Boolector 3.2.2
Encoding to solver time: 0.007s
Runtime decision procedure: 0.001s
BMC program time: 0.056s
*** Thread interleavings 78 ***
Symex completed in: 0.028s (330 assignments)
Slicing time: 0.001s (removed 168 assignments)
Generated 0 VCC(s), 0 remaining after simplification (162 assignments)
BMC program time: 0.030s
*** Thread interleavings 79 ***
Symex completed in: 0.031s (338 assignments)
Slicing time: 0.002s (removed 170 assignments)
Generated 4 VCC(s), 4 remaining after simplification (168 assignments)
No solver specified; defaulting to Boolector
Encoding remaining VCC(s) using bit-vector/floating-point arithmetic
Encoding to solver time: 0.006s
Solving with solver Boolector 3.2.2
Encoding to solver time: 0.006s
Runtime decision procedure: 0.001s
BMC program time: 0.043s
*** Thread interleavings 80 ***
Symex completed in: 0.032s (338 assignments)
Slicing time: 0.003s (removed 143 assignments)
Generated 4 VCC(s), 4 remaining after simplification (195 assignments)
No solver specified; defaulting to Boolector
Encoding remaining VCC(s) using bit-vector/floating-point arithmetic
Encoding to solver time: 0.007s
Solving with solver Boolector 3.2.2
Encoding to solver time: 0.007s
Runtime decision procedure: 0.001s
BMC program time: 0.045s
*** Thread interleavings 81 ***
Symex completed in: 0.039s (338 assignments)
Slicing time: 0.002s (removed 144 assignments)
Generated 4 VCC(s), 4 remaining after simplification (194 assignments)
No solver specified; defaulting to Boolector
Encoding remaining VCC(s) using bit-vector/floating-point arithmetic
Encoding to solver time: 0.008s
Solving with solver Boolector 3.2.2
Encoding to solver time: 0.008s
Runtime decision procedure: 0.002s
BMC program time: 0.055s
*** Thread interleavings 82 ***
Symex completed in: 0.009s (338 assignments)
Slicing time: 0.002s (removed 143 assignments)
Generated 4 VCC(s), 4 remaining after simplification (195 assignments)
No solver specified; defaulting to Boolector
Encoding remaining VCC(s) using bit-vector/floating-point arithmetic
Encoding to solver time: 0.007s
Solving with solver Boolector 3.2.2
Encoding to solver time: 0.007s
Runtime decision procedure: 0.001s
BMC program time: 0.020s
*** Thread interleavings 83 ***
Symex completed in: 0.038s (337 assignments)
Slicing time: 0.002s (removed 158 assignments)
Generated 4 VCC(s), 4 remaining after simplification (179 assignments)
No solver specified; defaulting to Boolector
Encoding remaining VCC(s) using bit-vector/floating-point arithmetic
Encoding to solver time: 0.007s
Solving with solver Boolector 3.2.2
Encoding to solver time: 0.007s
Runtime decision procedure: 0.001s
BMC program time: 0.051s
*** Thread interleavings 84 ***
Symex completed in: 0.014s (337 assignments)
Slicing time: 0.002s (removed 143 assignments)
Generated 4 VCC(s), 4 remaining after simplification (194 assignments)
No solver specified; defaulting to Boolector
Encoding remaining VCC(s) using bit-vector/floating-point arithmetic
Encoding to solver time: 0.006s
Solving with solver Boolector 3.2.2
Encoding to solver time: 0.006s
Runtime decision procedure: 0.002s
BMC program time: 0.026s
*** Thread interleavings 85 ***
Symex completed in: 0.040s (336 assignments)
Slicing time: 0.002s (removed 158 assignments)
Generated 4 VCC(s), 4 remaining after simplification (178 assignments)
No solver specified; defaulting to Boolector
Encoding remaining VCC(s) using bit-vector/floating-point arithmetic
Encoding to solver time: 0.007s
Solving with solver Boolector 3.2.2
Encoding to solver time: 0.007s
Runtime decision procedure: 0.001s
BMC program time: 0.053s
*** Thread interleavings 86 ***
Symex completed in: 0.017s (336 assignments)
Slicing time: 0.002s (removed 143 assignments)
Generated 4 VCC(s), 4 remaining after simplification (193 assignments)
No solver specified; defaulting to Boolector
Encoding remaining VCC(s) using bit-vector/floating-point arithmetic
Encoding to solver time: 0.007s
Solving with solver Boolector 3.2.2
Encoding to solver time: 0.007s
Runtime decision procedure: 0.001s
BMC program time: 0.029s
*** Thread interleavings 87 ***
Symex completed in: 0.042s (335 assignments)
Slicing time: 0.002s (removed 164 assignments)
Generated 4 VCC(s), 4 remaining after simplification (171 assignments)
No solver specified; defaulting to Boolector
Encoding remaining VCC(s) using bit-vector/floating-point arithmetic
Encoding to solver time: 0.007s
Solving with solver Boolector 3.2.2
Encoding to solver time: 0.007s
Runtime decision procedure: 0.001s
BMC program time: 0.056s
*** Thread interleavings 88 ***
Symex completed in: 0.019s (335 assignments)
Slicing time: 0.003s (removed 143 assignments)
Generated 4 VCC(s), 4 remaining after simplification (192 assignments)
No solver specified; defaulting to Boolector
Encoding remaining VCC(s) using bit-vector/floating-point arithmetic
Encoding to solver time: 0.007s
Solving with solver Boolector 3.2.2
Encoding to solver time: 0.007s
Runtime decision procedure: 0.002s
BMC program time: 0.032s
*** Thread interleavings 89 ***
Symex completed in: 0.043s (334 assignments)
Slicing time: 0.002s (removed 164 assignments)
Generated 4 VCC(s), 4 remaining after simplification (170 assignments)
No solver specified; defaulting to Boolector
Encoding remaining VCC(s) using bit-vector/floating-point arithmetic
Encoding to solver time: 0.007s
Solving with solver Boolector 3.2.2
Encoding to solver time: 0.007s
Runtime decision procedure: 0.001s
BMC program time: 0.056s
*** Thread interleavings 90 ***
Symex completed in: 0.020s (334 assignments)
Slicing time: 0.003s (removed 143 assignments)
Generated 4 VCC(s), 4 remaining after simplification (191 assignments)
No solver specified; defaulting to Boolector
Encoding remaining VCC(s) using bit-vector/floating-point arithmetic
Encoding to solver time: 0.007s
Solving with solver Boolector 3.2.2
Encoding to solver time: 0.007s
Runtime decision procedure: 0.001s
BMC program time: 0.032s
*** Thread interleavings 91 ***
Symex completed in: 0.051s (333 assignments)
Slicing time: 0.001s (removed 170 assignments)
Generated 4 VCC(s), 4 remaining after simplification (163 assignments)
No solver specified; defaulting to Boolector
Encoding remaining VCC(s) using bit-vector/floating-point arithmetic
Encoding to solver time: 0.007s
Solving with solver Boolector 3.2.2
Encoding to solver time: 0.007s
Runtime decision procedure: 0.002s
BMC program time: 0.066s
*** Thread interleavings 92 ***
Symex completed in: 0.033s (333 assignments)
Slicing time: 0.003s (removed 143 assignments)
Generated 4 VCC(s), 4 remaining after simplification (190 assignments)
No solver specified; defaulting to Boolector
Encoding remaining VCC(s) using bit-vector/floating-point arithmetic
Encoding to solver time: 0.007s
Solving with solver Boolector 3.2.2
Encoding to solver time: 0.007s
Runtime decision procedure: 0.001s
BMC program time: 0.046s
*** Thread interleavings 93 ***
Symex completed in: 0.050s (329 assignments)
Slicing time: 0.001s (removed 168 assignments)
Generated 4 VCC(s), 4 remaining after simplification (161 assignments)
No solver specified; defaulting to Boolector
Encoding remaining VCC(s) using bit-vector/floating-point arithmetic
Encoding to solver time: 0.008s
Solving with solver Boolector 3.2.2
Encoding to solver time: 0.008s
Runtime decision procedure: 0.001s
BMC program time: 0.065s
*** Thread interleavings 94 ***
Symex completed in: 0.048s (325 assignments)
Slicing time: 0.002s (removed 168 assignments)
Generated 0 VCC(s), 0 remaining after simplification (157 assignments)
BMC program time: 0.051s
*** Thread interleavings 95 ***
Symex completed in: 0.051s (333 assignments)
Slicing time: 0.002s (removed 170 assignments)
Generated 4 VCC(s), 4 remaining after simplification (163 assignments)
No solver specified; defaulting to Boolector
Encoding remaining VCC(s) using bit-vector/floating-point arithmetic
Encoding to solver time: 0.007s
Solving with solver Boolector 3.2.2
Encoding to solver time: 0.007s
Runtime decision procedure: 0.001s
BMC program time: 0.067s
*** Thread interleavings 96 ***
Symex completed in: 0.035s (333 assignments)
Slicing time: 0.002s (removed 143 assignments)
Generated 4 VCC(s), 4 remaining after simplification (190 assignments)
No solver specified; defaulting to Boolector
Encoding remaining VCC(s) using bit-vector/floating-point arithmetic
Encoding to solver time: 0.008s
Solving with solver Boolector 3.2.2
Encoding to solver time: 0.008s
Runtime decision procedure: 0.002s
BMC program time: 0.049s
*** Thread interleavings 97 ***
Symex completed in: 0.051s (330 assignments)
Slicing time: 0.002s (removed 188 assignments)
Generated 4 VCC(s), 4 remaining after simplification (142 assignments)
No solver specified; defaulting to Boolector
Encoding remaining VCC(s) using bit-vector/floating-point arithmetic
Encoding to solver time: 0.007s
Solving with solver Boolector 3.2.2
Encoding to solver time: 0.007s
Runtime decision procedure: 0.001s
BMC program time: 0.064s
*** Thread interleavings 98 ***
Symex completed in: 0.037s (326 assignments)
Slicing time: 0.002s (removed 168 assignments)
Generated 0 VCC(s), 0 remaining after simplification (158 assignments)
BMC program time: 0.040s
*** Thread interleavings 99 ***
Symex completed in: 0.042s (334 assignments)
Slicing time: 0.002s (removed 164 assignments)
Generated 4 VCC(s), 4 remaining after simplification (170 assignments)
No solver specified; defaulting to Boolector
Encoding remaining VCC(s) using bit-vector/floating-point arithmetic
Encoding to solver time: 0.007s
Solving with solver Boolector 3.2.2
Encoding to solver time: 0.007s
Runtime decision procedure: 0.001s
BMC program time: 0.056s
*** Thread interleavings 100 ***
Symex completed in: 0.021s (334 assignments)
Slicing time: 0.002s (removed 143 assignments)
Generated 4 VCC(s), 4 remaining after simplification (191 assignments)
No solver specified; defaulting to Boolector
Encoding remaining VCC(s) using bit-vector/floating-point arithmetic
Encoding to solver time: 0.007s
Solving with solver Boolector 3.2.2
Encoding to solver time: 0.007s
Runtime decision procedure: 0.001s
BMC program time: 0.033s
*** Thread interleavings 101 ***
Symex completed in: 0.039s (331 assignments)
Slicing time: 0.001s (removed 188 assignments)
Generated 4 VCC(s), 4 remaining after simplification (143 assignments)
No solver specified; defaulting to Boolector
Encoding remaining VCC(s) using bit-vector/floating-point arithmetic
Encoding to solver time: 0.006s
Solving with solver Boolector 3.2.2
Encoding to solver time: 0.006s
Runtime decision procedure: 0.001s
BMC program time: 0.051s
*** Thread interleavings 102 ***
Symex completed in: 0.036s (327 assignments)
Slicing time: 0.002s (removed 168 assignments)
Generated 0 VCC(s), 0 remaining after simplification (159 assignments)
BMC program time: 0.039s
*** Thread interleavings 103 ***
Symex completed in: 0.041s (335 assignments)
Slicing time: 0.001s (removed 164 assignments)
Generated 4 VCC(s), 4 remaining after simplification (171 assignments)
No solver specified; defaulting to Boolector
Encoding remaining VCC(s) using bit-vector/floating-point arithmetic
Encoding to solver time: 0.007s
Solving with solver Boolector 3.2.2
Encoding to solver time: 0.007s
Runtime decision procedure: 0.001s
BMC program time: 0.055s
*** Thread interleavings 104 ***
Symex completed in: 0.019s (335 assignments)
Slicing time: 0.002s (removed 143 assignments)
Generated 4 VCC(s), 4 remaining after simplification (192 assignments)
No solver specified; defaulting to Boolector
Encoding remaining VCC(s) using bit-vector/floating-point arithmetic
Encoding to solver time: 0.006s
Solving with solver Boolector 3.2.2
Encoding to solver time: 0.006s
Runtime decision procedure: 0.002s
BMC program time: 0.032s
*** Thread interleavings 105 ***
Symex completed in: 0.040s (332 assignments)
Slicing time: 0.001s (removed 182 assignments)
Generated 4 VCC(s), 4 remaining after simplification (150 assignments)
No solver specified; defaulting to Boolector
Encoding remaining VCC(s) using bit-vector/floating-point arithmetic
Encoding to solver time: 0.006s
Solving with solver Boolector 3.2.2
Encoding to solver time: 0.006s
Runtime decision procedure: 0.001s
BMC program time: 0.052s
*** Thread interleavings 106 ***
Symex completed in: 0.034s (328 assignments)
Slicing time: 0.001s (removed 168 assignments)
Generated 0 VCC(s), 0 remaining after simplification (160 assignments)
BMC program time: 0.036s
*** Thread interleavings 107 ***
Symex completed in: 0.037s (336 assignments)
Slicing time: 0.002s (removed 158 assignments)
Generated 4 VCC(s), 4 remaining after simplification (178 assignments)
No solver specified; defaulting to Boolector
Encoding remaining VCC(s) using bit-vector/floating-point arithmetic
Encoding to solver time: 0.007s
Solving with solver Boolector 3.2.2
Encoding to solver time: 0.007s
Runtime decision procedure: 0.001s
BMC program time: 0.051s
*** Thread interleavings 108 ***
Symex completed in: 0.015s (336 assignments)
Slicing time: 0.003s (removed 143 assignments)
Generated 4 VCC(s), 4 remaining after simplification (193 assignments)
No solver specified; defaulting to Boolector
Encoding remaining VCC(s) using bit-vector/floating-point arithmetic
Encoding to solver time: 0.007s
Solving with solver Boolector 3.2.2
Encoding to solver time: 0.007s
Runtime decision procedure: 0.001s
BMC program time: 0.027s
*** Thread interleavings 109 ***
Symex completed in: 0.037s (333 assignments)
Slicing time: 0.001s (removed 182 assignments)
Generated 4 VCC(s), 4 remaining after simplification (151 assignments)
No solver specified; defaulting to Boolector
Encoding remaining VCC(s) using bit-vector/floating-point arithmetic
Encoding to solver time: 0.005s
Solving with solver Boolector 3.2.2
Encoding to solver time: 0.005s
Runtime decision procedure: 0.001s
BMC program time: 0.048s
*** Thread interleavings 110 ***
Symex completed in: 0.033s (329 assignments)
Slicing time: 0.002s (removed 168 assignments)
Generated 0 VCC(s), 0 remaining after simplification (161 assignments)
BMC program time: 0.036s
*** Thread interleavings 111 ***
Symex completed in: 0.037s (337 assignments)
Slicing time: 0.002s (removed 158 assignments)
Generated 4 VCC(s), 4 remaining after simplification (179 assignments)
No solver specified; defaulting to Boolector
Encoding remaining VCC(s) using bit-vector/floating-point arithmetic
Encoding to solver time: 0.007s
Solving with solver Boolector 3.2.2
Encoding to solver time: 0.007s
Runtime decision procedure: 0.001s
BMC program time: 0.051s
*** Thread interleavings 112 ***
Symex completed in: 0.015s (337 assignments)
Slicing time: 0.002s (removed 143 assignments)
Generated 4 VCC(s), 4 remaining after simplification (194 assignments)
No solver specified; defaulting to Boolector
Encoding remaining VCC(s) using bit-vector/floating-point arithmetic
Encoding to solver time: 0.007s
Solving with solver Boolector 3.2.2
Encoding to solver time: 0.007s
Runtime decision procedure: 0.001s
BMC program time: 0.027s
*** Thread interleavings 113 ***
Symex completed in: 0.037s (334 assignments)
Slicing time: 0.002s (removed 168 assignments)
Generated 4 VCC(s), 4 remaining after simplification (166 assignments)
No solver specified; defaulting to Boolector
Encoding remaining VCC(s) using bit-vector/floating-point arithmetic
Encoding to solver time: 0.007s
Solving with solver Boolector 3.2.2
Encoding to solver time: 0.007s
Runtime decision procedure: 0.001s
BMC program time: 0.050s
*** Thread interleavings 114 ***
Symex completed in: 0.026s (330 assignments)
Slicing time: 0.002s (removed 168 assignments)
Generated 0 VCC(s), 0 remaining after simplification (162 assignments)
BMC program time: 0.029s
*** Thread interleavings 115 ***
Symex completed in: 0.034s (338 assignments)
Slicing time: 0.002s (removed 144 assignments)
Generated 4 VCC(s), 4 remaining after simplification (194 assignments)
No solver specified; defaulting to Boolector
Encoding remaining VCC(s) using bit-vector/floating-point arithmetic
Encoding to solver time: 0.008s
Solving with solver Boolector 3.2.2
Encoding to solver time: 0.008s
Runtime decision procedure: 0.001s
BMC program time: 0.048s
*** Thread interleavings 116 ***
Symex completed in: 0.008s (338 assignments)
Slicing time: 0.002s (removed 143 assignments)
Generated 4 VCC(s), 4 remaining after simplification (195 assignments)
No solver specified; defaulting to Boolector
Encoding remaining VCC(s) using bit-vector/floating-point arithmetic
Encoding to solver time: 0.007s
Solving with solver Boolector 3.2.2
Encoding to solver time: 0.007s
Runtime decision procedure: 0.001s
BMC program time: 0.020s
*** Thread interleavings 117 ***
Symex completed in: 0.031s (338 assignments)
Slicing time: 0.002s (removed 170 assignments)
Generated 4 VCC(s), 4 remaining after simplification (168 assignments)
No solver specified; defaulting to Boolector
Encoding remaining VCC(s) using bit-vector/floating-point arithmetic
Encoding to solver time: 0.006s
Solving with solver Boolector 3.2.2
Encoding to solver time: 0.006s
Runtime decision procedure: 0.001s
BMC program time: 0.042s
*** Thread interleavings 118 ***
Symex completed in: 0.032s (338 assignments)
Slicing time: 0.003s (removed 143 assignments)
Generated 4 VCC(s), 4 remaining after simplification (195 assignments)
No solver specified; defaulting to Boolector
Encoding remaining VCC(s) using bit-vector/floating-point arithmetic
Encoding to solver time: 0.007s
Solving with solver Boolector 3.2.2
Encoding to solver time: 0.007s
Runtime decision procedure: 0.002s
BMC program time: 0.046s
*** Thread interleavings 119 ***
Symex completed in: 0.053s (328 assignments)
Slicing time: 0.002s (removed 168 assignments)
Generated 4 VCC(s), 4 remaining after simplification (160 assignments)
No solver specified; defaulting to Boolector
Encoding remaining VCC(s) using bit-vector/floating-point arithmetic
Encoding to solver time: 0.007s
Solving with solver Boolector 3.2.2
Encoding to solver time: 0.007s
Runtime decision procedure: 0.001s
BMC program time: 0.067s
*** Thread interleavings 120 ***
Symex completed in: 0.049s (324 assignments)
Slicing time: 0.002s (removed 168 assignments)
Generated 0 VCC(s), 0 remaining after simplification (156 assignments)
BMC program time: 0.052s
*** Thread interleavings 121 ***
Symex completed in: 0.052s (329 assignments)
Slicing time: 0.002s (removed 168 assignments)
Generated 4 VCC(s), 4 remaining after simplification (161 assignments)
No solver specified; defaulting to Boolector
Encoding remaining VCC(s) using bit-vector/floating-point arithmetic
Encoding to solver time: 0.007s
Solving with solver Boolector 3.2.2
Encoding to solver time: 0.007s
Runtime decision procedure: 0.001s
BMC program time: 0.068s
*** Thread interleavings 122 ***
Symex completed in: 0.038s (325 assignments)
Slicing time: 0.001s (removed 188 assignments)
Generated 0 VCC(s), 0 remaining after simplification (137 assignments)
BMC program time: 0.040s
*** Thread interleavings 123 ***
Symex completed in: 0.040s (330 assignments)
Slicing time: 0.002s (removed 168 assignments)
Generated 4 VCC(s), 4 remaining after simplification (162 assignments)
No solver specified; defaulting to Boolector
Encoding remaining VCC(s) using bit-vector/floating-point arithmetic
Encoding to solver time: 0.006s
Solving with solver Boolector 3.2.2
Encoding to solver time: 0.006s
Runtime decision procedure: 0.001s
BMC program time: 0.054s
*** Thread interleavings 124 ***
Symex completed in: 0.037s (326 assignments)
Slicing time: 0.002s (removed 188 assignments)
Generated 0 VCC(s), 0 remaining after simplification (138 assignments)
BMC program time: 0.039s
*** Thread interleavings 125 ***
Symex completed in: 0.040s (331 assignments)
Slicing time: 0.002s (removed 168 assignments)
Generated 4 VCC(s), 4 remaining after simplification (163 assignments)
No solver specified; defaulting to Boolector
Encoding remaining VCC(s) using bit-vector/floating-point arithmetic
Encoding to solver time: 0.007s
Solving with solver Boolector 3.2.2
Encoding to solver time: 0.007s
Runtime decision procedure: 0.001s
BMC program time: 0.054s
*** Thread interleavings 126 ***
Symex completed in: 0.034s (327 assignments)
Slicing time: 0.002s (removed 182 assignments)
Generated 0 VCC(s), 0 remaining after simplification (145 assignments)
BMC program time: 0.036s
*** Thread interleavings 127 ***
Symex completed in: 0.037s (332 assignments)
Slicing time: 0.002s (removed 168 assignments)
Generated 4 VCC(s), 4 remaining after simplification (164 assignments)
No solver specified; defaulting to Boolector
Encoding remaining VCC(s) using bit-vector/floating-point arithmetic
Encoding to solver time: 0.007s
Solving with solver Boolector 3.2.2
Encoding to solver time: 0.007s
Runtime decision procedure: 0.001s
BMC program time: 0.051s
*** Thread interleavings 128 ***
Symex completed in: 0.032s (328 assignments)
Slicing time: 0.002s (removed 182 assignments)
Generated 0 VCC(s), 0 remaining after simplification (146 assignments)
BMC program time: 0.035s
*** Thread interleavings 129 ***
Symex completed in: 0.037s (333 assignments)
Slicing time: 0.001s (removed 168 assignments)
Generated 4 VCC(s), 4 remaining after simplification (165 assignments)
No solver specified; defaulting to Boolector
Encoding remaining VCC(s) using bit-vector/floating-point arithmetic
Encoding to solver time: 0.006s
Solving with solver Boolector 3.2.2
Encoding to solver time: 0.006s
Runtime decision procedure: 0.002s
BMC program time: 0.051s
*** Thread interleavings 130 ***
Symex completed in: 0.027s (329 assignments)
Slicing time: 0.001s (removed 168 assignments)
Generated 0 VCC(s), 0 remaining after simplification (161 assignments)
BMC program time: 0.029s
*** Thread interleavings 131 ***
Symex completed in: 0.030s (337 assignments)
Slicing time: 0.002s (removed 170 assignments)
Generated 4 VCC(s), 4 remaining after simplification (167 assignments)
No solver specified; defaulting to Boolector
Encoding remaining VCC(s) using bit-vector/floating-point arithmetic
Encoding to solver time: 0.006s
Solving with solver Boolector 3.2.2
Encoding to solver time: 0.006s
Runtime decision procedure: 0.001s
BMC program time: 0.042s
*** Thread interleavings 132 ***
Symex completed in: 0.032s (337 assignments)
Slicing time: 0.002s (removed 143 assignments)
Generated 4 VCC(s), 4 remaining after simplification (194 assignments)
No solver specified; defaulting to Boolector
Encoding remaining VCC(s) using bit-vector/floating-point arithmetic
Encoding to solver time: 0.008s
Solving with solver Boolector 3.2.2
Encoding to solver time: 0.008s
Runtime decision procedure: 0.001s
BMC program time: 0.046s
*** Thread interleavings 133 ***
Symex completed in: 0.034s (337 assignments)
Slicing time: 0.002s (removed 144 assignments)
Generated 4 VCC(s), 4 remaining after simplification (193 assignments)
No solver specified; defaulting to Boolector
Encoding remaining VCC(s) using bit-vector/floating-point arithmetic
Encoding to solver time: 0.008s
Solving with solver Boolector 3.2.2
Encoding to solver time: 0.008s
Runtime decision procedure: 0.002s
BMC program time: 0.049s
*** Thread interleavings 134 ***
Symex completed in: 0.008s (337 assignments)
Slicing time: 0.002s (removed 143 assignments)
Generated 4 VCC(s), 4 remaining after simplification (194 assignments)
No solver specified; defaulting to Boolector
Encoding remaining VCC(s) using bit-vector/floating-point arithmetic
Encoding to solver time: 0.006s
Solving with solver Boolector 3.2.2
Encoding to solver time: 0.006s
Runtime decision procedure: 0.001s
BMC program time: 0.019s
*** Thread interleavings 135 ***
Symex completed in: 0.038s (336 assignments)
Slicing time: 0.002s (removed 158 assignments)
Generated 4 VCC(s), 4 remaining after simplification (178 assignments)
No solver specified; defaulting to Boolector
Encoding remaining VCC(s) using bit-vector/floating-point arithmetic
Encoding to solver time: 0.007s
Solving with solver Boolector 3.2.2
Encoding to solver time: 0.007s
Runtime decision procedure: 0.002s
BMC program time: 0.052s
*** Thread interleavings 136 ***
Symex completed in: 0.015s (336 assignments)
Slicing time: 0.002s (removed 143 assignments)
Generated 4 VCC(s), 4 remaining after simplification (193 assignments)
No solver specified; defaulting to Boolector
Encoding remaining VCC(s) using bit-vector/floating-point arithmetic
Encoding to solver time: 0.007s
Solving with solver Boolector 3.2.2
Encoding to solver time: 0.007s
Runtime decision procedure: 0.001s
BMC program time: 0.027s
*** Thread interleavings 137 ***
Symex completed in: 0.039s (335 assignments)
Slicing time: 0.002s (removed 158 assignments)
Generated 4 VCC(s), 4 remaining after simplification (177 assignments)
No solver specified; defaulting to Boolector
Encoding remaining VCC(s) using bit-vector/floating-point arithmetic
Encoding to solver time: 0.008s
Solving with solver Boolector 3.2.2
Encoding to solver time: 0.008s
Runtime decision procedure: 0.001s
BMC program time: 0.053s
*** Thread interleavings 138 ***
Symex completed in: 0.016s (335 assignments)
Slicing time: 0.003s (removed 143 assignments)
Generated 4 VCC(s), 4 remaining after simplification (192 assignments)
No solver specified; defaulting to Boolector
Encoding remaining VCC(s) using bit-vector/floating-point arithmetic
Encoding to solver time: 0.007s
Solving with solver Boolector 3.2.2
Encoding to solver time: 0.007s
Runtime decision procedure: 0.001s
BMC program time: 0.028s
*** Thread interleavings 139 ***
Symex completed in: 0.042s (334 assignments)
Slicing time: 0.002s (removed 164 assignments)
Generated 4 VCC(s), 4 remaining after simplification (170 assignments)
No solver specified; defaulting to Boolector
Encoding remaining VCC(s) using bit-vector/floating-point arithmetic
Encoding to solver time: 0.008s
Solving with solver Boolector 3.2.2
Encoding to solver time: 0.008s
Runtime decision procedure: 0.001s
BMC program time: 0.056s
*** Thread interleavings 140 ***
Symex completed in: 0.019s (334 assignments)
Slicing time: 0.002s (removed 143 assignments)
Generated 4 VCC(s), 4 remaining after simplification (191 assignments)
No solver specified; defaulting to Boolector
Encoding remaining VCC(s) using bit-vector/floating-point arithmetic
Encoding to solver time: 0.007s
Solving with solver Boolector 3.2.2
Encoding to solver time: 0.007s
Runtime decision procedure: 0.001s
BMC program time: 0.032s
*** Thread interleavings 141 ***
Symex completed in: 0.042s (333 assignments)
Slicing time: 0.002s (removed 164 assignments)
Generated 4 VCC(s), 4 remaining after simplification (169 assignments)
No solver specified; defaulting to Boolector
Encoding remaining VCC(s) using bit-vector/floating-point arithmetic
Encoding to solver time: 0.007s
Solving with solver Boolector 3.2.2
Encoding to solver time: 0.007s
Runtime decision procedure: 0.001s
BMC program time: 0.056s
*** Thread interleavings 142 ***
Symex completed in: 0.020s (333 assignments)
Slicing time: 0.003s (removed 143 assignments)
Generated 4 VCC(s), 4 remaining after simplification (190 assignments)
No solver specified; defaulting to Boolector
Encoding remaining VCC(s) using bit-vector/floating-point arithmetic
Encoding to solver time: 0.007s
Solving with solver Boolector 3.2.2
Encoding to solver time: 0.007s
Runtime decision procedure: 0.001s
BMC program time: 0.032s
*** Thread interleavings 143 ***
Symex completed in: 0.052s (332 assignments)
Slicing time: 0.001s (removed 170 assignments)
Generated 4 VCC(s), 4 remaining after simplification (162 assignments)
No solver specified; defaulting to Boolector
Encoding remaining VCC(s) using bit-vector/floating-point arithmetic
Encoding to solver time: 0.008s
Solving with solver Boolector 3.2.2
Encoding to solver time: 0.008s
Runtime decision procedure: 0.001s
BMC program time: 0.067s
*** Thread interleavings 144 ***
Symex completed in: 0.034s (332 assignments)
Slicing time: 0.002s (removed 143 assignments)
Generated 4 VCC(s), 4 remaining after simplification (189 assignments)
No solver specified; defaulting to Boolector
Encoding remaining VCC(s) using bit-vector/floating-point arithmetic
Encoding to solver time: 0.008s
Solving with solver Boolector 3.2.2
Encoding to solver time: 0.008s
Runtime decision procedure: 0.001s
BMC program time: 0.047s
*** Thread interleavings 145 ***
Symex completed in: 0.049s (328 assignments)
Slicing time: 0.002s (removed 168 assignments)
Generated 4 VCC(s), 4 remaining after simplification (160 assignments)
No solver specified; defaulting to Boolector
Encoding remaining VCC(s) using bit-vector/floating-point arithmetic
Encoding to solver time: 0.008s
Solving with solver Boolector 3.2.2
Encoding to solver time: 0.008s
Runtime decision procedure: 0.001s
BMC program time: 0.064s
*** Thread interleavings 146 ***
Symex completed in: 0.048s (324 assignments)
Slicing time: 0.002s (removed 168 assignments)
Generated 0 VCC(s), 0 remaining after simplification (156 assignments)
BMC program time: 0.050s
*** Thread interleavings 147 ***
Symex completed in: 0.050s (332 assignments)
Slicing time: 0.002s (removed 170 assignments)
Generated 4 VCC(s), 4 remaining after simplification (162 assignments)
No solver specified; defaulting to Boolector
Encoding remaining VCC(s) using bit-vector/floating-point arithmetic
Encoding to solver time: 0.007s
Solving with solver Boolector 3.2.2
Encoding to solver time: 0.007s
Runtime decision procedure: 0.001s
BMC program time: 0.066s
*** Thread interleavings 148 ***
Symex completed in: 0.034s (332 assignments)
Slicing time: 0.002s (removed 143 assignments)
Generated 4 VCC(s), 4 remaining after simplification (189 assignments)
No solver specified; defaulting to Boolector
Encoding remaining VCC(s) using bit-vector/floating-point arithmetic
Encoding to solver time: 0.007s
Solving with solver Boolector 3.2.2
Encoding to solver time: 0.007s
Runtime decision procedure: 0.002s
BMC program time: 0.048s
*** Thread interleavings 149 ***
Symex completed in: 0.050s (329 assignments)
Slicing time: 0.001s (removed 188 assignments)
Generated 4 VCC(s), 4 remaining after simplification (141 assignments)
No solver specified; defaulting to Boolector
Encoding remaining VCC(s) using bit-vector/floating-point arithmetic
Encoding to solver time: 0.006s
Solving with solver Boolector 3.2.2
Encoding to solver time: 0.006s
Runtime decision procedure: 0.001s
BMC program time: 0.063s
*** Thread interleavings 150 ***
Symex completed in: 0.037s (325 assignments)
Slicing time: 0.002s (removed 168 assignments)
Generated 0 VCC(s), 0 remaining after simplification (157 assignments)
BMC program time: 0.040s
*** Thread interleavings 151 ***
Symex completed in: 0.041s (333 assignments)
Slicing time: 0.004s (removed 164 assignments)
Generated 4 VCC(s), 4 remaining after simplification (169 assignments)
No solver specified; defaulting to Boolector
Encoding remaining VCC(s) using bit-vector/floating-point arithmetic
Encoding to solver time: 0.007s
Solving with solver Boolector 3.2.2
Encoding to solver time: 0.007s
Runtime decision procedure: 0.001s
BMC program time: 0.062s
*** Thread interleavings 152 ***
Symex completed in: 0.020s (333 assignments)
Slicing time: 0.002s (removed 143 assignments)
Generated 4 VCC(s), 4 remaining after simplification (190 assignments)
No solver specified; defaulting to Boolector
Encoding remaining VCC(s) using bit-vector/floating-point arithmetic
Encoding to solver time: 0.006s
Solving with solver Boolector 3.2.2
Encoding to solver time: 0.006s
Runtime decision procedure: 0.002s
BMC program time: 0.033s
*** Thread interleavings 153 ***
Symex completed in: 0.039s (330 assignments)
Slicing time: 0.001s (removed 188 assignments)
Generated 4 VCC(s), 4 remaining after simplification (142 assignments)
No solver specified; defaulting to Boolector
Encoding remaining VCC(s) using bit-vector/floating-point arithmetic
Encoding to solver time: 0.005s
Solving with solver Boolector 3.2.2
Encoding to solver time: 0.005s
Runtime decision procedure: 0.001s
BMC program time: 0.050s
*** Thread interleavings 154 ***
Symex completed in: 0.037s (326 assignments)
Slicing time: 0.001s (removed 168 assignments)
Generated 0 VCC(s), 0 remaining after simplification (158 assignments)
BMC program time: 0.039s
*** Thread interleavings 155 ***
Symex completed in: 0.041s (334 assignments)
Slicing time: 0.002s (removed 164 assignments)
Generated 4 VCC(s), 4 remaining after simplification (170 assignments)
No solver specified; defaulting to Boolector
Encoding remaining VCC(s) using bit-vector/floating-point arithmetic
Encoding to solver time: 0.006s
Solving with solver Boolector 3.2.2
Encoding to solver time: 0.006s
Runtime decision procedure: 0.002s
BMC program time: 0.055s
*** Thread interleavings 156 ***
Symex completed in: 0.019s (334 assignments)
Slicing time: 0.002s (removed 143 assignments)
Generated 4 VCC(s), 4 remaining after simplification (191 assignments)
No solver specified; defaulting to Boolector
Encoding remaining VCC(s) using bit-vector/floating-point arithmetic
Encoding to solver time: 0.007s
Solving with solver Boolector 3.2.2
Encoding to solver time: 0.007s
Runtime decision procedure: 0.001s
BMC program time: 0.032s
*** Thread interleavings 157 ***
Symex completed in: 0.039s (331 assignments)
Slicing time: 0.002s (removed 182 assignments)
Generated 4 VCC(s), 4 remaining after simplification (149 assignments)
No solver specified; defaulting to Boolector
Encoding remaining VCC(s) using bit-vector/floating-point arithmetic
Encoding to solver time: 0.006s
Solving with solver Boolector 3.2.2
Encoding to solver time: 0.006s
Runtime decision procedure: 0.001s
BMC program time: 0.051s
*** Thread interleavings 158 ***
Symex completed in: 0.034s (327 assignments)
Slicing time: 0.002s (removed 168 assignments)
Generated 0 VCC(s), 0 remaining after simplification (159 assignments)
BMC program time: 0.037s
*** Thread interleavings 159 ***
Symex completed in: 0.038s (335 assignments)
Slicing time: 0.002s (removed 158 assignments)
Generated 4 VCC(s), 4 remaining after simplification (177 assignments)
No solver specified; defaulting to Boolector
Encoding remaining VCC(s) using bit-vector/floating-point arithmetic
Encoding to solver time: 0.007s
Solving with solver Boolector 3.2.2
Encoding to solver time: 0.007s
Runtime decision procedure: 0.001s
BMC program time: 0.052s
*** Thread interleavings 160 ***
Symex completed in: 0.016s (335 assignments)
Slicing time: 0.003s (removed 143 assignments)
Generated 4 VCC(s), 4 remaining after simplification (192 assignments)
No solver specified; defaulting to Boolector
Encoding remaining VCC(s) using bit-vector/floating-point arithmetic
Encoding to solver time: 0.007s
Solving with solver Boolector 3.2.2
Encoding to solver time: 0.007s
Runtime decision procedure: 0.001s
BMC program time: 0.028s
*** Thread interleavings 161 ***
Symex completed in: 0.036s (332 assignments)
Slicing time: 0.002s (removed 182 assignments)
Generated 4 VCC(s), 4 remaining after simplification (150 assignments)
No solver specified; defaulting to Boolector
Encoding remaining VCC(s) using bit-vector/floating-point arithmetic
Encoding to solver time: 0.006s
Solving with solver Boolector 3.2.2
Encoding to solver time: 0.006s
Runtime decision procedure: 0.001s
BMC program time: 0.048s
*** Thread interleavings 162 ***
Symex completed in: 0.033s (328 assignments)
Slicing time: 0.002s (removed 168 assignments)
Generated 0 VCC(s), 0 remaining after simplification (160 assignments)
BMC program time: 0.036s
*** Thread interleavings 163 ***
Symex completed in: 0.037s (336 assignments)
Slicing time: 0.002s (removed 158 assignments)
Generated 4 VCC(s), 4 remaining after simplification (178 assignments)
No solver specified; defaulting to Boolector
Encoding remaining VCC(s) using bit-vector/floating-point arithmetic
Encoding to solver time: 0.007s
Solving with solver Boolector 3.2.2
Encoding to solver time: 0.007s
Runtime decision procedure: 0.002s
BMC program time: 0.052s
*** Thread interleavings 164 ***
Symex completed in: 0.015s (336 assignments)
Slicing time: 0.002s (removed 143 assignments)
Generated 4 VCC(s), 4 remaining after simplification (193 assignments)
No solver specified; defaulting to Boolector
Encoding remaining VCC(s) using bit-vector/floating-point arithmetic
Encoding to solver time: 0.007s
Solving with solver Boolector 3.2.2
Encoding to solver time: 0.007s
Runtime decision procedure: 0.001s
BMC program time: 0.027s
*** Thread interleavings 165 ***
Symex completed in: 0.038s (333 assignments)
Slicing time: 0.001s (removed 168 assignments)
Generated 4 VCC(s), 4 remaining after simplification (165 assignments)
No solver specified; defaulting to Boolector
Encoding remaining VCC(s) using bit-vector/floating-point arithmetic
Encoding to solver time: 0.007s
Solving with solver Boolector 3.2.2
Encoding to solver time: 0.007s
Runtime decision procedure: 0.001s
BMC program time: 0.051s
*** Thread interleavings 166 ***
Symex completed in: 0.026s (329 assignments)
Slicing time: 0.001s (removed 168 assignments)
Generated 0 VCC(s), 0 remaining after simplification (161 assignments)
BMC program time: 0.028s
*** Thread interleavings 167 ***
Symex completed in: 0.033s (337 assignments)
Slicing time: 0.002s (removed 144 assignments)
Generated 4 VCC(s), 4 remaining after simplification (193 assignments)
No solver specified; defaulting to Boolector
Encoding remaining VCC(s) using bit-vector/floating-point arithmetic
Encoding to solver time: 0.008s
Solving with solver Boolector 3.2.2
Encoding to solver time: 0.008s
Runtime decision procedure: 0.001s
BMC program time: 0.048s
*** Thread interleavings 168 ***
Symex completed in: 0.008s (337 assignments)
Slicing time: 0.002s (removed 143 assignments)
Generated 4 VCC(s), 4 remaining after simplification (194 assignments)
No solver specified; defaulting to Boolector
Encoding remaining VCC(s) using bit-vector/floating-point arithmetic
Encoding to solver time: 0.006s
Solving with solver Boolector 3.2.2
Encoding to solver time: 0.006s
Runtime decision procedure: 0.002s
BMC program time: 0.020s
*** Thread interleavings 169 ***
Symex completed in: 0.029s (337 assignments)
Slicing time: 0.002s (removed 170 assignments)
Generated 4 VCC(s), 4 remaining after simplification (167 assignments)
No solver specified; defaulting to Boolector
Encoding remaining VCC(s) using bit-vector/floating-point arithmetic
Encoding to solver time: 0.006s
Solving with solver Boolector 3.2.2
Encoding to solver time: 0.006s
Runtime decision procedure: 0.001s
BMC program time: 0.041s
*** Thread interleavings 170 ***
Symex completed in: 0.031s (337 assignments)
Slicing time: 0.002s (removed 143 assignments)
Generated 4 VCC(s), 4 remaining after simplification (194 assignments)
No solver specified; defaulting to Boolector
Encoding remaining VCC(s) using bit-vector/floating-point arithmetic
Encoding to solver time: 0.008s
Solving with solver Boolector 3.2.2
Encoding to solver time: 0.008s
Runtime decision procedure: 0.001s
BMC program time: 0.045s
*** Thread interleavings 171 ***
Symex completed in: 0.054s (327 assignments)
Slicing time: 0.002s (removed 168 assignments)
Generated 4 VCC(s), 4 remaining after simplification (159 assignments)
No solver specified; defaulting to Boolector
Encoding remaining VCC(s) using bit-vector/floating-point arithmetic
Encoding to solver time: 0.007s
Solving with solver Boolector 3.2.2
Encoding to solver time: 0.007s
Runtime decision procedure: 0.001s
BMC program time: 0.070s
*** Thread interleavings 172 ***
Symex completed in: 0.049s (323 assignments)
Slicing time: 0.002s (removed 168 assignments)
Generated 0 VCC(s), 0 remaining after simplification (155 assignments)
BMC program time: 0.052s
*** Thread interleavings 173 ***
Symex completed in: 0.053s (328 assignments)
Slicing time: 0.002s (removed 168 assignments)
Generated 4 VCC(s), 4 remaining after simplification (160 assignments)
No solver specified; defaulting to Boolector
Encoding remaining VCC(s) using bit-vector/floating-point arithmetic
Encoding to solver time: 0.007s
Solving with solver Boolector 3.2.2
Encoding to solver time: 0.007s
Runtime decision procedure: 0.001s
BMC program time: 0.069s
*** Thread interleavings 174 ***
Symex completed in: 0.040s (324 assignments)
Slicing time: 0.002s (removed 188 assignments)
Generated 0 VCC(s), 0 remaining after simplification (136 assignments)
BMC program time: 0.042s
*** Thread interleavings 175 ***
Symex completed in: 0.040s (329 assignments)
Slicing time: 0.002s (removed 168 assignments)
Generated 4 VCC(s), 4 remaining after simplification (161 assignments)
No solver specified; defaulting to Boolector
Encoding remaining VCC(s) using bit-vector/floating-point arithmetic
Encoding to solver time: 0.006s
Solving with solver Boolector 3.2.2
Encoding to solver time: 0.006s
Runtime decision procedure: 0.001s
BMC program time: 0.054s
*** Thread interleavings 176 ***
Symex completed in: 0.036s (325 assignments)
Slicing time: 0.001s (removed 188 assignments)
Generated 0 VCC(s), 0 remaining after simplification (137 assignments)
BMC program time: 0.038s
*** Thread interleavings 177 ***
Symex completed in: 0.040s (330 assignments)
Slicing time: 0.002s (removed 168 assignments)
Generated 4 VCC(s), 4 remaining after simplification (162 assignments)
No solver specified; defaulting to Boolector
Encoding remaining VCC(s) using bit-vector/floating-point arithmetic
Encoding to solver time: 0.006s
Solving with solver Boolector 3.2.2
Encoding to solver time: 0.006s
Runtime decision procedure: 0.001s
BMC program time: 0.054s
*** Thread interleavings 178 ***
Symex completed in: 0.034s (326 assignments)
Slicing time: 0.002s (removed 182 assignments)
Generated 0 VCC(s), 0 remaining after simplification (144 assignments)
BMC program time: 0.036s
*** Thread interleavings 179 ***
Symex completed in: 0.037s (331 assignments)
Slicing time: 0.002s (removed 168 assignments)
Generated 4 VCC(s), 4 remaining after simplification (163 assignments)
No solver specified; defaulting to Boolector
Encoding remaining VCC(s) using bit-vector/floating-point arithmetic
Encoding to solver time: 0.006s
Solving with solver Boolector 3.2.2
Encoding to solver time: 0.006s
Runtime decision procedure: 0.002s
BMC program time: 0.051s
*** Thread interleavings 180 ***
Symex completed in: 0.033s (327 assignments)
Slicing time: 0.001s (removed 182 assignments)
Generated 0 VCC(s), 0 remaining after simplification (145 assignments)
BMC program time: 0.035s
*** Thread interleavings 181 ***
Symex completed in: 0.038s (332 assignments)
Slicing time: 0.002s (removed 168 assignments)
Generated 4 VCC(s), 4 remaining after simplification (164 assignments)
No solver specified; defaulting to Boolector
Encoding remaining VCC(s) using bit-vector/floating-point arithmetic
Encoding to solver time: 0.006s
Solving with solver Boolector 3.2.2
Encoding to solver time: 0.006s
Runtime decision procedure: 0.001s
BMC program time: 0.051s
*** Thread interleavings 182 ***
Symex completed in: 0.028s (328 assignments)
Slicing time: 0.002s (removed 168 assignments)
Generated 0 VCC(s), 0 remaining after simplification (160 assignments)
BMC program time: 0.030s
*** Thread interleavings 183 ***
Symex completed in: 0.031s (336 assignments)
Slicing time: 0.002s (removed 170 assignments)
Generated 4 VCC(s), 4 remaining after simplification (166 assignments)
No solver specified; defaulting to Boolector
Encoding remaining VCC(s) using bit-vector/floating-point arithmetic
Encoding to solver time: 0.006s
Solving with solver Boolector 3.2.2
Encoding to solver time: 0.006s
Runtime decision procedure: 0.001s
BMC program time: 0.044s
*** Thread interleavings 184 ***
Symex completed in: 0.033s (336 assignments)
Slicing time: 0.002s (removed 143 assignments)
Generated 4 VCC(s), 4 remaining after simplification (193 assignments)
No solver specified; defaulting to Boolector
Encoding remaining VCC(s) using bit-vector/floating-point arithmetic
Encoding to solver time: 0.008s
Solving with solver Boolector 3.2.2
Encoding to solver time: 0.008s
Runtime decision procedure: 0.010s
Building error trace

Counterexample:

State 1 file race-2_3-container_of.i line 1708 function my_drv_probe thread 0
----------------------------------------------------
  data->shared.a = 0 (00000000 00000000 00000000 00000000)

State 2 file race-2_3-container_of.i line 1709 function my_drv_probe thread 0
----------------------------------------------------
  data->shared.b = 0 (00000000 00000000 00000000 00000000)

State 3 file race-2_3-container_of.i line 1710 function my_drv_probe thread 0
----------------------------------------------------
  res = 0 (00000000 00000000 00000000 00000000)

State 8 file race-2_3-container_of.i line 1716 function my_drv_probe thread 0
----------------------------------------------------
  data->shared.a = 3 (00000000 00000000 00000000 00000011)

State 10 file race-2_3-container_of.i line 1719 function my_drv_probe thread 0
----------------------------------------------------
  data->shared.b = 3 (00000000 00000000 00000000 00000011)

State 17 file race-2_3-container_of.i line 1691 function my_callback thread 1
----------------------------------------------------
  data = &data

State 22 file race-2_3-container_of.i line 1694 function my_callback thread 1
----------------------------------------------------
  data->shared.a = 1 (00000000 00000000 00000000 00000001)

State 24 file race-2_3-container_of.i line 1697 function my_callback thread 1
----------------------------------------------------
  lb = data.shared.b

State 26 file race-2_3-container_of.i line 1700 function my_callback thread 1
----------------------------------------------------
  data->shared.b = 4 (00000000 00000000 00000000 00000100)

State 28 file race-2_3-container_of.i line 1691 function my_callback thread 2
----------------------------------------------------
  data = &data

State 30 file race-2_3-container_of.i line 1694 function my_callback thread 2
----------------------------------------------------
  data->shared.a = 1 (00000000 00000000 00000000 00000001)

State 31 file race-2_3-container_of.i line 1697 function my_callback thread 2
----------------------------------------------------
  lb = data.shared.b

State 32 file race-2_3-container_of.i line 1700 function my_callback thread 2
----------------------------------------------------
  data->shared.b = 5 (00000000 00000000 00000000 00000101)

State 35 file race-2_3-container_of.i line 1671 function reach_error thread 0
----------------------------------------------------
Violated property:
  file race-2_3-container_of.i line 1671 function reach_error
  assertion 0
  0


VERIFICATION FAILED

Bug found (k = 1)

../sv-benchmarks/c/ldv-races/race-2_3-container_of.i:511:12: warning: declaration of built-in function '__sigsetjmp' requires the declaration of the 'jmp_buf' type, commonly provided in the header <setjmp.h>. [-Wincomplete-setjmp-declaration]
extern int __sigsetjmp (struct __jmp_buf_tag *__env, int __savemask) __attribute__ ((__nothrow__));
           ^

FALSE_REACH
