./esbmc-wrapper.py -p ../sv-benchmarks/c/properties/unreach-call.prp -s kinduction --arch 32 ../sv-benchmarks/c/eca-rers2012/Problem15_label45.c


--------------------------------------------------------------------------------


Verifying with ESBMC
Command: ./esbmc --no-div-by-zero-check --force-malloc-success --state-hashing --add-symex-value-sets --no-align-check --k-step 5 --floatbv --unlimited-k-steps ../sv-benchmarks/c/eca-rers2012/Problem15_label45.c --32 --witness-output Problem15_label45.c.graphml --no-pointer-check --no-bounds-check --interval-analysis --goto-unwind --unlimited-goto-unwind --k-induction --max-inductive-step 3 
ESBMC version 6.8.0 64-bit x86_64 linux
Target: 32-bit little-endian x86_64-unknown-linux with esbmc libc
file ../sv-benchmarks/c/eca-rers2012/Problem15_label45.c: Parsing
Converting
Generating GOTO Program
GOTO program creation time: 0.384s
GOTO program processing time: 0.067s
*** Checking base case, k = 1
Starting Bounded Model Checking
Not unwinding 
Symex completed in: 0.025s (551 assignments)
Slicing time: 0.001s (removed 547 assignments)
Generated 0 VCC(s), 0 remaining after simplification (4 assignments)
BMC program time: 0.026s
No bug has been found in the base case
*** Checking forward condition, k = 1
Starting Bounded Model Checking
Not unwinding 
Symex completed in: 0.026s (551 assignments)
Slicing time: 0.001s (removed 547 assignments)
Generated 1 VCC(s), 1 remaining after simplification (4 assignments)
No solver specified; defaulting to Boolector
Encoding remaining VCC(s) using bit-vector/floating-point arithmetic
Encoding to solver time: 0.000s
Solving with solver Boolector 3.2.2
Encoding to solver time: 0.000s
Runtime decision procedure: 0.002s
The forward condition is unable to prove the property
*** Checking base case, k = 6
Starting Bounded Model Checking
Unwinding loop 1  iteration  1   file Problem15_label45.c line 1776 function main
Unwinding loop 1  iteration  2   file Problem15_label45.c line 1776 function main
Unwinding loop 1  iteration  3   file Problem15_label45.c line 1776 function main
Unwinding loop 1  iteration  4   file Problem15_label45.c line 1776 function main
Unwinding loop 1  iteration  5   file Problem15_label45.c line 1776 function main
Not unwinding 
Symex completed in: 0.679s (17128 assignments)
Slicing time: 0.318s (removed 7904 assignments)
Generated 5 VCC(s), 5 remaining after simplification (9224 assignments)
No solver specified; defaulting to Boolector
Encoding remaining VCC(s) using bit-vector/floating-point arithmetic
Encoding to solver time: 0.233s
Solving with solver Boolector 3.2.2
Encoding to solver time: 0.233s
Runtime decision procedure: 73.802s
Building error trace

Counterexample:

State 1 file Problem15_label45.c line 1780 function main thread 0
----------------------------------------------------
  input = 2 (00000000 00000000 00000000 00000010)

State 2 file Problem15_label45.c line 1780 function main thread 0
----------------------------------------------------
  input = 4 (00000000 00000000 00000000 00000100)

State 3 file Problem15_label45.c line 1419 function calculate_output thread 0
----------------------------------------------------
  a29 = 107611 (00000000 00000001 10100100 01011011)

State 4 file Problem15_label45.c line 1780 function main thread 0
----------------------------------------------------
  input = 1 (00000000 00000000 00000000 00000001)

State 5 file Problem15_label45.c line 1389 function calculate_output thread 0
----------------------------------------------------
  a4 = -65 (11111111 11111111 11111111 10111111)

State 6 file Problem15_label45.c line 1390 function calculate_output thread 0
----------------------------------------------------
  a0 = -595423 (11111111 11110110 11101010 00100001)

State 7 file Problem15_label45.c line 1391 function calculate_output thread 0
----------------------------------------------------
  a29 = 13 (00000000 00000000 00000000 00001101)

State 8 file Problem15_label45.c line 1780 function main thread 0
----------------------------------------------------
  input = 3 (00000000 00000000 00000000 00000011)

State 9 file Problem15_label45.c line 846 function calculate_output thread 0
----------------------------------------------------
  a29 = 533337 (00000000 00001000 00100011 01011001)

State 10 file Problem15_label45.c line 1780 function main thread 0
----------------------------------------------------
  input = 2 (00000000 00000000 00000000 00000010)

State 11 file Problem15_label45.c line 645 function calculate_output thread 0
----------------------------------------------------
  a4 = -579094 (11111111 11110111 00101001 11101010)

State 12 file Problem15_label45.c line 646 function calculate_output thread 0
----------------------------------------------------
  a0 = -66 (11111111 11111111 11111111 10111110)

State 13 file Problem15_label45.c line 647 function calculate_output thread 0
----------------------------------------------------
  a29 = 21 (00000000 00000000 00000000 00010101)

State 14 file Problem15_label45.c line 1780 function main thread 0
----------------------------------------------------
  input = 2 (00000000 00000000 00000000 00000010)

State 15 file Problem15_label45.c line 13 function reach_error thread 0
----------------------------------------------------
Violated property:
  file Problem15_label45.c line 13 function reach_error
  assertion 0
  0


VERIFICATION FAILED

Bug found (k = 6)

../sv-benchmarks/c/eca-rers2012/Problem15_label45.c:401:13: warning: equality comparison with extraneous parentheses [-Wparentheses-equality]
                if((a2==4)){
                    ~~^~~
../sv-benchmarks/c/eca-rers2012/Problem15_label45.c:401:13: note: remove extraneous parentheses around the comparison to silence this warning
                if((a2==4)){
                   ~  ^  ~
../sv-benchmarks/c/eca-rers2012/Problem15_label45.c:401:13: note: use '=' to turn this equality comparison into an assignment
                if((a2==4)){
                      ^~
                      =
../sv-benchmarks/c/eca-rers2012/Problem15_label45.c:568:13: warning: equality comparison with extraneous parentheses [-Wparentheses-equality]
                if((a2==4)){
                    ~~^~~
../sv-benchmarks/c/eca-rers2012/Problem15_label45.c:568:13: note: remove extraneous parentheses around the comparison to silence this warning
                if((a2==4)){
                   ~  ^  ~
../sv-benchmarks/c/eca-rers2012/Problem15_label45.c:568:13: note: use '=' to turn this equality comparison into an assignment
                if((a2==4)){
                      ^~
                      =
../sv-benchmarks/c/eca-rers2012/Problem15_label45.c:585:13: warning: equality comparison with extraneous parentheses [-Wparentheses-equality]
                if((a2==1)){
                    ~~^~~
../sv-benchmarks/c/eca-rers2012/Problem15_label45.c:585:13: note: remove extraneous parentheses around the comparison to silence this warning
                if((a2==1)){
                   ~  ^  ~
../sv-benchmarks/c/eca-rers2012/Problem15_label45.c:585:13: note: use '=' to turn this equality comparison into an assignment
                if((a2==1)){
                      ^~
                      =
../sv-benchmarks/c/eca-rers2012/Problem15_label45.c:1073:13: warning: equality comparison with extraneous parentheses [-Wparentheses-equality]
                if((a2==2)){
                    ~~^~~
../sv-benchmarks/c/eca-rers2012/Problem15_label45.c:1073:13: note: remove extraneous parentheses around the comparison to silence this warning
                if((a2==2)){
                   ~  ^  ~
../sv-benchmarks/c/eca-rers2012/Problem15_label45.c:1073:13: note: use '=' to turn this equality comparison into an assignment
                if((a2==2)){
                      ^~
                      =
../sv-benchmarks/c/eca-rers2012/Problem15_label45.c:1300:13: warning: equality comparison with extraneous parentheses [-Wparentheses-equality]
                if((a2==3)){
                    ~~^~~
../sv-benchmarks/c/eca-rers2012/Problem15_label45.c:1300:13: note: remove extraneous parentheses around the comparison to silence this warning
                if((a2==3)){
                   ~  ^  ~
../sv-benchmarks/c/eca-rers2012/Problem15_label45.c:1300:13: note: use '=' to turn this equality comparison into an assignment
                if((a2==3)){
                      ^~
                      =
../sv-benchmarks/c/eca-rers2012/Problem15_label45.c:1581:13: warning: equality comparison with extraneous parentheses [-Wparentheses-equality]
                if((a2==1)){
                    ~~^~~
../sv-benchmarks/c/eca-rers2012/Problem15_label45.c:1581:13: note: remove extraneous parentheses around the comparison to silence this warning
                if((a2==1)){
                   ~  ^  ~
../sv-benchmarks/c/eca-rers2012/Problem15_label45.c:1581:13: note: use '=' to turn this equality comparison into an assignment
                if((a2==1)){
                      ^~
                      =
../sv-benchmarks/c/eca-rers2012/Problem15_label45.c:1623:13: warning: equality comparison with extraneous parentheses [-Wparentheses-equality]
                if((a2==4)){
                    ~~^~~
../sv-benchmarks/c/eca-rers2012/Problem15_label45.c:1623:13: note: remove extraneous parentheses around the comparison to silence this warning
                if((a2==4)){
                   ~  ^  ~
../sv-benchmarks/c/eca-rers2012/Problem15_label45.c:1623:13: note: use '=' to turn this equality comparison into an assignment
                if((a2==4)){
                      ^~
                      =

FALSE_REACH
