./esbmc-wrapper.py -p ../sv-benchmarks/c/properties/unreach-call.prp -s kinduction --arch 32 ../sv-benchmarks/c/eca-rers2012/Problem02_label50.c


--------------------------------------------------------------------------------


Verifying with ESBMC
Command: ./esbmc --no-div-by-zero-check --force-malloc-success --state-hashing --add-symex-value-sets --no-align-check --k-step 5 --floatbv --unlimited-k-steps ../sv-benchmarks/c/eca-rers2012/Problem02_label50.c --32 --witness-output Problem02_label50.c.graphml --no-pointer-check --no-bounds-check --interval-analysis --goto-unwind --unlimited-goto-unwind --k-induction --max-inductive-step 3 
ESBMC version 6.8.0 64-bit x86_64 linux
Target: 32-bit little-endian x86_64-unknown-linux with esbmc libc
file ../sv-benchmarks/c/eca-rers2012/Problem02_label50.c: Parsing
Converting
Generating GOTO Program
GOTO program creation time: 0.167s
GOTO program processing time: 0.031s
*** Checking base case, k = 1
Starting Bounded Model Checking
Not unwinding 
Symex completed in: 0.012s (222 assignments)
Slicing time: 0.000s (removed 218 assignments)
Generated 0 VCC(s), 0 remaining after simplification (4 assignments)
BMC program time: 0.012s
No bug has been found in the base case
*** Checking forward condition, k = 1
Starting Bounded Model Checking
Not unwinding 
Symex completed in: 0.011s (222 assignments)
Slicing time: 0.000s (removed 218 assignments)
Generated 1 VCC(s), 1 remaining after simplification (4 assignments)
No solver specified; defaulting to Boolector
Encoding remaining VCC(s) using bit-vector/floating-point arithmetic
Encoding to solver time: 0.000s
Solving with solver Boolector 3.2.2
Encoding to solver time: 0.000s
Runtime decision procedure: 0.002s
The forward condition is unable to prove the property
*** Checking base case, k = 6
Starting Bounded Model Checking
Unwinding loop 1  iteration  1   file Problem02_label50.c line 616 function main
Unwinding loop 1  iteration  2   file Problem02_label50.c line 616 function main
Unwinding loop 1  iteration  3   file Problem02_label50.c line 616 function main
Unwinding loop 1  iteration  4   file Problem02_label50.c line 616 function main
Unwinding loop 1  iteration  5   file Problem02_label50.c line 616 function main
Not unwinding 
Symex completed in: 0.173s (5976 assignments)
Slicing time: 0.053s (removed 2977 assignments)
Generated 4 VCC(s), 4 remaining after simplification (2999 assignments)
No solver specified; defaulting to Boolector
Encoding remaining VCC(s) using bit-vector/floating-point arithmetic
Encoding to solver time: 0.036s
Solving with solver Boolector 3.2.2
Encoding to solver time: 0.036s
Runtime decision procedure: 0.356s
Building error trace

Counterexample:

State 1 file Problem02_label50.c line 620 function main thread 0
----------------------------------------------------
  input = 4 (00000000 00000000 00000000 00000100)

State 2 file Problem02_label50.c line 620 function main thread 0
----------------------------------------------------
  input = 6 (00000000 00000000 00000000 00000110)

State 3 file Problem02_label50.c line 620 function main thread 0
----------------------------------------------------
  input = 1 (00000000 00000000 00000000 00000001)

State 4 file Problem02_label50.c line 620 function main thread 0
----------------------------------------------------
  input = 3 (00000000 00000000 00000000 00000011)

State 5 file Problem02_label50.c line 620 function main thread 0
----------------------------------------------------
  input = 1 (00000000 00000000 00000000 00000001)

State 6 file Problem02_label50.c line 620 function main thread 0
----------------------------------------------------
  input = 5 (00000000 00000000 00000000 00000101)

State 7 file Problem02_label50.c line 12 function reach_error thread 0
----------------------------------------------------
Violated property:
  file Problem02_label50.c line 12 function reach_error
  assertion 0
  0


VERIFICATION FAILED

Bug found (k = 6)

../sv-benchmarks/c/eca-rers2012/Problem02_label50.c:85:14: warning: equality comparison with extraneous parentheses [-Wparentheses-equality]
                if((a19==1)){
                    ~~~^~~
../sv-benchmarks/c/eca-rers2012/Problem02_label50.c:85:14: note: remove extraneous parentheses around the comparison to silence this warning
                if((a19==1)){
                   ~   ^  ~
../sv-benchmarks/c/eca-rers2012/Problem02_label50.c:85:14: note: use '=' to turn this equality comparison into an assignment
                if((a19==1)){
                       ^~
                       =
../sv-benchmarks/c/eca-rers2012/Problem02_label50.c:93:14: warning: equality comparison with extraneous parentheses [-Wparentheses-equality]
                if((a28==10)){
                    ~~~^~~~
../sv-benchmarks/c/eca-rers2012/Problem02_label50.c:93:14: note: remove extraneous parentheses around the comparison to silence this warning
                if((a28==10)){
                   ~   ^   ~
../sv-benchmarks/c/eca-rers2012/Problem02_label50.c:93:14: note: use '=' to turn this equality comparison into an assignment
                if((a28==10)){
                       ^~
                       =
../sv-benchmarks/c/eca-rers2012/Problem02_label50.c:213:14: warning: equality comparison with extraneous parentheses [-Wparentheses-equality]
                if((a11==1)){
                    ~~~^~~
../sv-benchmarks/c/eca-rers2012/Problem02_label50.c:213:14: note: remove extraneous parentheses around the comparison to silence this warning
                if((a11==1)){
                   ~   ^  ~
../sv-benchmarks/c/eca-rers2012/Problem02_label50.c:213:14: note: use '=' to turn this equality comparison into an assignment
                if((a11==1)){
                       ^~
                       =
../sv-benchmarks/c/eca-rers2012/Problem02_label50.c:248:14: warning: equality comparison with extraneous parentheses [-Wparentheses-equality]
                if((a25==1)){
                    ~~~^~~
../sv-benchmarks/c/eca-rers2012/Problem02_label50.c:248:14: note: remove extraneous parentheses around the comparison to silence this warning
                if((a25==1)){
                   ~   ^  ~
../sv-benchmarks/c/eca-rers2012/Problem02_label50.c:248:14: note: use '=' to turn this equality comparison into an assignment
                if((a25==1)){
                       ^~
                       =
../sv-benchmarks/c/eca-rers2012/Problem02_label50.c:272:14: warning: equality comparison with extraneous parentheses [-Wparentheses-equality]
                if((a19==1)){
                    ~~~^~~
../sv-benchmarks/c/eca-rers2012/Problem02_label50.c:272:14: note: remove extraneous parentheses around the comparison to silence this warning
                if((a19==1)){
                   ~   ^  ~
../sv-benchmarks/c/eca-rers2012/Problem02_label50.c:272:14: note: use '=' to turn this equality comparison into an assignment
                if((a19==1)){
                       ^~
                       =
../sv-benchmarks/c/eca-rers2012/Problem02_label50.c:308:14: warning: equality comparison with extraneous parentheses [-Wparentheses-equality]
                if((a11==1)){
                    ~~~^~~
../sv-benchmarks/c/eca-rers2012/Problem02_label50.c:308:14: note: remove extraneous parentheses around the comparison to silence this warning
                if((a11==1)){
                   ~   ^  ~
../sv-benchmarks/c/eca-rers2012/Problem02_label50.c:308:14: note: use '=' to turn this equality comparison into an assignment
                if((a11==1)){
                       ^~
                       =
../sv-benchmarks/c/eca-rers2012/Problem02_label50.c:325:14: warning: equality comparison with extraneous parentheses [-Wparentheses-equality]
                if((a25==1)){
                    ~~~^~~
../sv-benchmarks/c/eca-rers2012/Problem02_label50.c:325:14: note: remove extraneous parentheses around the comparison to silence this warning
                if((a25==1)){
                   ~   ^  ~
../sv-benchmarks/c/eca-rers2012/Problem02_label50.c:325:14: note: use '=' to turn this equality comparison into an assignment
                if((a25==1)){
                       ^~
                       =
../sv-benchmarks/c/eca-rers2012/Problem02_label50.c:342:14: warning: equality comparison with extraneous parentheses [-Wparentheses-equality]
                if((a11==1)){
                    ~~~^~~
../sv-benchmarks/c/eca-rers2012/Problem02_label50.c:342:14: note: remove extraneous parentheses around the comparison to silence this warning
                if((a11==1)){
                   ~   ^  ~
../sv-benchmarks/c/eca-rers2012/Problem02_label50.c:342:14: note: use '=' to turn this equality comparison into an assignment
                if((a11==1)){
                       ^~
                       =
../sv-benchmarks/c/eca-rers2012/Problem02_label50.c:348:14: warning: equality comparison with extraneous parentheses [-Wparentheses-equality]
                if((a17==7)){
                    ~~~^~~
../sv-benchmarks/c/eca-rers2012/Problem02_label50.c:348:14: note: remove extraneous parentheses around the comparison to silence this warning
                if((a17==7)){
                   ~   ^  ~
../sv-benchmarks/c/eca-rers2012/Problem02_label50.c:348:14: note: use '=' to turn this equality comparison into an assignment
                if((a17==7)){
                       ^~
                       =
../sv-benchmarks/c/eca-rers2012/Problem02_label50.c:391:14: warning: equality comparison with extraneous parentheses [-Wparentheses-equality]
                if((a25==1)){
                    ~~~^~~
../sv-benchmarks/c/eca-rers2012/Problem02_label50.c:391:14: note: remove extraneous parentheses around the comparison to silence this warning
                if((a25==1)){
                   ~   ^  ~
../sv-benchmarks/c/eca-rers2012/Problem02_label50.c:391:14: note: use '=' to turn this equality comparison into an assignment
                if((a25==1)){
                       ^~
                       =

FALSE_REACH
