./esbmc-wrapper.py -p ../sv-benchmarks/c/properties/no-overflow.prp -s kinduction --arch 64 ../sv-benchmarks/c/termination-crafted/Bangalore_v4.c


--------------------------------------------------------------------------------


Verifying with ESBMC
Command: ./esbmc --no-div-by-zero-check --force-malloc-success --state-hashing --add-symex-value-sets --no-align-check --k-step 5 --floatbv --unlimited-k-steps ../sv-benchmarks/c/termination-crafted/Bangalore_v4.c --64 --witness-output Bangalore_v4.c.graphml --no-pointer-check --no-bounds-check --overflow-check --no-assertions --k-induction --max-inductive-step 3 
ESBMC version 6.8.0 64-bit x86_64 linux
Target: 64-bit little-endian x86_64-unknown-linux with esbmc libc
file ../sv-benchmarks/c/termination-crafted/Bangalore_v4.c: Parsing
Converting
Generating GOTO Program
GOTO program creation time: 0.077s
GOTO program processing time: 0.001s
*** Checking base case, k = 1
Starting Bounded Model Checking
Not unwinding 
Symex completed in: 0.000s (19 assignments)
Slicing time: 0.000s (removed 12 assignments)
Generated 1 VCC(s), 1 remaining after simplification (7 assignments)
No solver specified; defaulting to Boolector
Encoding remaining VCC(s) using bit-vector/floating-point arithmetic
Encoding to solver time: 0.000s
Solving with solver Boolector 3.2.2
Encoding to solver time: 0.000s
Runtime decision procedure: 0.000s
BMC program time: 0.001s
No bug has been found in the base case
*** Checking forward condition, k = 1
Starting Bounded Model Checking
Not unwinding 
Symex completed in: 0.000s (19 assignments)
Slicing time: 0.000s (removed 12 assignments)
Generated 2 VCC(s), 2 remaining after simplification (7 assignments)
No solver specified; defaulting to Boolector
Encoding remaining VCC(s) using bit-vector/floating-point arithmetic
Encoding to solver time: 0.000s
Solving with solver Boolector 3.2.2
Encoding to solver time: 0.000s
Runtime decision procedure: 0.002s
The forward condition is unable to prove the property
*** Checking base case, k = 6
Starting Bounded Model Checking
Unwinding loop 1  iteration  1   file Bangalore_v4.c line 17 function main
Unwinding loop 1  iteration  2   file Bangalore_v4.c line 17 function main
Unwinding loop 1  iteration  3   file Bangalore_v4.c line 17 function main
Unwinding loop 1  iteration  4   file Bangalore_v4.c line 17 function main
Unwinding loop 1  iteration  5   file Bangalore_v4.c line 17 function main
Not unwinding 
Symex completed in: 0.000s (39 assignments)
Slicing time: 0.001s (removed 17 assignments)
Generated 6 VCC(s), 6 remaining after simplification (22 assignments)
No solver specified; defaulting to Boolector
Encoding remaining VCC(s) using bit-vector/floating-point arithmetic
Encoding to solver time: 0.000s
Solving with solver Boolector 3.2.2
Encoding to solver time: 0.000s
Runtime decision procedure: 0.002s
BMC program time: 0.003s
No bug has been found in the base case
*** Checking forward condition, k = 6
Starting Bounded Model Checking
Unwinding loop 1  iteration  1   file Bangalore_v4.c line 17 function main
Unwinding loop 1  iteration  2   file Bangalore_v4.c line 17 function main
Unwinding loop 1  iteration  3   file Bangalore_v4.c line 17 function main
Unwinding loop 1  iteration  4   file Bangalore_v4.c line 17 function main
Unwinding loop 1  iteration  5   file Bangalore_v4.c line 17 function main
Not unwinding 
Symex completed in: 0.001s (39 assignments)
Slicing time: 0.000s (removed 17 assignments)
Generated 7 VCC(s), 7 remaining after simplification (22 assignments)
No solver specified; defaulting to Boolector
Encoding remaining VCC(s) using bit-vector/floating-point arithmetic
Encoding to solver time: 0.000s
Solving with solver Boolector 3.2.2
Encoding to solver time: 0.000s
Runtime decision procedure: 0.007s
BMC program time: 0.008s
Building successful trace

VERIFICATION SUCCESSFUL

Solution found by the forward condition; all states are reachable (k = 6


TRUE
