./esbmc-wrapper.py -p ../sv-benchmarks/c/properties/unreach-call.prp -s kinduction --arch 32 ../sv-benchmarks/c/bitvector/s3_clnt_3.BV.c.cil-1a.c


--------------------------------------------------------------------------------


Verifying with ESBMC
Command: ./esbmc --no-div-by-zero-check --force-malloc-success --state-hashing --add-symex-value-sets --no-align-check --k-step 5 --floatbv --unlimited-k-steps ../sv-benchmarks/c/bitvector/s3_clnt_3.BV.c.cil-1a.c --32 --witness-output s3_clnt_3.BV.c.cil-1a.c.graphml --no-pointer-check --no-bounds-check --interval-analysis --goto-unwind --unlimited-goto-unwind --k-induction --max-inductive-step 3 
ESBMC version 6.8.0 64-bit x86_64 linux
Target: 32-bit little-endian x86_64-unknown-linux with esbmc libc
file ../sv-benchmarks/c/bitvector/s3_clnt_3.BV.c.cil-1a.c: Parsing
Converting
Generating GOTO Program
GOTO program creation time: 0.153s
GOTO program processing time: 0.088s
*** Checking base case, k = 1
Starting Bounded Model Checking
Not unwinding 
Symex completed in: 0.009s (148 assignments)
Slicing time: 0.000s (removed 123 assignments)
Generated 0 VCC(s), 0 remaining after simplification (25 assignments)
BMC program time: 0.009s
No bug has been found in the base case
*** Checking forward condition, k = 1
Starting Bounded Model Checking
Not unwinding 
Symex completed in: 0.008s (148 assignments)
Slicing time: 0.001s (removed 123 assignments)
Generated 1 VCC(s), 1 remaining after simplification (25 assignments)
No solver specified; defaulting to Boolector
Encoding remaining VCC(s) using bit-vector/floating-point arithmetic
Encoding to solver time: 0.000s
Solving with solver Boolector 3.2.2
Encoding to solver time: 0.000s
Runtime decision procedure: 0.007s
The forward condition is unable to prove the property
*** Checking base case, k = 6
Starting Bounded Model Checking
Unwinding loop 1  iteration  1   file s3_clnt_3.BV.c.cil-1a.c line 101 function ssl3_connect
Unwinding loop 1  iteration  2   file s3_clnt_3.BV.c.cil-1a.c line 101 function ssl3_connect
Unwinding loop 1  iteration  3   file s3_clnt_3.BV.c.cil-1a.c line 101 function ssl3_connect
Unwinding loop 1  iteration  4   file s3_clnt_3.BV.c.cil-1a.c line 101 function ssl3_connect
Unwinding loop 1  iteration  5   file s3_clnt_3.BV.c.cil-1a.c line 101 function ssl3_connect
Not unwinding 
Symex completed in: 0.609s (5104 assignments)
Slicing time: 0.034s (removed 4550 assignments)
Generated 1 VCC(s), 1 remaining after simplification (554 assignments)
No solver specified; defaulting to Boolector
Encoding remaining VCC(s) using bit-vector/floating-point arithmetic
Encoding to solver time: 0.012s
Solving with solver Boolector 3.2.2
Encoding to solver time: 0.012s
Runtime decision procedure: 0.020s
BMC program time: 0.676s
No bug has been found in the base case
*** Checking forward condition, k = 6
Starting Bounded Model Checking
Unwinding loop 1  iteration  1   file s3_clnt_3.BV.c.cil-1a.c line 101 function ssl3_connect
Unwinding loop 1  iteration  2   file s3_clnt_3.BV.c.cil-1a.c line 101 function ssl3_connect
Unwinding loop 1  iteration  3   file s3_clnt_3.BV.c.cil-1a.c line 101 function ssl3_connect
Unwinding loop 1  iteration  4   file s3_clnt_3.BV.c.cil-1a.c line 101 function ssl3_connect
Unwinding loop 1  iteration  5   file s3_clnt_3.BV.c.cil-1a.c line 101 function ssl3_connect
Not unwinding 
Symex completed in: 0.614s (5103 assignments)
Slicing time: 0.033s (removed 4550 assignments)
Generated 1 VCC(s), 1 remaining after simplification (553 assignments)
No solver specified; defaulting to Boolector
Encoding remaining VCC(s) using bit-vector/floating-point arithmetic
Encoding to solver time: 0.012s
Solving with solver Boolector 3.2.2
Encoding to solver time: 0.012s
Runtime decision procedure: 0.061s
The forward condition is unable to prove the property
*** Checking base case, k = 11
Starting Bounded Model Checking
Unwinding loop 1  iteration  1   file s3_clnt_3.BV.c.cil-1a.c line 101 function ssl3_connect
Unwinding loop 1  iteration  2   file s3_clnt_3.BV.c.cil-1a.c line 101 function ssl3_connect
Unwinding loop 1  iteration  3   file s3_clnt_3.BV.c.cil-1a.c line 101 function ssl3_connect
Unwinding loop 1  iteration  4   file s3_clnt_3.BV.c.cil-1a.c line 101 function ssl3_connect
Unwinding loop 1  iteration  5   file s3_clnt_3.BV.c.cil-1a.c line 101 function ssl3_connect
Unwinding loop 1  iteration  6   file s3_clnt_3.BV.c.cil-1a.c line 101 function ssl3_connect
Unwinding loop 1  iteration  7   file s3_clnt_3.BV.c.cil-1a.c line 101 function ssl3_connect
Unwinding loop 1  iteration  8   file s3_clnt_3.BV.c.cil-1a.c line 101 function ssl3_connect
Unwinding loop 1  iteration  9   file s3_clnt_3.BV.c.cil-1a.c line 101 function ssl3_connect
Unwinding loop 1  iteration  10   file s3_clnt_3.BV.c.cil-1a.c line 101 function ssl3_connect
Not unwinding 
Symex completed in: 1.709s (13744 assignments)
Slicing time: 0.184s (removed 11860 assignments)
Generated 1 VCC(s), 1 remaining after simplification (1884 assignments)
No solver specified; defaulting to Boolector
Encoding remaining VCC(s) using bit-vector/floating-point arithmetic
Encoding to solver time: 0.042s
Solving with solver Boolector 3.2.2
Encoding to solver time: 0.042s
Runtime decision procedure: 0.187s
BMC program time: 2.122s
No bug has been found in the base case
*** Checking forward condition, k = 11
Starting Bounded Model Checking
Unwinding loop 1  iteration  1   file s3_clnt_3.BV.c.cil-1a.c line 101 function ssl3_connect
Unwinding loop 1  iteration  2   file s3_clnt_3.BV.c.cil-1a.c line 101 function ssl3_connect
Unwinding loop 1  iteration  3   file s3_clnt_3.BV.c.cil-1a.c line 101 function ssl3_connect
Unwinding loop 1  iteration  4   file s3_clnt_3.BV.c.cil-1a.c line 101 function ssl3_connect
Unwinding loop 1  iteration  5   file s3_clnt_3.BV.c.cil-1a.c line 101 function ssl3_connect
Unwinding loop 1  iteration  6   file s3_clnt_3.BV.c.cil-1a.c line 101 function ssl3_connect
Unwinding loop 1  iteration  7   file s3_clnt_3.BV.c.cil-1a.c line 101 function ssl3_connect
Unwinding loop 1  iteration  8   file s3_clnt_3.BV.c.cil-1a.c line 101 function ssl3_connect
Unwinding loop 1  iteration  9   file s3_clnt_3.BV.c.cil-1a.c line 101 function ssl3_connect
Unwinding loop 1  iteration  10   file s3_clnt_3.BV.c.cil-1a.c line 101 function ssl3_connect
Not unwinding 
Symex completed in: 1.759s (13743 assignments)
Slicing time: 0.185s (removed 11860 assignments)
Generated 1 VCC(s), 1 remaining after simplification (1883 assignments)
No solver specified; defaulting to Boolector
Encoding remaining VCC(s) using bit-vector/floating-point arithmetic
Encoding to solver time: 0.043s
Solving with solver Boolector 3.2.2
Encoding to solver time: 0.043s
Runtime decision procedure: 0.244s
The forward condition is unable to prove the property
*** Checking base case, k = 16
Starting Bounded Model Checking
Unwinding loop 1  iteration  1   file s3_clnt_3.BV.c.cil-1a.c line 101 function ssl3_connect
Unwinding loop 1  iteration  2   file s3_clnt_3.BV.c.cil-1a.c line 101 function ssl3_connect
Unwinding loop 1  iteration  3   file s3_clnt_3.BV.c.cil-1a.c line 101 function ssl3_connect
Unwinding loop 1  iteration  4   file s3_clnt_3.BV.c.cil-1a.c line 101 function ssl3_connect
Unwinding loop 1  iteration  5   file s3_clnt_3.BV.c.cil-1a.c line 101 function ssl3_connect
Unwinding loop 1  iteration  6   file s3_clnt_3.BV.c.cil-1a.c line 101 function ssl3_connect
Unwinding loop 1  iteration  7   file s3_clnt_3.BV.c.cil-1a.c line 101 function ssl3_connect
Unwinding loop 1  iteration  8   file s3_clnt_3.BV.c.cil-1a.c line 101 function ssl3_connect
Unwinding loop 1  iteration  9   file s3_clnt_3.BV.c.cil-1a.c line 101 function ssl3_connect
Unwinding loop 1  iteration  10   file s3_clnt_3.BV.c.cil-1a.c line 101 function ssl3_connect
Unwinding loop 1  iteration  11   file s3_clnt_3.BV.c.cil-1a.c line 101 function ssl3_connect
Unwinding loop 1  iteration  12   file s3_clnt_3.BV.c.cil-1a.c line 101 function ssl3_connect
Unwinding loop 1  iteration  13   file s3_clnt_3.BV.c.cil-1a.c line 101 function ssl3_connect
Unwinding loop 1  iteration  14   file s3_clnt_3.BV.c.cil-1a.c line 101 function ssl3_connect
Unwinding loop 1  iteration  15   file s3_clnt_3.BV.c.cil-1a.c line 101 function ssl3_connect
Not unwinding 
Symex completed in: 2.879s (22384 assignments)
Slicing time: 0.441s (removed 19170 assignments)
Generated 1 VCC(s), 1 remaining after simplification (3214 assignments)
No solver specified; defaulting to Boolector
Encoding remaining VCC(s) using bit-vector/floating-point arithmetic
Encoding to solver time: 0.074s
Solving with solver Boolector 3.2.2
Encoding to solver time: 0.074s
Runtime decision procedure: 0.523s
BMC program time: 3.918s
No bug has been found in the base case
*** Checking forward condition, k = 16
Starting Bounded Model Checking
Unwinding loop 1  iteration  1   file s3_clnt_3.BV.c.cil-1a.c line 101 function ssl3_connect
Unwinding loop 1  iteration  2   file s3_clnt_3.BV.c.cil-1a.c line 101 function ssl3_connect
Unwinding loop 1  iteration  3   file s3_clnt_3.BV.c.cil-1a.c line 101 function ssl3_connect
Unwinding loop 1  iteration  4   file s3_clnt_3.BV.c.cil-1a.c line 101 function ssl3_connect
Unwinding loop 1  iteration  5   file s3_clnt_3.BV.c.cil-1a.c line 101 function ssl3_connect
Unwinding loop 1  iteration  6   file s3_clnt_3.BV.c.cil-1a.c line 101 function ssl3_connect
Unwinding loop 1  iteration  7   file s3_clnt_3.BV.c.cil-1a.c line 101 function ssl3_connect
Unwinding loop 1  iteration  8   file s3_clnt_3.BV.c.cil-1a.c line 101 function ssl3_connect
Unwinding loop 1  iteration  9   file s3_clnt_3.BV.c.cil-1a.c line 101 function ssl3_connect
Unwinding loop 1  iteration  10   file s3_clnt_3.BV.c.cil-1a.c line 101 function ssl3_connect
Unwinding loop 1  iteration  11   file s3_clnt_3.BV.c.cil-1a.c line 101 function ssl3_connect
Unwinding loop 1  iteration  12   file s3_clnt_3.BV.c.cil-1a.c line 101 function ssl3_connect
Unwinding loop 1  iteration  13   file s3_clnt_3.BV.c.cil-1a.c line 101 function ssl3_connect
Unwinding loop 1  iteration  14   file s3_clnt_3.BV.c.cil-1a.c line 101 function ssl3_connect
Unwinding loop 1  iteration  15   file s3_clnt_3.BV.c.cil-1a.c line 101 function ssl3_connect
Not unwinding 
Symex completed in: 2.895s (22383 assignments)
Slicing time: 0.435s (removed 19170 assignments)
Generated 1 VCC(s), 1 remaining after simplification (3213 assignments)
No solver specified; defaulting to Boolector
Encoding remaining VCC(s) using bit-vector/floating-point arithmetic
Encoding to solver time: 0.075s
Solving with solver Boolector 3.2.2
Encoding to solver time: 0.075s
Runtime decision procedure: 0.497s
BMC program time: 3.903s
Building successful trace

VERIFICATION SUCCESSFUL

Solution found by the forward condition; all states are reachable (k = 16


TRUE
