./esbmc-wrapper.py -p ../sv-benchmarks/c/properties/unreach-call.prp -s kinduction --arch 32 ../sv-benchmarks/c/seq-mthreaded/pals_floodmax.3.1.ufo.BOUNDED-6.pals.c


--------------------------------------------------------------------------------


Verifying with ESBMC
Command: ./esbmc --no-div-by-zero-check --force-malloc-success --state-hashing --add-symex-value-sets --no-align-check --k-step 5 --floatbv --unlimited-k-steps ../sv-benchmarks/c/seq-mthreaded/pals_floodmax.3.1.ufo.BOUNDED-6.pals.c --32 --witness-output pals_floodmax.3.1.ufo.BOUNDED-6.pals.c.graphml --no-pointer-check --no-bounds-check --interval-analysis --goto-unwind --unlimited-goto-unwind --k-induction --max-inductive-step 3 
ESBMC version 6.8.0 64-bit x86_64 linux
Target: 32-bit little-endian x86_64-unknown-linux with esbmc libc
file ../sv-benchmarks/c/seq-mthreaded/pals_floodmax.3.1.ufo.BOUNDED-6.pals.c: Parsing
Converting
Generating GOTO Program
GOTO program creation time: 0.098s
GOTO program processing time: 0.023s
*** Checking base case, k = 1
Starting Bounded Model Checking
Symex completed in: 0.054s (1478 assignments)
Slicing time: 0.003s (removed 632 assignments)
Generated 6 VCC(s), 6 remaining after simplification (846 assignments)
No solver specified; defaulting to Boolector
Encoding remaining VCC(s) using bit-vector/floating-point arithmetic
Encoding to solver time: 0.009s
Solving with solver Boolector 3.2.2
Encoding to solver time: 0.009s
Runtime decision procedure: 0.414s
Building error trace

Counterexample:

State 1 file pals_floodmax.3.1.ufo.BOUNDED-6.pals.c line 457 function main thread 0
----------------------------------------------------
  ep12 = 0

State 2 file pals_floodmax.3.1.ufo.BOUNDED-6.pals.c line 458 function main thread 0
----------------------------------------------------
  ep13 = 1

State 3 file pals_floodmax.3.1.ufo.BOUNDED-6.pals.c line 459 function main thread 0
----------------------------------------------------
  ep21 = 0

State 4 file pals_floodmax.3.1.ufo.BOUNDED-6.pals.c line 460 function main thread 0
----------------------------------------------------
  ep23 = 0

State 5 file pals_floodmax.3.1.ufo.BOUNDED-6.pals.c line 461 function main thread 0
----------------------------------------------------
  ep31 = 0

State 6 file pals_floodmax.3.1.ufo.BOUNDED-6.pals.c line 462 function main thread 0
----------------------------------------------------
  ep32 = 0

State 7 file pals_floodmax.3.1.ufo.BOUNDED-6.pals.c line 463 function main thread 0
----------------------------------------------------
  id1 = 122 (01111010)

State 8 file pals_floodmax.3.1.ufo.BOUNDED-6.pals.c line 464 function main thread 0
----------------------------------------------------
  r1 = 0 (00000000)

State 9 file pals_floodmax.3.1.ufo.BOUNDED-6.pals.c line 465 function main thread 0
----------------------------------------------------
  st1 = 0 (00000000)

State 10 file pals_floodmax.3.1.ufo.BOUNDED-6.pals.c line 466 function main thread 0
----------------------------------------------------
  nl1 = 0 (00000000)

State 11 file pals_floodmax.3.1.ufo.BOUNDED-6.pals.c line 468 function main thread 0
----------------------------------------------------
  max1 = 122 (01111010)

State 12 file pals_floodmax.3.1.ufo.BOUNDED-6.pals.c line 469 function main thread 0
----------------------------------------------------
  mode1 = 0

State 13 file pals_floodmax.3.1.ufo.BOUNDED-6.pals.c line 470 function main thread 0
----------------------------------------------------
  id2 = 57 (00111001)

State 14 file pals_floodmax.3.1.ufo.BOUNDED-6.pals.c line 471 function main thread 0
----------------------------------------------------
  r2 = 0 (00000000)

State 15 file pals_floodmax.3.1.ufo.BOUNDED-6.pals.c line 472 function main thread 0
----------------------------------------------------
  st2 = 0 (00000000)

State 16 file pals_floodmax.3.1.ufo.BOUNDED-6.pals.c line 473 function main thread 0
----------------------------------------------------
  nl2 = 0 (00000000)

State 17 file pals_floodmax.3.1.ufo.BOUNDED-6.pals.c line 475 function main thread 0
----------------------------------------------------
  max2 = 57 (00111001)

State 18 file pals_floodmax.3.1.ufo.BOUNDED-6.pals.c line 476 function main thread 0
----------------------------------------------------
  mode2 = 0

State 19 file pals_floodmax.3.1.ufo.BOUNDED-6.pals.c line 477 function main thread 0
----------------------------------------------------
  id3 = 56 (00111000)

State 20 file pals_floodmax.3.1.ufo.BOUNDED-6.pals.c line 478 function main thread 0
----------------------------------------------------
  r3 = 0 (00000000)

State 21 file pals_floodmax.3.1.ufo.BOUNDED-6.pals.c line 479 function main thread 0
----------------------------------------------------
  st3 = 0 (00000000)

State 22 file pals_floodmax.3.1.ufo.BOUNDED-6.pals.c line 480 function main thread 0
----------------------------------------------------
  nl3 = 0 (00000000)

State 23 file pals_floodmax.3.1.ufo.BOUNDED-6.pals.c line 482 function main thread 0
----------------------------------------------------
  max3 = 56 (00111000)

State 24 file pals_floodmax.3.1.ufo.BOUNDED-6.pals.c line 483 function main thread 0
----------------------------------------------------
  mode3 = 0

State 25 file pals_floodmax.3.1.ufo.BOUNDED-6.pals.c line 105 function node1 thread 0
----------------------------------------------------
  p13_new = 122 (01111010)

State 26 file pals_floodmax.3.1.ufo.BOUNDED-6.pals.c line 504 function main thread 0
----------------------------------------------------
  p12_old = -1 (11111111)

State 27 file pals_floodmax.3.1.ufo.BOUNDED-6.pals.c line 506 function main thread 0
----------------------------------------------------
  p13_old = 122 (01111010)

State 28 file pals_floodmax.3.1.ufo.BOUNDED-6.pals.c line 508 function main thread 0
----------------------------------------------------
  p21_old = -1 (11111111)

State 29 file pals_floodmax.3.1.ufo.BOUNDED-6.pals.c line 510 function main thread 0
----------------------------------------------------
  p23_old = -1 (11111111)

State 30 file pals_floodmax.3.1.ufo.BOUNDED-6.pals.c line 512 function main thread 0
----------------------------------------------------
  p31_old = -1 (11111111)

State 31 file pals_floodmax.3.1.ufo.BOUNDED-6.pals.c line 514 function main thread 0
----------------------------------------------------
  p32_old = -1 (11111111)

State 32 file pals_floodmax.3.1.ufo.BOUNDED-6.pals.c line 76 function node1 thread 0
----------------------------------------------------
  r1 = 1 (00000001)

State 33 file pals_floodmax.3.1.ufo.BOUNDED-6.pals.c line 119 function node2 thread 0
----------------------------------------------------
  r2 = 1 (00000001)

State 34 file pals_floodmax.3.1.ufo.BOUNDED-6.pals.c line 162 function node3 thread 0
----------------------------------------------------
  r3 = 1 (00000001)

State 35 file pals_floodmax.3.1.ufo.BOUNDED-6.pals.c line 164 function node3 thread 0
----------------------------------------------------
  m3 = 122 (01111010)

State 36 file pals_floodmax.3.1.ufo.BOUNDED-6.pals.c line 167 function node3 thread 0
----------------------------------------------------
  max3 = 122 (01111010)

State 37 file pals_floodmax.3.1.ufo.BOUNDED-6.pals.c line 504 function main thread 0
----------------------------------------------------
  p12_old = -1 (11111111)

State 38 file pals_floodmax.3.1.ufo.BOUNDED-6.pals.c line 506 function main thread 0
----------------------------------------------------
  p13_old = -1 (11111111)

State 39 file pals_floodmax.3.1.ufo.BOUNDED-6.pals.c line 508 function main thread 0
----------------------------------------------------
  p21_old = -1 (11111111)

State 40 file pals_floodmax.3.1.ufo.BOUNDED-6.pals.c line 510 function main thread 0
----------------------------------------------------
  p23_old = -1 (11111111)

State 41 file pals_floodmax.3.1.ufo.BOUNDED-6.pals.c line 512 function main thread 0
----------------------------------------------------
  p31_old = -1 (11111111)

State 42 file pals_floodmax.3.1.ufo.BOUNDED-6.pals.c line 514 function main thread 0
----------------------------------------------------
  p32_old = -1 (11111111)

State 43 file pals_floodmax.3.1.ufo.BOUNDED-6.pals.c line 105 function node1 thread 0
----------------------------------------------------
  p13_new = 122 (01111010)

State 44 file pals_floodmax.3.1.ufo.BOUNDED-6.pals.c line 504 function main thread 0
----------------------------------------------------
  p12_old = -1 (11111111)

State 45 file pals_floodmax.3.1.ufo.BOUNDED-6.pals.c line 506 function main thread 0
----------------------------------------------------
  p13_old = 122 (01111010)

State 46 file pals_floodmax.3.1.ufo.BOUNDED-6.pals.c line 508 function main thread 0
----------------------------------------------------
  p21_old = -1 (11111111)

State 47 file pals_floodmax.3.1.ufo.BOUNDED-6.pals.c line 510 function main thread 0
----------------------------------------------------
  p23_old = -1 (11111111)

State 48 file pals_floodmax.3.1.ufo.BOUNDED-6.pals.c line 512 function main thread 0
----------------------------------------------------
  p31_old = -1 (11111111)

State 49 file pals_floodmax.3.1.ufo.BOUNDED-6.pals.c line 514 function main thread 0
----------------------------------------------------
  p32_old = -1 (11111111)

State 50 file pals_floodmax.3.1.ufo.BOUNDED-6.pals.c line 76 function node1 thread 0
----------------------------------------------------
  r1 = 2 (00000010)

State 51 file pals_floodmax.3.1.ufo.BOUNDED-6.pals.c line 119 function node2 thread 0
----------------------------------------------------
  r2 = 2 (00000010)

State 52 file pals_floodmax.3.1.ufo.BOUNDED-6.pals.c line 162 function node3 thread 0
----------------------------------------------------
  r3 = 2 (00000010)

State 53 file pals_floodmax.3.1.ufo.BOUNDED-6.pals.c line 164 function node3 thread 0
----------------------------------------------------
  m3 = 122 (01111010)

State 54 file pals_floodmax.3.1.ufo.BOUNDED-6.pals.c line 504 function main thread 0
----------------------------------------------------
  p12_old = -1 (11111111)

State 55 file pals_floodmax.3.1.ufo.BOUNDED-6.pals.c line 506 function main thread 0
----------------------------------------------------
  p13_old = -1 (11111111)

State 56 file pals_floodmax.3.1.ufo.BOUNDED-6.pals.c line 508 function main thread 0
----------------------------------------------------
  p21_old = -1 (11111111)

State 57 file pals_floodmax.3.1.ufo.BOUNDED-6.pals.c line 510 function main thread 0
----------------------------------------------------
  p23_old = -1 (11111111)

State 58 file pals_floodmax.3.1.ufo.BOUNDED-6.pals.c line 512 function main thread 0
----------------------------------------------------
  p31_old = -1 (11111111)

State 59 file pals_floodmax.3.1.ufo.BOUNDED-6.pals.c line 514 function main thread 0
----------------------------------------------------
  p32_old = -1 (11111111)

State 60 file pals_floodmax.3.1.ufo.BOUNDED-6.pals.c line 3 function reach_error thread 0
----------------------------------------------------
Violated property:
  file pals_floodmax.3.1.ufo.BOUNDED-6.pals.c line 3 function reach_error
  assertion 0
  0


VERIFICATION FAILED

Bug found (k = 1)


FALSE_REACH
