./esbmc-wrapper.py -p ../sv-benchmarks/c/properties/no-overflow.prp -s kinduction --arch 64 ../sv-benchmarks/c/termination-crafted-lit/LeikeHeizmann-WST2014-Ex5.c


--------------------------------------------------------------------------------


Verifying with ESBMC
Command: ./esbmc --no-div-by-zero-check --force-malloc-success --state-hashing --add-symex-value-sets --no-align-check --k-step 5 --floatbv --unlimited-k-steps ../sv-benchmarks/c/termination-crafted-lit/LeikeHeizmann-WST2014-Ex5.c --64 --witness-output LeikeHeizmann-WST2014-Ex5.c.graphml --no-pointer-check --no-bounds-check --overflow-check --no-assertions --k-induction --max-inductive-step 3 
ESBMC version 6.8.0 64-bit x86_64 linux
Target: 64-bit little-endian x86_64-unknown-linux with esbmc libc
file ../sv-benchmarks/c/termination-crafted-lit/LeikeHeizmann-WST2014-Ex5.c: Parsing
Converting
Generating GOTO Program
GOTO program creation time: 0.127s
GOTO program processing time: 0.000s
*** Checking base case, k = 1
Starting Bounded Model Checking
Not unwinding 
Symex completed in: 0.001s (20 assignments)
Slicing time: 0.000s (removed 14 assignments)
Generated 1 VCC(s), 1 remaining after simplification (6 assignments)
No solver specified; defaulting to Boolector
Encoding remaining VCC(s) using bit-vector/floating-point arithmetic
Encoding to solver time: 0.000s
Solving with solver Boolector 3.2.2
Encoding to solver time: 0.000s
Runtime decision procedure: 0.001s
Building error trace

Counterexample:

State 1 file LeikeHeizmann-WST2014-Ex5.c line 15 function main thread 0
----------------------------------------------------
  a = 2147483647 (01111111 11111111 11111111 11111111)

State 2 file LeikeHeizmann-WST2014-Ex5.c line 18 function main thread 0
----------------------------------------------------
  olda = 2147483647 (01111111 11111111 11111111 11111111)

State 3 file LeikeHeizmann-WST2014-Ex5.c line 20 function main thread 0
----------------------------------------------------
Violated property:
  file LeikeHeizmann-WST2014-Ex5.c line 20 function main
  arithmetic overflow on add
  !overflow("+", olda, 1)


VERIFICATION FAILED

Bug found (k = 1)


FALSE_OVERFLOW
