./esbmc-wrapper.py -p ../sv-benchmarks/c/properties/unreach-call.prp -s kinduction --arch 32 ../sv-benchmarks/c/systemc/transmitter.04.cil.c


--------------------------------------------------------------------------------


Verifying with ESBMC
Command: ./esbmc --no-div-by-zero-check --force-malloc-success --state-hashing --add-symex-value-sets --no-align-check --k-step 5 --floatbv --unlimited-k-steps ../sv-benchmarks/c/systemc/transmitter.04.cil.c --32 --witness-output transmitter.04.cil.c.graphml --no-pointer-check --no-bounds-check --interval-analysis --goto-unwind --unlimited-goto-unwind --k-induction --max-inductive-step 3 
ESBMC version 6.8.0 64-bit x86_64 linux
Target: 32-bit little-endian x86_64-unknown-linux with esbmc libc
file ../sv-benchmarks/c/systemc/transmitter.04.cil.c: Parsing
Converting
Generating GOTO Program
GOTO program creation time: 0.152s
GOTO program processing time: 0.087s
*** Checking base case, k = 1
Starting Bounded Model Checking
Not unwinding 
Symex completed in: 0.009s (107 assignments)
Slicing time: 0.000s (removed 105 assignments)
Generated 0 VCC(s), 0 remaining after simplification (2 assignments)
BMC program time: 0.009s
No bug has been found in the base case
*** Checking forward condition, k = 1
Starting Bounded Model Checking
Not unwinding 
Symex completed in: 0.006s (107 assignments)
Slicing time: 0.000s (removed 105 assignments)
Generated 1 VCC(s), 1 remaining after simplification (2 assignments)
No solver specified; defaulting to Boolector
Encoding remaining VCC(s) using bit-vector/floating-point arithmetic
Encoding to solver time: 0.000s
Solving with solver Boolector 3.2.2
Encoding to solver time: 0.000s
Runtime decision procedure: 0.001s
The forward condition is unable to prove the property
*** Checking base case, k = 6
Starting Bounded Model Checking
Unwinding loop 7  iteration  1   file transmitter.04.cil.c line 403 function eval
Unwinding loop 1  iteration  1   file transmitter.04.cil.c line 70 function master
Unwinding loop 3  iteration  1   file transmitter.04.cil.c line 103 function transmit1
Unwinding loop 4  iteration  1   file transmitter.04.cil.c line 138 function transmit2
Unwinding loop 5  iteration  1   file transmitter.04.cil.c line 173 function transmit3
Unwinding loop 7  iteration  2   file transmitter.04.cil.c line 403 function eval
Unwinding loop 1  iteration  1   file transmitter.04.cil.c line 70 function master
Unwinding loop 3  iteration  1   file transmitter.04.cil.c line 103 function transmit1
Unwinding loop 4  iteration  1   file transmitter.04.cil.c line 138 function transmit2
Unwinding loop 5  iteration  1   file transmitter.04.cil.c line 173 function transmit3
Unwinding loop 7  iteration  3   file transmitter.04.cil.c line 403 function eval
Unwinding loop 1  iteration  1   file transmitter.04.cil.c line 70 function master
Unwinding loop 3  iteration  1   file transmitter.04.cil.c line 103 function transmit1
Unwinding loop 4  iteration  1   file transmitter.04.cil.c line 138 function transmit2
Unwinding loop 5  iteration  1   file transmitter.04.cil.c line 173 function transmit3
Unwinding loop 7  iteration  4   file transmitter.04.cil.c line 403 function eval
Unwinding loop 1  iteration  1   file transmitter.04.cil.c line 70 function master
Unwinding loop 3  iteration  1   file transmitter.04.cil.c line 103 function transmit1
Unwinding loop 4  iteration  1   file transmitter.04.cil.c line 138 function transmit2
Unwinding loop 5  iteration  1   file transmitter.04.cil.c line 173 function transmit3
Unwinding loop 7  iteration  5   file transmitter.04.cil.c line 403 function eval
Unwinding loop 1  iteration  1   file transmitter.04.cil.c line 70 function master
Unwinding loop 3  iteration  1   file transmitter.04.cil.c line 103 function transmit1
Unwinding loop 4  iteration  1   file transmitter.04.cil.c line 138 function transmit2
Unwinding loop 5  iteration  1   file transmitter.04.cil.c line 173 function transmit3
Not unwinding 
Unwinding loop 8  iteration  1   file transmitter.04.cil.c line 768 function start_simulation
Unwinding loop 1  iteration  1   file transmitter.04.cil.c line 70 function master
Unwinding loop 3  iteration  1   file transmitter.04.cil.c line 103 function transmit1
Unwinding loop 4  iteration  1   file transmitter.04.cil.c line 138 function transmit2
Unwinding loop 5  iteration  1   file transmitter.04.cil.c line 173 function transmit3
Unwinding loop 7  iteration  1   file transmitter.04.cil.c line 403 function eval
Unwinding loop 1  iteration  1   file transmitter.04.cil.c line 70 function master
Unwinding loop 3  iteration  1   file transmitter.04.cil.c line 103 function transmit1
Unwinding loop 4  iteration  1   file transmitter.04.cil.c line 138 function transmit2
Unwinding loop 5  iteration  1   file transmitter.04.cil.c line 173 function transmit3
Unwinding loop 7  iteration  2   file transmitter.04.cil.c line 403 function eval
Unwinding loop 1  iteration  1   file transmitter.04.cil.c line 70 function master
Unwinding loop 3  iteration  1   file transmitter.04.cil.c line 103 function transmit1
Unwinding loop 4  iteration  1   file transmitter.04.cil.c line 138 function transmit2
Unwinding loop 5  iteration  1   file transmitter.04.cil.c line 173 function transmit3
Unwinding loop 7  iteration  3   file transmitter.04.cil.c line 403 function eval
Unwinding loop 1  iteration  1   file transmitter.04.cil.c line 70 function master
Unwinding loop 3  iteration  1   file transmitter.04.cil.c line 103 function transmit1
Unwinding loop 4  iteration  1   file transmitter.04.cil.c line 138 function transmit2
Unwinding loop 5  iteration  1   file transmitter.04.cil.c line 173 function transmit3
Unwinding loop 7  iteration  4   file transmitter.04.cil.c line 403 function eval
Unwinding loop 1  iteration  1   file transmitter.04.cil.c line 70 function master
Unwinding loop 3  iteration  1   file transmitter.04.cil.c line 103 function transmit1
Unwinding loop 4  iteration  1   file transmitter.04.cil.c line 138 function transmit2
Unwinding loop 5  iteration  1   file transmitter.04.cil.c line 173 function transmit3
Unwinding loop 7  iteration  5   file transmitter.04.cil.c line 403 function eval
Unwinding loop 1  iteration  1   file transmitter.04.cil.c line 70 function master
Unwinding loop 3  iteration  1   file transmitter.04.cil.c line 103 function transmit1
Unwinding loop 4  iteration  1   file transmitter.04.cil.c line 138 function transmit2
Unwinding loop 5  iteration  1   file transmitter.04.cil.c line 173 function transmit3
Not unwinding 
Unwinding loop 8  iteration  2   file transmitter.04.cil.c line 768 function start_simulation
Unwinding loop 1  iteration  1   file transmitter.04.cil.c line 70 function master
Unwinding loop 3  iteration  1   file transmitter.04.cil.c line 103 function transmit1
Unwinding loop 4  iteration  1   file transmitter.04.cil.c line 138 function transmit2
Unwinding loop 5  iteration  1   file transmitter.04.cil.c line 173 function transmit3
Unwinding loop 7  iteration  1   file transmitter.04.cil.c line 403 function eval
Unwinding loop 1  iteration  1   file transmitter.04.cil.c line 70 function master
Unwinding loop 3  iteration  1   file transmitter.04.cil.c line 103 function transmit1
Unwinding loop 4  iteration  1   file transmitter.04.cil.c line 138 function transmit2
Unwinding loop 5  iteration  1   file transmitter.04.cil.c line 173 function transmit3
Unwinding loop 7  iteration  2   file transmitter.04.cil.c line 403 function eval
Unwinding loop 1  iteration  1   file transmitter.04.cil.c line 70 function master
Unwinding loop 3  iteration  1   file transmitter.04.cil.c line 103 function transmit1
Unwinding loop 4  iteration  1   file transmitter.04.cil.c line 138 function transmit2
Unwinding loop 5  iteration  1   file transmitter.04.cil.c line 173 function transmit3
Unwinding loop 7  iteration  3   file transmitter.04.cil.c line 403 function eval
Unwinding loop 1  iteration  1   file transmitter.04.cil.c line 70 function master
Unwinding loop 3  iteration  1   file transmitter.04.cil.c line 103 function transmit1
Unwinding loop 4  iteration  1   file transmitter.04.cil.c line 138 function transmit2
Unwinding loop 5  iteration  1   file transmitter.04.cil.c line 173 function transmit3
Unwinding loop 7  iteration  4   file transmitter.04.cil.c line 403 function eval
Unwinding loop 1  iteration  1   file transmitter.04.cil.c line 70 function master
Unwinding loop 3  iteration  1   file transmitter.04.cil.c line 103 function transmit1
Unwinding loop 4  iteration  1   file transmitter.04.cil.c line 138 function transmit2
Unwinding loop 5  iteration  1   file transmitter.04.cil.c line 173 function transmit3
Unwinding loop 7  iteration  5   file transmitter.04.cil.c line 403 function eval
Unwinding loop 1  iteration  1   file transmitter.04.cil.c line 70 function master
Unwinding loop 3  iteration  1   file transmitter.04.cil.c line 103 function transmit1
Unwinding loop 4  iteration  1   file transmitter.04.cil.c line 138 function transmit2
Unwinding loop 5  iteration  1   file transmitter.04.cil.c line 173 function transmit3
Not unwinding 
Unwinding loop 8  iteration  3   file transmitter.04.cil.c line 768 function start_simulation
Unwinding loop 1  iteration  1   file transmitter.04.cil.c line 70 function master
Unwinding loop 3  iteration  1   file transmitter.04.cil.c line 103 function transmit1
Unwinding loop 4  iteration  1   file transmitter.04.cil.c line 138 function transmit2
Unwinding loop 5  iteration  1   file transmitter.04.cil.c line 173 function transmit3
Unwinding loop 7  iteration  1   file transmitter.04.cil.c line 403 function eval
Unwinding loop 1  iteration  1   file transmitter.04.cil.c line 70 function master
Unwinding loop 3  iteration  1   file transmitter.04.cil.c line 103 function transmit1
Unwinding loop 4  iteration  1   file transmitter.04.cil.c line 138 function transmit2
Unwinding loop 5  iteration  1   file transmitter.04.cil.c line 173 function transmit3
Unwinding loop 7  iteration  2   file transmitter.04.cil.c line 403 function eval
Unwinding loop 1  iteration  1   file transmitter.04.cil.c line 70 function master
Unwinding loop 3  iteration  1   file transmitter.04.cil.c line 103 function transmit1
Unwinding loop 4  iteration  1   file transmitter.04.cil.c line 138 function transmit2
Unwinding loop 5  iteration  1   file transmitter.04.cil.c line 173 function transmit3
Unwinding loop 7  iteration  3   file transmitter.04.cil.c line 403 function eval
Unwinding loop 1  iteration  1   file transmitter.04.cil.c line 70 function master
Unwinding loop 3  iteration  1   file transmitter.04.cil.c line 103 function transmit1
Unwinding loop 4  iteration  1   file transmitter.04.cil.c line 138 function transmit2
Unwinding loop 5  iteration  1   file transmitter.04.cil.c line 173 function transmit3
Unwinding loop 7  iteration  4   file transmitter.04.cil.c line 403 function eval
Unwinding loop 1  iteration  1   file transmitter.04.cil.c line 70 function master
Unwinding loop 3  iteration  1   file transmitter.04.cil.c line 103 function transmit1
Unwinding loop 4  iteration  1   file transmitter.04.cil.c line 138 function transmit2
Unwinding loop 5  iteration  1   file transmitter.04.cil.c line 173 function transmit3
Unwinding loop 7  iteration  5   file transmitter.04.cil.c line 403 function eval
Unwinding loop 1  iteration  1   file transmitter.04.cil.c line 70 function master
Unwinding loop 3  iteration  1   file transmitter.04.cil.c line 103 function transmit1
Unwinding loop 4  iteration  1   file transmitter.04.cil.c line 138 function transmit2
Unwinding loop 5  iteration  1   file transmitter.04.cil.c line 173 function transmit3
Not unwinding 
Unwinding loop 8  iteration  4   file transmitter.04.cil.c line 768 function start_simulation
Unwinding loop 1  iteration  1   file transmitter.04.cil.c line 70 function master
Unwinding loop 3  iteration  1   file transmitter.04.cil.c line 103 function transmit1
Unwinding loop 4  iteration  1   file transmitter.04.cil.c line 138 function transmit2
Unwinding loop 5  iteration  1   file transmitter.04.cil.c line 173 function transmit3
Unwinding loop 7  iteration  1   file transmitter.04.cil.c line 403 function eval
Unwinding loop 1  iteration  1   file transmitter.04.cil.c line 70 function master
Unwinding loop 3  iteration  1   file transmitter.04.cil.c line 103 function transmit1
Unwinding loop 4  iteration  1   file transmitter.04.cil.c line 138 function transmit2
Unwinding loop 5  iteration  1   file transmitter.04.cil.c line 173 function transmit3
Unwinding loop 7  iteration  2   file transmitter.04.cil.c line 403 function eval
Unwinding loop 1  iteration  1   file transmitter.04.cil.c line 70 function master
Unwinding loop 3  iteration  1   file transmitter.04.cil.c line 103 function transmit1
Unwinding loop 4  iteration  1   file transmitter.04.cil.c line 138 function transmit2
Unwinding loop 5  iteration  1   file transmitter.04.cil.c line 173 function transmit3
Unwinding loop 7  iteration  3   file transmitter.04.cil.c line 403 function eval
Unwinding loop 1  iteration  1   file transmitter.04.cil.c line 70 function master
Unwinding loop 3  iteration  1   file transmitter.04.cil.c line 103 function transmit1
Unwinding loop 4  iteration  1   file transmitter.04.cil.c line 138 function transmit2
Unwinding loop 5  iteration  1   file transmitter.04.cil.c line 173 function transmit3
Unwinding loop 7  iteration  4   file transmitter.04.cil.c line 403 function eval
Unwinding loop 1  iteration  1   file transmitter.04.cil.c line 70 function master
Unwinding loop 3  iteration  1   file transmitter.04.cil.c line 103 function transmit1
Unwinding loop 4  iteration  1   file transmitter.04.cil.c line 138 function transmit2
Unwinding loop 5  iteration  1   file transmitter.04.cil.c line 173 function transmit3
Unwinding loop 7  iteration  5   file transmitter.04.cil.c line 403 function eval
Unwinding loop 1  iteration  1   file transmitter.04.cil.c line 70 function master
Unwinding loop 3  iteration  1   file transmitter.04.cil.c line 103 function transmit1
Unwinding loop 4  iteration  1   file transmitter.04.cil.c line 138 function transmit2
Unwinding loop 5  iteration  1   file transmitter.04.cil.c line 173 function transmit3
Not unwinding 
Unwinding loop 8  iteration  5   file transmitter.04.cil.c line 768 function start_simulation
Unwinding loop 1  iteration  1   file transmitter.04.cil.c line 70 function master
Unwinding loop 3  iteration  1   file transmitter.04.cil.c line 103 function transmit1
Unwinding loop 4  iteration  1   file transmitter.04.cil.c line 138 function transmit2
Unwinding loop 5  iteration  1   file transmitter.04.cil.c line 173 function transmit3
Unwinding loop 7  iteration  1   file transmitter.04.cil.c line 403 function eval
Unwinding loop 1  iteration  1   file transmitter.04.cil.c line 70 function master
Unwinding loop 3  iteration  1   file transmitter.04.cil.c line 103 function transmit1
Unwinding loop 4  iteration  1   file transmitter.04.cil.c line 138 function transmit2
Unwinding loop 5  iteration  1   file transmitter.04.cil.c line 173 function transmit3
Unwinding loop 7  iteration  2   file transmitter.04.cil.c line 403 function eval
Unwinding loop 1  iteration  1   file transmitter.04.cil.c line 70 function master
Unwinding loop 3  iteration  1   file transmitter.04.cil.c line 103 function transmit1
Unwinding loop 4  iteration  1   file transmitter.04.cil.c line 138 function transmit2
Unwinding loop 5  iteration  1   file transmitter.04.cil.c line 173 function transmit3
Unwinding loop 7  iteration  3   file transmitter.04.cil.c line 403 function eval
Unwinding loop 1  iteration  1   file transmitter.04.cil.c line 70 function master
Unwinding loop 3  iteration  1   file transmitter.04.cil.c line 103 function transmit1
Unwinding loop 4  iteration  1   file transmitter.04.cil.c line 138 function transmit2
Unwinding loop 5  iteration  1   file transmitter.04.cil.c line 173 function transmit3
Unwinding loop 7  iteration  4   file transmitter.04.cil.c line 403 function eval
Unwinding loop 1  iteration  1   file transmitter.04.cil.c line 70 function master
Unwinding loop 3  iteration  1   file transmitter.04.cil.c line 103 function transmit1
Unwinding loop 4  iteration  1   file transmitter.04.cil.c line 138 function transmit2
Unwinding loop 5  iteration  1   file transmitter.04.cil.c line 173 function transmit3
Unwinding loop 7  iteration  5   file transmitter.04.cil.c line 403 function eval
Unwinding loop 1  iteration  1   file transmitter.04.cil.c line 70 function master
Unwinding loop 3  iteration  1   file transmitter.04.cil.c line 103 function transmit1
Unwinding loop 4  iteration  1   file transmitter.04.cil.c line 138 function transmit2
Unwinding loop 5  iteration  1   file transmitter.04.cil.c line 173 function transmit3
Not unwinding 
Not unwinding 
Symex completed in: 1.098s (9190 assignments)
Slicing time: 0.032s (removed 5538 assignments)
Generated 35 VCC(s), 35 remaining after simplification (3652 assignments)
No solver specified; defaulting to Boolector
Encoding remaining VCC(s) using bit-vector/floating-point arithmetic
Encoding to solver time: 0.056s
Solving with solver Boolector 3.2.2
Encoding to solver time: 0.056s
Runtime decision procedure: 0.464s
Building error trace

Counterexample:

State 1 file transmitter.04.cil.c line 415 function eval thread 0
----------------------------------------------------
  tmp_ndt_1 = 0 (00000000 00000000 00000000 00000000)

State 2 file transmitter.04.cil.c line 429 function eval thread 0
----------------------------------------------------
  tmp_ndt_2 = 0 (00000000 00000000 00000000 00000000)

State 3 file transmitter.04.cil.c line 443 function eval thread 0
----------------------------------------------------
  tmp_ndt_3 = 0 (00000000 00000000 00000000 00000000)

State 4 file transmitter.04.cil.c line 457 function eval thread 0
----------------------------------------------------
  tmp_ndt_4 = 0 (00000000 00000000 00000000 00000000)

State 5 file transmitter.04.cil.c line 471 function eval thread 0
----------------------------------------------------
  tmp_ndt_5 = 0 (00000000 00000000 00000000 00000000)

State 6 file transmitter.04.cil.c line 415 function eval thread 0
----------------------------------------------------
  tmp_ndt_1 = 0 (00000000 00000000 00000000 00000000)

State 7 file transmitter.04.cil.c line 429 function eval thread 0
----------------------------------------------------
  tmp_ndt_2 = 1 (00000000 00000000 00000000 00000001)

State 8 file transmitter.04.cil.c line 443 function eval thread 0
----------------------------------------------------
  tmp_ndt_3 = 1 (00000000 00000000 00000000 00000001)

State 9 file transmitter.04.cil.c line 457 function eval thread 0
----------------------------------------------------
  tmp_ndt_4 = 1 (00000000 00000000 00000000 00000001)

State 10 file transmitter.04.cil.c line 471 function eval thread 0
----------------------------------------------------
  tmp_ndt_5 = 1 (00000000 00000000 00000000 00000001)

State 11 file transmitter.04.cil.c line 415 function eval thread 0
----------------------------------------------------
  tmp_ndt_1 = 0 (00000000 00000000 00000000 00000000)

State 12 file transmitter.04.cil.c line 415 function eval thread 0
----------------------------------------------------
  tmp_ndt_1 = 0 (00000000 00000000 00000000 00000000)

State 13 file transmitter.04.cil.c line 415 function eval thread 0
----------------------------------------------------
  tmp_ndt_1 = 1 (00000000 00000000 00000000 00000001)

State 14 file transmitter.04.cil.c line 429 function eval thread 0
----------------------------------------------------
  tmp_ndt_2 = 1 (00000000 00000000 00000000 00000001)

State 15 file transmitter.04.cil.c line 443 function eval thread 0
----------------------------------------------------
  tmp_ndt_3 = 1 (00000000 00000000 00000000 00000001)

State 16 file transmitter.04.cil.c line 457 function eval thread 0
----------------------------------------------------
  tmp_ndt_4 = 0 (00000000 00000000 00000000 00000000)

State 17 file transmitter.04.cil.c line 457 function eval thread 0
----------------------------------------------------
  tmp_ndt_4 = 1 (00000000 00000000 00000000 00000001)

State 18 file transmitter.04.cil.c line 471 function eval thread 0
----------------------------------------------------
  tmp_ndt_5 = 2 (00000000 00000000 00000000 00000010)

State 19 file transmitter.04.cil.c line 3 function reach_error thread 0
----------------------------------------------------
Violated property:
  file transmitter.04.cil.c line 3 function reach_error
  assertion 0
  0


VERIFICATION FAILED

Bug found (k = 6)


FALSE_REACH
