./esbmc-wrapper.py -p ../sv-benchmarks/c/properties/unreach-call.prp -s kinduction --arch 32 ../sv-benchmarks/c/systemc/kundu1.cil.c


--------------------------------------------------------------------------------


Verifying with ESBMC
Command: ./esbmc --no-div-by-zero-check --force-malloc-success --state-hashing --add-symex-value-sets --no-align-check --k-step 5 --floatbv --unlimited-k-steps ../sv-benchmarks/c/systemc/kundu1.cil.c --32 --witness-output kundu1.cil.c.graphml --no-pointer-check --no-bounds-check --interval-analysis --goto-unwind --unlimited-goto-unwind --k-induction --max-inductive-step 3 
ESBMC version 6.8.0 64-bit x86_64 linux
Target: 32-bit little-endian x86_64-unknown-linux with esbmc libc
file ../sv-benchmarks/c/systemc/kundu1.cil.c: Parsing
Converting
Generating GOTO Program
GOTO program creation time: 0.093s
GOTO program processing time: 0.007s
*** Checking base case, k = 1
Starting Bounded Model Checking
Not unwinding 
Symex completed in: 0.003s (99 assignments)
Slicing time: 0.000s (removed 82 assignments)
Generated 2 VCC(s), 2 remaining after simplification (17 assignments)
No solver specified; defaulting to Boolector
Encoding remaining VCC(s) using bit-vector/floating-point arithmetic
Encoding to solver time: 0.000s
Solving with solver Boolector 3.2.2
Encoding to solver time: 0.000s
Runtime decision procedure: 0.000s
BMC program time: 0.004s
No bug has been found in the base case
*** Checking forward condition, k = 1
Starting Bounded Model Checking
Not unwinding 
Symex completed in: 0.003s (97 assignments)
Slicing time: 0.000s (removed 82 assignments)
Generated 1 VCC(s), 1 remaining after simplification (15 assignments)
No solver specified; defaulting to Boolector
Encoding remaining VCC(s) using bit-vector/floating-point arithmetic
Encoding to solver time: 0.000s
Solving with solver Boolector 3.2.2
Encoding to solver time: 0.000s
Runtime decision procedure: 0.001s
The forward condition is unable to prove the property
*** Checking base case, k = 6
Starting Bounded Model Checking
Unwinding loop 3  iteration  1   file kundu1.cil.c line 271 function eval
Unwinding loop 1  iteration  1   file kundu1.cil.c line 85 function P_1
Unwinding loop 2  iteration  1   file kundu1.cil.c line 148 function C_1
Unwinding loop 3  iteration  2   file kundu1.cil.c line 271 function eval
Unwinding loop 1  iteration  1   file kundu1.cil.c line 85 function P_1
Unwinding loop 2  iteration  1   file kundu1.cil.c line 148 function C_1
Unwinding loop 3  iteration  3   file kundu1.cil.c line 271 function eval
Unwinding loop 1  iteration  1   file kundu1.cil.c line 85 function P_1
Unwinding loop 2  iteration  1   file kundu1.cil.c line 148 function C_1
Unwinding loop 3  iteration  4   file kundu1.cil.c line 271 function eval
Unwinding loop 1  iteration  1   file kundu1.cil.c line 85 function P_1
Unwinding loop 2  iteration  1   file kundu1.cil.c line 148 function C_1
Unwinding loop 3  iteration  5   file kundu1.cil.c line 271 function eval
Unwinding loop 1  iteration  1   file kundu1.cil.c line 85 function P_1
Unwinding loop 2  iteration  1   file kundu1.cil.c line 148 function C_1
Not unwinding 
Unwinding loop 4  iteration  1   file kundu1.cil.c line 437 function start_simulation
Unwinding loop 1  iteration  1   file kundu1.cil.c line 85 function P_1
Unwinding loop 2  iteration  1   file kundu1.cil.c line 148 function C_1
Unwinding loop 3  iteration  1   file kundu1.cil.c line 271 function eval
Unwinding loop 1  iteration  1   file kundu1.cil.c line 85 function P_1
Unwinding loop 2  iteration  1   file kundu1.cil.c line 148 function C_1
Unwinding loop 3  iteration  2   file kundu1.cil.c line 271 function eval
Unwinding loop 1  iteration  1   file kundu1.cil.c line 85 function P_1
Unwinding loop 2  iteration  1   file kundu1.cil.c line 148 function C_1
Unwinding loop 3  iteration  3   file kundu1.cil.c line 271 function eval
Unwinding loop 1  iteration  1   file kundu1.cil.c line 85 function P_1
Unwinding loop 2  iteration  1   file kundu1.cil.c line 148 function C_1
Unwinding loop 3  iteration  4   file kundu1.cil.c line 271 function eval
Unwinding loop 1  iteration  1   file kundu1.cil.c line 85 function P_1
Unwinding loop 2  iteration  1   file kundu1.cil.c line 148 function C_1
Unwinding loop 3  iteration  5   file kundu1.cil.c line 271 function eval
Unwinding loop 1  iteration  1   file kundu1.cil.c line 85 function P_1
Unwinding loop 2  iteration  1   file kundu1.cil.c line 148 function C_1
Not unwinding 
Unwinding loop 4  iteration  2   file kundu1.cil.c line 437 function start_simulation
Unwinding loop 1  iteration  1   file kundu1.cil.c line 85 function P_1
Unwinding loop 2  iteration  1   file kundu1.cil.c line 148 function C_1
Unwinding loop 3  iteration  1   file kundu1.cil.c line 271 function eval
Unwinding loop 1  iteration  1   file kundu1.cil.c line 85 function P_1
Unwinding loop 2  iteration  1   file kundu1.cil.c line 148 function C_1
Unwinding loop 3  iteration  2   file kundu1.cil.c line 271 function eval
Unwinding loop 1  iteration  1   file kundu1.cil.c line 85 function P_1
Unwinding loop 2  iteration  1   file kundu1.cil.c line 148 function C_1
Unwinding loop 3  iteration  3   file kundu1.cil.c line 271 function eval
Unwinding loop 1  iteration  1   file kundu1.cil.c line 85 function P_1
Unwinding loop 2  iteration  1   file kundu1.cil.c line 148 function C_1
Unwinding loop 3  iteration  4   file kundu1.cil.c line 271 function eval
Unwinding loop 1  iteration  1   file kundu1.cil.c line 85 function P_1
Unwinding loop 2  iteration  1   file kundu1.cil.c line 148 function C_1
Unwinding loop 3  iteration  5   file kundu1.cil.c line 271 function eval
Unwinding loop 1  iteration  1   file kundu1.cil.c line 85 function P_1
Unwinding loop 2  iteration  1   file kundu1.cil.c line 148 function C_1
Not unwinding 
Unwinding loop 4  iteration  3   file kundu1.cil.c line 437 function start_simulation
Unwinding loop 1  iteration  1   file kundu1.cil.c line 85 function P_1
Unwinding loop 2  iteration  1   file kundu1.cil.c line 148 function C_1
Unwinding loop 3  iteration  1   file kundu1.cil.c line 271 function eval
Unwinding loop 1  iteration  1   file kundu1.cil.c line 85 function P_1
Unwinding loop 2  iteration  1   file kundu1.cil.c line 148 function C_1
Unwinding loop 3  iteration  2   file kundu1.cil.c line 271 function eval
Unwinding loop 1  iteration  1   file kundu1.cil.c line 85 function P_1
Unwinding loop 2  iteration  1   file kundu1.cil.c line 148 function C_1
Unwinding loop 3  iteration  3   file kundu1.cil.c line 271 function eval
Unwinding loop 1  iteration  1   file kundu1.cil.c line 85 function P_1
Unwinding loop 2  iteration  1   file kundu1.cil.c line 148 function C_1
Unwinding loop 3  iteration  4   file kundu1.cil.c line 271 function eval
Unwinding loop 1  iteration  1   file kundu1.cil.c line 85 function P_1
Unwinding loop 2  iteration  1   file kundu1.cil.c line 148 function C_1
Unwinding loop 3  iteration  5   file kundu1.cil.c line 271 function eval
Unwinding loop 1  iteration  1   file kundu1.cil.c line 85 function P_1
Unwinding loop 2  iteration  1   file kundu1.cil.c line 148 function C_1
Not unwinding 
Unwinding loop 4  iteration  4   file kundu1.cil.c line 437 function start_simulation
Unwinding loop 1  iteration  1   file kundu1.cil.c line 85 function P_1
Unwinding loop 2  iteration  1   file kundu1.cil.c line 148 function C_1
Unwinding loop 3  iteration  1   file kundu1.cil.c line 271 function eval
Unwinding loop 1  iteration  1   file kundu1.cil.c line 85 function P_1
Unwinding loop 2  iteration  1   file kundu1.cil.c line 148 function C_1
Unwinding loop 3  iteration  2   file kundu1.cil.c line 271 function eval
Unwinding loop 1  iteration  1   file kundu1.cil.c line 85 function P_1
Unwinding loop 2  iteration  1   file kundu1.cil.c line 148 function C_1
Unwinding loop 3  iteration  3   file kundu1.cil.c line 271 function eval
Unwinding loop 1  iteration  1   file kundu1.cil.c line 85 function P_1
Unwinding loop 2  iteration  1   file kundu1.cil.c line 148 function C_1
Unwinding loop 3  iteration  4   file kundu1.cil.c line 271 function eval
Unwinding loop 1  iteration  1   file kundu1.cil.c line 85 function P_1
Unwinding loop 2  iteration  1   file kundu1.cil.c line 148 function C_1
Unwinding loop 3  iteration  5   file kundu1.cil.c line 271 function eval
Unwinding loop 1  iteration  1   file kundu1.cil.c line 85 function P_1
Unwinding loop 2  iteration  1   file kundu1.cil.c line 148 function C_1
Not unwinding 
Unwinding loop 4  iteration  5   file kundu1.cil.c line 437 function start_simulation
Unwinding loop 1  iteration  1   file kundu1.cil.c line 85 function P_1
Unwinding loop 2  iteration  1   file kundu1.cil.c line 148 function C_1
Unwinding loop 3  iteration  1   file kundu1.cil.c line 271 function eval
Unwinding loop 1  iteration  1   file kundu1.cil.c line 85 function P_1
Unwinding loop 2  iteration  1   file kundu1.cil.c line 148 function C_1
Unwinding loop 3  iteration  2   file kundu1.cil.c line 271 function eval
Unwinding loop 1  iteration  1   file kundu1.cil.c line 85 function P_1
Unwinding loop 2  iteration  1   file kundu1.cil.c line 148 function C_1
Unwinding loop 3  iteration  3   file kundu1.cil.c line 271 function eval
Unwinding loop 1  iteration  1   file kundu1.cil.c line 85 function P_1
Unwinding loop 2  iteration  1   file kundu1.cil.c line 148 function C_1
Unwinding loop 3  iteration  4   file kundu1.cil.c line 271 function eval
Unwinding loop 1  iteration  1   file kundu1.cil.c line 85 function P_1
Unwinding loop 2  iteration  1   file kundu1.cil.c line 148 function C_1
Unwinding loop 3  iteration  5   file kundu1.cil.c line 271 function eval
Unwinding loop 1  iteration  1   file kundu1.cil.c line 85 function P_1
Unwinding loop 2  iteration  1   file kundu1.cil.c line 148 function C_1
Not unwinding 
Not unwinding 
Symex completed in: 0.199s (8176 assignments)
Slicing time: 0.029s (removed 4298 assignments)
Generated 212 VCC(s), 212 remaining after simplification (3878 assignments)
No solver specified; defaulting to Boolector
Encoding remaining VCC(s) using bit-vector/floating-point arithmetic
Encoding to solver time: 0.038s
Solving with solver Boolector 3.2.2
Encoding to solver time: 0.038s
Runtime decision procedure: 1.063s
Building error trace

Counterexample:

State 1 file kundu1.cil.c line 283 function eval thread 0
----------------------------------------------------
  tmp = 0 (00000000 00000000 00000000 00000000)

State 2 file kundu1.cil.c line 298 function eval thread 0
----------------------------------------------------
  tmp___1 = 0 (00000000 00000000 00000000 00000000)

State 3 file kundu1.cil.c line 283 function eval thread 0
----------------------------------------------------
  tmp = 0 (00000000 00000000 00000000 00000000)

State 4 file kundu1.cil.c line 298 function eval thread 0
----------------------------------------------------
  tmp___1 = 0 (00000000 00000000 00000000 00000000)

State 5 file kundu1.cil.c line 283 function eval thread 0
----------------------------------------------------
  tmp = 0 (00000000 00000000 00000000 00000000)

State 6 file kundu1.cil.c line 298 function eval thread 0
----------------------------------------------------
  tmp___1 = 0 (00000000 00000000 00000000 00000000)

State 7 file kundu1.cil.c line 283 function eval thread 0
----------------------------------------------------
  tmp = 0 (00000000 00000000 00000000 00000000)

State 8 file kundu1.cil.c line 298 function eval thread 0
----------------------------------------------------
  tmp___1 = 1 (00000000 00000000 00000000 00000001)

State 9 file kundu1.cil.c line 152 function C_1 thread 0
----------------------------------------------------
  i = 1 (00000000 00000000 00000000 00000001)

State 10 file kundu1.cil.c line 283 function eval thread 0
----------------------------------------------------
  tmp = 4 (00000000 00000000 00000000 00000100)

State 11 file kundu1.cil.c line 89 function P_1 thread 0
----------------------------------------------------
  num = 1 (00000000 00000000 00000000 00000001)

State 12 file kundu1.cil.c line 283 function eval thread 0
----------------------------------------------------
  tmp = 0 (00000000 00000000 00000000 00000000)

State 13 file kundu1.cil.c line 283 function eval thread 0
----------------------------------------------------
  tmp = 0 (00000000 00000000 00000000 00000000)

State 14 file kundu1.cil.c line 283 function eval thread 0
----------------------------------------------------
  tmp = 1 (00000000 00000000 00000000 00000001)

State 15 file kundu1.cil.c line 89 function P_1 thread 0
----------------------------------------------------
  num = 2 (00000000 00000000 00000000 00000010)

State 16 file kundu1.cil.c line 283 function eval thread 0
----------------------------------------------------
  tmp = 0 (00000000 00000000 00000000 00000000)

State 17 file kundu1.cil.c line 283 function eval thread 0
----------------------------------------------------
  tmp = 0 (00000000 00000000 00000000 00000000)

State 18 file kundu1.cil.c line 283 function eval thread 0
----------------------------------------------------
  tmp = 1 (00000000 00000000 00000000 00000001)

State 19 file kundu1.cil.c line 3 function reach_error thread 0
----------------------------------------------------
Violated property:
  file kundu1.cil.c line 3 function reach_error
  assertion 0
  0


VERIFICATION FAILED

Bug found (k = 6)

../sv-benchmarks/c/systemc/kundu1.cil.c:500:3: warning: expression result unused [-Wunused-value]
  e  ;
  ^

FALSE_REACH
