./esbmc-wrapper.py -p ../sv-benchmarks/c/properties/unreach-call.prp -s kinduction --arch 32 ../sv-benchmarks/c/eca-rers2012/Problem10_label58.c


--------------------------------------------------------------------------------


Verifying with ESBMC
Command: ./esbmc --no-div-by-zero-check --force-malloc-success --state-hashing --add-symex-value-sets --no-align-check --k-step 5 --floatbv --unlimited-k-steps ../sv-benchmarks/c/eca-rers2012/Problem10_label58.c --32 --witness-output Problem10_label58.c.graphml --no-pointer-check --no-bounds-check --interval-analysis --goto-unwind --unlimited-goto-unwind --k-induction --max-inductive-step 3 
ESBMC version 6.8.0 64-bit x86_64 linux
Target: 32-bit little-endian x86_64-unknown-linux with esbmc libc
file ../sv-benchmarks/c/eca-rers2012/Problem10_label58.c: Parsing
Converting
Generating GOTO Program
GOTO program creation time: 0.260s
GOTO program processing time: 0.059s
*** Checking base case, k = 1
Starting Bounded Model Checking
Not unwinding 
Symex completed in: 0.018s (222 assignments)
Slicing time: 0.001s (removed 218 assignments)
Generated 0 VCC(s), 0 remaining after simplification (4 assignments)
BMC program time: 0.019s
No bug has been found in the base case
*** Checking forward condition, k = 1
Starting Bounded Model Checking
Not unwinding 
Symex completed in: 0.018s (222 assignments)
Slicing time: 0.000s (removed 218 assignments)
Generated 1 VCC(s), 1 remaining after simplification (4 assignments)
No solver specified; defaulting to Boolector
Encoding remaining VCC(s) using bit-vector/floating-point arithmetic
Encoding to solver time: 0.000s
Solving with solver Boolector 3.2.2
Encoding to solver time: 0.000s
Runtime decision procedure: 0.003s
The forward condition is unable to prove the property
*** Checking base case, k = 6
Starting Bounded Model Checking
Unwinding loop 1  iteration  1   file Problem10_label58.c line 592 function main
Unwinding loop 1  iteration  2   file Problem10_label58.c line 592 function main
Unwinding loop 1  iteration  3   file Problem10_label58.c line 592 function main
Unwinding loop 1  iteration  4   file Problem10_label58.c line 592 function main
Unwinding loop 1  iteration  5   file Problem10_label58.c line 592 function main
Not unwinding 
Symex completed in: 0.299s (5277 assignments)
Slicing time: 0.092s (removed 2582 assignments)
Generated 5 VCC(s), 5 remaining after simplification (2695 assignments)
No solver specified; defaulting to Boolector
Encoding remaining VCC(s) using bit-vector/floating-point arithmetic
Encoding to solver time: 0.070s
Solving with solver Boolector 3.2.2
Encoding to solver time: 0.070s
Runtime decision procedure: 21.081s
Building error trace

Counterexample:

State 1 file Problem10_label58.c line 596 function main thread 0
----------------------------------------------------
  input = 3 (00000000 00000000 00000000 00000011)

State 2 file Problem10_label58.c line 596 function main thread 0
----------------------------------------------------
  input = 3 (00000000 00000000 00000000 00000011)

State 3 file Problem10_label58.c line 596 function main thread 0
----------------------------------------------------
  input = 3 (00000000 00000000 00000000 00000011)

State 4 file Problem10_label58.c line 482 function calculate_output thread 0
----------------------------------------------------
  a1 = 0 (00000000 00000000 00000000 00000000)

State 5 file Problem10_label58.c line 596 function main thread 0
----------------------------------------------------
  input = 2 (00000000 00000000 00000000 00000010)

State 6 file Problem10_label58.c line 340 function calculate_output thread 0
----------------------------------------------------
  a1 = 300109 (00000000 00000100 10010100 01001101)

State 7 file Problem10_label58.c line 596 function main thread 0
----------------------------------------------------
  input = 6 (00000000 00000000 00000000 00000110)

State 8 file Problem10_label58.c line 596 function main thread 0
----------------------------------------------------
  input = 6 (00000000 00000000 00000000 00000110)

State 9 file Problem10_label58.c line 12 function reach_error thread 0
----------------------------------------------------
Violated property:
  file Problem10_label58.c line 12 function reach_error
  assertion 0
  0


VERIFICATION FAILED

Bug found (k = 6)


FALSE_REACH
