./esbmc-wrapper.py -p ../sv-benchmarks/c/properties/unreach-call.prp -s kinduction --arch 32 ../sv-benchmarks/c/list-ext3-properties/sll_length_check-2.i


--------------------------------------------------------------------------------


Verifying with ESBMC
Command: ./esbmc --no-div-by-zero-check --force-malloc-success --state-hashing --add-symex-value-sets --no-align-check --k-step 5 --floatbv --unlimited-k-steps ../sv-benchmarks/c/list-ext3-properties/sll_length_check-2.i --32 --witness-output sll_length_check-2.i.graphml --no-pointer-check --no-bounds-check --interval-analysis --goto-unwind --unlimited-goto-unwind --k-induction --max-inductive-step 3 
ESBMC version 6.8.0 64-bit x86_64 linux
Target: 32-bit little-endian x86_64-unknown-linux with esbmc libc
file ../sv-benchmarks/c/list-ext3-properties/sll_length_check-2.i: Parsing
Converting
Generating GOTO Program
GOTO program creation time: 0.162s
GOTO program processing time: 0.002s
*** Checking base case, k = 1
Starting Bounded Model Checking
Not unwinding 
Not unwinding 
Not unwinding 
Symex completed in: 0.009s (181 assignments)
Slicing time: 0.001s (removed 78 assignments)
Generated 1 VCC(s), 1 remaining after simplification (103 assignments)
No solver specified; defaulting to Boolector
Encoding remaining VCC(s) using bit-vector/floating-point arithmetic
Encoding to solver time: 0.002s
Solving with solver Boolector 3.2.2
Encoding to solver time: 0.002s
Runtime decision procedure: 0.002s
BMC program time: 0.015s
No bug has been found in the base case
*** Checking forward condition, k = 1
Starting Bounded Model Checking
Not unwinding 
Not unwinding 
Not unwinding 
Symex completed in: 0.009s (180 assignments)
Slicing time: 0.001s (removed 78 assignments)
Generated 3 VCC(s), 3 remaining after simplification (102 assignments)
No solver specified; defaulting to Boolector
Encoding remaining VCC(s) using bit-vector/floating-point arithmetic
Encoding to solver time: 0.003s
Solving with solver Boolector 3.2.2
Encoding to solver time: 0.003s
Runtime decision procedure: 0.019s
The forward condition is unable to prove the property
*** Checking base case, k = 6
Starting Bounded Model Checking
Unwinding loop 2  iteration  1   file sll_length_check-2.i line 576 function sll_create
Unwinding loop 2  iteration  2   file sll_length_check-2.i line 576 function sll_create
Unwinding loop 2  iteration  3   file sll_length_check-2.i line 576 function sll_create
Unwinding loop 2  iteration  4   file sll_length_check-2.i line 576 function sll_create
Unwinding loop 2  iteration  5   file sll_length_check-2.i line 576 function sll_create
Not unwinding 
Unwinding loop 3  iteration  1   file sll_length_check-2.i line 589 function sll_length
Unwinding loop 3  iteration  2   file sll_length_check-2.i line 589 function sll_length
Unwinding loop 3  iteration  3   file sll_length_check-2.i line 589 function sll_length
Unwinding loop 3  iteration  4   file sll_length_check-2.i line 589 function sll_length
Unwinding loop 3  iteration  5   file sll_length_check-2.i line 589 function sll_length
Not unwinding 
Unwinding loop 4  iteration  1   file sll_length_check-2.i line 596 function sll_destroy
Unwinding loop 4  iteration  2   file sll_length_check-2.i line 596 function sll_destroy
Unwinding loop 4  iteration  3   file sll_length_check-2.i line 596 function sll_destroy
Unwinding loop 4  iteration  4   file sll_length_check-2.i line 596 function sll_destroy
Unwinding loop 4  iteration  5   file sll_length_check-2.i line 596 function sll_destroy
Not unwinding 
Symex completed in: 0.019s (341 assignments)
Slicing time: 0.003s (removed 173 assignments)
Generated 1 VCC(s), 1 remaining after simplification (168 assignments)
No solver specified; defaulting to Boolector
Encoding remaining VCC(s) using bit-vector/floating-point arithmetic
Encoding to solver time: 0.007s
Solving with solver Boolector 3.2.2
Encoding to solver time: 0.007s
Runtime decision procedure: 0.475s
BMC program time: 0.505s
No bug has been found in the base case
*** Checking forward condition, k = 6
Starting Bounded Model Checking
Unwinding loop 2  iteration  1   file sll_length_check-2.i line 576 function sll_create
Unwinding loop 2  iteration  2   file sll_length_check-2.i line 576 function sll_create
Unwinding loop 2  iteration  3   file sll_length_check-2.i line 576 function sll_create
Unwinding loop 2  iteration  4   file sll_length_check-2.i line 576 function sll_create
Unwinding loop 2  iteration  5   file sll_length_check-2.i line 576 function sll_create
Not unwinding 
Unwinding loop 3  iteration  1   file sll_length_check-2.i line 589 function sll_length
Unwinding loop 3  iteration  2   file sll_length_check-2.i line 589 function sll_length
Unwinding loop 3  iteration  3   file sll_length_check-2.i line 589 function sll_length
Unwinding loop 3  iteration  4   file sll_length_check-2.i line 589 function sll_length
Unwinding loop 3  iteration  5   file sll_length_check-2.i line 589 function sll_length
Not unwinding 
Unwinding loop 4  iteration  1   file sll_length_check-2.i line 596 function sll_destroy
Unwinding loop 4  iteration  2   file sll_length_check-2.i line 596 function sll_destroy
Unwinding loop 4  iteration  3   file sll_length_check-2.i line 596 function sll_destroy
Unwinding loop 4  iteration  4   file sll_length_check-2.i line 596 function sll_destroy
Unwinding loop 4  iteration  5   file sll_length_check-2.i line 596 function sll_destroy
Not unwinding 
Symex completed in: 0.019s (340 assignments)
Slicing time: 0.002s (removed 173 assignments)
Generated 3 VCC(s), 3 remaining after simplification (167 assignments)
No solver specified; defaulting to Boolector
Encoding remaining VCC(s) using bit-vector/floating-point arithmetic
Encoding to solver time: 0.007s
Solving with solver Boolector 3.2.2
Encoding to solver time: 0.007s
Runtime decision procedure: 0.545s
The forward condition is unable to prove the property
*** Checking base case, k = 11
Starting Bounded Model Checking
Unwinding loop 2  iteration  1   file sll_length_check-2.i line 576 function sll_create
Unwinding loop 2  iteration  2   file sll_length_check-2.i line 576 function sll_create
Unwinding loop 2  iteration  3   file sll_length_check-2.i line 576 function sll_create
Unwinding loop 2  iteration  4   file sll_length_check-2.i line 576 function sll_create
Unwinding loop 2  iteration  5   file sll_length_check-2.i line 576 function sll_create
Unwinding loop 2  iteration  6   file sll_length_check-2.i line 576 function sll_create
Unwinding loop 2  iteration  7   file sll_length_check-2.i line 576 function sll_create
Unwinding loop 2  iteration  8   file sll_length_check-2.i line 576 function sll_create
Unwinding loop 2  iteration  9   file sll_length_check-2.i line 576 function sll_create
Unwinding loop 2  iteration  10   file sll_length_check-2.i line 576 function sll_create
Not unwinding 
Unwinding loop 3  iteration  1   file sll_length_check-2.i line 589 function sll_length
Unwinding loop 3  iteration  2   file sll_length_check-2.i line 589 function sll_length
Unwinding loop 3  iteration  3   file sll_length_check-2.i line 589 function sll_length
Unwinding loop 3  iteration  4   file sll_length_check-2.i line 589 function sll_length
Unwinding loop 3  iteration  5   file sll_length_check-2.i line 589 function sll_length
Unwinding loop 3  iteration  6   file sll_length_check-2.i line 589 function sll_length
Unwinding loop 3  iteration  7   file sll_length_check-2.i line 589 function sll_length
Unwinding loop 3  iteration  8   file sll_length_check-2.i line 589 function sll_length
Unwinding loop 3  iteration  9   file sll_length_check-2.i line 589 function sll_length
Unwinding loop 3  iteration  10   file sll_length_check-2.i line 589 function sll_length
Not unwinding 
Unwinding loop 4  iteration  1   file sll_length_check-2.i line 596 function sll_destroy
Unwinding loop 4  iteration  2   file sll_length_check-2.i line 596 function sll_destroy
Unwinding loop 4  iteration  3   file sll_length_check-2.i line 596 function sll_destroy
Unwinding loop 4  iteration  4   file sll_length_check-2.i line 596 function sll_destroy
Unwinding loop 4  iteration  5   file sll_length_check-2.i line 596 function sll_destroy
Unwinding loop 4  iteration  6   file sll_length_check-2.i line 596 function sll_destroy
Unwinding loop 4  iteration  7   file sll_length_check-2.i line 596 function sll_destroy
Unwinding loop 4  iteration  8   file sll_length_check-2.i line 596 function sll_destroy
Unwinding loop 4  iteration  9   file sll_length_check-2.i line 596 function sll_destroy
Unwinding loop 4  iteration  10   file sll_length_check-2.i line 596 function sll_destroy
Not unwinding 
Symex completed in: 0.035s (501 assignments)
Slicing time: 0.004s (removed 273 assignments)
Generated 1 VCC(s), 1 remaining after simplification (228 assignments)
No solver specified; defaulting to Boolector
Encoding remaining VCC(s) using bit-vector/floating-point arithmetic
Encoding to solver time: 0.014s
Solving with solver Boolector 3.2.2
Encoding to solver time: 0.014s
Runtime decision procedure: 1.495s
BMC program time: 1.549s
No bug has been found in the base case
*** Checking forward condition, k = 11
Starting Bounded Model Checking
Unwinding loop 2  iteration  1   file sll_length_check-2.i line 576 function sll_create
Unwinding loop 2  iteration  2   file sll_length_check-2.i line 576 function sll_create
Unwinding loop 2  iteration  3   file sll_length_check-2.i line 576 function sll_create
Unwinding loop 2  iteration  4   file sll_length_check-2.i line 576 function sll_create
Unwinding loop 2  iteration  5   file sll_length_check-2.i line 576 function sll_create
Unwinding loop 2  iteration  6   file sll_length_check-2.i line 576 function sll_create
Unwinding loop 2  iteration  7   file sll_length_check-2.i line 576 function sll_create
Unwinding loop 2  iteration  8   file sll_length_check-2.i line 576 function sll_create
Unwinding loop 2  iteration  9   file sll_length_check-2.i line 576 function sll_create
Unwinding loop 2  iteration  10   file sll_length_check-2.i line 576 function sll_create
Not unwinding 
Unwinding loop 3  iteration  1   file sll_length_check-2.i line 589 function sll_length
Unwinding loop 3  iteration  2   file sll_length_check-2.i line 589 function sll_length
Unwinding loop 3  iteration  3   file sll_length_check-2.i line 589 function sll_length
Unwinding loop 3  iteration  4   file sll_length_check-2.i line 589 function sll_length
Unwinding loop 3  iteration  5   file sll_length_check-2.i line 589 function sll_length
Unwinding loop 3  iteration  6   file sll_length_check-2.i line 589 function sll_length
Unwinding loop 3  iteration  7   file sll_length_check-2.i line 589 function sll_length
Unwinding loop 3  iteration  8   file sll_length_check-2.i line 589 function sll_length
Unwinding loop 3  iteration  9   file sll_length_check-2.i line 589 function sll_length
Unwinding loop 3  iteration  10   file sll_length_check-2.i line 589 function sll_length
Not unwinding 
Unwinding loop 4  iteration  1   file sll_length_check-2.i line 596 function sll_destroy
Unwinding loop 4  iteration  2   file sll_length_check-2.i line 596 function sll_destroy
Unwinding loop 4  iteration  3   file sll_length_check-2.i line 596 function sll_destroy
Unwinding loop 4  iteration  4   file sll_length_check-2.i line 596 function sll_destroy
Unwinding loop 4  iteration  5   file sll_length_check-2.i line 596 function sll_destroy
Unwinding loop 4  iteration  6   file sll_length_check-2.i line 596 function sll_destroy
Unwinding loop 4  iteration  7   file sll_length_check-2.i line 596 function sll_destroy
Unwinding loop 4  iteration  8   file sll_length_check-2.i line 596 function sll_destroy
Unwinding loop 4  iteration  9   file sll_length_check-2.i line 596 function sll_destroy
Unwinding loop 4  iteration  10   file sll_length_check-2.i line 596 function sll_destroy
Not unwinding 
Symex completed in: 0.040s (500 assignments)
Slicing time: 0.004s (removed 273 assignments)
Generated 3 VCC(s), 3 remaining after simplification (227 assignments)
No solver specified; defaulting to Boolector
Encoding remaining VCC(s) using bit-vector/floating-point arithmetic
Encoding to solver time: 0.015s
Solving with solver Boolector 3.2.2
Encoding to solver time: 0.015s
Runtime decision procedure: 1.503s
The forward condition is unable to prove the property
*** Checking base case, k = 16
Starting Bounded Model Checking
Unwinding loop 2  iteration  1   file sll_length_check-2.i line 576 function sll_create
Unwinding loop 2  iteration  2   file sll_length_check-2.i line 576 function sll_create
Unwinding loop 2  iteration  3   file sll_length_check-2.i line 576 function sll_create
Unwinding loop 2  iteration  4   file sll_length_check-2.i line 576 function sll_create
Unwinding loop 2  iteration  5   file sll_length_check-2.i line 576 function sll_create
Unwinding loop 2  iteration  6   file sll_length_check-2.i line 576 function sll_create
Unwinding loop 2  iteration  7   file sll_length_check-2.i line 576 function sll_create
Unwinding loop 2  iteration  8   file sll_length_check-2.i line 576 function sll_create
Unwinding loop 2  iteration  9   file sll_length_check-2.i line 576 function sll_create
Unwinding loop 2  iteration  10   file sll_length_check-2.i line 576 function sll_create
Unwinding loop 2  iteration  11   file sll_length_check-2.i line 576 function sll_create
Unwinding loop 2  iteration  12   file sll_length_check-2.i line 576 function sll_create
Unwinding loop 2  iteration  13   file sll_length_check-2.i line 576 function sll_create
Unwinding loop 2  iteration  14   file sll_length_check-2.i line 576 function sll_create
Unwinding loop 2  iteration  15   file sll_length_check-2.i line 576 function sll_create
Not unwinding 
Unwinding loop 3  iteration  1   file sll_length_check-2.i line 589 function sll_length
Unwinding loop 3  iteration  2   file sll_length_check-2.i line 589 function sll_length
Unwinding loop 3  iteration  3   file sll_length_check-2.i line 589 function sll_length
Unwinding loop 3  iteration  4   file sll_length_check-2.i line 589 function sll_length
Unwinding loop 3  iteration  5   file sll_length_check-2.i line 589 function sll_length
Unwinding loop 3  iteration  6   file sll_length_check-2.i line 589 function sll_length
Unwinding loop 3  iteration  7   file sll_length_check-2.i line 589 function sll_length
Unwinding loop 3  iteration  8   file sll_length_check-2.i line 589 function sll_length
Unwinding loop 3  iteration  9   file sll_length_check-2.i line 589 function sll_length
Unwinding loop 3  iteration  10   file sll_length_check-2.i line 589 function sll_length
Unwinding loop 3  iteration  11   file sll_length_check-2.i line 589 function sll_length
Unwinding loop 3  iteration  12   file sll_length_check-2.i line 589 function sll_length
Unwinding loop 3  iteration  13   file sll_length_check-2.i line 589 function sll_length
Unwinding loop 3  iteration  14   file sll_length_check-2.i line 589 function sll_length
Unwinding loop 3  iteration  15   file sll_length_check-2.i line 589 function sll_length
Not unwinding 
Unwinding loop 4  iteration  1   file sll_length_check-2.i line 596 function sll_destroy
Unwinding loop 4  iteration  2   file sll_length_check-2.i line 596 function sll_destroy
Unwinding loop 4  iteration  3   file sll_length_check-2.i line 596 function sll_destroy
Unwinding loop 4  iteration  4   file sll_length_check-2.i line 596 function sll_destroy
Unwinding loop 4  iteration  5   file sll_length_check-2.i line 596 function sll_destroy
Unwinding loop 4  iteration  6   file sll_length_check-2.i line 596 function sll_destroy
Unwinding loop 4  iteration  7   file sll_length_check-2.i line 596 function sll_destroy
Unwinding loop 4  iteration  8   file sll_length_check-2.i line 596 function sll_destroy
Unwinding loop 4  iteration  9   file sll_length_check-2.i line 596 function sll_destroy
Unwinding loop 4  iteration  10   file sll_length_check-2.i line 596 function sll_destroy
Unwinding loop 4  iteration  11   file sll_length_check-2.i line 596 function sll_destroy
Unwinding loop 4  iteration  12   file sll_length_check-2.i line 596 function sll_destroy
Unwinding loop 4  iteration  13   file sll_length_check-2.i line 596 function sll_destroy
Unwinding loop 4  iteration  14   file sll_length_check-2.i line 596 function sll_destroy
Unwinding loop 4  iteration  15   file sll_length_check-2.i line 596 function sll_destroy
Not unwinding 
Symex completed in: 0.062s (661 assignments)
Slicing time: 0.006s (removed 373 assignments)
Generated 1 VCC(s), 1 remaining after simplification (288 assignments)
No solver specified; defaulting to Boolector
Encoding remaining VCC(s) using bit-vector/floating-point arithmetic
Encoding to solver time: 0.025s
Solving with solver Boolector 3.2.2
Encoding to solver time: 0.025s
Runtime decision procedure: 3.161s
BMC program time: 3.255s
No bug has been found in the base case
*** Checking forward condition, k = 16
Starting Bounded Model Checking
Unwinding loop 2  iteration  1   file sll_length_check-2.i line 576 function sll_create
Unwinding loop 2  iteration  2   file sll_length_check-2.i line 576 function sll_create
Unwinding loop 2  iteration  3   file sll_length_check-2.i line 576 function sll_create
Unwinding loop 2  iteration  4   file sll_length_check-2.i line 576 function sll_create
Unwinding loop 2  iteration  5   file sll_length_check-2.i line 576 function sll_create
Unwinding loop 2  iteration  6   file sll_length_check-2.i line 576 function sll_create
Unwinding loop 2  iteration  7   file sll_length_check-2.i line 576 function sll_create
Unwinding loop 2  iteration  8   file sll_length_check-2.i line 576 function sll_create
Unwinding loop 2  iteration  9   file sll_length_check-2.i line 576 function sll_create
Unwinding loop 2  iteration  10   file sll_length_check-2.i line 576 function sll_create
Unwinding loop 2  iteration  11   file sll_length_check-2.i line 576 function sll_create
Unwinding loop 2  iteration  12   file sll_length_check-2.i line 576 function sll_create
Unwinding loop 2  iteration  13   file sll_length_check-2.i line 576 function sll_create
Unwinding loop 2  iteration  14   file sll_length_check-2.i line 576 function sll_create
Unwinding loop 2  iteration  15   file sll_length_check-2.i line 576 function sll_create
Not unwinding 
Unwinding loop 3  iteration  1   file sll_length_check-2.i line 589 function sll_length
Unwinding loop 3  iteration  2   file sll_length_check-2.i line 589 function sll_length
Unwinding loop 3  iteration  3   file sll_length_check-2.i line 589 function sll_length
Unwinding loop 3  iteration  4   file sll_length_check-2.i line 589 function sll_length
Unwinding loop 3  iteration  5   file sll_length_check-2.i line 589 function sll_length
Unwinding loop 3  iteration  6   file sll_length_check-2.i line 589 function sll_length
Unwinding loop 3  iteration  7   file sll_length_check-2.i line 589 function sll_length
Unwinding loop 3  iteration  8   file sll_length_check-2.i line 589 function sll_length
Unwinding loop 3  iteration  9   file sll_length_check-2.i line 589 function sll_length
Unwinding loop 3  iteration  10   file sll_length_check-2.i line 589 function sll_length
Unwinding loop 3  iteration  11   file sll_length_check-2.i line 589 function sll_length
Unwinding loop 3  iteration  12   file sll_length_check-2.i line 589 function sll_length
Unwinding loop 3  iteration  13   file sll_length_check-2.i line 589 function sll_length
Unwinding loop 3  iteration  14   file sll_length_check-2.i line 589 function sll_length
Unwinding loop 3  iteration  15   file sll_length_check-2.i line 589 function sll_length
Not unwinding 
Unwinding loop 4  iteration  1   file sll_length_check-2.i line 596 function sll_destroy
Unwinding loop 4  iteration  2   file sll_length_check-2.i line 596 function sll_destroy
Unwinding loop 4  iteration  3   file sll_length_check-2.i line 596 function sll_destroy
Unwinding loop 4  iteration  4   file sll_length_check-2.i line 596 function sll_destroy
Unwinding loop 4  iteration  5   file sll_length_check-2.i line 596 function sll_destroy
Unwinding loop 4  iteration  6   file sll_length_check-2.i line 596 function sll_destroy
Unwinding loop 4  iteration  7   file sll_length_check-2.i line 596 function sll_destroy
Unwinding loop 4  iteration  8   file sll_length_check-2.i line 596 function sll_destroy
Unwinding loop 4  iteration  9   file sll_length_check-2.i line 596 function sll_destroy
Unwinding loop 4  iteration  10   file sll_length_check-2.i line 596 function sll_destroy
Unwinding loop 4  iteration  11   file sll_length_check-2.i line 596 function sll_destroy
Unwinding loop 4  iteration  12   file sll_length_check-2.i line 596 function sll_destroy
Unwinding loop 4  iteration  13   file sll_length_check-2.i line 596 function sll_destroy
Unwinding loop 4  iteration  14   file sll_length_check-2.i line 596 function sll_destroy
Unwinding loop 4  iteration  15   file sll_length_check-2.i line 596 function sll_destroy
Not unwinding 
Symex completed in: 0.065s (660 assignments)
Slicing time: 0.006s (removed 373 assignments)
Generated 3 VCC(s), 3 remaining after simplification (287 assignments)
No solver specified; defaulting to Boolector
Encoding remaining VCC(s) using bit-vector/floating-point arithmetic
Encoding to solver time: 0.026s
Solving with solver Boolector 3.2.2
Encoding to solver time: 0.026s
Runtime decision procedure: 3.075s
The forward condition is unable to prove the property
*** Checking base case, k = 21
Starting Bounded Model Checking
Unwinding loop 2  iteration  1   file sll_length_check-2.i line 576 function sll_create
Unwinding loop 2  iteration  2   file sll_length_check-2.i line 576 function sll_create
Unwinding loop 2  iteration  3   file sll_length_check-2.i line 576 function sll_create
Unwinding loop 2  iteration  4   file sll_length_check-2.i line 576 function sll_create
Unwinding loop 2  iteration  5   file sll_length_check-2.i line 576 function sll_create
Unwinding loop 2  iteration  6   file sll_length_check-2.i line 576 function sll_create
Unwinding loop 2  iteration  7   file sll_length_check-2.i line 576 function sll_create
Unwinding loop 2  iteration  8   file sll_length_check-2.i line 576 function sll_create
Unwinding loop 2  iteration  9   file sll_length_check-2.i line 576 function sll_create
Unwinding loop 2  iteration  10   file sll_length_check-2.i line 576 function sll_create
Unwinding loop 2  iteration  11   file sll_length_check-2.i line 576 function sll_create
Unwinding loop 2  iteration  12   file sll_length_check-2.i line 576 function sll_create
Unwinding loop 2  iteration  13   file sll_length_check-2.i line 576 function sll_create
Unwinding loop 2  iteration  14   file sll_length_check-2.i line 576 function sll_create
Unwinding loop 2  iteration  15   file sll_length_check-2.i line 576 function sll_create
Unwinding loop 2  iteration  16   file sll_length_check-2.i line 576 function sll_create
Unwinding loop 2  iteration  17   file sll_length_check-2.i line 576 function sll_create
Unwinding loop 2  iteration  18   file sll_length_check-2.i line 576 function sll_create
Unwinding loop 2  iteration  19   file sll_length_check-2.i line 576 function sll_create
Unwinding loop 2  iteration  20   file sll_length_check-2.i line 576 function sll_create
Not unwinding 
Unwinding loop 3  iteration  1   file sll_length_check-2.i line 589 function sll_length
Unwinding loop 3  iteration  2   file sll_length_check-2.i line 589 function sll_length
Unwinding loop 3  iteration  3   file sll_length_check-2.i line 589 function sll_length
Unwinding loop 3  iteration  4   file sll_length_check-2.i line 589 function sll_length
Unwinding loop 3  iteration  5   file sll_length_check-2.i line 589 function sll_length
Unwinding loop 3  iteration  6   file sll_length_check-2.i line 589 function sll_length
Unwinding loop 3  iteration  7   file sll_length_check-2.i line 589 function sll_length
Unwinding loop 3  iteration  8   file sll_length_check-2.i line 589 function sll_length
Unwinding loop 3  iteration  9   file sll_length_check-2.i line 589 function sll_length
Unwinding loop 3  iteration  10   file sll_length_check-2.i line 589 function sll_length
Unwinding loop 3  iteration  11   file sll_length_check-2.i line 589 function sll_length
Unwinding loop 3  iteration  12   file sll_length_check-2.i line 589 function sll_length
Unwinding loop 3  iteration  13   file sll_length_check-2.i line 589 function sll_length
Unwinding loop 3  iteration  14   file sll_length_check-2.i line 589 function sll_length
Unwinding loop 3  iteration  15   file sll_length_check-2.i line 589 function sll_length
Unwinding loop 3  iteration  16   file sll_length_check-2.i line 589 function sll_length
Unwinding loop 3  iteration  17   file sll_length_check-2.i line 589 function sll_length
Unwinding loop 3  iteration  18   file sll_length_check-2.i line 589 function sll_length
Unwinding loop 3  iteration  19   file sll_length_check-2.i line 589 function sll_length
Unwinding loop 3  iteration  20   file sll_length_check-2.i line 589 function sll_length
Not unwinding 
Unwinding loop 4  iteration  1   file sll_length_check-2.i line 596 function sll_destroy
Unwinding loop 4  iteration  2   file sll_length_check-2.i line 596 function sll_destroy
Unwinding loop 4  iteration  3   file sll_length_check-2.i line 596 function sll_destroy
Unwinding loop 4  iteration  4   file sll_length_check-2.i line 596 function sll_destroy
Unwinding loop 4  iteration  5   file sll_length_check-2.i line 596 function sll_destroy
Unwinding loop 4  iteration  6   file sll_length_check-2.i line 596 function sll_destroy
Unwinding loop 4  iteration  7   file sll_length_check-2.i line 596 function sll_destroy
Unwinding loop 4  iteration  8   file sll_length_check-2.i line 596 function sll_destroy
Unwinding loop 4  iteration  9   file sll_length_check-2.i line 596 function sll_destroy
Unwinding loop 4  iteration  10   file sll_length_check-2.i line 596 function sll_destroy
Unwinding loop 4  iteration  11   file sll_length_check-2.i line 596 function sll_destroy
Unwinding loop 4  iteration  12   file sll_length_check-2.i line 596 function sll_destroy
Unwinding loop 4  iteration  13   file sll_length_check-2.i line 596 function sll_destroy
Unwinding loop 4  iteration  14   file sll_length_check-2.i line 596 function sll_destroy
Unwinding loop 4  iteration  15   file sll_length_check-2.i line 596 function sll_destroy
Unwinding loop 4  iteration  16   file sll_length_check-2.i line 596 function sll_destroy
Unwinding loop 4  iteration  17   file sll_length_check-2.i line 596 function sll_destroy
Unwinding loop 4  iteration  18   file sll_length_check-2.i line 596 function sll_destroy
Unwinding loop 4  iteration  19   file sll_length_check-2.i line 596 function sll_destroy
Unwinding loop 4  iteration  20   file sll_length_check-2.i line 596 function sll_destroy
Not unwinding 
Symex completed in: 0.095s (821 assignments)
Slicing time: 0.009s (removed 473 assignments)
Generated 1 VCC(s), 1 remaining after simplification (348 assignments)
No solver specified; defaulting to Boolector
Encoding remaining VCC(s) using bit-vector/floating-point arithmetic
Encoding to solver time: 0.041s
Solving with solver Boolector 3.2.2
Encoding to solver time: 0.041s
Runtime decision procedure: 5.066s
BMC program time: 5.211s
No bug has been found in the base case
*** Checking forward condition, k = 21
Starting Bounded Model Checking
Unwinding loop 2  iteration  1   file sll_length_check-2.i line 576 function sll_create
Unwinding loop 2  iteration  2   file sll_length_check-2.i line 576 function sll_create
Unwinding loop 2  iteration  3   file sll_length_check-2.i line 576 function sll_create
Unwinding loop 2  iteration  4   file sll_length_check-2.i line 576 function sll_create
Unwinding loop 2  iteration  5   file sll_length_check-2.i line 576 function sll_create
Unwinding loop 2  iteration  6   file sll_length_check-2.i line 576 function sll_create
Unwinding loop 2  iteration  7   file sll_length_check-2.i line 576 function sll_create
Unwinding loop 2  iteration  8   file sll_length_check-2.i line 576 function sll_create
Unwinding loop 2  iteration  9   file sll_length_check-2.i line 576 function sll_create
Unwinding loop 2  iteration  10   file sll_length_check-2.i line 576 function sll_create
Unwinding loop 2  iteration  11   file sll_length_check-2.i line 576 function sll_create
Unwinding loop 2  iteration  12   file sll_length_check-2.i line 576 function sll_create
Unwinding loop 2  iteration  13   file sll_length_check-2.i line 576 function sll_create
Unwinding loop 2  iteration  14   file sll_length_check-2.i line 576 function sll_create
Unwinding loop 2  iteration  15   file sll_length_check-2.i line 576 function sll_create
Unwinding loop 2  iteration  16   file sll_length_check-2.i line 576 function sll_create
Unwinding loop 2  iteration  17   file sll_length_check-2.i line 576 function sll_create
Unwinding loop 2  iteration  18   file sll_length_check-2.i line 576 function sll_create
Unwinding loop 2  iteration  19   file sll_length_check-2.i line 576 function sll_create
Unwinding loop 2  iteration  20   file sll_length_check-2.i line 576 function sll_create
Not unwinding 
Unwinding loop 3  iteration  1   file sll_length_check-2.i line 589 function sll_length
Unwinding loop 3  iteration  2   file sll_length_check-2.i line 589 function sll_length
Unwinding loop 3  iteration  3   file sll_length_check-2.i line 589 function sll_length
Unwinding loop 3  iteration  4   file sll_length_check-2.i line 589 function sll_length
Unwinding loop 3  iteration  5   file sll_length_check-2.i line 589 function sll_length
Unwinding loop 3  iteration  6   file sll_length_check-2.i line 589 function sll_length
Unwinding loop 3  iteration  7   file sll_length_check-2.i line 589 function sll_length
Unwinding loop 3  iteration  8   file sll_length_check-2.i line 589 function sll_length
Unwinding loop 3  iteration  9   file sll_length_check-2.i line 589 function sll_length
Unwinding loop 3  iteration  10   file sll_length_check-2.i line 589 function sll_length
Unwinding loop 3  iteration  11   file sll_length_check-2.i line 589 function sll_length
Unwinding loop 3  iteration  12   file sll_length_check-2.i line 589 function sll_length
Unwinding loop 3  iteration  13   file sll_length_check-2.i line 589 function sll_length
Unwinding loop 3  iteration  14   file sll_length_check-2.i line 589 function sll_length
Unwinding loop 3  iteration  15   file sll_length_check-2.i line 589 function sll_length
Unwinding loop 3  iteration  16   file sll_length_check-2.i line 589 function sll_length
Unwinding loop 3  iteration  17   file sll_length_check-2.i line 589 function sll_length
Unwinding loop 3  iteration  18   file sll_length_check-2.i line 589 function sll_length
Unwinding loop 3  iteration  19   file sll_length_check-2.i line 589 function sll_length
Unwinding loop 3  iteration  20   file sll_length_check-2.i line 589 function sll_length
Not unwinding 
Unwinding loop 4  iteration  1   file sll_length_check-2.i line 596 function sll_destroy
Unwinding loop 4  iteration  2   file sll_length_check-2.i line 596 function sll_destroy
Unwinding loop 4  iteration  3   file sll_length_check-2.i line 596 function sll_destroy
Unwinding loop 4  iteration  4   file sll_length_check-2.i line 596 function sll_destroy
Unwinding loop 4  iteration  5   file sll_length_check-2.i line 596 function sll_destroy
Unwinding loop 4  iteration  6   file sll_length_check-2.i line 596 function sll_destroy
Unwinding loop 4  iteration  7   file sll_length_check-2.i line 596 function sll_destroy
Unwinding loop 4  iteration  8   file sll_length_check-2.i line 596 function sll_destroy
Unwinding loop 4  iteration  9   file sll_length_check-2.i line 596 function sll_destroy
Unwinding loop 4  iteration  10   file sll_length_check-2.i line 596 function sll_destroy
Unwinding loop 4  iteration  11   file sll_length_check-2.i line 596 function sll_destroy
Unwinding loop 4  iteration  12   file sll_length_check-2.i line 596 function sll_destroy
Unwinding loop 4  iteration  13   file sll_length_check-2.i line 596 function sll_destroy
Unwinding loop 4  iteration  14   file sll_length_check-2.i line 596 function sll_destroy
Unwinding loop 4  iteration  15   file sll_length_check-2.i line 596 function sll_destroy
Unwinding loop 4  iteration  16   file sll_length_check-2.i line 596 function sll_destroy
Unwinding loop 4  iteration  17   file sll_length_check-2.i line 596 function sll_destroy
Unwinding loop 4  iteration  18   file sll_length_check-2.i line 596 function sll_destroy
Unwinding loop 4  iteration  19   file sll_length_check-2.i line 596 function sll_destroy
Unwinding loop 4  iteration  20   file sll_length_check-2.i line 596 function sll_destroy
Not unwinding 
Symex completed in: 0.099s (820 assignments)
Slicing time: 0.009s (removed 473 assignments)
Generated 3 VCC(s), 3 remaining after simplification (347 assignments)
No solver specified; defaulting to Boolector
Encoding remaining VCC(s) using bit-vector/floating-point arithmetic
Encoding to solver time: 0.042s
Solving with solver Boolector 3.2.2
Encoding to solver time: 0.042s
Runtime decision procedure: 5.047s
The forward condition is unable to prove the property
*** Checking base case, k = 26
Starting Bounded Model Checking
Unwinding loop 2  iteration  1   file sll_length_check-2.i line 576 function sll_create
Unwinding loop 2  iteration  2   file sll_length_check-2.i line 576 function sll_create
Unwinding loop 2  iteration  3   file sll_length_check-2.i line 576 function sll_create
Unwinding loop 2  iteration  4   file sll_length_check-2.i line 576 function sll_create
Unwinding loop 2  iteration  5   file sll_length_check-2.i line 576 function sll_create
Unwinding loop 2  iteration  6   file sll_length_check-2.i line 576 function sll_create
Unwinding loop 2  iteration  7   file sll_length_check-2.i line 576 function sll_create
Unwinding loop 2  iteration  8   file sll_length_check-2.i line 576 function sll_create
Unwinding loop 2  iteration  9   file sll_length_check-2.i line 576 function sll_create
Unwinding loop 2  iteration  10   file sll_length_check-2.i line 576 function sll_create
Unwinding loop 2  iteration  11   file sll_length_check-2.i line 576 function sll_create
Unwinding loop 2  iteration  12   file sll_length_check-2.i line 576 function sll_create
Unwinding loop 2  iteration  13   file sll_length_check-2.i line 576 function sll_create
Unwinding loop 2  iteration  14   file sll_length_check-2.i line 576 function sll_create
Unwinding loop 2  iteration  15   file sll_length_check-2.i line 576 function sll_create
Unwinding loop 2  iteration  16   file sll_length_check-2.i line 576 function sll_create
Unwinding loop 2  iteration  17   file sll_length_check-2.i line 576 function sll_create
Unwinding loop 2  iteration  18   file sll_length_check-2.i line 576 function sll_create
Unwinding loop 2  iteration  19   file sll_length_check-2.i line 576 function sll_create
Unwinding loop 2  iteration  20   file sll_length_check-2.i line 576 function sll_create
Unwinding loop 2  iteration  21   file sll_length_check-2.i line 576 function sll_create
Unwinding loop 2  iteration  22   file sll_length_check-2.i line 576 function sll_create
Unwinding loop 2  iteration  23   file sll_length_check-2.i line 576 function sll_create
Unwinding loop 2  iteration  24   file sll_length_check-2.i line 576 function sll_create
Unwinding loop 2  iteration  25   file sll_length_check-2.i line 576 function sll_create
Not unwinding 
Unwinding loop 3  iteration  1   file sll_length_check-2.i line 589 function sll_length
Unwinding loop 3  iteration  2   file sll_length_check-2.i line 589 function sll_length
Unwinding loop 3  iteration  3   file sll_length_check-2.i line 589 function sll_length
Unwinding loop 3  iteration  4   file sll_length_check-2.i line 589 function sll_length
Unwinding loop 3  iteration  5   file sll_length_check-2.i line 589 function sll_length
Unwinding loop 3  iteration  6   file sll_length_check-2.i line 589 function sll_length
Unwinding loop 3  iteration  7   file sll_length_check-2.i line 589 function sll_length
Unwinding loop 3  iteration  8   file sll_length_check-2.i line 589 function sll_length
Unwinding loop 3  iteration  9   file sll_length_check-2.i line 589 function sll_length
Unwinding loop 3  iteration  10   file sll_length_check-2.i line 589 function sll_length
Unwinding loop 3  iteration  11   file sll_length_check-2.i line 589 function sll_length
Unwinding loop 3  iteration  12   file sll_length_check-2.i line 589 function sll_length
Unwinding loop 3  iteration  13   file sll_length_check-2.i line 589 function sll_length
Unwinding loop 3  iteration  14   file sll_length_check-2.i line 589 function sll_length
Unwinding loop 3  iteration  15   file sll_length_check-2.i line 589 function sll_length
Unwinding loop 3  iteration  16   file sll_length_check-2.i line 589 function sll_length
Unwinding loop 3  iteration  17   file sll_length_check-2.i line 589 function sll_length
Unwinding loop 3  iteration  18   file sll_length_check-2.i line 589 function sll_length
Unwinding loop 3  iteration  19   file sll_length_check-2.i line 589 function sll_length
Unwinding loop 3  iteration  20   file sll_length_check-2.i line 589 function sll_length
Unwinding loop 3  iteration  21   file sll_length_check-2.i line 589 function sll_length
Unwinding loop 3  iteration  22   file sll_length_check-2.i line 589 function sll_length
Unwinding loop 3  iteration  23   file sll_length_check-2.i line 589 function sll_length
Unwinding loop 3  iteration  24   file sll_length_check-2.i line 589 function sll_length
Unwinding loop 3  iteration  25   file sll_length_check-2.i line 589 function sll_length
Not unwinding 
Unwinding loop 4  iteration  1   file sll_length_check-2.i line 596 function sll_destroy
Unwinding loop 4  iteration  2   file sll_length_check-2.i line 596 function sll_destroy
Unwinding loop 4  iteration  3   file sll_length_check-2.i line 596 function sll_destroy
Unwinding loop 4  iteration  4   file sll_length_check-2.i line 596 function sll_destroy
Unwinding loop 4  iteration  5   file sll_length_check-2.i line 596 function sll_destroy
Unwinding loop 4  iteration  6   file sll_length_check-2.i line 596 function sll_destroy
Unwinding loop 4  iteration  7   file sll_length_check-2.i line 596 function sll_destroy
Unwinding loop 4  iteration  8   file sll_length_check-2.i line 596 function sll_destroy
Unwinding loop 4  iteration  9   file sll_length_check-2.i line 596 function sll_destroy
Unwinding loop 4  iteration  10   file sll_length_check-2.i line 596 function sll_destroy
Unwinding loop 4  iteration  11   file sll_length_check-2.i line 596 function sll_destroy
Unwinding loop 4  iteration  12   file sll_length_check-2.i line 596 function sll_destroy
Unwinding loop 4  iteration  13   file sll_length_check-2.i line 596 function sll_destroy
Unwinding loop 4  iteration  14   file sll_length_check-2.i line 596 function sll_destroy
Unwinding loop 4  iteration  15   file sll_length_check-2.i line 596 function sll_destroy
Unwinding loop 4  iteration  16   file sll_length_check-2.i line 596 function sll_destroy
Unwinding loop 4  iteration  17   file sll_length_check-2.i line 596 function sll_destroy
Unwinding loop 4  iteration  18   file sll_length_check-2.i line 596 function sll_destroy
Unwinding loop 4  iteration  19   file sll_length_check-2.i line 596 function sll_destroy
Unwinding loop 4  iteration  20   file sll_length_check-2.i line 596 function sll_destroy
Unwinding loop 4  iteration  21   file sll_length_check-2.i line 596 function sll_destroy
Unwinding loop 4  iteration  22   file sll_length_check-2.i line 596 function sll_destroy
Unwinding loop 4  iteration  23   file sll_length_check-2.i line 596 function sll_destroy
Unwinding loop 4  iteration  24   file sll_length_check-2.i line 596 function sll_destroy
Unwinding loop 4  iteration  25   file sll_length_check-2.i line 596 function sll_destroy
Not unwinding 
Symex completed in: 0.133s (981 assignments)
Slicing time: 0.011s (removed 573 assignments)
Generated 1 VCC(s), 1 remaining after simplification (408 assignments)
No solver specified; defaulting to Boolector
Encoding remaining VCC(s) using bit-vector/floating-point arithmetic
Encoding to solver time: 0.056s
Solving with solver Boolector 3.2.2
Encoding to solver time: 0.056s
Runtime decision procedure: 7.949s
BMC program time: 8.150s
No bug has been found in the base case
*** Checking forward condition, k = 26
Starting Bounded Model Checking
Unwinding loop 2  iteration  1   file sll_length_check-2.i line 576 function sll_create
Unwinding loop 2  iteration  2   file sll_length_check-2.i line 576 function sll_create
Unwinding loop 2  iteration  3   file sll_length_check-2.i line 576 function sll_create
Unwinding loop 2  iteration  4   file sll_length_check-2.i line 576 function sll_create
Unwinding loop 2  iteration  5   file sll_length_check-2.i line 576 function sll_create
Unwinding loop 2  iteration  6   file sll_length_check-2.i line 576 function sll_create
Unwinding loop 2  iteration  7   file sll_length_check-2.i line 576 function sll_create
Unwinding loop 2  iteration  8   file sll_length_check-2.i line 576 function sll_create
Unwinding loop 2  iteration  9   file sll_length_check-2.i line 576 function sll_create
Unwinding loop 2  iteration  10   file sll_length_check-2.i line 576 function sll_create
Unwinding loop 2  iteration  11   file sll_length_check-2.i line 576 function sll_create
Unwinding loop 2  iteration  12   file sll_length_check-2.i line 576 function sll_create
Unwinding loop 2  iteration  13   file sll_length_check-2.i line 576 function sll_create
Unwinding loop 2  iteration  14   file sll_length_check-2.i line 576 function sll_create
Unwinding loop 2  iteration  15   file sll_length_check-2.i line 576 function sll_create
Unwinding loop 2  iteration  16   file sll_length_check-2.i line 576 function sll_create
Unwinding loop 2  iteration  17   file sll_length_check-2.i line 576 function sll_create
Unwinding loop 2  iteration  18   file sll_length_check-2.i line 576 function sll_create
Unwinding loop 2  iteration  19   file sll_length_check-2.i line 576 function sll_create
Unwinding loop 2  iteration  20   file sll_length_check-2.i line 576 function sll_create
Unwinding loop 2  iteration  21   file sll_length_check-2.i line 576 function sll_create
Unwinding loop 2  iteration  22   file sll_length_check-2.i line 576 function sll_create
Unwinding loop 2  iteration  23   file sll_length_check-2.i line 576 function sll_create
Unwinding loop 2  iteration  24   file sll_length_check-2.i line 576 function sll_create
Unwinding loop 2  iteration  25   file sll_length_check-2.i line 576 function sll_create
Not unwinding 
Unwinding loop 3  iteration  1   file sll_length_check-2.i line 589 function sll_length
Unwinding loop 3  iteration  2   file sll_length_check-2.i line 589 function sll_length
Unwinding loop 3  iteration  3   file sll_length_check-2.i line 589 function sll_length
Unwinding loop 3  iteration  4   file sll_length_check-2.i line 589 function sll_length
Unwinding loop 3  iteration  5   file sll_length_check-2.i line 589 function sll_length
Unwinding loop 3  iteration  6   file sll_length_check-2.i line 589 function sll_length
Unwinding loop 3  iteration  7   file sll_length_check-2.i line 589 function sll_length
Unwinding loop 3  iteration  8   file sll_length_check-2.i line 589 function sll_length
Unwinding loop 3  iteration  9   file sll_length_check-2.i line 589 function sll_length
Unwinding loop 3  iteration  10   file sll_length_check-2.i line 589 function sll_length
Unwinding loop 3  iteration  11   file sll_length_check-2.i line 589 function sll_length
Unwinding loop 3  iteration  12   file sll_length_check-2.i line 589 function sll_length
Unwinding loop 3  iteration  13   file sll_length_check-2.i line 589 function sll_length
Unwinding loop 3  iteration  14   file sll_length_check-2.i line 589 function sll_length
Unwinding loop 3  iteration  15   file sll_length_check-2.i line 589 function sll_length
Unwinding loop 3  iteration  16   file sll_length_check-2.i line 589 function sll_length
Unwinding loop 3  iteration  17   file sll_length_check-2.i line 589 function sll_length
Unwinding loop 3  iteration  18   file sll_length_check-2.i line 589 function sll_length
Unwinding loop 3  iteration  19   file sll_length_check-2.i line 589 function sll_length
Unwinding loop 3  iteration  20   file sll_length_check-2.i line 589 function sll_length
Unwinding loop 3  iteration  21   file sll_length_check-2.i line 589 function sll_length
Unwinding loop 3  iteration  22   file sll_length_check-2.i line 589 function sll_length
Unwinding loop 3  iteration  23   file sll_length_check-2.i line 589 function sll_length
Unwinding loop 3  iteration  24   file sll_length_check-2.i line 589 function sll_length
Unwinding loop 3  iteration  25   file sll_length_check-2.i line 589 function sll_length
Not unwinding 
Unwinding loop 4  iteration  1   file sll_length_check-2.i line 596 function sll_destroy
Unwinding loop 4  iteration  2   file sll_length_check-2.i line 596 function sll_destroy
Unwinding loop 4  iteration  3   file sll_length_check-2.i line 596 function sll_destroy
Unwinding loop 4  iteration  4   file sll_length_check-2.i line 596 function sll_destroy
Unwinding loop 4  iteration  5   file sll_length_check-2.i line 596 function sll_destroy
Unwinding loop 4  iteration  6   file sll_length_check-2.i line 596 function sll_destroy
Unwinding loop 4  iteration  7   file sll_length_check-2.i line 596 function sll_destroy
Unwinding loop 4  iteration  8   file sll_length_check-2.i line 596 function sll_destroy
Unwinding loop 4  iteration  9   file sll_length_check-2.i line 596 function sll_destroy
Unwinding loop 4  iteration  10   file sll_length_check-2.i line 596 function sll_destroy
Unwinding loop 4  iteration  11   file sll_length_check-2.i line 596 function sll_destroy
Unwinding loop 4  iteration  12   file sll_length_check-2.i line 596 function sll_destroy
Unwinding loop 4  iteration  13   file sll_length_check-2.i line 596 function sll_destroy
Unwinding loop 4  iteration  14   file sll_length_check-2.i line 596 function sll_destroy
Unwinding loop 4  iteration  15   file sll_length_check-2.i line 596 function sll_destroy
Unwinding loop 4  iteration  16   file sll_length_check-2.i line 596 function sll_destroy
Unwinding loop 4  iteration  17   file sll_length_check-2.i line 596 function sll_destroy
Unwinding loop 4  iteration  18   file sll_length_check-2.i line 596 function sll_destroy
Unwinding loop 4  iteration  19   file sll_length_check-2.i line 596 function sll_destroy
Unwinding loop 4  iteration  20   file sll_length_check-2.i line 596 function sll_destroy
Unwinding loop 4  iteration  21   file sll_length_check-2.i line 596 function sll_destroy
Unwinding loop 4  iteration  22   file sll_length_check-2.i line 596 function sll_destroy
Unwinding loop 4  iteration  23   file sll_length_check-2.i line 596 function sll_destroy
Unwinding loop 4  iteration  24   file sll_length_check-2.i line 596 function sll_destroy
Unwinding loop 4  iteration  25   file sll_length_check-2.i line 596 function sll_destroy
Not unwinding 
Symex completed in: 0.138s (980 assignments)
Slicing time: 0.011s (removed 573 assignments)
Generated 3 VCC(s), 3 remaining after simplification (407 assignments)
No solver specified; defaulting to Boolector
Encoding remaining VCC(s) using bit-vector/floating-point arithmetic
Encoding to solver time: 0.059s
Solving with solver Boolector 3.2.2
Encoding to solver time: 0.059s
Runtime decision procedure: 7.689s
The forward condition is unable to prove the property
*** Checking base case, k = 31
Starting Bounded Model Checking
Unwinding loop 2  iteration  1   file sll_length_check-2.i line 576 function sll_create
Unwinding loop 2  iteration  2   file sll_length_check-2.i line 576 function sll_create
Unwinding loop 2  iteration  3   file sll_length_check-2.i line 576 function sll_create
Unwinding loop 2  iteration  4   file sll_length_check-2.i line 576 function sll_create
Unwinding loop 2  iteration  5   file sll_length_check-2.i line 576 function sll_create
Unwinding loop 2  iteration  6   file sll_length_check-2.i line 576 function sll_create
Unwinding loop 2  iteration  7   file sll_length_check-2.i line 576 function sll_create
Unwinding loop 2  iteration  8   file sll_length_check-2.i line 576 function sll_create
Unwinding loop 2  iteration  9   file sll_length_check-2.i line 576 function sll_create
Unwinding loop 2  iteration  10   file sll_length_check-2.i line 576 function sll_create
Unwinding loop 2  iteration  11   file sll_length_check-2.i line 576 function sll_create
Unwinding loop 2  iteration  12   file sll_length_check-2.i line 576 function sll_create
Unwinding loop 2  iteration  13   file sll_length_check-2.i line 576 function sll_create
Unwinding loop 2  iteration  14   file sll_length_check-2.i line 576 function sll_create
Unwinding loop 2  iteration  15   file sll_length_check-2.i line 576 function sll_create
Unwinding loop 2  iteration  16   file sll_length_check-2.i line 576 function sll_create
Unwinding loop 2  iteration  17   file sll_length_check-2.i line 576 function sll_create
Unwinding loop 2  iteration  18   file sll_length_check-2.i line 576 function sll_create
Unwinding loop 2  iteration  19   file sll_length_check-2.i line 576 function sll_create
Unwinding loop 2  iteration  20   file sll_length_check-2.i line 576 function sll_create
Unwinding loop 2  iteration  21   file sll_length_check-2.i line 576 function sll_create
Unwinding loop 2  iteration  22   file sll_length_check-2.i line 576 function sll_create
Unwinding loop 2  iteration  23   file sll_length_check-2.i line 576 function sll_create
Unwinding loop 2  iteration  24   file sll_length_check-2.i line 576 function sll_create
Unwinding loop 2  iteration  25   file sll_length_check-2.i line 576 function sll_create
Unwinding loop 2  iteration  26   file sll_length_check-2.i line 576 function sll_create
Unwinding loop 2  iteration  27   file sll_length_check-2.i line 576 function sll_create
Unwinding loop 2  iteration  28   file sll_length_check-2.i line 576 function sll_create
Unwinding loop 2  iteration  29   file sll_length_check-2.i line 576 function sll_create
Unwinding loop 2  iteration  30   file sll_length_check-2.i line 576 function sll_create
Not unwinding 
Unwinding loop 3  iteration  1   file sll_length_check-2.i line 589 function sll_length
Unwinding loop 3  iteration  2   file sll_length_check-2.i line 589 function sll_length
Unwinding loop 3  iteration  3   file sll_length_check-2.i line 589 function sll_length
Unwinding loop 3  iteration  4   file sll_length_check-2.i line 589 function sll_length
Unwinding loop 3  iteration  5   file sll_length_check-2.i line 589 function sll_length
Unwinding loop 3  iteration  6   file sll_length_check-2.i line 589 function sll_length
Unwinding loop 3  iteration  7   file sll_length_check-2.i line 589 function sll_length
Unwinding loop 3  iteration  8   file sll_length_check-2.i line 589 function sll_length
Unwinding loop 3  iteration  9   file sll_length_check-2.i line 589 function sll_length
Unwinding loop 3  iteration  10   file sll_length_check-2.i line 589 function sll_length
Unwinding loop 3  iteration  11   file sll_length_check-2.i line 589 function sll_length
Unwinding loop 3  iteration  12   file sll_length_check-2.i line 589 function sll_length
Unwinding loop 3  iteration  13   file sll_length_check-2.i line 589 function sll_length
Unwinding loop 3  iteration  14   file sll_length_check-2.i line 589 function sll_length
Unwinding loop 3  iteration  15   file sll_length_check-2.i line 589 function sll_length
Unwinding loop 3  iteration  16   file sll_length_check-2.i line 589 function sll_length
Unwinding loop 3  iteration  17   file sll_length_check-2.i line 589 function sll_length
Unwinding loop 3  iteration  18   file sll_length_check-2.i line 589 function sll_length
Unwinding loop 3  iteration  19   file sll_length_check-2.i line 589 function sll_length
Unwinding loop 3  iteration  20   file sll_length_check-2.i line 589 function sll_length
Unwinding loop 3  iteration  21   file sll_length_check-2.i line 589 function sll_length
Unwinding loop 3  iteration  22   file sll_length_check-2.i line 589 function sll_length
Unwinding loop 3  iteration  23   file sll_length_check-2.i line 589 function sll_length
Unwinding loop 3  iteration  24   file sll_length_check-2.i line 589 function sll_length
Unwinding loop 3  iteration  25   file sll_length_check-2.i line 589 function sll_length
Unwinding loop 3  iteration  26   file sll_length_check-2.i line 589 function sll_length
Unwinding loop 3  iteration  27   file sll_length_check-2.i line 589 function sll_length
Unwinding loop 3  iteration  28   file sll_length_check-2.i line 589 function sll_length
Unwinding loop 3  iteration  29   file sll_length_check-2.i line 589 function sll_length
Unwinding loop 3  iteration  30   file sll_length_check-2.i line 589 function sll_length
Not unwinding 
Unwinding loop 4  iteration  1   file sll_length_check-2.i line 596 function sll_destroy
Unwinding loop 4  iteration  2   file sll_length_check-2.i line 596 function sll_destroy
Unwinding loop 4  iteration  3   file sll_length_check-2.i line 596 function sll_destroy
Unwinding loop 4  iteration  4   file sll_length_check-2.i line 596 function sll_destroy
Unwinding loop 4  iteration  5   file sll_length_check-2.i line 596 function sll_destroy
Unwinding loop 4  iteration  6   file sll_length_check-2.i line 596 function sll_destroy
Unwinding loop 4  iteration  7   file sll_length_check-2.i line 596 function sll_destroy
Unwinding loop 4  iteration  8   file sll_length_check-2.i line 596 function sll_destroy
Unwinding loop 4  iteration  9   file sll_length_check-2.i line 596 function sll_destroy
Unwinding loop 4  iteration  10   file sll_length_check-2.i line 596 function sll_destroy
Unwinding loop 4  iteration  11   file sll_length_check-2.i line 596 function sll_destroy
Unwinding loop 4  iteration  12   file sll_length_check-2.i line 596 function sll_destroy
Unwinding loop 4  iteration  13   file sll_length_check-2.i line 596 function sll_destroy
Unwinding loop 4  iteration  14   file sll_length_check-2.i line 596 function sll_destroy
Unwinding loop 4  iteration  15   file sll_length_check-2.i line 596 function sll_destroy
Unwinding loop 4  iteration  16   file sll_length_check-2.i line 596 function sll_destroy
Unwinding loop 4  iteration  17   file sll_length_check-2.i line 596 function sll_destroy
Unwinding loop 4  iteration  18   file sll_length_check-2.i line 596 function sll_destroy
Unwinding loop 4  iteration  19   file sll_length_check-2.i line 596 function sll_destroy
Unwinding loop 4  iteration  20   file sll_length_check-2.i line 596 function sll_destroy
Unwinding loop 4  iteration  21   file sll_length_check-2.i line 596 function sll_destroy
Unwinding loop 4  iteration  22   file sll_length_check-2.i line 596 function sll_destroy
Unwinding loop 4  iteration  23   file sll_length_check-2.i line 596 function sll_destroy
Unwinding loop 4  iteration  24   file sll_length_check-2.i line 596 function sll_destroy
Unwinding loop 4  iteration  25   file sll_length_check-2.i line 596 function sll_destroy
Unwinding loop 4  iteration  26   file sll_length_check-2.i line 596 function sll_destroy
Unwinding loop 4  iteration  27   file sll_length_check-2.i line 596 function sll_destroy
Unwinding loop 4  iteration  28   file sll_length_check-2.i line 596 function sll_destroy
Unwinding loop 4  iteration  29   file sll_length_check-2.i line 596 function sll_destroy
Unwinding loop 4  iteration  30   file sll_length_check-2.i line 596 function sll_destroy
Not unwinding 
Symex completed in: 0.183s (1141 assignments)
Slicing time: 0.015s (removed 673 assignments)
Generated 1 VCC(s), 1 remaining after simplification (468 assignments)
No solver specified; defaulting to Boolector
Encoding remaining VCC(s) using bit-vector/floating-point arithmetic
Encoding to solver time: 0.084s
Solving with solver Boolector 3.2.2
Encoding to solver time: 0.084s
Runtime decision procedure: 11.384s
BMC program time: 11.667s
No bug has been found in the base case
*** Checking forward condition, k = 31
Starting Bounded Model Checking
Unwinding loop 2  iteration  1   file sll_length_check-2.i line 576 function sll_create
Unwinding loop 2  iteration  2   file sll_length_check-2.i line 576 function sll_create
Unwinding loop 2  iteration  3   file sll_length_check-2.i line 576 function sll_create
Unwinding loop 2  iteration  4   file sll_length_check-2.i line 576 function sll_create
Unwinding loop 2  iteration  5   file sll_length_check-2.i line 576 function sll_create
Unwinding loop 2  iteration  6   file sll_length_check-2.i line 576 function sll_create
Unwinding loop 2  iteration  7   file sll_length_check-2.i line 576 function sll_create
Unwinding loop 2  iteration  8   file sll_length_check-2.i line 576 function sll_create
Unwinding loop 2  iteration  9   file sll_length_check-2.i line 576 function sll_create
Unwinding loop 2  iteration  10   file sll_length_check-2.i line 576 function sll_create
Unwinding loop 2  iteration  11   file sll_length_check-2.i line 576 function sll_create
Unwinding loop 2  iteration  12   file sll_length_check-2.i line 576 function sll_create
Unwinding loop 2  iteration  13   file sll_length_check-2.i line 576 function sll_create
Unwinding loop 2  iteration  14   file sll_length_check-2.i line 576 function sll_create
Unwinding loop 2  iteration  15   file sll_length_check-2.i line 576 function sll_create
Unwinding loop 2  iteration  16   file sll_length_check-2.i line 576 function sll_create
Unwinding loop 2  iteration  17   file sll_length_check-2.i line 576 function sll_create
Unwinding loop 2  iteration  18   file sll_length_check-2.i line 576 function sll_create
Unwinding loop 2  iteration  19   file sll_length_check-2.i line 576 function sll_create
Unwinding loop 2  iteration  20   file sll_length_check-2.i line 576 function sll_create
Unwinding loop 2  iteration  21   file sll_length_check-2.i line 576 function sll_create
Unwinding loop 2  iteration  22   file sll_length_check-2.i line 576 function sll_create
Unwinding loop 2  iteration  23   file sll_length_check-2.i line 576 function sll_create
Unwinding loop 2  iteration  24   file sll_length_check-2.i line 576 function sll_create
Unwinding loop 2  iteration  25   file sll_length_check-2.i line 576 function sll_create
Unwinding loop 2  iteration  26   file sll_length_check-2.i line 576 function sll_create
Unwinding loop 2  iteration  27   file sll_length_check-2.i line 576 function sll_create
Unwinding loop 2  iteration  28   file sll_length_check-2.i line 576 function sll_create
Unwinding loop 2  iteration  29   file sll_length_check-2.i line 576 function sll_create
Unwinding loop 2  iteration  30   file sll_length_check-2.i line 576 function sll_create
Not unwinding 
Unwinding loop 3  iteration  1   file sll_length_check-2.i line 589 function sll_length
Unwinding loop 3  iteration  2   file sll_length_check-2.i line 589 function sll_length
Unwinding loop 3  iteration  3   file sll_length_check-2.i line 589 function sll_length
Unwinding loop 3  iteration  4   file sll_length_check-2.i line 589 function sll_length
Unwinding loop 3  iteration  5   file sll_length_check-2.i line 589 function sll_length
Unwinding loop 3  iteration  6   file sll_length_check-2.i line 589 function sll_length
Unwinding loop 3  iteration  7   file sll_length_check-2.i line 589 function sll_length
Unwinding loop 3  iteration  8   file sll_length_check-2.i line 589 function sll_length
Unwinding loop 3  iteration  9   file sll_length_check-2.i line 589 function sll_length
Unwinding loop 3  iteration  10   file sll_length_check-2.i line 589 function sll_length
Unwinding loop 3  iteration  11   file sll_length_check-2.i line 589 function sll_length
Unwinding loop 3  iteration  12   file sll_length_check-2.i line 589 function sll_length
Unwinding loop 3  iteration  13   file sll_length_check-2.i line 589 function sll_length
Unwinding loop 3  iteration  14   file sll_length_check-2.i line 589 function sll_length
Unwinding loop 3  iteration  15   file sll_length_check-2.i line 589 function sll_length
Unwinding loop 3  iteration  16   file sll_length_check-2.i line 589 function sll_length
Unwinding loop 3  iteration  17   file sll_length_check-2.i line 589 function sll_length
Unwinding loop 3  iteration  18   file sll_length_check-2.i line 589 function sll_length
Unwinding loop 3  iteration  19   file sll_length_check-2.i line 589 function sll_length
Unwinding loop 3  iteration  20   file sll_length_check-2.i line 589 function sll_length
Unwinding loop 3  iteration  21   file sll_length_check-2.i line 589 function sll_length
Unwinding loop 3  iteration  22   file sll_length_check-2.i line 589 function sll_length
Unwinding loop 3  iteration  23   file sll_length_check-2.i line 589 function sll_length
Unwinding loop 3  iteration  24   file sll_length_check-2.i line 589 function sll_length
Unwinding loop 3  iteration  25   file sll_length_check-2.i line 589 function sll_length
Unwinding loop 3  iteration  26   file sll_length_check-2.i line 589 function sll_length
Unwinding loop 3  iteration  27   file sll_length_check-2.i line 589 function sll_length
Unwinding loop 3  iteration  28   file sll_length_check-2.i line 589 function sll_length
Unwinding loop 3  iteration  29   file sll_length_check-2.i line 589 function sll_length
Unwinding loop 3  iteration  30   file sll_length_check-2.i line 589 function sll_length
Not unwinding 
Unwinding loop 4  iteration  1   file sll_length_check-2.i line 596 function sll_destroy
Unwinding loop 4  iteration  2   file sll_length_check-2.i line 596 function sll_destroy
Unwinding loop 4  iteration  3   file sll_length_check-2.i line 596 function sll_destroy
Unwinding loop 4  iteration  4   file sll_length_check-2.i line 596 function sll_destroy
Unwinding loop 4  iteration  5   file sll_length_check-2.i line 596 function sll_destroy
Unwinding loop 4  iteration  6   file sll_length_check-2.i line 596 function sll_destroy
Unwinding loop 4  iteration  7   file sll_length_check-2.i line 596 function sll_destroy
Unwinding loop 4  iteration  8   file sll_length_check-2.i line 596 function sll_destroy
Unwinding loop 4  iteration  9   file sll_length_check-2.i line 596 function sll_destroy
Unwinding loop 4  iteration  10   file sll_length_check-2.i line 596 function sll_destroy
Unwinding loop 4  iteration  11   file sll_length_check-2.i line 596 function sll_destroy
Unwinding loop 4  iteration  12   file sll_length_check-2.i line 596 function sll_destroy
Unwinding loop 4  iteration  13   file sll_length_check-2.i line 596 function sll_destroy
Unwinding loop 4  iteration  14   file sll_length_check-2.i line 596 function sll_destroy
Unwinding loop 4  iteration  15   file sll_length_check-2.i line 596 function sll_destroy
Unwinding loop 4  iteration  16   file sll_length_check-2.i line 596 function sll_destroy
Unwinding loop 4  iteration  17   file sll_length_check-2.i line 596 function sll_destroy
Unwinding loop 4  iteration  18   file sll_length_check-2.i line 596 function sll_destroy
Unwinding loop 4  iteration  19   file sll_length_check-2.i line 596 function sll_destroy
Unwinding loop 4  iteration  20   file sll_length_check-2.i line 596 function sll_destroy
Unwinding loop 4  iteration  21   file sll_length_check-2.i line 596 function sll_destroy
Unwinding loop 4  iteration  22   file sll_length_check-2.i line 596 function sll_destroy
Unwinding loop 4  iteration  23   file sll_length_check-2.i line 596 function sll_destroy
Unwinding loop 4  iteration  24   file sll_length_check-2.i line 596 function sll_destroy
Unwinding loop 4  iteration  25   file sll_length_check-2.i line 596 function sll_destroy
Unwinding loop 4  iteration  26   file sll_length_check-2.i line 596 function sll_destroy
Unwinding loop 4  iteration  27   file sll_length_check-2.i line 596 function sll_destroy
Unwinding loop 4  iteration  28   file sll_length_check-2.i line 596 function sll_destroy
Unwinding loop 4  iteration  29   file sll_length_check-2.i line 596 function sll_destroy
Unwinding loop 4  iteration  30   file sll_length_check-2.i line 596 function sll_destroy
Not unwinding 
Symex completed in: 0.208s (1140 assignments)
Slicing time: 0.015s (removed 673 assignments)
Generated 3 VCC(s), 3 remaining after simplification (467 assignments)
No solver specified; defaulting to Boolector
Encoding remaining VCC(s) using bit-vector/floating-point arithmetic
Encoding to solver time: 0.085s
Solving with solver Boolector 3.2.2
Encoding to solver time: 0.085s
Runtime decision procedure: 11.299s
The forward condition is unable to prove the property
*** Checking base case, k = 36
Starting Bounded Model Checking
Unwinding loop 2  iteration  1   file sll_length_check-2.i line 576 function sll_create
Unwinding loop 2  iteration  2   file sll_length_check-2.i line 576 function sll_create
Unwinding loop 2  iteration  3   file sll_length_check-2.i line 576 function sll_create
Unwinding loop 2  iteration  4   file sll_length_check-2.i line 576 function sll_create
Unwinding loop 2  iteration  5   file sll_length_check-2.i line 576 function sll_create
Unwinding loop 2  iteration  6   file sll_length_check-2.i line 576 function sll_create
Unwinding loop 2  iteration  7   file sll_length_check-2.i line 576 function sll_create
Unwinding loop 2  iteration  8   file sll_length_check-2.i line 576 function sll_create
Unwinding loop 2  iteration  9   file sll_length_check-2.i line 576 function sll_create
Unwinding loop 2  iteration  10   file sll_length_check-2.i line 576 function sll_create
Unwinding loop 2  iteration  11   file sll_length_check-2.i line 576 function sll_create
Unwinding loop 2  iteration  12   file sll_length_check-2.i line 576 function sll_create
Unwinding loop 2  iteration  13   file sll_length_check-2.i line 576 function sll_create
Unwinding loop 2  iteration  14   file sll_length_check-2.i line 576 function sll_create
Unwinding loop 2  iteration  15   file sll_length_check-2.i line 576 function sll_create
Unwinding loop 2  iteration  16   file sll_length_check-2.i line 576 function sll_create
Unwinding loop 2  iteration  17   file sll_length_check-2.i line 576 function sll_create
Unwinding loop 2  iteration  18   file sll_length_check-2.i line 576 function sll_create
Unwinding loop 2  iteration  19   file sll_length_check-2.i line 576 function sll_create
Unwinding loop 2  iteration  20   file sll_length_check-2.i line 576 function sll_create
Unwinding loop 2  iteration  21   file sll_length_check-2.i line 576 function sll_create
Unwinding loop 2  iteration  22   file sll_length_check-2.i line 576 function sll_create
Unwinding loop 2  iteration  23   file sll_length_check-2.i line 576 function sll_create
Unwinding loop 2  iteration  24   file sll_length_check-2.i line 576 function sll_create
Unwinding loop 2  iteration  25   file sll_length_check-2.i line 576 function sll_create
Unwinding loop 2  iteration  26   file sll_length_check-2.i line 576 function sll_create
Unwinding loop 2  iteration  27   file sll_length_check-2.i line 576 function sll_create
Unwinding loop 2  iteration  28   file sll_length_check-2.i line 576 function sll_create
Unwinding loop 2  iteration  29   file sll_length_check-2.i line 576 function sll_create
Unwinding loop 2  iteration  30   file sll_length_check-2.i line 576 function sll_create
Unwinding loop 2  iteration  31   file sll_length_check-2.i line 576 function sll_create
Unwinding loop 2  iteration  32   file sll_length_check-2.i line 576 function sll_create
Unwinding loop 2  iteration  33   file sll_length_check-2.i line 576 function sll_create
Unwinding loop 2  iteration  34   file sll_length_check-2.i line 576 function sll_create
Unwinding loop 2  iteration  35   file sll_length_check-2.i line 576 function sll_create
Not unwinding 
Unwinding loop 3  iteration  1   file sll_length_check-2.i line 589 function sll_length
Unwinding loop 3  iteration  2   file sll_length_check-2.i line 589 function sll_length
Unwinding loop 3  iteration  3   file sll_length_check-2.i line 589 function sll_length
Unwinding loop 3  iteration  4   file sll_length_check-2.i line 589 function sll_length
Unwinding loop 3  iteration  5   file sll_length_check-2.i line 589 function sll_length
Unwinding loop 3  iteration  6   file sll_length_check-2.i line 589 function sll_length
Unwinding loop 3  iteration  7   file sll_length_check-2.i line 589 function sll_length
Unwinding loop 3  iteration  8   file sll_length_check-2.i line 589 function sll_length
Unwinding loop 3  iteration  9   file sll_length_check-2.i line 589 function sll_length
Unwinding loop 3  iteration  10   file sll_length_check-2.i line 589 function sll_length
Unwinding loop 3  iteration  11   file sll_length_check-2.i line 589 function sll_length
Unwinding loop 3  iteration  12   file sll_length_check-2.i line 589 function sll_length
Unwinding loop 3  iteration  13   file sll_length_check-2.i line 589 function sll_length
Unwinding loop 3  iteration  14   file sll_length_check-2.i line 589 function sll_length
Unwinding loop 3  iteration  15   file sll_length_check-2.i line 589 function sll_length
Unwinding loop 3  iteration  16   file sll_length_check-2.i line 589 function sll_length
Unwinding loop 3  iteration  17   file sll_length_check-2.i line 589 function sll_length
Unwinding loop 3  iteration  18   file sll_length_check-2.i line 589 function sll_length
Unwinding loop 3  iteration  19   file sll_length_check-2.i line 589 function sll_length
Unwinding loop 3  iteration  20   file sll_length_check-2.i line 589 function sll_length
Unwinding loop 3  iteration  21   file sll_length_check-2.i line 589 function sll_length
Unwinding loop 3  iteration  22   file sll_length_check-2.i line 589 function sll_length
Unwinding loop 3  iteration  23   file sll_length_check-2.i line 589 function sll_length
Unwinding loop 3  iteration  24   file sll_length_check-2.i line 589 function sll_length
Unwinding loop 3  iteration  25   file sll_length_check-2.i line 589 function sll_length
Unwinding loop 3  iteration  26   file sll_length_check-2.i line 589 function sll_length
Unwinding loop 3  iteration  27   file sll_length_check-2.i line 589 function sll_length
Unwinding loop 3  iteration  28   file sll_length_check-2.i line 589 function sll_length
Unwinding loop 3  iteration  29   file sll_length_check-2.i line 589 function sll_length
Unwinding loop 3  iteration  30   file sll_length_check-2.i line 589 function sll_length
Unwinding loop 3  iteration  31   file sll_length_check-2.i line 589 function sll_length
Unwinding loop 3  iteration  32   file sll_length_check-2.i line 589 function sll_length
Unwinding loop 3  iteration  33   file sll_length_check-2.i line 589 function sll_length
Unwinding loop 3  iteration  34   file sll_length_check-2.i line 589 function sll_length
Unwinding loop 3  iteration  35   file sll_length_check-2.i line 589 function sll_length
Not unwinding 
Unwinding loop 4  iteration  1   file sll_length_check-2.i line 596 function sll_destroy
Unwinding loop 4  iteration  2   file sll_length_check-2.i line 596 function sll_destroy
Unwinding loop 4  iteration  3   file sll_length_check-2.i line 596 function sll_destroy
Unwinding loop 4  iteration  4   file sll_length_check-2.i line 596 function sll_destroy
Unwinding loop 4  iteration  5   file sll_length_check-2.i line 596 function sll_destroy
Unwinding loop 4  iteration  6   file sll_length_check-2.i line 596 function sll_destroy
Unwinding loop 4  iteration  7   file sll_length_check-2.i line 596 function sll_destroy
Unwinding loop 4  iteration  8   file sll_length_check-2.i line 596 function sll_destroy
Unwinding loop 4  iteration  9   file sll_length_check-2.i line 596 function sll_destroy
Unwinding loop 4  iteration  10   file sll_length_check-2.i line 596 function sll_destroy
Unwinding loop 4  iteration  11   file sll_length_check-2.i line 596 function sll_destroy
Unwinding loop 4  iteration  12   file sll_length_check-2.i line 596 function sll_destroy
Unwinding loop 4  iteration  13   file sll_length_check-2.i line 596 function sll_destroy
Unwinding loop 4  iteration  14   file sll_length_check-2.i line 596 function sll_destroy
Unwinding loop 4  iteration  15   file sll_length_check-2.i line 596 function sll_destroy
Unwinding loop 4  iteration  16   file sll_length_check-2.i line 596 function sll_destroy
Unwinding loop 4  iteration  17   file sll_length_check-2.i line 596 function sll_destroy
Unwinding loop 4  iteration  18   file sll_length_check-2.i line 596 function sll_destroy
Unwinding loop 4  iteration  19   file sll_length_check-2.i line 596 function sll_destroy
Unwinding loop 4  iteration  20   file sll_length_check-2.i line 596 function sll_destroy
Unwinding loop 4  iteration  21   file sll_length_check-2.i line 596 function sll_destroy
Unwinding loop 4  iteration  22   file sll_length_check-2.i line 596 function sll_destroy
Unwinding loop 4  iteration  23   file sll_length_check-2.i line 596 function sll_destroy
Unwinding loop 4  iteration  24   file sll_length_check-2.i line 596 function sll_destroy
Unwinding loop 4  iteration  25   file sll_length_check-2.i line 596 function sll_destroy
Unwinding loop 4  iteration  26   file sll_length_check-2.i line 596 function sll_destroy
Unwinding loop 4  iteration  27   file sll_length_check-2.i line 596 function sll_destroy
Unwinding loop 4  iteration  28   file sll_length_check-2.i line 596 function sll_destroy
Unwinding loop 4  iteration  29   file sll_length_check-2.i line 596 function sll_destroy
Unwinding loop 4  iteration  30   file sll_length_check-2.i line 596 function sll_destroy
Unwinding loop 4  iteration  31   file sll_length_check-2.i line 596 function sll_destroy
Unwinding loop 4  iteration  32   file sll_length_check-2.i line 596 function sll_destroy
Unwinding loop 4  iteration  33   file sll_length_check-2.i line 596 function sll_destroy
Unwinding loop 4  iteration  34   file sll_length_check-2.i line 596 function sll_destroy
Unwinding loop 4  iteration  35   file sll_length_check-2.i line 596 function sll_destroy
Not unwinding 
Symex completed in: 0.263s (1301 assignments)
Slicing time: 0.019s (removed 773 assignments)
Generated 1 VCC(s), 1 remaining after simplification (528 assignments)
No solver specified; defaulting to Boolector
Encoding remaining VCC(s) using bit-vector/floating-point arithmetic
Encoding to solver time: 0.110s
Solving with solver Boolector 3.2.2
Encoding to solver time: 0.110s
Runtime decision procedure: 15.652s
BMC program time: 16.044s
No bug has been found in the base case
*** Checking forward condition, k = 36
Starting Bounded Model Checking
Unwinding loop 2  iteration  1   file sll_length_check-2.i line 576 function sll_create
Unwinding loop 2  iteration  2   file sll_length_check-2.i line 576 function sll_create
Unwinding loop 2  iteration  3   file sll_length_check-2.i line 576 function sll_create
Unwinding loop 2  iteration  4   file sll_length_check-2.i line 576 function sll_create
Unwinding loop 2  iteration  5   file sll_length_check-2.i line 576 function sll_create
Unwinding loop 2  iteration  6   file sll_length_check-2.i line 576 function sll_create
Unwinding loop 2  iteration  7   file sll_length_check-2.i line 576 function sll_create
Unwinding loop 2  iteration  8   file sll_length_check-2.i line 576 function sll_create
Unwinding loop 2  iteration  9   file sll_length_check-2.i line 576 function sll_create
Unwinding loop 2  iteration  10   file sll_length_check-2.i line 576 function sll_create
Unwinding loop 2  iteration  11   file sll_length_check-2.i line 576 function sll_create
Unwinding loop 2  iteration  12   file sll_length_check-2.i line 576 function sll_create
Unwinding loop 2  iteration  13   file sll_length_check-2.i line 576 function sll_create
Unwinding loop 2  iteration  14   file sll_length_check-2.i line 576 function sll_create
Unwinding loop 2  iteration  15   file sll_length_check-2.i line 576 function sll_create
Unwinding loop 2  iteration  16   file sll_length_check-2.i line 576 function sll_create
Unwinding loop 2  iteration  17   file sll_length_check-2.i line 576 function sll_create
Unwinding loop 2  iteration  18   file sll_length_check-2.i line 576 function sll_create
Unwinding loop 2  iteration  19   file sll_length_check-2.i line 576 function sll_create
Unwinding loop 2  iteration  20   file sll_length_check-2.i line 576 function sll_create
Unwinding loop 2  iteration  21   file sll_length_check-2.i line 576 function sll_create
Unwinding loop 2  iteration  22   file sll_length_check-2.i line 576 function sll_create
Unwinding loop 2  iteration  23   file sll_length_check-2.i line 576 function sll_create
Unwinding loop 2  iteration  24   file sll_length_check-2.i line 576 function sll_create
Unwinding loop 2  iteration  25   file sll_length_check-2.i line 576 function sll_create
Unwinding loop 2  iteration  26   file sll_length_check-2.i line 576 function sll_create
Unwinding loop 2  iteration  27   file sll_length_check-2.i line 576 function sll_create
Unwinding loop 2  iteration  28   file sll_length_check-2.i line 576 function sll_create
Unwinding loop 2  iteration  29   file sll_length_check-2.i line 576 function sll_create
Unwinding loop 2  iteration  30   file sll_length_check-2.i line 576 function sll_create
Unwinding loop 2  iteration  31   file sll_length_check-2.i line 576 function sll_create
Unwinding loop 2  iteration  32   file sll_length_check-2.i line 576 function sll_create
Unwinding loop 2  iteration  33   file sll_length_check-2.i line 576 function sll_create
Unwinding loop 2  iteration  34   file sll_length_check-2.i line 576 function sll_create
Unwinding loop 2  iteration  35   file sll_length_check-2.i line 576 function sll_create
Not unwinding 
Unwinding loop 3  iteration  1   file sll_length_check-2.i line 589 function sll_length
Unwinding loop 3  iteration  2   file sll_length_check-2.i line 589 function sll_length
Unwinding loop 3  iteration  3   file sll_length_check-2.i line 589 function sll_length
Unwinding loop 3  iteration  4   file sll_length_check-2.i line 589 function sll_length
Unwinding loop 3  iteration  5   file sll_length_check-2.i line 589 function sll_length
Unwinding loop 3  iteration  6   file sll_length_check-2.i line 589 function sll_length
Unwinding loop 3  iteration  7   file sll_length_check-2.i line 589 function sll_length
Unwinding loop 3  iteration  8   file sll_length_check-2.i line 589 function sll_length
Unwinding loop 3  iteration  9   file sll_length_check-2.i line 589 function sll_length
Unwinding loop 3  iteration  10   file sll_length_check-2.i line 589 function sll_length
Unwinding loop 3  iteration  11   file sll_length_check-2.i line 589 function sll_length
Unwinding loop 3  iteration  12   file sll_length_check-2.i line 589 function sll_length
Unwinding loop 3  iteration  13   file sll_length_check-2.i line 589 function sll_length
Unwinding loop 3  iteration  14   file sll_length_check-2.i line 589 function sll_length
Unwinding loop 3  iteration  15   file sll_length_check-2.i line 589 function sll_length
Unwinding loop 3  iteration  16   file sll_length_check-2.i line 589 function sll_length
Unwinding loop 3  iteration  17   file sll_length_check-2.i line 589 function sll_length
Unwinding loop 3  iteration  18   file sll_length_check-2.i line 589 function sll_length
Unwinding loop 3  iteration  19   file sll_length_check-2.i line 589 function sll_length
Unwinding loop 3  iteration  20   file sll_length_check-2.i line 589 function sll_length
Unwinding loop 3  iteration  21   file sll_length_check-2.i line 589 function sll_length
Unwinding loop 3  iteration  22   file sll_length_check-2.i line 589 function sll_length
Unwinding loop 3  iteration  23   file sll_length_check-2.i line 589 function sll_length
Unwinding loop 3  iteration  24   file sll_length_check-2.i line 589 function sll_length
Unwinding loop 3  iteration  25   file sll_length_check-2.i line 589 function sll_length
Unwinding loop 3  iteration  26   file sll_length_check-2.i line 589 function sll_length
Unwinding loop 3  iteration  27   file sll_length_check-2.i line 589 function sll_length
Unwinding loop 3  iteration  28   file sll_length_check-2.i line 589 function sll_length
Unwinding loop 3  iteration  29   file sll_length_check-2.i line 589 function sll_length
Unwinding loop 3  iteration  30   file sll_length_check-2.i line 589 function sll_length
Unwinding loop 3  iteration  31   file sll_length_check-2.i line 589 function sll_length
Unwinding loop 3  iteration  32   file sll_length_check-2.i line 589 function sll_length
Unwinding loop 3  iteration  33   file sll_length_check-2.i line 589 function sll_length
Unwinding loop 3  iteration  34   file sll_length_check-2.i line 589 function sll_length
Unwinding loop 3  iteration  35   file sll_length_check-2.i line 589 function sll_length
Not unwinding 
Unwinding loop 4  iteration  1   file sll_length_check-2.i line 596 function sll_destroy
Unwinding loop 4  iteration  2   file sll_length_check-2.i line 596 function sll_destroy
Unwinding loop 4  iteration  3   file sll_length_check-2.i line 596 function sll_destroy
Unwinding loop 4  iteration  4   file sll_length_check-2.i line 596 function sll_destroy
Unwinding loop 4  iteration  5   file sll_length_check-2.i line 596 function sll_destroy
Unwinding loop 4  iteration  6   file sll_length_check-2.i line 596 function sll_destroy
Unwinding loop 4  iteration  7   file sll_length_check-2.i line 596 function sll_destroy
Unwinding loop 4  iteration  8   file sll_length_check-2.i line 596 function sll_destroy
Unwinding loop 4  iteration  9   file sll_length_check-2.i line 596 function sll_destroy
Unwinding loop 4  iteration  10   file sll_length_check-2.i line 596 function sll_destroy
Unwinding loop 4  iteration  11   file sll_length_check-2.i line 596 function sll_destroy
Unwinding loop 4  iteration  12   file sll_length_check-2.i line 596 function sll_destroy
Unwinding loop 4  iteration  13   file sll_length_check-2.i line 596 function sll_destroy
Unwinding loop 4  iteration  14   file sll_length_check-2.i line 596 function sll_destroy
Unwinding loop 4  iteration  15   file sll_length_check-2.i line 596 function sll_destroy
Unwinding loop 4  iteration  16   file sll_length_check-2.i line 596 function sll_destroy
Unwinding loop 4  iteration  17   file sll_length_check-2.i line 596 function sll_destroy
Unwinding loop 4  iteration  18   file sll_length_check-2.i line 596 function sll_destroy
Unwinding loop 4  iteration  19   file sll_length_check-2.i line 596 function sll_destroy
Unwinding loop 4  iteration  20   file sll_length_check-2.i line 596 function sll_destroy
Unwinding loop 4  iteration  21   file sll_length_check-2.i line 596 function sll_destroy
Unwinding loop 4  iteration  22   file sll_length_check-2.i line 596 function sll_destroy
Unwinding loop 4  iteration  23   file sll_length_check-2.i line 596 function sll_destroy
Unwinding loop 4  iteration  24   file sll_length_check-2.i line 596 function sll_destroy
Unwinding loop 4  iteration  25   file sll_length_check-2.i line 596 function sll_destroy
Unwinding loop 4  iteration  26   file sll_length_check-2.i line 596 function sll_destroy
Unwinding loop 4  iteration  27   file sll_length_check-2.i line 596 function sll_destroy
Unwinding loop 4  iteration  28   file sll_length_check-2.i line 596 function sll_destroy
Unwinding loop 4  iteration  29   file sll_length_check-2.i line 596 function sll_destroy
Unwinding loop 4  iteration  30   file sll_length_check-2.i line 596 function sll_destroy
Unwinding loop 4  iteration  31   file sll_length_check-2.i line 596 function sll_destroy
Unwinding loop 4  iteration  32   file sll_length_check-2.i line 596 function sll_destroy
Unwinding loop 4  iteration  33   file sll_length_check-2.i line 596 function sll_destroy
Unwinding loop 4  iteration  34   file sll_length_check-2.i line 596 function sll_destroy
Unwinding loop 4  iteration  35   file sll_length_check-2.i line 596 function sll_destroy
Not unwinding 
Symex completed in: 0.270s (1300 assignments)
Slicing time: 0.021s (removed 773 assignments)
Generated 3 VCC(s), 3 remaining after simplification (527 assignments)
No solver specified; defaulting to Boolector
Encoding remaining VCC(s) using bit-vector/floating-point arithmetic
Encoding to solver time: 0.111s
Solving with solver Boolector 3.2.2
Encoding to solver time: 0.111s
Runtime decision procedure: 0.623s
BMC program time: 1.026s
Building successful trace

VERIFICATION SUCCESSFUL

Solution found by the forward condition; all states are reachable (k = 36


TRUE
